depots-suboptimal-old-noisy/10/depots_noisy_p03_hyp-1_10_1.tar.bz2:0.619014024734:0.01293332:0.63
> 0:True:5,5:114,12
> 1:True:7,7:114,14
> 2:True:6,6:114,13
> 3:True:6,6:114,13
> 4:True:7,7:114,14
> 5:True:6,6:114,13
> 6:True:5,5:114,12
> 7:True:6,6:114,13
depots-suboptimal-old-noisy/10/depots_noisy_p03_hyp-1_10_2.tar.bz2:0.628429889679:0.01838987:0.63
> 0:True:5,5:116,16
> 1:True:7,7:116,18
> 2:True:6,6:116,17
> 3:True:6,6:116,17
> 4:True:7,7:116,18
> 5:True:6,6:116,17
> 6:True:5,5:116,16
> 7:True:6,6:116,17
depots-suboptimal-old-noisy/10/depots_noisy_p03_hyp-1_10_3.tar.bz2:0.616432905197:0.00847398:0.62
> 0:True:5,5:114,9
> 1:True:7,7:114,11
> 2:True:6,6:114,10
> 3:True:6,6:114,10
> 4:True:7,7:114,11
> 5:True:6,6:114,10
> 6:True:5,5:114,9
> 7:True:6,6:114,10
depots-suboptimal-old-noisy/10/depots_noisy_p03_hyp-2_10_1.tar.bz2:0.61603307724:0.01103275:0.62
> 0:False:5,6:116,14
> 1:True:7,7:116,16
> 2:False:6,8:116,15
> 3:False:6,8:116,15
> 4:False:7,8:116,16
> 5:False:6,8:116,15
> 6:False:5,7:116,14
> 7:False:6,7:116,15
depots-suboptimal-old-noisy/10/depots_noisy_p03_hyp-2_10_2.tar.bz2:0.620518922806:0.01548045:0.62
> 0:False:5,7:118,17
> 1:True:7,8:118,19
> 2:False:6,8:118,18
> 3:False:6,8:118,18
> 4:False:7,9:118,19
> 5:True:6,7:118,18
> 6:False:5,7:118,17
> 7:True:6,7:118,18
depots-suboptimal-old-noisy/10/depots_noisy_p03_hyp-2_10_3.tar.bz2:0.614448070526:0.01063745:0.61
> 0:False:5,6:116,15
> 1:True:7,7:116,17
> 2:False:6,7:116,16
> 3:False:6,7:116,16
> 4:False:7,8:116,17
> 5:False:6,7:116,16
> 6:False:5,6:116,15
> 7:True:6,6:116,16
depots-suboptimal-old-noisy/10/depots_noisy_p03_hyp-3_10_1.tar.bz2:0.622524023056:0.01421281:0.62
> 0:True:5,7:116,20
> 1:True:7,9:116,22
> 2:True:6,8:116,21
> 3:True:6,8:116,21
> 4:True:7,9:116,22
> 5:False:6,9:116,21
> 6:False:5,8:116,20
> 7:True:6,8:116,21
depots-suboptimal-old-noisy/10/depots_noisy_p03_hyp-3_10_2.tar.bz2:0.617573022842:0.01346581:0.62
> 0:True:5,6:116,14
> 1:True:7,8:116,16
> 2:False:6,8:116,15
> 3:True:6,7:116,15
> 4:True:7,8:116,16
> 5:True:6,7:116,15
> 6:False:5,7:116,14
> 7:True:6,7:116,15
depots-suboptimal-old-noisy/10/depots_noisy_p03_hyp-3_10_3.tar.bz2:0.617202997208:0.00930827:0.62
> 0:True:5,5:116,13
> 1:True:7,7:116,15
> 2:False:6,7:116,14
> 3:False:6,7:116,14
> 4:True:7,7:116,15
> 5:True:6,6:116,14
> 6:False:5,6:116,13
> 7:False:6,7:116,14
depots-suboptimal-old-noisy/10/depots_noisy_p03_hyp-4_10_1.tar.bz2:0.616750955582:0.01014128:0.62
> 0:False:5,6:116,13
> 1:True:7,7:116,15
> 2:False:6,7:116,14
> 3:True:6,6:116,14
> 4:True:7,7:116,15
> 5:True:6,6:116,14
> 6:False:5,6:116,13
> 7:True:6,6:116,14
depots-suboptimal-old-noisy/10/depots_noisy_p03_hyp-4_10_2.tar.bz2:0.62011218071:0.01365167:0.62
> 0:False:5,8:116,16
> 1:False:7,9:116,18
> 2:False:6,9:116,17
> 3:True:6,7:116,17
> 4:True:7,8:116,18
> 5:False:6,8:116,17
> 6:False:5,7:116,16
> 7:False:6,8:116,17
depots-suboptimal-old-noisy/10/depots_noisy_p03_hyp-4_10_3.tar.bz2:0.621432065964:0.01147336:0.61
> 0:False:5,6:116,15
> 1:False:7,8:116,17
> 2:False:6,8:116,16
> 3:False:6,7:116,16
> 4:True:7,7:116,17
> 5:False:6,8:116,16
> 6:False:5,7:116,15
> 7:False:6,8:116,16
depots-suboptimal-old-noisy/10/depots_noisy_p04_hyp-1_10_1.tar.bz2:0.630510807037:0.01297968:0.63
> 0:False:6,8:126,16
> 1:False:6,8:126,16
> 2:False:5,7:126,15
> 3:True:7,8:126,17
> 4:False:6,8:126,16
> 5:False:5,7:126,15
> 6:False:6,8:126,16
> 7:True:7,8:126,17
depots-suboptimal-old-noisy/10/depots_noisy_p04_hyp-1_10_2.tar.bz2:0.635481119156:0.01932002:0.64
> 0:True:6,7:128,25
> 1:True:6,7:128,25
> 2:True:5,6:128,24
> 3:True:7,8:128,26
> 4:True:6,7:128,25
> 5:True:5,6:128,24
> 6:True:6,7:128,25
> 7:True:7,8:128,26
depots-suboptimal-old-noisy/10/depots_noisy_p04_hyp-1_10_3.tar.bz2:0.630841970444:0.01171484:0.63
> 0:True:6,8:126,15
> 1:True:6,8:126,15
> 2:True:5,7:126,14
> 3:True:7,9:126,16
> 4:True:6,8:126,15
> 5:True:5,7:126,14
> 6:True:6,8:126,15
> 7:True:7,9:126,16
depots-suboptimal-old-noisy/10/depots_noisy_p04_hyp-2_10_1.tar.bz2:0.631943941116:0.01466678:0.62
> 0:False:6,9:126,20
> 1:True:6,8:126,20
> 2:False:5,8:126,19
> 3:False:7,10:126,21
> 4:True:6,8:126,20
> 5:False:5,8:126,19
> 6:False:6,9:126,20
> 7:True:7,9:126,21
depots-suboptimal-old-noisy/10/depots_noisy_p04_hyp-2_10_2.tar.bz2:0.639227867126:0.02081801:0.64
> 0:False:6,8:128,24
> 1:False:6,8:128,24
> 2:False:5,7:128,23
> 3:False:7,9:128,25
> 4:False:6,8:128,24
> 5:False:5,8:128,23
> 6:False:6,8:128,24
> 7:True:7,8:128,25
depots-suboptimal-old-noisy/10/depots_noisy_p04_hyp-2_10_3.tar.bz2:0.627810001373:0.00989516:0.63
> 0:True:6,6:126,13
> 1:True:6,6:126,13
> 2:True:5,5:126,12
> 3:True:7,7:126,14
> 4:True:6,6:126,13
> 5:True:5,5:126,12
> 6:True:6,6:126,13
> 7:True:7,7:126,14
depots-suboptimal-old-noisy/10/depots_noisy_p04_hyp-3_10_1.tar.bz2:0.626970767975:0.01343429:0.63
> 0:False:6,7:126,17
> 1:False:6,7:126,17
> 2:False:5,6:126,16
> 3:True:7,7:126,18
> 4:False:6,7:126,17
> 5:False:5,6:126,16
> 6:False:6,7:126,17
> 7:False:7,8:126,18
depots-suboptimal-old-noisy/10/depots_noisy_p04_hyp-3_10_2.tar.bz2:0.626754045486:0.01149212:0.63
> 0:False:6,8:126,19
> 1:False:6,7:126,19
> 2:False:5,7:126,18
> 3:True:7,7:126,20
> 4:False:6,8:126,19
> 5:False:5,7:126,18
> 6:False:6,9:126,19
> 7:False:7,8:126,20
depots-suboptimal-old-noisy/10/depots_noisy_p04_hyp-3_10_3.tar.bz2:0.627009868622:0.00961571:0.63
> 0:True:6,7:124,11
> 1:True:6,7:124,11
> 2:True:5,6:124,10
> 3:True:7,8:124,12
> 4:True:6,7:124,11
> 5:True:5,6:124,10
> 6:True:6,7:124,11
> 7:True:7,8:124,12
depots-suboptimal-old-noisy/10/depots_noisy_p04_hyp-4_10_1.tar.bz2:0.622855901718:0.00934721:0.62
> 0:True:6,7:124,11
> 1:True:6,7:124,11
> 2:True:5,6:124,10
> 3:True:7,8:124,12
> 4:True:6,7:124,11
> 5:True:5,6:124,10
> 6:True:6,7:124,11
> 7:True:7,8:124,12
depots-suboptimal-old-noisy/10/depots_noisy_p04_hyp-4_10_2.tar.bz2:0.632305860519:0.01441949:0.64
> 0:False:6,8:126,20
> 1:False:6,8:126,20
> 2:False:5,7:126,19
> 3:False:7,9:126,21
> 4:False:6,8:126,20
> 5:False:5,7:126,19
> 6:True:6,7:126,20
> 7:False:7,9:126,21
depots-suboptimal-old-noisy/10/depots_noisy_p04_hyp-4_10_3.tar.bz2:0.632016897202:0.01375992:0.63
> 0:False:6,9:126,19
> 1:False:6,9:126,19
> 2:False:5,8:126,18
> 3:False:7,10:126,20
> 4:False:6,9:126,19
> 5:False:5,8:126,18
> 6:True:6,8:126,19
> 7:False:7,10:126,20
depots-suboptimal-old-noisy/10/depots_noisy_p05_hyp-1_10_1.tar.bz2:0.628582954407:0.01335162:0.64
> 0:False:6,9:126,16
> 1:True:7,8:126,17
> 2:False:5,7:126,15
> 3:False:6,8:126,16
> 4:False:7,9:126,17
> 5:False:5,7:126,15
> 6:False:6,8:126,16
> 7:False:6,8:126,16
depots-suboptimal-old-noisy/10/depots_noisy_p05_hyp-1_10_2.tar.bz2:0.628971099854:0.01111449:0.63
> 0:True:6,7:126,14
> 1:True:7,8:126,15
> 2:False:5,7:126,13
> 3:True:6,7:126,14
> 4:True:7,8:126,15
> 5:True:5,6:126,13
> 6:True:6,7:126,14
> 7:True:6,7:126,14
depots-suboptimal-old-noisy/10/depots_noisy_p05_hyp-1_10_3.tar.bz2:0.627425909042:0.01144871:0.62
> 0:True:6,7:126,14
> 1:True:7,8:126,15
> 2:True:5,6:126,13
> 3:True:6,7:126,14
> 4:True:7,8:126,15
> 5:True:5,6:126,13
> 6:True:6,7:126,14
> 7:True:6,7:126,14
depots-suboptimal-old-noisy/10/depots_noisy_p05_hyp-2_10_1.tar.bz2:0.626005887985:0.00961933:0.62
> 0:True:6,6:126,14
> 1:True:7,7:126,15
> 2:True:5,5:126,13
> 3:True:6,6:126,14
> 4:True:7,7:126,15
> 5:True:5,5:126,13
> 6:True:6,6:126,14
> 7:True:6,6:126,14
depots-suboptimal-old-noisy/10/depots_noisy_p05_hyp-2_10_2.tar.bz2:0.63242316246:0.01284428:0.63
> 0:True:6,7:126,16
> 1:True:7,8:126,17
> 2:True:5,6:126,15
> 3:True:6,7:126,16
> 4:True:7,8:126,17
> 5:True:5,6:126,15
> 6:True:6,7:126,16
> 7:True:6,7:126,16
depots-suboptimal-old-noisy/10/depots_noisy_p05_hyp-2_10_3.tar.bz2:0.628931045532:0.01195962:0.63
> 0:False:6,8:126,16
> 1:True:7,8:126,17
> 2:True:5,6:126,15
> 3:False:6,8:126,16
> 4:True:7,8:126,17
> 5:False:5,7:126,15
> 6:True:6,7:126,16
> 7:False:6,8:126,16
depots-suboptimal-old-noisy/10/depots_noisy_p05_hyp-3_10_1.tar.bz2:0.626965045929:0.01280141:0.63
> 0:False:6,8:126,16
> 1:True:7,8:126,17
> 2:False:5,7:126,15
> 3:False:6,8:126,16
> 4:True:7,8:126,17
> 5:False:5,7:126,15
> 6:False:6,8:126,16
> 7:False:6,8:126,16
depots-suboptimal-old-noisy/10/depots_noisy_p05_hyp-3_10_2.tar.bz2:0.629044055939:0.01053465:0.63
> 0:True:6,7:126,15
> 1:True:7,8:126,16
> 2:True:5,6:126,14
> 3:True:6,7:126,15
> 4:True:7,8:126,16
> 5:True:5,6:126,14
> 6:True:6,7:126,15
> 7:True:6,7:126,15
depots-suboptimal-old-noisy/10/depots_noisy_p05_hyp-3_10_3.tar.bz2:0.624767065048:0.00906036:0.63
> 0:False:6,7:126,12
> 1:True:7,7:126,13
> 2:True:5,5:126,11
> 3:False:6,7:126,12
> 4:True:7,7:126,13
> 5:False:5,6:126,11
> 6:True:6,6:126,12
> 7:False:6,7:126,12
depots-suboptimal-old-noisy/10/depots_noisy_p05_hyp-4_10_1.tar.bz2:0.628795862198:0.0137943:0.63
> 0:False:6,8:126,18
> 1:False:7,9:126,19
> 2:False:5,8:126,17
> 3:False:6,8:126,18
> 4:True:7,8:126,19
> 5:False:5,7:126,17
> 6:False:6,8:126,18
> 7:False:6,8:126,18
depots-suboptimal-old-noisy/10/depots_noisy_p05_hyp-4_10_2.tar.bz2:0.629225969315:0.0116334:0.63
> 0:False:6,9:126,19
> 1:False:7,8:126,20
> 2:False:5,7:126,18
> 3:False:6,8:126,19
> 4:True:7,7:126,20
> 5:False:5,7:126,18
> 6:False:6,8:126,19
> 7:False:6,7:126,19
depots-suboptimal-old-noisy/10/depots_noisy_p05_hyp-4_10_3.tar.bz2:0.635208129883:0.01384259:0.63
> 0:False:6,8:126,19
> 1:False:7,9:126,20
> 2:False:5,6:126,18
> 3:False:6,7:126,19
> 4:True:7,7:126,20
> 5:False:5,7:126,18
> 6:False:6,8:126,19
> 7:False:6,8:126,19
depots-suboptimal-old-noisy/30/depots_noisy_p03_hyp-1_30_1.tar.bz2:0.623337030411:0.01497947:0.62
> 0:True:5,6:118,22
> 1:True:7,8:118,24
> 2:True:6,7:118,23
> 3:True:6,7:118,23
> 4:True:7,8:118,24
> 5:True:6,7:118,23
> 6:True:5,6:118,22
> 7:True:6,7:118,23
depots-suboptimal-old-noisy/30/depots_noisy_p03_hyp-1_30_2.tar.bz2:0.616952896118:0.01193934:0.62
> 0:True:5,7:118,19
> 1:True:7,9:118,21
> 2:True:6,8:118,20
> 3:True:6,8:118,20
> 4:True:7,9:118,21
> 5:True:6,8:118,20
> 6:True:5,7:118,19
> 7:True:6,8:118,20
depots-suboptimal-old-noisy/30/depots_noisy_p03_hyp-1_30_3.tar.bz2:0.62008690834:0.01410241:0.61
> 0:True:5,5:118,22
> 1:True:7,7:118,24
> 2:True:6,6:118,23
> 3:False:6,7:118,23
> 4:True:7,7:118,24
> 5:False:6,7:118,23
> 6:False:5,6:118,22
> 7:False:6,7:118,23
depots-suboptimal-old-noisy/30/depots_noisy_p03_hyp-2_30_1.tar.bz2:0.617748022079:0.01271719:0.61
> 0:False:5,9:120,28
> 1:True:7,10:120,30
> 2:False:6,10:120,29
> 3:True:6,9:120,29
> 4:True:7,10:120,30
> 5:False:6,10:120,29
> 6:False:5,9:120,28
> 7:False:6,10:120,29
depots-suboptimal-old-noisy/30/depots_noisy_p03_hyp-2_30_2.tar.bz2:0.616662979126:0.01216037:0.62
> 0:False:5,7:120,22
> 1:True:7,7:120,24
> 2:False:6,8:120,23
> 3:False:6,8:120,23
> 4:False:7,8:120,24
> 5:False:6,8:120,23
> 6:False:5,7:120,22
> 7:False:6,8:120,23
depots-suboptimal-old-noisy/30/depots_noisy_p03_hyp-2_30_3.tar.bz2:0.619808912277:0.01361887:0.62
> 0:False:5,8:120,26
> 1:True:7,8:120,28
> 2:False:6,10:120,27
> 3:False:6,8:120,27
> 4:False:7,9:120,28
> 5:False:6,9:120,27
> 6:False:5,8:120,26
> 7:False:6,9:120,27
depots-suboptimal-old-noisy/30/depots_noisy_p03_hyp-3_30_1.tar.bz2:0.622607946396:0.01322468:0.62
> 0:False:5,7:120,24
> 1:False:7,9:120,26
> 2:True:6,7:120,25
> 3:False:6,8:120,25
> 4:False:7,9:120,26
> 5:False:6,8:120,25
> 6:False:5,7:120,24
> 7:False:6,8:120,25
depots-suboptimal-old-noisy/30/depots_noisy_p03_hyp-3_30_2.tar.bz2:0.618042945862:0.01324693:0.61
> 0:False:5,8:120,26
> 1:False:7,10:120,28
> 2:True:6,8:120,27
> 3:False:6,9:120,27
> 4:False:7,10:120,28
> 5:False:6,9:120,27
> 6:False:5,8:120,26
> 7:False:6,9:120,27
depots-suboptimal-old-noisy/30/depots_noisy_p03_hyp-3_30_3.tar.bz2:0.618610858917:0.01154247:0.62
> 0:False:5,8:120,28
> 1:True:7,9:120,30
> 2:True:6,8:120,29
> 3:False:6,9:120,29
> 4:True:7,9:120,30
> 5:False:6,10:120,29
> 6:False:5,9:120,28
> 7:False:6,9:120,29
depots-suboptimal-old-noisy/30/depots_noisy_p03_hyp-4_30_1.tar.bz2:0.630715847015:0.02190411:0.64
> 0:False:5,7:122,26
> 1:True:7,8:122,28
> 2:False:6,8:122,27
> 3:False:6,8:122,27
> 4:True:7,8:122,28
> 5:False:6,8:122,27
> 6:False:5,7:122,26
> 7:False:6,8:122,27
depots-suboptimal-old-noisy/30/depots_noisy_p03_hyp-4_30_2.tar.bz2:0.629874944687:0.02312078:0.64
> 0:True:5,7:122,29
> 1:True:7,9:122,31
> 2:True:6,8:122,30
> 3:True:6,8:122,30
> 4:True:7,9:122,31
> 5:True:6,8:122,30
> 6:True:5,7:122,29
> 7:True:6,8:122,30
depots-suboptimal-old-noisy/30/depots_noisy_p03_hyp-4_30_3.tar.bz2:0.62163901329:0.0123024:0.62
> 0:False:5,9:120,24
> 1:False:7,10:120,26
> 2:False:6,10:120,25
> 3:False:6,9:120,25
> 4:True:7,9:120,26
> 5:False:6,9:120,25
> 6:False:5,8:120,24
> 7:False:6,9:120,25
depots-suboptimal-old-noisy/30/depots_noisy_p04_hyp-1_30_1.tar.bz2:0.641079902649:0.02455407:0.64
> 0:True:6,8:132,30
> 1:True:6,8:132,30
> 2:False:5,8:132,29
> 3:True:7,9:132,31
> 4:True:6,8:132,30
> 5:False:5,8:132,29
> 6:False:6,9:132,30
> 7:True:7,9:132,31
depots-suboptimal-old-noisy/30/depots_noisy_p04_hyp-1_30_2.tar.bz2:0.640319108963:0.0219823:0.64
> 0:True:6,8:132,27
> 1:True:6,8:132,27
> 2:True:5,7:132,26
> 3:True:7,9:132,28
> 4:True:6,8:132,27
> 5:False:5,8:132,26
> 6:True:6,8:132,27
> 7:True:7,9:132,28
depots-suboptimal-old-noisy/30/depots_noisy_p04_hyp-1_30_3.tar.bz2:0.637065172195:0.02037923:0.63
> 0:True:6,8:130,22
> 1:True:6,8:130,22
> 2:True:5,7:130,21
> 3:True:7,9:130,23
> 4:True:6,8:130,22
> 5:True:5,7:130,21
> 6:True:6,8:130,22
> 7:True:7,9:130,23
depots-suboptimal-old-noisy/30/depots_noisy_p04_hyp-2_30_1.tar.bz2:0.64405298233:0.02281673:0.64
> 0:False:6,9:132,27
> 1:False:6,9:132,27
> 2:False:5,8:132,26
> 3:True:7,9:132,28
> 4:False:6,9:132,27
> 5:False:5,8:132,26
> 6:False:6,9:132,27
> 7:True:7,9:132,28
depots-suboptimal-old-noisy/30/depots_noisy_p04_hyp-2_30_2.tar.bz2:0.639523029327:0.02097662:0.64
> 0:False:6,9:130,24
> 1:False:6,8:130,24
> 2:False:5,8:130,23
> 3:False:7,9:130,25
> 4:False:6,9:130,24
> 5:False:5,7:130,23
> 6:False:6,9:130,24
> 7:True:7,8:130,25
depots-suboptimal-old-noisy/30/depots_noisy_p04_hyp-2_30_3.tar.bz2:0.64693903923:0.02706738:0.66
> 0:False:6,9:132,28
> 1:False:6,8:132,28
> 2:False:5,8:132,27
> 3:False:7,9:132,29
> 4:False:6,9:132,28
> 5:False:5,8:132,27
> 6:False:6,9:132,28
> 7:True:7,8:132,29
depots-suboptimal-old-noisy/30/depots_noisy_p04_hyp-3_30_1.tar.bz2:0.639212846756:0.02300703:0.64
> 0:False:6,8:132,27
> 1:False:6,8:132,27
> 2:False:5,7:132,26
> 3:True:7,8:132,28
> 4:False:6,8:132,27
> 5:False:5,7:132,26
> 6:False:6,8:132,27
> 7:False:7,9:132,28
depots-suboptimal-old-noisy/30/depots_noisy_p04_hyp-3_30_2.tar.bz2:0.639250040054:0.02200768:0.64
> 0:False:6,8:132,27
> 1:False:6,9:132,27
> 2:False:5,8:132,26
> 3:True:7,8:132,28
> 4:False:6,8:132,27
> 5:False:5,7:132,26
> 6:False:6,9:132,27
> 7:False:7,9:132,28
depots-suboptimal-old-noisy/30/depots_noisy_p04_hyp-3_30_3.tar.bz2:0.6397960186:0.02018247:0.64
> 0:False:6,8:132,25
> 1:False:6,8:132,25
> 2:False:5,7:132,24
> 3:True:7,8:132,26
> 4:False:6,8:132,25
> 5:False:5,7:132,24
> 6:False:6,9:132,25
> 7:True:7,8:132,26
depots-suboptimal-old-noisy/30/depots_noisy_p04_hyp-4_30_1.tar.bz2:0.632650136948:0.01598444:0.63
> 0:False:6,10:130,25
> 1:False:6,10:130,25
> 2:False:5,9:130,24
> 3:True:7,10:130,26
> 4:False:6,10:130,25
> 5:True:5,8:130,24
> 6:True:6,9:130,25
> 7:True:7,10:130,26
depots-suboptimal-old-noisy/30/depots_noisy_p04_hyp-4_30_2.tar.bz2:0.626453876495:0.0107204:0.63
> 0:True:6,7:130,19
> 1:True:6,7:130,19
> 2:True:5,6:130,18
> 3:True:7,8:130,20
> 4:True:6,7:130,19
> 5:False:5,7:130,18
> 6:True:6,7:130,19
> 7:True:7,8:130,20
depots-suboptimal-old-noisy/30/depots_noisy_p04_hyp-4_30_3.tar.bz2:0.642822027206:0.02429892:0.65
> 0:False:6,9:132,31
> 1:True:6,8:132,31
> 2:False:5,8:132,30
> 3:False:7,10:132,32
> 4:False:6,9:132,31
> 5:False:5,9:132,30
> 6:False:6,9:132,31
> 7:False:7,10:132,32
depots-suboptimal-old-noisy/30/depots_noisy_p05_hyp-1_30_1.tar.bz2:0.639433145523:0.0205881:0.65
> 0:False:6,7:132,21
> 1:True:7,7:132,22
> 2:False:5,7:132,20
> 3:False:6,7:132,21
> 4:True:7,7:132,22
> 5:False:5,6:132,20
> 6:False:6,7:132,21
> 7:False:6,7:132,21
depots-suboptimal-old-noisy/30/depots_noisy_p05_hyp-1_30_2.tar.bz2:0.645228147507:0.02796854:0.64
> 0:False:6,9:134,38
> 1:True:7,8:134,39
> 2:False:5,7:134,37
> 3:False:6,8:134,38
> 4:False:7,9:134,39
> 5:False:5,7:134,37
> 6:False:6,8:134,38
> 7:False:6,8:134,38
depots-suboptimal-old-noisy/30/depots_noisy_p05_hyp-1_30_3.tar.bz2:0.645004034042:0.02512553:0.64
> 0:False:6,10:132,31
> 1:True:7,10:132,32
> 2:False:5,9:132,30
> 3:True:6,9:132,31
> 4:False:7,11:132,32
> 5:False:5,9:132,30
> 6:True:6,9:132,31
> 7:True:6,9:132,31
depots-suboptimal-old-noisy/30/depots_noisy_p05_hyp-2_30_1.tar.bz2:0.642218112946:0.02421381:0.64
> 0:False:6,9:132,31
> 1:True:7,9:132,32
> 2:False:5,8:132,30
> 3:True:6,8:132,31
> 4:True:7,9:132,32
> 5:False:5,8:132,30
> 6:False:6,9:132,31
> 7:True:6,8:132,31
depots-suboptimal-old-noisy/30/depots_noisy_p05_hyp-2_30_2.tar.bz2:0.644286870956:0.02385256:0.64
> 0:False:6,9:132,31
> 1:True:7,9:132,32
> 2:False:5,8:132,30
> 3:True:6,8:132,31
> 4:True:7,9:132,32
> 5:False:5,8:132,30
> 6:True:6,8:132,31
> 7:True:6,8:132,31
depots-suboptimal-old-noisy/30/depots_noisy_p05_hyp-2_30_3.tar.bz2:0.638385057449:0.02324019:0.64
> 0:True:6,9:132,30
> 1:True:7,10:132,31
> 2:True:5,8:132,29
> 3:True:6,9:132,30
> 4:True:7,10:132,31
> 5:True:5,8:132,29
> 6:True:6,9:132,30
> 7:True:6,9:132,30
depots-suboptimal-old-noisy/30/depots_noisy_p05_hyp-3_30_1.tar.bz2:0.630459070206:0.01591942:0.63
> 0:True:6,7:130,19
> 1:True:7,8:130,20
> 2:False:5,7:130,18
> 3:True:6,7:130,19
> 4:True:7,8:130,20
> 5:True:5,6:130,18
> 6:False:6,8:130,19
> 7:True:6,7:130,19
depots-suboptimal-old-noisy/30/depots_noisy_p05_hyp-3_30_2.tar.bz2:0.644016981125:0.02867353:0.64
> 0:False:6,9:134,39
> 1:True:7,9:134,40
> 2:False:5,8:134,38
> 3:True:6,8:134,39
> 4:False:7,10:134,40
> 5:False:5,8:134,38
> 6:False:6,9:134,39
> 7:True:6,8:134,39
depots-suboptimal-old-noisy/30/depots_noisy_p05_hyp-3_30_3.tar.bz2:0.639636039734:0.02221171:0.64
> 0:False:6,9:130,27
> 1:True:7,9:130,28
> 2:False:5,8:130,26
> 3:False:6,9:130,27
> 4:False:7,10:130,28
> 5:False:5,8:130,26
> 6:False:6,9:130,27
> 7:False:6,9:130,27
depots-suboptimal-old-noisy/30/depots_noisy_p05_hyp-4_30_1.tar.bz2:0.645938158035:0.02838805:0.65
> 0:False:6,9:134,37
> 1:False:7,9:134,38
> 2:False:5,7:134,36
> 3:False:6,8:134,37
> 4:True:7,7:134,38
> 5:False:5,8:134,36
> 6:False:6,9:134,37
> 7:False:6,9:134,37
depots-suboptimal-old-noisy/30/depots_noisy_p05_hyp-4_30_2.tar.bz2:0.637111902237:0.0224661:0.64
> 0:False:6,8:132,27
> 1:False:7,9:132,28
> 2:False:5,7:132,26
> 3:False:6,8:132,27
> 4:True:7,8:132,28
> 5:True:5,6:132,26
> 6:False:6,8:132,27
> 7:True:6,7:132,27
depots-suboptimal-old-noisy/30/depots_noisy_p05_hyp-4_30_3.tar.bz2:0.640912055969:0.02541369:0.65
> 0:False:6,8:132,29
> 1:False:7,8:132,30
> 2:False:5,7:132,28
> 3:False:6,7:132,29
> 4:True:7,7:132,30
> 5:False:5,7:132,28
> 6:False:6,8:132,29
> 7:False:6,8:132,29
depots-suboptimal-old-noisy/50/depots_noisy_p03_hyp-1_50_1.tar.bz2:0.62954211235:0.02254991:0.63
> 0:True:5,6:124,34
> 1:True:7,8:124,36
> 2:False:6,8:124,35
> 3:False:6,8:124,35
> 4:True:7,8:124,36
> 5:True:6,7:124,35
> 6:False:5,7:124,34
> 7:False:6,8:124,35
depots-suboptimal-old-noisy/50/depots_noisy_p03_hyp-1_50_2.tar.bz2:0.627151012421:0.02021166:0.62
> 0:True:5,6:122,30
> 1:True:7,8:122,32
> 2:True:6,7:122,31
> 3:False:6,8:122,31
> 4:True:7,8:122,32
> 5:False:6,8:122,31
> 6:False:5,7:122,30
> 7:False:6,8:122,31
depots-suboptimal-old-noisy/50/depots_noisy_p03_hyp-1_50_3.tar.bz2:0.625944137573:0.02209769:0.63
> 0:True:5,5:124,30
> 1:True:7,7:124,32
> 2:False:6,7:124,31
> 3:False:6,7:124,31
> 4:True:7,7:124,32
> 5:True:6,6:124,31
> 6:False:5,6:124,30
> 7:False:6,7:124,31
depots-suboptimal-old-noisy/50/depots_noisy_p03_hyp-2_50_1.tar.bz2:0.63445019722:0.02781246:0.64
> 0:False:5,10:126,48
> 1:True:7,10:126,50
> 2:False:6,11:126,49
> 3:False:6,12:126,49
> 4:False:7,12:126,50
> 5:False:6,12:126,49
> 6:False:5,11:126,48
> 7:False:6,12:126,49
depots-suboptimal-old-noisy/50/depots_noisy_p03_hyp-2_50_2.tar.bz2:0.623844146729:0.01641532:0.62
> 0:False:5,9:124,32
> 1:True:7,9:124,34
> 2:False:6,10:124,33
> 3:False:6,10:124,33
> 4:False:7,10:124,34
> 5:False:6,10:124,33
> 6:False:5,9:124,32
> 7:False:6,10:124,33
depots-suboptimal-old-noisy/50/depots_noisy_p03_hyp-2_50_3.tar.bz2:0.630857944489:0.02635093:0.63
> 0:False:5,8:128,49
> 1:True:7,8:128,51
> 2:False:6,10:128,50
> 3:False:6,10:128,50
> 4:False:7,10:128,51
> 5:False:6,10:128,50
> 6:False:5,9:128,49
> 7:False:6,10:128,50
depots-suboptimal-old-noisy/50/depots_noisy_p03_hyp-3_50_1.tar.bz2:0.620182991028:0.01432354:0.62
> 0:False:5,10:122,31
> 1:True:7,11:122,33
> 2:True:6,10:122,32
> 3:False:6,11:122,32
> 4:True:7,11:122,33
> 5:False:6,12:122,32
> 6:False:5,11:122,31
> 7:False:6,11:122,32
depots-suboptimal-old-noisy/50/depots_noisy_p03_hyp-3_50_2.tar.bz2:0.620564937592:0.01382378:0.63
> 0:False:5,7:124,34
> 1:False:7,9:124,36
> 2:True:6,7:124,35
> 3:False:6,9:124,35
> 4:False:7,9:124,36
> 5:False:6,9:124,35
> 6:False:5,8:124,34
> 7:False:6,9:124,35
depots-suboptimal-old-noisy/50/depots_noisy_p03_hyp-3_50_3.tar.bz2:0.623043060303:0.01509105:0.63
> 0:False:5,9:122,29
> 1:False:7,11:122,31
> 2:True:6,9:122,30
> 3:False:6,10:122,30
> 4:False:7,11:122,31
> 5:False:6,10:122,30
> 6:False:5,9:122,29
> 7:False:6,10:122,30
depots-suboptimal-old-noisy/50/depots_noisy_p03_hyp-4_50_1.tar.bz2:0.619729042053:0.01283286:0.61
> 0:False:5,10:122,27
> 1:False:7,12:122,29
> 2:False:6,11:122,28
> 3:False:6,11:122,28
> 4:True:7,11:122,29
> 5:False:6,11:122,28
> 6:False:5,10:122,27
> 7:False:6,11:122,28
depots-suboptimal-old-noisy/50/depots_noisy_p03_hyp-4_50_2.tar.bz2:0.620326042175:0.01290307:0.62
> 0:False:5,10:124,27
> 1:False:7,11:124,29
> 2:False:6,11:124,28
> 3:True:6,9:124,28
> 4:True:7,10:124,29
> 5:False:6,10:124,28
> 6:False:5,9:124,27
> 7:False:6,10:124,28
depots-suboptimal-old-noisy/50/depots_noisy_p03_hyp-4_50_3.tar.bz2:0.634446144104:0.02878612:0.64
> 0:False:5,10:126,43
> 1:True:7,11:126,45
> 2:False:6,11:126,44
> 3:True:6,10:126,44
> 4:True:7,11:126,45
> 5:True:6,10:126,44
> 6:False:5,10:126,43
> 7:True:6,10:126,44
depots-suboptimal-old-noisy/50/depots_noisy_p04_hyp-1_50_1.tar.bz2:0.632729053497:0.01463971:0.63
> 0:True:6,11:138,36
> 1:True:6,11:138,36
> 2:True:5,10:138,35
> 3:True:7,12:138,37
> 4:True:6,11:138,36
> 5:True:5,10:138,35
> 6:True:6,11:138,36
> 7:True:7,12:138,37
depots-suboptimal-old-noisy/50/depots_noisy_p04_hyp-1_50_2.tar.bz2:0.637388944626:0.02547609:0.64
> 0:True:6,10:136,39
> 1:False:6,11:136,39
> 2:False:5,10:136,38
> 3:False:7,12:136,40
> 4:False:6,11:136,39
> 5:False:5,11:136,38
> 6:False:6,12:136,39
> 7:False:7,12:136,40
depots-suboptimal-old-noisy/50/depots_noisy_p04_hyp-1_50_3.tar.bz2:0.639006853104:0.0203343:0.65
> 0:True:6,11:136,34
> 1:True:6,11:136,34
> 2:True:5,10:136,33
> 3:True:7,12:136,35
> 4:True:6,11:136,34
> 5:False:5,11:136,33
> 6:True:6,11:136,34
> 7:True:7,12:136,35
depots-suboptimal-old-noisy/50/depots_noisy_p04_hyp-2_50_1.tar.bz2:0.6314702034:0.01634162:0.63
> 0:True:6,11:134,36
> 1:True:6,11:134,36
> 2:False:5,11:134,35
> 3:True:7,12:134,37
> 4:True:6,11:134,36
> 5:False:5,12:134,35
> 6:False:6,12:134,36
> 7:True:7,12:134,37
depots-suboptimal-old-noisy/50/depots_noisy_p04_hyp-2_50_2.tar.bz2:0.64271402359:0.02407394:0.65
> 0:True:6,11:136,35
> 1:True:6,11:136,35
> 2:True:5,10:136,34
> 3:True:7,12:136,36
> 4:True:6,11:136,35
> 5:False:5,11:136,34
> 6:False:6,12:136,35
> 7:True:7,12:136,36
depots-suboptimal-old-noisy/50/depots_noisy_p04_hyp-2_50_3.tar.bz2:0.630278110504:0.01576395:0.63
> 0:False:6,11:136,43
> 1:True:6,10:136,43
> 2:False:5,10:136,42
> 3:False:7,13:136,44
> 4:False:6,11:136,43
> 5:False:5,11:136,42
> 6:False:6,12:136,43
> 7:False:7,12:136,44
depots-suboptimal-old-noisy/50/depots_noisy_p04_hyp-3_50_1.tar.bz2:0.631851911545:0.01688926:0.64
> 0:False:6,13:138,44
> 1:False:6,13:138,44
> 2:False:5,12:138,43
> 3:True:7,12:138,45
> 4:False:6,13:138,44
> 5:False:5,12:138,43
> 6:False:6,13:138,44
> 7:False:7,14:138,45
depots-suboptimal-old-noisy/50/depots_noisy_p04_hyp-3_50_2.tar.bz2:0.636111974716:0.01806215:0.64
> 0:False:6,12:138,43
> 1:False:6,12:138,43
> 2:False:5,11:138,42
> 3:True:7,11:138,44
> 4:False:6,12:138,43
> 5:False:5,11:138,42
> 6:False:6,12:138,43
> 7:False:7,13:138,44
depots-suboptimal-old-noisy/50/depots_noisy_p04_hyp-3_50_3.tar.bz2:0.631687879562:0.01601323:0.64
> 0:False:6,12:136,39
> 1:False:6,12:136,39
> 2:False:5,11:136,38
> 3:True:7,11:136,40
> 4:False:6,12:136,39
> 5:False:5,12:136,38
> 6:False:6,13:136,39
> 7:False:7,13:136,40
depots-suboptimal-old-noisy/50/depots_noisy_p04_hyp-4_50_1.tar.bz2:0.648138046265:0.02527005:0.65
> 0:False:6,11:136,38
> 1:False:6,11:136,38
> 2:False:5,10:136,37
> 3:False:7,12:136,39
> 4:False:6,11:136,38
> 5:False:5,10:136,37
> 6:True:6,10:136,38
> 7:False:7,12:136,39
depots-suboptimal-old-noisy/50/depots_noisy_p04_hyp-4_50_2.tar.bz2:0.63091301918:0.01476682:0.63
> 0:False:6,11:136,35
> 1:False:6,11:136,35
> 2:False:5,10:136,34
> 3:False:7,12:136,36
> 4:False:6,11:136,35
> 5:False:5,10:136,34
> 6:True:6,10:136,35
> 7:False:7,12:136,36
depots-suboptimal-old-noisy/50/depots_noisy_p04_hyp-4_50_3.tar.bz2:0.632662057877:0.01483735:0.62
> 0:False:6,10:134,35
> 1:False:6,10:134,35
> 2:False:5,9:134,34
> 3:False:7,10:134,36
> 4:False:6,10:134,35
> 5:False:5,8:134,34
> 6:True:6,8:134,35
> 7:False:7,10:134,36
depots-suboptimal-old-noisy/50/depots_noisy_p05_hyp-1_50_1.tar.bz2:0.636984109879:0.0183822:0.64
> 0:False:6,13:134,38
> 1:True:7,12:134,39
> 2:False:5,12:134,37
> 3:False:6,13:134,38
> 4:False:7,14:134,39
> 5:False:5,12:134,37
> 6:False:6,13:134,38
> 7:False:6,13:134,38
depots-suboptimal-old-noisy/50/depots_noisy_p05_hyp-1_50_2.tar.bz2:0.631731033325:0.01333384:0.64
> 0:False:6,13:134,35
> 1:True:7,11:134,36
> 2:False:5,11:134,34
> 3:False:6,11:134,35
> 4:False:7,12:134,36
> 5:False:5,11:134,34
> 6:False:6,12:134,35
> 7:False:6,12:134,35
depots-suboptimal-old-noisy/50/depots_noisy_p05_hyp-1_50_3.tar.bz2:0.63360118866:0.01526442:0.63
> 0:False:6,9:136,39
> 1:True:7,8:136,40
> 2:False:5,8:136,38
> 3:False:6,10:136,39
> 4:False:7,10:136,40
> 5:False:5,9:136,38
> 6:False:6,10:136,39
> 7:False:6,10:136,39
depots-suboptimal-old-noisy/50/depots_noisy_p05_hyp-2_50_1.tar.bz2:0.628815174103:0.01328945:0.64
> 0:True:6,11:136,35
> 1:True:7,12:136,36
> 2:True:5,10:136,34
> 3:True:6,11:136,35
> 4:True:7,12:136,36
> 5:True:5,10:136,34
> 6:True:6,11:136,35
> 7:True:6,11:136,35
depots-suboptimal-old-noisy/50/depots_noisy_p05_hyp-2_50_2.tar.bz2:0.644614219666:0.02759836:0.65
> 0:True:6,11:138,42
> 1:True:7,12:138,43
> 2:True:5,10:138,41
> 3:True:6,11:138,42
> 4:True:7,12:138,43
> 5:True:5,10:138,41
> 6:True:6,11:138,42
> 7:True:6,11:138,42
depots-suboptimal-old-noisy/50/depots_noisy_p05_hyp-2_50_3.tar.bz2:0.631227970123:0.01313477:0.63
> 0:True:6,11:136,32
> 1:True:7,12:136,33
> 2:True:5,10:136,31
> 3:True:6,11:136,32
> 4:True:7,12:136,33
> 5:True:5,10:136,31
> 6:True:6,11:136,32
> 7:True:6,11:136,32
depots-suboptimal-old-noisy/50/depots_noisy_p05_hyp-3_50_1.tar.bz2:0.644506931305:0.02646387:0.64
> 0:False:6,10:138,43
> 1:True:7,9:138,44
> 2:False:5,8:138,42
> 3:False:6,9:138,43
> 4:False:7,10:138,44
> 5:False:5,8:138,42
> 6:False:6,9:138,43
> 7:True:6,8:138,43
depots-suboptimal-old-noisy/50/depots_noisy_p05_hyp-3_50_2.tar.bz2:0.627623081207:0.01392167:0.63
> 0:False:6,12:136,37
> 1:False:7,11:136,38
> 2:False:5,10:136,36
> 3:False:6,10:136,37
> 4:False:7,12:136,38
> 5:False:5,9:136,36
> 6:False:6,10:136,37
> 7:True:6,9:136,37
depots-suboptimal-old-noisy/50/depots_noisy_p05_hyp-3_50_3.tar.bz2:0.635629177094:0.01709957:0.64
> 0:False:6,12:134,35
> 1:False:7,12:134,36
> 2:False:5,11:134,34
> 3:False:6,11:134,35
> 4:False:7,13:134,36
> 5:False:5,10:134,34
> 6:False:6,11:134,35
> 7:True:6,10:134,35
depots-suboptimal-old-noisy/50/depots_noisy_p05_hyp-4_50_1.tar.bz2:0.630660057068:0.01236623:0.63
> 0:False:6,12:134,30
> 1:False:7,12:134,31
> 2:False:5,11:134,29
> 3:False:6,11:134,30
> 4:True:7,11:134,31
> 5:False:5,11:134,29
> 6:False:6,12:134,30
> 7:False:6,12:134,30
depots-suboptimal-old-noisy/50/depots_noisy_p05_hyp-4_50_2.tar.bz2:0.637169122696:0.01793839:0.64
> 0:False:6,11:136,42
> 1:False:7,12:136,43
> 2:False:5,10:136,41
> 3:False:6,12:136,42
> 4:True:7,10:136,43
> 5:False:5,11:136,41
> 6:False:6,12:136,42
> 7:False:6,12:136,42
depots-suboptimal-old-noisy/50/depots_noisy_p05_hyp-4_50_3.tar.bz2:0.630087137222:0.01385726:0.63
> 0:False:6,10:136,41
> 1:False:7,10:136,42
> 2:False:5,8:136,40
> 3:False:6,10:136,41
> 4:True:7,8:136,42
> 5:False:5,9:136,40
> 6:False:6,10:136,41
> 7:False:6,10:136,41
depots-suboptimal-old-noisy/70/depots_noisy_p03_hyp-1_70_1.tar.bz2:0.623527050018:0.0143252:0.63
> 0:True:5,8:126,38
> 1:True:7,10:126,40
> 2:True:6,9:126,39
> 3:False:6,10:126,39
> 4:True:7,10:126,40
> 5:False:6,10:126,39
> 6:False:5,9:126,38
> 7:False:6,10:126,39
depots-suboptimal-old-noisy/70/depots_noisy_p03_hyp-1_70_2.tar.bz2:0.619494915009:0.01246036:0.62
> 0:True:5,8:124,32
> 1:True:7,10:124,34
> 2:False:6,10:124,33
> 3:False:6,10:124,33
> 4:True:7,10:124,34
> 5:False:6,10:124,33
> 6:False:5,9:124,32
> 7:False:6,10:124,33
depots-suboptimal-old-noisy/70/depots_noisy_p03_hyp-1_70_3.tar.bz2:0.628499031067:0.0228586:0.63
> 0:True:5,9:126,33
> 1:True:7,11:126,35
> 2:False:6,11:126,34
> 3:False:6,11:126,34
> 4:True:7,11:126,35
> 5:True:6,10:126,34
> 6:False:5,10:126,33
> 7:False:6,11:126,34
depots-suboptimal-old-noisy/70/depots_noisy_p03_hyp-2_70_1.tar.bz2:0.635420084:0.02695698:0.62
> 0:False:5,9:130,45
> 1:True:7,9:130,47
> 2:False:6,11:130,46
> 3:False:6,10:130,46
> 4:False:7,11:130,47
> 5:False:6,10:130,46
> 6:False:5,9:130,45
> 7:False:6,10:130,46
depots-suboptimal-old-noisy/70/depots_noisy_p03_hyp-2_70_2.tar.bz2:0.636702060699:0.0284716:0.63
> 0:False:5,9:132,56
> 1:True:7,9:132,58
> 2:False:6,11:132,57
> 3:False:6,11:132,57
> 4:False:7,11:132,58
> 5:False:6,11:132,57
> 6:False:5,10:132,56
> 7:False:6,11:132,57
depots-suboptimal-old-noisy/70/depots_noisy_p03_hyp-2_70_3.tar.bz2:0.636310100555:0.02899575:0.64
> 0:False:5,10:132,61
> 1:True:7,10:132,63
> 2:False:6,11:132,62
> 3:False:6,11:132,62
> 4:False:7,12:132,63
> 5:False:6,12:132,62
> 6:False:5,11:132,61
> 7:False:6,12:132,62
depots-suboptimal-old-noisy/70/depots_noisy_p03_hyp-3_70_1.tar.bz2:0.619341135025:0.01467908:0.62
> 0:False:5,9:128,43
> 1:False:7,11:128,45
> 2:True:6,9:128,44
> 3:False:6,11:128,44
> 4:False:7,11:128,45
> 5:False:6,11:128,44
> 6:False:5,10:128,43
> 7:False:6,11:128,44
depots-suboptimal-old-noisy/70/depots_noisy_p03_hyp-3_70_2.tar.bz2:0.623109102249:0.01393316:0.62
> 0:False:5,9:128,40
> 1:False:7,11:128,42
> 2:True:6,9:128,41
> 3:False:6,11:128,41
> 4:False:7,11:128,42
> 5:False:6,11:128,41
> 6:False:5,10:128,40
> 7:False:6,11:128,41
depots-suboptimal-old-noisy/70/depots_noisy_p03_hyp-3_70_3.tar.bz2:0.619063854218:0.01305277:0.63
> 0:False:5,11:124,31
> 1:False:7,13:124,33
> 2:True:6,11:124,32
> 3:False:6,12:124,32
> 4:False:7,13:124,33
> 5:False:6,12:124,32
> 6:False:5,11:124,31
> 7:False:6,12:124,32
depots-suboptimal-old-noisy/70/depots_noisy_p03_hyp-4_70_1.tar.bz2:0.634851932526:0.02862574:0.63
> 0:False:5,11:130,46
> 1:False:7,13:130,48
> 2:False:6,13:130,47
> 3:True:6,10:130,47
> 4:False:7,12:130,48
> 5:False:6,11:130,47
> 6:False:5,10:130,46
> 7:False:6,11:130,47
depots-suboptimal-old-noisy/70/depots_noisy_p03_hyp-4_70_2.tar.bz2:0.635064840317:0.02849333:0.65
> 0:False:5,10:130,47
> 1:False:7,12:130,49
> 2:False:6,12:130,48
> 3:True:6,9:130,48
> 4:False:7,11:130,49
> 5:False:6,10:130,48
> 6:False:5,9:130,47
> 7:False:6,10:130,48
depots-suboptimal-old-noisy/70/depots_noisy_p03_hyp-4_70_3.tar.bz2:0.639282226562:0.03167662:0.63
> 0:False:5,11:132,56
> 1:False:7,13:132,58
> 2:False:6,13:132,57
> 3:True:6,10:132,57
> 4:False:7,12:132,58
> 5:False:6,11:132,57
> 6:False:5,10:132,56
> 7:False:6,11:132,57
depots-suboptimal-old-noisy/70/depots_noisy_p04_hyp-1_70_1.tar.bz2:0.640388965607:0.02207531:0.64
> 0:True:6,13:142,44
> 1:False:6,14:142,44
> 2:False:5,13:142,43
> 3:False:7,15:142,45
> 4:False:6,14:142,44
> 5:False:5,13:142,43
> 6:False:6,15:142,44
> 7:False:7,15:142,45
depots-suboptimal-old-noisy/70/depots_noisy_p04_hyp-1_70_2.tar.bz2:0.634956121445:0.01670376:0.64
> 0:True:6,13:142,51
> 1:False:6,14:142,51
> 2:False:5,13:142,50
> 3:False:7,16:142,52
> 4:False:6,14:142,51
> 5:False:5,14:142,50
> 6:False:6,15:142,51
> 7:False:7,16:142,52
depots-suboptimal-old-noisy/70/depots_noisy_p04_hyp-1_70_3.tar.bz2:0.63411283493:0.01630248:0.64
> 0:True:6,12:144,53
> 1:False:6,13:144,53
> 2:False:5,12:144,52
> 3:False:7,15:144,54
> 4:False:6,13:144,53
> 5:False:5,13:144,52
> 6:False:6,15:144,53
> 7:False:7,15:144,54
depots-suboptimal-old-noisy/70/depots_noisy_p04_hyp-2_70_1.tar.bz2:0.639628887177:0.02394582:0.63
> 0:False:6,12:138,39
> 1:False:6,12:138,39
> 2:False:5,12:138,38
> 3:False:7,13:138,40
> 4:False:6,12:138,39
> 5:False:5,11:138,38
> 6:False:6,13:138,39
> 7:True:7,12:138,40
depots-suboptimal-old-noisy/70/depots_noisy_p04_hyp-2_70_2.tar.bz2:0.645169019699:0.0277148:0.65
> 0:False:6,10:142,51
> 1:True:6,9:142,51
> 2:False:5,9:142,50
> 3:False:7,12:142,52
> 4:False:6,10:142,51
> 5:False:5,10:142,50
> 6:False:6,12:142,51
> 7:False:7,11:142,52
depots-suboptimal-old-noisy/70/depots_noisy_p04_hyp-2_70_3.tar.bz2:0.643519878387:0.02280247:0.64
> 0:False:6,11:140,42
> 1:True:6,10:140,42
> 2:False:5,10:140,41
> 3:False:7,12:140,43
> 4:False:6,11:140,42
> 5:False:5,10:140,41
> 6:False:6,12:140,42
> 7:True:7,11:140,43
depots-suboptimal-old-noisy/70/depots_noisy_p04_hyp-3_70_1.tar.bz2:0.653401136398:0.0348976:0.66
> 0:False:6,15:148,71
> 1:False:6,15:148,71
> 2:False:5,14:148,70
> 3:True:7,13:148,72
> 4:False:6,15:148,71
> 5:False:5,13:148,70
> 6:False:6,15:148,71
> 7:False:7,14:148,72
depots-suboptimal-old-noisy/70/depots_noisy_p04_hyp-3_70_2.tar.bz2:0.636730909348:0.01771376:0.64
> 0:False:6,15:142,54
> 1:False:6,15:142,54
> 2:False:5,14:142,53
> 3:True:7,13:142,55
> 4:False:6,15:142,54
> 5:False:5,13:142,53
> 6:False:6,15:142,54
> 7:False:7,15:142,55
depots-suboptimal-old-noisy/70/depots_noisy_p04_hyp-3_70_3.tar.bz2:0.632872104645:0.01623504:0.63
> 0:False:6,15:142,53
> 1:False:6,15:142,53
> 2:False:5,14:142,52
> 3:True:7,13:142,54
> 4:False:6,15:142,53
> 5:False:5,13:142,52
> 6:False:6,14:142,53
> 7:False:7,15:142,54
depots-suboptimal-old-noisy/70/depots_noisy_p04_hyp-4_70_1.tar.bz2:0.639219999313:0.02106142:0.63
> 0:False:6,11:140,40
> 1:False:6,11:140,40
> 2:False:5,10:140,39
> 3:False:7,12:140,41
> 4:False:6,11:140,40
> 5:False:5,10:140,39
> 6:True:6,10:140,40
> 7:False:7,12:140,41
depots-suboptimal-old-noisy/70/depots_noisy_p04_hyp-4_70_2.tar.bz2:0.647936105728:0.02642759:0.65
> 0:True:6,11:142,45
> 1:True:6,11:142,45
> 2:True:5,10:142,44
> 3:True:7,12:142,46
> 4:True:6,11:142,45
> 5:False:5,11:142,44
> 6:True:6,11:142,45
> 7:True:7,12:142,46
depots-suboptimal-old-noisy/70/depots_noisy_p04_hyp-4_70_3.tar.bz2:0.639887094498:0.02400903:0.64
> 0:False:6,13:140,47
> 1:False:6,13:140,47
> 2:False:5,12:140,46
> 3:False:7,13:140,48
> 4:False:6,13:140,47
> 5:False:5,11:140,46
> 6:True:6,11:140,47
> 7:False:7,13:140,48
depots-suboptimal-old-noisy/70/depots_noisy_p05_hyp-1_70_1.tar.bz2:0.640412807465:0.02377489:0.64
> 0:False:6,12:138,40
> 1:True:7,10:138,41
> 2:False:5,11:138,39
> 3:False:6,11:138,40
> 4:False:7,12:138,41
> 5:False:5,10:138,39
> 6:False:6,11:138,40
> 7:False:6,11:138,40
depots-suboptimal-old-noisy/70/depots_noisy_p05_hyp-1_70_2.tar.bz2:0.64904999733:0.02875335:0.66
> 0:False:6,13:140,48
> 1:True:7,11:140,49
> 2:False:5,11:140,47
> 3:False:6,12:140,48
> 4:False:7,12:140,49
> 5:False:5,12:140,47
> 6:False:6,13:140,48
> 7:False:6,13:140,48
depots-suboptimal-old-noisy/70/depots_noisy_p05_hyp-1_70_3.tar.bz2:0.645188808441:0.02809645:0.64
> 0:False:6,13:140,53
> 1:True:7,11:140,54
> 2:False:5,11:140,52
> 3:False:6,13:140,53
> 4:False:7,13:140,54
> 5:False:5,12:140,52
> 6:False:6,13:140,53
> 7:False:6,13:140,53
depots-suboptimal-old-noisy/70/depots_noisy_p05_hyp-2_70_1.tar.bz2:0.642848968506:0.0204083:0.64
> 0:True:6,12:138,38
> 1:True:7,13:138,39
> 2:True:5,11:138,37
> 3:True:6,12:138,38
> 4:True:7,13:138,39
> 5:True:5,11:138,37
> 6:True:6,12:138,38
> 7:True:6,12:138,38
depots-suboptimal-old-noisy/70/depots_noisy_p05_hyp-2_70_2.tar.bz2:0.64910697937:0.03045196:0.66
> 0:True:6,12:142,54
> 1:True:7,13:142,55
> 2:True:5,11:142,53
> 3:True:6,12:142,54
> 4:True:7,13:142,55
> 5:True:5,11:142,53
> 6:True:6,12:142,54
> 7:True:6,12:142,54
depots-suboptimal-old-noisy/70/depots_noisy_p05_hyp-2_70_3.tar.bz2:0.645016908646:0.02875036:0.65
> 0:False:6,12:142,49
> 1:False:7,13:142,50
> 2:False:5,11:142,48
> 3:False:6,12:142,49
> 4:False:7,13:142,50
> 5:False:5,11:142,48
> 6:True:6,11:142,49
> 7:False:6,12:142,49
depots-suboptimal-old-noisy/70/depots_noisy_p05_hyp-3_70_1.tar.bz2:0.642649888992:0.02637688:0.64
> 0:False:6,12:142,44
> 1:True:7,11:142,45
> 2:False:5,11:142,43
> 3:False:6,11:142,44
> 4:False:7,12:142,45
> 5:False:5,10:142,43
> 6:False:6,11:142,44
> 7:True:6,10:142,44
depots-suboptimal-old-noisy/70/depots_noisy_p05_hyp-3_70_2.tar.bz2:0.647212982178:0.02817503:0.64
> 0:False:6,13:140,48
> 1:False:7,12:140,49
> 2:False:5,11:140,47
> 3:False:6,11:140,48
> 4:False:7,12:140,49
> 5:False:5,10:140,47
> 6:False:6,11:140,48
> 7:True:6,10:140,48
depots-suboptimal-old-noisy/70/depots_noisy_p05_hyp-3_70_3.tar.bz2:0.648084163666:0.02833119:0.65
> 0:False:6,12:142,50
> 1:True:7,12:142,51
> 2:False:5,11:142,49
> 3:True:6,11:142,50
> 4:False:7,13:142,51
> 5:False:5,11:142,49
> 6:False:6,12:142,50
> 7:True:6,11:142,50
depots-suboptimal-old-noisy/70/depots_noisy_p05_hyp-4_70_1.tar.bz2:0.650732040405:0.03193331:0.65
> 0:False:6,13:142,58
> 1:False:7,13:142,59
> 2:False:5,11:142,57
> 3:False:6,13:142,58
> 4:True:7,11:142,59
> 5:False:5,12:142,57
> 6:False:6,13:142,58
> 7:False:6,12:142,58
depots-suboptimal-old-noisy/70/depots_noisy_p05_hyp-4_70_2.tar.bz2:0.645822048187:0.0242563:0.66
> 0:False:6,13:140,45
> 1:False:7,13:140,46
> 2:False:5,11:140,44
> 3:False:6,12:140,45
> 4:True:7,11:140,46
> 5:False:5,12:140,44
> 6:False:6,13:140,45
> 7:False:6,13:140,45
depots-suboptimal-old-noisy/70/depots_noisy_p05_hyp-4_70_3.tar.bz2:0.642508983612:0.02228864:0.64
> 0:False:6,13:138,41
> 1:False:7,13:138,42
> 2:False:5,11:138,40
> 3:False:6,12:138,41
> 4:True:7,11:138,42
> 5:False:5,12:138,40
> 6:False:6,13:138,41
> 7:False:6,13:138,41
depots-suboptimal-old-noisy/100/depots_noisy_p03_hyp-1_full_1.tar.bz2:0.62699007988:0.01887902:0.63
> 0:True:5,9:128,40
> 1:True:7,11:128,42
> 2:False:6,11:128,41
> 3:False:6,11:128,41
> 4:True:7,11:128,42
> 5:False:6,11:128,41
> 6:False:5,10:128,40
> 7:False:6,11:128,41
depots-suboptimal-old-noisy/100/depots_noisy_p03_hyp-1_full_2.tar.bz2:0.635222911835:0.02740956:0.63
> 0:True:5,9:132,55
> 1:True:7,11:132,57
> 2:False:6,11:132,56
> 3:False:6,11:132,56
> 4:True:7,11:132,57
> 5:False:6,11:132,56
> 6:False:5,10:132,55
> 7:False:6,11:132,56
depots-suboptimal-old-noisy/100/depots_noisy_p03_hyp-1_full_3.tar.bz2:0.622544050217:0.01875537:0.63
> 0:True:5,9:128,40
> 1:True:7,11:128,42
> 2:False:6,11:128,41
> 3:False:6,11:128,41
> 4:True:7,11:128,42
> 5:False:6,11:128,41
> 6:False:5,10:128,40
> 7:False:6,11:128,41
depots-suboptimal-old-noisy/100/depots_noisy_p03_hyp-2_full_1.tar.bz2:0.621892929077:0.01596845:0.62
> 0:False:5,12:134,54
> 1:True:7,12:134,56
> 2:False:6,14:134,55
> 3:False:6,14:134,55
> 4:False:7,14:134,56
> 5:False:6,14:134,55
> 6:False:5,13:134,54
> 7:False:6,14:134,55
depots-suboptimal-old-noisy/100/depots_noisy_p03_hyp-2_full_2.tar.bz2:0.623682022095:0.01602382:0.62
> 0:False:5,12:134,54
> 1:True:7,12:134,56
> 2:False:6,14:134,55
> 3:False:6,14:134,55
> 4:False:7,14:134,56
> 5:False:6,14:134,55
> 6:False:5,13:134,54
> 7:False:6,14:134,55
depots-suboptimal-old-noisy/100/depots_noisy_p03_hyp-2_full_3.tar.bz2:0.638236045837:0.02849115:0.63
> 0:False:5,12:136,61
> 1:True:7,12:136,63
> 2:False:6,14:136,62
> 3:False:6,14:136,62
> 4:False:7,14:136,63
> 5:False:6,14:136,62
> 6:False:5,13:136,61
> 7:False:6,14:136,62
depots-suboptimal-old-noisy/100/depots_noisy_p03_hyp-3_full_1.tar.bz2:0.633026123047:0.0237039:0.63
> 0:False:5,11:132,53
> 1:False:7,13:132,55
> 2:True:6,11:132,54
> 3:False:6,13:132,54
> 4:False:7,13:132,55
> 5:False:6,13:132,54
> 6:False:5,12:132,53
> 7:False:6,13:132,54
depots-suboptimal-old-noisy/100/depots_noisy_p03_hyp-3_full_2.tar.bz2:0.638831138611:0.02985364:0.64
> 0:False:5,11:134,56
> 1:False:7,13:134,58
> 2:True:6,11:134,57
> 3:False:6,13:134,57
> 4:False:7,13:134,58
> 5:False:6,13:134,57
> 6:False:5,12:134,56
> 7:False:6,13:134,57
depots-suboptimal-old-noisy/100/depots_noisy_p03_hyp-3_full_3.tar.bz2:0.639358043671:0.03029638:0.64
> 0:False:5,11:134,57
> 1:False:7,13:134,59
> 2:True:6,11:134,58
> 3:False:6,13:134,58
> 4:False:7,13:134,59
> 5:False:6,13:134,58
> 6:False:5,12:134,57
> 7:False:6,13:134,58
depots-suboptimal-old-noisy/100/depots_noisy_p03_hyp-4_full_1.tar.bz2:0.641689062119:0.0327782:0.64
> 0:False:5,13:138,67
> 1:False:7,15:138,69
> 2:False:6,14:138,68
> 3:True:6,12:138,68
> 4:False:7,14:138,69
> 5:False:6,13:138,68
> 6:False:5,12:138,67
> 7:False:6,13:138,68
depots-suboptimal-old-noisy/100/depots_noisy_p03_hyp-4_full_2.tar.bz2:0.622482061386:0.01571225:0.63
> 0:False:5,13:134,54
> 1:False:7,15:134,56
> 2:False:6,15:134,55
> 3:True:6,12:134,55
> 4:False:7,14:134,56
> 5:False:6,13:134,55
> 6:False:5,12:134,54
> 7:False:6,13:134,55
depots-suboptimal-old-noisy/100/depots_noisy_p03_hyp-4_full_3.tar.bz2:0.622869968414:0.01581553:0.62
> 0:False:5,13:134,54
> 1:False:7,15:134,56
> 2:False:6,15:134,55
> 3:True:6,12:134,55
> 4:False:7,14:134,56
> 5:False:6,13:134,55
> 6:False:5,12:134,54
> 7:False:6,13:134,55
depots-suboptimal-old-noisy/100/depots_noisy_p04_hyp-1_full_1.tar.bz2:0.632591962814:0.01625474:0.62
> 0:True:6,16:144,53
> 1:False:6,17:144,53
> 2:False:5,16:144,52
> 3:False:7,19:144,54
> 4:False:6,17:144,53
> 5:False:5,17:144,52
> 6:False:6,19:144,53
> 7:False:7,19:144,54
depots-suboptimal-old-noisy/100/depots_noisy_p04_hyp-1_full_2.tar.bz2:0.644643068314:0.02544588:0.66
> 0:True:6,16:146,61
> 1:False:6,17:146,61
> 2:False:5,16:146,60
> 3:False:7,19:146,62
> 4:False:6,17:146,61
> 5:False:5,17:146,60
> 6:False:6,19:146,61
> 7:False:7,19:146,62
depots-suboptimal-old-noisy/100/depots_noisy_p04_hyp-1_full_3.tar.bz2:0.640727996826:0.02382964:0.64
> 0:True:6,16:146,60
> 1:False:6,17:146,60
> 2:False:5,16:146,59
> 3:False:7,19:146,61
> 4:False:6,17:146,60
> 5:False:5,17:146,59
> 6:False:6,19:146,60
> 7:False:7,19:146,61
depots-suboptimal-old-noisy/100/depots_noisy_p04_hyp-2_full_1.tar.bz2:0.652096986771:0.03128663:0.66
> 0:False:6,14:148,67
> 1:True:6,13:148,67
> 2:False:5,13:148,66
> 3:False:7,16:148,68
> 4:False:6,14:148,67
> 5:False:5,14:148,66
> 6:False:6,16:148,67
> 7:False:7,15:148,68
depots-suboptimal-old-noisy/100/depots_noisy_p04_hyp-2_full_2.tar.bz2:0.649564981461:0.02842344:0.65
> 0:False:6,14:146,60
> 1:True:6,13:146,60
> 2:False:5,13:146,59
> 3:False:7,16:146,61
> 4:False:6,14:146,60
> 5:False:5,14:146,59
> 6:False:6,16:146,60
> 7:False:7,15:146,61
depots-suboptimal-old-noisy/100/depots_noisy_p04_hyp-2_full_3.tar.bz2:0.646416902542:0.02854975:0.65
> 0:False:6,14:146,60
> 1:True:6,13:146,60
> 2:False:5,13:146,59
> 3:False:7,16:146,61
> 4:False:6,14:146,60
> 5:False:5,14:146,59
> 6:False:6,16:146,60
> 7:False:7,15:146,61
depots-suboptimal-old-noisy/100/depots_noisy_p04_hyp-3_full_1.tar.bz2:0.64915895462:0.02894025:0.65
> 0:False:6,18:150,68
> 1:False:6,18:150,68
> 2:False:5,17:150,67
> 3:True:7,16:150,69
> 4:False:6,18:150,68
> 5:False:5,16:150,67
> 6:False:6,18:150,68
> 7:False:7,18:150,69
depots-suboptimal-old-noisy/100/depots_noisy_p04_hyp-3_full_2.tar.bz2:0.63641500473:0.0179756:0.64
> 0:False:6,18:148,62
> 1:False:6,18:148,62
> 2:False:5,17:148,61
> 3:True:7,16:148,63
> 4:False:6,18:148,62
> 5:False:5,16:148,61
> 6:False:6,18:148,62
> 7:False:7,18:148,63
depots-suboptimal-old-noisy/100/depots_noisy_p04_hyp-3_full_3.tar.bz2:0.645567178726:0.02675392:0.65
> 0:False:6,18:150,68
> 1:False:6,18:150,68
> 2:False:5,17:150,67
> 3:True:7,16:150,69
> 4:False:6,18:150,68
> 5:False:5,16:150,67
> 6:False:6,18:150,68
> 7:False:7,18:150,69
depots-suboptimal-old-noisy/100/depots_noisy_p04_hyp-4_full_1.tar.bz2:0.639703989029:0.02259812:0.64
> 0:False:6,14:144,51
> 1:False:6,14:144,51
> 2:False:5,13:144,50
> 3:False:7,14:144,52
> 4:False:6,14:144,51
> 5:False:5,12:144,50
> 6:True:6,12:144,51
> 7:False:7,14:144,52
depots-suboptimal-old-noisy/100/depots_noisy_p04_hyp-4_full_2.tar.bz2:0.642178058624:0.02296865:0.65
> 0:False:6,14:144,51
> 1:False:6,14:144,51
> 2:False:5,13:144,50
> 3:False:7,14:144,52
> 4:False:6,14:144,51
> 5:False:5,12:144,50
> 6:True:6,12:144,51
> 7:False:7,14:144,52
depots-suboptimal-old-noisy/100/depots_noisy_p04_hyp-4_full_3.tar.bz2:0.64014005661:0.02269908:0.64
> 0:False:6,14:144,51
> 1:False:6,14:144,51
> 2:False:5,13:144,50
> 3:False:7,14:144,52
> 4:False:6,14:144,51
> 5:False:5,12:144,50
> 6:True:6,12:144,51
> 7:False:7,14:144,52
depots-suboptimal-old-noisy/100/depots_noisy_p05_hyp-1_full_1.tar.bz2:0.651562929153:0.03159613:0.65
> 0:False:6,15:148,65
> 1:True:7,13:148,66
> 2:False:5,13:148,64
> 3:False:6,15:148,65
> 4:False:7,15:148,66
> 5:False:5,14:148,64
> 6:False:6,15:148,65
> 7:False:6,15:148,65
depots-suboptimal-old-noisy/100/depots_noisy_p05_hyp-1_full_2.tar.bz2:0.651259899139:0.03107206:0.65
> 0:False:6,15:150,68
> 1:True:7,13:150,69
> 2:False:5,13:150,67
> 3:False:6,15:150,68
> 4:False:7,15:150,69
> 5:False:5,14:150,67
> 6:False:6,15:150,68
> 7:False:6,15:150,68
depots-suboptimal-old-noisy/100/depots_noisy_p05_hyp-1_full_3.tar.bz2:0.649930953979:0.03158185:0.64
> 0:False:6,15:148,64
> 1:True:7,13:148,65
> 2:False:5,13:148,63
> 3:False:6,15:148,64
> 4:False:7,15:148,65
> 5:False:5,14:148,63
> 6:False:6,15:148,64
> 7:False:6,15:148,64
depots-suboptimal-old-noisy/100/depots_noisy_p05_hyp-2_full_1.tar.bz2:0.637945175171:0.02288901:0.63
> 0:False:6,15:146,57
> 1:False:7,16:146,58
> 2:False:5,14:146,56
> 3:False:6,15:146,57
> 4:False:7,16:146,58
> 5:False:5,14:146,56
> 6:True:6,14:146,57
> 7:False:6,15:146,57
depots-suboptimal-old-noisy/100/depots_noisy_p05_hyp-2_full_2.tar.bz2:0.645359992981:0.02349225:0.65
> 0:False:6,15:146,57
> 1:False:7,16:146,58
> 2:False:5,14:146,56
> 3:False:6,15:146,57
> 4:False:7,16:146,58
> 5:False:5,14:146,56
> 6:True:6,14:146,57
> 7:False:6,15:146,57
depots-suboptimal-old-noisy/100/depots_noisy_p05_hyp-2_full_3.tar.bz2:0.639184951782:0.02337902:0.63
> 0:False:6,15:146,57
> 1:False:7,16:146,58
> 2:False:5,14:146,56
> 3:False:6,15:146,57
> 4:False:7,16:146,58
> 5:False:5,14:146,56
> 6:True:6,14:146,57
> 7:False:6,15:146,57
depots-suboptimal-old-noisy/100/depots_noisy_p05_hyp-3_full_1.tar.bz2:0.650460958481:0.03177937:0.64
> 0:False:6,16:148,60
> 1:False:7,15:148,61
> 2:False:5,14:148,59
> 3:False:6,14:148,60
> 4:False:7,16:148,61
> 5:False:5,13:148,59
> 6:False:6,14:148,60
> 7:True:6,13:148,60
depots-suboptimal-old-noisy/100/depots_noisy_p05_hyp-3_full_2.tar.bz2:0.647490024567:0.02713724:0.65
> 0:False:6,16:146,57
> 1:False:7,15:146,58
> 2:False:5,14:146,56
> 3:False:6,14:146,57
> 4:False:7,16:146,58
> 5:False:5,13:146,56
> 6:False:6,14:146,57
> 7:True:6,13:146,57
depots-suboptimal-old-noisy/100/depots_noisy_p05_hyp-3_full_3.tar.bz2:0.648921012878:0.03321481:0.65
> 0:False:6,15:148,65
> 1:True:7,14:148,66
> 2:False:5,13:148,64
> 3:False:6,14:148,65
> 4:False:7,15:148,66
> 5:False:5,13:148,64
> 6:False:6,14:148,65
> 7:True:6,13:148,65
depots-suboptimal-old-noisy/100/depots_noisy_p05_hyp-4_full_1.tar.bz2:0.643854856491:0.02503904:0.64
> 0:False:6,15:146,59
> 1:False:7,15:146,60
> 2:False:5,13:146,58
> 3:False:6,15:146,59
> 4:True:7,13:146,60
> 5:False:5,14:146,58
> 6:False:6,15:146,59
> 7:False:6,15:146,59
depots-suboptimal-old-noisy/100/depots_noisy_p05_hyp-4_full_2.tar.bz2:0.642211914062:0.02496221:0.65
> 0:False:6,15:146,59
> 1:False:7,15:146,60
> 2:False:5,13:146,58
> 3:False:6,15:146,59
> 4:True:7,13:146,60
> 5:False:5,14:146,58
> 6:False:6,15:146,59
> 7:False:6,15:146,59
depots-suboptimal-old-noisy/100/depots_noisy_p05_hyp-4_full_3.tar.bz2:0.650527954102:0.03265412:0.65
> 0:False:6,15:148,66
> 1:False:7,15:148,67
> 2:False:5,13:148,65
> 3:False:6,15:148,66
> 4:True:7,13:148,67
> 5:False:5,14:148,65
> 6:False:6,15:148,66
> 7:False:6,15:148,66
