depots-optimal/10/depots_p03_hyp-1_10_1.tar.bz2:2.00160312653:0.015625:1.77
> (on crate1 crate0),(on crate0 pallet0):False:6.0,7.0:113.0,15.0
> (on crate1 pallet1),(on crate0 crate1):False:6.0,8.0:113.0,17.0
> (on crate1 crate0),(on crate0 pallet1):False:5.0,6.0:113.0,14.0
> (on crate0 crate1),(on crate1 pallet3):False:7.0,9.0:113.0,19.0
> (on crate1 pallet0),(on crate0 crate1):True:5.0,5.0:113.0,13.0
> (on crate1 crate0),(on crate0 pallet3):False:6.0,8.0:113.0,17.0
> (on crate0 crate1),(on crate1 pallet2):False:7.0,9.0:113.0,19.0
> (on crate0 pallet2),(on crate1 crate0):False:6.0,7.0:113.0,16.0
depots-optimal/10/depots_p03_hyp-2_10_1.tar.bz2:1.95775699615:0.015625:1.73
> (on crate1 crate0),(on crate0 pallet0):True:6.0,6.0:113.0,15.0
> (on crate1 pallet1),(on crate0 crate1):True:6.0,6.0:113.0,15.0
> (on crate1 crate0),(on crate0 pallet1):True:5.0,5.0:113.0,13.0
> (on crate0 crate1),(on crate1 pallet3):True:7.0,7.0:113.0,17.0
> (on crate1 pallet0),(on crate0 crate1):True:5.0,5.0:113.0,13.0
> (on crate1 crate0),(on crate0 pallet3):True:6.0,6.0:113.0,15.0
> (on crate0 crate1),(on crate1 pallet2):True:7.0,7.0:113.0,17.0
> (on crate0 pallet2),(on crate1 crate0):True:6.0,6.0:113.0,15.0
depots-optimal/10/depots_p04_hyp-1_10_1.tar.bz2:2.14863705635:0.015625:1.82
> (on crate1 crate0),(on crate0 pallet0):True:5.0,5.0:123.0,13.0
> (on crate1 pallet1),(on crate0 crate1):True:5.0,5.0:123.0,13.0
> (on crate1 crate0),(on crate0 pallet1):True:6.0,6.0:123.0,15.0
> (on crate0 crate1),(on crate1 pallet3):True:6.0,6.0:123.0,15.0
> (on crate1 pallet0),(on crate0 crate1):True:6.0,6.0:123.0,15.0
> (on crate1 crate0),(on crate0 pallet3):True:7.0,7.0:123.0,17.0
> (on crate0 crate1),(on crate1 pallet2):True:6.0,6.0:123.0,15.0
> (on crate0 pallet2),(on crate1 crate0):True:7.0,7.0:123.0,17.0
depots-optimal/10/depots_p04_hyp-2_10_1.tar.bz2:2.11499786377:0.0:1.83
> (on crate1 crate0),(on crate0 pallet0):False:5.0,7.0:123.0,15.0
> (on crate1 pallet1),(on crate0 crate1):False:5.0,6.0:123.0,14.0
> (on crate1 crate0),(on crate0 pallet1):False:6.0,7.0:123.0,16.0
> (on crate0 crate1),(on crate1 pallet3):False:6.0,7.0:123.0,16.0
> (on crate1 pallet0),(on crate0 crate1):False:6.0,7.0:123.0,16.0
> (on crate1 crate0),(on crate0 pallet3):False:7.0,8.0:123.0,18.0
> (on crate0 crate1),(on crate1 pallet2):True:6.0,6.0:123.0,15.0
> (on crate0 pallet2),(on crate1 crate0):True:7.0,7.0:123.0,17.0
depots-optimal/10/depots_p05_hyp-1_10_1.tar.bz2:2.19425106049:0.03125:1.96
> (on crate1 crate0),(on crate0 pallet0):False:5.0,7.0:123.0,15.0
> (on crate1 pallet1),(on crate0 crate1):False:5.0,7.0:123.0,14.0
> (on crate1 crate0),(on crate0 pallet1):False:6.0,8.0:123.0,16.0
> (on crate0 crate1),(on crate1 pallet3):False:7.0,9.0:123.0,18.0
> (on crate1 pallet0),(on crate0 crate1):False:6.0,9.0:123.0,17.0
> (on crate1 crate0),(on crate0 pallet3):False:6.0,7.0:123.0,16.0
> (on crate0 crate1),(on crate1 pallet2):True:7.0,7.0:123.0,17.0
> (on crate0 pallet2),(on crate1 crate0):True:6.0,6.0:123.0,15.0
depots-optimal/10/depots_p05_hyp-2_10_1.tar.bz2:2.08786392212:0.015625:1.94
> (on crate1 crate0),(on crate0 pallet0):False:5.0,6.0:123.0,14.0
> (on crate1 pallet1),(on crate0 crate1):True:5.0,5.0:123.0,13.0
> (on crate1 crate0),(on crate0 pallet1):True:6.0,6.0:123.0,15.0
> (on crate0 crate1),(on crate1 pallet3):True:7.0,7.0:123.0,17.0
> (on crate1 pallet0),(on crate0 crate1):False:6.0,7.0:123.0,16.0
> (on crate1 crate0),(on crate0 pallet3):True:6.0,6.0:123.0,15.0
> (on crate0 crate1),(on crate1 pallet2):True:7.0,7.0:123.0,17.0
> (on crate0 pallet2),(on crate1 crate0):True:6.0,6.0:123.0,15.0
depots-optimal/30/depots_p03_hyp-1_30_1.tar.bz2:2.25999403:0.015625:1.84
> (on crate1 crate0),(on crate0 pallet0):True:6.0,7.0:114.0,22.0
> (on crate1 pallet1),(on crate0 crate1):True:6.0,7.0:114.0,22.0
> (on crate1 crate0),(on crate0 pallet1):True:5.0,6.0:114.0,19.0
> (on crate0 crate1),(on crate1 pallet3):True:7.0,8.0:114.0,25.0
> (on crate1 pallet0),(on crate0 crate1):True:5.0,6.0:114.0,19.0
> (on crate1 crate0),(on crate0 pallet3):True:6.0,7.0:114.0,22.0
> (on crate0 crate1),(on crate1 pallet2):True:7.0,8.0:114.0,25.0
> (on crate0 pallet2),(on crate1 crate0):True:6.0,7.0:114.0,22.0
depots-optimal/30/depots_p03_hyp-2_30_1.tar.bz2:2.41487908363:0.03125:2.22
> (on crate1 crate0),(on crate0 pallet0):True:6.0,7.0:115.0,29.0
> (on crate1 pallet1),(on crate0 crate1):True:6.0,7.0:115.0,29.0
> (on crate1 crate0),(on crate0 pallet1):True:5.0,6.0:115.0,25.0
> (on crate0 crate1),(on crate1 pallet3):True:7.0,8.0:115.0,33.0
> (on crate1 pallet0),(on crate0 crate1):False:5.0,7.0:115.0,25.0
> (on crate1 crate0),(on crate0 pallet3):True:6.0,7.0:115.0,29.0
> (on crate0 crate1),(on crate1 pallet2):True:7.0,8.0:115.0,33.0
> (on crate0 pallet2),(on crate1 crate0):True:6.0,7.0:115.0,29.0
depots-optimal/30/depots_p04_hyp-1_30_1.tar.bz2:2.6927959919:0.03125:2.33
> (on crate1 crate0),(on crate0 pallet0):False:5.0,7.0:125.0,26.0
> (on crate1 pallet1),(on crate0 crate1):False:5.0,7.0:125.0,26.0
> (on crate1 crate0),(on crate0 pallet1):False:6.0,9.0:125.0,31.0
> (on crate0 crate1),(on crate1 pallet3):False:6.0,9.0:125.0,32.0
> (on crate1 pallet0),(on crate0 crate1):True:6.0,7.0:125.0,29.0
> (on crate1 crate0),(on crate0 pallet3):False:7.0,10.0:125.0,35.0
> (on crate0 crate1),(on crate1 pallet2):False:6.0,8.0:125.0,31.0
> (on crate0 pallet2),(on crate1 crate0):False:7.0,10.0:125.0,35.0
depots-optimal/30/depots_p04_hyp-2_30_1.tar.bz2:2.43517804146:0.0625:2.17
> (on crate1 crate0),(on crate0 pallet0):False:5.0,7.0:125.0,27.0
> (on crate1 pallet1),(on crate0 crate1):False:5.0,7.0:125.0,26.0
> (on crate1 crate0),(on crate0 pallet1):False:6.0,8.0:125.0,30.0
> (on crate0 crate1),(on crate1 pallet3):False:6.0,8.0:125.0,30.0
> (on crate1 pallet0),(on crate0 crate1):False:6.0,7.0:125.0,30.0
> (on crate1 crate0),(on crate0 pallet3):False:7.0,9.0:125.0,34.0
> (on crate0 crate1),(on crate1 pallet2):True:6.0,6.0:125.0,29.0
> (on crate0 pallet2),(on crate1 crate0):True:7.0,7.0:125.0,33.0
depots-optimal/30/depots_p05_hyp-1_30_1.tar.bz2:2.5131649971:0.015625:2.05
> (on crate1 crate0),(on crate0 pallet0):False:5.0,7.0:125.0,26.0
> (on crate1 pallet1),(on crate0 crate1):False:5.0,7.0:125.0,27.0
> (on crate1 crate0),(on crate0 pallet1):True:6.0,7.0:125.0,30.0
> (on crate0 crate1),(on crate1 pallet3):False:7.0,9.0:125.0,34.0
> (on crate1 pallet0),(on crate0 crate1):False:6.0,8.0:125.0,30.0
> (on crate1 crate0),(on crate0 pallet3):False:6.0,8.0:125.0,30.0
> (on crate0 crate1),(on crate1 pallet2):True:7.0,8.0:125.0,33.0
> (on crate0 pallet2),(on crate1 crate0):True:6.0,7.0:125.0,29.0
depots-optimal/30/depots_p05_hyp-2_30_1.tar.bz2:2.33716487885:0.046875:2.14
> (on crate1 crate0),(on crate0 pallet0):False:5.0,7.0:125.0,26.0
> (on crate1 pallet1),(on crate0 crate1):False:5.0,7.0:125.0,26.0
> (on crate1 crate0),(on crate0 pallet1):True:6.0,7.0:125.0,29.0
> (on crate0 crate1),(on crate1 pallet3):False:7.0,10.0:125.0,34.0
> (on crate1 pallet0),(on crate0 crate1):False:6.0,8.0:125.0,30.0
> (on crate1 crate0),(on crate0 pallet3):True:6.0,7.0:125.0,29.0
> (on crate0 crate1),(on crate1 pallet2):False:7.0,10.0:125.0,34.0
> (on crate0 pallet2),(on crate1 crate0):True:6.0,7.0:125.0,29.0
depots-optimal/50/depots_p03_hyp-1_50_1.tar.bz2:2.32785606384:0.0:2.07
> (on crate1 crate0),(on crate0 pallet0):True:6.0,7.0:115.0,29.0
> (on crate1 pallet1),(on crate0 crate1):True:6.0,7.0:115.0,29.0
> (on crate1 crate0),(on crate0 pallet1):True:5.0,6.0:115.0,25.0
> (on crate0 crate1),(on crate1 pallet3):True:7.0,8.0:115.0,33.0
> (on crate1 pallet0),(on crate0 crate1):True:5.0,6.0:115.0,25.0
> (on crate1 crate0),(on crate0 pallet3):True:6.0,7.0:115.0,29.0
> (on crate0 crate1),(on crate1 pallet2):True:7.0,8.0:115.0,33.0
> (on crate0 pallet2),(on crate1 crate0):True:6.0,7.0:115.0,29.0
depots-optimal/50/depots_p03_hyp-2_50_1.tar.bz2:2.3611638546:0.03125:2.08
> (on crate1 crate0),(on crate0 pallet0):False:6.0,11.0:117.0,47.0
> (on crate1 pallet1),(on crate0 crate1):False:6.0,10.0:117.0,47.0
> (on crate1 crate0),(on crate0 pallet1):False:5.0,8.0:117.0,38.0
> (on crate0 crate1),(on crate1 pallet3):False:7.0,10.0:117.0,51.0
> (on crate1 pallet0),(on crate0 crate1):False:5.0,8.0:117.0,39.0
> (on crate1 crate0),(on crate0 pallet3):False:6.0,12.0:117.0,47.0
> (on crate0 crate1),(on crate1 pallet2):True:7.0,8.0:117.0,49.0
> (on crate0 pallet2),(on crate1 crate0):False:6.0,9.0:117.0,43.0
depots-optimal/50/depots_p04_hyp-1_50_1.tar.bz2:2.28285002708:0.0625:2.07
> (on crate1 crate0),(on crate0 pallet0):True:5.0,6.0:127.0,37.0
> (on crate1 pallet1),(on crate0 crate1):False:5.0,7.0:127.0,38.0
> (on crate1 crate0),(on crate0 pallet1):False:6.0,8.0:127.0,44.0
> (on crate0 crate1),(on crate1 pallet3):False:6.0,8.0:127.0,43.0
> (on crate1 pallet0),(on crate0 crate1):True:6.0,7.0:127.0,43.0
> (on crate1 crate0),(on crate0 pallet3):True:7.0,8.0:127.0,49.0
> (on crate0 crate1),(on crate1 pallet2):False:6.0,8.0:127.0,43.0
> (on crate0 pallet2),(on crate1 crate0):True:7.0,8.0:127.0,49.0
depots-optimal/50/depots_p04_hyp-2_50_1.tar.bz2:2.32630610466:0.0:1.89
> (on crate1 crate0),(on crate0 pallet0):False:5.0,9.0:127.0,41.0
> (on crate1 pallet1),(on crate0 crate1):False:5.0,7.0:127.0,39.0
> (on crate1 crate0),(on crate0 pallet1):False:6.0,10.0:127.0,48.0
> (on crate0 crate1),(on crate1 pallet3):False:6.0,9.0:127.0,47.0
> (on crate1 pallet0),(on crate0 crate1):False:6.0,10.0:127.0,48.0
> (on crate1 crate0),(on crate0 pallet3):False:7.0,11.0:127.0,52.0
> (on crate0 crate1),(on crate1 pallet2):True:6.0,7.0:127.0,43.0
> (on crate0 pallet2),(on crate1 crate0):False:7.0,9.0:127.0,49.0
depots-optimal/50/depots_p05_hyp-1_50_1.tar.bz2:2.20069313049:0.03125:1.96
> (on crate1 crate0),(on crate0 pallet0):False:5.0,9.0:127.0,41.0
> (on crate1 pallet1),(on crate0 crate1):False:5.0,9.0:127.0,42.0
> (on crate1 crate0),(on crate0 pallet1):False:6.0,11.0:127.0,47.0
> (on crate0 crate1),(on crate1 pallet3):False:7.0,11.0:127.0,52.0
> (on crate1 pallet0),(on crate0 crate1):False:6.0,11.0:127.0,48.0
> (on crate1 crate0),(on crate0 pallet3):False:6.0,10.0:127.0,46.0
> (on crate0 crate1),(on crate1 pallet2):True:7.0,9.0:127.0,49.0
> (on crate0 pallet2),(on crate1 crate0):False:6.0,9.0:127.0,43.0
depots-optimal/50/depots_p05_hyp-2_50_1.tar.bz2:2.16702890396:0.015625:1.76
> (on crate1 crate0),(on crate0 pallet0):True:5.0,7.0:127.0,38.0
> (on crate1 pallet1),(on crate0 crate1):True:5.0,7.0:127.0,38.0
> (on crate1 crate0),(on crate0 pallet1):True:6.0,8.0:127.0,43.0
> (on crate0 crate1),(on crate1 pallet3):True:7.0,9.0:127.0,49.0
> (on crate1 pallet0),(on crate0 crate1):True:6.0,8.0:127.0,44.0
> (on crate1 crate0),(on crate0 pallet3):True:6.0,8.0:127.0,43.0
> (on crate0 crate1),(on crate1 pallet2):True:7.0,9.0:127.0,49.0
> (on crate0 pallet2),(on crate1 crate0):True:6.0,8.0:127.0,43.0
depots-optimal/70/depots_p03_hyp-1_70_1.tar.bz2:1.98325586319:0.015625:1.73
> (on crate1 crate0),(on crate0 pallet0):True:6.0,7.0:117.0,43.0
> (on crate1 pallet1),(on crate0 crate1):False:6.0,8.0:117.0,44.0
> (on crate1 crate0),(on crate0 pallet1):False:5.0,7.0:117.0,38.0
> (on crate0 crate1),(on crate1 pallet3):True:7.0,8.0:117.0,49.0
> (on crate1 pallet0),(on crate0 crate1):True:5.0,6.0:117.0,37.0
> (on crate1 crate0),(on crate0 pallet3):False:6.0,8.0:117.0,43.0
> (on crate0 crate1),(on crate1 pallet2):True:7.0,8.0:117.0,49.0
> (on crate0 pallet2),(on crate1 crate0):False:6.0,8.0:117.0,43.0
depots-optimal/70/depots_p03_hyp-2_70_1.tar.bz2:1.97396111488:0.03125:1.71
> (on crate1 crate0),(on crate0 pallet0):False:6.0,12.0:119.0,63.0
> (on crate1 pallet1),(on crate0 crate1):False:6.0,11.0:119.0,64.0
> (on crate1 crate0),(on crate0 pallet1):False:5.0,9.0:119.0,53.0
> (on crate0 crate1),(on crate1 pallet3):False:7.0,12.0:119.0,69.0
> (on crate1 pallet0),(on crate0 crate1):False:5.0,10.0:119.0,54.0
> (on crate1 crate0),(on crate0 pallet3):False:6.0,13.0:119.0,63.0
> (on crate0 crate1),(on crate1 pallet2):True:7.0,10.0:119.0,65.0
> (on crate0 pallet2),(on crate1 crate0):False:6.0,10.0:119.0,57.0
depots-optimal/70/depots_p04_hyp-1_70_1.tar.bz2:1.95626211166:0.03125:1.56
> (on crate1 crate0),(on crate0 pallet0):False:5.0,10.0:129.0,51.0
> (on crate1 pallet1),(on crate0 crate1):False:5.0,8.0:129.0,51.0
> (on crate1 crate0),(on crate0 pallet1):False:6.0,11.0:129.0,61.0
> (on crate0 crate1),(on crate1 pallet3):False:6.0,11.0:129.0,62.0
> (on crate1 pallet0),(on crate0 crate1):True:6.0,8.0:129.0,57.0
> (on crate1 crate0),(on crate0 pallet3):False:7.0,12.0:129.0,69.0
> (on crate0 crate1),(on crate1 pallet2):False:6.0,10.0:129.0,60.0
> (on crate0 pallet2),(on crate1 crate0):False:7.0,12.0:129.0,69.0
depots-optimal/70/depots_p04_hyp-2_70_1.tar.bz2:1.87377786636:0.015625:1.61
> (on crate1 crate0),(on crate0 pallet0):False:5.0,10.0:129.0,52.0
> (on crate1 pallet1),(on crate0 crate1):False:5.0,9.0:129.0,51.0
> (on crate1 crate0),(on crate0 pallet1):False:6.0,11.0:129.0,60.0
> (on crate0 crate1),(on crate1 pallet3):False:6.0,10.0:129.0,59.0
> (on crate1 pallet0),(on crate0 crate1):False:6.0,10.0:129.0,59.0
> (on crate1 crate0),(on crate0 pallet3):False:7.0,11.0:129.0,67.0
> (on crate0 crate1),(on crate1 pallet2):True:6.0,8.0:129.0,57.0
> (on crate0 pallet2),(on crate1 crate0):True:7.0,9.0:129.0,65.0
depots-optimal/70/depots_p05_hyp-1_70_1.tar.bz2:1.98909497261:0.03125:1.72
> (on crate1 crate0),(on crate0 pallet0):False:5.0,9.0:129.0,53.0
> (on crate1 pallet1),(on crate0 crate1):False:5.0,9.0:129.0,54.0
> (on crate1 crate0),(on crate0 pallet1):False:6.0,12.0:129.0,63.0
> (on crate0 crate1),(on crate1 pallet3):False:7.0,11.0:129.0,69.0
> (on crate1 pallet0),(on crate0 crate1):False:6.0,11.0:129.0,64.0
> (on crate1 crate0),(on crate0 pallet3):False:6.0,13.0:129.0,63.0
> (on crate0 crate1),(on crate1 pallet2):True:7.0,9.0:129.0,65.0
> (on crate0 pallet2),(on crate1 crate0):False:6.0,9.0:129.0,57.0
depots-optimal/70/depots_p05_hyp-2_70_1.tar.bz2:1.98861193657:0.03125:1.75
> (on crate1 crate0),(on crate0 pallet0):False:5.0,10.0:129.0,51.0
> (on crate1 pallet1),(on crate0 crate1):False:5.0,10.0:129.0,51.0
> (on crate1 crate0),(on crate0 pallet1):True:6.0,10.0:129.0,57.0
> (on crate0 crate1),(on crate1 pallet3):False:7.0,13.0:129.0,68.0
> (on crate1 pallet0),(on crate0 crate1):False:6.0,12.0:129.0,60.0
> (on crate1 crate0),(on crate0 pallet3):True:6.0,10.0:129.0,58.0
> (on crate0 crate1),(on crate1 pallet2):False:7.0,13.0:129.0,68.0
> (on crate0 pallet2),(on crate1 crate0):True:6.0,10.0:129.0,59.0
depots-optimal/100/depots_p03_hyp-1_full.tar.bz2:1.90351915359:0.015625:1.61
> (on crate1 crate0),(on crate0 pallet0):False:6.0,8.0:118.0,50.0
> (on crate1 pallet1),(on crate0 crate1):False:6.0,9.0:118.0,53.0
> (on crate1 crate0),(on crate0 pallet1):False:5.0,7.0:118.0,45.0
> (on crate0 crate1),(on crate1 pallet3):False:7.0,10.0:118.0,59.0
> (on crate1 pallet0),(on crate0 crate1):True:5.0,6.0:118.0,43.0
> (on crate1 crate0),(on crate0 pallet3):False:6.0,9.0:118.0,52.0
> (on crate0 crate1),(on crate1 pallet2):False:7.0,10.0:118.0,59.0
> (on crate0 pallet2),(on crate1 crate0):False:6.0,8.0:118.0,51.0
depots-optimal/100/depots_p03_hyp-2_full.tar.bz2:2.01444387436:0.015625:1.68
> (on crate1 crate0),(on crate0 pallet0):False:6.0,13.0:122.0,86.0
> (on crate1 pallet1),(on crate0 crate1):False:6.0,12.0:122.0,86.0
> (on crate1 crate0),(on crate0 pallet1):False:5.0,11.0:122.0,72.0
> (on crate0 crate1),(on crate1 pallet3):False:7.0,12.0:122.0,94.0
> (on crate1 pallet0),(on crate0 crate1):False:5.0,10.0:122.0,74.0
> (on crate1 crate0),(on crate0 pallet3):False:6.0,13.0:122.0,85.0
> (on crate0 crate1),(on crate1 pallet2):True:7.0,10.0:122.0,89.0
> (on crate0 pallet2),(on crate1 crate0):False:6.0,12.0:122.0,78.0
depots-optimal/100/depots_p04_hyp-1_full.tar.bz2:1.91814899445:0.03125:1.52
> (on crate1 crate0),(on crate0 pallet0):False:5.0,11.0:132.0,69.0
> (on crate1 pallet1),(on crate0 crate1):False:5.0,10.0:132.0,70.0
> (on crate1 crate0),(on crate0 pallet1):False:6.0,13.0:132.0,83.0
> (on crate0 crate1),(on crate1 pallet3):False:6.0,13.0:132.0,83.0
> (on crate1 pallet0),(on crate0 crate1):True:6.0,10.0:132.0,78.0
> (on crate1 crate0),(on crate0 pallet3):False:7.0,14.0:132.0,93.0
> (on crate0 crate1),(on crate1 pallet2):False:6.0,12.0:132.0,81.0
> (on crate0 pallet2),(on crate1 crate0):False:7.0,14.0:132.0,93.0
depots-optimal/100/depots_p04_hyp-2_full.tar.bz2:1.8954179287:0.046875:1.63
> (on crate1 crate0),(on crate0 pallet0):False:5.0,11.0:132.0,73.0
> (on crate1 pallet1),(on crate0 crate1):False:5.0,10.0:132.0,72.0
> (on crate1 crate0),(on crate0 pallet1):False:6.0,13.0:132.0,87.0
> (on crate0 crate1),(on crate1 pallet3):False:6.0,12.0:132.0,84.0
> (on crate1 pallet0),(on crate0 crate1):False:6.0,12.0:132.0,85.0
> (on crate1 crate0),(on crate0 pallet3):False:7.0,13.0:132.0,94.0
> (on crate0 crate1),(on crate1 pallet2):True:6.0,10.0:132.0,78.0
> (on crate0 pallet2),(on crate1 crate0):False:7.0,12.0:132.0,89.0
depots-optimal/100/depots_p05_hyp-1_full.tar.bz2:1.97792720795:0.046875:1.66
> (on crate1 crate0),(on crate0 pallet0):False:5.0,11.0:132.0,72.0
> (on crate1 pallet1),(on crate0 crate1):False:5.0,10.0:132.0,74.0
> (on crate1 crate0),(on crate0 pallet1):False:6.0,13.0:132.0,86.0
> (on crate0 crate1),(on crate1 pallet3):False:7.0,12.0:132.0,94.0
> (on crate1 pallet0),(on crate0 crate1):False:6.0,12.0:132.0,87.0
> (on crate1 crate0),(on crate0 pallet3):False:6.0,13.0:132.0,85.0
> (on crate0 crate1),(on crate1 pallet2):True:7.0,10.0:132.0,89.0
> (on crate0 pallet2),(on crate1 crate0):False:6.0,12.0:132.0,78.0
depots-optimal/100/depots_p05_hyp-2_full.tar.bz2:1.87752008438:0.0625:1.65
> (on crate1 crate0),(on crate0 pallet0):False:5.0,11.0:132.0,69.0
> (on crate1 pallet1),(on crate0 crate1):False:5.0,11.0:132.0,69.0
> (on crate1 crate0),(on crate0 pallet1):True:6.0,11.0:132.0,78.0
> (on crate0 crate1),(on crate1 pallet3):False:7.0,13.0:132.0,92.0
> (on crate1 pallet0),(on crate0 crate1):False:6.0,12.0:132.0,81.0
> (on crate1 crate0),(on crate0 pallet3):False:6.0,12.0:132.0,79.0
> (on crate0 crate1),(on crate1 pallet2):False:7.0,13.0:132.0,92.0
> (on crate0 pallet2),(on crate1 crate0):False:6.0,12.0:132.0,80.0
