depots-optimal-old-noisy/10/depots_noisy_p03_hyp-1_10_1.tar.bz2:0.607257843018:0.007538097:0.61
> 0:True:5,5:113,8
> 1:True:7,7:113,10
> 2:True:6,6:113,9
> 3:True:6,6:113,9
> 4:True:7,7:113,10
> 5:True:6,6:113,9
> 6:True:5,5:113,8
> 7:True:6,6:113,9
depots-optimal-old-noisy/10/depots_noisy_p03_hyp-1_10_2.tar.bz2:0.606438159943:0.00744547:0.6
> 0:True:5,6:113,9
> 1:True:7,8:113,11
> 2:True:6,7:113,10
> 3:True:6,7:113,10
> 4:True:7,8:113,11
> 5:True:6,7:113,10
> 6:True:5,6:113,9
> 7:True:6,7:113,10
depots-optimal-old-noisy/10/depots_noisy_p03_hyp-1_10_3.tar.bz2:0.602555990219:0.008282371:0.6
> 0:True:5,5:113,12
> 1:True:7,7:113,14
> 2:True:6,6:113,13
> 3:False:6,7:113,13
> 4:True:7,7:113,14
> 5:False:6,7:113,13
> 6:False:5,6:113,12
> 7:False:6,7:113,13
depots-optimal-old-noisy/10/depots_noisy_p03_hyp-2_10_1.tar.bz2:0.601259946823:0.00919566:0.6
> 0:False:5,7:114,18
> 1:True:7,8:114,20
> 2:False:6,9:114,19
> 3:False:6,8:114,19
> 4:False:7,9:114,20
> 5:False:6,8:114,19
> 6:False:5,7:114,18
> 7:False:6,8:114,19
depots-optimal-old-noisy/10/depots_noisy_p03_hyp-2_10_2.tar.bz2:0.602416992188:0.007534793:0.6
> 0:False:5,6:113,9
> 1:True:7,7:113,11
> 2:False:6,7:113,10
> 3:False:6,7:113,10
> 4:False:7,8:113,11
> 5:False:6,7:113,10
> 6:False:5,6:113,9
> 7:False:6,7:113,10
depots-optimal-old-noisy/10/depots_noisy_p03_hyp-2_10_3.tar.bz2:0.602358102798:0.007699955:0.6
> 0:True:5,5:113,9
> 1:True:7,7:113,11
> 2:True:6,6:113,10
> 3:True:6,6:113,10
> 4:True:7,7:113,11
> 5:True:6,6:113,10
> 6:True:5,5:113,9
> 7:True:6,6:113,10
depots-optimal-old-noisy/10/depots_noisy_p03_hyp-3_10_1.tar.bz2:0.598520040512:0.008112962:0.6
> 0:False:5,7:113,14
> 1:False:7,9:113,16
> 2:True:6,7:113,15
> 3:True:6,7:113,15
> 4:False:7,9:113,16
> 5:False:6,8:113,15
> 6:False:5,7:113,14
> 7:True:6,7:113,15
depots-optimal-old-noisy/10/depots_noisy_p03_hyp-3_10_2.tar.bz2:0.607405900955:0.007582002:0.62
> 0:True:5,5:113,8
> 1:True:7,7:113,10
> 2:True:6,6:113,9
> 3:True:6,6:113,9
> 4:True:7,7:113,10
> 5:True:6,6:113,9
> 6:True:5,5:113,8
> 7:True:6,6:113,9
depots-optimal-old-noisy/10/depots_noisy_p03_hyp-3_10_3.tar.bz2:0.606866836548:0.00908167:0.6
> 0:True:5,6:114,14
> 1:True:7,8:114,16
> 2:True:6,7:114,15
> 3:True:6,7:114,15
> 4:True:7,8:114,16
> 5:True:6,7:114,15
> 6:False:5,7:114,14
> 7:True:6,7:114,15
depots-optimal-old-noisy/10/depots_noisy_p03_hyp-4_10_1.tar.bz2:0.606312990189:0.008709039:0.61
> 0:False:5,8:113,15
> 1:True:7,8:113,17
> 2:False:6,9:113,16
> 3:False:6,8:113,16
> 4:True:7,8:113,17
> 5:False:6,8:113,16
> 6:False:5,8:113,15
> 7:False:6,8:113,16
depots-optimal-old-noisy/10/depots_noisy_p03_hyp-4_10_2.tar.bz2:0.60803604126:0.007805039:0.6
> 0:True:5,5:113,9
> 1:True:7,7:113,11
> 2:True:6,6:113,10
> 3:True:6,6:113,10
> 4:True:7,7:113,11
> 5:True:6,6:113,10
> 6:True:5,5:113,9
> 7:True:6,6:113,10
depots-optimal-old-noisy/10/depots_noisy_p03_hyp-4_10_3.tar.bz2:0.608518123627:0.00917995:0.62
> 0:False:5,8:114,17
> 1:True:7,9:114,19
> 2:False:6,10:114,18
> 3:True:6,8:114,18
> 4:True:7,9:114,19
> 5:False:6,9:114,18
> 6:False:5,8:114,17
> 7:True:6,8:114,18
depots-optimal-old-noisy/10/depots_noisy_p04_hyp-1_10_1.tar.bz2:0.613922119141:0.00784904:0.62
> 0:True:6,6:123,10
> 1:True:6,6:123,10
> 2:True:5,5:123,9
> 3:True:7,7:123,11
> 4:True:6,6:123,10
> 5:True:5,5:123,9
> 6:True:6,6:123,10
> 7:True:7,7:123,11
depots-optimal-old-noisy/10/depots_noisy_p04_hyp-1_10_2.tar.bz2:0.610795974731:0.007283171:0.61
> 0:True:6,6:123,9
> 1:True:6,6:123,9
> 2:True:5,5:123,8
> 3:True:7,7:123,10
> 4:True:6,6:123,9
> 5:True:5,5:123,8
> 6:True:6,6:123,9
> 7:True:7,7:123,10
depots-optimal-old-noisy/10/depots_noisy_p04_hyp-1_10_3.tar.bz2:0.614660978317:0.008629038:0.62
> 0:True:6,7:123,14
> 1:False:6,8:123,14
> 2:False:5,7:123,13
> 3:True:7,8:123,15
> 4:False:6,8:123,14
> 5:False:5,7:123,13
> 6:False:6,8:123,14
> 7:True:7,8:123,15
depots-optimal-old-noisy/10/depots_noisy_p04_hyp-2_10_1.tar.bz2:0.612247943878:0.008326294:0.61
> 0:False:6,7:123,12
> 1:True:6,6:123,12
> 2:False:5,6:123,11
> 3:False:7,8:123,13
> 4:False:6,7:123,12
> 5:False:5,6:123,11
> 6:False:6,7:123,12
> 7:True:7,7:123,13
depots-optimal-old-noisy/10/depots_noisy_p04_hyp-2_10_2.tar.bz2:0.617769002914:0.007796382:0.62
> 0:True:6,6:123,9
> 1:True:6,6:123,9
> 2:True:5,5:123,8
> 3:True:7,7:123,10
> 4:True:6,6:123,9
> 5:True:5,5:123,8
> 6:True:6,6:123,9
> 7:True:7,7:123,10
depots-optimal-old-noisy/10/depots_noisy_p04_hyp-2_10_3.tar.bz2:0.615722179413:0.007531108:0.61
> 0:True:6,6:123,9
> 1:True:6,6:123,9
> 2:True:5,5:123,8
> 3:True:7,7:123,10
> 4:True:6,6:123,9
> 5:True:5,5:123,8
> 6:True:6,6:123,9
> 7:True:7,7:123,10
depots-optimal-old-noisy/10/depots_noisy_p04_hyp-3_10_1.tar.bz2:0.618623971939:0.0087686:0.61
> 0:False:6,7:123,13
> 1:False:6,7:123,13
> 2:False:5,6:123,12
> 3:True:7,7:123,14
> 4:False:6,7:123,13
> 5:False:5,6:123,12
> 6:False:6,7:123,13
> 7:False:7,8:123,14
depots-optimal-old-noisy/10/depots_noisy_p04_hyp-3_10_2.tar.bz2:0.619860172272:0.008287451:0.61
> 0:True:6,6:123,11
> 1:True:6,6:123,11
> 2:True:5,5:123,10
> 3:True:7,7:123,12
> 4:True:6,6:123,11
> 5:True:5,5:123,10
> 6:True:6,6:123,11
> 7:True:7,7:123,12
depots-optimal-old-noisy/10/depots_noisy_p04_hyp-3_10_3.tar.bz2:0.619644165039:0.008614259:0.62
> 0:False:6,8:123,13
> 1:True:6,7:123,13
> 2:True:5,6:123,12
> 3:True:7,8:123,14
> 4:True:6,7:123,13
> 5:False:5,7:123,12
> 6:False:6,8:123,13
> 7:False:7,9:123,14
depots-optimal-old-noisy/10/depots_noisy_p04_hyp-4_10_1.tar.bz2:0.616939067841:0.00952661:0.62
> 0:False:6,9:124,17
> 1:False:6,9:124,17
> 2:False:5,8:124,16
> 3:False:7,10:124,18
> 4:False:6,9:124,17
> 5:False:5,8:124,16
> 6:True:6,8:124,17
> 7:False:7,10:124,18
depots-optimal-old-noisy/10/depots_noisy_p04_hyp-4_10_2.tar.bz2:0.61766910553:0.007600394:0.62
> 0:True:6,6:123,9
> 1:True:6,6:123,9
> 2:True:5,5:123,8
> 3:True:7,7:123,10
> 4:True:6,6:123,9
> 5:True:5,5:123,8
> 6:True:6,6:123,9
> 7:True:7,7:123,10
depots-optimal-old-noisy/10/depots_noisy_p04_hyp-4_10_3.tar.bz2:0.61937212944:0.008103188:0.61
> 0:True:6,6:123,10
> 1:True:6,6:123,10
> 2:True:5,5:123,9
> 3:True:7,7:123,11
> 4:True:6,6:123,10
> 5:True:5,5:123,9
> 6:True:6,6:123,10
> 7:True:7,7:123,11
depots-optimal-old-noisy/10/depots_noisy_p05_hyp-1_10_1.tar.bz2:0.618258953094:0.008227125:0.61
> 0:True:6,6:123,10
> 1:True:7,7:123,11
> 2:True:5,5:123,9
> 3:True:6,6:123,10
> 4:True:7,7:123,11
> 5:True:5,5:123,9
> 6:True:6,6:123,10
> 7:True:6,6:123,10
depots-optimal-old-noisy/10/depots_noisy_p05_hyp-1_10_2.tar.bz2:0.615675926208:0.007658654:0.62
> 0:True:6,6:123,9
> 1:True:7,7:123,10
> 2:True:5,5:123,8
> 3:True:6,6:123,9
> 4:True:7,7:123,10
> 5:True:5,5:123,8
> 6:True:6,6:123,9
> 7:True:6,6:123,9
depots-optimal-old-noisy/10/depots_noisy_p05_hyp-1_10_3.tar.bz2:0.614058017731:0.00858193:0.62
> 0:False:6,8:123,13
> 1:True:7,7:123,14
> 2:False:5,6:123,12
> 3:False:6,7:123,13
> 4:True:7,7:123,14
> 5:False:5,6:123,12
> 6:False:6,7:123,13
> 7:False:6,7:123,13
depots-optimal-old-noisy/10/depots_noisy_p05_hyp-2_10_1.tar.bz2:0.614151000977:0.008411213:0.61
> 0:True:6,6:123,12
> 1:True:7,7:123,13
> 2:True:5,5:123,11
> 3:True:6,6:123,12
> 4:True:7,7:123,13
> 5:True:5,5:123,11
> 6:True:6,6:123,12
> 7:True:6,6:123,12
depots-optimal-old-noisy/10/depots_noisy_p05_hyp-2_10_2.tar.bz2:0.614443063736:0.007753957:0.62
> 0:True:6,6:123,9
> 1:True:7,7:123,10
> 2:True:5,5:123,8
> 3:True:6,6:123,9
> 4:True:7,7:123,10
> 5:True:5,5:123,8
> 6:True:6,6:123,9
> 7:True:6,6:123,9
depots-optimal-old-noisy/10/depots_noisy_p05_hyp-2_10_3.tar.bz2:0.620973825455:0.00886786:0.62
> 0:False:6,8:123,14
> 1:True:7,8:123,15
> 2:False:5,7:123,13
> 3:False:6,8:123,14
> 4:True:7,8:123,15
> 5:False:5,7:123,13
> 6:True:6,7:123,14
> 7:False:6,8:123,14
depots-optimal-old-noisy/10/depots_noisy_p05_hyp-3_10_1.tar.bz2:0.615895986557:0.008022375:0.62
> 0:True:6,6:123,10
> 1:True:7,7:123,11
> 2:True:5,5:123,9
> 3:True:6,6:123,10
> 4:True:7,7:123,11
> 5:True:5,5:123,9
> 6:True:6,6:123,10
> 7:True:6,6:123,10
depots-optimal-old-noisy/10/depots_noisy_p05_hyp-3_10_2.tar.bz2:0.617676019669:0.008365775:0.62
> 0:False:6,7:123,12
> 1:True:7,7:123,13
> 2:False:5,6:123,11
> 3:False:6,7:123,12
> 4:False:7,8:123,13
> 5:False:5,6:123,11
> 6:False:6,7:123,12
> 7:True:6,6:123,12
depots-optimal-old-noisy/10/depots_noisy_p05_hyp-3_10_3.tar.bz2:0.611408948898:0.007377646:0.61
> 0:True:6,6:123,9
> 1:True:7,7:123,10
> 2:True:5,5:123,8
> 3:True:6,6:123,9
> 4:True:7,7:123,10
> 5:True:5,5:123,8
> 6:True:6,6:123,9
> 7:True:6,6:123,9
depots-optimal-old-noisy/10/depots_noisy_p05_hyp-4_10_1.tar.bz2:0.616928100586:0.007561602:0.63
> 0:True:6,6:123,9
> 1:True:7,7:123,10
> 2:True:5,5:123,8
> 3:True:6,6:123,9
> 4:True:7,7:123,10
> 5:True:5,5:123,8
> 6:True:6,6:123,9
> 7:True:6,6:123,9
depots-optimal-old-noisy/10/depots_noisy_p05_hyp-4_10_2.tar.bz2:0.608110904694:0.007488976:0.6
> 0:True:6,6:123,9
> 1:True:7,7:123,10
> 2:True:5,5:123,8
> 3:True:6,6:123,9
> 4:True:7,7:123,10
> 5:True:5,5:123,8
> 6:True:6,6:123,9
> 7:True:6,6:123,9
depots-optimal-old-noisy/10/depots_noisy_p05_hyp-4_10_3.tar.bz2:0.616209983826:0.00879692:0.61
> 0:False:6,8:123,15
> 1:True:7,7:123,16
> 2:False:5,7:123,14
> 3:False:6,8:123,15
> 4:True:7,7:123,16
> 5:False:5,7:123,14
> 6:False:6,8:123,15
> 7:False:6,7:123,15
depots-optimal-old-noisy/30/depots_noisy_p03_hyp-1_30_1.tar.bz2:0.605714082718:0.007850831:0.61
> 0:True:5,5:114,9
> 1:True:7,7:114,11
> 2:False:6,7:114,10
> 3:False:6,7:114,10
> 4:True:7,7:114,11
> 5:True:6,6:114,10
> 6:False:5,6:114,9
> 7:False:6,7:114,10
depots-optimal-old-noisy/30/depots_noisy_p03_hyp-1_30_2.tar.bz2:0.608678102493:0.0097101:0.61
> 0:True:5,6:115,17
> 1:True:7,8:115,19
> 2:True:6,7:115,18
> 3:False:6,8:115,18
> 4:True:7,8:115,19
> 5:False:6,8:115,18
> 6:False:5,7:115,17
> 7:False:6,8:115,18
depots-optimal-old-noisy/30/depots_noisy_p03_hyp-1_30_3.tar.bz2:0.601879119873:0.00846565:0.61
> 0:True:5,6:114,12
> 1:True:7,8:114,14
> 2:True:6,7:114,13
> 3:True:6,7:114,13
> 4:True:7,8:114,14
> 5:True:6,7:114,13
> 6:True:5,6:114,12
> 7:True:6,7:114,13
depots-optimal-old-noisy/30/depots_noisy_p03_hyp-2_30_1.tar.bz2:0.607897043228:0.00978257:0.61
> 0:False:5,7:115,20
> 1:True:7,7:115,22
> 2:False:6,9:115,21
> 3:False:6,8:115,21
> 4:False:7,9:115,22
> 5:False:6,8:115,21
> 6:False:5,7:115,20
> 7:False:6,8:115,21
depots-optimal-old-noisy/30/depots_noisy_p03_hyp-2_30_2.tar.bz2:0.602661132812:0.00909503:0.6
> 0:False:5,7:115,15
> 1:True:7,8:115,17
> 2:False:6,9:115,16
> 3:False:6,8:115,16
> 4:False:7,9:115,17
> 5:False:6,8:115,16
> 6:False:5,7:115,15
> 7:False:6,8:115,16
depots-optimal-old-noisy/30/depots_noisy_p03_hyp-2_30_3.tar.bz2:0.605169057846:0.00908248:0.62
> 0:False:5,7:115,13
> 1:True:7,7:115,15
> 2:False:6,8:115,14
> 3:False:6,8:115,14
> 4:False:7,8:115,15
> 5:False:6,8:115,14
> 6:False:5,7:115,13
> 7:False:6,7:115,14
depots-optimal-old-noisy/30/depots_noisy_p03_hyp-3_30_1.tar.bz2:0.607079982758:0.00968395:0.6
> 0:False:5,7:115,19
> 1:False:7,9:115,21
> 2:True:6,7:115,20
> 3:False:6,8:115,20
> 4:False:7,9:115,21
> 5:False:6,8:115,20
> 6:False:5,7:115,19
> 7:False:6,8:115,20
depots-optimal-old-noisy/30/depots_noisy_p03_hyp-3_30_2.tar.bz2:0.607875108719:0.00981803:0.6
> 0:False:5,8:115,19
> 1:False:7,11:115,21
> 2:True:6,8:115,20
> 3:False:6,9:115,20
> 4:False:7,11:115,21
> 5:False:6,10:115,20
> 6:False:5,8:115,19
> 7:False:6,9:115,20
depots-optimal-old-noisy/30/depots_noisy_p03_hyp-3_30_3.tar.bz2:0.606468915939:0.00939331:0.6
> 0:True:5,6:115,16
> 1:True:7,8:115,18
> 2:True:6,7:115,17
> 3:True:6,7:115,17
> 4:True:7,8:115,18
> 5:True:6,7:115,17
> 6:True:5,6:115,16
> 7:True:6,7:115,17
depots-optimal-old-noisy/30/depots_noisy_p03_hyp-4_30_1.tar.bz2:0.605218887329:0.01002895:0.61
> 0:False:5,8:115,21
> 1:False:7,10:115,23
> 2:False:6,10:115,22
> 3:True:6,8:115,22
> 4:True:7,9:115,23
> 5:False:6,9:115,22
> 6:False:5,8:115,21
> 7:False:6,9:115,22
depots-optimal-old-noisy/30/depots_noisy_p03_hyp-4_30_2.tar.bz2:0.599287986755:0.00883023:0.6
> 0:False:5,8:115,15
> 1:False:7,10:115,17
> 2:False:6,9:115,16
> 3:True:6,8:115,16
> 4:True:7,9:115,17
> 5:False:6,9:115,16
> 6:False:5,8:115,15
> 7:False:6,9:115,16
depots-optimal-old-noisy/30/depots_noisy_p03_hyp-4_30_3.tar.bz2:0.609549045563:0.01011446:0.61
> 0:False:5,8:115,20
> 1:False:7,10:115,22
> 2:False:6,10:115,21
> 3:True:6,8:115,21
> 4:True:7,9:115,22
> 5:False:6,9:115,21
> 6:False:5,8:115,20
> 7:False:6,9:115,21
depots-optimal-old-noisy/30/depots_noisy_p04_hyp-1_30_1.tar.bz2:0.619219064713:0.00987161:0.62
> 0:True:6,7:125,18
> 1:True:6,7:125,18
> 2:False:5,7:125,17
> 3:False:7,9:125,19
> 4:True:6,7:125,18
> 5:False:5,7:125,17
> 6:False:6,9:125,18
> 7:False:7,9:125,19
depots-optimal-old-noisy/30/depots_noisy_p04_hyp-1_30_2.tar.bz2:0.622169017792:0.01027919:0.63
> 0:True:6,9:125,18
> 1:False:6,10:125,18
> 2:False:5,9:125,17
> 3:True:7,10:125,19
> 4:False:6,10:125,18
> 5:False:5,9:125,17
> 6:False:6,10:125,18
> 7:True:7,10:125,19
depots-optimal-old-noisy/30/depots_noisy_p04_hyp-1_30_3.tar.bz2:0.614951848984:0.00947064:0.62
> 0:True:6,7:125,15
> 1:True:6,7:125,15
> 2:True:5,6:125,14
> 3:True:7,8:125,16
> 4:True:6,7:125,15
> 5:True:5,6:125,14
> 6:True:6,7:125,15
> 7:True:7,8:125,16
depots-optimal-old-noisy/30/depots_noisy_p04_hyp-2_30_1.tar.bz2:0.620158195496:0.01047276:0.62
> 0:False:6,9:125,22
> 1:True:6,8:125,22
> 2:False:5,8:125,21
> 3:True:7,9:125,23
> 4:True:6,8:125,22
> 5:False:5,9:125,21
> 6:False:6,10:125,22
> 7:True:7,9:125,23
depots-optimal-old-noisy/30/depots_noisy_p04_hyp-2_30_2.tar.bz2:0.617026090622:0.01050172:0.61
> 0:False:6,9:126,21
> 1:False:6,9:126,21
> 2:False:5,8:126,20
> 3:False:7,10:126,22
> 4:False:6,9:126,21
> 5:False:5,8:126,20
> 6:False:6,9:126,21
> 7:True:7,9:126,22
depots-optimal-old-noisy/30/depots_noisy_p04_hyp-2_30_3.tar.bz2:0.62154006958:0.01023064:0.63
> 0:False:6,9:125,19
> 1:True:6,8:125,19
> 2:False:5,8:125,18
> 3:False:7,10:125,20
> 4:True:6,8:125,19
> 5:False:5,8:125,18
> 6:False:6,10:125,19
> 7:True:7,9:125,20
depots-optimal-old-noisy/30/depots_noisy_p04_hyp-3_30_1.tar.bz2:0.614675045013:0.00999306:0.61
> 0:False:6,9:125,19
> 1:False:6,9:125,19
> 2:False:5,8:125,18
> 3:True:7,8:125,20
> 4:False:6,9:125,19
> 5:False:5,8:125,18
> 6:False:6,9:125,19
> 7:False:7,10:125,20
depots-optimal-old-noisy/30/depots_noisy_p04_hyp-3_30_2.tar.bz2:0.625598907471:0.01072075:0.63
> 0:False:6,10:125,22
> 1:False:6,10:125,22
> 2:False:5,9:125,21
> 3:True:7,9:125,23
> 4:False:6,10:125,22
> 5:False:5,9:125,21
> 6:False:6,10:125,22
> 7:False:7,11:125,23
depots-optimal-old-noisy/30/depots_noisy_p04_hyp-3_30_3.tar.bz2:0.616166114807:0.01013253:0.62
> 0:False:6,9:125,18
> 1:False:6,9:125,18
> 2:False:5,8:125,17
> 3:True:7,8:125,19
> 4:False:6,9:125,18
> 5:False:5,8:125,17
> 6:False:6,9:125,18
> 7:False:7,10:125,19
depots-optimal-old-noisy/30/depots_noisy_p04_hyp-4_30_1.tar.bz2:0.618180036545:0.01052065:0.61
> 0:True:6,9:126,20
> 1:True:6,9:126,20
> 2:False:5,9:126,19
> 3:True:7,10:126,21
> 4:True:6,9:126,20
> 5:True:5,8:126,19
> 6:False:6,10:126,20
> 7:True:7,10:126,21
depots-optimal-old-noisy/30/depots_noisy_p04_hyp-4_30_2.tar.bz2:0.618134975433:0.00955454:0.62
> 0:True:6,7:125,13
> 1:True:6,7:125,13
> 2:True:5,6:125,12
> 3:True:7,8:125,14
> 4:True:6,7:125,13
> 5:False:5,7:125,12
> 6:True:6,7:125,13
> 7:True:7,8:125,14
depots-optimal-old-noisy/30/depots_noisy_p04_hyp-4_30_3.tar.bz2:0.614681005478:0.00942768:0.62
> 0:True:6,7:125,13
> 1:True:6,7:125,13
> 2:True:5,6:125,12
> 3:True:7,8:125,14
> 4:True:6,7:125,13
> 5:True:5,6:125,12
> 6:True:6,7:125,13
> 7:True:7,8:125,14
depots-optimal-old-noisy/30/depots_noisy_p05_hyp-1_30_1.tar.bz2:0.618991851807:0.01074167:0.61
> 0:False:6,11:126,20
> 1:True:7,9:126,21
> 2:False:5,9:126,19
> 3:False:6,9:126,20
> 4:True:7,9:126,21
> 5:False:5,10:126,19
> 6:False:6,11:126,20
> 7:False:6,10:126,20
depots-optimal-old-noisy/30/depots_noisy_p05_hyp-1_30_2.tar.bz2:0.619922876358:0.01064747:0.61
> 0:False:6,10:125,22
> 1:True:7,8:125,23
> 2:False:5,8:125,21
> 3:False:6,9:125,22
> 4:False:7,10:125,23
> 5:False:5,8:125,21
> 6:False:6,10:125,22
> 7:False:6,9:125,22
depots-optimal-old-noisy/30/depots_noisy_p05_hyp-1_30_3.tar.bz2:0.619895935059:0.009484:0.62
> 0:True:6,7:125,14
> 1:True:7,8:125,15
> 2:False:5,7:125,13
> 3:True:6,7:125,14
> 4:True:7,8:125,15
> 5:True:5,6:125,13
> 6:True:6,7:125,14
> 7:True:6,7:125,14
depots-optimal-old-noisy/30/depots_noisy_p05_hyp-2_30_1.tar.bz2:0.614464044571:0.00951241:0.62
> 0:False:6,8:125,17
> 1:True:7,8:125,18
> 2:False:5,7:125,16
> 3:True:6,7:125,17
> 4:True:7,8:125,18
> 5:False:5,7:125,16
> 6:False:6,8:125,17
> 7:True:6,7:125,17
depots-optimal-old-noisy/30/depots_noisy_p05_hyp-2_30_2.tar.bz2:0.621636152267:0.01037222:0.62
> 0:False:6,11:125,21
> 1:True:7,10:125,22
> 2:False:5,10:125,20
> 3:False:6,10:125,21
> 4:True:7,10:125,22
> 5:False:5,10:125,20
> 6:False:6,10:125,21
> 7:False:6,10:125,21
depots-optimal-old-noisy/30/depots_noisy_p05_hyp-2_30_3.tar.bz2:0.619011163712:0.00996529:0.62
> 0:False:6,9:125,17
> 1:True:7,9:125,18
> 2:False:5,8:125,16
> 3:True:6,8:125,17
> 4:True:7,9:125,18
> 5:False:5,8:125,16
> 6:False:6,9:125,17
> 7:True:6,8:125,17
depots-optimal-old-noisy/30/depots_noisy_p05_hyp-3_30_1.tar.bz2:0.621927976608:0.01050408:0.62
> 0:False:6,10:126,20
> 1:True:7,9:126,21
> 2:False:5,9:126,19
> 3:True:6,8:126,20
> 4:True:7,9:126,21
> 5:False:5,8:126,19
> 6:False:6,9:126,20
> 7:True:6,8:126,20
depots-optimal-old-noisy/30/depots_noisy_p05_hyp-3_30_2.tar.bz2:0.621403932571:0.01064302:0.62
> 0:False:6,10:125,22
> 1:True:7,9:125,23
> 2:False:5,9:125,21
> 3:True:6,8:125,22
> 4:True:7,9:125,23
> 5:False:5,8:125,21
> 6:False:6,9:125,22
> 7:True:6,8:125,22
depots-optimal-old-noisy/30/depots_noisy_p05_hyp-3_30_3.tar.bz2:0.619570970535:0.01052417:0.61
> 0:False:6,10:125,20
> 1:True:7,9:125,21
> 2:False:5,8:125,19
> 3:True:6,8:125,20
> 4:True:7,9:125,21
> 5:False:5,8:125,19
> 6:False:6,9:125,20
> 7:True:6,8:125,20
depots-optimal-old-noisy/30/depots_noisy_p05_hyp-4_30_1.tar.bz2:0.618484020233:0.01043101:0.62
> 0:False:6,10:126,19
> 1:False:7,10:126,20
> 2:False:5,8:126,18
> 3:False:6,9:126,19
> 4:True:7,8:126,20
> 5:False:5,8:126,18
> 6:False:6,9:126,19
> 7:False:6,9:126,19
depots-optimal-old-noisy/30/depots_noisy_p05_hyp-4_30_2.tar.bz2:0.617869138718:0.00974458:0.62
> 0:False:6,8:125,15
> 1:False:7,8:125,16
> 2:False:5,7:125,14
> 3:False:6,7:125,15
> 4:True:7,7:125,16
> 5:False:5,7:125,14
> 6:False:6,8:125,15
> 7:False:6,8:125,15
depots-optimal-old-noisy/30/depots_noisy_p05_hyp-4_30_3.tar.bz2:0.616361856461:0.01003233:0.61
> 0:False:6,9:125,20
> 1:False:7,9:125,21
> 2:False:5,8:125,19
> 3:False:6,9:125,20
> 4:True:7,8:125,21
> 5:False:5,8:125,19
> 6:False:6,9:125,20
> 7:False:6,8:125,20
depots-optimal-old-noisy/50/depots_noisy_p03_hyp-1_50_1.tar.bz2:0.606547832489:0.01031518:0.61
> 0:True:5,6:116,21
> 1:True:7,8:116,23
> 2:False:6,8:116,22
> 3:False:6,8:116,22
> 4:True:7,8:116,23
> 5:False:6,8:116,22
> 6:False:5,7:116,21
> 7:False:6,8:116,22
depots-optimal-old-noisy/50/depots_noisy_p03_hyp-1_50_2.tar.bz2:0.609578132629:0.00943594:0.61
> 0:True:5,6:115,15
> 1:True:7,8:115,17
> 2:False:6,8:115,16
> 3:False:6,8:115,16
> 4:True:7,8:115,17
> 5:False:6,8:115,16
> 6:False:5,7:115,15
> 7:False:6,8:115,16
depots-optimal-old-noisy/50/depots_noisy_p03_hyp-1_50_3.tar.bz2:0.609135866165:0.00940722:0.61
> 0:True:5,5:115,16
> 1:True:7,7:115,18
> 2:True:6,6:115,17
> 3:False:6,7:115,17
> 4:True:7,7:115,18
> 5:False:6,7:115,17
> 6:False:5,6:115,16
> 7:False:6,7:115,17
depots-optimal-old-noisy/50/depots_noisy_p03_hyp-2_50_1.tar.bz2:0.609538078308:0.01055446:0.62
> 0:False:5,8:117,19
> 1:True:7,8:117,21
> 2:False:6,9:117,20
> 3:False:6,8:117,20
> 4:False:7,9:117,21
> 5:False:6,8:117,20
> 6:False:5,7:117,19
> 7:False:6,8:117,20
depots-optimal-old-noisy/50/depots_noisy_p03_hyp-2_50_2.tar.bz2:0.607522964478:0.01093566:0.61
> 0:False:5,7:117,23
> 1:True:7,7:117,25
> 2:False:6,9:117,24
> 3:False:6,9:117,24
> 4:False:7,8:117,25
> 5:False:6,9:117,24
> 6:False:5,8:117,23
> 7:False:6,9:117,24
depots-optimal-old-noisy/50/depots_noisy_p03_hyp-2_50_3.tar.bz2:0.607454061508:0.01065687:0.61
> 0:False:5,9:117,22
> 1:True:7,9:117,24
> 2:False:6,10:117,23
> 3:False:6,10:117,23
> 4:False:7,11:117,24
> 5:False:6,10:117,23
> 6:False:5,9:117,22
> 7:False:6,10:117,23
depots-optimal-old-noisy/50/depots_noisy_p03_hyp-3_50_1.tar.bz2:0.612062215805:0.01159574:0.61
> 0:False:5,8:117,26
> 1:False:7,10:117,28
> 2:True:6,8:117,27
> 3:False:6,10:117,27
> 4:False:7,10:117,28
> 5:False:6,11:117,27
> 6:False:5,9:117,26
> 7:False:6,10:117,27
depots-optimal-old-noisy/50/depots_noisy_p03_hyp-3_50_2.tar.bz2:0.606143951416:0.01079219:0.61
> 0:False:5,7:117,26
> 1:False:7,9:117,28
> 2:True:6,7:117,27
> 3:False:6,9:117,27
> 4:False:7,9:117,28
> 5:False:6,9:117,27
> 6:False:5,8:117,26
> 7:False:6,9:117,27
depots-optimal-old-noisy/50/depots_noisy_p03_hyp-3_50_3.tar.bz2:0.604752063751:0.01026274:0.61
> 0:False:5,7:117,21
> 1:False:7,9:117,23
> 2:True:6,7:117,22
> 3:False:6,8:117,22
> 4:False:7,9:117,23
> 5:False:6,8:117,22
> 6:False:5,7:117,21
> 7:False:6,8:117,22
depots-optimal-old-noisy/50/depots_noisy_p03_hyp-4_50_1.tar.bz2:0.609490156174:0.01009282:0.61
> 0:False:5,8:117,16
> 1:False:7,9:117,18
> 2:False:6,9:117,17
> 3:False:6,8:117,17
> 4:True:7,8:117,18
> 5:False:6,9:117,17
> 6:False:5,8:117,16
> 7:False:6,9:117,17
depots-optimal-old-noisy/50/depots_noisy_p03_hyp-4_50_2.tar.bz2:0.607250928879:0.01144359:0.6
> 0:False:5,9:117,26
> 1:False:7,11:117,28
> 2:False:6,11:117,27
> 3:True:6,8:117,27
> 4:False:7,10:117,28
> 5:False:6,9:117,27
> 6:False:5,8:117,26
> 7:False:6,9:117,27
depots-optimal-old-noisy/50/depots_noisy_p03_hyp-4_50_3.tar.bz2:0.615301132202:0.01206764:0.62
> 0:False:5,9:117,28
> 1:False:7,11:117,30
> 2:False:6,10:117,29
> 3:True:6,8:117,29
> 4:False:7,10:117,30
> 5:False:6,9:117,29
> 6:False:5,8:117,28
> 7:False:6,9:117,29
depots-optimal-old-noisy/50/depots_noisy_p04_hyp-1_50_1.tar.bz2:0.623018026352:0.01075727:0.62
> 0:True:6,9:127,20
> 1:False:6,10:127,20
> 2:False:5,9:127,19
> 3:False:7,11:127,21
> 4:False:6,10:127,20
> 5:False:5,9:127,19
> 6:False:6,10:127,20
> 7:False:7,11:127,21
depots-optimal-old-noisy/50/depots_noisy_p04_hyp-1_50_2.tar.bz2:0.620970964432:0.01147459:0.62
> 0:True:6,9:127,25
> 1:False:6,10:127,25
> 2:False:5,9:127,24
> 3:True:7,10:127,26
> 4:False:6,10:127,25
> 5:False:5,9:127,24
> 6:False:6,10:127,25
> 7:True:7,10:127,26
depots-optimal-old-noisy/50/depots_noisy_p04_hyp-1_50_3.tar.bz2:0.620278120041:0.01128931:0.63
> 0:True:6,10:127,22
> 1:True:6,10:127,22
> 2:False:5,10:127,21
> 3:True:7,11:127,23
> 4:True:6,10:127,22
> 5:False:5,10:127,21
> 6:False:6,11:127,22
> 7:True:7,11:127,23
depots-optimal-old-noisy/50/depots_noisy_p04_hyp-2_50_1.tar.bz2:0.62348818779:0.01280182:0.63
> 0:False:6,10:127,32
> 1:True:6,9:127,32
> 2:False:5,9:127,31
> 3:False:7,12:127,33
> 4:False:6,10:127,32
> 5:False:5,10:127,31
> 6:False:6,11:127,32
> 7:False:7,11:127,33
depots-optimal-old-noisy/50/depots_noisy_p04_hyp-2_50_2.tar.bz2:0.61846280098:0.01065388:0.62
> 0:False:6,9:127,20
> 1:False:6,9:127,20
> 2:False:5,8:127,19
> 3:False:7,10:127,21
> 4:False:6,9:127,20
> 5:False:5,9:127,19
> 6:False:6,9:127,20
> 7:True:7,9:127,21
depots-optimal-old-noisy/50/depots_noisy_p04_hyp-2_50_3.tar.bz2:0.619147062302:0.0114938:0.62
> 0:False:6,9:127,27
> 1:True:6,8:127,27
> 2:False:5,8:127,26
> 3:False:7,10:127,28
> 4:True:6,8:127,27
> 5:False:5,8:127,26
> 6:False:6,10:127,27
> 7:True:7,9:127,28
depots-optimal-old-noisy/50/depots_noisy_p04_hyp-3_50_1.tar.bz2:0.620273113251:0.01122437:0.61
> 0:False:6,10:127,24
> 1:False:6,10:127,24
> 2:False:5,9:127,23
> 3:True:7,9:127,25
> 4:False:6,10:127,24
> 5:False:5,9:127,23
> 6:False:6,11:127,24
> 7:False:7,11:127,25
depots-optimal-old-noisy/50/depots_noisy_p04_hyp-3_50_2.tar.bz2:0.620982170105:0.01198369:0.63
> 0:False:6,10:127,29
> 1:False:6,10:127,29
> 2:False:5,9:127,28
> 3:True:7,9:127,30
> 4:False:6,11:127,29
> 5:False:5,9:127,28
> 6:False:6,10:127,29
> 7:False:7,11:127,30
depots-optimal-old-noisy/50/depots_noisy_p04_hyp-3_50_3.tar.bz2:0.621318101883:0.0110088:0.62
> 0:False:6,10:127,23
> 1:False:6,10:127,23
> 2:False:5,9:127,22
> 3:True:7,8:127,24
> 4:False:6,9:127,23
> 5:False:5,8:127,22
> 6:False:6,10:127,23
> 7:False:7,10:127,24
depots-optimal-old-noisy/50/depots_noisy_p04_hyp-4_50_1.tar.bz2:0.625360965729:0.01312184:0.63
> 0:False:6,12:128,31
> 1:False:6,12:128,31
> 2:False:5,11:128,30
> 3:False:7,12:128,32
> 4:False:6,12:128,31
> 5:False:5,10:128,30
> 6:True:6,10:128,31
> 7:False:7,12:128,32
depots-optimal-old-noisy/50/depots_noisy_p04_hyp-4_50_2.tar.bz2:0.619745016098:0.01247543:0.62
> 0:False:6,11:128,30
> 1:False:6,11:128,30
> 2:False:5,10:128,29
> 3:False:7,11:128,31
> 4:False:6,11:128,30
> 5:False:5,10:128,29
> 6:False:6,11:128,30
> 7:True:7,10:128,31
depots-optimal-old-noisy/50/depots_noisy_p04_hyp-4_50_3.tar.bz2:0.620950937271:0.01163039:0.62
> 0:False:6,10:127,22
> 1:False:6,10:127,22
> 2:False:5,9:127,21
> 3:False:7,11:127,23
> 4:False:6,10:127,22
> 5:False:5,9:127,21
> 6:True:6,9:127,22
> 7:False:7,11:127,23
depots-optimal-old-noisy/50/depots_noisy_p05_hyp-1_50_1.tar.bz2:0.622112989426:0.01165379:0.62
> 0:False:6,9:127,24
> 1:True:7,8:127,25
> 2:False:5,8:127,23
> 3:False:6,9:127,24
> 4:False:7,10:127,25
> 5:False:5,8:127,23
> 6:False:6,9:127,24
> 7:False:6,9:127,24
depots-optimal-old-noisy/50/depots_noisy_p05_hyp-1_50_2.tar.bz2:0.620268106461:0.01196847:0.61
> 0:False:6,9:127,25
> 1:True:7,8:127,26
> 2:False:5,8:127,24
> 3:False:6,9:127,25
> 4:False:7,9:127,26
> 5:False:5,8:127,24
> 6:False:6,9:127,25
> 7:False:6,9:127,25
depots-optimal-old-noisy/50/depots_noisy_p05_hyp-1_50_3.tar.bz2:0.621163845062:0.01139361:0.61
> 0:False:6,10:127,21
> 1:True:7,9:127,22
> 2:False:5,9:127,20
> 3:False:6,10:127,21
> 4:False:7,11:127,22
> 5:False:5,9:127,20
> 6:False:6,10:127,21
> 7:False:6,10:127,21
depots-optimal-old-noisy/50/depots_noisy_p05_hyp-2_50_1.tar.bz2:0.632786035538:0.01123642:0.63
> 0:True:6,10:127,22
> 1:True:7,11:127,23
> 2:True:5,9:127,21
> 3:True:6,10:127,22
> 4:True:7,11:127,23
> 5:True:5,9:127,21
> 6:True:6,10:127,22
> 7:True:6,10:127,22
depots-optimal-old-noisy/50/depots_noisy_p05_hyp-2_50_2.tar.bz2:0.618296146393:0.01103141:0.62
> 0:False:6,9:127,24
> 1:True:7,9:127,25
> 2:False:5,8:127,23
> 3:False:6,9:127,24
> 4:True:7,9:127,25
> 5:False:5,8:127,23
> 6:True:6,8:127,24
> 7:False:6,9:127,24
depots-optimal-old-noisy/50/depots_noisy_p05_hyp-2_50_3.tar.bz2:0.622984886169:0.01126257:0.62
> 0:False:6,11:127,22
> 1:True:7,11:127,23
> 2:False:5,10:127,21
> 3:False:6,11:127,22
> 4:True:7,11:127,23
> 5:False:5,10:127,21
> 6:True:6,10:127,22
> 7:False:6,11:127,22
depots-optimal-old-noisy/50/depots_noisy_p05_hyp-3_50_1.tar.bz2:0.619159936905:0.01137556:0.63
> 0:False:6,11:127,24
> 1:True:7,10:127,25
> 2:False:5,10:127,23
> 3:False:6,10:127,24
> 4:False:7,11:127,25
> 5:False:5,9:127,23
> 6:False:6,10:127,24
> 7:True:6,9:127,24
depots-optimal-old-noisy/50/depots_noisy_p05_hyp-3_50_2.tar.bz2:0.623999118805:0.01170784:0.61
> 0:False:6,11:127,24
> 1:True:7,10:127,25
> 2:False:5,9:127,23
> 3:False:6,10:127,24
> 4:False:7,11:127,25
> 5:False:5,9:127,23
> 6:False:6,10:127,24
> 7:True:6,9:127,24
depots-optimal-old-noisy/50/depots_noisy_p05_hyp-3_50_3.tar.bz2:0.620182037354:0.01108524:0.62
> 0:False:6,9:127,20
> 1:True:7,9:127,21
> 2:False:5,8:127,19
> 3:False:6,9:127,20
> 4:False:7,10:127,21
> 5:False:5,8:127,19
> 6:False:6,9:127,20
> 7:False:6,9:127,20
depots-optimal-old-noisy/50/depots_noisy_p05_hyp-4_50_1.tar.bz2:0.616081953049:0.01034409:0.62
> 0:False:6,10:127,20
> 1:False:7,9:127,21
> 2:False:5,8:127,19
> 3:False:6,8:127,20
> 4:True:7,8:127,21
> 5:False:5,8:127,19
> 6:False:6,9:127,20
> 7:False:6,9:127,20
depots-optimal-old-noisy/50/depots_noisy_p05_hyp-4_50_2.tar.bz2:0.614813804626:0.01114071:0.62
> 0:False:6,9:127,22
> 1:False:7,10:127,23
> 2:False:5,8:127,21
> 3:False:6,9:127,22
> 4:True:7,8:127,23
> 5:False:5,8:127,21
> 6:False:6,9:127,22
> 7:False:6,9:127,22
depots-optimal-old-noisy/50/depots_noisy_p05_hyp-4_50_3.tar.bz2:0.621985912323:0.01153434:0.61
> 0:False:6,11:127,27
> 1:False:7,11:127,28
> 2:False:5,9:127,26
> 3:False:6,10:127,27
> 4:True:7,9:127,28
> 5:False:5,9:127,26
> 6:False:6,10:127,27
> 7:False:6,10:127,27
depots-optimal-old-noisy/70/depots_noisy_p03_hyp-1_70_1.tar.bz2:0.609879970551:0.01006731:0.61
> 0:True:5,6:117,19
> 1:True:7,8:117,21
> 2:False:6,8:117,20
> 3:False:6,8:117,20
> 4:True:7,8:117,21
> 5:False:6,8:117,20
> 6:False:5,7:117,19
> 7:False:6,8:117,20
depots-optimal-old-noisy/70/depots_noisy_p03_hyp-1_70_2.tar.bz2:0.610087871552:0.0105598:0.61
> 0:True:5,6:117,22
> 1:True:7,8:117,24
> 2:True:6,7:117,23
> 3:False:6,8:117,23
> 4:True:7,8:117,24
> 5:False:6,8:117,23
> 6:False:5,7:117,22
> 7:False:6,8:117,23
depots-optimal-old-noisy/70/depots_noisy_p03_hyp-1_70_3.tar.bz2:0.605504989624:0.0097411:0.61
> 0:True:5,6:117,18
> 1:True:7,8:117,20
> 2:False:6,8:117,19
> 3:False:6,8:117,19
> 4:True:7,8:117,20
> 5:True:6,7:117,19
> 6:False:5,7:117,18
> 7:False:6,8:117,19
depots-optimal-old-noisy/70/depots_noisy_p03_hyp-2_70_1.tar.bz2:0.606076955795:0.01124368:0.61
> 0:False:5,9:119,22
> 1:True:7,9:119,24
> 2:False:6,11:119,23
> 3:False:6,11:119,23
> 4:False:7,11:119,24
> 5:False:6,11:119,23
> 6:False:5,10:119,22
> 7:False:6,10:119,23
depots-optimal-old-noisy/70/depots_noisy_p03_hyp-2_70_2.tar.bz2:0.614741802216:0.01285284:0.61
> 0:False:5,9:119,34
> 1:True:7,9:119,36
> 2:False:6,11:119,35
> 3:False:6,11:119,35
> 4:False:7,11:119,36
> 5:False:6,11:119,35
> 6:False:5,10:119,34
> 7:False:6,12:119,35
depots-optimal-old-noisy/70/depots_noisy_p03_hyp-2_70_3.tar.bz2:0.609197854996:0.01249897:0.61
> 0:False:5,10:120,30
> 1:True:7,10:120,32
> 2:False:6,12:120,31
> 3:False:6,12:120,31
> 4:False:7,12:120,32
> 5:False:6,12:120,31
> 6:False:5,11:120,30
> 7:False:6,12:120,31
depots-optimal-old-noisy/70/depots_noisy_p03_hyp-3_70_1.tar.bz2:0.611595153809:0.01149127:0.61
> 0:False:5,8:119,25
> 1:False:7,10:119,27
> 2:True:6,8:119,26
> 3:False:6,9:119,26
> 4:False:7,10:119,27
> 5:False:6,9:119,26
> 6:False:5,8:119,25
> 7:False:6,9:119,26
depots-optimal-old-noisy/70/depots_noisy_p03_hyp-3_70_2.tar.bz2:0.610306978226:0.01206799:0.61
> 0:False:5,9:119,32
> 1:False:7,11:119,34
> 2:True:6,9:119,33
> 3:False:6,11:119,33
> 4:False:7,11:119,34
> 5:False:6,11:119,33
> 6:False:5,10:119,32
> 7:False:6,11:119,33
depots-optimal-old-noisy/70/depots_noisy_p03_hyp-3_70_3.tar.bz2:0.611190795898:0.01304166:0.61
> 0:False:5,11:120,35
> 1:True:7,12:120,37
> 2:True:6,11:120,36
> 3:False:6,13:120,36
> 4:True:7,12:120,37
> 5:False:6,13:120,36
> 6:False:5,12:120,35
> 7:False:6,13:120,36
depots-optimal-old-noisy/70/depots_noisy_p03_hyp-4_70_1.tar.bz2:0.608668804169:0.01272038:0.62
> 0:False:5,12:120,31
> 1:False:7,13:120,33
> 2:False:6,12:120,32
> 3:True:6,11:120,32
> 4:True:7,12:120,33
> 5:False:6,12:120,32
> 6:False:5,11:120,31
> 7:False:6,12:120,32
depots-optimal-old-noisy/70/depots_noisy_p03_hyp-4_70_2.tar.bz2:0.61372590065:0.01458657:0.61
> 0:False:5,14:121,42
> 1:False:7,16:121,44
> 2:False:6,14:121,43
> 3:True:6,13:121,43
> 4:False:7,15:121,44
> 5:False:6,14:121,43
> 6:False:5,13:121,42
> 7:False:6,14:121,43
depots-optimal-old-noisy/70/depots_noisy_p03_hyp-4_70_3.tar.bz2:0.608995199203:0.01335268:0.61
> 0:False:5,11:119,35
> 1:False:7,13:119,37
> 2:False:6,12:119,36
> 3:True:6,10:119,36
> 4:False:7,12:119,37
> 5:False:6,11:119,36
> 6:False:5,10:119,35
> 7:False:6,11:119,36
depots-optimal-old-noisy/70/depots_noisy_p04_hyp-1_70_1.tar.bz2:0.620892047882:0.01260498:0.63
> 0:True:6,10:129,30
> 1:False:6,11:129,30
> 2:False:5,10:129,29
> 3:False:7,12:129,31
> 4:False:6,11:129,30
> 5:False:5,11:129,29
> 6:False:6,13:129,30
> 7:False:7,12:129,31
depots-optimal-old-noisy/70/depots_noisy_p04_hyp-1_70_2.tar.bz2:0.622143030167:0.01338662:0.62
> 0:True:6,12:130,30
> 1:False:6,13:130,30
> 2:False:5,12:130,29
> 3:True:7,13:130,31
> 4:False:6,13:130,30
> 5:False:5,13:130,29
> 6:False:6,14:130,30
> 7:False:7,14:130,31
depots-optimal-old-noisy/70/depots_noisy_p04_hyp-1_70_3.tar.bz2:0.618873119354:0.0124945:0.62
> 0:True:6,10:129,31
> 1:False:6,11:129,31
> 2:False:5,10:129,30
> 3:False:7,12:129,32
> 4:False:6,11:129,31
> 5:False:5,11:129,30
> 6:False:6,13:129,31
> 7:False:7,12:129,32
depots-optimal-old-noisy/70/depots_noisy_p04_hyp-2_70_1.tar.bz2:0.624359130859:0.01391322:0.62
> 0:False:6,11:129,36
> 1:True:6,10:129,36
> 2:False:5,10:129,35
> 3:False:7,13:129,37
> 4:False:6,11:129,36
> 5:False:5,11:129,35
> 6:False:6,12:129,36
> 7:False:7,12:129,37
depots-optimal-old-noisy/70/depots_noisy_p04_hyp-2_70_2.tar.bz2:0.621418952942:0.01253906:0.63
> 0:False:6,10:129,29
> 1:True:6,9:129,29
> 2:False:5,9:129,28
> 3:False:7,11:129,30
> 4:False:6,10:129,29
> 5:False:5,9:129,28
> 6:False:6,11:129,29
> 7:True:7,10:129,30
depots-optimal-old-noisy/70/depots_noisy_p04_hyp-2_70_3.tar.bz2:0.6207280159:0.01293769:0.62
> 0:False:6,11:129,34
> 1:True:6,10:129,34
> 2:False:5,10:129,33
> 3:False:7,13:129,35
> 4:False:6,11:129,34
> 5:False:5,11:129,33
> 6:False:6,13:129,34
> 7:False:7,12:129,35
depots-optimal-old-noisy/70/depots_noisy_p04_hyp-3_70_1.tar.bz2:0.621314048767:0.01386622:0.63
> 0:False:6,12:129,36
> 1:False:6,12:129,36
> 2:False:5,11:129,35
> 3:True:7,10:129,37
> 4:False:6,12:129,36
> 5:False:5,10:129,35
> 6:False:6,11:129,36
> 7:False:7,12:129,37
depots-optimal-old-noisy/70/depots_noisy_p04_hyp-3_70_2.tar.bz2:0.62230181694:0.01377217:0.63
> 0:False:6,11:129,35
> 1:False:6,11:129,35
> 2:False:5,10:129,34
> 3:True:7,9:129,36
> 4:False:6,12:129,35
> 5:False:5,9:129,34
> 6:False:6,11:129,35
> 7:False:7,11:129,36
depots-optimal-old-noisy/70/depots_noisy_p04_hyp-3_70_3.tar.bz2:0.624381065369:0.01310064:0.62
> 0:False:6,10:129,32
> 1:False:6,10:129,32
> 2:False:5,9:129,31
> 3:True:7,8:129,33
> 4:False:6,10:129,32
> 5:False:5,8:129,31
> 6:False:6,10:129,32
> 7:False:7,10:129,33
depots-optimal-old-noisy/70/depots_noisy_p04_hyp-4_70_1.tar.bz2:0.619129896164:0.01301597:0.62
> 0:False:6,10:129,31
> 1:False:6,10:129,31
> 2:False:5,9:129,30
> 3:False:7,10:129,32
> 4:False:6,10:129,31
> 5:False:5,8:129,30
> 6:True:6,8:129,31
> 7:False:7,10:129,32
depots-optimal-old-noisy/70/depots_noisy_p04_hyp-4_70_2.tar.bz2:0.619808197021:0.01247786:0.62
> 0:False:6,10:129,28
> 1:False:6,10:129,28
> 2:False:5,9:129,27
> 3:False:7,10:129,29
> 4:False:6,10:129,28
> 5:False:5,8:129,27
> 6:True:6,8:129,28
> 7:False:7,10:129,29
depots-optimal-old-noisy/70/depots_noisy_p04_hyp-4_70_3.tar.bz2:0.621492862701:0.01223365:0.62
> 0:False:6,10:129,26
> 1:False:6,10:129,26
> 2:False:5,9:129,25
> 3:False:7,11:129,27
> 4:False:6,10:129,26
> 5:False:5,9:129,25
> 6:True:6,9:129,26
> 7:False:7,11:129,27
depots-optimal-old-noisy/70/depots_noisy_p05_hyp-1_70_1.tar.bz2:0.620946884155:0.0127276:0.63
> 0:False:6,13:130,29
> 1:True:7,11:130,30
> 2:False:5,11:130,28
> 3:False:6,13:130,29
> 4:False:7,13:130,30
> 5:False:5,12:130,28
> 6:False:6,13:130,29
> 7:False:6,12:130,29
depots-optimal-old-noisy/70/depots_noisy_p05_hyp-1_70_2.tar.bz2:0.622185945511:0.01229552:0.62
> 0:False:6,10:129,27
> 1:True:7,8:129,28
> 2:False:5,8:129,26
> 3:False:6,10:129,27
> 4:False:7,10:129,28
> 5:False:5,9:129,26
> 6:False:6,10:129,27
> 7:False:6,10:129,27
depots-optimal-old-noisy/70/depots_noisy_p05_hyp-1_70_3.tar.bz2:0.614106893539:0.01201256:0.61
> 0:False:6,11:129,27
> 1:True:7,9:129,28
> 2:False:5,9:129,26
> 3:False:6,10:129,27
> 4:False:7,11:129,28
> 5:False:5,9:129,26
> 6:False:6,10:129,27
> 7:False:6,10:129,27
depots-optimal-old-noisy/70/depots_noisy_p05_hyp-2_70_1.tar.bz2:0.623313903809:0.01216597:0.63
> 0:False:6,12:129,27
> 1:True:7,12:129,28
> 2:False:5,11:129,26
> 3:True:6,11:129,27
> 4:True:7,12:129,28
> 5:False:5,11:129,26
> 6:True:6,11:129,27
> 7:True:6,11:129,27
depots-optimal-old-noisy/70/depots_noisy_p05_hyp-2_70_2.tar.bz2:0.616822004318:0.01216411:0.62
> 0:True:6,10:129,25
> 1:True:7,11:129,26
> 2:True:5,9:129,24
> 3:True:6,10:129,25
> 4:True:7,11:129,26
> 5:True:5,9:129,24
> 6:True:6,10:129,25
> 7:True:6,10:129,25
depots-optimal-old-noisy/70/depots_noisy_p05_hyp-2_70_3.tar.bz2:0.622092962265:0.01287896:0.63
> 0:False:6,10:129,30
> 1:False:7,11:129,31
> 2:False:5,9:129,29
> 3:False:6,10:129,30
> 4:False:7,11:129,31
> 5:False:5,9:129,29
> 6:True:6,9:129,30
> 7:False:6,10:129,30
depots-optimal-old-noisy/70/depots_noisy_p05_hyp-3_70_1.tar.bz2:0.615548849106:0.01147593:0.61
> 0:False:6,10:129,23
> 1:True:7,9:129,24
> 2:False:5,9:129,22
> 3:False:6,10:129,23
> 4:False:7,10:129,24
> 5:False:5,9:129,22
> 6:False:6,10:129,23
> 7:False:6,9:129,23
depots-optimal-old-noisy/70/depots_noisy_p05_hyp-3_70_2.tar.bz2:0.620184898376:0.01289071:0.63
> 0:False:6,11:129,31
> 1:False:7,10:129,32
> 2:False:5,9:129,30
> 3:False:6,9:129,31
> 4:False:7,11:129,32
> 5:False:5,8:129,30
> 6:False:6,9:129,31
> 7:True:6,8:129,31
depots-optimal-old-noisy/70/depots_noisy_p05_hyp-3_70_3.tar.bz2:0.618177890778:0.01277395:0.61
> 0:False:6,11:129,30
> 1:True:7,10:129,31
> 2:False:5,9:129,29
> 3:False:6,10:129,30
> 4:False:7,11:129,31
> 5:False:5,9:129,29
> 6:False:6,10:129,30
> 7:True:6,9:129,30
depots-optimal-old-noisy/70/depots_noisy_p05_hyp-4_70_1.tar.bz2:0.625113964081:0.0135276:0.63
> 0:False:6,13:130,35
> 1:False:7,13:130,36
> 2:False:5,11:130,34
> 3:False:6,12:130,35
> 4:True:7,11:130,36
> 5:False:5,11:130,34
> 6:False:6,12:130,35
> 7:False:6,12:130,35
depots-optimal-old-noisy/70/depots_noisy_p05_hyp-4_70_2.tar.bz2:0.620840072632:0.01221496:0.63
> 0:False:6,11:129,27
> 1:False:7,11:129,28
> 2:False:5,9:129,26
> 3:False:6,10:129,27
> 4:True:7,9:129,28
> 5:False:5,9:129,26
> 6:False:6,10:129,27
> 7:False:6,10:129,27
depots-optimal-old-noisy/70/depots_noisy_p05_hyp-4_70_3.tar.bz2:0.620611906052:0.01356422:0.62
> 0:False:6,13:130,35
> 1:False:7,13:130,36
> 2:False:5,11:130,34
> 3:False:6,12:130,35
> 4:True:7,12:130,36
> 5:False:5,11:130,34
> 6:False:6,12:130,35
> 7:False:6,12:130,35
depots-optimal-old-noisy/100/depots_noisy_p03_hyp-1_full_1.tar.bz2:0.612535953522:0.0121232:0.62
> 0:False:5,9:119,30
> 1:True:7,10:119,32
> 2:False:6,11:119,31
> 3:False:6,11:119,31
> 4:True:7,10:119,32
> 5:False:6,10:119,31
> 6:False:5,10:119,30
> 7:False:6,11:119,31
depots-optimal-old-noisy/100/depots_noisy_p03_hyp-1_full_2.tar.bz2:0.606582164764:0.01075246:0.6
> 0:True:5,6:118,23
> 1:True:7,8:118,25
> 2:False:6,8:118,24
> 3:False:6,8:118,24
> 4:True:7,8:118,25
> 5:False:6,8:118,24
> 6:False:5,7:118,23
> 7:False:6,8:118,24
depots-optimal-old-noisy/100/depots_noisy_p03_hyp-1_full_3.tar.bz2:0.611608028412:0.01142227:0.62
> 0:False:5,9:119,29
> 1:False:7,11:119,31
> 2:False:6,11:119,30
> 3:False:6,10:119,30
> 4:True:7,10:119,31
> 5:False:6,11:119,30
> 6:False:5,10:119,29
> 7:False:6,11:119,30
depots-optimal-old-noisy/100/depots_noisy_p03_hyp-2_full_1.tar.bz2:0.610399961472:0.01367709:0.6
> 0:False:5,10:122,38
> 1:True:7,10:122,40
> 2:False:6,12:122,39
> 3:False:6,12:122,39
> 4:False:7,12:122,40
> 5:False:6,12:122,39
> 6:False:5,11:122,38
> 7:False:6,12:122,39
depots-optimal-old-noisy/100/depots_noisy_p03_hyp-2_full_2.tar.bz2:0.613456010818:0.01389175:0.61
> 0:False:5,10:122,38
> 1:True:7,10:122,40
> 2:False:6,12:122,39
> 3:False:6,12:122,39
> 4:False:7,12:122,40
> 5:False:6,12:122,39
> 6:False:5,11:122,38
> 7:False:6,12:122,39
depots-optimal-old-noisy/100/depots_noisy_p03_hyp-2_full_3.tar.bz2:0.608155965805:0.01366403:0.61
> 0:False:5,10:122,38
> 1:True:7,10:122,40
> 2:False:6,12:122,39
> 3:False:6,12:122,39
> 4:False:7,12:122,40
> 5:False:6,12:122,39
> 6:False:5,11:122,38
> 7:False:6,12:122,39
depots-optimal-old-noisy/100/depots_noisy_p03_hyp-3_full_1.tar.bz2:0.608582019806:0.01306391:0.61
> 0:False:5,9:121,36
> 1:False:7,11:121,38
> 2:True:6,9:121,37
> 3:False:6,11:121,37
> 4:False:7,11:121,38
> 5:False:6,11:121,37
> 6:False:5,10:121,36
> 7:False:6,11:121,37
depots-optimal-old-noisy/100/depots_noisy_p03_hyp-3_full_2.tar.bz2:0.610627889633:0.01318698:0.62
> 0:False:5,9:121,36
> 1:False:7,11:121,38
> 2:True:6,9:121,37
> 3:False:6,11:121,37
> 4:False:7,11:121,38
> 5:False:6,11:121,37
> 6:False:5,10:121,36
> 7:False:6,11:121,37
depots-optimal-old-noisy/100/depots_noisy_p03_hyp-3_full_3.tar.bz2:0.607687950134:0.01300288:0.61
> 0:False:5,9:121,36
> 1:False:7,11:121,38
> 2:True:6,9:121,37
> 3:False:6,11:121,37
> 4:False:7,11:121,38
> 5:False:6,11:121,37
> 6:False:5,10:121,36
> 7:False:6,11:121,37
depots-optimal-old-noisy/100/depots_noisy_p03_hyp-4_full_1.tar.bz2:0.614081859589:0.01464018:0.62
> 0:False:5,12:123,44
> 1:False:7,14:123,46
> 2:False:6,14:123,45
> 3:True:6,11:123,45
> 4:False:7,13:123,46
> 5:False:6,12:123,45
> 6:False:5,11:123,44
> 7:False:6,12:123,45
depots-optimal-old-noisy/100/depots_noisy_p03_hyp-4_full_2.tar.bz2:0.611939191818:0.01397325:0.61
> 0:False:5,11:122,39
> 1:False:7,13:122,41
> 2:False:6,13:122,40
> 3:True:6,10:122,40
> 4:False:7,12:122,41
> 5:False:6,11:122,40
> 6:False:5,10:122,39
> 7:False:6,11:122,40
depots-optimal-old-noisy/100/depots_noisy_p03_hyp-4_full_3.tar.bz2:0.611565113068:0.01437655:0.62
> 0:False:5,13:123,41
> 1:False:7,15:123,43
> 2:False:6,15:123,42
> 3:True:6,12:123,42
> 4:False:7,14:123,43
> 5:False:6,13:123,42
> 6:False:5,12:123,41
> 7:False:6,13:123,42
depots-optimal-old-noisy/100/depots_noisy_p04_hyp-1_full_1.tar.bz2:0.629714012146:0.01448243:0.64
> 0:True:6,10:132,38
> 1:False:6,11:132,38
> 2:False:5,10:132,37
> 3:False:7,13:132,39
> 4:False:6,11:132,38
> 5:False:5,11:132,37
> 6:False:6,13:132,38
> 7:False:7,13:132,39
depots-optimal-old-noisy/100/depots_noisy_p04_hyp-1_full_2.tar.bz2:0.616125106812:0.01400729:0.62
> 0:True:6,10:132,38
> 1:False:6,11:132,38
> 2:False:5,10:132,37
> 3:False:7,13:132,39
> 4:False:6,11:132,38
> 5:False:5,11:132,37
> 6:False:6,13:132,38
> 7:False:7,13:132,39
depots-optimal-old-noisy/100/depots_noisy_p04_hyp-1_full_3.tar.bz2:0.61927485466:0.01412155:0.62
> 0:True:6,10:132,38
> 1:False:6,11:132,38
> 2:False:5,10:132,37
> 3:False:7,13:132,39
> 4:False:6,11:132,38
> 5:False:5,11:132,37
> 6:False:6,13:132,38
> 7:False:7,13:132,39
depots-optimal-old-noisy/100/depots_noisy_p04_hyp-2_full_1.tar.bz2:0.620872974396:0.01448344:0.62
> 0:False:6,11:132,40
> 1:True:6,10:132,40
> 2:False:5,10:132,39
> 3:False:7,13:132,41
> 4:False:6,11:132,40
> 5:False:5,11:132,39
> 6:False:6,13:132,40
> 7:False:7,12:132,41
depots-optimal-old-noisy/100/depots_noisy_p04_hyp-2_full_2.tar.bz2:0.623986005783:0.01449373:0.62
> 0:False:6,11:132,40
> 1:True:6,10:132,40
> 2:False:5,10:132,39
> 3:False:7,13:132,41
> 4:False:6,11:132,40
> 5:False:5,11:132,39
> 6:False:6,13:132,40
> 7:False:7,12:132,41
depots-optimal-old-noisy/100/depots_noisy_p04_hyp-2_full_3.tar.bz2:0.623360872269:0.01454941:0.62
> 0:False:6,11:132,40
> 1:True:6,10:132,40
> 2:False:5,10:132,39
> 3:False:7,13:132,41
> 4:False:6,11:132,40
> 5:False:5,11:132,39
> 6:False:6,13:132,40
> 7:False:7,12:132,41
depots-optimal-old-noisy/100/depots_noisy_p04_hyp-3_full_1.tar.bz2:0.623003959656:0.01440837:0.63
> 0:False:6,12:132,39
> 1:False:6,12:132,39
> 2:False:5,11:132,38
> 3:True:7,10:132,40
> 4:False:6,12:132,39
> 5:False:5,10:132,38
> 6:False:6,12:132,39
> 7:False:7,12:132,40
depots-optimal-old-noisy/100/depots_noisy_p04_hyp-3_full_2.tar.bz2:0.61884188652:0.01454306:0.62
> 0:False:6,12:132,39
> 1:False:6,12:132,39
> 2:False:5,11:132,38
> 3:True:7,10:132,40
> 4:False:6,12:132,39
> 5:False:5,10:132,38
> 6:False:6,12:132,39
> 7:False:7,12:132,40
depots-optimal-old-noisy/100/depots_noisy_p04_hyp-3_full_3.tar.bz2:0.618175983429:0.01443068:0.62
> 0:False:6,12:132,39
> 1:False:6,12:132,39
> 2:False:5,11:132,38
> 3:True:7,10:132,40
> 4:False:6,12:132,39
> 5:False:5,10:132,38
> 6:False:6,12:132,39
> 7:False:7,12:132,40
depots-optimal-old-noisy/100/depots_noisy_p04_hyp-4_full_1.tar.bz2:0.624631881714:0.01511419:0.62
> 0:False:6,13:132,42
> 1:False:6,13:132,42
> 2:False:5,12:132,41
> 3:True:7,12:132,43
> 4:False:6,12:132,42
> 5:False:5,12:132,41
> 6:False:6,12:132,42
> 7:False:7,14:132,43
depots-optimal-old-noisy/100/depots_noisy_p04_hyp-4_full_2.tar.bz2:0.625066995621:0.01465341:0.62
> 0:False:6,13:132,39
> 1:False:6,13:132,39
> 2:False:5,12:132,38
> 3:True:7,12:132,40
> 4:False:6,13:132,39
> 5:False:5,11:132,38
> 6:True:6,11:132,39
> 7:False:7,13:132,40
depots-optimal-old-noisy/100/depots_noisy_p04_hyp-4_full_3.tar.bz2:0.622998952866:0.01355264:0.62
> 0:False:6,11:131,35
> 1:False:6,11:131,35
> 2:False:5,10:131,34
> 3:False:7,11:131,36
> 4:False:6,11:131,35
> 5:False:5,9:131,34
> 6:True:6,9:131,35
> 7:False:7,11:131,36
depots-optimal-old-noisy/100/depots_noisy_p05_hyp-1_full_1.tar.bz2:0.626413822174:0.01564303:0.62
> 0:False:6,13:133,46
> 1:True:7,13:133,47
> 2:False:5,13:133,45
> 3:False:6,14:133,46
> 4:False:7,15:133,47
> 5:False:5,13:133,45
> 6:False:6,14:133,46
> 7:False:6,14:133,46
depots-optimal-old-noisy/100/depots_noisy_p05_hyp-1_full_2.tar.bz2:0.623793125153:0.01447232:0.63
> 0:False:6,12:132,39
> 1:True:7,10:132,40
> 2:False:5,10:132,38
> 3:False:6,12:132,39
> 4:False:7,12:132,40
> 5:False:5,11:132,38
> 6:False:6,12:132,39
> 7:False:6,12:132,39
depots-optimal-old-noisy/100/depots_noisy_p05_hyp-1_full_3.tar.bz2:0.622632980347:0.01557712:0.62
> 0:False:6,12:133,45
> 1:True:7,12:133,46
> 2:False:5,12:133,44
> 3:False:6,14:133,45
> 4:False:7,14:133,46
> 5:False:5,13:133,44
> 6:False:6,14:133,45
> 7:False:6,14:133,45
depots-optimal-old-noisy/100/depots_noisy_p05_hyp-2_full_1.tar.bz2:0.622096061707:0.01409922:0.63
> 0:False:6,12:132,37
> 1:False:7,13:132,38
> 2:False:5,11:132,36
> 3:False:6,12:132,37
> 4:False:7,13:132,38
> 5:False:5,11:132,36
> 6:True:6,11:132,37
> 7:False:6,12:132,37
depots-optimal-old-noisy/100/depots_noisy_p05_hyp-2_full_2.tar.bz2:0.619872093201:0.01409481:0.63
> 0:False:6,12:132,37
> 1:False:7,13:132,38
> 2:False:5,11:132,36
> 3:False:6,12:132,37
> 4:False:7,13:132,38
> 5:False:5,11:132,36
> 6:True:6,11:132,37
> 7:False:6,12:132,37
depots-optimal-old-noisy/100/depots_noisy_p05_hyp-2_full_3.tar.bz2:0.619964122772:0.0146863:0.62
> 0:False:6,14:133,39
> 1:False:7,15:133,40
> 2:False:5,13:133,38
> 3:False:6,14:133,39
> 4:False:7,15:133,40
> 5:False:5,13:133,38
> 6:True:6,13:133,39
> 7:False:6,14:133,39
depots-optimal-old-noisy/100/depots_noisy_p05_hyp-3_full_1.tar.bz2:0.623982191086:0.01450501:0.63
> 0:False:6,13:132,40
> 1:False:7,12:132,41
> 2:False:5,11:132,39
> 3:False:6,11:132,40
> 4:False:7,13:132,41
> 5:False:5,10:132,39
> 6:False:6,11:132,40
> 7:True:6,10:132,40
depots-optimal-old-noisy/100/depots_noisy_p05_hyp-3_full_2.tar.bz2:0.625835180283:0.01444832:0.63
> 0:False:6,13:132,40
> 1:False:7,12:132,41
> 2:False:5,11:132,39
> 3:False:6,11:132,40
> 4:False:7,13:132,41
> 5:False:5,10:132,39
> 6:False:6,11:132,40
> 7:True:6,10:132,40
depots-optimal-old-noisy/100/depots_noisy_p05_hyp-3_full_3.tar.bz2:0.621286869049:0.01560571:0.63
> 0:False:6,14:133,48
> 1:True:7,13:133,49
> 2:False:5,12:133,47
> 3:False:6,13:133,48
> 4:False:7,14:133,49
> 5:False:5,12:133,47
> 6:False:6,13:133,48
> 7:True:6,12:133,48
depots-optimal-old-noisy/100/depots_noisy_p05_hyp-4_full_1.tar.bz2:0.621691942215:0.01488836:0.62
> 0:False:6,13:133,41
> 1:False:7,13:133,42
> 2:False:5,11:133,40
> 3:False:6,13:133,41
> 4:True:7,11:133,42
> 5:False:5,12:133,40
> 6:False:6,13:133,41
> 7:False:6,13:133,41
depots-optimal-old-noisy/100/depots_noisy_p05_hyp-4_full_2.tar.bz2:0.623907089233:0.01435967:0.62
> 0:False:6,12:132,39
> 1:False:7,12:132,40
> 2:False:5,10:132,38
> 3:False:6,12:132,39
> 4:True:7,10:132,40
> 5:False:5,11:132,38
> 6:False:6,12:132,39
> 7:False:6,12:132,39
depots-optimal-old-noisy/100/depots_noisy_p05_hyp-4_full_3.tar.bz2:0.621665000916:0.01453963:0.62
> 0:False:6,12:132,39
> 1:False:7,12:132,40
> 2:False:5,10:132,38
> 3:False:6,12:132,39
> 4:True:7,10:132,40
> 5:False:5,11:132,38
> 6:False:6,12:132,39
> 7:False:6,12:132,39
