depots-optimal/10/depots_p03_hyp-1_10_1.tar.bz2:2.01320099831:0.09375:1.76
> (on crate1 crate0),(on crate0 pallet0):False:7.0,9.0:113.0,115.0
> (on crate1 pallet1),(on crate0 crate1):False:6.0,7.0:113.0,115.0
> (on crate1 crate0),(on crate0 pallet1):False:5.0,6.0:113.0,114.0
> (on crate0 crate1),(on crate1 pallet3):False:7.0,8.0:113.0,116.0
> (on crate1 pallet0),(on crate0 crate1):True:5.0,5.0:113.0,114.0
> (on crate1 crate0),(on crate0 pallet3):False:6.0,8.0:113.0,115.0
> (on crate0 crate1),(on crate1 pallet2):False:7.0,8.0:113.0,116.0
> (on crate0 pallet2),(on crate1 crate0):False:6.0,8.0:113.0,115.0
depots-optimal/10/depots_p03_hyp-2_10_1.tar.bz2:2.03791809082:0.078125:1.74
> (on crate1 crate0),(on crate0 pallet0):True:7.0,7.0:113.0,115.0
> (on crate1 pallet1),(on crate0 crate1):False:6.0,7.0:113.0,115.0
> (on crate1 crate0),(on crate0 pallet1):True:5.0,5.0:113.0,114.0
> (on crate0 crate1),(on crate1 pallet3):True:7.0,7.0:113.0,116.0
> (on crate1 pallet0),(on crate0 crate1):True:5.0,5.0:113.0,114.0
> (on crate1 crate0),(on crate0 pallet3):False:6.0,7.0:113.0,115.0
> (on crate0 crate1),(on crate1 pallet2):True:7.0,7.0:113.0,116.0
> (on crate0 pallet2),(on crate1 crate0):False:6.0,7.0:113.0,115.0
depots-optimal/10/depots_p04_hyp-1_10_1.tar.bz2:1.96477198601:0.109375:1.67
> (on crate1 crate0),(on crate0 pallet0):True:5.0,5.0:123.0,122.0
> (on crate1 pallet1),(on crate0 crate1):False:5.0,7.0:123.0,122.0
> (on crate1 crate0),(on crate0 pallet1):False:6.0,8.0:123.0,123.0
> (on crate0 crate1),(on crate1 pallet3):True:6.0,6.0:123.0,123.0
> (on crate1 pallet0),(on crate0 crate1):True:7.0,7.0:123.0,123.0
> (on crate1 crate0),(on crate0 pallet3):False:7.0,9.0:123.0,124.0
> (on crate0 crate1),(on crate1 pallet2):True:6.0,6.0:123.0,123.0
> (on crate0 pallet2),(on crate1 crate0):False:7.0,9.0:123.0,124.0
depots-optimal/10/depots_p04_hyp-2_10_1.tar.bz2:1.96980214119:0.109375:1.76
> (on crate1 crate0),(on crate0 pallet0):False:5.0,7.0:123.0,122.0
> (on crate1 pallet1),(on crate0 crate1):False:5.0,6.0:123.0,122.0
> (on crate1 crate0),(on crate0 pallet1):False:6.0,8.0:123.0,123.0
> (on crate0 crate1),(on crate1 pallet3):False:6.0,8.0:123.0,123.0
> (on crate1 pallet0),(on crate0 crate1):False:7.0,8.0:123.0,123.0
> (on crate1 crate0),(on crate0 pallet3):False:7.0,9.0:123.0,124.0
> (on crate0 crate1),(on crate1 pallet2):False:6.0,8.0:123.0,123.0
> (on crate0 pallet2),(on crate1 crate0):True:7.0,7.0:123.0,124.0
depots-optimal/10/depots_p05_hyp-1_10_1.tar.bz2:2.07740306854:0.078125:1.6
> (on crate1 crate0),(on crate0 pallet0):False:5.0,7.0:123.0,122.0
> (on crate1 pallet1),(on crate0 crate1):False:5.0,7.0:123.0,122.0
> (on crate1 crate0),(on crate0 pallet1):False:7.0,9.0:123.0,123.0
> (on crate0 crate1),(on crate1 pallet3):False:7.0,9.0:123.0,124.0
> (on crate1 pallet0),(on crate0 crate1):False:6.0,8.0:123.0,123.0
> (on crate1 crate0),(on crate0 pallet3):False:6.0,8.0:123.0,123.0
> (on crate0 crate1),(on crate1 pallet2):False:7.0,9.0:123.0,124.0
> (on crate0 pallet2),(on crate1 crate0):True:6.0,6.0:123.0,123.0
depots-optimal/10/depots_p05_hyp-2_10_1.tar.bz2:2.08960819244:0.09375:1.77
> (on crate1 crate0),(on crate0 pallet0):False:5.0,7.0:123.0,122.0
> (on crate1 pallet1),(on crate0 crate1):True:5.0,5.0:123.0,122.0
> (on crate1 crate0),(on crate0 pallet1):True:7.0,7.0:123.0,123.0
> (on crate0 crate1),(on crate1 pallet3):False:7.0,9.0:123.0,124.0
> (on crate1 pallet0),(on crate0 crate1):False:6.0,8.0:123.0,123.0
> (on crate1 crate0),(on crate0 pallet3):False:6.0,8.0:123.0,123.0
> (on crate0 crate1),(on crate1 pallet2):False:7.0,9.0:123.0,124.0
> (on crate0 pallet2),(on crate1 crate0):False:6.0,8.0:123.0,123.0
depots-optimal/30/depots_p03_hyp-1_30_1.tar.bz2:2.08006191254:0.09375:1.84
> (on crate1 crate0),(on crate0 pallet0):True:7.0,8.0:114.0,116.0
> (on crate1 pallet1),(on crate0 crate1):False:6.0,10.0:114.0,116.0
> (on crate1 crate0),(on crate0 pallet1):False:5.0,8.0:114.0,115.0
> (on crate0 crate1),(on crate1 pallet3):False:7.0,10.0:114.0,117.0
> (on crate1 pallet0),(on crate0 crate1):True:5.0,6.0:114.0,115.0
> (on crate1 crate0),(on crate0 pallet3):False:6.0,8.0:114.0,116.0
> (on crate0 crate1),(on crate1 pallet2):False:7.0,10.0:114.0,117.0
> (on crate0 pallet2),(on crate1 crate0):False:6.0,8.0:114.0,116.0
depots-optimal/30/depots_p03_hyp-2_30_1.tar.bz2:2.18189191818:0.078125:1.81
> (on crate1 crate0),(on crate0 pallet0):False:7.0,10.0:115.0,117.0
> (on crate1 pallet1),(on crate0 crate1):False:6.0,8.0:115.0,117.0
> (on crate1 crate0),(on crate0 pallet1):False:5.0,8.0:115.0,116.0
> (on crate0 crate1),(on crate1 pallet3):True:7.0,8.0:115.0,118.0
> (on crate1 pallet0),(on crate0 crate1):False:5.0,8.0:115.0,116.0
> (on crate1 crate0),(on crate0 pallet3):False:6.0,10.0:115.0,117.0
> (on crate0 crate1),(on crate1 pallet2):True:7.0,8.0:115.0,118.0
> (on crate0 pallet2),(on crate1 crate0):False:6.0,10.0:115.0,117.0
depots-optimal/30/depots_p04_hyp-1_30_1.tar.bz2:2.25820994377:0.109375:2.0
> (on crate1 crate0),(on crate0 pallet0):False:5.0,8.0:125.0,124.0
> (on crate1 pallet1),(on crate0 crate1):False:5.0,8.0:125.0,124.0
> (on crate1 crate0),(on crate0 pallet1):False:6.0,8.0:125.0,125.0
> (on crate0 crate1),(on crate1 pallet3):True:6.0,6.0:125.0,125.0
> (on crate1 pallet0),(on crate0 crate1):True:7.0,7.0:125.0,125.0
> (on crate1 crate0),(on crate0 pallet3):False:7.0,9.0:125.0,126.0
> (on crate0 crate1),(on crate1 pallet2):True:6.0,6.0:125.0,125.0
> (on crate0 pallet2),(on crate1 crate0):False:7.0,9.0:125.0,126.0
depots-optimal/30/depots_p04_hyp-2_30_1.tar.bz2:2.39943194389:0.109375:2.07
> (on crate1 crate0),(on crate0 pallet0):False:5.0,7.0:125.0,124.0
> (on crate1 pallet1),(on crate0 crate1):False:5.0,8.0:125.0,124.0
> (on crate1 crate0),(on crate0 pallet1):False:6.0,8.0:125.0,125.0
> (on crate0 crate1),(on crate1 pallet3):False:6.0,8.0:125.0,125.0
> (on crate1 pallet0),(on crate0 crate1):False:7.0,8.0:125.0,125.0
> (on crate1 crate0),(on crate0 pallet3):False:7.0,9.0:125.0,126.0
> (on crate0 crate1),(on crate1 pallet2):False:6.0,8.0:125.0,125.0
> (on crate0 pallet2),(on crate1 crate0):True:7.0,7.0:125.0,126.0
depots-optimal/30/depots_p05_hyp-1_30_1.tar.bz2:2.53364896774:0.109375:2.19
> (on crate1 crate0),(on crate0 pallet0):False:5.0,10.0:125.0,124.0
> (on crate1 pallet1),(on crate0 crate1):False:5.0,8.0:125.0,124.0
> (on crate1 crate0),(on crate0 pallet1):False:7.0,10.0:125.0,125.0
> (on crate0 crate1),(on crate1 pallet3):False:7.0,10.0:125.0,126.0
> (on crate1 pallet0),(on crate0 crate1):False:6.0,10.0:125.0,125.0
> (on crate1 crate0),(on crate0 pallet3):False:6.0,10.0:125.0,125.0
> (on crate0 crate1),(on crate1 pallet2):True:7.0,8.0:125.0,126.0
> (on crate0 pallet2),(on crate1 crate0):False:6.0,10.0:125.0,125.0
depots-optimal/30/depots_p05_hyp-2_30_1.tar.bz2:2.48348593712:0.109375:2.1
> (on crate1 crate0),(on crate0 pallet0):False:5.0,9.0:125.0,124.0
> (on crate1 pallet1),(on crate0 crate1):True:5.0,7.0:125.0,124.0
> (on crate1 crate0),(on crate0 pallet1):True:7.0,9.0:125.0,125.0
> (on crate0 crate1),(on crate1 pallet3):True:7.0,9.0:125.0,126.0
> (on crate1 pallet0),(on crate0 crate1):False:6.0,10.0:125.0,125.0
> (on crate1 crate0),(on crate0 pallet3):False:6.0,10.0:125.0,125.0
> (on crate0 crate1),(on crate1 pallet2):True:7.0,9.0:125.0,126.0
> (on crate0 pallet2),(on crate1 crate0):False:6.0,10.0:125.0,125.0
depots-optimal/50/depots_p03_hyp-1_50_1.tar.bz2:2.38644003868:0.109375:2.17
> (on crate1 crate0),(on crate0 pallet0):True:7.0,8.0:115.0,117.0
> (on crate1 pallet1),(on crate0 crate1):False:6.0,10.0:115.0,117.0
> (on crate1 crate0),(on crate0 pallet1):False:5.0,10.0:115.0,116.0
> (on crate0 crate1),(on crate1 pallet3):False:7.0,10.0:115.0,118.0
> (on crate1 pallet0),(on crate0 crate1):True:5.0,6.0:115.0,116.0
> (on crate1 crate0),(on crate0 pallet3):False:6.0,8.0:115.0,117.0
> (on crate0 crate1),(on crate1 pallet2):False:7.0,10.0:115.0,118.0
> (on crate0 pallet2),(on crate1 crate0):False:6.0,8.0:115.0,117.0
depots-optimal/50/depots_p03_hyp-2_50_1.tar.bz2:2.43974590302:0.09375:2.09
> (on crate1 crate0),(on crate0 pallet0):False:7.0,12.0:117.0,119.0
> (on crate1 pallet1),(on crate0 crate1):False:6.0,10.0:117.0,119.0
> (on crate1 crate0),(on crate0 pallet1):False:5.0,10.0:117.0,118.0
> (on crate0 crate1),(on crate1 pallet3):True:7.0,10.0:117.0,120.0
> (on crate1 pallet0),(on crate0 crate1):False:5.0,12.0:117.0,118.0
> (on crate1 crate0),(on crate0 pallet3):False:6.0,12.0:117.0,119.0
> (on crate0 crate1),(on crate1 pallet2):True:7.0,10.0:117.0,120.0
> (on crate0 pallet2),(on crate1 crate0):False:6.0,12.0:117.0,119.0
depots-optimal/50/depots_p04_hyp-1_50_1.tar.bz2:2.3702480793:0.109375:2.15
> (on crate1 crate0),(on crate0 pallet0):True:5.0,6.0:127.0,126.0
> (on crate1 pallet1),(on crate0 crate1):False:5.0,10.0:127.0,126.0
> (on crate1 crate0),(on crate0 pallet1):False:6.0,10.0:127.0,127.0
> (on crate0 crate1),(on crate1 pallet3):False:6.0,10.0:127.0,127.0
> (on crate1 pallet0),(on crate0 crate1):True:7.0,8.0:127.0,127.0
> (on crate1 crate0),(on crate0 pallet3):False:7.0,10.0:127.0,128.0
> (on crate0 crate1),(on crate1 pallet2):False:6.0,10.0:127.0,127.0
> (on crate0 pallet2),(on crate1 crate0):False:7.0,10.0:127.0,128.0
depots-optimal/50/depots_p04_hyp-2_50_1.tar.bz2:2.37128400803:0.078125:2.03
> (on crate1 crate0),(on crate0 pallet0):False:5.0,10.0:127.0,126.0
> (on crate1 pallet1),(on crate0 crate1):False:5.0,12.0:127.0,126.0
> (on crate1 crate0),(on crate0 pallet1):False:6.0,12.0:127.0,127.0
> (on crate0 crate1),(on crate1 pallet3):False:6.0,10.0:127.0,127.0
> (on crate1 pallet0),(on crate0 crate1):True:7.0,10.0:127.0,127.0
> (on crate1 crate0),(on crate0 pallet3):False:7.0,12.0:127.0,128.0
> (on crate0 crate1),(on crate1 pallet2):False:6.0,10.0:127.0,127.0
> (on crate0 pallet2),(on crate1 crate0):False:7.0,12.0:127.0,128.0
depots-optimal/50/depots_p05_hyp-1_50_1.tar.bz2:2.44023799896:0.078125:2.12
> (on crate1 crate0),(on crate0 pallet0):False:5.0,10.0:127.0,126.0
> (on crate1 pallet1),(on crate0 crate1):False:5.0,9.0:127.0,126.0
> (on crate1 crate0),(on crate0 pallet1):False:7.0,12.0:127.0,127.0
> (on crate0 crate1),(on crate1 pallet3):False:7.0,11.0:127.0,128.0
> (on crate1 pallet0),(on crate0 crate1):False:6.0,10.0:127.0,127.0
> (on crate1 crate0),(on crate0 pallet3):False:6.0,12.0:127.0,127.0
> (on crate0 crate1),(on crate1 pallet2):True:7.0,9.0:127.0,128.0
> (on crate0 pallet2),(on crate1 crate0):False:6.0,10.0:127.0,127.0
depots-optimal/50/depots_p05_hyp-2_50_1.tar.bz2:2.29868197441:0.078125:1.97
> (on crate1 crate0),(on crate0 pallet0):False:5.0,10.0:127.0,126.0
> (on crate1 pallet1),(on crate0 crate1):True:5.0,8.0:127.0,126.0
> (on crate1 crate0),(on crate0 pallet1):True:7.0,10.0:127.0,127.0
> (on crate0 crate1),(on crate1 pallet3):False:7.0,12.0:127.0,128.0
> (on crate1 pallet0),(on crate0 crate1):False:6.0,10.0:127.0,127.0
> (on crate1 crate0),(on crate0 pallet3):False:6.0,12.0:127.0,127.0
> (on crate0 crate1),(on crate1 pallet2):False:7.0,12.0:127.0,128.0
> (on crate0 pallet2),(on crate1 crate0):False:6.0,12.0:127.0,127.0
depots-optimal/70/depots_p03_hyp-1_70_1.tar.bz2:2.31569004059:0.078125:2.12
> (on crate1 crate0),(on crate0 pallet0):True:7.0,8.0:117.0,119.0
> (on crate1 pallet1),(on crate0 crate1):False:6.0,10.0:117.0,119.0
> (on crate1 crate0),(on crate0 pallet1):False:5.0,10.0:117.0,118.0
> (on crate0 crate1),(on crate1 pallet3):False:7.0,10.0:117.0,120.0
> (on crate1 pallet0),(on crate0 crate1):True:5.0,6.0:117.0,118.0
> (on crate1 crate0),(on crate0 pallet3):False:6.0,10.0:117.0,119.0
> (on crate0 crate1),(on crate1 pallet2):False:7.0,10.0:117.0,120.0
> (on crate0 pallet2),(on crate1 crate0):False:6.0,10.0:117.0,119.0
depots-optimal/70/depots_p03_hyp-2_70_1.tar.bz2:2.1041829586:0.09375:1.84
> (on crate1 crate0),(on crate0 pallet0):False:7.0,12.0:119.0,121.0
> (on crate1 pallet1),(on crate0 crate1):False:6.0,12.0:119.0,121.0
> (on crate1 crate0),(on crate0 pallet1):False:5.0,12.0:119.0,120.0
> (on crate0 crate1),(on crate1 pallet3):False:7.0,12.0:119.0,122.0
> (on crate1 pallet0),(on crate0 crate1):False:5.0,10.0:119.0,120.0
> (on crate1 crate0),(on crate0 pallet3):False:6.0,12.0:119.0,121.0
> (on crate0 crate1),(on crate1 pallet2):True:7.0,10.0:119.0,122.0
> (on crate0 pallet2),(on crate1 crate0):False:6.0,12.0:119.0,121.0
depots-optimal/70/depots_p04_hyp-1_70_1.tar.bz2:2.10451889038:0.046875:1.76
> (on crate1 crate0),(on crate0 pallet0):False:5.0,13.0:129.0,128.0
> (on crate1 pallet1),(on crate0 crate1):False:5.0,11.0:129.0,128.0
> (on crate1 crate0),(on crate0 pallet1):False:6.0,13.0:129.0,129.0
> (on crate0 crate1),(on crate1 pallet3):False:6.0,11.0:129.0,129.0
> (on crate1 pallet0),(on crate0 crate1):True:7.0,9.0:129.0,129.0
> (on crate1 crate0),(on crate0 pallet3):False:7.0,13.0:129.0,130.0
> (on crate0 crate1),(on crate1 pallet2):False:6.0,11.0:129.0,129.0
> (on crate0 pallet2),(on crate1 crate0):False:7.0,13.0:129.0,130.0
depots-optimal/70/depots_p04_hyp-2_70_1.tar.bz2:1.93181300163:0.09375:1.67
> (on crate1 crate0),(on crate0 pallet0):False:5.0,13.0:129.0,128.0
> (on crate1 pallet1),(on crate0 crate1):False:5.0,11.0:129.0,128.0
> (on crate1 crate0),(on crate0 pallet1):False:6.0,13.0:129.0,129.0
> (on crate0 crate1),(on crate1 pallet3):False:6.0,11.0:129.0,129.0
> (on crate1 pallet0),(on crate0 crate1):False:7.0,11.0:129.0,129.0
> (on crate1 crate0),(on crate0 pallet3):False:7.0,13.0:129.0,130.0
> (on crate0 crate1),(on crate1 pallet2):True:6.0,9.0:129.0,129.0
> (on crate0 pallet2),(on crate1 crate0):False:7.0,11.0:129.0,130.0
depots-optimal/70/depots_p05_hyp-1_70_1.tar.bz2:1.99953103065:0.03125:1.75
> (on crate1 crate0),(on crate0 pallet0):False:5.0,9.0:129.0,128.0
> (on crate1 pallet1),(on crate0 crate1):False:5.0,11.0:129.0,128.0
> (on crate1 crate0),(on crate0 pallet1):False:7.0,11.0:129.0,129.0
> (on crate0 crate1),(on crate1 pallet3):False:7.0,11.0:129.0,130.0
> (on crate1 pallet0),(on crate0 crate1):False:6.0,11.0:129.0,129.0
> (on crate1 crate0),(on crate0 pallet3):False:6.0,11.0:129.0,129.0
> (on crate0 crate1),(on crate1 pallet2):True:7.0,9.0:129.0,130.0
> (on crate0 pallet2),(on crate1 crate0):False:6.0,11.0:129.0,129.0
depots-optimal/70/depots_p05_hyp-2_70_1.tar.bz2:1.94589781761:0.078125:1.75
> (on crate1 crate0),(on crate0 pallet0):False:5.0,14.0:129.0,128.0
> (on crate1 pallet1),(on crate0 crate1):False:5.0,14.0:129.0,128.0
> (on crate1 crate0),(on crate0 pallet1):True:7.0,12.0:129.0,129.0
> (on crate0 crate1),(on crate1 pallet3):False:7.0,14.0:129.0,130.0
> (on crate1 pallet0),(on crate0 crate1):False:6.0,14.0:129.0,129.0
> (on crate1 crate0),(on crate0 pallet3):False:6.0,14.0:129.0,129.0
> (on crate0 crate1),(on crate1 pallet2):False:7.0,14.0:129.0,130.0
> (on crate0 pallet2),(on crate1 crate0):False:6.0,14.0:129.0,129.0
depots-optimal/100/depots_p03_hyp-1_full.tar.bz2:1.87382102013:0.078125:1.58
> (on crate1 crate0),(on crate0 pallet0):False:7.0,10.0:118.0,120.0
> (on crate1 pallet1),(on crate0 crate1):False:6.0,10.0:118.0,120.0
> (on crate1 crate0),(on crate0 pallet1):False:5.0,10.0:118.0,119.0
> (on crate0 crate1),(on crate1 pallet3):False:7.0,10.0:118.0,121.0
> (on crate1 pallet0),(on crate0 crate1):True:5.0,6.0:118.0,119.0
> (on crate1 crate0),(on crate0 pallet3):False:6.0,10.0:118.0,120.0
> (on crate0 crate1),(on crate1 pallet2):False:7.0,10.0:118.0,121.0
> (on crate0 pallet2),(on crate1 crate0):False:6.0,10.0:118.0,120.0
depots-optimal/100/depots_p03_hyp-2_full.tar.bz2:1.98951983452:0.09375:1.57
> (on crate1 crate0),(on crate0 pallet0):False:7.0,14.0:122.0,124.0
> (on crate1 pallet1),(on crate0 crate1):False:6.0,12.0:122.0,124.0
> (on crate1 crate0),(on crate0 pallet1):False:5.0,14.0:122.0,123.0
> (on crate0 crate1),(on crate1 pallet3):False:7.0,12.0:122.0,125.0
> (on crate1 pallet0),(on crate0 crate1):False:5.0,12.0:122.0,123.0
> (on crate1 crate0),(on crate0 pallet3):False:6.0,14.0:122.0,124.0
> (on crate0 crate1),(on crate1 pallet2):True:7.0,10.0:122.0,125.0
> (on crate0 pallet2),(on crate1 crate0):False:6.0,14.0:122.0,124.0
depots-optimal/100/depots_p04_hyp-1_full.tar.bz2:1.96248888969:0.0625:1.59
> (on crate1 crate0),(on crate0 pallet0):False:5.0,14.0:132.0,131.0
> (on crate1 pallet1),(on crate0 crate1):False:5.0,12.0:132.0,131.0
> (on crate1 crate0),(on crate0 pallet1):False:6.0,14.0:132.0,132.0
> (on crate0 crate1),(on crate1 pallet3):False:6.0,12.0:132.0,132.0
> (on crate1 pallet0),(on crate0 crate1):True:7.0,10.0:132.0,132.0
> (on crate1 crate0),(on crate0 pallet3):False:7.0,14.0:132.0,133.0
> (on crate0 crate1),(on crate1 pallet2):False:6.0,12.0:132.0,132.0
> (on crate0 pallet2),(on crate1 crate0):False:7.0,14.0:132.0,133.0
depots-optimal/100/depots_p04_hyp-2_full.tar.bz2:1.92964506149:0.0625:1.68
> (on crate1 crate0),(on crate0 pallet0):False:5.0,14.0:132.0,131.0
> (on crate1 pallet1),(on crate0 crate1):False:5.0,12.0:132.0,131.0
> (on crate1 crate0),(on crate0 pallet1):False:6.0,14.0:132.0,132.0
> (on crate0 crate1),(on crate1 pallet3):False:6.0,12.0:132.0,132.0
> (on crate1 pallet0),(on crate0 crate1):False:7.0,12.0:132.0,132.0
> (on crate1 crate0),(on crate0 pallet3):False:7.0,14.0:132.0,133.0
> (on crate0 crate1),(on crate1 pallet2):True:6.0,10.0:132.0,132.0
> (on crate0 pallet2),(on crate1 crate0):False:7.0,14.0:132.0,133.0
depots-optimal/100/depots_p05_hyp-1_full.tar.bz2:1.97430706024:0.0625:1.67
> (on crate1 crate0),(on crate0 pallet0):False:5.0,14.0:132.0,131.0
> (on crate1 pallet1),(on crate0 crate1):False:5.0,12.0:132.0,131.0
> (on crate1 crate0),(on crate0 pallet1):False:7.0,14.0:132.0,132.0
> (on crate0 crate1),(on crate1 pallet3):False:7.0,12.0:132.0,133.0
> (on crate1 pallet0),(on crate0 crate1):False:6.0,12.0:132.0,132.0
> (on crate1 crate0),(on crate0 pallet3):False:6.0,14.0:132.0,132.0
> (on crate0 crate1),(on crate1 pallet2):True:7.0,10.0:132.0,133.0
> (on crate0 pallet2),(on crate1 crate0):False:6.0,14.0:132.0,132.0
depots-optimal/100/depots_p05_hyp-2_full.tar.bz2:1.87656998634:0.078125:1.64
> (on crate1 crate0),(on crate0 pallet0):False:5.0,14.0:132.0,131.0
> (on crate1 pallet1),(on crate0 crate1):False:5.0,14.0:132.0,131.0
> (on crate1 crate0),(on crate0 pallet1):True:7.0,12.0:132.0,132.0
> (on crate0 crate1),(on crate1 pallet3):False:7.0,14.0:132.0,133.0
> (on crate1 pallet0),(on crate0 crate1):False:6.0,14.0:132.0,132.0
> (on crate1 crate0),(on crate0 pallet3):False:6.0,14.0:132.0,132.0
> (on crate0 crate1),(on crate1 pallet2):False:7.0,14.0:132.0,133.0
> (on crate0 pallet2),(on crate1 crate0):False:6.0,14.0:132.0,132.0
