depots-optimal-old-noisy/10/depots_noisy_p03_hyp-1_10_1.tar.bz2:0.623492956161:0.02221423:0.62
> 0:True:2,3:113,49
> 1:True:6,7:113,49
> 2:True:6,7:113,49
> 3:True:6,7:113,49
> 4:True:6,7:113,49
> 5:True:6,7:113,49
> 6:True:2,3:113,49
> 7:True:6,7:113,49
depots-optimal-old-noisy/10/depots_noisy_p03_hyp-1_10_2.tar.bz2:0.624404907227:0.02198879:0.62
> 0:True:2,3:113,49
> 1:True:6,7:113,49
> 2:True:6,7:113,49
> 3:True:6,7:113,49
> 4:True:6,7:113,49
> 5:True:6,7:113,49
> 6:True:2,3:113,49
> 7:True:6,7:113,49
depots-optimal-old-noisy/10/depots_noisy_p03_hyp-1_10_3.tar.bz2:0.622161865234:0.02232674:0.63
> 0:True:2,2:113,49
> 1:True:6,6:113,49
> 2:True:6,6:113,49
> 3:True:6,6:113,49
> 4:True:6,6:113,49
> 5:True:6,6:113,49
> 6:False:2,3:113,49
> 7:True:6,6:113,49
depots-optimal-old-noisy/10/depots_noisy_p03_hyp-2_10_1.tar.bz2:0.62566781044:0.02300277:0.62
> 0:True:2,2:114,50
> 1:True:6,6:114,50
> 2:True:6,6:114,50
> 3:True:6,6:114,50
> 4:True:6,6:114,50
> 5:True:6,6:114,50
> 6:True:2,2:114,50
> 7:True:6,6:114,50
depots-optimal-old-noisy/10/depots_noisy_p03_hyp-2_10_2.tar.bz2:0.622867822647:0.02236967:0.62
> 0:True:2,3:113,49
> 1:True:6,7:113,49
> 2:True:6,7:113,49
> 3:True:6,7:113,49
> 4:True:6,7:113,49
> 5:True:6,7:113,49
> 6:True:2,3:113,49
> 7:True:6,7:113,49
depots-optimal-old-noisy/10/depots_noisy_p03_hyp-2_10_3.tar.bz2:0.623642206192:0.02201403:0.63
> 0:False:2,3:113,49
> 1:True:6,6:113,49
> 2:True:6,6:113,49
> 3:True:6,6:113,49
> 4:True:6,6:113,49
> 5:True:6,6:113,49
> 6:True:2,2:113,49
> 7:True:6,6:113,49
depots-optimal-old-noisy/10/depots_noisy_p03_hyp-3_10_1.tar.bz2:0.619686841965:0.02193875:0.62
> 0:True:2,2:113,49
> 1:True:6,6:113,49
> 2:True:6,6:113,49
> 3:True:6,6:113,49
> 4:True:6,6:113,49
> 5:True:6,6:113,49
> 6:False:2,3:113,49
> 7:True:6,6:113,49
depots-optimal-old-noisy/10/depots_noisy_p03_hyp-3_10_2.tar.bz2:0.622526884079:0.02207664:0.62
> 0:True:2,2:113,49
> 1:True:6,6:113,49
> 2:True:6,6:113,49
> 3:True:6,6:113,49
> 4:True:6,6:113,49
> 5:True:6,6:113,49
> 6:False:2,3:113,49
> 7:True:6,6:113,49
depots-optimal-old-noisy/10/depots_noisy_p03_hyp-3_10_3.tar.bz2:0.62161397934:0.02254476:0.63
> 0:True:2,2:114,50
> 1:True:6,6:114,50
> 2:True:6,6:114,50
> 3:True:6,6:114,50
> 4:True:6,6:114,50
> 5:True:6,6:114,50
> 6:False:2,3:114,50
> 7:True:6,6:114,50
depots-optimal-old-noisy/10/depots_noisy_p03_hyp-4_10_1.tar.bz2:0.616970777512:0.02190693:0.62
> 0:False:2,3:113,49
> 1:True:6,6:113,49
> 2:True:6,6:113,49
> 3:True:6,6:113,49
> 4:True:6,6:113,49
> 5:True:6,6:113,49
> 6:True:2,2:113,49
> 7:True:6,6:113,49
depots-optimal-old-noisy/10/depots_noisy_p03_hyp-4_10_2.tar.bz2:0.623198986053:0.02219551:0.63
> 0:False:2,3:113,49
> 1:True:6,6:113,49
> 2:True:6,6:113,49
> 3:True:6,6:113,49
> 4:True:6,6:113,49
> 5:True:6,6:113,49
> 6:True:2,2:113,49
> 7:True:6,6:113,49
depots-optimal-old-noisy/10/depots_noisy_p03_hyp-4_10_3.tar.bz2:0.62758398056:0.02307904:0.63
> 0:False:2,3:114,50
> 1:True:6,6:114,50
> 2:True:6,6:114,50
> 3:True:6,6:114,50
> 4:True:6,6:114,50
> 5:True:6,6:114,50
> 6:True:2,2:114,50
> 7:True:6,6:114,50
depots-optimal-old-noisy/10/depots_noisy_p04_hyp-1_10_1.tar.bz2:0.641417980194:0.02493287:0.64
> 0:True:6,6:123,53
> 1:True:6,6:123,53
> 2:True:2,2:123,53
> 3:True:6,6:123,53
> 4:True:6,6:123,53
> 5:False:2,3:123,53
> 6:True:6,6:123,53
> 7:True:6,6:123,53
depots-optimal-old-noisy/10/depots_noisy_p04_hyp-1_10_2.tar.bz2:0.637070894241:0.02482321:0.63
> 0:True:6,6:123,53
> 1:True:6,6:123,53
> 2:False:2,3:123,53
> 3:True:6,6:123,53
> 4:True:6,6:123,53
> 5:True:2,2:123,53
> 6:True:6,6:123,53
> 7:True:6,6:123,53
depots-optimal-old-noisy/10/depots_noisy_p04_hyp-1_10_3.tar.bz2:0.636343955994:0.02483346:0.63
> 0:True:6,6:123,53
> 1:True:6,6:123,53
> 2:False:2,3:123,53
> 3:True:6,6:123,53
> 4:True:6,6:123,53
> 5:True:2,2:123,53
> 6:True:6,6:123,53
> 7:True:6,6:123,53
depots-optimal-old-noisy/10/depots_noisy_p04_hyp-2_10_1.tar.bz2:0.636905908585:0.02450701:0.64
> 0:True:6,6:123,53
> 1:True:6,6:123,53
> 2:True:2,2:123,53
> 3:True:6,6:123,53
> 4:True:6,6:123,53
> 5:False:2,3:123,53
> 6:True:6,6:123,53
> 7:True:6,6:123,53
depots-optimal-old-noisy/10/depots_noisy_p04_hyp-2_10_2.tar.bz2:0.639415025711:0.02474736:0.64
> 0:True:6,6:123,53
> 1:True:6,6:123,53
> 2:True:2,2:123,53
> 3:True:6,6:123,53
> 4:True:6,6:123,53
> 5:False:2,3:123,53
> 6:True:6,6:123,53
> 7:True:6,6:123,53
depots-optimal-old-noisy/10/depots_noisy_p04_hyp-2_10_3.tar.bz2:0.639347076416:0.02486829:0.64
> 0:True:6,6:123,53
> 1:True:6,6:123,53
> 2:False:2,3:123,53
> 3:True:6,6:123,53
> 4:True:6,6:123,53
> 5:True:2,2:123,53
> 6:True:6,6:123,53
> 7:True:6,6:123,53
depots-optimal-old-noisy/10/depots_noisy_p04_hyp-3_10_1.tar.bz2:0.630955934525:0.02471911:0.63
> 0:True:6,6:123,53
> 1:True:6,6:123,53
> 2:True:2,2:123,53
> 3:True:6,6:123,53
> 4:True:6,6:123,53
> 5:False:2,3:123,53
> 6:True:6,6:123,53
> 7:True:6,6:123,53
depots-optimal-old-noisy/10/depots_noisy_p04_hyp-3_10_2.tar.bz2:0.637531042099:0.02478149:0.64
> 0:True:6,6:123,53
> 1:True:6,6:123,53
> 2:False:2,3:123,53
> 3:True:6,6:123,53
> 4:True:6,6:123,53
> 5:True:2,2:123,53
> 6:True:6,6:123,53
> 7:True:6,6:123,53
depots-optimal-old-noisy/10/depots_noisy_p04_hyp-3_10_3.tar.bz2:0.63259100914:0.02467429:0.64
> 0:True:6,6:123,53
> 1:True:6,6:123,53
> 2:False:2,3:123,53
> 3:True:6,6:123,53
> 4:True:6,6:123,53
> 5:True:2,2:123,53
> 6:True:6,6:123,53
> 7:True:6,6:123,53
depots-optimal-old-noisy/10/depots_noisy_p04_hyp-4_10_1.tar.bz2:0.639718055725:0.02567672:0.65
> 0:True:6,6:124,54
> 1:True:6,6:124,54
> 2:False:2,3:124,54
> 3:True:6,6:124,54
> 4:True:6,6:124,54
> 5:True:2,2:124,54
> 6:True:6,6:124,54
> 7:True:6,6:124,54
depots-optimal-old-noisy/10/depots_noisy_p04_hyp-4_10_2.tar.bz2:0.638149023056:0.02443041:0.64
> 0:True:6,7:123,53
> 1:True:6,7:123,53
> 2:True:2,3:123,53
> 3:True:6,7:123,53
> 4:True:6,7:123,53
> 5:True:2,3:123,53
> 6:True:6,7:123,53
> 7:True:6,7:123,53
depots-optimal-old-noisy/10/depots_noisy_p04_hyp-4_10_3.tar.bz2:0.637973070145:0.02479682:0.64
> 0:True:6,6:123,53
> 1:True:6,6:123,53
> 2:True:2,2:123,53
> 3:True:6,6:123,53
> 4:True:6,6:123,53
> 5:False:2,3:123,53
> 6:True:6,6:123,53
> 7:True:6,6:123,53
depots-optimal-old-noisy/10/depots_noisy_p05_hyp-1_10_1.tar.bz2:0.637880802155:0.0245715:0.64
> 0:True:6,6:123,53
> 1:True:6,6:123,53
> 2:False:2,3:123,53
> 3:True:6,6:123,53
> 4:True:6,6:123,53
> 5:True:2,2:123,53
> 6:True:6,6:123,53
> 7:True:6,6:123,53
depots-optimal-old-noisy/10/depots_noisy_p05_hyp-1_10_2.tar.bz2:0.639446020126:0.0249377:0.64
> 0:True:6,7:123,53
> 1:True:6,7:123,53
> 2:True:2,3:123,53
> 3:True:6,7:123,53
> 4:True:6,7:123,53
> 5:True:2,3:123,53
> 6:True:6,7:123,53
> 7:True:6,7:123,53
depots-optimal-old-noisy/10/depots_noisy_p05_hyp-1_10_3.tar.bz2:0.633086919785:0.02484261:0.63
> 0:True:6,6:123,53
> 1:True:6,6:123,53
> 2:False:2,3:123,53
> 3:True:6,6:123,53
> 4:True:6,6:123,53
> 5:True:2,2:123,53
> 6:True:6,6:123,53
> 7:True:6,6:123,53
depots-optimal-old-noisy/10/depots_noisy_p05_hyp-2_10_1.tar.bz2:0.635510921478:0.02460493:0.63
> 0:True:6,6:123,53
> 1:True:6,6:123,53
> 2:True:2,2:123,53
> 3:True:6,6:123,53
> 4:True:6,6:123,53
> 5:False:2,3:123,53
> 6:True:6,6:123,53
> 7:True:6,6:123,53
depots-optimal-old-noisy/10/depots_noisy_p05_hyp-2_10_2.tar.bz2:0.641600847244:0.02480605:0.64
> 0:True:6,6:123,53
> 1:True:6,6:123,53
> 2:True:2,2:123,53
> 3:True:6,6:123,53
> 4:True:6,6:123,53
> 5:False:2,3:123,53
> 6:True:6,6:123,53
> 7:True:6,6:123,53
depots-optimal-old-noisy/10/depots_noisy_p05_hyp-2_10_3.tar.bz2:0.635176897049:0.02473862:0.64
> 0:True:6,6:123,53
> 1:True:6,6:123,53
> 2:True:2,2:123,53
> 3:True:6,6:123,53
> 4:True:6,6:123,53
> 5:False:2,3:123,53
> 6:True:6,6:123,53
> 7:True:6,6:123,53
depots-optimal-old-noisy/10/depots_noisy_p05_hyp-3_10_1.tar.bz2:0.631705999374:0.02445008:0.63
> 0:True:6,6:123,53
> 1:True:6,6:123,53
> 2:False:2,3:123,53
> 3:True:6,6:123,53
> 4:True:6,6:123,53
> 5:True:2,2:123,53
> 6:True:6,6:123,53
> 7:True:6,6:123,53
depots-optimal-old-noisy/10/depots_noisy_p05_hyp-3_10_2.tar.bz2:0.63045501709:0.02457386:0.63
> 0:True:6,6:123,53
> 1:True:6,6:123,53
> 2:False:2,3:123,53
> 3:True:6,6:123,53
> 4:True:6,6:123,53
> 5:True:2,2:123,53
> 6:True:6,6:123,53
> 7:True:6,6:123,53
depots-optimal-old-noisy/10/depots_noisy_p05_hyp-3_10_3.tar.bz2:0.626267910004:0.02459622:0.63
> 0:True:6,6:123,53
> 1:True:6,6:123,53
> 2:False:2,3:123,53
> 3:True:6,6:123,53
> 4:True:6,6:123,53
> 5:True:2,2:123,53
> 6:True:6,6:123,53
> 7:True:6,6:123,53
depots-optimal-old-noisy/10/depots_noisy_p05_hyp-4_10_1.tar.bz2:0.635004043579:0.02467563:0.64
> 0:True:6,6:123,53
> 1:True:6,6:123,53
> 2:False:2,3:123,53
> 3:True:6,6:123,53
> 4:True:6,6:123,53
> 5:True:2,2:123,53
> 6:True:6,6:123,53
> 7:True:6,6:123,53
depots-optimal-old-noisy/10/depots_noisy_p05_hyp-4_10_2.tar.bz2:0.658805131912:0.02481607:0.64
> 0:True:6,6:123,53
> 1:True:6,6:123,53
> 2:False:2,3:123,53
> 3:True:6,6:123,53
> 4:True:6,6:123,53
> 5:True:2,2:123,53
> 6:True:6,6:123,53
> 7:True:6,6:123,53
depots-optimal-old-noisy/10/depots_noisy_p05_hyp-4_10_3.tar.bz2:0.63661813736:0.02444594:0.63
> 0:True:6,6:123,53
> 1:True:6,6:123,53
> 2:True:2,2:123,53
> 3:True:6,6:123,53
> 4:True:6,6:123,53
> 5:False:2,3:123,53
> 6:True:6,6:123,53
> 7:True:6,6:123,53
depots-optimal-old-noisy/30/depots_noisy_p03_hyp-1_30_1.tar.bz2:0.625365972519:0.0225048:0.64
> 0:True:2,3:114,50
> 1:True:6,7:114,50
> 2:True:6,7:114,50
> 3:True:6,7:114,50
> 4:True:6,7:114,50
> 5:True:6,7:114,50
> 6:False:2,4:114,50
> 7:True:6,7:114,50
depots-optimal-old-noisy/30/depots_noisy_p03_hyp-1_30_2.tar.bz2:0.621729850769:0.02266895:0.62
> 0:True:2,2:115,51
> 1:True:6,6:115,51
> 2:True:6,6:115,51
> 3:True:6,6:115,51
> 4:True:6,6:115,51
> 5:True:6,6:115,51
> 6:False:2,4:115,51
> 7:True:6,6:115,51
depots-optimal-old-noisy/30/depots_noisy_p03_hyp-1_30_3.tar.bz2:0.623011827469:0.02232735:0.62
> 0:True:2,3:114,50
> 1:True:6,7:114,50
> 2:True:6,7:114,50
> 3:True:6,7:114,50
> 4:True:6,7:114,50
> 5:True:6,7:114,50
> 6:False:2,4:114,50
> 7:True:6,7:114,50
depots-optimal-old-noisy/30/depots_noisy_p03_hyp-2_30_1.tar.bz2:0.617968082428:0.02103176:0.62
> 0:False:2,4:115,51
> 1:True:6,6:115,51
> 2:True:6,6:115,51
> 3:True:6,6:115,51
> 4:True:6,6:115,51
> 5:True:6,6:115,51
> 6:False:2,3:115,51
> 7:True:6,6:115,51
depots-optimal-old-noisy/30/depots_noisy_p03_hyp-2_30_2.tar.bz2:0.623730182648:0.02145911:0.62
> 0:True:2,3:115,51
> 1:True:6,7:115,51
> 2:True:6,7:115,51
> 3:True:6,7:115,51
> 4:True:6,7:115,51
> 5:True:6,7:115,51
> 6:False:2,5:115,51
> 7:True:6,7:115,51
depots-optimal-old-noisy/30/depots_noisy_p03_hyp-2_30_3.tar.bz2:0.622699022293:0.02137407:0.61
> 0:False:2,5:115,51
> 1:True:6,7:115,51
> 2:True:6,7:115,51
> 3:True:6,7:115,51
> 4:True:6,7:115,51
> 5:True:6,7:115,51
> 6:True:2,3:115,51
> 7:True:6,7:115,51
depots-optimal-old-noisy/30/depots_noisy_p03_hyp-3_30_1.tar.bz2:0.622047185898:0.02117208:0.62
> 0:False:2,4:115,51
> 1:True:6,6:115,51
> 2:True:6,6:115,51
> 3:True:6,6:115,51
> 4:True:6,6:115,51
> 5:True:6,6:115,51
> 6:False:2,3:115,51
> 7:True:6,6:115,51
depots-optimal-old-noisy/30/depots_noisy_p03_hyp-3_30_2.tar.bz2:0.611333847046:0.02087526:0.62
> 0:False:2,4:115,51
> 1:True:6,6:115,51
> 2:True:6,6:115,51
> 3:True:6,6:115,51
> 4:True:6,6:115,51
> 5:True:6,6:115,51
> 6:False:2,3:115,51
> 7:True:6,6:115,51
depots-optimal-old-noisy/30/depots_noisy_p03_hyp-3_30_3.tar.bz2:0.622725009918:0.02135807:0.63
> 0:False:2,4:115,51
> 1:True:6,6:115,51
> 2:True:6,6:115,51
> 3:True:6,6:115,51
> 4:True:6,6:115,51
> 5:True:6,6:115,51
> 6:False:2,3:115,51
> 7:True:6,6:115,51
depots-optimal-old-noisy/30/depots_noisy_p03_hyp-4_30_1.tar.bz2:0.618917942047:0.02180143:0.62
> 0:False:2,4:115,51
> 1:True:6,7:115,51
> 2:True:6,7:115,51
> 3:True:6,7:115,51
> 4:True:6,7:115,51
> 5:True:6,7:115,51
> 6:False:2,4:115,51
> 7:True:6,7:115,51
depots-optimal-old-noisy/30/depots_noisy_p03_hyp-4_30_2.tar.bz2:0.622256994247:0.02131769:0.62
> 0:False:2,4:115,51
> 1:True:6,6:115,51
> 2:True:6,6:115,51
> 3:True:6,6:115,51
> 4:True:6,6:115,51
> 5:True:6,6:115,51
> 6:False:2,3:115,51
> 7:True:6,6:115,51
depots-optimal-old-noisy/30/depots_noisy_p03_hyp-4_30_3.tar.bz2:0.623008966446:0.02097349:0.63
> 0:False:2,4:115,51
> 1:True:6,6:115,51
> 2:True:6,6:115,51
> 3:True:6,6:115,51
> 4:True:6,6:115,51
> 5:True:6,6:115,51
> 6:False:2,3:115,51
> 7:True:6,6:115,51
depots-optimal-old-noisy/30/depots_noisy_p04_hyp-1_30_1.tar.bz2:0.639385938644:0.02354705:0.64
> 0:False:6,7:125,55
> 1:False:6,7:125,55
> 2:False:2,3:125,55
> 3:True:6,6:125,55
> 4:False:6,7:125,55
> 5:False:2,5:125,55
> 6:True:6,6:125,55
> 7:True:6,6:125,55
depots-optimal-old-noisy/30/depots_noisy_p04_hyp-1_30_2.tar.bz2:0.635714054108:0.0246584:0.63
> 0:True:6,7:125,55
> 1:True:6,7:125,55
> 2:False:2,4:125,55
> 3:True:6,7:125,55
> 4:True:6,7:125,55
> 5:False:2,4:125,55
> 6:True:6,7:125,55
> 7:True:6,7:125,55
depots-optimal-old-noisy/30/depots_noisy_p04_hyp-1_30_3.tar.bz2:0.632656097412:0.02472672:0.65
> 0:True:6,7:125,55
> 1:True:6,7:125,55
> 2:False:2,4:125,55
> 3:True:6,7:125,55
> 4:True:6,7:125,55
> 5:False:2,4:125,55
> 6:True:6,7:125,55
> 7:True:6,7:125,55
depots-optimal-old-noisy/30/depots_noisy_p04_hyp-2_30_1.tar.bz2:0.634958982468:0.02480707:0.63
> 0:True:6,7:125,55
> 1:True:6,7:125,55
> 2:False:2,4:125,55
> 3:True:6,7:125,55
> 4:True:6,7:125,55
> 5:False:2,4:125,55
> 6:True:6,7:125,55
> 7:True:6,7:125,55
depots-optimal-old-noisy/30/depots_noisy_p04_hyp-2_30_2.tar.bz2:0.640941858292:0.02566439:0.65
> 0:True:6,6:126,56
> 1:True:6,6:126,56
> 2:False:2,4:126,56
> 3:True:6,6:126,56
> 4:True:6,6:126,56
> 5:False:2,3:126,56
> 6:True:6,6:126,56
> 7:True:6,6:126,56
depots-optimal-old-noisy/30/depots_noisy_p04_hyp-2_30_3.tar.bz2:0.640457868576:0.02487024:0.64
> 0:True:6,7:125,55
> 1:True:6,7:125,55
> 2:False:2,4:125,55
> 3:True:6,7:125,55
> 4:True:6,7:125,55
> 5:False:2,4:125,55
> 6:True:6,7:125,55
> 7:True:6,7:125,55
depots-optimal-old-noisy/30/depots_noisy_p04_hyp-3_30_1.tar.bz2:0.637339115143:0.02484622:0.64
> 0:True:6,7:125,55
> 1:True:6,7:125,55
> 2:False:2,4:125,55
> 3:True:6,7:125,55
> 4:True:6,7:125,55
> 5:False:2,4:125,55
> 6:True:6,7:125,55
> 7:True:6,7:125,55
depots-optimal-old-noisy/30/depots_noisy_p04_hyp-3_30_2.tar.bz2:0.631843090057:0.0237236:0.63
> 0:True:6,6:125,55
> 1:True:6,6:125,55
> 2:False:2,4:125,55
> 3:True:6,6:125,55
> 4:True:6,6:125,55
> 5:False:2,3:125,55
> 6:True:6,6:125,55
> 7:True:6,6:125,55
depots-optimal-old-noisy/30/depots_noisy_p04_hyp-3_30_3.tar.bz2:0.634548902512:0.02361824:0.63
> 0:True:6,6:125,55
> 1:True:6,6:125,55
> 2:False:2,3:125,55
> 3:True:6,6:125,55
> 4:True:6,6:125,55
> 5:False:2,4:125,55
> 6:True:6,6:125,55
> 7:True:6,6:125,55
depots-optimal-old-noisy/30/depots_noisy_p04_hyp-4_30_1.tar.bz2:0.642251014709:0.02564812:0.64
> 0:True:6,6:126,56
> 1:True:6,6:126,56
> 2:False:2,5:126,56
> 3:False:6,7:126,56
> 4:True:6,6:126,56
> 5:False:2,3:126,56
> 6:False:6,7:126,56
> 7:False:6,7:126,56
depots-optimal-old-noisy/30/depots_noisy_p04_hyp-4_30_2.tar.bz2:0.630810976028:0.02362515:0.63
> 0:True:6,6:125,55
> 1:True:6,6:125,55
> 2:False:2,4:125,55
> 3:True:6,6:125,55
> 4:True:6,6:125,55
> 5:False:2,3:125,55
> 6:True:6,6:125,55
> 7:True:6,6:125,55
depots-optimal-old-noisy/30/depots_noisy_p04_hyp-4_30_3.tar.bz2:0.635066986084:0.02471774:0.63
> 0:True:6,7:125,55
> 1:True:6,7:125,55
> 2:False:2,4:125,55
> 3:True:6,7:125,55
> 4:True:6,7:125,55
> 5:False:2,4:125,55
> 6:True:6,7:125,55
> 7:True:6,7:125,55
depots-optimal-old-noisy/30/depots_noisy_p05_hyp-1_30_1.tar.bz2:0.637362003326:0.02550066:0.64
> 0:True:6,7:126,56
> 1:True:6,7:126,56
> 2:False:2,5:126,56
> 3:True:6,7:126,56
> 4:True:6,7:126,56
> 5:True:2,3:126,56
> 6:True:6,7:126,56
> 7:True:6,7:126,56
depots-optimal-old-noisy/30/depots_noisy_p05_hyp-1_30_2.tar.bz2:0.637937068939:0.02376512:0.65
> 0:True:6,6:125,55
> 1:True:6,6:125,55
> 2:False:2,4:125,55
> 3:True:6,6:125,55
> 4:True:6,6:125,55
> 5:False:2,3:125,55
> 6:True:6,6:125,55
> 7:True:6,6:125,55
depots-optimal-old-noisy/30/depots_noisy_p05_hyp-1_30_3.tar.bz2:0.627828121185:0.02332213:0.63
> 0:True:6,6:125,55
> 1:True:6,6:125,55
> 2:False:2,4:125,55
> 3:True:6,6:125,55
> 4:True:6,6:125,55
> 5:False:2,3:125,55
> 6:True:6,6:125,55
> 7:True:6,6:125,55
depots-optimal-old-noisy/30/depots_noisy_p05_hyp-2_30_1.tar.bz2:0.638212919235:0.02377048:0.64
> 0:True:6,6:125,55
> 1:True:6,6:125,55
> 2:False:2,4:125,55
> 3:True:6,6:125,55
> 4:True:6,6:125,55
> 5:False:2,3:125,55
> 6:True:6,6:125,55
> 7:True:6,6:125,55
depots-optimal-old-noisy/30/depots_noisy_p05_hyp-2_30_2.tar.bz2:0.63965010643:0.0243145:0.64
> 0:True:6,7:125,55
> 1:True:6,7:125,55
> 2:False:2,4:125,55
> 3:True:6,7:125,55
> 4:True:6,7:125,55
> 5:False:2,4:125,55
> 6:True:6,7:125,55
> 7:True:6,7:125,55
depots-optimal-old-noisy/30/depots_noisy_p05_hyp-2_30_3.tar.bz2:0.634229898453:0.02365657:0.63
> 0:True:6,6:125,55
> 1:True:6,6:125,55
> 2:False:2,3:125,55
> 3:True:6,6:125,55
> 4:True:6,6:125,55
> 5:False:2,4:125,55
> 6:True:6,6:125,55
> 7:True:6,6:125,55
depots-optimal-old-noisy/30/depots_noisy_p05_hyp-3_30_1.tar.bz2:0.635337114334:0.02567616:0.63
> 0:True:6,6:126,56
> 1:True:6,6:126,56
> 2:False:2,3:126,56
> 3:True:6,6:126,56
> 4:True:6,6:126,56
> 5:False:2,4:126,56
> 6:True:6,6:126,56
> 7:True:6,6:126,56
depots-optimal-old-noisy/30/depots_noisy_p05_hyp-3_30_2.tar.bz2:0.637490034103:0.02490256:0.64
> 0:True:6,7:125,55
> 1:True:6,7:125,55
> 2:False:2,4:125,55
> 3:True:6,7:125,55
> 4:True:6,7:125,55
> 5:False:2,4:125,55
> 6:True:6,7:125,55
> 7:True:6,7:125,55
depots-optimal-old-noisy/30/depots_noisy_p05_hyp-3_30_3.tar.bz2:0.634480953217:0.02361506:0.64
> 0:True:6,6:125,55
> 1:True:6,6:125,55
> 2:False:2,3:125,55
> 3:True:6,6:125,55
> 4:True:6,6:125,55
> 5:False:2,4:125,55
> 6:True:6,6:125,55
> 7:True:6,6:125,55
depots-optimal-old-noisy/30/depots_noisy_p05_hyp-4_30_1.tar.bz2:0.637116909027:0.02590587:0.63
> 0:True:6,6:126,56
> 1:True:6,6:126,56
> 2:False:2,3:126,56
> 3:True:6,6:126,56
> 4:True:6,6:126,56
> 5:False:2,4:126,56
> 6:True:6,6:126,56
> 7:True:6,6:126,56
depots-optimal-old-noisy/30/depots_noisy_p05_hyp-4_30_2.tar.bz2:0.63719701767:0.02397872:0.64
> 0:True:6,7:125,55
> 1:True:6,7:125,55
> 2:False:2,5:125,55
> 3:True:6,7:125,55
> 4:True:6,7:125,55
> 5:True:2,3:125,55
> 6:True:6,7:125,55
> 7:True:6,7:125,55
depots-optimal-old-noisy/30/depots_noisy_p05_hyp-4_30_3.tar.bz2:0.63701415062:0.02405685:0.64
> 0:True:6,7:125,55
> 1:True:6,7:125,55
> 2:True:2,3:125,55
> 3:True:6,7:125,55
> 4:True:6,7:125,55
> 5:False:2,5:125,55
> 6:True:6,7:125,55
> 7:True:6,7:125,55
depots-optimal-old-noisy/50/depots_noisy_p03_hyp-1_50_1.tar.bz2:0.622038841248:0.02277256:0.61
> 0:False:2,3:116,52
> 1:False:6,7:116,52
> 2:False:6,7:116,52
> 3:True:6,6:116,52
> 4:False:6,7:116,52
> 5:True:6,6:116,52
> 6:False:2,5:116,52
> 7:True:6,6:116,52
depots-optimal-old-noisy/50/depots_noisy_p03_hyp-1_50_2.tar.bz2:0.624800920486:0.02129836:0.62
> 0:True:2,3:115,51
> 1:True:6,7:115,51
> 2:True:6,7:115,51
> 3:True:6,7:115,51
> 4:True:6,7:115,51
> 5:True:6,7:115,51
> 6:False:2,5:115,51
> 7:True:6,7:115,51
depots-optimal-old-noisy/50/depots_noisy_p03_hyp-1_50_3.tar.bz2:0.621452093124:0.0208212:0.62
> 0:True:2,3:115,51
> 1:True:6,7:115,51
> 2:True:6,7:115,51
> 3:True:6,7:115,51
> 4:True:6,7:115,51
> 5:True:6,7:115,51
> 6:False:2,5:115,51
> 7:True:6,7:115,51
depots-optimal-old-noisy/50/depots_noisy_p03_hyp-2_50_1.tar.bz2:0.625133991241:0.02294041:0.63
> 0:False:2,4:117,53
> 1:True:6,7:117,53
> 2:True:6,7:117,53
> 3:True:6,7:117,53
> 4:True:6,7:117,53
> 5:True:6,7:117,53
> 6:False:2,5:117,53
> 7:True:6,7:117,53
depots-optimal-old-noisy/50/depots_noisy_p03_hyp-2_50_2.tar.bz2:0.620404005051:0.0230272:0.61
> 0:False:2,5:117,53
> 1:True:6,6:117,53
> 2:True:6,6:117,53
> 3:False:6,7:117,53
> 4:True:6,6:117,53
> 5:False:6,7:117,53
> 6:False:2,4:117,53
> 7:False:6,7:117,53
depots-optimal-old-noisy/50/depots_noisy_p03_hyp-2_50_3.tar.bz2:0.625139951706:0.02312586:0.64
> 0:False:2,4:117,53
> 1:True:6,6:117,53
> 2:True:6,6:117,53
> 3:True:6,6:117,53
> 4:True:6,6:117,53
> 5:True:6,6:117,53
> 6:False:2,4:117,53
> 7:True:6,6:117,53
depots-optimal-old-noisy/50/depots_noisy_p03_hyp-3_50_1.tar.bz2:0.622959852219:0.02299108:0.62
> 0:False:2,4:117,53
> 1:True:6,6:117,53
> 2:True:6,6:117,53
> 3:True:6,6:117,53
> 4:True:6,6:117,53
> 5:True:6,6:117,53
> 6:False:2,4:117,53
> 7:True:6,6:117,53
depots-optimal-old-noisy/50/depots_noisy_p03_hyp-3_50_2.tar.bz2:0.626912117004:0.02316258:0.62
> 0:False:2,5:117,53
> 1:True:6,6:117,53
> 2:True:6,6:117,53
> 3:False:6,7:117,53
> 4:True:6,6:117,53
> 5:False:6,7:117,53
> 6:False:2,4:117,53
> 7:False:6,7:117,53
depots-optimal-old-noisy/50/depots_noisy_p03_hyp-3_50_3.tar.bz2:0.627984046936:0.02267551:0.63
> 0:False:2,6:117,53
> 1:True:6,6:117,53
> 2:True:6,6:117,53
> 3:False:6,8:117,53
> 4:True:6,6:117,53
> 5:False:6,8:117,53
> 6:False:2,4:117,53
> 7:False:6,8:117,53
depots-optimal-old-noisy/50/depots_noisy_p03_hyp-4_50_1.tar.bz2:0.623394966125:0.02335137:0.63
> 0:False:2,5:117,53
> 1:True:6,7:117,53
> 2:True:6,7:117,53
> 3:True:6,7:117,53
> 4:True:6,7:117,53
> 5:True:6,7:117,53
> 6:False:2,4:117,53
> 7:True:6,7:117,53
depots-optimal-old-noisy/50/depots_noisy_p03_hyp-4_50_2.tar.bz2:0.6238489151:0.02323965:0.63
> 0:False:2,4:117,53
> 1:True:6,6:117,53
> 2:True:6,6:117,53
> 3:True:6,6:117,53
> 4:True:6,6:117,53
> 5:True:6,6:117,53
> 6:False:2,4:117,53
> 7:True:6,6:117,53
depots-optimal-old-noisy/50/depots_noisy_p03_hyp-4_50_3.tar.bz2:0.626123905182:0.02311531:0.63
> 0:False:2,4:117,53
> 1:True:6,6:117,53
> 2:True:6,6:117,53
> 3:True:6,6:117,53
> 4:True:6,6:117,53
> 5:True:6,6:117,53
> 6:False:2,4:117,53
> 7:True:6,6:117,53
depots-optimal-old-noisy/50/depots_noisy_p04_hyp-1_50_1.tar.bz2:0.642858982086:0.02600236:0.65
> 0:True:6,7:127,57
> 1:True:6,7:127,57
> 2:False:2,4:127,57
> 3:True:6,7:127,57
> 4:True:6,7:127,57
> 5:False:2,5:127,57
> 6:True:6,7:127,57
> 7:True:6,7:127,57
depots-optimal-old-noisy/50/depots_noisy_p04_hyp-1_50_2.tar.bz2:0.635257005692:0.02565147:0.63
> 0:True:6,6:127,57
> 1:True:6,6:127,57
> 2:False:2,5:127,57
> 3:False:6,7:127,57
> 4:True:6,6:127,57
> 5:False:2,4:127,57
> 6:False:6,7:127,57
> 7:False:6,7:127,57
depots-optimal-old-noisy/50/depots_noisy_p04_hyp-1_50_3.tar.bz2:0.636595010757:0.02571076:0.63
> 0:False:6,8:127,57
> 1:False:6,8:127,57
> 2:False:2,4:127,57
> 3:True:6,7:127,57
> 4:False:6,8:127,57
> 5:False:2,6:127,57
> 6:True:6,7:127,57
> 7:True:6,7:127,57
depots-optimal-old-noisy/50/depots_noisy_p04_hyp-2_50_1.tar.bz2:0.632488965988:0.02560631:0.62
> 0:True:6,6:127,57
> 1:True:6,6:127,57
> 2:False:2,4:127,57
> 3:True:6,6:127,57
> 4:True:6,6:127,57
> 5:False:2,4:127,57
> 6:True:6,6:127,57
> 7:True:6,6:127,57
depots-optimal-old-noisy/50/depots_noisy_p04_hyp-2_50_2.tar.bz2:0.637838125229:0.02591766:0.64
> 0:False:6,7:127,57
> 1:False:6,7:127,57
> 2:False:2,4:127,57
> 3:True:6,6:127,57
> 4:False:6,7:127,57
> 5:False:2,5:127,57
> 6:True:6,6:127,57
> 7:True:6,6:127,57
depots-optimal-old-noisy/50/depots_noisy_p04_hyp-2_50_3.tar.bz2:0.636164903641:0.02556874:0.64
> 0:True:6,6:127,57
> 1:True:6,6:127,57
> 2:False:2,5:127,57
> 3:False:6,7:127,57
> 4:True:6,6:127,57
> 5:False:2,4:127,57
> 6:False:6,7:127,57
> 7:False:6,7:127,57
depots-optimal-old-noisy/50/depots_noisy_p04_hyp-3_50_1.tar.bz2:0.63649892807:0.02572249:0.64
> 0:True:6,6:127,57
> 1:True:6,6:127,57
> 2:False:2,4:127,57
> 3:True:6,6:127,57
> 4:True:6,6:127,57
> 5:False:2,4:127,57
> 6:True:6,6:127,57
> 7:True:6,6:127,57
depots-optimal-old-noisy/50/depots_noisy_p04_hyp-3_50_2.tar.bz2:0.630891084671:0.02555808:0.63
> 0:True:6,6:127,57
> 1:True:6,6:127,57
> 2:False:2,5:127,57
> 3:False:6,7:127,57
> 4:True:6,6:127,57
> 5:False:2,4:127,57
> 6:False:6,7:127,57
> 7:False:6,7:127,57
depots-optimal-old-noisy/50/depots_noisy_p04_hyp-3_50_3.tar.bz2:0.636719942093:0.02554761:0.64
> 0:True:6,6:127,57
> 1:True:6,6:127,57
> 2:False:2,4:127,57
> 3:True:6,6:127,57
> 4:True:6,6:127,57
> 5:False:2,4:127,57
> 6:True:6,6:127,57
> 7:True:6,6:127,57
depots-optimal-old-noisy/50/depots_noisy_p04_hyp-4_50_1.tar.bz2:0.641693115234:0.02598637:0.64
> 0:True:6,6:128,58
> 1:True:6,6:128,58
> 2:False:2,4:128,58
> 3:True:6,6:128,58
> 4:True:6,6:128,58
> 5:False:2,4:128,58
> 6:True:6,6:128,58
> 7:True:6,6:128,58
depots-optimal-old-noisy/50/depots_noisy_p04_hyp-4_50_2.tar.bz2:0.641609191895:0.02575315:0.65
> 0:True:6,6:128,58
> 1:True:6,6:128,58
> 2:False:2,4:128,58
> 3:True:6,6:128,58
> 4:True:6,6:128,58
> 5:False:2,4:128,58
> 6:True:6,6:128,58
> 7:True:6,6:128,58
depots-optimal-old-noisy/50/depots_noisy_p04_hyp-4_50_3.tar.bz2:0.640605926514:0.02534237:0.64
> 0:True:6,6:127,57
> 1:True:6,6:127,57
> 2:False:2,4:127,57
> 3:True:6,6:127,57
> 4:True:6,6:127,57
> 5:False:2,4:127,57
> 6:True:6,6:127,57
> 7:True:6,6:127,57
depots-optimal-old-noisy/50/depots_noisy_p05_hyp-1_50_1.tar.bz2:0.638221025467:0.02564553:0.64
> 0:True:6,6:127,57
> 1:True:6,6:127,57
> 2:False:2,4:127,57
> 3:True:6,6:127,57
> 4:True:6,6:127,57
> 5:False:2,4:127,57
> 6:True:6,6:127,57
> 7:True:6,6:127,57
depots-optimal-old-noisy/50/depots_noisy_p05_hyp-1_50_2.tar.bz2:0.635063171387:0.02594684:0.63
> 0:True:6,6:127,57
> 1:True:6,6:127,57
> 2:False:2,4:127,57
> 3:True:6,6:127,57
> 4:True:6,6:127,57
> 5:False:2,4:127,57
> 6:True:6,6:127,57
> 7:True:6,6:127,57
depots-optimal-old-noisy/50/depots_noisy_p05_hyp-1_50_3.tar.bz2:0.636163949966:0.02583243:0.63
> 0:True:6,6:127,57
> 1:True:6,6:127,57
> 2:False:2,5:127,57
> 3:False:6,7:127,57
> 4:True:6,6:127,57
> 5:False:2,4:127,57
> 6:False:6,7:127,57
> 7:False:6,7:127,57
depots-optimal-old-noisy/50/depots_noisy_p05_hyp-2_50_1.tar.bz2:0.640712976456:0.02602797:0.64
> 0:True:6,6:127,57
> 1:True:6,6:127,57
> 2:False:2,4:127,57
> 3:True:6,6:127,57
> 4:True:6,6:127,57
> 5:False:2,4:127,57
> 6:True:6,6:127,57
> 7:True:6,6:127,57
depots-optimal-old-noisy/50/depots_noisy_p05_hyp-2_50_2.tar.bz2:0.638763904572:0.02573015:0.65
> 0:True:6,6:127,57
> 1:True:6,6:127,57
> 2:False:2,4:127,57
> 3:True:6,6:127,57
> 4:True:6,6:127,57
> 5:False:2,4:127,57
> 6:True:6,6:127,57
> 7:True:6,6:127,57
depots-optimal-old-noisy/50/depots_noisy_p05_hyp-2_50_3.tar.bz2:0.637184858322:0.02571701:0.64
> 0:True:6,7:127,57
> 1:True:6,7:127,57
> 2:False:2,4:127,57
> 3:True:6,7:127,57
> 4:True:6,7:127,57
> 5:False:2,5:127,57
> 6:True:6,7:127,57
> 7:True:6,7:127,57
depots-optimal-old-noisy/50/depots_noisy_p05_hyp-3_50_1.tar.bz2:0.633151054382:0.02558041:0.63
> 0:True:6,6:127,57
> 1:True:6,6:127,57
> 2:False:2,4:127,57
> 3:True:6,6:127,57
> 4:True:6,6:127,57
> 5:False:2,4:127,57
> 6:True:6,6:127,57
> 7:True:6,6:127,57
depots-optimal-old-noisy/50/depots_noisy_p05_hyp-3_50_2.tar.bz2:0.63867020607:0.02590537:0.63
> 0:True:6,6:127,57
> 1:True:6,6:127,57
> 2:False:2,4:127,57
> 3:True:6,6:127,57
> 4:True:6,6:127,57
> 5:False:2,4:127,57
> 6:True:6,6:127,57
> 7:True:6,6:127,57
depots-optimal-old-noisy/50/depots_noisy_p05_hyp-3_50_3.tar.bz2:0.638224124908:0.02515178:0.64
> 0:True:6,7:127,57
> 1:True:6,7:127,57
> 2:False:2,5:127,57
> 3:True:6,7:127,57
> 4:True:6,7:127,57
> 5:False:2,4:127,57
> 6:True:6,7:127,57
> 7:True:6,7:127,57
depots-optimal-old-noisy/50/depots_noisy_p05_hyp-4_50_1.tar.bz2:0.641401052475:0.02591152:0.65
> 0:False:6,7:127,57
> 1:False:6,7:127,57
> 2:False:2,4:127,57
> 3:True:6,6:127,57
> 4:False:6,7:127,57
> 5:False:2,5:127,57
> 6:True:6,6:127,57
> 7:True:6,6:127,57
depots-optimal-old-noisy/50/depots_noisy_p05_hyp-4_50_2.tar.bz2:0.638025999069:0.02588204:0.64
> 0:True:6,6:127,57
> 1:True:6,6:127,57
> 2:False:2,4:127,57
> 3:True:6,6:127,57
> 4:True:6,6:127,57
> 5:False:2,4:127,57
> 6:True:6,6:127,57
> 7:True:6,6:127,57
depots-optimal-old-noisy/50/depots_noisy_p05_hyp-4_50_3.tar.bz2:0.639788866043:0.02582682:0.63
> 0:True:6,6:127,57
> 1:True:6,6:127,57
> 2:False:2,4:127,57
> 3:True:6,6:127,57
> 4:True:6,6:127,57
> 5:False:2,4:127,57
> 6:True:6,6:127,57
> 7:True:6,6:127,57
depots-optimal-old-noisy/70/depots_noisy_p03_hyp-1_70_1.tar.bz2:0.627058982849:0.02300788:0.64
> 0:False:2,4:117,53
> 1:False:6,8:117,53
> 2:False:6,8:117,53
> 3:True:6,7:117,53
> 4:False:6,8:117,53
> 5:True:6,7:117,53
> 6:False:2,6:117,53
> 7:True:6,7:117,53
depots-optimal-old-noisy/70/depots_noisy_p03_hyp-1_70_2.tar.bz2:0.621021032333:0.02294501:0.62
> 0:False:2,4:117,53
> 1:False:6,8:117,53
> 2:False:6,8:117,53
> 3:True:6,7:117,53
> 4:False:6,8:117,53
> 5:True:6,7:117,53
> 6:False:2,6:117,53
> 7:True:6,7:117,53
depots-optimal-old-noisy/70/depots_noisy_p03_hyp-1_70_3.tar.bz2:0.624034881592:0.02308463:0.63
> 0:False:2,4:117,53
> 1:False:6,8:117,53
> 2:False:6,8:117,53
> 3:True:6,7:117,53
> 4:False:6,8:117,53
> 5:True:6,7:117,53
> 6:False:2,6:117,53
> 7:True:6,7:117,53
depots-optimal-old-noisy/70/depots_noisy_p03_hyp-2_70_1.tar.bz2:0.621286869049:0.02074108:0.62
> 0:False:2,7:119,55
> 1:True:6,8:119,55
> 2:True:6,8:119,55
> 3:False:6,9:119,55
> 4:True:6,8:119,55
> 5:False:6,9:119,55
> 6:False:2,7:119,55
> 7:False:6,9:119,55
depots-optimal-old-noisy/70/depots_noisy_p03_hyp-2_70_2.tar.bz2:0.62203502655:0.0209628:0.62
> 0:False:2,7:119,55
> 1:False:6,9:119,55
> 2:False:6,9:119,55
> 3:True:6,7:119,55
> 4:False:6,9:119,55
> 5:True:6,7:119,55
> 6:False:2,7:119,55
> 7:True:6,7:119,55
depots-optimal-old-noisy/70/depots_noisy_p03_hyp-2_70_3.tar.bz2:0.623709917068:0.02329451:0.63
> 0:False:2,7:120,56
> 1:False:6,8:120,56
> 2:False:6,8:120,56
> 3:True:6,7:120,56
> 4:False:6,8:120,56
> 5:True:6,7:120,56
> 6:False:2,7:120,56
> 7:True:6,7:120,56
depots-optimal-old-noisy/70/depots_noisy_p03_hyp-3_70_1.tar.bz2:0.624114990234:0.02098011:0.62
> 0:False:2,7:119,55
> 1:True:6,7:119,55
> 2:True:6,7:119,55
> 3:False:6,9:119,55
> 4:True:6,7:119,55
> 5:False:6,9:119,55
> 6:False:2,7:119,55
> 7:False:6,9:119,55
depots-optimal-old-noisy/70/depots_noisy_p03_hyp-3_70_2.tar.bz2:0.624552965164:0.02112265:0.63
> 0:False:2,7:119,55
> 1:True:6,7:119,55
> 2:True:6,7:119,55
> 3:False:6,9:119,55
> 4:True:6,7:119,55
> 5:False:6,9:119,55
> 6:False:2,7:119,55
> 7:False:6,9:119,55
depots-optimal-old-noisy/70/depots_noisy_p03_hyp-3_70_3.tar.bz2:0.62770986557:0.02320868:0.63
> 0:False:2,7:120,56
> 1:False:6,9:120,56
> 2:False:6,9:120,56
> 3:True:6,7:120,56
> 4:False:6,9:120,56
> 5:True:6,7:120,56
> 6:False:2,7:120,56
> 7:True:6,7:120,56
depots-optimal-old-noisy/70/depots_noisy_p03_hyp-4_70_1.tar.bz2:0.622451066971:0.02326129:0.63
> 0:False:2,7:120,56
> 1:True:6,8:120,56
> 2:True:6,8:120,56
> 3:True:6,8:120,56
> 4:True:6,8:120,56
> 5:True:6,8:120,56
> 6:False:2,7:120,56
> 7:True:6,8:120,56
depots-optimal-old-noisy/70/depots_noisy_p03_hyp-4_70_2.tar.bz2:0.625012159348:0.02329695:0.63
> 0:False:2,7:121,57
> 1:True:6,7:121,57
> 2:True:6,7:121,57
> 3:False:6,8:121,57
> 4:True:6,7:121,57
> 5:False:6,8:121,57
> 6:False:2,7:121,57
> 7:False:6,8:121,57
depots-optimal-old-noisy/70/depots_noisy_p03_hyp-4_70_3.tar.bz2:0.623677015305:0.02139044:0.62
> 0:False:2,7:119,55
> 1:True:6,8:119,55
> 2:True:6,8:119,55
> 3:True:6,8:119,55
> 4:True:6,8:119,55
> 5:True:6,8:119,55
> 6:False:2,7:119,55
> 7:True:6,8:119,55
depots-optimal-old-noisy/70/depots_noisy_p04_hyp-1_70_1.tar.bz2:0.638580083847:0.02382797:0.65
> 0:False:6,9:129,59
> 1:False:6,9:129,59
> 2:False:2,7:129,59
> 3:True:6,8:129,59
> 4:False:6,9:129,59
> 5:False:2,7:129,59
> 6:True:6,8:129,59
> 7:True:6,8:129,59
depots-optimal-old-noisy/70/depots_noisy_p04_hyp-1_70_2.tar.bz2:0.637565851212:0.02575112:0.63
> 0:True:6,8:130,60
> 1:True:6,8:130,60
> 2:False:2,7:130,60
> 3:True:6,8:130,60
> 4:True:6,8:130,60
> 5:False:2,7:130,60
> 6:True:6,8:130,60
> 7:True:6,8:130,60
depots-optimal-old-noisy/70/depots_noisy_p04_hyp-1_70_3.tar.bz2:0.63839006424:0.02358477:0.64
> 0:True:6,8:129,59
> 1:True:6,8:129,59
> 2:False:2,7:129,59
> 3:False:6,9:129,59
> 4:True:6,8:129,59
> 5:False:2,7:129,59
> 6:False:6,9:129,59
> 7:False:6,9:129,59
depots-optimal-old-noisy/70/depots_noisy_p04_hyp-2_70_1.tar.bz2:0.639925956726:0.02387779:0.63
> 0:True:6,8:129,59
> 1:True:6,8:129,59
> 2:False:2,7:129,59
> 3:True:6,8:129,59
> 4:True:6,8:129,59
> 5:False:2,7:129,59
> 6:True:6,8:129,59
> 7:True:6,8:129,59
depots-optimal-old-noisy/70/depots_noisy_p04_hyp-2_70_2.tar.bz2:0.637009143829:0.02368789:0.64
> 0:True:6,8:129,59
> 1:True:6,8:129,59
> 2:False:2,7:129,59
> 3:True:6,8:129,59
> 4:True:6,8:129,59
> 5:False:2,7:129,59
> 6:True:6,8:129,59
> 7:True:6,8:129,59
depots-optimal-old-noisy/70/depots_noisy_p04_hyp-2_70_3.tar.bz2:0.638573169708:0.02383998:0.64
> 0:True:6,8:129,59
> 1:True:6,8:129,59
> 2:False:2,7:129,59
> 3:True:6,8:129,59
> 4:True:6,8:129,59
> 5:False:2,7:129,59
> 6:True:6,8:129,59
> 7:True:6,8:129,59
depots-optimal-old-noisy/70/depots_noisy_p04_hyp-3_70_1.tar.bz2:0.635179042816:0.02338092:0.64
> 0:True:6,8:129,59
> 1:True:6,8:129,59
> 2:False:2,7:129,59
> 3:True:6,8:129,59
> 4:True:6,8:129,59
> 5:False:2,7:129,59
> 6:True:6,8:129,59
> 7:True:6,8:129,59
depots-optimal-old-noisy/70/depots_noisy_p04_hyp-3_70_2.tar.bz2:0.636225938797:0.02357:0.64
> 0:True:6,7:129,59
> 1:True:6,7:129,59
> 2:False:2,7:129,59
> 3:False:6,9:129,59
> 4:True:6,7:129,59
> 5:False:2,7:129,59
> 6:False:6,9:129,59
> 7:False:6,9:129,59
depots-optimal-old-noisy/70/depots_noisy_p04_hyp-3_70_3.tar.bz2:0.637176036835:0.02403032:0.64
> 0:True:6,8:129,59
> 1:True:6,8:129,59
> 2:False:2,8:129,59
> 3:False:6,10:129,59
> 4:True:6,8:129,59
> 5:False:2,7:129,59
> 6:False:6,10:129,59
> 7:False:6,10:129,59
depots-optimal-old-noisy/70/depots_noisy_p04_hyp-4_70_1.tar.bz2:0.635511159897:0.02372642:0.64
> 0:True:6,8:129,59
> 1:True:6,8:129,59
> 2:False:2,7:129,59
> 3:True:6,8:129,59
> 4:True:6,8:129,59
> 5:False:2,7:129,59
> 6:True:6,8:129,59
> 7:True:6,8:129,59
depots-optimal-old-noisy/70/depots_noisy_p04_hyp-4_70_2.tar.bz2:0.639521121979:0.02381071:0.64
> 0:True:6,8:129,59
> 1:True:6,8:129,59
> 2:False:2,7:129,59
> 3:True:6,8:129,59
> 4:True:6,8:129,59
> 5:False:2,7:129,59
> 6:True:6,8:129,59
> 7:True:6,8:129,59
depots-optimal-old-noisy/70/depots_noisy_p04_hyp-4_70_3.tar.bz2:0.635710954666:0.02365408:0.64
> 0:False:6,9:129,59
> 1:False:6,9:129,59
> 2:False:2,7:129,59
> 3:True:6,7:129,59
> 4:False:6,9:129,59
> 5:False:2,7:129,59
> 6:True:6,7:129,59
> 7:True:6,7:129,59
depots-optimal-old-noisy/70/depots_noisy_p05_hyp-1_70_1.tar.bz2:0.641251802444:0.02599018:0.64
> 0:True:6,7:130,60
> 1:True:6,7:130,60
> 2:False:2,7:130,60
> 3:False:6,9:130,60
> 4:True:6,7:130,60
> 5:False:2,7:130,60
> 6:False:6,9:130,60
> 7:False:6,9:130,60
depots-optimal-old-noisy/70/depots_noisy_p05_hyp-1_70_2.tar.bz2:0.634747028351:0.02372037:0.63
> 0:True:6,8:129,59
> 1:True:6,8:129,59
> 2:False:2,7:129,59
> 3:False:6,9:129,59
> 4:True:6,8:129,59
> 5:False:2,7:129,59
> 6:False:6,9:129,59
> 7:False:6,9:129,59
depots-optimal-old-noisy/70/depots_noisy_p05_hyp-1_70_3.tar.bz2:0.635540962219:0.02331932:0.63
> 0:False:6,9:129,59
> 1:False:6,9:129,59
> 2:False:2,7:129,59
> 3:True:6,8:129,59
> 4:False:6,9:129,59
> 5:False:2,7:129,59
> 6:True:6,8:129,59
> 7:True:6,8:129,59
depots-optimal-old-noisy/70/depots_noisy_p05_hyp-2_70_1.tar.bz2:0.636637926102:0.02362205:0.65
> 0:False:6,9:129,59
> 1:False:6,9:129,59
> 2:False:2,7:129,59
> 3:True:6,8:129,59
> 4:False:6,9:129,59
> 5:False:2,7:129,59
> 6:True:6,8:129,59
> 7:True:6,8:129,59
depots-optimal-old-noisy/70/depots_noisy_p05_hyp-2_70_2.tar.bz2:0.637615919113:0.02322074:0.63
> 0:True:6,8:129,59
> 1:True:6,8:129,59
> 2:False:2,7:129,59
> 3:True:6,8:129,59
> 4:True:6,8:129,59
> 5:False:2,7:129,59
> 6:True:6,8:129,59
> 7:True:6,8:129,59
depots-optimal-old-noisy/70/depots_noisy_p05_hyp-2_70_3.tar.bz2:0.629833936691:0.02305788:0.63
> 0:True:6,8:129,59
> 1:True:6,8:129,59
> 2:False:2,7:129,59
> 3:True:6,8:129,59
> 4:True:6,8:129,59
> 5:False:2,7:129,59
> 6:True:6,8:129,59
> 7:True:6,8:129,59
depots-optimal-old-noisy/70/depots_noisy_p05_hyp-3_70_1.tar.bz2:0.631247997284:0.02345551:0.63
> 0:False:6,9:129,59
> 1:False:6,9:129,59
> 2:False:2,7:129,59
> 3:True:6,8:129,59
> 4:False:6,9:129,59
> 5:False:2,7:129,59
> 6:True:6,8:129,59
> 7:True:6,8:129,59
depots-optimal-old-noisy/70/depots_noisy_p05_hyp-3_70_2.tar.bz2:0.635926961899:0.02364847:0.65
> 0:False:6,9:129,59
> 1:False:6,9:129,59
> 2:False:2,7:129,59
> 3:True:6,8:129,59
> 4:False:6,9:129,59
> 5:False:2,7:129,59
> 6:True:6,8:129,59
> 7:True:6,8:129,59
depots-optimal-old-noisy/70/depots_noisy_p05_hyp-3_70_3.tar.bz2:0.638060808182:0.02344446:0.63
> 0:False:6,9:129,59
> 1:False:6,9:129,59
> 2:False:2,7:129,59
> 3:True:6,8:129,59
> 4:False:6,9:129,59
> 5:False:2,7:129,59
> 6:True:6,8:129,59
> 7:True:6,8:129,59
depots-optimal-old-noisy/70/depots_noisy_p05_hyp-4_70_1.tar.bz2:0.6357858181:0.02633238:0.64
> 0:False:6,8:130,60
> 1:False:6,8:130,60
> 2:False:2,7:130,60
> 3:True:6,7:130,60
> 4:False:6,8:130,60
> 5:False:2,7:130,60
> 6:True:6,7:130,60
> 7:True:6,7:130,60
depots-optimal-old-noisy/70/depots_noisy_p05_hyp-4_70_2.tar.bz2:0.631091833115:0.02353033:0.63
> 0:True:6,8:129,59
> 1:True:6,8:129,59
> 2:False:2,7:129,59
> 3:True:6,8:129,59
> 4:True:6,8:129,59
> 5:False:2,7:129,59
> 6:True:6,8:129,59
> 7:True:6,8:129,59
depots-optimal-old-noisy/70/depots_noisy_p05_hyp-4_70_3.tar.bz2:0.640090942383:0.02603195:0.63
> 0:True:6,7:130,60
> 1:True:6,7:130,60
> 2:False:2,7:130,60
> 3:False:6,8:130,60
> 4:True:6,7:130,60
> 5:False:2,7:130,60
> 6:False:6,8:130,60
> 7:False:6,8:130,60
depots-optimal-old-noisy/100/depots_noisy_p03_hyp-1_full_1.tar.bz2:0.625299930573:0.02299954:0.63
> 0:False:2,6:119,55
> 1:False:6,10:119,55
> 2:False:6,10:119,55
> 3:True:6,8:119,55
> 4:False:6,10:119,55
> 5:True:6,8:119,55
> 6:False:2,8:119,55
> 7:True:6,8:119,55
depots-optimal-old-noisy/100/depots_noisy_p03_hyp-1_full_2.tar.bz2:0.61647105217:0.02089969:0.62
> 0:False:2,6:118,54
> 1:False:6,10:118,54
> 2:False:6,10:118,54
> 3:True:6,8:118,54
> 4:False:6,10:118,54
> 5:True:6,8:118,54
> 6:False:2,8:118,54
> 7:True:6,8:118,54
depots-optimal-old-noisy/100/depots_noisy_p03_hyp-1_full_3.tar.bz2:0.621225118637:0.02276179:0.62
> 0:False:2,6:119,55
> 1:False:6,10:119,55
> 2:False:6,10:119,55
> 3:True:6,8:119,55
> 4:False:6,10:119,55
> 5:True:6,8:119,55
> 6:False:2,8:119,55
> 7:True:6,8:119,55
depots-optimal-old-noisy/100/depots_noisy_p03_hyp-2_full_1.tar.bz2:0.62570810318:0.02330094:0.62
> 0:False:2,9:122,58
> 1:True:6,9:122,58
> 2:True:6,9:122,58
> 3:True:6,9:122,58
> 4:True:6,9:122,58
> 5:True:6,9:122,58
> 6:False:2,9:122,58
> 7:True:6,9:122,58
depots-optimal-old-noisy/100/depots_noisy_p03_hyp-2_full_2.tar.bz2:0.623219013214:0.02318423:0.62
> 0:False:2,9:122,58
> 1:True:6,9:122,58
> 2:True:6,9:122,58
> 3:True:6,9:122,58
> 4:True:6,9:122,58
> 5:True:6,9:122,58
> 6:False:2,9:122,58
> 7:True:6,9:122,58
depots-optimal-old-noisy/100/depots_noisy_p03_hyp-2_full_3.tar.bz2:0.627447128296:0.02322023:0.63
> 0:False:2,9:122,58
> 1:True:6,9:122,58
> 2:True:6,9:122,58
> 3:True:6,9:122,58
> 4:True:6,9:122,58
> 5:True:6,9:122,58
> 6:False:2,9:122,58
> 7:True:6,9:122,58
depots-optimal-old-noisy/100/depots_noisy_p03_hyp-3_full_1.tar.bz2:0.623790979385:0.02296371:0.61
> 0:False:2,8:121,57
> 1:True:6,8:121,57
> 2:True:6,8:121,57
> 3:True:6,8:121,57
> 4:True:6,8:121,57
> 5:True:6,8:121,57
> 6:False:2,8:121,57
> 7:True:6,8:121,57
depots-optimal-old-noisy/100/depots_noisy_p03_hyp-3_full_2.tar.bz2:0.62717294693:0.02314049:0.62
> 0:False:2,8:121,57
> 1:True:6,8:121,57
> 2:True:6,8:121,57
> 3:True:6,8:121,57
> 4:True:6,8:121,57
> 5:True:6,8:121,57
> 6:False:2,8:121,57
> 7:True:6,8:121,57
depots-optimal-old-noisy/100/depots_noisy_p03_hyp-3_full_3.tar.bz2:0.625316858292:0.02343111:0.63
> 0:False:2,8:121,57
> 1:True:6,8:121,57
> 2:True:6,8:121,57
> 3:True:6,8:121,57
> 4:True:6,8:121,57
> 5:True:6,8:121,57
> 6:False:2,8:121,57
> 7:True:6,8:121,57
depots-optimal-old-noisy/100/depots_noisy_p03_hyp-4_full_1.tar.bz2:0.622982978821:0.02321401:0.63
> 0:False:2,9:123,59
> 1:True:6,9:123,59
> 2:True:6,9:123,59
> 3:True:6,9:123,59
> 4:True:6,9:123,59
> 5:True:6,9:123,59
> 6:False:2,9:123,59
> 7:True:6,9:123,59
depots-optimal-old-noisy/100/depots_noisy_p03_hyp-4_full_2.tar.bz2:0.619981050491:0.02300897:0.62
> 0:False:2,9:122,58
> 1:True:6,9:122,58
> 2:True:6,9:122,58
> 3:True:6,9:122,58
> 4:True:6,9:122,58
> 5:True:6,9:122,58
> 6:False:2,9:122,58
> 7:True:6,9:122,58
depots-optimal-old-noisy/100/depots_noisy_p03_hyp-4_full_3.tar.bz2:0.623350143433:0.02326185:0.63
> 0:False:2,9:123,59
> 1:True:6,9:123,59
> 2:True:6,9:123,59
> 3:True:6,9:123,59
> 4:True:6,9:123,59
> 5:True:6,9:123,59
> 6:False:2,9:123,59
> 7:True:6,9:123,59
depots-optimal-old-noisy/100/depots_noisy_p04_hyp-1_full_1.tar.bz2:0.640195131302:0.02609908:0.63
> 0:True:6,9:132,62
> 1:True:6,9:132,62
> 2:False:2,9:132,62
> 3:True:6,9:132,62
> 4:True:6,9:132,62
> 5:False:2,9:132,62
> 6:True:6,9:132,62
> 7:True:6,9:132,62
depots-optimal-old-noisy/100/depots_noisy_p04_hyp-1_full_2.tar.bz2:0.643168926239:0.02642614:0.64
> 0:True:6,9:132,62
> 1:True:6,9:132,62
> 2:False:2,9:132,62
> 3:True:6,9:132,62
> 4:True:6,9:132,62
> 5:False:2,9:132,62
> 6:True:6,9:132,62
> 7:True:6,9:132,62
depots-optimal-old-noisy/100/depots_noisy_p04_hyp-1_full_3.tar.bz2:0.63842010498:0.02601122:0.64
> 0:True:6,9:132,62
> 1:True:6,9:132,62
> 2:False:2,9:132,62
> 3:True:6,9:132,62
> 4:True:6,9:132,62
> 5:False:2,9:132,62
> 6:True:6,9:132,62
> 7:True:6,9:132,62
depots-optimal-old-noisy/100/depots_noisy_p04_hyp-2_full_1.tar.bz2:0.63630604744:0.02607018:0.64
> 0:True:6,9:132,62
> 1:True:6,9:132,62
> 2:False:2,9:132,62
> 3:True:6,9:132,62
> 4:True:6,9:132,62
> 5:False:2,9:132,62
> 6:True:6,9:132,62
> 7:True:6,9:132,62
depots-optimal-old-noisy/100/depots_noisy_p04_hyp-2_full_2.tar.bz2:0.639104127884:0.02612022:0.64
> 0:True:6,9:132,62
> 1:True:6,9:132,62
> 2:False:2,9:132,62
> 3:True:6,9:132,62
> 4:True:6,9:132,62
> 5:False:2,9:132,62
> 6:True:6,9:132,62
> 7:True:6,9:132,62
depots-optimal-old-noisy/100/depots_noisy_p04_hyp-2_full_3.tar.bz2:0.637705802917:0.02621251:0.64
> 0:True:6,9:132,62
> 1:True:6,9:132,62
> 2:False:2,9:132,62
> 3:True:6,9:132,62
> 4:True:6,9:132,62
> 5:False:2,9:132,62
> 6:True:6,9:132,62
> 7:True:6,9:132,62
depots-optimal-old-noisy/100/depots_noisy_p04_hyp-3_full_1.tar.bz2:0.639023065567:0.02584317:0.63
> 0:True:6,9:132,62
> 1:True:6,9:132,62
> 2:False:2,9:132,62
> 3:True:6,9:132,62
> 4:True:6,9:132,62
> 5:False:2,9:132,62
> 6:True:6,9:132,62
> 7:True:6,9:132,62
depots-optimal-old-noisy/100/depots_noisy_p04_hyp-3_full_2.tar.bz2:0.640257835388:0.02577192:0.64
> 0:True:6,9:132,62
> 1:True:6,9:132,62
> 2:False:2,9:132,62
> 3:True:6,9:132,62
> 4:True:6,9:132,62
> 5:False:2,9:132,62
> 6:True:6,9:132,62
> 7:True:6,9:132,62
depots-optimal-old-noisy/100/depots_noisy_p04_hyp-3_full_3.tar.bz2:0.639506101608:0.02523848:0.64
> 0:True:6,9:132,62
> 1:True:6,9:132,62
> 2:False:2,9:132,62
> 3:True:6,9:132,62
> 4:True:6,9:132,62
> 5:False:2,9:132,62
> 6:True:6,9:132,62
> 7:True:6,9:132,62
depots-optimal-old-noisy/100/depots_noisy_p04_hyp-4_full_1.tar.bz2:0.636944055557:0.02569254:0.64
> 0:True:6,8:132,62
> 1:True:6,8:132,62
> 2:False:2,8:132,62
> 3:True:6,8:132,62
> 4:True:6,8:132,62
> 5:False:2,8:132,62
> 6:True:6,8:132,62
> 7:True:6,8:132,62
depots-optimal-old-noisy/100/depots_noisy_p04_hyp-4_full_2.tar.bz2:0.638812065125:0.02603843:0.64
> 0:True:6,8:132,62
> 1:True:6,8:132,62
> 2:False:2,8:132,62
> 3:True:6,8:132,62
> 4:True:6,8:132,62
> 5:False:2,8:132,62
> 6:True:6,8:132,62
> 7:True:6,8:132,62
depots-optimal-old-noisy/100/depots_noisy_p04_hyp-4_full_3.tar.bz2:0.63986492157:0.02622729:0.64
> 0:True:6,8:131,61
> 1:True:6,8:131,61
> 2:False:2,8:131,61
> 3:True:6,8:131,61
> 4:True:6,8:131,61
> 5:False:2,8:131,61
> 6:True:6,8:131,61
> 7:True:6,8:131,61
depots-optimal-old-noisy/100/depots_noisy_p05_hyp-1_full_1.tar.bz2:0.64045715332:0.02603059:0.65
> 0:True:6,9:133,63
> 1:True:6,9:133,63
> 2:False:2,9:133,63
> 3:True:6,9:133,63
> 4:True:6,9:133,63
> 5:False:2,9:133,63
> 6:True:6,9:133,63
> 7:True:6,9:133,63
depots-optimal-old-noisy/100/depots_noisy_p05_hyp-1_full_2.tar.bz2:0.637362003326:0.02564481:0.64
> 0:True:6,9:132,62
> 1:True:6,9:132,62
> 2:False:2,9:132,62
> 3:True:6,9:132,62
> 4:True:6,9:132,62
> 5:False:2,9:132,62
> 6:True:6,9:132,62
> 7:True:6,9:132,62
depots-optimal-old-noisy/100/depots_noisy_p05_hyp-1_full_3.tar.bz2:0.636974811554:0.02617567:0.64
> 0:True:6,9:133,63
> 1:True:6,9:133,63
> 2:False:2,9:133,63
> 3:True:6,9:133,63
> 4:True:6,9:133,63
> 5:False:2,9:133,63
> 6:True:6,9:133,63
> 7:True:6,9:133,63
depots-optimal-old-noisy/100/depots_noisy_p05_hyp-2_full_1.tar.bz2:0.638153791428:0.02568272:0.65
> 0:True:6,9:132,62
> 1:True:6,9:132,62
> 2:False:2,9:132,62
> 3:True:6,9:132,62
> 4:True:6,9:132,62
> 5:False:2,9:132,62
> 6:True:6,9:132,62
> 7:True:6,9:132,62
depots-optimal-old-noisy/100/depots_noisy_p05_hyp-2_full_2.tar.bz2:0.639145851135:0.02601563:0.63
> 0:True:6,9:132,62
> 1:True:6,9:132,62
> 2:False:2,9:132,62
> 3:True:6,9:132,62
> 4:True:6,9:132,62
> 5:False:2,9:132,62
> 6:True:6,9:132,62
> 7:True:6,9:132,62
depots-optimal-old-noisy/100/depots_noisy_p05_hyp-2_full_3.tar.bz2:0.638986110687:0.02636015:0.64
> 0:True:6,9:133,63
> 1:True:6,9:133,63
> 2:False:2,9:133,63
> 3:True:6,9:133,63
> 4:True:6,9:133,63
> 5:False:2,9:133,63
> 6:True:6,9:133,63
> 7:True:6,9:133,63
depots-optimal-old-noisy/100/depots_noisy_p05_hyp-3_full_1.tar.bz2:0.639751195908:0.02627762:0.63
> 0:True:6,9:132,62
> 1:True:6,9:132,62
> 2:False:2,9:132,62
> 3:True:6,9:132,62
> 4:True:6,9:132,62
> 5:False:2,9:132,62
> 6:True:6,9:132,62
> 7:True:6,9:132,62
depots-optimal-old-noisy/100/depots_noisy_p05_hyp-3_full_2.tar.bz2:0.641540050507:0.02582843:0.64
> 0:True:6,9:132,62
> 1:True:6,9:132,62
> 2:False:2,9:132,62
> 3:True:6,9:132,62
> 4:True:6,9:132,62
> 5:False:2,9:132,62
> 6:True:6,9:132,62
> 7:True:6,9:132,62
depots-optimal-old-noisy/100/depots_noisy_p05_hyp-3_full_3.tar.bz2:0.640913963318:0.02624956:0.64
> 0:True:6,9:133,63
> 1:True:6,9:133,63
> 2:False:2,9:133,63
> 3:True:6,9:133,63
> 4:True:6,9:133,63
> 5:False:2,9:133,63
> 6:True:6,9:133,63
> 7:True:6,9:133,63
depots-optimal-old-noisy/100/depots_noisy_p05_hyp-4_full_1.tar.bz2:0.641608953476:0.02561976:0.64
> 0:True:6,9:133,63
> 1:True:6,9:133,63
> 2:False:2,9:133,63
> 3:True:6,9:133,63
> 4:True:6,9:133,63
> 5:False:2,9:133,63
> 6:True:6,9:133,63
> 7:True:6,9:133,63
depots-optimal-old-noisy/100/depots_noisy_p05_hyp-4_full_2.tar.bz2:0.637658119202:0.02618313:0.64
> 0:True:6,9:132,62
> 1:True:6,9:132,62
> 2:False:2,9:132,62
> 3:True:6,9:132,62
> 4:True:6,9:132,62
> 5:False:2,9:132,62
> 6:True:6,9:132,62
> 7:True:6,9:132,62
depots-optimal-old-noisy/100/depots_noisy_p05_hyp-4_full_3.tar.bz2:0.636524200439:0.02611418:0.63
> 0:True:6,9:132,62
> 1:True:6,9:132,62
> 2:False:2,9:132,62
> 3:True:6,9:132,62
> 4:True:6,9:132,62
> 5:False:2,9:132,62
> 6:True:6,9:132,62
> 7:True:6,9:132,62
