depots-optimal/10/depots_p03_hyp-1_10_1.tar.bz2:0.771152019501:0.08631225:0.78
> 0:True:2,2:9685,1909
> 1:True:4,4:9685,1909
> 2:True:4,4:9685,1909
> 3:False:4,5:9685,1909
> 4:True:4,4:9685,1909
> 5:False:4,5:9685,1909
> 6:False:2,3:9685,1909
> 7:False:4,5:9685,1909
depots-optimal/10/depots_p03_hyp-1_10_2.tar.bz2:0.772655963898:0.0859725:0.77
> 0:False:2,3:9685,1909
> 1:False:4,5:9685,1909
> 2:True:4,4:9685,1909
> 3:False:4,5:9685,1909
> 4:False:4,5:9685,1909
> 5:False:4,5:9685,1909
> 6:False:2,3:9685,1909
> 7:False:4,5:9685,1909
depots-optimal/10/depots_p03_hyp-1_10_3.tar.bz2:0.773935079575:0.0880532:0.78
> 0:True:2,3:9685,1909
> 1:True:4,5:9685,1909
> 2:True:4,5:9685,1909
> 3:True:4,5:9685,1909
> 4:True:4,5:9685,1909
> 5:True:4,5:9685,1909
> 6:True:2,3:9685,1909
> 7:True:4,5:9685,1909
depots-optimal/10/depots_p03_hyp-2_10_1.tar.bz2:0.772589921951:0.0874062:0.77
> 0:True:2,3:9685,1909
> 1:True:4,5:9685,1909
> 2:True:4,5:9685,1909
> 3:True:4,5:9685,1909
> 4:True:4,5:9685,1909
> 5:True:4,5:9685,1909
> 6:True:2,3:9685,1909
> 7:True:4,5:9685,1909
depots-optimal/10/depots_p03_hyp-2_10_2.tar.bz2:0.773508071899:0.0877813:0.77
> 0:True:2,3:9685,1909
> 1:True:4,5:9685,1909
> 2:True:4,5:9685,1909
> 3:True:4,5:9685,1909
> 4:True:4,5:9685,1909
> 5:True:4,5:9685,1909
> 6:True:2,3:9685,1909
> 7:True:4,5:9685,1909
depots-optimal/10/depots_p03_hyp-2_10_3.tar.bz2:0.7736120224:0.0872428:0.77
> 0:True:2,3:9685,1909
> 1:True:4,5:9685,1909
> 2:True:4,5:9685,1909
> 3:True:4,5:9685,1909
> 4:True:4,5:9685,1909
> 5:True:4,5:9685,1909
> 6:True:2,3:9685,1909
> 7:True:4,5:9685,1909
depots-optimal/10/depots_p03_hyp-3_10_1.tar.bz2:0.771880149841:0.0855916:0.76
> 0:False:2,3:9685,1909
> 1:False:4,5:9685,1909
> 2:False:4,5:9685,1909
> 3:False:4,5:9685,1909
> 4:False:4,5:9685,1909
> 5:True:4,4:9685,1909
> 6:False:2,3:9685,1909
> 7:False:4,5:9685,1909
depots-optimal/10/depots_p03_hyp-3_10_2.tar.bz2:0.771432876587:0.0853854:0.77
> 0:False:2,3:9685,1909
> 1:False:4,5:9685,1909
> 2:False:4,5:9685,1909
> 3:False:4,5:9685,1909
> 4:False:4,5:9685,1909
> 5:True:4,4:9685,1909
> 6:False:2,3:9685,1909
> 7:False:4,5:9685,1909
depots-optimal/10/depots_p03_hyp-3_10_3.tar.bz2:0.772663116455:0.0866421:0.77
> 0:False:2,3:9685,1909
> 1:False:4,5:9685,1909
> 2:True:4,4:9685,1909
> 3:False:4,5:9685,1909
> 4:False:4,5:9685,1909
> 5:False:4,5:9685,1909
> 6:False:2,3:9685,1909
> 7:False:4,5:9685,1909
depots-optimal/10/depots_p03_hyp-4_10_1.tar.bz2:0.773605108261:0.0876181:0.78
> 0:True:2,3:9685,1909
> 1:True:4,5:9685,1909
> 2:True:4,5:9685,1909
> 3:True:4,5:9685,1909
> 4:True:4,5:9685,1909
> 5:True:4,5:9685,1909
> 6:True:2,3:9685,1909
> 7:True:4,5:9685,1909
depots-optimal/10/depots_p03_hyp-4_10_2.tar.bz2:0.775490045547:0.0873811:0.78
> 0:True:2,3:9685,1909
> 1:True:4,5:9685,1909
> 2:True:4,5:9685,1909
> 3:True:4,5:9685,1909
> 4:True:4,5:9685,1909
> 5:True:4,5:9685,1909
> 6:True:2,3:9685,1909
> 7:True:4,5:9685,1909
depots-optimal/10/depots_p03_hyp-4_10_3.tar.bz2:0.77583193779:0.0879244:0.78
> 0:False:2,3:9685,1909
> 1:False:4,5:9685,1909
> 2:False:4,5:9685,1909
> 3:True:4,4:9685,1909
> 4:False:4,5:9685,1909
> 5:False:4,5:9685,1909
> 6:False:2,3:9685,1909
> 7:False:4,5:9685,1909
depots-optimal/10/depots_p04_hyp-1_10_1.tar.bz2:0.810786008835:0.0959155:0.81
> 0:True:4,5:11279,2145
> 1:True:4,5:11279,2145
> 2:True:2,3:11279,2145
> 3:True:4,5:11279,2145
> 4:True:4,5:11279,2145
> 5:True:2,3:11279,2145
> 6:True:4,5:11279,2145
> 7:True:4,5:11279,2145
depots-optimal/10/depots_p04_hyp-1_10_2.tar.bz2:0.812003850937:0.097321:0.81
> 0:True:4,4:11279,2145
> 1:False:4,5:11279,2145
> 2:False:2,3:11279,2145
> 3:False:4,5:11279,2145
> 4:False:4,5:11279,2145
> 5:False:2,3:11279,2145
> 6:False:4,5:11279,2145
> 7:False:4,5:11279,2145
depots-optimal/10/depots_p04_hyp-1_10_3.tar.bz2:0.803667068481:0.0957202:0.8
> 0:True:4,4:11279,2145
> 1:False:4,5:11279,2145
> 2:False:2,3:11279,2145
> 3:False:4,5:11279,2145
> 4:False:4,5:11279,2145
> 5:False:2,3:11279,2145
> 6:False:4,5:11279,2145
> 7:False:4,5:11279,2145
depots-optimal/10/depots_p04_hyp-2_10_1.tar.bz2:0.810117006302:0.0962142:0.81
> 0:True:4,5:11279,2145
> 1:True:4,5:11279,2145
> 2:True:2,3:11279,2145
> 3:True:4,5:11279,2145
> 4:True:4,5:11279,2145
> 5:True:2,3:11279,2145
> 6:True:4,5:11279,2145
> 7:True:4,5:11279,2145
depots-optimal/10/depots_p04_hyp-2_10_2.tar.bz2:0.809546232224:0.0972061:0.81
> 0:False:4,5:11279,2145
> 1:True:4,4:11279,2145
> 2:False:2,3:11279,2145
> 3:False:4,5:11279,2145
> 4:False:4,5:11279,2145
> 5:False:2,3:11279,2145
> 6:False:4,5:11279,2145
> 7:False:4,5:11279,2145
depots-optimal/10/depots_p04_hyp-2_10_3.tar.bz2:0.811406850815:0.0964149:0.82
> 0:True:4,5:11279,2145
> 1:True:4,5:11279,2145
> 2:True:2,3:11279,2145
> 3:True:4,5:11279,2145
> 4:True:4,5:11279,2145
> 5:True:2,3:11279,2145
> 6:True:4,5:11279,2145
> 7:True:4,5:11279,2145
depots-optimal/10/depots_p04_hyp-3_10_1.tar.bz2:0.809575080872:0.0962799:0.81
> 0:True:4,5:11279,2145
> 1:True:4,5:11279,2145
> 2:True:2,3:11279,2145
> 3:True:4,5:11279,2145
> 4:True:4,5:11279,2145
> 5:True:2,3:11279,2145
> 6:True:4,5:11279,2145
> 7:True:4,5:11279,2145
depots-optimal/10/depots_p04_hyp-3_10_2.tar.bz2:0.811495065689:0.0961899:0.81
> 0:True:4,5:11279,2145
> 1:True:4,5:11279,2145
> 2:True:2,3:11279,2145
> 3:True:4,5:11279,2145
> 4:True:4,5:11279,2145
> 5:True:2,3:11279,2145
> 6:True:4,5:11279,2145
> 7:True:4,5:11279,2145
depots-optimal/10/depots_p04_hyp-3_10_3.tar.bz2:0.806894779205:0.0960022:0.81
> 0:True:4,5:11279,2145
> 1:True:4,5:11279,2145
> 2:True:2,3:11279,2145
> 3:True:4,5:11279,2145
> 4:True:4,5:11279,2145
> 5:True:2,3:11279,2145
> 6:True:4,5:11279,2145
> 7:True:4,5:11279,2145
depots-optimal/10/depots_p04_hyp-4_10_1.tar.bz2:0.808770179749:0.0961565:0.81
> 0:True:4,5:11279,2145
> 1:True:4,5:11279,2145
> 2:True:2,3:11279,2145
> 3:True:4,5:11279,2145
> 4:True:4,5:11279,2145
> 5:True:2,3:11279,2145
> 6:True:4,5:11279,2145
> 7:True:4,5:11279,2145
depots-optimal/10/depots_p04_hyp-4_10_2.tar.bz2:0.813514947891:0.0962032:0.83
> 0:True:4,5:11279,2145
> 1:True:4,5:11279,2145
> 2:True:2,3:11279,2145
> 3:True:4,5:11279,2145
> 4:True:4,5:11279,2145
> 5:True:2,3:11279,2145
> 6:True:4,5:11279,2145
> 7:True:4,5:11279,2145
depots-optimal/10/depots_p04_hyp-4_10_3.tar.bz2:0.810652017593:0.0965777:0.81
> 0:True:4,4:11279,2145
> 1:False:4,5:11279,2145
> 2:False:2,3:11279,2145
> 3:False:4,5:11279,2145
> 4:False:4,5:11279,2145
> 5:False:2,3:11279,2145
> 6:False:4,5:11279,2145
> 7:False:4,5:11279,2145
depots-optimal/10/depots_p05_hyp-1_10_1.tar.bz2:0.813707113266:0.0988652:0.82
> 0:True:4,5:11279,2145
> 1:True:4,5:11279,2145
> 2:True:2,3:11279,2145
> 3:True:4,5:11279,2145
> 4:True:4,5:11279,2145
> 5:True:2,3:11279,2145
> 6:True:4,5:11279,2145
> 7:True:4,5:11279,2145
depots-optimal/10/depots_p05_hyp-1_10_2.tar.bz2:0.813082933426:0.0989893:0.81
> 0:False:4,5:11279,2145
> 1:False:4,5:11279,2145
> 2:False:2,3:11279,2145
> 3:False:4,5:11279,2145
> 4:False:4,5:11279,2145
> 5:False:2,3:11279,2145
> 6:True:4,4:11279,2145
> 7:False:4,5:11279,2145
depots-optimal/10/depots_p05_hyp-1_10_3.tar.bz2:0.814349889755:0.0989615:0.82
> 0:False:4,5:11279,2145
> 1:True:4,4:11279,2145
> 2:False:2,3:11279,2145
> 3:False:4,5:11279,2145
> 4:False:4,5:11279,2145
> 5:False:2,3:11279,2145
> 6:False:4,5:11279,2145
> 7:False:4,5:11279,2145
depots-optimal/10/depots_p05_hyp-2_10_1.tar.bz2:0.810919046402:0.0997066:0.81
> 0:True:4,5:11279,2145
> 1:True:4,5:11279,2145
> 2:True:2,3:11279,2145
> 3:True:4,5:11279,2145
> 4:True:4,5:11279,2145
> 5:True:2,3:11279,2145
> 6:True:4,5:11279,2145
> 7:True:4,5:11279,2145
depots-optimal/10/depots_p05_hyp-2_10_2.tar.bz2:0.810208082199:0.0995308:0.81
> 0:True:4,5:11279,2145
> 1:True:4,5:11279,2145
> 2:True:2,3:11279,2145
> 3:True:4,5:11279,2145
> 4:True:4,5:11279,2145
> 5:True:2,3:11279,2145
> 6:True:4,5:11279,2145
> 7:True:4,5:11279,2145
depots-optimal/10/depots_p05_hyp-2_10_3.tar.bz2:0.811488866806:0.0996255:0.82
> 0:False:4,5:11279,2145
> 1:False:4,5:11279,2145
> 2:False:2,3:11279,2145
> 3:False:4,5:11279,2145
> 4:False:4,5:11279,2145
> 5:False:2,3:11279,2145
> 6:True:4,4:11279,2145
> 7:False:4,5:11279,2145
depots-optimal/10/depots_p05_hyp-3_10_1.tar.bz2:0.808243989944:0.09803:0.81
> 0:False:4,5:11279,2145
> 1:False:4,5:11279,2145
> 2:False:2,3:11279,2145
> 3:False:4,5:11279,2145
> 4:False:4,5:11279,2145
> 5:False:2,3:11279,2145
> 6:True:4,4:11279,2145
> 7:False:4,5:11279,2145
depots-optimal/10/depots_p05_hyp-3_10_2.tar.bz2:0.806828975677:0.0977015:0.81
> 0:True:4,4:11279,2145
> 1:False:4,5:11279,2145
> 2:False:2,3:11279,2145
> 3:False:4,5:11279,2145
> 4:False:4,5:11279,2145
> 5:False:2,3:11279,2145
> 6:False:4,5:11279,2145
> 7:False:4,5:11279,2145
depots-optimal/10/depots_p05_hyp-3_10_3.tar.bz2:0.809918880463:0.0981171:0.8
> 0:True:4,5:11279,2145
> 1:True:4,5:11279,2145
> 2:True:2,3:11279,2145
> 3:True:4,5:11279,2145
> 4:True:4,5:11279,2145
> 5:True:2,3:11279,2145
> 6:True:4,5:11279,2145
> 7:True:4,5:11279,2145
depots-optimal/10/depots_p05_hyp-4_10_1.tar.bz2:0.814867019653:0.0989536:0.81
> 0:True:4,5:11279,2145
> 1:True:4,5:11279,2145
> 2:True:2,3:11279,2145
> 3:True:4,5:11279,2145
> 4:True:4,5:11279,2145
> 5:True:2,3:11279,2145
> 6:True:4,5:11279,2145
> 7:True:4,5:11279,2145
depots-optimal/10/depots_p05_hyp-4_10_2.tar.bz2:0.811398983002:0.0986783:0.82
> 0:True:4,5:11279,2145
> 1:True:4,5:11279,2145
> 2:True:2,3:11279,2145
> 3:True:4,5:11279,2145
> 4:True:4,5:11279,2145
> 5:True:2,3:11279,2145
> 6:True:4,5:11279,2145
> 7:True:4,5:11279,2145
depots-optimal/10/depots_p05_hyp-4_10_3.tar.bz2:0.812090873718:0.0982258:0.81
> 0:True:4,5:11279,2145
> 1:True:4,5:11279,2145
> 2:True:2,3:11279,2145
> 3:True:4,5:11279,2145
> 4:True:4,5:11279,2145
> 5:True:2,3:11279,2145
> 6:True:4,5:11279,2145
> 7:True:4,5:11279,2145
depots-optimal/30/depots_p03_hyp-1_30_1.tar.bz2:0.776129007339:0.0880565:0.78
> 0:True:2,4:9686,1910
> 1:True:4,6:9686,1910
> 2:True:4,6:9686,1910
> 3:True:4,6:9686,1910
> 4:True:4,6:9686,1910
> 5:True:4,6:9686,1910
> 6:True:2,4:9686,1910
> 7:True:4,6:9686,1910
depots-optimal/30/depots_p03_hyp-1_30_2.tar.bz2:0.772958993912:0.0847461:0.78
> 0:True:2,3:9686,1910
> 1:True:4,5:9686,1910
> 2:True:4,5:9686,1910
> 3:False:4,6:9686,1910
> 4:True:4,5:9686,1910
> 5:False:4,6:9686,1910
> 6:False:2,4:9686,1910
> 7:False:4,6:9686,1910
depots-optimal/30/depots_p03_hyp-1_30_3.tar.bz2:0.772709846497:0.0850492:0.77
> 0:True:2,3:9686,1910
> 1:True:4,5:9686,1910
> 2:True:4,5:9686,1910
> 3:False:4,6:9686,1910
> 4:True:4,5:9686,1910
> 5:False:4,6:9686,1910
> 6:False:2,4:9686,1910
> 7:False:4,6:9686,1910
depots-optimal/30/depots_p03_hyp-2_30_1.tar.bz2:0.772927045822:0.0852698:0.77
> 0:False:2,5:9687,1911
> 1:False:4,7:9687,1911
> 2:True:4,6:9687,1911
> 3:False:4,7:9687,1911
> 4:False:4,7:9687,1911
> 5:False:4,7:9687,1911
> 6:False:2,5:9687,1911
> 7:False:4,7:9687,1911
depots-optimal/30/depots_p03_hyp-2_30_2.tar.bz2:0.772371053696:0.085881:0.77
> 0:False:2,5:9687,1911
> 1:False:4,7:9687,1911
> 2:False:4,7:9687,1911
> 3:False:4,7:9687,1911
> 4:False:4,7:9687,1911
> 5:True:4,6:9687,1911
> 6:False:2,5:9687,1911
> 7:False:4,7:9687,1911
depots-optimal/30/depots_p03_hyp-2_30_3.tar.bz2:0.775493144989:0.0856062:0.78
> 0:False:2,5:9687,1911
> 1:False:4,7:9687,1911
> 2:True:4,6:9687,1911
> 3:False:4,7:9687,1911
> 4:False:4,7:9687,1911
> 5:False:4,7:9687,1911
> 6:False:2,5:9687,1911
> 7:False:4,7:9687,1911
depots-optimal/30/depots_p03_hyp-3_30_1.tar.bz2:0.77715587616:0.0876575:0.78
> 0:False:2,5:9687,1911
> 1:False:4,7:9687,1911
> 2:True:4,6:9687,1911
> 3:False:4,7:9687,1911
> 4:False:4,7:9687,1911
> 5:False:4,7:9687,1911
> 6:False:2,5:9687,1911
> 7:False:4,7:9687,1911
depots-optimal/30/depots_p03_hyp-3_30_2.tar.bz2:0.776437044144:0.0857147:0.77
> 0:False:2,5:9687,1911
> 1:False:4,7:9687,1911
> 2:True:4,6:9687,1911
> 3:False:4,7:9687,1911
> 4:False:4,7:9687,1911
> 5:False:4,7:9687,1911
> 6:False:2,5:9687,1911
> 7:False:4,7:9687,1911
depots-optimal/30/depots_p03_hyp-3_30_3.tar.bz2:0.773751020432:0.0856974:0.77
> 0:False:2,5:9687,1911
> 1:False:4,7:9687,1911
> 2:True:4,6:9687,1911
> 3:False:4,7:9687,1911
> 4:False:4,7:9687,1911
> 5:False:4,7:9687,1911
> 6:False:2,5:9687,1911
> 7:False:4,7:9687,1911
depots-optimal/30/depots_p03_hyp-4_30_1.tar.bz2:0.772180080414:0.0855924:0.78
> 0:False:2,5:9687,1911
> 1:False:4,7:9687,1911
> 2:False:4,7:9687,1911
> 3:True:4,6:9687,1911
> 4:False:4,7:9687,1911
> 5:True:4,6:9687,1911
> 6:False:2,5:9687,1911
> 7:False:4,7:9687,1911
depots-optimal/30/depots_p03_hyp-4_30_2.tar.bz2:0.776661872864:0.0869383:0.77
> 0:False:2,5:9687,1911
> 1:False:4,7:9687,1911
> 2:False:4,7:9687,1911
> 3:True:4,6:9687,1911
> 4:False:4,7:9687,1911
> 5:True:4,6:9687,1911
> 6:False:2,5:9687,1911
> 7:False:4,7:9687,1911
depots-optimal/30/depots_p03_hyp-4_30_3.tar.bz2:0.773162126541:0.0858557:0.77
> 0:False:2,5:9687,1911
> 1:False:4,7:9687,1911
> 2:True:4,6:9687,1911
> 3:True:4,6:9687,1911
> 4:False:4,7:9687,1911
> 5:False:4,7:9687,1911
> 6:False:2,5:9687,1911
> 7:False:4,7:9687,1911
depots-optimal/30/depots_p04_hyp-1_30_1.tar.bz2:0.80960392952:0.0947497:0.81
> 0:True:4,5:11281,2147
> 1:False:4,7:11281,2147
> 2:False:2,5:11281,2147
> 3:False:4,7:11281,2147
> 4:False:4,7:11281,2147
> 5:False:2,5:11281,2147
> 6:False:4,6:11281,2147
> 7:False:4,7:11281,2147
depots-optimal/30/depots_p04_hyp-1_30_2.tar.bz2:0.809261083603:0.0964161:0.8
> 0:True:4,7:11281,2147
> 1:True:4,7:11281,2147
> 2:True:2,5:11281,2147
> 3:True:4,7:11281,2147
> 4:True:4,7:11281,2147
> 5:True:2,5:11281,2147
> 6:True:4,7:11281,2147
> 7:True:4,7:11281,2147
depots-optimal/30/depots_p04_hyp-1_30_3.tar.bz2:0.811275005341:0.0977204:0.82
> 0:True:4,6:11281,2147
> 1:False:4,7:11281,2147
> 2:False:2,5:11281,2147
> 3:False:4,7:11281,2147
> 4:False:4,7:11281,2147
> 5:False:2,5:11281,2147
> 6:False:4,7:11281,2147
> 7:False:4,7:11281,2147
depots-optimal/30/depots_p04_hyp-2_30_1.tar.bz2:0.809736013412:0.0960949:0.82
> 0:False:4,7:11281,2147
> 1:False:4,7:11281,2147
> 2:False:2,5:11281,2147
> 3:False:4,7:11281,2147
> 4:False:4,7:11281,2147
> 5:False:2,5:11281,2147
> 6:True:4,6:11281,2147
> 7:False:4,7:11281,2147
depots-optimal/30/depots_p04_hyp-2_30_2.tar.bz2:0.810075998306:0.0977877:0.81
> 0:False:4,7:11281,2147
> 1:True:4,6:11281,2147
> 2:False:2,5:11281,2147
> 3:False:4,7:11281,2147
> 4:False:4,7:11281,2147
> 5:False:2,5:11281,2147
> 6:False:4,7:11281,2147
> 7:False:4,7:11281,2147
depots-optimal/30/depots_p04_hyp-2_30_3.tar.bz2:0.808786869049:0.0976317:0.81
> 0:True:4,7:11281,2147
> 1:True:4,7:11281,2147
> 2:True:2,5:11281,2147
> 3:True:4,7:11281,2147
> 4:True:4,7:11281,2147
> 5:True:2,5:11281,2147
> 6:True:4,7:11281,2147
> 7:True:4,7:11281,2147
depots-optimal/30/depots_p04_hyp-3_30_1.tar.bz2:0.810202121735:0.0962991:0.82
> 0:False:4,7:11281,2147
> 1:False:4,7:11281,2147
> 2:False:2,5:11281,2147
> 3:True:4,6:11281,2147
> 4:False:4,7:11281,2147
> 5:False:2,5:11281,2147
> 6:False:4,7:11281,2147
> 7:False:4,7:11281,2147
depots-optimal/30/depots_p04_hyp-3_30_2.tar.bz2:0.812934160233:0.0988712:0.81
> 0:False:4,7:11281,2147
> 1:False:4,7:11281,2147
> 2:False:2,5:11281,2147
> 3:True:4,6:11281,2147
> 4:False:4,7:11281,2147
> 5:False:2,5:11281,2147
> 6:False:4,7:11281,2147
> 7:False:4,7:11281,2147
depots-optimal/30/depots_p04_hyp-3_30_3.tar.bz2:0.808701038361:0.0969708:0.81
> 0:False:4,7:11281,2147
> 1:False:4,7:11281,2147
> 2:False:2,5:11281,2147
> 3:True:4,6:11281,2147
> 4:False:4,7:11281,2147
> 5:False:2,5:11281,2147
> 6:True:4,6:11281,2147
> 7:False:4,7:11281,2147
depots-optimal/30/depots_p04_hyp-4_30_1.tar.bz2:0.804635047913:0.0961715:0.81
> 0:True:4,6:11281,2147
> 1:False:4,7:11281,2147
> 2:False:2,5:11281,2147
> 3:False:4,7:11281,2147
> 4:False:4,7:11281,2147
> 5:False:2,5:11281,2147
> 6:True:4,6:11281,2147
> 7:False:4,7:11281,2147
depots-optimal/30/depots_p04_hyp-4_30_2.tar.bz2:0.803857088089:0.0957874:0.81
> 0:False:4,7:11281,2147
> 1:False:4,7:11281,2147
> 2:False:2,5:11281,2147
> 3:False:4,7:11281,2147
> 4:False:4,7:11281,2147
> 5:False:2,5:11281,2147
> 6:True:4,5:11281,2147
> 7:False:4,7:11281,2147
depots-optimal/30/depots_p04_hyp-4_30_3.tar.bz2:0.809621095657:0.0971608:0.81
> 0:True:4,6:11281,2147
> 1:False:4,7:11281,2147
> 2:False:2,5:11281,2147
> 3:False:4,7:11281,2147
> 4:False:4,7:11281,2147
> 5:False:2,5:11281,2147
> 6:False:4,7:11281,2147
> 7:False:4,7:11281,2147
depots-optimal/30/depots_p05_hyp-1_30_1.tar.bz2:0.810796976089:0.0986328:0.81
> 0:True:4,6:11281,2147
> 1:False:4,7:11281,2147
> 2:False:2,5:11281,2147
> 3:False:4,7:11281,2147
> 4:False:4,7:11281,2147
> 5:False:2,5:11281,2147
> 6:False:4,7:11281,2147
> 7:False:4,7:11281,2147
depots-optimal/30/depots_p05_hyp-1_30_2.tar.bz2:0.81304192543:0.0983066:0.82
> 0:True:4,7:11281,2147
> 1:True:4,7:11281,2147
> 2:True:2,5:11281,2147
> 3:True:4,7:11281,2147
> 4:True:4,7:11281,2147
> 5:True:2,5:11281,2147
> 6:True:4,7:11281,2147
> 7:True:4,7:11281,2147
depots-optimal/30/depots_p05_hyp-1_30_3.tar.bz2:0.812056064606:0.0972664:0.81
> 0:True:4,6:11281,2147
> 1:False:4,7:11281,2147
> 2:False:2,5:11281,2147
> 3:False:4,7:11281,2147
> 4:False:4,7:11281,2147
> 5:False:2,5:11281,2147
> 6:True:4,6:11281,2147
> 7:False:4,7:11281,2147
depots-optimal/30/depots_p05_hyp-2_30_1.tar.bz2:0.814316987991:0.0990081:0.81
> 0:True:4,7:11281,2147
> 1:True:4,7:11281,2147
> 2:True:2,5:11281,2147
> 3:True:4,7:11281,2147
> 4:True:4,7:11281,2147
> 5:True:2,5:11281,2147
> 6:True:4,7:11281,2147
> 7:True:4,7:11281,2147
depots-optimal/30/depots_p05_hyp-2_30_2.tar.bz2:0.811186075211:0.0982113:0.82
> 0:True:4,6:11281,2147
> 1:False:4,7:11281,2147
> 2:False:2,5:11281,2147
> 3:False:4,7:11281,2147
> 4:False:4,7:11281,2147
> 5:False:2,5:11281,2147
> 6:False:4,7:11281,2147
> 7:False:4,7:11281,2147
depots-optimal/30/depots_p05_hyp-2_30_3.tar.bz2:0.810497999191:0.1002074:0.8
> 0:False:4,7:11281,2147
> 1:False:4,7:11281,2147
> 2:False:2,5:11281,2147
> 3:False:4,7:11281,2147
> 4:False:4,7:11281,2147
> 5:False:2,5:11281,2147
> 6:True:4,6:11281,2147
> 7:False:4,7:11281,2147
depots-optimal/30/depots_p05_hyp-3_30_1.tar.bz2:0.812883138657:0.1001893:0.82
> 0:False:4,7:11281,2147
> 1:False:4,7:11281,2147
> 2:False:2,5:11281,2147
> 3:False:4,7:11281,2147
> 4:False:4,7:11281,2147
> 5:False:2,5:11281,2147
> 6:False:4,7:11281,2147
> 7:True:4,6:11281,2147
depots-optimal/30/depots_p05_hyp-3_30_2.tar.bz2:0.810178041458:0.0975409:0.8
> 0:False:4,7:11281,2147
> 1:False:4,7:11281,2147
> 2:False:2,5:11281,2147
> 3:False:4,7:11281,2147
> 4:False:4,7:11281,2147
> 5:False:2,5:11281,2147
> 6:True:4,6:11281,2147
> 7:False:4,7:11281,2147
depots-optimal/30/depots_p05_hyp-3_30_3.tar.bz2:0.811997175217:0.0975294:0.82
> 0:True:4,6:11281,2147
> 1:False:4,7:11281,2147
> 2:False:2,5:11281,2147
> 3:False:4,7:11281,2147
> 4:False:4,7:11281,2147
> 5:False:2,5:11281,2147
> 6:False:4,7:11281,2147
> 7:False:4,7:11281,2147
depots-optimal/30/depots_p05_hyp-4_30_1.tar.bz2:0.807705879211:0.0981832:0.8
> 0:False:4,7:11281,2147
> 1:False:4,7:11281,2147
> 2:False:2,5:11281,2147
> 3:False:4,7:11281,2147
> 4:True:4,6:11281,2147
> 5:False:2,5:11281,2147
> 6:True:4,6:11281,2147
> 7:False:4,7:11281,2147
depots-optimal/30/depots_p05_hyp-4_30_2.tar.bz2:0.811376094818:0.099247:0.81
> 0:False:4,7:11281,2147
> 1:False:4,7:11281,2147
> 2:False:2,5:11281,2147
> 3:False:4,7:11281,2147
> 4:True:4,6:11281,2147
> 5:False:2,5:11281,2147
> 6:False:4,7:11281,2147
> 7:False:4,7:11281,2147
depots-optimal/30/depots_p05_hyp-4_30_3.tar.bz2:0.811098098755:0.0999535:0.82
> 0:False:4,7:11281,2147
> 1:False:4,7:11281,2147
> 2:False:2,5:11281,2147
> 3:False:4,7:11281,2147
> 4:True:4,6:11281,2147
> 5:False:2,5:11281,2147
> 6:False:4,7:11281,2147
> 7:False:4,7:11281,2147
depots-optimal/50/depots_p03_hyp-1_50_1.tar.bz2:0.768731832504:0.0854963:0.77
> 0:False:2,5:9687,1911
> 1:False:4,7:9687,1911
> 2:True:4,6:9687,1911
> 3:False:4,7:9687,1911
> 4:False:4,7:9687,1911
> 5:False:4,7:9687,1911
> 6:False:2,5:9687,1911
> 7:False:4,7:9687,1911
depots-optimal/50/depots_p03_hyp-1_50_2.tar.bz2:0.772562980652:0.0863401:0.78
> 0:False:2,5:9687,1911
> 1:False:4,7:9687,1911
> 2:True:4,6:9687,1911
> 3:False:4,7:9687,1911
> 4:False:4,7:9687,1911
> 5:False:4,7:9687,1911
> 6:False:2,5:9687,1911
> 7:False:4,7:9687,1911
depots-optimal/50/depots_p03_hyp-1_50_3.tar.bz2:0.771278142929:0.0854182:0.78
> 0:True:2,4:9687,1911
> 1:True:4,6:9687,1911
> 2:True:4,6:9687,1911
> 3:False:4,7:9687,1911
> 4:True:4,6:9687,1911
> 5:False:4,7:9687,1911
> 6:False:2,5:9687,1911
> 7:False:4,7:9687,1911
depots-optimal/50/depots_p03_hyp-2_50_1.tar.bz2:0.773790836334:0.0875588:0.77
> 0:False:2,7:9689,1913
> 1:True:4,8:9689,1913
> 2:False:4,9:9689,1913
> 3:False:4,9:9689,1913
> 4:False:4,9:9689,1913
> 5:True:4,8:9689,1913
> 6:False:2,7:9689,1913
> 7:False:4,9:9689,1913
depots-optimal/50/depots_p03_hyp-2_50_2.tar.bz2:0.77113699913:0.0861094:0.78
> 0:False:2,7:9689,1913
> 1:True:4,8:9689,1913
> 2:True:4,8:9689,1913
> 3:False:4,9:9689,1913
> 4:False:4,9:9689,1913
> 5:True:4,8:9689,1913
> 6:False:2,7:9689,1913
> 7:False:4,9:9689,1913
depots-optimal/50/depots_p03_hyp-2_50_3.tar.bz2:0.782095909119:0.0893416:0.78
> 0:False:2,7:9689,1913
> 1:True:4,8:9689,1913
> 2:False:4,9:9689,1913
> 3:False:4,9:9689,1913
> 4:False:4,9:9689,1913
> 5:False:4,9:9689,1913
> 6:False:2,7:9689,1913
> 7:False:4,9:9689,1913
depots-optimal/50/depots_p03_hyp-3_50_1.tar.bz2:0.772498846054:0.0857751:0.77
> 0:False:2,7:9689,1913
> 1:False:4,9:9689,1913
> 2:True:4,8:9689,1913
> 3:False:4,9:9689,1913
> 4:False:4,9:9689,1913
> 5:False:4,9:9689,1913
> 6:False:2,7:9689,1913
> 7:False:4,9:9689,1913
depots-optimal/50/depots_p03_hyp-3_50_2.tar.bz2:0.775434017181:0.0852263:0.77
> 0:False:2,7:9689,1913
> 1:False:4,9:9689,1913
> 2:True:4,7:9689,1913
> 3:False:4,9:9689,1913
> 4:False:4,9:9689,1913
> 5:False:4,8:9689,1913
> 6:False:2,7:9689,1913
> 7:False:4,9:9689,1913
depots-optimal/50/depots_p03_hyp-3_50_3.tar.bz2:0.7725481987:0.0862561:0.76
> 0:False:2,6:9689,1913
> 1:False:4,8:9689,1913
> 2:True:4,6:9689,1913
> 3:False:4,9:9689,1913
> 4:False:4,8:9689,1913
> 5:False:4,9:9689,1913
> 6:False:2,7:9689,1913
> 7:False:4,9:9689,1913
depots-optimal/50/depots_p03_hyp-4_50_1.tar.bz2:0.775455951691:0.0859704:0.77
> 0:False:2,7:9689,1913
> 1:False:4,9:9689,1913
> 2:True:4,8:9689,1913
> 3:True:4,8:9689,1913
> 4:False:4,9:9689,1913
> 5:True:4,8:9689,1913
> 6:False:2,7:9689,1913
> 7:False:4,9:9689,1913
depots-optimal/50/depots_p03_hyp-4_50_2.tar.bz2:0.777544975281:0.0870764:0.78
> 0:False:2,7:9689,1913
> 1:False:4,9:9689,1913
> 2:False:4,9:9689,1913
> 3:True:4,8:9689,1913
> 4:False:4,9:9689,1913
> 5:True:4,8:9689,1913
> 6:False:2,7:9689,1913
> 7:False:4,9:9689,1913
depots-optimal/50/depots_p03_hyp-4_50_3.tar.bz2:0.774857997894:0.0865008:0.78
> 0:False:2,7:9689,1913
> 1:False:4,9:9689,1913
> 2:True:4,8:9689,1913
> 3:True:4,8:9689,1913
> 4:False:4,9:9689,1913
> 5:False:4,9:9689,1913
> 6:False:2,7:9689,1913
> 7:False:4,9:9689,1913
depots-optimal/50/depots_p04_hyp-1_50_1.tar.bz2:0.8062479496:0.095725:0.8
> 0:True:4,8:11283,2149
> 1:False:4,9:11283,2149
> 2:False:2,7:11283,2149
> 3:True:4,8:11283,2149
> 4:False:4,9:11283,2149
> 5:True:2,6:11283,2149
> 6:True:4,8:11283,2149
> 7:True:4,8:11283,2149
depots-optimal/50/depots_p04_hyp-1_50_2.tar.bz2:0.8097178936:0.0970922:0.81
> 0:True:4,8:11283,2149
> 1:False:4,9:11283,2149
> 2:False:2,7:11283,2149
> 3:False:4,9:11283,2149
> 4:False:4,9:11283,2149
> 5:False:2,7:11283,2149
> 6:False:4,9:11283,2149
> 7:False:4,9:11283,2149
depots-optimal/50/depots_p04_hyp-1_50_3.tar.bz2:0.807531833649:0.0970965:0.8
> 0:False:4,9:11283,2149
> 1:False:4,9:11283,2149
> 2:False:2,7:11283,2149
> 3:False:4,9:11283,2149
> 4:False:4,9:11283,2149
> 5:False:2,7:11283,2149
> 6:True:4,8:11283,2149
> 7:False:4,9:11283,2149
depots-optimal/50/depots_p04_hyp-2_50_1.tar.bz2:0.80925989151:0.0984172:0.81
> 0:False:4,9:11283,2149
> 1:True:4,8:11283,2149
> 2:False:2,7:11283,2149
> 3:False:4,9:11283,2149
> 4:False:4,9:11283,2149
> 5:False:2,7:11283,2149
> 6:True:4,8:11283,2149
> 7:False:4,9:11283,2149
depots-optimal/50/depots_p04_hyp-2_50_2.tar.bz2:0.807363033295:0.0962267:0.81
> 0:True:4,8:11283,2149
> 1:False:4,9:11283,2149
> 2:False:2,7:11283,2149
> 3:False:4,9:11283,2149
> 4:False:4,9:11283,2149
> 5:False:2,7:11283,2149
> 6:False:4,9:11283,2149
> 7:False:4,9:11283,2149
depots-optimal/50/depots_p04_hyp-2_50_3.tar.bz2:0.809624910355:0.0953234:0.82
> 0:True:4,8:11283,2149
> 1:False:4,9:11283,2149
> 2:False:2,7:11283,2149
> 3:False:4,9:11283,2149
> 4:False:4,9:11283,2149
> 5:False:2,7:11283,2149
> 6:True:4,8:11283,2149
> 7:False:4,9:11283,2149
depots-optimal/50/depots_p04_hyp-3_50_1.tar.bz2:0.80934381485:0.0968884:0.81
> 0:False:4,9:11283,2149
> 1:False:4,9:11283,2149
> 2:False:2,7:11283,2149
> 3:True:4,7:11283,2149
> 4:False:4,9:11283,2149
> 5:False:2,7:11283,2149
> 6:False:4,8:11283,2149
> 7:False:4,9:11283,2149
depots-optimal/50/depots_p04_hyp-3_50_2.tar.bz2:0.809339046478:0.0960118:0.82
> 0:True:4,8:11283,2149
> 1:False:4,9:11283,2149
> 2:False:2,7:11283,2149
> 3:True:4,8:11283,2149
> 4:False:4,9:11283,2149
> 5:False:2,7:11283,2149
> 6:True:4,8:11283,2149
> 7:False:4,9:11283,2149
depots-optimal/50/depots_p04_hyp-3_50_3.tar.bz2:0.810872077942:0.0978197:0.81
> 0:False:4,9:11283,2149
> 1:False:4,9:11283,2149
> 2:False:2,7:11283,2149
> 3:True:4,8:11283,2149
> 4:False:4,9:11283,2149
> 5:False:2,7:11283,2149
> 6:False:4,9:11283,2149
> 7:False:4,9:11283,2149
depots-optimal/50/depots_p04_hyp-4_50_1.tar.bz2:0.810750961304:0.0968989:0.81
> 0:False:4,8:11283,2149
> 1:False:4,9:11283,2149
> 2:False:2,7:11283,2149
> 3:False:4,9:11283,2149
> 4:False:4,9:11283,2149
> 5:False:2,7:11283,2149
> 6:True:4,7:11283,2149
> 7:False:4,9:11283,2149
depots-optimal/50/depots_p04_hyp-4_50_2.tar.bz2:0.813569068909:0.0976056:0.81
> 0:False:4,9:11283,2149
> 1:False:4,9:11283,2149
> 2:False:2,7:11283,2149
> 3:False:4,9:11283,2149
> 4:False:4,9:11283,2149
> 5:False:2,7:11283,2149
> 6:True:4,7:11283,2149
> 7:False:4,9:11283,2149
depots-optimal/50/depots_p04_hyp-4_50_3.tar.bz2:0.808104991913:0.09441:0.8
> 0:False:4,8:11283,2149
> 1:False:4,9:11283,2149
> 2:False:2,7:11283,2149
> 3:False:4,9:11283,2149
> 4:False:4,9:11283,2149
> 5:False:2,7:11283,2149
> 6:True:4,7:11283,2149
> 7:False:4,9:11283,2149
depots-optimal/50/depots_p05_hyp-1_50_1.tar.bz2:0.811784029007:0.0999821:0.82
> 0:False:4,9:11283,2149
> 1:True:4,8:11283,2149
> 2:False:2,7:11283,2149
> 3:False:4,9:11283,2149
> 4:False:4,9:11283,2149
> 5:False:2,7:11283,2149
> 6:False:4,9:11283,2149
> 7:False:4,9:11283,2149
depots-optimal/50/depots_p05_hyp-1_50_2.tar.bz2:0.813571214676:0.1006277:0.8
> 0:False:4,9:11283,2149
> 1:True:4,7:11283,2149
> 2:False:2,7:11283,2149
> 3:False:4,9:11283,2149
> 4:False:4,9:11283,2149
> 5:False:2,7:11283,2149
> 6:False:4,9:11283,2149
> 7:False:4,9:11283,2149
depots-optimal/50/depots_p05_hyp-1_50_3.tar.bz2:0.810868024826:0.0984633:0.81
> 0:False:4,8:11283,2149
> 1:True:4,7:11283,2149
> 2:False:2,7:11283,2149
> 3:False:4,9:11283,2149
> 4:False:4,9:11283,2149
> 5:False:2,7:11283,2149
> 6:False:4,9:11283,2149
> 7:False:4,9:11283,2149
depots-optimal/50/depots_p05_hyp-2_50_1.tar.bz2:0.807584047318:0.0978989:0.81
> 0:True:4,8:11283,2149
> 1:False:4,9:11283,2149
> 2:False:2,7:11283,2149
> 3:False:4,9:11283,2149
> 4:False:4,9:11283,2149
> 5:False:2,7:11283,2149
> 6:False:4,9:11283,2149
> 7:False:4,9:11283,2149
depots-optimal/50/depots_p05_hyp-2_50_2.tar.bz2:0.807574987411:0.0966186:0.8
> 0:True:4,8:11283,2149
> 1:False:4,9:11283,2149
> 2:False:2,7:11283,2149
> 3:False:4,9:11283,2149
> 4:False:4,9:11283,2149
> 5:False:2,7:11283,2149
> 6:False:4,9:11283,2149
> 7:False:4,9:11283,2149
depots-optimal/50/depots_p05_hyp-2_50_3.tar.bz2:0.810870885849:0.0979536:0.82
> 0:True:4,8:11283,2149
> 1:False:4,9:11283,2149
> 2:False:2,7:11283,2149
> 3:False:4,9:11283,2149
> 4:False:4,9:11283,2149
> 5:False:2,7:11283,2149
> 6:True:4,8:11283,2149
> 7:False:4,9:11283,2149
depots-optimal/50/depots_p05_hyp-3_50_1.tar.bz2:0.808556079865:0.096326:0.81
> 0:False:4,9:11283,2149
> 1:False:4,9:11283,2149
> 2:False:2,7:11283,2149
> 3:False:4,9:11283,2149
> 4:False:4,9:11283,2149
> 5:False:2,7:11283,2149
> 6:True:4,8:11283,2149
> 7:False:4,9:11283,2149
depots-optimal/50/depots_p05_hyp-3_50_2.tar.bz2:0.809755086899:0.0971239:0.81
> 0:True:4,8:11283,2149
> 1:False:4,9:11283,2149
> 2:False:2,7:11283,2149
> 3:False:4,9:11283,2149
> 4:False:4,9:11283,2149
> 5:False:2,7:11283,2149
> 6:True:4,8:11283,2149
> 7:True:4,8:11283,2149
depots-optimal/50/depots_p05_hyp-3_50_3.tar.bz2:0.811053991318:0.0989554:0.81
> 0:False:4,9:11283,2149
> 1:False:4,9:11283,2149
> 2:False:2,7:11283,2149
> 3:False:4,9:11283,2149
> 4:False:4,9:11283,2149
> 5:False:2,7:11283,2149
> 6:False:4,8:11283,2149
> 7:True:4,7:11283,2149
depots-optimal/50/depots_p05_hyp-4_50_1.tar.bz2:0.808594942093:0.0984699:0.81
> 0:True:4,8:11283,2149
> 1:False:4,9:11283,2149
> 2:False:2,7:11283,2149
> 3:False:4,9:11283,2149
> 4:True:4,8:11283,2149
> 5:False:2,7:11283,2149
> 6:False:4,9:11283,2149
> 7:False:4,9:11283,2149
depots-optimal/50/depots_p05_hyp-4_50_2.tar.bz2:0.811749219894:0.0984781:0.81
> 0:False:4,9:11283,2149
> 1:False:4,9:11283,2149
> 2:False:2,7:11283,2149
> 3:False:4,9:11283,2149
> 4:True:4,8:11283,2149
> 5:False:2,7:11283,2149
> 6:True:4,8:11283,2149
> 7:False:4,9:11283,2149
depots-optimal/50/depots_p05_hyp-4_50_3.tar.bz2:0.809341907501:0.0976558:0.82
> 0:True:4,8:11283,2149
> 1:False:4,9:11283,2149
> 2:False:2,7:11283,2149
> 3:False:4,9:11283,2149
> 4:True:4,8:11283,2149
> 5:False:2,7:11283,2149
> 6:True:4,8:11283,2149
> 7:False:4,9:11283,2149
depots-optimal/70/depots_p03_hyp-1_70_1.tar.bz2:0.774068832397:0.0863482:0.77
> 0:True:2,6:9689,1913
> 1:True:4,8:9689,1913
> 2:True:4,8:9689,1913
> 3:False:4,9:9689,1913
> 4:True:4,8:9689,1913
> 5:True:4,8:9689,1913
> 6:False:2,7:9689,1913
> 7:False:4,9:9689,1913
depots-optimal/70/depots_p03_hyp-1_70_2.tar.bz2:0.777002811432:0.0857619:0.78
> 0:True:2,6:9689,1913
> 1:True:4,8:9689,1913
> 2:True:4,8:9689,1913
> 3:False:4,9:9689,1913
> 4:True:4,8:9689,1913
> 5:False:4,9:9689,1913
> 6:False:2,7:9689,1913
> 7:False:4,9:9689,1913
depots-optimal/70/depots_p03_hyp-1_70_3.tar.bz2:0.776328086853:0.0864928:0.77
> 0:True:2,6:9689,1913
> 1:True:4,8:9689,1913
> 2:True:4,8:9689,1913
> 3:False:4,9:9689,1913
> 4:True:4,8:9689,1913
> 5:True:4,8:9689,1913
> 6:False:2,7:9689,1913
> 7:False:4,9:9689,1913
depots-optimal/70/depots_p03_hyp-2_70_1.tar.bz2:0.776794195175:0.0885477:0.78
> 0:False:2,9:9691,1915
> 1:True:4,10:9691,1915
> 2:True:4,10:9691,1915
> 3:False:4,11:9691,1915
> 4:False:4,11:9691,1915
> 5:False:4,11:9691,1915
> 6:False:2,9:9691,1915
> 7:False:4,11:9691,1915
depots-optimal/70/depots_p03_hyp-2_70_2.tar.bz2:0.776662826538:0.086652:0.78
> 0:False:2,9:9691,1915
> 1:True:4,9:9691,1915
> 2:False:4,10:9691,1915
> 3:False:4,11:9691,1915
> 4:False:4,11:9691,1915
> 5:False:4,10:9691,1915
> 6:False:2,9:9691,1915
> 7:False:4,11:9691,1915
depots-optimal/70/depots_p03_hyp-2_70_3.tar.bz2:0.780186891556:0.0900433:0.78
> 0:False:2,9:9691,1915
> 1:True:4,9:9691,1915
> 2:False:4,11:9691,1915
> 3:False:4,11:9691,1915
> 4:False:4,11:9691,1915
> 5:False:4,11:9691,1915
> 6:False:2,9:9691,1915
> 7:False:4,11:9691,1915
depots-optimal/70/depots_p03_hyp-3_70_1.tar.bz2:0.773288011551:0.0869296:0.77
> 0:False:2,8:9691,1915
> 1:False:4,10:9691,1915
> 2:True:4,8:9691,1915
> 3:False:4,11:9691,1915
> 4:False:4,10:9691,1915
> 5:False:4,11:9691,1915
> 6:False:2,9:9691,1915
> 7:False:4,11:9691,1915
depots-optimal/70/depots_p03_hyp-3_70_2.tar.bz2:0.772444963455:0.0848418:0.77
> 0:False:2,8:9691,1915
> 1:False:4,10:9691,1915
> 2:True:4,8:9691,1915
> 3:False:4,11:9691,1915
> 4:False:4,10:9691,1915
> 5:False:4,10:9691,1915
> 6:False:2,9:9691,1915
> 7:False:4,11:9691,1915
depots-optimal/70/depots_p03_hyp-3_70_3.tar.bz2:0.779211997986:0.0880889:0.79
> 0:False:2,8:9691,1915
> 1:False:4,10:9691,1915
> 2:True:4,9:9691,1915
> 3:False:4,10:9691,1915
> 4:False:4,10:9691,1915
> 5:False:4,10:9691,1915
> 6:False:2,8:9691,1915
> 7:False:4,10:9691,1915
depots-optimal/70/depots_p03_hyp-4_70_1.tar.bz2:0.777708053589:0.0877913:0.77
> 0:False:2,9:9691,1915
> 1:False:4,11:9691,1915
> 2:False:4,10:9691,1915
> 3:True:4,9:9691,1915
> 4:False:4,11:9691,1915
> 5:False:4,11:9691,1915
> 6:False:2,9:9691,1915
> 7:False:4,11:9691,1915
depots-optimal/70/depots_p03_hyp-4_70_2.tar.bz2:0.774291038513:0.0872546:0.77
> 0:False:2,9:9691,1915
> 1:False:4,11:9691,1915
> 2:False:4,11:9691,1915
> 3:True:4,8:9691,1915
> 4:False:4,10:9691,1915
> 5:False:4,10:9691,1915
> 6:False:2,8:9691,1915
> 7:False:4,10:9691,1915
depots-optimal/70/depots_p03_hyp-4_70_3.tar.bz2:0.773601055145:0.0872739:0.79
> 0:False:2,9:9691,1915
> 1:False:4,11:9691,1915
> 2:False:4,10:9691,1915
> 3:True:4,9:9691,1915
> 4:False:4,11:9691,1915
> 5:False:4,11:9691,1915
> 6:False:2,9:9691,1915
> 7:False:4,11:9691,1915
depots-optimal/70/depots_p04_hyp-1_70_1.tar.bz2:0.80450296402:0.0946244:0.8
> 0:True:4,8:11285,2151
> 1:False:4,10:11285,2151
> 2:False:2,8:11285,2151
> 3:False:4,11:11285,2151
> 4:False:4,10:11285,2151
> 5:False:2,9:11285,2151
> 6:False:4,10:11285,2151
> 7:False:4,11:11285,2151
depots-optimal/70/depots_p04_hyp-1_70_2.tar.bz2:0.810089111328:0.096211:0.8
> 0:True:4,9:11285,2151
> 1:False:4,11:11285,2151
> 2:False:2,9:11285,2151
> 3:False:4,10:11285,2151
> 4:False:4,11:11285,2151
> 5:False:2,8:11285,2151
> 6:False:4,10:11285,2151
> 7:False:4,10:11285,2151
depots-optimal/70/depots_p04_hyp-1_70_3.tar.bz2:0.807562828064:0.094187:0.81
> 0:True:4,9:11285,2151
> 1:False:4,11:11285,2151
> 2:False:2,9:11285,2151
> 3:False:4,11:11285,2151
> 4:False:4,11:11285,2151
> 5:False:2,9:11285,2151
> 6:False:4,10:11285,2151
> 7:False:4,11:11285,2151
depots-optimal/70/depots_p04_hyp-2_70_1.tar.bz2:0.809791088104:0.0959681:0.81
> 0:True:4,10:11285,2151
> 1:True:4,10:11285,2151
> 2:False:2,9:11285,2151
> 3:False:4,11:11285,2151
> 4:False:4,11:11285,2151
> 5:False:2,9:11285,2151
> 6:True:4,10:11285,2151
> 7:False:4,11:11285,2151
depots-optimal/70/depots_p04_hyp-2_70_2.tar.bz2:0.809650182724:0.0979259:0.82
> 0:False:4,10:11285,2151
> 1:True:4,9:11285,2151
> 2:False:2,9:11285,2151
> 3:False:4,11:11285,2151
> 4:False:4,11:11285,2151
> 5:False:2,9:11285,2151
> 6:False:4,11:11285,2151
> 7:False:4,11:11285,2151
depots-optimal/70/depots_p04_hyp-2_70_3.tar.bz2:0.812345981598:0.0968556:0.81
> 0:False:4,10:11285,2151
> 1:True:4,9:11285,2151
> 2:False:2,9:11285,2151
> 3:False:4,11:11285,2151
> 4:False:4,11:11285,2151
> 5:False:2,9:11285,2151
> 6:False:4,10:11285,2151
> 7:False:4,11:11285,2151
depots-optimal/70/depots_p04_hyp-3_70_1.tar.bz2:0.811573982239:0.0982611:0.8
> 0:False:4,10:11285,2151
> 1:False:4,11:11285,2151
> 2:False:2,9:11285,2151
> 3:True:4,9:11285,2151
> 4:False:4,11:11285,2151
> 5:False:2,9:11285,2151
> 6:False:4,11:11285,2151
> 7:False:4,11:11285,2151
depots-optimal/70/depots_p04_hyp-3_70_2.tar.bz2:0.809052944183:0.0955267:0.8
> 0:False:4,10:11285,2151
> 1:False:4,11:11285,2151
> 2:False:2,9:11285,2151
> 3:True:4,9:11285,2151
> 4:False:4,11:11285,2151
> 5:False:2,9:11285,2151
> 6:False:4,10:11285,2151
> 7:False:4,11:11285,2151
depots-optimal/70/depots_p04_hyp-3_70_3.tar.bz2:0.811288118362:0.0973028:0.81
> 0:False:4,11:11285,2151
> 1:False:4,11:11285,2151
> 2:False:2,9:11285,2151
> 3:True:4,9:11285,2151
> 4:False:4,11:11285,2151
> 5:False:2,9:11285,2151
> 6:False:4,10:11285,2151
> 7:False:4,11:11285,2151
depots-optimal/70/depots_p04_hyp-4_70_1.tar.bz2:0.812002897263:0.0970295:0.81
> 0:False:4,10:11285,2151
> 1:False:4,10:11285,2151
> 2:False:2,8:11285,2151
> 3:False:4,10:11285,2151
> 4:False:4,10:11285,2151
> 5:False:2,8:11285,2151
> 6:True:4,8:11285,2151
> 7:False:4,10:11285,2151
depots-optimal/70/depots_p04_hyp-4_70_2.tar.bz2:0.808676958084:0.0958975:0.81
> 0:False:4,11:11285,2151
> 1:False:4,11:11285,2151
> 2:False:2,9:11285,2151
> 3:False:4,10:11285,2151
> 4:False:4,11:11285,2151
> 5:False:2,8:11285,2151
> 6:True:4,8:11285,2151
> 7:False:4,10:11285,2151
depots-optimal/70/depots_p04_hyp-4_70_3.tar.bz2:0.805641174316:0.0951401:0.8
> 0:False:4,11:11285,2151
> 1:False:4,11:11285,2151
> 2:False:2,9:11285,2151
> 3:False:4,11:11285,2151
> 4:False:4,11:11285,2151
> 5:False:2,9:11285,2151
> 6:True:4,9:11285,2151
> 7:False:4,11:11285,2151
depots-optimal/70/depots_p05_hyp-1_70_1.tar.bz2:0.809313058853:0.0990312:0.81
> 0:False:4,11:11285,2151
> 1:True:4,10:11285,2151
> 2:False:2,9:11285,2151
> 3:False:4,11:11285,2151
> 4:False:4,11:11285,2151
> 5:False:2,9:11285,2151
> 6:True:4,10:11285,2151
> 7:False:4,11:11285,2151
depots-optimal/70/depots_p05_hyp-1_70_2.tar.bz2:0.812595129013:0.1019437:0.82
> 0:False:4,11:11285,2151
> 1:True:4,9:11285,2151
> 2:False:2,9:11285,2151
> 3:False:4,11:11285,2151
> 4:False:4,11:11285,2151
> 5:False:2,9:11285,2151
> 6:False:4,11:11285,2151
> 7:False:4,11:11285,2151
depots-optimal/70/depots_p05_hyp-1_70_3.tar.bz2:0.808192014694:0.0988606:0.81
> 0:False:4,11:11285,2151
> 1:True:4,10:11285,2151
> 2:False:2,9:11285,2151
> 3:False:4,11:11285,2151
> 4:False:4,11:11285,2151
> 5:False:2,9:11285,2151
> 6:True:4,10:11285,2151
> 7:False:4,11:11285,2151
depots-optimal/70/depots_p05_hyp-2_70_1.tar.bz2:0.80654501915:0.09445:0.8
> 0:False:4,10:11285,2151
> 1:False:4,11:11285,2151
> 2:False:2,9:11285,2151
> 3:False:4,11:11285,2151
> 4:False:4,11:11285,2151
> 5:False:2,9:11285,2151
> 6:True:4,9:11285,2151
> 7:False:4,11:11285,2151
depots-optimal/70/depots_p05_hyp-2_70_2.tar.bz2:0.807941913605:0.0965285:0.8
> 0:False:4,10:11285,2151
> 1:False:4,10:11285,2151
> 2:False:2,8:11285,2151
> 3:False:4,11:11285,2151
> 4:False:4,10:11285,2151
> 5:False:2,9:11285,2151
> 6:True:4,9:11285,2151
> 7:False:4,11:11285,2151
depots-optimal/70/depots_p05_hyp-2_70_3.tar.bz2:0.809607982635:0.0979317:0.81
> 0:False:4,10:11285,2151
> 1:False:4,10:11285,2151
> 2:False:2,8:11285,2151
> 3:False:4,11:11285,2151
> 4:False:4,10:11285,2151
> 5:False:2,9:11285,2151
> 6:True:4,9:11285,2151
> 7:False:4,11:11285,2151
depots-optimal/70/depots_p05_hyp-3_70_1.tar.bz2:0.807866096497:0.0969771:0.81
> 0:False:4,10:11285,2151
> 1:False:4,11:11285,2151
> 2:False:2,9:11285,2151
> 3:False:4,11:11285,2151
> 4:False:4,11:11285,2151
> 5:False:2,9:11285,2151
> 6:False:4,10:11285,2151
> 7:True:4,9:11285,2151
depots-optimal/70/depots_p05_hyp-3_70_2.tar.bz2:0.807168960571:0.0974254:0.8
> 0:True:4,10:11285,2151
> 1:False:4,11:11285,2151
> 2:False:2,9:11285,2151
> 3:False:4,11:11285,2151
> 4:False:4,11:11285,2151
> 5:False:2,9:11285,2151
> 6:True:4,10:11285,2151
> 7:True:4,10:11285,2151
depots-optimal/70/depots_p05_hyp-3_70_3.tar.bz2:0.812308073044:0.0986469:0.82
> 0:False:4,11:11285,2151
> 1:False:4,11:11285,2151
> 2:False:2,9:11285,2151
> 3:False:4,11:11285,2151
> 4:False:4,11:11285,2151
> 5:False:2,9:11285,2151
> 6:True:4,10:11285,2151
> 7:True:4,10:11285,2151
depots-optimal/70/depots_p05_hyp-4_70_1.tar.bz2:0.809669971466:0.0991665:0.81
> 0:False:4,11:11285,2151
> 1:False:4,11:11285,2151
> 2:False:2,9:11285,2151
> 3:False:4,11:11285,2151
> 4:True:4,9:11285,2151
> 5:False:2,9:11285,2151
> 6:False:4,10:11285,2151
> 7:False:4,11:11285,2151
depots-optimal/70/depots_p05_hyp-4_70_2.tar.bz2:0.809774160385:0.0980305:0.81
> 0:False:4,10:11285,2151
> 1:False:4,11:11285,2151
> 2:False:2,9:11285,2151
> 3:False:4,10:11285,2151
> 4:True:4,9:11285,2151
> 5:False:2,9:11285,2151
> 6:False:4,11:11285,2151
> 7:False:4,11:11285,2151
depots-optimal/70/depots_p05_hyp-4_70_3.tar.bz2:0.80922293663:0.09977:0.81
> 0:False:4,10:11285,2151
> 1:False:4,11:11285,2151
> 2:False:2,9:11285,2151
> 3:False:4,11:11285,2151
> 4:True:4,9:11285,2151
> 5:False:2,9:11285,2151
> 6:False:4,11:11285,2151
> 7:False:4,11:11285,2151
depots-optimal/100/depots_p03_hyp-1_full.tar.bz2:0.773800134659:0.0865509:0.77
> 0:True:2,6:9690,1914
> 1:True:4,8:9690,1914
> 2:True:4,8:9690,1914
> 3:False:4,10:9690,1914
> 4:True:4,8:9690,1914
> 5:False:4,9:9690,1914
> 6:False:2,8:9690,1914
> 7:False:4,10:9690,1914
depots-optimal/100/depots_p03_hyp-2_full.tar.bz2:0.774199962616:0.0875092:0.78
> 0:False:2,10:9694,1918
> 1:True:4,10:9694,1918
> 2:False:4,12:9694,1918
> 3:False:4,13:9694,1918
> 4:False:4,12:9694,1918
> 5:False:4,13:9694,1918
> 6:False:2,11:9694,1918
> 7:False:4,12:9694,1918
depots-optimal/100/depots_p03_hyp-3_full.tar.bz2:0.773743152618:0.08608965:0.77
> 0:False:2,9:9693,1917
> 1:False:4,11:9693,1917
> 2:True:4,9:9693,1917
> 3:False:4,12:9693,1917
> 4:False:4,11:9693,1917
> 5:False:4,12:9693,1917
> 6:False:2,10:9693,1917
> 7:False:4,12:9693,1917
depots-optimal/100/depots_p03_hyp-4_full.tar.bz2:0.773669958115:0.0881038:0.77
> 0:False:2,11:9694,1918
> 1:False:4,13:9694,1918
> 2:False:4,13:9694,1918
> 3:True:4,10:9694,1918
> 4:False:4,12:9694,1918
> 5:False:4,12:9694,1918
> 6:False:2,10:9694,1918
> 7:False:4,12:9694,1918
depots-optimal/100/depots_p04_hyp-1_full.tar.bz2:0.810054779053:0.0964737:0.81
> 0:True:4,10:11288,2154
> 1:False:4,12:11288,2154
> 2:False:2,10:11288,2154
> 3:False:4,13:11288,2154
> 4:False:4,12:11288,2154
> 5:False:2,11:11288,2154
> 6:False:4,13:11288,2154
> 7:False:4,13:11288,2154
depots-optimal/100/depots_p04_hyp-2_full.tar.bz2:0.808874845505:0.0986651:0.81
> 0:False:4,12:11288,2154
> 1:True:4,10:11288,2154
> 2:False:2,10:11288,2154
> 3:False:4,13:11288,2154
> 4:False:4,12:11288,2154
> 5:False:2,11:11288,2154
> 6:False:4,13:11288,2154
> 7:False:4,12:11288,2154
depots-optimal/100/depots_p04_hyp-3_full.tar.bz2:0.812219142914:0.0980873:0.81
> 0:False:4,13:11288,2154
> 1:False:4,13:11288,2154
> 2:False:2,11:11288,2154
> 3:True:4,10:11288,2154
> 4:False:4,12:11288,2154
> 5:False:2,10:11288,2154
> 6:False:4,12:11288,2154
> 7:False:4,12:11288,2154
depots-optimal/100/depots_p04_hyp-4_full.tar.bz2:0.809316158295:0.0960157:0.81
> 0:False:4,12:11287,2153
> 1:False:4,12:11287,2153
> 2:False:2,10:11287,2153
> 3:False:4,11:11287,2153
> 4:False:4,12:11287,2153
> 5:False:2,9:11287,2153
> 6:True:4,9:11287,2153
> 7:False:4,11:11287,2153
depots-optimal/100/depots_p05_hyp-1_full.tar.bz2:0.811058998108:0.0993764:0.82
> 0:False:4,12:11288,2154
> 1:True:4,10:11288,2154
> 2:False:2,10:11288,2154
> 3:False:4,13:11288,2154
> 4:False:4,12:11288,2154
> 5:False:2,11:11288,2154
> 6:False:4,13:11288,2154
> 7:False:4,12:11288,2154
depots-optimal/100/depots_p05_hyp-2_full.tar.bz2:0.802863836288:0.0936115:0.8
> 0:False:4,12:11288,2154
> 1:False:4,13:11288,2154
> 2:False:2,11:11288,2154
> 3:False:4,13:11288,2154
> 4:False:4,13:11288,2154
> 5:False:2,11:11288,2154
> 6:True:4,11:11288,2154
> 7:False:4,13:11288,2154
depots-optimal/100/depots_p05_hyp-3_full.tar.bz2:0.809899091721:0.0984775:0.81
> 0:False:4,13:11288,2154
> 1:False:4,12:11288,2154
> 2:False:2,11:11288,2154
> 3:False:4,12:11288,2154
> 4:False:4,13:11288,2154
> 5:False:2,10:11288,2154
> 6:False:4,12:11288,2154
> 7:True:4,10:11288,2154
depots-optimal/100/depots_p05_hyp-4_full.tar.bz2:0.810477018356:0.0991052:0.82
> 0:False:4,12:11288,2154
> 1:False:4,12:11288,2154
> 2:False:2,10:11288,2154
> 3:False:4,12:11288,2154
> 4:True:4,10:11288,2154
> 5:False:2,11:11288,2154
> 6:False:4,13:11288,2154
> 7:False:4,13:11288,2154
