driverlog-optimal-old-noisy/10/driverlog_noisy_p03_hyp-1_10_1.tar.bz2:0.547291040421:0.006897907:0.55
> 0:True:8,9:90,12
> 1:True:11,12:90,15
> 2:False:8,12:90,15
> 3:True:8,9:90,12
> 4:True:11,12:90,15
> 5:False:8,12:90,15
> 6:True:9,10:90,13
> 7:True:8,9:90,12
driverlog-optimal-old-noisy/10/driverlog_noisy_p03_hyp-1_10_2.tar.bz2:0.545751094818:0.006729402:0.54
> 0:False:8,10:90,13
> 1:True:11,11:90,15
> 2:False:8,11:90,14
> 3:False:8,10:90,13
> 4:True:11,11:90,15
> 5:False:8,11:90,14
> 6:False:9,10:90,13
> 7:False:8,11:90,14
driverlog-optimal-old-noisy/10/driverlog_noisy_p03_hyp-1_10_3.tar.bz2:0.543436050415:0.00662813:0.55
> 0:True:8,8:89,11
> 1:True:11,11:89,14
> 2:False:8,10:89,13
> 3:True:8,8:89,11
> 4:True:11,11:89,14
> 5:False:8,10:89,13
> 6:True:9,9:89,12
> 7:True:8,8:89,11
driverlog-optimal-old-noisy/10/driverlog_noisy_p03_hyp-2_10_1.tar.bz2:0.546294212341:0.006828438:0.54
> 0:False:8,11:91,14
> 1:True:11,12:91,16
> 2:False:8,11:91,14
> 3:False:8,11:91,14
> 4:True:11,12:91,16
> 5:False:8,11:91,14
> 6:False:9,12:91,15
> 7:True:8,9:91,13
driverlog-optimal-old-noisy/10/driverlog_noisy_p03_hyp-2_10_2.tar.bz2:0.5459420681:0.006605761:0.55
> 0:True:8,8:90,12
> 1:True:11,11:90,15
> 2:False:8,11:90,14
> 3:True:8,8:90,12
> 4:True:11,11:90,15
> 5:False:8,11:90,14
> 6:True:9,9:90,13
> 7:False:8,9:90,12
driverlog-optimal-old-noisy/10/driverlog_noisy_p03_hyp-2_10_3.tar.bz2:0.54546713829:0.006574411:0.55
> 0:True:8,8:90,12
> 1:True:11,11:90,15
> 2:False:8,10:90,14
> 3:True:8,8:90,12
> 4:True:11,11:90,15
> 5:False:8,10:90,14
> 6:True:9,9:90,13
> 7:True:8,8:90,12
driverlog-optimal-old-noisy/10/driverlog_noisy_p03_hyp-3_10_1.tar.bz2:0.54737496376:0.006917053:0.54
> 0:False:8,11:90,14
> 1:True:11,12:90,15
> 2:True:8,9:90,13
> 3:False:8,11:90,14
> 4:True:11,12:90,15
> 5:True:8,9:90,13
> 6:False:9,11:90,14
> 7:False:8,10:90,13
driverlog-optimal-old-noisy/10/driverlog_noisy_p03_hyp-3_10_2.tar.bz2:0.544234037399:0.006563018:0.56
> 0:False:8,10:90,13
> 1:True:11,11:90,15
> 2:False:8,10:90,13
> 3:False:8,10:90,13
> 4:True:11,11:90,15
> 5:False:8,10:90,13
> 6:False:9,11:90,14
> 7:True:8,8:90,12
driverlog-optimal-old-noisy/10/driverlog_noisy_p03_hyp-3_10_3.tar.bz2:0.544963121414:0.006756291:0.54
> 0:False:8,11:90,13
> 1:True:11,13:90,16
> 2:True:8,10:90,13
> 3:False:8,11:90,13
> 4:True:11,13:90,16
> 5:True:8,10:90,13
> 6:True:9,11:90,14
> 7:False:8,11:90,13
driverlog-optimal-old-noisy/10/driverlog_noisy_p03_hyp-4_10_1.tar.bz2:0.546819925308:0.00662762:0.54
> 0:False:8,9:90,12
> 1:False:11,12:90,15
> 2:False:8,12:90,15
> 3:False:8,9:90,12
> 4:False:11,12:90,15
> 5:False:8,12:90,15
> 6:True:9,9:90,13
> 7:False:8,11:90,13
driverlog-optimal-old-noisy/10/driverlog_noisy_p03_hyp-4_10_2.tar.bz2:0.54356098175:0.00655441:0.54
> 0:False:8,12:90,15
> 1:False:11,15:90,18
> 2:False:8,11:90,13
> 3:False:8,12:90,15
> 4:True:11,13:90,16
> 5:False:8,11:90,13
> 6:False:9,13:90,16
> 7:False:8,12:90,15
driverlog-optimal-old-noisy/10/driverlog_noisy_p03_hyp-4_10_3.tar.bz2:0.544740200043:0.006590021:0.53
> 0:True:8,8:89,11
> 1:True:11,11:89,14
> 2:False:8,10:89,12
> 3:True:8,8:89,11
> 4:True:11,11:89,14
> 5:False:8,10:89,12
> 6:True:9,9:89,12
> 7:True:8,8:89,11
driverlog-optimal-old-noisy/10/driverlog_noisy_p04_hyp-1_10_1.tar.bz2:0.430835962296:0.005996276:0.43
> 0:True:11,12:147,16
> 1:True:9,10:147,15
> 2:False:9,12:147,16
> 3:False:10,14:147,18
> 4:True:10,11:147,15
> 5:False:12,14:147,19
driverlog-optimal-old-noisy/10/driverlog_noisy_p04_hyp-1_10_2.tar.bz2:0.43372797966:0.006108331:0.44
> 0:True:11,11:146,15
> 1:False:9,11:146,13
> 2:True:9,9:146,13
> 3:False:10,12:146,14
> 4:False:10,13:146,15
> 5:True:12,12:146,16
driverlog-optimal-old-noisy/10/driverlog_noisy_p04_hyp-1_10_3.tar.bz2:0.431996107101:0.005932812:0.43
> 0:False:11,12:147,17
> 1:False:9,10:147,14
> 2:True:9,9:147,14
> 3:False:10,11:147,15
> 4:False:10,11:147,15
> 5:True:12,12:147,17
driverlog-optimal-old-noisy/10/driverlog_noisy_p04_hyp-2_10_1.tar.bz2:0.431457042694:0.00609453:0.44
> 0:False:11,15:147,19
> 1:True:9,11:147,15
> 2:True:9,11:147,15
> 3:True:10,12:147,16
> 4:True:10,12:147,16
> 5:True:12,14:147,19
driverlog-optimal-old-noisy/10/driverlog_noisy_p04_hyp-2_10_2.tar.bz2:0.432325124741:0.006097614:0.43
> 0:False:11,14:146,17
> 1:True:9,10:146,13
> 2:True:9,10:146,13
> 3:True:10,11:146,14
> 4:True:10,11:146,14
> 5:False:12,14:146,17
driverlog-optimal-old-noisy/10/driverlog_noisy_p04_hyp-2_10_3.tar.bz2:0.432510852814:0.006132465:0.44
> 0:False:11,13:147,16
> 1:True:9,10:147,14
> 2:True:9,10:147,14
> 3:False:10,12:147,15
> 4:False:10,13:147,16
> 5:True:12,13:147,17
driverlog-optimal-old-noisy/10/driverlog_noisy_p04_hyp-3_10_1.tar.bz2:0.432207107544:0.00597774:0.44
> 0:True:11,11:146,15
> 1:True:9,9:146,13
> 2:True:9,9:146,13
> 3:True:10,10:146,14
> 4:False:10,11:146,14
> 5:True:12,12:146,16
driverlog-optimal-old-noisy/10/driverlog_noisy_p04_hyp-3_10_2.tar.bz2:0.431962013245:0.006041804:0.43
> 0:False:11,13:147,17
> 1:False:9,12:147,15
> 2:False:9,11:147,15
> 3:True:10,11:147,15
> 4:False:10,14:147,17
> 5:True:12,13:147,17
driverlog-optimal-old-noisy/10/driverlog_noisy_p04_hyp-3_10_3.tar.bz2:0.433835983276:0.00621619:0.44
> 0:False:11,13:147,17
> 1:False:9,12:147,15
> 2:False:9,11:147,15
> 3:False:10,12:147,15
> 4:False:10,13:147,16
> 5:True:12,13:147,17
driverlog-optimal-old-noisy/10/driverlog_noisy_p04_hyp-4_10_1.tar.bz2:0.430486917496:0.005754267:0.43
> 0:False:11,13:146,16
> 1:False:9,10:146,12
> 2:False:9,12:146,15
> 3:False:10,13:146,16
> 4:True:10,10:146,14
> 5:False:12,15:146,17
driverlog-optimal-old-noisy/10/driverlog_noisy_p04_hyp-4_10_2.tar.bz2:0.430570840836:0.005885861:0.44
> 0:False:11,12:146,15
> 1:True:9,9:146,13
> 2:False:9,10:146,13
> 3:True:10,10:146,14
> 4:False:10,11:146,15
> 5:False:12,13:146,16
driverlog-optimal-old-noisy/10/driverlog_noisy_p04_hyp-4_10_3.tar.bz2:0.431522846222:0.006093963:0.43
> 0:False:11,15:147,18
> 1:True:9,11:147,15
> 2:False:9,14:147,16
> 3:False:10,14:147,17
> 4:True:10,12:147,16
> 5:False:12,16:147,18
driverlog-optimal-old-noisy/10/driverlog_noisy_p05_hyp-1_10_1.tar.bz2:0.447038888931:0.00682684:0.46
> 0:False:11,14:183,18
> 1:False:10,14:183,17
> 2:True:10,11:183,15
> 3:False:9,11:183,14
> 4:True:9,10:183,14
> 5:False:12,14:183,18
driverlog-optimal-old-noisy/10/driverlog_noisy_p05_hyp-1_10_2.tar.bz2:0.447196960449:0.0069061:0.44
> 0:False:11,14:183,18
> 1:True:10,11:183,15
> 2:False:10,14:183,18
> 3:False:9,11:183,15
> 4:False:9,11:183,15
> 5:False:12,17:183,21
driverlog-optimal-old-noisy/10/driverlog_noisy_p05_hyp-1_10_3.tar.bz2:0.445474863052:0.00690786:0.44
> 0:False:11,14:183,19
> 1:False:10,13:183,18
> 2:False:10,13:183,18
> 3:False:9,12:183,17
> 4:False:9,12:183,17
> 5:True:12,14:183,19
driverlog-optimal-old-noisy/10/driverlog_noisy_p05_hyp-2_10_1.tar.bz2:0.446495056152:0.00685965:0.44
> 0:False:11,14:183,19
> 1:False:10,11:183,16
> 2:False:10,13:183,17
> 3:True:9,9:183,14
> 4:False:9,10:183,15
> 5:False:12,15:183,20
driverlog-optimal-old-noisy/10/driverlog_noisy_p05_hyp-2_10_2.tar.bz2:0.447134971619:0.00677267:0.46
> 0:False:11,14:182,17
> 1:False:10,13:182,16
> 2:True:10,11:182,14
> 3:False:9,11:182,14
> 4:True:9,10:182,13
> 5:False:12,14:182,17
driverlog-optimal-old-noisy/10/driverlog_noisy_p05_hyp-2_10_3.tar.bz2:0.445295095444:0.00672074:0.44
> 0:False:11,14:183,18
> 1:False:10,12:183,16
> 2:False:10,12:183,16
> 3:True:9,10:183,14
> 4:False:9,11:183,15
> 5:False:12,14:183,18
driverlog-optimal-old-noisy/10/driverlog_noisy_p05_hyp-3_10_1.tar.bz2:0.447869062424:0.00684244:0.45
> 0:False:11,15:183,19
> 1:False:10,13:183,17
> 2:False:10,13:183,17
> 3:False:9,11:183,15
> 4:True:9,10:183,14
> 5:False:12,14:183,18
driverlog-optimal-old-noisy/10/driverlog_noisy_p05_hyp-3_10_2.tar.bz2:0.445677042007:0.00665077:0.44
> 0:False:11,15:183,19
> 1:True:10,13:183,17
> 2:False:10,14:183,18
> 3:True:9,12:183,16
> 4:True:9,12:183,16
> 5:False:12,16:183,20
driverlog-optimal-old-noisy/10/driverlog_noisy_p05_hyp-3_10_3.tar.bz2:0.447169065475:0.00667044:0.44
> 0:False:11,12:182,16
> 1:False:10,11:182,15
> 2:True:10,10:182,14
> 3:True:9,9:182,13
> 4:True:9,9:182,13
> 5:True:12,12:182,16
driverlog-optimal-old-noisy/10/driverlog_noisy_p05_hyp-4_10_1.tar.bz2:0.44751906395:0.00681066:0.45
> 0:False:11,14:183,18
> 1:False:10,13:183,17
> 2:False:10,13:183,16
> 3:True:9,11:183,15
> 4:True:9,11:183,15
> 5:True:12,14:183,18
driverlog-optimal-old-noisy/10/driverlog_noisy_p05_hyp-4_10_2.tar.bz2:0.445474863052:0.00673204:0.44
> 0:True:11,12:183,16
> 1:False:10,12:183,15
> 2:True:10,11:183,15
> 3:False:9,11:183,14
> 4:False:9,11:183,14
> 5:True:12,13:183,17
driverlog-optimal-old-noisy/10/driverlog_noisy_p05_hyp-4_10_3.tar.bz2:0.448311090469:0.00691977:0.45
> 0:False:11,15:183,18
> 1:False:10,14:183,17
> 2:True:10,12:183,16
> 3:False:9,12:183,15
> 4:True:9,11:183,15
> 5:True:12,14:183,18
driverlog-optimal-old-noisy/30/driverlog_noisy_p03_hyp-1_30_1.tar.bz2:0.544881105423:0.006672275:0.54
> 0:False:8,9:92,14
> 1:False:11,12:92,17
> 2:False:8,11:92,16
> 3:False:8,9:92,14
> 4:True:11,11:92,17
> 5:False:8,11:92,16
> 6:False:9,11:92,15
> 7:False:8,9:92,14
driverlog-optimal-old-noisy/30/driverlog_noisy_p03_hyp-1_30_2.tar.bz2:0.547662973404:0.007130122:0.55
> 0:False:8,11:92,16
> 1:False:11,15:92,20
> 2:False:8,14:92,19
> 3:False:8,11:92,16
> 4:False:11,14:92,19
> 5:False:8,14:92,19
> 6:True:9,11:92,17
> 7:False:8,13:92,18
driverlog-optimal-old-noisy/30/driverlog_noisy_p03_hyp-1_30_3.tar.bz2:0.544567108154:0.006790545:0.54
> 0:True:8,9:92,14
> 1:False:11,16:92,21
> 2:False:8,15:92,20
> 3:True:8,9:92,14
> 4:True:11,12:92,17
> 5:False:8,14:92,19
> 6:True:9,10:92,16
> 7:False:8,11:92,15
driverlog-optimal-old-noisy/30/driverlog_noisy_p03_hyp-2_30_1.tar.bz2:0.543730974197:0.006614966:0.55
> 0:False:8,10:92,15
> 1:True:11,11:92,17
> 2:False:8,12:92,16
> 3:False:8,10:92,15
> 4:True:11,11:92,17
> 5:False:8,12:92,16
> 6:False:9,11:92,16
> 7:False:8,9:92,14
driverlog-optimal-old-noisy/30/driverlog_noisy_p03_hyp-2_30_2.tar.bz2:0.54772400856:0.006780078:0.54
> 0:False:8,11:92,15
> 1:True:11,11:92,17
> 2:False:8,11:92,16
> 3:False:8,11:92,15
> 4:True:11,11:92,17
> 5:False:8,11:92,16
> 6:False:9,11:92,16
> 7:False:8,9:92,14
driverlog-optimal-old-noisy/30/driverlog_noisy_p03_hyp-2_30_3.tar.bz2:0.542021989822:0.006922691:0.55
> 0:False:8,13:93,18
> 1:False:11,14:93,20
> 2:False:8,12:93,17
> 3:False:8,13:93,18
> 4:True:11,12:93,18
> 5:False:8,12:93,17
> 6:False:9,13:93,18
> 7:False:8,14:93,19
driverlog-optimal-old-noisy/30/driverlog_noisy_p03_hyp-3_30_1.tar.bz2:0.545483112335:0.006883671:0.55
> 0:False:8,11:92,15
> 1:True:11,12:92,17
> 2:False:8,10:92,14
> 3:False:8,11:92,15
> 4:True:11,12:92,17
> 5:False:8,10:92,14
> 6:False:9,11:92,15
> 7:False:8,10:92,15
driverlog-optimal-old-noisy/30/driverlog_noisy_p03_hyp-3_30_2.tar.bz2:0.545026063919:0.006806055:0.54
> 0:False:8,13:92,16
> 1:False:11,14:92,17
> 2:True:8,10:92,14
> 3:False:8,13:92,16
> 4:False:11,14:92,17
> 5:True:8,10:92,14
> 6:False:9,13:92,16
> 7:False:8,12:92,15
driverlog-optimal-old-noisy/30/driverlog_noisy_p03_hyp-3_30_3.tar.bz2:0.544695138931:0.006743598:0.54
> 0:False:8,13:92,16
> 1:False:11,14:92,17
> 2:True:8,10:92,14
> 3:False:8,13:92,16
> 4:False:11,14:92,17
> 5:True:8,10:92,14
> 6:False:9,13:92,16
> 7:False:8,12:92,15
driverlog-optimal-old-noisy/30/driverlog_noisy_p03_hyp-4_30_1.tar.bz2:0.544049978256:0.006728711:0.54
> 0:False:8,11:92,16
> 1:False:11,14:92,18
> 2:False:8,13:92,17
> 3:False:8,11:92,16
> 4:False:11,14:92,18
> 5:False:8,13:92,17
> 6:True:9,11:92,16
> 7:False:8,13:92,17
driverlog-optimal-old-noisy/30/driverlog_noisy_p03_hyp-4_30_2.tar.bz2:0.546694040298:0.006896715:0.54
> 0:True:8,9:92,14
> 1:True:11,12:92,17
> 2:False:8,12:92,16
> 3:True:8,9:92,14
> 4:True:11,12:92,17
> 5:False:8,12:92,16
> 6:True:9,10:92,15
> 7:False:8,10:92,14
driverlog-optimal-old-noisy/30/driverlog_noisy_p03_hyp-4_30_3.tar.bz2:0.544964075089:0.006758766:0.55
> 0:True:8,8:91,13
> 1:True:11,11:91,16
> 2:False:8,10:91,14
> 3:True:8,8:91,13
> 4:True:11,11:91,16
> 5:False:8,10:91,14
> 6:True:9,9:91,14
> 7:True:8,8:91,13
driverlog-optimal-old-noisy/30/driverlog_noisy_p04_hyp-1_30_1.tar.bz2:0.429855823517:0.005833888:0.43
> 0:True:11,13:149,17
> 1:False:9,15:149,18
> 2:False:9,14:149,17
> 3:False:10,15:149,20
> 4:False:10,13:149,17
> 5:False:12,18:149,21
driverlog-optimal-old-noisy/30/driverlog_noisy_p04_hyp-1_30_2.tar.bz2:0.431957960129:0.006126404:0.43
> 0:True:11,11:148,17
> 1:False:9,13:148,18
> 2:False:9,11:148,16
> 3:False:10,13:148,17
> 4:False:10,12:148,17
> 5:False:12,14:148,19
driverlog-optimal-old-noisy/30/driverlog_noisy_p04_hyp-1_30_3.tar.bz2:0.432267904282:0.006125721:0.42
> 0:True:11,11:148,17
> 1:False:9,11:148,16
> 2:False:9,11:148,16
> 3:False:10,13:148,17
> 4:False:10,12:148,17
> 5:False:12,14:148,19
driverlog-optimal-old-noisy/30/driverlog_noisy_p04_hyp-2_30_1.tar.bz2:0.431880950928:0.006033613:0.43
> 0:False:11,15:148,19
> 1:True:9,9:148,15
> 2:False:9,14:148,17
> 3:False:10,12:148,17
> 4:True:10,10:148,16
> 5:False:12,16:148,19
driverlog-optimal-old-noisy/30/driverlog_noisy_p04_hyp-2_30_2.tar.bz2:0.431601047516:0.0061746:0.43
> 0:False:11,15:148,20
> 1:True:9,9:148,15
> 2:False:9,13:148,17
> 3:False:10,12:148,17
> 4:True:10,10:148,16
> 5:False:12,16:148,20
driverlog-optimal-old-noisy/30/driverlog_noisy_p04_hyp-2_30_3.tar.bz2:0.429255962372:0.005829071:0.42
> 0:False:11,13:148,19
> 1:True:9,9:148,15
> 2:False:9,11:148,16
> 3:False:10,12:148,17
> 4:True:10,10:148,16
> 5:False:12,14:148,19
driverlog-optimal-old-noisy/30/driverlog_noisy_p04_hyp-3_30_1.tar.bz2:0.431095123291:0.006060602:0.43
> 0:False:11,14:149,19
> 1:False:9,12:149,17
> 2:False:9,12:149,17
> 3:True:10,12:149,17
> 4:False:10,14:149,19
> 5:False:12,15:149,20
driverlog-optimal-old-noisy/30/driverlog_noisy_p04_hyp-3_30_2.tar.bz2:0.43195605278:0.006093634:0.44
> 0:True:11,14:149,19
> 1:False:9,15:149,18
> 2:True:9,12:149,17
> 3:False:10,14:149,17
> 4:False:10,15:149,18
> 5:True:12,15:149,20
driverlog-optimal-old-noisy/30/driverlog_noisy_p04_hyp-3_30_3.tar.bz2:0.431624889374:0.006185373:0.43
> 0:True:11,14:149,19
> 1:False:9,14:149,19
> 2:False:9,14:149,19
> 3:False:10,18:149,22
> 4:False:10,14:149,18
> 5:False:12,17:149,22
driverlog-optimal-old-noisy/30/driverlog_noisy_p04_hyp-4_30_1.tar.bz2:0.433289051056:0.006114946:0.44
> 0:False:11,16:149,20
> 1:False:9,12:149,18
> 2:False:9,14:149,18
> 3:False:10,14:149,21
> 4:True:10,11:149,18
> 5:False:12,17:149,21
driverlog-optimal-old-noisy/30/driverlog_noisy_p04_hyp-4_30_2.tar.bz2:0.432528972626:0.006205775:0.44
> 0:False:11,15:150,21
> 1:False:9,12:150,18
> 2:False:9,14:150,19
> 3:False:10,15:150,21
> 4:True:10,11:150,18
> 5:False:12,17:150,22
driverlog-optimal-old-noisy/30/driverlog_noisy_p04_hyp-4_30_3.tar.bz2:0.432026863098:0.006246019:0.43
> 0:False:11,15:150,21
> 1:False:9,12:150,19
> 2:False:9,14:150,20
> 3:False:10,14:150,22
> 4:True:10,12:150,19
> 5:False:12,15:150,22
driverlog-optimal-old-noisy/30/driverlog_noisy_p05_hyp-1_30_1.tar.bz2:0.44359087944:0.00676592:0.44
> 0:False:11,15:186,22
> 1:False:10,13:186,19
> 2:False:10,14:186,21
> 3:True:9,11:186,17
> 4:True:9,11:186,18
> 5:False:12,17:186,24
driverlog-optimal-old-noisy/30/driverlog_noisy_p05_hyp-1_30_2.tar.bz2:0.445392847061:0.00687201:0.45
> 0:True:11,14:186,20
> 1:True:10,13:186,19
> 2:False:10,14:186,19
> 3:False:9,13:186,18
> 4:False:9,13:186,18
> 5:False:12,17:186,22
driverlog-optimal-old-noisy/30/driverlog_noisy_p05_hyp-1_30_3.tar.bz2:0.44474196434:0.00698034:0.45
> 0:True:11,13:186,20
> 1:False:10,13:186,19
> 2:False:10,14:186,19
> 3:False:9,13:186,17
> 4:False:9,13:186,18
> 5:False:12,17:186,22
driverlog-optimal-old-noisy/30/driverlog_noisy_p05_hyp-2_30_1.tar.bz2:0.447680950165:0.00699336:0.45
> 0:False:11,15:186,23
> 1:False:10,14:186,20
> 2:False:10,13:186,21
> 3:False:9,12:186,18
> 4:True:9,11:186,17
> 5:False:12,15:186,23
driverlog-optimal-old-noisy/30/driverlog_noisy_p05_hyp-2_30_2.tar.bz2:0.445816993713:0.00693035:0.45
> 0:False:11,14:186,20
> 1:False:10,14:186,19
> 2:True:10,12:186,18
> 3:False:9,12:186,17
> 4:True:9,11:186,17
> 5:False:12,15:186,21
driverlog-optimal-old-noisy/30/driverlog_noisy_p05_hyp-2_30_3.tar.bz2:0.446064949036:0.00686846:0.44
> 0:True:11,15:186,20
> 1:True:10,14:186,19
> 2:True:10,14:186,19
> 3:True:9,13:186,18
> 4:True:9,13:186,18
> 5:True:12,16:186,21
driverlog-optimal-old-noisy/30/driverlog_noisy_p05_hyp-3_30_1.tar.bz2:0.445412874222:0.00691199:0.44
> 0:False:11,15:185,21
> 1:True:10,12:185,18
> 2:False:10,15:185,20
> 3:True:9,11:185,17
> 4:True:9,11:185,17
> 5:False:12,16:185,22
driverlog-optimal-old-noisy/30/driverlog_noisy_p05_hyp-3_30_2.tar.bz2:0.444031000137:0.0066216:0.43
> 0:False:11,16:185,21
> 1:False:10,12:185,18
> 2:False:10,15:185,20
> 3:True:9,10:185,16
> 4:False:9,11:185,17
> 5:False:12,17:185,22
driverlog-optimal-old-noisy/30/driverlog_noisy_p05_hyp-3_30_3.tar.bz2:0.442860126495:0.00679355:0.44
> 0:False:11,18:186,24
> 1:True:10,14:186,21
> 2:False:10,17:186,23
> 3:True:9,13:186,20
> 4:True:9,13:186,20
> 5:False:12,18:186,24
driverlog-optimal-old-noisy/30/driverlog_noisy_p05_hyp-4_30_1.tar.bz2:0.44401884079:0.00666741:0.45
> 0:False:11,14:185,20
> 1:False:10,15:185,19
> 2:True:10,11:185,17
> 3:False:9,13:185,17
> 4:False:9,11:185,16
> 5:False:12,14:185,20
driverlog-optimal-old-noisy/30/driverlog_noisy_p05_hyp-4_30_2.tar.bz2:0.447587013245:0.00692731:0.44
> 0:False:11,14:185,20
> 1:False:10,15:185,19
> 2:True:10,11:185,17
> 3:False:9,13:185,17
> 4:False:9,11:185,16
> 5:False:12,14:185,20
driverlog-optimal-old-noisy/30/driverlog_noisy_p05_hyp-4_30_3.tar.bz2:0.447332143784:0.0069588:0.44
> 0:False:11,13:185,19
> 1:False:10,13:185,18
> 2:True:10,11:185,17
> 3:False:9,11:185,16
> 4:False:9,11:185,16
> 5:True:12,13:185,20
driverlog-optimal-old-noisy/50/driverlog_noisy_p03_hyp-1_50_1.tar.bz2:0.544504880905:0.00698343:0.56
> 0:True:8,9:93,15
> 1:False:11,17:93,22
> 2:False:8,14:93,19
> 3:True:8,9:93,15
> 4:False:11,13:93,18
> 5:False:8,15:93,20
> 6:False:9,11:93,17
> 7:False:8,11:93,16
driverlog-optimal-old-noisy/50/driverlog_noisy_p03_hyp-1_50_2.tar.bz2:0.542750835419:0.006707491:0.54
> 0:True:8,9:93,15
> 1:False:11,15:93,20
> 2:False:8,14:93,19
> 3:True:8,9:93,15
> 4:False:11,13:93,18
> 5:False:8,15:93,20
> 6:False:9,11:93,17
> 7:False:8,11:93,16
driverlog-optimal-old-noisy/50/driverlog_noisy_p03_hyp-1_50_3.tar.bz2:0.545158863068:0.006746073:0.55
> 0:True:8,11:93,17
> 1:True:11,14:93,21
> 2:True:8,11:93,17
> 3:True:8,11:93,17
> 4:True:11,14:93,20
> 5:True:8,11:93,17
> 6:True:9,12:93,19
> 7:True:8,11:93,17
driverlog-optimal-old-noisy/50/driverlog_noisy_p03_hyp-2_50_1.tar.bz2:0.543259859085:0.006941008:0.54
> 0:False:8,15:96,21
> 1:False:11,16:96,23
> 2:False:8,14:96,22
> 3:False:8,15:96,21
> 4:True:11,14:96,21
> 5:False:8,14:96,22
> 6:False:9,15:96,21
> 7:False:8,17:96,23
driverlog-optimal-old-noisy/50/driverlog_noisy_p03_hyp-2_50_2.tar.bz2:0.546920776367:0.007130875:0.54
> 0:False:8,15:97,22
> 1:True:11,15:97,24
> 2:False:8,16:97,24
> 3:False:8,15:97,22
> 4:True:11,15:97,24
> 5:False:8,16:97,24
> 6:False:9,16:97,23
> 7:False:8,13:97,22
driverlog-optimal-old-noisy/50/driverlog_noisy_p03_hyp-2_50_3.tar.bz2:0.544813871384:0.00714456:0.55
> 0:False:8,15:97,22
> 1:False:11,17:97,26
> 2:False:8,14:97,23
> 3:False:8,15:97,23
> 4:True:11,15:97,24
> 5:False:8,14:97,23
> 6:False:9,16:97,23
> 7:False:8,16:97,24
driverlog-optimal-old-noisy/50/driverlog_noisy_p03_hyp-3_50_1.tar.bz2:0.548279047012:0.007111888:0.55
> 0:False:8,16:94,21
> 1:False:11,16:94,21
> 2:False:8,13:94,19
> 3:False:8,16:94,21
> 4:True:11,15:94,20
> 5:False:8,13:94,19
> 6:False:9,16:94,21
> 7:False:8,15:94,20
driverlog-optimal-old-noisy/50/driverlog_noisy_p03_hyp-3_50_2.tar.bz2:0.545984983444:0.007018834:0.55
> 0:False:8,10:94,17
> 1:True:11,12:94,19
> 2:False:8,10:94,16
> 3:False:8,10:94,17
> 4:False:11,13:94,19
> 5:False:8,10:94,16
> 6:True:9,10:94,17
> 7:False:8,10:94,17
driverlog-optimal-old-noisy/50/driverlog_noisy_p03_hyp-3_50_3.tar.bz2:0.541935920715:0.006640864:0.53
> 0:False:8,11:93,17
> 1:False:11,12:93,18
> 2:True:8,8:93,15
> 3:False:8,11:93,17
> 4:False:11,12:93,18
> 5:True:8,8:93,15
> 6:False:9,11:93,17
> 7:False:8,10:93,16
driverlog-optimal-old-noisy/50/driverlog_noisy_p03_hyp-4_50_1.tar.bz2:0.54784488678:0.007117619:0.55
> 0:False:8,11:93,17
> 1:False:11,14:93,20
> 2:False:8,12:93,17
> 3:False:8,11:93,17
> 4:False:11,14:93,20
> 5:False:8,12:93,17
> 6:True:9,11:93,17
> 7:False:8,13:93,18
driverlog-optimal-old-noisy/50/driverlog_noisy_p03_hyp-4_50_2.tar.bz2:0.544684886932:0.006893568:0.55
> 0:False:8,11:93,17
> 1:True:11,12:93,18
> 2:False:8,13:93,19
> 3:False:8,11:93,17
> 4:True:11,12:93,18
> 5:False:8,13:93,19
> 6:False:9,11:93,17
> 7:False:8,12:93,18
driverlog-optimal-old-noisy/50/driverlog_noisy_p03_hyp-4_50_3.tar.bz2:0.542583942413:0.006580103:0.55
> 0:True:8,8:92,14
> 1:True:11,11:92,17
> 2:False:8,10:92,16
> 3:True:8,8:92,14
> 4:True:11,11:92,17
> 5:False:8,10:92,16
> 6:True:9,9:92,15
> 7:True:8,8:92,14
driverlog-optimal-old-noisy/50/driverlog_noisy_p04_hyp-1_50_1.tar.bz2:0.43293094635:0.006181982:0.43
> 0:True:11,16:153,23
> 1:False:9,18:153,23
> 2:False:9,15:153,21
> 3:False:10,17:153,23
> 4:False:10,17:153,23
> 5:True:12,17:153,23
driverlog-optimal-old-noisy/50/driverlog_noisy_p04_hyp-1_50_2.tar.bz2:0.427515983582:0.005947495:0.43
> 0:True:11,15:152,22
> 1:False:9,14:152,21
> 2:False:9,15:152,21
> 3:False:10,16:152,22
> 4:True:10,14:152,21
> 5:False:12,18:152,24
driverlog-optimal-old-noisy/50/driverlog_noisy_p04_hyp-1_50_3.tar.bz2:0.431210041046:0.006193792:0.42
> 0:False:11,15:152,23
> 1:False:9,15:152,21
> 2:True:9,12:152,20
> 3:False:10,14:152,20
> 4:False:10,15:152,21
> 5:True:12,15:152,23
driverlog-optimal-old-noisy/50/driverlog_noisy_p04_hyp-2_50_1.tar.bz2:0.431077957153:0.006203285:0.43
> 0:False:11,18:152,24
> 1:False:9,15:152,21
> 2:False:9,18:152,23
> 3:False:10,16:152,23
> 4:True:10,14:152,21
> 5:False:12,19:152,24
driverlog-optimal-old-noisy/50/driverlog_noisy_p04_hyp-2_50_2.tar.bz2:0.431502103806:0.006108813:0.42
> 0:False:11,16:151,21
> 1:True:9,9:151,16
> 2:False:9,15:151,20
> 3:False:10,13:151,20
> 4:False:10,12:151,19
> 5:False:12,17:151,22
driverlog-optimal-old-noisy/50/driverlog_noisy_p04_hyp-2_50_3.tar.bz2:0.431640863419:0.006016111:0.43
> 0:False:11,17:151,22
> 1:True:9,12:151,18
> 2:False:9,15:151,20
> 3:True:10,13:151,20
> 4:False:10,14:151,20
> 5:False:12,16:151,21
driverlog-optimal-old-noisy/50/driverlog_noisy_p04_hyp-3_50_1.tar.bz2:0.429965019226:0.005890096:0.43
> 0:True:11,12:149,18
> 1:False:9,11:149,16
> 2:True:9,10:149,16
> 3:True:10,11:149,17
> 4:False:10,13:149,17
> 5:True:12,13:149,19
driverlog-optimal-old-noisy/50/driverlog_noisy_p04_hyp-3_50_2.tar.bz2:0.431260108948:0.00639003:0.44
> 0:False:11,16:152,24
> 1:False:9,16:152,22
> 2:False:9,14:152,22
> 3:False:10,17:152,23
> 4:False:10,17:152,23
> 5:True:12,15:152,23
driverlog-optimal-old-noisy/50/driverlog_noisy_p04_hyp-3_50_3.tar.bz2:0.431997060776:0.00617865:0.43
> 0:True:11,13:151,20
> 1:False:9,15:151,20
> 2:True:9,11:151,18
> 3:False:10,15:151,21
> 4:False:10,15:151,20
> 5:True:12,14:151,21
driverlog-optimal-old-noisy/50/driverlog_noisy_p04_hyp-4_50_1.tar.bz2:0.429896831512:0.00624919:0.43
> 0:False:11,19:153,24
> 1:False:9,18:153,24
> 2:False:9,19:153,24
> 3:False:10,19:153,26
> 4:True:10,16:153,24
> 5:False:12,21:153,25
driverlog-optimal-old-noisy/50/driverlog_noisy_p04_hyp-4_50_2.tar.bz2:0.430134057999:0.006126206:0.43
> 0:False:11,18:153,25
> 1:False:9,14:153,21
> 2:False:9,17:153,24
> 3:False:10,16:153,24
> 4:True:10,13:153,21
> 5:False:12,21:153,27
driverlog-optimal-old-noisy/50/driverlog_noisy_p04_hyp-4_50_3.tar.bz2:0.432926893234:0.006191845:0.44
> 0:False:11,16:152,22
> 1:True:9,12:152,20
> 2:False:9,14:152,20
> 3:False:10,17:152,24
> 4:False:10,15:152,23
> 5:False:12,17:152,23
driverlog-optimal-old-noisy/50/driverlog_noisy_p05_hyp-1_50_1.tar.bz2:0.44612622261:0.00693754:0.44
> 0:True:11,15:189,25
> 1:False:10,16:189,24
> 2:False:10,15:189,24
> 3:False:9,16:189,23
> 4:False:9,15:189,23
> 5:True:12,16:189,25
driverlog-optimal-old-noisy/50/driverlog_noisy_p05_hyp-1_50_2.tar.bz2:0.445347070694:0.00681093:0.46
> 0:True:11,12:188,22
> 1:False:10,13:188,21
> 2:True:10,11:188,20
> 3:False:9,12:188,20
> 4:False:9,12:188,19
> 5:False:12,14:188,24
driverlog-optimal-old-noisy/50/driverlog_noisy_p05_hyp-1_50_3.tar.bz2:0.445186138153:0.00695451:0.44
> 0:True:11,13:188,22
> 1:False:10,14:188,21
> 2:True:10,12:188,21
> 3:False:9,13:188,20
> 4:False:9,12:188,20
> 5:False:12,15:188,24
driverlog-optimal-old-noisy/50/driverlog_noisy_p05_hyp-2_50_1.tar.bz2:0.446790933609:0.0069813:0.46
> 0:False:11,16:188,24
> 1:True:10,14:188,21
> 2:False:10,15:188,23
> 3:False:9,14:188,21
> 4:True:9,13:188,20
> 5:False:12,17:188,25
driverlog-optimal-old-noisy/50/driverlog_noisy_p05_hyp-2_50_2.tar.bz2:0.444821834564:0.00685107:0.45
> 0:False:11,15:188,23
> 1:False:10,16:188,22
> 2:True:10,12:188,20
> 3:False:9,14:188,20
> 4:False:9,12:188,19
> 5:True:12,14:188,22
driverlog-optimal-old-noisy/50/driverlog_noisy_p05_hyp-2_50_3.tar.bz2:0.444852828979:0.00694811:0.44
> 0:False:11,16:188,25
> 1:False:10,14:188,22
> 2:False:10,14:188,23
> 3:True:9,12:188,20
> 4:True:9,12:188,20
> 5:False:12,16:188,25
driverlog-optimal-old-noisy/50/driverlog_noisy_p05_hyp-3_50_1.tar.bz2:0.447173118591:0.00715901:0.45
> 0:False:11,19:189,26
> 1:True:10,15:189,22
> 2:False:10,18:189,25
> 3:False:9,16:189,23
> 4:False:9,15:189,21
> 5:False:12,20:189,27
driverlog-optimal-old-noisy/50/driverlog_noisy_p05_hyp-3_50_2.tar.bz2:0.449054002762:0.0072321:0.45
> 0:False:11,17:188,26
> 1:True:10,14:188,22
> 2:False:10,17:188,25
> 3:True:9,13:188,21
> 4:False:9,14:188,21
> 5:False:12,18:188,27
driverlog-optimal-old-noisy/50/driverlog_noisy_p05_hyp-3_50_3.tar.bz2:0.448469161987:0.00712287:0.44
> 0:False:11,18:189,25
> 1:True:10,13:189,22
> 2:False:10,18:189,25
> 3:True:9,12:189,21
> 4:False:9,14:189,22
> 5:False:12,20:189,27
driverlog-optimal-old-noisy/50/driverlog_noisy_p05_hyp-4_50_1.tar.bz2:0.444818019867:0.00693181:0.45
> 0:False:11,18:190,27
> 1:False:10,16:190,24
> 2:False:10,16:190,24
> 3:True:9,14:190,22
> 4:True:9,14:190,21
> 5:True:12,17:190,26
driverlog-optimal-old-noisy/50/driverlog_noisy_p05_hyp-4_50_2.tar.bz2:0.447122097015:0.007138:0.45
> 0:False:11,18:190,26
> 1:False:10,18:190,24
> 2:False:10,17:190,25
> 3:False:9,17:190,23
> 4:False:9,17:190,23
> 5:True:12,17:190,26
driverlog-optimal-old-noisy/50/driverlog_noisy_p05_hyp-4_50_3.tar.bz2:0.444623947144:0.00701565:0.45
> 0:False:11,21:190,28
> 1:False:10,18:190,24
> 2:False:10,21:190,28
> 3:True:9,16:190,22
> 4:False:9,18:190,24
> 5:False:12,21:190,29
driverlog-optimal-old-noisy/70/driverlog_noisy_p03_hyp-1_70_1.tar.bz2:0.546655893326:0.006980142:0.55
> 0:True:8,9:95,17
> 1:False:11,15:95,22
> 2:False:8,13:95,21
> 3:True:8,9:95,17
> 4:False:11,13:95,20
> 5:False:8,14:95,22
> 6:False:9,11:95,19
> 7:False:8,11:95,18
driverlog-optimal-old-noisy/70/driverlog_noisy_p03_hyp-1_70_2.tar.bz2:0.545418024063:0.006909578:0.55
> 0:True:8,8:94,16
> 1:False:11,15:94,22
> 2:False:8,11:94,18
> 3:True:8,8:94,16
> 4:True:11,11:94,19
> 5:False:8,11:94,18
> 6:False:9,10:94,18
> 7:False:8,9:94,16
driverlog-optimal-old-noisy/70/driverlog_noisy_p03_hyp-1_70_3.tar.bz2:0.547391891479:0.007031658:0.55
> 0:False:8,9:95,17
> 1:False:11,15:95,23
> 2:False:8,11:95,19
> 3:False:8,9:95,17
> 4:True:11,11:95,20
> 5:False:8,11:95,19
> 6:False:9,10:95,19
> 7:False:8,10:95,17
driverlog-optimal-old-noisy/70/driverlog_noisy_p03_hyp-2_70_1.tar.bz2:0.542438030243:0.006981193:0.53
> 0:False:8,16:100,25
> 1:False:11,16:100,27
> 2:False:8,17:100,27
> 3:False:8,16:100,25
> 4:True:11,15:100,26
> 5:False:8,18:100,28
> 6:False:9,16:100,25
> 7:False:8,16:100,26
driverlog-optimal-old-noisy/70/driverlog_noisy_p03_hyp-2_70_2.tar.bz2:0.544057130814:0.007009316:0.55
> 0:False:8,16:100,27
> 1:False:11,17:100,28
> 2:False:8,16:100,26
> 3:False:8,16:100,27
> 4:True:11,16:100,27
> 5:False:8,17:100,27
> 6:False:9,16:100,27
> 7:False:8,16:100,26
driverlog-optimal-old-noisy/70/driverlog_noisy_p03_hyp-2_70_3.tar.bz2:0.547521114349:0.007269614:0.54
> 0:False:8,16:100,25
> 1:False:11,15:100,26
> 2:False:8,18:100,28
> 3:False:8,16:100,25
> 4:True:11,14:100,25
> 5:False:8,18:100,28
> 6:False:9,16:100,25
> 7:False:8,15:100,25
driverlog-optimal-old-noisy/70/driverlog_noisy_p03_hyp-3_70_1.tar.bz2:0.544509887695:0.006932537:0.54
> 0:False:8,12:96,19
> 1:True:11,14:96,21
> 2:True:8,11:96,18
> 3:False:8,12:96,19
> 4:True:11,14:96,21
> 5:True:8,11:96,18
> 6:True:9,12:96,19
> 7:False:8,12:96,19
driverlog-optimal-old-noisy/70/driverlog_noisy_p03_hyp-3_70_2.tar.bz2:0.545234203339:0.007174639:0.54
> 0:False:8,18:97,24
> 1:False:11,18:97,25
> 2:False:8,15:97,23
> 3:False:8,18:97,24
> 4:True:11,17:97,24
> 5:False:8,18:97,25
> 6:False:9,18:97,24
> 7:False:8,19:97,25
driverlog-optimal-old-noisy/70/driverlog_noisy_p03_hyp-3_70_3.tar.bz2:0.545562028885:0.006832245:0.54
> 0:False:8,14:96,20
> 1:True:11,14:96,21
> 2:False:8,12:96,19
> 3:False:8,14:96,20
> 4:True:11,14:96,21
> 5:False:8,12:96,19
> 6:False:9,14:96,20
> 7:False:8,14:96,20
driverlog-optimal-old-noisy/70/driverlog_noisy_p03_hyp-4_70_1.tar.bz2:0.547690153122:0.007106368:0.56
> 0:False:8,13:96,21
> 1:False:11,16:96,24
> 2:False:8,14:96,20
> 3:False:8,13:96,21
> 4:True:11,14:96,22
> 5:False:8,14:96,20
> 6:False:9,14:96,22
> 7:False:8,14:96,21
driverlog-optimal-old-noisy/70/driverlog_noisy_p03_hyp-4_70_2.tar.bz2:0.54419708252:0.006619233:0.54
> 0:True:8,8:94,16
> 1:False:11,12:94,19
> 2:False:8,12:94,19
> 3:True:8,8:94,16
> 4:False:11,12:94,19
> 5:False:8,12:94,19
> 6:True:9,9:94,17
> 7:False:8,10:94,17
driverlog-optimal-old-noisy/70/driverlog_noisy_p03_hyp-4_70_3.tar.bz2:0.544124126434:0.006825099:0.55
> 0:False:8,11:95,19
> 1:False:11,15:95,22
> 2:False:8,15:95,22
> 3:False:8,11:95,19
> 4:True:11,13:95,20
> 5:False:8,15:95,22
> 6:False:9,12:95,20
> 7:False:8,13:95,20
driverlog-optimal-old-noisy/70/driverlog_noisy_p04_hyp-1_70_1.tar.bz2:0.433652877808:0.00635486:0.44
> 0:True:11,14:156,26
> 1:False:9,15:156,25
> 2:False:9,14:156,25
> 3:False:10,15:156,25
> 4:False:10,15:156,25
> 5:False:12,16:156,27
driverlog-optimal-old-noisy/70/driverlog_noisy_p04_hyp-1_70_2.tar.bz2:0.433933973312:0.00642932:0.43
> 0:True:11,16:156,27
> 1:False:9,21:156,28
> 2:False:9,17:156,27
> 3:False:10,21:156,29
> 4:False:10,20:156,28
> 5:False:12,20:156,30
driverlog-optimal-old-noisy/70/driverlog_noisy_p04_hyp-1_70_3.tar.bz2:0.42999792099:0.006167416:0.43
> 0:True:11,14:156,26
> 1:False:9,17:156,26
> 2:False:9,13:156,24
> 3:False:10,17:156,25
> 4:False:10,17:156,26
> 5:False:12,16:156,27
driverlog-optimal-old-noisy/70/driverlog_noisy_p04_hyp-2_70_1.tar.bz2:0.432626962662:0.006218275:0.44
> 0:False:11,19:154,25
> 1:True:9,12:154,20
> 2:False:9,18:154,24
> 3:False:10,14:154,23
> 4:False:10,15:154,23
> 5:False:12,20:154,26
driverlog-optimal-old-noisy/70/driverlog_noisy_p04_hyp-2_70_2.tar.bz2:0.434298038483:0.006304451:0.43
> 0:False:11,18:153,25
> 1:True:9,12:153,21
> 2:False:9,16:153,22
> 3:False:10,14:153,22
> 4:True:10,13:153,22
> 5:False:12,19:153,25
driverlog-optimal-old-noisy/70/driverlog_noisy_p04_hyp-2_70_3.tar.bz2:0.431397914886:0.006219438:0.43
> 0:False:11,19:153,24
> 1:False:9,14:153,22
> 2:False:9,16:153,21
> 3:False:10,15:153,22
> 4:True:10,14:153,22
> 5:False:12,19:153,24
driverlog-optimal-old-noisy/70/driverlog_noisy_p04_hyp-3_70_1.tar.bz2:0.430679798126:0.005988761:0.43
> 0:True:11,13:153,22
> 1:False:9,16:153,23
> 2:True:9,11:153,20
> 3:False:10,15:153,22
> 4:False:10,17:153,24
> 5:True:12,14:153,23
driverlog-optimal-old-noisy/70/driverlog_noisy_p04_hyp-3_70_2.tar.bz2:0.431298017502:0.006184263:0.43
> 0:True:11,15:154,24
> 1:False:9,15:154,21
> 2:False:9,14:154,23
> 3:False:10,18:154,25
> 4:False:10,18:154,24
> 5:False:12,17:154,26
driverlog-optimal-old-noisy/70/driverlog_noisy_p04_hyp-3_70_3.tar.bz2:0.431684970856:0.00635936:0.44
> 0:True:11,17:154,26
> 1:False:9,17:154,25
> 2:True:9,15:154,24
> 3:False:10,20:154,27
> 4:False:10,17:154,24
> 5:True:12,18:154,27
driverlog-optimal-old-noisy/70/driverlog_noisy_p04_hyp-4_70_1.tar.bz2:0.428681135178:0.006156518:0.43
> 0:False:11,18:155,26
> 1:False:9,16:155,25
> 2:False:9,20:155,27
> 3:False:10,18:155,28
> 4:True:10,16:155,26
> 5:False:12,22:155,29
driverlog-optimal-old-noisy/70/driverlog_noisy_p04_hyp-4_70_2.tar.bz2:0.431694984436:0.0063296:0.43
> 0:False:11,19:156,27
> 1:False:9,16:156,25
> 2:False:9,18:156,27
> 3:False:10,19:156,28
> 4:True:10,16:156,26
> 5:False:12,21:156,29
driverlog-optimal-old-noisy/70/driverlog_noisy_p04_hyp-4_70_3.tar.bz2:0.433854818344:0.006428457:0.44
> 0:False:11,20:156,29
> 1:True:9,15:156,27
> 2:False:9,20:156,29
> 3:False:10,20:156,30
> 4:True:10,16:156,27
> 5:False:12,21:156,30
driverlog-optimal-old-noisy/70/driverlog_noisy_p05_hyp-1_70_1.tar.bz2:0.448078870773:0.00717555:0.45
> 0:False:11,18:193,29
> 1:False:10,17:193,26
> 2:False:10,17:193,28
> 3:False:9,16:193,25
> 4:True:9,15:193,25
> 5:False:12,20:193,31
driverlog-optimal-old-noisy/70/driverlog_noisy_p05_hyp-1_70_2.tar.bz2:0.448090076447:0.007127:0.45
> 0:True:11,18:193,29
> 1:False:10,18:193,26
> 2:False:10,18:193,28
> 3:False:9,17:193,25
> 4:True:9,16:193,25
> 5:False:12,21:193,31
driverlog-optimal-old-noisy/70/driverlog_noisy_p05_hyp-1_70_3.tar.bz2:0.4458360672:0.00699801:0.44
> 0:True:11,15:192,26
> 1:False:10,17:192,25
> 2:True:10,14:192,25
> 3:False:9,16:192,24
> 4:False:9,15:192,24
> 5:False:12,17:192,28
driverlog-optimal-old-noisy/70/driverlog_noisy_p05_hyp-2_70_1.tar.bz2:0.445693016052:0.00682065:0.45
> 0:False:11,15:190,25
> 1:False:10,15:190,24
> 2:True:10,13:190,23
> 3:False:9,13:190,22
> 4:True:9,12:190,22
> 5:True:12,15:190,25
driverlog-optimal-old-noisy/70/driverlog_noisy_p05_hyp-2_70_2.tar.bz2:0.44722700119:0.00700927:0.44
> 0:False:11,14:191,26
> 1:False:10,15:191,25
> 2:True:10,12:191,24
> 3:False:9,13:191,23
> 4:False:9,12:191,23
> 5:True:12,14:191,26
driverlog-optimal-old-noisy/70/driverlog_noisy_p05_hyp-2_70_3.tar.bz2:0.441735982895:0.00678501:0.44
> 0:True:11,18:192,27
> 1:False:10,18:192,26
> 2:True:10,17:192,26
> 3:False:9,17:192,25
> 4:False:9,17:192,25
> 5:True:12,19:192,28
driverlog-optimal-old-noisy/70/driverlog_noisy_p05_hyp-3_70_1.tar.bz2:0.445470094681:0.0070113:0.44
> 0:False:11,17:192,26
> 1:True:10,15:192,25
> 2:False:10,16:192,25
> 3:True:9,14:192,24
> 4:False:9,15:192,24
> 5:True:12,17:192,26
driverlog-optimal-old-noisy/70/driverlog_noisy_p05_hyp-3_70_2.tar.bz2:0.447130918503:0.00717068:0.45
> 0:False:11,20:192,29
> 1:True:10,16:192,26
> 2:False:10,20:192,29
> 3:True:9,15:192,25
> 4:False:9,16:192,25
> 5:False:12,21:192,30
driverlog-optimal-old-noisy/70/driverlog_noisy_p05_hyp-3_70_3.tar.bz2:0.445391893387:0.00696378:0.45
> 0:False:11,16:191,27
> 1:True:10,14:191,24
> 2:False:10,15:191,26
> 3:True:9,13:191,22
> 4:True:9,13:191,23
> 5:False:12,17:191,28
driverlog-optimal-old-noisy/70/driverlog_noisy_p05_hyp-4_70_1.tar.bz2:0.441269874573:0.00687818:0.44
> 0:False:11,17:192,28
> 1:False:10,18:192,27
> 2:False:10,15:192,26
> 3:False:9,16:192,25
> 4:False:9,15:192,24
> 5:True:12,15:192,27
driverlog-optimal-old-noisy/70/driverlog_noisy_p05_hyp-4_70_2.tar.bz2:0.446183919907:0.00703587:0.44
> 0:False:11,16:191,27
> 1:False:10,17:191,25
> 2:False:10,14:191,25
> 3:False:9,15:191,23
> 4:False:9,14:191,23
> 5:True:12,14:191,26
driverlog-optimal-old-noisy/70/driverlog_noisy_p05_hyp-4_70_3.tar.bz2:0.448819160461:0.00725314:0.45
> 0:False:11,19:193,30
> 1:False:10,17:193,27
> 2:False:10,17:193,28
> 3:False:9,16:193,25
> 4:False:9,15:193,25
> 5:True:12,17:193,29
driverlog-optimal-old-noisy/100/driverlog_noisy_p03_hyp-1_full_1.tar.bz2:0.54696893692:0.007165069:0.54
> 0:False:8,13:98,23
> 1:False:11,17:98,26
> 2:False:8,16:98,25
> 3:False:8,13:98,23
> 4:False:11,16:98,25
> 5:False:8,16:98,25
> 6:True:9,13:98,23
> 7:False:8,15:98,24
driverlog-optimal-old-noisy/100/driverlog_noisy_p03_hyp-1_full_2.tar.bz2:0.548099994659:0.007351329:0.54
> 0:True:8,11:97,21
> 1:False:11,17:97,26
> 2:False:8,14:97,23
> 3:False:8,12:97,22
> 4:False:11,15:97,24
> 5:False:8,15:97,24
> 6:False:9,13:97,23
> 7:False:8,15:97,24
driverlog-optimal-old-noisy/100/driverlog_noisy_p03_hyp-1_full_3.tar.bz2:0.547527074814:0.00707062:0.55
> 0:True:8,9:97,19
> 1:False:11,17:97,26
> 2:False:8,14:97,23
> 3:True:8,9:97,19
> 4:False:11,13:97,22
> 5:False:8,15:97,24
> 6:False:9,12:97,22
> 7:False:8,11:97,20
driverlog-optimal-old-noisy/100/driverlog_noisy_p03_hyp-2_full_1.tar.bz2:0.547874927521:0.007572042:0.56
> 0:False:8,19:104,32
> 1:False:11,18:104,33
> 2:False:8,18:104,31
> 3:False:8,19:104,32
> 4:True:11,17:104,31
> 5:False:8,18:104,31
> 6:False:9,19:104,32
> 7:False:8,18:104,32
driverlog-optimal-old-noisy/100/driverlog_noisy_p03_hyp-2_full_2.tar.bz2:0.545577049255:0.007152685:0.55
> 0:False:8,19:104,31
> 1:False:11,18:104,32
> 2:False:8,20:104,32
> 3:False:8,19:104,31
> 4:True:11,17:104,31
> 5:False:8,20:104,32
> 6:False:9,19:104,31
> 7:False:8,18:104,31
driverlog-optimal-old-noisy/100/driverlog_noisy_p03_hyp-2_full_3.tar.bz2:0.546165943146:0.007263575:0.54
> 0:False:8,18:103,30
> 1:False:11,17:103,30
> 2:False:8,19:103,30
> 3:False:8,18:103,30
> 4:True:11,15:103,28
> 5:False:8,19:103,30
> 6:False:9,18:103,29
> 7:False:8,17:103,31
driverlog-optimal-old-noisy/100/driverlog_noisy_p03_hyp-3_full_1.tar.bz2:0.545397043228:0.007016177:0.56
> 0:False:8,16:100,26
> 1:False:11,17:100,27
> 2:False:8,13:100,23
> 3:False:8,16:100,26
> 4:True:11,15:100,25
> 5:False:8,13:100,23
> 6:False:9,16:100,26
> 7:False:8,16:100,26
driverlog-optimal-old-noisy/100/driverlog_noisy_p03_hyp-3_full_2.tar.bz2:0.546874046326:0.007103883:0.54
> 0:False:8,14:99,24
> 1:False:11,15:99,25
> 2:True:8,11:99,21
> 3:False:8,14:99,24
> 4:False:11,15:99,25
> 5:True:8,11:99,21
> 6:False:9,14:99,24
> 7:False:8,13:99,23
driverlog-optimal-old-noisy/100/driverlog_noisy_p03_hyp-3_full_3.tar.bz2:0.545795917511:0.007313724:0.54
> 0:False:8,17:100,26
> 1:True:11,17:100,27
> 2:False:8,16:100,26
> 3:False:8,17:100,26
> 4:True:11,17:100,27
> 5:False:8,16:100,26
> 6:False:9,17:100,26
> 7:False:8,17:100,26
driverlog-optimal-old-noisy/100/driverlog_noisy_p03_hyp-4_full_1.tar.bz2:0.546540021896:0.006899581:0.55
> 0:True:8,9:97,19
> 1:False:11,13:97,22
> 2:False:8,14:97,23
> 3:True:8,9:97,19
> 4:False:11,13:97,22
> 5:False:8,14:97,23
> 6:True:9,10:97,20
> 7:False:8,11:97,20
driverlog-optimal-old-noisy/100/driverlog_noisy_p03_hyp-4_full_2.tar.bz2:0.545440912247:0.007042187:0.55
> 0:True:8,10:98,20
> 1:False:11,17:98,26
> 2:False:8,16:98,25
> 3:True:8,10:98,20
> 4:False:11,14:98,23
> 5:False:8,16:98,25
> 6:False:9,12:98,22
> 7:False:8,12:98,21
driverlog-optimal-old-noisy/100/driverlog_noisy_p03_hyp-4_full_3.tar.bz2:0.546842098236:0.007296444:0.55
> 0:False:8,14:98,24
> 1:False:11,18:98,27
> 2:False:8,16:98,25
> 3:False:8,14:98,24
> 4:True:11,16:98,25
> 5:False:8,16:98,25
> 6:True:9,14:98,24
> 7:False:8,17:98,26
driverlog-optimal-old-noisy/100/driverlog_noisy_p04_hyp-1_full_1.tar.bz2:0.432608127594:0.00646073:0.43
> 0:True:11,17:160,31
> 1:False:9,19:160,31
> 2:False:9,16:160,30
> 3:False:10,19:160,29
> 4:False:10,19:160,30
> 5:False:12,19:160,32
driverlog-optimal-old-noisy/100/driverlog_noisy_p04_hyp-1_full_2.tar.bz2:0.431698083878:0.006256515:0.43
> 0:True:11,17:159,30
> 1:False:9,19:159,30
> 2:False:9,16:159,28
> 3:False:10,19:159,29
> 4:False:10,19:159,30
> 5:False:12,19:159,31
driverlog-optimal-old-noisy/100/driverlog_noisy_p04_hyp-1_full_3.tar.bz2:0.429543018341:0.00632779:0.43
> 0:True:11,19:160,32
> 1:False:9,20:160,33
> 2:False:9,18:160,31
> 3:False:10,20:160,32
> 4:False:10,19:160,32
> 5:True:12,20:160,32
driverlog-optimal-old-noisy/100/driverlog_noisy_p04_hyp-2_full_1.tar.bz2:0.434098005295:0.00661244:0.44
> 0:False:11,24:158,34
> 1:True:9,19:158,30
> 2:False:9,23:158,32
> 3:False:10,22:158,32
> 4:False:10,21:158,32
> 5:False:12,23:158,32
driverlog-optimal-old-noisy/100/driverlog_noisy_p04_hyp-2_full_2.tar.bz2:0.431663036346:0.006357344:0.43
> 0:False:11,19:156,26
> 1:True:9,13:156,21
> 2:False:9,19:156,26
> 3:False:10,16:156,25
> 4:False:10,15:156,24
> 5:False:12,21:156,28
driverlog-optimal-old-noisy/100/driverlog_noisy_p04_hyp-2_full_3.tar.bz2:0.430438995361:0.006161447:0.43
> 0:False:11,19:157,29
> 1:True:9,13:157,24
> 2:False:9,17:157,26
> 3:False:10,15:157,26
> 4:False:10,15:157,25
> 5:False:12,20:157,29
driverlog-optimal-old-noisy/100/driverlog_noisy_p04_hyp-3_full_1.tar.bz2:0.43067908287:0.006331116:0.44
> 0:True:11,17:157,27
> 1:False:9,20:157,28
> 2:False:9,17:157,27
> 3:False:10,22:157,30
> 4:False:10,21:157,29
> 5:False:12,19:157,29
driverlog-optimal-old-noisy/100/driverlog_noisy_p04_hyp-3_full_2.tar.bz2:0.432937145233:0.00645696:0.43
> 0:False:11,19:157,29
> 1:False:9,22:157,29
> 2:False:9,17:157,27
> 3:False:10,22:157,29
> 4:False:10,23:157,30
> 5:True:12,18:157,28
driverlog-optimal-old-noisy/100/driverlog_noisy_p04_hyp-3_full_3.tar.bz2:0.430801868439:0.006107379:0.43
> 0:False:11,15:155,25
> 1:False:9,17:155,24
> 2:True:9,12:155,22
> 3:False:10,16:155,23
> 4:False:10,18:155,25
> 5:True:12,15:155,25
driverlog-optimal-old-noisy/100/driverlog_noisy_p04_hyp-4_full_1.tar.bz2:0.432475805283:0.006378839:0.43
> 0:False:11,19:159,30
> 1:False:9,16:159,28
> 2:False:9,19:159,30
> 3:False:10,18:159,31
> 4:True:10,15:159,29
> 5:False:12,22:159,32
driverlog-optimal-old-noisy/100/driverlog_noisy_p04_hyp-4_full_2.tar.bz2:0.432574987411:0.00658704:0.43
> 0:False:11,23:161,34
> 1:False:9,19:161,31
> 2:False:9,23:161,33
> 3:False:10,23:161,35
> 4:True:10,19:161,32
> 5:False:12,24:161,34
driverlog-optimal-old-noisy/100/driverlog_noisy_p04_hyp-4_full_3.tar.bz2:0.42954492569:0.00626215:0.43
> 0:False:11,20:160,31
> 1:False:9,17:160,29
> 2:False:9,21:160,31
> 3:False:10,18:160,32
> 4:True:10,16:160,30
> 5:False:12,23:160,33
driverlog-optimal-old-noisy/100/driverlog_noisy_p05_hyp-1_full_1.tar.bz2:0.447491168976:0.00730555:0.44
> 0:True:11,21:198,35
> 1:False:10,21:198,32
> 2:False:10,21:198,34
> 3:False:9,21:198,31
> 4:False:9,20:198,31
> 5:False:12,23:198,36
driverlog-optimal-old-noisy/100/driverlog_noisy_p05_hyp-1_full_2.tar.bz2:0.446095943451:0.00717269:0.45
> 0:True:11,18:197,31
> 1:False:10,20:197,30
> 2:False:10,18:197,30
> 3:False:9,20:197,30
> 4:False:9,19:197,29
> 5:False:12,20:197,32
driverlog-optimal-old-noisy/100/driverlog_noisy_p05_hyp-1_full_3.tar.bz2:0.444597959518:0.00722534:0.45
> 0:True:11,18:197,33
> 1:False:10,20:197,32
> 2:False:10,18:197,32
> 3:False:9,20:197,31
> 4:False:9,19:197,31
> 5:False:12,21:197,35
driverlog-optimal-old-noisy/100/driverlog_noisy_p05_hyp-2_full_1.tar.bz2:0.443004131317:0.00693008:0.44
> 0:False:11,18:196,32
> 1:False:10,20:196,30
> 2:False:10,16:196,30
> 3:False:9,18:196,28
> 4:False:9,17:196,28
> 5:True:12,17:196,31
driverlog-optimal-old-noisy/100/driverlog_noisy_p05_hyp-2_full_2.tar.bz2:0.446081876755:0.00718539:0.46
> 0:False:11,19:197,32
> 1:False:10,21:197,31
> 2:True:10,17:197,30
> 3:False:9,19:197,29
> 4:False:9,18:197,29
> 5:True:12,19:197,32
driverlog-optimal-old-noisy/100/driverlog_noisy_p05_hyp-2_full_3.tar.bz2:0.443595170975:0.00690648:0.44
> 0:False:11,18:195,31
> 1:False:10,20:195,30
> 2:True:10,16:195,29
> 3:False:9,18:195,28
> 4:False:9,17:195,28
> 5:True:12,18:195,31
driverlog-optimal-old-noisy/100/driverlog_noisy_p05_hyp-3_full_1.tar.bz2:0.447078943253:0.00715969:0.45
> 0:False:11,21:195,32
> 1:True:10,17:195,29
> 2:False:10,20:195,31
> 3:True:9,16:195,28
> 4:False:9,17:195,28
> 5:False:12,21:195,33
driverlog-optimal-old-noisy/100/driverlog_noisy_p05_hyp-3_full_2.tar.bz2:0.448618888855:0.00718444:0.45
> 0:False:11,18:195,29
> 1:True:10,16:195,28
> 2:False:10,17:195,28
> 3:True:9,15:195,27
> 4:False:9,16:195,27
> 5:True:12,18:195,29
driverlog-optimal-old-noisy/100/driverlog_noisy_p05_hyp-3_full_3.tar.bz2:0.447028875351:0.00723345:0.44
> 0:False:11,21:196,32
> 1:True:10,17:196,29
> 2:False:10,20:196,31
> 3:True:9,16:196,28
> 4:False:9,17:196,28
> 5:False:12,21:196,33
driverlog-optimal-old-noisy/100/driverlog_noisy_p05_hyp-4_full_1.tar.bz2:0.446390867233:0.00701844:0.44
> 0:False:11,18:196,32
> 1:False:10,20:196,30
> 2:False:10,16:196,30
> 3:False:9,18:196,28
> 4:False:9,17:196,28
> 5:True:12,16:196,31
driverlog-optimal-old-noisy/100/driverlog_noisy_p05_hyp-4_full_2.tar.bz2:0.446623802185:0.00706232:0.45
> 0:False:11,20:196,34
> 1:False:10,20:196,30
> 2:False:10,18:196,32
> 3:False:9,18:196,28
> 4:False:9,17:196,28
> 5:True:12,18:196,33
driverlog-optimal-old-noisy/100/driverlog_noisy_p05_hyp-4_full_3.tar.bz2:0.44428896904:0.00712235:0.45
> 0:False:11,19:197,33
> 1:False:10,21:197,31
> 2:False:10,18:197,32
> 3:False:9,20:197,30
> 4:False:9,19:197,30
> 5:True:12,18:197,33
