driverlog-optimal/10/driverlog_p03_hyp-1_10_1.tar.bz2:0.766395092010498:0.052315490000000006:0.76
> 0:True:4,5:3865,723
> 1:True:8,9:3865,723
> 2:True:5,6:3865,723
> 3:True:4,5:3865,723
> 4:True:8,9:3865,723
> 5:True:5,6:3865,723
> 6:True:5,6:3865,723
> 7:True:5,6:3865,723
driverlog-optimal/10/driverlog_p03_hyp-1_10_2.tar.bz2:0.7955589294433594:0.050223809999999994:0.79
> 0:True:4,5:3865,723
> 1:True:8,9:3865,723
> 2:True:5,6:3865,723
> 3:True:4,5:3865,723
> 4:True:8,9:3865,723
> 5:True:5,6:3865,723
> 6:True:5,6:3865,723
> 7:True:5,6:3865,723
driverlog-optimal/10/driverlog_p03_hyp-1_10_3.tar.bz2:0.7966349124908447:0.054393040000000004:0.7999999999999998
> 0:True:4,5:3865,723
> 1:True:8,9:3865,723
> 2:True:5,6:3865,723
> 3:True:4,5:3865,723
> 4:True:8,9:3865,723
> 5:True:5,6:3865,723
> 6:True:5,6:3865,723
> 7:True:5,6:3865,723
driverlog-optimal/10/driverlog_p03_hyp-2_10_1.tar.bz2:0.7764804363250732:0.05053850000000001:0.77
> 0:False:4,6:3866,724
> 1:True:8,9:3866,724
> 2:False:5,7:3866,724
> 3:False:4,6:3866,724
> 4:True:8,9:3866,724
> 5:False:5,7:3866,724
> 6:True:5,6:3866,724
> 7:False:5,7:3866,724
driverlog-optimal/10/driverlog_p03_hyp-2_10_2.tar.bz2:0.7580251693725586:0.05299997000000001:0.7600000000000002
> 0:False:4,6:3866,724
> 1:True:8,9:3866,724
> 2:False:5,7:3866,724
> 3:False:4,6:3866,724
> 4:True:8,9:3866,724
> 5:False:5,7:3866,724
> 6:False:5,7:3866,724
> 7:True:5,6:3866,724
driverlog-optimal/10/driverlog_p03_hyp-2_10_3.tar.bz2:0.7627933025360107:0.04637476:0.7599999999999998
> 0:True:4,6:3866,724
> 1:True:8,10:3866,724
> 2:True:5,7:3866,724
> 3:True:4,6:3866,724
> 4:True:8,10:3866,724
> 5:True:5,7:3866,724
> 6:True:5,7:3866,724
> 7:True:5,7:3866,724
driverlog-optimal/10/driverlog_p03_hyp-3_10_1.tar.bz2:0.766106367111206:0.05561513:0.7699999999999996
> 0:False:4,5:3865,723
> 1:False:8,9:3865,723
> 2:True:5,5:3865,723
> 3:False:4,5:3865,723
> 4:False:8,9:3865,723
> 5:True:5,5:3865,723
> 6:False:5,6:3865,723
> 7:False:5,6:3865,723
driverlog-optimal/10/driverlog_p03_hyp-3_10_2.tar.bz2:0.7586991786956787:0.048221719999999996:0.7499999999999991
> 0:False:4,5:3865,723
> 1:True:8,8:3865,723
> 2:True:5,5:3865,723
> 3:False:4,5:3865,723
> 4:True:8,8:3865,723
> 5:True:5,5:3865,723
> 6:False:5,6:3865,723
> 7:True:5,5:3865,723
driverlog-optimal/10/driverlog_p03_hyp-3_10_3.tar.bz2:0.7757153511047363:0.05297889:0.7699999999999987
> 0:True:4,5:3865,723
> 1:True:8,9:3865,723
> 2:True:5,6:3865,723
> 3:True:4,5:3865,723
> 4:True:8,9:3865,723
> 5:True:5,6:3865,723
> 6:True:5,6:3865,723
> 7:True:5,6:3865,723
driverlog-optimal/10/driverlog_p03_hyp-4_10_1.tar.bz2:0.791022777557373:0.054728969999999995:0.7999999999999998
> 0:True:4,4:3865,723
> 1:True:8,8:3865,723
> 2:False:5,6:3865,723
> 3:True:4,4:3865,723
> 4:True:8,8:3865,723
> 5:False:5,6:3865,723
> 6:True:5,5:3865,723
> 7:False:5,6:3865,723
driverlog-optimal/10/driverlog_p03_hyp-4_10_2.tar.bz2:0.7870161533355713:0.05264922:0.7800000000000002
> 0:True:4,5:3865,723
> 1:True:8,9:3865,723
> 2:True:5,6:3865,723
> 3:True:4,5:3865,723
> 4:True:8,9:3865,723
> 5:True:5,6:3865,723
> 6:True:5,6:3865,723
> 7:True:5,6:3865,723
driverlog-optimal/10/driverlog_p03_hyp-4_10_3.tar.bz2:0.7797603607177734:0.05240331000000001:0.7799999999999994
> 0:True:4,4:3865,723
> 1:True:8,8:3865,723
> 2:False:5,6:3865,723
> 3:True:4,4:3865,723
> 4:True:8,8:3865,723
> 5:False:5,6:3865,723
> 6:True:5,5:3865,723
> 7:False:5,6:3865,723
driverlog-optimal/10/driverlog_p04_hyp-1_10_1.tar.bz2:0.6467208862304688:0.05485894:0.6500000000000004
> 0:False:9,11:8756,1141
> 1:False:7,9:8756,1141
> 2:True:9,10:8756,1141
> 3:False:10,12:8756,1141
> 4:False:9,11:8756,1141
> 5:False:11,13:8756,1141
driverlog-optimal/10/driverlog_p04_hyp-1_10_2.tar.bz2:0.6495771408081055:0.055760229999999994:0.6600000000000001
> 0:False:9,10:8756,1141
> 1:False:7,9:8756,1141
> 2:True:9,9:8756,1141
> 3:False:10,12:8756,1141
> 4:False:9,10:8756,1141
> 5:False:11,12:8756,1141
driverlog-optimal/10/driverlog_p04_hyp-1_10_3.tar.bz2:0.685291051864624:0.06330427999999999:0.6699999999999999
> 0:False:9,11:8756,1141
> 1:False:7,9:8756,1141
> 2:True:9,9:8756,1141
> 3:False:10,12:8756,1141
> 4:False:9,10:8756,1141
> 5:False:11,12:8756,1141
driverlog-optimal/10/driverlog_p04_hyp-2_10_1.tar.bz2:0.6639559268951416:0.06357899:0.6700000000000017
> 0:False:9,11:8756,1141
> 1:False:7,9:8756,1141
> 2:False:9,11:8756,1141
> 3:True:10,11:8756,1141
> 4:False:9,11:8756,1141
> 5:True:11,12:8756,1141
driverlog-optimal/10/driverlog_p04_hyp-2_10_2.tar.bz2:0.6760122776031494:0.05898704:0.6799999999999997
> 0:False:9,11:8756,1141
> 1:False:7,9:8756,1141
> 2:False:9,11:8756,1141
> 3:True:10,11:8756,1141
> 4:False:9,11:8756,1141
> 5:False:11,13:8756,1141
driverlog-optimal/10/driverlog_p04_hyp-2_10_3.tar.bz2:0.6581811904907227:0.06159985:0.6500000000000021
> 0:False:9,11:8756,1141
> 1:True:7,8:8756,1141
> 2:False:9,11:8756,1141
> 3:True:10,11:8756,1141
> 4:False:9,11:8756,1141
> 5:False:11,13:8756,1141
driverlog-optimal/10/driverlog_p04_hyp-3_10_1.tar.bz2:0.6491334438323975:0.053672609999999996:0.6400000000000006
> 0:False:9,11:8756,1141
> 1:False:7,9:8756,1141
> 2:True:9,9:8756,1141
> 3:False:10,12:8756,1141
> 4:False:9,10:8756,1141
> 5:False:11,13:8756,1141
driverlog-optimal/10/driverlog_p04_hyp-3_10_2.tar.bz2:0.6434366703033447:0.055043680000000005:0.629999999999999
> 0:False:9,11:8756,1141
> 1:False:7,9:8756,1141
> 2:True:9,10:8756,1141
> 3:False:10,12:8756,1141
> 4:True:9,10:8756,1141
> 5:False:11,13:8756,1141
driverlog-optimal/10/driverlog_p04_hyp-3_10_3.tar.bz2:0.6676368713378906:0.058161899999999996:0.6699999999999999
> 0:False:9,11:8756,1141
> 1:False:7,9:8756,1141
> 2:True:9,9:8756,1141
> 3:False:10,12:8756,1141
> 4:False:9,10:8756,1141
> 5:False:11,13:8756,1141
driverlog-optimal/10/driverlog_p04_hyp-4_10_1.tar.bz2:0.6682443618774414:0.06175731:0.6699999999999999
> 0:True:9,10:8756,1141
> 1:False:7,9:8756,1141
> 2:True:9,10:8756,1141
> 3:True:10,11:8756,1141
> 4:True:9,10:8756,1141
> 5:True:11,12:8756,1141
driverlog-optimal/10/driverlog_p04_hyp-4_10_2.tar.bz2:0.6748442649841309:0.06141508999999999:0.6800000000000033
> 0:True:9,11:8756,1141
> 1:True:7,9:8756,1141
> 2:True:9,11:8756,1141
> 3:True:10,12:8756,1141
> 4:True:9,11:8756,1141
> 5:True:11,13:8756,1141
driverlog-optimal/10/driverlog_p04_hyp-4_10_3.tar.bz2:0.6559121608734131:0.06057598:0.6499999999999986
> 0:False:9,11:8756,1141
> 1:False:7,9:8756,1141
> 2:True:9,10:8756,1141
> 3:False:10,12:8756,1141
> 4:True:9,10:8756,1141
> 5:False:11,13:8756,1141
driverlog-optimal/10/driverlog_p05_hyp-1_10_1.tar.bz2:0.7205438613891602:0.0672585:0.7300000000000004
> 0:True:9,10:11826,1470
> 1:False:8,10:11826,1470
> 2:True:8,9:11826,1470
> 3:False:8,10:11826,1470
> 4:False:7,9:11826,1470
> 5:True:9,10:11826,1470
driverlog-optimal/10/driverlog_p05_hyp-1_10_2.tar.bz2:0.7136402130126953:0.06880270000000001:0.7100000000000009
> 0:True:9,11:11826,1470
> 1:True:8,10:11826,1470
> 2:True:8,10:11826,1470
> 3:True:8,10:11826,1470
> 4:True:7,9:11826,1470
> 5:True:9,11:11826,1470
driverlog-optimal/10/driverlog_p05_hyp-1_10_3.tar.bz2:0.6966705322265625:0.06679696:0.6999999999999993
> 0:True:9,11:11826,1470
> 1:True:8,10:11826,1470
> 2:True:8,10:11826,1470
> 3:True:8,10:11826,1470
> 4:True:7,9:11826,1470
> 5:True:9,11:11826,1470
driverlog-optimal/10/driverlog_p05_hyp-2_10_1.tar.bz2:0.6964921951293945:0.05972561999999999:0.7000000000000028
> 0:True:9,10:11826,1470
> 1:False:8,10:11826,1470
> 2:True:8,9:11826,1470
> 3:False:8,10:11826,1470
> 4:False:7,9:11826,1470
> 5:True:9,10:11826,1470
driverlog-optimal/10/driverlog_p05_hyp-2_10_2.tar.bz2:0.703437328338623:0.06364773000000001:0.6999999999999993
> 0:True:9,10:11826,1470
> 1:False:8,10:11826,1470
> 2:True:8,9:11826,1470
> 3:False:8,10:11826,1470
> 4:False:7,9:11826,1470
> 5:True:9,10:11826,1470
driverlog-optimal/10/driverlog_p05_hyp-2_10_3.tar.bz2:0.7004916667938232:0.06776759:0.6999999999999993
> 0:True:9,11:11826,1470
> 1:True:8,10:11826,1470
> 2:True:8,10:11826,1470
> 3:True:8,10:11826,1470
> 4:True:7,9:11826,1470
> 5:True:9,11:11826,1470
driverlog-optimal/10/driverlog_p05_hyp-3_10_1.tar.bz2:0.7257492542266846:0.06779632:0.7199999999999953
> 0:False:9,11:11826,1470
> 1:True:8,9:11826,1470
> 2:False:8,10:11826,1470
> 3:True:8,9:11826,1470
> 4:True:7,8:11826,1470
> 5:True:9,10:11826,1470
driverlog-optimal/10/driverlog_p05_hyp-3_10_2.tar.bz2:0.7077779769897461:0.07349923:0.7000000000000028
> 0:False:9,11:11826,1470
> 1:True:8,8:11826,1470
> 2:False:8,10:11826,1470
> 3:False:8,9:11826,1470
> 4:False:7,8:11826,1470
> 5:False:9,11:11826,1470
driverlog-optimal/10/driverlog_p05_hyp-3_10_3.tar.bz2:0.7037007808685303:0.07051714:0.6999999999999993
> 0:False:9,11:11826,1470
> 1:True:8,9:11826,1470
> 2:False:8,10:11826,1470
> 3:False:8,10:11826,1470
> 4:True:7,8:11826,1470
> 5:False:9,11:11826,1470
driverlog-optimal/10/driverlog_p05_hyp-4_10_1.tar.bz2:0.700763463973999:0.06875046:0.6999999999999993
> 0:True:9,10:11826,1470
> 1:False:8,10:11826,1470
> 2:True:8,9:11826,1470
> 3:False:8,10:11826,1470
> 4:False:7,9:11826,1470
> 5:True:9,10:11826,1470
driverlog-optimal/10/driverlog_p05_hyp-4_10_2.tar.bz2:0.7129983901977539:0.07153622:0.7100000000000009
> 0:False:9,11:11826,1470
> 1:False:8,10:11826,1470
> 2:False:8,10:11826,1470
> 3:False:8,10:11826,1470
> 4:False:7,9:11826,1470
> 5:True:9,10:11826,1470
driverlog-optimal/10/driverlog_p05_hyp-4_10_3.tar.bz2:0.7038049697875977:0.07077211:0.6999999999999993
> 0:True:9,10:11826,1470
> 1:False:8,10:11826,1470
> 2:True:8,9:11826,1470
> 3:False:8,10:11826,1470
> 4:False:7,9:11826,1470
> 5:True:9,10:11826,1470
driverlog-optimal/30/driverlog_p03_hyp-1_30_1.tar.bz2:0.7776238918304443:0.050567690000000005:0.769999999999996
> 0:True:4,7:3867,725
> 1:True:8,11:3867,725
> 2:True:5,8:3867,725
> 3:True:4,7:3867,725
> 4:True:8,11:3867,725
> 5:True:5,8:3867,725
> 6:True:5,8:3867,725
> 7:True:5,8:3867,725
driverlog-optimal/30/driverlog_p03_hyp-1_30_2.tar.bz2:0.7768471240997314:0.046474800000000004:0.7800000000000047
> 0:True:4,7:3867,725
> 1:True:8,11:3867,725
> 2:True:5,8:3867,725
> 3:True:4,7:3867,725
> 4:True:8,11:3867,725
> 5:True:5,8:3867,725
> 6:True:5,8:3867,725
> 7:True:5,8:3867,725
driverlog-optimal/30/driverlog_p03_hyp-1_30_3.tar.bz2:0.765613317489624:0.04503742000000001:0.7699999999999996
> 0:True:4,6:3867,725
> 1:False:8,11:3867,725
> 2:False:5,8:3867,725
> 3:False:4,7:3867,725
> 4:True:8,10:3867,725
> 5:False:5,8:3867,725
> 6:False:5,8:3867,725
> 7:False:5,8:3867,725
driverlog-optimal/30/driverlog_p03_hyp-2_30_1.tar.bz2:0.7520151138305664:0.04159014999999999:0.75
> 0:True:4,8:3868,726
> 1:True:8,12:3868,726
> 2:True:5,9:3868,726
> 3:True:4,8:3868,726
> 4:True:8,12:3868,726
> 5:True:5,9:3868,726
> 6:True:5,9:3868,726
> 7:True:5,9:3868,726
driverlog-optimal/30/driverlog_p03_hyp-2_30_2.tar.bz2:0.7980632781982422:0.05500799000000001:0.8000000000000007
> 0:False:4,7:3868,726
> 1:True:8,9:3868,726
> 2:False:5,8:3868,726
> 3:False:4,7:3868,726
> 4:True:8,9:3868,726
> 5:False:5,8:3868,726
> 6:False:5,7:3868,726
> 7:False:5,8:3868,726
driverlog-optimal/30/driverlog_p03_hyp-2_30_3.tar.bz2:0.787773609161377:0.04884988:0.7899999999999956
> 0:False:4,8:3868,726
> 1:False:8,12:3868,726
> 2:False:5,9:3868,726
> 3:False:4,8:3868,726
> 4:False:8,12:3868,726
> 5:False:5,9:3868,726
> 6:True:5,8:3868,726
> 7:False:5,9:3868,726
driverlog-optimal/30/driverlog_p03_hyp-3_30_1.tar.bz2:0.7893631458282471:0.05085351:0.7900000000000027
> 0:True:4,6:3867,725
> 1:True:8,10:3867,725
> 2:True:5,7:3867,725
> 3:True:4,6:3867,725
> 4:True:8,10:3867,725
> 5:True:5,7:3867,725
> 6:True:5,7:3867,725
> 7:False:5,8:3867,725
driverlog-optimal/30/driverlog_p03_hyp-3_30_2.tar.bz2:0.7852742671966553:0.04502506:0.7900000000000027
> 0:False:4,7:3867,725
> 1:False:8,11:3867,725
> 2:True:5,7:3867,725
> 3:False:4,7:3867,725
> 4:False:8,11:3867,725
> 5:True:5,7:3867,725
> 6:False:5,8:3867,725
> 7:False:5,8:3867,725
driverlog-optimal/30/driverlog_p03_hyp-3_30_3.tar.bz2:0.7632014751434326:0.04379210000000001:0.769999999999996
> 0:False:4,7:3867,725
> 1:True:8,10:3867,725
> 2:True:5,7:3867,725
> 3:False:4,7:3867,725
> 4:True:8,10:3867,725
> 5:True:5,7:3867,725
> 6:False:5,8:3867,725
> 7:True:5,7:3867,725
driverlog-optimal/30/driverlog_p03_hyp-4_30_1.tar.bz2:0.7969112396240234:0.04859058:0.7900000000000063
> 0:True:4,5:3867,725
> 1:False:8,10:3867,725
> 2:False:5,8:3867,725
> 3:True:4,5:3867,725
> 4:False:8,10:3867,725
> 5:False:5,8:3867,725
> 6:True:5,6:3867,725
> 7:False:5,8:3867,725
driverlog-optimal/30/driverlog_p03_hyp-4_30_2.tar.bz2:0.7777390480041504:0.046085230000000005:0.779999999999994
> 0:True:4,5:3867,725
> 1:False:8,10:3867,725
> 2:False:5,8:3867,725
> 3:True:4,5:3867,725
> 4:False:8,10:3867,725
> 5:False:5,8:3867,725
> 6:True:5,6:3867,725
> 7:False:5,8:3867,725
driverlog-optimal/30/driverlog_p03_hyp-4_30_3.tar.bz2:0.79750657081604:0.05250844:0.7899999999999991
> 0:True:4,6:3867,725
> 1:False:8,11:3867,725
> 2:False:5,8:3867,725
> 3:True:4,6:3867,725
> 4:False:8,11:3867,725
> 5:False:5,8:3867,725
> 6:True:5,7:3867,725
> 7:False:5,8:3867,725
driverlog-optimal/30/driverlog_p04_hyp-1_30_1.tar.bz2:0.6830511093139648:0.05867174:0.6799999999999997
> 0:True:9,11:8758,1143
> 1:False:7,11:8758,1143
> 2:True:9,11:8758,1143
> 3:False:10,14:8758,1143
> 4:False:9,13:8758,1143
> 5:True:11,13:8758,1143
driverlog-optimal/30/driverlog_p04_hyp-1_30_2.tar.bz2:0.6456911563873291:0.052952519999999996:0.6300000000000026
> 0:False:9,11:8758,1143
> 1:False:7,11:8758,1143
> 2:True:9,10:8758,1143
> 3:False:10,13:8758,1143
> 4:False:9,11:8758,1143
> 5:False:11,13:8758,1143
driverlog-optimal/30/driverlog_p04_hyp-1_30_3.tar.bz2:0.6701996326446533:0.05818003000000001:0.6700000000000017
> 0:False:9,10:8758,1143
> 1:False:7,11:8758,1143
> 2:True:9,9:8758,1143
> 3:False:10,14:8758,1143
> 4:False:9,12:8758,1143
> 5:False:11,12:8758,1143
driverlog-optimal/30/driverlog_p04_hyp-2_30_1.tar.bz2:0.657562255859375:0.057891210000000005:0.6600000000000037
> 0:False:9,13:8758,1143
> 1:False:7,9:8758,1143
> 2:False:9,13:8758,1143
> 3:True:10,11:8758,1143
> 4:False:9,12:8758,1143
> 5:False:11,14:8758,1143
driverlog-optimal/30/driverlog_p04_hyp-2_30_2.tar.bz2:0.6535332202911377:0.05603229:0.6499999999999986
> 0:False:9,13:8758,1143
> 1:False:7,10:8758,1143
> 2:False:9,12:8758,1143
> 3:True:10,11:8758,1143
> 4:False:9,12:8758,1143
> 5:False:11,13:8758,1143
driverlog-optimal/30/driverlog_p04_hyp-2_30_3.tar.bz2:0.6576662063598633:0.05985376:0.6600000000000037
> 0:False:9,13:8758,1143
> 1:False:7,9:8758,1143
> 2:False:9,12:8758,1143
> 3:True:10,10:8758,1143
> 4:False:9,11:8758,1143
> 5:False:11,13:8758,1143
driverlog-optimal/30/driverlog_p04_hyp-3_30_1.tar.bz2:0.6698758602142334:0.06069354:0.6700000000000017
> 0:False:9,11:8758,1143
> 1:False:7,11:8758,1143
> 2:True:9,9:8758,1143
> 3:False:10,13:8758,1143
> 4:False:9,12:8758,1143
> 5:False:11,13:8758,1143
driverlog-optimal/30/driverlog_p04_hyp-3_30_2.tar.bz2:0.6739048957824707:0.0639708:0.6699999999999946
> 0:False:9,11:8758,1143
> 1:False:7,11:8758,1143
> 2:True:9,9:8758,1143
> 3:False:10,14:8758,1143
> 4:False:9,12:8758,1143
> 5:False:11,13:8758,1143
driverlog-optimal/30/driverlog_p04_hyp-3_30_3.tar.bz2:0.6748013496398926:0.05958719:0.6799999999999997
> 0:False:9,11:8758,1143
> 1:False:7,11:8758,1143
> 2:True:9,9:8758,1143
> 3:False:10,13:8758,1143
> 4:False:9,11:8758,1143
> 5:False:11,13:8758,1143
driverlog-optimal/30/driverlog_p04_hyp-4_30_1.tar.bz2:0.6509432792663574:0.05239939:0.6499999999999986
> 0:False:9,14:8759,1144
> 1:False:7,11:8759,1144
> 2:False:9,14:8759,1144
> 3:False:10,14:8759,1144
> 4:True:9,12:8759,1144
> 5:False:11,16:8759,1144
driverlog-optimal/30/driverlog_p04_hyp-4_30_2.tar.bz2:0.6531267166137695:0.05976469:0.6499999999999986
> 0:False:9,13:8759,1144
> 1:False:7,11:8759,1144
> 2:False:9,13:8759,1144
> 3:False:10,14:8759,1144
> 4:True:9,11:8759,1144
> 5:False:11,15:8759,1144
driverlog-optimal/30/driverlog_p04_hyp-4_30_3.tar.bz2:0.6458070278167725:0.05737729:0.6500000000000057
> 0:False:9,13:8759,1144
> 1:False:7,11:8759,1144
> 2:True:9,11:8759,1144
> 3:False:10,13:8759,1144
> 4:True:9,11:8759,1144
> 5:False:11,15:8759,1144
driverlog-optimal/30/driverlog_p05_hyp-1_30_1.tar.bz2:0.687443733215332:0.07011956999999999:0.6899999999999977
> 0:True:9,13:11829,1473
> 1:False:8,13:11829,1473
> 2:True:8,12:11829,1473
> 3:False:8,13:11829,1473
> 4:False:7,12:11829,1473
> 5:True:9,13:11829,1473
driverlog-optimal/30/driverlog_p05_hyp-1_30_2.tar.bz2:0.6956102848052979:0.0682267:0.7000000000000028
> 0:True:9,12:11829,1473
> 1:False:8,13:11829,1473
> 2:True:8,11:11829,1473
> 3:False:8,13:11829,1473
> 4:False:7,12:11829,1473
> 5:False:9,13:11829,1473
driverlog-optimal/30/driverlog_p05_hyp-1_30_3.tar.bz2:0.7085669040679932:0.06740156:0.7000000000000028
> 0:True:9,13:11829,1473
> 1:False:8,13:11829,1473
> 2:False:8,13:11829,1473
> 3:False:8,13:11829,1473
> 4:False:7,12:11829,1473
> 5:False:9,14:11829,1473
driverlog-optimal/30/driverlog_p05_hyp-2_30_1.tar.bz2:0.7170016765594482:0.0745247:0.7100000000000009
> 0:True:9,14:11829,1473
> 1:True:8,13:11829,1473
> 2:True:8,13:11829,1473
> 3:True:8,13:11829,1473
> 4:True:7,12:11829,1473
> 5:True:9,14:11829,1473
driverlog-optimal/30/driverlog_p05_hyp-2_30_2.tar.bz2:0.7135560512542725:0.0736506:0.720000000000006
> 0:False:9,12:11829,1473
> 1:False:8,13:11829,1473
> 2:True:8,10:11829,1473
> 3:False:8,13:11829,1473
> 4:False:7,12:11829,1473
> 5:False:9,12:11829,1473
driverlog-optimal/30/driverlog_p05_hyp-2_30_3.tar.bz2:0.699256420135498:0.0669029:0.6999999999999957
> 0:True:9,14:11829,1473
> 1:True:8,13:11829,1473
> 2:True:8,13:11829,1473
> 3:True:8,13:11829,1473
> 4:True:7,12:11829,1473
> 5:True:9,14:11829,1473
driverlog-optimal/30/driverlog_p05_hyp-3_30_1.tar.bz2:0.7010598182678223:0.06445525:0.7100000000000009
> 0:False:9,14:11829,1473
> 1:True:8,12:11829,1473
> 2:False:8,13:11829,1473
> 3:False:8,13:11829,1473
> 4:True:7,11:11829,1473
> 5:False:9,14:11829,1473
driverlog-optimal/30/driverlog_p05_hyp-3_30_2.tar.bz2:0.7005388736724854:0.06740904:0.6999999999999957
> 0:False:9,14:11829,1473
> 1:True:8,11:11829,1473
> 2:False:8,13:11829,1473
> 3:False:8,12:11829,1473
> 4:True:7,10:11829,1473
> 5:False:9,14:11829,1473
driverlog-optimal/30/driverlog_p05_hyp-3_30_3.tar.bz2:0.7078073024749756:0.0722138:0.7000000000000028
> 0:False:9,14:11829,1473
> 1:True:8,11:11829,1473
> 2:False:8,13:11829,1473
> 3:True:8,11:11829,1473
> 4:False:7,11:11829,1473
> 5:False:9,13:11829,1473
driverlog-optimal/30/driverlog_p05_hyp-4_30_1.tar.bz2:0.7003812789916992:0.06275239:0.6899999999999977
> 0:True:9,13:11829,1473
> 1:False:8,13:11829,1473
> 2:True:8,12:11829,1473
> 3:False:8,13:11829,1473
> 4:False:7,12:11829,1473
> 5:True:9,13:11829,1473
driverlog-optimal/30/driverlog_p05_hyp-4_30_2.tar.bz2:0.7122924327850342:0.06479576:0.7000000000000028
> 0:False:9,14:11829,1473
> 1:False:8,13:11829,1473
> 2:False:8,12:11829,1473
> 3:False:8,12:11829,1473
> 4:False:7,12:11829,1473
> 5:True:9,12:11829,1473
driverlog-optimal/30/driverlog_p05_hyp-4_30_3.tar.bz2:0.7080464363098145:0.0675505:0.7100000000000009
> 0:False:9,14:11829,1473
> 1:False:8,13:11829,1473
> 2:False:8,13:11829,1473
> 3:False:8,13:11829,1473
> 4:False:7,12:11829,1473
> 5:True:9,13:11829,1473
driverlog-optimal/50/driverlog_p03_hyp-1_50_1.tar.bz2:0.7810513973236084:0.04960655:0.7800000000000011
> 0:True:4,8:3868,726
> 1:True:8,12:3868,726
> 2:True:5,9:3868,726
> 3:True:4,8:3868,726
> 4:True:8,12:3868,726
> 5:True:5,9:3868,726
> 6:True:5,9:3868,726
> 7:True:5,9:3868,726
driverlog-optimal/50/driverlog_p03_hyp-1_50_2.tar.bz2:0.742725133895874:0.0422945:0.7399999999999949
> 0:True:4,7:3868,726
> 1:False:8,12:3868,726
> 2:False:5,9:3868,726
> 3:False:4,8:3868,726
> 4:False:8,12:3868,726
> 5:False:5,9:3868,726
> 6:False:5,9:3868,726
> 7:False:5,9:3868,726
driverlog-optimal/50/driverlog_p03_hyp-1_50_3.tar.bz2:0.7823436260223389:0.04849121000000001:0.7900000000000063
> 0:True:4,6:3868,726
> 1:False:8,12:3868,726
> 2:False:5,9:3868,726
> 3:False:4,8:3868,726
> 4:False:8,11:3868,726
> 5:False:5,9:3868,726
> 6:False:5,8:3868,726
> 7:False:5,9:3868,726
driverlog-optimal/50/driverlog_p03_hyp-2_50_1.tar.bz2:0.7697360515594482:0.05224539:0.769999999999996
> 0:False:4,11:3871,729
> 1:True:8,13:3871,729
> 2:False:5,11:3871,729
> 3:False:4,11:3871,729
> 4:True:8,13:3871,729
> 5:False:5,11:3871,729
> 6:False:5,12:3871,729
> 7:True:5,10:3871,729
driverlog-optimal/50/driverlog_p03_hyp-2_50_2.tar.bz2:0.8136141300201416:0.05388387:0.8100000000000023
> 0:False:4,11:3871,729
> 1:True:8,12:3871,729
> 2:False:5,12:3871,729
> 3:False:4,11:3871,729
> 4:True:8,12:3871,729
> 5:False:5,12:3871,729
> 6:False:5,11:3871,729
> 7:False:5,10:3871,729
driverlog-optimal/50/driverlog_p03_hyp-2_50_3.tar.bz2:0.7642624378204346:0.049432750000000004:0.769999999999996
> 0:False:4,10:3871,729
> 1:True:8,13:3871,729
> 2:False:5,11:3871,729
> 3:False:4,10:3871,729
> 4:True:8,13:3871,729
> 5:False:5,11:3871,729
> 6:False:5,11:3871,729
> 7:True:5,10:3871,729
driverlog-optimal/50/driverlog_p03_hyp-3_50_1.tar.bz2:0.7841169834136963:0.048909930000000004:0.7800000000000011
> 0:False:4,8:3869,727
> 1:True:8,11:3869,727
> 2:True:5,8:3869,727
> 3:False:4,8:3869,727
> 4:True:8,11:3869,727
> 5:True:5,8:3869,727
> 6:False:5,9:3869,727
> 7:True:5,8:3869,727
driverlog-optimal/50/driverlog_p03_hyp-3_50_2.tar.bz2:0.7488913536071777:0.047798919999999995:0.75
> 0:False:4,9:3869,727
> 1:True:8,11:3869,727
> 2:True:5,8:3869,727
> 3:False:4,9:3869,727
> 4:True:8,11:3869,727
> 5:True:5,8:3869,727
> 6:False:5,9:3869,727
> 7:False:5,9:3869,727
driverlog-optimal/50/driverlog_p03_hyp-3_50_3.tar.bz2:0.7580819129943848:0.0546627:0.75
> 0:False:4,9:3869,727
> 1:False:8,12:3869,727
> 2:True:5,8:3869,727
> 3:False:4,9:3869,727
> 4:False:8,12:3869,727
> 5:True:5,8:3869,727
> 6:False:5,10:3869,727
> 7:False:5,9:3869,727
driverlog-optimal/50/driverlog_p03_hyp-4_50_1.tar.bz2:0.7558839321136475:0.0481459:0.7600000000000051
> 0:True:4,7:3868,726
> 1:False:8,12:3868,726
> 2:False:5,9:3868,726
> 3:True:4,7:3868,726
> 4:False:8,12:3868,726
> 5:False:5,9:3868,726
> 6:True:5,8:3868,726
> 7:False:5,9:3868,726
driverlog-optimal/50/driverlog_p03_hyp-4_50_2.tar.bz2:0.7634921073913574:0.049650009999999994:0.769999999999996
> 0:True:4,7:3868,726
> 1:True:8,11:3868,726
> 2:False:5,9:3868,726
> 3:True:4,7:3868,726
> 4:True:8,11:3868,726
> 5:False:5,9:3868,726
> 6:True:5,8:3868,726
> 7:False:5,9:3868,726
driverlog-optimal/50/driverlog_p03_hyp-4_50_3.tar.bz2:0.7579758167266846:0.048155340000000005:0.7600000000000051
> 0:True:4,7:3868,726
> 1:True:8,11:3868,726
> 2:False:5,9:3868,726
> 3:True:4,7:3868,726
> 4:True:8,11:3868,726
> 5:False:5,9:3868,726
> 6:True:5,8:3868,726
> 7:False:5,9:3868,726
driverlog-optimal/50/driverlog_p04_hyp-1_50_1.tar.bz2:0.6605439186096191:0.05803763999999999:0.6599999999999966
> 0:True:9,11:8761,1146
> 1:False:7,14:8761,1146
> 2:True:9,11:8761,1146
> 3:False:10,15:8761,1146
> 4:False:9,13:8761,1146
> 5:False:11,15:8761,1146
driverlog-optimal/50/driverlog_p04_hyp-1_50_2.tar.bz2:0.6471033096313477:0.05753801:0.6600000000000037
> 0:False:9,11:8761,1146
> 1:False:7,13:8761,1146
> 2:True:9,9:8761,1146
> 3:False:10,14:8761,1146
> 4:False:9,13:8761,1146
> 5:False:11,13:8761,1146
driverlog-optimal/50/driverlog_p04_hyp-1_50_3.tar.bz2:0.6473212242126465:0.05136015:0.6499999999999986
> 0:False:9,12:8761,1146
> 1:False:7,13:8761,1146
> 2:True:9,10:8761,1146
> 3:False:10,14:8761,1146
> 4:False:9,13:8761,1146
> 5:False:11,14:8761,1146
driverlog-optimal/50/driverlog_p04_hyp-2_50_1.tar.bz2:0.6374337673187256:0.055188049999999995:0.6299999999999955
> 0:False:9,14:8760,1145
> 1:False:7,10:8760,1145
> 2:False:9,13:8760,1145
> 3:True:10,12:8760,1145
> 4:False:9,13:8760,1145
> 5:False:11,14:8760,1145
driverlog-optimal/50/driverlog_p04_hyp-2_50_2.tar.bz2:0.6611318588256836:0.061389599999999996:0.6600000000000108
> 0:False:9,15:8760,1145
> 1:False:7,9:8760,1145
> 2:False:9,14:8760,1145
> 3:True:10,11:8760,1145
> 4:False:9,12:8760,1145
> 5:False:11,15:8760,1145
driverlog-optimal/50/driverlog_p04_hyp-2_50_3.tar.bz2:0.6410715579986572:0.05566:0.6499999999999915
> 0:False:9,13:8760,1145
> 1:False:7,9:8760,1145
> 2:False:9,12:8760,1145
> 3:True:10,11:8760,1145
> 4:False:9,12:8760,1145
> 5:False:11,13:8760,1145
driverlog-optimal/50/driverlog_p04_hyp-3_50_1.tar.bz2:0.6448748111724854:0.05812884:0.6500000000000057
> 0:False:9,12:8759,1144
> 1:False:7,13:8759,1144
> 2:True:9,10:8759,1144
> 3:False:10,15:8759,1144
> 4:False:9,13:8759,1144
> 5:False:11,14:8759,1144
driverlog-optimal/50/driverlog_p04_hyp-3_50_2.tar.bz2:0.6572995185852051:0.058054919999999996:0.6599999999999966
> 0:False:9,13:8759,1144
> 1:False:7,13:8759,1144
> 2:True:9,11:8759,1144
> 3:False:10,14:8759,1144
> 4:False:9,13:8759,1144
> 5:False:11,15:8759,1144
driverlog-optimal/50/driverlog_p04_hyp-3_50_3.tar.bz2:0.6466808319091797:0.05736642:0.6499999999999915
> 0:False:9,13:8759,1144
> 1:False:7,13:8759,1144
> 2:True:9,11:8759,1144
> 3:False:10,15:8759,1144
> 4:False:9,13:8759,1144
> 5:False:11,15:8759,1144
driverlog-optimal/50/driverlog_p04_hyp-4_50_1.tar.bz2:0.6505346298217773:0.05910376:0.6500000000000057
> 0:False:9,15:8761,1146
> 1:False:7,11:8761,1146
> 2:False:9,14:8761,1146
> 3:False:10,15:8761,1146
> 4:True:9,12:8761,1146
> 5:False:11,17:8761,1146
driverlog-optimal/50/driverlog_p04_hyp-4_50_2.tar.bz2:0.6429958343505859:0.05886007:0.6399999999999864
> 0:False:9,14:8761,1146
> 1:False:7,12:8761,1146
> 2:True:9,12:8761,1146
> 3:False:10,14:8761,1146
> 4:True:9,12:8761,1146
> 5:False:11,16:8761,1146
driverlog-optimal/50/driverlog_p04_hyp-4_50_3.tar.bz2:0.6685690879821777:0.0639204:0.6599999999999966
> 0:False:9,14:8761,1146
> 1:False:7,12:8761,1146
> 2:True:9,13:8761,1146
> 3:False:10,15:8761,1146
> 4:True:9,13:8761,1146
> 5:False:11,16:8761,1146
driverlog-optimal/50/driverlog_p05_hyp-1_50_1.tar.bz2:0.7274057865142822:0.0755828:0.7299999999999898
> 0:True:9,14:11832,1476
> 1:False:8,15:11832,1476
> 2:True:8,13:11832,1476
> 3:False:8,16:11832,1476
> 4:False:7,14:11832,1476
> 5:True:9,14:11832,1476
driverlog-optimal/50/driverlog_p05_hyp-1_50_2.tar.bz2:0.7249946594238281:0.0741465:0.7300000000000182
> 0:True:9,14:11832,1476
> 1:False:8,15:11832,1476
> 2:False:8,14:11832,1476
> 3:False:8,16:11832,1476
> 4:False:7,14:11832,1476
> 5:False:9,15:11832,1476
driverlog-optimal/50/driverlog_p05_hyp-1_50_3.tar.bz2:0.7010066509246826:0.06989359:0.7000000000000028
> 0:True:9,12:11832,1476
> 1:False:8,13:11832,1476
> 2:False:8,12:11832,1476
> 3:False:8,15:11832,1476
> 4:False:7,13:11832,1476
> 5:False:9,13:11832,1476
driverlog-optimal/50/driverlog_p05_hyp-2_50_1.tar.bz2:0.7063169479370117:0.06681075:0.7000000000000028
> 0:True:9,13:11831,1475
> 1:False:8,15:11831,1475
> 2:True:8,12:11831,1475
> 3:False:8,15:11831,1475
> 4:False:7,14:11831,1475
> 5:True:9,13:11831,1475
driverlog-optimal/50/driverlog_p05_hyp-2_50_2.tar.bz2:0.7041513919830322:0.06992467:0.7000000000000028
> 0:True:9,14:11831,1475
> 1:False:8,15:11831,1475
> 2:True:8,13:11831,1475
> 3:False:8,15:11831,1475
> 4:False:7,14:11831,1475
> 5:True:9,14:11831,1475
driverlog-optimal/50/driverlog_p05_hyp-2_50_3.tar.bz2:0.6984083652496338:0.0705283:0.6899999999999977
> 0:False:9,15:11831,1475
> 1:False:8,15:11831,1475
> 2:True:8,13:11831,1475
> 3:False:8,15:11831,1475
> 4:False:7,14:11831,1475
> 5:False:9,15:11831,1475
driverlog-optimal/50/driverlog_p05_hyp-3_50_1.tar.bz2:0.7058730125427246:0.06656953:0.7099999999999937
> 0:False:9,16:11831,1475
> 1:True:8,12:11831,1475
> 2:False:8,15:11831,1475
> 3:False:8,13:11831,1475
> 4:True:7,11:11831,1475
> 5:False:9,16:11831,1475
driverlog-optimal/50/driverlog_p05_hyp-3_50_2.tar.bz2:0.7226190567016602:0.0746969:0.7199999999999989
> 0:False:9,16:11831,1475
> 1:True:8,12:11831,1475
> 2:False:8,15:11831,1475
> 3:False:8,13:11831,1475
> 4:True:7,11:11831,1475
> 5:False:9,15:11831,1475
driverlog-optimal/50/driverlog_p05_hyp-3_50_3.tar.bz2:0.7119717597961426:0.06426670000000001:0.710000000000008
> 0:False:9,16:11831,1475
> 1:True:8,11:11831,1475
> 2:False:8,15:11831,1475
> 3:False:8,12:11831,1475
> 4:False:7,11:11831,1475
> 5:False:9,15:11831,1475
driverlog-optimal/50/driverlog_p05_hyp-4_50_1.tar.bz2:0.7103273868560791:0.0692559:0.7099999999999937
> 0:False:9,16:11832,1476
> 1:False:8,16:11832,1476
> 2:False:8,14:11832,1476
> 3:False:8,15:11832,1476
> 4:False:7,14:11832,1476
> 5:True:9,13:11832,1476
driverlog-optimal/50/driverlog_p05_hyp-4_50_2.tar.bz2:0.7142810821533203:0.071564:0.7099999999999937
> 0:False:9,14:11832,1476
> 1:False:8,16:11832,1476
> 2:True:8,12:11832,1476
> 3:False:8,15:11832,1476
> 4:False:7,14:11832,1476
> 5:True:9,13:11832,1476
driverlog-optimal/50/driverlog_p05_hyp-4_50_3.tar.bz2:0.6873526573181152:0.06572203:0.6899999999999977
> 0:False:9,15:11832,1476
> 1:False:8,16:11832,1476
> 2:False:8,13:11832,1476
> 3:False:8,16:11832,1476
> 4:False:7,14:11832,1476
> 5:True:9,13:11832,1476
driverlog-optimal/70/driverlog_p03_hyp-1_70_1.tar.bz2:0.7753200531005859:0.04948579:0.769999999999996
> 0:True:4,7:3870,728
> 1:False:8,14:3870,728
> 2:False:5,11:3870,728
> 3:False:4,9:3870,728
> 4:False:8,13:3870,728
> 5:False:5,11:3870,728
> 6:False:5,9:3870,728
> 7:False:5,11:3870,728
driverlog-optimal/70/driverlog_p03_hyp-1_70_2.tar.bz2:0.7633886337280273:0.04575709:0.7600000000000051
> 0:True:4,8:3870,728
> 1:False:8,14:3870,728
> 2:False:5,11:3870,728
> 3:False:4,10:3870,728
> 4:False:8,13:3870,728
> 5:False:5,11:3870,728
> 6:False:5,10:3870,728
> 7:False:5,11:3870,728
driverlog-optimal/70/driverlog_p03_hyp-1_70_3.tar.bz2:0.7655849456787109:0.047622399999999995:0.7600000000000051
> 0:True:4,7:3870,728
> 1:False:8,14:3870,728
> 2:False:5,11:3870,728
> 3:False:4,9:3870,728
> 4:False:8,13:3870,728
> 5:False:5,11:3870,728
> 6:False:5,9:3870,728
> 7:False:5,11:3870,728
driverlog-optimal/70/driverlog_p03_hyp-2_70_1.tar.bz2:0.7486467361450195:0.046701309999999996:0.7499999999999858
> 0:False:4,13:3874,732
> 1:True:8,13:3874,732
> 2:False:5,14:3874,732
> 3:False:4,13:3874,732
> 4:True:8,13:3874,732
> 5:False:5,14:3874,732
> 6:False:5,13:3874,732
> 7:False:5,13:3874,732
driverlog-optimal/70/driverlog_p03_hyp-2_70_2.tar.bz2:0.753443717956543:0.04531392:0.7400000000000091
> 0:False:4,13:3874,732
> 1:True:8,13:3874,732
> 2:False:5,14:3874,732
> 3:False:4,13:3874,732
> 4:True:8,13:3874,732
> 5:False:5,14:3874,732
> 6:False:5,13:3874,732
> 7:False:5,12:3874,732
driverlog-optimal/70/driverlog_p03_hyp-2_70_3.tar.bz2:0.7732610702514648:0.051797800000000005:0.7800000000000011
> 0:False:4,13:3874,732
> 1:True:8,13:3874,732
> 2:False:5,15:3874,732
> 3:False:4,13:3874,732
> 4:True:8,13:3874,732
> 5:False:5,15:3874,732
> 6:False:5,13:3874,732
> 7:False:5,12:3874,732
driverlog-optimal/70/driverlog_p03_hyp-3_70_1.tar.bz2:0.7724878787994385:0.05139771:0.769999999999996
> 0:False:4,11:3871,729
> 1:True:8,12:3871,729
> 2:True:5,9:3871,729
> 3:False:4,11:3871,729
> 4:True:8,12:3871,729
> 5:True:5,9:3871,729
> 6:False:5,11:3871,729
> 7:False:5,10:3871,729
driverlog-optimal/70/driverlog_p03_hyp-3_70_2.tar.bz2:0.7581524848937988:0.05058641:0.7599999999999909
> 0:False:4,11:3871,729
> 1:False:8,13:3871,729
> 2:True:5,9:3871,729
> 3:False:4,11:3871,729
> 4:False:8,13:3871,729
> 5:True:5,9:3871,729
> 6:False:5,11:3871,729
> 7:False:5,11:3871,729
driverlog-optimal/70/driverlog_p03_hyp-3_70_3.tar.bz2:0.7635555267333984:0.05270247:0.7600000000000051
> 0:False:4,11:3871,729
> 1:False:8,13:3871,729
> 2:True:5,8:3871,729
> 3:False:4,11:3871,729
> 4:False:8,13:3871,729
> 5:True:5,8:3871,729
> 6:False:5,11:3871,729
> 7:False:5,11:3871,729
driverlog-optimal/70/driverlog_p03_hyp-4_70_1.tar.bz2:0.7609221935272217:0.047514810000000005:0.7599999999999909
> 0:True:4,8:3870,728
> 1:False:8,13:3870,728
> 2:False:5,11:3870,728
> 3:True:4,8:3870,728
> 4:False:8,13:3870,728
> 5:False:5,11:3870,728
> 6:True:5,9:3870,728
> 7:False:5,11:3870,728
driverlog-optimal/70/driverlog_p03_hyp-4_70_2.tar.bz2:0.7776162624359131:0.054209179999999996:0.769999999999996
> 0:True:4,7:3870,728
> 1:False:8,13:3870,728
> 2:False:5,11:3870,728
> 3:True:4,7:3870,728
> 4:False:8,13:3870,728
> 5:False:5,11:3870,728
> 6:True:5,8:3870,728
> 7:False:5,11:3870,728
driverlog-optimal/70/driverlog_p03_hyp-4_70_3.tar.bz2:0.7591824531555176:0.053121829999999995:0.7599999999999909
> 0:True:4,8:3870,728
> 1:False:8,13:3870,728
> 2:False:5,11:3870,728
> 3:True:4,8:3870,728
> 4:False:8,13:3870,728
> 5:False:5,11:3870,728
> 6:True:5,9:3870,728
> 7:False:5,11:3870,728
driverlog-optimal/70/driverlog_p04_hyp-1_70_1.tar.bz2:0.6557533740997314:0.05880636000000001:0.6400000000000148
> 0:True:9,12:8764,1149
> 1:False:7,16:8764,1149
> 2:True:9,12:8764,1149
> 3:False:10,17:8764,1149
> 4:False:9,15:8764,1149
> 5:False:11,16:8764,1149
driverlog-optimal/70/driverlog_p04_hyp-1_70_2.tar.bz2:0.6572554111480713:0.0613581:0.6500000000000057
> 0:False:9,12:8764,1149
> 1:False:7,16:8764,1149
> 2:True:9,11:8764,1149
> 3:False:10,17:8764,1149
> 4:False:9,16:8764,1149
> 5:False:11,15:8764,1149
driverlog-optimal/70/driverlog_p04_hyp-1_70_3.tar.bz2:0.6575510501861572:0.05991882:0.6599999999999966
> 0:False:9,12:8764,1149
> 1:False:7,15:8764,1149
> 2:True:9,11:8764,1149
> 3:False:10,16:8764,1149
> 4:False:9,15:8764,1149
> 5:False:11,15:8764,1149
driverlog-optimal/70/driverlog_p04_hyp-2_70_1.tar.bz2:0.6432027816772461:0.057437779999999994:0.6400000000000006
> 0:False:9,16:8762,1147
> 1:True:7,10:8762,1147
> 2:False:9,15:8762,1147
> 3:True:10,13:8762,1147
> 4:False:9,14:8762,1147
> 5:False:11,16:8762,1147
driverlog-optimal/70/driverlog_p04_hyp-2_70_2.tar.bz2:0.6513912677764893:0.05675252000000001:0.6599999999999966
> 0:False:9,15:8762,1147
> 1:False:7,10:8762,1147
> 2:False:9,14:8762,1147
> 3:True:10,11:8762,1147
> 4:False:9,12:8762,1147
> 5:False:11,15:8762,1147
driverlog-optimal/70/driverlog_p04_hyp-2_70_3.tar.bz2:0.6640264987945557:0.05739661:0.6600000000000108
> 0:False:9,17:8762,1147
> 1:True:7,11:8762,1147
> 2:False:9,16:8762,1147
> 3:True:10,14:8762,1147
> 4:False:9,14:8762,1147
> 5:False:11,17:8762,1147
driverlog-optimal/70/driverlog_p04_hyp-3_70_1.tar.bz2:0.6594953536987305:0.06321231999999999:0.6599999999999824
> 0:False:9,13:8761,1146
> 1:False:7,14:8761,1146
> 2:True:9,11:8761,1146
> 3:False:10,16:8761,1146
> 4:False:9,14:8761,1146
> 5:False:11,15:8761,1146
driverlog-optimal/70/driverlog_p04_hyp-3_70_2.tar.bz2:0.6495206356048584:0.050968150000000004:0.6500000000000057
> 0:False:9,12:8762,1147
> 1:False:7,15:8762,1147
> 2:True:9,10:8762,1147
> 3:False:10,16:8762,1147
> 4:False:9,15:8762,1147
> 5:False:11,14:8762,1147
driverlog-optimal/70/driverlog_p04_hyp-3_70_3.tar.bz2:0.6434144973754883:0.056166:0.6400000000000006
> 0:False:9,11:8762,1147
> 1:False:7,13:8762,1147
> 2:True:9,9:8762,1147
> 3:False:10,14:8762,1147
> 4:False:9,13:8762,1147
> 5:False:11,13:8762,1147
driverlog-optimal/70/driverlog_p04_hyp-4_70_1.tar.bz2:0.6480531692504883:0.06245598:0.6499999999999915
> 0:False:9,16:8764,1149
> 1:False:7,13:8764,1149
> 2:False:9,15:8764,1149
> 3:False:10,15:8764,1149
> 4:True:9,13:8764,1149
> 5:False:11,18:8764,1149
driverlog-optimal/70/driverlog_p04_hyp-4_70_2.tar.bz2:0.6567795276641846:0.05106743:0.6600000000000108
> 0:False:9,17:8764,1149
> 1:False:7,14:8764,1149
> 2:False:9,16:8764,1149
> 3:False:10,16:8764,1149
> 4:True:9,13:8764,1149
> 5:False:11,20:8764,1149
driverlog-optimal/70/driverlog_p04_hyp-4_70_3.tar.bz2:0.6500754356384277:0.057790339999999996:0.6499999999999915
> 0:False:9,17:8764,1149
> 1:False:7,14:8764,1149
> 2:False:9,15:8764,1149
> 3:False:10,17:8764,1149
> 4:True:9,14:8764,1149
> 5:False:11,19:8764,1149
driverlog-optimal/70/driverlog_p05_hyp-1_70_1.tar.bz2:0.7049851417541504:0.06494273:0.7099999999999937
> 0:True:9,14:11835,1479
> 1:False:8,15:11835,1479
> 2:False:8,14:11835,1479
> 3:False:8,17:11835,1479
> 4:False:7,14:11835,1479
> 5:False:9,15:11835,1479
driverlog-optimal/70/driverlog_p05_hyp-1_70_2.tar.bz2:0.6986675262451172:0.06498017:0.7000000000000028
> 0:True:9,15:11835,1479
> 1:False:8,16:11835,1479
> 2:False:8,15:11835,1479
> 3:False:8,18:11835,1479
> 4:False:7,16:11835,1479
> 5:False:9,16:11835,1479
driverlog-optimal/70/driverlog_p05_hyp-1_70_3.tar.bz2:0.7085683345794678:0.0720972:0.710000000000008
> 0:True:9,15:11835,1479
> 1:False:8,18:11835,1479
> 2:True:8,14:11835,1479
> 3:False:8,19:11835,1479
> 4:False:7,16:11835,1479
> 5:False:9,16:11835,1479
driverlog-optimal/70/driverlog_p05_hyp-2_70_1.tar.bz2:0.6934223175048828:0.06347963999999999:0.6899999999999835
> 0:False:9,16:11834,1478
> 1:False:8,18:11834,1478
> 2:True:8,14:11834,1478
> 3:False:8,18:11834,1478
> 4:False:7,15:11834,1478
> 5:False:9,16:11834,1478
driverlog-optimal/70/driverlog_p05_hyp-2_70_2.tar.bz2:0.7010390758514404:0.0674479:0.710000000000008
> 0:False:9,15:11834,1478
> 1:False:8,18:11834,1478
> 2:True:8,13:11834,1478
> 3:False:8,17:11834,1478
> 4:False:7,15:11834,1478
> 5:False:9,15:11834,1478
driverlog-optimal/70/driverlog_p05_hyp-2_70_3.tar.bz2:0.7030134201049805:0.06950926:0.6999999999999886
> 0:False:9,15:11834,1478
> 1:False:8,18:11834,1478
> 2:True:8,13:11834,1478
> 3:False:8,18:11834,1478
> 4:False:7,15:11834,1478
> 5:False:9,15:11834,1478
driverlog-optimal/70/driverlog_p05_hyp-3_70_1.tar.bz2:0.7028131484985352:0.06560553000000001:0.710000000000008
> 0:False:9,18:11834,1478
> 1:True:8,12:11834,1478
> 2:False:8,17:11834,1478
> 3:False:8,13:11834,1478
> 4:False:7,12:11834,1478
> 5:False:9,18:11834,1478
driverlog-optimal/70/driverlog_p05_hyp-3_70_2.tar.bz2:0.6848125457763672:0.061640020000000004:0.6899999999999977
> 0:False:9,17:11834,1478
> 1:False:8,14:11834,1478
> 2:False:8,16:11834,1478
> 3:True:8,13:11834,1478
> 4:False:7,13:11834,1478
> 5:False:9,16:11834,1478
driverlog-optimal/70/driverlog_p05_hyp-3_70_3.tar.bz2:0.7100613117218018:0.07286896000000001:0.710000000000008
> 0:False:9,19:11834,1478
> 1:True:8,13:11834,1478
> 2:False:8,18:11834,1478
> 3:True:8,13:11834,1478
> 4:False:7,13:11834,1478
> 5:False:9,18:11834,1478
driverlog-optimal/70/driverlog_p05_hyp-4_70_1.tar.bz2:0.6847779750823975:0.0710538:0.6799999999999926
> 0:False:9,17:11835,1479
> 1:False:8,18:11835,1479
> 2:False:8,15:11835,1479
> 3:False:8,17:11835,1479
> 4:False:7,16:11835,1479
> 5:True:9,15:11835,1479
driverlog-optimal/70/driverlog_p05_hyp-4_70_2.tar.bz2:0.7023828029632568:0.07078061000000001:0.6899999999999977
> 0:False:9,17:11835,1479
> 1:False:8,19:11835,1479
> 2:False:8,15:11835,1479
> 3:False:8,18:11835,1479
> 4:False:7,16:11835,1479
> 5:True:9,15:11835,1479
driverlog-optimal/70/driverlog_p05_hyp-4_70_3.tar.bz2:0.7010750770568848:0.06896137:0.6999999999999886
> 0:False:9,17:11835,1479
> 1:False:8,19:11835,1479
> 2:False:8,15:11835,1479
> 3:False:8,18:11835,1479
> 4:False:7,17:11835,1479
> 5:True:9,15:11835,1479
driverlog-optimal/100/driverlog_p03_hyp-1_full.tar.bz2:0.7489676475524902:0.05277275999999999:0.75
> 0:True:4,8:3872,730
> 1:False:8,16:3872,730
> 2:False:5,13:3872,730
> 3:False:4,10:3872,730
> 4:False:8,14:3872,730
> 5:False:5,13:3872,730
> 6:False:5,10:3872,730
> 7:False:5,13:3872,730
driverlog-optimal/100/driverlog_p03_hyp-2_full.tar.bz2:0.7483181953430176:0.049235140000000004:0.7399999999999949
> 0:False:4,14:3877,735
> 1:True:8,13:3877,735
> 2:False:5,16:3877,735
> 3:False:4,14:3877,735
> 4:True:8,13:3877,735
> 5:False:5,16:3877,735
> 6:False:5,14:3877,735
> 7:False:5,13:3877,735
driverlog-optimal/100/driverlog_p03_hyp-3_full.tar.bz2:0.7606954574584961:0.04908821:0.7499999999999858
> 0:False:4,13:3874,732
> 1:False:8,14:3874,732
> 2:True:5,10:3874,732
> 3:False:4,13:3874,732
> 4:False:8,14:3874,732
> 5:True:5,10:3874,732
> 6:False:5,13:3874,732
> 7:False:5,12:3874,732
driverlog-optimal/100/driverlog_p03_hyp-4_full.tar.bz2:0.7532274723052979:0.049201720000000004:0.7599999999999909
> 0:True:4,8:3872,730
> 1:False:8,14:3872,730
> 2:False:5,13:3872,730
> 3:True:4,8:3872,730
> 4:False:8,14:3872,730
> 5:False:5,13:3872,730
> 6:True:5,9:3872,730
> 7:False:5,12:3872,730
driverlog-optimal/100/driverlog_p04_hyp-1_full.tar.bz2:0.6350314617156982:0.04933976:0.6400000000000006
> 0:True:9,13:8767,1152
> 1:False:7,18:8767,1152
> 2:True:9,13:8767,1152
> 3:False:10,19:8767,1152
> 4:False:9,17:8767,1152
> 5:False:11,17:8767,1152
driverlog-optimal/100/driverlog_p04_hyp-2_full.tar.bz2:0.6596760749816895:0.059718990000000007:0.6599999999999966
> 0:False:9,18:8765,1150
> 1:True:7,11:8765,1150
> 2:False:9,17:8765,1150
> 3:True:10,14:8765,1150
> 4:False:9,15:8765,1150
> 5:False:11,18:8765,1150
driverlog-optimal/100/driverlog_p04_hyp-3_full.tar.bz2:0.6703331470489502:0.059763420000000005:0.6600000000000108
> 0:False:9,13:8764,1149
> 1:False:7,16:8764,1149
> 2:True:9,11:8764,1149
> 3:False:10,17:8764,1149
> 4:False:9,16:8764,1149
> 5:False:11,15:8764,1149
driverlog-optimal/100/driverlog_p04_hyp-4_full.tar.bz2:0.6677353382110596:0.06102808:0.6599999999999966
> 0:False:9,18:8768,1153
> 1:False:7,15:8768,1153
> 2:False:9,18:8768,1153
> 3:False:10,17:8768,1153
> 4:True:9,14:8768,1153
> 5:False:11,21:8768,1153
driverlog-optimal/100/driverlog_p05_hyp-1_full.tar.bz2:0.6917362213134766:0.06819216:0.6899999999999977
> 0:True:9,15:11839,1483
> 1:False:8,19:11839,1483
> 2:False:8,15:11839,1483
> 3:False:8,20:11839,1483
> 4:False:7,18:11839,1483
> 5:False:9,18:11839,1483
driverlog-optimal/100/driverlog_p05_hyp-2_full.tar.bz2:0.6909148693084717:0.06412193:0.6800000000000068
> 0:False:9,16:11838,1482
> 1:False:8,20:11838,1482
> 2:True:8,14:11838,1482
> 3:False:8,19:11838,1482
> 4:False:7,17:11838,1482
> 5:False:9,16:11838,1482
driverlog-optimal/100/driverlog_p05_hyp-3_full.tar.bz2:0.7025411128997803:0.06347363:0.7000000000000028
> 0:False:9,20:11838,1482
> 1:False:8,15:11838,1482
> 2:False:8,19:11838,1482
> 3:True:8,14:11838,1482
> 4:False:7,15:11838,1482
> 5:False:9,19:11838,1482
driverlog-optimal/100/driverlog_p05_hyp-4_full.tar.bz2:0.7017855644226074:0.06642516:0.7000000000000028
> 0:False:9,18:11839,1483
> 1:False:8,21:11839,1483
> 2:False:8,16:11839,1483
> 3:False:8,19:11839,1483
> 4:False:7,18:11839,1483
> 5:True:9,15:11839,1483
