driverlog-suboptimal-old-noisy/10/driverlog_noisy_p03_hyp-1_10_1.tar.bz2:0.880396842957:0.304525:0.88
> 0:True:6,8:3954,812
> 1:False:9,15:3954,812
> 2:False:6,11:3954,812
> 3:False:6,10:3954,812
> 4:False:9,12:3954,812
> 5:False:6,12:3954,812
> 6:False:6,10:3954,812
> 7:False:7,13:3954,812
driverlog-suboptimal-old-noisy/10/driverlog_noisy_p03_hyp-1_10_2.tar.bz2:0.898323059082:0.3223813:0.9
> 0:True:6,9:3955,813
> 1:False:9,17:3955,813
> 2:False:6,14:3955,813
> 3:False:6,11:3955,813
> 4:False:9,15:3955,813
> 5:False:6,15:3955,813
> 6:False:6,11:3955,813
> 7:False:7,15:3955,813
driverlog-suboptimal-old-noisy/10/driverlog_noisy_p03_hyp-1_10_3.tar.bz2:0.842960834503:0.2699532:0.85
> 0:True:6,9:3955,813
> 1:False:9,14:3955,813
> 2:False:6,11:3955,813
> 3:False:6,10:3955,813
> 4:False:9,14:3955,813
> 5:False:6,11:3955,813
> 6:True:6,9:3955,813
> 7:False:7,13:3955,813
driverlog-suboptimal-old-noisy/10/driverlog_noisy_p03_hyp-2_10_1.tar.bz2:0.805465936661:0.2289975:0.8
> 0:True:6,10:3955,813
> 1:True:9,13:3955,813
> 2:False:6,11:3955,813
> 3:True:6,10:3955,813
> 4:True:9,13:3955,813
> 5:False:6,11:3955,813
> 6:True:6,10:3955,813
> 7:True:7,11:3955,813
driverlog-suboptimal-old-noisy/10/driverlog_noisy_p03_hyp-2_10_2.tar.bz2:0.830030202866:0.2535251:0.84
> 0:False:6,9:3954,812
> 1:True:9,10:3954,812
> 2:False:6,10:3954,812
> 3:False:6,9:3954,812
> 4:True:9,10:3954,812
> 5:False:6,10:3954,812
> 6:False:6,9:3954,812
> 7:False:7,10:3954,812
driverlog-suboptimal-old-noisy/10/driverlog_noisy_p03_hyp-2_10_3.tar.bz2:0.843991041183:0.268868:0.84
> 0:True:6,9:3955,813
> 1:False:9,15:3955,813
> 2:False:6,10:3955,813
> 3:False:6,12:3955,813
> 4:True:9,12:3955,813
> 5:False:6,11:3955,813
> 6:False:6,12:3955,813
> 7:False:7,12:3955,813
driverlog-suboptimal-old-noisy/10/driverlog_noisy_p03_hyp-3_10_1.tar.bz2:0.937751054764:0.3615955:0.93
> 0:False:6,13:3954,812
> 1:False:9,16:3954,812
> 2:True:6,11:3954,812
> 3:False:6,13:3954,812
> 4:False:9,16:3954,812
> 5:True:6,11:3954,812
> 6:False:6,13:3954,812
> 7:False:7,14:3954,812
driverlog-suboptimal-old-noisy/10/driverlog_noisy_p03_hyp-3_10_2.tar.bz2:0.815869092941:0.2380077:0.82
> 0:False:6,9:3954,812
> 1:True:9,10:3954,812
> 2:False:6,8:3954,812
> 3:False:6,9:3954,812
> 4:True:9,10:3954,812
> 5:False:6,8:3954,812
> 6:False:6,9:3954,812
> 7:True:7,8:3954,812
driverlog-suboptimal-old-noisy/10/driverlog_noisy_p03_hyp-3_10_3.tar.bz2:0.768662214279:0.1944967:0.77
> 0:True:6,9:3955,813
> 1:True:9,12:3955,813
> 2:True:6,9:3955,813
> 3:True:6,9:3955,813
> 4:True:9,12:3955,813
> 5:True:6,9:3955,813
> 6:True:6,9:3955,813
> 7:True:7,10:3955,813
driverlog-suboptimal-old-noisy/10/driverlog_noisy_p03_hyp-4_10_1.tar.bz2:0.794755935669:0.2177026:0.8
> 0:True:6,6:3954,812
> 1:False:9,10:3954,812
> 2:False:6,9:3954,812
> 3:True:6,6:3954,812
> 4:False:9,10:3954,812
> 5:False:6,9:3954,812
> 6:True:6,6:3954,812
> 7:False:7,9:3954,812
driverlog-suboptimal-old-noisy/10/driverlog_noisy_p03_hyp-4_10_2.tar.bz2:0.798997879028:0.2247295:0.79
> 0:True:6,10:3955,813
> 1:False:9,14:3955,813
> 2:False:6,14:3955,813
> 3:True:6,10:3955,813
> 4:False:9,14:3955,813
> 5:False:6,14:3955,813
> 6:True:6,10:3955,813
> 7:False:7,13:3955,813
driverlog-suboptimal-old-noisy/10/driverlog_noisy_p03_hyp-4_10_3.tar.bz2:0.80748796463:0.2315299:0.81
> 0:False:6,9:3955,813
> 1:True:9,11:3955,813
> 2:False:6,11:3955,813
> 3:False:6,9:3955,813
> 4:True:9,11:3955,813
> 5:False:6,11:3955,813
> 6:False:6,9:3955,813
> 7:False:7,10:3955,813
driverlog-suboptimal-old-noisy/10/driverlog_noisy_p04_hyp-1_10_1.tar.bz2:0.823216199875:0.3353188:0.83
> 0:True:11,11:8900,1285
> 1:False:9,15:8900,1285
> 2:False:9,11:8900,1285
> 3:False:10,15:8900,1285
> 4:False:11,13:8900,1285
> 5:False:13,15:8900,1285
driverlog-suboptimal-old-noisy/10/driverlog_noisy_p04_hyp-1_10_2.tar.bz2:0.934408187866:0.4485695:0.93
> 0:True:11,13:8901,1286
> 1:False:9,13:8901,1286
> 2:False:9,13:8901,1286
> 3:False:10,16:8901,1286
> 4:True:11,13:8901,1286
> 5:False:13,17:8901,1286
driverlog-suboptimal-old-noisy/10/driverlog_noisy_p04_hyp-1_10_3.tar.bz2:0.801455020905:0.3161416:0.81
> 0:True:11,11:8900,1285
> 1:False:9,13:8900,1285
> 2:False:9,10:8900,1285
> 3:False:10,13:8900,1285
> 4:False:11,12:8900,1285
> 5:False:13,14:8900,1285
driverlog-suboptimal-old-noisy/10/driverlog_noisy_p04_hyp-2_10_1.tar.bz2:0.80167388916:0.315086:0.81
> 0:False:11,16:8901,1286
> 1:True:9,11:8901,1286
> 2:False:9,14:8901,1286
> 3:True:10,12:8901,1286
> 4:True:11,13:8901,1286
> 5:True:13,15:8901,1286
driverlog-suboptimal-old-noisy/10/driverlog_noisy_p04_hyp-2_10_2.tar.bz2:0.835406064987:0.3468604:0.83
> 0:False:11,16:8901,1286
> 1:True:9,13:8901,1286
> 2:False:9,14:8901,1286
> 3:True:10,14:8901,1286
> 4:False:11,16:8901,1286
> 5:False:13,18:8901,1286
driverlog-suboptimal-old-noisy/10/driverlog_noisy_p04_hyp-2_10_3.tar.bz2:0.800749063492:0.3140335:0.8
> 0:False:11,18:8901,1286
> 1:False:9,13:8901,1286
> 2:False:9,16:8901,1286
> 3:False:10,15:8901,1286
> 4:False:11,16:8901,1286
> 5:True:13,16:8901,1286
driverlog-suboptimal-old-noisy/10/driverlog_noisy_p04_hyp-3_10_1.tar.bz2:0.794786930084:0.3080896:0.79
> 0:True:11,12:8901,1286
> 1:False:9,13:8901,1286
> 2:False:9,12:8901,1286
> 3:False:10,15:8901,1286
> 4:True:11,12:8901,1286
> 5:False:13,16:8901,1286
driverlog-suboptimal-old-noisy/10/driverlog_noisy_p04_hyp-3_10_2.tar.bz2:0.77237701416:0.2834526:0.78
> 0:True:11,11:8900,1285
> 1:False:9,12:8900,1285
> 2:True:9,9:8900,1285
> 3:False:10,12:8900,1285
> 4:False:11,12:8900,1285
> 5:True:13,13:8900,1285
driverlog-suboptimal-old-noisy/10/driverlog_noisy_p04_hyp-3_10_3.tar.bz2:0.753082036972:0.2652956:0.75
> 0:True:11,12:8901,1286
> 1:False:9,14:8901,1286
> 2:True:9,10:8901,1286
> 3:False:10,14:8901,1286
> 4:False:11,14:8901,1286
> 5:True:13,14:8901,1286
driverlog-suboptimal-old-noisy/10/driverlog_noisy_p04_hyp-4_10_1.tar.bz2:0.79355597496:0.3056518:0.8
> 0:False:11,13:8900,1285
> 1:False:9,11:8900,1285
> 2:False:9,11:8900,1285
> 3:False:10,13:8900,1285
> 4:True:11,12:8900,1285
> 5:False:13,15:8900,1285
driverlog-suboptimal-old-noisy/10/driverlog_noisy_p04_hyp-4_10_2.tar.bz2:0.744913101196:0.2586136:0.75
> 0:True:11,14:8901,1286
> 1:False:9,14:8901,1286
> 2:False:9,13:8901,1286
> 3:False:10,16:8901,1286
> 4:True:11,14:8901,1286
> 5:False:13,17:8901,1286
driverlog-suboptimal-old-noisy/10/driverlog_noisy_p04_hyp-4_10_3.tar.bz2:0.766616106033:0.2795034:0.76
> 0:True:11,13:8901,1286
> 1:False:9,13:8901,1286
> 2:True:9,11:8901,1286
> 3:False:10,14:8901,1286
> 4:True:11,13:8901,1286
> 5:True:13,15:8901,1286
driverlog-suboptimal-old-noisy/10/driverlog_noisy_p05_hyp-1_10_1.tar.bz2:1.10863494873:0.5880676:1.11
> 0:True:12,14:12008,1652
> 1:False:9,13:12008,1652
> 2:False:11,14:12008,1652
> 3:False:11,15:12008,1652
> 4:False:8,13:12008,1652
> 5:False:12,16:12008,1652
driverlog-suboptimal-old-noisy/10/driverlog_noisy_p05_hyp-1_10_2.tar.bz2:1.16648197174:0.6460436:1.17
> 0:True:12,13:12007,1651
> 1:False:9,14:12007,1651
> 2:False:11,13:12007,1651
> 3:False:11,16:12007,1651
> 4:False:8,13:12007,1651
> 5:False:12,15:12007,1651
driverlog-suboptimal-old-noisy/10/driverlog_noisy_p05_hyp-1_10_3.tar.bz2:1.31934404373:0.7965196:1.32
> 0:True:12,17:12008,1652
> 1:False:9,16:12008,1652
> 2:True:11,16:12008,1652
> 3:False:11,17:12008,1652
> 4:False:8,14:12008,1652
> 5:False:12,18:12008,1652
driverlog-suboptimal-old-noisy/10/driverlog_noisy_p05_hyp-2_10_1.tar.bz2:1.1225271225:0.5998875:1.12
> 0:False:12,14:12007,1651
> 1:False:9,15:12007,1651
> 2:True:11,12:12007,1651
> 3:False:11,15:12007,1651
> 4:False:8,12:12007,1651
> 5:True:12,13:12007,1651
driverlog-suboptimal-old-noisy/10/driverlog_noisy_p05_hyp-2_10_2.tar.bz2:1.2676589489:0.7456031:1.26
> 0:False:12,16:12007,1651
> 1:False:9,16:12007,1651
> 2:True:11,14:12007,1651
> 3:False:11,16:12007,1651
> 4:False:8,14:12007,1651
> 5:True:12,15:12007,1651
driverlog-suboptimal-old-noisy/10/driverlog_noisy_p05_hyp-2_10_3.tar.bz2:1.08653020859:0.5659224:1.08
> 0:False:12,16:12007,1651
> 1:False:9,16:12007,1651
> 2:True:11,14:12007,1651
> 3:False:11,16:12007,1651
> 4:False:8,14:12007,1651
> 5:False:12,16:12007,1651
driverlog-suboptimal-old-noisy/10/driverlog_noisy_p05_hyp-3_10_1.tar.bz2:1.30725812912:0.787531:1.3
> 0:False:12,17:12007,1651
> 1:False:9,11:12007,1651
> 2:False:11,15:12007,1651
> 3:True:11,12:12007,1651
> 4:True:8,9:12007,1651
> 5:False:12,17:12007,1651
driverlog-suboptimal-old-noisy/10/driverlog_noisy_p05_hyp-3_10_2.tar.bz2:1.07687902451:0.5564732:1.07
> 0:False:12,14:12006,1650
> 1:False:9,13:12006,1650
> 2:True:11,12:12006,1650
> 3:True:11,12:12006,1650
> 4:False:8,11:12006,1650
> 5:True:12,13:12006,1650
driverlog-suboptimal-old-noisy/10/driverlog_noisy_p05_hyp-3_10_3.tar.bz2:1.08615398407:0.5644379:1.08
> 0:True:12,15:12007,1651
> 1:False:9,13:12007,1651
> 2:True:11,14:12007,1651
> 3:True:11,14:12007,1651
> 4:False:8,12:12007,1651
> 5:False:12,16:12007,1651
driverlog-suboptimal-old-noisy/10/driverlog_noisy_p05_hyp-4_10_1.tar.bz2:1.34406590462:0.8253176:1.34
> 0:True:12,13:12006,1650
> 1:False:9,15:12006,1650
> 2:True:11,12:12006,1650
> 3:False:11,16:12006,1650
> 4:False:8,13:12006,1650
> 5:True:12,13:12006,1650
driverlog-suboptimal-old-noisy/10/driverlog_noisy_p05_hyp-4_10_2.tar.bz2:1.26308202744:0.7448913:1.27
> 0:False:12,14:12006,1650
> 1:False:9,14:12006,1650
> 2:True:11,12:12006,1650
> 3:False:11,14:12006,1650
> 4:False:8,12:12006,1650
> 5:True:12,13:12006,1650
driverlog-suboptimal-old-noisy/10/driverlog_noisy_p05_hyp-4_10_3.tar.bz2:1.13986802101:0.6193774:1.14
> 0:False:12,14:12007,1651
> 1:False:9,14:12007,1651
> 2:True:11,12:12007,1651
> 3:False:11,14:12007,1651
> 4:False:8,12:12007,1651
> 5:True:12,13:12007,1651
driverlog-suboptimal-old-noisy/30/driverlog_noisy_p03_hyp-1_30_1.tar.bz2:0.816125869751:0.24174:0.82
> 0:True:6,10:3957,815
> 1:False:9,17:3957,815
> 2:False:6,13:3957,815
> 3:False:6,12:3957,815
> 4:False:9,14:3957,815
> 5:False:6,14:3957,815
> 6:False:6,12:3957,815
> 7:False:7,15:3957,815
driverlog-suboptimal-old-noisy/30/driverlog_noisy_p03_hyp-1_30_2.tar.bz2:0.798957109451:0.2213488:0.8
> 0:True:6,10:3957,815
> 1:False:9,16:3957,815
> 2:False:6,15:3957,815
> 3:False:6,12:3957,815
> 4:False:9,14:3957,815
> 5:False:6,16:3957,815
> 6:False:6,12:3957,815
> 7:False:7,14:3957,815
driverlog-suboptimal-old-noisy/30/driverlog_noisy_p03_hyp-1_30_3.tar.bz2:0.797224998474:0.2218722:0.8
> 0:True:6,9:3957,815
> 1:False:9,14:3957,815
> 2:False:6,12:3957,815
> 3:False:6,11:3957,815
> 4:True:9,12:3957,815
> 5:False:6,14:3957,815
> 6:False:6,11:3957,815
> 7:False:7,13:3957,815
driverlog-suboptimal-old-noisy/30/driverlog_noisy_p03_hyp-2_30_1.tar.bz2:0.769675970078:0.1959726:0.78
> 0:False:6,16:3958,816
> 1:True:9,16:3958,816
> 2:False:6,18:3958,816
> 3:False:6,16:3958,816
> 4:True:9,16:3958,816
> 5:False:6,18:3958,816
> 6:False:6,16:3958,816
> 7:False:7,16:3958,816
driverlog-suboptimal-old-noisy/30/driverlog_noisy_p03_hyp-2_30_2.tar.bz2:0.799067020416:0.2224367:0.8
> 0:False:6,12:3959,817
> 1:True:9,14:3959,817
> 2:False:6,15:3959,817
> 3:False:6,12:3959,817
> 4:True:9,14:3959,817
> 5:False:6,15:3959,817
> 6:False:6,13:3959,817
> 7:True:7,12:3959,817
driverlog-suboptimal-old-noisy/30/driverlog_noisy_p03_hyp-2_30_3.tar.bz2:0.817601919174:0.2428795:0.82
> 0:False:6,17:3959,817
> 1:True:9,16:3959,817
> 2:False:6,18:3959,817
> 3:False:6,17:3959,817
> 4:True:9,16:3959,817
> 5:False:6,18:3959,817
> 6:False:6,17:3959,817
> 7:False:7,16:3959,817
driverlog-suboptimal-old-noisy/30/driverlog_noisy_p03_hyp-3_30_1.tar.bz2:0.841274023056:0.2637119:0.84
> 0:False:6,14:3957,815
> 1:True:9,15:3957,815
> 2:True:6,12:3957,815
> 3:False:6,14:3957,815
> 4:True:9,15:3957,815
> 5:True:6,12:3957,815
> 6:False:6,14:3957,815
> 7:True:7,13:3957,815
driverlog-suboptimal-old-noisy/30/driverlog_noisy_p03_hyp-3_30_2.tar.bz2:0.783748865128:0.2070213:0.78
> 0:False:6,17:3958,816
> 1:False:9,19:3958,816
> 2:True:6,14:3958,816
> 3:False:6,17:3958,816
> 4:False:9,19:3958,816
> 5:True:6,14:3958,816
> 6:False:6,17:3958,816
> 7:False:7,17:3958,816
driverlog-suboptimal-old-noisy/30/driverlog_noisy_p03_hyp-3_30_3.tar.bz2:0.816708087921:0.2402091:0.81
> 0:False:6,16:3958,816
> 1:True:9,16:3958,816
> 2:False:6,14:3958,816
> 3:False:6,17:3958,816
> 4:True:9,16:3958,816
> 5:False:6,14:3958,816
> 6:False:6,16:3958,816
> 7:False:7,16:3958,816
driverlog-suboptimal-old-noisy/30/driverlog_noisy_p03_hyp-4_30_1.tar.bz2:0.921045064926:0.3436598:0.92
> 0:True:6,12:3957,815
> 1:False:9,18:3957,815
> 2:False:6,16:3957,815
> 3:True:6,12:3957,815
> 4:False:9,18:3957,815
> 5:False:6,17:3957,815
> 6:False:6,13:3957,815
> 7:False:7,16:3957,815
driverlog-suboptimal-old-noisy/30/driverlog_noisy_p03_hyp-4_30_2.tar.bz2:0.779854059219:0.2033368:0.79
> 0:True:6,9:3957,815
> 1:False:9,13:3957,815
> 2:False:6,13:3957,815
> 3:True:6,9:3957,815
> 4:False:9,13:3957,815
> 5:False:6,13:3957,815
> 6:True:6,9:3957,815
> 7:False:7,13:3957,815
driverlog-suboptimal-old-noisy/30/driverlog_noisy_p03_hyp-4_30_3.tar.bz2:0.816378831863:0.2378299:0.82
> 0:True:6,10:3957,815
> 1:False:9,16:3957,815
> 2:False:6,15:3957,815
> 3:True:6,10:3957,815
> 4:False:9,16:3957,815
> 5:False:6,15:3957,815
> 6:False:6,11:3957,815
> 7:False:7,14:3957,815
driverlog-suboptimal-old-noisy/30/driverlog_noisy_p04_hyp-1_30_1.tar.bz2:0.727578163147:0.2390622:0.72
> 0:True:11,16:8905,1290
> 1:False:9,18:8905,1290
> 2:False:9,15:8905,1290
> 3:False:10,18:8905,1290
> 4:False:11,18:8905,1290
> 5:False:13,19:8905,1290
driverlog-suboptimal-old-noisy/30/driverlog_noisy_p04_hyp-1_30_2.tar.bz2:0.778260946274:0.2873502:0.78
> 0:True:11,16:8904,1289
> 1:False:9,17:8904,1289
> 2:False:9,15:8904,1289
> 3:False:10,19:8904,1289
> 4:False:11,17:8904,1289
> 5:False:13,19:8904,1289
driverlog-suboptimal-old-noisy/30/driverlog_noisy_p04_hyp-1_30_3.tar.bz2:0.742753982544:0.2524379:0.75
> 0:False:11,16:8906,1291
> 1:False:9,16:8906,1291
> 2:False:9,15:8906,1291
> 3:False:10,18:8906,1291
> 4:False:11,17:8906,1291
> 5:True:13,17:8906,1291
driverlog-suboptimal-old-noisy/30/driverlog_noisy_p04_hyp-2_30_1.tar.bz2:0.760415077209:0.2736929:0.76
> 0:False:11,18:8902,1287
> 1:True:9,11:8902,1287
> 2:False:9,16:8902,1287
> 3:False:10,13:8902,1287
> 4:False:11,14:8902,1287
> 5:False:13,18:8902,1287
driverlog-suboptimal-old-noisy/30/driverlog_noisy_p04_hyp-2_30_2.tar.bz2:0.763589143753:0.276762:0.76
> 0:False:11,18:8904,1289
> 1:True:9,13:8904,1289
> 2:False:9,16:8904,1289
> 3:True:10,14:8904,1289
> 4:False:11,16:8904,1289
> 5:False:13,18:8904,1289
driverlog-suboptimal-old-noisy/30/driverlog_noisy_p04_hyp-2_30_3.tar.bz2:0.716061115265:0.230423:0.72
> 0:False:11,18:8904,1289
> 1:True:9,12:8904,1289
> 2:False:9,15:8904,1289
> 3:False:10,14:8904,1289
> 4:True:11,14:8904,1289
> 5:False:13,18:8904,1289
driverlog-suboptimal-old-noisy/30/driverlog_noisy_p04_hyp-3_30_1.tar.bz2:0.729926109314:0.242175:0.74
> 0:True:11,12:8903,1288
> 1:False:9,12:8903,1288
> 2:True:9,10:8903,1288
> 3:False:10,14:8903,1288
> 4:True:11,12:8903,1288
> 5:True:13,14:8903,1288
driverlog-suboptimal-old-noisy/30/driverlog_noisy_p04_hyp-3_30_2.tar.bz2:0.732100963593:0.2460845:0.73
> 0:True:11,12:8904,1289
> 1:False:9,16:8904,1289
> 2:False:9,11:8904,1289
> 3:False:10,16:8904,1289
> 4:False:11,15:8904,1289
> 5:False:13,15:8904,1289
driverlog-suboptimal-old-noisy/30/driverlog_noisy_p04_hyp-3_30_3.tar.bz2:0.786207914352:0.2991315:0.79
> 0:False:11,16:8902,1287
> 1:False:9,18:8902,1287
> 2:False:9,14:8902,1287
> 3:False:10,19:8902,1287
> 4:False:11,18:8902,1287
> 5:True:13,16:8902,1287
driverlog-suboptimal-old-noisy/30/driverlog_noisy_p04_hyp-4_30_1.tar.bz2:0.732795953751:0.247929:0.74
> 0:False:11,18:8906,1291
> 1:False:9,18:8906,1291
> 2:False:9,18:8906,1291
> 3:False:10,19:8906,1291
> 4:True:11,17:8906,1291
> 5:True:13,19:8906,1291
driverlog-suboptimal-old-noisy/30/driverlog_noisy_p04_hyp-4_30_2.tar.bz2:0.814085006714:0.3266573:0.82
> 0:False:11,21:8905,1290
> 1:False:9,18:8905,1290
> 2:False:9,21:8905,1290
> 3:False:10,20:8905,1290
> 4:True:11,17:8905,1290
> 5:False:13,22:8905,1290
driverlog-suboptimal-old-noisy/30/driverlog_noisy_p04_hyp-4_30_3.tar.bz2:0.739130973816:0.2519737:0.74
> 0:False:11,16:8906,1291
> 1:False:9,16:8906,1291
> 2:False:9,15:8906,1291
> 3:False:10,18:8906,1291
> 4:False:11,17:8906,1291
> 5:True:13,17:8906,1291
driverlog-suboptimal-old-noisy/30/driverlog_noisy_p05_hyp-1_30_1.tar.bz2:1.07978987694:0.5592777:1.08
> 0:True:12,15:12012,1656
> 1:False:9,18:12012,1656
> 2:True:11,14:12012,1656
> 3:False:11,18:12012,1656
> 4:False:8,16:12012,1656
> 5:False:12,17:12012,1656
driverlog-suboptimal-old-noisy/30/driverlog_noisy_p05_hyp-1_30_2.tar.bz2:1.01216197014:0.4921575:1.02
> 0:True:12,15:12011,1655
> 1:False:9,19:12011,1655
> 2:True:11,14:12011,1655
> 3:False:11,19:12011,1655
> 4:False:8,17:12011,1655
> 5:False:12,17:12011,1655
driverlog-suboptimal-old-noisy/30/driverlog_noisy_p05_hyp-1_30_3.tar.bz2:1.16943693161:0.6486758:1.17
> 0:True:12,20:12011,1655
> 1:False:9,19:12011,1655
> 2:True:11,19:12011,1655
> 3:False:11,20:12011,1655
> 4:False:8,17:12011,1655
> 5:True:12,20:12011,1655
driverlog-suboptimal-old-noisy/30/driverlog_noisy_p05_hyp-2_30_1.tar.bz2:1.03209209442:0.5134128:1.02
> 0:False:12,17:12011,1655
> 1:False:9,18:12011,1655
> 2:True:11,15:12011,1655
> 3:False:11,17:12011,1655
> 4:False:8,16:12011,1655
> 5:False:12,17:12011,1655
driverlog-suboptimal-old-noisy/30/driverlog_noisy_p05_hyp-2_30_2.tar.bz2:1.13063502312:0.611909:1.12
> 0:False:12,20:12011,1655
> 1:False:9,20:12011,1655
> 2:True:11,18:12011,1655
> 3:False:11,19:12011,1655
> 4:False:8,17:12011,1655
> 5:True:12,19:12011,1655
driverlog-suboptimal-old-noisy/30/driverlog_noisy_p05_hyp-2_30_3.tar.bz2:1.05283308029:0.5337698:1.06
> 0:False:12,19:12012,1656
> 1:False:9,21:12012,1656
> 2:True:11,17:12012,1656
> 3:False:11,20:12012,1656
> 4:False:8,18:12012,1656
> 5:False:12,19:12012,1656
driverlog-suboptimal-old-noisy/30/driverlog_noisy_p05_hyp-3_30_1.tar.bz2:1.18318891525:0.6622283:1.18
> 0:True:12,20:12012,1656
> 1:False:9,19:12012,1656
> 2:False:11,20:12012,1656
> 3:False:11,20:12012,1656
> 4:False:8,20:12012,1656
> 5:False:12,22:12012,1656
driverlog-suboptimal-old-noisy/30/driverlog_noisy_p05_hyp-3_30_2.tar.bz2:1.21044206619:0.6915036:1.21
> 0:False:12,20:12010,1654
> 1:False:9,17:12010,1654
> 2:False:11,19:12010,1654
> 3:True:11,18:12010,1654
> 4:False:8,17:12010,1654
> 5:False:12,21:12010,1654
driverlog-suboptimal-old-noisy/30/driverlog_noisy_p05_hyp-3_30_3.tar.bz2:1.06749391556:0.5471167:1.06
> 0:False:12,19:12011,1655
> 1:False:9,17:12011,1655
> 2:False:11,18:12011,1655
> 3:True:11,16:12011,1655
> 4:False:8,16:12011,1655
> 5:False:12,19:12011,1655
driverlog-suboptimal-old-noisy/30/driverlog_noisy_p05_hyp-4_30_1.tar.bz2:1.03691506386:0.5163175:1.05
> 0:False:12,19:12013,1657
> 1:False:9,23:12013,1657
> 2:True:11,17:12013,1657
> 3:False:11,22:12013,1657
> 4:False:8,20:12013,1657
> 5:True:12,18:12013,1657
driverlog-suboptimal-old-noisy/30/driverlog_noisy_p05_hyp-4_30_2.tar.bz2:1.02819895744:0.5060002:1.03
> 0:False:12,16:12011,1655
> 1:False:9,18:12011,1655
> 2:False:11,14:12011,1655
> 3:False:11,16:12011,1655
> 4:False:8,16:12011,1655
> 5:True:12,14:12011,1655
driverlog-suboptimal-old-noisy/30/driverlog_noisy_p05_hyp-4_30_3.tar.bz2:1.01514983177:0.4953437:1.02
> 0:False:12,17:12012,1656
> 1:False:9,20:12012,1656
> 2:True:11,15:12012,1656
> 3:False:11,19:12012,1656
> 4:False:8,17:12012,1656
> 5:False:12,17:12012,1656
driverlog-suboptimal-old-noisy/50/driverlog_noisy_p03_hyp-1_50_1.tar.bz2:0.820126056671:0.2444253:0.82
> 0:True:6,16:3959,817
> 1:False:9,20:3959,817
> 2:False:6,18:3959,817
> 3:True:6,16:3959,817
> 4:True:9,19:3959,817
> 5:False:6,19:3959,817
> 6:False:6,17:3959,817
> 7:False:7,18:3959,817
driverlog-suboptimal-old-noisy/50/driverlog_noisy_p03_hyp-1_50_2.tar.bz2:0.79016494751:0.212564:0.79
> 0:True:6,12:3960,818
> 1:False:9,17:3960,818
> 2:False:6,15:3960,818
> 3:False:6,14:3960,818
> 4:True:9,15:3960,818
> 5:False:6,17:3960,818
> 6:False:6,14:3960,818
> 7:False:7,16:3960,818
driverlog-suboptimal-old-noisy/50/driverlog_noisy_p03_hyp-1_50_3.tar.bz2:0.890721082687:0.3146131:0.89
> 0:True:6,16:3960,818
> 1:False:9,20:3960,818
> 2:False:6,18:3960,818
> 3:True:6,16:3960,818
> 4:True:9,19:3960,818
> 5:False:6,19:3960,818
> 6:False:6,17:3960,818
> 7:False:7,18:3960,818
driverlog-suboptimal-old-noisy/50/driverlog_noisy_p03_hyp-2_50_1.tar.bz2:0.760176897049:0.1846636:0.76
> 0:False:6,18:3963,821
> 1:True:9,18:3963,821
> 2:False:6,19:3963,821
> 3:False:6,18:3963,821
> 4:True:9,18:3963,821
> 5:False:6,19:3963,821
> 6:False:6,18:3963,821
> 7:False:7,18:3963,821
driverlog-suboptimal-old-noisy/50/driverlog_noisy_p03_hyp-2_50_2.tar.bz2:0.755439043045:0.1774148:0.75
> 0:False:6,17:3963,821
> 1:True:9,17:3963,821
> 2:False:6,19:3963,821
> 3:False:6,17:3963,821
> 4:True:9,17:3963,821
> 5:False:6,19:3963,821
> 6:False:6,17:3963,821
> 7:False:7,17:3963,821
driverlog-suboptimal-old-noisy/50/driverlog_noisy_p03_hyp-2_50_3.tar.bz2:0.763908147812:0.1846882:0.76
> 0:False:6,17:3962,820
> 1:True:9,18:3962,820
> 2:False:6,19:3962,820
> 3:False:6,17:3962,820
> 4:True:9,18:3962,820
> 5:False:6,19:3962,820
> 6:False:6,17:3962,820
> 7:False:7,18:3962,820
driverlog-suboptimal-old-noisy/50/driverlog_noisy_p03_hyp-3_50_1.tar.bz2:0.770102977753:0.1927076:0.78
> 0:False:6,14:3961,819
> 1:True:9,15:3961,819
> 2:False:6,13:3961,819
> 3:False:6,14:3961,819
> 4:True:9,15:3961,819
> 5:False:6,13:3961,819
> 6:False:6,14:3961,819
> 7:True:7,13:3961,819
driverlog-suboptimal-old-noisy/50/driverlog_noisy_p03_hyp-3_50_2.tar.bz2:0.766793966293:0.1897994:0.77
> 0:False:6,13:3959,817
> 1:True:9,14:3959,817
> 2:True:6,11:3959,817
> 3:False:6,13:3959,817
> 4:True:9,14:3959,817
> 5:True:6,11:3959,817
> 6:False:6,13:3959,817
> 7:False:7,14:3959,817
driverlog-suboptimal-old-noisy/50/driverlog_noisy_p03_hyp-3_50_3.tar.bz2:0.774626016617:0.1995796:0.78
> 0:False:6,14:3960,818
> 1:True:9,16:3960,818
> 2:False:6,14:3960,818
> 3:False:6,14:3960,818
> 4:True:9,16:3960,818
> 5:False:6,14:3960,818
> 6:False:6,14:3960,818
> 7:False:7,15:3960,818
driverlog-suboptimal-old-noisy/50/driverlog_noisy_p03_hyp-4_50_1.tar.bz2:0.816447973251:0.2388019:0.82
> 0:True:6,10:3958,816
> 1:False:9,16:3958,816
> 2:False:6,15:3958,816
> 3:True:6,10:3958,816
> 4:False:9,16:3958,816
> 5:False:6,15:3958,816
> 6:False:6,11:3958,816
> 7:False:7,14:3958,816
driverlog-suboptimal-old-noisy/50/driverlog_noisy_p03_hyp-4_50_2.tar.bz2:0.883505105972:0.3058502:0.88
> 0:True:6,12:3959,817
> 1:False:9,18:3959,817
> 2:False:6,16:3959,817
> 3:True:6,12:3959,817
> 4:False:9,18:3959,817
> 5:False:6,17:3959,817
> 6:False:6,13:3959,817
> 7:False:7,16:3959,817
driverlog-suboptimal-old-noisy/50/driverlog_noisy_p03_hyp-4_50_3.tar.bz2:0.829430103302:0.2548171:0.84
> 0:True:6,13:3960,818
> 1:False:9,19:3960,818
> 2:False:6,18:3960,818
> 3:True:6,13:3960,818
> 4:False:9,19:3960,818
> 5:False:6,18:3960,818
> 6:False:6,14:3960,818
> 7:False:7,17:3960,818
driverlog-suboptimal-old-noisy/50/driverlog_noisy_p04_hyp-1_50_1.tar.bz2:0.722657203674:0.2348098:0.72
> 0:True:11,13:8908,1293
> 1:False:9,17:8908,1293
> 2:False:9,12:8908,1293
> 3:False:10,17:8908,1293
> 4:False:11,16:8908,1293
> 5:False:13,16:8908,1293
driverlog-suboptimal-old-noisy/50/driverlog_noisy_p04_hyp-1_50_2.tar.bz2:0.713004112244:0.2271279:0.72
> 0:True:11,16:8909,1294
> 1:False:9,21:8909,1294
> 2:False:9,16:8909,1294
> 3:False:10,21:8909,1294
> 4:False:11,19:8909,1294
> 5:False:13,19:8909,1294
driverlog-suboptimal-old-noisy/50/driverlog_noisy_p04_hyp-1_50_3.tar.bz2:0.728672981262:0.2440613:0.73
> 0:True:11,14:8907,1292
> 1:False:9,18:8907,1292
> 2:False:9,13:8907,1292
> 3:False:10,18:8907,1292
> 4:False:11,17:8907,1292
> 5:False:13,17:8907,1292
driverlog-suboptimal-old-noisy/50/driverlog_noisy_p04_hyp-2_50_1.tar.bz2:0.739714860916:0.2499047:0.74
> 0:False:11,18:8907,1292
> 1:True:9,12:8907,1292
> 2:False:9,17:8907,1292
> 3:False:10,14:8907,1292
> 4:True:11,14:8907,1292
> 5:False:13,19:8907,1292
driverlog-suboptimal-old-noisy/50/driverlog_noisy_p04_hyp-2_50_2.tar.bz2:0.739507913589:0.2504755:0.74
> 0:False:11,19:8907,1292
> 1:True:9,13:8907,1292
> 2:False:9,18:8907,1292
> 3:False:10,15:8907,1292
> 4:False:11,17:8907,1292
> 5:False:13,20:8907,1292
driverlog-suboptimal-old-noisy/50/driverlog_noisy_p04_hyp-2_50_3.tar.bz2:0.722784042358:0.2370824:0.73
> 0:False:11,20:8907,1292
> 1:True:9,13:8907,1292
> 2:False:9,19:8907,1292
> 3:False:10,16:8907,1292
> 4:False:11,16:8907,1292
> 5:False:13,21:8907,1292
driverlog-suboptimal-old-noisy/50/driverlog_noisy_p04_hyp-3_50_1.tar.bz2:0.757399082184:0.2684288:0.76
> 0:False:11,19:8907,1292
> 1:False:9,19:8907,1292
> 2:False:9,18:8907,1292
> 3:False:10,22:8907,1292
> 4:False:11,21:8907,1292
> 5:True:13,20:8907,1292
driverlog-suboptimal-old-noisy/50/driverlog_noisy_p04_hyp-3_50_2.tar.bz2:0.747267007828:0.2613421:0.75
> 0:False:11,17:8906,1291
> 1:False:9,18:8906,1291
> 2:False:9,16:8906,1291
> 3:False:10,21:8906,1291
> 4:False:11,19:8906,1291
> 5:True:13,18:8906,1291
driverlog-suboptimal-old-noisy/50/driverlog_noisy_p04_hyp-3_50_3.tar.bz2:0.743546962738:0.2554336:0.74
> 0:True:11,14:8907,1292
> 1:False:9,18:8907,1292
> 2:True:9,12:8907,1292
> 3:False:10,18:8907,1292
> 4:False:11,18:8907,1292
> 5:True:13,16:8907,1292
driverlog-suboptimal-old-noisy/50/driverlog_noisy_p04_hyp-4_50_1.tar.bz2:0.71578001976:0.2296371:0.72
> 0:False:11,17:8907,1292
> 1:False:9,13:8907,1292
> 2:False:9,15:8907,1292
> 3:False:10,16:8907,1292
> 4:True:11,14:8907,1292
> 5:False:13,19:8907,1292
driverlog-suboptimal-old-noisy/50/driverlog_noisy_p04_hyp-4_50_2.tar.bz2:0.750621080399:0.2626308:0.76
> 0:True:11,19:8907,1292
> 1:False:9,19:8907,1292
> 2:False:9,19:8907,1292
> 3:False:10,21:8907,1292
> 4:True:11,19:8907,1292
> 5:True:13,21:8907,1292
driverlog-suboptimal-old-noisy/50/driverlog_noisy_p04_hyp-4_50_3.tar.bz2:0.724637985229:0.2355736:0.72
> 0:False:11,22:8909,1294
> 1:False:9,19:8909,1294
> 2:False:9,22:8909,1294
> 3:False:10,22:8909,1294
> 4:True:11,19:8909,1294
> 5:False:13,23:8909,1294
driverlog-suboptimal-old-noisy/50/driverlog_noisy_p05_hyp-1_50_1.tar.bz2:0.998758077621:0.4799325:1.0
> 0:True:12,24:12016,1660
> 1:False:9,25:12016,1660
> 2:True:11,23:12016,1660
> 3:False:11,25:12016,1660
> 4:False:8,23:12016,1660
> 5:True:12,24:12016,1660
driverlog-suboptimal-old-noisy/50/driverlog_noisy_p05_hyp-1_50_2.tar.bz2:1.16867899895:0.6500618:1.17
> 0:True:12,23:12016,1660
> 1:False:9,26:12016,1660
> 2:False:11,23:12016,1660
> 3:False:11,25:12016,1660
> 4:False:8,25:12016,1660
> 5:False:12,25:12016,1660
driverlog-suboptimal-old-noisy/50/driverlog_noisy_p05_hyp-1_50_3.tar.bz2:0.997344970703:0.4760992:1.0
> 0:True:12,18:12017,1661
> 1:False:9,21:12017,1661
> 2:False:11,18:12017,1661
> 3:False:11,21:12017,1661
> 4:False:8,21:12017,1661
> 5:False:12,20:12017,1661
driverlog-suboptimal-old-noisy/50/driverlog_noisy_p05_hyp-2_50_1.tar.bz2:1.02254104614:0.500456:1.03
> 0:False:12,18:12015,1659
> 1:False:9,21:12015,1659
> 2:True:11,16:12015,1659
> 3:False:11,20:12015,1659
> 4:False:8,18:12015,1659
> 5:False:12,18:12015,1659
driverlog-suboptimal-old-noisy/50/driverlog_noisy_p05_hyp-2_50_2.tar.bz2:1.01062989235:0.491117:1.01
> 0:False:12,17:12012,1656
> 1:False:9,19:12012,1656
> 2:True:11,15:12012,1656
> 3:False:11,18:12012,1656
> 4:False:8,17:12012,1656
> 5:True:12,16:12012,1656
driverlog-suboptimal-old-noisy/50/driverlog_noisy_p05_hyp-2_50_3.tar.bz2:1.03463697433:0.5142961:1.03
> 0:True:12,20:12013,1657
> 1:False:9,23:12013,1657
> 2:True:11,19:12013,1657
> 3:False:11,23:12013,1657
> 4:False:8,21:12013,1657
> 5:False:12,21:12013,1657
driverlog-suboptimal-old-noisy/50/driverlog_noisy_p05_hyp-3_50_1.tar.bz2:1.06406497955:0.5434442:1.07
> 0:False:12,23:12013,1657
> 1:False:9,19:12013,1657
> 2:False:11,22:12013,1657
> 3:True:11,19:12013,1657
> 4:False:8,19:12013,1657
> 5:False:12,23:12013,1657
driverlog-suboptimal-old-noisy/50/driverlog_noisy_p05_hyp-3_50_2.tar.bz2:1.04750394821:0.5274514:1.05
> 0:False:12,25:12015,1659
> 1:False:9,22:12015,1659
> 2:False:11,24:12015,1659
> 3:True:11,22:12015,1659
> 4:False:8,22:12015,1659
> 5:False:12,25:12015,1659
driverlog-suboptimal-old-noisy/50/driverlog_noisy_p05_hyp-3_50_3.tar.bz2:1.00696086884:0.4870328:1.01
> 0:False:12,20:12015,1659
> 1:False:9,16:12015,1659
> 2:False:11,20:12015,1659
> 3:True:11,16:12015,1659
> 4:False:8,16:12015,1659
> 5:False:12,20:12015,1659
driverlog-suboptimal-old-noisy/50/driverlog_noisy_p05_hyp-4_50_1.tar.bz2:1.00505518913:0.4846983:1.0
> 0:False:12,21:12016,1660
> 1:False:9,24:12016,1660
> 2:False:11,19:12016,1660
> 3:False:11,22:12016,1660
> 4:False:8,21:12016,1660
> 5:True:12,19:12016,1660
driverlog-suboptimal-old-noisy/50/driverlog_noisy_p05_hyp-4_50_2.tar.bz2:1.02193808556:0.5016926:1.03
> 0:False:12,19:12013,1657
> 1:False:9,22:12013,1657
> 2:False:11,17:12013,1657
> 3:False:11,20:12013,1657
> 4:False:8,19:12013,1657
> 5:True:12,16:12013,1657
driverlog-suboptimal-old-noisy/50/driverlog_noisy_p05_hyp-4_50_3.tar.bz2:1.05632519722:0.5352191:1.06
> 0:False:12,23:12015,1659
> 1:False:9,25:12015,1659
> 2:False:11,23:12015,1659
> 3:False:11,25:12015,1659
> 4:False:8,24:12015,1659
> 5:True:12,22:12015,1659
driverlog-suboptimal-old-noisy/70/driverlog_noisy_p03_hyp-1_70_1.tar.bz2:0.769891023636:0.1961435:0.76
> 0:True:6,11:3961,819
> 1:False:9,19:3961,819
> 2:False:6,16:3961,819
> 3:False:6,13:3961,819
> 4:False:9,17:3961,819
> 5:False:6,17:3961,819
> 6:False:6,13:3961,819
> 7:False:7,17:3961,819
driverlog-suboptimal-old-noisy/70/driverlog_noisy_p03_hyp-1_70_2.tar.bz2:0.816321134567:0.2411674:0.83
> 0:True:6,13:3961,819
> 1:False:9,20:3961,819
> 2:False:6,17:3961,819
> 3:False:6,15:3961,819
> 4:False:9,18:3961,819
> 5:False:6,19:3961,819
> 6:False:6,15:3961,819
> 7:False:7,19:3961,819
driverlog-suboptimal-old-noisy/70/driverlog_noisy_p03_hyp-1_70_3.tar.bz2:0.796797990799:0.2214455:0.79
> 0:True:6,18:3961,819
> 1:False:9,22:3961,819
> 2:False:6,20:3961,819
> 3:False:6,19:3961,819
> 4:False:9,22:3961,819
> 5:False:6,20:3961,819
> 6:True:6,18:3961,819
> 7:False:7,22:3961,819
driverlog-suboptimal-old-noisy/70/driverlog_noisy_p03_hyp-2_70_1.tar.bz2:0.755171060562:0.1794789:0.75
> 0:False:6,20:3965,823
> 1:True:9,21:3965,823
> 2:False:6,23:3965,823
> 3:False:6,20:3965,823
> 4:True:9,21:3965,823
> 5:False:6,23:3965,823
> 6:False:6,20:3965,823
> 7:False:7,21:3965,823
driverlog-suboptimal-old-noisy/70/driverlog_noisy_p03_hyp-2_70_2.tar.bz2:0.747263908386:0.1741506:0.75
> 0:False:6,22:3967,825
> 1:True:9,21:3967,825
> 2:False:6,22:3967,825
> 3:False:6,22:3967,825
> 4:True:9,21:3967,825
> 5:False:6,22:3967,825
> 6:False:6,22:3967,825
> 7:False:7,21:3967,825
driverlog-suboptimal-old-noisy/70/driverlog_noisy_p03_hyp-2_70_3.tar.bz2:0.756263017654:0.1781158:0.75
> 0:False:6,21:3968,826
> 1:True:9,20:3968,826
> 2:False:6,23:3968,826
> 3:False:6,21:3968,826
> 4:True:9,20:3968,826
> 5:False:6,23:3968,826
> 6:False:6,21:3968,826
> 7:False:7,20:3968,826
driverlog-suboptimal-old-noisy/70/driverlog_noisy_p03_hyp-3_70_1.tar.bz2:0.750010967255:0.1733245:0.75
> 0:False:6,16:3961,819
> 1:True:9,17:3961,819
> 2:True:6,14:3961,819
> 3:False:6,16:3961,819
> 4:True:9,17:3961,819
> 5:True:6,14:3961,819
> 6:False:6,16:3961,819
> 7:False:7,16:3961,819
driverlog-suboptimal-old-noisy/70/driverlog_noisy_p03_hyp-3_70_2.tar.bz2:0.743081092834:0.1699902:0.75
> 0:False:6,14:3962,820
> 1:True:9,15:3962,820
> 2:True:6,12:3962,820
> 3:False:6,14:3962,820
> 4:True:9,15:3962,820
> 5:True:6,12:3962,820
> 6:False:6,14:3962,820
> 7:True:7,13:3962,820
driverlog-suboptimal-old-noisy/70/driverlog_noisy_p03_hyp-3_70_3.tar.bz2:0.759373188019:0.1838755:0.76
> 0:False:6,19:3963,821
> 1:False:9,21:3963,821
> 2:True:6,17:3963,821
> 3:False:6,20:3963,821
> 4:False:9,21:3963,821
> 5:True:6,17:3963,821
> 6:False:6,19:3963,821
> 7:False:7,19:3963,821
driverlog-suboptimal-old-noisy/70/driverlog_noisy_p03_hyp-4_70_1.tar.bz2:0.781284093857:0.2059369:0.77
> 0:True:6,16:3962,820
> 1:False:9,20:3962,820
> 2:False:6,19:3962,820
> 3:True:6,16:3962,820
> 4:False:9,20:3962,820
> 5:False:6,19:3962,820
> 6:True:6,16:3962,820
> 7:False:7,18:3962,820
driverlog-suboptimal-old-noisy/70/driverlog_noisy_p03_hyp-4_70_2.tar.bz2:0.784019947052:0.2080154:0.79
> 0:True:6,13:3962,820
> 1:False:9,17:3962,820
> 2:False:6,15:3962,820
> 3:True:6,13:3962,820
> 4:False:9,17:3962,820
> 5:False:6,15:3962,820
> 6:True:6,13:3962,820
> 7:False:7,16:3962,820
driverlog-suboptimal-old-noisy/70/driverlog_noisy_p03_hyp-4_70_3.tar.bz2:0.789920091629:0.2163518:0.79
> 0:True:6,14:3961,819
> 1:False:9,20:3961,819
> 2:False:6,17:3961,819
> 3:True:6,14:3961,819
> 4:False:9,20:3961,819
> 5:False:6,18:3961,819
> 6:False:6,15:3961,819
> 7:False:7,18:3961,819
driverlog-suboptimal-old-noisy/70/driverlog_noisy_p04_hyp-1_70_1.tar.bz2:0.747249126434:0.2598366:0.74
> 0:True:11,21:8914,1299
> 1:False:9,22:8914,1299
> 2:False:9,21:8914,1299
> 3:False:10,25:8914,1299
> 4:False:11,22:8914,1299
> 5:True:13,23:8914,1299
driverlog-suboptimal-old-noisy/70/driverlog_noisy_p04_hyp-1_70_2.tar.bz2:0.738662958145:0.2502425:0.74
> 0:False:11,25:8914,1299
> 1:False:9,29:8914,1299
> 2:False:9,25:8914,1299
> 3:False:10,28:8914,1299
> 4:False:11,26:8914,1299
> 5:True:13,26:8914,1299
driverlog-suboptimal-old-noisy/70/driverlog_noisy_p04_hyp-1_70_3.tar.bz2:0.717992782593:0.227904:0.73
> 0:True:11,16:8912,1297
> 1:False:9,20:8912,1297
> 2:False:9,16:8912,1297
> 3:False:10,20:8912,1297
> 4:False:11,18:8912,1297
> 5:False:13,20:8912,1297
driverlog-suboptimal-old-noisy/70/driverlog_noisy_p04_hyp-2_70_1.tar.bz2:0.714581012726:0.2258328:0.71
> 0:False:11,21:8910,1295
> 1:True:9,15:8910,1295
> 2:False:9,20:8910,1295
> 3:False:10,18:8910,1295
> 4:False:11,18:8910,1295
> 5:False:13,21:8910,1295
driverlog-suboptimal-old-noisy/70/driverlog_noisy_p04_hyp-2_70_2.tar.bz2:0.710986852646:0.2222102:0.71
> 0:False:11,23:8911,1296
> 1:True:9,17:8911,1296
> 2:False:9,20:8911,1296
> 3:False:10,20:8911,1296
> 4:True:11,19:8911,1296
> 5:False:13,23:8911,1296
driverlog-suboptimal-old-noisy/70/driverlog_noisy_p04_hyp-2_70_3.tar.bz2:0.732371091843:0.2442327:0.73
> 0:False:11,22:8910,1295
> 1:True:9,15:8910,1295
> 2:False:9,21:8910,1295
> 3:False:10,18:8910,1295
> 4:False:11,19:8910,1295
> 5:False:13,23:8910,1295
driverlog-suboptimal-old-noisy/70/driverlog_noisy_p04_hyp-3_70_1.tar.bz2:0.775422096252:0.2884526:0.78
> 0:False:11,22:8910,1295
> 1:False:9,24:8910,1295
> 2:False:9,20:8910,1295
> 3:False:10,22:8910,1295
> 4:False:11,23:8910,1295
> 5:True:13,21:8910,1295
driverlog-suboptimal-old-noisy/70/driverlog_noisy_p04_hyp-3_70_2.tar.bz2:0.752640008926:0.2655537:0.75
> 0:False:11,17:8908,1293
> 1:False:9,19:8908,1293
> 2:False:9,15:8908,1293
> 3:False:10,20:8908,1293
> 4:False:11,19:8908,1293
> 5:True:13,18:8908,1293
driverlog-suboptimal-old-noisy/70/driverlog_noisy_p04_hyp-3_70_3.tar.bz2:0.753520011902:0.265171:0.75
> 0:True:11,21:8910,1295
> 1:False:9,23:8910,1295
> 2:False:9,21:8910,1295
> 3:False:10,23:8910,1295
> 4:False:11,22:8910,1295
> 5:True:13,23:8910,1295
driverlog-suboptimal-old-noisy/70/driverlog_noisy_p04_hyp-4_70_1.tar.bz2:0.725162982941:0.2399002:0.72
> 0:False:11,21:8912,1297
> 1:False:9,19:8912,1297
> 2:False:9,21:8912,1297
> 3:False:10,21:8912,1297
> 4:True:11,18:8912,1297
> 5:False:13,22:8912,1297
driverlog-suboptimal-old-noisy/70/driverlog_noisy_p04_hyp-4_70_2.tar.bz2:0.72018289566:0.2313837:0.73
> 0:False:11,22:8912,1297
> 1:False:9,18:8912,1297
> 2:False:9,21:8912,1297
> 3:False:10,20:8912,1297
> 4:True:11,18:8912,1297
> 5:False:13,23:8912,1297
driverlog-suboptimal-old-noisy/70/driverlog_noisy_p04_hyp-4_70_3.tar.bz2:0.70724606514:0.2221844:0.71
> 0:False:11,22:8913,1298
> 1:False:9,19:8913,1298
> 2:False:9,22:8913,1298
> 3:False:10,21:8913,1298
> 4:True:11,18:8913,1298
> 5:False:13,24:8913,1298
driverlog-suboptimal-old-noisy/70/driverlog_noisy_p05_hyp-1_70_1.tar.bz2:0.997814893723:0.4760271:1.0
> 0:True:12,21:12020,1664
> 1:False:9,23:12020,1664
> 2:False:11,21:12020,1664
> 3:False:11,23:12020,1664
> 4:False:8,23:12020,1664
> 5:False:12,23:12020,1664
driverlog-suboptimal-old-noisy/70/driverlog_noisy_p05_hyp-1_70_2.tar.bz2:1.09049201012:0.5689205:1.1
> 0:True:12,24:12020,1664
> 1:False:9,28:12020,1664
> 2:False:11,24:12020,1664
> 3:False:11,28:12020,1664
> 4:False:8,27:12020,1664
> 5:True:12,24:12020,1664
driverlog-suboptimal-old-noisy/70/driverlog_noisy_p05_hyp-1_70_3.tar.bz2:1.01363396645:0.4916462:1.01
> 0:True:12,20:12016,1660
> 1:False:9,24:12016,1660
> 2:True:11,19:12016,1660
> 3:False:11,24:12016,1660
> 4:False:8,22:12016,1660
> 5:False:12,22:12016,1660
driverlog-suboptimal-old-noisy/70/driverlog_noisy_p05_hyp-2_70_1.tar.bz2:1.03472614288:0.5116007:1.03
> 0:True:12,20:12019,1663
> 1:False:9,23:12019,1663
> 2:False:11,20:12019,1663
> 3:False:11,23:12019,1663
> 4:False:8,22:12019,1663
> 5:False:12,22:12019,1663
driverlog-suboptimal-old-noisy/70/driverlog_noisy_p05_hyp-2_70_2.tar.bz2:0.995316028595:0.4749552:1.0
> 0:False:12,21:12018,1662
> 1:False:9,23:12018,1662
> 2:True:11,19:12018,1662
> 3:False:11,22:12018,1662
> 4:False:8,21:12018,1662
> 5:False:12,21:12018,1662
driverlog-suboptimal-old-noisy/70/driverlog_noisy_p05_hyp-2_70_3.tar.bz2:0.978157043457:0.4568185:0.97
> 0:False:12,25:12019,1663
> 1:False:9,26:12019,1663
> 2:True:11,23:12019,1663
> 3:False:11,25:12019,1663
> 4:False:8,23:12019,1663
> 5:True:12,24:12019,1663
driverlog-suboptimal-old-noisy/70/driverlog_noisy_p05_hyp-3_70_1.tar.bz2:0.992983102798:0.4727389:1.0
> 0:False:12,25:12018,1662
> 1:False:9,21:12018,1662
> 2:False:11,24:12018,1662
> 3:True:11,20:12018,1662
> 4:False:8,21:12018,1662
> 5:False:12,24:12018,1662
driverlog-suboptimal-old-noisy/70/driverlog_noisy_p05_hyp-3_70_2.tar.bz2:1.03816103935:0.5159806:1.04
> 0:False:12,26:12018,1662
> 1:False:9,23:12018,1662
> 2:False:11,25:12018,1662
> 3:True:11,22:12018,1662
> 4:False:8,23:12018,1662
> 5:False:12,26:12018,1662
driverlog-suboptimal-old-noisy/70/driverlog_noisy_p05_hyp-3_70_3.tar.bz2:0.982515096664:0.4614485:0.99
> 0:False:12,27:12020,1664
> 1:False:9,23:12020,1664
> 2:False:11,26:12020,1664
> 3:True:11,22:12020,1664
> 4:False:8,23:12020,1664
> 5:False:12,26:12020,1664
driverlog-suboptimal-old-noisy/70/driverlog_noisy_p05_hyp-4_70_1.tar.bz2:1.04273605347:0.521783:1.05
> 0:False:12,23:12019,1663
> 1:False:9,26:12019,1663
> 2:False:11,21:12019,1663
> 3:False:11,24:12019,1663
> 4:False:8,23:12019,1663
> 5:True:12,20:12019,1663
driverlog-suboptimal-old-noisy/70/driverlog_noisy_p05_hyp-4_70_2.tar.bz2:1.00545907021:0.4833476:1.01
> 0:False:12,24:12018,1662
> 1:False:9,26:12018,1662
> 2:False:11,22:12018,1662
> 3:False:11,23:12018,1662
> 4:False:8,23:12018,1662
> 5:True:12,21:12018,1662
driverlog-suboptimal-old-noisy/70/driverlog_noisy_p05_hyp-4_70_3.tar.bz2:0.991982936859:0.4724197:0.99
> 0:False:12,24:12020,1664
> 1:False:9,28:12020,1664
> 2:False:11,22:12020,1664
> 3:False:11,26:12020,1664
> 4:False:8,25:12020,1664
> 5:True:12,22:12020,1664
driverlog-suboptimal-old-noisy/100/driverlog_noisy_p03_hyp-1_full_1.tar.bz2:0.773566961288:0.1957143:0.77
> 0:False:6,20:3965,823
> 1:True:9,22:3965,823
> 2:False:6,22:3965,823
> 3:False:6,20:3965,823
> 4:True:9,22:3965,823
> 5:False:6,22:3965,823
> 6:False:6,20:3965,823
> 7:True:7,20:3965,823
driverlog-suboptimal-old-noisy/100/driverlog_noisy_p03_hyp-1_full_2.tar.bz2:0.76854801178:0.1904239:0.78
> 0:True:6,16:3964,822
> 1:False:9,22:3964,822
> 2:False:6,20:3964,822
> 3:True:6,16:3964,822
> 4:False:9,22:3964,822
> 5:False:6,20:3964,822
> 6:True:6,16:3964,822
> 7:False:7,20:3964,822
driverlog-suboptimal-old-noisy/100/driverlog_noisy_p03_hyp-1_full_3.tar.bz2:0.767446041107:0.1924471:0.77
> 0:True:6,13:3963,821
> 1:False:9,21:3963,821
> 2:False:6,18:3963,821
> 3:False:6,15:3963,821
> 4:False:9,19:3963,821
> 5:False:6,19:3963,821
> 6:False:6,15:3963,821
> 7:False:7,19:3963,821
driverlog-suboptimal-old-noisy/100/driverlog_noisy_p03_hyp-2_full_1.tar.bz2:0.746237039566:0.1689564:0.75
> 0:False:6,26:3972,830
> 1:True:9,25:3972,830
> 2:False:6,27:3972,830
> 3:False:6,26:3972,830
> 4:True:9,25:3972,830
> 5:False:6,27:3972,830
> 6:False:6,26:3972,830
> 7:False:7,25:3972,830
driverlog-suboptimal-old-noisy/100/driverlog_noisy_p03_hyp-2_full_2.tar.bz2:0.76099395752:0.185232:0.76
> 0:False:6,27:3971,829
> 1:True:9,26:3971,829
> 2:False:6,28:3971,829
> 3:False:6,27:3971,829
> 4:True:9,26:3971,829
> 5:False:6,28:3971,829
> 6:False:6,27:3971,829
> 7:False:7,26:3971,829
driverlog-suboptimal-old-noisy/100/driverlog_noisy_p03_hyp-2_full_3.tar.bz2:0.751401901245:0.1750244:0.75
> 0:False:6,25:3970,828
> 1:True:9,24:3970,828
> 2:False:6,26:3970,828
> 3:False:6,25:3970,828
> 4:True:9,24:3970,828
> 5:False:6,26:3970,828
> 6:False:6,25:3970,828
> 7:False:7,24:3970,828
driverlog-suboptimal-old-noisy/100/driverlog_noisy_p03_hyp-3_full_1.tar.bz2:0.823572874069:0.2454047:0.82
> 0:False:6,22:3966,824
> 1:False:9,24:3966,824
> 2:True:6,20:3966,824
> 3:False:6,23:3966,824
> 4:False:9,24:3966,824
> 5:True:6,20:3966,824
> 6:False:6,22:3966,824
> 7:False:7,22:3966,824
driverlog-suboptimal-old-noisy/100/driverlog_noisy_p03_hyp-3_full_2.tar.bz2:0.788694143295:0.2119959:0.79
> 0:True:6,22:3967,825
> 1:True:9,25:3967,825
> 2:True:6,22:3967,825
> 3:True:6,22:3967,825
> 4:True:9,25:3967,825
> 5:True:6,22:3967,825
> 6:True:6,22:3967,825
> 7:True:7,23:3967,825
driverlog-suboptimal-old-noisy/100/driverlog_noisy_p03_hyp-3_full_3.tar.bz2:0.744334936142:0.1658969:0.75
> 0:False:6,18:3965,823
> 1:False:9,19:3965,823
> 2:True:6,15:3965,823
> 3:False:6,18:3965,823
> 4:False:9,19:3965,823
> 5:True:6,15:3965,823
> 6:False:6,18:3965,823
> 7:False:7,17:3965,823
driverlog-suboptimal-old-noisy/100/driverlog_noisy_p03_hyp-4_full_1.tar.bz2:0.808810949326:0.2310387:0.8
> 0:True:6,21:3965,823
> 1:True:9,24:3965,823
> 2:False:6,23:3965,823
> 3:True:6,21:3965,823
> 4:True:9,24:3965,823
> 5:False:6,23:3965,823
> 6:True:6,21:3965,823
> 7:False:7,24:3965,823
driverlog-suboptimal-old-noisy/100/driverlog_noisy_p03_hyp-4_full_2.tar.bz2:0.798810005188:0.222131:0.8
> 0:True:6,21:3965,823
> 1:True:9,24:3965,823
> 2:False:6,23:3965,823
> 3:True:6,21:3965,823
> 4:True:9,24:3965,823
> 5:False:6,23:3965,823
> 6:True:6,21:3965,823
> 7:False:7,24:3965,823
driverlog-suboptimal-old-noisy/100/driverlog_noisy_p03_hyp-4_full_3.tar.bz2:0.754581212997:0.1777299:0.75
> 0:True:6,17:3965,823
> 1:False:9,21:3965,823
> 2:False:6,20:3965,823
> 3:True:6,17:3965,823
> 4:False:9,21:3965,823
> 5:False:6,20:3965,823
> 6:True:6,17:3965,823
> 7:False:7,20:3965,823
driverlog-suboptimal-old-noisy/100/driverlog_noisy_p04_hyp-1_full_1.tar.bz2:0.744176149368:0.2559064:0.75
> 0:False:11,28:8918,1303
> 1:False:9,32:8918,1303
> 2:False:9,28:8918,1303
> 3:False:10,32:8918,1303
> 4:False:11,31:8918,1303
> 5:True:13,29:8918,1303
driverlog-suboptimal-old-noisy/100/driverlog_noisy_p04_hyp-1_full_2.tar.bz2:0.728534936905:0.2423468:0.73
> 0:True:11,24:8917,1302
> 1:False:9,29:8917,1302
> 2:False:9,24:8917,1302
> 3:False:10,29:8917,1302
> 4:False:11,27:8917,1302
> 5:True:13,26:8917,1302
driverlog-suboptimal-old-noisy/100/driverlog_noisy_p04_hyp-1_full_3.tar.bz2:0.718015909195:0.2280169:0.72
> 0:False:11,27:8918,1303
> 1:False:9,32:8918,1303
> 2:False:9,27:8918,1303
> 3:False:10,30:8918,1303
> 4:False:11,30:8918,1303
> 5:True:13,28:8918,1303
driverlog-suboptimal-old-noisy/100/driverlog_noisy_p04_hyp-2_full_1.tar.bz2:0.72935295105:0.2440993:0.73
> 0:False:11,23:8912,1297
> 1:True:9,16:8912,1297
> 2:False:9,22:8912,1297
> 3:False:10,18:8912,1297
> 4:False:11,20:8912,1297
> 5:False:13,24:8912,1297
driverlog-suboptimal-old-noisy/100/driverlog_noisy_p04_hyp-2_full_2.tar.bz2:0.710803985596:0.2235119:0.72
> 0:False:11,26:8914,1299
> 1:False:9,21:8914,1299
> 2:False:9,25:8914,1299
> 3:False:10,24:8914,1299
> 4:True:11,22:8914,1299
> 5:False:13,27:8914,1299
driverlog-suboptimal-old-noisy/100/driverlog_noisy_p04_hyp-2_full_3.tar.bz2:0.716547012329:0.2291589:0.71
> 0:False:11,25:8913,1298
> 1:True:9,20:8913,1298
> 2:False:9,23:8913,1298
> 3:False:10,23:8913,1298
> 4:True:11,22:8913,1298
> 5:False:13,25:8913,1298
driverlog-suboptimal-old-noisy/100/driverlog_noisy_p04_hyp-3_full_1.tar.bz2:0.796962976456:0.3113948:0.79
> 0:True:11,24:8913,1298
> 1:False:9,27:8913,1298
> 2:False:9,24:8913,1298
> 3:False:10,27:8913,1298
> 4:False:11,26:8913,1298
> 5:True:13,26:8913,1298
driverlog-suboptimal-old-noisy/100/driverlog_noisy_p04_hyp-3_full_2.tar.bz2:0.785181999207:0.2980967:0.79
> 0:True:11,20:8912,1297
> 1:False:9,24:8912,1297
> 2:False:9,20:8912,1297
> 3:False:10,26:8912,1297
> 4:False:11,24:8912,1297
> 5:False:13,24:8912,1297
driverlog-suboptimal-old-noisy/100/driverlog_noisy_p04_hyp-3_full_3.tar.bz2:0.759072065353:0.2729175:0.76
> 0:False:11,20:8911,1296
> 1:False:9,24:8911,1296
> 2:False:9,18:8911,1296
> 3:False:10,24:8911,1296
> 4:False:11,24:8911,1296
> 5:True:13,21:8911,1296
driverlog-suboptimal-old-noisy/100/driverlog_noisy_p04_hyp-4_full_1.tar.bz2:0.709912061691:0.2225696:0.72
> 0:False:11,26:8917,1302
> 1:False:9,23:8917,1302
> 2:False:9,26:8917,1302
> 3:False:10,25:8917,1302
> 4:True:11,22:8917,1302
> 5:False:13,28:8917,1302
driverlog-suboptimal-old-noisy/100/driverlog_noisy_p04_hyp-4_full_2.tar.bz2:0.702279090881:0.2151013:0.71
> 0:False:11,28:8917,1302
> 1:False:9,24:8917,1302
> 2:False:9,28:8917,1302
> 3:False:10,27:8917,1302
> 4:True:11,24:8917,1302
> 5:False:13,30:8917,1302
driverlog-suboptimal-old-noisy/100/driverlog_noisy_p04_hyp-4_full_3.tar.bz2:0.702816009521:0.2151901:0.7
> 0:False:11,25:8916,1301
> 1:False:9,22:8916,1301
> 2:False:9,25:8916,1301
> 3:False:10,24:8916,1301
> 4:True:11,22:8916,1301
> 5:False:13,26:8916,1301
driverlog-suboptimal-old-noisy/100/driverlog_noisy_p05_hyp-1_full_1.tar.bz2:0.990538835526:0.4664417:1.0
> 0:True:12,28:12025,1669
> 1:False:9,31:12025,1669
> 2:False:11,28:12025,1669
> 3:False:11,31:12025,1669
> 4:False:8,30:12025,1669
> 5:True:12,28:12025,1669
driverlog-suboptimal-old-noisy/100/driverlog_noisy_p05_hyp-1_full_2.tar.bz2:1.02661895752:0.5073193:1.02
> 0:True:12,28:12026,1670
> 1:False:9,30:12026,1670
> 2:False:11,28:12026,1670
> 3:False:11,30:12026,1670
> 4:False:8,29:12026,1670
> 5:False:12,31:12026,1670
driverlog-suboptimal-old-noisy/100/driverlog_noisy_p05_hyp-1_full_3.tar.bz2:0.985139846802:0.4644198:0.99
> 0:True:12,25:12025,1669
> 1:False:9,29:12025,1669
> 2:False:11,25:12025,1669
> 3:False:11,30:12025,1669
> 4:False:8,28:12025,1669
> 5:False:12,28:12025,1669
driverlog-suboptimal-old-noisy/100/driverlog_noisy_p05_hyp-2_full_1.tar.bz2:1.01756191254:0.4990074:1.02
> 0:False:12,27:12024,1668
> 1:False:9,31:12024,1668
> 2:False:11,26:12024,1668
> 3:False:11,30:12024,1668
> 4:False:8,29:12024,1668
> 5:True:12,26:12024,1668
driverlog-suboptimal-old-noisy/100/driverlog_noisy_p05_hyp-2_full_2.tar.bz2:1.00004696846:0.4803109:1.0
> 0:True:12,23:12022,1666
> 1:False:9,26:12022,1666
> 2:False:11,23:12022,1666
> 3:False:11,26:12022,1666
> 4:False:8,25:12022,1666
> 5:False:12,25:12022,1666
driverlog-suboptimal-old-noisy/100/driverlog_noisy_p05_hyp-2_full_3.tar.bz2:1.01834082603:0.4976374:1.02
> 0:True:12,25:12023,1667
> 1:False:9,27:12023,1667
> 2:False:11,25:12023,1667
> 3:False:11,28:12023,1667
> 4:False:8,26:12023,1667
> 5:False:12,27:12023,1667
driverlog-suboptimal-old-noisy/100/driverlog_noisy_p05_hyp-3_full_1.tar.bz2:0.984467029572:0.4660159:0.98
> 0:False:12,31:12024,1668
> 1:False:9,26:12024,1668
> 2:False:11,30:12024,1668
> 3:True:11,25:12024,1668
> 4:False:8,26:12024,1668
> 5:False:12,30:12024,1668
driverlog-suboptimal-old-noisy/100/driverlog_noisy_p05_hyp-3_full_2.tar.bz2:0.978284835815:0.4569587:0.98
> 0:False:12,31:12024,1668
> 1:False:9,27:12024,1668
> 2:False:11,30:12024,1668
> 3:True:11,26:12024,1668
> 4:False:8,27:12024,1668
> 5:False:12,30:12024,1668
driverlog-suboptimal-old-noisy/100/driverlog_noisy_p05_hyp-3_full_3.tar.bz2:1.02349090576:0.5036929:1.04
> 0:False:12,33:12024,1668
> 1:False:9,29:12024,1668
> 2:False:11,32:12024,1668
> 3:True:11,28:12024,1668
> 4:False:8,29:12024,1668
> 5:False:12,32:12024,1668
driverlog-suboptimal-old-noisy/100/driverlog_noisy_p05_hyp-4_full_1.tar.bz2:0.998321056366:0.4761982:1.0
> 0:False:12,28:12024,1668
> 1:False:9,29:12024,1668
> 2:False:11,26:12024,1668
> 3:False:11,27:12024,1668
> 4:False:8,26:12024,1668
> 5:True:12,25:12024,1668
driverlog-suboptimal-old-noisy/100/driverlog_noisy_p05_hyp-4_full_2.tar.bz2:1.00115609169:0.4774135:1.01
> 0:False:12,30:12026,1670
> 1:False:9,34:12026,1670
> 2:False:11,28:12026,1670
> 3:False:11,32:12026,1670
> 4:False:8,31:12026,1670
> 5:True:12,28:12026,1670
driverlog-suboptimal-old-noisy/100/driverlog_noisy_p05_hyp-4_full_3.tar.bz2:1.02932786942:0.5082392:1.02
> 0:True:12,32:12026,1670
> 1:False:9,35:12026,1670
> 2:False:11,32:12026,1670
> 3:False:11,34:12026,1670
> 4:False:8,34:12026,1670
> 5:True:12,32:12026,1670
