driverlog-suboptimal-old-noisy/10/driverlog_noisy_p03_hyp-1_10_1.tar.bz2:0.880552053452:0.3040924:0.87
> 0:True:6,8:3954,726
> 1:False:9,15:3954,726
> 2:False:6,11:3954,726
> 3:False:6,10:3954,726
> 4:False:9,12:3954,726
> 5:False:6,12:3954,726
> 6:False:6,10:3954,726
> 7:False:7,13:3954,726
driverlog-suboptimal-old-noisy/10/driverlog_noisy_p03_hyp-1_10_2.tar.bz2:0.914716959:0.3405103:0.93
> 0:True:6,8:3955,728
> 1:False:9,14:3955,728
> 2:False:6,11:3955,728
> 3:False:6,9:3955,728
> 4:False:9,13:3955,728
> 5:False:6,12:3955,728
> 6:False:6,9:3955,728
> 7:False:7,11:3955,728
driverlog-suboptimal-old-noisy/10/driverlog_noisy_p03_hyp-1_10_3.tar.bz2:0.792145967484:0.2173938:0.79
> 0:True:6,7:3955,728
> 1:True:9,10:3955,728
> 2:True:6,7:3955,728
> 3:True:6,7:3955,728
> 4:True:9,10:3955,728
> 5:True:6,7:3955,728
> 6:True:6,7:3955,728
> 7:True:7,8:3955,728
driverlog-suboptimal-old-noisy/10/driverlog_noisy_p03_hyp-2_10_1.tar.bz2:0.809736967087:0.2365698:0.82
> 0:True:6,8:3955,728
> 1:True:9,11:3955,728
> 2:False:6,9:3955,728
> 3:True:6,8:3955,728
> 4:True:9,11:3955,728
> 5:False:6,9:3955,728
> 6:True:6,8:3955,728
> 7:True:7,9:3955,728
driverlog-suboptimal-old-noisy/10/driverlog_noisy_p03_hyp-2_10_2.tar.bz2:0.824270009995:0.2476497:0.82
> 0:False:6,9:3954,726
> 1:True:9,10:3954,726
> 2:False:6,10:3954,726
> 3:False:6,9:3954,726
> 4:True:9,10:3954,726
> 5:False:6,10:3954,726
> 6:False:6,9:3954,726
> 7:False:7,10:3954,726
driverlog-suboptimal-old-noisy/10/driverlog_noisy_p03_hyp-2_10_3.tar.bz2:0.808089017868:0.2341143:0.8
> 0:True:6,7:3955,728
> 1:False:9,11:3955,728
> 2:False:6,8:3955,728
> 3:False:6,9:3955,728
> 4:True:9,10:3955,728
> 5:False:6,8:3955,728
> 6:False:6,9:3955,728
> 7:False:7,9:3955,728
driverlog-suboptimal-old-noisy/10/driverlog_noisy_p03_hyp-3_10_1.tar.bz2:0.803284883499:0.228717:0.8
> 0:False:6,9:3954,726
> 1:False:9,11:3954,726
> 2:True:6,7:3954,726
> 3:False:6,9:3954,726
> 4:False:9,11:3954,726
> 5:True:6,7:3954,726
> 6:False:6,9:3954,726
> 7:False:7,9:3954,726
driverlog-suboptimal-old-noisy/10/driverlog_noisy_p03_hyp-3_10_2.tar.bz2:0.810282945633:0.2353159:0.81
> 0:False:6,9:3954,726
> 1:True:9,10:3954,726
> 2:False:6,8:3954,726
> 3:False:6,9:3954,726
> 4:True:9,10:3954,726
> 5:False:6,8:3954,726
> 6:False:6,9:3954,726
> 7:True:7,8:3954,726
driverlog-suboptimal-old-noisy/10/driverlog_noisy_p03_hyp-3_10_3.tar.bz2:0.792259216309:0.2159734:0.79
> 0:True:6,7:3955,728
> 1:True:9,10:3955,728
> 2:True:6,7:3955,728
> 3:True:6,7:3955,728
> 4:True:9,10:3955,728
> 5:True:6,7:3955,728
> 6:True:6,7:3955,728
> 7:True:7,8:3955,728
driverlog-suboptimal-old-noisy/10/driverlog_noisy_p03_hyp-4_10_1.tar.bz2:0.786901950836:0.2133559:0.79
> 0:True:6,6:3954,726
> 1:False:9,10:3954,726
> 2:False:6,9:3954,726
> 3:True:6,6:3954,726
> 4:False:9,10:3954,726
> 5:False:6,9:3954,726
> 6:True:6,6:3954,726
> 7:False:7,9:3954,726
driverlog-suboptimal-old-noisy/10/driverlog_noisy_p03_hyp-4_10_2.tar.bz2:0.848179101944:0.2742381:0.85
> 0:True:6,8:3955,728
> 1:False:9,12:3955,728
> 2:False:6,10:3955,728
> 3:True:6,8:3955,728
> 4:False:9,12:3955,728
> 5:False:6,10:3955,728
> 6:True:6,8:3955,728
> 7:False:7,10:3955,728
driverlog-suboptimal-old-noisy/10/driverlog_noisy_p03_hyp-4_10_3.tar.bz2:0.826817035675:0.2524868:0.83
> 0:False:6,7:3955,728
> 1:True:9,9:3955,728
> 2:False:6,9:3955,728
> 3:False:6,7:3955,728
> 4:True:9,9:3955,728
> 5:False:6,9:3955,728
> 6:False:6,7:3955,728
> 7:False:7,8:3955,728
driverlog-suboptimal-old-noisy/10/driverlog_noisy_p04_hyp-1_10_1.tar.bz2:0.811892986298:0.3258297:0.8
> 0:True:11,11:8900,1143
> 1:False:9,15:8900,1143
> 2:False:9,11:8900,1143
> 3:False:10,15:8900,1143
> 4:False:11,13:8900,1143
> 5:False:13,15:8900,1143
driverlog-suboptimal-old-noisy/10/driverlog_noisy_p04_hyp-1_10_2.tar.bz2:0.813104867935:0.3258862:0.82
> 0:True:11,12:8901,1145
> 1:False:9,11:8901,1145
> 2:True:9,10:8901,1145
> 3:False:10,13:8901,1145
> 4:True:11,12:8901,1145
> 5:True:13,14:8901,1145
driverlog-suboptimal-old-noisy/10/driverlog_noisy_p04_hyp-1_10_3.tar.bz2:0.797722101212:0.311089:0.79
> 0:True:11,11:8900,1143
> 1:False:9,13:8900,1143
> 2:False:9,10:8900,1143
> 3:False:10,13:8900,1143
> 4:False:11,12:8900,1143
> 5:False:13,14:8900,1143
driverlog-suboptimal-old-noisy/10/driverlog_noisy_p04_hyp-2_10_1.tar.bz2:0.825337171555:0.3366977:0.82
> 0:False:11,14:8901,1145
> 1:True:9,9:8901,1145
> 2:False:9,12:8901,1145
> 3:True:10,10:8901,1145
> 4:True:11,11:8901,1145
> 5:False:13,14:8901,1145
driverlog-suboptimal-old-noisy/10/driverlog_noisy_p04_hyp-2_10_2.tar.bz2:0.803864955902:0.3187407:0.81
> 0:False:11,13:8901,1145
> 1:True:9,10:8901,1145
> 2:False:9,11:8901,1145
> 3:False:10,12:8901,1145
> 4:False:11,13:8901,1145
> 5:False:13,15:8901,1145
driverlog-suboptimal-old-noisy/10/driverlog_noisy_p04_hyp-2_10_3.tar.bz2:0.773787975311:0.2881424:0.78
> 0:False:11,15:8901,1145
> 1:True:9,10:8901,1145
> 2:False:9,13:8901,1145
> 3:False:10,12:8901,1145
> 4:False:11,13:8901,1145
> 5:True:13,14:8901,1145
driverlog-suboptimal-old-noisy/10/driverlog_noisy_p04_hyp-3_10_1.tar.bz2:0.814894914627:0.3284451:0.81
> 0:True:11,11:8901,1145
> 1:False:9,12:8901,1145
> 2:False:9,10:8901,1145
> 3:False:10,13:8901,1145
> 4:True:11,11:8901,1145
> 5:False:13,14:8901,1145
driverlog-suboptimal-old-noisy/10/driverlog_noisy_p04_hyp-3_10_2.tar.bz2:0.76016497612:0.2735736:0.75
> 0:True:11,11:8900,1143
> 1:False:9,12:8900,1143
> 2:True:9,9:8900,1143
> 3:False:10,12:8900,1143
> 4:False:11,12:8900,1143
> 5:True:13,13:8900,1143
driverlog-suboptimal-old-noisy/10/driverlog_noisy_p04_hyp-3_10_3.tar.bz2:0.78762793541:0.300555:0.79
> 0:True:11,11:8901,1145
> 1:False:9,11:8901,1145
> 2:True:9,9:8901,1145
> 3:False:10,12:8901,1145
> 4:True:11,11:8901,1145
> 5:True:13,13:8901,1145
driverlog-suboptimal-old-noisy/10/driverlog_noisy_p04_hyp-4_10_1.tar.bz2:0.786653995514:0.2991178:0.78
> 0:False:11,13:8900,1143
> 1:False:9,11:8900,1143
> 2:False:9,11:8900,1143
> 3:False:10,13:8900,1143
> 4:True:11,12:8900,1143
> 5:False:13,15:8900,1143
driverlog-suboptimal-old-noisy/10/driverlog_noisy_p04_hyp-4_10_2.tar.bz2:0.755409955978:0.2694298:0.76
> 0:True:11,12:8901,1145
> 1:False:9,12:8901,1145
> 2:False:9,11:8901,1145
> 3:False:10,14:8901,1145
> 4:True:11,12:8901,1145
> 5:False:13,15:8901,1145
driverlog-suboptimal-old-noisy/10/driverlog_noisy_p04_hyp-4_10_3.tar.bz2:0.81231379509:0.3261548:0.82
> 0:True:11,12:8901,1145
> 1:False:9,12:8901,1145
> 2:True:9,10:8901,1145
> 3:False:10,13:8901,1145
> 4:True:11,12:8901,1145
> 5:True:13,14:8901,1145
driverlog-suboptimal-old-noisy/10/driverlog_noisy_p05_hyp-1_10_1.tar.bz2:1.1845459938:0.6671895:1.18
> 0:True:12,12:12008,1476
> 1:False:9,12:12008,1476
> 2:False:11,12:12008,1476
> 3:False:11,14:12008,1476
> 4:False:8,12:12008,1476
> 5:False:12,14:12008,1476
driverlog-suboptimal-old-noisy/10/driverlog_noisy_p05_hyp-1_10_2.tar.bz2:1.15637397766:0.6394267:1.15
> 0:True:12,13:12007,1474
> 1:False:9,14:12007,1474
> 2:False:11,13:12007,1474
> 3:False:11,16:12007,1474
> 4:False:8,13:12007,1474
> 5:False:12,15:12007,1474
driverlog-suboptimal-old-noisy/10/driverlog_noisy_p05_hyp-1_10_3.tar.bz2:1.16296005249:0.6463114:1.17
> 0:True:12,13:12008,1476
> 1:False:9,12:12008,1476
> 2:True:11,12:12008,1476
> 3:False:11,13:12008,1476
> 4:False:8,11:12008,1476
> 5:False:12,14:12008,1476
driverlog-suboptimal-old-noisy/10/driverlog_noisy_p05_hyp-2_10_1.tar.bz2:1.35184907913:0.8337012:1.35
> 0:False:12,13:12007,1474
> 1:False:9,14:12007,1474
> 2:True:11,11:12007,1474
> 3:False:11,14:12007,1474
> 4:False:8,11:12007,1474
> 5:True:12,12:12007,1474
driverlog-suboptimal-old-noisy/10/driverlog_noisy_p05_hyp-2_10_2.tar.bz2:1.31674909592:0.79896:1.32
> 0:False:12,14:12007,1474
> 1:False:9,14:12007,1474
> 2:True:11,12:12007,1474
> 3:False:11,14:12007,1474
> 4:False:8,12:12007,1474
> 5:True:12,13:12007,1474
driverlog-suboptimal-old-noisy/10/driverlog_noisy_p05_hyp-2_10_3.tar.bz2:1.20792412758:0.6890039:1.21
> 0:False:12,14:12007,1474
> 1:False:9,13:12007,1474
> 2:True:11,12:12007,1474
> 3:False:11,13:12007,1474
> 4:False:8,11:12007,1474
> 5:False:12,14:12007,1474
driverlog-suboptimal-old-noisy/10/driverlog_noisy_p05_hyp-3_10_1.tar.bz2:1.31653904915:0.7986649:1.31
> 0:False:12,15:12007,1474
> 1:True:9,9:12007,1474
> 2:False:11,14:12007,1474
> 3:True:11,11:12007,1474
> 4:True:8,8:12007,1474
> 5:False:12,15:12007,1474
driverlog-suboptimal-old-noisy/10/driverlog_noisy_p05_hyp-3_10_2.tar.bz2:1.06814694405:0.5486125:1.06
> 0:False:12,14:12006,1472
> 1:False:9,13:12006,1472
> 2:True:11,12:12006,1472
> 3:True:11,12:12006,1472
> 4:False:8,11:12006,1472
> 5:True:12,13:12006,1472
driverlog-suboptimal-old-noisy/10/driverlog_noisy_p05_hyp-3_10_3.tar.bz2:1.11877918243:0.6005652:1.13
> 0:False:12,13:12007,1474
> 1:False:9,10:12007,1474
> 2:False:11,12:12007,1474
> 3:True:11,11:12007,1474
> 4:False:8,9:12007,1474
> 5:False:12,14:12007,1474
driverlog-suboptimal-old-noisy/10/driverlog_noisy_p05_hyp-4_10_1.tar.bz2:1.33226013184:0.8159237:1.33
> 0:True:12,13:12006,1472
> 1:False:9,15:12006,1472
> 2:True:11,12:12006,1472
> 3:False:11,16:12006,1472
> 4:False:8,13:12006,1472
> 5:True:12,13:12006,1472
driverlog-suboptimal-old-noisy/10/driverlog_noisy_p05_hyp-4_10_2.tar.bz2:1.24421000481:0.7311451:1.25
> 0:False:12,14:12006,1472
> 1:False:9,14:12006,1472
> 2:True:11,12:12006,1472
> 3:False:11,14:12006,1472
> 4:False:8,12:12006,1472
> 5:True:12,13:12006,1472
driverlog-suboptimal-old-noisy/10/driverlog_noisy_p05_hyp-4_10_3.tar.bz2:1.13221693039:0.6125186:1.13
> 0:False:12,14:12007,1474
> 1:False:9,14:12007,1474
> 2:True:11,12:12007,1474
> 3:False:11,14:12007,1474
> 4:False:8,12:12007,1474
> 5:True:12,13:12007,1474
driverlog-suboptimal-old-noisy/30/driverlog_noisy_p03_hyp-1_30_1.tar.bz2:0.854551076889:0.2816024:0.86
> 0:True:6,9:3957,732
> 1:False:9,15:3957,732
> 2:False:6,11:3957,732
> 3:False:6,11:3957,732
> 4:True:9,12:3957,732
> 5:False:6,12:3957,732
> 6:False:6,11:3957,732
> 7:False:7,13:3957,732
driverlog-suboptimal-old-noisy/30/driverlog_noisy_p03_hyp-1_30_2.tar.bz2:0.796923160553:0.2231315:0.8
> 0:True:6,8:3957,732
> 1:False:9,13:3957,732
> 2:False:6,12:3957,732
> 3:False:6,10:3957,732
> 4:False:9,13:3957,732
> 5:False:6,12:3957,732
> 6:False:6,10:3957,732
> 7:False:7,10:3957,732
driverlog-suboptimal-old-noisy/30/driverlog_noisy_p03_hyp-1_30_3.tar.bz2:0.842514038086:0.2703765:0.85
> 0:True:6,7:3957,732
> 1:False:9,13:3957,732
> 2:False:6,11:3957,732
> 3:False:6,8:3957,732
> 4:False:9,11:3957,732
> 5:False:6,12:3957,732
> 6:False:6,8:3957,732
> 7:False:7,12:3957,732
driverlog-suboptimal-old-noisy/30/driverlog_noisy_p03_hyp-2_30_1.tar.bz2:0.833466053009:0.2588964:0.83
> 0:False:6,14:3958,734
> 1:True:9,14:3958,734
> 2:False:6,16:3958,734
> 3:False:6,14:3958,734
> 4:True:9,14:3958,734
> 5:False:6,16:3958,734
> 6:False:6,14:3958,734
> 7:False:7,13:3958,734
driverlog-suboptimal-old-noisy/30/driverlog_noisy_p03_hyp-2_30_2.tar.bz2:0.827365875244:0.253764:0.83
> 0:False:6,11:3959,736
> 1:True:9,12:3959,736
> 2:False:6,13:3959,736
> 3:False:6,11:3959,736
> 4:True:9,12:3959,736
> 5:False:6,13:3959,736
> 6:False:6,11:3959,736
> 7:False:7,11:3959,736
driverlog-suboptimal-old-noisy/30/driverlog_noisy_p03_hyp-2_30_3.tar.bz2:0.816831111908:0.242758:0.81
> 0:False:6,14:3959,736
> 1:True:9,14:3959,736
> 2:False:6,16:3959,736
> 3:False:6,14:3959,736
> 4:True:9,14:3959,736
> 5:False:6,16:3959,736
> 6:False:6,14:3959,736
> 7:False:7,14:3959,736
driverlog-suboptimal-old-noisy/30/driverlog_noisy_p03_hyp-3_30_1.tar.bz2:0.859019994736:0.2857829:0.85
> 0:False:6,10:3957,732
> 1:False:9,12:3957,732
> 2:True:6,8:3957,732
> 3:False:6,10:3957,732
> 4:False:9,12:3957,732
> 5:True:6,8:3957,732
> 6:False:6,10:3957,732
> 7:True:7,9:3957,732
driverlog-suboptimal-old-noisy/30/driverlog_noisy_p03_hyp-3_30_2.tar.bz2:0.765735149384:0.1899257:0.77
> 0:False:6,11:3958,734
> 1:False:9,13:3958,734
> 2:True:6,9:3958,734
> 3:False:6,11:3958,734
> 4:False:9,13:3958,734
> 5:True:6,9:3958,734
> 6:False:6,11:3958,734
> 7:False:7,11:3958,734
driverlog-suboptimal-old-noisy/30/driverlog_noisy_p03_hyp-3_30_3.tar.bz2:0.790762901306:0.2167667:0.78
> 0:False:6,10:3958,734
> 1:False:9,12:3958,734
> 2:False:6,9:3958,734
> 3:False:6,10:3958,734
> 4:True:9,11:3958,734
> 5:False:6,9:3958,734
> 6:False:6,10:3958,734
> 7:False:7,10:3958,734
driverlog-suboptimal-old-noisy/30/driverlog_noisy_p03_hyp-4_30_1.tar.bz2:0.831669092178:0.2555731:0.83
> 0:True:6,9:3957,732
> 1:False:9,14:3957,732
> 2:False:6,13:3957,732
> 3:True:6,9:3957,732
> 4:False:9,14:3957,732
> 5:False:6,13:3957,732
> 6:True:6,9:3957,732
> 7:False:7,13:3957,732
driverlog-suboptimal-old-noisy/30/driverlog_noisy_p03_hyp-4_30_2.tar.bz2:0.806095123291:0.2305356:0.81
> 0:True:6,7:3957,732
> 1:False:9,12:3957,732
> 2:False:6,11:3957,732
> 3:True:6,7:3957,732
> 4:False:9,12:3957,732
> 5:False:6,11:3957,732
> 6:True:6,7:3957,732
> 7:False:7,11:3957,732
driverlog-suboptimal-old-noisy/30/driverlog_noisy_p03_hyp-4_30_3.tar.bz2:0.831777095795:0.2584054:0.83
> 0:True:6,9:3957,732
> 1:False:9,14:3957,732
> 2:False:6,13:3957,732
> 3:True:6,9:3957,732
> 4:False:9,14:3957,732
> 5:False:6,13:3957,732
> 6:False:6,10:3957,732
> 7:False:7,13:3957,732
driverlog-suboptimal-old-noisy/30/driverlog_noisy_p04_hyp-1_30_1.tar.bz2:0.749726057053:0.262263:0.75
> 0:True:11,12:8905,1153
> 1:False:9,15:8905,1153
> 2:False:9,11:8905,1153
> 3:False:10,15:8905,1153
> 4:False:11,14:8905,1153
> 5:False:13,15:8905,1153
driverlog-suboptimal-old-noisy/30/driverlog_noisy_p04_hyp-1_30_2.tar.bz2:0.843344926834:0.3555242:0.85
> 0:True:11,14:8904,1151
> 1:False:9,16:8904,1151
> 2:False:9,13:8904,1151
> 3:False:10,17:8904,1151
> 4:False:11,15:8904,1151
> 5:False:13,17:8904,1151
driverlog-suboptimal-old-noisy/30/driverlog_noisy_p04_hyp-1_30_3.tar.bz2:0.764781951904:0.2782291:0.76
> 0:True:11,12:8906,1155
> 1:False:9,14:8906,1155
> 2:False:9,11:8906,1155
> 3:False:10,15:8906,1155
> 4:False:11,14:8906,1155
> 5:False:13,15:8906,1155
driverlog-suboptimal-old-noisy/30/driverlog_noisy_p04_hyp-2_30_1.tar.bz2:0.793866157532:0.3072978:0.79
> 0:False:11,16:8902,1147
> 1:True:9,10:8902,1147
> 2:False:9,14:8902,1147
> 3:True:10,11:8902,1147
> 4:True:11,12:8902,1147
> 5:False:13,16:8902,1147
driverlog-suboptimal-old-noisy/30/driverlog_noisy_p04_hyp-2_30_2.tar.bz2:0.767594814301:0.2811474:0.76
> 0:False:11,14:8904,1151
> 1:True:9,10:8904,1151
> 2:False:9,12:8904,1151
> 3:True:10,11:8904,1151
> 4:True:11,12:8904,1151
> 5:True:13,14:8904,1151
driverlog-suboptimal-old-noisy/30/driverlog_noisy_p04_hyp-2_30_3.tar.bz2:0.774819850922:0.2886634:0.78
> 0:False:11,14:8904,1151
> 1:True:9,9:8904,1151
> 2:False:9,13:8904,1151
> 3:False:10,11:8904,1151
> 4:False:11,12:8904,1151
> 5:False:13,15:8904,1151
driverlog-suboptimal-old-noisy/30/driverlog_noisy_p04_hyp-3_30_1.tar.bz2:0.791902065277:0.3054645:0.8
> 0:True:11,11:8903,1149
> 1:False:9,12:8903,1149
> 2:True:9,9:8903,1149
> 3:False:10,13:8903,1149
> 4:False:11,12:8903,1149
> 5:True:13,13:8903,1149
driverlog-suboptimal-old-noisy/30/driverlog_noisy_p04_hyp-3_30_2.tar.bz2:0.778241157532:0.2909692:0.78
> 0:True:11,11:8904,1151
> 1:False:9,13:8904,1151
> 2:True:9,9:8904,1151
> 3:False:10,13:8904,1151
> 4:False:11,13:8904,1151
> 5:True:13,13:8904,1151
driverlog-suboptimal-old-noisy/30/driverlog_noisy_p04_hyp-3_30_3.tar.bz2:0.800811052322:0.3158645:0.8
> 0:True:11,12:8902,1147
> 1:False:9,14:8902,1147
> 2:True:9,10:8902,1147
> 3:False:10,15:8902,1147
> 4:False:11,14:8902,1147
> 5:True:13,14:8902,1147
driverlog-suboptimal-old-noisy/30/driverlog_noisy_p04_hyp-4_30_1.tar.bz2:0.744286060333:0.2607063:0.75
> 0:False:11,14:8906,1155
> 1:False:9,13:8906,1155
> 2:False:9,12:8906,1155
> 3:False:10,15:8906,1155
> 4:True:11,12:8906,1155
> 5:False:13,15:8906,1155
driverlog-suboptimal-old-noisy/30/driverlog_noisy_p04_hyp-4_30_2.tar.bz2:0.817273855209:0.3330836:0.82
> 0:False:11,17:8905,1153
> 1:False:9,14:8905,1153
> 2:False:9,15:8905,1153
> 3:False:10,16:8905,1153
> 4:True:11,13:8905,1153
> 5:False:13,17:8905,1153
driverlog-suboptimal-old-noisy/30/driverlog_noisy_p04_hyp-4_30_3.tar.bz2:0.772176980972:0.2854232:0.77
> 0:False:11,14:8906,1155
> 1:False:9,13:8906,1155
> 2:False:9,12:8906,1155
> 3:False:10,15:8906,1155
> 4:False:11,13:8906,1155
> 5:True:13,14:8906,1155
driverlog-suboptimal-old-noisy/30/driverlog_noisy_p05_hyp-1_30_1.tar.bz2:1.08931398392:0.5723272:1.08
> 0:True:12,14:12012,1484
> 1:False:9,17:12012,1484
> 2:True:11,13:12012,1484
> 3:False:11,17:12012,1484
> 4:False:8,15:12012,1484
> 5:False:12,16:12012,1484
driverlog-suboptimal-old-noisy/30/driverlog_noisy_p05_hyp-1_30_2.tar.bz2:1.00045084953:0.4825:0.99
> 0:True:12,15:12011,1482
> 1:False:9,19:12011,1482
> 2:True:11,14:12011,1482
> 3:False:11,19:12011,1482
> 4:False:8,17:12011,1482
> 5:False:12,17:12011,1482
driverlog-suboptimal-old-noisy/30/driverlog_noisy_p05_hyp-1_30_3.tar.bz2:1.19453215599:0.6777988:1.2
> 0:True:12,16:12011,1482
> 1:False:9,17:12011,1482
> 2:True:11,15:12011,1482
> 3:False:11,18:12011,1482
> 4:False:8,15:12011,1482
> 5:False:12,17:12011,1482
driverlog-suboptimal-old-noisy/30/driverlog_noisy_p05_hyp-2_30_1.tar.bz2:1.06497502327:0.5463522:1.06
> 0:False:12,15:12011,1482
> 1:False:9,17:12011,1482
> 2:True:11,13:12011,1482
> 3:False:11,15:12011,1482
> 4:False:8,15:12011,1482
> 5:False:12,15:12011,1482
driverlog-suboptimal-old-noisy/30/driverlog_noisy_p05_hyp-2_30_2.tar.bz2:1.08539390564:0.569473:1.09
> 0:False:12,16:12011,1482
> 1:False:9,17:12011,1482
> 2:True:11,14:12011,1482
> 3:False:11,17:12011,1482
> 4:False:8,14:12011,1482
> 5:True:12,15:12011,1482
driverlog-suboptimal-old-noisy/30/driverlog_noisy_p05_hyp-2_30_3.tar.bz2:1.07590198517:0.5562226:1.08
> 0:False:12,15:12012,1484
> 1:False:9,16:12012,1484
> 2:True:11,13:12012,1484
> 3:False:11,15:12012,1484
> 4:False:8,14:12012,1484
> 5:False:12,15:12012,1484
driverlog-suboptimal-old-noisy/30/driverlog_noisy_p05_hyp-3_30_1.tar.bz2:1.23479795456:0.7171536:1.23
> 0:False:12,17:12012,1484
> 1:False:9,13:12012,1484
> 2:False:11,15:12012,1484
> 3:True:11,12:12012,1484
> 4:False:8,12:12012,1484
> 5:False:12,16:12012,1484
driverlog-suboptimal-old-noisy/30/driverlog_noisy_p05_hyp-3_30_2.tar.bz2:1.36994099617:0.8527819:1.37
> 0:False:12,18:12010,1480
> 1:True:9,13:12010,1480
> 2:False:11,17:12010,1480
> 3:True:11,15:12010,1480
> 4:False:8,13:12010,1480
> 5:False:12,19:12010,1480
driverlog-suboptimal-old-noisy/30/driverlog_noisy_p05_hyp-3_30_3.tar.bz2:1.20883917809:0.6914723:1.2
> 0:False:12,17:12011,1482
> 1:False:9,13:12011,1482
> 2:False:11,15:12011,1482
> 3:True:11,13:12011,1482
> 4:False:8,12:12011,1482
> 5:False:12,16:12011,1482
driverlog-suboptimal-old-noisy/30/driverlog_noisy_p05_hyp-4_30_1.tar.bz2:1.03183603287:0.5185135:1.03
> 0:False:12,15:12013,1486
> 1:False:9,18:12013,1486
> 2:True:11,13:12013,1486
> 3:False:11,17:12013,1486
> 4:False:8,15:12013,1486
> 5:True:12,14:12013,1486
driverlog-suboptimal-old-noisy/30/driverlog_noisy_p05_hyp-4_30_2.tar.bz2:1.01209998131:0.4939071:1.01
> 0:False:12,16:12011,1482
> 1:False:9,18:12011,1482
> 2:False:11,14:12011,1482
> 3:False:11,16:12011,1482
> 4:False:8,16:12011,1482
> 5:True:12,14:12011,1482
driverlog-suboptimal-old-noisy/30/driverlog_noisy_p05_hyp-4_30_3.tar.bz2:1.0388469696:0.5191883:1.03
> 0:False:12,16:12012,1484
> 1:False:9,18:12012,1484
> 2:True:11,14:12012,1484
> 3:False:11,17:12012,1484
> 4:False:8,15:12012,1484
> 5:True:12,15:12012,1484
driverlog-suboptimal-old-noisy/50/driverlog_noisy_p03_hyp-1_50_1.tar.bz2:0.830548048019:0.2573875:0.83
> 0:True:6,9:3959,736
> 1:False:9,17:3959,736
> 2:False:6,14:3959,736
> 3:False:6,11:3959,736
> 4:False:9,15:3959,736
> 5:False:6,15:3959,736
> 6:False:6,11:3959,736
> 7:False:7,14:3959,736
driverlog-suboptimal-old-noisy/50/driverlog_noisy_p03_hyp-1_50_2.tar.bz2:0.865005970001:0.2893563:0.86
> 0:True:6,8:3960,738
> 1:False:9,15:3960,738
> 2:False:6,13:3960,738
> 3:False:6,10:3960,738
> 4:False:9,13:3960,738
> 5:False:6,14:3960,738
> 6:False:6,10:3960,738
> 7:False:7,14:3960,738
driverlog-suboptimal-old-noisy/50/driverlog_noisy_p03_hyp-1_50_3.tar.bz2:0.876079082489:0.2991519:0.88
> 0:True:6,9:3960,738
> 1:False:9,17:3960,738
> 2:False:6,12:3960,738
> 3:False:6,11:3960,738
> 4:False:9,14:3960,738
> 5:False:6,14:3960,738
> 6:False:6,11:3960,738
> 7:False:7,15:3960,738
driverlog-suboptimal-old-noisy/50/driverlog_noisy_p03_hyp-2_50_1.tar.bz2:0.846158027649:0.2721049:0.84
> 0:False:6,13:3963,744
> 1:True:9,14:3963,744
> 2:False:6,14:3963,744
> 3:False:6,13:3963,744
> 4:True:9,14:3963,744
> 5:False:6,14:3963,744
> 6:False:6,13:3963,744
> 7:False:7,14:3963,744
driverlog-suboptimal-old-noisy/50/driverlog_noisy_p03_hyp-2_50_2.tar.bz2:0.827002048492:0.251334:0.82
> 0:False:6,13:3963,744
> 1:True:9,13:3963,744
> 2:False:6,15:3963,744
> 3:False:6,13:3963,744
> 4:True:9,13:3963,744
> 5:False:6,15:3963,744
> 6:False:6,13:3963,744
> 7:False:7,13:3963,744
driverlog-suboptimal-old-noisy/50/driverlog_noisy_p03_hyp-2_50_3.tar.bz2:0.776892185211:0.2005879:0.79
> 0:False:6,13:3962,742
> 1:True:9,15:3962,742
> 2:False:6,14:3962,742
> 3:False:6,13:3962,742
> 4:True:9,15:3962,742
> 5:False:6,14:3962,742
> 6:False:6,13:3962,742
> 7:True:7,13:3962,742
driverlog-suboptimal-old-noisy/50/driverlog_noisy_p03_hyp-3_50_1.tar.bz2:0.780506134033:0.207153:0.78
> 0:False:6,12:3961,740
> 1:True:9,13:3961,740
> 2:False:6,11:3961,740
> 3:False:6,12:3961,740
> 4:True:9,13:3961,740
> 5:False:6,11:3961,740
> 6:False:6,12:3961,740
> 7:True:7,11:3961,740
driverlog-suboptimal-old-noisy/50/driverlog_noisy_p03_hyp-3_50_2.tar.bz2:0.771725893021:0.1996651:0.77
> 0:False:6,12:3959,736
> 1:False:9,13:3959,736
> 2:True:6,9:3959,736
> 3:False:6,12:3959,736
> 4:False:9,13:3959,736
> 5:True:6,9:3959,736
> 6:False:6,12:3959,736
> 7:False:7,12:3959,736
driverlog-suboptimal-old-noisy/50/driverlog_noisy_p03_hyp-3_50_3.tar.bz2:0.793517827988:0.2195469:0.79
> 0:False:6,11:3960,738
> 1:False:9,14:3960,738
> 2:True:6,10:3960,738
> 3:False:6,11:3960,738
> 4:False:9,14:3960,738
> 5:True:6,10:3960,738
> 6:False:6,12:3960,738
> 7:False:7,12:3960,738
driverlog-suboptimal-old-noisy/50/driverlog_noisy_p03_hyp-4_50_1.tar.bz2:0.805547952652:0.2324935:0.8
> 0:True:6,10:3958,734
> 1:False:9,16:3958,734
> 2:False:6,15:3958,734
> 3:True:6,10:3958,734
> 4:False:9,16:3958,734
> 5:False:6,15:3958,734
> 6:False:6,11:3958,734
> 7:False:7,14:3958,734
driverlog-suboptimal-old-noisy/50/driverlog_noisy_p03_hyp-4_50_2.tar.bz2:0.825212955475:0.2518604:0.84
> 0:True:6,9:3959,736
> 1:False:9,14:3959,736
> 2:False:6,13:3959,736
> 3:True:6,9:3959,736
> 4:False:9,14:3959,736
> 5:False:6,13:3959,736
> 6:False:6,10:3959,736
> 7:False:7,13:3959,736
driverlog-suboptimal-old-noisy/50/driverlog_noisy_p03_hyp-4_50_3.tar.bz2:0.770846843719:0.1955065:0.77
> 0:True:6,8:3960,738
> 1:False:9,14:3960,738
> 2:False:6,13:3960,738
> 3:True:6,8:3960,738
> 4:False:9,14:3960,738
> 5:False:6,13:3960,738
> 6:False:6,9:3960,738
> 7:False:7,12:3960,738
driverlog-suboptimal-old-noisy/50/driverlog_noisy_p04_hyp-1_50_1.tar.bz2:0.71445608139:0.2267834:0.72
> 0:True:11,12:8908,1159
> 1:False:9,16:8908,1159
> 2:False:9,11:8908,1159
> 3:False:10,16:8908,1159
> 4:False:11,15:8908,1159
> 5:False:13,15:8908,1159
driverlog-suboptimal-old-noisy/50/driverlog_noisy_p04_hyp-1_50_2.tar.bz2:0.728034973145:0.2427809:0.73
> 0:True:11,13:8909,1161
> 1:False:9,17:8909,1161
> 2:False:9,12:8909,1161
> 3:False:10,17:8909,1161
> 4:False:11,16:8909,1161
> 5:False:13,16:8909,1161
driverlog-suboptimal-old-noisy/50/driverlog_noisy_p04_hyp-1_50_3.tar.bz2:0.736444950104:0.2513028:0.74
> 0:True:11,13:8907,1157
> 1:False:9,17:8907,1157
> 2:False:9,12:8907,1157
> 3:False:10,17:8907,1157
> 4:False:11,16:8907,1157
> 5:False:13,16:8907,1157
driverlog-suboptimal-old-noisy/50/driverlog_noisy_p04_hyp-2_50_1.tar.bz2:0.728626966476:0.2423256:0.73
> 0:False:11,17:8907,1157
> 1:True:9,11:8907,1157
> 2:False:9,16:8907,1157
> 3:False:10,13:8907,1157
> 4:True:11,13:8907,1157
> 5:False:13,18:8907,1157
driverlog-suboptimal-old-noisy/50/driverlog_noisy_p04_hyp-2_50_2.tar.bz2:0.746692895889:0.2606254:0.74
> 0:False:11,17:8907,1157
> 1:True:9,11:8907,1157
> 2:False:9,16:8907,1157
> 3:False:10,14:8907,1157
> 4:False:11,15:8907,1157
> 5:False:13,18:8907,1157
driverlog-suboptimal-old-noisy/50/driverlog_noisy_p04_hyp-2_50_3.tar.bz2:0.746217012405:0.2615357:0.74
> 0:False:11,18:8907,1157
> 1:True:9,12:8907,1157
> 2:False:9,17:8907,1157
> 3:False:10,14:8907,1157
> 4:False:11,15:8907,1157
> 5:False:13,19:8907,1157
driverlog-suboptimal-old-noisy/50/driverlog_noisy_p04_hyp-3_50_1.tar.bz2:0.736665010452:0.2494121:0.74
> 0:True:11,13:8907,1157
> 1:False:9,16:8907,1157
> 2:True:9,11:8907,1157
> 3:False:10,16:8907,1157
> 4:False:11,16:8907,1157
> 5:True:13,15:8907,1157
driverlog-suboptimal-old-noisy/50/driverlog_noisy_p04_hyp-3_50_2.tar.bz2:0.745010852814:0.2596934:0.74
> 0:True:11,14:8906,1155
> 1:False:9,17:8906,1155
> 2:True:9,12:8906,1155
> 3:False:10,18:8906,1155
> 4:False:11,18:8906,1155
> 5:True:13,16:8906,1155
driverlog-suboptimal-old-noisy/50/driverlog_noisy_p04_hyp-3_50_3.tar.bz2:0.731374979019:0.2441119:0.73
> 0:True:11,13:8907,1157
> 1:False:9,16:8907,1157
> 2:True:9,11:8907,1157
> 3:False:10,17:8907,1157
> 4:False:11,16:8907,1157
> 5:True:13,15:8907,1157
driverlog-suboptimal-old-noisy/50/driverlog_noisy_p04_hyp-4_50_1.tar.bz2:0.729202985764:0.2423354:0.72
> 0:False:11,16:8907,1157
> 1:False:9,12:8907,1157
> 2:False:9,14:8907,1157
> 3:False:10,15:8907,1157
> 4:True:11,13:8907,1157
> 5:False:13,18:8907,1157
driverlog-suboptimal-old-noisy/50/driverlog_noisy_p04_hyp-4_50_2.tar.bz2:0.801512002945:0.3171326:0.8
> 0:False:11,16:8907,1157
> 1:False:9,15:8907,1157
> 2:False:9,14:8907,1157
> 3:False:10,17:8907,1157
> 4:True:11,14:8907,1157
> 5:False:13,17:8907,1157
driverlog-suboptimal-old-noisy/50/driverlog_noisy_p04_hyp-4_50_3.tar.bz2:0.739303827286:0.2529346:0.74
> 0:False:11,16:8909,1161
> 1:False:9,14:8909,1161
> 2:False:9,16:8909,1161
> 3:False:10,16:8909,1161
> 4:True:11,13:8909,1161
> 5:False:13,19:8909,1161
driverlog-suboptimal-old-noisy/50/driverlog_noisy_p05_hyp-1_50_1.tar.bz2:1.08958411217:0.5678899:1.09
> 0:True:12,18:12016,1492
> 1:False:9,19:12016,1492
> 2:True:11,17:12016,1492
> 3:False:11,20:12016,1492
> 4:False:8,17:12016,1492
> 5:True:12,18:12016,1492
driverlog-suboptimal-old-noisy/50/driverlog_noisy_p05_hyp-1_50_2.tar.bz2:1.07581186295:0.559436:1.08
> 0:True:12,17:12016,1492
> 1:False:9,20:12016,1492
> 2:False:11,17:12016,1492
> 3:False:11,21:12016,1492
> 4:False:8,19:12016,1492
> 5:False:12,19:12016,1492
driverlog-suboptimal-old-noisy/50/driverlog_noisy_p05_hyp-1_50_3.tar.bz2:1.00035905838:0.4805104:1.0
> 0:True:12,15:12017,1494
> 1:False:9,17:12017,1494
> 2:False:11,15:12017,1494
> 3:False:11,18:12017,1494
> 4:False:8,17:12017,1494
> 5:False:12,17:12017,1494
driverlog-suboptimal-old-noisy/50/driverlog_noisy_p05_hyp-2_50_1.tar.bz2:1.06266903877:0.5429022:1.06
> 0:False:12,15:12015,1490
> 1:False:9,17:12015,1490
> 2:True:11,13:12015,1490
> 3:False:11,17:12015,1490
> 4:False:8,14:12015,1490
> 5:False:12,15:12015,1490
driverlog-suboptimal-old-noisy/50/driverlog_noisy_p05_hyp-2_50_2.tar.bz2:1.07736110687:0.5597755:1.08
> 0:False:12,16:12012,1484
> 1:False:9,17:12012,1484
> 2:True:11,14:12012,1484
> 3:False:11,17:12012,1484
> 4:False:8,15:12012,1484
> 5:True:12,15:12012,1484
driverlog-suboptimal-old-noisy/50/driverlog_noisy_p05_hyp-2_50_3.tar.bz2:1.06808590889:0.5482763:1.08
> 0:False:12,17:12013,1486
> 1:False:9,19:12013,1486
> 2:True:11,15:12013,1486
> 3:False:11,17:12013,1486
> 4:False:8,17:12013,1486
> 5:False:12,17:12013,1486
driverlog-suboptimal-old-noisy/50/driverlog_noisy_p05_hyp-3_50_1.tar.bz2:1.04014492035:0.5201406:1.04
> 0:False:12,19:12013,1486
> 1:False:9,15:12013,1486
> 2:False:11,18:12013,1486
> 3:True:11,15:12013,1486
> 4:False:8,15:12013,1486
> 5:False:12,19:12013,1486
driverlog-suboptimal-old-noisy/50/driverlog_noisy_p05_hyp-3_50_2.tar.bz2:1.0869178772:0.5681218:1.09
> 0:False:12,19:12015,1490
> 1:False:9,16:12015,1490
> 2:False:11,18:12015,1490
> 3:True:11,16:12015,1490
> 4:False:8,15:12015,1490
> 5:False:12,19:12015,1490
driverlog-suboptimal-old-noisy/50/driverlog_noisy_p05_hyp-3_50_3.tar.bz2:1.01129603386:0.4936991:1.01
> 0:False:12,18:12015,1490
> 1:False:9,13:12015,1490
> 2:False:11,17:12015,1490
> 3:True:11,13:12015,1490
> 4:False:8,13:12015,1490
> 5:False:12,17:12015,1490
driverlog-suboptimal-old-noisy/50/driverlog_noisy_p05_hyp-4_50_1.tar.bz2:1.0412209034:0.5237063:1.04
> 0:False:12,19:12016,1492
> 1:False:9,22:12016,1492
> 2:False:11,17:12016,1492
> 3:False:11,20:12016,1492
> 4:False:8,19:12016,1492
> 5:True:12,17:12016,1492
driverlog-suboptimal-old-noisy/50/driverlog_noisy_p05_hyp-4_50_2.tar.bz2:1.01777505875:0.4977208:1.02
> 0:False:12,19:12013,1486
> 1:False:9,22:12013,1486
> 2:False:11,17:12013,1486
> 3:False:11,20:12013,1486
> 4:False:8,19:12013,1486
> 5:True:12,16:12013,1486
driverlog-suboptimal-old-noisy/50/driverlog_noisy_p05_hyp-4_50_3.tar.bz2:1.05896902084:0.5371488:1.06
> 0:False:12,19:12015,1490
> 1:False:9,20:12015,1490
> 2:False:11,18:12015,1490
> 3:False:11,20:12015,1490
> 4:False:8,18:12015,1490
> 5:True:12,17:12015,1490
driverlog-suboptimal-old-noisy/70/driverlog_noisy_p03_hyp-1_70_1.tar.bz2:0.789494991302:0.2160492:0.79
> 0:True:6,9:3961,740
> 1:False:9,17:3961,740
> 2:False:6,14:3961,740
> 3:False:6,11:3961,740
> 4:False:9,15:3961,740
> 5:False:6,15:3961,740
> 6:False:6,11:3961,740
> 7:False:7,15:3961,740
driverlog-suboptimal-old-noisy/70/driverlog_noisy_p03_hyp-1_70_2.tar.bz2:0.875983953476:0.301985:0.88
> 0:True:6,10:3961,740
> 1:False:9,18:3961,740
> 2:False:6,14:3961,740
> 3:False:6,12:3961,740
> 4:False:9,15:3961,740
> 5:False:6,16:3961,740
> 6:False:6,12:3961,740
> 7:False:7,16:3961,740
driverlog-suboptimal-old-noisy/70/driverlog_noisy_p03_hyp-1_70_3.tar.bz2:0.918375015259:0.3435937:0.92
> 0:True:6,11:3961,740
> 1:False:9,19:3961,740
> 2:False:6,15:3961,740
> 3:False:6,13:3961,740
> 4:False:9,16:3961,740
> 5:False:6,16:3961,740
> 6:False:6,13:3961,740
> 7:False:7,17:3961,740
driverlog-suboptimal-old-noisy/70/driverlog_noisy_p03_hyp-2_70_1.tar.bz2:0.866291999817:0.2884466:0.86
> 0:False:6,17:3965,748
> 1:True:9,18:3965,748
> 2:False:6,20:3965,748
> 3:False:6,17:3965,748
> 4:True:9,18:3965,748
> 5:False:6,20:3965,748
> 6:False:6,17:3965,748
> 7:False:7,18:3965,748
driverlog-suboptimal-old-noisy/70/driverlog_noisy_p03_hyp-2_70_2.tar.bz2:0.771698951721:0.1965019:0.78
> 0:False:6,15:3967,752
> 1:True:9,16:3967,752
> 2:False:6,17:3967,752
> 3:False:6,15:3967,752
> 4:True:9,16:3967,752
> 5:False:6,17:3967,752
> 6:False:6,15:3967,752
> 7:False:7,15:3967,752
driverlog-suboptimal-old-noisy/70/driverlog_noisy_p03_hyp-2_70_3.tar.bz2:0.783668994904:0.2110327:0.78
> 0:False:6,15:3968,754
> 1:True:9,14:3968,754
> 2:False:6,17:3968,754
> 3:False:6,15:3968,754
> 4:True:9,14:3968,754
> 5:False:6,17:3968,754
> 6:False:6,15:3968,754
> 7:False:7,14:3968,754
driverlog-suboptimal-old-noisy/70/driverlog_noisy_p03_hyp-3_70_1.tar.bz2:0.788043022156:0.2121161:0.79
> 0:False:6,14:3961,740
> 1:False:9,15:3961,740
> 2:True:6,11:3961,740
> 3:False:6,14:3961,740
> 4:False:9,15:3961,740
> 5:True:6,11:3961,740
> 6:False:6,14:3961,740
> 7:False:7,13:3961,740
driverlog-suboptimal-old-noisy/70/driverlog_noisy_p03_hyp-3_70_2.tar.bz2:0.761933803558:0.1777541:0.75
> 0:False:6,12:3962,742
> 1:True:9,13:3962,742
> 2:True:6,10:3962,742
> 3:False:6,12:3962,742
> 4:True:9,13:3962,742
> 5:True:6,10:3962,742
> 6:False:6,12:3962,742
> 7:True:7,11:3962,742
driverlog-suboptimal-old-noisy/70/driverlog_noisy_p03_hyp-3_70_3.tar.bz2:0.767364025116:0.1922209:0.76
> 0:False:6,14:3963,744
> 1:False:9,16:3963,744
> 2:True:6,11:3963,744
> 3:False:6,14:3963,744
> 4:False:9,16:3963,744
> 5:True:6,11:3963,744
> 6:False:6,14:3963,744
> 7:False:7,14:3963,744
driverlog-suboptimal-old-noisy/70/driverlog_noisy_p03_hyp-4_70_1.tar.bz2:0.87159705162:0.2954523:0.87
> 0:True:6,10:3962,742
> 1:False:9,16:3962,742
> 2:False:6,15:3962,742
> 3:True:6,10:3962,742
> 4:False:9,16:3962,742
> 5:False:6,15:3962,742
> 6:False:6,11:3962,742
> 7:False:7,14:3962,742
driverlog-suboptimal-old-noisy/70/driverlog_noisy_p03_hyp-4_70_2.tar.bz2:0.760007143021:0.1854606:0.76
> 0:True:6,8:3962,742
> 1:False:9,14:3962,742
> 2:False:6,13:3962,742
> 3:True:6,8:3962,742
> 4:False:9,14:3962,742
> 5:False:6,13:3962,742
> 6:False:6,9:3962,742
> 7:False:7,12:3962,742
driverlog-suboptimal-old-noisy/70/driverlog_noisy_p03_hyp-4_70_3.tar.bz2:0.753341197968:0.1796194:0.75
> 0:True:6,9:3961,740
> 1:False:9,14:3961,740
> 2:False:6,13:3961,740
> 3:True:6,9:3961,740
> 4:False:9,14:3961,740
> 5:False:6,13:3961,740
> 6:False:6,10:3961,740
> 7:False:7,12:3961,740
driverlog-suboptimal-old-noisy/70/driverlog_noisy_p04_hyp-1_70_1.tar.bz2:0.7435131073:0.2562592:0.75
> 0:True:11,15:8914,1171
> 1:False:9,18:8914,1171
> 2:False:9,15:8914,1171
> 3:False:10,20:8914,1171
> 4:False:11,17:8914,1171
> 5:False:13,19:8914,1171
driverlog-suboptimal-old-noisy/70/driverlog_noisy_p04_hyp-1_70_2.tar.bz2:0.738505840302:0.2523619:0.73
> 0:True:11,16:8914,1171
> 1:False:9,20:8914,1171
> 2:False:9,16:8914,1171
> 3:False:10,21:8914,1171
> 4:False:11,18:8914,1171
> 5:False:13,20:8914,1171
driverlog-suboptimal-old-noisy/70/driverlog_noisy_p04_hyp-1_70_3.tar.bz2:0.717628955841:0.2320641:0.73
> 0:True:11,14:8912,1167
> 1:False:9,18:8912,1167
> 2:False:9,14:8912,1167
> 3:False:10,18:8912,1167
> 4:False:11,16:8912,1167
> 5:False:13,18:8912,1167
driverlog-suboptimal-old-noisy/70/driverlog_noisy_p04_hyp-2_70_1.tar.bz2:0.734946012497:0.2469083:0.74
> 0:False:11,19:8910,1163
> 1:True:9,12:8910,1163
> 2:False:9,18:8910,1163
> 3:False:10,15:8910,1163
> 4:False:11,16:8910,1163
> 5:False:13,20:8910,1163
driverlog-suboptimal-old-noisy/70/driverlog_noisy_p04_hyp-2_70_2.tar.bz2:0.733324766159:0.2472311:0.74
> 0:False:11,19:8911,1165
> 1:True:9,13:8911,1165
> 2:False:9,17:8911,1165
> 3:False:10,16:8911,1165
> 4:False:11,16:8911,1165
> 5:False:13,20:8911,1165
driverlog-suboptimal-old-noisy/70/driverlog_noisy_p04_hyp-2_70_3.tar.bz2:0.750664949417:0.2634496:0.75
> 0:False:11,19:8910,1163
> 1:True:9,12:8910,1163
> 2:False:9,18:8910,1163
> 3:False:10,15:8910,1163
> 4:False:11,16:8910,1163
> 5:False:13,20:8910,1163
driverlog-suboptimal-old-noisy/70/driverlog_noisy_p04_hyp-3_70_1.tar.bz2:0.735395908356:0.2524817:0.74
> 0:False:11,15:8910,1163
> 1:False:9,18:8910,1163
> 2:False:9,13:8910,1163
> 3:False:10,18:8910,1163
> 4:False:11,18:8910,1163
> 5:True:13,16:8910,1163
driverlog-suboptimal-old-noisy/70/driverlog_noisy_p04_hyp-3_70_2.tar.bz2:0.741568803787:0.2556448:0.73
> 0:True:11,15:8908,1159
> 1:False:9,17:8908,1159
> 2:True:9,13:8908,1159
> 3:False:10,18:8908,1159
> 4:False:11,17:8908,1159
> 5:True:13,17:8908,1159
driverlog-suboptimal-old-noisy/70/driverlog_noisy_p04_hyp-3_70_3.tar.bz2:0.749773979187:0.2642472:0.75
> 0:True:11,15:8910,1163
> 1:False:9,18:8910,1163
> 2:True:9,13:8910,1163
> 3:False:10,18:8910,1163
> 4:False:11,18:8910,1163
> 5:True:13,17:8910,1163
driverlog-suboptimal-old-noisy/70/driverlog_noisy_p04_hyp-4_70_1.tar.bz2:0.710507154465:0.2216761:0.71
> 0:False:11,16:8912,1167
> 1:False:9,14:8912,1167
> 2:False:9,16:8912,1167
> 3:False:10,16:8912,1167
> 4:True:11,13:8912,1167
> 5:False:13,19:8912,1167
driverlog-suboptimal-old-noisy/70/driverlog_noisy_p04_hyp-4_70_2.tar.bz2:0.723079919815:0.2379364:0.73
> 0:False:11,18:8912,1167
> 1:False:9,14:8912,1167
> 2:False:9,17:8912,1167
> 3:False:10,16:8912,1167
> 4:True:11,14:8912,1167
> 5:False:13,20:8912,1167
driverlog-suboptimal-old-noisy/70/driverlog_noisy_p04_hyp-4_70_3.tar.bz2:0.710923910141:0.2256963:0.71
> 0:False:11,17:8913,1169
> 1:False:9,14:8913,1169
> 2:False:9,17:8913,1169
> 3:False:10,16:8913,1169
> 4:True:11,13:8913,1169
> 5:False:13,20:8913,1169
driverlog-suboptimal-old-noisy/70/driverlog_noisy_p05_hyp-1_70_1.tar.bz2:1.01643395424:0.495006:1.01
> 0:True:12,16:12020,1500
> 1:False:9,19:12020,1500
> 2:False:11,16:12020,1500
> 3:False:11,20:12020,1500
> 4:False:8,19:12020,1500
> 5:False:12,19:12020,1500
driverlog-suboptimal-old-noisy/70/driverlog_noisy_p05_hyp-1_70_2.tar.bz2:1.01787686348:0.4976381:1.02
> 0:True:12,17:12020,1500
> 1:False:9,21:12020,1500
> 2:False:11,17:12020,1500
> 3:False:11,22:12020,1500
> 4:False:8,20:12020,1500
> 5:False:12,20:12020,1500
driverlog-suboptimal-old-noisy/70/driverlog_noisy_p05_hyp-1_70_3.tar.bz2:1.05878806114:0.5389312:1.06
> 0:True:12,19:12016,1492
> 1:False:9,23:12016,1492
> 2:True:11,18:12016,1492
> 3:False:11,23:12016,1492
> 4:False:8,21:12016,1492
> 5:False:12,21:12016,1492
driverlog-suboptimal-old-noisy/70/driverlog_noisy_p05_hyp-2_70_1.tar.bz2:0.999232053757:0.4793818:1.0
> 0:False:12,15:12019,1498
> 1:False:9,18:12019,1498
> 2:True:11,13:12019,1498
> 3:False:11,18:12019,1498
> 4:False:8,16:12019,1498
> 5:False:12,15:12019,1498
driverlog-suboptimal-old-noisy/70/driverlog_noisy_p05_hyp-2_70_2.tar.bz2:1.00432801247:0.4816022:1.01
> 0:False:12,18:12018,1496
> 1:False:9,19:12018,1496
> 2:True:11,16:12018,1496
> 3:False:11,19:12018,1496
> 4:False:8,17:12018,1496
> 5:False:12,18:12018,1496
driverlog-suboptimal-old-noisy/70/driverlog_noisy_p05_hyp-2_70_3.tar.bz2:1.00202703476:0.4844347:1.0
> 0:False:12,17:12019,1498
> 1:False:9,19:12019,1498
> 2:True:11,15:12019,1498
> 3:False:11,19:12019,1498
> 4:False:8,16:12019,1498
> 5:True:12,16:12019,1498
driverlog-suboptimal-old-noisy/70/driverlog_noisy_p05_hyp-3_70_1.tar.bz2:1.01934194565:0.4977942:1.02
> 0:False:12,22:12018,1496
> 1:False:9,17:12018,1496
> 2:False:11,21:12018,1496
> 3:True:11,17:12018,1496
> 4:False:8,17:12018,1496
> 5:False:12,21:12018,1496
driverlog-suboptimal-old-noisy/70/driverlog_noisy_p05_hyp-3_70_2.tar.bz2:1.04460000992:0.524402:1.04
> 0:False:12,21:12018,1496
> 1:False:9,17:12018,1496
> 2:False:11,20:12018,1496
> 3:True:11,17:12018,1496
> 4:False:8,17:12018,1496
> 5:False:12,21:12018,1496
driverlog-suboptimal-old-noisy/70/driverlog_noisy_p05_hyp-3_70_3.tar.bz2:0.994553089142:0.4764883:0.99
> 0:False:12,20:12020,1500
> 1:False:9,16:12020,1500
> 2:False:11,19:12020,1500
> 3:True:11,16:12020,1500
> 4:False:8,15:12020,1500
> 5:False:12,20:12020,1500
driverlog-suboptimal-old-noisy/70/driverlog_noisy_p05_hyp-4_70_1.tar.bz2:1.08842492104:0.5702479:1.1
> 0:False:12,21:12019,1498
> 1:False:9,23:12019,1498
> 2:False:11,19:12019,1498
> 3:False:11,21:12019,1498
> 4:False:8,20:12019,1498
> 5:True:12,18:12019,1498
driverlog-suboptimal-old-noisy/70/driverlog_noisy_p05_hyp-4_70_2.tar.bz2:1.06161499023:0.5433849:1.06
> 0:False:12,20:12018,1496
> 1:False:9,22:12018,1496
> 2:False:11,18:12018,1496
> 3:False:11,21:12018,1496
> 4:False:8,19:12018,1496
> 5:True:12,18:12018,1496
driverlog-suboptimal-old-noisy/70/driverlog_noisy_p05_hyp-4_70_3.tar.bz2:1.05819416046:0.5376379:1.07
> 0:False:12,20:12020,1500
> 1:False:9,23:12020,1500
> 2:False:11,18:12020,1500
> 3:False:11,21:12020,1500
> 4:False:8,20:12020,1500
> 5:True:12,17:12020,1500
driverlog-suboptimal-old-noisy/100/driverlog_noisy_p03_hyp-1_full_1.tar.bz2:0.770868062973:0.2021231:0.77
> 0:True:6,12:3965,748
> 1:False:9,19:3965,748
> 2:False:6,17:3965,748
> 3:False:6,14:3965,748
> 4:False:9,18:3965,748
> 5:False:6,18:3965,748
> 6:False:6,14:3965,748
> 7:False:7,17:3965,748
driverlog-suboptimal-old-noisy/100/driverlog_noisy_p03_hyp-1_full_2.tar.bz2:0.767910003662:0.1940425:0.76
> 0:True:6,12:3964,746
> 1:False:9,20:3964,746
> 2:False:6,17:3964,746
> 3:False:6,13:3964,746
> 4:False:9,18:3964,746
> 5:False:6,18:3964,746
> 6:False:6,14:3964,746
> 7:False:7,17:3964,746
driverlog-suboptimal-old-noisy/100/driverlog_noisy_p03_hyp-1_full_3.tar.bz2:0.776926040649:0.2033765:0.78
> 0:True:6,12:3963,744
> 1:False:9,20:3963,744
> 2:False:6,17:3963,744
> 3:False:6,14:3963,744
> 4:False:9,18:3963,744
> 5:False:6,18:3963,744
> 6:False:6,14:3963,744
> 7:False:7,18:3963,744
driverlog-suboptimal-old-noisy/100/driverlog_noisy_p03_hyp-2_full_1.tar.bz2:0.746088981628:0.1706939:0.75
> 0:False:6,19:3972,762
> 1:True:9,18:3972,762
> 2:False:6,20:3972,762
> 3:False:6,19:3972,762
> 4:True:9,18:3972,762
> 5:False:6,20:3972,762
> 6:False:6,19:3972,762
> 7:False:7,18:3972,762
driverlog-suboptimal-old-noisy/100/driverlog_noisy_p03_hyp-2_full_2.tar.bz2:0.755011796951:0.1828212:0.76
> 0:False:6,19:3971,760
> 1:True:9,18:3971,760
> 2:False:6,21:3971,760
> 3:False:6,19:3971,760
> 4:True:9,18:3971,760
> 5:False:6,21:3971,760
> 6:False:6,19:3971,760
> 7:False:7,18:3971,760
driverlog-suboptimal-old-noisy/100/driverlog_noisy_p03_hyp-2_full_3.tar.bz2:0.739045143127:0.171228:0.74
> 0:False:6,19:3970,758
> 1:True:9,18:3970,758
> 2:False:6,20:3970,758
> 3:False:6,19:3970,758
> 4:True:9,18:3970,758
> 5:False:6,20:3970,758
> 6:False:6,19:3970,758
> 7:False:7,18:3970,758
driverlog-suboptimal-old-noisy/100/driverlog_noisy_p03_hyp-3_full_1.tar.bz2:0.736093997955:0.166428:0.74
> 0:False:6,16:3966,750
> 1:False:9,17:3966,750
> 2:True:6,13:3966,750
> 3:False:6,16:3966,750
> 4:False:9,17:3966,750
> 5:True:6,13:3966,750
> 6:False:6,16:3966,750
> 7:False:7,15:3966,750
driverlog-suboptimal-old-noisy/100/driverlog_noisy_p03_hyp-3_full_2.tar.bz2:0.741217851639:0.1696476:0.74
> 0:False:6,16:3967,752
> 1:False:9,17:3967,752
> 2:True:6,13:3967,752
> 3:False:6,16:3967,752
> 4:False:9,17:3967,752
> 5:True:6,13:3967,752
> 6:False:6,16:3967,752
> 7:False:7,15:3967,752
driverlog-suboptimal-old-noisy/100/driverlog_noisy_p03_hyp-3_full_3.tar.bz2:0.742661952972:0.1685103:0.73
> 0:False:6,16:3965,748
> 1:False:9,17:3965,748
> 2:True:6,13:3965,748
> 3:False:6,16:3965,748
> 4:False:9,17:3965,748
> 5:True:6,13:3965,748
> 6:False:6,16:3965,748
> 7:False:7,15:3965,748
driverlog-suboptimal-old-noisy/100/driverlog_noisy_p03_hyp-4_full_1.tar.bz2:0.754076957703:0.1794358:0.75
> 0:True:6,12:3965,748
> 1:False:9,18:3965,748
> 2:False:6,17:3965,748
> 3:True:6,12:3965,748
> 4:False:9,18:3965,748
> 5:False:6,17:3965,748
> 6:False:6,13:3965,748
> 7:False:7,16:3965,748
driverlog-suboptimal-old-noisy/100/driverlog_noisy_p03_hyp-4_full_2.tar.bz2:0.757082939148:0.1806174:0.76
> 0:True:6,12:3965,748
> 1:False:9,18:3965,748
> 2:False:6,17:3965,748
> 3:True:6,12:3965,748
> 4:False:9,18:3965,748
> 5:False:6,17:3965,748
> 6:False:6,13:3965,748
> 7:False:7,16:3965,748
driverlog-suboptimal-old-noisy/100/driverlog_noisy_p03_hyp-4_full_3.tar.bz2:0.759805202484:0.1852558:0.77
> 0:True:6,12:3965,748
> 1:False:9,18:3965,748
> 2:False:6,17:3965,748
> 3:True:6,12:3965,748
> 4:False:9,18:3965,748
> 5:False:6,17:3965,748
> 6:False:6,13:3965,748
> 7:False:7,16:3965,748
driverlog-suboptimal-old-noisy/100/driverlog_noisy_p04_hyp-1_full_1.tar.bz2:0.710154056549:0.2252676:0.71
> 0:True:11,18:8918,1179
> 1:False:9,24:8918,1179
> 2:False:9,18:8918,1179
> 3:False:10,24:8918,1179
> 4:False:11,22:8918,1179
> 5:False:13,22:8918,1179
driverlog-suboptimal-old-noisy/100/driverlog_noisy_p04_hyp-1_full_2.tar.bz2:0.726320981979:0.2421806:0.72
> 0:True:11,18:8917,1177
> 1:False:9,24:8917,1177
> 2:False:9,18:8917,1177
> 3:False:10,24:8917,1177
> 4:False:11,22:8917,1177
> 5:False:13,22:8917,1177
driverlog-suboptimal-old-noisy/100/driverlog_noisy_p04_hyp-1_full_3.tar.bz2:0.726218938828:0.239166:0.73
> 0:True:11,18:8918,1179
> 1:False:9,24:8918,1179
> 2:False:9,18:8918,1179
> 3:False:10,23:8918,1179
> 4:False:11,22:8918,1179
> 5:False:13,22:8918,1179
driverlog-suboptimal-old-noisy/100/driverlog_noisy_p04_hyp-2_full_1.tar.bz2:0.732887029648:0.2463098:0.74
> 0:False:11,21:8912,1167
> 1:True:9,14:8912,1167
> 2:False:9,20:8912,1167
> 3:False:10,16:8912,1167
> 4:False:11,18:8912,1167
> 5:False:13,22:8912,1167
driverlog-suboptimal-old-noisy/100/driverlog_noisy_p04_hyp-2_full_2.tar.bz2:0.735204935074:0.2523589:0.73
> 0:False:11,21:8914,1171
> 1:True:9,14:8914,1171
> 2:False:9,20:8914,1171
> 3:False:10,17:8914,1171
> 4:False:11,18:8914,1171
> 5:False:13,22:8914,1171
driverlog-suboptimal-old-noisy/100/driverlog_noisy_p04_hyp-2_full_3.tar.bz2:0.739883184433:0.2529806:0.74
> 0:False:11,21:8913,1169
> 1:True:9,14:8913,1169
> 2:False:9,20:8913,1169
> 3:False:10,17:8913,1169
> 4:False:11,18:8913,1169
> 5:False:13,22:8913,1169
driverlog-suboptimal-old-noisy/100/driverlog_noisy_p04_hyp-3_full_1.tar.bz2:0.75220489502:0.2697199:0.75
> 0:True:11,16:8913,1169
> 1:False:9,20:8913,1169
> 2:True:9,14:8913,1169
> 3:False:10,20:8913,1169
> 4:False:11,20:8913,1169
> 5:True:13,18:8913,1169
driverlog-suboptimal-old-noisy/100/driverlog_noisy_p04_hyp-3_full_2.tar.bz2:0.749853134155:0.2626056:0.75
> 0:True:11,16:8912,1167
> 1:False:9,20:8912,1167
> 2:True:9,14:8912,1167
> 3:False:10,20:8912,1167
> 4:False:11,20:8912,1167
> 5:True:13,18:8912,1167
driverlog-suboptimal-old-noisy/100/driverlog_noisy_p04_hyp-3_full_3.tar.bz2:0.745953083038:0.2629452:0.74
> 0:True:11,16:8911,1165
> 1:False:9,20:8911,1165
> 2:True:9,14:8911,1165
> 3:False:10,20:8911,1165
> 4:False:11,20:8911,1165
> 5:True:13,18:8911,1165
driverlog-suboptimal-old-noisy/100/driverlog_noisy_p04_hyp-4_full_1.tar.bz2:0.707345962524:0.220637:0.7
> 0:False:11,21:8917,1177
> 1:False:9,18:8917,1177
> 2:False:9,21:8917,1177
> 3:False:10,20:8917,1177
> 4:True:11,17:8917,1177
> 5:False:13,24:8917,1177
driverlog-suboptimal-old-noisy/100/driverlog_noisy_p04_hyp-4_full_2.tar.bz2:0.710948944092:0.2237627:0.71
> 0:False:11,21:8917,1177
> 1:False:9,18:8917,1177
> 2:False:9,21:8917,1177
> 3:False:10,20:8917,1177
> 4:True:11,17:8917,1177
> 5:False:13,24:8917,1177
driverlog-suboptimal-old-noisy/100/driverlog_noisy_p04_hyp-4_full_3.tar.bz2:0.701653003693:0.2157109:0.7
> 0:False:11,21:8916,1175
> 1:False:9,18:8916,1175
> 2:False:9,21:8916,1175
> 3:False:10,20:8916,1175
> 4:True:11,17:8916,1175
> 5:False:13,23:8916,1175
driverlog-suboptimal-old-noisy/100/driverlog_noisy_p05_hyp-1_full_1.tar.bz2:0.99644780159:0.4762594:1.0
> 0:True:12,20:12025,1510
> 1:False:9,24:12025,1510
> 2:False:11,20:12025,1510
> 3:False:11,25:12025,1510
> 4:False:8,23:12025,1510
> 5:False:12,22:12025,1510
driverlog-suboptimal-old-noisy/100/driverlog_noisy_p05_hyp-1_full_2.tar.bz2:0.991423130035:0.4766112:0.99
> 0:True:12,20:12026,1512
> 1:False:9,24:12026,1512
> 2:False:11,20:12026,1512
> 3:False:11,25:12026,1512
> 4:False:8,23:12026,1512
> 5:False:12,23:12026,1512
driverlog-suboptimal-old-noisy/100/driverlog_noisy_p05_hyp-1_full_3.tar.bz2:0.989487171173:0.4720252:0.99
> 0:True:12,20:12025,1510
> 1:False:9,24:12025,1510
> 2:False:11,20:12025,1510
> 3:False:11,25:12025,1510
> 4:False:8,23:12025,1510
> 5:False:12,23:12025,1510
driverlog-suboptimal-old-noisy/100/driverlog_noisy_p05_hyp-2_full_1.tar.bz2:1.00456404686:0.4864664:1.0
> 0:False:12,19:12024,1508
> 1:False:9,23:12024,1508
> 2:True:11,17:12024,1508
> 3:False:11,22:12024,1508
> 4:False:8,20:12024,1508
> 5:True:12,18:12024,1508
driverlog-suboptimal-old-noisy/100/driverlog_noisy_p05_hyp-2_full_2.tar.bz2:0.983887910843:0.465732:0.98
> 0:True:12,18:12022,1504
> 1:False:9,22:12022,1504
> 2:True:11,17:12022,1504
> 3:False:11,22:12022,1504
> 4:False:8,20:12022,1504
> 5:False:12,19:12022,1504
driverlog-suboptimal-old-noisy/100/driverlog_noisy_p05_hyp-2_full_3.tar.bz2:1.00928783417:0.492353:1.01
> 0:False:12,19:12023,1506
> 1:False:9,23:12023,1506
> 2:True:11,17:12023,1506
> 3:False:11,22:12023,1506
> 4:False:8,20:12023,1506
> 5:False:12,19:12023,1506
driverlog-suboptimal-old-noisy/100/driverlog_noisy_p05_hyp-3_full_1.tar.bz2:0.984338998795:0.468083:0.98
> 0:False:12,25:12024,1508
> 1:False:9,20:12024,1508
> 2:False:11,24:12024,1508
> 3:True:11,19:12024,1508
> 4:False:8,20:12024,1508
> 5:False:12,24:12024,1508
driverlog-suboptimal-old-noisy/100/driverlog_noisy_p05_hyp-3_full_2.tar.bz2:0.971885919571:0.453251:0.98
> 0:False:12,25:12024,1508
> 1:False:9,20:12024,1508
> 2:False:11,24:12024,1508
> 3:True:11,19:12024,1508
> 4:False:8,20:12024,1508
> 5:False:12,24:12024,1508
driverlog-suboptimal-old-noisy/100/driverlog_noisy_p05_hyp-3_full_3.tar.bz2:0.977663993835:0.4607648:0.98
> 0:False:12,25:12024,1508
> 1:False:9,20:12024,1508
> 2:False:11,24:12024,1508
> 3:True:11,19:12024,1508
> 4:False:8,20:12024,1508
> 5:False:12,24:12024,1508
driverlog-suboptimal-old-noisy/100/driverlog_noisy_p05_hyp-4_full_1.tar.bz2:0.991244077682:0.4726209:1.0
> 0:False:12,23:12024,1508
> 1:False:9,26:12024,1508
> 2:False:11,21:12024,1508
> 3:False:11,24:12024,1508
> 4:False:8,23:12024,1508
> 5:True:12,20:12024,1508
driverlog-suboptimal-old-noisy/100/driverlog_noisy_p05_hyp-4_full_2.tar.bz2:0.989181995392:0.4730215:0.99
> 0:False:12,23:12026,1512
> 1:False:9,26:12026,1512
> 2:False:11,21:12026,1512
> 3:False:11,24:12026,1512
> 4:False:8,23:12026,1512
> 5:True:12,20:12026,1512
driverlog-suboptimal-old-noisy/100/driverlog_noisy_p05_hyp-4_full_3.tar.bz2:0.996798038483:0.4782908:0.99
> 0:False:12,23:12026,1512
> 1:False:9,26:12026,1512
> 2:False:11,21:12026,1512
> 3:False:11,24:12026,1512
> 4:False:8,23:12026,1512
> 5:True:12,20:12026,1512
