driverlog-suboptimal-old-noisy/10/driverlog_noisy_p03_hyp-1_10_1.tar.bz2:0.541742801666:0.006174261:0.54
> 0:True:8,8:90,12
> 1:False:11,12:90,15
> 2:False:8,9:90,12
> 3:True:8,8:90,12
> 4:False:11,12:90,15
> 5:False:8,9:90,12
> 6:True:9,9:90,13
> 7:False:8,9:90,12
driverlog-suboptimal-old-noisy/10/driverlog_noisy_p03_hyp-1_10_2.tar.bz2:0.539831161499:0.006659361:0.54
> 0:True:8,9:91,13
> 1:True:11,12:91,16
> 2:True:8,9:91,13
> 3:True:8,9:91,13
> 4:True:11,12:91,16
> 5:True:8,9:91,13
> 6:True:9,10:91,14
> 7:True:8,9:91,13
driverlog-suboptimal-old-noisy/10/driverlog_noisy_p03_hyp-1_10_3.tar.bz2:0.543377876282:0.006871769:0.54
> 0:False:8,9:91,13
> 1:False:11,12:91,16
> 2:False:8,9:91,13
> 3:False:8,9:91,13
> 4:True:11,11:91,16
> 5:False:8,9:91,13
> 6:False:9,10:91,14
> 7:False:8,10:91,13
driverlog-suboptimal-old-noisy/10/driverlog_noisy_p03_hyp-2_10_1.tar.bz2:0.542575120926:0.006965774:0.54
> 0:False:8,9:91,13
> 1:True:11,11:91,16
> 2:True:8,8:91,13
> 3:False:8,9:91,13
> 4:True:11,11:91,16
> 5:True:8,8:91,13
> 6:True:9,9:91,14
> 7:False:8,9:91,13
driverlog-suboptimal-old-noisy/10/driverlog_noisy_p03_hyp-2_10_2.tar.bz2:0.540590047836:0.006396458:0.54
> 0:False:8,9:90,12
> 1:True:11,11:90,15
> 2:False:8,9:90,12
> 3:False:8,9:90,12
> 4:True:11,11:90,15
> 5:False:8,9:90,12
> 6:False:9,10:90,13
> 7:False:8,9:90,12
driverlog-suboptimal-old-noisy/10/driverlog_noisy_p03_hyp-2_10_3.tar.bz2:0.538276195526:0.006691068:0.54
> 0:True:8,8:91,13
> 1:True:11,11:91,16
> 2:False:8,10:91,13
> 3:True:8,8:91,13
> 4:True:11,11:91,16
> 5:False:8,10:91,13
> 6:True:9,9:91,14
> 7:True:8,8:91,13
driverlog-suboptimal-old-noisy/10/driverlog_noisy_p03_hyp-3_10_1.tar.bz2:0.537123918533:0.006433556:0.54
> 0:False:8,10:90,12
> 1:False:11,13:90,15
> 2:True:8,9:90,12
> 3:False:8,10:90,12
> 4:False:11,13:90,15
> 5:True:8,9:90,12
> 6:False:9,11:90,13
> 7:False:8,10:90,12
driverlog-suboptimal-old-noisy/10/driverlog_noisy_p03_hyp-3_10_2.tar.bz2:0.538526058197:0.00613206:0.54
> 0:False:8,9:90,12
> 1:True:11,11:90,15
> 2:True:8,8:90,12
> 3:False:8,9:90,12
> 4:True:11,11:90,15
> 5:True:8,8:90,12
> 6:False:9,10:90,13
> 7:True:8,8:90,12
driverlog-suboptimal-old-noisy/10/driverlog_noisy_p03_hyp-3_10_3.tar.bz2:0.54154586792:0.007187882:0.54
> 0:True:8,8:91,13
> 1:True:11,11:91,16
> 2:True:8,8:91,13
> 3:True:8,8:91,13
> 4:True:11,11:91,16
> 5:True:8,8:91,13
> 6:True:9,9:91,14
> 7:True:8,8:91,13
driverlog-suboptimal-old-noisy/10/driverlog_noisy_p03_hyp-4_10_1.tar.bz2:0.540089845657:0.006422896:0.54
> 0:True:8,8:90,12
> 1:True:11,11:90,15
> 2:False:8,10:90,12
> 3:True:8,8:90,12
> 4:True:11,11:90,15
> 5:False:8,10:90,12
> 6:True:9,9:90,13
> 7:False:8,9:90,12
driverlog-suboptimal-old-noisy/10/driverlog_noisy_p03_hyp-4_10_2.tar.bz2:0.54058599472:0.006697411:0.54
> 0:False:8,9:91,13
> 1:True:11,11:91,16
> 2:False:8,9:91,13
> 3:False:8,9:91,13
> 4:False:11,12:91,16
> 5:False:8,9:91,13
> 6:False:9,10:91,14
> 7:False:8,9:91,13
driverlog-suboptimal-old-noisy/10/driverlog_noisy_p03_hyp-4_10_3.tar.bz2:0.540009975433:0.007008254:0.55
> 0:True:8,8:91,13
> 1:True:11,11:91,16
> 2:False:8,9:91,13
> 3:True:8,8:91,13
> 4:True:11,11:91,16
> 5:False:8,9:91,13
> 6:True:9,9:91,14
> 7:True:8,8:91,13
driverlog-suboptimal-old-noisy/10/driverlog_noisy_p04_hyp-1_10_1.tar.bz2:0.423820018768:0.005702915:0.43
> 0:True:11,11:146,15
> 1:False:9,10:146,13
> 2:False:9,10:146,13
> 3:False:10,12:146,14
> 4:False:10,11:146,14
> 5:False:12,13:146,16
driverlog-suboptimal-old-noisy/10/driverlog_noisy_p04_hyp-1_10_2.tar.bz2:0.428018093109:0.00607817:0.43
> 0:True:11,12:147,16
> 1:False:9,11:147,14
> 2:True:9,10:147,14
> 3:False:10,12:147,15
> 4:True:10,11:147,15
> 5:True:12,13:147,17
driverlog-suboptimal-old-noisy/10/driverlog_noisy_p04_hyp-1_10_3.tar.bz2:0.422857999802:0.005574474:0.41
> 0:True:11,11:146,15
> 1:False:9,11:146,13
> 2:False:9,10:146,13
> 3:False:10,11:146,14
> 4:False:10,11:146,14
> 5:False:12,13:146,16
driverlog-suboptimal-old-noisy/10/driverlog_noisy_p04_hyp-2_10_1.tar.bz2:0.426918029785:0.006082306:0.42
> 0:False:11,12:147,16
> 1:True:9,9:147,14
> 2:False:9,10:147,14
> 3:True:10,10:147,15
> 4:True:10,10:147,15
> 5:False:12,13:147,17
driverlog-suboptimal-old-noisy/10/driverlog_noisy_p04_hyp-2_10_2.tar.bz2:0.42636013031:0.00585324:0.42
> 0:False:11,13:147,16
> 1:True:9,10:147,14
> 2:False:9,11:147,14
> 3:True:10,11:147,15
> 4:True:10,11:147,15
> 5:False:12,14:147,17
driverlog-suboptimal-old-noisy/10/driverlog_noisy_p04_hyp-2_10_3.tar.bz2:0.426887989044:0.006038391:0.42
> 0:False:11,13:147,16
> 1:True:9,9:147,14
> 2:True:9,9:147,14
> 3:True:10,10:147,15
> 4:True:10,10:147,15
> 5:False:12,13:147,17
driverlog-suboptimal-old-noisy/10/driverlog_noisy_p04_hyp-3_10_1.tar.bz2:0.428391933441:0.006104672:0.43
> 0:True:11,11:147,16
> 1:False:9,10:147,14
> 2:False:9,10:147,14
> 3:False:10,11:147,15
> 4:True:10,10:147,15
> 5:False:12,13:147,17
driverlog-suboptimal-old-noisy/10/driverlog_noisy_p04_hyp-3_10_2.tar.bz2:0.426126003265:0.005665022:0.43
> 0:True:11,11:146,15
> 1:False:9,10:146,13
> 2:True:9,9:146,13
> 3:True:10,10:146,14
> 4:False:10,11:146,14
> 5:True:12,12:146,16
driverlog-suboptimal-old-noisy/10/driverlog_noisy_p04_hyp-3_10_3.tar.bz2:0.426910161972:0.00610886:0.43
> 0:True:11,11:147,16
> 1:True:9,9:147,14
> 2:True:9,9:147,14
> 3:True:10,10:147,15
> 4:True:10,10:147,15
> 5:True:12,12:147,17
driverlog-suboptimal-old-noisy/10/driverlog_noisy_p04_hyp-4_10_1.tar.bz2:0.423827171326:0.005714309:0.42
> 0:False:11,13:146,15
> 1:True:9,9:146,13
> 2:False:9,11:146,13
> 3:False:10,11:146,14
> 4:True:10,10:146,14
> 5:False:12,14:146,16
driverlog-suboptimal-old-noisy/10/driverlog_noisy_p04_hyp-4_10_2.tar.bz2:0.421222925186:0.005845829:0.42
> 0:True:11,12:147,16
> 1:True:9,10:147,14
> 2:True:9,10:147,14
> 3:True:10,11:147,15
> 4:False:10,12:147,15
> 5:True:12,13:147,17
driverlog-suboptimal-old-noisy/10/driverlog_noisy_p04_hyp-4_10_3.tar.bz2:0.42701792717:0.005953744:0.43
> 0:True:11,12:147,16
> 1:True:9,10:147,14
> 2:True:9,10:147,14
> 3:True:10,11:147,15
> 4:True:10,11:147,15
> 5:True:12,13:147,17
driverlog-suboptimal-old-noisy/10/driverlog_noisy_p05_hyp-1_10_1.tar.bz2:0.443500041962:0.00684288:0.44
> 0:True:11,11:184,17
> 1:True:10,10:184,16
> 2:False:10,11:184,16
> 3:False:9,10:184,15
> 4:False:9,10:184,15
> 5:False:12,13:184,18
driverlog-suboptimal-old-noisy/10/driverlog_noisy_p05_hyp-1_10_2.tar.bz2:0.441194057465:0.00641727:0.44
> 0:True:11,12:183,16
> 1:True:10,11:183,15
> 2:False:10,12:183,15
> 3:False:9,11:183,14
> 4:False:9,11:183,14
> 5:False:12,14:183,17
driverlog-suboptimal-old-noisy/10/driverlog_noisy_p05_hyp-1_10_3.tar.bz2:0.438352108002:0.00665151:0.44
> 0:True:11,11:184,17
> 1:False:10,11:184,16
> 2:False:10,11:184,16
> 3:False:9,10:184,15
> 4:True:9,9:184,15
> 5:True:12,12:184,18
driverlog-suboptimal-old-noisy/10/driverlog_noisy_p05_hyp-2_10_1.tar.bz2:0.441833019257:0.0067404:0.44
> 0:True:11,11:183,16
> 1:False:10,11:183,15
> 2:True:10,10:183,15
> 3:False:9,10:183,14
> 4:True:9,9:183,14
> 5:True:12,12:183,17
driverlog-suboptimal-old-noisy/10/driverlog_noisy_p05_hyp-2_10_2.tar.bz2:0.441801071167:0.00646115:0.44
> 0:False:11,13:183,16
> 1:False:10,12:183,15
> 2:True:10,11:183,15
> 3:True:9,10:183,14
> 4:True:9,10:183,14
> 5:True:12,13:183,17
driverlog-suboptimal-old-noisy/10/driverlog_noisy_p05_hyp-2_10_3.tar.bz2:0.441253900528:0.00683008:0.44
> 0:True:11,12:183,16
> 1:True:10,11:183,15
> 2:True:10,11:183,15
> 3:True:9,10:183,14
> 4:True:9,10:183,14
> 5:True:12,13:183,17
driverlog-suboptimal-old-noisy/10/driverlog_noisy_p05_hyp-3_10_1.tar.bz2:0.441211938858:0.00663881:0.45
> 0:False:11,12:183,16
> 1:True:10,10:183,15
> 2:False:10,11:183,15
> 3:True:9,9:183,14
> 4:True:9,9:183,14
> 5:False:12,13:183,17
driverlog-suboptimal-old-noisy/10/driverlog_noisy_p05_hyp-3_10_2.tar.bz2:0.441319942474:0.00639051:0.44
> 0:True:11,12:182,15
> 1:True:10,11:182,14
> 2:True:10,11:182,14
> 3:True:9,10:182,13
> 4:True:9,10:182,13
> 5:True:12,13:182,16
driverlog-suboptimal-old-noisy/10/driverlog_noisy_p05_hyp-3_10_3.tar.bz2:0.440277099609:0.00677286:0.43
> 0:True:11,11:183,16
> 1:True:10,10:183,15
> 2:False:10,11:183,15
> 3:True:9,9:183,14
> 4:True:9,9:183,14
> 5:True:12,12:183,17
driverlog-suboptimal-old-noisy/10/driverlog_noisy_p05_hyp-4_10_1.tar.bz2:0.442298173904:0.006325148:0.44
> 0:True:11,12:182,15
> 1:False:10,13:182,14
> 2:True:10,11:182,14
> 3:False:9,12:182,13
> 4:False:9,11:182,13
> 5:True:12,13:182,16
driverlog-suboptimal-old-noisy/10/driverlog_noisy_p05_hyp-4_10_2.tar.bz2:0.442058086395:0.006310044:0.43
> 0:False:11,13:182,15
> 1:False:10,12:182,14
> 2:True:10,11:182,14
> 3:True:9,10:182,13
> 4:True:9,10:182,13
> 5:True:12,13:182,16
driverlog-suboptimal-old-noisy/10/driverlog_noisy_p05_hyp-4_10_3.tar.bz2:0.441024065018:0.006386463:0.44
> 0:False:11,12:183,16
> 1:False:10,11:183,15
> 2:True:10,10:183,15
> 3:True:9,9:183,14
> 4:True:9,9:183,14
> 5:True:12,12:183,17
driverlog-suboptimal-old-noisy/30/driverlog_noisy_p03_hyp-1_30_1.tar.bz2:0.543463945389:0.007117168:0.55
> 0:True:8,9:93,15
> 1:False:11,13:93,18
> 2:False:8,11:93,15
> 3:True:8,9:93,15
> 4:True:11,12:93,18
> 5:False:8,11:93,15
> 6:False:9,11:93,16
> 7:False:8,10:93,15
driverlog-suboptimal-old-noisy/30/driverlog_noisy_p03_hyp-1_30_2.tar.bz2:0.540234088898:0.007300721:0.54
> 0:True:8,8:93,15
> 1:False:11,12:93,18
> 2:False:8,9:93,15
> 3:True:8,8:93,15
> 4:False:11,12:93,18
> 5:False:8,9:93,15
> 6:True:9,9:93,16
> 7:False:8,9:93,15
driverlog-suboptimal-old-noisy/30/driverlog_noisy_p03_hyp-1_30_3.tar.bz2:0.540620088577:0.007255147:0.54
> 0:True:8,8:93,15
> 1:False:11,13:93,18
> 2:False:8,10:93,15
> 3:True:8,8:93,15
> 4:False:11,12:93,18
> 5:False:8,10:93,15
> 6:False:9,10:93,16
> 7:False:8,10:93,15
driverlog-suboptimal-old-noisy/30/driverlog_noisy_p03_hyp-2_30_1.tar.bz2:0.539766788483:0.007420235:0.53
> 0:False:8,11:94,16
> 1:True:11,13:94,19
> 2:False:8,11:94,16
> 3:False:8,11:94,16
> 4:True:11,13:94,19
> 5:False:8,11:94,16
> 6:False:9,12:94,17
> 7:False:8,11:94,16
driverlog-suboptimal-old-noisy/30/driverlog_noisy_p03_hyp-2_30_2.tar.bz2:0.544073104858:0.007595941:0.55
> 0:False:8,9:95,17
> 1:True:11,11:95,20
> 2:False:8,11:95,17
> 3:False:8,9:95,17
> 4:True:11,11:95,20
> 5:False:8,11:95,17
> 6:False:9,10:95,18
> 7:False:8,9:95,17
driverlog-suboptimal-old-noisy/30/driverlog_noisy_p03_hyp-2_30_3.tar.bz2:0.543920993805:0.007373969:0.54
> 0:False:8,12:95,17
> 1:False:11,14:95,20
> 2:True:8,10:95,17
> 3:False:8,12:95,17
> 4:False:11,14:95,20
> 5:True:8,10:95,17
> 6:False:9,12:95,18
> 7:False:8,13:95,17
driverlog-suboptimal-old-noisy/30/driverlog_noisy_p03_hyp-3_30_1.tar.bz2:0.543209075928:0.007116987:0.54
> 0:False:8,10:93,15
> 1:False:11,12:93,18
> 2:True:8,8:93,15
> 3:False:8,10:93,15
> 4:False:11,12:93,18
> 5:True:8,8:93,15
> 6:False:9,11:93,16
> 7:False:8,9:93,15
driverlog-suboptimal-old-noisy/30/driverlog_noisy_p03_hyp-3_30_2.tar.bz2:0.538328886032:0.006981504:0.53
> 0:False:8,11:94,16
> 1:False:11,14:94,19
> 2:True:8,10:94,16
> 3:False:8,11:94,16
> 4:False:11,14:94,19
> 5:True:8,10:94,16
> 6:False:9,12:94,17
> 7:True:8,10:94,16
driverlog-suboptimal-old-noisy/30/driverlog_noisy_p03_hyp-3_30_3.tar.bz2:0.543338060379:0.00751375:0.55
> 0:False:8,9:94,16
> 1:True:11,11:94,19
> 2:False:8,9:94,16
> 3:False:8,9:94,16
> 4:True:11,11:94,19
> 5:False:8,9:94,16
> 6:False:9,10:94,17
> 7:True:8,8:94,16
driverlog-suboptimal-old-noisy/30/driverlog_noisy_p03_hyp-4_30_1.tar.bz2:0.540199041367:0.007290124:0.54
> 0:True:8,9:93,15
> 1:True:11,12:93,18
> 2:False:8,10:93,15
> 3:True:8,9:93,15
> 4:True:11,12:93,18
> 5:False:8,10:93,15
> 6:True:9,10:93,16
> 7:False:8,10:93,15
driverlog-suboptimal-old-noisy/30/driverlog_noisy_p03_hyp-4_30_2.tar.bz2:0.542752981186:0.007089291:0.55
> 0:True:8,8:93,15
> 1:False:11,12:93,18
> 2:False:8,12:93,15
> 3:True:8,8:93,15
> 4:False:11,12:93,18
> 5:False:8,12:93,15
> 6:True:9,9:93,16
> 7:False:8,10:93,15
driverlog-suboptimal-old-noisy/30/driverlog_noisy_p03_hyp-4_30_3.tar.bz2:0.536548852921:0.007174717:0.54
> 0:True:8,8:93,15
> 1:True:11,11:93,18
> 2:False:8,10:93,15
> 3:True:8,8:93,15
> 4:False:11,12:93,18
> 5:False:8,10:93,15
> 6:True:9,9:93,16
> 7:False:8,9:93,15
driverlog-suboptimal-old-noisy/30/driverlog_noisy_p04_hyp-1_30_1.tar.bz2:0.42723608017:0.006220645:0.43
> 0:True:11,12:151,20
> 1:False:9,13:151,18
> 2:False:9,11:151,18
> 3:False:10,13:151,19
> 4:False:10,14:151,19
> 5:False:12,14:151,21
driverlog-suboptimal-old-noisy/30/driverlog_noisy_p04_hyp-1_30_2.tar.bz2:0.424502849579:0.006059193:0.42
> 0:True:11,14:150,19
> 1:False:9,14:150,17
> 2:False:9,13:150,17
> 3:False:10,14:150,18
> 4:False:10,14:150,18
> 5:False:12,16:150,20
driverlog-suboptimal-old-noisy/30/driverlog_noisy_p04_hyp-1_30_3.tar.bz2:0.427245140076:0.006099515:0.43
> 0:True:11,12:152,21
> 1:False:9,12:152,19
> 2:False:9,11:152,19
> 3:False:10,13:152,20
> 4:False:10,13:152,20
> 5:False:12,14:152,22
driverlog-suboptimal-old-noisy/30/driverlog_noisy_p04_hyp-2_30_1.tar.bz2:0.425523042679:0.00609336:0.42
> 0:False:11,15:148,17
> 1:True:9,10:148,15
> 2:False:9,12:148,15
> 3:True:10,11:148,16
> 4:True:10,11:148,16
> 5:False:12,15:148,18
driverlog-suboptimal-old-noisy/30/driverlog_noisy_p04_hyp-2_30_2.tar.bz2:0.42661190033:0.005982278:0.43
> 0:False:11,13:150,19
> 1:True:9,10:150,17
> 2:True:9,10:150,17
> 3:True:10,11:150,18
> 4:True:10,11:150,18
> 5:True:12,13:150,20
driverlog-suboptimal-old-noisy/30/driverlog_noisy_p04_hyp-2_30_3.tar.bz2:0.427889108658:0.00634826:0.43
> 0:False:11,13:150,19
> 1:True:9,9:150,17
> 2:False:9,11:150,17
> 3:True:10,10:150,18
> 4:True:10,10:150,18
> 5:False:12,14:150,20
driverlog-suboptimal-old-noisy/30/driverlog_noisy_p04_hyp-3_30_1.tar.bz2:0.426177978516:0.006272796:0.43
> 0:True:11,11:149,18
> 1:False:9,10:149,16
> 2:True:9,9:149,16
> 3:False:10,11:149,17
> 4:False:10,11:149,17
> 5:True:12,12:149,19
driverlog-suboptimal-old-noisy/30/driverlog_noisy_p04_hyp-3_30_2.tar.bz2:0.426558017731:0.006150392:0.43
> 0:True:11,11:150,19
> 1:False:9,11:150,17
> 2:True:9,9:150,17
> 3:False:10,11:150,18
> 4:False:10,12:150,18
> 5:True:12,12:150,20
driverlog-suboptimal-old-noisy/30/driverlog_noisy_p04_hyp-3_30_3.tar.bz2:0.42668390274:0.00616164:0.44
> 0:False:11,12:148,17
> 1:False:9,12:148,15
> 2:False:9,10:148,15
> 3:False:10,13:148,16
> 4:False:10,13:148,16
> 5:True:12,12:148,18
driverlog-suboptimal-old-noisy/30/driverlog_noisy_p04_hyp-4_30_1.tar.bz2:0.427730798721:0.00658099:0.42
> 0:True:11,11:152,21
> 1:True:9,9:152,19
> 2:False:9,10:152,19
> 3:False:10,11:152,20
> 4:True:10,10:152,20
> 5:False:12,13:152,22
driverlog-suboptimal-old-noisy/30/driverlog_noisy_p04_hyp-4_30_2.tar.bz2:0.427414894104:0.00626449:0.43
> 0:False:11,15:151,20
> 1:False:9,11:151,18
> 2:False:9,14:151,18
> 3:False:10,13:151,19
> 4:True:10,11:151,19
> 5:False:12,16:151,21
driverlog-suboptimal-old-noisy/30/driverlog_noisy_p04_hyp-4_30_3.tar.bz2:0.426737070084:0.006546395:0.43
> 0:True:11,11:152,21
> 1:False:9,12:152,19
> 2:False:9,10:152,19
> 3:False:10,13:152,20
> 4:False:10,12:152,20
> 5:True:12,12:152,22
driverlog-suboptimal-old-noisy/30/driverlog_noisy_p05_hyp-1_30_1.tar.bz2:0.43958902359:0.00737773:0.44
> 0:True:11,12:188,21
> 1:False:10,12:188,20
> 2:True:10,11:188,20
> 3:False:9,11:188,19
> 4:True:9,10:188,19
> 5:True:12,13:188,22
driverlog-suboptimal-old-noisy/30/driverlog_noisy_p05_hyp-1_30_2.tar.bz2:0.438283205032:0.006376324:0.43
> 0:True:11,13:187,20
> 1:False:10,14:187,19
> 2:True:10,12:187,19
> 3:False:9,13:187,18
> 4:False:9,12:187,18
> 5:True:12,14:187,21
driverlog-suboptimal-old-noisy/30/driverlog_noisy_p05_hyp-1_30_3.tar.bz2:0.442123174667:0.00704754:0.44
> 0:True:11,13:187,20
> 1:False:10,13:187,19
> 2:True:10,12:187,19
> 3:False:9,12:187,18
> 4:True:9,11:187,18
> 5:True:12,14:187,21
driverlog-suboptimal-old-noisy/30/driverlog_noisy_p05_hyp-2_30_1.tar.bz2:0.44069480896:0.00722457:0.45
> 0:False:11,12:187,20
> 1:False:10,12:187,19
> 2:True:10,10:187,19
> 3:False:9,10:187,18
> 4:False:9,10:187,18
> 5:True:12,12:187,21
driverlog-suboptimal-old-noisy/30/driverlog_noisy_p05_hyp-2_30_2.tar.bz2:0.440876960754:0.00700911:0.44
> 0:True:11,12:187,20
> 1:False:10,12:187,19
> 2:True:10,11:187,19
> 3:False:9,11:187,18
> 4:False:9,11:187,18
> 5:True:12,13:187,21
driverlog-suboptimal-old-noisy/30/driverlog_noisy_p05_hyp-2_30_3.tar.bz2:0.440643072128:0.00708341:0.45
> 0:False:11,13:188,21
> 1:False:10,12:188,20
> 2:True:10,11:188,20
> 3:True:9,10:188,19
> 4:True:9,10:188,19
> 5:True:12,13:188,22
driverlog-suboptimal-old-noisy/30/driverlog_noisy_p05_hyp-3_30_1.tar.bz2:0.440722942352:0.00734278:0.44
> 0:False:11,12:188,21
> 1:True:10,10:188,20
> 2:False:10,11:188,20
> 3:True:9,9:188,19
> 4:False:9,10:188,19
> 5:False:12,13:188,22
driverlog-suboptimal-old-noisy/30/driverlog_noisy_p05_hyp-3_30_2.tar.bz2:0.441693067551:0.00678469:0.45
> 0:False:11,14:186,19
> 1:True:10,12:186,18
> 2:False:10,14:186,18
> 3:True:9,11:186,17
> 4:False:9,12:186,17
> 5:False:12,15:186,20
driverlog-suboptimal-old-noisy/30/driverlog_noisy_p05_hyp-3_30_3.tar.bz2:0.441995859146:0.00707379:0.44
> 0:False:11,13:187,20
> 1:True:10,11:187,19
> 2:False:10,12:187,19
> 3:True:9,10:187,18
> 4:True:9,10:187,18
> 5:True:12,13:187,21
driverlog-suboptimal-old-noisy/30/driverlog_noisy_p05_hyp-4_30_1.tar.bz2:0.443413972855:0.00732523:0.45
> 0:False:11,12:189,22
> 1:False:10,14:189,21
> 2:True:10,10:189,21
> 3:False:9,12:189,20
> 4:False:9,11:189,20
> 5:True:12,12:189,23
driverlog-suboptimal-old-noisy/30/driverlog_noisy_p05_hyp-4_30_2.tar.bz2:0.442796945572:0.00646886:0.44
> 0:True:11,11:187,20
> 1:False:10,13:187,19
> 2:False:10,11:187,19
> 3:False:9,12:187,18
> 4:False:9,12:187,18
> 5:True:12,12:187,21
driverlog-suboptimal-old-noisy/30/driverlog_noisy_p05_hyp-4_30_3.tar.bz2:0.440085172653:0.00707426:0.44
> 0:False:11,14:188,21
> 1:False:10,14:188,20
> 2:True:10,12:188,20
> 3:False:9,12:188,19
> 4:True:9,11:188,19
> 5:True:12,14:188,22
driverlog-suboptimal-old-noisy/50/driverlog_noisy_p03_hyp-1_50_1.tar.bz2:0.538763046265:0.007609822:0.55
> 0:True:8,9:95,17
> 1:False:11,13:95,20
> 2:False:8,10:95,17
> 3:True:8,9:95,17
> 4:False:11,13:95,20
> 5:False:8,10:95,17
> 6:True:9,10:95,18
> 7:False:8,10:95,17
driverlog-suboptimal-old-noisy/50/driverlog_noisy_p03_hyp-1_50_2.tar.bz2:0.542438983917:0.007573396:0.54
> 0:True:8,8:96,18
> 1:False:11,13:96,21
> 2:False:8,10:96,18
> 3:True:8,8:96,18
> 4:False:11,12:96,21
> 5:False:8,10:96,18
> 6:False:9,10:96,19
> 7:False:8,10:96,18
driverlog-suboptimal-old-noisy/50/driverlog_noisy_p03_hyp-1_50_3.tar.bz2:0.543467998505:0.007650846:0.55
> 0:True:8,9:96,18
> 1:False:11,14:96,21
> 2:False:8,11:96,18
> 3:True:8,9:96,18
> 4:False:11,13:96,21
> 5:False:8,11:96,18
> 6:False:9,11:96,19
> 7:False:8,11:96,18
driverlog-suboptimal-old-noisy/50/driverlog_noisy_p03_hyp-2_50_1.tar.bz2:0.538458108902:0.007766514:0.54
> 0:False:8,12:99,21
> 1:True:11,12:99,24
> 2:False:8,13:99,21
> 3:False:8,12:99,21
> 4:True:11,12:99,24
> 5:False:8,13:99,21
> 6:False:9,12:99,22
> 7:False:8,12:99,21
driverlog-suboptimal-old-noisy/50/driverlog_noisy_p03_hyp-2_50_2.tar.bz2:0.538028001785:0.00757331:0.55
> 0:False:8,13:99,21
> 1:True:11,12:99,24
> 2:False:8,13:99,21
> 3:False:8,13:99,21
> 4:True:11,12:99,24
> 5:False:8,13:99,21
> 6:False:9,13:99,22
> 7:False:8,12:99,21
driverlog-suboptimal-old-noisy/50/driverlog_noisy_p03_hyp-2_50_3.tar.bz2:0.541848897934:0.007241373:0.54
> 0:False:8,12:98,20
> 1:True:11,13:98,23
> 2:False:8,13:98,20
> 3:False:8,12:98,20
> 4:True:11,13:98,23
> 5:False:8,13:98,20
> 6:False:9,13:98,21
> 7:False:8,11:98,20
driverlog-suboptimal-old-noisy/50/driverlog_noisy_p03_hyp-3_50_1.tar.bz2:0.540467023849:0.007248255:0.53
> 0:False:8,14:97,19
> 1:False:11,15:97,22
> 2:True:8,11:97,19
> 3:False:8,14:97,19
> 4:False:11,15:97,22
> 5:True:8,11:97,19
> 6:False:9,14:97,20
> 7:False:8,13:97,19
driverlog-suboptimal-old-noisy/50/driverlog_noisy_p03_hyp-3_50_2.tar.bz2:0.542774915695:0.007469747:0.54
> 0:False:8,13:95,17
> 1:True:11,13:95,20
> 2:True:8,10:95,17
> 3:False:8,13:95,17
> 4:True:11,13:95,20
> 5:True:8,10:95,17
> 6:False:9,13:95,18
> 7:False:8,12:95,17
driverlog-suboptimal-old-noisy/50/driverlog_noisy_p03_hyp-3_50_3.tar.bz2:0.538945198059:0.007285663:0.53
> 0:True:8,10:96,18
> 1:True:11,13:96,21
> 2:True:8,10:96,18
> 3:True:8,10:96,18
> 4:True:11,13:96,21
> 5:True:8,10:96,18
> 6:True:9,11:96,19
> 7:True:8,10:96,18
driverlog-suboptimal-old-noisy/50/driverlog_noisy_p03_hyp-4_50_1.tar.bz2:0.540606021881:0.006366601:0.54
> 0:True:8,10:94,16
> 1:False:11,14:94,19
> 2:False:8,13:94,16
> 3:True:8,10:94,16
> 4:False:11,14:94,19
> 5:False:8,13:94,16
> 6:True:9,11:94,17
> 7:False:8,12:94,16
driverlog-suboptimal-old-noisy/50/driverlog_noisy_p03_hyp-4_50_2.tar.bz2:0.54122209549:0.007221222:0.53
> 0:True:8,8:95,17
> 1:False:11,12:95,20
> 2:False:8,12:95,17
> 3:True:8,8:95,17
> 4:False:11,12:95,20
> 5:False:8,12:95,17
> 6:True:9,9:95,18
> 7:False:8,10:95,17
driverlog-suboptimal-old-noisy/50/driverlog_noisy_p03_hyp-4_50_3.tar.bz2:0.541121959686:0.007359681:0.54
> 0:True:8,9:96,18
> 1:False:11,13:96,21
> 2:False:8,11:96,18
> 3:True:8,9:96,18
> 4:False:11,13:96,21
> 5:False:8,11:96,18
> 6:True:9,10:96,19
> 7:False:8,11:96,18
driverlog-suboptimal-old-noisy/50/driverlog_noisy_p04_hyp-1_50_1.tar.bz2:0.427391052246:0.00631243:0.43
> 0:True:11,12:154,23
> 1:False:9,14:154,21
> 2:False:9,11:154,21
> 3:False:10,14:154,22
> 4:False:10,15:154,22
> 5:False:12,14:154,24
driverlog-suboptimal-old-noisy/50/driverlog_noisy_p04_hyp-1_50_2.tar.bz2:0.429657936096:0.00668422:0.43
> 0:True:11,13:155,24
> 1:False:9,14:155,22
> 2:False:9,12:155,22
> 3:False:10,15:155,23
> 4:False:10,16:155,23
> 5:False:12,15:155,25
driverlog-suboptimal-old-noisy/50/driverlog_noisy_p04_hyp-1_50_3.tar.bz2:0.428352117538:0.006497864:0.43
> 0:True:11,13:153,22
> 1:False:9,15:153,20
> 2:False:9,12:153,20
> 3:False:10,15:153,21
> 4:False:10,16:153,21
> 5:False:12,15:153,23
driverlog-suboptimal-old-noisy/50/driverlog_noisy_p04_hyp-2_50_1.tar.bz2:0.424581050873:0.00635813:0.42
> 0:False:11,17:153,22
> 1:True:9,11:153,20
> 2:False:9,14:153,20
> 3:False:10,13:153,21
> 4:True:10,12:153,21
> 5:False:12,18:153,23
driverlog-suboptimal-old-noisy/50/driverlog_noisy_p04_hyp-2_50_2.tar.bz2:0.424376010895:0.00652334:0.43
> 0:False:11,15:153,22
> 1:True:9,11:153,20
> 2:False:9,13:153,20
> 3:True:10,12:153,21
> 4:True:10,12:153,21
> 5:False:12,17:153,23
driverlog-suboptimal-old-noisy/50/driverlog_noisy_p04_hyp-2_50_3.tar.bz2:0.424611091614:0.006359429:0.42
> 0:False:11,15:153,22
> 1:False:9,12:153,20
> 2:False:9,13:153,20
> 3:False:10,13:153,21
> 4:True:10,12:153,21
> 5:False:12,16:153,23
driverlog-suboptimal-old-noisy/50/driverlog_noisy_p04_hyp-3_50_1.tar.bz2:0.430652856827:0.00660366:0.43
> 0:True:11,12:153,22
> 1:False:9,14:153,20
> 2:False:9,11:153,20
> 3:False:10,14:153,21
> 4:False:10,14:153,21
> 5:False:12,14:153,23
driverlog-suboptimal-old-noisy/50/driverlog_noisy_p04_hyp-3_50_2.tar.bz2:0.42919588089:0.006296225:0.43
> 0:True:11,13:152,21
> 1:False:9,15:152,19
> 2:False:9,12:152,19
> 3:False:10,16:152,20
> 4:False:10,16:152,20
> 5:False:12,15:152,22
driverlog-suboptimal-old-noisy/50/driverlog_noisy_p04_hyp-3_50_3.tar.bz2:0.429404020309:0.00659105:0.43
> 0:True:11,13:153,22
> 1:False:9,14:153,20
> 2:True:9,11:153,20
> 3:False:10,15:153,21
> 4:False:10,16:153,21
> 5:True:12,14:153,23
driverlog-suboptimal-old-noisy/50/driverlog_noisy_p04_hyp-4_50_1.tar.bz2:0.427487134933:0.006427037:0.43
> 0:False:11,15:153,22
> 1:True:9,10:153,20
> 2:False:9,14:153,20
> 3:False:10,13:153,21
> 4:False:10,12:153,21
> 5:False:12,17:153,23
driverlog-suboptimal-old-noisy/50/driverlog_noisy_p04_hyp-4_50_2.tar.bz2:0.428229808807:0.006391901:0.43
> 0:True:11,14:153,22
> 1:False:9,13:153,20
> 2:False:9,13:153,20
> 3:False:10,15:153,21
> 4:True:10,13:153,21
> 5:False:12,16:153,23
driverlog-suboptimal-old-noisy/50/driverlog_noisy_p04_hyp-4_50_3.tar.bz2:0.429658889771:0.00661621:0.43
> 0:False:11,15:155,24
> 1:False:9,12:155,22
> 2:False:9,14:155,22
> 3:False:10,14:155,23
> 4:True:10,11:155,23
> 5:False:12,17:155,25
driverlog-suboptimal-old-noisy/50/driverlog_noisy_p05_hyp-1_50_1.tar.bz2:0.440629005432:0.00713371:0.44
> 0:False:11,16:192,25
> 1:False:10,16:192,24
> 2:False:10,15:192,24
> 3:False:9,14:192,23
> 4:True:9,13:192,23
> 5:False:12,17:192,26
driverlog-suboptimal-old-noisy/50/driverlog_noisy_p05_hyp-1_50_2.tar.bz2:0.442266941071:0.00728354:0.44
> 0:True:11,14:192,25
> 1:False:10,16:192,24
> 2:True:10,13:192,24
> 3:False:9,15:192,23
> 4:False:9,14:192,23
> 5:False:12,16:192,26
driverlog-suboptimal-old-noisy/50/driverlog_noisy_p05_hyp-1_50_3.tar.bz2:0.44029712677:0.00752212:0.44
> 0:True:11,14:193,26
> 1:False:10,14:193,25
> 2:False:10,14:193,25
> 3:False:9,14:193,24
> 4:False:9,14:193,24
> 5:False:12,16:193,27
driverlog-suboptimal-old-noisy/50/driverlog_noisy_p05_hyp-2_50_1.tar.bz2:0.443149089813:0.00752829:0.44
> 0:False:11,13:191,24
> 1:False:10,14:191,23
> 2:True:10,11:191,23
> 3:False:9,12:191,22
> 4:False:9,11:191,22
> 5:True:12,13:191,25
driverlog-suboptimal-old-noisy/50/driverlog_noisy_p05_hyp-2_50_2.tar.bz2:0.442574977875:0.00701559:0.44
> 0:False:11,14:188,21
> 1:False:10,15:188,20
> 2:True:10,12:188,20
> 3:False:9,13:188,19
> 4:False:9,13:188,19
> 5:True:12,14:188,22
driverlog-suboptimal-old-noisy/50/driverlog_noisy_p05_hyp-2_50_3.tar.bz2:0.442299842834:0.00732269:0.45
> 0:True:11,14:189,22
> 1:False:10,14:189,21
> 2:True:10,13:189,21
> 3:False:9,13:189,20
> 4:False:9,13:189,20
> 5:True:12,15:189,23
driverlog-suboptimal-old-noisy/50/driverlog_noisy_p05_hyp-3_50_1.tar.bz2:0.442926168442:0.00702924:0.44
> 0:False:11,16:189,22
> 1:False:10,14:189,21
> 2:False:10,14:189,21
> 3:True:9,12:189,20
> 4:False:9,13:189,20
> 5:False:12,16:189,23
driverlog-suboptimal-old-noisy/50/driverlog_noisy_p05_hyp-3_50_2.tar.bz2:0.444656133652:0.00717142:0.45
> 0:False:11,16:191,24
> 1:False:10,15:191,23
> 2:False:10,16:191,23
> 3:True:9,13:191,22
> 4:True:9,13:191,22
> 5:False:12,17:191,25
driverlog-suboptimal-old-noisy/50/driverlog_noisy_p05_hyp-3_50_3.tar.bz2:0.441041946411:0.00755225:0.44
> 0:False:11,14:191,24
> 1:True:10,11:191,23
> 2:False:10,14:191,23
> 3:False:9,11:191,22
> 4:False:9,11:191,22
> 5:False:12,15:191,25
driverlog-suboptimal-old-noisy/50/driverlog_noisy_p05_hyp-4_50_1.tar.bz2:0.441387176514:0.00732919:0.44
> 0:True:11,15:192,25
> 1:False:10,17:192,24
> 2:False:10,15:192,24
> 3:False:9,16:192,23
> 4:False:9,15:192,23
> 5:True:12,16:192,26
driverlog-suboptimal-old-noisy/50/driverlog_noisy_p05_hyp-4_50_2.tar.bz2:0.441298007965:0.00645998:0.44
> 0:False:11,16:189,22
> 1:False:10,18:189,21
> 2:False:10,15:189,21
> 3:False:9,16:189,20
> 4:False:9,15:189,20
> 5:True:12,16:189,23
driverlog-suboptimal-old-noisy/50/driverlog_noisy_p05_hyp-4_50_3.tar.bz2:0.443425893784:0.00702699:0.44
> 0:False:11,17:191,24
> 1:False:10,17:191,23
> 2:False:10,15:191,23
> 3:False:9,15:191,22
> 4:False:9,14:191,22
> 5:True:12,16:191,25
driverlog-suboptimal-old-noisy/70/driverlog_noisy_p03_hyp-1_70_1.tar.bz2:0.540701150894:0.007494158:0.53
> 0:True:8,9:97,19
> 1:False:11,14:97,22
> 2:False:8,13:97,19
> 3:True:8,9:97,19
> 4:False:11,13:97,22
> 5:False:8,13:97,19
> 6:False:9,11:97,20
> 7:False:8,11:97,19
driverlog-suboptimal-old-noisy/70/driverlog_noisy_p03_hyp-1_70_2.tar.bz2:0.542043924332:0.007490458:0.54
> 0:True:8,10:97,19
> 1:False:11,15:97,22
> 2:False:8,14:97,19
> 3:True:8,10:97,19
> 4:False:11,14:97,22
> 5:False:8,14:97,19
> 6:False:9,12:97,20
> 7:False:8,12:97,19
driverlog-suboptimal-old-noisy/70/driverlog_noisy_p03_hyp-1_70_3.tar.bz2:0.542778968811:0.007095284:0.55
> 0:True:8,11:97,19
> 1:False:11,16:97,22
> 2:False:8,14:97,19
> 3:True:8,11:97,19
> 4:False:11,15:97,22
> 5:False:8,14:97,19
> 6:False:9,13:97,20
> 7:False:8,13:97,19
driverlog-suboptimal-old-noisy/70/driverlog_noisy_p03_hyp-2_70_1.tar.bz2:0.541919946671:0.007539106:0.55
> 0:False:8,17:101,23
> 1:True:11,16:101,26
> 2:False:8,17:101,23
> 3:False:8,17:101,23
> 4:False:11,17:101,26
> 5:False:8,17:101,23
> 6:False:9,18:101,24
> 7:False:8,16:101,23
driverlog-suboptimal-old-noisy/70/driverlog_noisy_p03_hyp-2_70_2.tar.bz2:0.543979883194:0.007906215:0.54
> 0:False:8,14:103,25
> 1:True:11,14:103,28
> 2:False:8,14:103,25
> 3:False:8,14:103,25
> 4:True:11,14:103,28
> 5:False:8,14:103,25
> 6:False:9,14:103,26
> 7:False:8,13:103,25
driverlog-suboptimal-old-noisy/70/driverlog_noisy_p03_hyp-2_70_3.tar.bz2:0.542675018311:0.007885413:0.54
> 0:False:8,15:104,26
> 1:True:11,14:104,29
> 2:False:8,15:104,26
> 3:False:8,15:104,26
> 4:True:11,14:104,29
> 5:False:8,15:104,26
> 6:False:9,15:104,27
> 7:False:8,14:104,26
driverlog-suboptimal-old-noisy/70/driverlog_noisy_p03_hyp-3_70_1.tar.bz2:0.541436910629:0.007556924:0.54
> 0:False:8,14:97,19
> 1:False:11,16:97,22
> 2:True:8,12:97,19
> 3:False:8,14:97,19
> 4:False:11,16:97,22
> 5:True:8,12:97,19
> 6:False:9,15:97,20
> 7:False:8,13:97,19
driverlog-suboptimal-old-noisy/70/driverlog_noisy_p03_hyp-3_70_2.tar.bz2:0.543384075165:0.00771522:0.53
> 0:False:8,12:98,20
> 1:False:11,13:98,23
> 2:True:8,9:98,20
> 3:False:8,12:98,20
> 4:False:11,13:98,23
> 5:True:8,9:98,20
> 6:False:9,12:98,21
> 7:False:8,11:98,20
driverlog-suboptimal-old-noisy/70/driverlog_noisy_p03_hyp-3_70_3.tar.bz2:0.541792154312:0.007684789:0.55
> 0:False:8,14:99,21
> 1:False:11,16:99,24
> 2:True:8,12:99,21
> 3:False:8,14:99,21
> 4:False:11,16:99,24
> 5:True:8,12:99,21
> 6:False:9,14:99,22
> 7:False:8,13:99,21
driverlog-suboptimal-old-noisy/70/driverlog_noisy_p03_hyp-4_70_1.tar.bz2:0.542210817337:0.007732115:0.54
> 0:True:8,10:98,20
> 1:False:11,14:98,23
> 2:False:8,14:98,20
> 3:True:8,10:98,20
> 4:False:11,14:98,23
> 5:False:8,14:98,20
> 6:True:9,11:98,21
> 7:False:8,12:98,20
driverlog-suboptimal-old-noisy/70/driverlog_noisy_p03_hyp-4_70_2.tar.bz2:0.540619134903:0.007748674:0.54
> 0:True:8,8:98,20
> 1:True:11,11:98,23
> 2:False:8,12:98,20
> 3:True:8,8:98,20
> 4:False:11,12:98,23
> 5:False:8,12:98,20
> 6:True:9,9:98,21
> 7:False:8,10:98,20
driverlog-suboptimal-old-noisy/70/driverlog_noisy_p03_hyp-4_70_3.tar.bz2:0.541792154312:0.007542826:0.54
> 0:True:8,9:97,19
> 1:True:11,12:97,22
> 2:False:8,12:97,19
> 3:True:8,9:97,19
> 4:True:11,12:97,22
> 5:False:8,12:97,19
> 6:True:9,10:97,20
> 7:False:8,10:97,19
driverlog-suboptimal-old-noisy/70/driverlog_noisy_p04_hyp-1_70_1.tar.bz2:0.430484056473:0.00668043:0.43
> 0:True:11,15:160,29
> 1:False:9,16:160,27
> 2:False:9,15:160,27
> 3:False:10,18:160,28
> 4:False:10,16:160,28
> 5:False:12,18:160,30
driverlog-suboptimal-old-noisy/70/driverlog_noisy_p04_hyp-1_70_2.tar.bz2:0.429054021835:0.006741638:0.43
> 0:True:11,16:160,29
> 1:False:9,17:160,27
> 2:False:9,16:160,27
> 3:False:10,19:160,28
> 4:False:10,18:160,28
> 5:False:12,19:160,30
driverlog-suboptimal-old-noisy/70/driverlog_noisy_p04_hyp-1_70_3.tar.bz2:0.432986021042:0.00685333:0.43
> 0:True:11,14:158,27
> 1:False:9,15:158,25
> 2:False:9,14:158,25
> 3:False:10,16:158,26
> 4:False:10,16:158,26
> 5:False:12,17:158,28
driverlog-suboptimal-old-noisy/70/driverlog_noisy_p04_hyp-2_70_1.tar.bz2:0.427885055542:0.0065661:0.43
> 0:False:11,19:156,25
> 1:True:9,12:156,23
> 2:False:9,16:156,23
> 3:False:10,15:156,24
> 4:False:10,14:156,24
> 5:False:12,20:156,26
driverlog-suboptimal-old-noisy/70/driverlog_noisy_p04_hyp-2_70_2.tar.bz2:0.429737091064:0.00656433:0.43
> 0:False:11,20:157,26
> 1:True:9,13:157,24
> 2:False:9,17:157,24
> 3:False:10,16:157,25
> 4:False:10,15:157,25
> 5:False:12,21:157,27
driverlog-suboptimal-old-noisy/70/driverlog_noisy_p04_hyp-2_70_3.tar.bz2:0.42693901062:0.0064487:0.44
> 0:False:11,19:156,25
> 1:True:9,12:156,23
> 2:False:9,16:156,23
> 3:False:10,15:156,24
> 4:False:10,14:156,24
> 5:False:12,20:156,26
driverlog-suboptimal-old-noisy/70/driverlog_noisy_p04_hyp-3_70_1.tar.bz2:0.429332971573:0.006483082:0.43
> 0:False:11,14:156,25
> 1:False:9,16:156,23
> 2:False:9,12:156,23
> 3:False:10,16:156,24
> 4:False:10,18:156,24
> 5:True:12,14:156,26
driverlog-suboptimal-old-noisy/70/driverlog_noisy_p04_hyp-3_70_2.tar.bz2:0.428112030029:0.00654925:0.43
> 0:True:11,15:154,23
> 1:False:9,15:154,21
> 2:True:9,13:154,21
> 3:False:10,16:154,22
> 4:False:10,17:154,22
> 5:True:12,16:154,24
driverlog-suboptimal-old-noisy/70/driverlog_noisy_p04_hyp-3_70_3.tar.bz2:0.429885149002:0.006527838:0.43
> 0:True:11,14:156,25
> 1:False:9,16:156,23
> 2:False:9,13:156,23
> 3:False:10,16:156,24
> 4:False:10,18:156,24
> 5:False:12,16:156,26
driverlog-suboptimal-old-noisy/70/driverlog_noisy_p04_hyp-4_70_1.tar.bz2:0.428898096085:0.00700644:0.42
> 0:False:11,16:158,27
> 1:False:9,13:158,25
> 2:False:9,16:158,25
> 3:False:10,16:158,26
> 4:True:10,13:158,26
> 5:False:12,18:158,28
driverlog-suboptimal-old-noisy/70/driverlog_noisy_p04_hyp-4_70_2.tar.bz2:0.428121089935:0.00675688:0.43
> 0:False:11,17:158,27
> 1:True:9,12:158,25
> 2:False:9,16:158,25
> 3:False:10,15:158,26
> 4:True:10,13:158,26
> 5:False:12,18:158,28
driverlog-suboptimal-old-noisy/70/driverlog_noisy_p04_hyp-4_70_3.tar.bz2:0.428970813751:0.00671965:0.43
> 0:False:11,16:159,28
> 1:False:9,12:159,26
> 2:False:9,16:159,26
> 3:False:10,15:159,27
> 4:True:10,12:159,27
> 5:False:12,19:159,29
driverlog-suboptimal-old-noisy/70/driverlog_noisy_p05_hyp-1_70_1.tar.bz2:0.440216064453:0.0076207:0.44
> 0:True:11,16:196,29
> 1:False:10,16:196,28
> 2:True:10,15:196,28
> 3:False:9,15:196,27
> 4:False:9,15:196,27
> 5:False:12,18:196,30
driverlog-suboptimal-old-noisy/70/driverlog_noisy_p05_hyp-1_70_2.tar.bz2:0.438861846924:0.00725134:0.44
> 0:True:11,15:196,29
> 1:False:10,16:196,28
> 2:False:10,15:196,28
> 3:False:9,16:196,27
> 4:False:9,15:196,27
> 5:False:12,18:196,30
driverlog-suboptimal-old-noisy/70/driverlog_noisy_p05_hyp-1_70_3.tar.bz2:0.441637039185:0.00716477:0.44
> 0:True:11,16:192,25
> 1:False:10,18:192,24
> 2:True:10,15:192,24
> 3:False:9,17:192,23
> 4:False:9,16:192,23
> 5:False:12,18:192,26
driverlog-suboptimal-old-noisy/70/driverlog_noisy_p05_hyp-2_70_1.tar.bz2:0.437943935394:0.00750293:0.44
> 0:True:11,14:195,28
> 1:False:10,16:195,27
> 2:True:10,13:195,27
> 3:False:9,15:195,26
> 4:False:9,14:195,26
> 5:True:12,15:195,29
driverlog-suboptimal-old-noisy/70/driverlog_noisy_p05_hyp-2_70_2.tar.bz2:0.441459178925:0.00726803:0.44
> 0:False:11,16:194,27
> 1:False:10,15:194,26
> 2:True:10,14:194,26
> 3:True:9,13:194,25
> 4:True:9,13:194,25
> 5:True:12,16:194,28
driverlog-suboptimal-old-noisy/70/driverlog_noisy_p05_hyp-2_70_3.tar.bz2:0.440126895905:0.00739645:0.44
> 0:True:11,13:195,28
> 1:False:10,16:195,27
> 2:False:10,13:195,27
> 3:False:9,15:195,26
> 4:False:9,14:195,26
> 5:True:12,14:195,29
driverlog-suboptimal-old-noisy/70/driverlog_noisy_p05_hyp-3_70_1.tar.bz2:0.443728923798:0.0073769:0.44
> 0:False:11,20:194,27
> 1:False:10,17:194,26
> 2:False:10,19:194,26
> 3:True:9,15:194,25
> 4:False:9,16:194,25
> 5:False:12,20:194,28
driverlog-suboptimal-old-noisy/70/driverlog_noisy_p05_hyp-3_70_2.tar.bz2:0.442109107971:0.0075505:0.44
> 0:False:11,18:194,27
> 1:False:10,16:194,26
> 2:False:10,17:194,26
> 3:True:9,14:194,25
> 4:False:9,15:194,25
> 5:False:12,19:194,28
driverlog-suboptimal-old-noisy/70/driverlog_noisy_p05_hyp-3_70_3.tar.bz2:0.440196037292:0.00741219:0.45
> 0:False:11,19:196,29
> 1:True:10,16:196,28
> 2:False:10,18:196,28
> 3:True:9,15:196,27
> 4:True:9,15:196,27
> 5:False:12,20:196,30
driverlog-suboptimal-old-noisy/70/driverlog_noisy_p05_hyp-4_70_1.tar.bz2:0.440684080124:0.00746427:0.44
> 0:False:11,18:195,28
> 1:False:10,19:195,27
> 2:False:10,17:195,27
> 3:False:9,17:195,26
> 4:False:9,16:195,26
> 5:True:12,17:195,29
driverlog-suboptimal-old-noisy/70/driverlog_noisy_p05_hyp-4_70_2.tar.bz2:0.438593864441:0.00717342:0.44
> 0:False:11,18:194,27
> 1:False:10,19:194,26
> 2:False:10,17:194,26
> 3:False:9,17:194,25
> 4:False:9,16:194,25
> 5:True:12,18:194,28
driverlog-suboptimal-old-noisy/70/driverlog_noisy_p05_hyp-4_70_3.tar.bz2:0.443018913269:0.00748157:0.44
> 0:False:11,16:196,29
> 1:False:10,19:196,28
> 2:False:10,15:196,28
> 3:False:9,17:196,27
> 4:False:9,16:196,27
> 5:True:12,16:196,30
driverlog-suboptimal-old-noisy/100/driverlog_noisy_p03_hyp-1_full_1.tar.bz2:0.542719841003:0.007837282:0.54
> 0:True:8,12:101,23
> 1:False:11,16:101,26
> 2:False:8,16:101,23
> 3:True:8,12:101,23
> 4:True:11,15:101,26
> 5:False:8,16:101,23
> 6:False:9,14:101,24
> 7:False:8,13:101,23
driverlog-suboptimal-old-noisy/100/driverlog_noisy_p03_hyp-1_full_2.tar.bz2:0.542917013168:0.007650366:0.55
> 0:True:8,12:100,22
> 1:False:11,17:100,25
> 2:False:8,16:100,22
> 3:True:8,12:100,22
> 4:False:11,16:100,25
> 5:False:8,16:100,22
> 6:False:9,14:100,23
> 7:False:8,14:100,22
driverlog-suboptimal-old-noisy/100/driverlog_noisy_p03_hyp-1_full_3.tar.bz2:0.542127132416:0.007657453:0.54
> 0:True:8,12:99,21
> 1:False:11,17:99,24
> 2:False:8,16:99,21
> 3:True:8,12:99,21
> 4:False:11,16:99,24
> 5:False:8,16:99,21
> 6:False:9,14:99,22
> 7:False:8,14:99,21
driverlog-suboptimal-old-noisy/100/driverlog_noisy_p03_hyp-2_full_1.tar.bz2:0.546498060226:0.00824757:0.55
> 0:False:8,19:108,30
> 1:True:11,18:108,33
> 2:False:8,19:108,30
> 3:False:8,19:108,30
> 4:True:11,18:108,33
> 5:False:8,19:108,30
> 6:False:9,19:108,31
> 7:False:8,18:108,30
driverlog-suboptimal-old-noisy/100/driverlog_noisy_p03_hyp-2_full_2.tar.bz2:0.542207956314:0.008236152:0.55
> 0:False:8,19:107,29
> 1:True:11,18:107,32
> 2:False:8,19:107,29
> 3:False:8,19:107,29
> 4:True:11,18:107,32
> 5:False:8,19:107,29
> 6:False:9,19:107,30
> 7:False:8,18:107,29
driverlog-suboptimal-old-noisy/100/driverlog_noisy_p03_hyp-2_full_3.tar.bz2:0.539159059525:0.008054429:0.54
> 0:False:8,19:106,28
> 1:True:11,18:106,31
> 2:False:8,19:106,28
> 3:False:8,19:106,28
> 4:True:11,18:106,31
> 5:False:8,19:106,28
> 6:False:9,19:106,29
> 7:False:8,18:106,28
driverlog-suboptimal-old-noisy/100/driverlog_noisy_p03_hyp-3_full_1.tar.bz2:0.53940486908:0.007632309:0.54
> 0:False:8,16:102,24
> 1:False:11,17:102,27
> 2:True:8,13:102,24
> 3:False:8,16:102,24
> 4:False:11,17:102,27
> 5:True:8,13:102,24
> 6:False:9,16:102,25
> 7:False:8,15:102,24
driverlog-suboptimal-old-noisy/100/driverlog_noisy_p03_hyp-3_full_2.tar.bz2:0.543044090271:0.007619539:0.54
> 0:False:8,14:103,25
> 1:True:11,16:103,28
> 2:True:8,13:103,25
> 3:False:8,14:103,25
> 4:True:11,16:103,28
> 5:True:8,13:103,25
> 6:True:9,14:103,26
> 7:False:8,14:103,25
driverlog-suboptimal-old-noisy/100/driverlog_noisy_p03_hyp-3_full_3.tar.bz2:0.537957906723:0.007706931:0.54
> 0:False:8,16:101,23
> 1:False:11,17:101,26
> 2:True:8,13:101,23
> 3:False:8,16:101,23
> 4:False:11,17:101,26
> 5:True:8,13:101,23
> 6:False:9,15:101,24
> 7:False:8,15:101,23
driverlog-suboptimal-old-noisy/100/driverlog_noisy_p03_hyp-4_full_1.tar.bz2:0.539245843887:0.007717566:0.54
> 0:True:8,12:101,23
> 1:True:11,15:101,26
> 2:False:8,16:101,23
> 3:True:8,12:101,23
> 4:True:11,15:101,26
> 5:False:8,16:101,23
> 6:True:9,13:101,24
> 7:False:8,14:101,23
driverlog-suboptimal-old-noisy/100/driverlog_noisy_p03_hyp-4_full_2.tar.bz2:0.542326927185:0.007779182:0.54
> 0:True:8,12:101,23
> 1:False:11,16:101,26
> 2:False:8,16:101,23
> 3:True:8,12:101,23
> 4:False:11,16:101,26
> 5:False:8,16:101,23
> 6:True:9,13:101,24
> 7:False:8,14:101,23
driverlog-suboptimal-old-noisy/100/driverlog_noisy_p03_hyp-4_full_3.tar.bz2:0.542714118958:0.007978401:0.54
> 0:True:8,12:101,23
> 1:False:11,16:101,26
> 2:False:8,16:101,23
> 3:True:8,12:101,23
> 4:False:11,16:101,26
> 5:False:8,16:101,23
> 6:True:9,13:101,24
> 7:False:8,14:101,23
driverlog-suboptimal-old-noisy/100/driverlog_noisy_p04_hyp-1_full_1.tar.bz2:0.428286075592:0.00673273:0.43
> 0:True:11,18:164,33
> 1:False:9,21:164,31
> 2:False:9,18:164,31
> 3:False:10,21:164,32
> 4:False:10,22:164,32
> 5:False:12,21:164,34
driverlog-suboptimal-old-noisy/100/driverlog_noisy_p04_hyp-1_full_2.tar.bz2:0.430377960205:0.00664512:0.43
> 0:True:11,18:163,32
> 1:False:9,21:163,30
> 2:False:9,18:163,30
> 3:False:10,22:163,31
> 4:False:10,21:163,31
> 5:False:12,20:163,33
driverlog-suboptimal-old-noisy/100/driverlog_noisy_p04_hyp-1_full_3.tar.bz2:0.429037094116:0.00700129:0.42
> 0:True:11,18:164,33
> 1:False:9,21:164,31
> 2:False:9,18:164,31
> 3:False:10,21:164,32
> 4:False:10,22:164,32
> 5:False:12,21:164,34
driverlog-suboptimal-old-noisy/100/driverlog_noisy_p04_hyp-2_full_1.tar.bz2:0.428658008575:0.00680472:0.43
> 0:False:11,21:158,27
> 1:True:9,14:158,25
> 2:False:9,18:158,25
> 3:False:10,16:158,26
> 4:False:10,16:158,26
> 5:False:12,22:158,28
driverlog-suboptimal-old-noisy/100/driverlog_noisy_p04_hyp-2_full_2.tar.bz2:0.429834842682:0.00688154:0.44
> 0:False:11,20:160,29
> 1:True:9,14:160,27
> 2:False:9,18:160,27
> 3:False:10,17:160,28
> 4:False:10,16:160,28
> 5:False:12,21:160,30
driverlog-suboptimal-old-noisy/100/driverlog_noisy_p04_hyp-2_full_3.tar.bz2:0.426488876343:0.00674696:0.42
> 0:False:11,21:159,28
> 1:True:9,14:159,26
> 2:False:9,18:159,26
> 3:False:10,17:159,27
> 4:False:10,16:159,27
> 5:False:12,22:159,29
driverlog-suboptimal-old-noisy/100/driverlog_noisy_p04_hyp-3_full_1.tar.bz2:0.428470134735:0.00662129:0.44
> 0:True:11,15:159,28
> 1:False:9,18:159,26
> 2:False:9,14:159,26
> 3:False:10,18:159,27
> 4:False:10,18:159,27
> 5:False:12,17:159,29
driverlog-suboptimal-old-noisy/100/driverlog_noisy_p04_hyp-3_full_2.tar.bz2:0.429418087006:0.00669651:0.43
> 0:True:11,16:158,27
> 1:False:9,18:158,25
> 2:True:9,14:158,25
> 3:False:10,18:158,26
> 4:False:10,19:158,26
> 5:True:12,17:158,28
driverlog-suboptimal-old-noisy/100/driverlog_noisy_p04_hyp-3_full_3.tar.bz2:0.430469989777:0.00671338:0.42
> 0:False:11,16:157,26
> 1:False:9,18:157,24
> 2:False:9,14:157,24
> 3:False:10,18:157,25
> 4:False:10,20:157,25
> 5:True:12,16:157,27
driverlog-suboptimal-old-noisy/100/driverlog_noisy_p04_hyp-4_full_1.tar.bz2:0.424679040909:0.00676243:0.42
> 0:False:11,21:163,32
> 1:False:9,17:163,30
> 2:False:9,21:163,30
> 3:False:10,20:163,31
> 4:True:10,17:163,31
> 5:False:12,23:163,33
driverlog-suboptimal-old-noisy/100/driverlog_noisy_p04_hyp-4_full_2.tar.bz2:0.425954818726:0.00692117:0.44
> 0:False:11,21:163,32
> 1:False:9,17:163,30
> 2:False:9,21:163,30
> 3:False:10,20:163,31
> 4:True:10,17:163,31
> 5:False:12,23:163,33
driverlog-suboptimal-old-noisy/100/driverlog_noisy_p04_hyp-4_full_3.tar.bz2:0.428365945816:0.00714845:0.43
> 0:False:11,20:162,31
> 1:False:9,17:162,29
> 2:False:9,20:162,29
> 3:False:10,19:162,30
> 4:True:10,17:162,30
> 5:False:12,22:162,32
driverlog-suboptimal-old-noisy/100/driverlog_noisy_p05_hyp-1_full_1.tar.bz2:0.442523956299:0.00782905:0.45
> 0:True:11,20:201,34
> 1:False:10,22:201,33
> 2:False:10,20:201,33
> 3:False:9,22:201,32
> 4:False:9,21:201,32
> 5:False:12,22:201,35
driverlog-suboptimal-old-noisy/100/driverlog_noisy_p05_hyp-1_full_2.tar.bz2:0.443794965744:0.00776483:0.44
> 0:True:11,20:202,35
> 1:False:10,22:202,34
> 2:False:10,20:202,34
> 3:False:9,22:202,33
> 4:False:9,21:202,33
> 5:False:12,23:202,36
driverlog-suboptimal-old-noisy/100/driverlog_noisy_p05_hyp-1_full_3.tar.bz2:0.442816972733:0.00779378:0.44
> 0:True:11,20:201,34
> 1:False:10,22:201,33
> 2:False:10,20:201,33
> 3:False:9,22:201,32
> 4:False:9,21:201,32
> 5:False:12,23:201,35
driverlog-suboptimal-old-noisy/100/driverlog_noisy_p05_hyp-2_full_1.tar.bz2:0.44259595871:0.00789529:0.45
> 0:False:11,19:200,33
> 1:False:10,21:200,32
> 2:False:10,17:200,32
> 3:False:9,19:200,31
> 4:False:9,18:200,31
> 5:True:12,18:200,34
driverlog-suboptimal-old-noisy/100/driverlog_noisy_p05_hyp-2_full_2.tar.bz2:0.443881034851:0.00776162:0.44
> 0:True:11,18:198,31
> 1:False:10,20:198,30
> 2:True:10,17:198,30
> 3:False:9,19:198,29
> 4:False:9,18:198,29
> 5:True:12,19:198,32
driverlog-suboptimal-old-noisy/100/driverlog_noisy_p05_hyp-2_full_3.tar.bz2:0.440207004547:0.007608:0.45
> 0:False:11,19:199,32
> 1:False:10,21:199,31
> 2:True:10,17:199,31
> 3:False:9,19:199,30
> 4:False:9,18:199,30
> 5:True:12,19:199,33
driverlog-suboptimal-old-noisy/100/driverlog_noisy_p05_hyp-3_full_1.tar.bz2:0.444464921951:0.00763002:0.45
> 0:False:11,24:200,33
> 1:True:10,20:200,32
> 2:False:10,23:200,32
> 3:True:9,19:200,31
> 4:False:9,20:200,31
> 5:False:12,24:200,34
driverlog-suboptimal-old-noisy/100/driverlog_noisy_p05_hyp-3_full_2.tar.bz2:0.445364952087:0.00779221:0.45
> 0:False:11,24:200,33
> 1:True:10,20:200,32
> 2:False:10,23:200,32
> 3:True:9,19:200,31
> 4:False:9,20:200,31
> 5:False:12,24:200,34
driverlog-suboptimal-old-noisy/100/driverlog_noisy_p05_hyp-3_full_3.tar.bz2:0.443065881729:0.00783448:0.44
> 0:False:11,24:200,33
> 1:True:10,20:200,32
> 2:False:10,23:200,32
> 3:True:9,19:200,31
> 4:False:9,20:200,31
> 5:False:12,24:200,34
driverlog-suboptimal-old-noisy/100/driverlog_noisy_p05_hyp-4_full_1.tar.bz2:0.441104888916:0.00770607:0.44
> 0:False:11,21:200,33
> 1:False:10,24:200,32
> 2:False:10,20:200,32
> 3:False:9,22:200,31
> 4:False:9,21:200,31
> 5:True:12,20:200,34
driverlog-suboptimal-old-noisy/100/driverlog_noisy_p05_hyp-4_full_2.tar.bz2:0.441496133804:0.00755865:0.44
> 0:False:11,21:202,35
> 1:False:10,24:202,34
> 2:False:10,20:202,34
> 3:False:9,22:202,33
> 4:False:9,21:202,33
> 5:True:12,20:202,36
driverlog-suboptimal-old-noisy/100/driverlog_noisy_p05_hyp-4_full_3.tar.bz2:0.44163608551:0.00770111:0.44
> 0:False:11,21:202,35
> 1:False:10,24:202,34
> 2:False:10,20:202,34
> 3:False:9,22:202,33
> 4:False:9,21:202,33
> 5:True:12,20:202,36
