driverlog-suboptimal-old-noisy/10/driverlog_noisy_p03_hyp-1_10_1.tar.bz2:0.623771905899:0.04330445:0.62
> 0:True:8,8:3954,742
> 1:False:11,15:3954,745
> 2:False:8,12:3954,742
> 3:False:8,10:3954,742
> 4:False:11,13:3954,745
> 5:False:8,13:3954,742
> 6:False:9,10:3954,743
> 7:False:8,13:3954,742
driverlog-suboptimal-old-noisy/10/driverlog_noisy_p03_hyp-1_10_2.tar.bz2:0.62410902977:0.04558309:0.63
> 0:True:8,9:3955,751
> 1:False:11,14:3955,754
> 2:False:8,11:3955,751
> 3:False:8,10:3955,751
> 4:False:11,13:3955,754
> 5:False:8,11:3955,751
> 6:True:9,10:3955,752
> 7:False:8,11:3955,751
driverlog-suboptimal-old-noisy/10/driverlog_noisy_p03_hyp-1_10_3.tar.bz2:0.62535405159:0.04490553:0.63
> 0:True:8,9:3955,749
> 1:True:11,12:3955,752
> 2:True:8,9:3955,749
> 3:False:8,10:3955,749
> 4:True:11,12:3955,752
> 5:True:8,9:3955,749
> 6:True:9,10:3955,750
> 7:False:8,10:3955,749
driverlog-suboptimal-old-noisy/10/driverlog_noisy_p03_hyp-2_10_1.tar.bz2:0.625839948654:0.04543078:0.62
> 0:False:8,9:3955,749
> 1:False:11,13:3955,752
> 2:False:8,10:3955,749
> 3:False:8,9:3955,749
> 4:False:11,13:3955,752
> 5:False:8,10:3955,749
> 6:True:9,9:3955,750
> 7:False:8,10:3955,749
driverlog-suboptimal-old-noisy/10/driverlog_noisy_p03_hyp-2_10_2.tar.bz2:0.626031160355:0.04314984:0.64
> 0:False:8,10:3954,742
> 1:True:11,11:3954,745
> 2:False:8,10:3954,742
> 3:False:8,10:3954,742
> 4:True:11,11:3954,745
> 5:False:8,10:3954,742
> 6:False:9,10:3954,743
> 7:False:8,11:3954,742
driverlog-suboptimal-old-noisy/10/driverlog_noisy_p03_hyp-2_10_3.tar.bz2:0.626842975616:0.04479516:0.63
> 0:False:8,10:3955,743
> 1:False:11,13:3955,746
> 2:False:8,10:3955,743
> 3:False:8,10:3955,743
> 4:True:11,12:3955,746
> 5:False:8,10:3955,743
> 6:False:9,11:3955,744
> 7:False:8,10:3955,743
driverlog-suboptimal-old-noisy/10/driverlog_noisy_p03_hyp-3_10_1.tar.bz2:0.623960971832:0.04434984:0.62
> 0:False:8,12:3954,747
> 1:False:11,13:3954,750
> 2:True:8,9:3954,747
> 3:False:8,12:3954,747
> 4:False:11,13:3954,750
> 5:True:8,9:3954,747
> 6:False:9,12:3954,748
> 7:False:8,11:3954,747
driverlog-suboptimal-old-noisy/10/driverlog_noisy_p03_hyp-3_10_2.tar.bz2:0.62330198288:0.04276334:0.62
> 0:False:8,9:3954,735
> 1:True:11,11:3954,738
> 2:True:8,8:3954,735
> 3:False:8,9:3954,735
> 4:True:11,11:3954,738
> 5:True:8,8:3954,735
> 6:False:9,10:3954,736
> 7:True:8,8:3954,735
driverlog-suboptimal-old-noisy/10/driverlog_noisy_p03_hyp-3_10_3.tar.bz2:0.622035980225:0.04415856:0.62
> 0:False:8,9:3955,742
> 1:True:11,11:3955,745
> 2:True:8,8:3955,742
> 3:False:8,9:3955,742
> 4:True:11,11:3955,745
> 5:True:8,8:3955,742
> 6:True:9,9:3955,743
> 7:False:8,9:3955,742
driverlog-suboptimal-old-noisy/10/driverlog_noisy_p03_hyp-4_10_1.tar.bz2:0.623941898346:0.04292696:0.62
> 0:True:8,8:3954,739
> 1:False:11,12:3954,742
> 2:False:8,11:3954,739
> 3:True:8,8:3954,739
> 4:False:11,12:3954,742
> 5:False:8,11:3954,739
> 6:True:9,9:3954,740
> 7:False:8,11:3954,739
driverlog-suboptimal-old-noisy/10/driverlog_noisy_p03_hyp-4_10_2.tar.bz2:0.623081922531:0.04501525:0.62
> 0:True:8,9:3955,749
> 1:False:11,13:3955,752
> 2:False:8,11:3955,749
> 3:True:8,9:3955,749
> 4:False:11,14:3955,752
> 5:False:8,11:3955,749
> 6:True:9,10:3955,750
> 7:False:8,11:3955,749
driverlog-suboptimal-old-noisy/10/driverlog_noisy_p03_hyp-4_10_3.tar.bz2:0.626414060593:0.04466601:0.64
> 0:True:8,8:3955,747
> 1:True:11,11:3955,750
> 2:False:8,11:3955,747
> 3:True:8,8:3955,747
> 4:True:11,11:3955,750
> 5:False:8,11:3955,747
> 6:True:9,9:3955,748
> 7:False:8,9:3955,747
driverlog-suboptimal-old-noisy/10/driverlog_noisy_p04_hyp-1_10_1.tar.bz2:0.542194843292:0.05485258:0.55
> 0:True:11,11:8900,1158
> 1:False:9,14:8900,1156
> 2:False:9,11:8900,1156
> 3:False:10,14:8900,1157
> 4:False:11,13:8900,1157
> 5:False:13,15:8900,1159
driverlog-suboptimal-old-noisy/10/driverlog_noisy_p04_hyp-1_10_2.tar.bz2:0.550539016724:0.05754995:0.55
> 0:True:11,12:8901,1165
> 1:False:9,12:8901,1163
> 2:True:9,10:8901,1163
> 3:False:10,13:8901,1164
> 4:True:11,12:8901,1164
> 5:True:13,14:8901,1166
driverlog-suboptimal-old-noisy/10/driverlog_noisy_p04_hyp-1_10_3.tar.bz2:0.544888973236:0.05445849:0.55
> 0:True:11,11:8900,1156
> 1:False:9,12:8900,1154
> 2:False:9,10:8900,1154
> 3:False:10,13:8900,1155
> 4:False:11,12:8900,1155
> 5:False:13,14:8900,1157
driverlog-suboptimal-old-noisy/10/driverlog_noisy_p04_hyp-2_10_1.tar.bz2:0.549717187881:0.05926968:0.55
> 0:False:11,14:8901,1164
> 1:True:9,9:8901,1162
> 2:False:9,12:8901,1162
> 3:True:10,10:8901,1163
> 4:True:11,11:8901,1163
> 5:False:13,14:8901,1165
driverlog-suboptimal-old-noisy/10/driverlog_noisy_p04_hyp-2_10_2.tar.bz2:0.547424077988:0.05696255:0.56
> 0:False:11,13:8901,1160
> 1:True:9,10:8901,1158
> 2:False:9,11:8901,1158
> 3:False:10,12:8901,1159
> 4:True:11,12:8901,1159
> 5:False:13,15:8901,1161
driverlog-suboptimal-old-noisy/10/driverlog_noisy_p04_hyp-2_10_3.tar.bz2:0.548836946487:0.05710617:0.54
> 0:False:11,15:8901,1162
> 1:True:9,10:8901,1160
> 2:False:9,13:8901,1160
> 3:False:10,12:8901,1161
> 4:False:11,13:8901,1161
> 5:True:13,14:8901,1163
driverlog-suboptimal-old-noisy/10/driverlog_noisy_p04_hyp-3_10_1.tar.bz2:0.550145149231:0.05887839:0.55
> 0:True:11,11:8901,1164
> 1:False:9,11:8901,1162
> 2:False:9,10:8901,1162
> 3:False:10,13:8901,1164
> 4:True:11,11:8901,1163
> 5:False:13,14:8901,1165
driverlog-suboptimal-old-noisy/10/driverlog_noisy_p04_hyp-3_10_2.tar.bz2:0.545928955078:0.0541685:0.55
> 0:True:11,11:8900,1157
> 1:False:9,11:8900,1155
> 2:True:9,9:8900,1155
> 3:False:10,12:8900,1156
> 4:False:11,12:8900,1156
> 5:True:13,13:8900,1158
driverlog-suboptimal-old-noisy/10/driverlog_noisy_p04_hyp-3_10_3.tar.bz2:0.545850992203:0.0575479:0.55
> 0:True:11,11:8901,1163
> 1:False:9,10:8901,1161
> 2:True:9,9:8901,1161
> 3:False:10,12:8901,1162
> 4:True:11,11:8901,1162
> 5:True:13,13:8901,1164
driverlog-suboptimal-old-noisy/10/driverlog_noisy_p04_hyp-4_10_1.tar.bz2:0.547070980072:0.05539977:0.54
> 0:False:11,13:8900,1158
> 1:False:9,11:8900,1156
> 2:False:9,11:8900,1156
> 3:False:10,13:8900,1157
> 4:True:11,12:8900,1157
> 5:False:13,15:8900,1159
driverlog-suboptimal-old-noisy/10/driverlog_noisy_p04_hyp-4_10_2.tar.bz2:0.546272993088:0.05751498:0.54
> 0:True:11,12:8901,1161
> 1:False:9,12:8901,1159
> 2:False:9,11:8901,1159
> 3:False:10,14:8901,1160
> 4:True:11,12:8901,1160
> 5:False:13,15:8901,1162
driverlog-suboptimal-old-noisy/10/driverlog_noisy_p04_hyp-4_10_3.tar.bz2:0.550466060638:0.05771297:0.55
> 0:True:11,12:8901,1162
> 1:False:9,11:8901,1160
> 2:True:9,10:8901,1160
> 3:False:10,13:8901,1161
> 4:True:11,12:8901,1161
> 5:True:13,14:8901,1163
driverlog-suboptimal-old-noisy/10/driverlog_noisy_p05_hyp-1_10_1.tar.bz2:0.605638027191:0.078567:0.6
> 0:True:12,12:12008,1505
> 1:False:10,12:12008,1504
> 2:False:11,12:12008,1504
> 3:False:10,13:12008,1503
> 4:False:9,12:12008,1503
> 5:False:12,14:12008,1506
driverlog-suboptimal-old-noisy/10/driverlog_noisy_p05_hyp-1_10_2.tar.bz2:0.603995084763:0.0754198:0.61
> 0:True:12,13:12007,1499
> 1:False:10,14:12007,1498
> 2:False:11,13:12007,1498
> 3:False:10,16:12007,1497
> 4:False:9,13:12007,1497
> 5:False:12,15:12007,1500
driverlog-suboptimal-old-noisy/10/driverlog_noisy_p05_hyp-1_10_3.tar.bz2:0.60514497757:0.07871:0.6
> 0:True:12,13:12008,1499
> 1:False:10,12:12008,1498
> 2:True:11,12:12008,1498
> 3:False:10,12:12008,1497
> 4:False:9,11:12008,1497
> 5:False:12,14:12008,1500
driverlog-suboptimal-old-noisy/10/driverlog_noisy_p05_hyp-2_10_1.tar.bz2:0.600694894791:0.0745789:0.6
> 0:False:12,13:12007,1497
> 1:False:10,13:12007,1496
> 2:True:11,11:12007,1496
> 3:False:10,13:12007,1495
> 4:False:9,11:12007,1495
> 5:False:12,13:12007,1498
driverlog-suboptimal-old-noisy/10/driverlog_noisy_p05_hyp-2_10_2.tar.bz2:0.59855389595:0.075176:0.59
> 0:False:12,14:12007,1493
> 1:False:10,13:12007,1492
> 2:True:11,12:12007,1492
> 3:False:10,13:12007,1491
> 4:False:9,11:12007,1491
> 5:True:12,13:12007,1494
driverlog-suboptimal-old-noisy/10/driverlog_noisy_p05_hyp-2_10_3.tar.bz2:0.602365970612:0.0755409:0.6
> 0:False:12,14:12007,1493
> 1:False:10,13:12007,1492
> 2:True:11,12:12007,1492
> 3:False:10,12:12007,1491
> 4:False:9,11:12007,1491
> 5:False:12,14:12007,1494
driverlog-suboptimal-old-noisy/10/driverlog_noisy_p05_hyp-3_10_1.tar.bz2:0.59637594223:0.0759574:0.6
> 0:False:12,15:12007,1499
> 1:True:10,10:12007,1498
> 2:False:11,14:12007,1498
> 3:False:10,11:12007,1497
> 4:True:9,9:12007,1497
> 5:False:12,15:12007,1500
driverlog-suboptimal-old-noisy/10/driverlog_noisy_p05_hyp-3_10_2.tar.bz2:0.598788022995:0.0730522:0.6
> 0:False:12,14:12006,1486
> 1:False:10,12:12006,1485
> 2:True:11,12:12006,1485
> 3:False:10,12:12006,1484
> 4:False:9,11:12006,1484
> 5:True:12,13:12006,1487
driverlog-suboptimal-old-noisy/10/driverlog_noisy_p05_hyp-3_10_3.tar.bz2:0.599518060684:0.0765319:0.6
> 0:False:12,13:12007,1493
> 1:True:10,10:12007,1492
> 2:False:11,12:12007,1492
> 3:False:10,11:12007,1491
> 4:True:9,9:12007,1491
> 5:False:12,14:12007,1494
driverlog-suboptimal-old-noisy/10/driverlog_noisy_p05_hyp-4_10_1.tar.bz2:0.599263906479:0.0743948:0.6
> 0:True:12,13:12006,1494
> 1:False:10,15:12006,1493
> 2:True:11,12:12006,1493
> 3:False:10,16:12006,1492
> 4:False:9,13:12006,1492
> 5:True:12,13:12006,1495
driverlog-suboptimal-old-noisy/10/driverlog_noisy_p05_hyp-4_10_2.tar.bz2:0.596536874771:0.0722705:0.6
> 0:False:12,14:12006,1487
> 1:False:10,13:12006,1486
> 2:True:11,12:12006,1486
> 3:False:10,13:12006,1485
> 4:False:9,12:12006,1485
> 5:True:12,13:12006,1488
driverlog-suboptimal-old-noisy/10/driverlog_noisy_p05_hyp-4_10_3.tar.bz2:0.598339080811:0.0730323:0.59
> 0:False:12,14:12007,1492
> 1:False:10,14:12007,1491
> 2:True:11,12:12007,1491
> 3:False:10,14:12007,1490
> 4:False:9,12:12007,1490
> 5:True:12,13:12007,1493
driverlog-suboptimal-old-noisy/30/driverlog_noisy_p03_hyp-1_30_1.tar.bz2:0.626619100571:0.04619996:0.63
> 0:True:8,9:3957,755
> 1:False:11,15:3957,758
> 2:False:8,12:3957,755
> 3:False:8,11:3957,755
> 4:False:11,14:3957,758
> 5:False:8,13:3957,755
> 6:False:9,11:3957,756
> 7:False:8,13:3957,755
driverlog-suboptimal-old-noisy/30/driverlog_noisy_p03_hyp-1_30_2.tar.bz2:0.626237869263:0.0454558:0.63
> 0:True:8,8:3957,752
> 1:False:11,13:3957,755
> 2:False:8,11:3957,752
> 3:False:8,10:3957,752
> 4:False:11,13:3957,755
> 5:False:8,11:3957,752
> 6:False:9,10:3957,753
> 7:False:8,10:3957,752
driverlog-suboptimal-old-noisy/30/driverlog_noisy_p03_hyp-1_30_3.tar.bz2:0.628635168076:0.04683066:0.63
> 0:True:8,8:3957,762
> 1:False:11,15:3957,765
> 2:False:8,12:3957,762
> 3:False:8,10:3957,762
> 4:False:11,13:3957,765
> 5:False:8,13:3957,762
> 6:False:9,10:3957,763
> 7:False:8,13:3957,762
driverlog-suboptimal-old-noisy/30/driverlog_noisy_p03_hyp-2_30_1.tar.bz2:0.628649950027:0.04701988:0.63
> 0:False:8,14:3958,763
> 1:True:11,15:3958,766
> 2:False:8,16:3958,763
> 3:False:8,14:3958,763
> 4:True:11,15:3958,766
> 5:False:8,16:3958,763
> 6:False:9,14:3958,764
> 7:False:8,13:3958,763
driverlog-suboptimal-old-noisy/30/driverlog_noisy_p03_hyp-2_30_2.tar.bz2:0.626379966736:0.04724127:0.63
> 0:True:8,10:3959,754
> 1:True:11,13:3959,757
> 2:False:8,12:3959,754
> 3:True:8,10:3959,754
> 4:True:11,13:3959,757
> 5:False:8,12:3959,754
> 6:True:9,11:3959,755
> 7:False:8,11:3959,754
driverlog-suboptimal-old-noisy/30/driverlog_noisy_p03_hyp-2_30_3.tar.bz2:0.628782987595:0.04831042:0.64
> 0:False:8,15:3959,774
> 1:True:11,15:3959,777
> 2:False:8,16:3959,774
> 3:False:8,15:3959,774
> 4:True:11,15:3959,777
> 5:False:8,16:3959,774
> 6:False:9,15:3959,775
> 7:False:8,15:3959,774
driverlog-suboptimal-old-noisy/30/driverlog_noisy_p03_hyp-3_30_1.tar.bz2:0.627852916718:0.04629677:0.63
> 0:False:8,10:3957,758
> 1:False:11,12:3957,761
> 2:True:8,8:3957,758
> 3:False:8,10:3957,758
> 4:False:11,12:3957,761
> 5:True:8,8:3957,758
> 6:False:9,11:3957,759
> 7:False:8,9:3957,758
driverlog-suboptimal-old-noisy/30/driverlog_noisy_p03_hyp-3_30_2.tar.bz2:0.627316951752:0.04756307:0.63
> 0:False:8,13:3958,768
> 1:True:11,14:3958,771
> 2:True:8,11:3958,768
> 3:False:8,13:3958,768
> 4:True:11,14:3958,771
> 5:True:8,11:3958,768
> 6:False:9,13:3958,769
> 7:False:8,12:3958,768
driverlog-suboptimal-old-noisy/30/driverlog_noisy_p03_hyp-3_30_3.tar.bz2:0.627449035645:0.04749348:0.63
> 0:False:8,10:3958,768
> 1:False:11,12:3958,771
> 2:False:8,9:3958,768
> 3:False:8,10:3958,768
> 4:True:11,11:3958,771
> 5:False:8,9:3958,768
> 6:False:9,10:3958,769
> 7:False:8,10:3958,768
driverlog-suboptimal-old-noisy/30/driverlog_noisy_p03_hyp-4_30_1.tar.bz2:0.627116918564:0.04733099:0.63
> 0:True:8,9:3957,767
> 1:False:11,15:3957,770
> 2:False:8,14:3957,767
> 3:True:8,9:3957,767
> 4:False:11,15:3957,770
> 5:False:8,14:3957,767
> 6:True:9,10:3957,768
> 7:False:8,13:3957,767
driverlog-suboptimal-old-noisy/30/driverlog_noisy_p03_hyp-4_30_2.tar.bz2:0.626896858215:0.04630299:0.64
> 0:True:8,8:3957,760
> 1:False:11,14:3957,763
> 2:False:8,13:3957,760
> 3:True:8,8:3957,760
> 4:False:11,14:3957,763
> 5:False:8,13:3957,760
> 6:True:9,9:3957,761
> 7:False:8,12:3957,760
driverlog-suboptimal-old-noisy/30/driverlog_noisy_p03_hyp-4_30_3.tar.bz2:0.627811908722:0.04656995:0.62
> 0:True:8,9:3957,761
> 1:False:11,14:3957,764
> 2:False:8,12:3957,761
> 3:True:8,9:3957,761
> 4:False:11,15:3957,764
> 5:False:8,12:3957,761
> 6:True:9,10:3957,762
> 7:False:8,12:3957,761
driverlog-suboptimal-old-noisy/30/driverlog_noisy_p04_hyp-1_30_1.tar.bz2:0.551985025406:0.05998597:0.55
> 0:True:11,12:8905,1178
> 1:False:9,14:8905,1176
> 2:False:9,11:8905,1176
> 3:False:10,15:8905,1177
> 4:False:11,14:8905,1177
> 5:False:13,15:8905,1179
driverlog-suboptimal-old-noisy/30/driverlog_noisy_p04_hyp-1_30_2.tar.bz2:0.549294948578:0.05868343:0.55
> 0:True:11,14:8904,1174
> 1:False:9,16:8904,1172
> 2:False:9,13:8904,1172
> 3:False:10,17:8904,1173
> 4:False:11,15:8904,1173
> 5:False:13,17:8904,1175
driverlog-suboptimal-old-noisy/30/driverlog_noisy_p04_hyp-1_30_3.tar.bz2:0.551592826843:0.0609492:0.55
> 0:True:11,12:8906,1180
> 1:False:9,14:8906,1178
> 2:False:9,11:8906,1178
> 3:False:10,15:8906,1179
> 4:False:11,14:8906,1179
> 5:False:13,15:8906,1181
driverlog-suboptimal-old-noisy/30/driverlog_noisy_p04_hyp-2_30_1.tar.bz2:0.548095941544:0.05760506:0.55
> 0:False:11,16:8902,1166
> 1:True:9,10:8902,1164
> 2:False:9,14:8902,1164
> 3:True:10,11:8902,1165
> 4:True:11,12:8902,1165
> 5:False:13,16:8902,1167
driverlog-suboptimal-old-noisy/30/driverlog_noisy_p04_hyp-2_30_2.tar.bz2:0.550180912018:0.05838244:0.55
> 0:False:11,14:8904,1176
> 1:True:9,10:8904,1174
> 2:False:9,12:8904,1174
> 3:True:10,11:8904,1175
> 4:True:11,12:8904,1175
> 5:True:13,14:8904,1177
driverlog-suboptimal-old-noisy/30/driverlog_noisy_p04_hyp-2_30_3.tar.bz2:0.54977107048:0.05802886:0.55
> 0:False:11,14:8904,1170
> 1:True:9,9:8904,1168
> 2:False:9,13:8904,1168
> 3:False:10,11:8904,1169
> 4:False:11,12:8904,1169
> 5:False:13,15:8904,1171
driverlog-suboptimal-old-noisy/30/driverlog_noisy_p04_hyp-3_30_1.tar.bz2:0.550260066986:0.05790268:0.54
> 0:True:11,11:8903,1170
> 1:False:9,11:8903,1168
> 2:True:9,9:8903,1168
> 3:False:10,13:8903,1169
> 4:False:11,12:8903,1169
> 5:True:13,13:8903,1171
driverlog-suboptimal-old-noisy/30/driverlog_noisy_p04_hyp-3_30_2.tar.bz2:0.549707889557:0.05842826:0.56
> 0:True:11,11:8904,1173
> 1:False:9,12:8904,1171
> 2:True:9,9:8904,1171
> 3:False:10,13:8904,1172
> 4:False:11,13:8904,1172
> 5:True:13,13:8904,1174
driverlog-suboptimal-old-noisy/30/driverlog_noisy_p04_hyp-3_30_3.tar.bz2:0.548660039902:0.05778798:0.54
> 0:False:11,12:8902,1168
> 1:False:9,13:8902,1166
> 2:False:9,10:8902,1166
> 3:False:10,15:8902,1167
> 4:False:11,14:8902,1167
> 5:True:13,13:8902,1169
driverlog-suboptimal-old-noisy/30/driverlog_noisy_p04_hyp-4_30_1.tar.bz2:0.550044059753:0.06071898:0.54
> 0:False:11,14:8906,1185
> 1:False:9,13:8906,1183
> 2:False:9,12:8906,1183
> 3:False:10,15:8906,1185
> 4:True:11,12:8906,1184
> 5:False:13,16:8906,1186
driverlog-suboptimal-old-noisy/30/driverlog_noisy_p04_hyp-4_30_2.tar.bz2:0.550796031952:0.060192:0.55
> 0:False:11,17:8905,1180
> 1:False:9,14:8905,1178
> 2:False:9,15:8905,1178
> 3:False:10,16:8905,1181
> 4:True:11,13:8905,1179
> 5:False:13,17:8905,1181
driverlog-suboptimal-old-noisy/30/driverlog_noisy_p04_hyp-4_30_3.tar.bz2:0.553735017776:0.06069607:0.56
> 0:False:11,13:8906,1182
> 1:False:9,13:8906,1180
> 2:False:9,12:8906,1180
> 3:False:10,15:8906,1181
> 4:False:11,13:8906,1181
> 5:True:13,14:8906,1183
driverlog-suboptimal-old-noisy/30/driverlog_noisy_p05_hyp-1_30_1.tar.bz2:0.608247995377:0.0806903:0.61
> 0:True:12,14:12012,1525
> 1:False:10,17:12012,1524
> 2:True:11,13:12012,1524
> 3:False:10,17:12012,1523
> 4:False:9,15:12012,1523
> 5:False:12,16:12012,1526
driverlog-suboptimal-old-noisy/30/driverlog_noisy_p05_hyp-1_30_2.tar.bz2:0.599295854568:0.0749256:0.59
> 0:True:12,15:12011,1517
> 1:False:10,19:12011,1516
> 2:True:11,14:12011,1516
> 3:False:10,19:12011,1515
> 4:False:9,17:12011,1515
> 5:False:12,17:12011,1518
driverlog-suboptimal-old-noisy/30/driverlog_noisy_p05_hyp-1_30_3.tar.bz2:0.60308098793:0.0784489:0.61
> 0:True:12,16:12011,1523
> 1:False:10,17:12011,1522
> 2:True:11,15:12011,1522
> 3:False:10,17:12011,1521
> 4:False:9,15:12011,1521
> 5:False:12,17:12011,1524
driverlog-suboptimal-old-noisy/30/driverlog_noisy_p05_hyp-2_30_1.tar.bz2:0.604526042938:0.0775754:0.6
> 0:False:12,15:12011,1512
> 1:False:10,16:12011,1511
> 2:True:11,13:12011,1511
> 3:False:10,15:12011,1510
> 4:False:9,15:12011,1510
> 5:False:12,15:12011,1513
driverlog-suboptimal-old-noisy/30/driverlog_noisy_p05_hyp-2_30_2.tar.bz2:0.6051030159:0.0798918:0.61
> 0:False:12,15:12011,1516
> 1:False:10,16:12011,1515
> 2:True:11,13:12011,1515
> 3:False:10,16:12011,1514
> 4:False:9,13:12011,1514
> 5:False:12,15:12011,1517
driverlog-suboptimal-old-noisy/30/driverlog_noisy_p05_hyp-2_30_3.tar.bz2:0.60476398468:0.0795879:0.61
> 0:False:12,15:12012,1522
> 1:False:10,16:12012,1521
> 2:True:11,13:12012,1521
> 3:False:10,15:12012,1520
> 4:False:9,14:12012,1520
> 5:False:12,15:12012,1523
driverlog-suboptimal-old-noisy/30/driverlog_noisy_p05_hyp-3_30_1.tar.bz2:0.603864908218:0.0809903:0.61
> 0:False:12,16:12012,1518
> 1:False:10,13:12012,1517
> 2:False:11,15:12012,1517
> 3:True:10,12:12012,1516
> 4:False:9,12:12012,1516
> 5:False:12,16:12012,1519
driverlog-suboptimal-old-noisy/30/driverlog_noisy_p05_hyp-3_30_2.tar.bz2:0.597847938538:0.0780575:0.6
> 0:False:12,18:12010,1513
> 1:True:10,14:12010,1512
> 2:False:11,17:12010,1512
> 3:False:10,15:12010,1511
> 4:False:9,14:12010,1511
> 5:False:12,19:12010,1514
driverlog-suboptimal-old-noisy/30/driverlog_noisy_p05_hyp-3_30_3.tar.bz2:0.603594064713:0.0788974:0.61
> 0:False:12,16:12011,1511
> 1:True:10,13:12011,1510
> 2:False:11,15:12011,1510
> 3:True:10,13:12011,1509
> 4:True:9,12:12011,1509
> 5:False:12,16:12011,1512
driverlog-suboptimal-old-noisy/30/driverlog_noisy_p05_hyp-4_30_1.tar.bz2:0.601665973663:0.0799546:0.6
> 0:False:12,15:12013,1521
> 1:False:10,18:12013,1520
> 2:True:11,13:12013,1520
> 3:False:10,17:12013,1519
> 4:False:9,15:12013,1519
> 5:True:12,14:12013,1522
driverlog-suboptimal-old-noisy/30/driverlog_noisy_p05_hyp-4_30_2.tar.bz2:0.599354028702:0.075063:0.59
> 0:False:12,16:12011,1513
> 1:False:10,17:12011,1512
> 2:False:11,14:12011,1512
> 3:False:10,16:12011,1511
> 4:False:9,15:12011,1511
> 5:True:12,14:12011,1514
driverlog-suboptimal-old-noisy/30/driverlog_noisy_p05_hyp-4_30_3.tar.bz2:0.60466003418:0.0793002:0.61
> 0:False:12,16:12012,1517
> 1:False:10,18:12012,1516
> 2:True:11,14:12012,1516
> 3:False:10,17:12012,1515
> 4:False:9,15:12012,1515
> 5:True:12,15:12012,1518
driverlog-suboptimal-old-noisy/50/driverlog_noisy_p03_hyp-1_50_1.tar.bz2:0.628919124603:0.04889165:0.62
> 0:True:8,9:3959,770
> 1:False:11,16:3959,773
> 2:False:8,13:3959,770
> 3:False:8,11:3959,770
> 4:False:11,15:3959,773
> 5:False:8,14:3959,770
> 6:False:9,11:3959,771
> 7:False:8,13:3959,770
driverlog-suboptimal-old-noisy/50/driverlog_noisy_p03_hyp-1_50_2.tar.bz2:0.632169008255:0.04969398:0.63
> 0:True:8,8:3960,779
> 1:False:11,15:3960,782
> 2:False:8,13:3960,779
> 3:False:8,10:3960,779
> 4:False:11,13:3960,782
> 5:False:8,13:3960,779
> 6:False:9,10:3960,780
> 7:False:8,13:3960,779
driverlog-suboptimal-old-noisy/50/driverlog_noisy_p03_hyp-1_50_3.tar.bz2:0.631782054901:0.04936547:0.63
> 0:True:8,9:3960,783
> 1:False:11,17:3960,786
> 2:False:8,13:3960,783
> 3:False:8,11:3960,783
> 4:False:11,15:3960,786
> 5:False:8,14:3960,783
> 6:False:9,11:3960,784
> 7:False:8,14:3960,783
driverlog-suboptimal-old-noisy/50/driverlog_noisy_p03_hyp-2_50_1.tar.bz2:0.632464170456:0.0513111:0.63
> 0:False:8,13:3963,790
> 1:True:11,14:3963,793
> 2:False:8,14:3963,790
> 3:False:8,13:3963,790
> 4:True:11,14:3963,793
> 5:False:8,14:3963,790
> 6:False:9,13:3963,791
> 7:False:8,14:3963,790
driverlog-suboptimal-old-noisy/50/driverlog_noisy_p03_hyp-2_50_2.tar.bz2:0.633569002151:0.05110657:0.64
> 0:False:8,14:3963,792
> 1:True:11,14:3963,795
> 2:False:8,15:3963,792
> 3:False:8,14:3963,792
> 4:True:11,14:3963,795
> 5:False:8,15:3963,792
> 6:False:9,14:3963,793
> 7:False:8,14:3963,792
driverlog-suboptimal-old-noisy/50/driverlog_noisy_p03_hyp-2_50_3.tar.bz2:0.630980968475:0.05028084:0.63
> 0:False:8,13:3962,783
> 1:True:11,15:3962,786
> 2:False:8,14:3962,783
> 3:False:8,13:3962,783
> 4:True:11,15:3962,786
> 5:False:8,14:3962,783
> 6:True:9,13:3962,784
> 7:False:8,13:3962,783
driverlog-suboptimal-old-noisy/50/driverlog_noisy_p03_hyp-3_50_1.tar.bz2:0.625933170319:0.04757474:0.62
> 0:False:8,14:3961,783
> 1:False:11,15:3961,786
> 2:True:8,11:3961,783
> 3:False:8,14:3961,783
> 4:False:11,15:3961,786
> 5:True:8,11:3961,783
> 6:False:9,14:3961,784
> 7:False:8,13:3961,783
driverlog-suboptimal-old-noisy/50/driverlog_noisy_p03_hyp-3_50_2.tar.bz2:0.624698877335:0.04681822:0.63
> 0:False:8,13:3959,773
> 1:True:11,13:3959,776
> 2:True:8,10:3959,773
> 3:False:8,13:3959,773
> 4:True:11,13:3959,776
> 5:True:8,10:3959,773
> 6:False:9,13:3959,774
> 7:False:8,12:3959,773
driverlog-suboptimal-old-noisy/50/driverlog_noisy_p03_hyp-3_50_3.tar.bz2:0.629277944565:0.04845782:0.64
> 0:False:8,11:3960,775
> 1:False:11,14:3960,778
> 2:True:8,10:3960,775
> 3:False:8,11:3960,775
> 4:False:11,14:3960,778
> 5:True:8,10:3960,775
> 6:False:9,12:3960,776
> 7:False:8,12:3960,775
driverlog-suboptimal-old-noisy/50/driverlog_noisy_p03_hyp-4_50_1.tar.bz2:0.628148794174:0.04518084:0.62
> 0:True:8,10:3958,761
> 1:False:11,16:3958,764
> 2:False:8,15:3958,761
> 3:True:8,10:3958,761
> 4:False:11,16:3958,764
> 5:False:8,15:3958,761
> 6:True:9,11:3958,762
> 7:False:8,14:3958,761
driverlog-suboptimal-old-noisy/50/driverlog_noisy_p03_hyp-4_50_2.tar.bz2:0.629117965698:0.04739554:0.63
> 0:True:8,9:3959,768
> 1:False:11,15:3959,771
> 2:False:8,14:3959,768
> 3:True:8,9:3959,768
> 4:False:11,15:3959,771
> 5:False:8,14:3959,768
> 6:True:9,10:3959,769
> 7:False:8,13:3959,768
driverlog-suboptimal-old-noisy/50/driverlog_noisy_p03_hyp-4_50_3.tar.bz2:0.630934000015:0.04771252:0.63
> 0:True:8,9:3960,772
> 1:False:11,15:3960,775
> 2:False:8,13:3960,772
> 3:True:8,9:3960,772
> 4:False:11,15:3960,775
> 5:False:8,13:3960,772
> 6:True:9,10:3960,773
> 7:False:8,13:3960,772
driverlog-suboptimal-old-noisy/50/driverlog_noisy_p04_hyp-1_50_1.tar.bz2:0.553383827209:0.06040844:0.55
> 0:True:11,12:8908,1189
> 1:False:9,15:8908,1187
> 2:False:9,11:8908,1187
> 3:False:10,16:8908,1188
> 4:False:11,15:8908,1188
> 5:False:13,15:8908,1190
driverlog-suboptimal-old-noisy/50/driverlog_noisy_p04_hyp-1_50_2.tar.bz2:0.549534082413:0.06086154:0.56
> 0:True:11,13:8909,1195
> 1:False:9,16:8909,1193
> 2:False:9,12:8909,1193
> 3:False:10,17:8909,1195
> 4:False:11,16:8909,1194
> 5:False:13,16:8909,1196
driverlog-suboptimal-old-noisy/50/driverlog_noisy_p04_hyp-1_50_3.tar.bz2:0.552580118179:0.06053947:0.55
> 0:True:11,13:8907,1183
> 1:False:9,16:8907,1181
> 2:False:9,12:8907,1181
> 3:False:10,17:8907,1182
> 4:False:11,16:8907,1182
> 5:False:13,16:8907,1184
driverlog-suboptimal-old-noisy/50/driverlog_noisy_p04_hyp-2_50_1.tar.bz2:0.548639059067:0.05971349:0.54
> 0:False:11,17:8907,1181
> 1:True:9,11:8907,1179
> 2:False:9,16:8907,1179
> 3:False:10,13:8907,1180
> 4:True:11,13:8907,1180
> 5:False:13,18:8907,1182
driverlog-suboptimal-old-noisy/50/driverlog_noisy_p04_hyp-2_50_2.tar.bz2:0.553770065308:0.06028143:0.55
> 0:False:11,17:8907,1185
> 1:True:9,11:8907,1183
> 2:False:9,16:8907,1183
> 3:False:10,14:8907,1184
> 4:False:11,15:8907,1184
> 5:False:13,18:8907,1186
driverlog-suboptimal-old-noisy/50/driverlog_noisy_p04_hyp-2_50_3.tar.bz2:0.550549030304:0.05972872:0.56
> 0:False:11,18:8907,1186
> 1:True:9,12:8907,1184
> 2:False:9,17:8907,1184
> 3:False:10,14:8907,1185
> 4:True:11,14:8907,1185
> 5:False:13,19:8907,1187
driverlog-suboptimal-old-noisy/50/driverlog_noisy_p04_hyp-3_50_1.tar.bz2:0.549391031265:0.06078266:0.54
> 0:True:11,13:8907,1187
> 1:False:9,15:8907,1185
> 2:True:9,11:8907,1185
> 3:False:10,16:8907,1186
> 4:False:11,16:8907,1186
> 5:True:13,15:8907,1188
driverlog-suboptimal-old-noisy/50/driverlog_noisy_p04_hyp-3_50_2.tar.bz2:0.553956031799:0.0620095:0.56
> 0:True:11,14:8906,1188
> 1:False:9,17:8906,1186
> 2:True:9,12:8906,1186
> 3:False:10,18:8906,1187
> 4:False:11,18:8906,1187
> 5:True:13,16:8906,1189
driverlog-suboptimal-old-noisy/50/driverlog_noisy_p04_hyp-3_50_3.tar.bz2:0.550836086273:0.05992601:0.56
> 0:True:11,13:8907,1190
> 1:False:9,15:8907,1188
> 2:True:9,11:8907,1188
> 3:False:10,17:8907,1189
> 4:False:11,16:8907,1189
> 5:True:13,15:8907,1191
driverlog-suboptimal-old-noisy/50/driverlog_noisy_p04_hyp-4_50_1.tar.bz2:0.549690961838:0.06000345:0.55
> 0:False:11,16:8907,1185
> 1:False:9,12:8907,1183
> 2:False:9,14:8907,1183
> 3:False:10,15:8907,1184
> 4:True:11,13:8907,1184
> 5:False:13,18:8907,1186
driverlog-suboptimal-old-noisy/50/driverlog_noisy_p04_hyp-4_50_2.tar.bz2:0.553223133087:0.0621682:0.55
> 0:False:11,16:8907,1187
> 1:False:9,15:8907,1185
> 2:False:9,14:8907,1185
> 3:False:10,17:8907,1187
> 4:True:11,14:8907,1186
> 5:False:13,17:8907,1188
driverlog-suboptimal-old-noisy/50/driverlog_noisy_p04_hyp-4_50_3.tar.bz2:0.551894187927:0.06213154:0.55
> 0:False:11,16:8909,1194
> 1:False:9,14:8909,1192
> 2:False:9,16:8909,1192
> 3:False:10,16:8909,1194
> 4:True:11,13:8909,1193
> 5:False:13,19:8909,1195
driverlog-suboptimal-old-noisy/50/driverlog_noisy_p05_hyp-1_50_1.tar.bz2:0.610305786133:0.0827236:0.62
> 0:True:12,18:12016,1545
> 1:False:10,19:12016,1544
> 2:True:11,17:12016,1544
> 3:False:10,19:12016,1543
> 4:False:9,17:12016,1543
> 5:False:12,19:12016,1546
driverlog-suboptimal-old-noisy/50/driverlog_noisy_p05_hyp-1_50_2.tar.bz2:0.609699010849:0.0832021:0.62
> 0:True:12,17:12016,1546
> 1:False:10,19:12016,1545
> 2:False:11,17:12016,1545
> 3:False:10,20:12016,1544
> 4:False:9,18:12016,1544
> 5:False:12,19:12016,1547
driverlog-suboptimal-old-noisy/50/driverlog_noisy_p05_hyp-1_50_3.tar.bz2:0.607811927795:0.0812578:0.6
> 0:True:12,15:12017,1540
> 1:False:10,17:12017,1539
> 2:False:11,15:12017,1539
> 3:False:10,18:12017,1538
> 4:False:9,17:12017,1538
> 5:False:12,17:12017,1541
driverlog-suboptimal-old-noisy/50/driverlog_noisy_p05_hyp-2_50_1.tar.bz2:0.605893135071:0.0809399:0.61
> 0:False:12,15:12015,1536
> 1:False:10,17:12015,1535
> 2:True:11,13:12015,1535
> 3:False:10,16:12015,1534
> 4:False:9,14:12015,1534
> 5:False:12,15:12015,1537
driverlog-suboptimal-old-noisy/50/driverlog_noisy_p05_hyp-2_50_2.tar.bz2:0.606963157654:0.0777353:0.61
> 0:False:12,16:12012,1517
> 1:False:10,17:12012,1516
> 2:True:11,14:12012,1516
> 3:False:10,17:12012,1515
> 4:False:9,15:12012,1515
> 5:True:12,15:12012,1518
driverlog-suboptimal-old-noisy/50/driverlog_noisy_p05_hyp-2_50_3.tar.bz2:0.607633113861:0.0802534:0.6
> 0:False:12,17:12013,1525
> 1:False:10,18:12013,1524
> 2:True:11,15:12013,1524
> 3:False:10,17:12013,1523
> 4:False:9,17:12013,1523
> 5:False:12,17:12013,1526
driverlog-suboptimal-old-noisy/50/driverlog_noisy_p05_hyp-3_50_1.tar.bz2:0.605813026428:0.0798299:0.61
> 0:False:12,19:12013,1520
> 1:True:10,15:12013,1519
> 2:False:11,18:12013,1519
> 3:True:10,15:12013,1518
> 4:False:9,15:12013,1518
> 5:False:12,19:12013,1521
driverlog-suboptimal-old-noisy/50/driverlog_noisy_p05_hyp-3_50_2.tar.bz2:0.602370977402:0.0799796:0.59
> 0:False:12,19:12015,1532
> 1:True:10,16:12015,1531
> 2:False:11,18:12015,1531
> 3:True:10,16:12015,1530
> 4:True:9,15:12015,1530
> 5:False:12,19:12015,1533
driverlog-suboptimal-old-noisy/50/driverlog_noisy_p05_hyp-3_50_3.tar.bz2:0.60685801506:0.0804007:0.61
> 0:False:12,18:12015,1525
> 1:True:10,13:12015,1524
> 2:False:11,17:12015,1524
> 3:True:10,13:12015,1523
> 4:False:9,13:12015,1523
> 5:False:12,17:12015,1526
driverlog-suboptimal-old-noisy/50/driverlog_noisy_p05_hyp-4_50_1.tar.bz2:0.610213041306:0.0834345:0.61
> 0:False:12,19:12016,1548
> 1:False:10,21:12016,1547
> 2:False:11,17:12016,1547
> 3:False:10,20:12016,1546
> 4:False:9,18:12016,1546
> 5:True:12,17:12016,1549
driverlog-suboptimal-old-noisy/50/driverlog_noisy_p05_hyp-4_50_2.tar.bz2:0.601900100708:0.0768016:0.61
> 0:False:12,19:12013,1524
> 1:False:10,22:12013,1523
> 2:False:11,17:12013,1523
> 3:False:10,20:12013,1522
> 4:False:9,19:12013,1522
> 5:True:12,16:12013,1525
driverlog-suboptimal-old-noisy/50/driverlog_noisy_p05_hyp-4_50_3.tar.bz2:0.605650901794:0.0811742:0.6
> 0:False:12,19:12015,1532
> 1:False:10,19:12015,1531
> 2:False:11,18:12015,1531
> 3:False:10,20:12015,1530
> 4:False:9,18:12015,1530
> 5:True:12,17:12015,1533
driverlog-suboptimal-old-noisy/70/driverlog_noisy_p03_hyp-1_70_1.tar.bz2:0.626665830612:0.04834248:0.63
> 0:True:8,9:3961,771
> 1:False:11,17:3961,774
> 2:False:8,14:3961,771
> 3:False:8,11:3961,771
> 4:False:11,15:3961,774
> 5:False:8,14:3961,771
> 6:False:9,11:3961,772
> 7:False:8,14:3961,771
driverlog-suboptimal-old-noisy/70/driverlog_noisy_p03_hyp-1_70_2.tar.bz2:0.629112958908:0.04927844:0.63
> 0:True:8,10:3961,779
> 1:False:11,18:3961,782
> 2:False:8,14:3961,779
> 3:False:8,12:3961,779
> 4:False:11,16:3961,782
> 5:False:8,15:3961,779
> 6:False:9,12:3961,780
> 7:False:8,15:3961,779
driverlog-suboptimal-old-noisy/70/driverlog_noisy_p03_hyp-1_70_3.tar.bz2:0.632884979248:0.0500962:0.63
> 0:True:8,11:3961,780
> 1:False:11,18:3961,783
> 2:False:8,15:3961,780
> 3:False:8,13:3961,780
> 4:False:11,17:3961,783
> 5:False:8,15:3961,780
> 6:False:9,13:3961,781
> 7:False:8,16:3961,780
driverlog-suboptimal-old-noisy/70/driverlog_noisy_p03_hyp-2_70_1.tar.bz2:0.634114980698:0.05246566:0.64
> 0:False:8,17:3965,806
> 1:True:11,18:3965,809
> 2:False:8,19:3965,806
> 3:False:8,17:3965,806
> 4:True:11,18:3965,809
> 5:False:8,19:3965,806
> 6:False:9,18:3965,807
> 7:False:8,18:3965,806
driverlog-suboptimal-old-noisy/70/driverlog_noisy_p03_hyp-2_70_2.tar.bz2:0.632594823837:0.0533997:0.64
> 0:False:8,15:3967,807
> 1:True:11,16:3967,810
> 2:False:8,17:3967,807
> 3:False:8,15:3967,807
> 4:True:11,16:3967,810
> 5:False:8,17:3967,807
> 6:False:9,15:3967,808
> 7:False:8,15:3967,807
driverlog-suboptimal-old-noisy/70/driverlog_noisy_p03_hyp-2_70_3.tar.bz2:0.636427164078:0.05352:0.63
> 0:False:8,15:3968,816
> 1:True:11,14:3968,819
> 2:False:8,17:3968,816
> 3:False:8,15:3968,816
> 4:True:11,14:3968,819
> 5:False:8,17:3968,816
> 6:False:9,15:3968,817
> 7:False:8,14:3968,816
driverlog-suboptimal-old-noisy/70/driverlog_noisy_p03_hyp-3_70_1.tar.bz2:0.627228975296:0.04767353:0.62
> 0:False:8,15:3961,775
> 1:False:11,16:3961,778
> 2:True:8,12:3961,775
> 3:False:8,15:3961,775
> 4:False:11,16:3961,778
> 5:True:8,12:3961,775
> 6:False:9,15:3961,776
> 7:False:8,14:3961,775
driverlog-suboptimal-old-noisy/70/driverlog_noisy_p03_hyp-3_70_2.tar.bz2:0.629900932312:0.04889132:0.64
> 0:False:8,12:3962,783
> 1:True:11,13:3962,786
> 2:True:8,10:3962,783
> 3:False:8,12:3962,783
> 4:True:11,13:3962,786
> 5:True:8,10:3962,783
> 6:False:9,12:3962,784
> 7:False:8,11:3962,783
driverlog-suboptimal-old-noisy/70/driverlog_noisy_p03_hyp-3_70_3.tar.bz2:0.633820056915:0.05166968:0.64
> 0:False:8,15:3963,803
> 1:False:11,16:3963,806
> 2:True:8,12:3963,803
> 3:False:8,15:3963,803
> 4:False:11,16:3963,806
> 5:True:8,12:3963,803
> 6:False:9,15:3963,804
> 7:False:8,14:3963,803
driverlog-suboptimal-old-noisy/70/driverlog_noisy_p03_hyp-4_70_1.tar.bz2:0.629532814026:0.04993007:0.63
> 0:True:8,10:3962,781
> 1:False:11,16:3962,784
> 2:False:8,15:3962,781
> 3:True:8,10:3962,781
> 4:False:11,16:3962,784
> 5:False:8,15:3962,781
> 6:True:9,11:3962,782
> 7:False:8,14:3962,781
driverlog-suboptimal-old-noisy/70/driverlog_noisy_p03_hyp-4_70_2.tar.bz2:0.63260102272:0.0494782:0.63
> 0:True:8,8:3962,777
> 1:False:11,14:3962,780
> 2:False:8,13:3962,777
> 3:True:8,8:3962,777
> 4:False:11,14:3962,780
> 5:False:8,13:3962,777
> 6:True:9,9:3962,778
> 7:False:8,12:3962,777
driverlog-suboptimal-old-noisy/70/driverlog_noisy_p03_hyp-4_70_3.tar.bz2:0.630625009537:0.04963544:0.63
> 0:True:8,9:3961,777
> 1:False:11,14:3961,780
> 2:False:8,13:3961,777
> 3:True:8,9:3961,777
> 4:False:11,14:3961,780
> 5:False:8,13:3961,777
> 6:True:9,10:3961,778
> 7:False:8,12:3961,777
driverlog-suboptimal-old-noisy/70/driverlog_noisy_p04_hyp-1_70_1.tar.bz2:0.554996013641:0.0636395:0.56
> 0:True:11,15:8914,1213
> 1:False:9,18:8914,1211
> 2:False:9,15:8914,1211
> 3:False:10,20:8914,1212
> 4:False:11,17:8914,1212
> 5:False:13,19:8914,1214
driverlog-suboptimal-old-noisy/70/driverlog_noisy_p04_hyp-1_70_2.tar.bz2:0.557765007019:0.0641765:0.55
> 0:True:11,16:8914,1217
> 1:False:9,19:8914,1215
> 2:False:9,16:8914,1215
> 3:False:10,21:8914,1216
> 4:False:11,18:8914,1216
> 5:False:13,20:8914,1218
driverlog-suboptimal-old-noisy/70/driverlog_noisy_p04_hyp-1_70_3.tar.bz2:0.556233882904:0.0627124:0.57
> 0:True:11,14:8912,1204
> 1:False:9,17:8912,1202
> 2:False:9,14:8912,1202
> 3:False:10,18:8912,1203
> 4:False:11,16:8912,1203
> 5:False:13,18:8912,1205
driverlog-suboptimal-old-noisy/70/driverlog_noisy_p04_hyp-2_70_1.tar.bz2:0.551038980484:0.06122164:0.55
> 0:False:11,19:8910,1195
> 1:True:9,12:8910,1193
> 2:False:9,18:8910,1193
> 3:False:10,15:8910,1194
> 4:False:11,16:8910,1194
> 5:False:13,20:8910,1196
driverlog-suboptimal-old-noisy/70/driverlog_noisy_p04_hyp-2_70_2.tar.bz2:0.553268909454:0.0629944:0.56
> 0:False:11,20:8911,1202
> 1:True:9,13:8911,1200
> 2:False:9,18:8911,1200
> 3:False:10,16:8911,1201
> 4:False:11,16:8911,1201
> 5:False:13,21:8911,1203
driverlog-suboptimal-old-noisy/70/driverlog_noisy_p04_hyp-2_70_3.tar.bz2:0.553617954254:0.0624312:0.54
> 0:False:11,19:8910,1199
> 1:True:9,12:8910,1197
> 2:False:9,18:8910,1197
> 3:False:10,15:8910,1198
> 4:False:11,16:8910,1198
> 5:False:13,20:8910,1200
driverlog-suboptimal-old-noisy/70/driverlog_noisy_p04_hyp-3_70_1.tar.bz2:0.554924964905:0.06334792:0.56
> 0:False:11,15:8910,1201
> 1:False:9,17:8910,1199
> 2:False:9,13:8910,1199
> 3:False:10,18:8910,1200
> 4:False:11,18:8910,1200
> 5:True:13,16:8910,1202
driverlog-suboptimal-old-noisy/70/driverlog_noisy_p04_hyp-3_70_2.tar.bz2:0.551507949829:0.06080335:0.55
> 0:True:11,15:8908,1192
> 1:False:9,16:8908,1190
> 2:True:9,13:8908,1190
> 3:False:10,18:8908,1191
> 4:False:11,17:8908,1191
> 5:True:13,17:8908,1193
driverlog-suboptimal-old-noisy/70/driverlog_noisy_p04_hyp-3_70_3.tar.bz2:0.555938959122:0.06300533:0.55
> 0:True:11,15:8910,1206
> 1:False:9,17:8910,1204
> 2:True:9,13:8910,1204
> 3:False:10,18:8910,1205
> 4:False:11,18:8910,1205
> 5:True:13,17:8910,1207
driverlog-suboptimal-old-noisy/70/driverlog_noisy_p04_hyp-4_70_1.tar.bz2:0.552237987518:0.0629113:0.56
> 0:False:11,16:8912,1204
> 1:False:9,14:8912,1202
> 2:False:9,16:8912,1202
> 3:False:10,16:8912,1204
> 4:True:11,13:8912,1203
> 5:False:13,19:8912,1205
driverlog-suboptimal-old-noisy/70/driverlog_noisy_p04_hyp-4_70_2.tar.bz2:0.554404020309:0.0634611:0.56
> 0:False:11,18:8912,1204
> 1:False:9,14:8912,1202
> 2:False:9,17:8912,1202
> 3:False:10,16:8912,1203
> 4:True:11,14:8912,1203
> 5:False:13,20:8912,1205
driverlog-suboptimal-old-noisy/70/driverlog_noisy_p04_hyp-4_70_3.tar.bz2:0.552316904068:0.0640578:0.55
> 0:False:11,17:8913,1212
> 1:False:9,14:8913,1210
> 2:False:9,17:8913,1210
> 3:False:10,16:8913,1213
> 4:True:11,13:8913,1211
> 5:False:13,20:8913,1213
driverlog-suboptimal-old-noisy/70/driverlog_noisy_p05_hyp-1_70_1.tar.bz2:0.60636806488:0.0843446:0.62
> 0:True:12,16:12020,1561
> 1:False:10,19:12020,1560
> 2:False:11,16:12020,1560
> 3:False:10,19:12020,1559
> 4:False:9,19:12020,1559
> 5:False:12,19:12020,1562
driverlog-suboptimal-old-noisy/70/driverlog_noisy_p05_hyp-1_70_2.tar.bz2:0.61363697052:0.0851141:0.61
> 0:True:12,17:12020,1562
> 1:False:10,21:12020,1561
> 2:False:11,17:12020,1561
> 3:False:10,22:12020,1560
> 4:False:9,20:12020,1560
> 5:False:12,20:12020,1563
driverlog-suboptimal-old-noisy/70/driverlog_noisy_p05_hyp-1_70_3.tar.bz2:0.605247974396:0.0809445:0.6
> 0:True:12,18:12016,1541
> 1:False:10,22:12016,1540
> 2:True:11,17:12016,1540
> 3:False:10,22:12016,1539
> 4:False:9,20:12016,1539
> 5:False:12,20:12016,1542
driverlog-suboptimal-old-noisy/70/driverlog_noisy_p05_hyp-2_70_1.tar.bz2:0.607711076736:0.0836905:0.6
> 0:False:12,15:12019,1549
> 1:False:10,18:12019,1548
> 2:True:11,13:12019,1548
> 3:False:10,18:12019,1547
> 4:False:9,16:12019,1547
> 5:False:12,15:12019,1550
driverlog-suboptimal-old-noisy/70/driverlog_noisy_p05_hyp-2_70_2.tar.bz2:0.612241029739:0.085409:0.62
> 0:False:12,18:12018,1555
> 1:False:10,19:12018,1554
> 2:True:11,16:12018,1554
> 3:False:10,19:12018,1553
> 4:False:9,17:12018,1553
> 5:False:12,18:12018,1556
driverlog-suboptimal-old-noisy/70/driverlog_noisy_p05_hyp-2_70_3.tar.bz2:0.61122584343:0.0862658:0.62
> 0:False:12,17:12019,1562
> 1:False:10,19:12019,1561
> 2:True:11,15:12019,1561
> 3:False:10,19:12019,1560
> 4:False:9,16:12019,1560
> 5:True:12,16:12019,1563
driverlog-suboptimal-old-noisy/70/driverlog_noisy_p05_hyp-3_70_1.tar.bz2:0.610146999359:0.0840066:0.61
> 0:False:12,22:12018,1544
> 1:True:10,17:12018,1543
> 2:False:11,21:12018,1543
> 3:True:10,17:12018,1542
> 4:False:9,17:12018,1542
> 5:False:12,21:12018,1545
driverlog-suboptimal-old-noisy/70/driverlog_noisy_p05_hyp-3_70_2.tar.bz2:0.615162849426:0.0862665:0.62
> 0:False:12,21:12018,1547
> 1:True:10,17:12018,1546
> 2:False:11,20:12018,1546
> 3:True:10,17:12018,1545
> 4:False:9,17:12018,1545
> 5:False:12,21:12018,1548
driverlog-suboptimal-old-noisy/70/driverlog_noisy_p05_hyp-3_70_3.tar.bz2:0.609041929245:0.0854366:0.61
> 0:False:12,20:12020,1557
> 1:True:10,16:12020,1556
> 2:False:11,19:12020,1556
> 3:True:10,16:12020,1555
> 4:True:9,15:12020,1555
> 5:False:12,20:12020,1558
driverlog-suboptimal-old-noisy/70/driverlog_noisy_p05_hyp-4_70_1.tar.bz2:0.610047101974:0.0850842:0.62
> 0:False:12,20:12019,1560
> 1:False:10,22:12019,1559
> 2:False:11,18:12019,1559
> 3:False:10,21:12019,1558
> 4:False:9,19:12019,1558
> 5:True:12,17:12019,1561
driverlog-suboptimal-old-noisy/70/driverlog_noisy_p05_hyp-4_70_2.tar.bz2:0.605591058731:0.082142:0.61
> 0:False:12,20:12018,1552
> 1:False:10,22:12018,1551
> 2:False:11,18:12018,1551
> 3:False:10,21:12018,1550
> 4:False:9,19:12018,1550
> 5:True:12,18:12018,1553
driverlog-suboptimal-old-noisy/70/driverlog_noisy_p05_hyp-4_70_3.tar.bz2:0.611512899399:0.0844371:0.61
> 0:False:12,20:12020,1563
> 1:False:10,22:12020,1562
> 2:False:11,18:12020,1562
> 3:False:10,21:12020,1561
> 4:False:9,20:12020,1561
> 5:True:12,17:12020,1564
driverlog-suboptimal-old-noisy/100/driverlog_noisy_p03_hyp-1_full_1.tar.bz2:0.633893966675:0.05357733:0.63
> 0:True:8,12:3965,806
> 1:False:11,20:3965,809
> 2:False:8,17:3965,806
> 3:False:8,14:3965,806
> 4:False:11,18:3965,809
> 5:False:8,17:3965,806
> 6:False:9,14:3965,807
> 7:False:8,17:3965,806
driverlog-suboptimal-old-noisy/100/driverlog_noisy_p03_hyp-1_full_2.tar.bz2:0.633396148682:0.05175775:0.64
> 0:True:8,12:3964,796
> 1:False:11,20:3964,799
> 2:False:8,17:3964,796
> 3:False:8,13:3964,796
> 4:False:11,18:3964,799
> 5:False:8,17:3964,796
> 6:False:9,14:3964,797
> 7:False:8,17:3964,796
driverlog-suboptimal-old-noisy/100/driverlog_noisy_p03_hyp-1_full_3.tar.bz2:0.632264137268:0.05072347:0.64
> 0:True:8,12:3963,785
> 1:False:11,20:3963,788
> 2:False:8,17:3963,785
> 3:False:8,14:3963,785
> 4:False:11,18:3963,788
> 5:False:8,17:3963,785
> 6:False:9,14:3963,786
> 7:False:8,17:3963,785
driverlog-suboptimal-old-noisy/100/driverlog_noisy_p03_hyp-2_full_1.tar.bz2:0.638772010803:0.05705938:0.65
> 0:False:8,19:3972,843
> 1:True:11,18:3972,846
> 2:False:8,20:3972,843
> 3:False:8,19:3972,843
> 4:True:11,18:3972,846
> 5:False:8,20:3972,843
> 6:False:9,19:3972,844
> 7:False:8,18:3972,843
driverlog-suboptimal-old-noisy/100/driverlog_noisy_p03_hyp-2_full_2.tar.bz2:0.636939048767:0.05585468:0.63
> 0:False:8,19:3971,834
> 1:True:11,18:3971,837
> 2:False:8,21:3971,834
> 3:False:8,19:3971,834
> 4:True:11,18:3971,837
> 5:False:8,21:3971,834
> 6:False:9,19:3971,835
> 7:False:8,18:3971,834
driverlog-suboptimal-old-noisy/100/driverlog_noisy_p03_hyp-2_full_3.tar.bz2:0.636313915253:0.05478105:0.63
> 0:False:8,19:3970,833
> 1:True:11,18:3970,836
> 2:False:8,20:3970,833
> 3:False:8,19:3970,833
> 4:True:11,18:3970,836
> 5:False:8,20:3970,833
> 6:False:9,19:3970,834
> 7:False:8,18:3970,833
driverlog-suboptimal-old-noisy/100/driverlog_noisy_p03_hyp-3_full_1.tar.bz2:0.634526014328:0.05141389:0.63
> 0:False:8,16:3966,808
> 1:False:11,17:3966,811
> 2:True:8,13:3966,808
> 3:False:8,16:3966,808
> 4:False:11,17:3966,811
> 5:True:8,13:3966,808
> 6:False:9,16:3966,809
> 7:False:8,15:3966,808
driverlog-suboptimal-old-noisy/100/driverlog_noisy_p03_hyp-3_full_2.tar.bz2:0.63326716423:0.05321709:0.63
> 0:False:8,16:3967,816
> 1:False:11,17:3967,819
> 2:True:8,13:3967,816
> 3:False:8,16:3967,816
> 4:False:11,17:3967,819
> 5:True:8,13:3967,816
> 6:False:9,16:3967,817
> 7:False:8,15:3967,816
driverlog-suboptimal-old-noisy/100/driverlog_noisy_p03_hyp-3_full_3.tar.bz2:0.628773927689:0.0504121:0.63
> 0:False:8,16:3965,802
> 1:False:11,17:3965,805
> 2:True:8,13:3965,802
> 3:False:8,16:3965,802
> 4:False:11,17:3965,805
> 5:True:8,13:3965,802
> 6:False:9,16:3965,803
> 7:False:8,15:3965,802
driverlog-suboptimal-old-noisy/100/driverlog_noisy_p03_hyp-4_full_1.tar.bz2:0.632869005203:0.05251489:0.63
> 0:True:8,12:3965,804
> 1:False:11,18:3965,807
> 2:False:8,17:3965,804
> 3:True:8,12:3965,804
> 4:False:11,18:3965,807
> 5:False:8,17:3965,804
> 6:True:9,13:3965,805
> 7:False:8,16:3965,804
driverlog-suboptimal-old-noisy/100/driverlog_noisy_p03_hyp-4_full_2.tar.bz2:0.635491847992:0.05304534:0.64
> 0:True:8,12:3965,805
> 1:False:11,18:3965,808
> 2:False:8,17:3965,805
> 3:True:8,12:3965,805
> 4:False:11,18:3965,808
> 5:False:8,17:3965,805
> 6:True:9,13:3965,806
> 7:False:8,16:3965,805
driverlog-suboptimal-old-noisy/100/driverlog_noisy_p03_hyp-4_full_3.tar.bz2:0.633731842041:0.05112317:0.63
> 0:True:8,12:3965,796
> 1:False:11,18:3965,799
> 2:False:8,17:3965,796
> 3:True:8,12:3965,796
> 4:False:11,18:3965,799
> 5:False:8,17:3965,796
> 6:True:9,13:3965,797
> 7:False:8,16:3965,796
driverlog-suboptimal-old-noisy/100/driverlog_noisy_p04_hyp-1_full_1.tar.bz2:0.557798147202:0.065972:0.55
> 0:True:11,18:8918,1229
> 1:False:9,23:8918,1227
> 2:False:9,18:8918,1227
> 3:False:10,24:8918,1228
> 4:False:11,22:8918,1228
> 5:False:13,22:8918,1230
driverlog-suboptimal-old-noisy/100/driverlog_noisy_p04_hyp-1_full_2.tar.bz2:0.556929111481:0.065691:0.55
> 0:True:11,18:8917,1228
> 1:False:9,23:8917,1226
> 2:False:9,18:8917,1226
> 3:False:10,24:8917,1227
> 4:False:11,22:8917,1227
> 5:False:13,22:8917,1229
driverlog-suboptimal-old-noisy/100/driverlog_noisy_p04_hyp-1_full_3.tar.bz2:0.558512926102:0.0659979:0.56
> 0:True:11,18:8918,1231
> 1:False:9,23:8918,1229
> 2:False:9,18:8918,1229
> 3:False:10,23:8918,1230
> 4:False:11,22:8918,1230
> 5:False:13,22:8918,1232
driverlog-suboptimal-old-noisy/100/driverlog_noisy_p04_hyp-2_full_1.tar.bz2:0.554428100586:0.0629148:0.56
> 0:False:11,21:8912,1203
> 1:True:9,14:8912,1201
> 2:False:9,20:8912,1201
> 3:False:10,16:8912,1202
> 4:False:11,18:8912,1202
> 5:False:13,22:8912,1204
driverlog-suboptimal-old-noisy/100/driverlog_noisy_p04_hyp-2_full_2.tar.bz2:0.555711984634:0.0642505:0.55
> 0:False:11,21:8914,1212
> 1:True:9,14:8914,1210
> 2:False:9,20:8914,1210
> 3:False:10,17:8914,1211
> 4:False:11,18:8914,1211
> 5:False:13,22:8914,1213
driverlog-suboptimal-old-noisy/100/driverlog_noisy_p04_hyp-2_full_3.tar.bz2:0.554179906845:0.0635617:0.55
> 0:False:11,21:8913,1209
> 1:True:9,14:8913,1207
> 2:False:9,20:8913,1207
> 3:False:10,17:8913,1208
> 4:False:11,18:8913,1208
> 5:False:13,22:8913,1210
driverlog-suboptimal-old-noisy/100/driverlog_noisy_p04_hyp-3_full_1.tar.bz2:0.556558847427:0.0643647:0.55
> 0:True:11,16:8913,1216
> 1:False:9,19:8913,1214
> 2:True:9,14:8913,1214
> 3:False:10,20:8913,1216
> 4:False:11,20:8913,1215
> 5:True:13,18:8913,1217
driverlog-suboptimal-old-noisy/100/driverlog_noisy_p04_hyp-3_full_2.tar.bz2:0.554378986359:0.0631646:0.55
> 0:True:11,16:8912,1212
> 1:False:9,19:8912,1210
> 2:True:9,14:8912,1210
> 3:False:10,20:8912,1211
> 4:False:11,20:8912,1211
> 5:True:13,18:8912,1213
driverlog-suboptimal-old-noisy/100/driverlog_noisy_p04_hyp-3_full_3.tar.bz2:0.552980899811:0.0627669:0.56
> 0:True:11,16:8911,1206
> 1:False:9,19:8911,1204
> 2:True:9,14:8911,1204
> 3:False:10,20:8911,1205
> 4:False:11,20:8911,1205
> 5:True:13,18:8911,1207
driverlog-suboptimal-old-noisy/100/driverlog_noisy_p04_hyp-4_full_1.tar.bz2:0.555428981781:0.0662807:0.55
> 0:False:11,21:8917,1224
> 1:False:9,18:8917,1222
> 2:False:9,21:8917,1222
> 3:False:10,20:8917,1224
> 4:True:11,17:8917,1223
> 5:False:13,24:8917,1225
driverlog-suboptimal-old-noisy/100/driverlog_noisy_p04_hyp-4_full_2.tar.bz2:0.556544065475:0.066522:0.56
> 0:False:11,21:8917,1226
> 1:False:9,18:8917,1224
> 2:False:9,21:8917,1224
> 3:False:10,20:8917,1226
> 4:True:11,17:8917,1225
> 5:False:13,24:8917,1227
driverlog-suboptimal-old-noisy/100/driverlog_noisy_p04_hyp-4_full_3.tar.bz2:0.557672977448:0.0660556:0.56
> 0:False:11,21:8916,1221
> 1:False:9,18:8916,1219
> 2:False:9,21:8916,1219
> 3:False:10,20:8916,1222
> 4:True:11,17:8916,1220
> 5:False:13,23:8916,1222
driverlog-suboptimal-old-noisy/100/driverlog_noisy_p05_hyp-1_full_1.tar.bz2:0.615392923355:0.0884311:0.62
> 0:True:12,20:12025,1587
> 1:False:10,24:12025,1586
> 2:False:11,20:12025,1586
> 3:False:10,25:12025,1585
> 4:False:9,23:12025,1585
> 5:False:12,22:12025,1588
driverlog-suboptimal-old-noisy/100/driverlog_noisy_p05_hyp-1_full_2.tar.bz2:0.614919900894:0.089125:0.61
> 0:True:12,20:12026,1597
> 1:False:10,24:12026,1596
> 2:False:11,20:12026,1596
> 3:False:10,25:12026,1595
> 4:False:9,23:12026,1595
> 5:False:12,23:12026,1598
driverlog-suboptimal-old-noisy/100/driverlog_noisy_p05_hyp-1_full_3.tar.bz2:0.615750074387:0.0883935:0.62
> 0:True:12,20:12025,1589
> 1:False:10,24:12025,1588
> 2:False:11,20:12025,1588
> 3:False:10,25:12025,1587
> 4:False:9,23:12025,1587
> 5:False:12,23:12025,1590
driverlog-suboptimal-old-noisy/100/driverlog_noisy_p05_hyp-2_full_1.tar.bz2:0.613794088364:0.0893473:0.6
> 0:False:12,19:12024,1585
> 1:False:10,23:12024,1584
> 2:True:11,17:12024,1584
> 3:False:10,22:12024,1583
> 4:False:9,20:12024,1583
> 5:True:12,18:12024,1586
driverlog-suboptimal-old-noisy/100/driverlog_noisy_p05_hyp-2_full_2.tar.bz2:0.61593914032:0.0873054:0.62
> 0:True:12,18:12022,1570
> 1:False:10,22:12022,1569
> 2:True:11,17:12022,1569
> 3:False:10,22:12022,1568
> 4:False:9,20:12022,1568
> 5:False:12,19:12022,1571
driverlog-suboptimal-old-noisy/100/driverlog_noisy_p05_hyp-2_full_3.tar.bz2:0.614538192749:0.0888268:0.61
> 0:False:12,19:12023,1580
> 1:False:10,23:12023,1579
> 2:True:11,17:12023,1579
> 3:False:10,22:12023,1578
> 4:False:9,20:12023,1578
> 5:False:12,19:12023,1581
driverlog-suboptimal-old-noisy/100/driverlog_noisy_p05_hyp-3_full_1.tar.bz2:0.613908052444:0.0880353:0.62
> 0:False:12,25:12024,1577
> 1:False:10,20:12024,1576
> 2:False:11,24:12024,1576
> 3:True:10,19:12024,1575
> 4:False:9,20:12024,1575
> 5:False:12,24:12024,1578
driverlog-suboptimal-old-noisy/100/driverlog_noisy_p05_hyp-3_full_2.tar.bz2:0.613104820251:0.0872742:0.62
> 0:False:12,25:12024,1577
> 1:False:10,20:12024,1576
> 2:False:11,24:12024,1576
> 3:True:10,19:12024,1575
> 4:False:9,20:12024,1575
> 5:False:12,24:12024,1578
driverlog-suboptimal-old-noisy/100/driverlog_noisy_p05_hyp-3_full_3.tar.bz2:0.614112138748:0.088191:0.61
> 0:False:12,25:12024,1583
> 1:False:10,20:12024,1582
> 2:False:11,24:12024,1582
> 3:True:10,19:12024,1581
> 4:False:9,20:12024,1581
> 5:False:12,24:12024,1584
driverlog-suboptimal-old-noisy/100/driverlog_noisy_p05_hyp-4_full_1.tar.bz2:0.61394906044:0.0873369:0.62
> 0:False:12,23:12024,1583
> 1:False:10,26:12024,1582
> 2:False:11,21:12024,1582
> 3:False:10,24:12024,1581
> 4:False:9,23:12024,1581
> 5:True:12,20:12024,1584
driverlog-suboptimal-old-noisy/100/driverlog_noisy_p05_hyp-4_full_2.tar.bz2:0.614614009857:0.0890554:0.61
> 0:False:12,23:12026,1593
> 1:False:10,26:12026,1592
> 2:False:11,21:12026,1592
> 3:False:10,24:12026,1591
> 4:False:9,23:12026,1591
> 5:True:12,20:12026,1594
driverlog-suboptimal-old-noisy/100/driverlog_noisy_p05_hyp-4_full_3.tar.bz2:0.616926193237:0.0910887:0.61
> 0:False:12,23:12026,1595
> 1:False:10,26:12026,1594
> 2:False:11,21:12026,1594
> 3:False:10,24:12026,1593
> 4:False:9,23:12026,1593
> 5:True:12,20:12026,1596
