driverlog-optimal-old-noisy/10/driverlog_noisy_p03_hyp-1_10_1.tar.bz2:0.547240972519:0.00731424:0.55
> 0:True:8,8:90,12
> 1:True:11,11:90,15
> 2:False:8,11:90,15
> 3:True:8,8:90,12
> 4:True:11,11:90,15
> 5:False:8,11:90,15
> 6:True:9,9:90,13
> 7:True:8,8:90,12
driverlog-optimal-old-noisy/10/driverlog_noisy_p03_hyp-1_10_2.tar.bz2:0.548606157303:0.007252463:0.56
> 0:False:8,9:90,13
> 1:True:11,11:90,15
> 2:False:8,10:90,14
> 3:False:8,9:90,13
> 4:True:11,11:90,15
> 5:False:8,10:90,14
> 6:True:9,9:90,13
> 7:False:8,10:90,14
driverlog-optimal-old-noisy/10/driverlog_noisy_p03_hyp-1_10_3.tar.bz2:0.548596858978:0.006734128:0.55
> 0:True:8,8:89,11
> 1:True:11,11:89,14
> 2:False:8,10:89,13
> 3:True:8,8:89,11
> 4:True:11,11:89,14
> 5:False:8,10:89,13
> 6:True:9,9:89,12
> 7:True:8,8:89,11
driverlog-optimal-old-noisy/10/driverlog_noisy_p03_hyp-2_10_1.tar.bz2:0.549038171768:0.007334465:0.55
> 0:False:8,10:91,14
> 1:True:11,11:91,16
> 2:False:8,10:91,14
> 3:False:8,10:91,14
> 4:True:11,11:91,16
> 5:False:8,10:91,14
> 6:False:9,11:91,15
> 7:True:8,8:91,13
driverlog-optimal-old-noisy/10/driverlog_noisy_p03_hyp-2_10_2.tar.bz2:0.550086975098:0.006774165:0.55
> 0:True:8,8:90,12
> 1:True:11,11:90,15
> 2:False:8,11:90,14
> 3:True:8,8:90,12
> 4:True:11,11:90,15
> 5:False:8,11:90,14
> 6:True:9,9:90,13
> 7:False:8,9:90,12
driverlog-optimal-old-noisy/10/driverlog_noisy_p03_hyp-2_10_3.tar.bz2:0.546630144119:0.006401207:0.55
> 0:True:8,8:90,12
> 1:True:11,11:90,15
> 2:False:8,10:90,14
> 3:True:8,8:90,12
> 4:True:11,11:90,15
> 5:False:8,10:90,14
> 6:True:9,9:90,13
> 7:True:8,8:90,12
driverlog-optimal-old-noisy/10/driverlog_noisy_p03_hyp-3_10_1.tar.bz2:0.552901029587:0.007413364:0.54
> 0:False:8,10:90,14
> 1:True:11,11:90,15
> 2:False:8,9:90,13
> 3:False:8,10:90,14
> 4:True:11,11:90,15
> 5:False:8,9:90,13
> 6:False:9,10:90,14
> 7:False:8,9:90,13
driverlog-optimal-old-noisy/10/driverlog_noisy_p03_hyp-3_10_2.tar.bz2:0.55012512207:0.007145592:0.56
> 0:False:8,9:90,13
> 1:True:11,11:90,15
> 2:False:8,9:90,13
> 3:False:8,9:90,13
> 4:True:11,11:90,15
> 5:False:8,9:90,13
> 6:False:9,10:90,14
> 7:True:8,8:90,12
driverlog-optimal-old-noisy/10/driverlog_noisy_p03_hyp-3_10_3.tar.bz2:0.549093008041:0.007067686:0.54
> 0:False:8,10:90,13
> 1:True:11,12:90,16
> 2:True:8,9:90,13
> 3:False:8,10:90,13
> 4:True:11,12:90,16
> 5:True:8,9:90,13
> 6:True:9,10:90,14
> 7:False:8,10:90,13
driverlog-optimal-old-noisy/10/driverlog_noisy_p03_hyp-4_10_1.tar.bz2:0.550537824631:0.007098153:0.55
> 0:True:8,8:90,12
> 1:True:11,11:90,15
> 2:False:8,11:90,15
> 3:True:8,8:90,12
> 4:True:11,11:90,15
> 5:False:8,11:90,15
> 6:True:9,9:90,13
> 7:False:8,10:90,13
driverlog-optimal-old-noisy/10/driverlog_noisy_p03_hyp-4_10_2.tar.bz2:0.548716068268:0.007196026:0.56
> 0:False:8,11:90,15
> 1:False:11,14:90,18
> 2:False:8,10:90,13
> 3:False:8,11:90,15
> 4:True:11,12:90,16
> 5:False:8,10:90,13
> 6:False:9,12:90,16
> 7:False:8,11:90,15
driverlog-optimal-old-noisy/10/driverlog_noisy_p03_hyp-4_10_3.tar.bz2:0.545819044113:0.006636248:0.54
> 0:True:8,8:89,11
> 1:True:11,11:89,14
> 2:False:8,10:89,12
> 3:True:8,8:89,11
> 4:True:11,11:89,14
> 5:False:8,10:89,12
> 6:True:9,9:89,12
> 7:True:8,8:89,11
driverlog-optimal-old-noisy/10/driverlog_noisy_p04_hyp-1_10_1.tar.bz2:0.433773040771:0.006400783:0.43
> 0:True:11,11:147,16
> 1:False:9,10:147,15
> 2:False:9,11:147,16
> 3:False:10,13:147,18
> 4:True:10,10:147,15
> 5:False:12,14:147,19
driverlog-optimal-old-noisy/10/driverlog_noisy_p04_hyp-1_10_2.tar.bz2:0.434240818024:0.006015625:0.43
> 0:True:11,11:146,15
> 1:False:9,11:146,13
> 2:True:9,9:146,13
> 3:False:10,12:146,14
> 4:False:10,13:146,15
> 5:True:12,12:146,16
driverlog-optimal-old-noisy/10/driverlog_noisy_p04_hyp-1_10_3.tar.bz2:0.435293197632:0.00647151:0.43
> 0:False:11,12:147,17
> 1:True:9,9:147,14
> 2:True:9,9:147,14
> 3:True:10,10:147,15
> 4:True:10,10:147,15
> 5:True:12,12:147,17
driverlog-optimal-old-noisy/10/driverlog_noisy_p04_hyp-2_10_1.tar.bz2:0.433394908905:0.00657984:0.44
> 0:False:11,14:147,19
> 1:True:9,10:147,15
> 2:True:9,10:147,15
> 3:True:10,11:147,16
> 4:True:10,11:147,16
> 5:False:12,14:147,19
driverlog-optimal-old-noisy/10/driverlog_noisy_p04_hyp-2_10_2.tar.bz2:0.433125972748:0.006056604:0.44
> 0:False:11,14:146,17
> 1:True:9,10:146,13
> 2:True:9,10:146,13
> 3:True:10,11:146,14
> 4:True:10,11:146,14
> 5:False:12,14:146,17
driverlog-optimal-old-noisy/10/driverlog_noisy_p04_hyp-2_10_3.tar.bz2:0.433364152908:0.00622912:0.43
> 0:False:11,12:147,16
> 1:True:9,9:147,14
> 2:True:9,9:147,14
> 3:False:10,11:147,15
> 4:False:10,12:147,16
> 5:True:12,12:147,17
driverlog-optimal-old-noisy/10/driverlog_noisy_p04_hyp-3_10_1.tar.bz2:0.434179067612:0.006070859:0.44
> 0:True:11,11:146,15
> 1:True:9,9:146,13
> 2:True:9,9:146,13
> 3:True:10,10:146,14
> 4:False:10,11:146,14
> 5:True:12,12:146,16
driverlog-optimal-old-noisy/10/driverlog_noisy_p04_hyp-3_10_2.tar.bz2:0.432926177979:0.0065208:0.44
> 0:False:11,12:147,17
> 1:False:9,11:147,15
> 2:False:9,10:147,15
> 3:True:10,10:147,15
> 4:False:10,13:147,17
> 5:True:12,12:147,17
driverlog-optimal-old-noisy/10/driverlog_noisy_p04_hyp-3_10_3.tar.bz2:0.434560775757:0.00632498:0.44
> 0:False:11,12:147,17
> 1:False:9,11:147,15
> 2:False:9,10:147,15
> 3:False:10,11:147,15
> 4:False:10,12:147,16
> 5:True:12,12:147,17
driverlog-optimal-old-noisy/10/driverlog_noisy_p04_hyp-4_10_1.tar.bz2:0.43244600296:0.00599891:0.44
> 0:False:11,13:146,16
> 1:False:9,10:146,12
> 2:False:9,12:146,15
> 3:False:10,13:146,16
> 4:True:10,10:146,14
> 5:False:12,15:146,17
driverlog-optimal-old-noisy/10/driverlog_noisy_p04_hyp-4_10_2.tar.bz2:0.433214902878:0.005926436:0.43
> 0:False:11,12:146,15
> 1:True:9,9:146,13
> 2:False:9,10:146,13
> 3:True:10,10:146,14
> 4:False:10,11:146,15
> 5:False:12,13:146,16
driverlog-optimal-old-noisy/10/driverlog_noisy_p04_hyp-4_10_3.tar.bz2:0.433315992355:0.00645727:0.44
> 0:False:11,14:147,18
> 1:True:9,10:147,15
> 2:False:9,13:147,16
> 3:False:10,13:147,17
> 4:True:10,11:147,16
> 5:False:12,15:147,18
driverlog-optimal-old-noisy/10/driverlog_noisy_p05_hyp-1_10_1.tar.bz2:0.447574853897:0.00708653:0.45
> 0:False:11,13:183,18
> 1:False:10,13:183,17
> 2:True:10,10:183,15
> 3:False:9,10:183,14
> 4:True:9,9:183,14
> 5:False:12,13:183,18
driverlog-optimal-old-noisy/10/driverlog_noisy_p05_hyp-1_10_2.tar.bz2:0.445050001144:0.00728501:0.45
> 0:False:11,13:183,18
> 1:True:10,10:183,15
> 2:False:10,13:183,18
> 3:False:9,10:183,15
> 4:False:9,10:183,15
> 5:False:12,16:183,21
driverlog-optimal-old-noisy/10/driverlog_noisy_p05_hyp-1_10_3.tar.bz2:0.449165821075:0.00735906:0.45
> 0:False:11,14:183,19
> 1:False:10,13:183,18
> 2:False:10,13:183,18
> 3:False:9,12:183,17
> 4:False:9,12:183,17
> 5:True:12,14:183,19
driverlog-optimal-old-noisy/10/driverlog_noisy_p05_hyp-2_10_1.tar.bz2:0.448466062546:0.00732686:0.45
> 0:False:11,14:183,19
> 1:False:10,11:183,16
> 2:False:10,12:183,17
> 3:True:9,9:183,14
> 4:False:9,10:183,15
> 5:False:12,15:183,20
driverlog-optimal-old-noisy/10/driverlog_noisy_p05_hyp-2_10_2.tar.bz2:0.446826219559:0.00688574:0.44
> 0:False:11,14:182,17
> 1:False:10,13:182,16
> 2:True:10,11:182,14
> 3:False:9,11:182,14
> 4:True:9,10:182,13
> 5:False:12,14:182,17
driverlog-optimal-old-noisy/10/driverlog_noisy_p05_hyp-2_10_3.tar.bz2:0.448117017746:0.00717932:0.45
> 0:False:11,13:183,18
> 1:False:10,11:183,16
> 2:False:10,11:183,16
> 3:True:9,9:183,14
> 4:False:9,10:183,15
> 5:False:12,13:183,18
driverlog-optimal-old-noisy/10/driverlog_noisy_p05_hyp-3_10_1.tar.bz2:0.449415922165:0.00723534:0.44
> 0:False:11,14:183,19
> 1:False:10,12:183,17
> 2:False:10,12:183,17
> 3:False:9,10:183,15
> 4:True:9,9:183,14
> 5:False:12,13:183,18
driverlog-optimal-old-noisy/10/driverlog_noisy_p05_hyp-3_10_2.tar.bz2:0.448158025742:0.00730362:0.44
> 0:False:11,14:183,19
> 1:True:10,12:183,17
> 2:False:10,13:183,18
> 3:True:9,11:183,16
> 4:True:9,11:183,16
> 5:False:12,15:183,20
driverlog-optimal-old-noisy/10/driverlog_noisy_p05_hyp-3_10_3.tar.bz2:0.446480035782:0.00668443:0.45
> 0:False:11,12:182,16
> 1:False:10,11:182,15
> 2:True:10,10:182,14
> 3:True:9,9:182,13
> 4:True:9,9:182,13
> 5:True:12,12:182,16
driverlog-optimal-old-noisy/10/driverlog_noisy_p05_hyp-4_10_1.tar.bz2:0.448567867279:0.00729135:0.45
> 0:False:11,13:183,18
> 1:False:10,12:183,17
> 2:False:10,12:183,16
> 3:True:9,10:183,15
> 4:True:9,10:183,15
> 5:True:12,13:183,18
driverlog-optimal-old-noisy/10/driverlog_noisy_p05_hyp-4_10_2.tar.bz2:0.448486804962:0.0072292:0.46
> 0:True:11,11:183,16
> 1:False:10,11:183,15
> 2:True:10,10:183,15
> 3:False:9,10:183,14
> 4:False:9,10:183,14
> 5:True:12,12:183,17
driverlog-optimal-old-noisy/10/driverlog_noisy_p05_hyp-4_10_3.tar.bz2:0.446949005127:0.00715476:0.44
> 0:False:11,14:183,18
> 1:False:10,13:183,17
> 2:True:10,11:183,16
> 3:False:9,11:183,15
> 4:True:9,10:183,15
> 5:True:12,13:183,18
driverlog-optimal-old-noisy/30/driverlog_noisy_p03_hyp-1_30_1.tar.bz2:0.549075126648:0.007726941:0.56
> 0:True:8,8:92,14
> 1:True:11,11:92,17
> 2:False:8,10:92,16
> 3:True:8,8:92,14
> 4:True:11,11:92,17
> 5:False:8,10:92,16
> 6:False:9,10:92,15
> 7:True:8,8:92,14
driverlog-optimal-old-noisy/30/driverlog_noisy_p03_hyp-1_30_2.tar.bz2:0.548622846603:0.007895336:0.55
> 0:True:8,10:92,16
> 1:False:11,14:92,20
> 2:False:8,13:92,19
> 3:True:8,10:92,16
> 4:True:11,13:92,19
> 5:False:8,13:92,19
> 6:True:9,11:92,17
> 7:False:8,12:92,18
driverlog-optimal-old-noisy/30/driverlog_noisy_p03_hyp-1_30_3.tar.bz2:0.5495429039:0.007674298:0.55
> 0:True:8,8:92,14
> 1:False:11,15:92,21
> 2:False:8,14:92,20
> 3:True:8,8:92,14
> 4:True:11,11:92,17
> 5:False:8,13:92,19
> 6:False:9,10:92,16
> 7:False:8,10:92,15
driverlog-optimal-old-noisy/30/driverlog_noisy_p03_hyp-2_30_1.tar.bz2:0.547586917877:0.006707911:0.55
> 0:False:8,10:92,15
> 1:True:11,11:92,17
> 2:False:8,12:92,16
> 3:False:8,10:92,15
> 4:True:11,11:92,17
> 5:False:8,12:92,16
> 6:False:9,11:92,16
> 7:False:8,9:92,14
driverlog-optimal-old-noisy/30/driverlog_noisy_p03_hyp-2_30_2.tar.bz2:0.546513080597:0.0066699:0.54
> 0:False:8,11:92,15
> 1:True:11,11:92,17
> 2:False:8,11:92,16
> 3:False:8,11:92,15
> 4:True:11,11:92,17
> 5:False:8,11:92,16
> 6:False:9,11:92,16
> 7:False:8,9:92,14
driverlog-optimal-old-noisy/30/driverlog_noisy_p03_hyp-2_30_3.tar.bz2:0.54900598526:0.00801704:0.55
> 0:False:8,12:93,18
> 1:False:11,13:93,20
> 2:False:8,11:93,17
> 3:False:8,12:93,18
> 4:True:11,11:93,18
> 5:False:8,11:93,17
> 6:False:9,12:93,18
> 7:False:8,13:93,19
driverlog-optimal-old-noisy/30/driverlog_noisy_p03_hyp-3_30_1.tar.bz2:0.550508022308:0.007598624:0.55
> 0:False:8,10:92,15
> 1:True:11,11:92,17
> 2:False:8,9:92,14
> 3:False:8,10:92,15
> 4:True:11,11:92,17
> 5:False:8,9:92,14
> 6:False:9,10:92,15
> 7:False:8,9:92,15
driverlog-optimal-old-noisy/30/driverlog_noisy_p03_hyp-3_30_2.tar.bz2:0.54926609993:0.007260448:0.56
> 0:False:8,12:92,16
> 1:False:11,13:92,17
> 2:True:8,9:92,14
> 3:False:8,12:92,16
> 4:False:11,13:92,17
> 5:True:8,9:92,14
> 6:False:9,12:92,16
> 7:False:8,11:92,15
driverlog-optimal-old-noisy/30/driverlog_noisy_p03_hyp-3_30_3.tar.bz2:0.549760818481:0.007311753:0.55
> 0:False:8,12:92,16
> 1:False:11,13:92,17
> 2:True:8,9:92,14
> 3:False:8,12:92,16
> 4:False:11,13:92,17
> 5:True:8,9:92,14
> 6:False:9,12:92,16
> 7:False:8,11:92,15
driverlog-optimal-old-noisy/30/driverlog_noisy_p03_hyp-4_30_1.tar.bz2:0.550145149231:0.007731814:0.55
> 0:False:8,10:92,16
> 1:False:11,13:92,18
> 2:False:8,12:92,17
> 3:False:8,10:92,16
> 4:False:11,13:92,18
> 5:False:8,12:92,17
> 6:True:9,10:92,16
> 7:False:8,12:92,17
driverlog-optimal-old-noisy/30/driverlog_noisy_p03_hyp-4_30_2.tar.bz2:0.547251939774:0.007528204:0.55
> 0:True:8,8:92,14
> 1:True:11,11:92,17
> 2:False:8,11:92,16
> 3:True:8,8:92,14
> 4:True:11,11:92,17
> 5:False:8,11:92,16
> 6:True:9,9:92,15
> 7:False:8,9:92,14
driverlog-optimal-old-noisy/30/driverlog_noisy_p03_hyp-4_30_3.tar.bz2:0.547954082489:0.00662265:0.55
> 0:True:8,8:91,13
> 1:True:11,11:91,16
> 2:False:8,10:91,14
> 3:True:8,8:91,13
> 4:True:11,11:91,16
> 5:False:8,10:91,14
> 6:True:9,9:91,14
> 7:True:8,8:91,13
driverlog-optimal-old-noisy/30/driverlog_noisy_p04_hyp-1_30_1.tar.bz2:0.433455944061:0.006313934:0.44
> 0:True:11,12:149,17
> 1:False:9,14:149,18
> 2:False:9,13:149,17
> 3:False:10,14:149,20
> 4:False:10,12:149,17
> 5:False:12,17:149,21
driverlog-optimal-old-noisy/30/driverlog_noisy_p04_hyp-1_30_2.tar.bz2:0.433523178101:0.006086724:0.43
> 0:True:11,11:148,17
> 1:False:9,13:148,18
> 2:False:9,11:148,16
> 3:False:10,13:148,17
> 4:False:10,12:148,17
> 5:False:12,14:148,19
driverlog-optimal-old-noisy/30/driverlog_noisy_p04_hyp-1_30_3.tar.bz2:0.432723045349:0.006164671:0.44
> 0:True:11,11:148,17
> 1:False:9,11:148,16
> 2:False:9,11:148,16
> 3:False:10,13:148,17
> 4:False:10,12:148,17
> 5:False:12,14:148,19
driverlog-optimal-old-noisy/30/driverlog_noisy_p04_hyp-2_30_1.tar.bz2:0.433332920074:0.006046739:0.43
> 0:False:11,15:148,19
> 1:True:9,9:148,15
> 2:False:9,14:148,17
> 3:False:10,12:148,17
> 4:True:10,10:148,16
> 5:False:12,16:148,19
driverlog-optimal-old-noisy/30/driverlog_noisy_p04_hyp-2_30_2.tar.bz2:0.432854175568:0.006019213:0.43
> 0:False:11,15:148,20
> 1:True:9,9:148,15
> 2:False:9,13:148,17
> 3:False:10,12:148,17
> 4:True:10,10:148,16
> 5:False:12,16:148,20
driverlog-optimal-old-noisy/30/driverlog_noisy_p04_hyp-2_30_3.tar.bz2:0.435067892075:0.00627974:0.43
> 0:False:11,13:148,19
> 1:True:9,9:148,15
> 2:False:9,11:148,16
> 3:False:10,12:148,17
> 4:True:10,10:148,16
> 5:False:12,14:148,19
driverlog-optimal-old-noisy/30/driverlog_noisy_p04_hyp-3_30_1.tar.bz2:0.435062170029:0.00649195:0.43
> 0:False:11,13:149,19
> 1:False:9,11:149,17
> 2:False:9,11:149,17
> 3:True:10,11:149,17
> 4:False:10,13:149,19
> 5:False:12,14:149,20
driverlog-optimal-old-noisy/30/driverlog_noisy_p04_hyp-3_30_2.tar.bz2:0.432729005814:0.00648079:0.44
> 0:True:11,13:149,19
> 1:False:9,14:149,18
> 2:True:9,11:149,17
> 3:False:10,13:149,17
> 4:False:10,14:149,18
> 5:True:12,14:149,20
driverlog-optimal-old-noisy/30/driverlog_noisy_p04_hyp-3_30_3.tar.bz2:0.435850143433:0.00660921:0.43
> 0:True:11,13:149,19
> 1:False:9,13:149,19
> 2:False:9,13:149,19
> 3:False:10,17:149,22
> 4:False:10,13:149,18
> 5:False:12,16:149,22
driverlog-optimal-old-noisy/30/driverlog_noisy_p04_hyp-4_30_1.tar.bz2:0.434977054596:0.00682269:0.45
> 0:False:11,15:149,20
> 1:False:9,11:149,18
> 2:False:9,13:149,18
> 3:False:10,14:149,21
> 4:True:10,11:149,18
> 5:False:12,16:149,21
driverlog-optimal-old-noisy/30/driverlog_noisy_p04_hyp-4_30_2.tar.bz2:0.433818101883:0.0068573:0.43
> 0:False:11,13:150,21
> 1:False:9,10:150,18
> 2:False:9,12:150,19
> 3:False:10,13:150,21
> 4:True:10,10:150,18
> 5:False:12,15:150,22
driverlog-optimal-old-noisy/30/driverlog_noisy_p04_hyp-4_30_3.tar.bz2:0.434823989868:0.00693941:0.43
> 0:False:11,13:150,21
> 1:False:9,11:150,19
> 2:False:9,12:150,20
> 3:False:10,14:150,22
> 4:True:10,11:150,19
> 5:False:12,14:150,22
driverlog-optimal-old-noisy/30/driverlog_noisy_p05_hyp-1_30_1.tar.bz2:0.450111865997:0.00750787:0.46
> 0:False:11,14:186,22
> 1:False:10,11:186,19
> 2:False:10,13:186,21
> 3:True:9,9:186,17
> 4:False:9,10:186,18
> 5:False:12,16:186,24
driverlog-optimal-old-noisy/30/driverlog_noisy_p05_hyp-1_30_2.tar.bz2:0.450008869171:0.00739266:0.45
> 0:True:11,12:186,20
> 1:True:10,11:186,19
> 2:False:10,12:186,19
> 3:False:9,11:186,18
> 4:False:9,11:186,18
> 5:False:12,15:186,22
driverlog-optimal-old-noisy/30/driverlog_noisy_p05_hyp-1_30_3.tar.bz2:0.448590993881:0.00744461:0.45
> 0:True:11,12:186,20
> 1:True:10,11:186,19
> 2:False:10,12:186,19
> 3:False:9,11:186,17
> 4:False:9,11:186,18
> 5:False:12,15:186,22
driverlog-optimal-old-noisy/30/driverlog_noisy_p05_hyp-2_30_1.tar.bz2:0.447793006897:0.00762275:0.44
> 0:False:11,15:186,23
> 1:False:10,12:186,20
> 2:False:10,13:186,21
> 3:False:9,10:186,18
> 4:True:9,9:186,17
> 5:False:12,15:186,23
driverlog-optimal-old-noisy/30/driverlog_noisy_p05_hyp-2_30_2.tar.bz2:0.44712805748:0.0071688:0.45
> 0:False:11,12:186,20
> 1:False:10,12:186,19
> 2:True:10,10:186,18
> 3:False:9,10:186,17
> 4:True:9,9:186,17
> 5:False:12,13:186,21
driverlog-optimal-old-noisy/30/driverlog_noisy_p05_hyp-2_30_3.tar.bz2:0.449122905731:0.0073609:0.44
> 0:True:11,13:186,20
> 1:True:10,12:186,19
> 2:True:10,12:186,19
> 3:True:9,11:186,18
> 4:True:9,11:186,18
> 5:True:12,14:186,21
driverlog-optimal-old-noisy/30/driverlog_noisy_p05_hyp-3_30_1.tar.bz2:0.448014974594:0.00727316:0.45
> 0:False:11,14:185,21
> 1:True:10,11:185,18
> 2:False:10,14:185,20
> 3:True:9,10:185,17
> 4:True:9,10:185,17
> 5:False:12,15:185,22
driverlog-optimal-old-noisy/30/driverlog_noisy_p05_hyp-3_30_2.tar.bz2:0.449098110199:0.00738249:0.44
> 0:False:11,15:185,21
> 1:False:10,11:185,18
> 2:False:10,14:185,20
> 3:True:9,9:185,16
> 4:False:9,10:185,17
> 5:False:12,16:185,22
driverlog-optimal-old-noisy/30/driverlog_noisy_p05_hyp-3_30_3.tar.bz2:0.44890499115:0.00758007:0.45
> 0:False:11,16:186,24
> 1:True:10,13:186,21
> 2:False:10,15:186,23
> 3:True:9,12:186,20
> 4:True:9,12:186,20
> 5:False:12,16:186,24
driverlog-optimal-old-noisy/30/driverlog_noisy_p05_hyp-4_30_1.tar.bz2:0.447767972946:0.00726308:0.45
> 0:False:11,13:185,20
> 1:False:10,14:185,19
> 2:True:10,10:185,17
> 3:False:9,12:185,17
> 4:False:9,10:185,16
> 5:False:12,13:185,20
driverlog-optimal-old-noisy/30/driverlog_noisy_p05_hyp-4_30_2.tar.bz2:0.447894096375:0.00723758:0.46
> 0:False:11,13:185,20
> 1:False:10,14:185,19
> 2:True:10,10:185,17
> 3:False:9,12:185,17
> 4:False:9,10:185,16
> 5:False:12,13:185,20
driverlog-optimal-old-noisy/30/driverlog_noisy_p05_hyp-4_30_3.tar.bz2:0.448647022247:0.00739163:0.45
> 0:False:11,12:185,19
> 1:False:10,12:185,18
> 2:True:10,10:185,17
> 3:False:9,10:185,16
> 4:False:9,10:185,16
> 5:False:12,13:185,20
driverlog-optimal-old-noisy/50/driverlog_noisy_p03_hyp-1_50_1.tar.bz2:0.552029132843:0.008007209:0.55
> 0:True:8,8:93,15
> 1:False:11,16:93,22
> 2:False:8,13:93,19
> 3:True:8,8:93,15
> 4:False:11,12:93,18
> 5:False:8,14:93,20
> 6:False:9,10:93,17
> 7:False:8,10:93,16
driverlog-optimal-old-noisy/50/driverlog_noisy_p03_hyp-1_50_2.tar.bz2:0.548393011093:0.007694733:0.55
> 0:True:8,8:93,15
> 1:False:11,14:93,20
> 2:False:8,13:93,19
> 3:True:8,8:93,15
> 4:False:11,12:93,18
> 5:False:8,14:93,20
> 6:False:9,10:93,17
> 7:False:8,10:93,16
driverlog-optimal-old-noisy/50/driverlog_noisy_p03_hyp-1_50_3.tar.bz2:0.549760103226:0.008196536:0.55
> 0:True:8,10:93,17
> 1:False:11,14:93,21
> 2:True:8,10:93,17
> 3:True:8,10:93,17
> 4:True:11,13:93,20
> 5:True:8,10:93,17
> 6:False:9,12:93,19
> 7:True:8,10:93,17
driverlog-optimal-old-noisy/50/driverlog_noisy_p03_hyp-2_50_1.tar.bz2:0.549910068512:0.008253545:0.54
> 0:False:8,14:96,21
> 1:False:11,15:96,23
> 2:False:8,13:96,22
> 3:False:8,14:96,21
> 4:True:11,13:96,21
> 5:False:8,13:96,22
> 6:False:9,14:96,21
> 7:False:8,16:96,23
driverlog-optimal-old-noisy/50/driverlog_noisy_p03_hyp-2_50_2.tar.bz2:0.548747062683:0.008284679:0.56
> 0:False:8,13:97,22
> 1:True:11,13:97,24
> 2:False:8,14:97,24
> 3:False:8,13:97,22
> 4:True:11,13:97,24
> 5:False:8,14:97,24
> 6:False:9,14:97,23
> 7:False:8,11:97,22
driverlog-optimal-old-noisy/50/driverlog_noisy_p03_hyp-2_50_3.tar.bz2:0.551042079926:0.008295866:0.56
> 0:False:8,13:97,22
> 1:False:11,15:97,26
> 2:False:8,12:97,23
> 3:False:8,13:97,23
> 4:True:11,13:97,24
> 5:False:8,12:97,23
> 6:False:9,14:97,23
> 7:False:8,14:97,24
driverlog-optimal-old-noisy/50/driverlog_noisy_p03_hyp-3_50_1.tar.bz2:0.547779083252:0.007939516:0.54
> 0:False:8,14:94,21
> 1:False:11,14:94,21
> 2:False:8,11:94,19
> 3:False:8,14:94,21
> 4:True:11,13:94,20
> 5:False:8,11:94,19
> 6:False:9,14:94,21
> 7:False:8,13:94,20
driverlog-optimal-old-noisy/50/driverlog_noisy_p03_hyp-3_50_2.tar.bz2:0.550608158112:0.00791693:0.56
> 0:False:8,9:94,17
> 1:True:11,11:94,19
> 2:True:8,8:94,16
> 3:False:8,9:94,17
> 4:True:11,11:94,19
> 5:True:8,8:94,16
> 6:True:9,9:94,17
> 7:False:8,9:94,17
driverlog-optimal-old-noisy/50/driverlog_noisy_p03_hyp-3_50_3.tar.bz2:0.547466039658:0.007808106:0.54
> 0:False:8,10:93,17
> 1:True:11,11:93,18
> 2:True:8,8:93,15
> 3:False:8,10:93,17
> 4:True:11,11:93,18
> 5:True:8,8:93,15
> 6:False:9,10:93,17
> 7:False:8,9:93,16
driverlog-optimal-old-noisy/50/driverlog_noisy_p03_hyp-4_50_1.tar.bz2:0.548548936844:0.00805608:0.55
> 0:False:8,10:93,17
> 1:False:11,13:93,20
> 2:False:8,11:93,17
> 3:False:8,10:93,17
> 4:False:11,13:93,20
> 5:False:8,11:93,17
> 6:True:9,10:93,17
> 7:False:8,12:93,18
driverlog-optimal-old-noisy/50/driverlog_noisy_p03_hyp-4_50_2.tar.bz2:0.547146081924:0.007590523:0.55
> 0:False:8,10:93,17
> 1:True:11,11:93,18
> 2:False:8,12:93,19
> 3:False:8,10:93,17
> 4:True:11,11:93,18
> 5:False:8,12:93,19
> 6:False:9,10:93,17
> 7:False:8,11:93,18
driverlog-optimal-old-noisy/50/driverlog_noisy_p03_hyp-4_50_3.tar.bz2:0.547694206238:0.006684258:0.55
> 0:True:8,8:92,14
> 1:True:11,11:92,17
> 2:False:8,10:92,16
> 3:True:8,8:92,14
> 4:True:11,11:92,17
> 5:False:8,10:92,16
> 6:True:9,9:92,15
> 7:True:8,8:92,14
driverlog-optimal-old-noisy/50/driverlog_noisy_p04_hyp-1_50_1.tar.bz2:0.435889005661:0.00686848:0.44
> 0:True:11,14:153,23
> 1:False:9,16:153,23
> 2:False:9,13:153,21
> 3:False:10,15:153,23
> 4:False:10,15:153,23
> 5:True:12,15:153,23
driverlog-optimal-old-noisy/50/driverlog_noisy_p04_hyp-1_50_2.tar.bz2:0.4333319664:0.00699471:0.43
> 0:True:11,14:152,22
> 1:False:9,13:152,21
> 2:False:9,14:152,21
> 3:False:10,15:152,22
> 4:True:10,13:152,21
> 5:False:12,17:152,24
driverlog-optimal-old-noisy/50/driverlog_noisy_p04_hyp-1_50_3.tar.bz2:0.43386220932:0.0068961:0.44
> 0:False:11,14:152,23
> 1:False:9,14:152,21
> 2:True:9,11:152,20
> 3:False:10,13:152,20
> 4:False:10,14:152,21
> 5:True:12,14:152,23
driverlog-optimal-old-noisy/50/driverlog_noisy_p04_hyp-2_50_1.tar.bz2:0.435458183289:0.00689394:0.43
> 0:False:11,16:152,24
> 1:False:9,13:152,21
> 2:False:9,16:152,23
> 3:False:10,14:152,23
> 4:True:10,12:152,21
> 5:False:12,17:152,24
driverlog-optimal-old-noisy/50/driverlog_noisy_p04_hyp-2_50_2.tar.bz2:0.431621074677:0.0068619:0.43
> 0:False:11,15:151,21
> 2:False:9,14:151,20
> 3:False:10,12:151,20
> 4:True:10,11:151,19
> 5:False:12,16:151,22
driverlog-optimal-old-noisy/50/driverlog_noisy_p04_hyp-2_50_3.tar.bz2:0.434336900711:0.00659608:0.44
> 0:False:11,16:151,22
> 1:True:9,11:151,18
> 2:False:9,14:151,20
> 3:True:10,12:151,20
> 4:False:10,13:151,20
> 5:False:12,15:151,21
driverlog-optimal-old-noisy/50/driverlog_noisy_p04_hyp-3_50_1.tar.bz2:0.433047056198:0.006117461:0.42
> 0:True:11,12:149,18
> 1:False:9,11:149,16
> 2:True:9,10:149,16
> 3:True:10,11:149,17
> 4:False:10,13:149,17
> 5:True:12,13:149,19
driverlog-optimal-old-noisy/50/driverlog_noisy_p04_hyp-3_50_2.tar.bz2:0.434828042984:0.00707465:0.44
> 0:False:11,14:152,24
> 1:False:9,14:152,22
> 2:False:9,12:152,22
> 3:False:10,15:152,23
> 4:False:10,15:152,23
> 5:True:12,13:152,23
driverlog-optimal-old-noisy/50/driverlog_noisy_p04_hyp-3_50_3.tar.bz2:0.433604001999:0.00665671:0.44
> 0:True:11,12:151,20
> 1:False:9,14:151,20
> 2:True:9,10:151,18
> 3:False:10,14:151,21
> 4:False:10,14:151,20
> 5:True:12,13:151,21
driverlog-optimal-old-noisy/50/driverlog_noisy_p04_hyp-4_50_1.tar.bz2:0.434319972992:0.00686887:0.43
> 0:False:11,17:153,24
> 1:False:9,16:153,24
> 2:False:9,17:153,24
> 3:False:10,17:153,26
> 4:True:10,14:153,24
> 5:False:12,19:153,25
driverlog-optimal-old-noisy/50/driverlog_noisy_p04_hyp-4_50_2.tar.bz2:0.433086872101:0.00691418:0.43
> 0:False:11,16:153,25
> 1:False:9,12:153,21
> 2:False:9,15:153,24
> 3:False:10,14:153,24
> 4:True:10,11:153,21
> 5:False:12,19:153,27
driverlog-optimal-old-noisy/50/driverlog_noisy_p04_hyp-4_50_3.tar.bz2:0.432096004486:0.00683216:0.44
> 0:False:11,15:152,22
> 1:True:9,11:152,20
> 2:False:9,13:152,20
> 3:False:10,16:152,24
> 4:False:10,14:152,23
> 5:False:12,16:152,23
driverlog-optimal-old-noisy/50/driverlog_noisy_p05_hyp-1_50_1.tar.bz2:0.448323965073:0.00807878:0.44
> 0:True:11,14:189,25
> 1:False:10,15:189,24
> 2:False:10,14:189,24
> 3:False:9,15:189,23
> 4:False:9,14:189,23
> 5:True:12,15:189,25
driverlog-optimal-old-noisy/50/driverlog_noisy_p05_hyp-1_50_2.tar.bz2:0.448903083801:0.00679033:0.45
> 0:True:11,12:188,22
> 1:False:10,13:188,21
> 2:True:10,11:188,20
> 3:False:9,12:188,20
> 4:False:9,12:188,19
> 5:False:12,14:188,24
driverlog-optimal-old-noisy/50/driverlog_noisy_p05_hyp-1_50_3.tar.bz2:0.446444988251:0.00703543:0.44
> 0:True:11,13:188,22
> 1:False:10,14:188,21
> 2:True:10,12:188,21
> 3:False:9,13:188,20
> 4:False:9,12:188,20
> 5:False:12,15:188,24
driverlog-optimal-old-noisy/50/driverlog_noisy_p05_hyp-2_50_1.tar.bz2:0.44732093811:0.00781505:0.45
> 0:False:11,15:188,24
> 1:True:10,13:188,21
> 2:False:10,14:188,23
> 3:False:9,13:188,21
> 4:True:9,12:188,20
> 5:False:12,16:188,25
driverlog-optimal-old-noisy/50/driverlog_noisy_p05_hyp-2_50_2.tar.bz2:0.447822093964:0.00778692:0.45
> 0:False:11,14:188,23
> 1:False:10,15:188,22
> 2:True:10,11:188,20
> 3:False:9,13:188,20
> 4:False:9,11:188,19
> 5:True:12,13:188,22
driverlog-optimal-old-noisy/50/driverlog_noisy_p05_hyp-2_50_3.tar.bz2:0.448483943939:0.0078494:0.45
> 0:False:11,15:188,25
> 1:False:10,13:188,22
> 2:False:10,13:188,23
> 3:True:9,11:188,20
> 4:True:9,11:188,20
> 5:False:12,15:188,25
driverlog-optimal-old-noisy/50/driverlog_noisy_p05_hyp-3_50_1.tar.bz2:0.448449850082:0.00795028:0.45
> 0:False:11,17:189,26
> 1:True:10,13:189,22
> 2:False:10,16:189,25
> 3:False:9,14:189,23
> 4:False:9,13:189,21
> 5:False:12,18:189,27
driverlog-optimal-old-noisy/50/driverlog_noisy_p05_hyp-3_50_2.tar.bz2:0.44981098175:0.00778868:0.46
> 0:False:11,16:188,26
> 1:True:10,13:188,22
> 2:False:10,16:188,25
> 3:True:9,12:188,21
> 4:False:9,13:188,21
> 5:False:12,17:188,27
driverlog-optimal-old-noisy/50/driverlog_noisy_p05_hyp-3_50_3.tar.bz2:0.450615882874:0.00784198:0.45
> 0:False:11,16:189,25
> 1:True:10,11:189,22
> 2:False:10,16:189,25
> 3:True:9,10:189,21
> 4:False:9,12:189,22
> 5:False:12,18:189,27
driverlog-optimal-old-noisy/50/driverlog_noisy_p05_hyp-4_50_1.tar.bz2:0.448636054993:0.00787056:0.45
> 0:False:11,16:190,27
> 1:False:10,14:190,24
> 2:False:10,14:190,24
> 3:True:9,12:190,22
> 4:True:9,12:190,21
> 5:True:12,15:190,26
driverlog-optimal-old-noisy/50/driverlog_noisy_p05_hyp-4_50_2.tar.bz2:0.450110912323:0.00789386:0.45
> 0:False:11,16:190,26
> 1:False:10,16:190,24
> 2:False:10,15:190,25
> 3:False:9,15:190,23
> 4:False:9,15:190,23
> 5:True:12,15:190,26
driverlog-optimal-old-noisy/50/driverlog_noisy_p05_hyp-4_50_3.tar.bz2:0.448227882385:0.0080154:0.46
> 0:False:11,19:190,28
> 1:False:10,16:190,24
> 2:False:10,19:190,28
> 3:True:9,14:190,22
> 4:False:9,16:190,24
> 5:False:12,19:190,29
driverlog-optimal-old-noisy/70/driverlog_noisy_p03_hyp-1_70_1.tar.bz2:0.549344062805:0.008030175:0.54
> 0:True:8,8:95,17
> 1:False:11,14:95,22
> 2:False:8,12:95,21
> 3:True:8,8:95,17
> 4:False:11,12:95,20
> 5:False:8,13:95,22
> 6:False:9,10:95,19
> 7:False:8,10:95,18
driverlog-optimal-old-noisy/70/driverlog_noisy_p03_hyp-1_70_2.tar.bz2:0.547461032867:0.006986584:0.55
> 0:True:8,8:94,16
> 1:False:11,15:94,22
> 2:False:8,11:94,18
> 3:True:8,8:94,16
> 4:True:11,11:94,19
> 5:False:8,11:94,18
> 6:False:9,10:94,18
> 7:False:8,9:94,16
driverlog-optimal-old-noisy/70/driverlog_noisy_p03_hyp-1_70_3.tar.bz2:0.551366090775:0.008088486:0.55
> 0:True:8,8:95,17
> 1:False:11,14:95,23
> 2:False:8,10:95,19
> 3:True:8,8:95,17
> 4:True:11,11:95,20
> 5:False:8,10:95,19
> 6:False:9,10:95,19
> 7:False:8,9:95,17
driverlog-optimal-old-noisy/70/driverlog_noisy_p03_hyp-2_70_1.tar.bz2:0.552870035172:0.008511211:0.55
> 0:False:8,13:100,25
> 1:False:11,13:100,27
> 2:False:8,14:100,27
> 3:False:8,13:100,25
> 4:True:11,12:100,26
> 5:False:8,15:100,28
> 6:False:9,13:100,25
> 7:False:8,13:100,26
driverlog-optimal-old-noisy/70/driverlog_noisy_p03_hyp-2_70_2.tar.bz2:0.549249887466:0.00843925:0.55
> 0:False:8,13:100,27
> 1:False:11,14:100,28
> 2:False:8,13:100,26
> 3:False:8,13:100,27
> 4:True:11,13:100,27
> 5:False:8,14:100,27
> 6:False:9,13:100,27
> 7:False:8,13:100,26
driverlog-optimal-old-noisy/70/driverlog_noisy_p03_hyp-2_70_3.tar.bz2:0.5528819561:0.008452952:0.55
> 0:False:8,13:100,25
> 1:False:11,12:100,26
> 2:False:8,15:100,28
> 3:False:8,13:100,25
> 4:True:11,11:100,25
> 5:False:8,15:100,28
> 6:False:9,13:100,25
> 7:False:8,12:100,25
driverlog-optimal-old-noisy/70/driverlog_noisy_p03_hyp-3_70_1.tar.bz2:0.549952030182:0.008109121:0.55
> 0:False:8,11:96,19
> 1:True:11,13:96,21
> 2:True:8,10:96,18
> 3:False:8,11:96,19
> 4:True:11,13:96,21
> 5:True:8,10:96,18
> 6:True:9,11:96,19
> 7:False:8,11:96,19
driverlog-optimal-old-noisy/70/driverlog_noisy_p03_hyp-3_70_2.tar.bz2:0.551421880722:0.008421649:0.55
> 0:False:8,16:97,24
> 1:False:11,16:97,25
> 2:False:8,13:97,23
> 3:False:8,16:97,24
> 4:True:11,15:97,24
> 5:False:8,16:97,25
> 6:False:9,16:97,24
> 7:False:8,17:97,25
driverlog-optimal-old-noisy/70/driverlog_noisy_p03_hyp-3_70_3.tar.bz2:0.550638914108:0.00799214:0.55
> 0:False:8,13:96,20
> 1:True:11,13:96,21
> 2:False:8,11:96,19
> 3:False:8,13:96,20
> 4:True:11,13:96,21
> 5:False:8,11:96,19
> 6:False:9,13:96,20
> 7:False:8,13:96,20
driverlog-optimal-old-noisy/70/driverlog_noisy_p03_hyp-4_70_1.tar.bz2:0.549294948578:0.008355552:0.55
> 0:False:8,11:96,21
> 1:False:11,14:96,24
> 2:False:8,12:96,20
> 3:False:8,11:96,21
> 4:True:11,12:96,22
> 5:False:8,12:96,20
> 6:False:9,12:96,22
> 7:False:8,12:96,21
driverlog-optimal-old-noisy/70/driverlog_noisy_p03_hyp-4_70_2.tar.bz2:0.548931121826:0.006912334:0.54
> 0:True:8,8:94,16
> 1:False:11,12:94,19
> 2:False:8,12:94,19
> 3:True:8,8:94,16
> 4:False:11,12:94,19
> 5:False:8,12:94,19
> 6:True:9,9:94,17
> 7:False:8,10:94,17
driverlog-optimal-old-noisy/70/driverlog_noisy_p03_hyp-4_70_3.tar.bz2:0.548250198364:0.008067603:0.54
> 0:False:8,10:95,19
> 1:False:11,14:95,22
> 2:False:8,14:95,22
> 3:False:8,10:95,19
> 4:True:11,12:95,20
> 5:False:8,14:95,22
> 6:False:9,11:95,20
> 7:False:8,12:95,20
driverlog-optimal-old-noisy/70/driverlog_noisy_p04_hyp-1_70_1.tar.bz2:0.433850049973:0.00720527:0.43
> 0:True:11,12:156,26
> 1:False:9,12:156,25
> 2:False:9,11:156,25
> 3:False:10,12:156,25
> 4:False:10,12:156,25
> 5:True:12,13:156,27
driverlog-optimal-old-noisy/70/driverlog_noisy_p04_hyp-1_70_2.tar.bz2:0.431422948837:0.00716316:0.43
> 0:True:11,13:156,27
> 1:False:9,18:156,28
> 2:False:9,14:156,27
> 3:False:10,18:156,29
> 4:False:10,17:156,28
> 5:False:12,17:156,30
driverlog-optimal-old-noisy/70/driverlog_noisy_p04_hyp-1_70_3.tar.bz2:0.43363404274:0.00735441:0.43
> 0:True:11,12:156,26
> 1:False:9,14:156,26
> 2:True:9,10:156,24
> 3:False:10,14:156,25
> 4:False:10,14:156,26
> 5:True:12,13:156,27
driverlog-optimal-old-noisy/70/driverlog_noisy_p04_hyp-2_70_1.tar.bz2:0.430882930756:0.00692207:0.43
> 0:False:11,17:154,25
> 1:True:9,10:154,20
> 2:False:9,16:154,24
> 3:False:10,12:154,23
> 4:False:10,13:154,23
> 5:False:12,18:154,26
driverlog-optimal-old-noisy/70/driverlog_noisy_p04_hyp-2_70_2.tar.bz2:0.434059858322:0.00705259:0.43
> 0:False:11,17:153,25
> 1:True:9,11:153,21
> 2:False:9,15:153,22
> 3:False:10,13:153,22
> 4:True:10,12:153,22
> 5:False:12,18:153,25
driverlog-optimal-old-noisy/70/driverlog_noisy_p04_hyp-2_70_3.tar.bz2:0.433825969696:0.00697897:0.43
> 0:False:11,18:153,24
> 1:False:9,13:153,22
> 2:False:9,15:153,21
> 3:False:10,14:153,22
> 4:True:10,13:153,22
> 5:False:12,18:153,24
driverlog-optimal-old-noisy/70/driverlog_noisy_p04_hyp-3_70_1.tar.bz2:0.436243057251:0.00705151:0.44
> 0:True:11,12:153,22
> 1:False:9,15:153,23
> 2:True:9,10:153,20
> 3:False:10,14:153,22
> 4:False:10,16:153,24
> 5:True:12,13:153,23
driverlog-optimal-old-noisy/70/driverlog_noisy_p04_hyp-3_70_2.tar.bz2:0.435317993164:0.00686655:0.44
> 0:True:11,13:154,24
> 1:False:9,13:154,21
> 2:False:9,12:154,23
> 3:False:10,16:154,25
> 4:False:10,16:154,24
> 5:False:12,15:154,26
driverlog-optimal-old-noisy/70/driverlog_noisy_p04_hyp-3_70_3.tar.bz2:0.436423063278:0.00719186:0.43
> 0:True:11,15:154,26
> 1:False:9,15:154,25
> 2:True:9,13:154,24
> 3:False:10,18:154,27
> 4:False:10,15:154,24
> 5:True:12,16:154,27
driverlog-optimal-old-noisy/70/driverlog_noisy_p04_hyp-4_70_1.tar.bz2:0.435976028442:0.00733125:0.43
> 0:False:11,16:155,26
> 1:False:9,14:155,25
> 2:False:9,18:155,27
> 3:False:10,16:155,28
> 4:True:10,14:155,26
> 5:False:12,20:155,29
driverlog-optimal-old-noisy/70/driverlog_noisy_p04_hyp-4_70_2.tar.bz2:0.435920000076:0.00710197:0.43
> 0:False:11,16:156,27
> 1:False:9,13:156,25
> 2:False:9,15:156,27
> 3:False:10,16:156,28
> 4:True:10,13:156,26
> 5:False:12,18:156,29
driverlog-optimal-old-noisy/70/driverlog_noisy_p04_hyp-4_70_3.tar.bz2:0.435821056366:0.00721084:0.43
> 0:False:11,17:156,29
> 1:False:9,13:156,27
> 2:False:9,17:156,29
> 3:False:10,17:156,30
> 4:True:10,13:156,27
> 5:False:12,18:156,30
driverlog-optimal-old-noisy/70/driverlog_noisy_p05_hyp-1_70_1.tar.bz2:0.449611186981:0.00813004:0.45
> 0:False:11,16:193,29
> 1:False:10,15:193,26
> 2:False:10,15:193,28
> 3:False:9,14:193,25
> 4:True:9,13:193,25
> 5:False:12,18:193,31
driverlog-optimal-old-noisy/70/driverlog_noisy_p05_hyp-1_70_2.tar.bz2:0.449853897095:0.007981:0.45
> 0:True:11,16:193,29
> 1:False:10,16:193,26
> 2:False:10,16:193,28
> 3:False:9,15:193,25
> 4:True:9,14:193,25
> 5:False:12,19:193,31
driverlog-optimal-old-noisy/70/driverlog_noisy_p05_hyp-1_70_3.tar.bz2:0.447067975998:0.00807401:0.44
> 0:True:11,14:192,26
> 1:False:10,16:192,25
> 2:True:10,13:192,25
> 3:False:9,15:192,24
> 4:False:9,14:192,24
> 5:False:12,16:192,28
driverlog-optimal-old-noisy/70/driverlog_noisy_p05_hyp-2_70_1.tar.bz2:0.445789813995:0.00802859:0.44
> 0:False:11,14:190,25
> 1:False:10,14:190,24
> 2:True:10,12:190,23
> 3:False:9,12:190,22
> 4:True:9,11:190,22
> 5:True:12,14:190,25
driverlog-optimal-old-noisy/70/driverlog_noisy_p05_hyp-2_70_2.tar.bz2:0.447134017944:0.00780814:0.45
> 0:False:11,13:191,26
> 1:False:10,13:191,25
> 2:True:10,11:191,24
> 3:False:9,11:191,23
> 4:True:9,10:191,23
> 5:True:12,13:191,26
driverlog-optimal-old-noisy/70/driverlog_noisy_p05_hyp-2_70_3.tar.bz2:0.448647022247:0.00814066:0.45
> 0:True:11,15:192,27
> 1:False:10,15:192,26
> 2:True:10,14:192,26
> 3:False:9,14:192,25
> 4:False:9,14:192,25
> 5:True:12,16:192,28
driverlog-optimal-old-noisy/70/driverlog_noisy_p05_hyp-3_70_1.tar.bz2:0.450489044189:0.00801504:0.45
> 0:False:11,14:192,26
> 1:True:10,12:192,25
> 2:False:10,13:192,25
> 3:True:9,11:192,24
> 4:False:9,12:192,24
> 5:True:12,14:192,26
driverlog-optimal-old-noisy/70/driverlog_noisy_p05_hyp-3_70_2.tar.bz2:0.44761800766:0.00815452:0.44
> 0:False:11,17:192,29
> 1:True:10,13:192,26
> 2:False:10,17:192,29
> 3:True:9,12:192,25
> 4:False:9,13:192,25
> 5:False:12,18:192,30
driverlog-optimal-old-noisy/70/driverlog_noisy_p05_hyp-3_70_3.tar.bz2:0.446911811829:0.00799978:0.45
> 0:False:11,14:191,27
> 1:True:10,12:191,24
> 2:False:10,13:191,26
> 3:True:9,11:191,22
> 4:True:9,11:191,23
> 5:False:12,15:191,28
driverlog-optimal-old-noisy/70/driverlog_noisy_p05_hyp-4_70_1.tar.bz2:0.448932886124:0.00821222:0.45
> 0:False:11,16:192,28
> 1:False:10,17:192,27
> 2:False:10,14:192,26
> 3:False:9,15:192,25
> 4:False:9,14:192,24
> 5:True:12,14:192,27
driverlog-optimal-old-noisy/70/driverlog_noisy_p05_hyp-4_70_2.tar.bz2:0.447004079819:0.00703175:0.45
> 0:False:11,16:191,27
> 1:False:10,17:191,25
> 2:False:10,14:191,25
> 3:False:9,15:191,23
> 4:False:9,14:191,23
> 5:True:12,14:191,26
driverlog-optimal-old-noisy/70/driverlog_noisy_p05_hyp-4_70_3.tar.bz2:0.446990013123:0.00798482:0.44
> 0:False:11,17:193,30
> 1:False:10,15:193,27
> 2:False:10,15:193,28
> 3:False:9,14:193,25
> 4:False:9,13:193,25
> 5:True:12,15:193,29
driverlog-optimal-old-noisy/100/driverlog_noisy_p03_hyp-1_full_1.tar.bz2:0.549885034561:0.00843314:0.55
> 0:False:8,11:98,23
> 1:False:11,15:98,26
> 2:False:8,14:98,25
> 3:False:8,11:98,23
> 4:False:11,14:98,25
> 5:False:8,14:98,25
> 6:True:9,11:98,23
> 7:False:8,13:98,24
driverlog-optimal-old-noisy/100/driverlog_noisy_p03_hyp-1_full_2.tar.bz2:0.547813177109:0.008055797:0.55
> 0:True:8,10:97,21
> 1:False:11,16:97,26
> 2:False:8,13:97,23
> 3:False:8,11:97,22
> 4:False:11,14:97,24
> 5:False:8,14:97,24
> 6:False:9,12:97,23
> 7:False:8,14:97,24
driverlog-optimal-old-noisy/100/driverlog_noisy_p03_hyp-1_full_3.tar.bz2:0.548913955688:0.008185088:0.55
> 0:True:8,8:97,19
> 1:False:11,16:97,26
> 2:False:8,13:97,23
> 3:True:8,8:97,19
> 4:False:11,12:97,22
> 5:False:8,14:97,24
> 6:False:9,11:97,22
> 7:False:8,10:97,20
driverlog-optimal-old-noisy/100/driverlog_noisy_p03_hyp-2_full_1.tar.bz2:0.548507213593:0.00873838:0.56
> 0:False:8,15:104,32
> 1:False:11,15:104,33
> 2:False:8,14:104,31
> 3:False:8,15:104,32
> 4:True:11,13:104,31
> 5:False:8,14:104,31
> 6:False:9,15:104,32
> 7:False:8,14:104,32
driverlog-optimal-old-noisy/100/driverlog_noisy_p03_hyp-2_full_2.tar.bz2:0.551098108292:0.00881068:0.55
> 0:False:8,15:104,31
> 1:False:11,14:104,32
> 2:False:8,16:104,32
> 3:False:8,15:104,31
> 4:True:11,13:104,31
> 5:False:8,16:104,32
> 6:False:9,15:104,31
> 7:False:8,14:104,31
driverlog-optimal-old-noisy/100/driverlog_noisy_p03_hyp-2_full_3.tar.bz2:0.550185918808:0.008313338:0.56
> 0:False:8,15:103,30
> 1:False:11,14:103,30
> 2:False:8,16:103,30
> 3:False:8,15:103,30
> 4:True:11,12:103,28
> 5:False:8,16:103,30
> 6:False:9,15:103,29
> 7:False:8,14:103,31
driverlog-optimal-old-noisy/100/driverlog_noisy_p03_hyp-3_full_1.tar.bz2:0.551454782486:0.008282361:0.55
> 0:False:8,13:100,26
> 1:False:11,14:100,27
> 2:False:8,10:100,23
> 3:False:8,13:100,26
> 4:True:11,12:100,25
> 5:False:8,10:100,23
> 6:False:9,13:100,26
> 7:False:8,13:100,26
driverlog-optimal-old-noisy/100/driverlog_noisy_p03_hyp-3_full_2.tar.bz2:0.548358917236:0.008169611:0.55
> 0:False:8,12:99,24
> 1:False:11,13:99,25
> 2:True:8,9:99,21
> 3:False:8,12:99,24
> 4:False:11,13:99,25
> 5:True:8,9:99,21
> 6:False:9,12:99,24
> 7:False:8,11:99,23
driverlog-optimal-old-noisy/100/driverlog_noisy_p03_hyp-3_full_3.tar.bz2:0.546916007996:0.008429346:0.55
> 0:False:8,14:100,26
> 1:True:11,14:100,27
> 2:False:8,13:100,26
> 3:False:8,14:100,26
> 4:True:11,14:100,27
> 5:False:8,13:100,26
> 6:False:9,14:100,26
> 7:False:8,14:100,26
driverlog-optimal-old-noisy/100/driverlog_noisy_p03_hyp-4_full_1.tar.bz2:0.551229000092:0.008120516:0.56
> 0:True:8,8:97,19
> 1:False:11,12:97,22
> 2:False:8,13:97,23
> 3:True:8,8:97,19
> 4:False:11,12:97,22
> 5:False:8,13:97,23
> 6:True:9,9:97,20
> 7:False:8,10:97,20
driverlog-optimal-old-noisy/100/driverlog_noisy_p03_hyp-4_full_2.tar.bz2:0.551420211792:0.008198474:0.54
> 0:True:8,8:98,20
> 1:False:11,15:98,26
> 2:False:8,14:98,25
> 3:True:8,8:98,20
> 4:False:11,12:98,23
> 5:False:8,14:98,25
> 6:False:9,10:98,22
> 7:False:8,10:98,21
driverlog-optimal-old-noisy/100/driverlog_noisy_p03_hyp-4_full_3.tar.bz2:0.553790092468:0.008484606:0.56
> 0:False:8,12:98,24
> 1:False:11,16:98,27
> 2:False:8,14:98,25
> 3:False:8,12:98,24
> 4:True:11,14:98,25
> 5:False:8,14:98,25
> 6:True:9,12:98,24
> 7:False:8,15:98,26
driverlog-optimal-old-noisy/100/driverlog_noisy_p04_hyp-1_full_1.tar.bz2:0.436735868454:0.00746513:0.43
> 0:True:11,13:160,31
> 1:False:9,15:160,31
> 2:False:9,12:160,30
> 3:False:10,15:160,29
> 4:False:10,15:160,30
> 5:False:12,15:160,32
driverlog-optimal-old-noisy/100/driverlog_noisy_p04_hyp-1_full_2.tar.bz2:0.437532901764:0.00738897:0.44
> 0:True:11,14:159,30
> 1:False:9,16:159,30
> 2:False:9,13:159,28
> 3:False:10,16:159,29
> 4:False:10,16:159,30
> 5:False:12,16:159,31
driverlog-optimal-old-noisy/100/driverlog_noisy_p04_hyp-1_full_3.tar.bz2:0.435059070587:0.00740099:0.43
> 0:True:11,15:160,32
> 1:False:9,16:160,33
> 2:False:9,14:160,31
> 3:False:10,16:160,32
> 4:False:10,15:160,32
> 5:True:12,16:160,32
driverlog-optimal-old-noisy/100/driverlog_noisy_p04_hyp-2_full_1.tar.bz2:0.435133218765:0.00746232:0.43
> 0:False:11,21:158,34
> 1:True:9,16:158,30
> 2:False:9,20:158,32
> 3:False:10,19:158,32
> 4:False:10,18:158,32
> 5:False:12,20:158,32
driverlog-optimal-old-noisy/100/driverlog_noisy_p04_hyp-2_full_2.tar.bz2:0.435283184052:0.00719118:0.42
> 0:False:11,18:156,26
> 1:True:9,12:156,21
> 2:False:9,18:156,26
> 3:False:10,15:156,25
> 4:False:10,14:156,24
> 5:False:12,20:156,28
driverlog-optimal-old-noisy/100/driverlog_noisy_p04_hyp-2_full_3.tar.bz2:0.433471918106:0.00725852:0.44
> 0:False:11,17:157,29
> 1:True:9,11:157,24
> 2:False:9,15:157,26
> 3:False:10,13:157,26
> 4:False:10,13:157,25
> 5:False:12,18:157,29
driverlog-optimal-old-noisy/100/driverlog_noisy_p04_hyp-3_full_1.tar.bz2:0.434412002563:0.00722203:0.43
> 0:True:11,14:157,27
> 1:False:9,17:157,28
> 2:False:9,14:157,27
> 3:False:10,19:157,30
> 4:False:10,18:157,29
> 5:False:12,16:157,29
driverlog-optimal-old-noisy/100/driverlog_noisy_p04_hyp-3_full_2.tar.bz2:0.435445070267:0.00741936:0.43
> 0:False:11,16:157,29
> 1:False:9,19:157,29
> 2:False:9,14:157,27
> 3:False:10,19:157,29
> 4:False:10,20:157,30
> 5:True:12,15:157,28
driverlog-optimal-old-noisy/100/driverlog_noisy_p04_hyp-3_full_3.tar.bz2:0.435124874115:0.00714954:0.45
> 0:False:11,14:155,25
> 1:False:9,16:155,24
> 2:True:9,11:155,22
> 3:False:10,15:155,23
> 4:False:10,17:155,25
> 5:True:12,14:155,25
driverlog-optimal-old-noisy/100/driverlog_noisy_p04_hyp-4_full_1.tar.bz2:0.435850858688:0.00737728:0.43
> 0:False:11,17:159,30
> 1:False:9,14:159,28
> 2:False:9,17:159,30
> 3:False:10,16:159,31
> 4:True:10,13:159,29
> 5:False:12,20:159,32
driverlog-optimal-old-noisy/100/driverlog_noisy_p04_hyp-4_full_2.tar.bz2:0.433791875839:0.00733346:0.43
> 0:False:11,19:161,34
> 1:False:9,15:161,31
> 2:False:9,19:161,33
> 3:False:10,19:161,35
> 4:True:10,15:161,32
> 5:False:12,20:161,34
driverlog-optimal-old-noisy/100/driverlog_noisy_p04_hyp-4_full_3.tar.bz2:0.433203935623:0.00741479:0.44
> 0:False:11,17:160,31
> 1:False:9,14:160,29
> 2:False:9,18:160,31
> 3:False:10,15:160,32
> 4:True:10,13:160,30
> 5:False:12,20:160,33
driverlog-optimal-old-noisy/100/driverlog_noisy_p05_hyp-1_full_1.tar.bz2:0.449877023697:0.00833895:0.44
> 0:True:11,17:198,35
> 1:False:10,17:198,32
> 2:False:10,17:198,34
> 3:False:9,17:198,31
> 4:False:9,16:198,31
> 5:False:12,19:198,36
driverlog-optimal-old-noisy/100/driverlog_noisy_p05_hyp-1_full_2.tar.bz2:0.451516866684:0.00839376:0.45
> 0:True:11,15:197,31
> 1:False:10,17:197,30
> 2:False:10,15:197,30
> 3:False:9,17:197,30
> 4:False:9,16:197,29
> 5:False:12,17:197,32
driverlog-optimal-old-noisy/100/driverlog_noisy_p05_hyp-1_full_3.tar.bz2:0.447432041168:0.00813658:0.44
> 0:True:11,15:197,33
> 1:False:10,17:197,32
> 2:False:10,15:197,32
> 3:False:9,17:197,31
> 4:False:9,16:197,31
> 5:False:12,18:197,35
driverlog-optimal-old-noisy/100/driverlog_noisy_p05_hyp-2_full_1.tar.bz2:0.447701931:0.00813416:0.45
> 0:False:11,15:196,32
> 1:False:10,17:196,30
> 2:False:10,13:196,30
> 3:False:9,15:196,28
> 4:False:9,14:196,28
> 5:True:12,14:196,31
driverlog-optimal-old-noisy/100/driverlog_noisy_p05_hyp-2_full_2.tar.bz2:0.450829029083:0.00813485:0.45
> 0:False:11,15:197,32
> 1:False:10,17:197,31
> 2:True:10,13:197,30
> 3:False:9,15:197,29
> 4:False:9,14:197,29
> 5:True:12,15:197,32
driverlog-optimal-old-noisy/100/driverlog_noisy_p05_hyp-2_full_3.tar.bz2:0.450694084167:0.00813575:0.45
> 0:False:11,16:195,31
> 1:False:10,18:195,30
> 2:True:10,14:195,29
> 3:False:9,16:195,28
> 4:False:9,15:195,28
> 5:True:12,16:195,31
driverlog-optimal-old-noisy/100/driverlog_noisy_p05_hyp-3_full_1.tar.bz2:0.449046850204:0.00797716:0.44
> 0:False:11,19:195,32
> 1:True:10,15:195,29
> 2:False:10,18:195,31
> 3:True:9,14:195,28
> 4:False:9,15:195,28
> 5:False:12,19:195,33
driverlog-optimal-old-noisy/100/driverlog_noisy_p05_hyp-3_full_2.tar.bz2:0.447575092316:0.00801917:0.45
> 0:False:11,16:195,29
> 1:True:10,14:195,28
> 2:False:10,15:195,28
> 3:True:9,13:195,27
> 4:False:9,14:195,27
> 5:True:12,16:195,29
driverlog-optimal-old-noisy/100/driverlog_noisy_p05_hyp-3_full_3.tar.bz2:0.452250003815:0.00830008:0.45
> 0:False:11,18:196,32
> 1:True:10,14:196,29
> 2:False:10,17:196,31
> 3:True:9,13:196,28
> 4:False:9,14:196,28
> 5:False:12,18:196,33
driverlog-optimal-old-noisy/100/driverlog_noisy_p05_hyp-4_full_1.tar.bz2:0.449043989182:0.00814496:0.46
> 0:False:11,16:196,32
> 1:False:10,18:196,30
> 2:False:10,14:196,30
> 3:False:9,16:196,28
> 4:False:9,15:196,28
> 5:True:12,14:196,31
driverlog-optimal-old-noisy/100/driverlog_noisy_p05_hyp-4_full_2.tar.bz2:0.4490711689:0.00807109:0.44
> 0:False:11,18:196,34
> 1:False:10,18:196,30
> 2:False:10,16:196,32
> 3:False:9,16:196,28
> 4:False:9,15:196,28
> 5:True:12,16:196,33
driverlog-optimal-old-noisy/100/driverlog_noisy_p05_hyp-4_full_3.tar.bz2:0.450610160828:0.00841585:0.45
> 0:False:11,16:197,33
> 1:False:10,18:197,31
> 2:False:10,15:197,32
> 3:False:9,17:197,30
> 4:False:9,16:197,30
> 5:True:12,15:197,33
