driverlog-suboptimal-old-noisy/10/driverlog_noisy_p03_hyp-1_10_1.tar.bz2:0.543354034424:0.008359657:0.54
> 0:True:2,3:90,24
> 1:False:7,10:90,24
> 2:False:4,7:90,24
> 3:True:3,4:90,24
> 4:False:6,9:90,24
> 5:False:5,8:90,24
> 6:True:3,4:90,24
> 7:False:5,8:90,24
driverlog-suboptimal-old-noisy/10/driverlog_noisy_p03_hyp-1_10_2.tar.bz2:0.544275999069:0.008051981:0.54
> 0:True:2,6:91,25
> 1:True:7,11:91,25
> 2:True:4,8:91,25
> 3:True:3,7:91,25
> 4:True:6,10:91,25
> 5:True:5,9:91,25
> 6:True:3,7:91,25
> 7:True:5,9:91,25
driverlog-suboptimal-old-noisy/10/driverlog_noisy_p03_hyp-1_10_3.tar.bz2:0.542024850845:0.008186926:0.55
> 0:False:2,6:91,25
> 1:True:7,9:91,25
> 2:False:4,10:91,25
> 3:False:3,6:91,25
> 4:False:6,10:91,25
> 5:False:5,9:91,25
> 6:True:3,5:91,25
> 7:False:5,10:91,25
driverlog-suboptimal-old-noisy/10/driverlog_noisy_p03_hyp-2_10_1.tar.bz2:0.545008897781:0.008334861:0.54
> 0:False:2,7:91,25
> 1:True:7,11:91,25
> 2:False:4,9:91,25
> 3:False:3,8:91,25
> 4:False:6,11:91,25
> 5:True:5,9:91,25
> 6:True:3,7:91,25
> 7:False:5,10:91,25
driverlog-suboptimal-old-noisy/10/driverlog_noisy_p03_hyp-2_10_2.tar.bz2:0.541604995728:0.008031576:0.54
> 0:False:2,6:90,24
> 1:True:7,7:90,24
> 2:False:4,8:90,24
> 3:False:3,7:90,24
> 4:True:6,6:90,24
> 5:False:5,9:90,24
> 6:False:3,7:90,24
> 7:False:5,7:90,24
driverlog-suboptimal-old-noisy/10/driverlog_noisy_p03_hyp-2_10_3.tar.bz2:0.544489145279:0.008129952:0.55
> 0:True:2,6:91,25
> 1:True:7,11:91,25
> 2:True:4,8:91,25
> 3:True:3,7:91,25
> 4:True:6,10:91,25
> 5:True:5,9:91,25
> 6:True:3,7:91,25
> 7:True:5,9:91,25
driverlog-suboptimal-old-noisy/10/driverlog_noisy_p03_hyp-3_10_1.tar.bz2:0.546662807465:0.008380312:0.54
> 0:False:2,7:90,24
> 1:False:7,12:90,24
> 2:True:4,7:90,24
> 3:False:3,8:90,24
> 4:False:6,11:90,24
> 5:True:5,8:90,24
> 6:False:3,8:90,24
> 7:False:5,10:90,24
driverlog-suboptimal-old-noisy/10/driverlog_noisy_p03_hyp-3_10_2.tar.bz2:0.542205095291:0.008018785:0.55
> 0:False:2,6:90,24
> 1:True:7,7:90,24
> 2:False:4,6:90,24
> 3:False:3,7:90,24
> 4:True:6,6:90,24
> 5:False:5,7:90,24
> 6:False:3,7:90,24
> 7:True:5,5:90,24
driverlog-suboptimal-old-noisy/10/driverlog_noisy_p03_hyp-3_10_3.tar.bz2:0.54380106926:0.00808969:0.55
> 0:False:2,7:91,25
> 1:True:7,8:91,25
> 2:False:4,9:91,25
> 3:False:3,7:91,25
> 4:False:6,9:91,25
> 5:False:5,8:91,25
> 6:False:3,6:91,25
> 7:False:5,7:91,25
driverlog-suboptimal-old-noisy/10/driverlog_noisy_p03_hyp-4_10_1.tar.bz2:0.543918132782:0.008228475:0.55
> 0:False:2,4:90,24
> 1:False:7,8:90,24
> 2:False:4,8:90,24
> 3:True:3,3:90,24
> 4:False:6,8:90,24
> 5:False:5,8:90,24
> 6:False:3,4:90,24
> 7:False:5,7:90,24
driverlog-suboptimal-old-noisy/10/driverlog_noisy_p03_hyp-4_10_2.tar.bz2:0.546674966812:0.008337364:0.55
> 0:True:2,7:91,25
> 1:True:7,12:91,25
> 2:True:4,9:91,25
> 3:True:3,8:91,25
> 4:True:6,11:91,25
> 5:True:5,10:91,25
> 6:True:3,8:91,25
> 7:True:5,10:91,25
driverlog-suboptimal-old-noisy/10/driverlog_noisy_p03_hyp-4_10_3.tar.bz2:0.5453748703:0.008173697:0.55
> 0:False:2,5:91,25
> 1:True:7,8:91,25
> 2:False:4,9:91,25
> 3:False:3,6:91,25
> 4:True:6,7:91,25
> 5:False:5,10:91,25
> 6:False:3,6:91,25
> 7:False:5,8:91,25
driverlog-suboptimal-old-noisy/10/driverlog_noisy_p04_hyp-1_10_1.tar.bz2:0.429255008698:0.00736619:0.43
> 0:True:9,9:146,33
> 1:False:7,11:146,33
> 2:False:7,9:146,33
> 3:False:9,12:146,33
> 4:False:8,10:146,33
> 5:False:10,11:146,33
driverlog-suboptimal-old-noisy/10/driverlog_noisy_p04_hyp-1_10_2.tar.bz2:0.432001113892:0.00749991:0.42
> 0:False:9,13:147,34
> 1:False:7,11:147,34
> 2:False:7,11:147,34
> 3:True:9,12:147,34
> 4:False:8,12:147,34
> 5:True:10,13:147,34
driverlog-suboptimal-old-noisy/10/driverlog_noisy_p04_hyp-1_10_3.tar.bz2:0.430355072021:0.00723321:0.44
> 0:True:9,9:146,33
> 1:False:7,11:146,33
> 2:False:7,9:146,33
> 3:False:9,10:146,33
> 4:False:8,10:146,33
> 5:False:10,11:146,33
driverlog-suboptimal-old-noisy/10/driverlog_noisy_p04_hyp-2_10_1.tar.bz2:0.431643009186:0.00722564:0.44
> 0:False:9,13:147,34
> 1:True:7,9:147,34
> 2:False:7,11:147,34
> 3:True:9,11:147,34
> 4:True:8,10:147,34
> 5:False:10,14:147,34
driverlog-suboptimal-old-noisy/10/driverlog_noisy_p04_hyp-2_10_2.tar.bz2:0.430932044983:0.00733772:0.43
> 0:True:9,12:147,34
> 1:True:7,10:147,34
> 2:True:7,10:147,34
> 3:False:9,13:147,34
> 4:True:8,11:147,34
> 5:True:10,13:147,34
driverlog-suboptimal-old-noisy/10/driverlog_noisy_p04_hyp-2_10_3.tar.bz2:0.43202495575:0.00724047:0.43
> 0:False:9,14:147,34
> 1:False:7,11:147,34
> 2:False:7,12:147,34
> 3:True:9,11:147,34
> 4:False:8,11:147,34
> 5:False:10,14:147,34
driverlog-suboptimal-old-noisy/10/driverlog_noisy_p04_hyp-3_10_1.tar.bz2:0.43064904213:0.00715209:0.43
> 0:True:9,11:147,34
> 1:False:7,11:147,34
> 2:False:7,11:147,34
> 3:False:9,12:147,34
> 4:True:8,10:147,34
> 5:False:10,13:147,34
driverlog-suboptimal-old-noisy/10/driverlog_noisy_p04_hyp-3_10_2.tar.bz2:0.432364940643:0.00749238:0.43
> 0:False:9,10:146,33
> 1:False:7,11:146,33
> 2:True:7,7:146,33
> 3:False:9,11:146,33
> 4:False:8,10:146,33
> 5:False:10,11:146,33
driverlog-suboptimal-old-noisy/10/driverlog_noisy_p04_hyp-3_10_3.tar.bz2:0.432109117508:0.00693677:0.42
> 0:False:9,12:147,34
> 1:False:7,11:147,34
> 2:True:7,9:147,34
> 3:False:9,13:147,34
> 4:True:8,10:147,34
> 5:False:10,13:147,34
driverlog-suboptimal-old-noisy/10/driverlog_noisy_p04_hyp-4_10_1.tar.bz2:0.431370019913:0.0073119:0.43
> 0:False:9,13:146,33
> 1:True:7,7:146,33
> 2:False:7,11:146,33
> 3:False:9,10:146,33
> 4:False:8,10:146,33
> 5:False:10,13:146,33
driverlog-suboptimal-old-noisy/10/driverlog_noisy_p04_hyp-4_10_2.tar.bz2:0.431624889374:0.00723218:0.43
> 0:False:9,13:147,34
> 1:False:7,13:147,34
> 2:False:7,12:147,34
> 3:False:9,14:147,34
> 4:False:8,13:147,34
> 5:True:10,13:147,34
driverlog-suboptimal-old-noisy/10/driverlog_noisy_p04_hyp-4_10_3.tar.bz2:0.433044195175:0.00726529:0.44
> 0:True:9,12:147,34
> 1:True:7,10:147,34
> 2:True:7,10:147,34
> 3:False:9,13:147,34
> 4:True:8,11:147,34
> 5:True:10,13:147,34
driverlog-suboptimal-old-noisy/10/driverlog_noisy_p05_hyp-1_10_1.tar.bz2:0.442563056946:0.0076669:0.44
> 0:True:8,11:184,36
> 1:False:7,11:184,36
> 2:False:6,11:184,36
> 3:False:6,11:184,36
> 4:False:5,10:184,36
> 5:False:8,12:184,36
driverlog-suboptimal-old-noisy/10/driverlog_noisy_p05_hyp-1_10_2.tar.bz2:0.446524143219:0.00791194:0.46
> 0:True:8,11:183,35
> 1:False:7,11:183,35
> 2:False:6,11:183,35
> 3:False:6,11:183,35
> 4:False:5,10:183,35
> 5:False:8,12:183,35
driverlog-suboptimal-old-noisy/10/driverlog_noisy_p05_hyp-1_10_3.tar.bz2:0.443819999695:0.00774809:0.44
> 0:False:8,12:184,36
> 1:False:7,12:184,36
> 2:False:6,10:184,36
> 3:False:6,10:184,36
> 4:True:5,8:184,36
> 5:False:8,12:184,36
driverlog-suboptimal-old-noisy/10/driverlog_noisy_p05_hyp-2_10_1.tar.bz2:0.444540023804:0.00801819:0.45
> 0:False:8,10:183,35
> 1:False:7,11:183,35
> 2:False:6,8:183,35
> 3:False:6,11:183,35
> 4:False:5,8:183,35
> 5:True:8,9:183,35
driverlog-suboptimal-old-noisy/10/driverlog_noisy_p05_hyp-2_10_2.tar.bz2:0.444365024567:0.00776272:0.44
> 0:True:8,12:183,35
> 1:True:7,11:183,35
> 2:True:6,10:183,35
> 3:True:6,10:183,35
> 4:False:5,11:183,35
> 5:False:8,14:183,35
driverlog-suboptimal-old-noisy/10/driverlog_noisy_p05_hyp-2_10_3.tar.bz2:0.442867040634:0.00784421:0.45
> 0:True:8,12:183,35
> 1:True:7,11:183,35
> 2:True:6,10:183,35
> 3:False:6,12:183,35
> 4:True:5,9:183,35
> 5:True:8,12:183,35
driverlog-suboptimal-old-noisy/10/driverlog_noisy_p05_hyp-3_10_1.tar.bz2:0.444714069366:0.00760442:0.44
> 0:False:8,11:183,35
> 1:True:7,8:183,35
> 2:False:6,9:183,35
> 3:False:6,8:183,35
> 4:True:5,6:183,35
> 5:False:8,11:183,35
driverlog-suboptimal-old-noisy/10/driverlog_noisy_p05_hyp-3_10_2.tar.bz2:0.442880868912:0.00762054:0.44
> 0:True:8,10:182,34
> 1:True:7,9:182,34
> 2:True:6,8:182,34
> 3:True:6,8:182,34
> 4:False:5,9:182,34
> 5:False:8,12:182,34
driverlog-suboptimal-old-noisy/10/driverlog_noisy_p05_hyp-3_10_3.tar.bz2:0.443462133408:0.00780666:0.44
> 0:False:8,14:183,35
> 1:False:7,12:183,35
> 2:False:6,12:183,35
> 3:True:6,9:183,35
> 4:False:5,9:183,35
> 5:False:8,13:183,35
driverlog-suboptimal-old-noisy/10/driverlog_noisy_p05_hyp-4_10_1.tar.bz2:0.446001052856:0.00798757:0.45
> 0:True:8,10:182,34
> 1:False:7,13:182,34
> 2:True:6,8:182,34
> 3:False:6,12:182,34
> 4:False:5,9:182,34
> 5:True:8,10:182,34
driverlog-suboptimal-old-noisy/10/driverlog_noisy_p05_hyp-4_10_2.tar.bz2:0.444833040237:0.00793081:0.45
> 0:True:8,11:182,34
> 1:True:7,10:182,34
> 2:True:6,9:182,34
> 3:True:6,9:182,34
> 4:False:5,9:182,34
> 5:False:8,12:182,34
driverlog-suboptimal-old-noisy/10/driverlog_noisy_p05_hyp-4_10_3.tar.bz2:0.441962957382:0.00783888:0.44
> 0:True:8,10:183,35
> 1:False:7,10:183,35
> 2:True:6,8:183,35
> 3:False:6,9:183,35
> 4:False:5,9:183,35
> 5:False:8,11:183,35
driverlog-suboptimal-old-noisy/30/driverlog_noisy_p03_hyp-1_30_1.tar.bz2:0.543226003647:0.008022908:0.54
> 0:True:2,7:93,27
> 1:True:7,12:93,27
> 2:False:4,11:93,27
> 3:True:3,8:93,27
> 4:True:6,11:93,27
> 5:False:5,12:93,27
> 6:True:3,8:93,27
> 7:False:5,12:93,27
driverlog-suboptimal-old-noisy/30/driverlog_noisy_p03_hyp-1_30_2.tar.bz2:0.544359922409:0.008210763:0.55
> 0:True:2,7:93,27
> 1:True:7,12:93,27
> 2:False:4,11:93,27
> 3:True:3,8:93,27
> 4:True:6,11:93,27
> 5:False:5,12:93,27
> 6:True:3,8:93,27
> 7:True:5,10:93,27
driverlog-suboptimal-old-noisy/30/driverlog_noisy_p03_hyp-1_30_3.tar.bz2:0.546355962753:0.007907881:0.54
> 0:True:2,6:93,27
> 1:True:7,11:93,27
> 2:False:4,12:93,27
> 3:True:3,7:93,27
> 4:True:6,10:93,27
> 5:False:5,13:93,27
> 6:True:3,7:93,27
> 7:False:5,11:93,27
driverlog-suboptimal-old-noisy/30/driverlog_noisy_p03_hyp-2_30_1.tar.bz2:0.546669006348:0.008337743:0.54
> 0:False:2,14:94,28
> 1:True:7,15:94,28
> 2:False:4,16:94,28
> 3:False:3,15:94,28
> 4:True:6,14:94,28
> 5:False:5,17:94,28
> 6:False:3,15:94,28
> 7:False:5,15:94,28
driverlog-suboptimal-old-noisy/30/driverlog_noisy_p03_hyp-2_30_2.tar.bz2:0.544355869293:0.008170454:0.54
> 0:False:2,10:95,29
> 1:True:7,12:95,29
> 2:False:4,12:95,29
> 3:False:3,9:95,29
> 4:False:6,12:95,29
> 5:False:5,12:95,29
> 6:False:3,10:95,29
> 7:False:5,11:95,29
driverlog-suboptimal-old-noisy/30/driverlog_noisy_p03_hyp-2_30_3.tar.bz2:0.545094966888:0.008113859:0.55
> 0:False:2,12:95,29
> 1:True:7,15:95,29
> 2:False:4,16:95,29
> 3:False:3,13:95,29
> 4:True:6,14:95,29
> 5:False:5,17:95,29
> 6:False:3,13:95,29
> 7:False:5,15:95,29
driverlog-suboptimal-old-noisy/30/driverlog_noisy_p03_hyp-3_30_1.tar.bz2:0.54685997963:0.008536377:0.55
> 0:False:2,13:93,27
> 1:False:7,16:93,27
> 2:True:4,9:93,27
> 3:False:3,14:93,27
> 4:False:6,15:93,27
> 5:True:5,10:93,27
> 6:False:3,14:93,27
> 7:False:5,14:93,27
driverlog-suboptimal-old-noisy/30/driverlog_noisy_p03_hyp-3_30_2.tar.bz2:0.544172048569:0.007951472:0.54
> 0:False:2,13:94,28
> 1:False:7,18:94,28
> 2:True:4,13:94,28
> 3:False:3,14:94,28
> 4:False:6,17:94,28
> 5:True:5,14:94,28
> 6:False:3,14:94,28
> 7:False:5,16:94,28
driverlog-suboptimal-old-noisy/30/driverlog_noisy_p03_hyp-3_30_3.tar.bz2:0.5427069664:0.008078935:0.55
> 0:False:2,14:94,28
> 1:True:7,15:94,28
> 2:True:4,12:94,28
> 3:False:3,15:94,28
> 4:True:6,14:94,28
> 5:True:5,13:94,28
> 6:False:3,15:94,28
> 7:False:5,15:94,28
driverlog-suboptimal-old-noisy/30/driverlog_noisy_p03_hyp-4_30_1.tar.bz2:0.543540000916:0.008277047:0.54
> 0:False:2,8:93,27
> 1:False:7,12:93,27
> 2:False:4,10:93,27
> 3:True:3,7:93,27
> 4:False:6,12:93,27
> 5:False:5,10:93,27
> 6:False:3,8:93,27
> 7:True:5,9:93,27
driverlog-suboptimal-old-noisy/30/driverlog_noisy_p03_hyp-4_30_2.tar.bz2:0.545232057571:0.00847691:0.55
> 0:False:2,7:93,27
> 1:False:7,13:93,27
> 2:False:4,13:93,27
> 3:True:3,6:93,27
> 4:False:6,13:93,27
> 5:False:5,13:93,27
> 6:False:3,7:93,27
> 7:False:5,12:93,27
driverlog-suboptimal-old-noisy/30/driverlog_noisy_p03_hyp-4_30_3.tar.bz2:0.545566082001:0.00858497:0.54
> 0:True:2,7:93,27
> 1:True:7,12:93,27
> 2:True:4,9:93,27
> 3:True:3,8:93,27
> 4:True:6,11:93,27
> 5:True:5,10:93,27
> 6:True:3,8:93,27
> 7:True:5,10:93,27
driverlog-suboptimal-old-noisy/30/driverlog_noisy_p04_hyp-1_30_1.tar.bz2:0.429775953293:0.00722962:0.43
> 0:True:9,16:151,38
> 1:False:7,21:151,38
> 2:False:7,17:151,38
> 3:False:9,18:151,38
> 4:False:8,20:151,38
> 5:True:10,17:151,38
driverlog-suboptimal-old-noisy/30/driverlog_noisy_p04_hyp-1_30_2.tar.bz2:0.429393053055:0.00692395:0.43
> 0:False:9,17:150,37
> 1:False:7,19:150,37
> 2:False:7,17:150,37
> 3:True:9,16:150,37
> 4:False:8,18:150,37
> 5:True:10,17:150,37
driverlog-suboptimal-old-noisy/30/driverlog_noisy_p04_hyp-1_30_3.tar.bz2:0.430418014526:0.00723293:0.44
> 0:False:9,14:152,39
> 1:False:7,15:152,39
> 2:False:7,13:152,39
> 3:False:9,17:152,39
> 4:False:8,15:152,39
> 5:True:10,14:152,39
driverlog-suboptimal-old-noisy/30/driverlog_noisy_p04_hyp-2_30_1.tar.bz2:0.432469129562:0.00722329:0.43
> 0:False:9,18:148,35
> 1:False:7,12:148,35
> 2:False:7,16:148,35
> 3:True:9,12:148,35
> 4:False:8,13:148,35
> 5:False:10,18:148,35
driverlog-suboptimal-old-noisy/30/driverlog_noisy_p04_hyp-2_30_2.tar.bz2:0.427917003632:0.00676905:0.43
> 0:False:9,16:150,37
> 1:False:7,14:150,37
> 2:False:7,14:150,37
> 3:True:9,14:150,37
> 4:False:8,15:150,37
> 5:False:10,16:150,37
driverlog-suboptimal-old-noisy/30/driverlog_noisy_p04_hyp-2_30_3.tar.bz2:0.433510065079:0.00740788:0.43
> 0:False:9,17:150,37
> 1:True:7,9:150,37
> 2:False:7,17:150,37
> 3:False:9,14:150,37
> 4:False:8,13:150,37
> 5:False:10,16:150,37
driverlog-suboptimal-old-noisy/30/driverlog_noisy_p04_hyp-3_30_1.tar.bz2:0.429120063782:0.00709806:0.44
> 0:False:9,13:149,36
> 1:False:7,12:149,36
> 2:True:7,10:149,36
> 3:False:9,13:149,36
> 4:True:8,11:149,36
> 5:False:10,14:149,36
driverlog-suboptimal-old-noisy/30/driverlog_noisy_p04_hyp-3_30_2.tar.bz2:0.429592132568:0.00716265:0.43
> 0:False:9,12:150,37
> 1:False:7,16:150,37
> 2:False:7,10:150,37
> 3:False:9,14:150,37
> 4:False:8,17:150,37
> 5:True:10,12:150,37
driverlog-suboptimal-old-noisy/30/driverlog_noisy_p04_hyp-3_30_3.tar.bz2:0.429548978806:0.00700199:0.43
> 0:False:9,15:148,35
> 1:False:7,18:148,35
> 2:True:7,12:148,35
> 3:False:9,20:148,35
> 4:False:8,17:148,35
> 5:False:10,17:148,35
driverlog-suboptimal-old-noisy/30/driverlog_noisy_p04_hyp-4_30_1.tar.bz2:0.429908037186:0.00712059:0.43
> 0:False:9,16:152,39
> 1:False:7,15:152,39
> 2:False:7,15:152,39
> 3:False:9,17:152,39
> 4:True:8,14:152,39
> 5:False:10,18:152,39
driverlog-suboptimal-old-noisy/30/driverlog_noisy_p04_hyp-4_30_2.tar.bz2:0.431796073914:0.00690559:0.44
> 0:False:9,19:151,38
> 1:False:7,13:151,38
> 2:False:7,19:151,38
> 3:True:9,14:151,38
> 4:False:8,14:151,38
> 5:False:10,19:151,38
driverlog-suboptimal-old-noisy/30/driverlog_noisy_p04_hyp-4_30_3.tar.bz2:0.430052042007:0.00718215:0.43
> 0:False:9,18:152,39
> 1:False:7,20:152,39
> 2:False:7,15:152,39
> 3:False:9,19:152,39
> 4:False:8,18:152,39
> 5:True:10,17:152,39
driverlog-suboptimal-old-noisy/30/driverlog_noisy_p05_hyp-1_30_1.tar.bz2:0.444146871567:0.00793836:0.44
> 0:True:8,14:188,40
> 1:False:7,15:188,40
> 2:True:6,12:188,40
> 3:False:6,15:188,40
> 4:False:5,13:188,40
> 5:False:8,15:188,40
driverlog-suboptimal-old-noisy/30/driverlog_noisy_p05_hyp-1_30_2.tar.bz2:0.444067001343:0.00791309:0.44
> 0:True:8,13:187,39
> 1:False:7,18:187,39
> 2:True:6,11:187,39
> 3:False:6,16:187,39
> 4:False:5,13:187,39
> 5:True:8,13:187,39
driverlog-suboptimal-old-noisy/30/driverlog_noisy_p05_hyp-1_30_3.tar.bz2:0.444993972778:0.00791251:0.44
> 0:False:8,15:187,39
> 1:False:7,15:187,39
> 2:False:6,13:187,39
> 3:False:6,16:187,39
> 4:True:5,11:187,39
> 5:False:8,15:187,39
driverlog-suboptimal-old-noisy/30/driverlog_noisy_p05_hyp-2_30_1.tar.bz2:0.4460709095:0.00819053:0.45
> 0:True:8,14:187,39
> 1:False:7,15:187,39
> 2:True:6,12:187,39
> 3:False:6,15:187,39
> 4:False:5,15:187,39
> 5:False:8,15:187,39
driverlog-suboptimal-old-noisy/30/driverlog_noisy_p05_hyp-2_30_2.tar.bz2:0.444811105728:0.0080155:0.45
> 0:True:8,17:187,39
> 1:False:7,18:187,39
> 2:True:6,15:187,39
> 3:False:6,19:187,39
> 4:False:5,17:187,39
> 5:False:8,18:187,39
driverlog-suboptimal-old-noisy/30/driverlog_noisy_p05_hyp-2_30_3.tar.bz2:0.444442987442:0.0076889:0.45
> 0:True:8,16:188,40
> 1:False:7,18:188,40
> 2:True:6,14:188,40
> 3:False:6,18:188,40
> 4:False:5,17:188,40
> 5:False:8,18:188,40
driverlog-suboptimal-old-noisy/30/driverlog_noisy_p05_hyp-3_30_1.tar.bz2:0.443089008331:0.00794983:0.44
> 0:True:8,13:188,40
> 1:True:7,12:188,40
> 2:False:6,13:188,40
> 3:True:6,11:188,40
> 4:False:5,14:188,40
> 5:False:8,16:188,40
driverlog-suboptimal-old-noisy/30/driverlog_noisy_p05_hyp-3_30_2.tar.bz2:0.447526931763:0.00804565:0.45
> 0:False:8,19:186,38
> 1:False:7,15:186,38
> 2:False:6,17:186,38
> 3:True:6,13:186,38
> 4:False:5,16:186,38
> 5:False:8,20:186,38
driverlog-suboptimal-old-noisy/30/driverlog_noisy_p05_hyp-3_30_3.tar.bz2:0.446493864059:0.00796025:0.45
> 0:False:8,16:187,39
> 1:False:7,17:187,39
> 2:False:6,14:187,39
> 3:True:6,13:187,39
> 4:False:5,16:187,39
> 5:False:8,17:187,39
driverlog-suboptimal-old-noisy/30/driverlog_noisy_p05_hyp-4_30_1.tar.bz2:0.44547700882:0.00807423:0.45
> 0:True:8,15:189,41
> 1:False:7,20:189,41
> 2:True:6,13:189,41
> 3:False:6,20:189,41
> 4:False:5,18:189,41
> 5:True:8,15:189,41
driverlog-suboptimal-old-noisy/30/driverlog_noisy_p05_hyp-4_30_2.tar.bz2:0.444254875183:0.00791948:0.44
> 0:False:8,12:187,39
> 1:False:7,16:187,39
> 2:False:6,10:187,39
> 3:False:6,14:187,39
> 4:False:5,16:187,39
> 5:True:8,11:187,39
driverlog-suboptimal-old-noisy/30/driverlog_noisy_p05_hyp-4_30_3.tar.bz2:0.44659113884:0.00803343:0.44
> 0:True:8,16:188,40
> 1:False:7,18:188,40
> 2:True:6,14:188,40
> 3:False:6,18:188,40
> 4:False:5,16:188,40
> 5:True:8,16:188,40
driverlog-suboptimal-old-noisy/50/driverlog_noisy_p03_hyp-1_50_1.tar.bz2:0.544717073441:0.008191915:0.55
> 0:True:2,12:95,29
> 1:True:7,17:95,29
> 2:False:4,16:95,29
> 3:True:3,13:95,29
> 4:True:6,16:95,29
> 5:False:5,17:95,29
> 6:True:3,13:95,29
> 7:True:5,15:95,29
driverlog-suboptimal-old-noisy/50/driverlog_noisy_p03_hyp-1_50_2.tar.bz2:0.545300960541:0.008199272:0.54
> 0:False:2,10:96,30
> 1:True:7,13:96,30
> 2:False:4,14:96,30
> 3:False:3,11:96,30
> 4:True:6,12:96,30
> 5:False:5,15:96,30
> 6:False:3,11:96,30
> 7:False:5,13:96,30
driverlog-suboptimal-old-noisy/50/driverlog_noisy_p03_hyp-1_50_3.tar.bz2:0.543583154678:0.007955107:0.54
> 0:True:2,11:96,30
> 1:True:7,16:96,30
> 2:True:4,13:96,30
> 3:True:3,12:96,30
> 4:True:6,15:96,30
> 5:True:5,14:96,30
> 6:True:3,12:96,30
> 7:False:5,16:96,30
driverlog-suboptimal-old-noisy/50/driverlog_noisy_p03_hyp-2_50_1.tar.bz2:0.546456098557:0.008431927:0.55
> 0:False:2,16:99,33
> 1:True:7,17:99,33
> 2:False:4,18:99,33
> 3:False:3,17:99,33
> 4:True:6,16:99,33
> 5:False:5,19:99,33
> 6:False:3,17:99,33
> 7:False:5,19:99,33
driverlog-suboptimal-old-noisy/50/driverlog_noisy_p03_hyp-2_50_2.tar.bz2:0.5446870327:0.007888742:0.55
> 0:False:2,16:99,33
> 1:True:7,17:99,33
> 2:False:4,20:99,33
> 3:False:3,16:99,33
> 4:False:6,18:99,33
> 5:False:5,19:99,33
> 6:False:3,15:99,33
> 7:False:5,18:99,33
driverlog-suboptimal-old-noisy/50/driverlog_noisy_p03_hyp-2_50_3.tar.bz2:0.547237157822:0.00841248:0.54
> 0:False:2,16:98,32
> 1:True:7,17:98,32
> 2:False:4,18:98,32
> 3:False:3,16:98,32
> 4:False:6,18:98,32
> 5:False:5,17:98,32
> 6:False:3,15:98,32
> 7:False:5,16:98,32
driverlog-suboptimal-old-noisy/50/driverlog_noisy_p03_hyp-3_50_1.tar.bz2:0.543599843979:0.008264422:0.55
> 0:False:2,14:97,31
> 1:True:7,17:97,31
> 2:True:4,14:97,31
> 3:False:3,15:97,31
> 4:True:6,16:97,31
> 5:True:5,15:97,31
> 6:False:3,15:97,31
> 7:True:5,15:97,31
driverlog-suboptimal-old-noisy/50/driverlog_noisy_p03_hyp-3_50_2.tar.bz2:0.544460058212:0.008384491:0.54
> 0:False:2,16:95,29
> 1:True:7,15:95,29
> 2:False:4,14:95,29
> 3:False:3,17:95,29
> 4:True:6,14:95,29
> 5:False:5,15:95,29
> 6:False:3,17:95,29
> 7:False:5,15:95,29
driverlog-suboptimal-old-noisy/50/driverlog_noisy_p03_hyp-3_50_3.tar.bz2:0.546810865402:0.00863648:0.55
> 0:False:2,15:96,30
> 1:False:7,20:96,30
> 2:True:4,15:96,30
> 3:False:3,16:96,30
> 4:False:6,19:96,30
> 5:True:5,16:96,30
> 6:False:3,16:96,30
> 7:False:5,18:96,30
driverlog-suboptimal-old-noisy/50/driverlog_noisy_p03_hyp-4_50_1.tar.bz2:0.544945955276:0.008348915:0.54
> 0:True:2,8:94,28
> 1:True:7,13:94,28
> 2:True:4,10:94,28
> 3:True:3,9:94,28
> 4:True:6,12:94,28
> 5:True:5,11:94,28
> 6:True:3,9:94,28
> 7:True:5,11:94,28
driverlog-suboptimal-old-noisy/50/driverlog_noisy_p03_hyp-4_50_2.tar.bz2:0.544922828674:0.008315271:0.54
> 0:True:2,8:95,29
> 1:True:7,13:95,29
> 2:False:4,12:95,29
> 3:True:3,9:95,29
> 4:True:6,12:95,29
> 5:False:5,13:95,29
> 6:True:3,9:95,29
> 7:False:5,13:95,29
driverlog-suboptimal-old-noisy/50/driverlog_noisy_p03_hyp-4_50_3.tar.bz2:0.546810150146:0.008467365:0.55
> 0:True:2,9:96,30
> 1:False:7,16:96,30
> 2:False:4,13:96,30
> 3:True:3,10:96,30
> 4:False:6,15:96,30
> 5:False:5,14:96,30
> 6:True:3,10:96,30
> 7:False:5,14:96,30
driverlog-suboptimal-old-noisy/50/driverlog_noisy_p04_hyp-1_50_1.tar.bz2:0.432324886322:0.00723355:0.43
> 0:True:9,15:154,41
> 1:False:7,21:154,41
> 2:True:7,13:154,41
> 3:False:9,21:154,41
> 4:False:8,20:154,41
> 5:True:10,16:154,41
driverlog-suboptimal-old-noisy/50/driverlog_noisy_p04_hyp-1_50_2.tar.bz2:0.431813001633:0.00743123:0.43
> 0:True:9,16:155,42
> 1:False:7,22:155,42
> 2:False:7,16:155,42
> 3:False:9,21:155,42
> 4:False:8,21:155,42
> 5:False:10,18:155,42
driverlog-suboptimal-old-noisy/50/driverlog_noisy_p04_hyp-1_50_3.tar.bz2:0.430876970291:0.00705933:0.43
> 0:True:9,14:153,40
> 1:False:7,21:153,40
> 2:False:7,13:153,40
> 3:False:9,20:153,40
> 4:False:8,18:153,40
> 5:False:10,16:153,40
driverlog-suboptimal-old-noisy/50/driverlog_noisy_p04_hyp-2_50_1.tar.bz2:0.43203496933:0.00715545:0.42
> 0:False:9,19:153,40
> 1:False:7,15:153,40
> 2:False:7,19:153,40
> 3:True:9,14:153,40
> 4:True:8,13:153,40
> 5:False:10,21:153,40
driverlog-suboptimal-old-noisy/50/driverlog_noisy_p04_hyp-2_50_2.tar.bz2:0.433365106583:0.00733037:0.44
> 0:False:9,19:153,40
> 1:True:7,13:153,40
> 2:False:7,17:153,40
> 3:True:9,15:153,40
> 4:False:8,17:153,40
> 5:True:10,16:153,40
driverlog-suboptimal-old-noisy/50/driverlog_noisy_p04_hyp-2_50_3.tar.bz2:0.430974960327:0.00719525:0.43
> 0:False:9,22:153,40
> 1:False:7,16:153,40
> 2:False:7,20:153,40
> 3:True:9,16:153,40
> 4:False:8,18:153,40
> 5:False:10,19:153,40
driverlog-suboptimal-old-noisy/50/driverlog_noisy_p04_hyp-3_50_1.tar.bz2:0.430028915405:0.00730137:0.42
> 0:False:9,19:153,40
> 1:False:7,23:153,40
> 2:True:7,16:153,40
> 3:False:9,21:153,40
> 4:False:8,23:153,40
> 5:True:10,19:153,40
driverlog-suboptimal-old-noisy/50/driverlog_noisy_p04_hyp-3_50_2.tar.bz2:0.428546905518:0.0070446:0.43
> 0:False:9,16:152,39
> 1:False:7,20:152,39
> 2:True:7,13:152,39
> 3:False:9,21:152,39
> 4:False:8,22:152,39
> 5:True:10,16:152,39
driverlog-suboptimal-old-noisy/50/driverlog_noisy_p04_hyp-3_50_3.tar.bz2:0.428657054901:0.00705857:0.43
> 0:True:9,16:153,40
> 1:False:7,20:153,40
> 2:False:7,15:153,40
> 3:False:9,21:153,40
> 4:False:8,20:153,40
> 5:True:10,17:153,40
driverlog-suboptimal-old-noisy/50/driverlog_noisy_p04_hyp-4_50_1.tar.bz2:0.431778907776:0.00728912:0.43
> 0:False:9,19:153,40
> 1:True:7,13:153,40
> 2:False:7,20:153,40
> 3:False:9,17:153,40
> 4:False:8,15:153,40
> 5:False:10,20:153,40
driverlog-suboptimal-old-noisy/50/driverlog_noisy_p04_hyp-4_50_2.tar.bz2:0.428639173508:0.00698849:0.43
> 0:False:9,19:153,40
> 1:False:7,20:153,40
> 2:False:7,20:153,40
> 3:False:9,20:153,40
> 4:False:8,19:153,40
> 5:True:10,18:153,40
driverlog-suboptimal-old-noisy/50/driverlog_noisy_p04_hyp-4_50_3.tar.bz2:0.429553985596:0.00715314:0.43
> 0:False:9,24:155,42
> 1:False:7,22:155,42
> 2:False:7,23:155,42
> 3:True:9,19:155,42
> 4:True:8,18:155,42
> 5:False:10,24:155,42
driverlog-suboptimal-old-noisy/50/driverlog_noisy_p05_hyp-1_50_1.tar.bz2:0.444084882736:0.00792723:0.44
> 0:True:8,21:192,44
> 1:False:7,25:192,44
> 2:False:6,21:192,44
> 3:False:6,24:192,44
> 4:False:5,21:192,44
> 5:False:8,22:192,44
driverlog-suboptimal-old-noisy/50/driverlog_noisy_p05_hyp-1_50_2.tar.bz2:0.442032814026:0.00771029:0.44
> 0:True:8,21:192,44
> 1:False:7,25:192,44
> 2:False:6,21:192,44
> 3:False:6,25:192,44
> 4:False:5,20:192,44
> 5:True:8,21:192,44
driverlog-suboptimal-old-noisy/50/driverlog_noisy_p05_hyp-1_50_3.tar.bz2:0.444725036621:0.00770202:0.45
> 0:False:8,19:193,45
> 1:False:7,22:193,45
> 2:False:6,19:193,45
> 3:False:6,21:193,45
> 4:False:5,20:193,45
> 5:True:8,18:193,45
driverlog-suboptimal-old-noisy/50/driverlog_noisy_p05_hyp-2_50_1.tar.bz2:0.445975065231:0.00816188:0.44
> 0:True:8,17:191,43
> 1:False:7,19:191,43
> 2:True:6,15:191,43
> 3:False:6,19:191,43
> 4:False:5,19:191,43
> 5:False:8,18:191,43
driverlog-suboptimal-old-noisy/50/driverlog_noisy_p05_hyp-2_50_2.tar.bz2:0.44407582283:0.00781645:0.44
> 0:True:8,14:188,40
> 1:False:7,15:188,40
> 2:True:6,12:188,40
> 3:False:6,16:188,40
> 4:False:5,15:188,40
> 5:True:8,14:188,40
driverlog-suboptimal-old-noisy/50/driverlog_noisy_p05_hyp-2_50_3.tar.bz2:0.44488286972:0.00804139:0.46
> 0:True:8,18:189,41
> 1:False:7,20:189,41
> 2:True:6,16:189,41
> 3:False:6,18:189,41
> 4:False:5,19:189,41
> 5:True:8,18:189,41
driverlog-suboptimal-old-noisy/50/driverlog_noisy_p05_hyp-3_50_1.tar.bz2:0.444808006287:0.00817027:0.44
> 0:False:8,22:189,41
> 1:True:7,17:189,41
> 2:False:6,20:189,41
> 3:False:6,17:189,41
> 4:False:5,17:189,41
> 5:False:8,20:189,41
driverlog-suboptimal-old-noisy/50/driverlog_noisy_p05_hyp-3_50_2.tar.bz2:0.4445271492:0.00784901:0.44
> 0:True:8,22:191,43
> 1:True:7,21:191,43
> 2:False:6,22:191,43
> 3:True:6,20:191,43
> 4:False:5,23:191,43
> 5:False:8,24:191,43
driverlog-suboptimal-old-noisy/50/driverlog_noisy_p05_hyp-3_50_3.tar.bz2:0.445064783096:0.00805109:0.45
> 0:False:8,22:191,43
> 1:False:7,18:191,43
> 2:False:6,22:191,43
> 3:True:6,14:191,43
> 4:False:5,16:191,43
> 5:False:8,21:191,43
driverlog-suboptimal-old-noisy/50/driverlog_noisy_p05_hyp-4_50_1.tar.bz2:0.443192005157:0.00813146:0.43
> 0:True:8,18:192,44
> 1:False:7,21:192,44
> 2:True:6,16:192,44
> 3:False:6,18:192,44
> 4:False:5,20:192,44
> 5:True:8,18:192,44
driverlog-suboptimal-old-noisy/50/driverlog_noisy_p05_hyp-4_50_2.tar.bz2:0.445152044296:0.00801455:0.44
> 0:False:8,16:189,41
> 1:False:7,22:189,41
> 2:False:6,14:189,41
> 3:False:6,22:189,41
> 4:False:5,20:189,41
> 5:True:8,15:189,41
driverlog-suboptimal-old-noisy/50/driverlog_noisy_p05_hyp-4_50_3.tar.bz2:0.445145130157:0.00810089:0.44
> 0:False:8,20:191,43
> 1:False:7,23:191,43
> 2:False:6,18:191,43
> 3:False:6,24:191,43
> 4:False:5,21:191,43
> 5:True:8,18:191,43
driverlog-suboptimal-old-noisy/70/driverlog_noisy_p03_hyp-1_70_1.tar.bz2:0.543392181396:0.00821577:0.54
> 0:True:2,12:97,31
> 1:False:7,19:97,31
> 2:False:4,16:97,31
> 3:True:3,13:97,31
> 4:False:6,18:97,31
> 5:False:5,17:97,31
> 6:True:3,13:97,31
> 7:False:5,17:97,31
driverlog-suboptimal-old-noisy/70/driverlog_noisy_p03_hyp-1_70_2.tar.bz2:0.546490907669:0.008429866:0.55
> 0:True:2,11:97,31
> 1:False:7,18:97,31
> 2:False:4,15:97,31
> 3:True:3,12:97,31
> 4:False:6,17:97,31
> 5:False:5,16:97,31
> 6:True:3,12:97,31
> 7:False:5,16:97,31
driverlog-suboptimal-old-noisy/70/driverlog_noisy_p03_hyp-1_70_3.tar.bz2:0.544392108917:0.00859913:0.55
> 0:True:2,12:97,31
> 1:False:7,19:97,31
> 2:False:4,18:97,31
> 3:True:3,13:97,31
> 4:False:6,18:97,31
> 5:False:5,19:97,31
> 6:True:3,13:97,31
> 7:False:5,19:97,31
driverlog-suboptimal-old-noisy/70/driverlog_noisy_p03_hyp-2_70_1.tar.bz2:0.544325113297:0.008290408:0.54
> 0:False:2,23:101,35
> 1:True:7,21:101,35
> 2:False:4,23:101,35
> 3:False:3,24:101,35
> 4:False:6,21:101,35
> 5:False:5,23:101,35
> 6:False:3,23:101,35
> 7:False:5,22:101,35
driverlog-suboptimal-old-noisy/70/driverlog_noisy_p03_hyp-2_70_2.tar.bz2:0.543843984604:0.008066791:0.55
> 0:False:2,25:103,37
> 1:True:7,22:103,37
> 2:False:4,25:103,37
> 3:False:3,25:103,37
> 4:False:6,23:103,37
> 5:False:5,24:103,37
> 6:False:3,24:103,37
> 7:False:5,23:103,37
driverlog-suboptimal-old-noisy/70/driverlog_noisy_p03_hyp-2_70_3.tar.bz2:0.545495986938:0.008387918:0.55
> 0:False:2,24:104,38
> 1:True:7,17:104,38
> 2:False:4,24:104,38
> 3:False:3,24:104,38
> 4:False:6,18:104,38
> 5:False:5,23:104,38
> 6:False:3,23:104,38
> 7:False:5,20:104,38
driverlog-suboptimal-old-noisy/70/driverlog_noisy_p03_hyp-3_70_1.tar.bz2:0.544971942902:0.008403784:0.55
> 0:False:2,18:97,31
> 1:True:7,17:97,31
> 2:True:4,14:97,31
> 3:False:3,19:97,31
> 4:True:6,16:97,31
> 5:True:5,15:97,31
> 6:False:3,19:97,31
> 7:True:5,15:97,31
driverlog-suboptimal-old-noisy/70/driverlog_noisy_p03_hyp-3_70_2.tar.bz2:0.548975944519:0.008537758:0.54
> 0:False:2,19:98,32
> 1:False:7,21:98,32
> 2:False:4,15:98,32
> 3:False:3,18:98,32
> 4:False:6,21:98,32
> 5:True:5,15:98,32
> 6:False:3,19:98,32
> 7:False:5,18:98,32
driverlog-suboptimal-old-noisy/70/driverlog_noisy_p03_hyp-3_70_3.tar.bz2:0.546392202377:0.008587775:0.54
> 0:False:2,20:99,33
> 1:False:7,23:99,33
> 2:True:4,18:99,33
> 3:False:3,21:99,33
> 4:False:6,22:99,33
> 5:True:5,19:99,33
> 6:False:3,21:99,33
> 7:False:5,21:99,33
driverlog-suboptimal-old-noisy/70/driverlog_noisy_p03_hyp-4_70_1.tar.bz2:0.5431599617:0.008056443:0.56
> 0:True:2,13:98,32
> 1:True:7,18:98,32
> 2:False:4,17:98,32
> 3:True:3,14:98,32
> 4:True:6,17:98,32
> 5:False:5,18:98,32
> 6:True:3,14:98,32
> 7:False:5,18:98,32
driverlog-suboptimal-old-noisy/70/driverlog_noisy_p03_hyp-4_70_2.tar.bz2:0.544685125351:0.007907802:0.54
> 0:False:2,13:98,32
> 1:False:7,19:98,32
> 2:False:4,17:98,32
> 3:True:3,12:98,32
> 4:False:6,19:98,32
> 5:False:5,17:98,32
> 6:False:3,13:98,32
> 7:False:5,16:98,32
driverlog-suboptimal-old-noisy/70/driverlog_noisy_p03_hyp-4_70_3.tar.bz2:0.543666124344:0.008326689:0.55
> 0:False:2,14:97,31
> 1:False:7,18:97,31
> 2:False:4,18:97,31
> 3:True:3,13:97,31
> 4:False:6,18:97,31
> 5:False:5,18:97,31
> 6:False:3,14:97,31
> 7:False:5,17:97,31
driverlog-suboptimal-old-noisy/70/driverlog_noisy_p04_hyp-1_70_1.tar.bz2:0.432595968246:0.00703588:0.44
> 0:True:9,25:160,47
> 1:False:7,26:160,47
> 2:False:7,26:160,47
> 3:False:9,27:160,47
> 4:False:8,25:160,47
> 5:True:10,26:160,47
driverlog-suboptimal-old-noisy/70/driverlog_noisy_p04_hyp-1_70_2.tar.bz2:0.430527925491:0.00714478:0.43
> 0:True:9,24:160,47
> 1:False:7,27:160,47
> 2:False:7,27:160,47
> 3:False:9,28:160,47
> 4:False:8,26:160,47
> 5:False:10,28:160,47
driverlog-suboptimal-old-noisy/70/driverlog_noisy_p04_hyp-1_70_3.tar.bz2:0.432560920715:0.00739168:0.43
> 0:True:9,19:158,45
> 1:False:7,25:158,45
> 2:False:7,22:158,45
> 3:False:9,23:158,45
> 4:False:8,23:158,45
> 5:False:10,21:158,45
driverlog-suboptimal-old-noisy/70/driverlog_noisy_p04_hyp-2_70_1.tar.bz2:0.429724931717:0.00715684:0.44
> 0:False:9,24:156,43
> 1:False:7,17:156,43
> 2:False:7,22:156,43
> 3:True:9,18:156,43
> 4:False:8,19:156,43
> 5:False:10,23:156,43
driverlog-suboptimal-old-noisy/70/driverlog_noisy_p04_hyp-2_70_2.tar.bz2:0.431986093521:0.00730077:0.43
> 0:False:9,25:157,44
> 1:True:7,20:157,44
> 2:False:7,24:157,44
> 3:False:9,23:157,44
> 4:True:8,21:157,44
> 5:False:10,26:157,44
driverlog-suboptimal-old-noisy/70/driverlog_noisy_p04_hyp-2_70_3.tar.bz2:0.431447029114:0.00724471:0.42
> 0:False:9,25:156,43
> 1:True:7,18:156,43
> 2:False:7,25:156,43
> 3:True:9,20:156,43
> 4:False:8,20:156,43
> 5:False:10,24:156,43
driverlog-suboptimal-old-noisy/70/driverlog_noisy_p04_hyp-3_70_1.tar.bz2:0.429203987122:0.00691769:0.44
> 0:False:9,21:156,43
> 1:False:7,24:156,43
> 2:True:7,18:156,43
> 3:False:9,25:156,43
> 4:False:8,23:156,43
> 5:True:10,21:156,43
driverlog-suboptimal-old-noisy/70/driverlog_noisy_p04_hyp-3_70_2.tar.bz2:0.431130886078:0.007187:0.43
> 0:True:9,17:154,41
> 1:False:7,21:154,41
> 2:True:7,15:154,41
> 3:False:9,22:154,41
> 4:False:8,20:154,41
> 5:True:10,18:154,41
driverlog-suboptimal-old-noisy/70/driverlog_noisy_p04_hyp-3_70_3.tar.bz2:0.432496786118:0.00731688:0.43
> 0:False:9,22:156,43
> 1:False:7,28:156,43
> 2:False:7,20:156,43
> 3:False:9,27:156,43
> 4:False:8,27:156,43
> 5:True:10,22:156,43
driverlog-suboptimal-old-noisy/70/driverlog_noisy_p04_hyp-4_70_1.tar.bz2:0.43057179451:0.00720864:0.43
> 0:False:9,21:158,45
> 1:False:7,19:158,45
> 2:False:7,22:158,45
> 3:False:9,19:158,45
> 4:True:8,15:158,45
> 5:False:10,24:158,45
driverlog-suboptimal-old-noisy/70/driverlog_noisy_p04_hyp-4_70_2.tar.bz2:0.432587862015:0.00727302:0.44
> 0:False:9,25:158,45
> 1:False:7,18:158,45
> 2:False:7,25:158,45
> 3:False:9,20:158,45
> 4:True:8,18:158,45
> 5:False:10,26:158,45
driverlog-suboptimal-old-noisy/70/driverlog_noisy_p04_hyp-4_70_3.tar.bz2:0.431708812714:0.00732602:0.44
> 0:False:9,25:159,46
> 1:False:7,22:159,46
> 2:False:7,28:159,46
> 3:False:9,21:159,46
> 4:True:8,19:159,46
> 5:False:10,25:159,46
driverlog-suboptimal-old-noisy/70/driverlog_noisy_p05_hyp-1_70_1.tar.bz2:0.447552919388:0.0080024:0.45
> 0:True:8,22:196,48
> 1:False:7,24:196,48
> 2:False:6,24:196,48
> 3:False:6,24:196,48
> 4:False:5,23:196,48
> 5:False:8,24:196,48
driverlog-suboptimal-old-noisy/70/driverlog_noisy_p05_hyp-1_70_2.tar.bz2:0.445639848709:0.00799217:0.45
> 0:True:8,22:196,48
> 1:False:7,28:196,48
> 2:False:6,22:196,48
> 3:False:6,28:196,48
> 4:False:5,26:196,48
> 5:False:8,25:196,48
driverlog-suboptimal-old-noisy/70/driverlog_noisy_p05_hyp-1_70_3.tar.bz2:0.444360971451:0.00813659:0.45
> 0:True:8,19:192,44
> 1:False:7,24:192,44
> 2:False:6,19:192,44
> 3:False:6,24:192,44
> 4:False:5,21:192,44
> 5:False:8,21:192,44
driverlog-suboptimal-old-noisy/70/driverlog_noisy_p05_hyp-2_70_1.tar.bz2:0.445366859436:0.00818104:0.44
> 0:True:8,20:195,47
> 1:False:7,27:195,47
> 2:False:6,20:195,47
> 3:False:6,27:195,47
> 4:False:5,25:195,47
> 5:False:8,21:195,47
driverlog-suboptimal-old-noisy/70/driverlog_noisy_p05_hyp-2_70_2.tar.bz2:0.443089008331:0.0080383:0.44
> 0:True:8,21:194,46
> 1:False:7,21:194,46
> 2:True:6,19:194,46
> 3:False:6,21:194,46
> 4:False:5,22:194,46
> 5:False:8,23:194,46
driverlog-suboptimal-old-noisy/70/driverlog_noisy_p05_hyp-2_70_3.tar.bz2:0.44522690773:0.00795641:0.44
> 0:True:8,22:195,47
> 1:False:7,25:195,47
> 2:True:6,20:195,47
> 3:False:6,25:195,47
> 4:False:5,23:195,47
> 5:True:8,22:195,47
driverlog-suboptimal-old-noisy/70/driverlog_noisy_p05_hyp-3_70_1.tar.bz2:0.444065093994:0.00794756:0.45
> 0:False:8,26:194,46
> 1:False:7,23:194,46
> 2:False:6,26:194,46
> 3:True:6,20:194,46
> 4:False:5,25:194,46
> 5:False:8,25:194,46
driverlog-suboptimal-old-noisy/70/driverlog_noisy_p05_hyp-3_70_2.tar.bz2:0.445847034454:0.00810533:0.45
> 0:False:8,26:194,46
> 1:False:7,23:194,46
> 2:False:6,24:194,46
> 3:True:6,21:194,46
> 4:False:5,24:194,46
> 5:False:8,26:194,46
driverlog-suboptimal-old-noisy/70/driverlog_noisy_p05_hyp-3_70_3.tar.bz2:0.446745872498:0.00800823:0.46
> 0:False:8,29:196,48
> 1:True:7,25:196,48
> 2:False:6,29:196,48
> 3:False:6,25:196,48
> 4:False:5,26:196,48
> 5:False:8,30:196,48
driverlog-suboptimal-old-noisy/70/driverlog_noisy_p05_hyp-4_70_1.tar.bz2:0.445419073105:0.00807938:0.44
> 0:False:8,24:195,47
> 1:False:7,26:195,47
> 2:False:6,22:195,47
> 3:False:6,25:195,47
> 4:False:5,27:195,47
> 5:True:8,22:195,47
driverlog-suboptimal-old-noisy/70/driverlog_noisy_p05_hyp-4_70_2.tar.bz2:0.445732831955:0.00824573:0.44
> 0:False:8,23:194,46
> 1:False:7,23:194,46
> 2:False:6,21:194,46
> 3:False:6,23:194,46
> 4:False:5,24:194,46
> 5:True:8,22:194,46
driverlog-suboptimal-old-noisy/70/driverlog_noisy_p05_hyp-4_70_3.tar.bz2:0.443108081818:0.0077046:0.45
> 0:False:8,21:196,48
> 1:False:7,26:196,48
> 2:False:6,19:196,48
> 3:False:6,26:196,48
> 4:False:5,25:196,48
> 5:True:8,19:196,48
driverlog-suboptimal-old-noisy/100/driverlog_noisy_p03_hyp-1_full_1.tar.bz2:0.546139001846:0.008241211:0.54
> 0:True:2,18:101,35
> 1:True:7,23:101,35
> 2:False:4,24:101,35
> 3:True:3,19:101,35
> 4:True:6,22:101,35
> 5:False:5,25:101,35
> 6:True:3,19:101,35
> 7:False:5,23:101,35
driverlog-suboptimal-old-noisy/100/driverlog_noisy_p03_hyp-1_full_2.tar.bz2:0.543266057968:0.008158285:0.55
> 0:False:2,15:100,34
> 1:False:7,21:100,34
> 2:False:4,21:100,34
> 3:True:3,14:100,34
> 4:False:6,21:100,34
> 5:False:5,21:100,34
> 6:False:3,15:100,34
> 7:False:5,20:100,34
driverlog-suboptimal-old-noisy/100/driverlog_noisy_p03_hyp-1_full_3.tar.bz2:0.546996116638:0.008516464:0.54
> 0:True:2,13:99,33
> 1:False:7,20:99,33
> 2:False:4,19:99,33
> 3:True:3,14:99,33
> 4:False:6,19:99,33
> 5:False:5,20:99,33
> 6:True:3,14:99,33
> 7:False:5,20:99,33
driverlog-suboptimal-old-noisy/100/driverlog_noisy_p03_hyp-2_full_1.tar.bz2:0.544862985611:0.008145905:0.55
> 0:False:2,32:108,42
> 1:True:7,25:108,42
> 2:False:4,30:108,42
> 3:False:3,32:108,42
> 4:False:6,26:108,42
> 5:False:5,29:108,42
> 6:False:3,31:108,42
> 7:False:5,28:108,42
driverlog-suboptimal-old-noisy/100/driverlog_noisy_p03_hyp-2_full_2.tar.bz2:0.546114206314:0.008328291:0.54
> 0:False:2,28:107,41
> 1:True:7,25:107,41
> 2:False:4,30:107,41
> 3:False:3,28:107,41
> 4:False:6,26:107,41
> 5:False:5,29:107,41
> 6:False:3,27:107,41
> 7:False:5,28:107,41
driverlog-suboptimal-old-noisy/100/driverlog_noisy_p03_hyp-2_full_3.tar.bz2:0.545767068863:0.008250267:0.54
> 0:False:2,30:106,40
> 1:True:7,25:106,40
> 2:False:4,30:106,40
> 3:False:3,30:106,40
> 4:False:6,26:106,40
> 5:False:5,29:106,40
> 6:False:3,29:106,40
> 7:False:5,26:106,40
driverlog-suboptimal-old-noisy/100/driverlog_noisy_p03_hyp-3_full_1.tar.bz2:0.546247959137:0.008499306:0.54
> 0:False:2,23:102,36
> 1:False:7,24:102,36
> 2:True:4,17:102,36
> 3:False:3,24:102,36
> 4:False:6,23:102,36
> 5:True:5,18:102,36
> 6:False:3,24:102,36
> 7:False:5,22:102,36
driverlog-suboptimal-old-noisy/100/driverlog_noisy_p03_hyp-3_full_2.tar.bz2:0.546609163284:0.008683106:0.55
> 0:False:2,23:103,37
> 1:False:7,25:103,37
> 2:False:4,19:103,37
> 3:False:3,22:103,37
> 4:False:6,25:103,37
> 5:True:5,19:103,37
> 6:False:3,23:103,37
> 7:False:5,22:103,37
driverlog-suboptimal-old-noisy/100/driverlog_noisy_p03_hyp-3_full_3.tar.bz2:0.543085813522:0.00835918:0.55
> 0:False:2,20:101,35
> 1:False:7,21:101,35
> 2:True:4,16:101,35
> 3:False:3,21:101,35
> 4:False:6,20:101,35
> 5:True:5,17:101,35
> 6:False:3,21:101,35
> 7:False:5,19:101,35
driverlog-suboptimal-old-noisy/100/driverlog_noisy_p03_hyp-4_full_1.tar.bz2:0.547215938568:0.008425515:0.55
> 0:True:2,17:101,35
> 1:True:7,22:101,35
> 2:False:4,23:101,35
> 3:True:3,18:101,35
> 4:True:6,21:101,35
> 5:False:5,24:101,35
> 6:True:3,18:101,35
> 7:False:5,24:101,35
driverlog-suboptimal-old-noisy/100/driverlog_noisy_p03_hyp-4_full_2.tar.bz2:0.548524141312:0.00877661:0.55
> 0:False:2,19:101,35
> 1:False:7,25:101,35
> 2:False:4,25:101,35
> 3:True:3,18:101,35
> 4:False:6,25:101,35
> 5:False:5,25:101,35
> 6:False:3,19:101,35
> 7:False:5,24:101,35
driverlog-suboptimal-old-noisy/100/driverlog_noisy_p03_hyp-4_full_3.tar.bz2:0.547115087509:0.008299063:0.54
> 0:True:2,16:101,35
> 1:False:7,23:101,35
> 2:False:4,22:101,35
> 3:True:3,17:101,35
> 4:False:6,22:101,35
> 5:False:5,23:101,35
> 6:True:3,17:101,35
> 7:False:5,23:101,35
driverlog-suboptimal-old-noisy/100/driverlog_noisy_p04_hyp-1_full_1.tar.bz2:0.431224107742:0.00738652:0.43
> 0:True:9,24:164,51
> 1:False:7,33:164,51
> 2:False:7,27:164,51
> 3:False:9,32:164,51
> 4:False:8,32:164,51
> 5:False:10,28:164,51
driverlog-suboptimal-old-noisy/100/driverlog_noisy_p04_hyp-1_full_2.tar.bz2:0.429113864899:0.00722219:0.42
> 0:True:9,24:163,50
> 1:False:7,30:163,50
> 2:False:7,27:163,50
> 3:False:9,31:163,50
> 4:False:8,28:163,50
> 5:False:10,28:163,50
driverlog-suboptimal-old-noisy/100/driverlog_noisy_p04_hyp-1_full_3.tar.bz2:0.430911064148:0.00723922:0.44
> 0:True:9,24:164,51
> 1:False:7,34:164,51
> 2:False:7,27:164,51
> 3:False:9,33:164,51
> 4:False:8,32:164,51
> 5:False:10,28:164,51
driverlog-suboptimal-old-noisy/100/driverlog_noisy_p04_hyp-2_full_1.tar.bz2:0.432791948318:0.00736576:0.43
> 0:False:9,26:158,45
> 1:True:7,16:158,45
> 2:False:7,26:158,45
> 3:False:9,19:158,45
> 4:False:8,20:158,45
> 5:False:10,25:158,45
driverlog-suboptimal-old-noisy/100/driverlog_noisy_p04_hyp-2_full_2.tar.bz2:0.431634187698:0.00739658:0.43
> 0:False:9,30:160,47
> 1:True:7,20:160,47
> 2:False:7,30:160,47
> 3:False:9,23:160,47
> 4:False:8,24:160,47
> 5:False:10,28:160,47
driverlog-suboptimal-old-noisy/100/driverlog_noisy_p04_hyp-2_full_3.tar.bz2:0.432085037231:0.00731996:0.44
> 0:False:9,29:159,46
> 1:True:7,19:159,46
> 2:False:7,28:159,46
> 3:False:9,23:159,46
> 4:False:8,22:159,46
> 5:False:10,28:159,46
driverlog-suboptimal-old-noisy/100/driverlog_noisy_p04_hyp-3_full_1.tar.bz2:0.429657936096:0.00722902:0.43
> 0:True:9,20:159,46
> 1:False:7,29:159,46
> 2:False:7,19:159,46
> 3:False:9,29:159,46
> 4:False:8,26:159,46
> 5:False:10,22:159,46
driverlog-suboptimal-old-noisy/100/driverlog_noisy_p04_hyp-3_full_2.tar.bz2:0.431256055832:0.00719184:0.43
> 0:False:9,22:158,45
> 1:False:7,29:158,45
> 2:False:7,19:158,45
> 3:False:9,26:158,45
> 4:False:8,28:158,45
> 5:True:10,21:158,45
driverlog-suboptimal-old-noisy/100/driverlog_noisy_p04_hyp-3_full_3.tar.bz2:0.433805942535:0.00720657:0.43
> 0:False:9,19:157,44
> 1:False:7,26:157,44
> 2:True:7,16:157,44
> 3:False:9,25:157,44
> 4:False:8,25:157,44
> 5:False:10,21:157,44
driverlog-suboptimal-old-noisy/100/driverlog_noisy_p04_hyp-4_full_1.tar.bz2:0.430148124695:0.0071294:0.43
> 0:False:9,31:163,50
> 1:False:7,25:163,50
> 2:False:7,32:163,50
> 3:False:9,25:163,50
> 4:True:8,23:163,50
> 5:False:10,32:163,50
driverlog-suboptimal-old-noisy/100/driverlog_noisy_p04_hyp-4_full_2.tar.bz2:0.431521892548:0.00734182:0.43
> 0:False:9,32:163,50
> 1:False:7,26:163,50
> 2:False:7,33:163,50
> 3:False:9,26:163,50
> 4:True:8,24:163,50
> 5:False:10,32:163,50
driverlog-suboptimal-old-noisy/100/driverlog_noisy_p04_hyp-4_full_3.tar.bz2:0.431890010834:0.00734857:0.42
> 0:False:9,28:162,49
> 1:False:7,26:162,49
> 2:False:7,29:162,49
> 3:False:9,24:162,49
> 4:True:8,22:162,49
> 5:False:10,30:162,49
driverlog-suboptimal-old-noisy/100/driverlog_noisy_p05_hyp-1_full_1.tar.bz2:0.443384170532:0.00788322:0.44
> 0:True:8,25:201,53
> 1:False:7,31:201,53
> 2:False:6,27:201,53
> 3:False:6,32:201,53
> 4:False:5,31:201,53
> 5:False:8,28:201,53
driverlog-suboptimal-old-noisy/100/driverlog_noisy_p05_hyp-1_full_2.tar.bz2:0.446000099182:0.00808098:0.45
> 0:True:8,29:202,54
> 1:False:7,35:202,54
> 2:False:6,29:202,54
> 3:False:6,34:202,54
> 4:False:5,31:202,54
> 5:False:8,30:202,54
driverlog-suboptimal-old-noisy/100/driverlog_noisy_p05_hyp-1_full_3.tar.bz2:0.445233106613:0.0082013:0.44
> 0:True:8,25:201,53
> 1:False:7,31:201,53
> 2:False:6,27:201,53
> 3:False:6,33:201,53
> 4:False:5,29:201,53
> 5:False:8,28:201,53
driverlog-suboptimal-old-noisy/100/driverlog_noisy_p05_hyp-2_full_1.tar.bz2:0.445488929749:0.00798452:0.45
> 0:False:8,27:200,52
> 1:False:7,31:200,52
> 2:False:6,25:200,52
> 3:False:6,29:200,52
> 4:False:5,28:200,52
> 5:True:8,25:200,52
driverlog-suboptimal-old-noisy/100/driverlog_noisy_p05_hyp-2_full_2.tar.bz2:0.443313121796:0.00774136:0.44
> 0:True:8,22:198,50
> 1:False:7,29:198,50
> 2:False:6,22:198,50
> 3:False:6,28:198,50
> 4:False:5,26:198,50
> 5:True:8,22:198,50
driverlog-suboptimal-old-noisy/100/driverlog_noisy_p05_hyp-2_full_3.tar.bz2:0.444264888763:0.00767809:0.44
> 0:False:8,26:199,51
> 1:False:7,32:199,51
> 2:False:6,24:199,51
> 3:False:6,31:199,51
> 4:False:5,28:199,51
> 5:True:8,25:199,51
driverlog-suboptimal-old-noisy/100/driverlog_noisy_p05_hyp-3_full_1.tar.bz2:0.445449113846:0.00805323:0.44
> 0:False:8,34:200,52
> 1:False:7,28:200,52
> 2:False:6,34:200,52
> 3:True:6,25:200,52
> 4:False:5,29:200,52
> 5:False:8,32:200,52
driverlog-suboptimal-old-noisy/100/driverlog_noisy_p05_hyp-3_full_2.tar.bz2:0.445963859558:0.00773591:0.45
> 0:False:8,32:200,52
> 1:False:7,27:200,52
> 2:False:6,32:200,52
> 3:True:6,24:200,52
> 4:False:5,29:200,52
> 5:False:8,31:200,52
driverlog-suboptimal-old-noisy/100/driverlog_noisy_p05_hyp-3_full_3.tar.bz2:0.443994045258:0.00776846:0.45
> 0:False:8,34:200,52
> 1:False:7,29:200,52
> 2:False:6,34:200,52
> 3:True:6,26:200,52
> 4:False:5,31:200,52
> 5:False:8,33:200,52
driverlog-suboptimal-old-noisy/100/driverlog_noisy_p05_hyp-4_full_1.tar.bz2:0.444203138351:0.00796433:0.45
> 0:False:8,27:200,52
> 1:False:7,32:200,52
> 2:False:6,25:200,52
> 3:False:6,31:200,52
> 4:False:5,31:200,52
> 5:True:8,25:200,52
driverlog-suboptimal-old-noisy/100/driverlog_noisy_p05_hyp-4_full_2.tar.bz2:0.444850921631:0.00793996:0.45
> 0:False:8,30:202,54
> 1:False:7,36:202,54
> 2:False:6,28:202,54
> 3:False:6,34:202,54
> 4:False:5,34:202,54
> 5:True:8,27:202,54
driverlog-suboptimal-old-noisy/100/driverlog_noisy_p05_hyp-4_full_3.tar.bz2:0.44650888443:0.00815844:0.45
> 0:False:8,30:202,54
> 1:False:7,36:202,54
> 2:False:6,28:202,54
> 3:False:6,33:202,54
> 4:False:5,33:202,54
> 5:True:8,26:202,54
