driverlog-optimal/10/driverlog_p03_hyp-1_10_1.tar.bz2:0.761991024017:0.07476465:0.76
> 0:True:4,6:3953,724,0
> 1:False:8,11:3953,724,0
> 2:False:5,8:3953,724,0
> 3:True:4,6:3953,724,0
> 4:False:8,11:3953,724,0
> 5:False:5,8:3953,724,0
> 6:True:5,7:3953,724,0
> 7:False:5,8:3953,724,0
driverlog-optimal/10/driverlog_p03_hyp-1_10_2.tar.bz2:0.740349054337:0.06700326:0.75
> 0:True:4,6:3953,724,0
> 1:False:8,11:3953,724,0
> 2:False:5,8:3953,724,0
> 3:True:4,6:3953,724,0
> 4:False:8,11:3953,724,0
> 5:False:5,8:3953,724,0
> 6:True:5,7:3953,724,0
> 7:False:5,8:3953,724,0
driverlog-optimal/10/driverlog_p03_hyp-1_10_3.tar.bz2:0.755980014801:0.06014308:0.75
> 0:True:4,6:3953,724,0
> 1:True:8,10:3953,724,0
> 2:True:5,7:3953,724,0
> 3:True:4,6:3953,724,0
> 4:True:8,10:3953,724,0
> 5:True:5,7:3953,724,0
> 6:True:5,7:3953,724,0
> 7:True:5,7:3953,724,0
driverlog-optimal/10/driverlog_p03_hyp-2_10_1.tar.bz2:0.744693040848:0.06197444:0.75
> 0:False:4,6:3954,727,0
> 1:True:8,9:3954,727,0
> 2:False:5,8:3954,727,0
> 3:False:4,6:3954,727,0
> 4:True:8,9:3954,727,0
> 5:False:5,8:3954,727,0
> 6:True:5,6:3954,727,0
> 7:False:5,7:3954,727,0
driverlog-optimal/10/driverlog_p03_hyp-2_10_2.tar.bz2:0.759900093079:0.0712119:0.76
> 0:False:4,6:3954,727,0
> 1:True:8,9:3954,727,0
> 2:False:5,7:3954,727,0
> 3:False:4,6:3954,727,0
> 4:True:8,9:3954,727,0
> 5:False:5,7:3954,727,0
> 6:False:5,7:3954,727,0
> 7:True:5,6:3954,727,0
driverlog-optimal/10/driverlog_p03_hyp-2_10_3.tar.bz2:0.766074895859:0.06763803:0.77
> 0:False:4,8:3954,727,0
> 1:True:8,11:3954,727,0
> 2:False:5,10:3954,727,0
> 3:False:4,8:3954,727,0
> 4:True:8,11:3954,727,0
> 5:False:5,10:3954,727,0
> 6:False:5,9:3954,727,0
> 7:True:5,8:3954,727,0
driverlog-optimal/10/driverlog_p03_hyp-3_10_1.tar.bz2:0.749341011047:0.07016331:0.75
> 0:False:4,7:3953,724,0
> 1:False:8,9:3953,724,0
> 2:True:5,5:3953,724,0
> 3:False:4,7:3953,724,0
> 4:False:8,9:3953,724,0
> 5:True:5,5:3953,724,0
> 6:False:5,7:3953,724,0
> 7:False:5,7:3953,724,0
driverlog-optimal/10/driverlog_p03_hyp-3_10_2.tar.bz2:0.732846021652:0.06338347:0.73
> 0:False:4,5:3953,724,0
> 1:True:8,8:3953,724,0
> 2:True:5,5:3953,724,0
> 3:False:4,5:3953,724,0
> 4:True:8,8:3953,724,0
> 5:True:5,5:3953,724,0
> 6:False:5,6:3953,724,0
> 7:True:5,5:3953,724,0
driverlog-optimal/10/driverlog_p03_hyp-3_10_3.tar.bz2:0.749825954437:0.06550146:0.75
> 0:False:4,6:3953,724,0
> 1:True:8,9:3953,724,0
> 2:False:5,7:3953,724,0
> 3:False:4,6:3953,724,0
> 4:True:8,9:3953,724,0
> 5:False:5,7:3953,724,0
> 6:False:5,7:3953,724,0
> 7:True:5,6:3953,724,0
driverlog-optimal/10/driverlog_p03_hyp-4_10_1.tar.bz2:0.749799966812:0.06150157:0.75
> 0:True:4,4:3953,724,0
> 1:True:8,8:3953,724,0
> 2:False:5,6:3953,724,0
> 3:True:4,4:3953,724,0
> 4:True:8,8:3953,724,0
> 5:False:5,6:3953,724,0
> 6:True:5,5:3953,724,0
> 7:False:5,6:3953,724,0
driverlog-optimal/10/driverlog_p03_hyp-4_10_2.tar.bz2:0.74360704422:0.06541332:0.74
> 0:True:4,6:3953,724,0
> 1:True:8,10:3953,724,0
> 2:True:5,7:3953,724,0
> 3:True:4,6:3953,724,0
> 4:True:8,10:3953,724,0
> 5:True:5,7:3953,724,0
> 6:True:5,7:3953,724,0
> 7:True:5,7:3953,724,0
driverlog-optimal/10/driverlog_p03_hyp-4_10_3.tar.bz2:0.783658981323:0.07848183:0.78
> 0:True:4,4:3953,724,0
> 1:True:8,8:3953,724,0
> 2:False:5,6:3953,724,0
> 3:True:4,4:3953,724,0
> 4:True:8,8:3953,724,0
> 5:False:5,6:3953,724,0
> 6:True:5,5:3953,724,0
> 7:False:5,6:3953,724,0
driverlog-optimal/10/driverlog_p04_hyp-1_10_1.tar.bz2:0.637799024582:0.07196214:0.63
> 0:True:9,11:8900,1144,0
> 1:False:7,12:8900,1144,0
> 2:True:9,11:8900,1144,0
> 3:False:10,14:8900,1144,0
> 4:True:9,11:8900,1144,0
> 5:False:11,14:8900,1144,0
driverlog-optimal/10/driverlog_p04_hyp-1_10_2.tar.bz2:0.659880876541:0.07620144:0.66
> 0:False:9,10:8900,1144,0
> 1:False:7,11:8900,1144,0
> 2:True:9,9:8900,1144,0
> 3:False:10,13:8900,1144,0
> 4:False:9,11:8900,1144,0
> 5:False:11,12:8900,1144,0
driverlog-optimal/10/driverlog_p04_hyp-1_10_3.tar.bz2:0.662461996078:0.0769553:0.66
> 0:False:9,11:8900,1144,0
> 1:False:7,11:8900,1144,0
> 2:True:9,9:8900,1144,0
> 3:False:10,13:8900,1144,0
> 4:False:9,11:8900,1144,0
> 5:False:11,13:8900,1144,0
driverlog-optimal/10/driverlog_p04_hyp-2_10_1.tar.bz2:0.652698040009:0.07710734:0.66
> 0:False:9,12:8900,1144,0
> 1:False:7,9:8900,1144,0
> 2:False:9,12:8900,1144,0
> 3:True:10,11:8900,1144,0
> 4:False:9,12:8900,1144,0
> 5:True:11,12:8900,1144,0
driverlog-optimal/10/driverlog_p04_hyp-2_10_2.tar.bz2:0.636970043182:0.07332213:0.65
> 0:False:9,13:8900,1144,0
> 1:False:7,9:8900,1144,0
> 2:False:9,12:8900,1144,0
> 3:True:10,11:8900,1144,0
> 4:False:9,12:8900,1144,0
> 5:False:11,13:8900,1144,0
driverlog-optimal/10/driverlog_p04_hyp-2_10_3.tar.bz2:0.646384000778:0.0789174:0.64
> 0:False:9,13:8900,1144,0
> 1:False:7,9:8900,1144,0
> 2:False:9,12:8900,1144,0
> 3:True:10,11:8900,1144,0
> 4:False:9,12:8900,1144,0
> 5:False:11,13:8900,1144,0
driverlog-optimal/10/driverlog_p04_hyp-3_10_1.tar.bz2:0.652848005295:0.0784419:0.65
> 0:False:9,11:8900,1144,0
> 1:False:7,10:8900,1144,0
> 2:True:9,9:8900,1144,0
> 3:False:10,12:8900,1144,0
> 4:False:9,10:8900,1144,0
> 5:False:11,13:8900,1144,0
driverlog-optimal/10/driverlog_p04_hyp-3_10_2.tar.bz2:0.656830072403:0.077041:0.67
> 0:False:9,11:8900,1144,0
> 1:False:7,10:8900,1144,0
> 2:True:9,10:8900,1144,0
> 3:False:10,13:8900,1144,0
> 4:False:9,11:8900,1144,0
> 5:False:11,13:8900,1144,0
driverlog-optimal/10/driverlog_p04_hyp-3_10_3.tar.bz2:0.643429994583:0.0759834:0.65
> 0:False:9,12:8900,1144,0
> 1:False:7,11:8900,1144,0
> 2:True:9,10:8900,1144,0
> 3:False:10,12:8900,1144,0
> 4:False:9,11:8900,1144,0
> 5:False:11,13:8900,1144,0
driverlog-optimal/10/driverlog_p04_hyp-4_10_1.tar.bz2:0.636049032211:0.06554633:0.64
> 0:True:9,10:8900,1144,0
> 1:False:7,10:8900,1144,0
> 2:True:9,10:8900,1144,0
> 3:False:10,12:8900,1144,0
> 4:True:9,10:8900,1144,0
> 5:True:11,12:8900,1144,0
driverlog-optimal/10/driverlog_p04_hyp-4_10_2.tar.bz2:0.647244930267:0.07309422:0.65
> 0:False:9,13:8900,1144,0
> 1:False:7,11:8900,1144,0
> 2:True:9,11:8900,1144,0
> 3:False:10,13:8900,1144,0
> 4:True:9,11:8900,1144,0
> 5:False:11,15:8900,1144,0
driverlog-optimal/10/driverlog_p04_hyp-4_10_3.tar.bz2:0.647313833237:0.0739837:0.64
> 0:False:9,13:8900,1144,0
> 1:False:7,11:8900,1144,0
> 2:False:9,12:8900,1144,0
> 3:False:10,13:8900,1144,0
> 4:True:9,10:8900,1144,0
> 5:False:11,15:8900,1144,0
driverlog-optimal/10/driverlog_p05_hyp-1_10_1.tar.bz2:0.691134929657:0.0874586:0.69
> 0:True:9,10:12006,1473,0
> 1:False:8,11:12006,1473,0
> 2:True:8,9:12006,1473,0
> 3:False:8,12:12006,1473,0
> 4:False:7,9:12006,1473,0
> 5:True:9,10:12006,1473,0
driverlog-optimal/10/driverlog_p05_hyp-1_10_2.tar.bz2:0.693611860275:0.089771:0.69
> 0:True:9,11:12006,1473,0
> 1:False:8,11:12006,1473,0
> 2:True:8,10:12006,1473,0
> 3:True:8,10:12006,1473,0
> 4:False:7,10:12006,1473,0
> 5:True:9,11:12006,1473,0
driverlog-optimal/10/driverlog_p05_hyp-1_10_3.tar.bz2:0.701536178589:0.088293:0.71
> 0:True:9,13:12006,1473,0
> 1:False:8,13:12006,1473,0
> 2:True:8,12:12006,1473,0
> 3:False:8,13:12006,1473,0
> 4:False:7,12:12006,1473,0
> 5:True:9,13:12006,1473,0
driverlog-optimal/10/driverlog_p05_hyp-2_10_1.tar.bz2:0.701874017715:0.088327:0.71
> 0:False:9,12:12006,1473,0
> 1:False:8,13:12006,1473,0
> 2:True:8,10:12006,1473,0
> 3:False:8,13:12006,1473,0
> 4:False:7,10:12006,1473,0
> 5:True:9,11:12006,1473,0
driverlog-optimal/10/driverlog_p05_hyp-2_10_2.tar.bz2:0.677901029587:0.0803039:0.68
> 0:False:9,12:12006,1473,0
> 1:False:8,13:12006,1473,0
> 2:True:8,10:12006,1473,0
> 3:False:8,13:12006,1473,0
> 4:False:7,11:12006,1473,0
> 5:True:9,11:12006,1473,0
driverlog-optimal/10/driverlog_p05_hyp-2_10_3.tar.bz2:0.673536062241:0.0782135:0.68
> 0:True:9,12:12006,1473,0
> 1:True:8,11:12006,1473,0
> 2:True:8,11:12006,1473,0
> 3:True:8,11:12006,1473,0
> 4:False:7,11:12006,1473,0
> 5:True:9,12:12006,1473,0
driverlog-optimal/10/driverlog_p05_hyp-3_10_1.tar.bz2:0.682213068008:0.0829306:0.68
> 0:False:9,13:12006,1473,0
> 1:False:8,11:12006,1473,0
> 2:False:8,12:12006,1473,0
> 3:True:8,9:12006,1473,0
> 4:False:7,10:12006,1473,0
> 5:False:9,12:12006,1473,0
driverlog-optimal/10/driverlog_p05_hyp-3_10_2.tar.bz2:0.70583319664:0.086104:0.7
> 0:False:9,12:12006,1473,0
> 1:True:8,8:12006,1473,0
> 2:False:8,11:12006,1473,0
> 3:False:8,9:12006,1473,0
> 4:False:7,8:12006,1473,0
> 5:False:9,12:12006,1473,0
driverlog-optimal/10/driverlog_p05_hyp-3_10_3.tar.bz2:0.687653064728:0.0904868:0.68
> 0:False:9,12:12006,1473,0
> 1:True:8,9:12006,1473,0
> 2:False:8,11:12006,1473,0
> 3:False:8,10:12006,1473,0
> 4:True:7,8:12006,1473,0
> 5:False:9,12:12006,1473,0
driverlog-optimal/10/driverlog_p05_hyp-4_10_1.tar.bz2:0.692054033279:0.0869934:0.69
> 0:True:9,11:12006,1473,0
> 1:False:8,12:12006,1473,0
> 2:True:8,10:12006,1473,0
> 3:False:8,12:12006,1473,0
> 4:False:7,11:12006,1473,0
> 5:True:9,11:12006,1473,0
driverlog-optimal/10/driverlog_p05_hyp-4_10_2.tar.bz2:0.676178216934:0.0850112:0.68
> 0:False:9,11:12006,1473,0
> 1:False:8,12:12006,1473,0
> 2:False:8,10:12006,1473,0
> 3:False:8,10:12006,1473,0
> 4:False:7,10:12006,1473,0
> 5:True:9,10:12006,1473,0
driverlog-optimal/10/driverlog_p05_hyp-4_10_3.tar.bz2:0.690186023712:0.0784962:0.69
> 0:True:9,10:12006,1473,0
> 1:False:8,11:12006,1473,0
> 2:True:8,9:12006,1473,0
> 3:False:8,11:12006,1473,0
> 4:False:7,9:12006,1473,0
> 5:True:9,10:12006,1473,0
driverlog-optimal/30/driverlog_p03_hyp-1_30_1.tar.bz2:0.763836860657:0.06310941:0.76
> 0:True:4,8:3955,730,0
> 1:True:8,12:3955,730,0
> 2:True:5,9:3955,730,0
> 3:True:4,8:3955,730,0
> 4:True:8,12:3955,730,0
> 5:True:5,9:3955,730,0
> 6:True:5,9:3955,730,0
> 7:True:5,9:3955,730,0
driverlog-optimal/30/driverlog_p03_hyp-1_30_2.tar.bz2:0.758059978485:0.07082082:0.76
> 0:True:4,8:3955,730,0
> 1:True:8,12:3955,730,0
> 2:True:5,9:3955,730,0
> 3:True:4,8:3955,730,0
> 4:True:8,12:3955,730,0
> 5:True:5,9:3955,730,0
> 6:True:5,9:3955,730,0
> 7:True:5,9:3955,730,0
driverlog-optimal/30/driverlog_p03_hyp-1_30_3.tar.bz2:0.746023893356:0.06729838:0.74
> 0:True:4,7:3955,730,0
> 1:False:8,13:3955,730,0
> 2:False:5,10:3955,730,0
> 3:False:4,8:3955,730,0
> 4:True:8,11:3955,730,0
> 5:False:5,11:3955,730,0
> 6:True:5,8:3955,730,0
> 7:False:5,11:3955,730,0
driverlog-optimal/30/driverlog_p03_hyp-2_30_1.tar.bz2:0.753592967987:0.06021346:0.75
> 0:True:4,8:3956,733,0
> 1:True:8,12:3956,733,0
> 2:True:5,9:3956,733,0
> 3:True:4,8:3956,733,0
> 4:True:8,12:3956,733,0
> 5:True:5,9:3956,733,0
> 6:True:5,9:3956,733,0
> 7:True:5,9:3956,733,0
driverlog-optimal/30/driverlog_p03_hyp-2_30_2.tar.bz2:0.759047985077:0.06683427:0.76
> 0:False:4,7:3956,733,0
> 1:True:8,9:3956,733,0
> 2:False:5,9:3956,733,0
> 3:False:4,7:3956,733,0
> 4:True:8,9:3956,733,0
> 5:False:5,9:3956,733,0
> 6:False:5,7:3956,733,0
> 7:False:5,8:3956,733,0
driverlog-optimal/30/driverlog_p03_hyp-2_30_3.tar.bz2:0.741724967957:0.06638223:0.75
> 0:False:4,8:3956,733,0
> 1:False:8,12:3956,733,0
> 2:False:5,10:3956,733,0
> 3:False:4,8:3956,733,0
> 4:False:8,12:3956,733,0
> 5:False:5,10:3956,733,0
> 6:True:5,8:3956,733,0
> 7:False:5,10:3956,733,0
driverlog-optimal/30/driverlog_p03_hyp-3_30_1.tar.bz2:0.733367919922:0.06084745:0.73
> 0:False:4,7:3955,730,0
> 1:False:8,11:3955,730,0
> 2:True:5,7:3955,730,0
> 3:False:4,7:3955,730,0
> 4:False:8,11:3955,730,0
> 5:True:5,7:3955,730,0
> 6:False:5,8:3955,730,0
> 7:False:5,8:3955,730,0
driverlog-optimal/30/driverlog_p03_hyp-3_30_2.tar.bz2:0.758123874664:0.0708215:0.76
> 0:False:4,10:3955,730,0
> 1:True:8,11:3955,730,0
> 2:False:5,9:3955,730,0
> 3:False:4,10:3955,730,0
> 4:True:8,11:3955,730,0
> 5:False:5,9:3955,730,0
> 6:False:5,10:3955,730,0
> 7:False:5,9:3955,730,0
driverlog-optimal/30/driverlog_p03_hyp-3_30_3.tar.bz2:0.736386060715:0.06351191:0.74
> 0:False:4,9:3955,730,0
> 1:True:8,10:3955,730,0
> 2:False:5,9:3955,730,0
> 3:False:4,9:3955,730,0
> 4:True:8,10:3955,730,0
> 5:False:5,9:3955,730,0
> 6:False:5,9:3955,730,0
> 7:False:5,8:3955,730,0
driverlog-optimal/30/driverlog_p03_hyp-4_30_1.tar.bz2:0.752067089081:0.06128251:0.75
> 0:True:4,6:3955,730,0
> 1:False:8,12:3955,730,0
> 2:False:5,11:3955,730,0
> 3:True:4,6:3955,730,0
> 4:False:8,12:3955,730,0
> 5:False:5,11:3955,730,0
> 6:True:5,7:3955,730,0
> 7:False:5,10:3955,730,0
driverlog-optimal/30/driverlog_p03_hyp-4_30_2.tar.bz2:0.756768941879:0.0699275:0.75
> 0:True:4,6:3955,730,0
> 1:False:8,12:3955,730,0
> 2:False:5,11:3955,730,0
> 3:True:4,6:3955,730,0
> 4:False:8,12:3955,730,0
> 5:False:5,11:3955,730,0
> 6:True:5,7:3955,730,0
> 7:False:5,10:3955,730,0
driverlog-optimal/30/driverlog_p03_hyp-4_30_3.tar.bz2:0.769478082657:0.07192153:0.76
> 0:True:4,6:3955,730,0
> 1:False:8,11:3955,730,0
> 2:False:5,10:3955,730,0
> 3:True:4,6:3955,730,0
> 4:False:8,11:3955,730,0
> 5:False:5,10:3955,730,0
> 6:True:5,7:3955,730,0
> 7:False:5,9:3955,730,0
driverlog-optimal/30/driverlog_p04_hyp-1_30_1.tar.bz2:0.647881984711:0.072316:0.65
> 0:False:9,12:8902,1150,0
> 1:False:7,15:8902,1150,0
> 2:True:9,11:8902,1150,0
> 3:False:10,16:8902,1150,0
> 4:False:9,15:8902,1150,0
> 5:False:11,14:8902,1150,0
driverlog-optimal/30/driverlog_p04_hyp-1_30_2.tar.bz2:0.65700507164:0.07638819:0.66
> 0:True:9,11:8902,1150,1
> 1:False:7,12:8902,1150,0
> 2:True:9,11:8902,1150,0
> 3:False:10,13:8902,1150,0
> 4:True:9,11:8902,1150,0
> 5:True:11,13:8902,1150,0
driverlog-optimal/30/driverlog_p04_hyp-1_30_3.tar.bz2:0.637586832047:0.07284552:0.63
> 0:False:9,10:8902,1150,0
> 1:False:7,12:8902,1150,0
> 2:True:9,9:8902,1150,0
> 3:False:10,14:8902,1150,0
> 4:False:9,12:8902,1150,0
> 5:False:11,12:8902,1150,0
driverlog-optimal/30/driverlog_p04_hyp-2_30_1.tar.bz2:0.644690036774:0.07207871:0.65
> 0:False:9,14:8902,1150,0
> 1:False:7,9:8902,1150,0
> 2:False:9,13:8902,1150,0
> 3:True:10,11:8902,1150,0
> 4:False:9,12:8902,1150,0
> 5:False:11,14:8902,1150,0
driverlog-optimal/30/driverlog_p04_hyp-2_30_2.tar.bz2:0.622184991837:0.0706712:0.63
> 0:False:9,13:8902,1150,0
> 1:False:7,10:8902,1150,0
> 2:False:9,12:8902,1150,0
> 3:True:10,11:8902,1150,0
> 4:False:9,12:8902,1150,0
> 5:False:11,13:8902,1150,0
driverlog-optimal/30/driverlog_p04_hyp-2_30_3.tar.bz2:0.630707979202:0.07098429:0.62
> 0:False:9,13:8902,1150,0
> 1:False:7,9:8902,1150,0
> 2:False:9,12:8902,1150,0
> 3:True:10,10:8902,1150,0
> 4:False:9,11:8902,1150,0
> 5:False:11,13:8902,1150,0
driverlog-optimal/30/driverlog_p04_hyp-3_30_1.tar.bz2:0.646788835526:0.07090618:0.65
> 0:False:9,11:8902,1150,0
> 1:False:7,12:8902,1150,0
> 2:True:9,9:8902,1150,0
> 3:False:10,13:8902,1150,0
> 4:False:9,12:8902,1150,0
> 5:False:11,13:8902,1150,0
driverlog-optimal/30/driverlog_p04_hyp-3_30_2.tar.bz2:0.641960144043:0.07158216:0.65
> 0:False:9,12:8902,1150,0
> 1:False:7,14:8902,1150,0
> 2:True:9,10:8902,1150,0
> 3:False:10,14:8902,1150,0
> 4:False:9,14:8902,1150,0
> 5:False:11,13:8902,1150,0
driverlog-optimal/30/driverlog_p04_hyp-3_30_3.tar.bz2:0.633074045181:0.07091584:0.63
> 0:False:9,11:8902,1150,0
> 1:False:7,11:8902,1150,0
> 2:True:9,9:8902,1150,0
> 3:False:10,13:8902,1150,0
> 4:False:9,11:8902,1150,0
> 5:False:11,13:8902,1150,0
driverlog-optimal/30/driverlog_p04_hyp-4_30_1.tar.bz2:0.649825811386:0.07010832:0.65
> 0:False:9,16:8903,1153,0
> 1:False:7,13:8903,1153,0
> 2:False:9,14:8903,1153,0
> 3:False:10,15:8903,1153,0
> 4:True:9,13:8903,1153,0
> 5:False:11,18:8903,1153,0
driverlog-optimal/30/driverlog_p04_hyp-4_30_2.tar.bz2:0.650804042816:0.0725476:0.65
> 0:False:9,15:8903,1153,0
> 1:False:7,13:8903,1153,0
> 2:False:9,15:8903,1153,0
> 3:False:10,15:8903,1153,0
> 4:True:9,12:8903,1153,0
> 5:False:11,17:8903,1153,0
driverlog-optimal/30/driverlog_p04_hyp-4_30_3.tar.bz2:0.645474910736:0.0705105:0.64
> 0:False:9,14:8903,1153,0
> 1:False:7,12:8903,1153,0
> 2:False:9,13:8903,1153,0
> 3:False:10,13:8903,1153,0
> 4:True:9,11:8903,1153,0
> 5:False:11,16:8903,1153,0
driverlog-optimal/30/driverlog_p05_hyp-1_30_1.tar.bz2:0.690147161484:0.0891339:0.68
> 0:True:9,14:12009,1482,0
> 1:False:8,15:12009,1482,0
> 2:True:8,13:12009,1482,0
> 3:False:8,15:12009,1482,0
> 4:False:7,14:12009,1482,0
> 5:False:9,15:12009,1482,0
driverlog-optimal/30/driverlog_p05_hyp-1_30_2.tar.bz2:0.695465087891:0.0894543:0.69
> 0:True:9,13:12009,1482,0
> 1:False:8,15:12009,1482,0
> 2:True:8,12:12009,1482,0
> 3:False:8,15:12009,1482,0
> 4:False:7,13:12009,1482,0
> 5:False:9,14:12009,1482,0
driverlog-optimal/30/driverlog_p05_hyp-1_30_3.tar.bz2:0.698663949966:0.0946946:0.7
> 0:True:9,14:12009,1482,0
> 1:False:8,14:12009,1482,0
> 2:False:8,14:12009,1482,0
> 3:False:8,15:12009,1482,0
> 4:False:7,14:12009,1482,0
> 5:False:9,16:12009,1482,0
driverlog-optimal/30/driverlog_p05_hyp-2_30_1.tar.bz2:0.698053836823:0.0856947:0.7
> 0:False:9,16:12009,1482,0
> 1:False:8,16:12009,1482,0
> 2:True:8,14:12009,1482,0
> 3:False:8,15:12009,1482,0
> 4:False:7,15:12009,1482,0
> 5:True:9,15:12009,1482,0
driverlog-optimal/30/driverlog_p05_hyp-2_30_2.tar.bz2:0.70556306839:0.0858712:0.7
> 0:False:9,14:12009,1482,0
> 1:False:8,17:12009,1482,0
> 2:True:8,12:12009,1482,0
> 3:False:8,16:12009,1482,0
> 4:False:7,14:12009,1482,0
> 5:False:9,14:12009,1482,0
driverlog-optimal/30/driverlog_p05_hyp-2_30_3.tar.bz2:0.693000078201:0.0872024:0.69
> 0:True:9,14:12009,1482,0
> 1:False:8,15:12009,1482,0
> 2:True:8,13:12009,1482,0
> 3:False:8,15:12009,1482,0
> 4:False:7,14:12009,1482,0
> 5:True:9,14:12009,1482,0
driverlog-optimal/30/driverlog_p05_hyp-3_30_1.tar.bz2:0.682676076889:0.0820464:0.68
> 0:False:9,16:12009,1482,0
> 1:True:8,13:12009,1482,0
> 2:False:8,15:12009,1482,0
> 3:True:8,13:12009,1482,0
> 4:True:7,12:12009,1482,0
> 5:False:9,16:12009,1482,0
driverlog-optimal/30/driverlog_p05_hyp-3_30_2.tar.bz2:0.664767980576:0.0805087:0.66
> 0:False:9,15:12009,1482,0
> 1:True:8,12:12009,1482,0
> 2:False:8,14:12009,1482,0
> 3:False:8,13:12009,1482,0
> 4:False:7,12:12009,1482,0
> 5:False:9,15:12009,1482,0
driverlog-optimal/30/driverlog_p05_hyp-3_30_3.tar.bz2:0.677798986435:0.0806603:0.68
> 0:False:9,16:12009,1482,0
> 1:False:8,13:12009,1482,0
> 2:False:8,15:12009,1482,0
> 3:True:8,11:12009,1482,0
> 4:False:7,13:12009,1482,0
> 5:False:9,15:12009,1482,0
driverlog-optimal/30/driverlog_p05_hyp-4_30_1.tar.bz2:0.684749126434:0.0757799:0.69
> 0:False:9,14:12009,1482,0
> 1:False:8,15:12009,1482,0
> 2:True:8,12:12009,1482,0
> 3:False:8,15:12009,1482,0
> 4:False:7,13:12009,1482,0
> 5:False:9,14:12009,1482,0
driverlog-optimal/30/driverlog_p05_hyp-4_30_2.tar.bz2:0.674824953079:0.0797196:0.67
> 0:False:9,17:12009,1482,0
> 1:False:8,16:12009,1482,0
> 2:False:8,15:12009,1482,0
> 3:False:8,14:12009,1482,0
> 4:False:7,14:12009,1482,0
> 5:True:9,14:12009,1482,0
driverlog-optimal/30/driverlog_p05_hyp-4_30_3.tar.bz2:0.683237075806:0.0861529:0.68
> 0:False:9,17:12009,1482,0
> 1:False:8,18:12009,1482,0
> 2:False:8,15:12009,1482,0
> 3:False:8,16:12009,1482,0
> 4:False:7,16:12009,1482,0
> 5:True:9,15:12009,1482,0
driverlog-optimal/50/driverlog_p03_hyp-1_50_1.tar.bz2:0.759531974792:0.06284345:0.75
> 0:True:4,8:3956,733,0
> 1:False:8,14:3956,733,0
> 2:False:5,11:3956,733,0
> 3:False:4,10:3956,733,0
> 4:False:8,13:3956,733,0
> 5:False:5,11:3956,733,0
> 6:False:5,10:3956,733,0
> 7:False:5,11:3956,733,0
driverlog-optimal/50/driverlog_p03_hyp-1_50_2.tar.bz2:0.757020950317:0.06400134:0.76
> 0:True:4,7:3956,733,0
> 1:False:8,13:3956,733,0
> 2:False:5,10:3956,733,0
> 3:False:4,9:3956,733,0
> 4:False:8,12:3956,733,0
> 5:False:5,10:3956,733,0
> 6:False:5,9:3956,733,0
> 7:False:5,10:3956,733,0
driverlog-optimal/50/driverlog_p03_hyp-1_50_3.tar.bz2:0.758396863937:0.07107692:0.76
> 0:True:4,7:3956,733,0
> 1:False:8,15:3956,733,0
> 2:False:5,12:3956,733,0
> 3:False:4,9:3956,733,0
> 4:False:8,13:3956,733,0
> 5:False:5,12:3956,733,0
> 6:False:5,9:3956,733,0
> 7:False:5,12:3956,733,0
driverlog-optimal/50/driverlog_p03_hyp-2_50_1.tar.bz2:0.744723081589:0.05986624:0.75
> 0:False:4,11:3959,742,0
> 1:True:8,13:3959,742,0
> 2:False:5,12:3959,742,0
> 3:False:4,11:3959,742,0
> 4:True:8,13:3959,742,0
> 5:False:5,12:3959,742,0
> 6:False:5,12:3959,742,0
> 7:True:5,10:3959,742,0
driverlog-optimal/50/driverlog_p03_hyp-2_50_2.tar.bz2:0.74852514267:0.0712217:0.74
> 0:False:4,13:3959,742,0
> 1:True:8,13:3959,742,0
> 2:False:5,14:3959,742,0
> 3:False:4,13:3959,742,0
> 4:True:8,13:3959,742,0
> 5:False:5,14:3959,742,0
> 6:False:5,13:3959,742,0
> 7:False:5,11:3959,742,0
driverlog-optimal/50/driverlog_p03_hyp-2_50_3.tar.bz2:0.757057905197:0.06614838:0.76
> 0:False:4,11:3959,742,0
> 1:True:8,13:3959,742,0
> 2:False:5,12:3959,742,0
> 3:False:4,11:3959,742,0
> 4:True:8,13:3959,742,0
> 5:False:5,12:3959,742,0
> 6:False:5,11:3959,742,0
> 7:False:5,11:3959,742,0
driverlog-optimal/50/driverlog_p03_hyp-3_50_1.tar.bz2:0.744843006134:0.06411212:0.74
> 0:False:4,9:3957,736,0
> 1:True:8,11:3957,736,0
> 2:False:5,9:3957,736,0
> 3:False:4,9:3957,736,0
> 4:True:8,11:3957,736,0
> 5:False:5,9:3957,736,0
> 6:False:5,10:3957,736,0
> 7:True:5,8:3957,736,0
driverlog-optimal/50/driverlog_p03_hyp-3_50_2.tar.bz2:0.769082069397:0.07393652:0.76
> 0:False:4,10:3957,736,0
> 1:True:8,11:3957,736,0
> 2:False:5,9:3957,736,0
> 3:False:4,10:3957,736,0
> 4:True:8,11:3957,736,0
> 5:False:5,9:3957,736,0
> 6:False:5,10:3957,736,0
> 7:False:5,9:3957,736,0
driverlog-optimal/50/driverlog_p03_hyp-3_50_3.tar.bz2:0.763883829117:0.06858543:0.76
> 0:False:4,11:3957,736,0
> 1:True:8,12:3957,736,0
> 2:True:5,9:3957,736,0
> 3:False:4,11:3957,736,0
> 4:True:8,12:3957,736,0
> 5:True:5,9:3957,736,0
> 6:False:5,11:3957,736,0
> 7:False:5,10:3957,736,0
driverlog-optimal/50/driverlog_p03_hyp-4_50_1.tar.bz2:0.737210035324:0.05552673:0.74
> 0:True:4,8:3956,733,0
> 1:False:8,13:3956,733,0
> 2:False:5,11:3956,733,0
> 3:True:4,8:3956,733,0
> 4:False:8,13:3956,733,0
> 5:False:5,11:3956,733,0
> 6:True:5,9:3956,733,0
> 7:False:5,10:3956,733,0
driverlog-optimal/50/driverlog_p03_hyp-4_50_2.tar.bz2:0.747812986374:0.06540569:0.74
> 0:True:4,8:3956,733,0
> 1:False:8,13:3956,733,0
> 2:False:5,11:3956,733,0
> 3:True:4,8:3956,733,0
> 4:False:8,13:3956,733,0
> 5:False:5,11:3956,733,0
> 6:True:5,9:3956,733,0
> 7:False:5,11:3956,733,0
driverlog-optimal/50/driverlog_p03_hyp-4_50_3.tar.bz2:0.752762079239:0.07052207:0.76
> 0:True:4,7:3956,733,0
> 1:True:8,11:3956,733,0
> 2:False:5,9:3956,733,0
> 3:True:4,7:3956,733,0
> 4:True:8,11:3956,733,0
> 5:False:5,9:3956,733,0
> 6:True:5,8:3956,733,0
> 7:False:5,9:3956,733,0
driverlog-optimal/50/driverlog_p04_hyp-1_50_1.tar.bz2:0.646797895432:0.07682955:0.64
> 0:True:9,11:8905,1159,0
> 1:False:7,14:8905,1159,0
> 2:True:9,11:8905,1159,0
> 3:False:10,15:8905,1159,0
> 4:False:9,13:8905,1159,0
> 5:False:11,15:8905,1159,0
driverlog-optimal/50/driverlog_p04_hyp-1_50_2.tar.bz2:0.654295921326:0.07224323:0.66
> 0:False:9,12:8905,1159,0
> 1:False:7,14:8905,1159,0
> 2:True:9,10:8905,1159,0
> 3:False:10,14:8905,1159,0
> 4:False:9,14:8905,1159,0
> 5:False:11,13:8905,1159,0
driverlog-optimal/50/driverlog_p04_hyp-1_50_3.tar.bz2:0.645358085632:0.0714687:0.64
> 0:False:9,13:8905,1159,0
> 1:False:7,14:8905,1159,0
> 2:True:9,11:8905,1159,0
> 3:False:10,14:8905,1159,0
> 4:False:9,14:8905,1159,0
> 5:False:11,14:8905,1159,0
driverlog-optimal/50/driverlog_p04_hyp-2_50_1.tar.bz2:0.637643098831:0.07337354:0.64
> 0:False:9,16:8904,1156,0
> 1:True:7,11:8904,1156,0
> 2:False:9,14:8904,1156,0
> 3:True:10,14:8904,1156,0
> 4:False:9,14:8904,1156,0
> 5:False:11,16:8904,1156,0
driverlog-optimal/50/driverlog_p04_hyp-2_50_2.tar.bz2:0.639320135117:0.07152544:0.64
> 0:False:9,15:8904,1156,0
> 1:False:7,9:8904,1156,0
> 2:False:9,14:8904,1156,0
> 3:True:10,11:8904,1156,0
> 4:False:9,12:8904,1156,0
> 5:False:11,15:8904,1156,0
driverlog-optimal/50/driverlog_p04_hyp-2_50_3.tar.bz2:0.641663789749:0.07263249:0.64
> 0:False:9,15:8904,1156,0
> 1:True:7,10:8904,1156,0
> 2:False:9,13:8904,1156,0
> 3:True:10,13:8904,1156,0
> 4:False:9,13:8904,1156,0
> 5:False:11,15:8904,1156,0
driverlog-optimal/50/driverlog_p04_hyp-3_50_1.tar.bz2:0.637894153595:0.06702892:0.64
> 0:False:9,12:8903,1153,0
> 1:False:7,13:8903,1153,0
> 2:True:9,10:8903,1153,0
> 3:False:10,15:8903,1153,0
> 4:False:9,13:8903,1153,0
> 5:False:11,14:8903,1153,0
driverlog-optimal/50/driverlog_p04_hyp-3_50_2.tar.bz2:0.64074420929:0.07318301:0.65
> 0:False:9,13:8903,1153,0
> 1:False:7,13:8903,1153,0
> 2:True:9,11:8903,1153,0
> 3:False:10,14:8903,1153,0
> 4:False:9,13:8903,1153,0
> 5:False:11,15:8903,1153,0
driverlog-optimal/50/driverlog_p04_hyp-3_50_3.tar.bz2:0.638388156891:0.0773934:0.64
> 0:False:9,13:8903,1153,0
> 1:False:7,13:8903,1153,0
> 2:True:9,11:8903,1153,0
> 3:False:10,15:8903,1153,0
> 4:False:9,13:8903,1153,0
> 5:False:11,15:8903,1153,0
driverlog-optimal/50/driverlog_p04_hyp-4_50_1.tar.bz2:0.636524915695:0.0752337:0.63
> 0:False:9,16:8905,1159,0
> 1:False:7,14:8905,1159,0
> 2:False:9,16:8905,1159,0
> 3:False:10,16:8905,1159,0
> 4:True:9,13:8905,1159,0
> 5:False:11,19:8905,1159,0
driverlog-optimal/50/driverlog_p04_hyp-4_50_2.tar.bz2:0.651969909668:0.0778981:0.66
> 0:False:9,15:8905,1159,0
> 1:False:7,13:8905,1159,0
> 2:False:9,14:8905,1159,0
> 3:False:10,15:8905,1159,0
> 4:True:9,13:8905,1159,0
> 5:False:11,17:8905,1159,0
driverlog-optimal/50/driverlog_p04_hyp-4_50_3.tar.bz2:0.648948192596:0.0752721:0.65
> 0:False:9,16:8905,1159,0
> 1:False:7,12:8905,1159,0
> 2:False:9,14:8905,1159,0
> 3:False:10,15:8905,1159,0
> 4:True:9,13:8905,1159,0
> 5:False:11,17:8905,1159,0
driverlog-optimal/50/driverlog_p05_hyp-1_50_1.tar.bz2:0.69066619873:0.0903179:0.69
> 0:True:9,14:12012,1491,0
> 1:False:8,16:12012,1491,0
> 2:False:8,14:12012,1491,0
> 3:False:8,16:12012,1491,0
> 4:False:7,15:12012,1491,0
> 5:False:9,16:12012,1491,0
driverlog-optimal/50/driverlog_p05_hyp-1_50_2.tar.bz2:0.68705201149:0.0833865:0.69
> 0:True:9,15:12012,1491,0
> 1:False:8,16:12012,1491,0
> 2:False:8,15:12012,1491,0
> 3:False:8,17:12012,1491,0
> 4:False:7,15:12012,1491,0
> 5:False:9,17:12012,1491,0
driverlog-optimal/50/driverlog_p05_hyp-1_50_3.tar.bz2:0.685526847839:0.0874597:0.68
> 0:True:9,13:12012,1491,0
> 1:False:8,14:12012,1491,0
> 2:False:8,13:12012,1491,0
> 3:False:8,16:12012,1491,0
> 4:False:7,14:12012,1491,0
> 5:False:9,15:12012,1491,0
driverlog-optimal/50/driverlog_p05_hyp-2_50_1.tar.bz2:0.681974172592:0.0870539:0.68
> 0:True:9,13:12011,1488,0
> 1:False:8,16:12011,1488,0
> 2:True:8,12:12011,1488,0
> 3:False:8,16:12011,1488,0
> 4:False:7,15:12011,1488,0
> 5:False:9,14:12011,1488,0
driverlog-optimal/50/driverlog_p05_hyp-2_50_2.tar.bz2:0.688633918762:0.0818577:0.7
> 0:False:9,15:12011,1488,0
> 1:False:8,18:12011,1488,0
> 2:True:8,13:12011,1488,0
> 3:False:8,17:12011,1488,0
> 4:False:7,15:12011,1488,0
> 5:False:9,15:12011,1488,0
driverlog-optimal/50/driverlog_p05_hyp-2_50_3.tar.bz2:0.678636074066:0.0825585:0.67
> 0:False:9,16:12011,1488,0
> 1:False:8,19:12011,1488,0
> 2:True:8,14:12011,1488,0
> 3:False:8,18:12011,1488,0
> 4:False:7,16:12011,1488,0
> 5:False:9,16:12011,1488,0
driverlog-optimal/50/driverlog_p05_hyp-3_50_1.tar.bz2:0.686294078827:0.0843219:0.68
> 0:False:9,16:12011,1488,0
> 1:True:8,14:12011,1488,0
> 2:False:8,15:12011,1488,0
> 3:True:8,14:12011,1488,0
> 4:True:7,13:12011,1488,0
> 5:False:9,16:12011,1488,0
driverlog-optimal/50/driverlog_p05_hyp-3_50_2.tar.bz2:0.697525024414:0.0852728:0.7
> 0:False:9,18:12011,1488,0
> 1:False:8,15:12011,1488,0
> 2:False:8,17:12011,1488,0
> 3:True:8,14:12011,1488,0
> 4:False:7,14:12011,1488,0
> 5:False:9,17:12011,1488,0
driverlog-optimal/50/driverlog_p05_hyp-3_50_3.tar.bz2:0.694959878922:0.0895169:0.7
> 0:False:9,16:12011,1488,0
> 1:False:8,13:12011,1488,0
> 2:False:8,15:12011,1488,0
> 3:True:8,12:12011,1488,0
> 4:False:7,13:12011,1488,0
> 5:False:9,15:12011,1488,0
driverlog-optimal/50/driverlog_p05_hyp-4_50_1.tar.bz2:0.689234972:0.0852515:0.68
> 0:False:9,17:12012,1491,0
> 1:False:8,18:12012,1491,0
> 2:False:8,15:12012,1491,0
> 3:False:8,16:12012,1491,0
> 4:False:7,15:12012,1491,0
> 5:True:9,14:12012,1491,0
driverlog-optimal/50/driverlog_p05_hyp-4_50_2.tar.bz2:0.693405866623:0.0862913:0.69
> 0:False:9,15:12012,1491,0
> 1:False:8,17:12012,1491,0
> 2:True:8,13:12012,1491,0
> 3:False:8,16:12012,1491,0
> 4:False:7,15:12012,1491,0
> 5:True:9,14:12012,1491,0
driverlog-optimal/50/driverlog_p05_hyp-4_50_3.tar.bz2:0.681018829346:0.0834337:0.69
> 0:False:9,18:12012,1491,0
> 1:False:8,20:12012,1491,0
> 2:False:8,16:12012,1491,0
> 3:False:8,18:12012,1491,0
> 4:False:7,17:12012,1491,0
> 5:True:9,15:12012,1491,0
driverlog-optimal/70/driverlog_p03_hyp-1_70_1.tar.bz2:0.738107204437:0.06514997:0.73
> 0:True:4,8:3958,739,0
> 1:False:8,15:3958,739,0
> 2:False:5,13:3958,739,0
> 3:False:4,9:3958,739,0
> 4:False:8,14:3958,739,0
> 5:False:5,13:3958,739,0
> 6:True:5,9:3958,739,0
> 7:False:5,13:3958,739,0
driverlog-optimal/70/driverlog_p03_hyp-1_70_2.tar.bz2:0.753318071365:0.0686262:0.75
> 0:True:4,8:3958,739,0
> 1:False:8,14:3958,739,0
> 2:False:5,11:3958,739,0
> 3:False:4,10:3958,739,0
> 4:False:8,13:3958,739,0
> 5:False:5,11:3958,739,0
> 6:False:5,10:3958,739,0
> 7:False:5,11:3958,739,0
driverlog-optimal/70/driverlog_p03_hyp-1_70_3.tar.bz2:0.744498968124:0.06814115:0.74
> 0:True:4,8:3958,739,0
> 1:False:8,16:3958,739,0
> 2:False:5,13:3958,739,0
> 3:False:4,10:3958,739,0
> 4:False:8,14:3958,739,0
> 5:False:5,13:3958,739,0
> 6:False:5,10:3958,739,0
> 7:False:5,13:3958,739,0
driverlog-optimal/70/driverlog_p03_hyp-2_70_1.tar.bz2:0.742541074753:0.06759684:0.74
> 0:False:4,13:3962,751,0
> 1:True:8,13:3962,751,0
> 2:False:5,15:3962,751,0
> 3:False:4,13:3962,751,0
> 4:True:8,13:3962,751,0
> 5:False:5,15:3962,751,0
> 6:False:5,13:3962,751,0
> 7:False:5,13:3962,751,0
driverlog-optimal/70/driverlog_p03_hyp-2_70_2.tar.bz2:0.749277114868:0.0655749:0.75
> 0:False:4,13:3962,751,0
> 1:True:8,13:3962,751,0
> 2:False:5,15:3962,751,0
> 3:False:4,13:3962,751,0
> 4:True:8,13:3962,751,0
> 5:False:5,15:3962,751,0
> 6:False:5,13:3962,751,0
> 7:False:5,13:3962,751,0
driverlog-optimal/70/driverlog_p03_hyp-2_70_3.tar.bz2:0.745067834854:0.06560454:0.75
> 0:False:4,14:3962,751,0
> 1:True:8,13:3962,751,0
> 2:False:5,16:3962,751,0
> 3:False:4,14:3962,751,0
> 4:True:8,13:3962,751,0
> 5:False:5,16:3962,751,0
> 6:False:5,14:3962,751,0
> 7:False:5,13:3962,751,0
driverlog-optimal/70/driverlog_p03_hyp-3_70_1.tar.bz2:0.742918968201:0.06442989:0.75
> 0:False:4,11:3959,742,0
> 1:True:8,12:3959,742,0
> 2:True:5,9:3959,742,0
> 3:False:4,11:3959,742,0
> 4:True:8,12:3959,742,0
> 5:True:5,9:3959,742,0
> 6:False:5,11:3959,742,0
> 7:False:5,10:3959,742,0
driverlog-optimal/70/driverlog_p03_hyp-3_70_2.tar.bz2:0.751528978348:0.06338006:0.74
> 0:False:4,12:3959,742,0
> 1:False:8,13:3959,742,0
> 2:True:5,9:3959,742,0
> 3:False:4,12:3959,742,0
> 4:False:8,13:3959,742,0
> 5:True:5,9:3959,742,0
> 6:False:5,12:3959,742,0
> 7:False:5,11:3959,742,0
driverlog-optimal/70/driverlog_p03_hyp-3_70_3.tar.bz2:0.760720014572:0.06378724:0.77
> 0:False:4,12:3959,742,0
> 1:True:8,13:3959,742,0
> 2:True:5,10:3959,742,0
> 3:False:4,12:3959,742,0
> 4:True:8,13:3959,742,0
> 5:True:5,10:3959,742,0
> 6:False:5,12:3959,742,0
> 7:False:5,11:3959,742,0
driverlog-optimal/70/driverlog_p03_hyp-4_70_1.tar.bz2:0.760237932205:0.06867133:0.76
> 0:True:4,8:3958,739,0
> 1:False:8,14:3958,739,0
> 2:False:5,13:3958,739,0
> 3:True:4,8:3958,739,0
> 4:False:8,14:3958,739,0
> 5:False:5,13:3958,739,0
> 6:True:5,9:3958,739,0
> 7:False:5,12:3958,739,0
driverlog-optimal/70/driverlog_p03_hyp-4_70_2.tar.bz2:0.741898059845:0.05991:0.74
> 0:True:4,7:3958,739,0
> 1:False:8,13:3958,739,0
> 2:False:5,12:3958,739,0
> 3:True:4,7:3958,739,0
> 4:False:8,13:3958,739,0
> 5:False:5,12:3958,739,0
> 6:True:5,8:3958,739,0
> 7:False:5,11:3958,739,0
driverlog-optimal/70/driverlog_p03_hyp-4_70_3.tar.bz2:0.768415927887:0.06536632:0.78
> 0:True:4,8:3958,739,0
> 1:False:8,14:3958,739,0
> 2:False:5,13:3958,739,0
> 3:True:4,8:3958,739,0
> 4:False:8,14:3958,739,0
> 5:False:5,13:3958,739,0
> 6:True:5,9:3958,739,0
> 7:False:5,12:3958,739,0
driverlog-optimal/70/driverlog_p04_hyp-1_70_1.tar.bz2:0.639709949493:0.0751124:0.64
> 0:True:9,12:8908,1168,0
> 1:False:7,16:8908,1168,0
> 2:True:9,12:8908,1168,0
> 3:False:10,17:8908,1168,0
> 4:False:9,15:8908,1168,0
> 5:False:11,16:8908,1168,0
driverlog-optimal/70/driverlog_p04_hyp-1_70_2.tar.bz2:0.653053998947:0.07397481:0.65
> 0:False:9,12:8908,1168,0
> 1:False:7,16:8908,1168,0
> 2:True:9,11:8908,1168,0
> 3:False:10,17:8908,1168,0
> 4:False:9,16:8908,1168,0
> 5:False:11,15:8908,1168,0
driverlog-optimal/70/driverlog_p04_hyp-1_70_3.tar.bz2:0.637089967728:0.07315314:0.64
> 0:True:9,12:8908,1168,0
> 1:False:7,16:8908,1168,0
> 2:True:9,12:8908,1168,0
> 3:False:10,17:8908,1168,0
> 4:False:9,15:8908,1168,0
> 5:False:11,16:8908,1168,0
driverlog-optimal/70/driverlog_p04_hyp-2_70_1.tar.bz2:0.621501922607:0.06386552:0.62
> 0:False:9,16:8906,1162,0
> 1:True:7,10:8906,1162,0
> 2:False:9,15:8906,1162,0
> 3:True:10,13:8906,1162,0
> 4:False:9,14:8906,1162,0
> 5:False:11,16:8906,1162,0
driverlog-optimal/70/driverlog_p04_hyp-2_70_2.tar.bz2:0.66467499733:0.07089317:0.65
> 0:False:9,15:8906,1162,0
> 1:False:7,10:8906,1162,0
> 2:False:9,14:8906,1162,0
> 3:True:10,11:8906,1162,0
> 4:False:9,12:8906,1162,0
> 5:False:11,15:8906,1162,0
driverlog-optimal/70/driverlog_p04_hyp-2_70_3.tar.bz2:0.656427145004:0.0751351:0.65
> 0:False:9,17:8906,1162,0
> 1:True:7,11:8906,1162,0
> 2:False:9,16:8906,1162,0
> 3:True:10,14:8906,1162,0
> 4:False:9,15:8906,1162,0
> 5:False:11,17:8906,1162,0
driverlog-optimal/70/driverlog_p04_hyp-3_70_1.tar.bz2:0.625685930252:0.07121848:0.62
> 0:False:9,13:8905,1159,1
> 1:False:7,16:8905,1159,1
> 2:True:9,11:8905,1159,1
> 3:False:10,17:8905,1159,1
> 4:False:9,16:8905,1159,1
> 5:False:11,15:8905,1159,1
driverlog-optimal/70/driverlog_p04_hyp-3_70_2.tar.bz2:0.641462087631:0.07163268:0.64
> 0:False:9,12:8906,1162,0
> 1:False:7,15:8906,1162,0
> 2:True:9,10:8906,1162,0
> 3:False:10,16:8906,1162,0
> 4:False:9,15:8906,1162,0
> 5:False:11,14:8906,1162,0
driverlog-optimal/70/driverlog_p04_hyp-3_70_3.tar.bz2:0.635833024979:0.06661851:0.63
> 0:False:9,11:8906,1162,0
> 1:False:7,13:8906,1162,0
> 2:True:9,9:8906,1162,0
> 3:False:10,14:8906,1162,0
> 4:False:9,13:8906,1162,0
> 5:False:11,13:8906,1162,0
driverlog-optimal/70/driverlog_p04_hyp-4_70_1.tar.bz2:0.648991107941:0.0829391:0.64
> 0:False:9,16:8908,1168,0
> 1:False:7,13:8908,1168,0
> 2:False:9,15:8908,1168,0
> 3:False:10,15:8908,1168,0
> 4:True:9,13:8908,1168,0
> 5:False:11,18:8908,1168,0
driverlog-optimal/70/driverlog_p04_hyp-4_70_2.tar.bz2:0.636693954468:0.07421561:0.64
> 0:False:9,18:8908,1168,0
> 1:False:7,15:8908,1168,0
> 2:False:9,18:8908,1168,0
> 3:False:10,17:8908,1168,0
> 4:True:9,14:8908,1168,0
> 5:False:11,21:8908,1168,0
driverlog-optimal/70/driverlog_p04_hyp-4_70_3.tar.bz2:0.635553836823:0.0679834:0.64
> 0:False:9,17:8908,1168,0
> 1:False:7,15:8908,1168,0
> 2:False:9,17:8908,1168,0
> 3:False:10,17:8908,1168,0
> 4:True:9,14:8908,1168,0
> 5:False:11,20:8908,1168,0
driverlog-optimal/70/driverlog_p05_hyp-1_70_1.tar.bz2:0.69819688797:0.0825265:0.69
> 0:True:9,15:12015,1500,0
> 1:False:8,16:12015,1500,0
> 2:False:8,15:12015,1500,0
> 3:False:8,18:12015,1500,0
> 4:False:7,15:12015,1500,0
> 5:False:9,16:12015,1500,0
driverlog-optimal/70/driverlog_p05_hyp-1_70_2.tar.bz2:0.681308984756:0.0838638:0.7
> 0:True:9,15:12015,1500,0
> 1:False:8,17:12015,1500,0
> 2:False:8,15:12015,1500,0
> 3:False:8,18:12015,1500,0
> 4:False:7,17:12015,1500,0
> 5:False:9,17:12015,1500,0
driverlog-optimal/70/driverlog_p05_hyp-1_70_3.tar.bz2:0.698755025864:0.0892971:0.69
> 0:True:9,15:12015,1500,0
> 1:False:8,19:12015,1500,0
> 2:True:8,14:12015,1500,0
> 3:False:8,19:12015,1500,0
> 4:False:7,17:12015,1500,0
> 5:False:9,17:12015,1500,0
driverlog-optimal/70/driverlog_p05_hyp-2_70_1.tar.bz2:0.687594175339:0.0818171:0.69
> 0:False:9,16:12014,1497,0
> 1:False:8,19:12014,1497,0
> 2:True:8,14:12014,1497,0
> 3:False:8,18:12014,1497,0
> 4:False:7,16:12014,1497,0
> 5:False:9,16:12014,1497,0
driverlog-optimal/70/driverlog_p05_hyp-2_70_2.tar.bz2:0.693828821182:0.0859549:0.69
> 0:False:9,16:12014,1497,0
> 1:False:8,19:12014,1497,0
> 2:True:8,14:12014,1497,0
> 3:False:8,18:12014,1497,0
> 4:False:7,16:12014,1497,0
> 5:False:9,16:12014,1497,0
driverlog-optimal/70/driverlog_p05_hyp-2_70_3.tar.bz2:0.682328224182:0.0909473:0.67
> 0:False:9,16:12014,1497,0
> 1:False:8,20:12014,1497,0
> 2:True:8,14:12014,1497,0
> 3:False:8,19:12014,1497,0
> 4:False:7,17:12014,1497,0
> 5:False:9,16:12014,1497,0
driverlog-optimal/70/driverlog_p05_hyp-3_70_1.tar.bz2:0.685857057571:0.0824523:0.69
> 0:False:9,18:12014,1497,0
> 1:True:8,12:12014,1497,0
> 2:False:8,17:12014,1497,0
> 3:False:8,13:12014,1497,0
> 4:False:7,12:12014,1497,0
> 5:False:9,18:12014,1497,0
driverlog-optimal/70/driverlog_p05_hyp-3_70_2.tar.bz2:0.685791015625:0.0872836:0.68
> 0:False:9,17:12014,1497,0
> 1:False:8,14:12014,1497,0
> 2:False:8,16:12014,1497,0
> 3:True:8,13:12014,1497,0
> 4:False:7,13:12014,1497,0
> 5:False:9,16:12014,1497,0
driverlog-optimal/70/driverlog_p05_hyp-3_70_3.tar.bz2:0.684970855713:0.0890474:0.68
> 0:False:9,19:12014,1497,0
> 1:False:8,15:12014,1497,0
> 2:False:8,18:12014,1497,0
> 3:True:8,14:12014,1497,0
> 4:False:7,15:12014,1497,0
> 5:False:9,18:12014,1497,0
driverlog-optimal/70/driverlog_p05_hyp-4_70_1.tar.bz2:0.697913885117:0.0844512:0.7
> 0:False:9,18:12015,1500,0
> 1:False:8,19:12015,1500,0
> 2:False:8,16:12015,1500,0
> 3:False:8,17:12015,1500,0
> 4:False:7,17:12015,1500,0
> 5:True:9,15:12015,1500,0
driverlog-optimal/70/driverlog_p05_hyp-4_70_2.tar.bz2:0.696464061737:0.0847161:0.69
> 0:False:9,18:12015,1500,0
> 1:False:8,20:12015,1500,0
> 2:False:8,16:12015,1500,0
> 3:False:8,18:12015,1500,0
> 4:False:7,17:12015,1500,0
> 5:True:9,15:12015,1500,0
driverlog-optimal/70/driverlog_p05_hyp-4_70_3.tar.bz2:0.690264940262:0.0822323:0.7
> 0:False:9,18:12015,1500,0
> 1:False:8,20:12015,1500,0
> 2:False:8,16:12015,1500,0
> 3:False:8,18:12015,1500,0
> 4:False:7,18:12015,1500,0
> 5:True:9,15:12015,1500,0
driverlog-optimal/100/driverlog_p03_hyp-1_full.tar.bz2:0.754194021225:0.07275888:0.75
> 0:True:4,8:3960,745,0
> 1:False:8,16:3960,745,0
> 2:False:5,13:3960,745,0
> 3:False:4,10:3960,745,0
> 4:False:8,14:3960,745,0
> 5:False:5,13:3960,745,0
> 6:False:5,10:3960,745,0
> 7:False:5,13:3960,745,0
driverlog-optimal/100/driverlog_p03_hyp-2_full.tar.bz2:0.758740186691:0.06262447:0.75
> 0:False:4,14:3965,760,0
> 1:True:8,13:3965,760,0
> 2:False:5,16:3965,760,0
> 3:False:4,14:3965,760,0
> 4:True:8,13:3965,760,0
> 5:False:5,16:3965,760,0
> 6:False:5,14:3965,760,0
> 7:False:5,13:3965,760,0
driverlog-optimal/100/driverlog_p03_hyp-3_full.tar.bz2:0.74424290657:0.07440469:0.74
> 0:False:4,13:3962,751,0
> 1:False:8,14:3962,751,0
> 2:True:5,10:3962,751,0
> 3:False:4,13:3962,751,0
> 4:False:8,14:3962,751,0
> 5:True:5,10:3962,751,0
> 6:False:5,13:3962,751,0
> 7:False:5,12:3962,751,0
driverlog-optimal/100/driverlog_p03_hyp-4_full.tar.bz2:0.746366977692:0.06124092:0.74
> 0:True:4,8:3960,745,0
> 1:False:8,14:3960,745,0
> 2:False:5,13:3960,745,0
> 3:True:4,8:3960,745,0
> 4:False:8,14:3960,745,0
> 5:False:5,13:3960,745,0
> 6:True:5,9:3960,745,0
> 7:False:5,12:3960,745,0
driverlog-optimal/100/driverlog_p04_hyp-1_full.tar.bz2:0.643052101135:0.0762195:0.64
> 0:True:9,13:8911,1177,0
> 1:False:7,18:8911,1177,0
> 2:True:9,13:8911,1177,0
> 3:False:10,19:8911,1177,0
> 4:False:9,17:8911,1177,0
> 5:False:11,17:8911,1177,0
driverlog-optimal/100/driverlog_p04_hyp-2_full.tar.bz2:0.636518001556:0.0710428:0.63
> 0:False:9,18:8909,1171,0
> 1:True:7,11:8909,1171,0
> 2:False:9,17:8909,1171,0
> 3:True:10,14:8909,1171,0
> 4:False:9,15:8909,1171,0
> 5:False:11,18:8909,1171,0
driverlog-optimal/100/driverlog_p04_hyp-3_full.tar.bz2:0.626815795898:0.06913591:0.63
> 0:False:9,13:8908,1168,1
> 1:False:7,16:8908,1168,1
> 2:True:9,11:8908,1168,1
> 3:False:10,17:8908,1168,1
> 4:False:9,16:8908,1168,1
> 5:False:11,15:8908,1168,1
driverlog-optimal/100/driverlog_p04_hyp-4_full.tar.bz2:0.634890079498:0.07036246:0.64
> 0:False:9,18:8912,1180,0
> 1:False:7,15:8912,1180,0
> 2:False:9,18:8912,1180,0
> 3:False:10,17:8912,1180,0
> 4:True:9,14:8912,1180,0
> 5:False:11,21:8912,1180,0
driverlog-optimal/100/driverlog_p05_hyp-1_full.tar.bz2:0.689134120941:0.0861642:0.7
> 0:True:9,15:12019,1512,0
> 1:False:8,19:12019,1512,0
> 2:False:8,15:12019,1512,0
> 3:False:8,20:12019,1512,0
> 4:False:7,18:12019,1512,0
> 5:False:9,18:12019,1512,0
driverlog-optimal/100/driverlog_p05_hyp-2_full.tar.bz2:0.685925006866:0.0880126:0.69
> 0:False:9,16:12018,1509,0
> 1:False:8,20:12018,1509,0
> 2:True:8,14:12018,1509,0
> 3:False:8,19:12018,1509,0
> 4:False:7,17:12018,1509,0
> 5:False:9,16:12018,1509,0
driverlog-optimal/100/driverlog_p05_hyp-3_full.tar.bz2:0.696587085724:0.0880541:0.7
> 0:False:9,20:12018,1509,0
> 1:False:8,15:12018,1509,0
> 2:False:8,19:12018,1509,0
> 3:True:8,14:12018,1509,0
> 4:False:7,15:12018,1509,0
> 5:False:9,19:12018,1509,0
driverlog-optimal/100/driverlog_p05_hyp-4_full.tar.bz2:0.684633970261:0.0853431:0.69
> 0:False:9,18:12019,1512,0
> 1:False:8,21:12019,1512,0
> 2:False:8,16:12019,1512,0
> 3:False:8,19:12019,1512,0
> 4:False:7,18:12019,1512,0
> 5:True:9,15:12019,1512,0
