driverlog-suboptimal-old-noisy/10/driverlog_noisy_p03_hyp-1_10_1.tar.bz2:0.559435129166:0.02301251:0.56
> 0:True:2,4:108,39
> 1:False:7,10:108,39
> 2:False:4,7:108,39
> 3:True:3,5:108,39
> 4:False:6,9:108,39
> 5:False:5,8:108,39
> 6:True:3,5:108,39
> 7:False:5,8:108,39
driverlog-suboptimal-old-noisy/10/driverlog_noisy_p03_hyp-1_10_2.tar.bz2:0.555022001266:0.02464757:0.55
> 0:True:2,5:157,79
> 1:True:7,10:157,79
> 2:True:4,7:157,79
> 3:True:3,6:157,79
> 4:True:6,9:157,79
> 5:True:5,8:157,79
> 6:True:3,6:157,79
> 7:True:5,8:157,79
driverlog-suboptimal-old-noisy/10/driverlog_noisy_p03_hyp-1_10_3.tar.bz2:0.557674884796:0.02432114:0.57
> 0:True:2,5:129,59
> 1:True:7,10:129,59
> 2:False:4,8:129,59
> 3:True:3,6:129,59
> 4:True:6,9:129,59
> 5:False:5,9:129,59
> 6:True:3,6:129,59
> 7:False:5,9:129,59
driverlog-suboptimal-old-noisy/10/driverlog_noisy_p03_hyp-2_10_1.tar.bz2:0.560376167297:0.0240224:0.56
> 0:False:2,5:103,46
> 1:True:7,9:103,46
> 2:False:4,7:103,46
> 3:False:3,6:103,46
> 4:False:6,9:103,46
> 5:True:5,7:103,46
> 6:True:3,5:103,46
> 7:False:5,8:103,46
driverlog-suboptimal-old-noisy/10/driverlog_noisy_p03_hyp-2_10_2.tar.bz2:0.559154987335:0.02331658:0.56
> 0:False:2,6:108,39
> 1:True:7,7:108,39
> 2:False:4,8:108,39
> 3:False:3,7:108,39
> 4:False:6,8:108,39
> 5:False:5,9:108,39
> 6:False:3,7:108,39
> 7:False:5,7:108,39
driverlog-suboptimal-old-noisy/10/driverlog_noisy_p03_hyp-2_10_3.tar.bz2:0.559221982956:0.02392431:0.56
> 0:False:2,5:115,51
> 1:True:7,9:115,51
> 2:False:4,7:115,51
> 3:False:3,6:115,51
> 4:True:6,8:115,51
> 5:False:5,8:115,51
> 6:False:3,6:115,51
> 7:True:5,7:115,51
driverlog-suboptimal-old-noisy/10/driverlog_noisy_p03_hyp-3_10_1.tar.bz2:0.562510967255:0.02620011:0.56
> 0:False:2,6:114,49
> 1:False:7,11:114,49
> 2:False:4,8:114,49
> 3:False:3,7:114,49
> 4:False:6,10:114,49
> 5:True:5,7:114,49
> 6:False:3,7:114,49
> 7:False:5,9:114,49
driverlog-suboptimal-old-noisy/10/driverlog_noisy_p03_hyp-3_10_2.tar.bz2:0.557489156723:0.02395835:0.57
> 0:False:2,6:108,40
> 1:True:7,7:108,40
> 2:False:4,8:108,40
> 3:False:3,7:108,40
> 4:False:6,8:108,40
> 5:False:5,7:108,40
> 6:False:3,7:108,40
> 7:True:5,5:108,40
driverlog-suboptimal-old-noisy/10/driverlog_noisy_p03_hyp-3_10_3.tar.bz2:0.558292865753:0.02394611:0.56
> 0:False:2,5:97,38
> 1:True:7,8:97,38
> 2:False:4,7:97,38
> 3:False:3,6:97,38
> 4:True:6,7:97,38
> 5:False:5,8:97,38
> 6:False:3,6:97,38
> 7:True:5,6:97,38
driverlog-suboptimal-old-noisy/10/driverlog_noisy_p03_hyp-4_10_1.tar.bz2:0.560976028442:0.02546649:0.56
> 0:False:2,4:114,50
> 1:False:7,9:114,50
> 2:False:4,8:114,50
> 3:True:3,4:114,50
> 4:False:6,8:114,50
> 5:False:5,9:114,50
> 6:False:3,5:114,50
> 7:False:5,8:114,50
driverlog-suboptimal-old-noisy/10/driverlog_noisy_p03_hyp-4_10_2.tar.bz2:0.559890031815:0.02608513:0.56
> 0:True:2,6:157,80
> 1:True:7,11:157,80
> 2:True:4,8:157,80
> 3:True:3,7:157,80
> 4:True:6,10:157,80
> 5:True:5,9:157,80
> 6:True:3,7:157,80
> 7:True:5,9:157,80
driverlog-suboptimal-old-noisy/10/driverlog_noisy_p03_hyp-4_10_3.tar.bz2:0.556519985199:0.02456172:0.56
> 0:False:2,6:175,94
> 1:True:7,8:175,94
> 2:False:4,8:175,94
> 3:False:3,5:175,94
> 4:False:6,8:175,94
> 5:False:5,9:175,94
> 6:False:3,5:175,94
> 7:False:5,7:175,94
driverlog-suboptimal-old-noisy/10/driverlog_noisy_p04_hyp-1_10_1.tar.bz2:0.442051887512:0.02200548:0.44
> 0:True:9,11:172,52
> 1:False:7,11:172,52
> 2:False:7,11:172,52
> 3:False:9,12:172,52
> 4:True:8,10:172,52
> 5:False:10,13:172,52
driverlog-suboptimal-old-noisy/10/driverlog_noisy_p04_hyp-1_10_2.tar.bz2:0.442781925201:0.02149869:0.45
> 0:True:9,11:173,53
> 1:True:7,9:173,53
> 2:True:7,9:173,53
> 3:True:9,11:173,53
> 4:True:8,10:173,53
> 5:True:10,12:173,53
driverlog-suboptimal-old-noisy/10/driverlog_noisy_p04_hyp-1_10_3.tar.bz2:0.445817947388:0.02268445:0.45
> 0:True:9,10:172,53
> 1:False:7,11:172,53
> 2:False:7,11:172,53
> 3:False:9,12:172,53
> 4:False:8,10:172,53
> 5:False:10,12:172,53
driverlog-suboptimal-old-noisy/10/driverlog_noisy_p04_hyp-2_10_1.tar.bz2:0.448081970215:0.02663015:0.46
> 0:False:9,12:211,87
> 1:True:7,9:211,87
> 2:False:7,10:211,87
> 3:True:9,11:211,87
> 4:True:8,10:211,87
> 5:False:10,13:211,87
driverlog-suboptimal-old-noisy/10/driverlog_noisy_p04_hyp-2_10_2.tar.bz2:0.430917978287:0.00862639:0.42
> 0:False:9,11:147,36
> 1:True:7,8:147,36
> 2:False:7,9:147,36
> 3:False:9,11:147,36
> 4:False:8,10:147,36
> 5:False:10,12:147,36
driverlog-suboptimal-old-noisy/10/driverlog_noisy_p04_hyp-2_10_3.tar.bz2:0.453551054001:0.02802434:0.46
> 0:False:9,13:241,110
> 1:False:7,11:241,110
> 2:False:7,11:241,110
> 3:True:9,12:241,110
> 4:True:8,11:241,110
> 5:True:10,13:241,110
driverlog-suboptimal-old-noisy/10/driverlog_noisy_p04_hyp-3_10_1.tar.bz2:0.449880838394:0.02658511:0.45
> 0:True:9,10:255,111
> 1:False:7,9:255,111
> 2:False:7,9:255,111
> 3:False:9,11:255,111
> 4:False:8,10:255,111
> 5:False:10,12:255,111
driverlog-suboptimal-old-noisy/10/driverlog_noisy_p04_hyp-3_10_2.tar.bz2:0.446283102036:0.02517681:0.44
> 0:True:9,11:184,68
> 1:False:7,11:184,68
> 2:True:7,9:184,68
> 3:True:9,11:184,68
> 4:False:8,11:184,68
> 5:True:10,12:184,68
driverlog-suboptimal-old-noisy/10/driverlog_noisy_p04_hyp-3_10_3.tar.bz2:0.448390007019:0.0250502:0.45
> 0:False:9,12:211,87
> 1:False:7,10:211,87
> 2:True:7,9:211,87
> 3:False:9,12:211,87
> 4:True:8,10:211,87
> 5:False:10,13:211,87
driverlog-suboptimal-old-noisy/10/driverlog_noisy_p04_hyp-4_10_1.tar.bz2:0.442906856537:0.02148613:0.45
> 0:False:9,13:172,52
> 1:True:7,9:172,52
> 2:False:7,11:172,52
> 3:False:9,12:172,52
> 4:True:8,10:172,52
> 5:False:10,13:172,52
driverlog-suboptimal-old-noisy/10/driverlog_noisy_p04_hyp-4_10_2.tar.bz2:0.445368051529:0.02334177:0.45
> 0:True:9,11:171,67
> 1:False:7,11:171,67
> 2:False:7,10:171,67
> 3:False:9,12:171,67
> 4:False:8,11:171,67
> 5:True:10,12:171,67
driverlog-suboptimal-old-noisy/10/driverlog_noisy_p04_hyp-4_10_3.tar.bz2:0.446939945221:0.02554281:0.46
> 0:True:9,11:255,112
> 1:True:7,9:255,112
> 2:True:7,9:255,112
> 3:True:9,11:255,112
> 4:True:8,10:255,112
> 5:True:10,12:255,112
driverlog-suboptimal-old-noisy/10/driverlog_noisy_p05_hyp-1_10_1.tar.bz2:0.464296102524:0.026484:0.46
> 0:True:8,11:326,138
> 1:False:7,11:326,138
> 2:False:6,10:326,138
> 3:False:6,11:326,138
> 4:False:5,10:326,138
> 5:False:8,12:326,138
driverlog-suboptimal-old-noisy/10/driverlog_noisy_p05_hyp-1_10_2.tar.bz2:0.462517976761:0.02508059:0.47
> 0:True:8,13:303,124
> 1:False:7,13:303,124
> 2:False:6,12:303,124
> 3:False:6,12:303,124
> 4:False:5,11:303,124
> 5:True:8,13:303,124
driverlog-suboptimal-old-noisy/10/driverlog_noisy_p05_hyp-1_10_3.tar.bz2:0.458065032959:0.02386374:0.46
> 0:True:8,10:224,74
> 1:False:7,11:224,74
> 2:True:6,8:224,74
> 3:False:6,10:224,74
> 4:False:5,9:224,74
> 5:True:8,10:224,74
driverlog-suboptimal-old-noisy/10/driverlog_noisy_p05_hyp-2_10_1.tar.bz2:0.464365005493:0.02706191:0.46
> 0:False:8,10:375,171
> 1:False:7,11:375,171
> 2:False:6,8:375,171
> 3:False:6,10:375,171
> 4:False:5,9:375,171
> 5:True:8,9:375,171
driverlog-suboptimal-old-noisy/10/driverlog_noisy_p05_hyp-2_10_2.tar.bz2:0.46698307991:0.02905576:0.47
> 0:True:8,11:283,114
> 1:True:7,10:283,114
> 2:True:6,9:283,114
> 3:True:6,9:283,114
> 4:False:5,9:283,114
> 5:False:8,12:283,114
driverlog-suboptimal-old-noisy/10/driverlog_noisy_p05_hyp-2_10_3.tar.bz2:0.460150957108:0.02316772:0.46
> 0:True:8,10:195,52
> 1:True:7,9:195,52
> 2:True:6,8:195,52
> 3:False:6,10:195,52
> 4:True:5,7:195,52
> 5:True:8,10:195,52
driverlog-suboptimal-old-noisy/10/driverlog_noisy_p05_hyp-3_10_1.tar.bz2:0.459551095963:0.02407326:0.46
> 0:False:8,12:327,139
> 1:False:7,9:327,139
> 2:False:6,10:327,139
> 3:True:6,7:327,139
> 4:False:5,7:327,139
> 5:False:8,12:327,139
driverlog-suboptimal-old-noisy/10/driverlog_noisy_p05_hyp-3_10_2.tar.bz2:0.456753015518:0.025396:0.45
> 0:True:8,11:270,96
> 1:True:7,10:270,96
> 2:True:6,9:270,96
> 3:True:6,9:270,96
> 4:False:5,9:270,96
> 5:False:8,12:270,96
driverlog-suboptimal-old-noisy/10/driverlog_noisy_p05_hyp-3_10_3.tar.bz2:0.459079027176:0.0246107:0.46
> 0:False:8,12:207,70
> 1:False:7,10:207,70
> 2:False:6,10:207,70
> 3:True:6,8:207,70
> 4:False:5,8:207,70
> 5:False:8,11:207,70
driverlog-suboptimal-old-noisy/10/driverlog_noisy_p05_hyp-4_10_1.tar.bz2:0.460232019424:0.02243245:0.46
> 0:True:8,12:238,74
> 1:False:7,13:238,74
> 2:True:6,10:238,74
> 3:False:6,12:238,74
> 4:False:5,11:238,74
> 5:True:8,12:238,74
driverlog-suboptimal-old-noisy/10/driverlog_noisy_p05_hyp-4_10_2.tar.bz2:0.457960128784:0.02229244:0.46
> 0:True:8,12:210,56
> 1:False:7,12:210,56
> 2:True:6,10:210,56
> 3:False:6,11:210,56
> 4:False:5,11:210,56
> 5:False:8,13:210,56
driverlog-suboptimal-old-noisy/10/driverlog_noisy_p05_hyp-4_10_3.tar.bz2:0.463954925537:0.02639748:0.48
> 0:True:8,11:223,73
> 1:True:7,10:223,73
> 2:True:6,9:223,73
> 3:True:6,9:223,73
> 4:False:5,9:223,73
> 5:False:8,12:223,73
driverlog-suboptimal-old-noisy/30/driverlog_noisy_p03_hyp-1_30_1.tar.bz2:0.55965590477:0.0249392:0.56
> 0:True:2,6:131,62
> 1:False:7,12:131,62
> 2:False:4,10:131,62
> 3:True:3,7:131,62
> 4:False:6,11:131,62
> 5:False:5,11:131,62
> 6:True:3,7:131,62
> 7:False:5,11:131,62
driverlog-suboptimal-old-noisy/30/driverlog_noisy_p03_hyp-1_30_2.tar.bz2:0.557039022446:0.02172883:0.56
> 0:False:2,6:111,43
> 1:True:7,10:111,43
> 2:False:4,9:111,43
> 3:False:3,7:111,43
> 4:True:6,9:111,43
> 5:False:5,10:111,43
> 6:False:3,7:111,43
> 7:True:5,8:111,43
driverlog-suboptimal-old-noisy/30/driverlog_noisy_p03_hyp-1_30_3.tar.bz2:0.570929050446:0.03336044:0.57
> 0:True:2,5:221,132
> 1:False:7,11:221,132
> 2:False:4,11:221,132
> 3:True:3,6:221,132
> 4:False:6,10:221,132
> 5:False:5,12:221,132
> 6:True:3,6:221,132
> 7:False:5,10:221,132
driverlog-suboptimal-old-noisy/30/driverlog_noisy_p03_hyp-2_30_1.tar.bz2:0.564274072647:0.02595457:0.57
> 0:False:2,13:192,106
> 1:True:7,14:192,106
> 2:False:4,15:192,106
> 3:False:3,14:192,106
> 4:False:6,15:192,106
> 5:False:5,16:192,106
> 6:False:3,14:192,106
> 7:False:5,14:192,106
driverlog-suboptimal-old-noisy/30/driverlog_noisy_p03_hyp-2_30_2.tar.bz2:0.560393095016:0.02222844:0.56
> 0:False:2,8:137,72
> 1:True:7,11:137,72
> 2:False:4,10:137,72
> 3:False:3,8:137,72
> 4:True:6,10:137,72
> 5:False:5,11:137,72
> 6:False:3,9:137,72
> 7:False:5,10:137,72
driverlog-suboptimal-old-noisy/30/driverlog_noisy_p03_hyp-2_30_3.tar.bz2:0.559195041656:0.02386863:0.56
> 0:False:2,10:157,88
> 1:True:7,13:157,88
> 2:False:4,14:157,88
> 3:False:3,11:157,88
> 4:True:6,12:157,88
> 5:False:5,15:157,88
> 6:False:3,11:157,88
> 7:False:5,13:157,88
driverlog-suboptimal-old-noisy/30/driverlog_noisy_p03_hyp-3_30_1.tar.bz2:0.557217121124:0.02658432:0.56
> 0:False:2,10:179,95
> 1:False:7,13:179,95
> 2:False:4,8:179,95
> 3:False:3,11:179,95
> 4:False:6,14:179,95
> 5:True:5,7:179,95
> 6:False:3,11:179,95
> 7:False:5,11:179,95
driverlog-suboptimal-old-noisy/30/driverlog_noisy_p03_hyp-3_30_2.tar.bz2:0.565905094147:0.02714621:0.56
> 0:False:2,9:176,97
> 1:False:7,14:176,97
> 2:True:4,9:176,97
> 3:False:3,10:176,97
> 4:False:6,13:176,97
> 5:True:5,10:176,97
> 6:False:3,10:176,97
> 7:False:5,12:176,97
driverlog-suboptimal-old-noisy/30/driverlog_noisy_p03_hyp-3_30_3.tar.bz2:0.560238838196:0.02263401:0.55
> 0:False:2,10:136,68
> 1:False:7,12:136,68
> 2:True:4,8:136,68
> 3:False:3,11:136,68
> 4:False:6,11:136,68
> 5:True:5,9:136,68
> 6:False:3,11:136,68
> 7:False:5,11:136,68
driverlog-suboptimal-old-noisy/30/driverlog_noisy_p03_hyp-4_30_1.tar.bz2:0.5623960495:0.02765225:0.57
> 0:False:2,7:123,63
> 1:False:7,12:123,63
> 2:False:4,9:123,63
> 3:True:3,7:123,63
> 4:False:6,11:123,63
> 5:False:5,10:123,63
> 6:False:3,8:123,63
> 7:True:5,9:123,63
driverlog-suboptimal-old-noisy/30/driverlog_noisy_p03_hyp-4_30_2.tar.bz2:0.558973073959:0.02869743:0.55
> 0:False:2,5:141,66
> 1:False:7,12:141,66
> 2:False:4,11:141,66
> 3:True:3,5:141,66
> 4:False:6,11:141,66
> 5:False:5,12:141,66
> 6:False:3,6:141,66
> 7:False:5,11:141,66
driverlog-suboptimal-old-noisy/30/driverlog_noisy_p03_hyp-4_30_3.tar.bz2:0.559278964996:0.02593861:0.56
> 0:True:2,6:159,81
> 1:True:7,11:159,81
> 2:True:4,8:159,81
> 3:True:3,7:159,81
> 4:True:6,10:159,81
> 5:True:5,9:159,81
> 6:True:3,7:159,81
> 7:True:5,9:159,81
driverlog-suboptimal-old-noisy/30/driverlog_noisy_p04_hyp-1_30_1.tar.bz2:0.455290079117:0.02866573:0.45
> 0:True:9,12:321,167
> 1:False:7,17:321,167
> 2:False:7,13:321,167
> 3:False:9,15:321,167
> 4:False:8,16:321,167
> 5:False:10,14:321,167
driverlog-suboptimal-old-noisy/30/driverlog_noisy_p04_hyp-1_30_2.tar.bz2:0.443648099899:0.0214978:0.45
> 0:False:9,16:228,94
> 1:False:7,17:228,94
> 2:False:7,17:228,94
> 3:False:9,16:228,94
> 4:False:8,16:228,94
> 5:True:10,16:228,94
driverlog-suboptimal-old-noisy/30/driverlog_noisy_p04_hyp-1_30_3.tar.bz2:0.454046010971:0.02878755:0.46
> 0:True:9,13:336,186
> 1:False:7,13:336,186
> 2:True:7,11:336,186
> 3:False:9,15:336,186
> 4:False:8,14:336,186
> 5:True:10,14:336,186
driverlog-suboptimal-old-noisy/30/driverlog_noisy_p04_hyp-2_30_1.tar.bz2:0.448125839233:0.02405576:0.45
> 0:False:9,16:282,131
> 1:False:7,12:282,131
> 2:False:7,14:282,131
> 3:True:9,12:282,131
> 4:False:8,13:282,131
> 5:False:10,16:282,131
driverlog-suboptimal-old-noisy/30/driverlog_noisy_p04_hyp-2_30_2.tar.bz2:0.445724964142:0.02468506:0.45
> 0:False:9,14:330,162
> 1:False:7,11:330,162
> 2:False:7,12:330,162
> 3:True:9,12:330,162
> 4:False:8,13:330,162
> 5:False:10,14:330,162
driverlog-suboptimal-old-noisy/30/driverlog_noisy_p04_hyp-2_30_3.tar.bz2:0.45599603653:0.03134999:0.45
> 0:False:9,14:344,178
> 1:True:7,8:344,178
> 2:False:7,14:344,178
> 3:False:9,11:344,178
> 4:False:8,11:344,178
> 5:False:10,13:344,178
driverlog-suboptimal-old-noisy/30/driverlog_noisy_p04_hyp-3_30_1.tar.bz2:0.448610067368:0.02671301:0.45
> 0:True:9,12:287,138
> 1:False:7,11:287,138
> 2:True:7,10:287,138
> 3:True:9,12:287,138
> 4:True:8,11:287,138
> 5:True:10,13:287,138
driverlog-suboptimal-old-noisy/30/driverlog_noisy_p04_hyp-3_30_2.tar.bz2:0.452433824539:0.02684588:0.46
> 0:True:9,12:324,155
> 1:False:7,14:324,155
> 2:True:7,10:324,155
> 3:False:9,13:324,155
> 4:False:8,14:324,155
> 5:True:10,13:324,155
driverlog-suboptimal-old-noisy/30/driverlog_noisy_p04_hyp-3_30_3.tar.bz2:0.447937011719:0.02442571:0.45
> 0:True:9,12:212,88
> 1:False:7,14:212,88
> 2:True:7,10:212,88
> 3:False:9,16:212,88
> 4:False:8,14:212,88
> 5:False:10,14:212,88
driverlog-suboptimal-old-noisy/30/driverlog_noisy_p04_hyp-4_30_1.tar.bz2:0.454247951508:0.03101571:0.45
> 0:False:9,16:376,203
> 1:True:7,12:376,203
> 2:False:7,14:376,203
> 3:False:9,15:376,203
> 4:True:8,13:376,203
> 5:False:10,16:376,203
driverlog-suboptimal-old-noisy/30/driverlog_noisy_p04_hyp-4_30_2.tar.bz2:0.454810857773:0.02995668:0.45
> 0:False:9,19:363,184
> 1:True:7,12:363,184
> 2:False:7,18:363,184
> 3:True:9,14:363,184
> 4:True:8,13:363,184
> 5:False:10,17:363,184
driverlog-suboptimal-old-noisy/30/driverlog_noisy_p04_hyp-4_30_3.tar.bz2:0.457475185394:0.03089541:0.46
> 0:False:9,14:376,207
> 1:False:7,17:376,207
> 2:True:7,11:376,207
> 3:False:9,16:376,207
> 4:False:8,14:376,207
> 5:False:10,15:376,207
driverlog-suboptimal-old-noisy/30/driverlog_noisy_p05_hyp-1_30_1.tar.bz2:0.466669082642:0.02907024:0.46
> 0:True:8,13:342,158
> 1:False:7,15:342,158
> 2:True:6,11:342,158
> 3:False:6,15:342,158
> 4:False:5,13:342,158
> 5:False:8,14:342,158
driverlog-suboptimal-old-noisy/30/driverlog_noisy_p05_hyp-1_30_2.tar.bz2:0.463956832886:0.02977924:0.47
> 0:True:8,14:289,126
> 1:False:7,18:289,126
> 2:True:6,12:289,126
> 3:False:6,17:289,126
> 4:False:5,15:289,126
> 5:True:8,14:289,126
driverlog-suboptimal-old-noisy/30/driverlog_noisy_p05_hyp-1_30_3.tar.bz2:0.461156845093:0.02694309:0.46
> 0:True:8,13:289,126
> 1:False:7,13:289,126
> 2:True:6,11:289,126
> 3:False:6,14:289,126
> 4:False:5,12:289,126
> 5:True:8,13:289,126
driverlog-suboptimal-old-noisy/30/driverlog_noisy_p05_hyp-2_30_1.tar.bz2:0.466696977615:0.03173714:0.46
> 0:True:8,14:423,210
> 1:False:7,16:423,210
> 2:True:6,12:423,210
> 3:False:6,16:423,210
> 4:False:5,15:423,210
> 5:True:8,14:423,210
driverlog-suboptimal-old-noisy/30/driverlog_noisy_p05_hyp-2_30_2.tar.bz2:0.47269487381:0.03395623:0.47
> 0:True:8,16:423,211
> 1:False:7,17:423,211
> 2:True:6,14:423,211
> 3:False:6,18:423,211
> 4:False:5,15:423,211
> 5:True:8,16:423,211
driverlog-suboptimal-old-noisy/30/driverlog_noisy_p05_hyp-2_30_3.tar.bz2:0.474211931229:0.03553894:0.48
> 0:True:8,15:378,188
> 1:True:7,14:378,188
> 2:True:6,13:378,188
> 3:False:6,15:378,188
> 4:False:5,14:378,188
> 5:False:8,16:378,188
driverlog-suboptimal-old-noisy/30/driverlog_noisy_p05_hyp-3_30_1.tar.bz2:0.471555948257:0.03497537:0.47
> 0:True:8,13:454,234
> 1:False:7,13:454,234
> 2:False:6,13:454,234
> 3:False:6,12:454,234
> 4:False:5,13:454,234
> 5:False:8,16:454,234
driverlog-suboptimal-old-noisy/30/driverlog_noisy_p05_hyp-3_30_2.tar.bz2:0.464879989624:0.02717158:0.46
> 0:False:8,17:260,105
> 1:False:7,15:260,105
> 2:False:6,15:260,105
> 3:True:6,13:260,105
> 4:False:5,15:260,105
> 5:False:8,18:260,105
driverlog-suboptimal-old-noisy/30/driverlog_noisy_p05_hyp-3_30_3.tar.bz2:0.458831071854:0.02457277:0.46
> 0:False:8,14:267,118
> 1:False:7,14:267,118
> 2:False:6,12:267,118
> 3:True:6,11:267,118
> 4:False:5,13:267,118
> 5:False:8,14:267,118
driverlog-suboptimal-old-noisy/30/driverlog_noisy_p05_hyp-4_30_1.tar.bz2:0.476176977158:0.03464624:0.48
> 0:True:8,14:501,266
> 1:False:7,17:501,266
> 2:True:6,12:501,266
> 3:False:6,17:501,266
> 4:False:5,16:501,266
> 5:False:8,15:501,266
driverlog-suboptimal-old-noisy/30/driverlog_noisy_p05_hyp-4_30_2.tar.bz2:0.471592903137:0.03493388:0.48
> 0:False:8,15:427,218
> 1:False:7,18:427,218
> 2:False:6,13:427,218
> 3:False:6,15:427,218
> 4:False:5,18:427,218
> 5:True:8,14:427,218
driverlog-suboptimal-old-noisy/30/driverlog_noisy_p05_hyp-4_30_3.tar.bz2:0.468511104584:0.03040721:0.47
> 0:False:8,16:398,185
> 1:False:7,17:398,185
> 2:False:6,14:398,185
> 3:False:6,17:398,185
> 4:False:5,17:398,185
> 5:True:8,15:398,185
driverlog-suboptimal-old-noisy/50/driverlog_noisy_p03_hyp-1_50_1.tar.bz2:0.572697162628:0.03349254:0.57
> 0:False:2,10:255,160
> 1:False:7,15:255,160
> 2:False:4,13:255,160
> 3:False:3,11:255,160
> 4:False:6,15:255,160
> 5:False:5,14:255,160
> 6:False:3,11:255,160
> 7:True:5,12:255,160
driverlog-suboptimal-old-noisy/50/driverlog_noisy_p03_hyp-1_50_2.tar.bz2:0.566405773163:0.02986681:0.56
> 0:True:2,7:224,135
> 1:False:7,13:224,135
> 2:False:4,11:224,135
> 3:True:3,8:224,135
> 4:False:6,12:224,135
> 5:False:5,12:224,135
> 6:True:3,8:224,135
> 7:False:5,11:224,135
driverlog-suboptimal-old-noisy/50/driverlog_noisy_p03_hyp-1_50_3.tar.bz2:0.56835103035:0.03033168:0.57
> 0:True:2,8:170,92
> 1:False:7,14:170,92
> 2:False:4,11:170,92
> 3:True:3,9:170,92
> 4:False:6,13:170,92
> 5:False:5,12:170,92
> 6:True:3,9:170,92
> 7:False:5,13:170,92
driverlog-suboptimal-old-noisy/50/driverlog_noisy_p03_hyp-2_50_1.tar.bz2:0.561897039413:0.02502512:0.56
> 0:False:2,10:175,102
> 1:False:7,14:175,102
> 2:False:4,12:175,102
> 3:False:3,11:175,102
> 4:True:6,12:175,102
> 5:False:5,14:175,102
> 6:False:3,12:175,102
> 7:False:5,13:175,102
driverlog-suboptimal-old-noisy/50/driverlog_noisy_p03_hyp-2_50_2.tar.bz2:0.565613985062:0.02761549:0.58
> 0:False:2,12:169,92
> 1:True:7,13:169,92
> 2:False:4,14:169,92
> 3:False:3,11:169,92
> 4:False:6,13:169,92
> 5:False:5,14:169,92
> 6:False:3,12:169,92
> 7:False:5,13:169,92
driverlog-suboptimal-old-noisy/50/driverlog_noisy_p03_hyp-2_50_3.tar.bz2:0.565943956375:0.0307658:0.57
> 0:False:2,14:172,96
> 1:True:7,14:172,96
> 2:False:4,14:172,96
> 3:False:3,14:172,96
> 4:False:6,14:172,96
> 5:False:5,14:172,96
> 6:False:3,14:172,96
> 7:False:5,13:172,96
driverlog-suboptimal-old-noisy/50/driverlog_noisy_p03_hyp-3_50_1.tar.bz2:0.561578989029:0.02667285:0.56
> 0:False:2,10:185,104
> 1:True:7,13:185,104
> 2:False:4,12:185,104
> 3:False:3,11:185,104
> 4:True:6,12:185,104
> 5:False:5,13:185,104
> 6:False:3,11:185,104
> 7:True:5,11:185,104
driverlog-suboptimal-old-noisy/50/driverlog_noisy_p03_hyp-3_50_2.tar.bz2:0.564707040787:0.02643269:0.57
> 0:False:2,14:195,111
> 1:True:7,13:195,111
> 2:False:4,12:195,111
> 3:False:3,15:195,111
> 4:True:6,12:195,111
> 5:False:5,13:195,111
> 6:False:3,15:195,111
> 7:False:5,13:195,111
driverlog-suboptimal-old-noisy/50/driverlog_noisy_p03_hyp-3_50_3.tar.bz2:0.560981988907:0.02670084:0.56
> 0:False:2,13:196,113
> 1:False:7,17:196,113
> 2:True:4,11:196,113
> 3:False:3,12:196,113
> 4:False:6,17:196,113
> 5:True:5,12:196,113
> 6:False:3,13:196,113
> 7:False:5,14:196,113
driverlog-suboptimal-old-noisy/50/driverlog_noisy_p03_hyp-4_50_1.tar.bz2:0.561907052994:0.0252967:0.57
> 0:True:2,8:126,52
> 1:True:7,13:126,52
> 2:True:4,10:126,52
> 3:True:3,9:126,52
> 4:True:6,12:126,52
> 5:True:5,11:126,52
> 6:True:3,9:126,52
> 7:True:5,11:126,52
driverlog-suboptimal-old-noisy/50/driverlog_noisy_p03_hyp-4_50_2.tar.bz2:0.562361955643:0.02846931:0.55
> 0:False:2,9:133,63
> 1:True:7,12:133,63
> 2:False:4,11:133,63
> 3:True:3,8:133,63
> 4:False:6,13:133,63
> 5:False:5,12:133,63
> 6:False:3,9:133,63
> 7:False:5,12:133,63
driverlog-suboptimal-old-noisy/50/driverlog_noisy_p03_hyp-4_50_3.tar.bz2:0.569233179092:0.03130388:0.57
> 0:False:2,9:230,136
> 1:False:7,13:230,136
> 2:False:4,11:230,136
> 3:True:3,8:230,136
> 4:False:6,12:230,136
> 5:False:5,12:230,136
> 6:False:3,9:230,136
> 7:False:5,11:230,136
driverlog-suboptimal-old-noisy/50/driverlog_noisy_p04_hyp-1_50_1.tar.bz2:0.447334051132:0.02365309:0.44
> 0:True:9,15:284,137
> 1:False:7,19:284,137
> 2:True:7,13:284,137
> 3:False:9,19:284,137
> 4:False:8,19:284,137
> 5:True:10,16:284,137
driverlog-suboptimal-old-noisy/50/driverlog_noisy_p04_hyp-1_50_2.tar.bz2:0.445965051651:0.02301853:0.45
> 0:True:9,13:297,153
> 1:False:7,18:297,153
> 2:False:7,12:297,153
> 3:False:9,17:297,153
> 4:False:8,17:297,153
> 5:False:10,15:297,153
driverlog-suboptimal-old-noisy/50/driverlog_noisy_p04_hyp-1_50_3.tar.bz2:0.44505405426:0.02269829:0.45
> 0:True:9,14:263,125
> 1:False:7,19:263,125
> 2:False:7,13:263,125
> 3:False:9,18:263,125
> 4:False:8,18:263,125
> 5:False:10,16:263,125
driverlog-suboptimal-old-noisy/50/driverlog_noisy_p04_hyp-2_50_1.tar.bz2:0.449494123459:0.02598711:0.45
> 0:False:9,17:311,155
> 1:False:7,13:311,155
> 2:False:7,17:311,155
> 3:False:9,15:311,155
> 4:True:8,13:311,155
> 5:False:10,19:311,155
driverlog-suboptimal-old-noisy/50/driverlog_noisy_p04_hyp-2_50_2.tar.bz2:0.446012973785:0.02256619:0.44
> 0:False:9,17:237,108
> 1:False:7,13:237,108
> 2:False:7,15:237,108
> 3:True:9,14:237,108
> 4:False:8,16:237,108
> 5:False:10,17:237,108
driverlog-suboptimal-old-noisy/50/driverlog_noisy_p04_hyp-2_50_3.tar.bz2:0.453803062439:0.02950026:0.46
> 0:False:9,20:389,205
> 1:False:7,15:389,205
> 2:False:7,18:389,205
> 3:True:9,16:389,205
> 4:False:8,17:389,205
> 5:False:10,18:389,205
driverlog-suboptimal-old-noisy/50/driverlog_noisy_p04_hyp-3_50_1.tar.bz2:0.455760002136:0.03054809:0.45
> 0:True:9,15:421,232
> 1:False:7,19:421,232
> 2:True:7,13:421,232
> 3:False:9,19:421,232
> 4:False:8,19:421,232
> 5:True:10,16:421,232
driverlog-suboptimal-old-noisy/50/driverlog_noisy_p04_hyp-3_50_2.tar.bz2:0.453278064728:0.02898221:0.46
> 0:True:9,14:344,180
> 1:False:7,20:344,180
> 2:True:7,12:344,180
> 3:False:9,20:344,180
> 4:False:8,21:344,180
> 5:True:10,15:344,180
driverlog-suboptimal-old-noisy/50/driverlog_noisy_p04_hyp-3_50_3.tar.bz2:0.451649904251:0.02575907:0.46
> 0:True:9,15:337,172
> 1:False:7,18:337,172
> 2:False:7,14:337,172
> 3:False:9,20:337,172
> 4:False:8,18:337,172
> 5:True:10,16:337,172
driverlog-suboptimal-old-noisy/50/driverlog_noisy_p04_hyp-4_50_1.tar.bz2:0.445465803146:0.02270826:0.44
> 0:False:9,18:237,106
> 1:True:7,11:237,106
> 2:False:7,19:237,106
> 3:False:9,15:237,106
> 4:False:8,14:237,106
> 5:False:10,19:237,106
driverlog-suboptimal-old-noisy/50/driverlog_noisy_p04_hyp-4_50_2.tar.bz2:0.458601951599:0.03204058:0.46
> 0:False:9,16:329,179
> 1:False:7,15:329,179
> 2:False:7,15:329,179
> 3:False:9,16:329,179
> 4:True:8,14:329,179
> 5:False:10,17:329,179
driverlog-suboptimal-old-noisy/50/driverlog_noisy_p04_hyp-4_50_3.tar.bz2:0.461767911911:0.03748825:0.47
> 0:False:9,18:461,244
> 1:False:7,18:461,244
> 2:False:7,17:461,244
> 3:False:9,18:461,244
> 4:True:8,14:461,244
> 5:False:10,21:461,244
driverlog-suboptimal-old-noisy/50/driverlog_noisy_p05_hyp-1_50_1.tar.bz2:0.474509954453:0.03427969:0.48
> 0:True:8,16:452,250
> 1:False:7,20:452,250
> 2:False:6,18:452,250
> 3:False:6,20:452,250
> 4:False:5,16:452,250
> 5:False:8,17:452,250
driverlog-suboptimal-old-noisy/50/driverlog_noisy_p05_hyp-1_50_2.tar.bz2:0.486153841019:0.04376723:0.48
> 0:True:8,19:568,303
> 1:False:7,23:568,303
> 2:False:6,19:568,303
> 3:False:6,24:568,303
> 4:False:5,21:568,303
> 5:False:8,20:568,303
driverlog-suboptimal-old-noisy/50/driverlog_noisy_p05_hyp-1_50_3.tar.bz2:0.473905086517:0.03496366:0.47
> 0:True:8,17:483,257
> 1:False:7,19:483,257
> 2:False:6,18:483,257
> 3:False:6,21:483,257
> 4:False:5,18:483,257
> 5:True:8,17:483,257
driverlog-suboptimal-old-noisy/50/driverlog_noisy_p05_hyp-2_50_1.tar.bz2:0.477666854858:0.04005933:0.49
> 0:True:8,14:437,228
> 1:False:7,15:437,228
> 2:True:6,12:437,228
> 3:False:6,15:437,228
> 4:False:5,14:437,228
> 5:True:8,14:437,228
driverlog-suboptimal-old-noisy/50/driverlog_noisy_p05_hyp-2_50_2.tar.bz2:0.465976953506:0.03083655:0.46
> 0:False:8,16:442,218
> 1:False:7,17:442,218
> 2:False:6,14:442,218
> 3:False:6,17:442,218
> 4:False:5,16:442,218
> 5:True:8,15:442,218
driverlog-suboptimal-old-noisy/50/driverlog_noisy_p05_hyp-2_50_3.tar.bz2:0.469986915588:0.03467625:0.46
> 0:True:8,15:431,221
> 1:False:7,16:431,221
> 2:True:6,13:431,221
> 3:False:6,15:431,221
> 4:False:5,17:431,221
> 5:False:8,16:431,221
driverlog-suboptimal-old-noisy/50/driverlog_noisy_p05_hyp-3_50_1.tar.bz2:0.467223882675:0.03116822:0.47
> 0:False:8,19:403,198
> 1:False:7,16:403,198
> 2:False:6,17:403,198
> 3:True:6,14:403,198
> 4:False:5,18:403,198
> 5:False:8,17:403,198
driverlog-suboptimal-old-noisy/50/driverlog_noisy_p05_hyp-3_50_2.tar.bz2:0.480815887451:0.04111773:0.49
> 0:False:8,20:585,323
> 1:False:7,18:585,323
> 2:False:6,19:585,323
> 3:True:6,16:585,323
> 4:False:5,18:585,323
> 5:False:8,19:585,323
driverlog-suboptimal-old-noisy/50/driverlog_noisy_p05_hyp-3_50_3.tar.bz2:0.466804981232:0.02975298:0.46
> 0:False:8,19:345,164
> 1:False:7,16:345,164
> 2:False:6,19:345,164
> 3:True:6,14:345,164
> 4:False:5,14:345,164
> 5:False:8,17:345,164
driverlog-suboptimal-old-noisy/50/driverlog_noisy_p05_hyp-4_50_1.tar.bz2:0.466107845306:0.02956006:0.46
> 0:True:8,17:328,161
> 1:False:7,19:328,161
> 2:True:6,15:328,161
> 3:False:6,17:328,161
> 4:False:5,18:328,161
> 5:True:8,17:328,161
driverlog-suboptimal-old-noisy/50/driverlog_noisy_p05_hyp-4_50_2.tar.bz2:0.471910953522:0.03553615:0.48
> 0:False:8,19:371,181
> 1:False:7,24:371,181
> 2:False:6,17:371,181
> 3:False:6,24:371,181
> 4:False:5,22:371,181
> 5:True:8,17:371,181
driverlog-suboptimal-old-noisy/50/driverlog_noisy_p05_hyp-4_50_3.tar.bz2:0.46578001976:0.0299913:0.46
> 0:False:8,18:341,158
> 1:False:7,20:341,158
> 2:False:6,16:341,158
> 3:False:6,21:341,158
> 4:False:5,17:341,158
> 5:True:8,17:341,158
driverlog-suboptimal-old-noisy/70/driverlog_noisy_p03_hyp-1_70_1.tar.bz2:0.562695026398:0.02638444:0.56
> 0:True:2,8:179,99
> 1:False:7,15:179,99
> 2:False:4,12:179,99
> 3:True:3,9:179,99
> 4:False:6,14:179,99
> 5:False:5,13:179,99
> 6:True:3,9:179,99
> 7:False:5,13:179,99
driverlog-suboptimal-old-noisy/70/driverlog_noisy_p03_hyp-1_70_2.tar.bz2:0.563525915146:0.02669083:0.57
> 0:True:2,9:179,101
> 1:False:7,16:179,101
> 2:False:4,13:179,101
> 3:True:3,10:179,101
> 4:False:6,15:179,101
> 5:False:5,14:179,101
> 6:True:3,10:179,101
> 7:False:5,14:179,101
driverlog-suboptimal-old-noisy/70/driverlog_noisy_p03_hyp-1_70_3.tar.bz2:0.558840990067:0.02543853:0.56
> 0:True:2,9:141,77
> 1:False:7,15:141,77
> 2:False:4,13:141,77
> 3:True:3,10:141,77
> 4:False:6,14:141,77
> 5:False:5,14:141,77
> 6:True:3,10:141,77
> 7:False:5,14:141,77
driverlog-suboptimal-old-noisy/70/driverlog_noisy_p03_hyp-2_70_1.tar.bz2:0.55860710144:0.02394407:0.56
> 0:False:2,17:171,92
> 1:True:7,16:171,92
> 2:False:4,18:171,92
> 3:False:3,18:171,92
> 4:False:6,17:171,92
> 5:False:5,17:171,92
> 6:False:3,17:171,92
> 7:False:5,16:171,92
driverlog-suboptimal-old-noisy/70/driverlog_noisy_p03_hyp-2_70_2.tar.bz2:0.564390897751:0.03135429:0.57
> 0:False:2,18:217,130
> 1:True:7,17:217,130
> 2:False:4,18:217,130
> 3:False:3,19:217,130
> 4:True:6,16:217,130
> 5:False:5,19:217,130
> 6:False:3,19:217,130
> 7:False:5,17:217,130
driverlog-suboptimal-old-noisy/70/driverlog_noisy_p03_hyp-2_70_3.tar.bz2:0.574859142303:0.03513143:0.58
> 0:False:2,19:302,192
> 1:True:7,14:302,192
> 2:False:4,19:302,192
> 3:False:3,19:302,192
> 4:False:6,14:302,192
> 5:False:5,18:302,192
> 6:False:3,18:302,192
> 7:False:5,15:302,192
driverlog-suboptimal-old-noisy/70/driverlog_noisy_p03_hyp-3_70_1.tar.bz2:0.564138174057:0.02664533:0.56
> 0:False:2,14:195,109
> 1:False:7,14:195,109
> 2:False:4,12:195,109
> 3:False:3,15:195,109
> 4:False:6,14:195,109
> 5:False:5,12:195,109
> 6:False:3,15:195,109
> 7:True:5,11:195,109
driverlog-suboptimal-old-noisy/70/driverlog_noisy_p03_hyp-3_70_2.tar.bz2:0.563663005829:0.02718817:0.57
> 0:False:2,15:180,101
> 1:False:7,17:180,101
> 2:True:4,11:180,101
> 3:False:3,14:180,101
> 4:False:6,17:180,101
> 5:True:5,12:180,101
> 6:False:3,15:180,101
> 7:False:5,14:180,101
driverlog-suboptimal-old-noisy/70/driverlog_noisy_p03_hyp-3_70_3.tar.bz2:0.57600903511:0.03642981:0.58
> 0:False:2,14:265,162
> 1:False:7,17:265,162
> 2:True:4,12:265,162
> 3:False:3,15:265,162
> 4:False:6,16:265,162
> 5:True:5,13:265,162
> 6:False:3,15:265,162
> 7:False:5,15:265,162
driverlog-suboptimal-old-noisy/70/driverlog_noisy_p03_hyp-4_70_1.tar.bz2:0.561187982559:0.02566551:0.56
> 0:True:2,8:142,77
> 1:False:7,15:142,77
> 2:False:4,12:142,77
> 3:True:3,9:142,77
> 4:False:6,14:142,77
> 5:False:5,14:142,77
> 6:False:3,10:142,77
> 7:False:5,13:142,77
driverlog-suboptimal-old-noisy/70/driverlog_noisy_p03_hyp-4_70_2.tar.bz2:0.571780920029:0.03167375:0.57
> 0:False:2,9:228,140
> 1:False:7,15:228,140
> 2:False:4,13:228,140
> 3:True:3,8:228,140
> 4:False:6,15:228,140
> 5:False:5,13:228,140
> 6:False:3,9:228,140
> 7:False:5,12:228,140
driverlog-suboptimal-old-noisy/70/driverlog_noisy_p03_hyp-4_70_3.tar.bz2:0.566159963608:0.02858953:0.57
> 0:False:2,11:185,110
> 1:False:7,15:185,110
> 2:False:4,15:185,110
> 3:True:3,10:185,110
> 4:False:6,16:185,110
> 5:False:5,15:185,110
> 6:False:3,11:185,110
> 7:False:5,14:185,110
driverlog-suboptimal-old-noisy/70/driverlog_noisy_p04_hyp-1_70_1.tar.bz2:0.454863071442:0.03359351:0.46
> 0:True:9,17:420,231
> 1:False:7,18:420,231
> 2:False:7,20:420,231
> 3:False:9,20:420,231
> 4:False:8,17:420,231
> 5:False:10,19:420,231
driverlog-suboptimal-old-noisy/70/driverlog_noisy_p04_hyp-1_70_2.tar.bz2:0.456401109695:0.03127291:0.46
> 0:True:9,16:376,208
> 1:False:7,19:376,208
> 2:False:7,19:376,208
> 3:False:9,22:376,208
> 4:False:8,18:376,208
> 5:False:10,20:376,208
driverlog-suboptimal-old-noisy/70/driverlog_noisy_p04_hyp-1_70_3.tar.bz2:0.453623056412:0.02846761:0.45
> 0:True:9,15:376,194
> 1:False:7,21:376,194
> 2:False:7,18:376,194
> 3:False:9,20:376,194
> 4:False:8,19:376,194
> 5:False:10,17:376,194
driverlog-suboptimal-old-noisy/70/driverlog_noisy_p04_hyp-2_70_1.tar.bz2:0.450273990631:0.02881856:0.45
> 0:False:9,22:326,175
> 1:True:7,15:326,175
> 2:False:7,20:326,175
> 3:False:9,18:326,175
> 4:False:8,17:326,175
> 5:False:10,21:326,175
driverlog-suboptimal-old-noisy/70/driverlog_noisy_p04_hyp-2_70_2.tar.bz2:0.452833890915:0.02910256:0.46
> 0:False:9,20:327,173
> 1:True:7,14:327,173
> 2:False:7,20:327,173
> 3:False:9,18:327,173
> 4:False:8,17:327,173
> 5:False:10,21:327,173
driverlog-suboptimal-old-noisy/70/driverlog_noisy_p04_hyp-2_70_3.tar.bz2:0.456382989883:0.0306843:0.46
> 0:False:9,22:390,198
> 1:True:7,15:390,198
> 2:False:7,22:390,198
> 3:False:9,18:390,198
> 4:False:8,17:390,198
> 5:False:10,21:390,198
driverlog-suboptimal-old-noisy/70/driverlog_noisy_p04_hyp-3_70_1.tar.bz2:0.45298409462:0.02655147:0.46
> 0:False:9,16:312,157
> 1:False:7,18:312,157
> 2:True:7,13:312,157
> 3:False:9,19:312,157
> 4:False:8,18:312,157
> 5:True:10,16:312,157
driverlog-suboptimal-old-noisy/70/driverlog_noisy_p04_hyp-3_70_2.tar.bz2:0.453737020493:0.0276543:0.46
> 0:True:9,15:344,181
> 1:False:7,19:344,181
> 2:True:7,13:344,181
> 3:False:9,20:344,181
> 4:False:8,18:344,181
> 5:True:10,16:344,181
driverlog-suboptimal-old-noisy/70/driverlog_noisy_p04_hyp-3_70_3.tar.bz2:0.46670293808:0.04043867:0.47
> 0:True:9,17:512,277
> 1:False:7,22:512,277
> 2:True:7,15:512,277
> 3:False:9,22:512,277
> 4:False:8,22:512,277
> 5:True:10,18:512,277
driverlog-suboptimal-old-noisy/70/driverlog_noisy_p04_hyp-4_70_1.tar.bz2:0.479491949081:0.05114886:0.47
> 0:False:9,18:452,249
> 1:False:7,16:452,249
> 2:False:7,19:452,249
> 3:False:9,17:452,249
> 4:True:8,14:452,249
> 5:False:10,20:452,249
driverlog-suboptimal-old-noisy/70/driverlog_noisy_p04_hyp-4_70_2.tar.bz2:0.465824127197:0.04008507:0.47
> 0:False:9,20:434,249
> 1:True:7,14:434,249
> 2:False:7,21:434,249
> 3:False:9,17:434,249
> 4:True:8,15:434,249
> 5:False:10,21:434,249
driverlog-suboptimal-old-noisy/70/driverlog_noisy_p04_hyp-4_70_3.tar.bz2:0.465921878815:0.03857026:0.46
> 0:False:9,20:493,282
> 1:False:7,16:493,282
> 2:False:7,23:493,282
> 3:False:9,17:493,282
> 4:True:8,14:493,282
> 5:False:10,21:493,282
driverlog-suboptimal-old-noisy/70/driverlog_noisy_p05_hyp-1_70_1.tar.bz2:0.477296113968:0.03860231:0.48
> 0:True:8,17:542,285
> 1:False:7,21:542,285
> 2:False:6,18:542,285
> 3:False:6,19:542,285
> 4:False:5,19:542,285
> 5:False:8,19:542,285
driverlog-suboptimal-old-noisy/70/driverlog_noisy_p05_hyp-1_70_2.tar.bz2:0.475337028503:0.03776227:0.48
> 0:True:8,17:556,305
> 1:False:7,23:556,305
> 2:False:6,18:556,305
> 3:False:6,24:556,305
> 4:False:5,22:556,305
> 5:False:8,20:556,305
driverlog-suboptimal-old-noisy/70/driverlog_noisy_p05_hyp-1_70_3.tar.bz2:0.474735975266:0.03936501:0.47
> 0:True:8,18:476,246
> 1:False:7,25:476,246
> 2:False:6,19:476,246
> 3:False:6,23:476,246
> 4:False:5,22:476,246
> 5:False:8,20:476,246
driverlog-suboptimal-old-noisy/70/driverlog_noisy_p05_hyp-2_70_1.tar.bz2:0.473127841949:0.03520583:0.47
> 0:True:8,15:469,256
> 1:False:7,21:469,256
> 2:False:6,14:469,256
> 3:False:6,21:469,256
> 4:False:5,19:469,256
> 5:False:8,16:469,256
driverlog-suboptimal-old-noisy/70/driverlog_noisy_p05_hyp-2_70_2.tar.bz2:0.477705955505:0.04154383:0.48
> 0:True:8,18:472,245
> 1:True:7,17:472,245
> 2:True:6,16:472,245
> 3:False:6,17:472,245
> 4:False:5,18:472,245
> 5:True:8,18:472,245
driverlog-suboptimal-old-noisy/70/driverlog_noisy_p05_hyp-2_70_3.tar.bz2:0.478628873825:0.04025069:0.48
> 0:True:8,15:527,296
> 1:False:7,17:527,296
> 2:True:6,13:527,296
> 3:False:6,18:527,296
> 4:False:5,15:527,296
> 5:True:8,15:527,296
driverlog-suboptimal-old-noisy/70/driverlog_noisy_p05_hyp-3_70_1.tar.bz2:0.469377994537:0.0310964:0.47
> 0:False:8,21:376,189
> 1:False:7,18:376,189
> 2:False:6,21:376,189
> 3:True:6,16:376,189
> 4:False:5,19:376,189
> 5:False:8,20:376,189
driverlog-suboptimal-old-noisy/70/driverlog_noisy_p05_hyp-3_70_2.tar.bz2:0.469238042831:0.03128186:0.48
> 0:False:8,22:440,233
> 1:False:7,18:440,233
> 2:False:6,20:440,233
> 3:True:6,16:440,233
> 4:False:5,20:440,233
> 5:False:8,21:440,233
driverlog-suboptimal-old-noisy/70/driverlog_noisy_p05_hyp-3_70_3.tar.bz2:0.479505062103:0.04040851:0.48
> 0:False:8,22:550,304
> 1:True:7,18:550,304
> 2:False:6,23:550,304
> 3:True:6,17:550,304
> 4:False:5,19:550,304
> 5:False:8,23:550,304
driverlog-suboptimal-old-noisy/70/driverlog_noisy_p05_hyp-4_70_1.tar.bz2:0.472953081131:0.03663397:0.46
> 0:False:8,21:457,239
> 1:False:7,23:457,239
> 2:False:6,19:457,239
> 3:False:6,22:457,239
> 4:False:5,23:457,239
> 5:True:8,18:457,239
driverlog-suboptimal-old-noisy/70/driverlog_noisy_p05_hyp-4_70_2.tar.bz2:0.469383955002:0.0349803:0.46
> 0:False:8,21:464,246
> 1:False:7,22:464,246
> 2:False:6,19:464,246
> 3:False:6,23:464,246
> 4:False:5,23:464,246
> 5:True:8,19:464,246
driverlog-suboptimal-old-noisy/70/driverlog_noisy_p05_hyp-4_70_3.tar.bz2:0.482044935226:0.04399615:0.48
> 0:False:8,18:612,341
> 1:False:7,22:612,341
> 2:False:6,16:612,341
> 3:False:6,20:612,341
> 4:False:5,22:612,341
> 5:True:8,17:612,341
driverlog-suboptimal-old-noisy/100/driverlog_noisy_p03_hyp-1_full_1.tar.bz2:0.572036027908:0.03208592:0.58
> 0:True:2,12:257,167
> 1:False:7,19:257,167
> 2:False:4,18:257,167
> 3:True:3,13:257,167
> 4:False:6,18:257,167
> 5:False:5,19:257,167
> 6:True:3,13:257,167
> 7:False:5,17:257,167
driverlog-suboptimal-old-noisy/100/driverlog_noisy_p03_hyp-1_full_2.tar.bz2:0.575809001923:0.03530474:0.57
> 0:True:2,12:232,148
> 1:False:7,19:232,148
> 2:False:4,18:232,148
> 3:True:3,13:232,148
> 4:False:6,18:232,148
> 5:False:5,19:232,148
> 6:True:3,13:232,148
> 7:False:5,19:232,148
driverlog-suboptimal-old-noisy/100/driverlog_noisy_p03_hyp-1_full_3.tar.bz2:0.561735153198:0.02616318:0.55
> 0:True:2,12:181,101
> 1:False:7,19:181,101
> 2:False:4,17:181,101
> 3:True:3,13:181,101
> 4:False:6,18:181,101
> 5:False:5,18:181,101
> 6:True:3,13:181,101
> 7:False:5,18:181,101
driverlog-suboptimal-old-noisy/100/driverlog_noisy_p03_hyp-2_full_1.tar.bz2:0.577154874802:0.03745964:0.58
> 0:False:2,23:290,191
> 1:True:7,18:290,191
> 2:False:4,21:290,191
> 3:False:3,23:290,191
> 4:False:6,19:290,191
> 5:False:5,20:290,191
> 6:False:3,22:290,191
> 7:False:5,19:290,191
driverlog-suboptimal-old-noisy/100/driverlog_noisy_p03_hyp-2_full_2.tar.bz2:0.583107948303:0.04530038:0.59
> 0:False:2,23:339,227
> 1:True:7,18:339,227
> 2:False:4,24:339,227
> 3:False:3,23:339,227
> 4:False:6,19:339,227
> 5:False:5,23:339,227
> 6:False:3,22:339,227
> 7:False:5,20:339,227
driverlog-suboptimal-old-noisy/100/driverlog_noisy_p03_hyp-2_full_3.tar.bz2:0.571599960327:0.03497308:0.58
> 0:False:2,22:278,179
> 1:True:7,18:278,179
> 2:False:4,22:278,179
> 3:False:3,22:278,179
> 4:False:6,19:278,179
> 5:False:5,21:278,179
> 6:False:3,21:278,179
> 7:False:5,18:278,179
driverlog-suboptimal-old-noisy/100/driverlog_noisy_p03_hyp-3_full_1.tar.bz2:0.567728042603:0.03308256:0.57
> 0:False:2,18:238,148
> 1:False:7,19:238,148
> 2:True:4,13:238,148
> 3:False:3,19:238,148
> 4:False:6,18:238,148
> 5:True:5,14:238,148
> 6:False:3,19:238,148
> 7:False:5,17:238,148
driverlog-suboptimal-old-noisy/100/driverlog_noisy_p03_hyp-3_full_2.tar.bz2:0.590366840363:0.05125992:0.59
> 0:False:2,17:209,130
> 1:False:7,17:209,130
> 2:True:4,13:209,130
> 3:False:3,17:209,130
> 4:False:6,17:209,130
> 5:True:5,14:209,130
> 6:False:3,17:209,130
> 7:True:5,14:209,130
driverlog-suboptimal-old-noisy/100/driverlog_noisy_p03_hyp-3_full_3.tar.bz2:0.572949171066:0.0365782:0.57
> 0:False:2,17:231,142
> 1:False:7,19:231,142
> 2:True:4,13:231,142
> 3:False:3,18:231,142
> 4:False:6,18:231,142
> 5:True:5,14:231,142
> 6:False:3,18:231,142
> 7:False:5,17:231,142
driverlog-suboptimal-old-noisy/100/driverlog_noisy_p03_hyp-4_full_1.tar.bz2:0.567698001862:0.03013195:0.56
> 0:False:2,12:207,126
> 1:False:7,18:207,126
> 2:False:4,17:207,126
> 3:True:3,12:207,126
> 4:False:6,18:207,126
> 5:False:5,18:207,126
> 6:False:3,13:207,126
> 7:False:5,18:207,126
driverlog-suboptimal-old-noisy/100/driverlog_noisy_p03_hyp-4_full_2.tar.bz2:0.568620920181:0.03434366:0.57
> 0:False:2,13:273,174
> 1:False:7,19:273,174
> 2:False:4,19:273,174
> 3:True:3,12:273,174
> 4:False:6,19:273,174
> 5:False:5,20:273,174
> 6:False:3,13:273,174
> 7:False:5,18:273,174
driverlog-suboptimal-old-noisy/100/driverlog_noisy_p03_hyp-4_full_3.tar.bz2:0.567008972168:0.03018693:0.57
> 0:False:2,12:207,126
> 1:False:7,18:207,126
> 2:False:4,16:207,126
> 3:True:3,12:207,126
> 4:False:6,18:207,126
> 5:False:5,17:207,126
> 6:False:3,13:207,126
> 7:False:5,17:207,126
driverlog-suboptimal-old-noisy/100/driverlog_noisy_p04_hyp-1_full_1.tar.bz2:0.457532167435:0.03499566:0.46
> 0:True:9,18:482,280
> 1:False:7,24:482,280
> 2:False:7,19:482,280
> 3:False:9,23:482,280
> 4:False:8,23:482,280
> 5:False:10,21:482,280
driverlog-suboptimal-old-noisy/100/driverlog_noisy_p04_hyp-1_full_2.tar.bz2:0.463051795959:0.03780955:0.46
> 0:True:9,18:469,263
> 1:False:7,23:469,263
> 2:False:7,20:469,263
> 3:False:9,25:469,263
> 4:False:8,22:469,263
> 5:False:10,21:469,263
driverlog-suboptimal-old-noisy/100/driverlog_noisy_p04_hyp-1_full_3.tar.bz2:0.463326931:0.03703259:0.46
> 0:True:9,18:534,292
> 1:False:7,26:534,292
> 2:False:7,19:534,292
> 3:False:9,24:534,292
> 4:False:8,23:534,292
> 5:False:10,21:534,292
driverlog-suboptimal-old-noisy/100/driverlog_noisy_p04_hyp-2_full_1.tar.bz2:0.453629016876:0.02980852:0.45
> 0:False:9,22:386,194
> 1:True:7,14:386,194
> 2:False:7,22:386,194
> 3:False:9,17:386,194
> 4:False:8,18:386,194
> 5:False:10,21:386,194
driverlog-suboptimal-old-noisy/100/driverlog_noisy_p04_hyp-2_full_2.tar.bz2:0.455682992935:0.03157734:0.46
> 0:False:9,22:350,191
> 1:True:7,14:350,191
> 2:False:7,22:350,191
> 3:False:9,18:350,191
> 4:False:8,18:350,191
> 5:False:10,21:350,191
driverlog-suboptimal-old-noisy/100/driverlog_noisy_p04_hyp-2_full_3.tar.bz2:0.459422111511:0.03351458:0.46
> 0:False:9,23:375,205
> 1:True:7,14:375,205
> 2:False:7,22:375,205
> 3:False:9,18:375,205
> 4:False:8,18:375,205
> 5:False:10,22:375,205
driverlog-suboptimal-old-noisy/100/driverlog_noisy_p04_hyp-3_full_1.tar.bz2:0.461420059204:0.03523122:0.46
> 0:False:9,17:523,298
> 1:False:7,22:523,298
> 2:True:7,14:523,298
> 3:False:9,22:523,298
> 4:False:8,19:523,298
> 5:False:10,18:523,298
driverlog-suboptimal-old-noisy/100/driverlog_noisy_p04_hyp-3_full_2.tar.bz2:0.458945989609:0.03150271:0.46
> 0:False:9,17:452,248
> 1:False:7,23:452,248
> 2:True:7,14:452,248
> 3:False:9,21:452,248
> 4:False:8,22:452,248
> 5:False:10,18:452,248
driverlog-suboptimal-old-noisy/100/driverlog_noisy_p04_hyp-3_full_3.tar.bz2:0.451411008835:0.02722413:0.45
> 0:False:9,17:381,199
> 1:False:7,22:381,199
> 2:True:7,14:381,199
> 3:False:9,21:381,199
> 4:False:8,21:381,199
> 5:False:10,18:381,199
driverlog-suboptimal-old-noisy/100/driverlog_noisy_p04_hyp-4_full_1.tar.bz2:0.468362092972:0.0401563:0.47
> 0:False:9,24:535,304
> 1:False:7,19:535,304
> 2:False:7,25:535,304
> 3:False:9,21:535,304
> 4:True:8,17:535,304
> 5:False:10,25:535,304
driverlog-suboptimal-old-noisy/100/driverlog_noisy_p04_hyp-4_full_2.tar.bz2:0.468061923981:0.04337353:0.46
> 0:False:9,24:599,339
> 1:False:7,19:599,339
> 2:False:7,25:599,339
> 3:False:9,21:599,339
> 4:True:8,17:599,339
> 5:False:10,26:599,339
driverlog-suboptimal-old-noisy/100/driverlog_noisy_p04_hyp-4_full_3.tar.bz2:0.457768201828:0.03459007:0.45
> 0:False:9,23:514,296
> 1:False:7,20:514,296
> 2:False:7,24:514,296
> 3:False:9,21:514,296
> 4:True:8,17:514,296
> 5:False:10,26:514,296
driverlog-suboptimal-old-noisy/100/driverlog_noisy_p05_hyp-1_full_1.tar.bz2:0.494022130966:0.0517954:0.5
> 0:True:8,20:717,413
> 1:False:7,25:717,413
> 2:False:6,22:717,413
> 3:False:6,26:717,413
> 4:False:5,23:717,413
> 5:False:8,22:717,413
driverlog-suboptimal-old-noisy/100/driverlog_noisy_p05_hyp-1_full_2.tar.bz2:0.484524011612:0.04506115:0.48
> 0:True:8,20:570,304
> 1:False:7,25:570,304
> 2:False:6,22:570,304
> 3:False:6,25:570,304
> 4:False:5,23:570,304
> 5:False:8,23:570,304
driverlog-suboptimal-old-noisy/100/driverlog_noisy_p05_hyp-1_full_3.tar.bz2:0.479621887207:0.04028024:0.48
> 0:True:8,20:609,336
> 1:False:7,25:609,336
> 2:False:6,21:609,336
> 3:False:6,26:609,336
> 4:False:5,23:609,336
> 5:False:8,23:609,336
driverlog-suboptimal-old-noisy/100/driverlog_noisy_p05_hyp-2_full_1.tar.bz2:0.490357875824:0.04931179:0.48
> 0:False:8,19:644,363
> 1:False:7,23:644,363
> 2:False:6,17:644,363
> 3:False:6,22:644,363
> 4:False:5,21:644,363
> 5:True:8,18:644,363
driverlog-suboptimal-old-noisy/100/driverlog_noisy_p05_hyp-2_full_2.tar.bz2:0.476559877396:0.04121889:0.47
> 0:True:8,18:570,316
> 1:False:7,23:570,316
> 2:False:6,17:570,316
> 3:False:6,24:570,316
> 4:False:5,22:570,316
> 5:False:8,19:570,316
driverlog-suboptimal-old-noisy/100/driverlog_noisy_p05_hyp-2_full_3.tar.bz2:0.479836940765:0.04124243:0.47
> 0:True:8,19:583,335
> 1:False:7,25:583,335
> 2:True:6,17:583,335
> 3:False:6,25:583,335
> 4:False:5,22:583,335
> 5:True:8,19:583,335
driverlog-suboptimal-old-noisy/100/driverlog_noisy_p05_hyp-3_full_1.tar.bz2:0.503185033798:0.06264692:0.5
> 0:False:8,26:572,331
> 1:False:7,21:572,331
> 2:False:6,26:572,331
> 3:True:6,19:572,331
> 4:False:5,24:572,331
> 5:False:8,25:572,331
driverlog-suboptimal-old-noisy/100/driverlog_noisy_p05_hyp-3_full_2.tar.bz2:0.483143091202:0.04436428:0.48
> 0:False:8,25:648,372
> 1:False:7,21:648,372
> 2:False:6,26:648,372
> 3:True:6,19:648,372
> 4:False:5,22:648,372
> 5:False:8,24:648,372
driverlog-suboptimal-old-noisy/100/driverlog_noisy_p05_hyp-3_full_3.tar.bz2:0.481746912003:0.03926955:0.49
> 0:False:8,26:552,311
> 1:False:7,21:552,311
> 2:False:6,27:552,311
> 3:True:6,19:552,311
> 4:False:5,24:552,311
> 5:False:8,25:552,311
driverlog-suboptimal-old-noisy/100/driverlog_noisy_p05_hyp-4_full_1.tar.bz2:0.486296892166:0.04629512:0.49
> 0:False:8,23:632,351
> 1:False:7,27:632,351
> 2:False:6,21:632,351
> 3:False:6,27:632,351
> 4:False:5,26:632,351
> 5:True:8,20:632,351
driverlog-suboptimal-old-noisy/100/driverlog_noisy_p05_hyp-4_full_2.tar.bz2:0.487211942673:0.0458956:0.49
> 0:False:8,23:662,362
> 1:False:7,28:662,362
> 2:False:6,21:662,362
> 3:False:6,26:662,362
> 4:False:5,26:662,362
> 5:True:8,20:662,362
driverlog-suboptimal-old-noisy/100/driverlog_noisy_p05_hyp-4_full_3.tar.bz2:0.498435974121:0.05711901:0.5
> 0:False:8,23:666,393
> 1:False:7,27:666,393
> 2:False:6,21:666,393
> 3:False:6,25:666,393
> 4:False:5,26:666,393
> 5:True:8,20:666,393
