driverlog-optimal/10/driverlog_p03_hyp-1_10_1.tar.bz2:1.77961587906:0.078125:1.51
> (at driver1 s0),(at package2 s2),(at package1 s0),(at truck1 s0):True:6.0,8.0:561.0,381.0
> (at truck1 s2),(at driver1 s1),(at package1 s2),(at package2 s1):True:10.0,12.0:561.0,381.0
> (at truck1 s2),(at driver1 s2),(at package1 s1),(at package2 s0):True:6.0,8.0:561.0,381.0
> (at driver1 s0),(at package2 s2),(at package1 s0),(at truck1 s2):True:9.0,11.0:561.0,381.0
> (at driver1 s2),(at truck1 s1),(at package1 s1),(at package2 s0):True:5.0,7.0:561.0,381.0
> (at driver1 s1),(at truck1 s1),(at package2 s1),(at package1 s0):True:7.0,9.0:561.0,381.0
> (at driver1 s1),(at package1 s2),(at package2 s1),(at truck1 s0):True:9.0,11.0:561.0,381.0
> (at package2 s0),(at driver1 s2),(at package1 s1),(at truck1 s0):True:4.0,6.0:561.0,381.0
driverlog-optimal/10/driverlog_p03_hyp-2_10_1.tar.bz2:1.9872879982:0.046875:1.5
> (at driver1 s0),(at package2 s2),(at package1 s0),(at truck1 s0):False:6.0,9.0:562.0,382.0
> (at truck1 s2),(at driver1 s1),(at package1 s2),(at package2 s1):True:10.0,10.0:562.0,382.0
> (at truck1 s2),(at driver1 s2),(at package1 s1),(at package2 s0):False:6.0,8.0:562.0,382.0
> (at driver1 s0),(at package2 s2),(at package1 s0),(at truck1 s2):False:9.0,10.0:562.0,382.0
> (at driver1 s2),(at truck1 s1),(at package1 s1),(at package2 s0):False:5.0,7.0:562.0,382.0
> (at driver1 s1),(at truck1 s1),(at package2 s1),(at package1 s0):True:7.0,7.0:562.0,382.0
> (at driver1 s1),(at package1 s2),(at package2 s1),(at truck1 s0):True:9.0,9.0:562.0,382.0
> (at package2 s0),(at driver1 s2),(at package1 s1),(at truck1 s0):False:4.0,6.0:562.0,382.0
driverlog-optimal/10/driverlog_p04_hyp-1_10_1.tar.bz2:1.50667095184:0.09375:1.3
> (at package1 s2),(at package3 s1),(at package2 s1),(at truck1 s2),(at driver3 s2),(at truck2 s0):False:13.0,16.0:1226.0,722.0
> (at driver1 s0),(at package2 s2),(at truck2 s2),(at package3 s0),(at package1 s1),(at truck1 s1):False:12.0,16.0:1226.0,722.0
> (at driver2 s0),(at package1 s2),(at package3 s1),(at package2 s1),(at truck1 s0),(at truck2 s1):False:10.0,12.0:1226.0,722.0
> (at driver2 s1),(at truck1 s1),(at package3 s0),(at package1 s1),(at package2 s0),(at truck2 s0):False:10.0,14.0:1226.0,722.0
> (at package1 s2),(at package3 s1),(at driver2 s2),(at package2 s1),(at truck1 s2),(at truck2 s1):True:12.0,12.0:1226.0,722.0
> (at truck2 s2),(at driver2 s2),(at package3 s0),(at package2 s0),(at package1 s1),(at truck1 s0):False:11.0,13.0:1226.0,722.0
driverlog-optimal/10/driverlog_p04_hyp-2_10_1.tar.bz2:1.44127511978:0.078125:1.26
> (at package1 s2),(at package3 s1),(at package2 s1),(at truck1 s2),(at driver3 s2),(at truck2 s0):False:13.0,15.0:1226.0,722.0
> (at driver1 s0),(at package2 s2),(at truck2 s2),(at package3 s0),(at package1 s1),(at truck1 s1):True:12.0,13.0:1226.0,722.0
> (at driver2 s0),(at package1 s2),(at package3 s1),(at package2 s1),(at truck1 s0),(at truck2 s1):False:10.0,12.0:1226.0,722.0
> (at driver2 s1),(at truck1 s1),(at package3 s0),(at package1 s1),(at package2 s0),(at truck2 s0):True:10.0,11.0:1226.0,722.0
> (at package1 s2),(at package3 s1),(at driver2 s2),(at package2 s1),(at truck1 s2),(at truck2 s1):False:12.0,14.0:1226.0,722.0
> (at truck2 s2),(at driver2 s2),(at package3 s0),(at package2 s0),(at package1 s1),(at truck1 s0):False:11.0,13.0:1226.0,722.0
driverlog-optimal/10/driverlog_p05_hyp-1_10_1.tar.bz2:1.4847009182:0.09375:1.22
> (at driver3 s0),(at package1 s2),(at truck1 s1),(at package2 s2),(at truck3 s1),(at truck2 s0):False:8.0,9.0:1766.0,1108.0
> (at package1 s2),(at driver2 s2),(at package2 s1),(at truck1 s2),(at truck3 s0),(at truck2 s1):False:11.0,12.0:1766.0,1108.0
> (at driver2 s0),(at package1 s2),(at package2 s1),(at truck1 s2),(at truck3 s0),(at truck2 s1):False:9.0,10.0:1766.0,1108.0
> (at package2 s2),(at truck2 s0),(at driver2 s2),(at package1 s1),(at truck3 s1),(at truck1 s1):False:10.0,13.0:1766.0,1108.0
> (at package1 s2),(at package2 s1),(at truck3 s2),(at truck1 s2),(at driver3 s2),(at truck2 s1):True:11.0,11.0:1766.0,1108.0
> (at driver1 s0),(at package2 s2),(at truck2 s2),(at package1 s1),(at truck3 s2),(at truck1 s1):False:9.0,13.0:1766.0,1108.0
driverlog-optimal/10/driverlog_p05_hyp-2_10_1.tar.bz2:1.55523586273:0.109375:1.35
> (at driver3 s0),(at package1 s2),(at truck1 s1),(at package2 s2),(at truck3 s1),(at truck2 s0):False:8.0,10.0:1766.0,1108.0
> (at package1 s2),(at driver2 s2),(at package2 s1),(at truck1 s2),(at truck3 s0),(at truck2 s1):True:11.0,11.0:1766.0,1108.0
> (at driver2 s0),(at package1 s2),(at package2 s1),(at truck1 s2),(at truck3 s0),(at truck2 s1):False:9.0,10.0:1766.0,1108.0
> (at package2 s2),(at truck2 s0),(at driver2 s2),(at package1 s1),(at truck3 s1),(at truck1 s1):False:10.0,13.0:1766.0,1108.0
> (at package1 s2),(at package2 s1),(at truck3 s2),(at truck1 s2),(at driver3 s2),(at truck2 s1):True:11.0,11.0:1766.0,1108.0
> (at driver1 s0),(at package2 s2),(at truck2 s2),(at package1 s1),(at truck3 s2),(at truck1 s1):False:9.0,13.0:1766.0,1108.0
driverlog-optimal/30/driverlog_p03_hyp-1_30_1.tar.bz2:1.92333698273:0.046875:1.62
> (at driver1 s0),(at package2 s2),(at package1 s0),(at truck1 s0):False:6.0,10.0:563.0,383.0
> (at truck1 s2),(at driver1 s1),(at package1 s2),(at package2 s1):True:10.0,13.0:563.0,383.0
> (at truck1 s2),(at driver1 s2),(at package1 s1),(at package2 s0):True:6.0,9.0:563.0,383.0
> (at driver1 s0),(at package2 s2),(at package1 s0),(at truck1 s2):True:9.0,12.0:563.0,383.0
> (at driver1 s2),(at truck1 s1),(at package1 s1),(at package2 s0):True:5.0,8.0:563.0,383.0
> (at driver1 s1),(at truck1 s1),(at package2 s1),(at package1 s0):True:7.0,10.0:563.0,383.0
> (at driver1 s1),(at package1 s2),(at package2 s1),(at truck1 s0):False:9.0,13.0:563.0,383.0
> (at package2 s0),(at driver1 s2),(at package1 s1),(at truck1 s0):False:4.0,8.0:563.0,383.0
driverlog-optimal/30/driverlog_p03_hyp-2_30_1.tar.bz2:1.94773197174:0.0625:1.73
> (at driver1 s0),(at package2 s2),(at package1 s0),(at truck1 s0):False:6.0,11.0:564.0,384.0
> (at truck1 s2),(at driver1 s1),(at package1 s2),(at package2 s1):True:10.0,13.0:564.0,384.0
> (at truck1 s2),(at driver1 s2),(at package1 s1),(at package2 s0):False:6.0,11.0:564.0,384.0
> (at driver1 s0),(at package2 s2),(at package1 s0),(at truck1 s2):True:9.0,12.0:564.0,384.0
> (at driver1 s2),(at truck1 s1),(at package1 s1),(at package2 s0):False:5.0,10.0:564.0,384.0
> (at driver1 s1),(at truck1 s1),(at package2 s1),(at package1 s0):True:7.0,10.0:564.0,384.0
> (at driver1 s1),(at package1 s2),(at package2 s1),(at truck1 s0):True:9.0,12.0:564.0,384.0
> (at package2 s0),(at driver1 s2),(at package1 s1),(at truck1 s0):False:4.0,9.0:564.0,384.0
driverlog-optimal/30/driverlog_p04_hyp-1_30_1.tar.bz2:1.42737102509:0.0625:1.3
> (at package1 s2),(at package3 s1),(at package2 s1),(at truck1 s2),(at driver3 s2),(at truck2 s0):False:13.0,15.0:1228.0,724.0
> (at driver1 s0),(at package2 s2),(at truck2 s2),(at package3 s0),(at package1 s1),(at truck1 s1):False:12.0,18.0:1228.0,724.0
> (at driver2 s0),(at package1 s2),(at package3 s1),(at package2 s1),(at truck1 s0),(at truck2 s1):False:10.0,12.0:1228.0,724.0
> (at driver2 s1),(at truck1 s1),(at package3 s0),(at package1 s1),(at package2 s0),(at truck2 s0):False:10.0,17.0:1228.0,724.0
> (at package1 s2),(at package3 s1),(at driver2 s2),(at package2 s1),(at truck1 s2),(at truck2 s1):True:12.0,12.0:1228.0,724.0
> (at truck2 s2),(at driver2 s2),(at package3 s0),(at package2 s0),(at package1 s1),(at truck1 s0):False:11.0,16.0:1228.0,724.0
driverlog-optimal/30/driverlog_p04_hyp-2_30_1.tar.bz2:1.43723416328:0.078125:1.26
> (at package1 s2),(at package3 s1),(at package2 s1),(at truck1 s2),(at driver3 s2),(at truck2 s0):False:13.0,17.0:1228.0,724.0
> (at driver1 s0),(at package2 s2),(at truck2 s2),(at package3 s0),(at package1 s1),(at truck1 s1):False:12.0,13.0:1228.0,724.0
> (at driver2 s0),(at package1 s2),(at package3 s1),(at package2 s1),(at truck1 s0),(at truck2 s1):False:10.0,15.0:1228.0,724.0
> (at driver2 s1),(at truck1 s1),(at package3 s0),(at package1 s1),(at package2 s0),(at truck2 s0):True:10.0,10.0:1228.0,724.0
> (at package1 s2),(at package3 s1),(at driver2 s2),(at package2 s1),(at truck1 s2),(at truck2 s1):False:12.0,16.0:1228.0,724.0
> (at truck2 s2),(at driver2 s2),(at package3 s0),(at package2 s0),(at package1 s1),(at truck1 s0):False:11.0,14.0:1228.0,724.0
driverlog-optimal/30/driverlog_p05_hyp-1_30_1.tar.bz2:1.50401997566:0.09375:1.33
> (at driver3 s0),(at package1 s2),(at truck1 s1),(at package2 s2),(at truck3 s1),(at truck2 s0):False:8.0,16.0:1769.0,1111.0
> (at package1 s2),(at driver2 s2),(at package2 s1),(at truck1 s2),(at truck3 s0),(at truck2 s1):True:11.0,15.0:1769.0,1111.0
> (at driver2 s0),(at package1 s2),(at package2 s1),(at truck1 s2),(at truck3 s0),(at truck2 s1):False:9.0,16.0:1769.0,1111.0
> (at package2 s2),(at truck2 s0),(at driver2 s2),(at package1 s1),(at truck3 s1),(at truck1 s1):False:10.0,18.0:1769.0,1111.0
> (at package1 s2),(at package2 s1),(at truck3 s2),(at truck1 s2),(at driver3 s2),(at truck2 s1):False:11.0,16.0:1769.0,1111.0
> (at driver1 s0),(at package2 s2),(at truck2 s2),(at package1 s1),(at truck3 s2),(at truck1 s1):False:9.0,18.0:1769.0,1111.0
driverlog-optimal/30/driverlog_p05_hyp-2_30_1.tar.bz2:1.5426337719:0.109375:1.33
> (at driver3 s0),(at package1 s2),(at truck1 s1),(at package2 s2),(at truck3 s1),(at truck2 s0):False:8.0,15.0:1769.0,1111.0
> (at package1 s2),(at driver2 s2),(at package2 s1),(at truck1 s2),(at truck3 s0),(at truck2 s1):True:11.0,15.0:1769.0,1111.0
> (at driver2 s0),(at package1 s2),(at package2 s1),(at truck1 s2),(at truck3 s0),(at truck2 s1):False:9.0,14.0:1769.0,1111.0
> (at package2 s2),(at truck2 s0),(at driver2 s2),(at package1 s1),(at truck3 s1),(at truck1 s1):False:10.0,16.0:1769.0,1111.0
> (at package1 s2),(at package2 s1),(at truck3 s2),(at truck1 s2),(at driver3 s2),(at truck2 s1):True:11.0,15.0:1769.0,1111.0
> (at driver1 s0),(at package2 s2),(at truck2 s2),(at package1 s1),(at truck3 s2),(at truck1 s1):False:9.0,17.0:1769.0,1111.0
driverlog-optimal/50/driverlog_p03_hyp-1_50_1.tar.bz2:1.86494398117:0.046875:1.55
> (at driver1 s0),(at package2 s2),(at package1 s0),(at truck1 s0):False:6.0,11.0:564.0,384.0
> (at truck1 s2),(at driver1 s1),(at package1 s2),(at package2 s1):True:10.0,14.0:564.0,384.0
> (at truck1 s2),(at driver1 s2),(at package1 s1),(at package2 s0):True:6.0,10.0:564.0,384.0
> (at driver1 s0),(at package2 s2),(at package1 s0),(at truck1 s2):True:9.0,13.0:564.0,384.0
> (at driver1 s2),(at truck1 s1),(at package1 s1),(at package2 s0):False:5.0,10.0:564.0,384.0
> (at driver1 s1),(at truck1 s1),(at package2 s1),(at package1 s0):False:7.0,12.0:564.0,384.0
> (at driver1 s1),(at package1 s2),(at package2 s1),(at truck1 s0):True:9.0,13.0:564.0,384.0
> (at package2 s0),(at driver1 s2),(at package1 s1),(at truck1 s0):True:4.0,8.0:564.0,384.0
driverlog-optimal/50/driverlog_p03_hyp-2_50_1.tar.bz2:1.85914492607:0.046875:1.56
> (at driver1 s0),(at package2 s2),(at package1 s0),(at truck1 s0):False:6.0,13.0:567.0,387.0
> (at truck1 s2),(at driver1 s1),(at package1 s2),(at package2 s1):True:10.0,13.0:567.0,387.0
> (at truck1 s2),(at driver1 s2),(at package1 s1),(at package2 s0):False:6.0,15.0:567.0,387.0
> (at driver1 s0),(at package2 s2),(at package1 s0),(at truck1 s2):True:9.0,12.0:567.0,387.0
> (at driver1 s2),(at truck1 s1),(at package1 s1),(at package2 s0):False:5.0,14.0:567.0,387.0
> (at driver1 s1),(at truck1 s1),(at package2 s1),(at package1 s0):True:7.0,10.0:567.0,387.0
> (at driver1 s1),(at package1 s2),(at package2 s1),(at truck1 s0):False:9.0,14.0:567.0,387.0
> (at package2 s0),(at driver1 s2),(at package1 s1),(at truck1 s0):False:4.0,15.0:567.0,387.0
driverlog-optimal/50/driverlog_p04_hyp-1_50_1.tar.bz2:1.52668499947:0.078125:1.24
> (at package1 s2),(at package3 s1),(at package2 s1),(at truck1 s2),(at driver3 s2),(at truck2 s0):False:13.0,16.0:1231.0,727.0
> (at driver1 s0),(at package2 s2),(at truck2 s2),(at package3 s0),(at package1 s1),(at truck1 s1):False:12.0,18.0:1231.0,727.0
> (at driver2 s0),(at package1 s2),(at package3 s1),(at package2 s1),(at truck1 s0),(at truck2 s1):False:10.0,14.0:1231.0,727.0
> (at driver2 s1),(at truck1 s1),(at package3 s0),(at package1 s1),(at package2 s0),(at truck2 s0):False:10.0,18.0:1231.0,727.0
> (at package1 s2),(at package3 s1),(at driver2 s2),(at package2 s1),(at truck1 s2),(at truck2 s1):True:12.0,12.0:1231.0,727.0
> (at truck2 s2),(at driver2 s2),(at package3 s0),(at package2 s0),(at package1 s1),(at truck1 s0):False:11.0,16.0:1231.0,727.0
driverlog-optimal/50/driverlog_p04_hyp-2_50_1.tar.bz2:1.41632604599:0.078125:1.29
> (at package1 s2),(at package3 s1),(at package2 s1),(at truck1 s2),(at driver3 s2),(at truck2 s0):False:13.0,17.0:1230.0,726.0
> (at driver1 s0),(at package2 s2),(at truck2 s2),(at package3 s0),(at package1 s1),(at truck1 s1):False:12.0,15.0:1230.0,726.0
> (at driver2 s0),(at package1 s2),(at package3 s1),(at package2 s1),(at truck1 s0),(at truck2 s1):False:10.0,15.0:1230.0,726.0
> (at driver2 s1),(at truck1 s1),(at package3 s0),(at package1 s1),(at package2 s0),(at truck2 s0):True:10.0,11.0:1230.0,726.0
> (at package1 s2),(at package3 s1),(at driver2 s2),(at package2 s1),(at truck1 s2),(at truck2 s1):False:12.0,16.0:1230.0,726.0
> (at truck2 s2),(at driver2 s2),(at package3 s0),(at package2 s0),(at package1 s1),(at truck1 s0):False:11.0,15.0:1230.0,726.0
driverlog-optimal/50/driverlog_p05_hyp-1_50_1.tar.bz2:1.48303198814:0.109375:1.33
> (at driver3 s0),(at package1 s2),(at truck1 s1),(at package2 s2),(at truck3 s1),(at truck2 s0):False:8.0,16.0:1772.0,1114.0
> (at package1 s2),(at driver2 s2),(at package2 s1),(at truck1 s2),(at truck3 s0),(at truck2 s1):False:11.0,15.0:1772.0,1114.0
> (at driver2 s0),(at package1 s2),(at package2 s1),(at truck1 s2),(at truck3 s0),(at truck2 s1):False:9.0,14.0:1772.0,1114.0
> (at package2 s2),(at truck2 s0),(at driver2 s2),(at package1 s1),(at truck3 s1),(at truck1 s1):False:10.0,18.0:1772.0,1114.0
> (at package1 s2),(at package2 s1),(at truck3 s2),(at truck1 s2),(at driver3 s2),(at truck2 s1):True:11.0,14.0:1772.0,1114.0
> (at driver1 s0),(at package2 s2),(at truck2 s2),(at package1 s1),(at truck3 s2),(at truck1 s1):False:9.0,17.0:1772.0,1114.0
driverlog-optimal/50/driverlog_p05_hyp-2_50_1.tar.bz2:1.48188018799:0.09375:1.24
> (at driver3 s0),(at package1 s2),(at truck1 s1),(at package2 s2),(at truck3 s1),(at truck2 s0):False:8.0,18.0:1771.0,1113.0
> (at package1 s2),(at driver2 s2),(at package2 s1),(at truck1 s2),(at truck3 s0),(at truck2 s1):True:11.0,14.0:1771.0,1113.0
> (at driver2 s0),(at package1 s2),(at package2 s1),(at truck1 s2),(at truck3 s0),(at truck2 s1):False:9.0,13.0:1771.0,1113.0
> (at package2 s2),(at truck2 s0),(at driver2 s2),(at package1 s1),(at truck3 s1),(at truck1 s1):False:10.0,19.0:1771.0,1113.0
> (at package1 s2),(at package2 s1),(at truck3 s2),(at truck1 s2),(at driver3 s2),(at truck2 s1):False:11.0,15.0:1771.0,1113.0
> (at driver1 s0),(at package2 s2),(at truck2 s2),(at package1 s1),(at truck3 s2),(at truck1 s1):False:9.0,17.0:1771.0,1113.0
driverlog-optimal/70/driverlog_p03_hyp-1_70_1.tar.bz2:1.9363629818:0.046875:1.45
> (at driver1 s0),(at package2 s2),(at package1 s0),(at truck1 s0):False:6.0,15.0:566.0,386.0
> (at truck1 s2),(at driver1 s1),(at package1 s2),(at package2 s1):False:10.0,18.0:566.0,386.0
> (at truck1 s2),(at driver1 s2),(at package1 s1),(at package2 s0):False:6.0,11.0:566.0,386.0
> (at driver1 s0),(at package2 s2),(at package1 s0),(at truck1 s2):False:9.0,18.0:566.0,386.0
> (at driver1 s2),(at truck1 s1),(at package1 s1),(at package2 s0):False:5.0,11.0:566.0,386.0
> (at driver1 s1),(at truck1 s1),(at package2 s1),(at package1 s0):False:7.0,17.0:566.0,386.0
> (at driver1 s1),(at package1 s2),(at package2 s1),(at truck1 s0):False:9.0,15.0:566.0,386.0
> (at package2 s0),(at driver1 s2),(at package1 s1),(at truck1 s0):True:4.0,8.0:566.0,386.0
driverlog-optimal/70/driverlog_p03_hyp-2_70_1.tar.bz2:1.83638501167:0.03125:1.56
> (at driver1 s0),(at package2 s2),(at package1 s0),(at truck1 s0):False:6.0,20.0:570.0,390.0
> (at truck1 s2),(at driver1 s1),(at package1 s2),(at package2 s1):True:10.0,13.0:570.0,390.0
> (at truck1 s2),(at driver1 s2),(at package1 s1),(at package2 s0):False:6.0,17.0:570.0,390.0
> (at driver1 s0),(at package2 s2),(at package1 s0),(at truck1 s2):False:9.0,19.0:570.0,390.0
> (at driver1 s2),(at truck1 s1),(at package1 s1),(at package2 s0):False:5.0,18.0:570.0,390.0
> (at driver1 s1),(at truck1 s1),(at package2 s1),(at package1 s0):False:7.0,16.0:570.0,390.0
> (at driver1 s1),(at package1 s2),(at package2 s1),(at truck1 s0):False:9.0,14.0:570.0,390.0
> (at package2 s0),(at driver1 s2),(at package1 s1),(at truck1 s0):False:4.0,18.0:570.0,390.0
driverlog-optimal/70/driverlog_p04_hyp-1_70_1.tar.bz2:1.49822998047:0.078125:1.22
> (at package1 s2),(at package3 s1),(at package2 s1),(at truck1 s2),(at driver3 s2),(at truck2 s0):False:13.0,17.0:1234.0,730.0
> (at driver1 s0),(at package2 s2),(at truck2 s2),(at package3 s0),(at package1 s1),(at truck1 s1):False:12.0,21.0:1234.0,730.0
> (at driver2 s0),(at package1 s2),(at package3 s1),(at package2 s1),(at truck1 s0),(at truck2 s1):False:10.0,15.0:1234.0,730.0
> (at driver2 s1),(at truck1 s1),(at package3 s0),(at package1 s1),(at package2 s0),(at truck2 s0):False:10.0,20.0:1234.0,730.0
> (at package1 s2),(at package3 s1),(at driver2 s2),(at package2 s1),(at truck1 s2),(at truck2 s1):True:12.0,13.0:1234.0,730.0
> (at truck2 s2),(at driver2 s2),(at package3 s0),(at package2 s0),(at package1 s1),(at truck1 s0):False:11.0,19.0:1234.0,730.0
driverlog-optimal/70/driverlog_p04_hyp-2_70_1.tar.bz2:1.57390093803:0.09375:1.25
> (at package1 s2),(at package3 s1),(at package2 s1),(at truck1 s2),(at driver3 s2),(at truck2 s0):False:13.0,19.0:1232.0,728.0
> (at driver1 s0),(at package2 s2),(at truck2 s2),(at package3 s0),(at package1 s1),(at truck1 s1):False:12.0,15.0:1232.0,728.0
> (at driver2 s0),(at package1 s2),(at package3 s1),(at package2 s1),(at truck1 s0),(at truck2 s1):False:10.0,18.0:1232.0,728.0
> (at driver2 s1),(at truck1 s1),(at package3 s0),(at package1 s1),(at package2 s0),(at truck2 s0):True:10.0,11.0:1232.0,728.0
> (at package1 s2),(at package3 s1),(at driver2 s2),(at package2 s1),(at truck1 s2),(at truck2 s1):False:12.0,18.0:1232.0,728.0
> (at truck2 s2),(at driver2 s2),(at package3 s0),(at package2 s0),(at package1 s1),(at truck1 s0):False:11.0,16.0:1232.0,728.0
driverlog-optimal/70/driverlog_p05_hyp-1_70_1.tar.bz2:1.47174406052:0.09375:1.29
> (at driver3 s0),(at package1 s2),(at truck1 s1),(at package2 s2),(at truck3 s1),(at truck2 s0):False:8.0,16.0:1775.0,1117.0
> (at package1 s2),(at driver2 s2),(at package2 s1),(at truck1 s2),(at truck3 s0),(at truck2 s1):True:11.0,15.0:1775.0,1117.0
> (at driver2 s0),(at package1 s2),(at package2 s1),(at truck1 s2),(at truck3 s0),(at truck2 s1):False:9.0,17.0:1775.0,1117.0
> (at package2 s2),(at truck2 s0),(at driver2 s2),(at package1 s1),(at truck3 s1),(at truck1 s1):False:10.0,18.0:1775.0,1117.0
> (at package1 s2),(at package2 s1),(at truck3 s2),(at truck1 s2),(at driver3 s2),(at truck2 s1):False:11.0,17.0:1775.0,1117.0
> (at driver1 s0),(at package2 s2),(at truck2 s2),(at package1 s1),(at truck3 s2),(at truck1 s1):False:9.0,20.0:1775.0,1117.0
driverlog-optimal/70/driverlog_p05_hyp-2_70_1.tar.bz2:1.46715903282:0.109375:1.31
> (at driver3 s0),(at package1 s2),(at truck1 s1),(at package2 s2),(at truck3 s1),(at truck2 s0):False:8.0,19.0:1774.0,1116.0
> (at package1 s2),(at driver2 s2),(at package2 s1),(at truck1 s2),(at truck3 s0),(at truck2 s1):True:11.0,16.0:1774.0,1116.0
> (at driver2 s0),(at package1 s2),(at package2 s1),(at truck1 s2),(at truck3 s0),(at truck2 s1):True:9.0,14.0:1774.0,1116.0
> (at package2 s2),(at truck2 s0),(at driver2 s2),(at package1 s1),(at truck3 s1),(at truck1 s1):False:10.0,22.0:1774.0,1116.0
> (at package1 s2),(at package2 s1),(at truck3 s2),(at truck1 s2),(at driver3 s2),(at truck2 s1):True:11.0,16.0:1774.0,1116.0
> (at driver1 s0),(at package2 s2),(at truck2 s2),(at package1 s1),(at truck3 s2),(at truck1 s1):False:9.0,22.0:1774.0,1116.0
driverlog-optimal/100/driverlog_p03_hyp-1_full.tar.bz2:1.93468284607:0.0625:1.48
> (at driver1 s0),(at package2 s2),(at package1 s0),(at truck1 s0):False:6.0,16.0:568.0,388.0
> (at truck1 s2),(at driver1 s1),(at package1 s2),(at package2 s1):False:10.0,18.0:568.0,388.0
> (at truck1 s2),(at driver1 s2),(at package1 s1),(at package2 s0):False:6.0,11.0:568.0,388.0
> (at driver1 s0),(at package2 s2),(at package1 s0),(at truck1 s2):False:9.0,19.0:568.0,388.0
> (at driver1 s2),(at truck1 s1),(at package1 s1),(at package2 s0):False:5.0,11.0:568.0,388.0
> (at driver1 s1),(at truck1 s1),(at package2 s1),(at package1 s0):False:7.0,17.0:568.0,388.0
> (at driver1 s1),(at package1 s2),(at package2 s1),(at truck1 s0):False:9.0,15.0:568.0,388.0
> (at package2 s0),(at driver1 s2),(at package1 s1),(at truck1 s0):True:4.0,8.0:568.0,388.0
driverlog-optimal/100/driverlog_p03_hyp-2_full.tar.bz2:1.83187389374:0.09375:1.6
> (at driver1 s0),(at package2 s2),(at package1 s0),(at truck1 s0):False:6.0,20.0:573.0,393.0
> (at truck1 s2),(at driver1 s1),(at package1 s2),(at package2 s1):True:10.0,13.0:573.0,393.0
> (at truck1 s2),(at driver1 s2),(at package1 s1),(at package2 s0):False:6.0,19.0:573.0,393.0
> (at driver1 s0),(at package2 s2),(at package1 s0),(at truck1 s2):False:9.0,19.0:573.0,393.0
> (at driver1 s2),(at truck1 s1),(at package1 s1),(at package2 s0):False:5.0,20.0:573.0,393.0
> (at driver1 s1),(at truck1 s1),(at package2 s1),(at package1 s0):False:7.0,16.0:573.0,393.0
> (at driver1 s1),(at package1 s2),(at package2 s1),(at truck1 s0):False:9.0,14.0:573.0,393.0
> (at package2 s0),(at driver1 s2),(at package1 s1),(at truck1 s0):False:4.0,20.0:573.0,393.0
driverlog-optimal/100/driverlog_p04_hyp-1_full.tar.bz2:1.50544404984:0.078125:1.24
> (at package1 s2),(at package3 s1),(at package2 s1),(at truck1 s2),(at driver3 s2),(at truck2 s0):False:13.0,17.0:1237.0,733.0
> (at driver1 s0),(at package2 s2),(at truck2 s2),(at package3 s0),(at package1 s1),(at truck1 s1):False:12.0,24.0:1237.0,733.0
> (at driver2 s0),(at package1 s2),(at package3 s1),(at package2 s1),(at truck1 s0),(at truck2 s1):False:10.0,16.0:1237.0,733.0
> (at driver2 s1),(at truck1 s1),(at package3 s0),(at package1 s1),(at package2 s0),(at truck2 s0):False:10.0,24.0:1237.0,733.0
> (at package1 s2),(at package3 s1),(at driver2 s2),(at package2 s1),(at truck1 s2),(at truck2 s1):True:12.0,13.0:1237.0,733.0
> (at truck2 s2),(at driver2 s2),(at package3 s0),(at package2 s0),(at package1 s1),(at truck1 s0):False:11.0,22.0:1237.0,733.0
driverlog-optimal/100/driverlog_p04_hyp-2_full.tar.bz2:1.42430901527:0.0625:1.24
> (at package1 s2),(at package3 s1),(at package2 s1),(at truck1 s2),(at driver3 s2),(at truck2 s0):False:13.0,21.0:1235.0,731.0
> (at driver1 s0),(at package2 s2),(at truck2 s2),(at package3 s0),(at package1 s1),(at truck1 s1):False:12.0,15.0:1235.0,731.0
> (at driver2 s0),(at package1 s2),(at package3 s1),(at package2 s1),(at truck1 s0),(at truck2 s1):False:10.0,21.0:1235.0,731.0
> (at driver2 s1),(at truck1 s1),(at package3 s0),(at package1 s1),(at package2 s0),(at truck2 s0):True:10.0,11.0:1235.0,731.0
> (at package1 s2),(at package3 s1),(at driver2 s2),(at package2 s1),(at truck1 s2),(at truck2 s1):False:12.0,21.0:1235.0,731.0
> (at truck2 s2),(at driver2 s2),(at package3 s0),(at package2 s0),(at package1 s1),(at truck1 s0):False:11.0,16.0:1235.0,731.0
driverlog-optimal/100/driverlog_p05_hyp-1_full.tar.bz2:1.51804995537:0.109375:1.33
> (at driver3 s0),(at package1 s2),(at truck1 s1),(at package2 s2),(at truck3 s1),(at truck2 s0):False:8.0,21.0:1779.0,1121.0
> (at package1 s2),(at driver2 s2),(at package2 s1),(at truck1 s2),(at truck3 s0),(at truck2 s1):True:11.0,15.0:1779.0,1121.0
> (at driver2 s0),(at package1 s2),(at package2 s1),(at truck1 s2),(at truck3 s0),(at truck2 s1):False:9.0,17.0:1779.0,1121.0
> (at package2 s2),(at truck2 s0),(at driver2 s2),(at package1 s1),(at truck3 s1),(at truck1 s1):False:10.0,23.0:1779.0,1121.0
> (at package1 s2),(at package2 s1),(at truck3 s2),(at truck1 s2),(at driver3 s2),(at truck2 s1):False:11.0,18.0:1779.0,1121.0
> (at driver1 s0),(at package2 s2),(at truck2 s2),(at package1 s1),(at truck3 s2),(at truck1 s1):False:9.0,25.0:1779.0,1121.0
driverlog-optimal/100/driverlog_p05_hyp-2_full.tar.bz2:1.48113799095:0.09375:1.33
> (at driver3 s0),(at package1 s2),(at truck1 s1),(at package2 s2),(at truck3 s1),(at truck2 s0):False:8.0,21.0:1778.0,1120.0
> (at package1 s2),(at driver2 s2),(at package2 s1),(at truck1 s2),(at truck3 s0),(at truck2 s1):True:11.0,16.0:1778.0,1120.0
> (at driver2 s0),(at package1 s2),(at package2 s1),(at truck1 s2),(at truck3 s0),(at truck2 s1):True:9.0,14.0:1778.0,1120.0
> (at package2 s2),(at truck2 s0),(at driver2 s2),(at package1 s1),(at truck3 s1),(at truck1 s1):False:10.0,24.0:1778.0,1120.0
> (at package1 s2),(at package2 s1),(at truck3 s2),(at truck1 s2),(at driver3 s2),(at truck2 s1):True:11.0,16.0:1778.0,1120.0
> (at driver1 s0),(at package2 s2),(at truck2 s2),(at package1 s1),(at truck3 s2),(at truck1 s1):False:9.0,24.0:1778.0,1120.0
