driverlog-optimal-old-noisy/10/driverlog_noisy_p03_hyp-1_10_1.tar.bz2:0.544762849808:0.008269032:0.55
> 0:True:2,5:90,24
> 1:True:7,10:90,24
> 2:True:4,7:90,24
> 3:True:3,6:90,24
> 4:True:6,9:90,24
> 5:True:5,8:90,24
> 6:True:3,6:90,24
> 7:True:5,8:90,24
driverlog-optimal-old-noisy/10/driverlog_noisy_p03_hyp-1_10_2.tar.bz2:0.544450998306:0.007837756:0.54
> 0:False:2,5:90,24
> 1:True:7,8:90,24
> 2:False:4,7:90,24
> 3:False:3,6:90,24
> 4:True:6,7:90,24
> 5:False:5,8:90,24
> 6:False:3,6:90,24
> 7:False:5,8:90,24
driverlog-optimal-old-noisy/10/driverlog_noisy_p03_hyp-1_10_3.tar.bz2:0.545814037323:0.008094486:0.54
> 0:True:2,3:89,23
> 1:True:7,8:89,23
> 2:True:4,5:89,23
> 3:True:3,4:89,23
> 4:True:6,7:89,23
> 5:True:5,6:89,23
> 6:True:3,4:89,23
> 7:True:5,6:89,23
driverlog-optimal-old-noisy/10/driverlog_noisy_p03_hyp-2_10_1.tar.bz2:0.546432971954:0.008062002:0.56
> 0:False:2,7:91,25
> 1:True:7,10:91,25
> 2:False:4,9:91,25
> 3:False:3,8:91,25
> 4:True:6,9:91,25
> 5:False:5,10:91,25
> 6:False:3,8:91,25
> 7:True:5,8:91,25
driverlog-optimal-old-noisy/10/driverlog_noisy_p03_hyp-2_10_2.tar.bz2:0.542348146439:0.007796738:0.54
> 0:True:2,3:90,24
> 1:True:7,8:90,24
> 2:False:4,7:90,24
> 3:True:3,4:90,24
> 4:True:6,7:90,24
> 5:False:5,8:90,24
> 6:True:3,4:90,24
> 7:False:5,8:90,24
driverlog-optimal-old-noisy/10/driverlog_noisy_p03_hyp-2_10_3.tar.bz2:0.545808792114:0.008266274:0.54
> 0:True:2,4:90,24
> 1:True:7,9:90,24
> 2:True:4,6:90,24
> 3:True:3,5:90,24
> 4:True:6,8:90,24
> 5:True:5,7:90,24
> 6:True:3,5:90,24
> 7:True:5,7:90,24
driverlog-optimal-old-noisy/10/driverlog_noisy_p03_hyp-3_10_1.tar.bz2:0.546329975128:0.00825511:0.55
> 0:False:2,6:90,24
> 1:False:7,9:90,24
> 2:False:4,6:90,24
> 3:False:3,6:90,24
> 4:False:6,10:90,24
> 5:True:5,5:90,24
> 6:False:3,5:90,24
> 7:False:5,8:90,24
driverlog-optimal-old-noisy/10/driverlog_noisy_p03_hyp-3_10_2.tar.bz2:0.544564008713:0.008318539:0.55
> 0:False:2,6:90,24
> 1:True:7,7:90,24
> 2:False:4,8:90,24
> 3:False:3,7:90,24
> 4:True:6,6:90,24
> 5:False:5,9:90,24
> 6:False:3,7:90,24
> 7:True:5,5:90,24
driverlog-optimal-old-noisy/10/driverlog_noisy_p03_hyp-3_10_3.tar.bz2:0.548121929169:0.008376911:0.54
> 0:False:2,5:90,24
> 1:True:7,8:90,24
> 2:False:4,7:90,24
> 3:False:3,5:90,24
> 4:False:6,9:90,24
> 5:True:5,6:90,24
> 6:True:3,4:90,24
> 7:False:5,7:90,24
driverlog-optimal-old-noisy/10/driverlog_noisy_p03_hyp-4_10_1.tar.bz2:0.542289018631:0.008012661:0.55
> 0:False:2,4:90,24
> 1:False:7,10:90,24
> 2:False:4,8:90,24
> 3:False:3,5:90,24
> 4:False:6,10:90,24
> 5:False:5,8:90,24
> 6:True:3,4:90,24
> 7:False:5,9:90,24
driverlog-optimal-old-noisy/10/driverlog_noisy_p03_hyp-4_10_2.tar.bz2:0.545583963394:0.00843178:0.54
> 0:False:2,5:90,24
> 1:False:7,9:90,24
> 2:False:4,7:90,24
> 3:True:3,4:90,24
> 4:False:6,9:90,24
> 5:False:5,7:90,24
> 6:False:3,5:90,24
> 7:True:5,6:90,24
driverlog-optimal-old-noisy/10/driverlog_noisy_p03_hyp-4_10_3.tar.bz2:0.541789054871:0.00794448:0.55
> 0:False:2,4:89,23
> 1:False:7,8:89,23
> 2:False:4,6:89,23
> 3:True:3,3:89,23
> 4:False:6,8:89,23
> 5:False:5,6:89,23
> 6:False:3,4:89,23
> 7:True:5,5:89,23
driverlog-optimal-old-noisy/10/driverlog_noisy_p04_hyp-1_10_1.tar.bz2:0.430456161499:0.007317:0.43
> 0:False:9,13:147,34
> 1:False:7,13:147,34
> 2:False:7,11:147,34
> 3:False:9,14:147,34
> 4:False:8,12:147,34
> 5:True:10,13:147,34
driverlog-optimal-old-noisy/10/driverlog_noisy_p04_hyp-1_10_2.tar.bz2:0.430379867554:0.00724771:0.44
> 0:True:9,9:146,33
> 1:False:7,11:146,33
> 2:True:7,7:146,33
> 3:False:9,13:146,33
> 4:False:8,12:146,33
> 5:True:10,10:146,33
driverlog-optimal-old-noisy/10/driverlog_noisy_p04_hyp-1_10_3.tar.bz2:0.429598808289:0.00690602:0.43
> 0:False:9,11:147,34
> 1:False:7,11:147,34
> 2:False:7,10:147,34
> 3:False:9,14:147,34
> 4:False:8,12:147,34
> 5:True:10,10:147,34
driverlog-optimal-old-noisy/10/driverlog_noisy_p04_hyp-2_10_1.tar.bz2:0.431784152985:0.00716504:0.44
> 0:True:9,10:147,34
> 1:True:7,8:147,34
> 2:True:7,8:147,34
> 3:True:9,10:147,34
> 4:True:8,9:147,34
> 5:False:10,12:147,34
driverlog-optimal-old-noisy/10/driverlog_noisy_p04_hyp-2_10_2.tar.bz2:0.431863069534:0.00736633:0.44
> 0:True:9,12:146,33
> 1:True:7,10:146,33
> 2:True:7,10:146,33
> 3:True:9,12:146,33
> 4:True:8,11:146,33
> 5:True:10,13:146,33
driverlog-optimal-old-noisy/10/driverlog_noisy_p04_hyp-2_10_3.tar.bz2:0.43026304245:0.00713814:0.43
> 0:False:9,12:147,34
> 1:False:7,10:147,34
> 2:False:7,10:147,34
> 3:False:9,12:147,34
> 4:False:8,13:147,34
> 5:True:10,12:147,34
driverlog-optimal-old-noisy/10/driverlog_noisy_p04_hyp-3_10_1.tar.bz2:0.430489063263:0.00729105:0.43
> 0:True:9,10:146,33
> 1:False:7,10:146,33
> 2:False:7,9:146,33
> 3:False:9,12:146,33
> 4:False:8,10:146,33
> 5:True:10,11:146,33
driverlog-optimal-old-noisy/10/driverlog_noisy_p04_hyp-3_10_2.tar.bz2:0.431689977646:0.0071362:0.44
> 0:True:9,10:147,34
> 1:False:7,10:147,34
> 2:True:7,8:147,34
> 3:False:9,11:147,34
> 4:False:8,11:147,34
> 5:True:10,11:147,34
driverlog-optimal-old-noisy/10/driverlog_noisy_p04_hyp-3_10_3.tar.bz2:0.431356906891:0.0072215:0.43
> 0:False:9,11:147,34
> 1:False:7,12:147,34
> 2:True:7,8:147,34
> 3:False:9,15:147,34
> 4:False:8,11:147,34
> 5:False:10,12:147,34
driverlog-optimal-old-noisy/10/driverlog_noisy_p04_hyp-4_10_1.tar.bz2:0.431598901749:0.00734087:0.43
> 0:False:9,10:146,33
> 1:False:7,11:146,33
> 2:False:7,9:146,33
> 3:False:9,12:146,33
> 4:True:8,8:146,33
> 5:False:10,12:146,33
driverlog-optimal-old-noisy/10/driverlog_noisy_p04_hyp-4_10_2.tar.bz2:0.43064904213:0.00697039:0.43
> 0:False:9,11:146,33
> 1:True:7,7:146,33
> 2:False:7,9:146,33
> 3:True:9,9:146,33
> 4:True:8,8:146,33
> 5:False:10,12:146,33
driverlog-optimal-old-noisy/10/driverlog_noisy_p04_hyp-4_10_3.tar.bz2:0.432923078537:0.00719954:0.43
> 0:False:9,14:147,34
> 1:True:7,8:147,34
> 2:False:7,12:147,34
> 3:False:9,11:147,34
> 4:False:8,11:147,34
> 5:False:10,15:147,34
driverlog-optimal-old-noisy/10/driverlog_noisy_p05_hyp-1_10_1.tar.bz2:0.445816993713:0.00767432:0.45
> 0:True:8,10:183,35
> 1:False:7,11:183,35
> 2:True:6,8:183,35
> 3:False:6,11:183,35
> 4:False:5,8:183,35
> 5:False:8,11:183,35
driverlog-optimal-old-noisy/10/driverlog_noisy_p05_hyp-1_10_2.tar.bz2:0.446886062622:0.00797008:0.45
> 0:False:8,12:183,35
> 1:False:7,11:183,35
> 2:False:6,10:183,35
> 3:True:6,8:183,35
> 4:True:5,7:183,35
> 5:True:8,10:183,35
driverlog-optimal-old-noisy/10/driverlog_noisy_p05_hyp-1_10_3.tar.bz2:0.442915916443:0.00740811:0.43
> 0:True:8,9:183,35
> 1:False:7,12:183,35
> 2:True:6,7:183,35
> 3:False:6,10:183,35
> 4:False:5,11:183,35
> 5:False:8,11:183,35
driverlog-optimal-old-noisy/10/driverlog_noisy_p05_hyp-2_10_1.tar.bz2:0.448421001434:0.00780387:0.45
> 0:False:8,12:183,35
> 1:True:7,10:183,35
> 2:False:6,10:183,35
> 3:False:6,10:183,35
> 4:True:5,8:183,35
> 5:False:8,12:183,35
driverlog-optimal-old-noisy/10/driverlog_noisy_p05_hyp-2_10_2.tar.bz2:0.445150852203:0.00769078:0.44
> 0:True:8,11:182,34
> 1:True:7,10:182,34
> 2:True:6,9:182,34
> 3:True:6,9:182,34
> 4:False:5,9:182,34
> 5:False:8,12:182,34
driverlog-optimal-old-noisy/10/driverlog_noisy_p05_hyp-2_10_3.tar.bz2:0.443075895309:0.00743477:0.44
> 0:True:8,10:183,35
> 1:False:7,11:183,35
> 2:True:6,8:183,35
> 3:False:6,9:183,35
> 4:False:5,9:183,35
> 5:False:8,11:183,35
driverlog-optimal-old-noisy/10/driverlog_noisy_p05_hyp-3_10_1.tar.bz2:0.44352889061:0.00757584:0.45
> 0:True:8,11:183,35
> 1:True:7,10:183,35
> 2:True:6,9:183,35
> 3:True:6,9:183,35
> 4:False:5,9:183,35
> 5:False:8,12:183,35
driverlog-optimal-old-noisy/10/driverlog_noisy_p05_hyp-3_10_2.tar.bz2:0.445763111115:0.00778025:0.44
> 0:False:8,13:183,35
> 1:True:7,10:183,35
> 2:False:6,11:183,35
> 3:False:6,10:183,35
> 4:False:5,9:183,35
> 5:False:8,14:183,35
driverlog-optimal-old-noisy/10/driverlog_noisy_p05_hyp-3_10_3.tar.bz2:0.445029020309:0.0077779:0.44
> 0:True:8,10:182,34
> 1:True:7,9:182,34
> 2:True:6,8:182,34
> 3:True:6,8:182,34
> 4:False:5,9:182,34
> 5:True:8,10:182,34
driverlog-optimal-old-noisy/10/driverlog_noisy_p05_hyp-4_10_1.tar.bz2:0.446532011032:0.00774646:0.46
> 0:True:8,11:183,35
> 1:False:7,11:183,35
> 2:True:6,9:183,35
> 3:True:6,9:183,35
> 4:False:5,10:183,35
> 5:True:8,11:183,35
driverlog-optimal-old-noisy/10/driverlog_noisy_p05_hyp-4_10_2.tar.bz2:0.442764043808:0.0075695:0.44
> 0:True:8,10:183,35
> 1:False:7,11:183,35
> 2:True:6,8:183,35
> 3:False:6,10:183,35
> 4:False:5,9:183,35
> 5:True:8,10:183,35
driverlog-optimal-old-noisy/10/driverlog_noisy_p05_hyp-4_10_3.tar.bz2:0.441984891891:0.00744795:0.45
> 0:True:8,11:183,35
> 1:False:7,11:183,35
> 2:True:6,9:183,35
> 3:False:6,10:183,35
> 4:False:5,11:183,35
> 5:False:8,13:183,35
driverlog-optimal-old-noisy/30/driverlog_noisy_p03_hyp-1_30_1.tar.bz2:0.546579122543:0.008155967:0.54
> 0:False:2,6:92,26
> 1:True:7,9:92,26
> 2:False:4,8:92,26
> 3:False:3,7:92,26
> 4:True:6,8:92,26
> 5:False:5,9:92,26
> 6:False:3,7:92,26
> 7:False:5,9:92,26
driverlog-optimal-old-noisy/30/driverlog_noisy_p03_hyp-1_30_2.tar.bz2:0.544888973236:0.008321048:0.55
> 0:False:2,6:92,26
> 1:False:7,11:92,26
> 2:False:4,10:92,26
> 3:False:3,6:92,26
> 4:False:6,12:92,26
> 5:False:5,9:92,26
> 6:True:3,5:92,26
> 7:False:5,10:92,26
driverlog-optimal-old-noisy/30/driverlog_noisy_p03_hyp-1_30_3.tar.bz2:0.543999195099:0.008248753:0.54
> 0:False:2,6:92,26
> 1:False:7,12:92,26
> 2:False:4,10:92,26
> 3:False:3,7:92,26
> 4:False:6,12:92,26
> 5:False:5,10:92,26
> 6:True:3,6:92,26
> 7:False:5,11:92,26
driverlog-optimal-old-noisy/30/driverlog_noisy_p03_hyp-2_30_1.tar.bz2:0.545763969421:0.008008286:0.55
> 0:False:2,6:92,26
> 1:True:7,9:92,26
> 2:False:4,10:92,26
> 3:False:3,7:92,26
> 4:True:6,8:92,26
> 5:False:5,11:92,26
> 6:False:3,7:92,26
> 7:False:5,9:92,26
driverlog-optimal-old-noisy/30/driverlog_noisy_p03_hyp-2_30_2.tar.bz2:0.547466039658:0.008249081:0.54
> 0:False:2,8:92,26
> 1:True:7,9:92,26
> 2:False:4,10:92,26
> 3:False:3,8:92,26
> 4:False:6,10:92,26
> 5:False:5,9:92,26
> 6:False:3,7:92,26
> 7:False:5,8:92,26
driverlog-optimal-old-noisy/30/driverlog_noisy_p03_hyp-2_30_3.tar.bz2:0.544758081436:0.008300368:0.54
> 0:False:2,7:93,27
> 1:True:7,10:93,27
> 2:False:4,11:93,27
> 3:False:3,8:93,27
> 4:True:6,9:93,27
> 5:False:5,12:93,27
> 6:False:3,8:93,27
> 7:False:5,12:93,27
driverlog-optimal-old-noisy/30/driverlog_noisy_p03_hyp-3_30_1.tar.bz2:0.542476892471:0.007687289:0.55
> 0:False:2,10:92,26
> 1:False:7,11:92,26
> 2:False:4,8:92,26
> 3:False:3,10:92,26
> 4:False:6,10:92,26
> 5:False:5,9:92,26
> 6:False:3,11:92,26
> 7:True:5,8:92,26
driverlog-optimal-old-noisy/30/driverlog_noisy_p03_hyp-3_30_2.tar.bz2:0.546669006348:0.008191142:0.54
> 0:False:2,10:92,26
> 1:False:7,13:92,26
> 2:True:4,8:92,26
> 3:False:3,11:92,26
> 4:False:6,12:92,26
> 5:True:5,9:92,26
> 6:False:3,11:92,26
> 7:False:5,11:92,26
driverlog-optimal-old-noisy/30/driverlog_noisy_p03_hyp-3_30_3.tar.bz2:0.54102897644:0.007696658:0.54
> 0:False:2,8:92,26
> 1:False:7,13:92,26
> 2:True:4,8:92,26
> 3:False:3,9:92,26
> 4:False:6,12:92,26
> 5:True:5,9:92,26
> 6:False:3,9:92,26
> 7:False:5,11:92,26
driverlog-optimal-old-noisy/30/driverlog_noisy_p03_hyp-4_30_1.tar.bz2:0.545181035995:0.007891798:0.54
> 0:False:2,6:92,26
> 1:False:7,12:92,26
> 2:False:4,12:92,26
> 3:True:3,5:92,26
> 4:False:6,12:92,26
> 5:False:5,12:92,26
> 6:False:3,6:92,26
> 7:False:5,11:92,26
driverlog-optimal-old-noisy/30/driverlog_noisy_p03_hyp-4_30_2.tar.bz2:0.543890953064:0.008187607:0.54
> 0:True:2,6:92,26
> 1:True:7,11:92,26
> 2:False:4,10:92,26
> 3:True:3,7:92,26
> 4:True:6,10:92,26
> 5:False:5,11:92,26
> 6:True:3,7:92,26
> 7:False:5,11:92,26
driverlog-optimal-old-noisy/30/driverlog_noisy_p03_hyp-4_30_3.tar.bz2:0.543961048126:0.007999621:0.55
> 0:False:2,6:91,25
> 1:False:7,10:91,25
> 2:False:4,8:91,25
> 3:True:3,5:91,25
> 4:False:6,10:91,25
> 5:False:5,8:91,25
> 6:False:3,6:91,25
> 7:True:5,7:91,25
driverlog-optimal-old-noisy/30/driverlog_noisy_p04_hyp-1_30_1.tar.bz2:0.432511091232:0.0074411:0.44
> 0:True:9,13:149,36
> 1:False:7,13:149,36
> 2:False:7,13:149,36
> 3:True:9,13:149,36
> 4:True:8,12:149,36
> 5:False:10,15:149,36
driverlog-optimal-old-noisy/30/driverlog_noisy_p04_hyp-1_30_2.tar.bz2:0.431801080704:0.00690829:0.43
> 0:True:9,9:148,35
> 1:False:7,11:148,35
> 2:False:7,11:148,35
> 3:False:9,13:148,35
> 4:False:8,10:148,35
> 5:False:10,12:148,35
driverlog-optimal-old-noisy/30/driverlog_noisy_p04_hyp-1_30_3.tar.bz2:0.430943012238:0.00729979:0.42
> 0:True:9,9:148,35
> 1:False:7,11:148,35
> 2:False:7,11:148,35
> 3:False:9,13:148,35
> 4:False:8,10:148,35
> 5:False:10,12:148,35
driverlog-optimal-old-noisy/30/driverlog_noisy_p04_hyp-2_30_1.tar.bz2:0.428482055664:0.00716281:0.43
> 0:False:9,17:148,35
> 1:True:7,8:148,35
> 2:False:7,15:148,35
> 3:True:9,10:148,35
> 4:False:8,10:148,35
> 5:False:10,16:148,35
driverlog-optimal-old-noisy/30/driverlog_noisy_p04_hyp-2_30_2.tar.bz2:0.430480003357:0.00722013:0.43
> 0:False:9,15:148,35
> 1:True:7,8:148,35
> 2:False:7,15:148,35
> 3:False:9,13:148,35
> 4:False:8,12:148,35
> 5:False:10,15:148,35
driverlog-optimal-old-noisy/30/driverlog_noisy_p04_hyp-2_30_3.tar.bz2:0.430383205414:0.00715071:0.42
> 0:False:9,13:148,35
> 1:True:7,7:148,35
> 2:False:7,13:148,35
> 3:False:9,12:148,35
> 4:False:8,11:148,35
> 5:False:10,12:148,35
driverlog-optimal-old-noisy/30/driverlog_noisy_p04_hyp-3_30_1.tar.bz2:0.430848836899:0.00725837:0.43
> 0:True:9,13:149,36
> 1:True:7,11:149,36
> 2:True:7,11:149,36
> 3:False:9,14:149,36
> 4:True:8,12:149,36
> 5:True:10,14:149,36
driverlog-optimal-old-noisy/30/driverlog_noisy_p04_hyp-3_30_2.tar.bz2:0.432804107666:0.00701258:0.44
> 0:False:9,14:149,36
> 1:False:7,16:149,36
> 2:True:7,11:149,36
> 3:False:9,18:149,36
> 4:False:8,16:149,36
> 5:False:10,15:149,36
driverlog-optimal-old-noisy/30/driverlog_noisy_p04_hyp-3_30_3.tar.bz2:0.433063030243:0.00725719:0.43
> 0:False:9,13:149,36
> 1:False:7,13:149,36
> 2:False:7,11:149,36
> 3:False:9,14:149,36
> 4:False:8,14:149,36
> 5:True:10,13:149,36
driverlog-optimal-old-noisy/30/driverlog_noisy_p04_hyp-4_30_1.tar.bz2:0.428967952728:0.00700082:0.43
> 0:False:9,16:149,36
> 1:False:7,11:149,36
> 2:False:7,15:149,36
> 3:True:9,11:149,36
> 4:True:8,10:149,36
> 5:False:10,16:149,36
driverlog-optimal-old-noisy/30/driverlog_noisy_p04_hyp-4_30_2.tar.bz2:0.433099031448:0.0071984:0.44
> 0:True:9,14:150,37
> 1:False:7,14:150,37
> 2:False:7,14:150,37
> 3:True:9,14:150,37
> 4:True:8,13:150,37
> 5:False:10,16:150,37
driverlog-optimal-old-noisy/30/driverlog_noisy_p04_hyp-4_30_3.tar.bz2:0.431783914566:0.00725913:0.43
> 0:False:9,14:150,37
> 1:False:7,11:150,37
> 2:False:7,11:150,37
> 3:False:9,13:150,37
> 4:True:8,11:150,37
> 5:True:10,13:150,37
driverlog-optimal-old-noisy/30/driverlog_noisy_p05_hyp-1_30_1.tar.bz2:0.444106817245:0.00787955:0.45
> 0:True:8,14:186,38
> 1:False:7,15:186,38
> 2:True:6,12:186,38
> 3:False:6,17:186,38
> 4:True:5,11:186,38
> 5:True:8,14:186,38
driverlog-optimal-old-noisy/30/driverlog_noisy_p05_hyp-1_30_2.tar.bz2:0.446130990982:0.00811005:0.45
> 0:True:8,13:186,38
> 1:True:7,12:186,38
> 2:False:6,13:186,38
> 3:False:6,12:186,38
> 4:True:5,10:186,38
> 5:True:8,13:186,38
driverlog-optimal-old-noisy/30/driverlog_noisy_p05_hyp-1_30_3.tar.bz2:0.445955038071:0.0078927:0.45
> 0:True:8,14:186,38
> 1:False:7,15:186,38
> 2:False:6,14:186,38
> 3:False:6,16:186,38
> 4:True:5,11:186,38
> 5:True:8,14:186,38
driverlog-optimal-old-noisy/30/driverlog_noisy_p05_hyp-2_30_1.tar.bz2:0.447117805481:0.00791409:0.45
> 0:True:8,12:186,38
> 1:False:7,15:186,38
> 2:True:6,10:186,38
> 3:False:6,16:186,38
> 4:False:5,15:186,38
> 5:True:8,12:186,38
driverlog-optimal-old-noisy/30/driverlog_noisy_p05_hyp-2_30_2.tar.bz2:0.446164131165:0.00797216:0.44
> 0:True:8,13:186,38
> 1:False:7,14:186,38
> 2:True:6,11:186,38
> 3:False:6,14:186,38
> 4:True:5,10:186,38
> 5:True:8,13:186,38
driverlog-optimal-old-noisy/30/driverlog_noisy_p05_hyp-2_30_3.tar.bz2:0.44314289093:0.00763436:0.44
> 0:True:8,15:186,38
> 1:True:7,14:186,38
> 2:True:6,13:186,38
> 3:False:6,15:186,38
> 4:False:5,13:186,38
> 5:False:8,16:186,38
driverlog-optimal-old-noisy/30/driverlog_noisy_p05_hyp-3_30_1.tar.bz2:0.444491147995:0.0078335:0.45
> 0:False:8,15:185,37
> 1:False:7,12:185,37
> 2:False:6,13:185,37
> 3:True:6,7:185,37
> 4:False:5,9:185,37
> 5:False:8,13:185,37
driverlog-optimal-old-noisy/30/driverlog_noisy_p05_hyp-3_30_2.tar.bz2:0.445589780807:0.00769513:0.45
> 0:False:8,14:185,37
> 1:True:7,11:185,37
> 2:False:6,12:185,37
> 3:True:6,10:185,37
> 4:False:5,11:185,37
> 5:False:8,14:185,37
driverlog-optimal-old-noisy/30/driverlog_noisy_p05_hyp-3_30_3.tar.bz2:0.44495010376:0.00772073:0.45
> 0:False:8,16:186,38
> 1:False:7,12:186,38
> 2:False:6,16:186,38
> 3:True:6,10:186,38
> 4:False:5,12:186,38
> 5:False:8,16:186,38
driverlog-optimal-old-noisy/30/driverlog_noisy_p05_hyp-4_30_1.tar.bz2:0.442950963974:0.00745392:0.44
> 0:True:8,11:185,37
> 1:False:7,15:185,37
> 2:True:6,9:185,37
> 3:False:6,14:185,37
> 4:False:5,12:185,37
> 5:False:8,12:185,37
driverlog-optimal-old-noisy/30/driverlog_noisy_p05_hyp-4_30_2.tar.bz2:0.444369077682:0.00800974:0.44
> 0:True:8,11:185,37
> 1:False:7,14:185,37
> 2:True:6,9:185,37
> 3:False:6,13:185,37
> 4:False:5,11:185,37
> 5:False:8,12:185,37
driverlog-optimal-old-noisy/30/driverlog_noisy_p05_hyp-4_30_3.tar.bz2:0.445294141769:0.00787527:0.45
> 0:True:8,11:185,37
> 1:False:7,12:185,37
> 2:True:6,9:185,37
> 3:False:6,13:185,37
> 4:False:5,11:185,37
> 5:False:8,12:185,37
driverlog-optimal-old-noisy/50/driverlog_noisy_p03_hyp-1_50_1.tar.bz2:0.544975996017:0.008310791:0.54
> 0:True:2,5:93,27
> 1:False:7,12:93,27
> 2:False:4,11:93,27
> 3:True:3,6:93,27
> 4:False:6,11:93,27
> 5:False:5,12:93,27
> 6:True:3,6:93,27
> 7:False:5,12:93,27
driverlog-optimal-old-noisy/50/driverlog_noisy_p03_hyp-1_50_2.tar.bz2:0.548515081406:0.008511675:0.54
> 0:True:2,5:93,27
> 1:False:7,12:93,27
> 2:False:4,11:93,27
> 3:True:3,6:93,27
> 4:False:6,11:93,27
> 5:False:5,12:93,27
> 6:True:3,6:93,27
> 7:False:5,12:93,27
driverlog-optimal-old-noisy/50/driverlog_noisy_p03_hyp-1_50_3.tar.bz2:0.548316001892:0.00855043:0.56
> 0:True:2,8:93,27
> 1:True:7,13:93,27
> 2:True:4,10:93,27
> 3:True:3,9:93,27
> 4:True:6,12:93,27
> 5:True:5,11:93,27
> 6:True:3,9:93,27
> 7:True:5,11:93,27
driverlog-optimal-old-noisy/50/driverlog_noisy_p03_hyp-2_50_1.tar.bz2:0.546946048737:0.008506128:0.55
> 0:False:2,14:96,30
> 1:True:7,13:96,30
> 2:False:4,14:96,30
> 3:False:3,15:96,30
> 4:True:6,12:96,30
> 5:False:5,15:96,30
> 6:False:3,15:96,30
> 7:False:5,13:96,30
driverlog-optimal-old-noisy/50/driverlog_noisy_p03_hyp-2_50_2.tar.bz2:0.54870390892:0.008490805:0.55
> 0:False:2,16:97,31
> 1:False:7,12:97,31
> 2:False:4,14:97,31
> 3:False:3,15:97,31
> 4:False:6,12:97,31
> 5:False:5,14:97,31
> 6:False:3,16:97,31
> 7:True:5,9:97,31
driverlog-optimal-old-noisy/50/driverlog_noisy_p03_hyp-2_50_3.tar.bz2:0.546800851822:0.008411353:0.53
> 0:False:2,15:97,31
> 1:True:7,14:97,31
> 2:False:4,15:97,31
> 3:False:3,15:97,31
> 4:False:6,15:97,31
> 5:False:5,14:97,31
> 6:False:3,14:97,31
> 7:False:5,13:97,31
driverlog-optimal-old-noisy/50/driverlog_noisy_p03_hyp-3_50_1.tar.bz2:0.547662973404:0.008432097:0.54
> 0:False:2,13:94,28
> 1:True:7,14:94,28
> 2:True:4,11:94,28
> 3:False:3,14:94,28
> 4:True:6,13:94,28
> 5:True:5,12:94,28
> 6:False:3,14:94,28
> 7:True:5,12:94,28
driverlog-optimal-old-noisy/50/driverlog_noisy_p03_hyp-3_50_2.tar.bz2:0.545365810394:0.00844565:0.55
> 0:False:2,12:94,28
> 1:True:7,15:94,28
> 2:True:4,12:94,28
> 3:False:3,13:94,28
> 4:True:6,14:94,28
> 5:True:5,13:94,28
> 6:False:3,13:94,28
> 7:True:5,13:94,28
driverlog-optimal-old-noisy/50/driverlog_noisy_p03_hyp-3_50_3.tar.bz2:0.543498039246:0.007970753:0.55
> 0:False:2,12:93,27
> 1:False:7,13:93,27
> 2:False:4,10:93,27
> 3:False:3,12:93,27
> 4:False:6,14:93,27
> 5:True:5,9:93,27
> 6:False:3,11:93,27
> 7:False:5,12:93,27
driverlog-optimal-old-noisy/50/driverlog_noisy_p03_hyp-4_50_1.tar.bz2:0.545037984848:0.008126352:0.55
> 0:True:2,7:93,27
> 1:True:7,12:93,27
> 2:False:4,11:93,27
> 3:True:3,8:93,27
> 4:True:6,11:93,27
> 5:False:5,12:93,27
> 6:True:3,8:93,27
> 7:False:5,12:93,27
driverlog-optimal-old-noisy/50/driverlog_noisy_p03_hyp-4_50_2.tar.bz2:0.544751167297:0.008169629:0.54
> 0:True:2,7:93,27
> 1:True:7,12:93,27
> 2:False:4,11:93,27
> 3:True:3,8:93,27
> 4:True:6,11:93,27
> 5:False:5,12:93,27
> 6:True:3,8:93,27
> 7:False:5,12:93,27
driverlog-optimal-old-noisy/50/driverlog_noisy_p03_hyp-4_50_3.tar.bz2:0.547988891602:0.008342953:0.55
> 0:False:2,7:92,26
> 1:False:7,11:92,26
> 2:False:4,9:92,26
> 3:True:3,6:92,26
> 4:False:6,11:92,26
> 5:False:5,9:92,26
> 6:False:3,7:92,26
> 7:True:5,8:92,26
driverlog-optimal-old-noisy/50/driverlog_noisy_p04_hyp-1_50_1.tar.bz2:0.430704116821:0.0070423:0.43
> 0:True:9,14:153,40
> 1:False:7,18:153,40
> 2:False:7,15:153,40
> 3:False:9,19:153,40
> 4:False:8,16:153,40
> 5:False:10,17:153,40
driverlog-optimal-old-noisy/50/driverlog_noisy_p04_hyp-1_50_2.tar.bz2:0.432332992554:0.00736988:0.43
> 0:True:9,13:152,39
> 1:False:7,15:152,39
> 2:False:7,14:152,39
> 3:False:9,17:152,39
> 4:False:8,13:152,39
> 5:False:10,15:152,39
driverlog-optimal-old-noisy/50/driverlog_noisy_p04_hyp-1_50_3.tar.bz2:0.430755138397:0.00723839:0.44
> 0:True:9,15:152,39
> 1:False:7,19:152,39
> 2:False:7,14:152,39
> 3:False:9,20:152,39
> 4:False:8,19:152,39
> 5:True:10,16:152,39
driverlog-optimal-old-noisy/50/driverlog_noisy_p04_hyp-2_50_1.tar.bz2:0.431378126144:0.00726646:0.43
> 0:False:9,18:152,39
> 1:False:7,14:152,39
> 2:False:7,18:152,39
> 3:False:9,16:152,39
> 4:True:8,14:152,39
> 5:False:10,18:152,39
driverlog-optimal-old-noisy/50/driverlog_noisy_p04_hyp-2_50_2.tar.bz2:0.43306016922:0.00745851:0.43
> 0:False:9,18:151,38
> 1:True:7,10:151,38
> 2:False:7,16:151,38
> 3:True:9,12:151,38
> 4:False:8,13:151,38
> 5:False:10,18:151,38
driverlog-optimal-old-noisy/50/driverlog_noisy_p04_hyp-2_50_3.tar.bz2:0.432009935379:0.00736775:0.43
> 0:False:9,16:151,38
> 1:False:7,12:151,38
> 2:False:7,14:151,38
> 3:True:9,13:151,38
> 4:False:8,13:151,38
> 5:False:10,17:151,38
driverlog-optimal-old-noisy/50/driverlog_noisy_p04_hyp-3_50_1.tar.bz2:0.428993940353:0.00710928:0.43
> 0:True:9,13:149,36
> 1:False:7,15:149,36
> 2:True:7,11:149,36
> 3:False:9,14:149,36
> 4:False:8,14:149,36
> 5:True:10,14:149,36
driverlog-optimal-old-noisy/50/driverlog_noisy_p04_hyp-3_50_2.tar.bz2:0.432579040527:0.0074846:0.43
> 0:True:9,14:152,39
> 1:False:7,16:152,39
> 2:True:7,12:152,39
> 3:False:9,17:152,39
> 4:False:8,17:152,39
> 5:False:10,17:152,39
driverlog-optimal-old-noisy/50/driverlog_noisy_p04_hyp-3_50_3.tar.bz2:0.431571006775:0.00720131:0.43
> 0:False:9,14:151,38
> 1:False:7,16:151,38
> 2:True:7,11:151,38
> 3:False:9,15:151,38
> 4:False:8,16:151,38
> 5:False:10,16:151,38
driverlog-optimal-old-noisy/50/driverlog_noisy_p04_hyp-4_50_1.tar.bz2:0.42914891243:0.00698243:0.43
> 0:False:9,21:153,40
> 1:False:7,18:153,40
> 2:False:7,20:153,40
> 3:False:9,19:153,40
> 4:True:8,15:153,40
> 5:False:10,23:153,40
driverlog-optimal-old-noisy/50/driverlog_noisy_p04_hyp-4_50_2.tar.bz2:0.432420015335:0.0072949:0.43
> 0:False:9,20:153,40
> 1:False:7,16:153,40
> 2:False:7,21:153,40
> 3:False:9,18:153,40
> 4:True:8,14:153,40
> 5:False:10,21:153,40
driverlog-optimal-old-noisy/50/driverlog_noisy_p04_hyp-4_50_3.tar.bz2:0.42982506752:0.00712499:0.43
> 0:False:9,20:152,39
> 1:True:7,15:152,39
> 2:False:7,17:152,39
> 3:True:9,17:152,39
> 4:True:8,16:152,39
> 5:False:10,20:152,39
driverlog-optimal-old-noisy/50/driverlog_noisy_p05_hyp-1_50_1.tar.bz2:0.44647192955:0.00809699:0.44
> 0:True:8,12:189,41
> 1:False:7,19:189,41
> 2:False:6,12:189,41
> 3:False:6,18:189,41
> 4:False:5,16:189,41
> 5:False:8,14:189,41
driverlog-optimal-old-noisy/50/driverlog_noisy_p05_hyp-1_50_2.tar.bz2:0.445332050323:0.00799055:0.44
> 0:True:8,12:188,40
> 1:False:7,15:188,40
> 2:False:6,12:188,40
> 3:False:6,16:188,40
> 4:False:5,14:188,40
> 5:False:8,14:188,40
driverlog-optimal-old-noisy/50/driverlog_noisy_p05_hyp-1_50_3.tar.bz2:0.445473194122:0.00806662:0.44
> 0:True:8,14:188,40
> 1:False:7,20:188,40
> 2:True:6,12:188,40
> 3:False:6,19:188,40
> 4:False:5,15:188,40
> 5:True:8,14:188,40
driverlog-optimal-old-noisy/50/driverlog_noisy_p05_hyp-2_50_1.tar.bz2:0.44472193718:0.00794233:0.45
> 0:True:8,14:188,40
> 1:False:7,16:188,40
> 2:True:6,12:188,40
> 3:False:6,18:188,40
> 4:False:5,15:188,40
> 5:False:8,15:188,40
driverlog-optimal-old-noisy/50/driverlog_noisy_p05_hyp-2_50_2.tar.bz2:0.444989204407:0.0080204:0.45
> 0:False:8,15:188,40
> 1:False:7,18:188,40
> 2:False:6,13:188,40
> 3:False:6,17:188,40
> 4:False:5,15:188,40
> 5:True:8,14:188,40
driverlog-optimal-old-noisy/50/driverlog_noisy_p05_hyp-2_50_3.tar.bz2:0.44386100769:0.00763609:0.44
> 0:True:8,12:188,40
> 1:False:7,15:188,40
> 2:True:6,10:188,40
> 3:False:6,15:188,40
> 4:False:5,15:188,40
> 5:False:8,13:188,40
driverlog-optimal-old-noisy/50/driverlog_noisy_p05_hyp-3_50_1.tar.bz2:0.446803092957:0.00817608:0.45
> 0:False:8,19:189,41
> 1:True:7,16:189,41
> 2:False:6,19:189,41
> 3:True:6,15:189,41
> 4:False:5,17:189,41
> 5:False:8,19:189,41
driverlog-optimal-old-noisy/50/driverlog_noisy_p05_hyp-3_50_2.tar.bz2:0.446434020996:0.00770911:0.45
> 0:False:8,18:188,40
> 1:False:7,14:188,40
> 2:False:6,16:188,40
> 3:True:6,12:188,40
> 4:False:5,15:188,40
> 5:False:8,16:188,40
driverlog-optimal-old-noisy/50/driverlog_noisy_p05_hyp-3_50_3.tar.bz2:0.443876981735:0.00809077:0.44
> 0:False:8,21:189,41
> 1:True:7,14:189,41
> 2:False:6,21:189,41
> 3:True:6,13:189,41
> 4:False:5,14:189,41
> 5:False:8,21:189,41
driverlog-optimal-old-noisy/50/driverlog_noisy_p05_hyp-4_50_1.tar.bz2:0.443272829056:0.00771727:0.45
> 0:False:8,18:190,42
> 1:False:7,19:190,42
> 2:False:6,16:190,42
> 3:False:6,19:190,42
> 4:False:5,18:190,42
> 5:True:8,17:190,42
driverlog-optimal-old-noisy/50/driverlog_noisy_p05_hyp-4_50_2.tar.bz2:0.447415828705:0.00828557:0.44
> 0:True:8,18:190,42
> 1:False:7,19:190,42
> 2:True:6,16:190,42
> 3:False:6,20:190,42
> 4:False:5,19:190,42
> 5:True:8,18:190,42
driverlog-optimal-old-noisy/50/driverlog_noisy_p05_hyp-4_50_3.tar.bz2:0.444984197617:0.00781171:0.45
> 0:False:8,20:190,42
> 1:False:7,20:190,42
> 2:False:6,18:190,42
> 3:False:6,18:190,42
> 4:False:5,20:190,42
> 5:True:8,17:190,42
driverlog-optimal-old-noisy/70/driverlog_noisy_p03_hyp-1_70_1.tar.bz2:0.542510032654:0.008062842:0.55
> 0:True:2,8:95,29
> 1:True:7,13:95,29
> 2:False:4,14:95,29
> 3:True:3,9:95,29
> 4:True:6,12:95,29
> 5:False:5,15:95,29
> 6:True:3,9:95,29
> 7:False:5,13:95,29
driverlog-optimal-old-noisy/70/driverlog_noisy_p03_hyp-1_70_2.tar.bz2:0.543534994125:0.008067966:0.54
> 0:True:2,7:94,28
> 1:True:7,12:94,28
> 2:False:4,11:94,28
> 3:True:3,8:94,28
> 4:True:6,11:94,28
> 5:False:5,12:94,28
> 6:True:3,8:94,28
> 7:False:5,12:94,28
driverlog-optimal-old-noisy/70/driverlog_noisy_p03_hyp-1_70_3.tar.bz2:0.54630112648:0.008566513:0.55
> 0:False:2,9:95,29
> 1:True:7,12:95,29
> 2:False:4,13:95,29
> 3:False:3,9:95,29
> 4:False:6,13:95,29
> 5:False:5,12:95,29
> 6:True:3,8:95,29
> 7:False:5,13:95,29
driverlog-optimal-old-noisy/70/driverlog_noisy_p03_hyp-2_70_1.tar.bz2:0.548232078552:0.00838667:0.55
> 0:False:2,17:100,34
> 1:True:7,16:100,34
> 2:False:4,21:100,34
> 3:False:3,18:100,34
> 4:True:6,15:100,34
> 5:False:5,22:100,34
> 6:False:3,18:100,34
> 7:False:5,18:100,34
driverlog-optimal-old-noisy/70/driverlog_noisy_p03_hyp-2_70_2.tar.bz2:0.545923948288:0.00845341:0.54
> 0:False:2,16:100,34
> 1:True:7,17:100,34
> 2:False:4,18:100,34
> 3:False:3,17:100,34
> 4:True:6,16:100,34
> 5:False:5,19:100,34
> 6:False:3,17:100,34
> 7:False:5,17:100,34
driverlog-optimal-old-noisy/70/driverlog_noisy_p03_hyp-2_70_3.tar.bz2:0.544365882874:0.00794973:0.54
> 0:False:2,21:100,34
> 1:True:7,17:100,34
> 2:False:4,19:100,34
> 3:False:3,22:100,34
> 4:False:6,17:100,34
> 5:False:5,19:100,34
> 6:False:3,21:100,34
> 7:False:5,18:100,34
driverlog-optimal-old-noisy/70/driverlog_noisy_p03_hyp-3_70_1.tar.bz2:0.546048879623:0.008443588:0.54
> 0:False:2,13:96,30
> 1:True:7,14:96,30
> 2:True:4,11:96,30
> 3:False:3,14:96,30
> 4:True:6,13:96,30
> 5:True:5,12:96,30
> 6:False:3,14:96,30
> 7:True:5,12:96,30
driverlog-optimal-old-noisy/70/driverlog_noisy_p03_hyp-3_70_2.tar.bz2:0.544641017914:0.008219258:0.56
> 0:False:2,19:97,31
> 1:False:7,18:97,31
> 2:True:4,13:97,31
> 3:False:3,20:97,31
> 4:False:6,17:97,31
> 5:True:5,14:97,31
> 6:False:3,20:97,31
> 7:False:5,16:97,31
driverlog-optimal-old-noisy/70/driverlog_noisy_p03_hyp-3_70_3.tar.bz2:0.54648900032:0.00835056:0.54
> 0:False:2,18:96,30
> 1:True:7,15:96,30
> 2:True:4,12:96,30
> 3:False:3,19:96,30
> 4:True:6,14:96,30
> 5:True:5,13:96,30
> 6:False:3,19:96,30
> 7:False:5,15:96,30
driverlog-optimal-old-noisy/70/driverlog_noisy_p03_hyp-4_70_1.tar.bz2:0.54533290863:0.008233238:0.54
> 0:False:2,11:96,30
> 1:False:7,15:96,30
> 2:False:4,15:96,30
> 3:True:3,10:96,30
> 4:False:6,15:96,30
> 5:False:5,15:96,30
> 6:False:3,11:96,30
> 7:False:5,14:96,30
driverlog-optimal-old-noisy/70/driverlog_noisy_p03_hyp-4_70_2.tar.bz2:0.544075012207:0.008034597:0.56
> 0:False:2,7:94,28
> 1:False:7,13:94,28
> 2:False:4,13:94,28
> 3:True:3,6:94,28
> 4:False:6,13:94,28
> 5:False:5,13:94,28
> 6:False:3,7:94,28
> 7:False:5,12:94,28
driverlog-optimal-old-noisy/70/driverlog_noisy_p03_hyp-4_70_3.tar.bz2:0.550011873245:0.008629175:0.55
> 0:False:2,8:95,29
> 1:False:7,14:95,29
> 2:False:4,14:95,29
> 3:True:3,7:95,29
> 4:False:6,14:95,29
> 5:False:5,14:95,29
> 6:False:3,8:95,29
> 7:False:5,13:95,29
driverlog-optimal-old-noisy/70/driverlog_noisy_p04_hyp-1_70_1.tar.bz2:0.432471036911:0.00733875:0.44
> 0:True:9,15:156,43
> 1:False:7,19:156,43
> 2:False:7,17:156,43
> 3:False:9,20:156,43
> 4:False:8,18:156,43
> 5:False:10,18:156,43
driverlog-optimal-old-noisy/70/driverlog_noisy_p04_hyp-1_70_2.tar.bz2:0.432905912399:0.00755567:0.43
> 0:True:9,15:156,43
> 1:False:7,21:156,43
> 2:False:7,15:156,43
> 3:False:9,20:156,43
> 4:False:8,20:156,43
> 5:False:10,17:156,43
driverlog-optimal-old-noisy/70/driverlog_noisy_p04_hyp-1_70_3.tar.bz2:0.432003974915:0.007498:0.43
> 0:True:9,16:156,43
> 1:False:7,24:156,43
> 2:False:7,19:156,43
> 3:False:9,24:156,43
> 4:False:8,22:156,43
> 5:False:10,19:156,43
driverlog-optimal-old-noisy/70/driverlog_noisy_p04_hyp-2_70_1.tar.bz2:0.432237148285:0.00738477:0.43
> 0:False:9,22:154,41
> 1:True:7,13:154,41
> 2:False:7,20:154,41
> 3:True:9,15:154,41
> 4:False:8,15:154,41
> 5:False:10,21:154,41
driverlog-optimal-old-noisy/70/driverlog_noisy_p04_hyp-2_70_2.tar.bz2:0.430406093597:0.00701428:0.43
> 0:False:9,21:153,40
> 1:True:7,11:153,40
> 2:False:7,21:153,40
> 3:False:9,16:153,40
> 4:False:8,15:153,40
> 5:False:10,20:153,40
driverlog-optimal-old-noisy/70/driverlog_noisy_p04_hyp-2_70_3.tar.bz2:0.431858062744:0.00722845:0.44
> 0:False:9,22:153,40
> 1:True:7,12:153,40
> 2:False:7,20:153,40
> 3:False:9,16:153,40
> 4:False:8,16:153,40
> 5:False:10,20:153,40
driverlog-optimal-old-noisy/70/driverlog_noisy_p04_hyp-3_70_1.tar.bz2:0.431972026825:0.00714155:0.43
> 0:True:9,14:153,40
> 1:False:7,16:153,40
> 2:True:7,12:153,40
> 3:False:9,18:153,40
> 4:False:8,17:153,40
> 5:True:10,15:153,40
driverlog-optimal-old-noisy/70/driverlog_noisy_p04_hyp-3_70_2.tar.bz2:0.433441877365:0.00738125:0.44
> 0:False:9,16:154,41
> 1:False:7,20:154,41
> 2:False:7,14:154,41
> 3:False:9,19:154,41
> 4:False:8,21:154,41
> 5:True:10,16:154,41
driverlog-optimal-old-noisy/70/driverlog_noisy_p04_hyp-3_70_3.tar.bz2:0.430696964264:0.00708628:0.43
> 0:False:9,17:154,41
> 1:False:7,21:154,41
> 2:False:7,15:154,41
> 3:False:9,18:154,41
> 4:False:8,22:154,41
> 5:True:10,16:154,41
driverlog-optimal-old-noisy/70/driverlog_noisy_p04_hyp-4_70_1.tar.bz2:0.43362903595:0.00725093:0.43
> 0:False:9,22:155,42
> 1:False:7,18:155,42
> 2:False:7,23:155,42
> 3:True:9,17:155,42
> 4:True:8,16:155,42
> 5:False:10,23:155,42
driverlog-optimal-old-noisy/70/driverlog_noisy_p04_hyp-4_70_2.tar.bz2:0.432740926743:0.00718605:0.44
> 0:False:9,23:156,43
> 1:False:7,21:156,43
> 2:False:7,22:156,43
> 3:False:9,19:156,43
> 4:True:8,17:156,43
> 5:False:10,22:156,43
driverlog-optimal-old-noisy/70/driverlog_noisy_p04_hyp-4_70_3.tar.bz2:0.430704832077:0.00736962:0.43
> 0:False:9,22:156,43
> 1:True:7,15:156,43
> 2:False:7,22:156,43
> 3:True:9,17:156,43
> 4:False:8,17:156,43
> 5:False:10,23:156,43
driverlog-optimal-old-noisy/70/driverlog_noisy_p05_hyp-1_70_1.tar.bz2:0.447443962097:0.00825017:0.45
> 0:True:8,17:193,45
> 1:False:7,21:193,45
> 2:False:6,17:193,45
> 3:False:6,21:193,45
> 4:False:5,17:193,45
> 5:False:8,18:193,45
driverlog-optimal-old-noisy/70/driverlog_noisy_p05_hyp-1_70_2.tar.bz2:0.443640947342:0.0076638:0.45
> 0:False:8,17:193,45
> 1:False:7,24:193,45
> 2:False:6,15:193,45
> 3:False:6,23:193,45
> 4:False:5,18:193,45
> 5:True:8,16:193,45
driverlog-optimal-old-noisy/70/driverlog_noisy_p05_hyp-1_70_3.tar.bz2:0.447360992432:0.00787185:0.45
> 0:True:8,16:192,44
> 1:False:7,23:192,44
> 2:False:6,16:192,44
> 3:False:6,22:192,44
> 4:False:5,18:192,44
> 5:True:8,16:192,44
driverlog-optimal-old-noisy/70/driverlog_noisy_p05_hyp-2_70_1.tar.bz2:0.448400020599:0.0081404:0.45
> 0:True:8,15:190,42
> 1:False:7,19:190,42
> 2:True:6,13:190,42
> 3:False:6,18:190,42
> 4:False:5,17:190,42
> 5:False:8,16:190,42
driverlog-optimal-old-noisy/70/driverlog_noisy_p05_hyp-2_70_2.tar.bz2:0.447947025299:0.00807335:0.45
> 0:True:8,16:191,43
> 1:False:7,21:191,43
> 2:True:6,14:191,43
> 3:False:6,21:191,43
> 4:False:5,19:191,43
> 5:False:8,17:191,43
driverlog-optimal-old-noisy/70/driverlog_noisy_p05_hyp-2_70_3.tar.bz2:0.447306871414:0.00800673:0.44
> 0:False:8,19:192,44
> 1:False:7,20:192,44
> 2:False:6,17:192,44
> 3:False:6,19:192,44
> 4:False:5,18:192,44
> 5:True:8,18:192,44
driverlog-optimal-old-noisy/70/driverlog_noisy_p05_hyp-3_70_1.tar.bz2:0.44627904892:0.0077904:0.45
> 0:False:8,21:192,44
> 1:False:7,19:192,44
> 2:False:6,21:192,44
> 3:True:6,16:192,44
> 4:False:5,21:192,44
> 5:False:8,20:192,44
driverlog-optimal-old-noisy/70/driverlog_noisy_p05_hyp-3_70_2.tar.bz2:0.4419028759:0.00758726:0.44
> 0:False:8,24:192,44
> 1:False:7,19:192,44
> 2:False:6,22:192,44
> 3:True:6,13:192,44
> 4:False:5,18:192,44
> 5:False:8,20:192,44
driverlog-optimal-old-noisy/70/driverlog_noisy_p05_hyp-3_70_3.tar.bz2:0.44521689415:0.00786346:0.44
> 0:False:8,18:191,43
> 1:True:7,15:191,43
> 2:False:6,18:191,43
> 3:False:6,15:191,43
> 4:False:5,16:191,43
> 5:False:8,19:191,43
driverlog-optimal-old-noisy/70/driverlog_noisy_p05_hyp-4_70_1.tar.bz2:0.446527957916:0.00813455:0.46
> 0:False:8,16:192,44
> 1:False:7,20:192,44
> 2:False:6,14:192,44
> 3:False:6,19:192,44
> 4:False:5,21:192,44
> 5:True:8,14:192,44
driverlog-optimal-old-noisy/70/driverlog_noisy_p05_hyp-4_70_2.tar.bz2:0.445540904999:0.00803648:0.44
> 0:False:8,15:191,43
> 1:False:7,20:191,43
> 2:False:6,13:191,43
> 3:False:6,21:191,43
> 4:False:5,19:191,43
> 5:True:8,14:191,43
driverlog-optimal-old-noisy/70/driverlog_noisy_p05_hyp-4_70_3.tar.bz2:0.448231935501:0.00826003:0.46
> 0:True:8,16:193,45
> 1:False:7,20:193,45
> 2:False:6,16:193,45
> 3:False:6,19:193,45
> 4:False:5,19:193,45
> 5:True:8,16:193,45
driverlog-optimal-old-noisy/100/driverlog_noisy_p03_hyp-1_full_1.tar.bz2:0.549809932709:0.0085229:0.55
> 0:True:2,11:98,32
> 1:False:7,18:98,32
> 2:False:4,17:98,32
> 3:True:3,12:98,32
> 4:False:6,17:98,32
> 5:False:5,18:98,32
> 6:True:3,12:98,32
> 7:False:5,18:98,32
driverlog-optimal-old-noisy/100/driverlog_noisy_p03_hyp-1_full_2.tar.bz2:0.545763015747:0.008350055:0.55
> 0:True:2,9:97,31
> 1:False:7,16:97,31
> 2:False:4,15:97,31
> 3:True:3,10:97,31
> 4:False:6,15:97,31
> 5:False:5,16:97,31
> 6:True:3,10:97,31
> 7:False:5,16:97,31
driverlog-optimal-old-noisy/100/driverlog_noisy_p03_hyp-1_full_3.tar.bz2:0.546284914017:0.008212146:0.55
> 0:True:2,10:97,31
> 1:False:7,17:97,31
> 2:False:4,16:97,31
> 3:True:3,11:97,31
> 4:False:6,16:97,31
> 5:False:5,17:97,31
> 6:True:3,11:97,31
> 7:False:5,17:97,31
driverlog-optimal-old-noisy/100/driverlog_noisy_p03_hyp-2_full_1.tar.bz2:0.545814990997:0.008393399:0.54
> 0:False:2,26:104,38
> 1:True:7,19:104,38
> 2:False:4,26:104,38
> 3:False:3,25:104,38
> 4:False:6,20:104,38
> 5:False:5,25:104,38
> 6:False:3,25:104,38
> 7:False:5,21:104,38
driverlog-optimal-old-noisy/100/driverlog_noisy_p03_hyp-2_full_2.tar.bz2:0.54434800148:0.008196379:0.54
> 0:False:2,25:104,38
> 1:True:7,18:104,38
> 2:False:4,25:104,38
> 3:False:3,24:104,38
> 4:False:6,19:104,38
> 5:False:5,24:104,38
> 6:False:3,24:104,38
> 7:False:5,20:104,38
driverlog-optimal-old-noisy/100/driverlog_noisy_p03_hyp-2_full_3.tar.bz2:0.547754049301:0.008322186:0.55
> 0:False:2,21:103,37
> 1:True:7,16:103,37
> 2:False:4,23:103,37
> 3:False:3,21:103,37
> 4:False:6,17:103,37
> 5:False:5,22:103,37
> 6:False:3,20:103,37
> 7:False:5,19:103,37
driverlog-optimal-old-noisy/100/driverlog_noisy_p03_hyp-3_full_1.tar.bz2:0.542992115021:0.008157565:0.55
> 0:False:2,19:100,34
> 1:False:7,20:100,34
> 2:True:4,13:100,34
> 3:False:3,20:100,34
> 4:False:6,19:100,34
> 5:True:5,14:100,34
> 6:False:3,20:100,34
> 7:False:5,18:100,34
driverlog-optimal-old-noisy/100/driverlog_noisy_p03_hyp-3_full_2.tar.bz2:0.543761014938:0.008295029:0.55
> 0:False:2,16:99,33
> 1:False:7,17:99,33
> 2:True:4,12:99,33
> 3:False:3,17:99,33
> 4:False:6,16:99,33
> 5:True:5,13:99,33
> 6:False:3,17:99,33
> 7:False:5,15:99,33
driverlog-optimal-old-noisy/100/driverlog_noisy_p03_hyp-3_full_3.tar.bz2:0.549570083618:0.00850742:0.55
> 0:False:2,19:100,34
> 1:False:7,18:100,34
> 2:True:4,13:100,34
> 3:False:3,20:100,34
> 4:False:6,17:100,34
> 5:True:5,14:100,34
> 6:False:3,20:100,34
> 7:False:5,18:100,34
driverlog-optimal-old-noisy/100/driverlog_noisy_p03_hyp-4_full_1.tar.bz2:0.54576921463:0.008406901:0.54
> 0:False:2,11:97,31
> 1:False:7,17:97,31
> 2:False:4,17:97,31
> 3:True:3,10:97,31
> 4:False:6,17:97,31
> 5:False:5,17:97,31
> 6:False:3,11:97,31
> 7:False:5,16:97,31
driverlog-optimal-old-noisy/100/driverlog_noisy_p03_hyp-4_full_2.tar.bz2:0.544368028641:0.0082422:0.55
> 0:False:2,11:98,32
> 1:False:7,17:98,32
> 2:False:4,17:98,32
> 3:True:3,10:98,32
> 4:False:6,17:98,32
> 5:False:5,17:98,32
> 6:False:3,11:98,32
> 7:False:5,16:98,32
driverlog-optimal-old-noisy/100/driverlog_noisy_p03_hyp-4_full_3.tar.bz2:0.553157091141:0.008301813:0.55
> 0:False:2,12:98,32
> 1:False:7,19:98,32
> 2:False:4,18:98,32
> 3:True:3,12:98,32
> 4:False:6,18:98,32
> 5:False:5,19:98,32
> 6:False:3,13:98,32
> 7:False:5,18:98,32
driverlog-optimal-old-noisy/100/driverlog_noisy_p04_hyp-1_full_1.tar.bz2:0.431584119797:0.00734695:0.44
> 0:True:9,16:160,47
> 1:False:7,26:160,47
> 2:False:7,19:160,47
> 3:False:9,26:160,47
> 4:False:8,24:160,47
> 5:False:10,19:160,47
driverlog-optimal-old-noisy/100/driverlog_noisy_p04_hyp-1_full_2.tar.bz2:0.43231010437:0.00731525:0.43
> 0:True:9,17:159,46
> 1:False:7,25:159,46
> 2:False:7,20:159,46
> 3:False:9,24:159,46
> 4:False:8,23:159,46
> 5:False:10,20:159,46
driverlog-optimal-old-noisy/100/driverlog_noisy_p04_hyp-1_full_3.tar.bz2:0.432183027267:0.00751896:0.42
> 0:True:9,18:160,47
> 1:False:7,24:160,47
> 2:False:7,21:160,47
> 3:False:9,23:160,47
> 4:False:8,22:160,47
> 5:False:10,22:160,47
driverlog-optimal-old-noisy/100/driverlog_noisy_p04_hyp-2_full_1.tar.bz2:0.432183980942:0.0073181:0.43
> 0:False:9,23:158,45
> 1:True:7,15:158,45
> 2:False:7,23:158,45
> 3:False:9,20:158,45
> 4:False:8,19:158,45
> 5:False:10,23:158,45
driverlog-optimal-old-noisy/100/driverlog_noisy_p04_hyp-2_full_2.tar.bz2:0.432135105133:0.00740089:0.44
> 0:False:9,21:156,43
> 1:True:7,13:156,43
> 2:False:7,23:156,43
> 3:False:9,16:156,43
> 4:False:8,15:156,43
> 5:False:10,21:156,43
driverlog-optimal-old-noisy/100/driverlog_noisy_p04_hyp-2_full_3.tar.bz2:0.435301065445:0.00737628:0.44
> 0:False:9,22:157,44
> 1:True:7,14:157,44
> 2:False:7,22:157,44
> 3:False:9,17:157,44
> 4:False:8,18:157,44
> 5:False:10,21:157,44
driverlog-optimal-old-noisy/100/driverlog_noisy_p04_hyp-3_full_1.tar.bz2:0.431686162949:0.00729642:0.43
> 0:False:9,19:157,44
> 1:False:7,27:157,44
> 2:False:7,17:157,44
> 3:False:9,24:157,44
> 4:False:8,26:157,44
> 5:True:10,18:157,44
driverlog-optimal-old-noisy/100/driverlog_noisy_p04_hyp-3_full_2.tar.bz2:0.431940078735:0.00750694:0.42
> 0:False:9,18:157,44
> 1:False:7,25:157,44
> 2:True:7,15:157,44
> 3:False:9,24:157,44
> 4:False:8,24:157,44
> 5:False:10,19:157,44
driverlog-optimal-old-noisy/100/driverlog_noisy_p04_hyp-3_full_3.tar.bz2:0.433420181274:0.00739961:0.42
> 0:False:9,15:155,42
> 1:False:7,22:155,42
> 2:True:7,12:155,42
> 3:False:9,22:155,42
> 4:False:8,21:155,42
> 5:False:10,16:155,42
driverlog-optimal-old-noisy/100/driverlog_noisy_p04_hyp-4_full_1.tar.bz2:0.431941986084:0.0073839:0.43
> 0:False:9,24:159,46
> 1:False:7,20:159,46
> 2:False:7,25:159,46
> 3:False:9,20:159,46
> 4:True:8,16:159,46
> 5:False:10,26:159,46
driverlog-optimal-old-noisy/100/driverlog_noisy_p04_hyp-4_full_2.tar.bz2:0.432241201401:0.00727182:0.44
> 0:False:9,25:161,48
> 1:False:7,21:161,48
> 2:False:7,26:161,48
> 3:False:9,22:161,48
> 4:True:8,17:161,48
> 5:False:10,27:161,48
driverlog-optimal-old-noisy/100/driverlog_noisy_p04_hyp-4_full_3.tar.bz2:0.430205106735:0.00744121:0.42
> 0:False:9,25:160,47
> 1:False:7,21:160,47
> 2:False:7,26:160,47
> 3:False:9,21:160,47
> 4:True:8,17:160,47
> 5:False:10,26:160,47
driverlog-optimal-old-noisy/100/driverlog_noisy_p05_hyp-1_full_1.tar.bz2:0.446672201157:0.00818116:0.44
> 0:True:8,20:198,50
> 1:False:7,26:198,50
> 2:False:6,22:198,50
> 3:False:6,29:198,50
> 4:False:5,24:198,50
> 5:False:8,23:198,50
driverlog-optimal-old-noisy/100/driverlog_noisy_p05_hyp-1_full_2.tar.bz2:0.447824954987:0.00814112:0.44
> 0:True:8,17:197,49
> 1:False:7,24:197,49
> 2:False:6,19:197,49
> 3:False:6,27:197,49
> 4:False:5,22:197,49
> 5:False:8,20:197,49
driverlog-optimal-old-noisy/100/driverlog_noisy_p05_hyp-1_full_3.tar.bz2:0.444464921951:0.00797852:0.45
> 0:True:8,18:197,49
> 1:False:7,25:197,49
> 2:False:6,20:197,49
> 3:False:6,26:197,49
> 4:False:5,22:197,49
> 5:False:8,20:197,49
driverlog-optimal-old-noisy/100/driverlog_noisy_p05_hyp-2_full_1.tar.bz2:0.445654153824:0.00779165:0.44
> 0:True:8,18:196,48
> 1:False:7,25:196,48
> 2:True:6,16:196,48
> 3:False:6,24:196,48
> 4:False:5,22:196,48
> 5:True:8,18:196,48
driverlog-optimal-old-noisy/100/driverlog_noisy_p05_hyp-2_full_2.tar.bz2:0.447257041931:0.00803298:0.45
> 0:True:8,20:197,49
> 1:False:7,27:197,49
> 2:True:6,18:197,49
> 3:False:6,28:197,49
> 4:False:5,24:197,49
> 5:True:8,20:197,49
driverlog-optimal-old-noisy/100/driverlog_noisy_p05_hyp-2_full_3.tar.bz2:0.442583799362:0.0076321:0.44
> 0:True:8,17:195,47
> 1:False:7,24:195,47
> 2:True:6,15:195,47
> 3:False:6,24:195,47
> 4:False:5,21:195,47
> 5:True:8,17:195,47
driverlog-optimal-old-noisy/100/driverlog_noisy_p05_hyp-3_full_1.tar.bz2:0.444865942001:0.00775904:0.44
> 0:False:8,24:195,47
> 1:False:7,18:195,47
> 2:False:6,24:195,47
> 3:True:6,16:195,47
> 4:False:5,20:195,47
> 5:False:8,23:195,47
driverlog-optimal-old-noisy/100/driverlog_noisy_p05_hyp-3_full_2.tar.bz2:0.446548938751:0.00769917:0.44
> 0:False:8,22:195,47
> 1:False:7,19:195,47
> 2:False:6,22:195,47
> 3:True:6,16:195,47
> 4:False:5,21:195,47
> 5:False:8,21:195,47
driverlog-optimal-old-noisy/100/driverlog_noisy_p05_hyp-3_full_3.tar.bz2:0.446493864059:0.00793338:0.46
> 0:False:8,25:196,48
> 1:False:7,20:196,48
> 2:False:6,25:196,48
> 3:True:6,17:196,48
> 4:False:5,23:196,48
> 5:False:8,25:196,48
driverlog-optimal-old-noisy/100/driverlog_noisy_p05_hyp-4_full_1.tar.bz2:0.445892810822:0.00798308:0.45
> 0:False:8,20:196,48
> 1:False:7,26:196,48
> 2:False:6,18:196,48
> 3:False:6,24:196,48
> 4:False:5,24:196,48
> 5:True:8,17:196,48
driverlog-optimal-old-noisy/100/driverlog_noisy_p05_hyp-4_full_2.tar.bz2:0.444644212723:0.00776681:0.44
> 0:False:8,20:196,48
> 1:False:7,25:196,48
> 2:False:6,18:196,48
> 3:False:6,24:196,48
> 4:False:5,23:196,48
> 5:True:8,17:196,48
driverlog-optimal-old-noisy/100/driverlog_noisy_p05_hyp-4_full_3.tar.bz2:0.446717977524:0.00811041:0.45
> 0:False:8,21:197,49
> 1:False:7,26:197,49
> 2:False:6,19:197,49
> 3:False:6,25:197,49
> 4:False:5,25:197,49
> 5:True:8,19:197,49
