driverlog-optimal-old-noisy/10/driverlog_noisy_p03_hyp-1_10_1.tar.bz2:0.602360963821:0.06148849:0.6
> 0:False:2,5:108,41
> 1:True:10,11:242,170
> 2:False:6,8:196,132
> 3:False:3,6:112,47
> 4:False:8,10:234,169
> 5:True:9,10:206,135
> 6:False:3,6:112,47
> 7:True:7,8:200,127
driverlog-optimal-old-noisy/10/driverlog_noisy_p03_hyp-1_10_2.tar.bz2:0.600906848907:0.05801599:0.59
> 0:False:2,5:108,41
> 1:True:10,11:242,170
> 2:False:6,9:196,132
> 3:False:3,6:112,47
> 4:True:8,9:234,169
> 5:False:9,12:206,135
> 6:False:3,6:112,47
> 7:False:7,10:200,127
driverlog-optimal-old-noisy/10/driverlog_noisy_p03_hyp-1_10_3.tar.bz2:0.598251819611:0.05782555:0.6
> 0:False:2,3:107,40
> 1:True:10,10:241,169
> 2:False:6,7:195,131
> 3:False:3,4:111,46
> 4:False:8,9:233,168
> 5:True:9,9:205,134
> 6:False:3,4:111,46
> 7:True:7,7:199,126
driverlog-optimal-old-noisy/10/driverlog_noisy_p03_hyp-2_10_1.tar.bz2:0.600078105927:0.05803972:0.6
> 0:False:2,7:109,42
> 1:True:10,13:243,171
> 2:False:6,11:197,133
> 3:False:3,8:113,48
> 4:True:8,11:235,170
> 5:False:9,14:207,136
> 6:False:3,8:113,48
> 7:True:7,10:201,128
driverlog-optimal-old-noisy/10/driverlog_noisy_p03_hyp-2_10_2.tar.bz2:0.598711013794:0.05822355:0.6
> 0:False:2,5:108,41
> 1:True:10,11:242,170
> 2:False:6,9:196,132
> 3:True:3,4:112,47
> 4:True:8,9:234,169
> 5:False:9,12:206,135
> 6:False:3,5:112,47
> 7:False:7,10:200,127
driverlog-optimal-old-noisy/10/driverlog_noisy_p03_hyp-2_10_3.tar.bz2:0.597838163376:0.05789762:0.59
> 0:False:2,4:108,41
> 1:True:10,11:242,170
> 2:False:6,8:196,132
> 3:False:3,5:112,47
> 4:False:8,10:234,169
> 5:True:9,10:206,135
> 6:False:3,5:112,47
> 7:True:7,8:200,127
driverlog-optimal-old-noisy/10/driverlog_noisy_p03_hyp-3_10_1.tar.bz2:0.599653959274:0.05954966:0.6
> 0:False:2,6:108,41
> 1:False:10,12:242,170
> 2:True:6,6:196,132
> 3:False:3,6:112,47
> 4:False:8,11:234,169
> 5:True:9,9:206,135
> 6:False:3,5:112,47
> 7:False:7,9:200,127
driverlog-optimal-old-noisy/10/driverlog_noisy_p03_hyp-3_10_2.tar.bz2:0.598906993866:0.05919675:0.6
> 0:False:2,6:108,41
> 1:True:10,10:242,170
> 2:False:6,10:196,132
> 3:False:3,7:112,47
> 4:True:8,8:234,169
> 5:False:9,11:206,135
> 6:False:3,7:112,47
> 7:True:7,7:200,127
driverlog-optimal-old-noisy/10/driverlog_noisy_p03_hyp-3_10_3.tar.bz2:0.600535154343:0.06024537:0.61
> 0:False:2,5:108,41
> 1:True:10,12:242,170
> 2:False:6,10:196,132
> 3:False:3,6:112,47
> 4:True:8,10:234,169
> 5:True:9,11:206,135
> 6:False:3,6:112,47
> 7:True:7,9:200,127
driverlog-optimal-old-noisy/10/driverlog_noisy_p03_hyp-4_10_1.tar.bz2:0.602466106415:0.06107412:0.6
> 0:False:2,4:108,41
> 1:False:10,12:242,170
> 2:False:6,9:196,132
> 3:False:3,5:112,47
> 4:False:8,10:234,169
> 5:False:9,12:206,135
> 6:True:3,4:112,47
> 7:False:7,10:200,127
driverlog-optimal-old-noisy/10/driverlog_noisy_p03_hyp-4_10_2.tar.bz2:0.6042740345:0.06233404:0.61
> 0:False:2,5:108,41
> 1:False:10,12:242,170
> 2:False:6,9:196,132
> 3:True:3,4:112,47
> 4:False:8,10:234,169
> 5:False:9,11:206,135
> 6:False:3,5:112,47
> 7:False:7,9:200,127
driverlog-optimal-old-noisy/10/driverlog_noisy_p03_hyp-4_10_3.tar.bz2:0.6031498909:0.06037022:0.6
> 0:False:2,4:107,40
> 1:True:10,10:241,169
> 2:False:6,7:195,131
> 3:True:3,3:111,46
> 4:False:8,9:233,168
> 5:False:9,10:205,134
> 6:False:3,4:111,46
> 7:True:7,7:199,126
driverlog-optimal-old-noisy/10/driverlog_noisy_p04_hyp-1_10_1.tar.bz2:0.577708005905:0.14867668:0.58
> 0:False:11,14:377,245
> 1:False:10,14:333,215
> 2:False:7,11:233,113
> 3:False:12,15:423,289
> 4:False:11,14:399,274
> 5:True:13,15:413,294
driverlog-optimal-old-noisy/10/driverlog_noisy_p04_hyp-1_10_2.tar.bz2:0.616820812225:0.18795245:0.61
> 0:True:11,11:376,244
> 1:False:10,14:332,214
> 2:False:7,9:232,112
> 3:False:12,16:422,288
> 4:False:11,15:398,273
> 5:True:13,13:412,293
driverlog-optimal-old-noisy/10/driverlog_noisy_p04_hyp-1_10_3.tar.bz2:0.581496953964:0.15297697:0.58
> 0:False:11,14:377,245
> 1:False:10,13:333,215
> 2:False:7,11:233,113
> 3:False:12,16:423,289
> 4:False:11,14:399,274
> 5:True:13,14:413,294
driverlog-optimal-old-noisy/10/driverlog_noisy_p04_hyp-2_10_1.tar.bz2:0.642961025238:0.21641794:0.64
> 0:False:11,14:377,245
> 1:True:10,11:333,215
> 2:True:7,8:233,113
> 3:True:12,13:423,289
> 4:True:11,12:399,274
> 5:False:13,15:413,294
driverlog-optimal-old-noisy/10/driverlog_noisy_p04_hyp-2_10_2.tar.bz2:0.575140953064:0.14866617:0.58
> 0:False:11,13:376,244
> 1:True:10,10:332,214
> 2:False:7,10:232,112
> 3:True:12,12:422,288
> 4:False:11,12:398,273
> 5:False:13,14:412,293
driverlog-optimal-old-noisy/10/driverlog_noisy_p04_hyp-2_10_3.tar.bz2:0.611273050308:0.1819406:0.61
> 0:False:11,14:377,245
> 1:False:10,12:333,215
> 2:False:7,11:233,113
> 3:False:12,15:423,289
> 4:False:11,16:399,274
> 5:True:13,14:413,294
driverlog-optimal-old-noisy/10/driverlog_noisy_p04_hyp-3_10_1.tar.bz2:0.578346014023:0.14993597:0.58
> 0:True:11,12:376,244
> 1:True:10,11:332,214
> 2:False:7,9:232,112
> 3:True:12,13:422,288
> 4:True:11,12:398,273
> 5:True:13,14:412,293
driverlog-optimal-old-noisy/10/driverlog_noisy_p04_hyp-3_10_2.tar.bz2:0.585106134415:0.15665809:0.59
> 0:True:11,12:377,245
> 1:False:10,14:333,215
> 2:False:7,10:233,113
> 3:False:12,15:423,289
> 4:False:11,15:399,274
> 5:True:13,14:413,294
driverlog-optimal-old-noisy/10/driverlog_noisy_p04_hyp-3_10_3.tar.bz2:0.583266973495:0.15094264:0.58
> 0:True:11,12:377,245
> 1:False:10,14:333,215
> 2:False:7,10:233,113
> 3:False:12,17:423,289
> 4:False:11,14:399,274
> 5:True:13,14:413,294
driverlog-optimal-old-noisy/10/driverlog_noisy_p04_hyp-4_10_1.tar.bz2:0.581374168396:0.15255141:0.59
> 0:False:11,12:376,244
> 1:False:10,13:332,214
> 2:False:7,9:232,112
> 3:False:12,14:422,288
> 4:True:11,11:398,273
> 5:False:13,15:412,293
driverlog-optimal-old-noisy/10/driverlog_noisy_p04_hyp-4_10_2.tar.bz2:0.578758001328:0.15160839:0.57
> 0:False:11,13:376,244
> 1:True:10,11:332,214
> 2:False:7,11:232,112
> 3:True:12,13:422,288
> 4:True:11,12:398,273
> 5:False:13,15:412,293
driverlog-optimal-old-noisy/10/driverlog_noisy_p04_hyp-4_10_3.tar.bz2:0.611093044281:0.1813453:0.61
> 0:False:11,16:377,245
> 1:True:10,12:333,215
> 2:False:7,12:233,113
> 3:False:12,15:423,289
> 4:False:11,14:399,274
> 5:False:13,18:413,294
driverlog-optimal-old-noisy/10/driverlog_noisy_p05_hyp-1_10_1.tar.bz2:0.581078052521:0.1380422:0.58
> 0:True:11,12:511,351
> 1:False:10,13:523,350
> 2:False:6,8:255,105
> 3:False:6,11:255,105
> 4:False:5,8:247,95
> 5:False:11,13:551,385
driverlog-optimal-old-noisy/10/driverlog_noisy_p05_hyp-1_10_2.tar.bz2:0.587527036667:0.14415859:0.59
> 0:False:11,15:511,351
> 1:False:10,15:523,350
> 2:False:6,10:255,105
> 3:True:6,8:255,105
> 4:True:5,7:247,95
> 5:False:11,14:551,385
driverlog-optimal-old-noisy/10/driverlog_noisy_p05_hyp-1_10_3.tar.bz2:0.579100847244:0.13767597:0.59
> 0:True:11,12:511,351
> 1:False:10,14:523,350
> 2:True:6,7:255,105
> 3:False:6,11:255,105
> 4:False:5,11:247,95
> 5:False:11,13:551,385
driverlog-optimal-old-noisy/10/driverlog_noisy_p05_hyp-2_10_1.tar.bz2:0.586369037628:0.14681706:0.59
> 0:False:11,14:511,351
> 1:True:10,12:523,350
> 2:False:6,10:255,105
> 3:False:6,10:255,105
> 4:False:5,9:247,95
> 5:False:11,14:551,385
driverlog-optimal-old-noisy/10/driverlog_noisy_p05_hyp-2_10_2.tar.bz2:0.579833984375:0.13985235:0.58
> 0:True:11,11:510,350
> 1:False:10,12:522,349
> 2:False:6,9:254,104
> 3:False:6,9:254,104
> 4:False:5,9:246,94
> 5:False:11,13:550,384
driverlog-optimal-old-noisy/10/driverlog_noisy_p05_hyp-2_10_3.tar.bz2:0.589516878128:0.14719523:0.59
> 0:True:11,13:511,351
> 1:False:10,15:523,350
> 2:True:6,8:255,105
> 3:False:6,9:255,105
> 4:False:5,9:247,95
> 5:False:11,15:551,385
driverlog-optimal-old-noisy/10/driverlog_noisy_p05_hyp-3_10_1.tar.bz2:0.643126010895:0.20254426:0.65
> 0:False:11,16:511,351
> 1:True:10,13:523,350
> 2:False:6,11:255,105
> 3:False:6,10:255,105
> 4:False:5,10:247,95
> 5:False:11,16:551,385
driverlog-optimal-old-noisy/10/driverlog_noisy_p05_hyp-3_10_2.tar.bz2:0.578893899918:0.13959255:0.57
> 0:True:11,14:511,351
> 1:True:10,13:523,350
> 2:False:6,11:255,105
> 3:False:6,10:255,105
> 4:False:5,10:247,95
> 5:False:11,15:551,385
driverlog-optimal-old-noisy/10/driverlog_noisy_p05_hyp-3_10_3.tar.bz2:0.610355138779:0.16985407:0.61
> 0:True:11,12:510,350
> 1:False:10,12:522,349
> 2:False:6,8:254,104
> 3:False:6,8:254,104
> 4:False:5,9:246,94
> 5:False:11,13:550,384
driverlog-optimal-old-noisy/10/driverlog_noisy_p05_hyp-4_10_1.tar.bz2:0.593841075897:0.15410455:0.6
> 0:True:11,13:511,351
> 1:False:10,13:523,350
> 2:False:6,9:255,105
> 3:False:6,9:255,105
> 4:False:5,10:247,95
> 5:True:11,13:551,385
driverlog-optimal-old-noisy/10/driverlog_noisy_p05_hyp-4_10_2.tar.bz2:0.617594003677:0.17501809:0.61
> 0:True:11,13:511,351
> 1:False:10,15:523,350
> 2:True:6,8:255,105
> 3:False:6,10:255,105
> 4:False:5,9:247,95
> 5:True:11,13:551,385
driverlog-optimal-old-noisy/10/driverlog_noisy_p05_hyp-4_10_3.tar.bz2:0.586095809937:0.14331583:0.58
> 0:True:11,13:511,351
> 1:False:10,13:523,350
> 2:False:6,9:255,105
> 3:False:6,10:255,105
> 4:False:5,11:247,95
> 5:False:11,15:551,385
driverlog-optimal-old-noisy/30/driverlog_noisy_p03_hyp-1_30_1.tar.bz2:0.597732067108:0.05735746:0.6
> 0:False:2,6:110,43
> 1:True:10,12:244,172
> 2:False:6,10:198,134
> 3:False:3,7:114,49
> 4:False:8,11:236,171
> 5:False:9,12:208,137
> 6:False:3,7:114,49
> 7:False:7,10:202,129
driverlog-optimal-old-noisy/30/driverlog_noisy_p03_hyp-1_30_2.tar.bz2:0.601135969162:0.05924804:0.6
> 0:False:2,6:110,43
> 1:True:10,13:244,172
> 2:False:6,12:198,134
> 3:False:3,7:114,49
> 4:False:8,12:236,171
> 5:False:9,13:208,137
> 6:False:3,7:114,49
> 7:False:7,11:202,129
driverlog-optimal-old-noisy/30/driverlog_noisy_p03_hyp-1_30_3.tar.bz2:0.603783130646:0.06108279:0.6
> 0:False:2,6:110,43
> 1:False:10,14:244,172
> 2:False:6,12:198,134
> 3:False:3,7:114,49
> 4:False:8,13:236,171
> 5:False:9,14:208,137
> 6:True:3,6:114,49
> 7:False:7,12:202,129
driverlog-optimal-old-noisy/30/driverlog_noisy_p03_hyp-2_30_1.tar.bz2:0.601031064987:0.0594857:0.61
> 0:False:2,8:110,43
> 1:True:10,12:244,172
> 2:False:6,12:198,134
> 3:False:3,7:114,49
> 4:True:8,10:236,171
> 5:False:9,15:208,137
> 6:False:3,8:114,49
> 7:False:7,11:202,129
driverlog-optimal-old-noisy/30/driverlog_noisy_p03_hyp-2_30_2.tar.bz2:0.603924036026:0.06071494:0.6
> 0:False:2,8:110,43
> 1:True:10,10:244,172
> 2:False:6,10:198,134
> 3:False:3,8:114,49
> 4:False:8,10:236,171
> 5:False:9,12:208,137
> 6:False:3,7:114,49
> 7:False:7,9:202,129
driverlog-optimal-old-noisy/30/driverlog_noisy_p03_hyp-2_30_3.tar.bz2:0.597477197647:0.05907108:0.6
> 0:False:2,7:111,44
> 1:True:10,13:245,173
> 2:False:6,13:199,135
> 3:False:3,8:115,50
> 4:False:8,12:237,172
> 5:False:9,15:209,138
> 6:False:3,8:115,50
> 7:False:7,13:203,130
driverlog-optimal-old-noisy/30/driverlog_noisy_p03_hyp-3_30_1.tar.bz2:0.602693080902:0.05987525:0.61
> 0:False:2,10:110,43
> 1:True:10,12:244,172
> 2:False:6,9:198,134
> 3:False:3,10:114,49
> 4:True:8,10:236,171
> 5:False:9,12:208,137
> 6:False:3,11:114,49
> 7:False:7,10:202,129
driverlog-optimal-old-noisy/30/driverlog_noisy_p03_hyp-3_30_2.tar.bz2:0.598345994949:0.06001115:0.6
> 0:False:2,10:110,43
> 1:False:10,16:244,172
> 2:True:6,8:198,134
> 3:False:3,11:114,49
> 4:False:8,13:236,171
> 5:True:9,11:208,137
> 6:False:3,11:114,49
> 7:False:7,13:202,129
driverlog-optimal-old-noisy/30/driverlog_noisy_p03_hyp-3_30_3.tar.bz2:0.59757900238:0.06050844:0.59
> 0:False:2,8:110,43
> 1:False:10,14:244,172
> 2:True:6,8:198,134
> 3:False:3,9:114,49
> 4:False:8,13:236,171
> 5:True:9,11:208,137
> 6:False:3,9:114,49
> 7:False:7,11:202,129
driverlog-optimal-old-noisy/30/driverlog_noisy_p03_hyp-4_30_1.tar.bz2:0.601787090302:0.06063453:0.61
> 0:False:2,6:110,43
> 1:False:10,14:244,172
> 2:False:6,13:198,134
> 3:True:3,5:114,49
> 4:False:8,13:236,171
> 5:False:9,16:208,137
> 6:False:3,6:114,49
> 7:False:7,13:202,129
driverlog-optimal-old-noisy/30/driverlog_noisy_p03_hyp-4_30_2.tar.bz2:0.600232839584:0.05817316:0.6
> 0:False:2,8:110,43
> 1:True:10,13:244,172
> 2:False:6,12:198,134
> 3:False:3,7:114,49
> 4:False:8,12:236,171
> 5:False:9,14:208,137
> 6:False:3,8:114,49
> 7:False:7,12:202,129
driverlog-optimal-old-noisy/30/driverlog_noisy_p03_hyp-4_30_3.tar.bz2:0.601511955261:0.06019933:0.6
> 0:False:2,6:109,42
> 1:True:10,12:243,171
> 2:False:6,9:197,133
> 3:True:3,5:113,48
> 4:False:8,11:235,170
> 5:False:9,12:207,136
> 6:False:3,6:113,48
> 7:True:7,9:201,128
driverlog-optimal-old-noisy/30/driverlog_noisy_p04_hyp-1_30_1.tar.bz2:0.582109928131:0.15213584:0.59
> 0:True:11,13:379,247
> 1:False:10,14:335,217
> 2:False:7,13:235,115
> 3:False:12,16:425,291
> 4:True:11,13:401,276
> 5:False:13,16:415,296
driverlog-optimal-old-noisy/30/driverlog_noisy_p04_hyp-1_30_2.tar.bz2:0.583891868591:0.15305537:0.58
> 0:True:11,12:378,246
> 1:False:10,15:334,216
> 2:False:7,13:234,114
> 3:False:12,17:424,290
> 4:False:11,14:400,275
> 5:False:13,15:414,295
driverlog-optimal-old-noisy/30/driverlog_noisy_p04_hyp-1_30_3.tar.bz2:0.618552923203:0.19025809:0.62
> 0:True:11,12:378,246
> 1:False:10,15:334,216
> 2:False:7,13:234,114
> 3:False:12,17:424,290
> 4:False:11,14:400,275
> 5:False:13,15:414,295
driverlog-optimal-old-noisy/30/driverlog_noisy_p04_hyp-2_30_1.tar.bz2:0.604912996292:0.17418323:0.62
> 0:False:11,18:378,246
> 1:True:10,10:334,216
> 2:False:7,15:234,114
> 3:False:12,13:424,290
> 4:False:11,14:400,275
> 5:False:13,19:414,295
driverlog-optimal-old-noisy/30/driverlog_noisy_p04_hyp-2_30_2.tar.bz2:0.59251499176:0.16118559:0.59
> 0:False:11,16:378,246
> 1:True:10,10:334,216
> 2:False:7,15:234,114
> 3:False:12,14:424,290
> 4:False:11,14:400,275
> 5:False:13,18:414,295
driverlog-optimal-old-noisy/30/driverlog_noisy_p04_hyp-2_30_3.tar.bz2:0.585680007935:0.15584124:0.59
> 0:False:11,14:378,246
> 1:True:10,10:334,216
> 2:False:7,13:234,114
> 3:False:12,14:424,290
> 4:False:11,13:400,275
> 5:False:13,16:414,295
driverlog-optimal-old-noisy/30/driverlog_noisy_p04_hyp-3_30_1.tar.bz2:0.576880931854:0.15034669:0.58
> 0:True:11,13:379,247
> 1:True:10,12:335,217
> 2:False:7,11:235,115
> 3:False:12,15:425,291
> 4:True:11,13:401,276
> 5:True:13,15:415,296
driverlog-optimal-old-noisy/30/driverlog_noisy_p04_hyp-3_30_2.tar.bz2:0.576462984085:0.14828516:0.58
> 0:True:11,14:379,247
> 1:False:10,17:335,217
> 2:False:7,11:235,115
> 3:False:12,19:425,291
> 4:False:11,18:401,276
> 5:True:13,16:415,296
driverlog-optimal-old-noisy/30/driverlog_noisy_p04_hyp-3_30_3.tar.bz2:0.576385974884:0.14943844:0.57
> 0:False:11,14:379,247
> 1:False:10,15:335,217
> 2:False:7,11:235,115
> 3:False:12,16:425,291
> 4:False:11,16:401,276
> 5:True:13,15:415,296
driverlog-optimal-old-noisy/30/driverlog_noisy_p04_hyp-4_30_1.tar.bz2:0.604862928391:0.17555119:0.6
> 0:False:11,17:379,247
> 1:False:10,14:335,217
> 2:False:7,15:235,115
> 3:True:12,13:425,291
> 4:False:11,13:401,276
> 5:False:13,18:415,296
driverlog-optimal-old-noisy/30/driverlog_noisy_p04_hyp-4_30_2.tar.bz2:0.579730987549:0.15084845:0.57
> 0:True:11,14:380,248
> 1:False:10,16:336,218
> 2:False:7,15:236,116
> 3:False:12,17:426,292
> 4:False:11,15:402,277
> 5:False:13,18:416,297
driverlog-optimal-old-noisy/30/driverlog_noisy_p04_hyp-4_30_3.tar.bz2:0.57785987854:0.14956895:0.57
> 0:False:11,15:380,248
> 1:False:10,14:336,218
> 2:False:7,13:236,116
> 3:True:12,15:426,292
> 4:True:11,14:402,277
> 5:True:13,16:416,297
driverlog-optimal-old-noisy/30/driverlog_noisy_p05_hyp-1_30_1.tar.bz2:0.582015991211:0.14254901:0.59
> 0:True:11,14:514,354
> 1:False:10,17:526,353
> 2:False:6,12:258,108
> 3:False:6,17:258,108
> 4:False:5,11:250,98
> 5:False:11,15:554,388
driverlog-optimal-old-noisy/30/driverlog_noisy_p05_hyp-1_30_2.tar.bz2:0.581903934479:0.13727897:0.58
> 0:True:11,15:514,354
> 1:False:10,15:526,353
> 2:False:6,13:258,108
> 3:False:6,12:258,108
> 4:False:5,10:250,98
> 5:False:11,16:554,388
driverlog-optimal-old-noisy/30/driverlog_noisy_p05_hyp-1_30_3.tar.bz2:0.579234838486:0.13784671:0.58
> 0:True:11,14:514,354
> 1:False:10,17:526,353
> 2:False:6,14:258,108
> 3:False:6,16:258,108
> 4:False:5,11:250,98
> 5:False:11,15:554,388
driverlog-optimal-old-noisy/30/driverlog_noisy_p05_hyp-2_30_1.tar.bz2:0.580835103989:0.13868093:0.58
> 0:True:11,15:514,354
> 1:False:10,18:526,353
> 2:True:6,10:258,108
> 3:False:6,16:258,108
> 4:False:5,15:250,98
> 5:True:11,15:554,388
driverlog-optimal-old-noisy/30/driverlog_noisy_p05_hyp-2_30_2.tar.bz2:0.579048871994:0.13820131:0.58
> 0:True:11,14:514,354
> 1:False:10,16:526,353
> 2:False:6,11:258,108
> 3:False:6,14:258,108
> 4:False:5,10:250,98
> 5:True:11,14:554,388
driverlog-optimal-old-noisy/30/driverlog_noisy_p05_hyp-2_30_3.tar.bz2:0.57873415947:0.13799798:0.58
> 0:True:11,16:514,354
> 1:False:10,16:526,353
> 2:False:6,13:258,108
> 3:False:6,15:258,108
> 4:False:5,13:250,98
> 5:True:11,16:554,388
driverlog-optimal-old-noisy/30/driverlog_noisy_p05_hyp-3_30_1.tar.bz2:0.598855018616:0.15511124:0.6
> 0:False:11,17:513,353
> 1:False:10,14:525,352
> 2:False:6,14:257,107
> 3:True:6,9:257,107
> 4:False:5,10:249,97
> 5:False:11,17:553,387
driverlog-optimal-old-noisy/30/driverlog_noisy_p05_hyp-3_30_2.tar.bz2:0.577970981598:0.13847085:0.58
> 0:False:11,17:513,353
> 1:True:10,12:525,352
> 2:False:6,13:257,107
> 3:False:6,10:257,107
> 4:False:5,12:249,97
> 5:False:11,16:553,387
driverlog-optimal-old-noisy/30/driverlog_noisy_p05_hyp-3_30_3.tar.bz2:0.608263015747:0.1670996:0.6
> 0:False:11,19:514,354
> 1:True:10,14:526,353
> 2:False:6,16:258,108
> 3:False:6,12:258,108
> 4:False:5,12:250,98
> 5:False:11,19:554,388
driverlog-optimal-old-noisy/30/driverlog_noisy_p05_hyp-4_30_1.tar.bz2:0.581314086914:0.1382018:0.59
> 0:True:11,12:513,353
> 1:False:10,16:525,352
> 2:False:6,9:257,107
> 3:False:6,14:257,107
> 4:False:5,12:249,97
> 5:False:11,13:553,387
driverlog-optimal-old-noisy/30/driverlog_noisy_p05_hyp-4_30_2.tar.bz2:0.580871105194:0.13741115:0.59
> 0:True:11,12:513,353
> 1:False:10,16:525,352
> 2:False:6,9:257,107
> 3:False:6,13:257,107
> 4:False:5,11:249,97
> 5:False:11,13:553,387
driverlog-optimal-old-noisy/30/driverlog_noisy_p05_hyp-4_30_3.tar.bz2:0.621868848801:0.18269292:0.62
> 0:True:11,14:513,353
> 1:False:10,16:525,352
> 2:True:6,9:257,107
> 3:False:6,13:257,107
> 4:False:5,11:249,97
> 5:True:11,14:553,387
driverlog-optimal-old-noisy/50/driverlog_noisy_p03_hyp-1_50_1.tar.bz2:0.59713101387:0.05846906:0.6
> 0:True:2,5:111,44
> 1:False:10,14:245,173
> 2:False:6,13:199,135
> 3:True:3,6:115,50
> 4:False:8,12:237,172
> 5:False:9,16:209,138
> 6:True:3,6:115,50
> 7:False:7,14:203,130
driverlog-optimal-old-noisy/50/driverlog_noisy_p03_hyp-1_50_2.tar.bz2:0.599074840546:0.06030752:0.61
> 0:True:2,5:111,44
> 1:False:10,14:245,173
> 2:False:6,13:199,135
> 3:True:3,6:115,50
> 4:False:8,13:237,172
> 5:False:9,15:209,138
> 6:True:3,6:115,50
> 7:False:7,13:203,130
driverlog-optimal-old-noisy/50/driverlog_noisy_p03_hyp-1_50_3.tar.bz2:0.599252939224:0.05811673:0.59
> 0:False:2,8:111,44
> 1:True:10,15:245,173
> 2:False:6,12:199,135
> 3:False:3,9:115,50
> 4:True:8,13:237,172
> 5:False:9,15:209,138
> 6:False:3,9:115,50
> 7:True:7,12:203,130
driverlog-optimal-old-noisy/50/driverlog_noisy_p03_hyp-2_50_1.tar.bz2:0.601376056671:0.06022881:0.6
> 0:False:2,14:114,47
> 1:True:10,15:248,176
> 2:False:6,16:202,138
> 3:False:3,15:118,53
> 4:False:8,14:240,175
> 5:False:9,16:212,141
> 6:False:3,15:118,53
> 7:False:7,14:206,133
driverlog-optimal-old-noisy/50/driverlog_noisy_p03_hyp-2_50_2.tar.bz2:0.604107141495:0.06305945:0.6
> 0:False:2,16:115,48
> 1:True:10,14:249,177
> 2:False:6,15:203,139
> 3:False:3,15:119,54
> 4:False:8,14:241,176
> 5:False:9,16:213,142
> 6:False:3,16:119,54
> 7:True:7,11:207,134
driverlog-optimal-old-noisy/50/driverlog_noisy_p03_hyp-2_50_3.tar.bz2:0.608330011368:0.06350334:0.62
> 0:False:2,15:115,48
> 1:True:10,15:249,177
> 2:False:6,15:203,139
> 3:False:3,15:119,54
> 4:False:8,16:241,176
> 5:True:9,14:213,142
> 6:False:3,14:119,54
> 7:False:7,13:207,134
driverlog-optimal-old-noisy/50/driverlog_noisy_p03_hyp-3_50_1.tar.bz2:0.611126899719:0.07064334:0.61
> 0:False:2,13:112,45
> 1:False:10,15:246,174
> 2:False:6,12:200,136
> 3:False:3,14:116,51
> 4:False:8,15:238,173
> 5:True:9,13:210,139
> 6:False:3,14:116,51
> 7:False:7,13:204,131
driverlog-optimal-old-noisy/50/driverlog_noisy_p03_hyp-3_50_2.tar.bz2:0.600261926651:0.06056056:0.59
> 0:False:2,12:112,45
> 1:False:10,16:246,174
> 2:False:6,12:200,136
> 3:False:3,13:116,51
> 4:False:8,15:238,173
> 5:True:9,13:210,139
> 6:False:3,13:116,51
> 7:False:7,13:204,131
driverlog-optimal-old-noisy/50/driverlog_noisy_p03_hyp-3_50_3.tar.bz2:0.599186897278:0.05928752:0.59
> 0:False:2,12:111,44
> 1:False:10,15:245,173
> 2:False:6,10:199,135
> 3:False:3,12:115,50
> 4:False:8,15:237,172
> 5:True:9,11:209,138
> 6:False:3,11:115,50
> 7:False:7,12:203,130
driverlog-optimal-old-noisy/50/driverlog_noisy_p03_hyp-4_50_1.tar.bz2:0.604936122894:0.06109251:0.61
> 0:False:2,8:111,44
> 1:True:10,13:245,173
> 2:False:6,11:199,135
> 3:False:3,8:115,50
> 4:False:8,12:237,172
> 5:False:9,13:209,138
> 6:False:3,9:115,50
> 7:False:7,12:203,130
driverlog-optimal-old-noisy/50/driverlog_noisy_p03_hyp-4_50_2.tar.bz2:0.599662065506:0.05876462:0.6
> 0:False:2,9:111,44
> 1:True:10,14:245,173
> 2:False:6,13:199,135
> 3:False:3,8:115,50
> 4:False:8,13:237,172
> 5:False:9,15:209,138
> 6:False:3,9:115,50
> 7:False:7,13:203,130
driverlog-optimal-old-noisy/50/driverlog_noisy_p03_hyp-4_50_3.tar.bz2:0.600746870041:0.05962833:0.59
> 0:False:2,7:110,43
> 1:True:10,12:244,172
> 2:False:6,10:198,134
> 3:False:3,6:114,49
> 4:False:8,12:236,171
> 5:False:9,12:208,137
> 6:False:3,7:114,49
> 7:True:7,9:202,129
driverlog-optimal-old-noisy/50/driverlog_noisy_p04_hyp-1_50_1.tar.bz2:0.579149007797:0.15049426:0.58
> 0:True:11,15:383,251
> 1:False:10,19:339,221
> 2:False:7,15:239,119
> 3:False:12,20:429,295
> 4:False:11,18:405,280
> 5:False:13,19:419,300
driverlog-optimal-old-noisy/50/driverlog_noisy_p04_hyp-1_50_2.tar.bz2:0.581130981445:0.15053087:0.58
> 0:True:11,14:382,250
> 1:False:10,16:338,220
> 2:False:7,14:238,118
> 3:False:12,18:428,294
> 4:False:11,15:404,279
> 5:False:13,17:418,299
driverlog-optimal-old-noisy/50/driverlog_noisy_p04_hyp-1_50_3.tar.bz2:0.578921794891:0.14996165:0.59
> 0:True:11,15:382,250
> 1:False:10,20:338,220
> 2:False:7,14:238,118
> 3:False:12,22:428,294
> 4:False:11,20:404,279
> 5:True:13,17:418,299
driverlog-optimal-old-noisy/50/driverlog_noisy_p04_hyp-2_50_1.tar.bz2:0.592853069305:0.16162021:0.6
> 0:False:11,19:382,250
> 1:False:10,15:338,220
> 2:False:7,18:238,118
> 3:True:12,16:428,294
> 4:True:11,15:404,279
> 5:False:13,20:418,299
driverlog-optimal-old-noisy/50/driverlog_noisy_p04_hyp-2_50_2.tar.bz2:0.58175611496:0.1530908:0.58
> 0:False:11,19:381,249
> 1:True:10,11:337,219
> 2:False:7,16:237,117
> 3:True:12,13:427,293
> 4:False:11,14:403,278
> 5:False:13,20:417,298
driverlog-optimal-old-noisy/50/driverlog_noisy_p04_hyp-2_50_3.tar.bz2:0.578839063644:0.14809531:0.58
> 0:False:11,17:381,249
> 1:False:10,12:337,219
> 2:False:7,14:237,117
> 3:True:12,13:427,293
> 4:False:11,14:403,278
> 5:False:13,18:417,298
driverlog-optimal-old-noisy/50/driverlog_noisy_p04_hyp-3_50_1.tar.bz2:0.578064918518:0.15043392:0.59
> 0:True:11,13:379,247
> 1:False:10,16:335,217
> 2:False:7,11:235,115
> 3:False:12,15:425,291
> 4:False:11,15:401,276
> 5:True:13,15:415,296
driverlog-optimal-old-noisy/50/driverlog_noisy_p04_hyp-3_50_2.tar.bz2:0.575361013412:0.14766022:0.57
> 0:True:11,15:382,250
> 1:False:10,18:338,220
> 2:False:7,12:238,118
> 3:False:12,19:428,294
> 4:False:11,18:404,279
> 5:False:13,19:418,299
driverlog-optimal-old-noisy/50/driverlog_noisy_p04_hyp-3_50_3.tar.bz2:0.57891201973:0.14942692:0.57
> 0:True:11,14:381,249
> 1:False:10,17:337,219
> 2:False:7,11:237,117
> 3:False:12,16:427,293
> 4:False:11,18:403,278
> 5:False:13,17:417,298
driverlog-optimal-old-noisy/50/driverlog_noisy_p04_hyp-4_50_1.tar.bz2:0.580414056778:0.15271289:0.57
> 0:False:11,21:383,251
> 1:False:10,19:339,221
> 2:False:7,20:239,119
> 3:False:12,20:429,295
> 4:True:11,17:405,280
> 5:False:13,25:419,300
driverlog-optimal-old-noisy/50/driverlog_noisy_p04_hyp-4_50_2.tar.bz2:0.602988004684:0.17362196:0.61
> 0:False:11,21:383,251
> 1:False:10,19:339,221
> 2:False:7,21:239,119
> 3:False:12,20:429,295
> 4:True:11,17:405,280
> 5:False:13,25:419,300
driverlog-optimal-old-noisy/50/driverlog_noisy_p04_hyp-4_50_3.tar.bz2:0.582170963287:0.15128603:0.59
> 0:False:11,20:382,250
> 1:False:10,16:338,220
> 2:False:7,17:238,118
> 3:False:12,18:428,294
> 4:True:11,16:404,279
> 5:False:13,21:418,299
driverlog-optimal-old-noisy/50/driverlog_noisy_p05_hyp-1_50_1.tar.bz2:0.580998897552:0.13781899:0.58
> 0:True:11,14:517,357
> 1:False:10,21:529,356
> 2:False:6,12:261,111
> 3:False:6,19:261,111
> 4:False:5,16:253,101
> 5:False:11,17:557,391
driverlog-optimal-old-noisy/50/driverlog_noisy_p05_hyp-1_50_2.tar.bz2:0.578166007996:0.13811727:0.57
> 0:True:11,14:516,356
> 1:False:10,19:528,355
> 2:False:6,12:260,110
> 3:False:6,16:260,110
> 4:False:5,14:252,100
> 5:False:11,16:556,390
driverlog-optimal-old-noisy/50/driverlog_noisy_p05_hyp-1_50_3.tar.bz2:0.578248977661:0.1386164:0.58
> 0:True:11,14:516,356
> 1:False:10,21:528,355
> 2:False:6,12:260,110
> 3:False:6,19:260,110
> 4:False:5,15:252,100
> 5:False:11,15:556,390
driverlog-optimal-old-noisy/50/driverlog_noisy_p05_hyp-2_50_1.tar.bz2:0.58083486557:0.13775037:0.58
> 0:True:11,16:516,356
> 1:False:10,18:528,355
> 2:False:6,12:260,110
> 3:False:6,18:260,110
> 4:False:5,15:252,100
> 5:False:11,17:556,390
driverlog-optimal-old-noisy/50/driverlog_noisy_p05_hyp-2_50_2.tar.bz2:0.579394102097:0.1397749:0.58
> 0:True:11,15:516,356
> 1:False:10,20:528,355
> 2:False:6,13:260,110
> 3:False:6,17:260,110
> 4:False:5,15:252,100
> 5:True:11,15:556,390
driverlog-optimal-old-noisy/50/driverlog_noisy_p05_hyp-2_50_3.tar.bz2:0.581313848495:0.13907519:0.58
> 0:False:11,16:516,356
> 1:False:10,20:528,355
> 2:True:6,10:260,110
> 3:False:6,15:260,110
> 4:False:5,15:252,100
> 5:False:11,16:556,390
driverlog-optimal-old-noisy/50/driverlog_noisy_p05_hyp-3_50_1.tar.bz2:0.579499006271:0.13867904:0.59
> 0:False:11,19:517,357
> 1:True:10,16:529,356
> 2:False:6,19:261,111
> 3:False:6,15:261,111
> 4:False:5,17:253,101
> 5:False:11,20:557,391
driverlog-optimal-old-noisy/50/driverlog_noisy_p05_hyp-3_50_2.tar.bz2:0.580170869827:0.13670949:0.57
> 0:False:11,19:516,356
> 1:False:10,17:528,355
> 2:False:6,16:260,110
> 3:False:6,13:260,110
> 4:False:5,17:252,100
> 5:True:11,17:556,390
driverlog-optimal-old-noisy/50/driverlog_noisy_p05_hyp-3_50_3.tar.bz2:0.591634988785:0.15012265:0.59
> 0:False:11,21:517,357
> 1:True:10,17:529,356
> 2:False:6,21:261,111
> 3:False:6,14:261,111
> 4:False:5,16:253,101
> 5:False:11,22:557,391
driverlog-optimal-old-noisy/50/driverlog_noisy_p05_hyp-4_50_1.tar.bz2:0.57962012291:0.13903087:0.59
> 0:True:11,18:518,358
> 1:False:10,20:530,357
> 2:False:6,16:262,112
> 3:False:6,19:262,112
> 4:False:5,18:254,102
> 5:True:11,18:558,392
driverlog-optimal-old-noisy/50/driverlog_noisy_p05_hyp-4_50_2.tar.bz2:0.580279827118:0.13771753:0.58
> 0:False:11,19:518,358
> 1:False:10,21:530,357
> 2:False:6,16:262,112
> 3:False:6,20:262,112
> 4:False:5,19:254,102
> 5:True:11,18:558,392
driverlog-optimal-old-noisy/50/driverlog_noisy_p05_hyp-4_50_3.tar.bz2:0.587882041931:0.14412907:0.58
> 0:False:11,21:518,358
> 1:False:10,22:530,357
> 2:False:6,18:262,112
> 3:False:6,18:262,112
> 4:False:5,20:254,102
> 5:True:11,18:558,392
driverlog-optimal-old-noisy/70/driverlog_noisy_p03_hyp-1_70_1.tar.bz2:0.604582071304:0.06096306:0.6
> 0:True:2,8:113,46
> 1:True:10,16:247,175
> 2:False:6,15:201,137
> 3:True:3,9:117,52
> 4:True:8,14:239,174
> 5:False:9,17:211,140
> 6:True:3,9:117,52
> 7:False:7,15:205,132
driverlog-optimal-old-noisy/70/driverlog_noisy_p03_hyp-1_70_2.tar.bz2:0.597234964371:0.0577106:0.59
> 0:False:2,7:112,45
> 1:True:10,14:246,174
> 2:False:6,13:200,136
> 3:False:3,8:116,51
> 4:True:8,12:238,173
> 5:False:9,15:210,139
> 6:False:3,8:116,51
> 7:False:7,13:204,131
driverlog-optimal-old-noisy/70/driverlog_noisy_p03_hyp-1_70_3.tar.bz2:0.601787090302:0.05949025:0.61
> 0:False:2,9:113,46
> 1:True:10,14:247,175
> 2:False:6,13:201,137
> 3:False:3,9:117,52
> 4:False:8,14:239,174
> 5:False:9,15:211,140
> 6:False:3,8:117,52
> 7:False:7,14:205,132
driverlog-optimal-old-noisy/70/driverlog_noisy_p03_hyp-2_70_1.tar.bz2:0.603218078613:0.06352332:0.6
> 0:False:2,17:118,51
> 1:True:10,16:252,180
> 2:False:6,21:206,142
> 3:False:3,18:122,57
> 4:False:8,15:244,179
> 5:False:9,22:216,145
> 6:False:3,18:122,57
> 7:False:7,18:210,137
driverlog-optimal-old-noisy/70/driverlog_noisy_p03_hyp-2_70_2.tar.bz2:0.606073856354:0.06453677:0.61
> 0:False:2,16:118,51
> 1:True:10,17:252,180
> 2:False:6,20:206,142
> 3:False:3,17:122,57
> 4:False:8,16:244,179
> 5:False:9,20:216,145
> 6:False:3,17:122,57
> 7:False:7,17:210,137
driverlog-optimal-old-noisy/70/driverlog_noisy_p03_hyp-2_70_3.tar.bz2:0.604496002197:0.06236905:0.59
> 0:False:2,21:118,51
> 1:True:10,17:252,180
> 2:False:6,20:206,142
> 3:False:3,22:122,57
> 4:False:8,17:244,179
> 5:False:9,20:216,145
> 6:False:3,21:122,57
> 7:False:7,18:210,137
driverlog-optimal-old-noisy/70/driverlog_noisy_p03_hyp-3_70_1.tar.bz2:0.602047920227:0.06096435:0.6
> 0:False:2,13:114,47
> 1:False:10,15:248,176
> 2:False:6,11:202,138
> 3:False:3,14:118,53
> 4:False:8,15:240,175
> 5:True:9,12:212,141
> 6:False:3,14:118,53
> 7:False:7,12:206,133
driverlog-optimal-old-noisy/70/driverlog_noisy_p03_hyp-3_70_2.tar.bz2:0.603800058365:0.06152877:0.6
> 0:False:2,19:115,48
> 1:False:10,19:249,177
> 2:False:6,14:203,139
> 3:False:3,20:119,54
> 4:False:8,19:241,176
> 5:True:9,14:213,142
> 6:False:3,20:119,54
> 7:False:7,16:207,134
driverlog-optimal-old-noisy/70/driverlog_noisy_p03_hyp-3_70_3.tar.bz2:0.603119134903:0.06093954:0.6
> 0:False:2,18:114,47
> 1:False:10,16:248,176
> 2:False:6,12:202,138
> 3:False:3,19:118,53
> 4:False:8,15:240,175
> 5:True:9,13:212,141
> 6:False:3,19:118,53
> 7:False:7,15:206,133
driverlog-optimal-old-noisy/70/driverlog_noisy_p03_hyp-4_70_1.tar.bz2:0.602515935898:0.06239982:0.59
> 0:False:2,11:114,47
> 1:True:10,17:248,176
> 2:False:6,17:202,138
> 3:True:3,10:118,53
> 4:False:8,17:240,175
> 5:False:9,18:212,141
> 6:False:3,11:118,53
> 7:False:7,16:206,133
driverlog-optimal-old-noisy/70/driverlog_noisy_p03_hyp-4_70_2.tar.bz2:0.598150968552:0.06030111:0.6
> 0:False:2,7:112,45
> 1:False:10,15:246,174
> 2:False:6,14:200,136
> 3:True:3,6:116,51
> 4:False:8,14:238,173
> 5:False:9,17:210,139
> 6:False:3,7:116,51
> 7:False:7,14:204,131
driverlog-optimal-old-noisy/70/driverlog_noisy_p03_hyp-4_70_3.tar.bz2:0.601979970932:0.06168664:0.59
> 0:False:2,8:113,46
> 1:False:10,16:247,175
> 2:False:6,15:201,137
> 3:True:3,7:117,52
> 4:False:8,15:239,174
> 5:False:9,17:211,140
> 6:False:3,8:117,52
> 7:False:7,14:205,132
driverlog-optimal-old-noisy/70/driverlog_noisy_p04_hyp-1_70_1.tar.bz2:0.581295967102:0.15169765:0.58
> 0:True:11,15:386,254
> 1:False:10,20:342,224
> 2:False:7,17:242,122
> 3:False:12,22:432,298
> 4:False:11,20:408,283
> 5:False:13,19:422,303
driverlog-optimal-old-noisy/70/driverlog_noisy_p04_hyp-1_70_2.tar.bz2:0.576593875885:0.14881453:0.58
> 0:True:11,15:386,254
> 1:False:10,22:342,224
> 2:False:7,15:242,122
> 3:False:12,21:432,298
> 4:False:11,21:408,283
> 5:False:13,18:422,303
driverlog-optimal-old-noisy/70/driverlog_noisy_p04_hyp-1_70_3.tar.bz2:0.579091787338:0.15129827:0.58
> 0:True:11,17:386,254
> 1:False:10,26:342,224
> 2:False:7,19:242,122
> 3:False:12,26:432,298
> 4:False:11,25:408,283
> 5:False:13,21:422,303
driverlog-optimal-old-noisy/70/driverlog_noisy_p04_hyp-2_70_1.tar.bz2:0.577220916748:0.14768755:0.57
> 0:False:11,22:384,252
> 1:True:10,13:340,222
> 2:False:7,20:240,120
> 3:True:12,15:430,296
> 4:False:11,16:406,281
> 5:False:13,22:420,301
driverlog-optimal-old-noisy/70/driverlog_noisy_p04_hyp-2_70_2.tar.bz2:0.579683065414:0.14994634:0.58
> 0:False:11,21:383,251
> 1:True:10,12:339,221
> 2:False:7,21:239,119
> 3:False:12,17:429,295
> 4:False:11,17:405,280
> 5:False:13,22:419,300
driverlog-optimal-old-noisy/70/driverlog_noisy_p04_hyp-2_70_3.tar.bz2:0.577816963196:0.14806282:0.58
> 0:False:11,22:383,251
> 1:True:10,13:339,221
> 2:False:7,20:239,119
> 3:False:12,16:429,295
> 4:False:11,18:405,280
> 5:False:13,22:419,300
driverlog-optimal-old-noisy/70/driverlog_noisy_p04_hyp-3_70_1.tar.bz2:0.579674959183:0.150674:0.59
> 0:True:11,14:383,251
> 1:False:10,17:339,221
> 2:False:7,12:239,119
> 3:False:12,19:429,295
> 4:False:11,18:405,280
> 5:True:13,16:419,300
driverlog-optimal-old-noisy/70/driverlog_noisy_p04_hyp-3_70_2.tar.bz2:0.576771020889:0.14929199:0.58
> 0:False:11,16:384,252
> 1:False:10,21:340,222
> 2:False:7,14:240,120
> 3:False:12,20:430,296
> 4:False:11,22:406,281
> 5:True:13,17:420,301
driverlog-optimal-old-noisy/70/driverlog_noisy_p04_hyp-3_70_3.tar.bz2:0.585958957672:0.15770622:0.58
> 0:False:11,17:384,252
> 1:False:10,22:340,222
> 2:False:7,15:240,120
> 3:False:12,21:430,296
> 4:False:11,23:406,281
> 5:True:13,18:420,301
driverlog-optimal-old-noisy/70/driverlog_noisy_p04_hyp-4_70_1.tar.bz2:0.580117940903:0.14965385:0.59
> 0:False:11,22:385,253
> 1:False:10,19:341,223
> 2:False:7,23:241,121
> 3:True:12,17:431,297
> 4:True:11,16:407,282
> 5:False:13,24:421,302
driverlog-optimal-old-noisy/70/driverlog_noisy_p04_hyp-4_70_2.tar.bz2:0.579329013824:0.14984234:0.59
> 0:False:11,24:386,254
> 1:False:10,22:342,224
> 2:False:7,22:242,122
> 3:True:12,19:432,298
> 4:True:11,18:408,283
> 5:False:13,24:422,303
driverlog-optimal-old-noisy/70/driverlog_noisy_p04_hyp-4_70_3.tar.bz2:0.582880973816:0.15407752:0.58
> 0:False:11,22:386,254
> 1:False:10,17:342,224
> 2:False:7,22:242,122
> 3:False:12,19:432,298
> 4:True:11,17:408,283
> 5:False:13,25:422,303
driverlog-optimal-old-noisy/70/driverlog_noisy_p05_hyp-1_70_1.tar.bz2:0.579107999802:0.13761508:0.57
> 0:True:11,18:521,361
> 1:False:10,22:533,360
> 2:False:6,17:265,115
> 3:False:6,23:265,115
> 4:False:5,17:257,105
> 5:False:11,19:561,395
driverlog-optimal-old-noisy/70/driverlog_noisy_p05_hyp-1_70_2.tar.bz2:0.581458091736:0.1377706:0.58
> 0:True:11,18:521,361
> 1:False:10,26:533,360
> 2:False:6,15:265,115
> 3:False:6,23:265,115
> 4:False:5,18:257,105
> 5:False:11,19:561,395
driverlog-optimal-old-noisy/70/driverlog_noisy_p05_hyp-1_70_3.tar.bz2:0.580835819244:0.13755805:0.58
> 0:True:11,16:520,360
> 1:False:10,24:532,359
> 2:False:6,16:264,114
> 3:False:6,22:264,114
> 4:False:5,18:256,104
> 5:False:11,17:560,394
driverlog-optimal-old-noisy/70/driverlog_noisy_p05_hyp-2_70_1.tar.bz2:0.581706047058:0.13815135:0.59
> 0:True:11,16:518,358
> 1:False:10,20:530,357
> 2:False:6,13:262,112
> 3:False:6,18:262,112
> 4:False:5,17:254,102
> 5:True:11,16:558,392
driverlog-optimal-old-noisy/70/driverlog_noisy_p05_hyp-2_70_2.tar.bz2:0.578546047211:0.13748575:0.58
> 0:True:11,17:519,359
> 1:False:10,22:531,358
> 2:False:6,14:263,113
> 3:False:6,21:263,113
> 4:False:5,19:255,103
> 5:False:11,18:559,393
driverlog-optimal-old-noisy/70/driverlog_noisy_p05_hyp-2_70_3.tar.bz2:0.57866692543:0.13801785:0.58
> 0:False:11,20:520,360
> 1:False:10,22:532,359
> 2:False:6,17:264,114
> 3:False:6,19:264,114
> 4:False:5,18:256,104
> 5:True:11,19:560,394
driverlog-optimal-old-noisy/70/driverlog_noisy_p05_hyp-3_70_1.tar.bz2:0.579648971558:0.13929906:0.58
> 0:False:11,22:520,360
> 1:True:10,20:532,359
> 2:False:6,21:264,114
> 3:True:6,16:264,114
> 4:False:5,21:256,104
> 5:False:11,23:560,394
driverlog-optimal-old-noisy/70/driverlog_noisy_p05_hyp-3_70_2.tar.bz2:0.602963924408:0.15721211:0.6
> 0:False:11,25:520,360
> 1:False:10,21:532,359
> 2:False:6,23:264,114
> 3:True:6,15:264,114
> 4:False:5,19:256,104
> 5:False:11,22:560,394
driverlog-optimal-old-noisy/70/driverlog_noisy_p05_hyp-3_70_3.tar.bz2:0.578141927719:0.13731331:0.58
> 0:False:11,19:519,359
> 1:True:10,16:531,358
> 2:False:6,18:263,113
> 3:False:6,15:263,113
> 4:False:5,16:255,103
> 5:False:11,20:559,393
driverlog-optimal-old-noisy/70/driverlog_noisy_p05_hyp-4_70_1.tar.bz2:0.577741861343:0.13709682:0.57
> 0:False:11,20:520,360
> 1:False:10,22:532,359
> 2:False:6,14:264,114
> 3:False:6,19:264,114
> 4:False:5,21:256,104
> 5:True:11,17:560,394
driverlog-optimal-old-noisy/70/driverlog_noisy_p05_hyp-4_70_2.tar.bz2:0.577377080917:0.1376541:0.58
> 0:False:11,16:519,359
> 1:False:10,22:531,358
> 2:False:6,13:263,113
> 3:False:6,21:263,113
> 4:False:5,19:255,103
> 5:True:11,14:559,393
driverlog-optimal-old-noisy/70/driverlog_noisy_p05_hyp-4_70_3.tar.bz2:0.585490942001:0.1460139:0.59
> 0:False:11,20:521,361
> 1:False:10,23:533,360
> 2:False:6,16:265,115
> 3:False:6,19:265,115
> 4:False:5,19:257,105
> 5:True:11,18:561,395
driverlog-optimal-old-noisy/100/driverlog_noisy_p03_hyp-1_full_1.tar.bz2:0.601689815521:0.06190486:0.59
> 0:True:2,11:116,49
> 1:True:10,19:250,178
> 2:False:6,18:204,140
> 3:True:3,12:120,55
> 4:True:8,17:242,177
> 5:False:9,20:214,143
> 6:True:3,12:120,55
> 7:False:7,19:208,135
driverlog-optimal-old-noisy/100/driverlog_noisy_p03_hyp-1_full_2.tar.bz2:0.601766824722:0.06035408:0.6
> 0:True:2,9:115,48
> 1:True:10,17:249,177
> 2:False:6,16:203,139
> 3:True:3,10:119,54
> 4:False:8,16:241,176
> 5:False:9,18:213,142
> 6:True:3,10:119,54
> 7:False:7,17:207,134
driverlog-optimal-old-noisy/100/driverlog_noisy_p03_hyp-1_full_3.tar.bz2:0.596494913101:0.05894668:0.6
> 0:True:2,10:115,48
> 1:True:10,18:249,177
> 2:False:6,18:203,139
> 3:True:3,11:119,54
> 4:False:8,17:241,176
> 5:False:9,20:213,142
> 6:True:3,11:119,54
> 7:False:7,18:207,134
driverlog-optimal-old-noisy/100/driverlog_noisy_p03_hyp-2_full_1.tar.bz2:0.602157115936:0.06295831:0.59
> 0:False:2,26:122,55
> 1:True:10,19:256,184
> 2:False:6,26:210,146
> 3:False:3,25:126,61
> 4:False:8,20:248,183
> 5:False:9,25:220,149
> 6:False:3,25:126,61
> 7:False:7,21:214,141
driverlog-optimal-old-noisy/100/driverlog_noisy_p03_hyp-2_full_2.tar.bz2:0.605175018311:0.0633943:0.6
> 0:False:2,25:122,55
> 1:True:10,19:256,184
> 2:False:6,26:210,146
> 3:False:3,24:126,61
> 4:False:8,20:248,183
> 5:False:9,25:220,149
> 6:False:3,24:126,61
> 7:False:7,21:214,141
driverlog-optimal-old-noisy/100/driverlog_noisy_p03_hyp-2_full_3.tar.bz2:0.605086803436:0.0634656:0.61
> 0:False:2,21:121,54
> 1:True:10,17:255,183
> 2:False:6,23:209,145
> 3:False:3,21:125,60
> 4:False:8,18:247,182
> 5:False:9,22:219,148
> 6:False:3,20:125,60
> 7:False:7,19:213,140
driverlog-optimal-old-noisy/100/driverlog_noisy_p03_hyp-3_full_1.tar.bz2:0.602723121643:0.06294349:0.6
> 0:False:2,19:118,51
> 1:False:10,20:252,180
> 2:False:6,14:206,142
> 3:False:3,20:122,57
> 4:False:8,20:244,179
> 5:True:9,15:216,145
> 6:False:3,20:122,57
> 7:False:7,18:210,137
driverlog-optimal-old-noisy/100/driverlog_noisy_p03_hyp-3_full_2.tar.bz2:0.605226993561:0.06195863:0.62
> 0:False:2,16:117,50
> 1:False:10,18:251,179
> 2:False:6,12:205,141
> 3:False:3,17:121,56
> 4:False:8,18:243,178
> 5:True:9,13:215,144
> 6:False:3,17:121,56
> 7:False:7,15:209,136
driverlog-optimal-old-noisy/100/driverlog_noisy_p03_hyp-3_full_3.tar.bz2:0.604562997818:0.06177999:0.6
> 0:False:2,19:118,51
> 1:False:10,19:252,180
> 2:False:6,13:206,142
> 3:False:3,20:122,57
> 4:False:8,18:244,179
> 5:True:9,14:216,145
> 6:False:3,20:122,57
> 7:False:7,18:210,137
driverlog-optimal-old-noisy/100/driverlog_noisy_p03_hyp-4_full_1.tar.bz2:0.600922107697:0.06095826:0.6
> 0:False:2,11:115,48
> 1:True:10,17:249,177
> 2:False:6,18:203,139
> 3:True:3,10:119,54
> 4:False:8,18:241,176
> 5:False:9,19:213,142
> 6:False:3,11:119,54
> 7:False:7,16:207,134
driverlog-optimal-old-noisy/100/driverlog_noisy_p03_hyp-4_full_2.tar.bz2:0.603217124939:0.06215607:0.61
> 0:False:2,11:116,49
> 1:False:10,18:250,178
> 2:False:6,19:204,140
> 3:True:3,10:120,55
> 4:False:8,19:242,177
> 5:False:9,21:214,143
> 6:False:3,11:120,55
> 7:False:7,17:208,135
driverlog-optimal-old-noisy/100/driverlog_noisy_p03_hyp-4_full_3.tar.bz2:0.598429203033:0.06110063:0.6
> 0:False:2,12:116,49
> 1:True:10,19:250,178
> 2:False:6,18:204,140
> 3:True:3,12:120,55
> 4:False:8,18:242,177
> 5:False:9,19:214,143
> 6:False:3,13:120,55
> 7:False:7,18:208,135
driverlog-optimal-old-noisy/100/driverlog_noisy_p04_hyp-1_full_1.tar.bz2:0.581650018692:0.15057901:0.59
> 0:True:11,16:390,258
> 1:False:10,27:346,228
> 2:False:7,19:246,126
> 3:False:12,27:436,302
> 4:False:11,25:412,287
> 5:False:13,20:426,307
driverlog-optimal-old-noisy/100/driverlog_noisy_p04_hyp-1_full_2.tar.bz2:0.579357862473:0.15085588:0.57
> 0:True:11,17:389,257
> 1:False:10,26:345,227
> 2:False:7,20:245,125
> 3:False:12,26:435,301
> 4:False:11,24:411,286
> 5:False:13,21:425,306
driverlog-optimal-old-noisy/100/driverlog_noisy_p04_hyp-1_full_3.tar.bz2:0.579306840897:0.15051209:0.58
> 0:True:11,18:390,258
> 1:False:10,26:346,228
> 2:False:7,21:246,126
> 3:False:12,26:436,302
> 4:False:11,24:412,287
> 5:False:13,23:426,307
driverlog-optimal-old-noisy/100/driverlog_noisy_p04_hyp-2_full_1.tar.bz2:0.579136133194:0.15084444:0.59
> 0:False:11,25:388,256
> 1:True:10,15:344,226
> 2:False:7,25:244,124
> 3:False:12,20:434,300
> 4:False:11,20:410,285
> 5:False:13,25:424,305
driverlog-optimal-old-noisy/100/driverlog_noisy_p04_hyp-2_full_2.tar.bz2:0.578300952911:0.14920454:0.57
> 0:False:11,22:386,254
> 1:True:10,13:342,224
> 2:False:7,23:242,122
> 3:False:12,16:432,298
> 4:False:11,16:408,283
> 5:False:13,23:422,303
driverlog-optimal-old-noisy/100/driverlog_noisy_p04_hyp-2_full_3.tar.bz2:0.577447891235:0.14883149:0.57
> 0:False:11,22:387,255
> 1:True:10,14:343,225
> 2:False:7,22:243,123
> 3:False:12,17:433,299
> 4:False:11,19:409,284
> 5:False:13,22:423,304
driverlog-optimal-old-noisy/100/driverlog_noisy_p04_hyp-3_full_1.tar.bz2:0.580549955368:0.15132727:0.57
> 0:False:11,19:387,255
> 1:False:10,28:343,225
> 2:False:7,17:243,123
> 3:False:12,25:433,299
> 4:False:11,27:409,284
> 5:True:13,19:423,304
driverlog-optimal-old-noisy/100/driverlog_noisy_p04_hyp-3_full_2.tar.bz2:0.580705881119:0.15140008:0.57
> 0:True:11,19:387,255
> 1:False:10,26:343,225
> 2:True:7,15:243,123
> 3:False:12,25:433,299
> 4:False:11,26:409,284
> 5:True:13,21:423,304
driverlog-optimal-old-noisy/100/driverlog_noisy_p04_hyp-3_full_3.tar.bz2:0.580535888672:0.15107342:0.58
> 0:True:11,15:385,253
> 1:False:10,24:341,223
> 2:False:7,12:241,121
> 3:False:12,23:431,297
> 4:False:11,23:407,282
> 5:False:13,18:421,302
driverlog-optimal-old-noisy/100/driverlog_noisy_p04_hyp-4_full_1.tar.bz2:0.580667972565:0.15056146:0.57
> 0:False:11,24:389,257
> 1:False:10,20:345,227
> 2:False:7,25:245,125
> 3:False:12,20:435,301
> 4:True:11,16:411,286
> 5:False:13,26:425,306
driverlog-optimal-old-noisy/100/driverlog_noisy_p04_hyp-4_full_2.tar.bz2:0.578273057938:0.14876682:0.58
> 0:False:11,25:391,259
> 1:False:10,21:347,229
> 2:False:7,26:247,127
> 3:False:12,23:437,303
> 4:True:11,17:413,288
> 5:False:13,28:427,308
driverlog-optimal-old-noisy/100/driverlog_noisy_p04_hyp-4_full_3.tar.bz2:0.579308986664:0.15059096:0.58
> 0:False:11,25:390,258
> 1:False:10,22:346,228
> 2:False:7,26:246,126
> 3:False:12,22:436,302
> 4:True:11,18:412,287
> 5:False:13,27:426,307
driverlog-optimal-old-noisy/100/driverlog_noisy_p05_hyp-1_full_1.tar.bz2:0.586178779602:0.14370291:0.59
> 0:True:11,20:526,366
> 1:False:10,28:538,365
> 2:False:6,22:270,120
> 3:False:6,29:270,120
> 4:False:5,24:262,110
> 5:False:11,24:566,400
driverlog-optimal-old-noisy/100/driverlog_noisy_p05_hyp-1_full_2.tar.bz2:0.578149080276:0.13747768:0.57
> 0:True:11,17:525,365
> 1:False:10,25:537,364
> 2:False:6,19:269,119
> 3:False:6,27:269,119
> 4:False:5,22:261,109
> 5:False:11,20:565,399
driverlog-optimal-old-noisy/100/driverlog_noisy_p05_hyp-1_full_3.tar.bz2:0.58004117012:0.13852315:0.57
> 0:True:11,18:525,365
> 1:False:10,26:537,364
> 2:False:6,20:269,119
> 3:False:6,26:269,119
> 4:False:5,22:261,109
> 5:False:11,20:565,399
driverlog-optimal-old-noisy/100/driverlog_noisy_p05_hyp-2_full_1.tar.bz2:0.583534955978:0.13925343:0.58
> 0:True:11,18:524,364
> 1:False:10,26:536,363
> 2:False:6,16:268,118
> 3:False:6,24:268,118
> 4:False:5,22:260,108
> 5:True:11,18:564,398
driverlog-optimal-old-noisy/100/driverlog_noisy_p05_hyp-2_full_2.tar.bz2:0.580682992935:0.14016071:0.58
> 0:True:11,21:525,365
> 1:False:10,27:537,364
> 2:False:6,18:269,119
> 3:False:6,28:269,119
> 4:False:5,24:261,109
> 5:True:11,21:565,399
driverlog-optimal-old-noisy/100/driverlog_noisy_p05_hyp-2_full_3.tar.bz2:0.583582878113:0.13839066:0.58
> 0:True:11,17:523,363
> 1:False:10,25:535,362
> 2:False:6,15:267,117
> 3:False:6,24:267,117
> 4:False:5,21:259,107
> 5:True:11,17:563,397
driverlog-optimal-old-noisy/100/driverlog_noisy_p05_hyp-3_full_1.tar.bz2:0.578798055649:0.13875542:0.58
> 0:False:11,25:523,363
> 1:True:10,18:535,362
> 2:False:6,24:267,117
> 3:False:6,16:267,117
> 4:False:5,20:259,107
> 5:False:11,24:563,397
driverlog-optimal-old-noisy/100/driverlog_noisy_p05_hyp-3_full_2.tar.bz2:0.578277111053:0.13805709:0.58
> 0:False:11,24:523,363
> 1:True:10,19:535,362
> 2:False:6,22:267,117
> 3:False:6,16:267,117
> 4:False:5,21:259,107
> 5:False:11,24:563,397
driverlog-optimal-old-noisy/100/driverlog_noisy_p05_hyp-3_full_3.tar.bz2:0.579622983932:0.13883605:0.58
> 0:False:11,27:524,364
> 1:True:10,21:536,363
> 2:False:6,25:268,118
> 3:True:6,17:268,118
> 4:False:5,23:260,108
> 5:False:11,26:564,398
driverlog-optimal-old-noisy/100/driverlog_noisy_p05_hyp-4_full_1.tar.bz2:0.577497005463:0.13873959:0.58
> 0:False:11,21:524,364
> 1:False:10,27:536,363
> 2:False:6,18:268,118
> 3:False:6,24:268,118
> 4:False:5,24:260,108
> 5:True:11,17:564,398
driverlog-optimal-old-noisy/100/driverlog_noisy_p05_hyp-4_full_2.tar.bz2:0.58279299736:0.14096093:0.58
> 0:False:11,21:524,364
> 1:False:10,26:536,363
> 2:False:6,18:268,118
> 3:False:6,24:268,118
> 4:False:5,23:260,108
> 5:True:11,17:564,398
driverlog-optimal-old-noisy/100/driverlog_noisy_p05_hyp-4_full_3.tar.bz2:0.580101966858:0.13895832:0.58
> 0:False:11,21:525,365
> 1:False:10,27:537,364
> 2:False:6,19:269,119
> 3:False:6,25:269,119
> 4:False:5,25:261,109
> 5:True:11,19:565,399
