driverlog-optimal-old-noisy/10/driverlog_noisy_p03_hyp-1_10_1.tar.bz2:0.863499879837:0.2842038:0.87
> 0:True:6,7:3954,812
> 1:False:9,11:3954,812
> 2:False:6,8:3954,812
> 3:True:6,7:3954,812
> 4:False:9,11:3954,812
> 5:False:6,9:3954,812
> 6:True:6,7:3954,812
> 7:False:7,9:3954,812
driverlog-optimal-old-noisy/10/driverlog_noisy_p03_hyp-1_10_2.tar.bz2:0.83921790123:0.2555318:0.84
> 0:False:6,7:3954,812
> 1:True:9,9:3954,812
> 2:False:6,8:3954,812
> 3:False:6,7:3954,812
> 4:True:9,9:3954,812
> 5:False:6,8:3954,812
> 6:False:6,7:3954,812
> 7:False:7,9:3954,812
driverlog-optimal-old-noisy/10/driverlog_noisy_p03_hyp-1_10_3.tar.bz2:0.855108976364:0.2726262:0.86
> 0:True:6,7:3953,811
> 1:False:9,12:3953,811
> 2:False:6,9:3953,811
> 3:True:6,7:3953,811
> 4:False:9,12:3953,811
> 5:False:6,9:3953,811
> 6:False:6,8:3953,811
> 7:False:7,9:3953,811
driverlog-optimal-old-noisy/10/driverlog_noisy_p03_hyp-2_10_1.tar.bz2:0.832121133804:0.2521392:0.83
> 0:False:6,8:3955,813
> 1:True:9,10:3955,813
> 2:True:6,7:3955,813
> 3:False:6,8:3955,813
> 4:True:9,10:3955,813
> 5:False:6,8:3955,813
> 6:False:6,9:3955,813
> 7:True:7,8:3955,813
driverlog-optimal-old-noisy/10/driverlog_noisy_p03_hyp-2_10_2.tar.bz2:0.864791154861:0.2819047:0.87
> 0:True:6,8:3954,812
> 1:False:9,12:3954,812
> 2:False:6,10:3954,812
> 3:True:6,8:3954,812
> 4:False:9,12:3954,812
> 5:False:6,10:3954,812
> 6:True:6,8:3954,812
> 7:False:7,11:3954,812
driverlog-optimal-old-noisy/10/driverlog_noisy_p03_hyp-2_10_3.tar.bz2:0.826427936554:0.2445469:0.83
> 0:True:6,8:3954,812
> 1:False:9,13:3954,812
> 2:False:6,10:3954,812
> 3:True:6,8:3954,812
> 4:False:9,13:3954,812
> 5:False:6,10:3954,812
> 6:False:6,9:3954,812
> 7:False:7,10:3954,812
driverlog-optimal-old-noisy/10/driverlog_noisy_p03_hyp-3_10_1.tar.bz2:0.819756984711:0.2381998:0.82
> 0:True:6,6:3954,812
> 1:False:9,10:3954,812
> 2:True:6,6:3954,812
> 3:True:6,6:3954,812
> 4:False:9,10:3954,812
> 5:True:6,6:3954,812
> 6:True:6,6:3954,812
> 7:False:7,8:3954,812
driverlog-optimal-old-noisy/10/driverlog_noisy_p03_hyp-3_10_2.tar.bz2:0.829757928848:0.2485384:0.82
> 0:False:6,7:3954,812
> 1:True:9,9:3954,812
> 2:False:6,7:3954,812
> 3:False:6,7:3954,812
> 4:True:9,9:3954,812
> 5:False:6,7:3954,812
> 6:False:6,7:3954,812
> 7:True:7,7:3954,812
driverlog-optimal-old-noisy/10/driverlog_noisy_p03_hyp-3_10_3.tar.bz2:0.808271884918:0.2265625:0.8
> 0:True:6,6:3954,812
> 1:True:9,9:3954,812
> 2:True:6,6:3954,812
> 3:True:6,6:3954,812
> 4:True:9,9:3954,812
> 5:True:6,6:3954,812
> 6:True:6,6:3954,812
> 7:True:7,7:3954,812
driverlog-optimal-old-noisy/10/driverlog_noisy_p03_hyp-4_10_1.tar.bz2:0.838964939117:0.2546489:0.84
> 0:True:6,6:3954,812
> 1:False:9,10:3954,812
> 2:False:6,8:3954,812
> 3:True:6,6:3954,812
> 4:False:9,10:3954,812
> 5:False:6,8:3954,812
> 6:True:6,6:3954,812
> 7:False:7,8:3954,812
driverlog-optimal-old-noisy/10/driverlog_noisy_p03_hyp-4_10_2.tar.bz2:0.836166858673:0.2555543:0.84
> 0:True:6,6:3954,812
> 1:False:9,10:3954,812
> 2:False:6,7:3954,812
> 3:True:6,6:3954,812
> 4:True:9,9:3954,812
> 5:False:6,8:3954,812
> 6:True:6,6:3954,812
> 7:False:7,8:3954,812
driverlog-optimal-old-noisy/10/driverlog_noisy_p03_hyp-4_10_3.tar.bz2:0.80751490593:0.2259866:0.82
> 0:True:6,6:3953,811
> 1:False:9,10:3953,811
> 2:False:6,8:3953,811
> 3:True:6,6:3953,811
> 4:False:9,10:3953,811
> 5:False:6,8:3953,811
> 6:True:6,6:3953,811
> 7:False:7,8:3953,811
driverlog-optimal-old-noisy/10/driverlog_noisy_p04_hyp-1_10_1.tar.bz2:0.81299495697:0.322884:0.81
> 0:True:11,11:8901,1286
> 1:False:9,11:8901,1286
> 2:True:9,9:8901,1286
> 3:False:10,12:8901,1286
> 4:True:11,11:8901,1286
> 5:True:13,13:8901,1286
driverlog-optimal-old-noisy/10/driverlog_noisy_p04_hyp-1_10_2.tar.bz2:0.808215141296:0.3195352:0.8
> 0:True:11,11:8900,1285
> 1:False:9,13:8900,1285
> 2:True:9,9:8900,1285
> 3:False:10,14:8900,1285
> 4:False:11,13:8900,1285
> 5:True:13,13:8900,1285
driverlog-optimal-old-noisy/10/driverlog_noisy_p04_hyp-1_10_3.tar.bz2:0.791563034058:0.3015154:0.79
> 0:True:11,11:8901,1286
> 1:False:9,11:8901,1286
> 2:True:9,9:8901,1286
> 3:False:10,12:8901,1286
> 4:False:11,12:8901,1286
> 5:True:13,13:8901,1286
driverlog-optimal-old-noisy/10/driverlog_noisy_p04_hyp-2_10_1.tar.bz2:0.802456855774:0.3127622:0.8
> 0:False:11,13:8901,1286
> 1:True:9,9:8901,1286
> 2:False:9,11:8901,1286
> 3:True:10,10:8901,1286
> 4:True:11,11:8901,1286
> 5:True:13,13:8901,1286
driverlog-optimal-old-noisy/10/driverlog_noisy_p04_hyp-2_10_2.tar.bz2:0.780900001526:0.291835:0.78
> 0:False:11,14:8900,1285
> 1:True:9,10:8900,1285
> 2:False:9,12:8900,1285
> 3:True:10,11:8900,1285
> 4:True:11,12:8900,1285
> 5:True:13,14:8900,1285
driverlog-optimal-old-noisy/10/driverlog_noisy_p04_hyp-2_10_3.tar.bz2:0.781774997711:0.2914196:0.79
> 0:False:11,12:8901,1286
> 1:True:9,9:8901,1286
> 2:False:9,10:8901,1286
> 3:False:10,11:8901,1286
> 4:False:11,12:8901,1286
> 5:True:13,13:8901,1286
driverlog-optimal-old-noisy/10/driverlog_noisy_p04_hyp-3_10_1.tar.bz2:0.754817962646:0.2654827:0.75
> 0:True:11,11:8900,1285
> 1:False:9,11:8900,1285
> 2:True:9,9:8900,1285
> 3:False:10,12:8900,1285
> 4:True:11,11:8900,1285
> 5:True:13,13:8900,1285
driverlog-optimal-old-noisy/10/driverlog_noisy_p04_hyp-3_10_2.tar.bz2:0.808586120605:0.3190591:0.81
> 0:True:11,11:8901,1286
> 1:False:9,12:8901,1286
> 2:True:9,9:8901,1286
> 3:False:10,12:8901,1286
> 4:False:11,12:8901,1286
> 5:True:13,13:8901,1286
driverlog-optimal-old-noisy/10/driverlog_noisy_p04_hyp-3_10_3.tar.bz2:0.796705961227:0.308281:0.79
> 0:True:11,11:8901,1286
> 1:False:9,12:8901,1286
> 2:True:9,9:8901,1286
> 3:False:10,13:8901,1286
> 4:False:11,12:8901,1286
> 5:True:13,13:8901,1286
driverlog-optimal-old-noisy/10/driverlog_noisy_p04_hyp-4_10_1.tar.bz2:0.79864692688:0.3062171:0.8
> 0:False:11,14:8900,1285
> 1:False:9,12:8900,1285
> 2:False:9,13:8900,1285
> 3:False:10,14:8900,1285
> 4:True:11,11:8900,1285
> 5:False:13,16:8900,1285
driverlog-optimal-old-noisy/10/driverlog_noisy_p04_hyp-4_10_2.tar.bz2:0.817735910416:0.3272981:0.81
> 0:False:11,12:8900,1285
> 1:False:9,11:8900,1285
> 2:False:9,10:8900,1285
> 3:False:10,12:8900,1285
> 4:True:11,11:8900,1285
> 5:False:13,14:8900,1285
driverlog-optimal-old-noisy/10/driverlog_noisy_p04_hyp-4_10_3.tar.bz2:0.805022001266:0.3145953:0.82
> 0:False:11,13:8901,1286
> 1:False:9,11:8901,1286
> 2:False:9,12:8901,1286
> 3:False:10,14:8901,1286
> 4:True:11,12:8901,1286
> 5:False:13,15:8901,1286
driverlog-optimal-old-noisy/10/driverlog_noisy_p05_hyp-1_10_1.tar.bz2:1.34035611153:0.8135593:1.34
> 0:False:12,13:12007,1651
> 1:False:9,14:12007,1651
> 2:True:11,11:12007,1651
> 3:False:11,13:12007,1651
> 4:False:8,11:12007,1651
> 5:False:12,13:12007,1651
driverlog-optimal-old-noisy/10/driverlog_noisy_p05_hyp-1_10_2.tar.bz2:1.19396615028:0.6667694:1.19
> 0:True:12,12:12007,1651
> 1:False:9,11:12007,1651
> 2:True:11,11:12007,1651
> 3:False:11,13:12007,1651
> 4:False:8,11:12007,1651
> 5:False:12,13:12007,1651
driverlog-optimal-old-noisy/10/driverlog_noisy_p05_hyp-1_10_3.tar.bz2:1.24286103249:0.7182957:1.24
> 0:True:12,13:12007,1651
> 1:False:9,14:12007,1651
> 2:True:11,12:12007,1651
> 3:False:11,13:12007,1651
> 4:False:8,13:12007,1651
> 5:False:12,14:12007,1651
driverlog-optimal-old-noisy/10/driverlog_noisy_p05_hyp-2_10_1.tar.bz2:1.20578098297:0.6803363:1.21
> 0:False:12,13:12007,1651
> 1:False:9,10:12007,1651
> 2:True:11,11:12007,1651
> 3:False:11,12:12007,1651
> 4:False:8,9:12007,1651
> 5:False:12,13:12007,1651
driverlog-optimal-old-noisy/10/driverlog_noisy_p05_hyp-2_10_2.tar.bz2:1.31336283684:0.7823819:1.31
> 0:False:12,15:12006,1650
> 1:False:9,16:12006,1650
> 2:True:11,13:12006,1650
> 3:False:11,15:12006,1650
> 4:False:8,14:12006,1650
> 5:True:12,14:12006,1650
driverlog-optimal-old-noisy/10/driverlog_noisy_p05_hyp-2_10_3.tar.bz2:1.33248591423:0.816146:1.33
> 0:False:12,13:12007,1651
> 1:False:9,13:12007,1651
> 2:True:11,11:12007,1651
> 3:False:11,12:12007,1651
> 4:False:8,13:12007,1651
> 5:False:12,13:12007,1651
driverlog-optimal-old-noisy/10/driverlog_noisy_p05_hyp-3_10_1.tar.bz2:1.10913705826:0.5914417:1.11
> 0:False:12,14:12007,1651
> 1:False:9,11:12007,1651
> 2:False:11,12:12007,1651
> 3:True:11,11:12007,1651
> 4:False:8,9:12007,1651
> 5:False:12,13:12007,1651
driverlog-optimal-old-noisy/10/driverlog_noisy_p05_hyp-3_10_2.tar.bz2:1.18218612671:0.6614381:1.19
> 0:False:12,15:12007,1651
> 1:False:9,11:12007,1651
> 2:False:11,13:12007,1651
> 3:True:11,12:12007,1651
> 4:False:8,10:12007,1651
> 5:False:12,14:12007,1651
driverlog-optimal-old-noisy/10/driverlog_noisy_p05_hyp-3_10_3.tar.bz2:1.06768608093:0.5463508:1.07
> 0:False:12,13:12006,1650
> 1:False:9,12:12006,1650
> 2:True:11,11:12006,1650
> 3:True:11,11:12006,1650
> 4:False:8,10:12006,1650
> 5:True:12,12:12006,1650
driverlog-optimal-old-noisy/10/driverlog_noisy_p05_hyp-4_10_1.tar.bz2:1.24952602386:0.7335638:1.26
> 0:False:12,14:12007,1651
> 1:False:9,14:12007,1651
> 2:True:11,12:12007,1651
> 3:True:11,12:12007,1651
> 4:False:8,12:12007,1651
> 5:True:12,13:12007,1651
driverlog-optimal-old-noisy/10/driverlog_noisy_p05_hyp-4_10_2.tar.bz2:1.31073284149:0.7970395:1.31
> 0:True:12,12:12007,1651
> 1:False:9,13:12007,1651
> 2:True:11,11:12007,1651
> 3:False:11,14:12007,1651
> 4:False:8,12:12007,1651
> 5:True:12,12:12007,1651
driverlog-optimal-old-noisy/10/driverlog_noisy_p05_hyp-4_10_3.tar.bz2:1.2789080143:0.7616736:1.27
> 0:False:12,14:12007,1651
> 1:False:9,12:12007,1651
> 2:True:11,12:12007,1651
> 3:False:11,13:12007,1651
> 4:False:8,11:12007,1651
> 5:True:12,13:12007,1651
driverlog-optimal-old-noisy/30/driverlog_noisy_p03_hyp-1_30_1.tar.bz2:0.826987028122:0.255834:0.82
> 0:True:6,8:3956,814
> 1:True:9,11:3956,814
> 2:True:6,8:3956,814
> 3:False:6,9:3956,814
> 4:True:9,11:3956,814
> 5:True:6,8:3956,814
> 6:False:6,9:3956,814
> 7:True:7,9:3956,814
driverlog-optimal-old-noisy/30/driverlog_noisy_p03_hyp-1_30_2.tar.bz2:0.836874008179:0.2644271:0.85
> 0:True:6,7:3956,814
> 1:False:9,13:3956,814
> 2:False:6,10:3956,814
> 3:False:6,8:3956,814
> 4:False:9,12:3956,814
> 5:False:6,10:3956,814
> 6:False:6,8:3956,814
> 7:False:7,11:3956,814
driverlog-optimal-old-noisy/30/driverlog_noisy_p03_hyp-1_30_3.tar.bz2:0.870126008987:0.2950919:0.87
> 0:True:6,7:3956,814
> 1:False:9,14:3956,814
> 2:False:6,11:3956,814
> 3:False:6,9:3956,814
> 4:False:9,12:3956,814
> 5:False:6,12:3956,814
> 6:False:6,9:3956,814
> 7:False:7,12:3956,814
driverlog-optimal-old-noisy/30/driverlog_noisy_p03_hyp-2_30_1.tar.bz2:0.807344913483:0.2365833:0.8
> 0:False:6,10:3956,814
> 1:True:9,11:3956,814
> 2:False:6,11:3956,814
> 3:False:6,10:3956,814
> 4:True:9,11:3956,814
> 5:False:6,11:3956,814
> 6:False:6,10:3956,814
> 7:False:7,10:3956,814
driverlog-optimal-old-noisy/30/driverlog_noisy_p03_hyp-2_30_2.tar.bz2:0.781940937042:0.2073205:0.78
> 0:False:6,10:3956,814
> 1:True:9,12:3956,814
> 2:False:6,11:3956,814
> 3:False:6,10:3956,814
> 4:True:9,12:3956,814
> 5:False:6,11:3956,814
> 6:False:6,10:3956,814
> 7:True:7,10:3956,814
driverlog-optimal-old-noisy/30/driverlog_noisy_p03_hyp-2_30_3.tar.bz2:0.835383892059:0.2621973:0.83
> 0:True:6,10:3957,815
> 1:True:9,13:3957,815
> 2:False:6,12:3957,815
> 3:True:6,10:3957,815
> 4:True:9,13:3957,815
> 5:False:6,12:3957,815
> 6:True:6,10:3957,815
> 7:False:7,13:3957,815
driverlog-optimal-old-noisy/30/driverlog_noisy_p03_hyp-3_30_1.tar.bz2:0.791121959686:0.2154619:0.79
> 0:False:6,8:3956,814
> 1:True:9,10:3956,814
> 2:True:6,7:3956,814
> 3:False:6,8:3956,814
> 4:True:9,10:3956,814
> 5:True:6,7:3956,814
> 6:False:6,8:3956,814
> 7:True:7,8:3956,814
driverlog-optimal-old-noisy/30/driverlog_noisy_p03_hyp-3_30_2.tar.bz2:0.811579227448:0.236691:0.81
> 0:False:6,9:3956,814
> 1:False:9,12:3956,814
> 2:True:6,7:3956,814
> 3:False:6,9:3956,814
> 4:False:9,12:3956,814
> 5:True:6,7:3956,814
> 6:False:6,9:3956,814
> 7:False:7,10:3956,814
driverlog-optimal-old-noisy/30/driverlog_noisy_p03_hyp-3_30_3.tar.bz2:0.828276157379:0.2529556:0.83
> 0:False:6,10:3956,814
> 1:False:9,12:3956,814
> 2:True:6,8:3956,814
> 3:False:6,10:3956,814
> 4:False:9,12:3956,814
> 5:True:6,8:3956,814
> 6:False:6,10:3956,814
> 7:False:7,10:3956,814
driverlog-optimal-old-noisy/30/driverlog_noisy_p03_hyp-4_30_1.tar.bz2:0.828224182129:0.2548414:0.82
> 0:True:6,6:3956,814
> 1:False:9,11:3956,814
> 2:False:6,10:3956,814
> 3:True:6,6:3956,814
> 4:False:9,11:3956,814
> 5:False:6,10:3956,814
> 6:True:6,6:3956,814
> 7:False:7,10:3956,814
driverlog-optimal-old-noisy/30/driverlog_noisy_p03_hyp-4_30_2.tar.bz2:0.854630947113:0.279851:0.86
> 0:True:6,8:3956,814
> 1:False:9,13:3956,814
> 2:False:6,11:3956,814
> 3:True:6,8:3956,814
> 4:False:9,13:3956,814
> 5:False:6,11:3956,814
> 6:False:6,9:3956,814
> 7:False:7,11:3956,814
driverlog-optimal-old-noisy/30/driverlog_noisy_p03_hyp-4_30_3.tar.bz2:0.808537960052:0.2339974:0.81
> 0:True:6,8:3955,813
> 1:False:9,12:3955,813
> 2:False:6,10:3955,813
> 3:True:6,8:3955,813
> 4:False:9,12:3955,813
> 5:False:6,10:3955,813
> 6:True:6,8:3955,813
> 7:False:7,10:3955,813
driverlog-optimal-old-noisy/30/driverlog_noisy_p04_hyp-1_30_1.tar.bz2:0.781407117844:0.2950337:0.78
> 0:True:11,12:8903,1288
> 1:False:9,13:8903,1288
> 2:False:9,12:8903,1288
> 3:False:10,15:8903,1288
> 4:True:11,12:8903,1288
> 5:False:13,16:8903,1288
driverlog-optimal-old-noisy/30/driverlog_noisy_p04_hyp-1_30_2.tar.bz2:0.800493955612:0.3139558:0.8
> 0:True:11,11:8902,1287
> 1:False:9,15:8902,1287
> 2:False:9,11:8902,1287
> 3:False:10,15:8902,1287
> 4:False:11,13:8902,1287
> 5:False:13,15:8902,1287
driverlog-optimal-old-noisy/30/driverlog_noisy_p04_hyp-1_30_3.tar.bz2:0.806407928467:0.3162104:0.81
> 0:True:11,11:8902,1287
> 1:False:9,14:8902,1287
> 2:False:9,11:8902,1287
> 3:False:10,15:8902,1287
> 4:False:11,12:8902,1287
> 5:False:13,15:8902,1287
driverlog-optimal-old-noisy/30/driverlog_noisy_p04_hyp-2_30_1.tar.bz2:0.749330997467:0.2635691:0.75
> 0:False:11,16:8902,1287
> 1:True:9,9:8902,1287
> 2:False:9,15:8902,1287
> 3:False:10,12:8902,1287
> 4:False:11,13:8902,1287
> 5:False:13,17:8902,1287
driverlog-optimal-old-noisy/30/driverlog_noisy_p04_hyp-2_30_2.tar.bz2:0.744263887405:0.257736:0.75
> 0:False:11,15:8902,1287
> 1:True:9,9:8902,1287
> 2:False:9,14:8902,1287
> 3:False:10,12:8902,1287
> 4:False:11,13:8902,1287
> 5:False:13,16:8902,1287
driverlog-optimal-old-noisy/30/driverlog_noisy_p04_hyp-2_30_3.tar.bz2:0.746094942093:0.257148:0.75
> 0:False:11,14:8902,1287
> 1:True:9,9:8902,1287
> 2:False:9,13:8902,1287
> 3:False:10,12:8902,1287
> 4:False:11,13:8902,1287
> 5:False:13,15:8902,1287
driverlog-optimal-old-noisy/30/driverlog_noisy_p04_hyp-3_30_1.tar.bz2:0.746785879135:0.2611159:0.75
> 0:True:11,12:8903,1288
> 1:False:9,12:8903,1288
> 2:True:9,10:8903,1288
> 3:False:10,13:8903,1288
> 4:True:11,12:8903,1288
> 5:True:13,14:8903,1288
driverlog-optimal-old-noisy/30/driverlog_noisy_p04_hyp-3_30_2.tar.bz2:0.779005050659:0.2918531:0.77
> 0:True:11,12:8903,1288
> 1:False:9,14:8903,1288
> 2:True:9,10:8903,1288
> 3:False:10,15:8903,1288
> 4:False:11,14:8903,1288
> 5:True:13,14:8903,1288
driverlog-optimal-old-noisy/30/driverlog_noisy_p04_hyp-3_30_3.tar.bz2:0.791080951691:0.3033535:0.8
> 0:True:11,12:8903,1288
> 1:False:9,13:8903,1288
> 2:True:9,10:8903,1288
> 3:False:10,14:8903,1288
> 4:False:11,13:8903,1288
> 5:True:13,14:8903,1288
driverlog-optimal-old-noisy/30/driverlog_noisy_p04_hyp-4_30_1.tar.bz2:0.781219959259:0.2939086:0.79
> 0:False:11,13:8903,1288
> 1:False:9,11:8903,1288
> 2:False:9,11:8903,1288
> 3:False:10,12:8903,1288
> 4:True:11,11:8903,1288
> 5:False:13,15:8903,1288
driverlog-optimal-old-noisy/30/driverlog_noisy_p04_hyp-4_30_2.tar.bz2:0.769863128662:0.2824076:0.77
> 0:False:11,12:8904,1289
> 1:False:9,12:8904,1289
> 2:False:9,10:8904,1289
> 3:False:10,13:8904,1289
> 4:True:11,11:8904,1289
> 5:False:13,14:8904,1289
driverlog-optimal-old-noisy/30/driverlog_noisy_p04_hyp-4_30_3.tar.bz2:0.759893894196:0.2715025:0.76
> 0:True:11,11:8904,1289
> 1:False:9,11:8904,1289
> 2:True:9,9:8904,1289
> 3:False:10,12:8904,1289
> 4:True:11,11:8904,1289
> 5:True:13,13:8904,1289
driverlog-optimal-old-noisy/30/driverlog_noisy_p05_hyp-1_30_1.tar.bz2:1.19083690643:0.673344:1.2
> 0:True:12,13:12010,1654
> 1:False:9,15:12010,1654
> 2:True:11,12:12010,1654
> 3:False:11,15:12010,1654
> 4:False:8,13:12010,1654
> 5:False:12,14:12010,1654
driverlog-optimal-old-noisy/30/driverlog_noisy_p05_hyp-1_30_2.tar.bz2:1.13575100899:0.6149949:1.14
> 0:True:12,12:12010,1654
> 1:False:9,12:12010,1654
> 2:False:11,12:12010,1654
> 3:False:11,14:12010,1654
> 4:False:8,12:12010,1654
> 5:False:12,14:12010,1654
driverlog-optimal-old-noisy/30/driverlog_noisy_p05_hyp-1_30_3.tar.bz2:1.31417703629:0.7947654:1.31
> 0:True:12,13:12010,1654
> 1:False:9,15:12010,1654
> 2:True:11,12:12010,1654
> 3:False:11,15:12010,1654
> 4:False:8,13:12010,1654
> 5:False:12,14:12010,1654
driverlog-optimal-old-noisy/30/driverlog_noisy_p05_hyp-2_30_1.tar.bz2:1.11238598824:0.5925894:1.13
> 0:False:12,14:12010,1654
> 1:False:9,15:12010,1654
> 2:True:11,12:12010,1654
> 3:False:11,14:12010,1654
> 4:False:8,13:12010,1654
> 5:True:12,13:12010,1654
driverlog-optimal-old-noisy/30/driverlog_noisy_p05_hyp-2_30_2.tar.bz2:1.0934112072:0.5744291:1.08
> 0:False:12,13:12010,1654
> 1:False:9,14:12010,1654
> 2:True:11,11:12010,1654
> 3:False:11,14:12010,1654
> 4:False:8,11:12010,1654
> 5:False:12,13:12010,1654
driverlog-optimal-old-noisy/30/driverlog_noisy_p05_hyp-2_30_3.tar.bz2:1.11020684242:0.594319:1.11
> 0:False:12,14:12010,1654
> 1:False:9,13:12010,1654
> 2:True:11,12:12010,1654
> 3:False:11,13:12010,1654
> 4:False:8,11:12010,1654
> 5:False:12,14:12010,1654
driverlog-optimal-old-noisy/30/driverlog_noisy_p05_hyp-3_30_1.tar.bz2:1.15950608253:0.6393326:1.16
> 0:False:12,15:12009,1653
> 1:False:9,10:12009,1653
> 2:False:11,14:12009,1653
> 3:True:11,11:12009,1653
> 4:False:8,9:12009,1653
> 5:False:12,16:12009,1653
driverlog-optimal-old-noisy/30/driverlog_noisy_p05_hyp-3_30_2.tar.bz2:1.09751296043:0.5799683:1.1
> 0:False:12,16:12009,1653
> 1:False:9,11:12009,1653
> 2:False:11,14:12009,1653
> 3:True:11,11:12009,1653
> 4:False:8,9:12009,1653
> 5:False:12,15:12009,1653
driverlog-optimal-old-noisy/30/driverlog_noisy_p05_hyp-3_30_3.tar.bz2:1.15842700005:0.6374387:1.16
> 0:False:12,15:12010,1654
> 1:False:9,10:12010,1654
> 2:False:11,14:12010,1654
> 3:True:11,11:12010,1654
> 4:False:8,9:12010,1654
> 5:False:12,16:12010,1654
driverlog-optimal-old-noisy/30/driverlog_noisy_p05_hyp-4_30_1.tar.bz2:1.27907013893:0.763339:1.27
> 0:False:12,14:12009,1653
> 1:False:9,16:12009,1653
> 2:True:11,12:12009,1653
> 3:False:11,16:12009,1653
> 4:False:8,13:12009,1653
> 5:True:12,13:12009,1653
driverlog-optimal-old-noisy/30/driverlog_noisy_p05_hyp-4_30_2.tar.bz2:1.11934304237:0.5992925:1.12
> 0:False:12,14:12009,1653
> 1:False:9,16:12009,1653
> 2:True:11,12:12009,1653
> 3:False:11,16:12009,1653
> 4:False:8,13:12009,1653
> 5:True:12,13:12009,1653
driverlog-optimal-old-noisy/30/driverlog_noisy_p05_hyp-4_30_3.tar.bz2:1.18768405914:0.6683033:1.19
> 0:False:12,13:12009,1653
> 1:False:9,14:12009,1653
> 2:True:11,11:12009,1653
> 3:False:11,14:12009,1653
> 4:False:8,12:12009,1653
> 5:False:12,13:12009,1653
driverlog-optimal-old-noisy/50/driverlog_noisy_p03_hyp-1_50_1.tar.bz2:0.857889175415:0.2846444:0.85
> 0:True:6,7:3957,815
> 1:False:9,14:3957,815
> 2:False:6,11:3957,815
> 3:False:6,8:3957,815
> 4:False:9,12:3957,815
> 5:False:6,12:3957,815
> 6:False:6,8:3957,815
> 7:False:7,12:3957,815
driverlog-optimal-old-noisy/50/driverlog_noisy_p03_hyp-1_50_2.tar.bz2:0.816177845001:0.2418315:0.82
> 0:True:6,7:3957,815
> 1:False:9,15:3957,815
> 2:False:6,11:3957,815
> 3:False:6,9:3957,815
> 4:False:9,13:3957,815
> 5:False:6,12:3957,815
> 6:False:6,9:3957,815
> 7:False:7,12:3957,815
driverlog-optimal-old-noisy/50/driverlog_noisy_p03_hyp-1_50_3.tar.bz2:0.858608007431:0.2853179:0.86
> 0:True:6,8:3957,815
> 1:False:9,14:3957,815
> 2:False:6,11:3957,815
> 3:False:6,10:3957,815
> 4:False:9,13:3957,815
> 5:False:6,11:3957,815
> 6:False:6,10:3957,815
> 7:False:7,12:3957,815
driverlog-optimal-old-noisy/50/driverlog_noisy_p03_hyp-2_50_1.tar.bz2:0.753463983536:0.1799731:0.75
> 0:False:6,12:3960,818
> 1:True:9,13:3960,818
> 2:False:6,14:3960,818
> 3:False:6,12:3960,818
> 4:True:9,13:3960,818
> 5:False:6,14:3960,818
> 6:False:6,12:3960,818
> 7:False:7,13:3960,818
driverlog-optimal-old-noisy/50/driverlog_noisy_p03_hyp-2_50_2.tar.bz2:0.823289871216:0.247492:0.83
> 0:False:6,12:3961,819
> 1:True:9,12:3961,819
> 2:False:6,13:3961,819
> 3:False:6,12:3961,819
> 4:True:9,12:3961,819
> 5:False:6,13:3961,819
> 6:False:6,12:3961,819
> 7:True:7,10:3961,819
driverlog-optimal-old-noisy/50/driverlog_noisy_p03_hyp-2_50_3.tar.bz2:0.812264919281:0.2357683:0.81
> 0:False:6,11:3961,819
> 1:True:9,13:3961,819
> 2:False:6,12:3961,819
> 3:False:6,11:3961,819
> 4:True:9,13:3961,819
> 5:False:6,12:3961,819
> 6:False:6,11:3961,819
> 7:True:7,11:3961,819
driverlog-optimal-old-noisy/50/driverlog_noisy_p03_hyp-3_50_1.tar.bz2:0.787811040878:0.213879:0.79
> 0:False:6,10:3958,816
> 1:False:9,12:3958,816
> 2:True:6,7:3958,816
> 3:False:6,10:3958,816
> 4:False:9,12:3958,816
> 5:True:6,7:3958,816
> 6:False:6,10:3958,816
> 7:False:7,10:3958,816
driverlog-optimal-old-noisy/50/driverlog_noisy_p03_hyp-3_50_2.tar.bz2:0.78119301796:0.2067715:0.77
> 0:False:6,9:3958,816
> 1:True:9,11:3958,816
> 2:True:6,8:3958,816
> 3:False:6,9:3958,816
> 4:True:9,11:3958,816
> 5:True:6,8:3958,816
> 6:False:6,9:3958,816
> 7:True:7,9:3958,816
driverlog-optimal-old-noisy/50/driverlog_noisy_p03_hyp-3_50_3.tar.bz2:0.751690864563:0.1775045:0.76
> 0:False:6,9:3957,815
> 1:False:9,11:3957,815
> 2:True:6,7:3957,815
> 3:False:6,9:3957,815
> 4:False:9,11:3957,815
> 5:True:6,7:3957,815
> 6:False:6,9:3957,815
> 7:False:7,9:3957,815
driverlog-optimal-old-noisy/50/driverlog_noisy_p03_hyp-4_50_1.tar.bz2:0.821324110031:0.2469558:0.83
> 0:True:6,8:3957,815
> 1:False:9,13:3957,815
> 2:False:6,11:3957,815
> 3:True:6,8:3957,815
> 4:False:9,13:3957,815
> 5:False:6,11:3957,815
> 6:False:6,9:3957,815
> 7:False:7,11:3957,815
driverlog-optimal-old-noisy/50/driverlog_noisy_p03_hyp-4_50_2.tar.bz2:0.799847126007:0.2272393:0.8
> 0:True:6,8:3957,815
> 1:False:9,13:3957,815
> 2:False:6,11:3957,815
> 3:True:6,8:3957,815
> 4:False:9,13:3957,815
> 5:False:6,11:3957,815
> 6:False:6,9:3957,815
> 7:False:7,11:3957,815
driverlog-optimal-old-noisy/50/driverlog_noisy_p03_hyp-4_50_3.tar.bz2:0.763514041901:0.1890812:0.77
> 0:True:6,8:3956,814
> 1:False:9,13:3956,814
> 2:False:6,11:3956,814
> 3:True:6,8:3956,814
> 4:False:9,13:3956,814
> 5:False:6,11:3956,814
> 6:False:6,9:3956,814
> 7:False:7,10:3956,814
driverlog-optimal-old-noisy/50/driverlog_noisy_p04_hyp-1_50_1.tar.bz2:0.717549800873:0.2305086:0.71
> 0:True:11,12:8907,1292
> 1:False:9,14:8907,1292
> 2:False:9,11:8907,1292
> 3:False:10,15:8907,1292
> 4:False:11,13:8907,1292
> 5:False:13,15:8907,1292
driverlog-optimal-old-noisy/50/driverlog_noisy_p04_hyp-1_50_2.tar.bz2:0.728796958923:0.2412874:0.73
> 0:True:11,13:8906,1291
> 1:False:9,15:8906,1291
> 2:False:9,13:8906,1291
> 3:False:10,16:8906,1291
> 4:True:11,13:8906,1291
> 5:False:13,17:8906,1291
driverlog-optimal-old-noisy/50/driverlog_noisy_p04_hyp-1_50_3.tar.bz2:0.73598408699:0.2500763:0.74
> 0:True:11,12:8906,1291
> 1:False:9,14:8906,1291
> 2:True:9,10:8906,1291
> 3:False:10,15:8906,1291
> 4:False:11,15:8906,1291
> 5:True:13,14:8906,1291
driverlog-optimal-old-noisy/50/driverlog_noisy_p04_hyp-2_50_1.tar.bz2:0.738402843475:0.2524909:0.74
> 0:False:11,15:8906,1291
> 1:False:9,11:8906,1291
> 2:False:9,14:8906,1291
> 3:False:10,12:8906,1291
> 4:True:11,12:8906,1291
> 5:False:13,16:8906,1291
driverlog-optimal-old-noisy/50/driverlog_noisy_p04_hyp-2_50_2.tar.bz2:0.792176961899:0.3048962:0.8
> 0:False:11,16:8905,1290
> 1:True:9,9:8905,1290
> 2:False:9,14:8905,1290
> 3:False:10,11:8905,1290
> 4:False:11,12:8905,1290
> 5:False:13,16:8905,1290
driverlog-optimal-old-noisy/50/driverlog_noisy_p04_hyp-2_50_3.tar.bz2:0.765377998352:0.2788542:0.76
> 0:False:11,16:8905,1290
> 1:True:9,11:8905,1290
> 2:False:9,14:8905,1290
> 3:True:10,12:8905,1290
> 4:True:11,13:8905,1290
> 5:True:13,15:8905,1290
driverlog-optimal-old-noisy/50/driverlog_noisy_p04_hyp-3_50_1.tar.bz2:0.746855974197:0.2594532:0.75
> 0:True:11,12:8903,1288
> 1:False:9,13:8903,1288
> 2:True:9,10:8903,1288
> 3:False:10,13:8903,1288
> 4:False:11,13:8903,1288
> 5:True:13,14:8903,1288
driverlog-optimal-old-noisy/50/driverlog_noisy_p04_hyp-3_50_2.tar.bz2:0.764902114868:0.2792872:0.76
> 0:True:11,12:8906,1291
> 1:False:9,14:8906,1291
> 2:True:9,10:8906,1291
> 3:False:10,15:8906,1291
> 4:False:11,14:8906,1291
> 5:True:13,14:8906,1291
driverlog-optimal-old-noisy/50/driverlog_noisy_p04_hyp-3_50_3.tar.bz2:0.755275964737:0.2713293:0.76
> 0:True:11,12:8905,1290
> 1:False:9,14:8905,1290
> 2:True:9,10:8905,1290
> 3:False:10,14:8905,1290
> 4:False:11,14:8905,1290
> 5:True:13,14:8905,1290
driverlog-optimal-old-noisy/50/driverlog_noisy_p04_hyp-4_50_1.tar.bz2:0.762511968613:0.2789156:0.76
> 0:False:11,16:8907,1292
> 1:False:9,14:8907,1292
> 2:False:9,14:8907,1292
> 3:False:10,15:8907,1292
> 4:True:11,13:8907,1292
> 5:False:13,17:8907,1292
driverlog-optimal-old-noisy/50/driverlog_noisy_p04_hyp-4_50_2.tar.bz2:0.755666971207:0.2703891:0.76
> 0:False:11,15:8907,1292
> 1:False:9,12:8907,1292
> 2:False:9,15:8907,1292
> 3:False:10,15:8907,1292
> 4:True:11,12:8907,1292
> 5:False:13,18:8907,1292
driverlog-optimal-old-noisy/50/driverlog_noisy_p04_hyp-4_50_3.tar.bz2:0.72597694397:0.2409289:0.72
> 0:False:11,14:8906,1291
> 1:False:9,12:8906,1291
> 2:False:9,12:8906,1291
> 3:False:10,15:8906,1291
> 4:True:11,13:8906,1291
> 5:False:13,16:8906,1291
driverlog-optimal-old-noisy/50/driverlog_noisy_p05_hyp-1_50_1.tar.bz2:1.12097811699:0.600581:1.12
> 0:True:12,14:12013,1657
> 1:False:9,18:12013,1657
> 2:False:11,14:12013,1657
> 3:False:11,19:12013,1657
> 4:False:8,17:12013,1657
> 5:False:12,17:12013,1657
driverlog-optimal-old-noisy/50/driverlog_noisy_p05_hyp-1_50_2.tar.bz2:0.996450901031:0.4765555:1.0
> 0:True:12,14:12012,1656
> 1:False:9,17:12012,1656
> 2:True:11,13:12012,1656
> 3:False:11,17:12012,1656
> 4:False:8,16:12012,1656
> 5:False:12,16:12012,1656
driverlog-optimal-old-noisy/50/driverlog_noisy_p05_hyp-1_50_3.tar.bz2:1.01718211174:0.4972001:1.02
> 0:True:12,15:12012,1656
> 1:False:9,19:12012,1656
> 2:True:11,14:12012,1656
> 3:False:11,19:12012,1656
> 4:False:8,17:12012,1656
> 5:False:12,17:12012,1656
driverlog-optimal-old-noisy/50/driverlog_noisy_p05_hyp-2_50_1.tar.bz2:1.10793709755:0.5894354:1.1
> 0:False:12,16:12012,1656
> 1:False:9,18:12012,1656
> 2:True:11,14:12012,1656
> 3:False:11,17:12012,1656
> 4:False:8,16:12012,1656
> 5:True:12,15:12012,1656
driverlog-optimal-old-noisy/50/driverlog_noisy_p05_hyp-2_50_2.tar.bz2:1.08010196686:0.5615977:1.08
> 0:False:12,15:12012,1656
> 1:False:9,17:12012,1656
> 2:True:11,13:12012,1656
> 3:False:11,16:12012,1656
> 4:False:8,14:12012,1656
> 5:True:12,14:12012,1656
driverlog-optimal-old-noisy/50/driverlog_noisy_p05_hyp-2_50_3.tar.bz2:1.11291790009:0.5936267:1.1
> 0:False:12,15:12012,1656
> 1:False:9,18:12012,1656
> 2:True:11,13:12012,1656
> 3:False:11,17:12012,1656
> 4:False:8,16:12012,1656
> 5:False:12,15:12012,1656
driverlog-optimal-old-noisy/50/driverlog_noisy_p05_hyp-3_50_1.tar.bz2:1.03190803528:0.5097476:1.04
> 0:False:12,18:12013,1657
> 1:False:9,15:12013,1657
> 2:False:11,17:12013,1657
> 3:True:11,14:12013,1657
> 4:False:8,15:12013,1657
> 5:False:12,18:12013,1657
driverlog-optimal-old-noisy/50/driverlog_noisy_p05_hyp-3_50_2.tar.bz2:1.04542899132:0.5263429:1.05
> 0:False:12,18:12012,1656
> 1:False:9,14:12012,1656
> 2:False:11,17:12012,1656
> 3:True:11,13:12012,1656
> 4:False:8,14:12012,1656
> 5:False:12,17:12012,1656
driverlog-optimal-old-noisy/50/driverlog_noisy_p05_hyp-3_50_3.tar.bz2:1.05170583725:0.5341022:1.05
> 0:False:12,18:12013,1657
> 1:False:9,12:12013,1657
> 2:False:11,17:12013,1657
> 3:True:11,13:12013,1657
> 4:False:8,12:12013,1657
> 5:False:12,18:12013,1657
driverlog-optimal-old-noisy/50/driverlog_noisy_p05_hyp-4_50_1.tar.bz2:1.04881000519:0.5277527:1.05
> 0:False:12,16:12014,1658
> 1:False:9,18:12014,1658
> 2:True:11,14:12014,1658
> 3:False:11,17:12014,1658
> 4:False:8,16:12014,1658
> 5:True:12,15:12014,1658
driverlog-optimal-old-noisy/50/driverlog_noisy_p05_hyp-4_50_2.tar.bz2:1.06119012833:0.5441424:1.06
> 0:False:12,17:12014,1658
> 1:False:9,18:12014,1658
> 2:False:11,16:12014,1658
> 3:False:11,18:12014,1658
> 4:False:8,17:12014,1658
> 5:True:12,15:12014,1658
driverlog-optimal-old-noisy/50/driverlog_noisy_p05_hyp-4_50_3.tar.bz2:1.08140802383:0.5608195:1.08
> 0:False:12,18:12014,1658
> 1:False:9,18:12014,1658
> 2:False:11,16:12014,1658
> 3:False:11,17:12014,1658
> 4:False:8,17:12014,1658
> 5:True:12,15:12014,1658
driverlog-optimal-old-noisy/70/driverlog_noisy_p03_hyp-1_70_1.tar.bz2:0.805367946625:0.2304621:0.81
> 0:True:6,8:3959,817
> 1:False:9,15:3959,817
> 2:False:6,12:3959,817
> 3:False:6,10:3959,817
> 4:False:9,13:3959,817
> 5:False:6,13:3959,817
> 6:False:6,10:3959,817
> 7:False:7,12:3959,817
driverlog-optimal-old-noisy/70/driverlog_noisy_p03_hyp-1_70_2.tar.bz2:0.768882989883:0.1959713:0.77
> 0:True:6,8:3958,816
> 1:False:9,15:3958,816
> 2:False:6,12:3958,816
> 3:False:6,10:3958,816
> 4:False:9,13:3958,816
> 5:False:6,13:3958,816
> 6:False:6,10:3958,816
> 7:False:7,13:3958,816
driverlog-optimal-old-noisy/70/driverlog_noisy_p03_hyp-1_70_3.tar.bz2:0.793163061142:0.2200312:0.79
> 0:True:6,8:3959,817
> 1:False:9,14:3959,817
> 2:False:6,12:3959,817
> 3:False:6,10:3959,817
> 4:False:9,13:3959,817
> 5:False:6,12:3959,817
> 6:False:6,10:3959,817
> 7:False:7,13:3959,817
driverlog-optimal-old-noisy/70/driverlog_noisy_p03_hyp-2_70_1.tar.bz2:0.770246982574:0.1984883:0.77
> 0:False:6,11:3964,822
> 1:True:9,13:3964,822
> 2:False:6,14:3964,822
> 3:False:6,11:3964,822
> 4:True:9,13:3964,822
> 5:False:6,14:3964,822
> 6:False:6,11:3964,822
> 7:False:7,12:3964,822
driverlog-optimal-old-noisy/70/driverlog_noisy_p03_hyp-2_70_2.tar.bz2:0.752051830292:0.1784091:0.76
> 0:False:6,11:3964,822
> 1:True:9,13:3964,822
> 2:False:6,13:3964,822
> 3:False:6,11:3964,822
> 4:True:9,13:3964,822
> 5:False:6,13:3964,822
> 6:False:6,11:3964,822
> 7:True:7,11:3964,822
driverlog-optimal-old-noisy/70/driverlog_noisy_p03_hyp-2_70_3.tar.bz2:0.762319087982:0.1882382:0.75
> 0:False:6,12:3964,822
> 1:True:9,13:3964,822
> 2:False:6,13:3964,822
> 3:False:6,12:3964,822
> 4:True:9,13:3964,822
> 5:False:6,13:3964,822
> 6:False:6,12:3964,822
> 7:True:7,11:3964,822
driverlog-optimal-old-noisy/70/driverlog_noisy_p03_hyp-3_70_1.tar.bz2:0.76232790947:0.1879632:0.76
> 0:False:6,11:3960,818
> 1:True:9,13:3960,818
> 2:True:6,10:3960,818
> 3:False:6,11:3960,818
> 4:True:9,13:3960,818
> 5:True:6,10:3960,818
> 6:False:6,11:3960,818
> 7:True:7,11:3960,818
driverlog-optimal-old-noisy/70/driverlog_noisy_p03_hyp-3_70_2.tar.bz2:0.789415121078:0.2143366:0.79
> 0:False:6,13:3961,819
> 1:False:9,14:3961,819
> 2:True:6,10:3961,819
> 3:False:6,13:3961,819
> 4:False:9,14:3961,819
> 5:True:6,10:3961,819
> 6:False:6,13:3961,819
> 7:False:7,12:3961,819
driverlog-optimal-old-noisy/70/driverlog_noisy_p03_hyp-3_70_3.tar.bz2:0.788376092911:0.2136731:0.79
> 0:False:6,13:3960,818
> 1:True:9,13:3960,818
> 2:True:6,10:3960,818
> 3:False:6,13:3960,818
> 4:True:9,13:3960,818
> 5:True:6,10:3960,818
> 6:False:6,13:3960,818
> 7:False:7,12:3960,818
driverlog-optimal-old-noisy/70/driverlog_noisy_p03_hyp-4_70_1.tar.bz2:0.779567956924:0.2022137:0.78
> 0:True:6,8:3960,818
> 1:False:9,13:3960,818
> 2:False:6,12:3960,818
> 3:True:6,8:3960,818
> 4:False:9,13:3960,818
> 5:False:6,12:3960,818
> 6:False:6,9:3960,818
> 7:False:7,11:3960,818
driverlog-optimal-old-noisy/70/driverlog_noisy_p03_hyp-4_70_2.tar.bz2:0.789703130722:0.2124113:0.8
> 0:True:6,8:3958,816
> 1:False:9,14:3958,816
> 2:False:6,13:3958,816
> 3:True:6,8:3958,816
> 4:False:9,14:3958,816
> 5:False:6,13:3958,816
> 6:False:6,9:3958,816
> 7:False:7,12:3958,816
driverlog-optimal-old-noisy/70/driverlog_noisy_p03_hyp-4_70_3.tar.bz2:0.762001037598:0.1854386:0.76
> 0:True:6,8:3959,817
> 1:False:9,14:3959,817
> 2:False:6,13:3959,817
> 3:True:6,8:3959,817
> 4:False:9,14:3959,817
> 5:False:6,13:3959,817
> 6:False:6,9:3959,817
> 7:False:7,12:3959,817
driverlog-optimal-old-noisy/70/driverlog_noisy_p04_hyp-1_70_1.tar.bz2:0.714669942856:0.2292334:0.72
> 0:True:11,11:8910,1295
> 1:False:9,15:8910,1295
> 2:False:9,11:8910,1295
> 3:False:10,15:8910,1295
> 4:False:11,13:8910,1295
> 5:False:13,15:8910,1295
driverlog-optimal-old-noisy/70/driverlog_noisy_p04_hyp-1_70_2.tar.bz2:0.730316877365:0.2438088:0.73
> 0:True:11,12:8910,1295
> 1:False:9,16:8910,1295
> 2:False:9,11:8910,1295
> 3:False:10,16:8910,1295
> 4:False:11,15:8910,1295
> 5:False:13,15:8910,1295
driverlog-optimal-old-noisy/70/driverlog_noisy_p04_hyp-1_70_3.tar.bz2:0.729214906693:0.2436099:0.73
> 0:True:11,11:8910,1295
> 1:False:9,16:8910,1295
> 2:False:9,11:8910,1295
> 3:False:10,17:8910,1295
> 4:False:11,15:8910,1295
> 5:False:13,15:8910,1295
driverlog-optimal-old-noisy/70/driverlog_noisy_p04_hyp-2_70_1.tar.bz2:0.770128965378:0.2840938:0.77
> 0:False:11,16:8908,1293
> 1:True:9,9:8908,1293
> 2:False:9,14:8908,1293
> 3:False:10,11:8908,1293
> 4:False:11,12:8908,1293
> 5:False:13,16:8908,1293
driverlog-optimal-old-noisy/70/driverlog_noisy_p04_hyp-2_70_2.tar.bz2:0.739948987961:0.254169:0.73
> 0:False:11,17:8907,1292
> 1:True:9,10:8907,1292
> 2:False:9,16:8907,1292
> 3:False:10,13:8907,1292
> 4:False:11,14:8907,1292
> 5:False:13,18:8907,1292
driverlog-optimal-old-noisy/70/driverlog_noisy_p04_hyp-2_70_3.tar.bz2:0.768471002579:0.2834991:0.77
> 0:False:11,18:8907,1292
> 1:True:9,11:8907,1292
> 2:False:9,16:8907,1292
> 3:False:10,13:8907,1292
> 4:False:11,14:8907,1292
> 5:False:13,18:8907,1292
driverlog-optimal-old-noisy/70/driverlog_noisy_p04_hyp-3_70_1.tar.bz2:0.738052129745:0.2526299:0.74
> 0:True:11,12:8907,1292
> 1:False:9,15:8907,1292
> 2:True:9,10:8907,1292
> 3:False:10,16:8907,1292
> 4:False:11,15:8907,1292
> 5:True:13,14:8907,1292
driverlog-optimal-old-noisy/70/driverlog_noisy_p04_hyp-3_70_2.tar.bz2:0.74264216423:0.2565988:0.74
> 0:True:11,12:8908,1293
> 1:False:9,15:8908,1293
> 2:True:9,10:8908,1293
> 3:False:10,15:8908,1293
> 4:False:11,15:8908,1293
> 5:True:13,14:8908,1293
driverlog-optimal-old-noisy/70/driverlog_noisy_p04_hyp-3_70_3.tar.bz2:0.73033285141:0.2436075:0.73
> 0:True:11,12:8908,1293
> 1:False:9,15:8908,1293
> 2:True:9,10:8908,1293
> 3:False:10,15:8908,1293
> 4:False:11,15:8908,1293
> 5:True:13,14:8908,1293
driverlog-optimal-old-noisy/70/driverlog_noisy_p04_hyp-4_70_1.tar.bz2:0.713406801224:0.2273496:0.71
> 0:False:11,16:8909,1294
> 1:False:9,13:8909,1294
> 2:False:9,16:8909,1294
> 3:False:10,16:8909,1294
> 4:True:11,13:8909,1294
> 5:False:13,19:8909,1294
driverlog-optimal-old-noisy/70/driverlog_noisy_p04_hyp-4_70_2.tar.bz2:0.765580177307:0.2797214:0.76
> 0:False:11,16:8910,1295
> 1:False:9,14:8910,1295
> 2:False:9,16:8910,1295
> 3:False:10,16:8910,1295
> 4:True:11,13:8910,1295
> 5:False:13,19:8910,1295
driverlog-optimal-old-noisy/70/driverlog_noisy_p04_hyp-4_70_3.tar.bz2:0.775104999542:0.2879494:0.78
> 0:False:11,16:8910,1295
> 1:False:9,12:8910,1295
> 2:False:9,14:8910,1295
> 3:False:10,15:8910,1295
> 4:True:11,12:8910,1295
> 5:False:13,18:8910,1295
driverlog-optimal-old-noisy/70/driverlog_noisy_p05_hyp-1_70_1.tar.bz2:1.04083585739:0.5195954:1.04
> 0:True:12,15:12017,1661
> 1:False:9,17:12017,1661
> 2:True:11,14:12017,1661
> 3:False:11,19:12017,1661
> 4:False:8,15:12017,1661
> 5:False:12,17:12017,1661
driverlog-optimal-old-noisy/70/driverlog_noisy_p05_hyp-1_70_2.tar.bz2:1.01469397545:0.4923375:1.01
> 0:True:12,15:12017,1661
> 1:False:9,19:12017,1661
> 2:True:11,14:12017,1661
> 3:False:11,19:12017,1661
> 4:False:8,17:12017,1661
> 5:False:12,17:12017,1661
driverlog-optimal-old-noisy/70/driverlog_noisy_p05_hyp-1_70_3.tar.bz2:1.01464986801:0.4954697:1.02
> 0:True:12,15:12016,1660
> 1:False:9,19:12016,1660
> 2:True:11,14:12016,1660
> 3:False:11,19:12016,1660
> 4:False:8,17:12016,1660
> 5:False:12,17:12016,1660
driverlog-optimal-old-noisy/70/driverlog_noisy_p05_hyp-2_70_1.tar.bz2:1.01925301552:0.4986617:1.02
> 0:False:12,15:12014,1658
> 1:False:9,17:12014,1658
> 2:True:11,13:12014,1658
> 3:False:11,17:12014,1658
> 4:False:8,14:12014,1658
> 5:False:12,15:12014,1658
driverlog-optimal-old-noisy/70/driverlog_noisy_p05_hyp-2_70_2.tar.bz2:1.04420804977:0.5253043:1.04
> 0:False:12,15:12015,1659
> 1:False:9,17:12015,1659
> 2:True:11,13:12015,1659
> 3:False:11,16:12015,1659
> 4:False:8,14:12015,1659
> 5:True:12,14:12015,1659
driverlog-optimal-old-noisy/70/driverlog_noisy_p05_hyp-2_70_3.tar.bz2:1.01022601128:0.4905269:1.01
> 0:False:12,15:12016,1660
> 1:False:9,17:12016,1660
> 2:True:11,13:12016,1660
> 3:False:11,15:12016,1660
> 4:False:8,15:12016,1660
> 5:False:12,15:12016,1660
driverlog-optimal-old-noisy/70/driverlog_noisy_p05_hyp-3_70_1.tar.bz2:1.0882871151:0.563367:1.09
> 0:False:12,19:12016,1660
> 1:False:9,14:12016,1660
> 2:False:11,18:12016,1660
> 3:True:11,13:12016,1660
> 4:False:8,14:12016,1660
> 5:False:12,18:12016,1660
driverlog-optimal-old-noisy/70/driverlog_noisy_p05_hyp-3_70_2.tar.bz2:1.05285906792:0.5333503:1.05
> 0:False:12,18:12016,1660
> 1:False:9,13:12016,1660
> 2:False:11,17:12016,1660
> 3:True:11,12:12016,1660
> 4:False:8,13:12016,1660
> 5:False:12,17:12016,1660
driverlog-optimal-old-noisy/70/driverlog_noisy_p05_hyp-3_70_3.tar.bz2:0.985995054245:0.465093:0.99
> 0:False:12,16:12015,1659
> 1:False:9,12:12015,1659
> 2:False:11,15:12015,1659
> 3:True:11,13:12015,1659
> 4:False:8,11:12015,1659
> 5:False:12,16:12015,1659
driverlog-optimal-old-noisy/70/driverlog_noisy_p05_hyp-4_70_1.tar.bz2:1.03055405617:0.5110589:1.03
> 0:False:12,17:12016,1660
> 1:False:9,20:12016,1660
> 2:False:11,15:12016,1660
> 3:False:11,18:12016,1660
> 4:False:8,17:12016,1660
> 5:True:12,14:12016,1660
driverlog-optimal-old-noisy/70/driverlog_noisy_p05_hyp-4_70_2.tar.bz2:1.00312805176:0.4825292:1.0
> 0:False:12,18:12015,1659
> 1:False:9,21:12015,1659
> 2:False:11,16:12015,1659
> 3:False:11,19:12015,1659
> 4:False:8,18:12015,1659
> 5:True:12,15:12015,1659
driverlog-optimal-old-noisy/70/driverlog_noisy_p05_hyp-4_70_3.tar.bz2:1.06871795654:0.548008:1.08
> 0:False:12,18:12017,1661
> 1:False:9,20:12017,1661
> 2:False:11,16:12017,1661
> 3:False:11,19:12017,1661
> 4:False:8,17:12017,1661
> 5:True:12,15:12017,1661
driverlog-optimal-old-noisy/100/driverlog_noisy_p03_hyp-1_full_1.tar.bz2:0.783339977264:0.2084707:0.78
> 0:True:6,8:3962,820
> 1:False:9,16:3962,820
> 2:False:6,13:3962,820
> 3:False:6,10:3962,820
> 4:False:9,14:3962,820
> 5:False:6,14:3962,820
> 6:False:6,10:3962,820
> 7:False:7,14:3962,820
driverlog-optimal-old-noisy/100/driverlog_noisy_p03_hyp-1_full_2.tar.bz2:0.782109022141:0.2084196:0.79
> 0:True:6,8:3961,819
> 1:False:9,16:3961,819
> 2:False:6,13:3961,819
> 3:False:6,10:3961,819
> 4:False:9,14:3961,819
> 5:False:6,14:3961,819
> 6:False:6,10:3961,819
> 7:False:7,14:3961,819
driverlog-optimal-old-noisy/100/driverlog_noisy_p03_hyp-1_full_3.tar.bz2:0.774565935135:0.2004105:0.77
> 0:True:6,8:3961,819
> 1:False:9,16:3961,819
> 2:False:6,13:3961,819
> 3:False:6,10:3961,819
> 4:False:9,14:3961,819
> 5:False:6,14:3961,819
> 6:False:6,10:3961,819
> 7:False:7,14:3961,819
driverlog-optimal-old-noisy/100/driverlog_noisy_p03_hyp-2_full_1.tar.bz2:0.7478120327:0.1756876:0.74
> 0:False:6,13:3968,826
> 1:True:9,13:3968,826
> 2:False:6,15:3968,826
> 3:False:6,13:3968,826
> 4:True:9,13:3968,826
> 5:False:6,15:3968,826
> 6:False:6,13:3968,826
> 7:False:7,12:3968,826
driverlog-optimal-old-noisy/100/driverlog_noisy_p03_hyp-2_full_2.tar.bz2:0.753785848618:0.1767909:0.75
> 0:False:6,13:3968,826
> 1:True:9,13:3968,826
> 2:False:6,15:3968,826
> 3:False:6,13:3968,826
> 4:True:9,13:3968,826
> 5:False:6,15:3968,826
> 6:False:6,13:3968,826
> 7:False:7,12:3968,826
driverlog-optimal-old-noisy/100/driverlog_noisy_p03_hyp-2_full_3.tar.bz2:0.751433134079:0.1765761:0.75
> 0:False:6,13:3967,825
> 1:True:9,13:3967,825
> 2:False:6,15:3967,825
> 3:False:6,13:3967,825
> 4:True:9,13:3967,825
> 5:False:6,15:3967,825
> 6:False:6,13:3967,825
> 7:False:7,12:3967,825
driverlog-optimal-old-noisy/100/driverlog_noisy_p03_hyp-3_full_1.tar.bz2:0.743355989456:0.168419:0.74
> 0:False:6,12:3964,822
> 1:False:9,13:3964,822
> 2:True:6,9:3964,822
> 3:False:6,12:3964,822
> 4:False:9,13:3964,822
> 5:True:6,9:3964,822
> 6:False:6,12:3964,822
> 7:False:7,11:3964,822
driverlog-optimal-old-noisy/100/driverlog_noisy_p03_hyp-3_full_2.tar.bz2:0.737823963165:0.1671734:0.74
> 0:False:6,12:3963,821
> 1:False:9,13:3963,821
> 2:True:6,9:3963,821
> 3:False:6,12:3963,821
> 4:False:9,13:3963,821
> 5:True:6,9:3963,821
> 6:False:6,12:3963,821
> 7:False:7,11:3963,821
driverlog-optimal-old-noisy/100/driverlog_noisy_p03_hyp-3_full_3.tar.bz2:0.744612932205:0.1701094:0.74
> 0:False:6,12:3964,822
> 1:True:9,12:3964,822
> 2:True:6,9:3964,822
> 3:False:6,12:3964,822
> 4:True:9,12:3964,822
> 5:True:6,9:3964,822
> 6:False:6,12:3964,822
> 7:False:7,11:3964,822
driverlog-optimal-old-noisy/100/driverlog_noisy_p03_hyp-4_full_1.tar.bz2:0.766689062119:0.193082:0.78
> 0:True:6,8:3961,819
> 1:False:9,14:3961,819
> 2:False:6,13:3961,819
> 3:True:6,8:3961,819
> 4:False:9,14:3961,819
> 5:False:6,13:3961,819
> 6:False:6,9:3961,819
> 7:False:7,12:3961,819
driverlog-optimal-old-noisy/100/driverlog_noisy_p03_hyp-4_full_2.tar.bz2:0.7664270401:0.1925069:0.76
> 0:True:6,8:3962,820
> 1:False:9,14:3962,820
> 2:False:6,13:3962,820
> 3:True:6,8:3962,820
> 4:False:9,14:3962,820
> 5:False:6,13:3962,820
> 6:False:6,9:3962,820
> 7:False:7,12:3962,820
driverlog-optimal-old-noisy/100/driverlog_noisy_p03_hyp-4_full_3.tar.bz2:0.763566970825:0.1864731:0.76
> 0:True:6,8:3962,820
> 1:False:9,14:3962,820
> 2:False:6,13:3962,820
> 3:True:6,8:3962,820
> 4:False:9,14:3962,820
> 5:False:6,13:3962,820
> 6:False:6,9:3962,820
> 7:False:7,12:3962,820
driverlog-optimal-old-noisy/100/driverlog_noisy_p04_hyp-1_full_1.tar.bz2:0.733621120453:0.2476698:0.74
> 0:True:11,12:8914,1299
> 1:False:9,18:8914,1299
> 2:False:9,12:8914,1299
> 3:False:10,18:8914,1299
> 4:False:11,16:8914,1299
> 5:False:13,16:8914,1299
driverlog-optimal-old-noisy/100/driverlog_noisy_p04_hyp-1_full_2.tar.bz2:0.710411071777:0.2244183:0.72
> 0:True:11,12:8913,1298
> 1:False:9,18:8913,1298
> 2:False:9,12:8913,1298
> 3:False:10,18:8913,1298
> 4:False:11,16:8913,1298
> 5:False:13,16:8913,1298
driverlog-optimal-old-noisy/100/driverlog_noisy_p04_hyp-1_full_3.tar.bz2:0.725081920624:0.2385165:0.72
> 0:True:11,12:8914,1299
> 1:False:9,18:8914,1299
> 2:False:9,12:8914,1299
> 3:False:10,18:8914,1299
> 4:False:11,16:8914,1299
> 5:False:13,16:8914,1299
driverlog-optimal-old-noisy/100/driverlog_noisy_p04_hyp-2_full_1.tar.bz2:0.728785037994:0.2432119:0.73
> 0:False:11,18:8912,1297
> 1:True:9,11:8912,1297
> 2:False:9,17:8912,1297
> 3:False:10,14:8912,1297
> 4:False:11,15:8912,1297
> 5:False:13,19:8912,1297
driverlog-optimal-old-noisy/100/driverlog_noisy_p04_hyp-2_full_2.tar.bz2:0.726499080658:0.2440582:0.73
> 0:False:11,18:8910,1295
> 1:True:9,11:8910,1295
> 2:False:9,17:8910,1295
> 3:False:10,14:8910,1295
> 4:False:11,14:8910,1295
> 5:False:13,19:8910,1295
driverlog-optimal-old-noisy/100/driverlog_noisy_p04_hyp-2_full_3.tar.bz2:0.734509944916:0.2496256:0.73
> 0:False:11,17:8911,1296
> 1:True:9,11:8911,1296
> 2:False:9,16:8911,1296
> 3:False:10,13:8911,1296
> 4:False:11,15:8911,1296
> 5:False:13,18:8911,1296
driverlog-optimal-old-noisy/100/driverlog_noisy_p04_hyp-3_full_1.tar.bz2:0.727385044098:0.2423344:0.73
> 0:True:11,13:8911,1296
> 1:False:9,17:8911,1296
> 2:True:9,11:8911,1296
> 3:False:10,17:8911,1296
> 4:False:11,17:8911,1296
> 5:True:13,15:8911,1296
driverlog-optimal-old-noisy/100/driverlog_noisy_p04_hyp-3_full_2.tar.bz2:0.745047092438:0.2615505:0.74
> 0:True:11,13:8911,1296
> 1:False:9,17:8911,1296
> 2:True:9,11:8911,1296
> 3:False:10,17:8911,1296
> 4:False:11,17:8911,1296
> 5:True:13,15:8911,1296
driverlog-optimal-old-noisy/100/driverlog_noisy_p04_hyp-3_full_3.tar.bz2:0.741051912308:0.2569833:0.73
> 0:True:11,13:8909,1294
> 1:False:9,17:8909,1294
> 2:True:9,11:8909,1294
> 3:False:10,17:8909,1294
> 4:False:11,17:8909,1294
> 5:True:13,15:8909,1294
driverlog-optimal-old-noisy/100/driverlog_noisy_p04_hyp-4_full_1.tar.bz2:0.710959196091:0.2226159:0.71
> 0:False:11,17:8913,1298
> 1:False:9,14:8913,1298
> 2:False:9,17:8913,1298
> 3:False:10,16:8913,1298
> 4:True:11,13:8913,1298
> 5:False:13,20:8913,1298
driverlog-optimal-old-noisy/100/driverlog_noisy_p04_hyp-4_full_2.tar.bz2:0.712834119797:0.2257346:0.72
> 0:False:11,17:8915,1300
> 1:False:9,14:8915,1300
> 2:False:9,17:8915,1300
> 3:False:10,16:8915,1300
> 4:True:11,13:8915,1300
> 5:False:13,19:8915,1300
driverlog-optimal-old-noisy/100/driverlog_noisy_p04_hyp-4_full_3.tar.bz2:0.719683885574:0.2325073:0.72
> 0:False:11,17:8914,1299
> 1:False:9,14:8914,1299
> 2:False:9,17:8914,1299
> 3:False:10,16:8914,1299
> 4:True:11,13:8914,1299
> 5:False:13,20:8914,1299
driverlog-optimal-old-noisy/100/driverlog_noisy_p05_hyp-1_full_1.tar.bz2:0.999460935593:0.4783897:1.01
> 0:True:12,14:12022,1666
> 1:False:9,18:12022,1666
> 2:False:11,14:12022,1666
> 3:False:11,19:12022,1666
> 4:False:8,17:12022,1666
> 5:False:12,17:12022,1666
driverlog-optimal-old-noisy/100/driverlog_noisy_p05_hyp-1_full_2.tar.bz2:0.991171836853:0.4703682:0.99
> 0:True:12,14:12021,1665
> 1:False:9,18:12021,1665
> 2:False:11,14:12021,1665
> 3:False:11,19:12021,1665
> 4:False:8,17:12021,1665
> 5:False:12,17:12021,1665
driverlog-optimal-old-noisy/100/driverlog_noisy_p05_hyp-1_full_3.tar.bz2:0.990917921066:0.4704576:0.98
> 0:True:12,14:12021,1665
> 1:False:9,18:12021,1665
> 2:False:11,14:12021,1665
> 3:False:11,19:12021,1665
> 4:False:8,17:12021,1665
> 5:False:12,17:12021,1665
driverlog-optimal-old-noisy/100/driverlog_noisy_p05_hyp-2_full_1.tar.bz2:0.990296840668:0.4709001:0.99
> 0:False:12,15:12020,1664
> 1:False:9,19:12020,1664
> 2:True:11,13:12020,1664
> 3:False:11,18:12020,1664
> 4:False:8,16:12020,1664
> 5:False:12,15:12020,1664
driverlog-optimal-old-noisy/100/driverlog_noisy_p05_hyp-2_full_2.tar.bz2:0.979722976685:0.4617239:0.99
> 0:False:12,15:12021,1665
> 1:False:9,18:12021,1665
> 2:True:11,13:12021,1665
> 3:False:11,17:12021,1665
> 4:False:8,15:12021,1665
> 5:False:12,15:12021,1665
driverlog-optimal-old-noisy/100/driverlog_noisy_p05_hyp-2_full_3.tar.bz2:1.00707411766:0.4835954:1.01
> 0:False:12,15:12019,1663
> 1:False:9,19:12019,1663
> 2:True:11,13:12019,1663
> 3:False:11,18:12019,1663
> 4:False:8,16:12019,1663
> 5:False:12,15:12019,1663
driverlog-optimal-old-noisy/100/driverlog_noisy_p05_hyp-3_full_1.tar.bz2:0.975468873978:0.4578173:0.98
> 0:False:12,19:12019,1663
> 1:False:9,14:12019,1663
> 2:False:11,18:12019,1663
> 3:True:11,13:12019,1663
> 4:False:8,14:12019,1663
> 5:False:12,18:12019,1663
driverlog-optimal-old-noisy/100/driverlog_noisy_p05_hyp-3_full_2.tar.bz2:0.983298063278:0.4620376:0.99
> 0:False:12,19:12019,1663
> 1:False:9,14:12019,1663
> 2:False:11,18:12019,1663
> 3:True:11,13:12019,1663
> 4:False:8,14:12019,1663
> 5:False:12,18:12019,1663
driverlog-optimal-old-noisy/100/driverlog_noisy_p05_hyp-3_full_3.tar.bz2:0.993358135223:0.4720794:0.99
> 0:False:12,19:12020,1664
> 1:False:9,14:12020,1664
> 2:False:11,18:12020,1664
> 3:True:11,13:12020,1664
> 4:False:8,14:12020,1664
> 5:False:12,18:12020,1664
driverlog-optimal-old-noisy/100/driverlog_noisy_p05_hyp-4_full_1.tar.bz2:0.991667032242:0.4766474:0.99
> 0:False:12,17:12020,1664
> 1:False:9,20:12020,1664
> 2:False:11,15:12020,1664
> 3:False:11,18:12020,1664
> 4:False:8,17:12020,1664
> 5:True:12,14:12020,1664
driverlog-optimal-old-noisy/100/driverlog_noisy_p05_hyp-4_full_2.tar.bz2:1.00872802734:0.4870463:1.01
> 0:False:12,17:12020,1664
> 1:False:9,20:12020,1664
> 2:False:11,15:12020,1664
> 3:False:11,18:12020,1664
> 4:False:8,17:12020,1664
> 5:True:12,14:12020,1664
driverlog-optimal-old-noisy/100/driverlog_noisy_p05_hyp-4_full_3.tar.bz2:1.00865507126:0.4881779:1.02
> 0:False:12,17:12021,1665
> 1:False:9,20:12021,1665
> 2:False:11,15:12021,1665
> 3:False:11,18:12021,1665
> 4:False:8,17:12021,1665
> 5:True:12,14:12021,1665
