driverlog-optimal/10/driverlog_p03_hyp-1_10_1.tar.bz2:2.64040994644:0.296875:2.28
> (at driver1 s0),(at package2 s2),(at package1 s0),(at truck1 s0):True:6.0,8.0:2729.0,1162.0
> (at truck1 s2),(at driver1 s1),(at package1 s2),(at package2 s1):True:10.0,12.0:2729.0,1162.0
> (at truck1 s2),(at driver1 s2),(at package1 s1),(at package2 s0):True:6.0,8.0:2729.0,1162.0
> (at driver1 s0),(at package2 s2),(at package1 s0),(at truck1 s2):True:9.0,11.0:2729.0,1162.0
> (at driver1 s2),(at truck1 s1),(at package1 s1),(at package2 s0):True:5.0,7.0:2729.0,1162.0
> (at driver1 s1),(at truck1 s1),(at package2 s1),(at package1 s0):True:7.0,9.0:2729.0,1162.0
> (at driver1 s1),(at package1 s2),(at package2 s1),(at truck1 s0):True:9.0,11.0:2729.0,1162.0
> (at package2 s0),(at driver1 s2),(at package1 s1),(at truck1 s0):True:4.0,6.0:2729.0,1162.0
driverlog-optimal/10/driverlog_p03_hyp-2_10_1.tar.bz2:2.63820004463:0.28125:2.3
> (at driver1 s0),(at package2 s2),(at package1 s0),(at truck1 s0):False:6.0,9.0:2730.0,1163.0
> (at truck1 s2),(at driver1 s1),(at package1 s2),(at package2 s1):True:10.0,10.0:2730.0,1163.0
> (at truck1 s2),(at driver1 s2),(at package1 s1),(at package2 s0):False:6.0,8.0:2730.0,1163.0
> (at driver1 s0),(at package2 s2),(at package1 s0),(at truck1 s2):False:9.0,10.0:2730.0,1163.0
> (at driver1 s2),(at truck1 s1),(at package1 s1),(at package2 s0):False:5.0,7.0:2730.0,1163.0
> (at driver1 s1),(at truck1 s1),(at package2 s1),(at package1 s0):True:7.0,7.0:2730.0,1163.0
> (at driver1 s1),(at package1 s2),(at package2 s1),(at truck1 s0):True:9.0,9.0:2730.0,1163.0
> (at package2 s0),(at driver1 s2),(at package1 s1),(at truck1 s0):False:4.0,6.0:2730.0,1163.0
driverlog-optimal/10/driverlog_p04_hyp-1_10_1.tar.bz2:2.60050320625:0.6875:2.42
> (at package1 s2),(at package3 s1),(at package2 s1),(at truck1 s2),(at driver3 s2),(at truck2 s0):False:13.0,16.0:6914.0,2499.0
> (at driver1 s0),(at package2 s2),(at truck2 s2),(at package3 s0),(at package1 s1),(at truck1 s1):False:12.0,16.0:6914.0,2499.0
> (at driver2 s0),(at package1 s2),(at package3 s1),(at package2 s1),(at truck1 s0),(at truck2 s1):False:10.0,12.0:6914.0,2499.0
> (at driver2 s1),(at truck1 s1),(at package3 s0),(at package1 s1),(at package2 s0),(at truck2 s0):False:10.0,14.0:6914.0,2499.0
> (at package1 s2),(at package3 s1),(at driver2 s2),(at package2 s1),(at truck1 s2),(at truck2 s1):True:12.0,12.0:6914.0,2499.0
> (at truck2 s2),(at driver2 s2),(at package3 s0),(at package2 s0),(at package1 s1),(at truck1 s0):False:11.0,13.0:6914.0,2499.0
driverlog-optimal/10/driverlog_p04_hyp-2_10_1.tar.bz2:2.62052106857:0.578125:2.21
> (at package1 s2),(at package3 s1),(at package2 s1),(at truck1 s2),(at driver3 s2),(at truck2 s0):False:13.0,15.0:6914.0,2499.0
> (at driver1 s0),(at package2 s2),(at truck2 s2),(at package3 s0),(at package1 s1),(at truck1 s1):True:12.0,13.0:6914.0,2499.0
> (at driver2 s0),(at package1 s2),(at package3 s1),(at package2 s1),(at truck1 s0),(at truck2 s1):False:10.0,12.0:6914.0,2499.0
> (at driver2 s1),(at truck1 s1),(at package3 s0),(at package1 s1),(at package2 s0),(at truck2 s0):True:10.0,11.0:6914.0,2499.0
> (at package1 s2),(at package3 s1),(at driver2 s2),(at package2 s1),(at truck1 s2),(at truck2 s1):False:12.0,14.0:6914.0,2499.0
> (at truck2 s2),(at driver2 s2),(at package3 s0),(at package2 s0),(at package1 s1),(at truck1 s0):False:11.0,13.0:6914.0,2499.0
driverlog-optimal/10/driverlog_p05_hyp-1_10_1.tar.bz2:2.5052280426:0.546875:2.26
> (at driver3 s0),(at package1 s2),(at truck1 s1),(at package2 s2),(at truck3 s1),(at truck2 s0):False:8.0,9.0:9794.0,3355.0
> (at package1 s2),(at driver2 s2),(at package2 s1),(at truck1 s2),(at truck3 s0),(at truck2 s1):False:11.0,12.0:9794.0,3355.0
> (at driver2 s0),(at package1 s2),(at package2 s1),(at truck1 s2),(at truck3 s0),(at truck2 s1):False:9.0,10.0:9794.0,3355.0
> (at package2 s2),(at truck2 s0),(at driver2 s2),(at package1 s1),(at truck3 s1),(at truck1 s1):False:10.0,13.0:9794.0,3355.0
> (at package1 s2),(at package2 s1),(at truck3 s2),(at truck1 s2),(at driver3 s2),(at truck2 s1):True:11.0,11.0:9794.0,3355.0
> (at driver1 s0),(at package2 s2),(at truck2 s2),(at package1 s1),(at truck3 s2),(at truck1 s1):False:9.0,13.0:9794.0,3355.0
driverlog-optimal/10/driverlog_p05_hyp-2_10_1.tar.bz2:2.69048118591:0.703125:2.43
> (at driver3 s0),(at package1 s2),(at truck1 s1),(at package2 s2),(at truck3 s1),(at truck2 s0):False:8.0,10.0:9794.0,3355.0
> (at package1 s2),(at driver2 s2),(at package2 s1),(at truck1 s2),(at truck3 s0),(at truck2 s1):True:11.0,11.0:9794.0,3355.0
> (at driver2 s0),(at package1 s2),(at package2 s1),(at truck1 s2),(at truck3 s0),(at truck2 s1):False:9.0,10.0:9794.0,3355.0
> (at package2 s2),(at truck2 s0),(at driver2 s2),(at package1 s1),(at truck3 s1),(at truck1 s1):False:10.0,13.0:9794.0,3355.0
> (at package1 s2),(at package2 s1),(at truck3 s2),(at truck1 s2),(at driver3 s2),(at truck2 s1):True:11.0,11.0:9794.0,3355.0
> (at driver1 s0),(at package2 s2),(at truck2 s2),(at package1 s1),(at truck3 s2),(at truck1 s1):False:9.0,13.0:9794.0,3355.0
driverlog-optimal/30/driverlog_p03_hyp-1_30_1.tar.bz2:2.59372806549:0.296875:2.27
> (at driver1 s0),(at package2 s2),(at package1 s0),(at truck1 s0):False:6.0,10.0:2731.0,1164.0
> (at truck1 s2),(at driver1 s1),(at package1 s2),(at package2 s1):True:10.0,13.0:2731.0,1164.0
> (at truck1 s2),(at driver1 s2),(at package1 s1),(at package2 s0):True:6.0,9.0:2731.0,1164.0
> (at driver1 s0),(at package2 s2),(at package1 s0),(at truck1 s2):True:9.0,12.0:2731.0,1164.0
> (at driver1 s2),(at truck1 s1),(at package1 s1),(at package2 s0):True:5.0,8.0:2731.0,1164.0
> (at driver1 s1),(at truck1 s1),(at package2 s1),(at package1 s0):True:7.0,10.0:2731.0,1164.0
> (at driver1 s1),(at package1 s2),(at package2 s1),(at truck1 s0):False:9.0,13.0:2731.0,1164.0
> (at package2 s0),(at driver1 s2),(at package1 s1),(at truck1 s0):False:4.0,8.0:2731.0,1164.0
driverlog-optimal/30/driverlog_p03_hyp-2_30_1.tar.bz2:2.75559401512:0.265625:2.23
> (at driver1 s0),(at package2 s2),(at package1 s0),(at truck1 s0):False:6.0,11.0:2732.0,1165.0
> (at truck1 s2),(at driver1 s1),(at package1 s2),(at package2 s1):True:10.0,13.0:2732.0,1165.0
> (at truck1 s2),(at driver1 s2),(at package1 s1),(at package2 s0):False:6.0,11.0:2732.0,1165.0
> (at driver1 s0),(at package2 s2),(at package1 s0),(at truck1 s2):True:9.0,12.0:2732.0,1165.0
> (at driver1 s2),(at truck1 s1),(at package1 s1),(at package2 s0):False:5.0,10.0:2732.0,1165.0
> (at driver1 s1),(at truck1 s1),(at package2 s1),(at package1 s0):True:7.0,10.0:2732.0,1165.0
> (at driver1 s1),(at package1 s2),(at package2 s1),(at truck1 s0):True:9.0,12.0:2732.0,1165.0
> (at package2 s0),(at driver1 s2),(at package1 s1),(at truck1 s0):False:4.0,9.0:2732.0,1165.0
driverlog-optimal/30/driverlog_p04_hyp-1_30_1.tar.bz2:2.34062004089:0.546875:2.12
> (at package1 s2),(at package3 s1),(at package2 s1),(at truck1 s2),(at driver3 s2),(at truck2 s0):False:13.0,15.0:6916.0,2501.0
> (at driver1 s0),(at package2 s2),(at truck2 s2),(at package3 s0),(at package1 s1),(at truck1 s1):False:12.0,18.0:6916.0,2501.0
> (at driver2 s0),(at package1 s2),(at package3 s1),(at package2 s1),(at truck1 s0),(at truck2 s1):False:10.0,12.0:6916.0,2501.0
> (at driver2 s1),(at truck1 s1),(at package3 s0),(at package1 s1),(at package2 s0),(at truck2 s0):False:10.0,17.0:6916.0,2501.0
> (at package1 s2),(at package3 s1),(at driver2 s2),(at package2 s1),(at truck1 s2),(at truck2 s1):True:12.0,12.0:6916.0,2501.0
> (at truck2 s2),(at driver2 s2),(at package3 s0),(at package2 s0),(at package1 s1),(at truck1 s0):False:11.0,16.0:6916.0,2501.0
driverlog-optimal/30/driverlog_p04_hyp-2_30_1.tar.bz2:2.19256091118:0.46875:1.94
> (at package1 s2),(at package3 s1),(at package2 s1),(at truck1 s2),(at driver3 s2),(at truck2 s0):False:13.0,17.0:6916.0,2501.0
> (at driver1 s0),(at package2 s2),(at truck2 s2),(at package3 s0),(at package1 s1),(at truck1 s1):False:12.0,13.0:6916.0,2501.0
> (at driver2 s0),(at package1 s2),(at package3 s1),(at package2 s1),(at truck1 s0),(at truck2 s1):False:10.0,15.0:6916.0,2501.0
> (at driver2 s1),(at truck1 s1),(at package3 s0),(at package1 s1),(at package2 s0),(at truck2 s0):True:10.0,10.0:6916.0,2501.0
> (at package1 s2),(at package3 s1),(at driver2 s2),(at package2 s1),(at truck1 s2),(at truck2 s1):False:12.0,16.0:6916.0,2501.0
> (at truck2 s2),(at driver2 s2),(at package3 s0),(at package2 s0),(at package1 s1),(at truck1 s0):False:11.0,14.0:6916.0,2501.0
driverlog-optimal/30/driverlog_p05_hyp-1_30_1.tar.bz2:2.24240398407:0.609375:1.95
> (at driver3 s0),(at package1 s2),(at truck1 s1),(at package2 s2),(at truck3 s1),(at truck2 s0):False:8.0,16.0:9797.0,3358.0
> (at package1 s2),(at driver2 s2),(at package2 s1),(at truck1 s2),(at truck3 s0),(at truck2 s1):True:11.0,15.0:9797.0,3358.0
> (at driver2 s0),(at package1 s2),(at package2 s1),(at truck1 s2),(at truck3 s0),(at truck2 s1):False:9.0,16.0:9797.0,3358.0
> (at package2 s2),(at truck2 s0),(at driver2 s2),(at package1 s1),(at truck3 s1),(at truck1 s1):False:10.0,18.0:9797.0,3358.0
> (at package1 s2),(at package2 s1),(at truck3 s2),(at truck1 s2),(at driver3 s2),(at truck2 s1):False:11.0,16.0:9797.0,3358.0
> (at driver1 s0),(at package2 s2),(at truck2 s2),(at package1 s1),(at truck3 s2),(at truck1 s1):False:9.0,18.0:9797.0,3358.0
driverlog-optimal/30/driverlog_p05_hyp-2_30_1.tar.bz2:2.2797460556:0.6875:2.08
> (at driver3 s0),(at package1 s2),(at truck1 s1),(at package2 s2),(at truck3 s1),(at truck2 s0):False:8.0,15.0:9797.0,3358.0
> (at package1 s2),(at driver2 s2),(at package2 s1),(at truck1 s2),(at truck3 s0),(at truck2 s1):True:11.0,15.0:9797.0,3358.0
> (at driver2 s0),(at package1 s2),(at package2 s1),(at truck1 s2),(at truck3 s0),(at truck2 s1):False:9.0,14.0:9797.0,3358.0
> (at package2 s2),(at truck2 s0),(at driver2 s2),(at package1 s1),(at truck3 s1),(at truck1 s1):False:10.0,16.0:9797.0,3358.0
> (at package1 s2),(at package2 s1),(at truck3 s2),(at truck1 s2),(at driver3 s2),(at truck2 s1):True:11.0,15.0:9797.0,3358.0
> (at driver1 s0),(at package2 s2),(at truck2 s2),(at package1 s1),(at truck3 s2),(at truck1 s1):False:9.0,17.0:9797.0,3358.0
driverlog-optimal/50/driverlog_p03_hyp-1_50_1.tar.bz2:2.11554598808:0.1875:1.67
> (at driver1 s0),(at package2 s2),(at package1 s0),(at truck1 s0):False:6.0,11.0:2732.0,1165.0
> (at truck1 s2),(at driver1 s1),(at package1 s2),(at package2 s1):True:10.0,14.0:2732.0,1165.0
> (at truck1 s2),(at driver1 s2),(at package1 s1),(at package2 s0):True:6.0,10.0:2732.0,1165.0
> (at driver1 s0),(at package2 s2),(at package1 s0),(at truck1 s2):True:9.0,13.0:2732.0,1165.0
> (at driver1 s2),(at truck1 s1),(at package1 s1),(at package2 s0):False:5.0,10.0:2732.0,1165.0
> (at driver1 s1),(at truck1 s1),(at package2 s1),(at package1 s0):False:7.0,12.0:2732.0,1165.0
> (at driver1 s1),(at package1 s2),(at package2 s1),(at truck1 s0):True:9.0,13.0:2732.0,1165.0
> (at package2 s0),(at driver1 s2),(at package1 s1),(at truck1 s0):True:4.0,8.0:2732.0,1165.0
driverlog-optimal/50/driverlog_p03_hyp-2_50_1.tar.bz2:2.27390503883:0.1875:1.95
> (at driver1 s0),(at package2 s2),(at package1 s0),(at truck1 s0):False:6.0,13.0:2735.0,1168.0
> (at truck1 s2),(at driver1 s1),(at package1 s2),(at package2 s1):True:10.0,13.0:2735.0,1168.0
> (at truck1 s2),(at driver1 s2),(at package1 s1),(at package2 s0):False:6.0,15.0:2735.0,1168.0
> (at driver1 s0),(at package2 s2),(at package1 s0),(at truck1 s2):True:9.0,12.0:2735.0,1168.0
> (at driver1 s2),(at truck1 s1),(at package1 s1),(at package2 s0):False:5.0,14.0:2735.0,1168.0
> (at driver1 s1),(at truck1 s1),(at package2 s1),(at package1 s0):True:7.0,10.0:2735.0,1168.0
> (at driver1 s1),(at package1 s2),(at package2 s1),(at truck1 s0):False:9.0,14.0:2735.0,1168.0
> (at package2 s0),(at driver1 s2),(at package1 s1),(at truck1 s0):False:4.0,15.0:2735.0,1168.0
driverlog-optimal/50/driverlog_p04_hyp-1_50_1.tar.bz2:2.51602697372:0.5625:2.22
> (at package1 s2),(at package3 s1),(at package2 s1),(at truck1 s2),(at driver3 s2),(at truck2 s0):False:13.0,16.0:6919.0,2504.0
> (at driver1 s0),(at package2 s2),(at truck2 s2),(at package3 s0),(at package1 s1),(at truck1 s1):False:12.0,18.0:6919.0,2504.0
> (at driver2 s0),(at package1 s2),(at package3 s1),(at package2 s1),(at truck1 s0),(at truck2 s1):False:10.0,14.0:6919.0,2504.0
> (at driver2 s1),(at truck1 s1),(at package3 s0),(at package1 s1),(at package2 s0),(at truck2 s0):False:10.0,18.0:6919.0,2504.0
> (at package1 s2),(at package3 s1),(at driver2 s2),(at package2 s1),(at truck1 s2),(at truck2 s1):True:12.0,12.0:6919.0,2504.0
> (at truck2 s2),(at driver2 s2),(at package3 s0),(at package2 s0),(at package1 s1),(at truck1 s0):False:11.0,16.0:6919.0,2504.0
driverlog-optimal/50/driverlog_p04_hyp-2_50_1.tar.bz2:1.93415212631:0.4375:1.77
> (at package1 s2),(at package3 s1),(at package2 s1),(at truck1 s2),(at driver3 s2),(at truck2 s0):False:13.0,17.0:6918.0,2503.0
> (at driver1 s0),(at package2 s2),(at truck2 s2),(at package3 s0),(at package1 s1),(at truck1 s1):False:12.0,15.0:6918.0,2503.0
> (at driver2 s0),(at package1 s2),(at package3 s1),(at package2 s1),(at truck1 s0),(at truck2 s1):False:10.0,15.0:6918.0,2503.0
> (at driver2 s1),(at truck1 s1),(at package3 s0),(at package1 s1),(at package2 s0),(at truck2 s0):True:10.0,11.0:6918.0,2503.0
> (at package1 s2),(at package3 s1),(at driver2 s2),(at package2 s1),(at truck1 s2),(at truck2 s1):False:12.0,16.0:6918.0,2503.0
> (at truck2 s2),(at driver2 s2),(at package3 s0),(at package2 s0),(at package1 s1),(at truck1 s0):False:11.0,15.0:6918.0,2503.0
driverlog-optimal/50/driverlog_p05_hyp-1_50_1.tar.bz2:2.42315793037:0.609375:2.25
> (at driver3 s0),(at package1 s2),(at truck1 s1),(at package2 s2),(at truck3 s1),(at truck2 s0):False:8.0,16.0:9800.0,3361.0
> (at package1 s2),(at driver2 s2),(at package2 s1),(at truck1 s2),(at truck3 s0),(at truck2 s1):False:11.0,15.0:9800.0,3361.0
> (at driver2 s0),(at package1 s2),(at package2 s1),(at truck1 s2),(at truck3 s0),(at truck2 s1):False:9.0,14.0:9800.0,3361.0
> (at package2 s2),(at truck2 s0),(at driver2 s2),(at package1 s1),(at truck3 s1),(at truck1 s1):False:10.0,18.0:9800.0,3361.0
> (at package1 s2),(at package2 s1),(at truck3 s2),(at truck1 s2),(at driver3 s2),(at truck2 s1):True:11.0,14.0:9800.0,3361.0
> (at driver1 s0),(at package2 s2),(at truck2 s2),(at package1 s1),(at truck3 s2),(at truck1 s1):False:9.0,17.0:9800.0,3361.0
driverlog-optimal/50/driverlog_p05_hyp-2_50_1.tar.bz2:2.04538393021:0.5:1.93
> (at driver3 s0),(at package1 s2),(at truck1 s1),(at package2 s2),(at truck3 s1),(at truck2 s0):False:8.0,18.0:9799.0,3360.0
> (at package1 s2),(at driver2 s2),(at package2 s1),(at truck1 s2),(at truck3 s0),(at truck2 s1):True:11.0,14.0:9799.0,3360.0
> (at driver2 s0),(at package1 s2),(at package2 s1),(at truck1 s2),(at truck3 s0),(at truck2 s1):False:9.0,13.0:9799.0,3360.0
> (at package2 s2),(at truck2 s0),(at driver2 s2),(at package1 s1),(at truck3 s1),(at truck1 s1):False:10.0,19.0:9799.0,3360.0
> (at package1 s2),(at package2 s1),(at truck3 s2),(at truck1 s2),(at driver3 s2),(at truck2 s1):False:11.0,15.0:9799.0,3360.0
> (at driver1 s0),(at package2 s2),(at truck2 s2),(at package1 s1),(at truck3 s2),(at truck1 s1):False:9.0,17.0:9799.0,3360.0
driverlog-optimal/70/driverlog_p03_hyp-1_70_1.tar.bz2:2.67913198471:0.296875:2.39
> (at driver1 s0),(at package2 s2),(at package1 s0),(at truck1 s0):False:6.0,15.0:2734.0,1167.0
> (at truck1 s2),(at driver1 s1),(at package1 s2),(at package2 s1):False:10.0,18.0:2734.0,1167.0
> (at truck1 s2),(at driver1 s2),(at package1 s1),(at package2 s0):False:6.0,11.0:2734.0,1167.0
> (at driver1 s0),(at package2 s2),(at package1 s0),(at truck1 s2):False:9.0,18.0:2734.0,1167.0
> (at driver1 s2),(at truck1 s1),(at package1 s1),(at package2 s0):False:5.0,11.0:2734.0,1167.0
> (at driver1 s1),(at truck1 s1),(at package2 s1),(at package1 s0):False:7.0,17.0:2734.0,1167.0
> (at driver1 s1),(at package1 s2),(at package2 s1),(at truck1 s0):False:9.0,15.0:2734.0,1167.0
> (at package2 s0),(at driver1 s2),(at package1 s1),(at truck1 s0):True:4.0,8.0:2734.0,1167.0
driverlog-optimal/70/driverlog_p03_hyp-2_70_1.tar.bz2:3.21314001083:0.296875:2.69
> (at driver1 s0),(at package2 s2),(at package1 s0),(at truck1 s0):False:6.0,20.0:2738.0,1171.0
> (at truck1 s2),(at driver1 s1),(at package1 s2),(at package2 s1):True:10.0,13.0:2738.0,1171.0
> (at truck1 s2),(at driver1 s2),(at package1 s1),(at package2 s0):False:6.0,17.0:2738.0,1171.0
> (at driver1 s0),(at package2 s2),(at package1 s0),(at truck1 s2):False:9.0,19.0:2738.0,1171.0
> (at driver1 s2),(at truck1 s1),(at package1 s1),(at package2 s0):False:5.0,18.0:2738.0,1171.0
> (at driver1 s1),(at truck1 s1),(at package2 s1),(at package1 s0):False:7.0,16.0:2738.0,1171.0
> (at driver1 s1),(at package1 s2),(at package2 s1),(at truck1 s0):False:9.0,14.0:2738.0,1171.0
> (at package2 s0),(at driver1 s2),(at package1 s1),(at truck1 s0):False:4.0,18.0:2738.0,1171.0
driverlog-optimal/70/driverlog_p04_hyp-1_70_1.tar.bz2:2.16966795921:0.484375:1.87
> (at package1 s2),(at package3 s1),(at package2 s1),(at truck1 s2),(at driver3 s2),(at truck2 s0):False:13.0,17.0:6922.0,2507.0
> (at driver1 s0),(at package2 s2),(at truck2 s2),(at package3 s0),(at package1 s1),(at truck1 s1):False:12.0,21.0:6922.0,2507.0
> (at driver2 s0),(at package1 s2),(at package3 s1),(at package2 s1),(at truck1 s0),(at truck2 s1):False:10.0,15.0:6922.0,2507.0
> (at driver2 s1),(at truck1 s1),(at package3 s0),(at package1 s1),(at package2 s0),(at truck2 s0):False:10.0,20.0:6922.0,2507.0
> (at package1 s2),(at package3 s1),(at driver2 s2),(at package2 s1),(at truck1 s2),(at truck2 s1):True:12.0,13.0:6922.0,2507.0
> (at truck2 s2),(at driver2 s2),(at package3 s0),(at package2 s0),(at package1 s1),(at truck1 s0):False:11.0,19.0:6922.0,2507.0
driverlog-optimal/70/driverlog_p04_hyp-2_70_1.tar.bz2:2.01374983788:0.390625:1.84
> (at package1 s2),(at package3 s1),(at package2 s1),(at truck1 s2),(at driver3 s2),(at truck2 s0):False:13.0,19.0:6920.0,2505.0
> (at driver1 s0),(at package2 s2),(at truck2 s2),(at package3 s0),(at package1 s1),(at truck1 s1):False:12.0,15.0:6920.0,2505.0
> (at driver2 s0),(at package1 s2),(at package3 s1),(at package2 s1),(at truck1 s0),(at truck2 s1):False:10.0,18.0:6920.0,2505.0
> (at driver2 s1),(at truck1 s1),(at package3 s0),(at package1 s1),(at package2 s0),(at truck2 s0):True:10.0,11.0:6920.0,2505.0
> (at package1 s2),(at package3 s1),(at driver2 s2),(at package2 s1),(at truck1 s2),(at truck2 s1):False:12.0,18.0:6920.0,2505.0
> (at truck2 s2),(at driver2 s2),(at package3 s0),(at package2 s0),(at package1 s1),(at truck1 s0):False:11.0,16.0:6920.0,2505.0
driverlog-optimal/70/driverlog_p05_hyp-1_70_1.tar.bz2:2.47888994217:0.546875:2.24
> (at driver3 s0),(at package1 s2),(at truck1 s1),(at package2 s2),(at truck3 s1),(at truck2 s0):False:8.0,16.0:9803.0,3364.0
> (at package1 s2),(at driver2 s2),(at package2 s1),(at truck1 s2),(at truck3 s0),(at truck2 s1):True:11.0,15.0:9803.0,3364.0
> (at driver2 s0),(at package1 s2),(at package2 s1),(at truck1 s2),(at truck3 s0),(at truck2 s1):False:9.0,17.0:9803.0,3364.0
> (at package2 s2),(at truck2 s0),(at driver2 s2),(at package1 s1),(at truck3 s1),(at truck1 s1):False:10.0,18.0:9803.0,3364.0
> (at package1 s2),(at package2 s1),(at truck3 s2),(at truck1 s2),(at driver3 s2),(at truck2 s1):False:11.0,17.0:9803.0,3364.0
> (at driver1 s0),(at package2 s2),(at truck2 s2),(at package1 s1),(at truck3 s2),(at truck1 s1):False:9.0,20.0:9803.0,3364.0
driverlog-optimal/70/driverlog_p05_hyp-2_70_1.tar.bz2:2.5290620327:0.6875:2.31
> (at driver3 s0),(at package1 s2),(at truck1 s1),(at package2 s2),(at truck3 s1),(at truck2 s0):False:8.0,19.0:9802.0,3363.0
> (at package1 s2),(at driver2 s2),(at package2 s1),(at truck1 s2),(at truck3 s0),(at truck2 s1):True:11.0,16.0:9802.0,3363.0
> (at driver2 s0),(at package1 s2),(at package2 s1),(at truck1 s2),(at truck3 s0),(at truck2 s1):True:9.0,14.0:9802.0,3363.0
> (at package2 s2),(at truck2 s0),(at driver2 s2),(at package1 s1),(at truck3 s1),(at truck1 s1):False:10.0,22.0:9802.0,3363.0
> (at package1 s2),(at package2 s1),(at truck3 s2),(at truck1 s2),(at driver3 s2),(at truck2 s1):True:11.0,16.0:9802.0,3363.0
> (at driver1 s0),(at package2 s2),(at truck2 s2),(at package1 s1),(at truck3 s2),(at truck1 s1):False:9.0,22.0:9802.0,3363.0
driverlog-optimal/100/driverlog_p03_hyp-1_full.tar.bz2:2.0394821167:0.171875:1.79
> (at driver1 s0),(at package2 s2),(at package1 s0),(at truck1 s0):False:6.0,16.0:2736.0,1169.0
> (at truck1 s2),(at driver1 s1),(at package1 s2),(at package2 s1):False:10.0,18.0:2736.0,1169.0
> (at truck1 s2),(at driver1 s2),(at package1 s1),(at package2 s0):False:6.0,11.0:2736.0,1169.0
> (at driver1 s0),(at package2 s2),(at package1 s0),(at truck1 s2):False:9.0,19.0:2736.0,1169.0
> (at driver1 s2),(at truck1 s1),(at package1 s1),(at package2 s0):False:5.0,11.0:2736.0,1169.0
> (at driver1 s1),(at truck1 s1),(at package2 s1),(at package1 s0):False:7.0,17.0:2736.0,1169.0
> (at driver1 s1),(at package1 s2),(at package2 s1),(at truck1 s0):False:9.0,15.0:2736.0,1169.0
> (at package2 s0),(at driver1 s2),(at package1 s1),(at truck1 s0):True:4.0,8.0:2736.0,1169.0
driverlog-optimal/100/driverlog_p03_hyp-2_full.tar.bz2:2.21226787567:0.21875:1.78
> (at driver1 s0),(at package2 s2),(at package1 s0),(at truck1 s0):False:6.0,20.0:2741.0,1174.0
> (at truck1 s2),(at driver1 s1),(at package1 s2),(at package2 s1):True:10.0,13.0:2741.0,1174.0
> (at truck1 s2),(at driver1 s2),(at package1 s1),(at package2 s0):False:6.0,19.0:2741.0,1174.0
> (at driver1 s0),(at package2 s2),(at package1 s0),(at truck1 s2):False:9.0,19.0:2741.0,1174.0
> (at driver1 s2),(at truck1 s1),(at package1 s1),(at package2 s0):False:5.0,20.0:2741.0,1174.0
> (at driver1 s1),(at truck1 s1),(at package2 s1),(at package1 s0):False:7.0,16.0:2741.0,1174.0
> (at driver1 s1),(at package1 s2),(at package2 s1),(at truck1 s0):False:9.0,14.0:2741.0,1174.0
> (at package2 s0),(at driver1 s2),(at package1 s1),(at truck1 s0):False:4.0,20.0:2741.0,1174.0
driverlog-optimal/100/driverlog_p04_hyp-1_full.tar.bz2:2.12017512321:0.4375:1.78
> (at package1 s2),(at package3 s1),(at package2 s1),(at truck1 s2),(at driver3 s2),(at truck2 s0):False:13.0,17.0:6925.0,2510.0
> (at driver1 s0),(at package2 s2),(at truck2 s2),(at package3 s0),(at package1 s1),(at truck1 s1):False:12.0,24.0:6925.0,2510.0
> (at driver2 s0),(at package1 s2),(at package3 s1),(at package2 s1),(at truck1 s0),(at truck2 s1):False:10.0,16.0:6925.0,2510.0
> (at driver2 s1),(at truck1 s1),(at package3 s0),(at package1 s1),(at package2 s0),(at truck2 s0):False:10.0,24.0:6925.0,2510.0
> (at package1 s2),(at package3 s1),(at driver2 s2),(at package2 s1),(at truck1 s2),(at truck2 s1):True:12.0,13.0:6925.0,2510.0
> (at truck2 s2),(at driver2 s2),(at package3 s0),(at package2 s0),(at package1 s1),(at truck1 s0):False:11.0,22.0:6925.0,2510.0
driverlog-optimal/100/driverlog_p04_hyp-2_full.tar.bz2:2.46268582344:0.5:2.23
> (at package1 s2),(at package3 s1),(at package2 s1),(at truck1 s2),(at driver3 s2),(at truck2 s0):False:13.0,21.0:6923.0,2508.0
> (at driver1 s0),(at package2 s2),(at truck2 s2),(at package3 s0),(at package1 s1),(at truck1 s1):False:12.0,15.0:6923.0,2508.0
> (at driver2 s0),(at package1 s2),(at package3 s1),(at package2 s1),(at truck1 s0),(at truck2 s1):False:10.0,21.0:6923.0,2508.0
> (at driver2 s1),(at truck1 s1),(at package3 s0),(at package1 s1),(at package2 s0),(at truck2 s0):True:10.0,11.0:6923.0,2508.0
> (at package1 s2),(at package3 s1),(at driver2 s2),(at package2 s1),(at truck1 s2),(at truck2 s1):False:12.0,21.0:6923.0,2508.0
> (at truck2 s2),(at driver2 s2),(at package3 s0),(at package2 s0),(at package1 s1),(at truck1 s0):False:11.0,16.0:6923.0,2508.0
driverlog-optimal/100/driverlog_p05_hyp-1_full.tar.bz2:2.62765908241:0.59375:2.31
> (at driver3 s0),(at package1 s2),(at truck1 s1),(at package2 s2),(at truck3 s1),(at truck2 s0):False:8.0,21.0:9807.0,3368.0
> (at package1 s2),(at driver2 s2),(at package2 s1),(at truck1 s2),(at truck3 s0),(at truck2 s1):True:11.0,15.0:9807.0,3368.0
> (at driver2 s0),(at package1 s2),(at package2 s1),(at truck1 s2),(at truck3 s0),(at truck2 s1):False:9.0,17.0:9807.0,3368.0
> (at package2 s2),(at truck2 s0),(at driver2 s2),(at package1 s1),(at truck3 s1),(at truck1 s1):False:10.0,23.0:9807.0,3368.0
> (at package1 s2),(at package2 s1),(at truck3 s2),(at truck1 s2),(at driver3 s2),(at truck2 s1):False:11.0,18.0:9807.0,3368.0
> (at driver1 s0),(at package2 s2),(at truck2 s2),(at package1 s1),(at truck3 s2),(at truck1 s1):False:9.0,25.0:9807.0,3368.0
driverlog-optimal/100/driverlog_p05_hyp-2_full.tar.bz2:2.86532902718:0.703125:2.58
> (at driver3 s0),(at package1 s2),(at truck1 s1),(at package2 s2),(at truck3 s1),(at truck2 s0):False:8.0,21.0:9806.0,3367.0
> (at package1 s2),(at driver2 s2),(at package2 s1),(at truck1 s2),(at truck3 s0),(at truck2 s1):True:11.0,16.0:9806.0,3367.0
> (at driver2 s0),(at package1 s2),(at package2 s1),(at truck1 s2),(at truck3 s0),(at truck2 s1):True:9.0,14.0:9806.0,3367.0
> (at package2 s2),(at truck2 s0),(at driver2 s2),(at package1 s1),(at truck3 s1),(at truck1 s1):False:10.0,24.0:9806.0,3367.0
> (at package1 s2),(at package2 s1),(at truck3 s2),(at truck1 s2),(at driver3 s2),(at truck2 s1):True:11.0,16.0:9806.0,3367.0
> (at driver1 s0),(at package2 s2),(at truck2 s2),(at package1 s1),(at truck3 s2),(at truck1 s1):False:9.0,24.0:9806.0,3367.0
