dwr-optimal-old-noisy/10/dwr_noisy_p02_hyp-1_10_1.tar.bz2:0.846949100494:0.09023448:0.85
> 0:True:5,7:6946,1532
> 1:False:5,8:6946,1532
> 2:True:5,7:6946,1532
> 3:False:5,8:6946,1532
> 4:False:5,8:6946,1532
> 5:False:5,8:6946,1532
> 6:False:5,8:6946,1532
> 7:False:5,8:6946,1532
dwr-optimal-old-noisy/10/dwr_noisy_p02_hyp-1_10_2.tar.bz2:0.860280990601:0.0935333:0.85
> 0:False:5,7:6947,1535
> 1:False:5,7:6947,1535
> 2:False:5,8:6947,1535
> 3:False:5,7:6947,1535
> 4:False:5,7:6947,1535
> 5:True:5,6:6947,1535
> 6:True:5,6:6947,1535
> 7:False:5,7:6947,1535
dwr-optimal-old-noisy/10/dwr_noisy_p02_hyp-1_10_3.tar.bz2:0.864867210388:0.10007082:0.87
> 0:True:5,5:6947,1535
> 1:False:5,6:6947,1535
> 2:False:5,6:6947,1535
> 3:False:5,7:6947,1535
> 4:False:5,7:6947,1535
> 5:False:5,6:6947,1535
> 6:False:5,7:6947,1535
> 7:False:5,7:6947,1535
dwr-optimal-old-noisy/10/dwr_noisy_p02_hyp-2_10_1.tar.bz2:0.836933851242:0.08627599:0.84
> 0:False:5,8:6946,1532
> 1:True:5,7:6946,1532
> 2:False:5,8:6946,1532
> 3:False:5,8:6946,1532
> 4:False:5,8:6946,1532
> 5:False:5,8:6946,1532
> 6:False:5,8:6946,1532
> 7:True:5,7:6946,1532
dwr-optimal-old-noisy/10/dwr_noisy_p02_hyp-2_10_2.tar.bz2:0.851676940918:0.08348116:0.86
> 0:False:5,9:6946,1532
> 1:True:5,7:6946,1532
> 2:False:5,9:6946,1532
> 3:False:5,9:6946,1532
> 4:False:5,9:6946,1532
> 5:False:5,8:6946,1532
> 6:False:5,8:6946,1532
> 7:True:5,7:6946,1532
dwr-optimal-old-noisy/10/dwr_noisy_p02_hyp-2_10_3.tar.bz2:0.858516931534:0.09483029:0.86
> 0:True:5,8:6947,1535
> 1:True:5,8:6947,1535
> 2:True:5,8:6947,1535
> 3:True:5,8:6947,1535
> 4:True:5,8:6947,1535
> 5:True:5,8:6947,1535
> 6:True:5,8:6947,1535
> 7:True:5,8:6947,1535
dwr-optimal-old-noisy/10/dwr_noisy_p02_hyp-3_10_1.tar.bz2:0.87486410141:0.0920416:0.88
> 0:False:5,9:6946,1532
> 1:True:5,8:6946,1532
> 2:False:5,9:6946,1532
> 3:True:5,8:6946,1532
> 4:True:5,8:6946,1532
> 5:True:5,8:6946,1532
> 6:False:5,9:6946,1532
> 7:False:5,9:6946,1532
dwr-optimal-old-noisy/10/dwr_noisy_p02_hyp-3_10_2.tar.bz2:0.862319946289:0.09385221:0.86
> 0:True:5,8:6947,1535
> 1:True:5,8:6947,1535
> 2:False:5,9:6947,1535
> 3:False:5,9:6947,1535
> 4:False:5,9:6947,1535
> 5:True:5,8:6947,1535
> 6:False:5,9:6947,1535
> 7:False:5,9:6947,1535
dwr-optimal-old-noisy/10/dwr_noisy_p02_hyp-3_10_3.tar.bz2:0.847990989685:0.08199018:0.85
> 0:True:5,7:6946,1532
> 1:True:5,7:6946,1532
> 2:True:5,7:6946,1532
> 3:True:5,7:6946,1532
> 4:True:5,7:6946,1532
> 5:True:5,7:6946,1532
> 6:True:5,7:6946,1532
> 7:True:5,7:6946,1532
dwr-optimal-old-noisy/10/dwr_noisy_p02_hyp-4_10_1.tar.bz2:0.835494041443:0.08836602:0.84
> 0:False:5,7:6947,1535
> 1:False:5,7:6947,1535
> 2:False:5,8:6947,1535
> 3:False:5,7:6947,1535
> 4:False:5,7:6947,1535
> 5:True:5,6:6947,1535
> 6:True:5,6:6947,1535
> 7:False:5,7:6947,1535
dwr-optimal-old-noisy/10/dwr_noisy_p02_hyp-4_10_2.tar.bz2:0.863029003143:0.0867315:0.86
> 0:False:5,8:6947,1535
> 1:False:5,8:6947,1535
> 2:False:5,8:6947,1535
> 3:False:5,7:6947,1535
> 4:False:5,7:6947,1535
> 5:False:5,7:6947,1535
> 6:True:5,6:6947,1535
> 7:False:5,8:6947,1535
dwr-optimal-old-noisy/10/dwr_noisy_p02_hyp-4_10_3.tar.bz2:0.857940912247:0.08948221:0.85
> 0:True:5,6:6947,1535
> 1:False:5,7:6947,1535
> 2:False:5,7:6947,1535
> 3:False:5,7:6947,1535
> 4:False:5,8:6947,1535
> 5:True:5,6:6947,1535
> 6:True:5,6:6947,1535
> 7:True:5,6:6947,1535
dwr-optimal-old-noisy/10/dwr_noisy_p04_hyp-1_10_1.tar.bz2:0.708930015564:0.0845866:0.71
> 0:False:3,7:9962,1918
> 1:False:3,7:9962,1918
> 2:True:4,7:9962,1918
> 3:False:3,7:9962,1918
> 4:False:3,7:9962,1918
> 5:False:3,7:9962,1918
dwr-optimal-old-noisy/10/dwr_noisy_p04_hyp-1_10_2.tar.bz2:0.673895835876:0.0752411:0.67
> 0:True:3,7:9962,1918
> 1:True:3,7:9962,1918
> 2:True:4,8:9962,1918
> 3:True:3,7:9962,1918
> 4:True:3,7:9962,1918
> 5:True:3,7:9962,1918
dwr-optimal-old-noisy/10/dwr_noisy_p04_hyp-1_10_3.tar.bz2:0.685237884521:0.0810687:0.68
> 0:True:3,7:9962,1918
> 1:True:3,7:9962,1918
> 2:True:4,8:9962,1918
> 3:True:3,7:9962,1918
> 4:True:3,7:9962,1918
> 5:True:3,7:9962,1918
dwr-optimal-old-noisy/10/dwr_noisy_p04_hyp-2_10_1.tar.bz2:0.685763120651:0.0796959:0.69
> 0:False:3,7:9962,1918
> 1:False:3,6:9962,1918
> 2:True:4,6:9962,1918
> 3:False:3,6:9962,1918
> 4:False:3,7:9962,1918
> 5:False:3,7:9962,1918
dwr-optimal-old-noisy/10/dwr_noisy_p04_hyp-2_10_2.tar.bz2:0.689855098724:0.0846662:0.7
> 0:True:3,6:9962,1918
> 1:True:3,6:9962,1918
> 2:True:4,7:9962,1918
> 3:True:3,6:9962,1918
> 4:True:3,6:9962,1918
> 5:True:3,6:9962,1918
dwr-optimal-old-noisy/10/dwr_noisy_p04_hyp-2_10_3.tar.bz2:0.685213088989:0.0783002:0.68
> 0:False:3,7:9962,1918
> 1:False:3,6:9962,1918
> 2:True:4,6:9962,1918
> 3:False:3,6:9962,1918
> 4:False:3,7:9962,1918
> 5:False:3,7:9962,1918
dwr-optimal-old-noisy/10/dwr_noisy_p04_hyp-3_10_1.tar.bz2:0.681589841843:0.0793724:0.68
> 0:False:3,7:9963,1921
> 1:False:3,7:9963,1921
> 2:True:4,7:9963,1921
> 3:False:3,7:9963,1921
> 4:True:3,6:9963,1921
> 5:False:3,7:9963,1921
dwr-optimal-old-noisy/10/dwr_noisy_p04_hyp-3_10_2.tar.bz2:0.695441007614:0.079921:0.7
> 0:False:3,6:9962,1918
> 1:False:3,5:9962,1918
> 2:True:4,5:9962,1918
> 3:False:3,5:9962,1918
> 4:False:3,6:9962,1918
> 5:False:3,6:9962,1918
dwr-optimal-old-noisy/10/dwr_noisy_p04_hyp-3_10_3.tar.bz2:0.700345993042:0.0795245:0.7
> 0:False:3,6:9963,1921
> 1:False:3,6:9963,1921
> 2:True:4,6:9963,1921
> 3:False:3,6:9963,1921
> 4:True:3,5:9963,1921
> 5:False:3,6:9963,1921
dwr-optimal-old-noisy/10/dwr_noisy_p04_hyp-4_10_1.tar.bz2:0.692956209183:0.0832197:0.7
> 0:False:3,5:9963,1921
> 1:False:3,5:9963,1921
> 2:True:4,5:9963,1921
> 3:False:3,5:9963,1921
> 4:True:3,4:9963,1921
> 5:False:3,5:9963,1921
dwr-optimal-old-noisy/10/dwr_noisy_p04_hyp-4_10_2.tar.bz2:0.705696821213:0.0849091:0.71
> 0:False:3,6:9963,1921
> 1:False:3,5:9963,1921
> 2:True:4,5:9963,1921
> 3:False:3,5:9963,1921
> 4:False:3,6:9963,1921
> 5:False:3,6:9963,1921
dwr-optimal-old-noisy/10/dwr_noisy_p04_hyp-4_10_3.tar.bz2:0.686673879623:0.0862029:0.69
> 0:False:3,8:9962,1918
> 1:False:3,8:9962,1918
> 2:True:4,8:9962,1918
> 3:False:3,8:9962,1918
> 4:False:3,8:9962,1918
> 5:False:3,8:9962,1918
dwr-optimal-old-noisy/10/dwr_noisy_p05_hyp-1_10_1.tar.bz2:1.08552408218:0.1946185:1.1
> 0:True:5,9:39257,4369
> 1:True:5,9:39257,4369
> 2:False:5,10:39257,4369
> 3:False:4,10:39257,4369
> 4:False:4,9:39257,4369
> 5:False:4,10:39257,4369
dwr-optimal-old-noisy/10/dwr_noisy_p05_hyp-1_10_2.tar.bz2:1.10316205025:0.2047778:1.1
> 0:True:5,8:39258,4372
> 1:True:5,8:39258,4372
> 2:False:5,9:39258,4372
> 3:False:4,9:39258,4372
> 4:False:4,8:39258,4372
> 5:False:4,8:39258,4372
dwr-optimal-old-noisy/10/dwr_noisy_p05_hyp-1_10_3.tar.bz2:1.10759282112:0.2054772:1.12
> 0:True:5,11:39258,4372
> 1:True:5,11:39258,4372
> 2:True:5,11:39258,4372
> 3:False:4,11:39258,4372
> 4:True:4,10:39258,4372
> 5:True:4,10:39258,4372
dwr-optimal-old-noisy/10/dwr_noisy_p05_hyp-2_10_1.tar.bz2:1.08272099495:0.2098442:1.08
> 0:True:5,10:39258,4372
> 1:True:5,10:39258,4372
> 2:True:5,10:39258,4372
> 3:True:4,9:39258,4372
> 4:False:4,10:39258,4372
> 5:False:4,10:39258,4372
dwr-optimal-old-noisy/10/dwr_noisy_p05_hyp-2_10_2.tar.bz2:1.11124801636:0.2166957:1.11
> 0:True:5,10:39256,4366
> 1:True:5,10:39256,4366
> 2:True:5,10:39256,4366
> 3:True:4,9:39256,4366
> 4:False:4,10:39256,4366
> 5:False:4,10:39256,4366
dwr-optimal-old-noisy/10/dwr_noisy_p05_hyp-2_10_3.tar.bz2:1.12567210197:0.2123365:1.13
> 0:False:5,10:39256,4366
> 1:False:5,10:39256,4366
> 2:True:5,9:39256,4366
> 3:False:4,9:39256,4366
> 4:False:4,9:39256,4366
> 5:False:4,9:39256,4366
dwr-optimal-old-noisy/10/dwr_noisy_p05_hyp-3_10_1.tar.bz2:1.07693982124:0.1625197:1.08
dwr-optimal-old-noisy/10/dwr_noisy_p05_hyp-3_10_2.tar.bz2:1.1153678894:0.2083796:1.11
> 0:True:5,10:39257,4369
> 1:True:5,10:39257,4369
> 2:True:5,10:39257,4369
> 3:True:4,9:39257,4369
> 4:False:4,10:39257,4369
> 5:False:4,10:39257,4369
dwr-optimal-old-noisy/10/dwr_noisy_p05_hyp-3_10_3.tar.bz2:1.09367394447:0.2105741:1.09
> 0:True:5,10:39257,4369
> 1:True:5,10:39257,4369
> 2:True:5,10:39257,4369
> 3:False:4,10:39257,4369
> 4:False:4,10:39257,4369
> 5:False:4,10:39257,4369
dwr-optimal-old-noisy/10/dwr_noisy_p05_hyp-4_10_1.tar.bz2:1.09610104561:0.2020241:1.1
> 0:False:5,12:39256,4366
> 1:False:5,12:39256,4366
> 2:True:5,11:39256,4366
> 3:False:4,11:39256,4366
> 4:False:4,12:39256,4366
> 5:False:4,12:39256,4366
dwr-optimal-old-noisy/10/dwr_noisy_p05_hyp-4_10_2.tar.bz2:1.11721611023:0.2141055:1.11
> 0:True:5,12:39256,4366
> 1:True:5,12:39256,4366
> 2:True:5,12:39256,4366
> 3:True:4,11:39256,4366
> 4:True:4,11:39256,4366
> 5:True:4,11:39256,4366
dwr-optimal-old-noisy/10/dwr_noisy_p05_hyp-4_10_3.tar.bz2:1.08962798119:0.1999341:1.09
> 0:True:5,11:39257,4369
> 1:True:5,11:39257,4369
> 2:True:5,11:39257,4369
> 3:True:4,10:39257,4369
> 4:False:4,11:39257,4369
> 5:False:4,11:39257,4369
dwr-optimal-old-noisy/30/dwr_noisy_p02_hyp-1_30_1.tar.bz2:0.860635995865:0.0940556:0.86
> 0:True:5,10:6949,1541
> 1:False:5,11:6949,1541
> 2:False:5,11:6949,1541
> 3:False:5,11:6949,1541
> 4:False:5,11:6949,1541
> 5:True:5,10:6949,1541
> 6:True:5,10:6949,1541
> 7:True:5,10:6949,1541
dwr-optimal-old-noisy/30/dwr_noisy_p02_hyp-1_30_2.tar.bz2:0.84271812439:0.09021065:0.83
> 0:False:5,9:6949,1541
> 1:False:5,10:6949,1541
> 2:False:5,9:6949,1541
> 3:False:5,9:6949,1541
> 4:True:5,8:6949,1541
> 5:False:5,10:6949,1541
> 6:False:5,10:6949,1541
> 7:False:5,9:6949,1541
dwr-optimal-old-noisy/30/dwr_noisy_p02_hyp-1_30_3.tar.bz2:0.866319894791:0.0996098:0.87
> 0:True:5,8:6949,1541
> 1:False:5,9:6949,1541
> 2:False:5,9:6949,1541
> 3:False:5,10:6949,1541
> 4:False:5,9:6949,1541
> 5:False:5,9:6949,1541
> 6:False:5,9:6949,1541
> 7:False:5,9:6949,1541
dwr-optimal-old-noisy/30/dwr_noisy_p02_hyp-2_30_1.tar.bz2:0.852323055267:0.10061613:0.86
> 0:False:5,10:6949,1541
> 1:True:5,9:6949,1541
> 2:True:5,9:6949,1541
> 3:False:5,11:6949,1541
> 4:False:5,11:6949,1541
> 5:False:5,10:6949,1541
> 6:False:5,10:6949,1541
> 7:False:5,10:6949,1541
dwr-optimal-old-noisy/30/dwr_noisy_p02_hyp-2_30_2.tar.bz2:0.850131988525:0.08743839:0.85
> 0:True:5,11:6949,1541
> 1:True:5,11:6949,1541
> 2:True:5,11:6949,1541
> 3:False:5,12:6949,1541
> 4:False:5,12:6949,1541
> 5:False:5,12:6949,1541
> 6:False:5,12:6949,1541
> 7:True:5,11:6949,1541
dwr-optimal-old-noisy/30/dwr_noisy_p02_hyp-2_30_3.tar.bz2:0.861721992493:0.0984553:0.87
> 0:False:5,11:6947,1535
> 1:True:5,9:6947,1535
> 2:False:5,11:6947,1535
> 3:False:5,10:6947,1535
> 4:False:5,10:6947,1535
> 5:False:5,10:6947,1535
> 6:False:5,10:6947,1535
> 7:True:5,9:6947,1535
dwr-optimal-old-noisy/30/dwr_noisy_p02_hyp-3_30_1.tar.bz2:0.872735023499:0.08947587:0.87
> 0:True:5,9:6949,1541
> 1:False:5,10:6949,1541
> 2:True:5,9:6949,1541
> 3:False:5,10:6949,1541
> 4:True:5,9:6949,1541
> 5:False:5,10:6949,1541
> 6:False:5,10:6949,1541
> 7:True:5,9:6949,1541
dwr-optimal-old-noisy/30/dwr_noisy_p02_hyp-3_30_2.tar.bz2:0.871643066406:0.10037877:0.88
> 0:True:5,10:6949,1541
> 1:False:5,11:6949,1541
> 2:False:5,11:6949,1541
> 3:False:5,12:6949,1541
> 4:False:5,11:6949,1541
> 5:False:5,11:6949,1541
> 6:False:5,12:6949,1541
> 7:False:5,11:6949,1541
dwr-optimal-old-noisy/30/dwr_noisy_p02_hyp-3_30_3.tar.bz2:0.844671010971:0.08529:0.84
> 0:True:5,8:6948,1538
> 1:False:5,10:6948,1538
> 2:True:5,8:6948,1538
> 3:False:5,10:6948,1538
> 4:False:5,9:6948,1538
> 5:False:5,10:6948,1538
> 6:False:5,10:6948,1538
> 7:False:5,10:6948,1538
dwr-optimal-old-noisy/30/dwr_noisy_p02_hyp-4_30_1.tar.bz2:0.867594957352:0.0982536:0.87
> 0:False:5,8:6949,1541
> 1:False:5,8:6949,1541
> 2:False:5,9:6949,1541
> 3:False:5,8:6949,1541
> 4:True:5,7:6949,1541
> 5:False:5,8:6949,1541
> 6:False:5,9:6949,1541
> 7:False:5,9:6949,1541
dwr-optimal-old-noisy/30/dwr_noisy_p02_hyp-4_30_2.tar.bz2:0.85037112236:0.07495826:0.84
dwr-optimal-old-noisy/30/dwr_noisy_p02_hyp-4_30_3.tar.bz2:0.85097694397:0.09758227:0.85
> 0:True:5,8:6948,1538
> 1:True:5,8:6948,1538
> 2:True:5,8:6948,1538
> 3:True:5,8:6948,1538
> 4:True:5,8:6948,1538
> 5:True:5,8:6948,1538
> 6:False:5,9:6948,1538
> 7:False:5,9:6948,1538
dwr-optimal-old-noisy/30/dwr_noisy_p04_hyp-1_30_1.tar.bz2:0.686331033707:0.0751971:0.68
> 0:True:3,7:9965,1927
> 1:False:3,8:9965,1927
> 2:True:4,8:9965,1927
> 3:False:3,8:9965,1927
> 4:True:3,7:9965,1927
> 5:True:3,7:9965,1927
dwr-optimal-old-noisy/30/dwr_noisy_p04_hyp-1_30_2.tar.bz2:0.694720983505:0.0758995:0.7
> 0:True:3,7:9965,1927
> 1:False:3,8:9965,1927
> 2:True:4,8:9965,1927
> 3:False:3,8:9965,1927
> 4:True:3,7:9965,1927
> 5:True:3,7:9965,1927
dwr-optimal-old-noisy/30/dwr_noisy_p04_hyp-1_30_3.tar.bz2:0.696113109589:0.0799974:0.7
> 0:True:3,9:9964,1924
> 1:True:3,9:9964,1924
> 2:True:4,10:9964,1924
> 3:True:3,9:9964,1924
> 4:True:3,9:9964,1924
> 5:True:3,9:9964,1924
dwr-optimal-old-noisy/30/dwr_noisy_p04_hyp-2_30_1.tar.bz2:0.694662094116:0.0760942:0.7
> 0:False:3,11:9964,1924
> 1:False:3,10:9964,1924
> 2:True:4,10:9964,1924
> 3:False:3,10:9964,1924
> 4:False:3,11:9964,1924
> 5:False:3,11:9964,1924
dwr-optimal-old-noisy/30/dwr_noisy_p04_hyp-2_30_2.tar.bz2:0.697675943375:0.0846733:0.7
> 0:False:3,9:9965,1927
> 1:False:3,9:9965,1927
> 2:True:4,9:9965,1927
> 3:False:3,9:9965,1927
> 4:False:3,9:9965,1927
> 5:False:3,9:9965,1927
dwr-optimal-old-noisy/30/dwr_noisy_p04_hyp-2_30_3.tar.bz2:0.690370798111:0.0752873:0.69
> 0:False:3,10:9964,1924
> 1:False:3,10:9964,1924
> 2:True:4,10:9964,1924
> 3:False:3,10:9964,1924
> 4:False:3,10:9964,1924
> 5:False:3,10:9964,1924
dwr-optimal-old-noisy/30/dwr_noisy_p04_hyp-3_30_1.tar.bz2:0.680913925171:0.0762452:0.68
> 0:False:3,10:9964,1924
> 1:True:3,8:9964,1924
> 2:True:4,9:9964,1924
> 3:True:3,8:9964,1924
> 4:False:3,10:9964,1924
> 5:False:3,10:9964,1924
dwr-optimal-old-noisy/30/dwr_noisy_p04_hyp-3_30_2.tar.bz2:0.695269823074:0.0822367:0.71
> 0:False:3,8:9965,1927
> 1:True:3,7:9965,1927
> 2:False:4,9:9965,1927
> 3:False:3,8:9965,1927
> 4:False:3,8:9965,1927
> 5:False:3,9:9965,1927
dwr-optimal-old-noisy/30/dwr_noisy_p04_hyp-3_30_3.tar.bz2:0.68438410759:0.0766379:0.68
> 0:True:3,8:9965,1927
> 1:True:3,8:9965,1927
> 2:True:4,9:9965,1927
> 3:True:3,8:9965,1927
> 4:True:3,8:9965,1927
> 5:True:3,8:9965,1927
dwr-optimal-old-noisy/30/dwr_noisy_p04_hyp-4_30_1.tar.bz2:0.675068855286:0.0744385:0.68
> 0:False:3,9:9964,1924
> 1:False:3,9:9964,1924
> 2:False:4,10:9964,1924
> 3:False:3,10:9964,1924
> 4:True:3,7:9964,1924
> 5:False:3,9:9964,1924
dwr-optimal-old-noisy/30/dwr_noisy_p04_hyp-4_30_2.tar.bz2:0.69256901741:0.0834929:0.69
> 0:True:3,11:9964,1924
> 1:True:3,11:9964,1924
> 2:True:4,12:9964,1924
> 3:True:3,11:9964,1924
> 4:True:3,11:9964,1924
> 5:True:3,11:9964,1924
dwr-optimal-old-noisy/30/dwr_noisy_p04_hyp-4_30_3.tar.bz2:0.692213058472:0.0805338:0.7
> 0:False:3,8:9965,1927
> 1:False:3,9:9965,1927
> 2:False:4,9:9965,1927
> 3:False:3,9:9965,1927
> 4:True:3,7:9965,1927
> 5:False:3,8:9965,1927
dwr-optimal-old-noisy/30/dwr_noisy_p05_hyp-1_30_1.tar.bz2:1.13536286354:0.2139803:1.13
> 0:True:5,21:39265,4393
> 1:True:5,21:39265,4393
> 2:False:5,22:39265,4393
> 3:False:4,22:39265,4393
> 4:False:4,22:39265,4393
> 5:False:4,23:39265,4393
dwr-optimal-old-noisy/30/dwr_noisy_p05_hyp-1_30_2.tar.bz2:1.11723303795:0.2071343:1.12
> 0:False:5,19:39263,4387
> 1:False:5,20:39263,4387
> 2:False:5,20:39263,4387
> 3:False:4,20:39263,4387
> 4:False:4,18:39263,4387
> 5:True:4,17:39263,4387
dwr-optimal-old-noisy/30/dwr_noisy_p05_hyp-1_30_3.tar.bz2:1.11528587341:0.2083556:1.12
> 0:True:5,20:39266,4396
> 1:True:5,20:39266,4396
> 2:True:5,20:39266,4396
> 3:True:4,19:39266,4396
> 4:False:4,20:39266,4396
> 5:False:4,20:39266,4396
dwr-optimal-old-noisy/30/dwr_noisy_p05_hyp-2_30_1.tar.bz2:1.10718417168:0.2179521:1.1
> 0:False:5,21:39266,4396
> 1:False:5,20:39266,4396
> 2:True:5,19:39266,4396
> 3:False:4,20:39266,4396
> 4:False:4,21:39266,4396
> 5:False:4,20:39266,4396
dwr-optimal-old-noisy/30/dwr_noisy_p05_hyp-2_30_2.tar.bz2:1.12922596931:0.2210998:1.12
> 0:False:5,21:39266,4396
> 1:True:5,19:39266,4396
> 2:False:5,20:39266,4396
> 3:False:4,20:39266,4396
> 4:False:4,21:39266,4396
> 5:False:4,21:39266,4396
dwr-optimal-old-noisy/30/dwr_noisy_p05_hyp-2_30_3.tar.bz2:1.13136696815:0.2114705:1.13
> 0:True:5,19:39268,4402
> 1:True:5,19:39268,4402
> 2:False:5,22:39268,4402
> 3:False:4,22:39268,4402
> 4:False:4,20:39268,4402
> 5:False:4,20:39268,4402
dwr-optimal-old-noisy/30/dwr_noisy_p05_hyp-3_30_1.tar.bz2:1.12678003311:0.2160917:1.13
> 0:True:5,17:39261,4381
> 1:False:5,19:39261,4381
> 2:False:5,19:39261,4381
> 3:False:4,19:39261,4381
> 4:False:4,17:39261,4381
> 5:False:4,18:39261,4381
dwr-optimal-old-noisy/30/dwr_noisy_p05_hyp-3_30_2.tar.bz2:1.09987902641:0.2073672:1.11
> 0:False:5,18:39266,4396
> 1:True:5,17:39266,4396
> 2:False:5,18:39266,4396
> 3:False:4,18:39266,4396
> 4:False:4,17:39266,4396
> 5:False:4,17:39266,4396
dwr-optimal-old-noisy/30/dwr_noisy_p05_hyp-3_30_3.tar.bz2:1.10717701912:0.2127585:1.11
> 0:True:5,17:39266,4396
> 1:True:5,17:39266,4396
> 2:False:5,18:39266,4396
> 3:False:4,18:39266,4396
> 4:False:4,17:39266,4396
> 5:False:4,18:39266,4396
dwr-optimal-old-noisy/30/dwr_noisy_p05_hyp-4_30_1.tar.bz2:1.09332585335:0.2070505:1.1
> 0:False:5,18:39264,4390
> 1:True:5,17:39264,4390
> 2:False:5,18:39264,4390
> 3:True:4,16:39264,4390
> 4:False:4,18:39264,4390
> 5:False:4,18:39264,4390
dwr-optimal-old-noisy/30/dwr_noisy_p05_hyp-4_30_2.tar.bz2:1.09642004967:0.2071269:1.1
> 0:True:5,16:39263,4387
> 1:False:5,17:39263,4387
> 2:False:5,18:39263,4387
> 3:False:4,18:39263,4387
> 4:False:4,17:39263,4387
> 5:False:4,18:39263,4387
dwr-optimal-old-noisy/30/dwr_noisy_p05_hyp-4_30_3.tar.bz2:1.09184789658:0.2093449:1.09
> 0:False:5,17:39264,4390
> 1:True:5,16:39264,4390
> 2:True:5,16:39264,4390
> 3:True:4,15:39264,4390
> 4:False:4,17:39264,4390
> 5:False:4,17:39264,4390
dwr-optimal-old-noisy/50/dwr_noisy_p02_hyp-1_50_1.tar.bz2:0.849779129028:0.08992522:0.85
> 0:True:5,12:6952,1550
> 1:False:5,14:6952,1550
> 2:True:5,12:6952,1550
> 3:False:5,15:6952,1550
> 4:False:5,14:6952,1550
> 5:False:5,14:6952,1550
> 6:False:5,14:6952,1550
> 7:False:5,13:6952,1550
dwr-optimal-old-noisy/50/dwr_noisy_p02_hyp-1_50_2.tar.bz2:0.889253139496:0.10080787:0.89
> 0:True:5,10:6953,1553
> 1:False:5,11:6953,1553
> 2:True:5,10:6953,1553
> 3:False:5,11:6953,1553
> 4:False:5,11:6953,1553
> 5:False:5,11:6953,1553
> 6:False:5,11:6953,1553
> 7:False:5,12:6953,1553
dwr-optimal-old-noisy/50/dwr_noisy_p02_hyp-1_50_3.tar.bz2:0.859929084778:0.09456857:0.86
> 0:True:5,10:6952,1550
> 1:False:5,12:6952,1550
> 2:False:5,11:6952,1550
> 3:False:5,13:6952,1550
> 4:False:5,12:6952,1550
> 5:False:5,12:6952,1550
> 6:False:5,12:6952,1550
> 7:False:5,12:6952,1550
dwr-optimal-old-noisy/50/dwr_noisy_p02_hyp-2_50_1.tar.bz2:0.864189863205:0.09536498:0.86
> 0:False:5,13:6953,1553
> 1:True:5,11:6953,1553
> 2:False:5,12:6953,1553
> 3:False:5,12:6953,1553
> 4:False:5,12:6953,1553
> 5:True:5,11:6953,1553
> 6:False:5,12:6953,1553
> 7:False:5,12:6953,1553
dwr-optimal-old-noisy/50/dwr_noisy_p02_hyp-2_50_2.tar.bz2:0.838083982468:0.08696662:0.84
> 0:True:5,11:6952,1550
> 1:True:5,11:6952,1550
> 2:False:5,12:6952,1550
> 3:False:5,12:6952,1550
> 4:False:5,12:6952,1550
> 5:False:5,12:6952,1550
> 6:False:5,12:6952,1550
> 7:True:5,11:6952,1550
dwr-optimal-old-noisy/50/dwr_noisy_p02_hyp-2_50_3.tar.bz2:0.860347986221:0.09613192:0.86
> 0:False:5,11:6952,1550
> 1:True:5,10:6952,1550
> 2:True:5,10:6952,1550
> 3:False:5,11:6952,1550
> 4:False:5,11:6952,1550
> 5:False:5,11:6952,1550
> 6:False:5,11:6952,1550
> 7:False:5,11:6952,1550
dwr-optimal-old-noisy/50/dwr_noisy_p02_hyp-3_50_1.tar.bz2:0.852494001389:0.0842705:0.85
> 0:True:5,12:6952,1550
> 1:False:5,14:6952,1550
> 2:True:5,12:6952,1550
> 3:False:5,13:6952,1550
> 4:True:5,12:6952,1550
> 5:False:5,13:6952,1550
> 6:False:5,13:6952,1550
> 7:False:5,13:6952,1550
dwr-optimal-old-noisy/50/dwr_noisy_p02_hyp-3_50_2.tar.bz2:0.867227077484:0.10271039:0.87
> 0:False:5,13:6951,1547
> 1:False:5,13:6951,1547
> 2:True:5,12:6951,1547
> 3:False:5,14:6951,1547
> 4:False:5,13:6951,1547
> 5:False:5,14:6951,1547
> 6:False:5,14:6951,1547
> 7:False:5,13:6951,1547
dwr-optimal-old-noisy/50/dwr_noisy_p02_hyp-3_50_3.tar.bz2:0.85057091713:0.09331039:0.85
> 0:True:5,11:6952,1550
> 1:True:5,11:6952,1550
> 2:False:5,12:6952,1550
> 3:False:5,12:6952,1550
> 4:False:5,12:6952,1550
> 5:False:5,12:6952,1550
> 6:False:5,13:6952,1550
> 7:False:5,12:6952,1550
dwr-optimal-old-noisy/50/dwr_noisy_p02_hyp-4_50_1.tar.bz2:0.861273050308:0.1032169:0.86
> 0:False:5,13:6950,1544
> 1:False:5,13:6950,1544
> 2:False:5,13:6950,1544
> 3:True:5,11:6950,1544
> 4:True:5,11:6950,1544
> 5:False:5,12:6950,1544
> 6:False:5,12:6950,1544
> 7:False:5,13:6950,1544
dwr-optimal-old-noisy/50/dwr_noisy_p02_hyp-4_50_2.tar.bz2:0.850206136703:0.09497646:0.86
> 0:False:5,12:6951,1547
> 1:False:5,13:6951,1547
> 2:False:5,12:6951,1547
> 3:True:5,11:6951,1547
> 4:True:5,11:6951,1547
> 5:False:5,13:6951,1547
> 6:False:5,12:6951,1547
> 7:False:5,12:6951,1547
dwr-optimal-old-noisy/50/dwr_noisy_p02_hyp-4_50_3.tar.bz2:0.841506004333:0.08739832:0.85
> 0:True:5,11:6951,1547
> 1:False:5,12:6951,1547
> 2:True:5,11:6951,1547
> 3:True:5,11:6951,1547
> 4:False:5,12:6951,1547
> 5:True:5,11:6951,1547
> 6:True:5,11:6951,1547
> 7:True:5,11:6951,1547
dwr-optimal-old-noisy/50/dwr_noisy_p04_hyp-1_50_1.tar.bz2:0.709084033966:0.0871204:0.71
> 0:True:3,9:9968,1936
> 1:False:3,10:9968,1936
> 2:True:4,10:9968,1936
> 3:False:3,10:9968,1936
> 4:False:3,10:9968,1936
> 5:True:3,9:9968,1936
dwr-optimal-old-noisy/50/dwr_noisy_p04_hyp-1_50_2.tar.bz2:0.707158088684:0.0782855:0.71
> 0:True:3,9:9967,1933
> 1:False:3,11:9967,1933
> 2:False:4,11:9967,1933
> 3:False:3,11:9967,1933
> 4:False:3,10:9967,1933
> 5:True:3,9:9967,1933
dwr-optimal-old-noisy/50/dwr_noisy_p04_hyp-1_50_3.tar.bz2:0.684834957123:0.0721635:0.69
> 0:False:3,9:9966,1930
> 1:False:3,9:9966,1930
> 2:True:4,9:9966,1930
> 3:False:3,9:9966,1930
> 4:False:3,9:9966,1930
> 5:False:3,9:9966,1930
dwr-optimal-old-noisy/50/dwr_noisy_p04_hyp-2_50_1.tar.bz2:0.686872005463:0.07849:0.68
> 0:False:3,12:9967,1933
> 1:False:3,12:9967,1933
> 2:True:4,11:9967,1933
> 3:False:3,12:9967,1933
> 4:False:3,12:9967,1933
> 5:False:3,11:9967,1933
dwr-optimal-old-noisy/50/dwr_noisy_p04_hyp-2_50_2.tar.bz2:0.686511993408:0.0788684:0.7
> 0:False:3,12:9968,1936
> 1:False:3,12:9968,1936
> 2:True:4,11:9968,1936
> 3:False:3,11:9968,1936
> 4:False:3,11:9968,1936
> 5:False:3,11:9968,1936
dwr-optimal-old-noisy/50/dwr_noisy_p04_hyp-2_50_3.tar.bz2:0.681787014008:0.084579:0.68
> 0:False:3,11:9968,1936
> 1:False:3,10:9968,1936
> 2:True:4,10:9968,1936
> 3:False:3,10:9968,1936
> 4:False:3,11:9968,1936
> 5:False:3,11:9968,1936
dwr-optimal-old-noisy/50/dwr_noisy_p04_hyp-3_50_1.tar.bz2:0.696485996246:0.0845123:0.7
> 0:False:3,13:9967,1933
> 1:True:3,10:9967,1933
> 2:False:4,12:9967,1933
> 3:False:3,12:9967,1933
> 4:False:3,12:9967,1933
> 5:False:3,13:9967,1933
dwr-optimal-old-noisy/50/dwr_noisy_p04_hyp-3_50_2.tar.bz2:0.706758975983:0.0854709:0.72
> 0:True:3,10:9968,1936
> 1:False:3,11:9968,1936
> 2:True:4,11:9968,1936
> 3:True:3,10:9968,1936
> 4:False:3,11:9968,1936
> 5:False:3,11:9968,1936
dwr-optimal-old-noisy/50/dwr_noisy_p04_hyp-3_50_3.tar.bz2:0.688951969147:0.0837587:0.69
> 0:False:3,12:9966,1930
> 1:True:3,11:9966,1930
> 2:False:4,13:9966,1930
> 3:False:3,12:9966,1930
> 4:True:3,11:9966,1930
> 5:False:3,12:9966,1930
dwr-optimal-old-noisy/50/dwr_noisy_p04_hyp-4_50_1.tar.bz2:0.703480958939:0.0867316:0.7
> 0:False:3,12:9967,1933
> 1:False:3,12:9967,1933
> 2:True:4,12:9967,1933
> 3:False:3,12:9967,1933
> 4:False:3,12:9967,1933
> 5:False:3,12:9967,1933
dwr-optimal-old-noisy/50/dwr_noisy_p04_hyp-4_50_2.tar.bz2:0.718163013458:0.0887371:0.72
> 0:True:3,12:9968,1936
> 1:False:3,14:9968,1936
> 2:False:4,14:9968,1936
> 3:False:3,13:9968,1936
> 4:True:3,12:9968,1936
> 5:False:3,13:9968,1936
dwr-optimal-old-noisy/50/dwr_noisy_p04_hyp-4_50_3.tar.bz2:0.692234039307:0.0857678:0.7
> 0:False:3,11:9969,1939
> 1:False:3,11:9969,1939
> 2:True:4,11:9969,1939
> 3:False:3,11:9969,1939
> 4:True:3,10:9969,1939
> 5:False:3,11:9969,1939
dwr-optimal-old-noisy/50/dwr_noisy_p05_hyp-1_50_1.tar.bz2:1.10708284378:0.2165391:1.11
> 0:True:5,28:39269,4405
> 1:True:5,28:39269,4405
> 2:True:5,28:39269,4405
> 3:False:4,29:39269,4405
> 4:False:4,28:39269,4405
> 5:False:4,29:39269,4405
dwr-optimal-old-noisy/50/dwr_noisy_p05_hyp-1_50_2.tar.bz2:1.10188794136:0.2033716:1.1
> 0:False:5,28:39273,4417
> 1:True:5,27:39273,4417
> 2:False:5,29:39273,4417
> 3:False:4,29:39273,4417
> 4:False:4,28:39273,4417
> 5:False:4,29:39273,4417
dwr-optimal-old-noisy/50/dwr_noisy_p05_hyp-1_50_3.tar.bz2:1.14073300362:0.2260078:1.13
> 0:True:5,27:39271,4411
> 1:True:5,27:39271,4411
> 2:False:5,28:39271,4411
> 3:False:4,29:39271,4411
> 4:False:4,28:39271,4411
> 5:False:4,28:39271,4411
dwr-optimal-old-noisy/50/dwr_noisy_p05_hyp-2_50_1.tar.bz2:1.11816692352:0.2138242:1.12
> 0:False:5,27:39270,4408
> 1:True:5,26:39270,4408
> 2:False:5,28:39270,4408
> 3:False:4,28:39270,4408
> 4:False:4,27:39270,4408
> 5:False:4,27:39270,4408
dwr-optimal-old-noisy/50/dwr_noisy_p05_hyp-2_50_2.tar.bz2:1.10682010651:0.2104389:1.1
> 0:False:5,27:39269,4405
> 1:True:5,26:39269,4405
> 2:False:5,29:39269,4405
> 3:False:4,28:39269,4405
> 4:False:4,27:39269,4405
> 5:False:4,27:39269,4405
dwr-optimal-old-noisy/50/dwr_noisy_p05_hyp-2_50_3.tar.bz2:1.11222815514:0.2132366:1.12
> 0:True:5,26:39271,4411
> 1:True:5,26:39271,4411
> 2:False:5,27:39271,4411
> 3:False:4,27:39271,4411
> 4:False:4,26:39271,4411
> 5:False:4,27:39271,4411
dwr-optimal-old-noisy/50/dwr_noisy_p05_hyp-3_50_1.tar.bz2:1.11853909492:0.2166329:1.12
> 0:True:5,24:39270,4408
> 1:True:5,24:39270,4408
> 2:False:5,25:39270,4408
> 3:False:4,25:39270,4408
> 4:False:4,24:39270,4408
> 5:False:4,25:39270,4408
dwr-optimal-old-noisy/50/dwr_noisy_p05_hyp-3_50_2.tar.bz2:1.12504792213:0.2244958:1.12
> 0:True:5,24:39271,4411
> 1:False:5,25:39271,4411
> 2:True:5,24:39271,4411
> 3:False:4,25:39271,4411
> 4:True:4,23:39271,4411
> 5:False:4,24:39271,4411
dwr-optimal-old-noisy/50/dwr_noisy_p05_hyp-3_50_3.tar.bz2:1.10880804062:0.2014732:1.1
> 0:True:5,24:39268,4402
> 1:True:5,24:39268,4402
> 2:True:5,24:39268,4402
> 3:False:4,24:39268,4402
> 4:False:4,24:39268,4402
> 5:False:4,24:39268,4402
dwr-optimal-old-noisy/50/dwr_noisy_p05_hyp-4_50_1.tar.bz2:1.11461400986:0.2138377:1.11
> 0:True:5,21:39265,4393
> 1:False:5,22:39265,4393
> 2:False:5,22:39265,4393
> 3:False:4,22:39265,4393
> 4:False:4,21:39265,4393
> 5:False:4,21:39265,4393
dwr-optimal-old-noisy/50/dwr_noisy_p05_hyp-4_50_2.tar.bz2:1.10528492928:0.2097891:1.11
> 0:False:5,23:39269,4405
> 1:False:5,23:39269,4405
> 2:True:5,21:39269,4405
> 3:False:4,21:39269,4405
> 4:False:4,23:39269,4405
> 5:False:4,23:39269,4405
dwr-optimal-old-noisy/50/dwr_noisy_p05_hyp-4_50_3.tar.bz2:1.11014890671:0.2160033:1.11
> 0:False:5,22:39269,4405
> 1:True:5,21:39269,4405
> 2:False:5,22:39269,4405
> 3:True:4,20:39269,4405
> 4:False:4,22:39269,4405
> 5:False:4,22:39269,4405
dwr-optimal-old-noisy/70/dwr_noisy_p02_hyp-1_70_1.tar.bz2:0.847547054291:0.0973275:0.84
> 0:True:5,12:6953,1553
> 1:False:5,14:6953,1553
> 2:True:5,12:6953,1553
> 3:False:5,14:6953,1553
> 4:False:5,13:6953,1553
> 5:False:5,14:6953,1553
> 6:False:5,14:6953,1553
> 7:False:5,13:6953,1553
dwr-optimal-old-noisy/70/dwr_noisy_p02_hyp-1_70_2.tar.bz2:0.851150989532:0.1006791:0.85
> 0:True:5,11:6955,1559
> 1:False:5,13:6955,1559
> 2:False:5,12:6955,1559
> 3:False:5,13:6955,1559
> 4:False:5,13:6955,1559
> 5:False:5,13:6955,1559
> 6:False:5,13:6955,1559
> 7:False:5,13:6955,1559
dwr-optimal-old-noisy/70/dwr_noisy_p02_hyp-1_70_3.tar.bz2:0.855412006378:0.0984376:0.86
> 0:True:5,11:6955,1559
> 1:False:5,13:6955,1559
> 2:False:5,12:6955,1559
> 3:False:5,13:6955,1559
> 4:False:5,13:6955,1559
> 5:False:5,13:6955,1559
> 6:False:5,13:6955,1559
> 7:False:5,12:6955,1559
dwr-optimal-old-noisy/70/dwr_noisy_p02_hyp-2_70_1.tar.bz2:0.847566843033:0.09240834:0.85
> 0:False:5,12:6955,1559
> 1:True:5,11:6955,1559
> 2:False:5,13:6955,1559
> 3:False:5,13:6955,1559
> 4:False:5,13:6955,1559
> 5:True:5,11:6955,1559
> 6:False:5,12:6955,1559
> 7:False:5,12:6955,1559
dwr-optimal-old-noisy/70/dwr_noisy_p02_hyp-2_70_2.tar.bz2:0.840528011322:0.0935601:0.85
> 0:False:5,14:6953,1553
> 1:True:5,12:6953,1553
> 2:False:5,13:6953,1553
> 3:False:5,13:6953,1553
> 4:False:5,14:6953,1553
> 5:False:5,13:6953,1553
> 6:False:5,13:6953,1553
> 7:False:5,13:6953,1553
dwr-optimal-old-noisy/70/dwr_noisy_p02_hyp-2_70_3.tar.bz2:0.843801021576:0.0990003:0.84
> 0:False:5,14:6953,1553
> 1:True:5,11:6953,1553
> 2:False:5,13:6953,1553
> 3:False:5,14:6953,1553
> 4:False:5,14:6953,1553
> 5:False:5,12:6953,1553
> 6:False:5,14:6953,1553
> 7:False:5,13:6953,1553
dwr-optimal-old-noisy/70/dwr_noisy_p02_hyp-3_70_1.tar.bz2:0.843053102493:0.098804:0.84
> 0:True:5,11:6955,1559
> 1:False:5,12:6955,1559
> 2:True:5,11:6955,1559
> 3:False:5,13:6955,1559
> 4:False:5,13:6955,1559
> 5:False:5,13:6955,1559
> 6:False:5,13:6955,1559
> 7:False:5,13:6955,1559
dwr-optimal-old-noisy/70/dwr_noisy_p02_hyp-3_70_2.tar.bz2:0.835793018341:0.1017496:0.84
> 0:False:5,12:6956,1562
> 1:False:5,13:6956,1562
> 2:True:5,11:6956,1562
> 3:False:5,14:6956,1562
> 4:False:5,13:6956,1562
> 5:False:5,14:6956,1562
> 6:False:5,14:6956,1562
> 7:False:5,13:6956,1562
dwr-optimal-old-noisy/70/dwr_noisy_p02_hyp-3_70_3.tar.bz2:0.86129784584:0.09820552:0.86
> 0:True:5,11:6954,1556
> 1:False:5,12:6954,1556
> 2:True:5,11:6954,1556
> 3:False:5,13:6954,1556
> 4:False:5,13:6954,1556
> 5:False:5,13:6954,1556
> 6:False:5,13:6954,1556
> 7:False:5,13:6954,1556
dwr-optimal-old-noisy/70/dwr_noisy_p02_hyp-4_70_1.tar.bz2:0.84347987175:0.08817475:0.85
> 0:False:5,13:6955,1559
> 1:False:5,13:6955,1559
> 2:False:5,13:6955,1559
> 3:True:5,11:6955,1559
> 4:False:5,12:6955,1559
> 5:False:5,13:6955,1559
> 6:False:5,12:6955,1559
> 7:False:5,13:6955,1559
dwr-optimal-old-noisy/70/dwr_noisy_p02_hyp-4_70_2.tar.bz2:0.840316057205:0.1004186:0.84
> 0:False:5,13:6955,1559
> 1:False:5,13:6955,1559
> 2:False:5,13:6955,1559
> 3:True:5,11:6955,1559
> 4:True:5,11:6955,1559
> 5:False:5,12:6955,1559
> 6:False:5,12:6955,1559
> 7:False:5,13:6955,1559
dwr-optimal-old-noisy/70/dwr_noisy_p02_hyp-4_70_3.tar.bz2:0.835888147354:0.09331546:0.84
> 0:False:5,13:6955,1559
> 1:False:5,13:6955,1559
> 2:False:5,13:6955,1559
> 3:True:5,11:6955,1559
> 4:True:5,11:6955,1559
> 5:False:5,12:6955,1559
> 6:True:5,11:6955,1559
> 7:False:5,13:6955,1559
dwr-optimal-old-noisy/70/dwr_noisy_p04_hyp-1_70_1.tar.bz2:0.675333023071:0.0842158:0.68
> 0:True:3,10:9969,1939
> 1:False:3,13:9969,1939
> 2:False:4,13:9969,1939
> 3:False:3,12:9969,1939
> 4:False:3,12:9969,1939
> 5:False:3,11:9969,1939
dwr-optimal-old-noisy/70/dwr_noisy_p04_hyp-1_70_2.tar.bz2:0.690912008286:0.082302:0.69
> 0:True:3,11:9968,1936
> 1:False:3,13:9968,1936
> 2:False:4,13:9968,1936
> 3:False:3,12:9968,1936
> 4:False:3,12:9968,1936
> 5:False:3,12:9968,1936
dwr-optimal-old-noisy/70/dwr_noisy_p04_hyp-1_70_3.tar.bz2:0.700598955154:0.0852238:0.7
> 0:True:3,11:9968,1936
> 1:False:3,12:9968,1936
> 2:True:4,12:9968,1936
> 3:False:3,12:9968,1936
> 4:False:3,12:9968,1936
> 5:True:3,11:9968,1936
dwr-optimal-old-noisy/70/dwr_noisy_p04_hyp-2_70_1.tar.bz2:0.693782091141:0.0846543:0.7
> 0:False:3,13:9971,1945
> 1:False:3,12:9971,1945
> 2:True:4,11:9971,1945
> 3:False:3,11:9971,1945
> 4:False:3,13:9971,1945
> 5:False:3,12:9971,1945
dwr-optimal-old-noisy/70/dwr_noisy_p04_hyp-2_70_2.tar.bz2:0.679839134216:0.0865756:0.69
> 0:False:3,13:9970,1942
> 1:False:3,13:9970,1942
> 2:True:4,12:9970,1942
> 3:False:3,13:9970,1942
> 4:False:3,13:9970,1942
> 5:False:3,12:9970,1942
dwr-optimal-old-noisy/70/dwr_noisy_p04_hyp-2_70_3.tar.bz2:0.686237096786:0.0914666:0.68
> 0:False:3,13:9971,1945
> 1:False:3,12:9971,1945
> 2:True:4,11:9971,1945
> 3:False:3,12:9971,1945
> 4:False:3,13:9971,1945
> 5:False:3,12:9971,1945
dwr-optimal-old-noisy/70/dwr_noisy_p04_hyp-3_70_1.tar.bz2:0.697919130325:0.0849451:0.7
> 0:False:3,12:9971,1945
> 1:True:3,10:9971,1945
> 2:False:4,12:9971,1945
> 3:False:3,11:9971,1945
> 4:False:3,12:9971,1945
> 5:False:3,12:9971,1945
dwr-optimal-old-noisy/70/dwr_noisy_p04_hyp-3_70_2.tar.bz2:0.685601234436:0.0941939:0.69
> 0:False:3,12:9972,1948
> 1:True:3,10:9972,1948
> 2:False:4,12:9972,1948
> 3:False:3,11:9972,1948
> 4:False:3,12:9972,1948
> 5:False:3,13:9972,1948
dwr-optimal-old-noisy/70/dwr_noisy_p04_hyp-3_70_3.tar.bz2:0.687940120697:0.0896641:0.68
> 0:False:3,12:9970,1942
> 1:True:3,11:9970,1942
> 2:False:4,13:9970,1942
> 3:False:3,12:9970,1942
> 4:False:3,12:9970,1942
> 5:False:3,12:9970,1942
dwr-optimal-old-noisy/70/dwr_noisy_p04_hyp-4_70_1.tar.bz2:0.674744129181:0.0847924:0.67
> 0:False:3,11:9971,1945
> 1:False:3,12:9971,1945
> 2:False:4,12:9971,1945
> 3:False:3,12:9971,1945
> 4:True:3,10:9971,1945
> 5:False:3,11:9971,1945
dwr-optimal-old-noisy/70/dwr_noisy_p04_hyp-4_70_2.tar.bz2:0.685528993607:0.0857889:0.69
> 0:True:3,12:9970,1942
> 1:True:3,12:9970,1942
> 2:True:4,13:9970,1942
> 3:False:3,13:9970,1942
> 4:True:3,12:9970,1942
> 5:True:3,12:9970,1942
dwr-optimal-old-noisy/70/dwr_noisy_p04_hyp-4_70_3.tar.bz2:0.685845136642:0.0871166:0.68
> 0:False:3,12:9970,1942
> 1:False:3,12:9970,1942
> 2:True:4,12:9970,1942
> 3:False:3,12:9970,1942
> 4:True:3,11:9970,1942
> 5:False:3,12:9970,1942
dwr-optimal-old-noisy/70/dwr_noisy_p05_hyp-1_70_1.tar.bz2:1.09237313271:0.2082833:1.1
> 0:True:5,35:39282,4444
> 1:True:5,35:39282,4444
> 2:False:5,36:39282,4444
> 3:False:4,36:39282,4444
> 4:False:4,35:39282,4444
> 5:False:4,35:39282,4444
dwr-optimal-old-noisy/70/dwr_noisy_p05_hyp-1_70_2.tar.bz2:1.10741996765:0.2156825:1.1
> 0:True:5,35:39278,4432
> 1:False:5,36:39278,4432
> 2:False:5,36:39278,4432
> 3:False:4,38:39278,4432
> 4:False:4,35:39278,4432
> 5:False:4,36:39278,4432
dwr-optimal-old-noisy/70/dwr_noisy_p05_hyp-1_70_3.tar.bz2:1.08913493156:0.211879:1.09
> 0:True:5,35:39281,4441
> 1:False:5,36:39281,4441
> 2:False:5,36:39281,4441
> 3:False:4,37:39281,4441
> 4:False:4,35:39281,4441
> 5:False:4,35:39281,4441
dwr-optimal-old-noisy/70/dwr_noisy_p05_hyp-2_70_1.tar.bz2:1.10879683495:0.2130755:1.1
> 0:True:5,35:39276,4426
> 1:True:5,35:39276,4426
> 2:True:5,35:39276,4426
> 3:False:4,36:39276,4426
> 4:False:4,35:39276,4426
> 5:False:4,35:39276,4426
dwr-optimal-old-noisy/70/dwr_noisy_p05_hyp-2_70_2.tar.bz2:1.10587286949:0.2113523:1.11
> 0:False:5,35:39278,4432
> 1:True:5,33:39278,4432
> 2:False:5,34:39278,4432
> 3:False:4,34:39278,4432
> 4:False:4,34:39278,4432
> 5:False:4,34:39278,4432
dwr-optimal-old-noisy/70/dwr_noisy_p05_hyp-2_70_3.tar.bz2:1.09598398209:0.2123589:1.1
> 0:True:5,34:39277,4429
> 1:False:5,35:39277,4429
> 2:True:5,34:39277,4429
> 3:False:4,35:39277,4429
> 4:False:4,35:39277,4429
> 5:False:4,35:39277,4429
dwr-optimal-old-noisy/70/dwr_noisy_p05_hyp-3_70_1.tar.bz2:1.12601304054:0.219382:1.13
> 0:False:5,32:39276,4426
> 1:False:5,32:39276,4426
> 2:True:5,31:39276,4426
> 3:False:4,32:39276,4426
> 4:False:4,31:39276,4426
> 5:False:4,31:39276,4426
dwr-optimal-old-noisy/70/dwr_noisy_p05_hyp-3_70_2.tar.bz2:1.11818099022:0.2194259:1.13
> 0:True:5,31:39275,4423
> 1:False:5,32:39275,4423
> 2:False:5,32:39275,4423
> 3:False:4,33:39275,4423
> 4:False:4,31:39275,4423
> 5:False:4,32:39275,4423
dwr-optimal-old-noisy/70/dwr_noisy_p05_hyp-3_70_3.tar.bz2:1.09517598152:0.2145776:1.1
> 0:False:5,30:39277,4429
> 1:False:5,30:39277,4429
> 2:True:5,29:39277,4429
> 3:False:4,31:39277,4429
> 4:False:4,29:39277,4429
> 5:False:4,30:39277,4429
dwr-optimal-old-noisy/70/dwr_noisy_p05_hyp-4_70_1.tar.bz2:1.10560798645:0.2109647:1.11
> 0:False:5,28:39272,4414
> 1:False:5,28:39272,4414
> 2:False:5,29:39272,4414
> 3:True:4,26:39272,4414
> 4:False:4,28:39272,4414
> 5:False:4,28:39272,4414
dwr-optimal-old-noisy/70/dwr_noisy_p05_hyp-4_70_2.tar.bz2:1.10088396072:0.2107379:1.1
> 0:False:5,27:39271,4411
> 1:False:5,27:39271,4411
> 2:False:5,27:39271,4411
> 3:True:4,25:39271,4411
> 4:False:4,27:39271,4411
> 5:False:4,27:39271,4411
dwr-optimal-old-noisy/70/dwr_noisy_p05_hyp-4_70_3.tar.bz2:1.08373594284:0.2068433:1.08
> 0:False:5,29:39272,4414
> 1:False:5,28:39272,4414
> 2:False:5,28:39272,4414
> 3:True:4,26:39272,4414
> 4:False:4,29:39272,4414
> 5:False:4,29:39272,4414
dwr-optimal-old-noisy/100/dwr_noisy_p02_hyp-1_full_1.tar.bz2:0.851963043213:0.1008444:0.86
> 0:True:5,12:6957,1565
> 1:False:5,16:6957,1565
> 2:False:5,13:6957,1565
> 3:False:5,16:6957,1565
> 4:False:5,15:6957,1565
> 5:False:5,15:6957,1565
> 6:False:5,15:6957,1565
> 7:False:5,14:6957,1565
dwr-optimal-old-noisy/100/dwr_noisy_p02_hyp-1_full_2.tar.bz2:0.849771976471:0.1004894:0.85
> 0:True:5,13:6958,1568
> 1:False:5,15:6958,1568
> 2:True:5,13:6958,1568
> 3:False:5,16:6958,1568
> 4:False:5,15:6958,1568
> 5:False:5,15:6958,1568
> 6:False:5,15:6958,1568
> 7:False:5,14:6958,1568
dwr-optimal-old-noisy/100/dwr_noisy_p02_hyp-1_full_3.tar.bz2:0.832781076431:0.09883874:0.83
> 0:True:5,12:6957,1565
> 1:False:5,16:6957,1565
> 2:False:5,13:6957,1565
> 3:False:5,16:6957,1565
> 4:False:5,15:6957,1565
> 5:False:5,15:6957,1565
> 6:False:5,15:6957,1565
> 7:False:5,14:6957,1565
dwr-optimal-old-noisy/100/dwr_noisy_p02_hyp-2_full_1.tar.bz2:0.839558839798:0.09584455:0.84
> 0:False:5,16:6958,1568
> 1:True:5,13:6958,1568
> 2:False:5,15:6958,1568
> 3:False:5,16:6958,1568
> 4:False:5,16:6958,1568
> 5:False:5,15:6958,1568
> 6:False:5,16:6958,1568
> 7:False:5,15:6958,1568
dwr-optimal-old-noisy/100/dwr_noisy_p02_hyp-2_full_2.tar.bz2:0.850435018539:0.09550174:0.84
> 0:False:5,16:6958,1568
> 1:True:5,12:6958,1568
> 2:False:5,15:6958,1568
> 3:False:5,15:6958,1568
> 4:False:5,15:6958,1568
> 5:False:5,13:6958,1568
> 6:False:5,14:6958,1568
> 7:False:5,15:6958,1568
dwr-optimal-old-noisy/100/dwr_noisy_p02_hyp-2_full_3.tar.bz2:0.862351894379:0.09901813:0.87
> 0:False:5,15:6959,1571
> 1:True:5,13:6959,1571
> 2:False:5,15:6959,1571
> 3:False:5,15:6959,1571
> 4:False:5,15:6959,1571
> 5:True:5,13:6959,1571
> 6:False:5,14:6959,1571
> 7:False:5,14:6959,1571
dwr-optimal-old-noisy/100/dwr_noisy_p02_hyp-3_full_1.tar.bz2:0.849332094193:0.08949241:0.85
> 0:False:5,13:6957,1565
> 1:False:5,15:6957,1565
> 2:True:5,12:6957,1565
> 3:False:5,16:6957,1565
> 4:False:5,15:6957,1565
> 5:False:5,16:6957,1565
> 6:False:5,16:6957,1565
> 7:False:5,15:6957,1565
dwr-optimal-old-noisy/100/dwr_noisy_p02_hyp-3_full_2.tar.bz2:0.865631103516:0.09576598:0.87
> 0:False:5,13:6958,1568
> 1:False:5,15:6958,1568
> 2:True:5,12:6958,1568
> 3:False:5,16:6958,1568
> 4:False:5,15:6958,1568
> 5:False:5,16:6958,1568
> 6:False:5,16:6958,1568
> 7:False:5,15:6958,1568
dwr-optimal-old-noisy/100/dwr_noisy_p02_hyp-3_full_3.tar.bz2:0.848083019257:0.09420844:0.85
> 0:True:5,13:6959,1571
> 1:False:5,15:6959,1571
> 2:True:5,13:6959,1571
> 3:False:5,15:6959,1571
> 4:False:5,14:6959,1571
> 5:False:5,16:6959,1571
> 6:False:5,16:6959,1571
> 7:False:5,15:6959,1571
dwr-optimal-old-noisy/100/dwr_noisy_p02_hyp-4_full_1.tar.bz2:0.831613063812:0.0988201:0.82
> 0:False:5,16:6956,1562
> 1:False:5,16:6956,1562
> 2:False:5,16:6956,1562
> 3:True:5,12:6956,1562
> 4:False:5,13:6956,1562
> 5:False:5,15:6956,1562
> 6:False:5,14:6956,1562
> 7:False:5,16:6956,1562
dwr-optimal-old-noisy/100/dwr_noisy_p02_hyp-4_full_2.tar.bz2:0.844123125076:0.09366212:0.84
> 0:False:5,16:6958,1568
> 1:False:5,16:6958,1568
> 2:False:5,16:6958,1568
> 3:True:5,13:6958,1568
> 4:True:5,13:6958,1568
> 5:False:5,15:6958,1568
> 6:False:5,14:6958,1568
> 7:False:5,16:6958,1568
dwr-optimal-old-noisy/100/dwr_noisy_p02_hyp-4_full_3.tar.bz2:0.833614826202:0.08762867:0.83
> 0:False:5,16:6956,1562
> 1:False:5,16:6956,1562
> 2:False:5,16:6956,1562
> 3:True:5,12:6956,1562
> 4:False:5,13:6956,1562
> 5:False:5,15:6956,1562
> 6:False:5,14:6956,1562
> 7:False:5,16:6956,1562
dwr-optimal-old-noisy/100/dwr_noisy_p04_hyp-1_full_1.tar.bz2:0.692075967789:0.0886783:0.69
> 0:True:3,12:9972,1948
> 1:False:3,13:9972,1948
> 2:True:4,13:9972,1948
> 3:False:3,13:9972,1948
> 4:False:3,13:9972,1948
> 5:True:3,12:9972,1948
dwr-optimal-old-noisy/100/dwr_noisy_p04_hyp-1_full_2.tar.bz2:0.685333013535:0.0763578:0.69
> 0:True:3,11:9971,1945
> 1:False:3,14:9971,1945
> 2:False:4,14:9971,1945
> 3:False:3,13:9971,1945
> 4:False:3,13:9971,1945
> 5:False:3,12:9971,1945
dwr-optimal-old-noisy/100/dwr_noisy_p04_hyp-1_full_3.tar.bz2:0.69345498085:0.0849781:0.69
> 0:True:3,12:9972,1948
> 1:False:3,14:9972,1948
> 2:True:4,13:9972,1948
> 3:False:3,13:9972,1948
> 4:False:3,13:9972,1948
> 5:True:3,12:9972,1948
dwr-optimal-old-noisy/100/dwr_noisy_p04_hyp-2_full_1.tar.bz2:0.680636882782:0.0828704:0.68
> 0:False:3,15:9973,1951
> 1:False:3,14:9973,1951
> 2:True:4,12:9973,1951
> 3:False:3,13:9973,1951
> 4:False:3,15:9973,1951
> 5:False:3,14:9973,1951
dwr-optimal-old-noisy/100/dwr_noisy_p04_hyp-2_full_2.tar.bz2:0.697997093201:0.0865871:0.7
> 0:False:3,15:9973,1951
> 1:False:3,14:9973,1951
> 2:True:4,12:9973,1951
> 3:False:3,13:9973,1951
> 4:False:3,15:9973,1951
> 5:False:3,14:9973,1951
dwr-optimal-old-noisy/100/dwr_noisy_p04_hyp-2_full_3.tar.bz2:0.70814204216:0.0896179:0.71
> 0:False:3,15:9973,1951
> 1:False:3,14:9973,1951
> 2:True:4,12:9973,1951
> 3:False:3,13:9973,1951
> 4:False:3,15:9973,1951
> 5:False:3,14:9973,1951
dwr-optimal-old-noisy/100/dwr_noisy_p04_hyp-3_full_1.tar.bz2:0.686470985413:0.083576:0.7
> 0:False:3,15:9974,1954
> 1:True:3,12:9974,1954
> 2:True:4,13:9974,1954
> 3:False:3,14:9974,1954
> 4:False:3,14:9974,1954
> 5:False:3,14:9974,1954
dwr-optimal-old-noisy/100/dwr_noisy_p04_hyp-3_full_2.tar.bz2:0.695957899094:0.0896732:0.69
> 0:False:3,15:9972,1948
> 1:True:3,13:9972,1948
> 2:True:4,14:9972,1948
> 3:False:3,14:9972,1948
> 4:False:3,14:9972,1948
> 5:False:3,15:9972,1948
dwr-optimal-old-noisy/100/dwr_noisy_p04_hyp-3_full_3.tar.bz2:0.694919109344:0.0885312:0.69
> 0:False:3,15:9973,1951
> 1:True:3,13:9973,1951
> 2:True:4,14:9973,1951
> 3:False:3,14:9973,1951
> 4:False:3,14:9973,1951
> 5:False:3,15:9973,1951
dwr-optimal-old-noisy/100/dwr_noisy_p04_hyp-4_full_1.tar.bz2:0.672518968582:0.0753876:0.69
> 0:False:3,14:9974,1954
> 1:False:3,14:9974,1954
> 2:False:4,15:9974,1954
> 3:False:3,15:9974,1954
> 4:True:3,12:9974,1954
> 5:False:3,14:9974,1954
dwr-optimal-old-noisy/100/dwr_noisy_p04_hyp-4_full_2.tar.bz2:0.691175937653:0.082841:0.68
> 0:False:3,14:9974,1954
> 1:False:3,14:9974,1954
> 2:False:4,15:9974,1954
> 3:False:3,15:9974,1954
> 4:True:3,13:9974,1954
> 5:False:3,14:9974,1954
dwr-optimal-old-noisy/100/dwr_noisy_p04_hyp-4_full_3.tar.bz2:0.685979127884:0.0940514:0.68
> 0:False:3,14:9974,1954
> 1:False:3,14:9974,1954
> 2:False:4,14:9974,1954
> 3:False:3,15:9974,1954
> 4:True:3,12:9974,1954
> 5:False:3,13:9974,1954
dwr-optimal-old-noisy/100/dwr_noisy_p05_hyp-1_full_1.tar.bz2:1.1123111248:0.2162042:1.12
> 0:True:5,45:39287,4459
> 1:False:5,46:39287,4459
> 2:False:5,47:39287,4459
> 3:False:4,48:39287,4459
> 4:False:4,45:39287,4459
> 5:False:4,46:39287,4459
dwr-optimal-old-noisy/100/dwr_noisy_p05_hyp-1_full_2.tar.bz2:1.10819506645:0.2117209:1.1
> 0:True:5,45:39287,4459
> 1:False:5,46:39287,4459
> 2:False:5,47:39287,4459
> 3:False:4,48:39287,4459
> 4:False:4,45:39287,4459
> 5:False:4,46:39287,4459
dwr-optimal-old-noisy/100/dwr_noisy_p05_hyp-1_full_3.tar.bz2:1.08803701401:0.1959103:1.09
> 0:True:5,44:39288,4462
> 1:False:5,45:39288,4462
> 2:False:5,47:39288,4462
> 3:False:4,48:39288,4462
> 4:False:4,45:39288,4462
> 5:False:4,46:39288,4462
dwr-optimal-old-noisy/100/dwr_noisy_p05_hyp-2_full_1.tar.bz2:1.11537003517:0.2125851:1.11
> 0:False:5,44:39287,4459
> 1:True:5,42:39287,4459
> 2:False:5,45:39287,4459
> 3:False:4,45:39287,4459
> 4:False:4,45:39287,4459
> 5:False:4,45:39287,4459
dwr-optimal-old-noisy/100/dwr_noisy_p05_hyp-2_full_2.tar.bz2:1.09402894974:0.2131881:1.1
> 0:False:5,45:39286,4456
> 1:True:5,43:39286,4456
> 2:False:5,45:39286,4456
> 3:False:4,45:39286,4456
> 4:False:4,45:39286,4456
> 5:False:4,45:39286,4456
dwr-optimal-old-noisy/100/dwr_noisy_p05_hyp-2_full_3.tar.bz2:1.08122301102:0.208456:1.08
> 0:False:5,45:39284,4450
> 1:True:5,43:39284,4450
> 2:False:5,45:39284,4450
> 3:False:4,45:39284,4450
> 4:False:4,45:39284,4450
> 5:False:4,45:39284,4450
dwr-optimal-old-noisy/100/dwr_noisy_p05_hyp-3_full_1.tar.bz2:1.10799598694:0.2098899:1.1
> 0:True:5,38:39284,4450
> 1:False:5,39:39284,4450
> 2:False:5,39:39284,4450
> 3:False:4,40:39284,4450
> 4:True:4,37:39284,4450
> 5:False:4,38:39284,4450
dwr-optimal-old-noisy/100/dwr_noisy_p05_hyp-3_full_2.tar.bz2:1.08989787102:0.2108403:1.08
> 0:True:5,38:39282,4444
> 1:False:5,39:39282,4444
> 2:False:5,39:39282,4444
> 3:False:4,40:39282,4444
> 4:True:4,37:39282,4444
> 5:False:4,38:39282,4444
dwr-optimal-old-noisy/100/dwr_noisy_p05_hyp-3_full_3.tar.bz2:1.09530997276:0.2126565:1.11
> 0:True:5,38:39284,4450
> 1:False:5,39:39284,4450
> 2:False:5,39:39284,4450
> 3:False:4,40:39284,4450
> 4:True:4,37:39284,4450
> 5:False:4,38:39284,4450
dwr-optimal-old-noisy/100/dwr_noisy_p05_hyp-4_full_1.tar.bz2:1.09124708176:0.2085542:1.09
> 0:False:5,36:39278,4432
> 1:False:5,35:39278,4432
> 2:False:5,35:39278,4432
> 3:True:4,33:39278,4432
> 4:False:4,36:39278,4432
> 5:False:4,36:39278,4432
dwr-optimal-old-noisy/100/dwr_noisy_p05_hyp-4_full_2.tar.bz2:1.08062505722:0.2038708:1.09
> 0:False:5,36:39280,4438
> 1:False:5,35:39280,4438
> 2:False:5,35:39280,4438
> 3:True:4,33:39280,4438
> 4:False:4,36:39280,4438
> 5:False:4,36:39280,4438
dwr-optimal-old-noisy/100/dwr_noisy_p05_hyp-4_full_3.tar.bz2:1.09401988983:0.211384:1.09
> 0:False:5,36:39280,4438
> 1:False:5,35:39280,4438
> 2:True:5,34:39280,4438
> 3:True:4,33:39280,4438
> 4:False:4,36:39280,4438
> 5:False:4,36:39280,4438
