dwr-suboptimal-old-noisy/10/dwr_noisy_p02_hyp-1_10_1.tar.bz2:0.741650819778:0.124992:0.73
> 0:True:3,12:1887,1042
> 1:False:3,16:1887,1042
> 2:True:3,12:1887,1042
> 3:False:3,14:1887,1042
> 4:True:3,12:1887,1042
> 5:False:3,16:1887,1042
> 6:False:3,18:1887,1042
> 7:False:3,16:1887,1042
dwr-suboptimal-old-noisy/10/dwr_noisy_p02_hyp-1_10_2.tar.bz2:0.787353038788:0.1636642:0.789999999999
> 0:True:3,15:2505,1324
> 1:False:3,17:2505,1324
> 2:True:3,15:2505,1324
> 3:True:3,15:2505,1324
> 4:True:3,15:2505,1324
> 5:False:3,17:2505,1324
> 6:False:3,19:2505,1324
> 7:False:3,19:2505,1324
dwr-suboptimal-old-noisy/10/dwr_noisy_p02_hyp-1_10_3.tar.bz2:0.704592943192:0.0952309:0.710000000001
> 0:True:3,7:1196,683
> 1:False:3,9:1196,683
> 2:True:3,7:1196,683
> 3:False:3,9:1196,683
> 4:True:3,7:1196,683
> 5:False:3,9:1196,683
> 6:False:3,10:1196,683
> 7:False:3,8:1196,683
dwr-suboptimal-old-noisy/10/dwr_noisy_p02_hyp-2_10_1.tar.bz2:0.671590805054:0.06340924:0.67
> 0:False:3,7:742,415
> 1:False:3,7:742,415
> 2:False:3,7:742,415
> 3:False:3,7:742,415
> 4:False:3,7:742,415
> 5:False:3,7:742,415
> 6:True:3,6:742,415
> 7:True:3,6:742,415
dwr-suboptimal-old-noisy/10/dwr_noisy_p02_hyp-2_10_2.tar.bz2:0.716943979263:0.1022404:0.710000000001
> 0:True:3,12:1334,757
> 1:True:3,12:1334,757
> 2:True:3,12:1334,757
> 3:False:3,13:1334,757
> 4:True:3,12:1334,757
> 5:True:3,12:1334,757
> 6:False:3,17:1334,757
> 7:False:3,16:1334,757
dwr-suboptimal-old-noisy/10/dwr_noisy_p02_hyp-2_10_3.tar.bz2:0.695050001144:0.0877583:0.690000000001
> 0:True:3,6:1028,519
> 1:False:3,7:1028,519
> 2:True:3,6:1028,519
> 3:False:3,7:1028,519
> 4:False:3,7:1028,519
> 5:False:3,7:1028,519
> 6:True:3,6:1028,519
> 7:True:3,6:1028,519
dwr-suboptimal-old-noisy/10/dwr_noisy_p02_hyp-3_10_1.tar.bz2:0.671603918076:0.06446342:0.68
> 0:False:3,8:743,417
> 1:False:3,8:743,417
> 2:False:3,8:743,417
> 3:False:3,8:743,417
> 4:False:3,8:743,417
> 5:False:3,8:743,417
> 6:True:3,7:743,417
> 7:True:3,7:743,417
dwr-suboptimal-old-noisy/10/dwr_noisy_p02_hyp-3_10_2.tar.bz2:0.742892980576:0.1222625:0.749999999998
> 0:False:3,7:1790,986
> 1:False:3,8:1790,986
> 2:True:3,6:1790,986
> 3:False:3,9:1790,986
> 4:False:3,7:1790,986
> 5:False:3,9:1790,986
> 6:False:3,10:1790,986
> 7:False:3,8:1790,986
dwr-suboptimal-old-noisy/10/dwr_noisy_p02_hyp-3_10_3.tar.bz2:0.765706062317:0.1471216:0.77
> 0:True:3,8:1985,950
> 1:False:3,9:1985,950
> 2:True:3,8:1985,950
> 3:False:3,10:1985,950
> 4:False:3,10:1985,950
> 5:False:3,9:1985,950
> 6:False:3,9:1985,950
> 7:False:3,9:1985,950
dwr-suboptimal-old-noisy/10/dwr_noisy_p02_hyp-4_10_1.tar.bz2:0.668334960938:0.06301576:0.670000000002
> 0:False:3,7:742,415
> 1:False:3,7:742,415
> 2:False:3,7:742,415
> 3:False:3,7:742,415
> 4:False:3,7:742,415
> 5:False:3,7:742,415
> 6:True:3,6:742,415
> 7:True:3,6:742,415
dwr-suboptimal-old-noisy/10/dwr_noisy_p02_hyp-4_10_2.tar.bz2:0.670264005661:0.06458141:0.679999999998
> 0:True:3,10:742,414
> 1:True:3,10:742,414
> 2:True:3,10:742,414
> 3:True:3,10:742,414
> 4:True:3,10:742,414
> 5:True:3,10:742,414
> 6:False:3,14:742,414
> 7:False:3,14:742,414
dwr-suboptimal-old-noisy/10/dwr_noisy_p02_hyp-4_10_3.tar.bz2:0.742762804031:0.1273324:0.740000000002
> 0:False:3,10:1789,776
> 1:True:3,8:1789,776
> 2:False:3,10:1789,776
> 3:False:3,10:1789,776
> 4:False:3,10:1789,776
> 5:True:3,8:1789,776
> 6:False:3,9:1789,776
> 7:False:3,9:1789,776
dwr-suboptimal-old-noisy/10/dwr_noisy_p04_hyp-1_10_1.tar.bz2:0.57072019577:0.0933323:0.58
> 0:True:2,10:1894,944
> 1:True:2,10:1894,944
> 2:True:2,10:1894,944
> 3:True:2,10:1894,944
> 4:True:2,10:1894,944
> 5:True:2,10:1894,944
dwr-suboptimal-old-noisy/10/dwr_noisy_p04_hyp-1_10_2.tar.bz2:1.01380610466:0.5107086:1.02
> 0:True:2,10:5328,2712
> 1:False:2,12:5328,2712
> 2:False:2,12:5328,2712
> 3:True:2,10:5328,2712
> 4:False:2,12:5328,2712
> 5:False:2,12:5328,2712
dwr-suboptimal-old-noisy/10/dwr_noisy_p04_hyp-1_10_3.tar.bz2:0.537180900574:0.0655249:0.539999999999
> 0:True:2,8:1241,597
> 1:True:2,8:1241,597
> 2:True:2,8:1241,597
> 3:True:2,8:1241,597
> 4:True:2,8:1241,597
> 5:True:2,8:1241,597
dwr-suboptimal-old-noisy/10/dwr_noisy_p04_hyp-2_10_1.tar.bz2:0.756416082382:0.2529846:0.760000000002
> 0:False:2,13:5746,2558
> 1:True:2,12:5746,2558
> 2:True:2,12:5746,2558
> 3:True:2,12:5746,2558
> 4:False:2,14:5746,2558
> 5:False:2,13:5746,2558
dwr-suboptimal-old-noisy/10/dwr_noisy_p04_hyp-2_10_2.tar.bz2:1.22468686104:0.7183877:1.23
> 0:False:2,13:5593,2954
> 1:False:2,14:5593,2954
> 2:True:2,12:5593,2954
> 3:True:2,12:5593,2954
> 4:False:2,14:5593,2954
> 5:False:2,13:5593,2954
dwr-suboptimal-old-noisy/10/dwr_noisy_p04_hyp-2_10_3.tar.bz2:0.620153903961:0.1379609:0.619999999999
> 0:True:2,7:2685,1414
> 1:True:2,7:2685,1414
> 2:True:2,7:2685,1414
> 3:True:2,7:2685,1414
> 4:True:2,7:2685,1414
> 5:True:2,7:2685,1414
dwr-suboptimal-old-noisy/10/dwr_noisy_p04_hyp-3_10_1.tar.bz2:0.557189941406:0.0813146:0.549999999999
> 0:True:2,9:1412,717
> 1:True:2,9:1412,717
> 2:True:2,9:1412,717
> 3:True:2,9:1412,717
> 4:True:2,9:1412,717
> 5:True:2,9:1412,717
dwr-suboptimal-old-noisy/10/dwr_noisy_p04_hyp-3_10_2.tar.bz2:0.519734859467:0.05126177:0.52
> 0:False:2,9:879,478
> 1:True:2,7:879,478
> 2:True:2,7:879,478
> 3:True:2,7:879,478
> 4:True:2,7:879,478
> 5:False:2,9:879,478
dwr-suboptimal-old-noisy/10/dwr_noisy_p04_hyp-3_10_3.tar.bz2:0.570799827576:0.0936315:0.58
> 0:False:2,10:1937,853
> 1:True:2,6:1937,853
> 2:False:2,8:1937,853
> 3:False:2,8:1937,853
> 4:False:2,8:1937,853
> 5:False:2,10:1937,853
dwr-suboptimal-old-noisy/10/dwr_noisy_p04_hyp-4_10_1.tar.bz2:0.587896823883:0.1070993:0.59
> 0:True:2,6:2236,945
> 1:False:2,7:2236,945
> 2:False:2,7:2236,945
> 3:False:2,7:2236,945
> 4:False:2,7:2236,945
> 5:True:2,6:2236,945
dwr-suboptimal-old-noisy/10/dwr_noisy_p04_hyp-4_10_2.tar.bz2:0.545987129211:0.0738511:0.539999999999
> 0:True:2,5:1364,788
> 1:False:2,7:1364,788
> 2:False:2,7:1364,788
> 3:False:2,7:1364,788
> 4:True:2,5:1364,788
> 5:True:2,5:1364,788
dwr-suboptimal-old-noisy/10/dwr_noisy_p04_hyp-4_10_3.tar.bz2:0.60703587532:0.1248372:0.610000000001
> 0:True:2,6:2625,1277
> 1:True:2,6:2625,1277
> 2:True:2,6:2625,1277
> 3:True:2,6:2625,1277
> 4:True:2,6:2625,1277
> 5:True:2,6:2625,1277
dwr-suboptimal-old-noisy/10/dwr_noisy_p05_hyp-1_10_1.tar.bz2:1.39408993721:0.734675:1.39
> 0:False:3,17:15097,7123
> 1:False:3,16:15097,7123
> 2:True:3,15:15097,7123
> 3:True:3,15:15097,7123
> 4:False:3,16:15097,7123
> 5:False:3,16:15097,7123
dwr-suboptimal-old-noisy/10/dwr_noisy_p05_hyp-1_10_2.tar.bz2:1.12007498741:0.4846428:1.12
> 0:False:3,17:11679,5618
> 1:True:3,16:11679,5618
> 2:False:3,17:11679,5618
> 3:False:3,17:11679,5618
> 4:False:3,18:11679,5618
> 5:False:3,18:11679,5618
dwr-suboptimal-old-noisy/10/dwr_noisy_p05_hyp-1_10_3.tar.bz2:0.988384008408:0.3700459:0.999999999998
> 0:False:3,16:8849,4367
> 1:False:3,17:8849,4367
> 2:True:3,15:8849,4367
> 3:False:3,16:8849,4367
> 4:True:3,15:8849,4367
> 5:False:3,16:8849,4367
dwr-suboptimal-old-noisy/10/dwr_noisy_p05_hyp-2_10_1.tar.bz2:1.09861397743:0.4700234:1.1
> 0:False:3,18:10319,5236
> 1:True:3,17:10319,5236
> 2:True:3,17:10319,5236
> 3:True:3,17:10319,5236
> 4:False:3,18:10319,5236
> 5:False:3,18:10319,5236
dwr-suboptimal-old-noisy/10/dwr_noisy_p05_hyp-2_10_2.tar.bz2:1.97347617149:1.247624:1.97
> 0:False:3,23:25046,9734
> 1:False:3,21:25046,9734
> 2:True:3,20:25046,9734
> 3:False:3,21:25046,9734
> 4:False:3,23:25046,9734
> 5:False:3,21:25046,9734
dwr-suboptimal-old-noisy/10/dwr_noisy_p05_hyp-2_10_3.tar.bz2:1.13489222527:0.4943753:1.14
> 0:False:3,16:12265,5736
> 1:False:3,16:12265,5736
> 2:True:3,14:12265,5736
> 3:False:3,15:12265,5736
> 4:False:3,15:12265,5736
> 5:False:3,15:12265,5736
dwr-suboptimal-old-noisy/10/dwr_noisy_p05_hyp-3_10_1.tar.bz2:0.896682977676:0.2925895:0.889999999999
> 0:True:3,14:6948,3194
> 1:False:3,15:6948,3194
> 2:True:3,14:6948,3194
> 3:False:3,15:6948,3194
> 4:True:3,14:6948,3194
> 5:True:3,14:6948,3194
dwr-suboptimal-old-noisy/10/dwr_noisy_p05_hyp-3_10_2.tar.bz2:1.86923789978:1.2089521:1.87
> 0:True:3,18:15381,6110
> 1:True:3,18:15381,6110
> 2:True:3,18:15381,6110
> 3:True:3,18:15381,6110
> 4:True:3,18:15381,6110
> 5:True:3,18:15381,6110
dwr-suboptimal-old-noisy/10/dwr_noisy_p05_hyp-3_10_3.tar.bz2:1.15270590782:0.5152449:1.15
> 0:False:3,15:11585,5507
> 1:True:3,14:11585,5507
> 2:False:3,15:11585,5507
> 3:False:3,15:11585,5507
> 4:False:3,16:11585,5507
> 5:False:3,16:11585,5507
dwr-suboptimal-old-noisy/10/dwr_noisy_p05_hyp-4_10_1.tar.bz2:0.838131904602:0.2448089:0.849999999999
> 0:False:3,15:5196,2788
> 1:True:3,14:5196,2788
> 2:False:3,18:5196,2788
> 3:False:3,17:5196,2788
> 4:False:3,15:5196,2788
> 5:False:3,15:5196,2788
dwr-suboptimal-old-noisy/10/dwr_noisy_p05_hyp-4_10_2.tar.bz2:1.18005418777:0.5411063:1.18
> 0:True:3,12:11835,5115
> 1:True:3,12:11835,5115
> 2:False:3,15:11835,5115
> 3:True:3,12:11835,5115
> 4:True:3,12:11835,5115
> 5:True:3,12:11835,5115
dwr-suboptimal-old-noisy/10/dwr_noisy_p05_hyp-4_10_3.tar.bz2:1.02849197388:0.4005413:1.03
> 0:False:3,16:10346,4783
> 1:True:3,15:10346,4783
> 2:False:3,17:10346,4783
> 3:False:3,16:10346,4783
> 4:False:3,17:10346,4783
> 5:False:3,17:10346,4783
dwr-suboptimal-old-noisy/30/dwr_noisy_p02_hyp-1_30_1.tar.bz2:1.18292188644:0.5119036:1.19
> 0:True:3,19:7264,3938
> 1:False:3,23:7264,3938
> 2:True:3,19:7264,3938
> 3:True:3,19:7264,3938
> 4:False:3,21:7264,3938
> 5:False:3,23:7264,3938
> 6:False:3,23:7264,3938
> 7:False:3,25:7264,3938
dwr-suboptimal-old-noisy/30/dwr_noisy_p02_hyp-1_30_2.tar.bz2:0.929108142853:0.2826899:0.93
> 0:True:3,15:4781,2384
> 1:False:3,19:4781,2384
> 2:True:3,15:4781,2384
> 3:True:3,15:4781,2384
> 4:True:3,15:4781,2384
> 5:False:3,19:4781,2384
> 6:False:3,19:4781,2384
> 7:False:3,19:4781,2384
dwr-suboptimal-old-noisy/30/dwr_noisy_p02_hyp-1_30_3.tar.bz2:2.14069604874:1.4536159:2.13
> 0:True:3,17:7176,3074
> 1:False:3,23:7176,3074
> 2:False:3,19:7176,3074
> 3:False:3,23:7176,3074
> 4:False:3,21:7176,3074
> 5:False:3,23:7176,3074
> 6:False:3,25:7176,3074
> 7:False:3,21:7176,3074
dwr-suboptimal-old-noisy/30/dwr_noisy_p02_hyp-2_30_1.tar.bz2:2.05497598648:1.361228:2.05
> 0:False:3,21:9710,4491
> 1:True:3,17:9710,4491
> 2:False:3,21:9710,4491
> 3:False:3,21:9710,4491
> 4:False:3,21:9710,4491
> 5:False:3,19:9710,4491
> 6:False:3,25:9710,4491
> 7:False:3,25:9710,4491
dwr-suboptimal-old-noisy/30/dwr_noisy_p02_hyp-2_30_2.tar.bz2:0.796252965927:0.173034:0.790000000001
> 0:False:3,21:2831,1557
> 1:False:3,19:2831,1557
> 2:False:3,21:2831,1557
> 3:False:3,19:2831,1557
> 4:True:3,17:2831,1557
> 5:False:3,19:2831,1557
> 6:False:3,23:2831,1557
> 7:False:3,21:2831,1557
dwr-suboptimal-old-noisy/30/dwr_noisy_p02_hyp-2_30_3.tar.bz2:0.902611017227:0.261498:0.910000000002
> 0:False:3,19:4377,2101
> 1:True:3,15:4377,2101
> 2:False:3,19:4377,2101
> 3:False:3,19:4377,2101
> 4:False:3,19:4377,2101
> 5:False:3,17:4377,2101
> 6:False:3,21:4377,2101
> 7:False:3,21:4377,2101
dwr-suboptimal-old-noisy/30/dwr_noisy_p02_hyp-3_30_1.tar.bz2:2.02661991119:1.334407:2.02
> 0:True:3,17:10124,4592
> 1:False:3,19:10124,4592
> 2:True:3,17:10124,4592
> 3:False:3,21:10124,4592
> 4:False:3,19:10124,4592
> 5:True:3,17:10124,4592
> 6:False:3,21:10124,4592
> 7:False:3,21:10124,4592
dwr-suboptimal-old-noisy/30/dwr_noisy_p02_hyp-3_30_2.tar.bz2:1.00902605057:0.355959:1.01
> 0:True:3,17:5570,2780
> 1:False:3,21:5570,2780
> 2:True:3,17:5570,2780
> 3:False:3,21:5570,2780
> 4:False:3,19:5570,2780
> 5:False:3,21:5570,2780
> 6:False:3,23:5570,2780
> 7:False:3,21:5570,2780
dwr-suboptimal-old-noisy/30/dwr_noisy_p02_hyp-3_30_3.tar.bz2:0.915244102478:0.2723418:0.920000000002
> 0:False:3,17:4580,2351
> 1:False:3,17:4580,2351
> 2:True:3,15:4580,2351
> 3:False:3,19:4580,2351
> 4:False:3,19:4580,2351
> 5:False:3,19:4580,2351
> 6:False:3,21:4580,2351
> 7:False:3,21:4580,2351
dwr-suboptimal-old-noisy/30/dwr_noisy_p02_hyp-4_30_1.tar.bz2:2.8134739399:2.1131068:2.79
> 0:False:3,26:8893,4378
> 1:False:3,26:8893,4378
> 2:False:3,26:8893,4378
> 3:True:3,18:8893,4378
> 4:False:3,20:8893,4378
> 5:False:3,24:8893,4378
> 6:False:3,24:8893,4378
> 7:False:3,28:8893,4378
dwr-suboptimal-old-noisy/30/dwr_noisy_p02_hyp-4_30_2.tar.bz2:0.877951860428:0.2447667:0.880000000001
> 0:False:3,21:3756,2088
> 1:True:3,19:3756,2088
> 2:False:3,21:3756,2088
> 3:False:3,21:3756,2088
> 4:False:3,21:3756,2088
> 5:True:3,19:3756,2088
> 6:False:3,23:3756,2088
> 7:False:3,23:3756,2088
dwr-suboptimal-old-noisy/30/dwr_noisy_p02_hyp-4_30_3.tar.bz2:0.91122508049:0.2659194:0.909999999998
> 0:False:3,21:4361,2464
> 1:False:3,23:4361,2464
> 2:False:3,21:4361,2464
> 3:True:3,19:4361,2464
> 4:False:3,21:4361,2464
> 5:False:3,23:4361,2464
> 6:False:3,23:4361,2464
> 7:False:3,25:4361,2464
dwr-suboptimal-old-noisy/30/dwr_noisy_p04_hyp-1_30_1.tar.bz2:0.666662216187:0.1735534:0.670000000002
> 0:False:2,13:3848,2116
> 1:False:2,14:3848,2116
> 2:True:2,12:3848,2116
> 3:True:2,12:3848,2116
> 4:True:2,12:3848,2116
> 5:False:2,13:3848,2116
dwr-suboptimal-old-noisy/30/dwr_noisy_p04_hyp-1_30_2.tar.bz2:0.8904941082:0.3689305:0.889999999999
> 0:True:2,15:8012,4052
> 1:False:2,18:8012,4052
> 2:False:2,19:8012,4052
> 3:False:2,17:8012,4052
> 4:False:2,16:8012,4052
> 5:False:2,17:8012,4052
dwr-suboptimal-old-noisy/30/dwr_noisy_p04_hyp-1_30_3.tar.bz2:0.713498830795:0.2129042:0.710000000001
> 0:False:2,13:4920,1916
> 1:True:2,12:4920,1916
> 2:False:2,13:4920,1916
> 3:False:2,13:4920,1916
> 4:True:2,12:4920,1916
> 5:False:2,13:4920,1916
dwr-suboptimal-old-noisy/30/dwr_noisy_p04_hyp-2_30_1.tar.bz2:0.675081014633:0.1819135:0.68
> 0:False:2,14:3898,1755
> 1:True:2,13:3898,1755
> 2:True:2,13:3898,1755
> 3:True:2,13:3898,1755
> 4:True:2,13:3898,1755
> 5:False:2,14:3898,1755
dwr-suboptimal-old-noisy/30/dwr_noisy_p04_hyp-2_30_2.tar.bz2:0.913347005844:0.3865741:0.910000000002
> 0:False:2,16:8546,3803
> 1:False:2,16:8546,3803
> 2:True:2,14:8546,3803
> 3:False:2,16:8546,3803
> 4:False:2,16:8546,3803
> 5:True:2,14:8546,3803
dwr-suboptimal-old-noisy/30/dwr_noisy_p04_hyp-2_30_3.tar.bz2:1.59963297844:1.050447:1.6
> 0:False:2,15:12029,5148
> 1:True:2,14:12029,5148
> 2:True:2,14:12029,5148
> 3:True:2,14:12029,5148
> 4:True:2,14:12029,5148
> 5:False:2,15:12029,5148
dwr-suboptimal-old-noisy/30/dwr_noisy_p04_hyp-3_30_1.tar.bz2:0.873511075974:0.3576928:0.879999999999
> 0:True:2,15:6851,3223
> 1:True:2,15:6851,3223
> 2:True:2,15:6851,3223
> 3:True:2,15:6851,3223
> 4:True:2,15:6851,3223
> 5:True:2,15:6851,3223
dwr-suboptimal-old-noisy/30/dwr_noisy_p04_hyp-3_30_2.tar.bz2:0.935271978378:0.4121063:0.940000000001
> 0:False:2,16:8082,3942
> 1:True:2,14:8082,3942
> 2:True:2,14:8082,3942
> 3:True:2,14:8082,3942
> 4:False:2,17:8082,3942
> 5:False:2,16:8082,3942
dwr-suboptimal-old-noisy/30/dwr_noisy_p04_hyp-3_30_3.tar.bz2:0.791316986084:0.2823811:0.800000000001
> 0:False:2,20:6371,3175
> 1:False:2,17:6371,3175
> 2:True:2,16:6371,3175
> 3:True:2,16:6371,3175
> 4:False:2,20:6371,3175
> 5:False:2,20:6371,3175
dwr-suboptimal-old-noisy/30/dwr_noisy_p04_hyp-4_30_1.tar.bz2:0.765360116959:0.2563564:0.759999999998
> 0:False:2,18:6211,3163
> 1:False:2,16:6211,3163
> 2:True:2,14:6211,3163
> 3:True:2,14:6211,3163
> 4:False:2,16:6211,3163
> 5:False:2,18:6211,3163
dwr-suboptimal-old-noisy/30/dwr_noisy_p04_hyp-4_30_2.tar.bz2:0.757884979248:0.2525159:0.77
> 0:False:2,13:5611,2457
> 1:False:2,13:5611,2457
> 2:False:2,13:5611,2457
> 3:False:2,13:5611,2457
> 4:True:2,11:5611,2457
> 5:False:2,13:5611,2457
dwr-suboptimal-old-noisy/30/dwr_noisy_p04_hyp-4_30_3.tar.bz2:0.727221012115:0.2268818:0.730000000001
> 0:True:2,12:5322,2670
> 1:False:2,14:5322,2670
> 2:False:2,17:5322,2670
> 3:False:2,17:5322,2670
> 4:True:2,12:5322,2670
> 5:True:2,12:5322,2670
dwr-suboptimal-old-noisy/30/dwr_noisy_p05_hyp-1_30_1.tar.bz2:4.62744307518:3.820632:4.61
> 0:True:3,37:33517,13693
> 1:True:3,37:33517,13693
> 2:False:3,39:33517,13693
> 3:False:3,39:33517,13693
> 4:False:3,39:33517,13693
> 5:False:3,39:33517,13693
dwr-suboptimal-old-noisy/30/dwr_noisy_p05_hyp-1_30_2.tar.bz2:3.76012015343:3.021503:3.76
> 0:True:3,32:26194,10291
> 1:False:3,33:26194,10291
> 2:True:3,32:26194,10291
> 3:False:3,33:26194,10291
> 4:True:3,32:26194,10291
> 5:True:3,32:26194,10291
dwr-suboptimal-old-noisy/30/dwr_noisy_p05_hyp-1_30_3.tar.bz2:10.0606811047:9.209706:10.01
> 0:False:3,35:34440,13918
> 1:False:3,34:34440,13918
> 2:True:3,30:34440,13918
> 3:False:3,34:34440,13918
> 4:False:3,34:34440,13918
> 5:False:3,34:34440,13918
dwr-suboptimal-old-noisy/30/dwr_noisy_p05_hyp-2_30_1.tar.bz2:6.99131703377:6.096449:6.92
> 0:False:3,40:38126,14277
> 1:True:3,38:38126,14277
> 2:False:3,40:38126,14277
> 3:False:3,40:38126,14277
> 4:False:3,40:38126,14277
> 5:True:3,38:38126,14277
dwr-suboptimal-old-noisy/30/dwr_noisy_p05_hyp-2_30_2.tar.bz2:3.32097291946:2.564993:3.32
> 0:False:3,37:28455,12832
> 1:False:3,36:28455,12832
> 2:False:3,35:28455,12832
> 3:True:3,34:28455,12832
> 4:False:3,35:28455,12832
> 5:False:3,35:28455,12832
dwr-suboptimal-old-noisy/30/dwr_noisy_p05_hyp-2_30_3.tar.bz2:2.82778096199:2.130111:2.8
> 0:True:3,32:16726,8051
> 1:True:3,32:16726,8051
> 2:True:3,32:16726,8051
> 3:True:3,32:16726,8051
> 4:True:3,32:16726,8051
> 5:True:3,32:16726,8051
dwr-suboptimal-old-noisy/30/dwr_noisy_p05_hyp-3_30_1.tar.bz2:1.62683200836:0.94305:1.63
> 0:True:3,27:18599,8714
> 1:False:3,28:18599,8714
> 2:True:3,27:18599,8714
> 3:False:3,28:18599,8714
> 4:True:3,27:18599,8714
> 5:False:3,29:18599,8714
dwr-suboptimal-old-noisy/30/dwr_noisy_p05_hyp-3_30_2.tar.bz2:3.23534607887:2.468868:3.23
> 0:False:3,30:30080,10986
> 1:False:3,31:30080,10986
> 2:False:3,32:30080,10986
> 3:False:3,30:30080,10986
> 4:True:3,29:30080,10986
> 5:False:3,31:30080,10986
dwr-suboptimal-old-noisy/30/dwr_noisy_p05_hyp-3_30_3.tar.bz2:3.177298069:2.43528:3.16
> 0:False:3,30:24902,11712
> 1:False:3,30:24902,11712
> 2:False:3,31:24902,11712
> 3:False:3,30:24902,11712
> 4:True:3,28:24902,11712
> 5:False:3,29:24902,11712
dwr-suboptimal-old-noisy/30/dwr_noisy_p05_hyp-4_30_1.tar.bz2:5.59147191048:4.800073:5.56
> 0:True:3,30:29239,12985
> 1:True:3,30:29239,12985
> 2:False:3,32:29239,12985
> 3:False:3,33:29239,12985
> 4:True:3,30:29239,12985
> 5:True:3,30:29239,12985
dwr-suboptimal-old-noisy/30/dwr_noisy_p05_hyp-4_30_2.tar.bz2:2.1591398716:1.428241:2.14
> 0:True:3,27:22632,9485
> 1:False:3,28:22632,9485
> 2:False:3,29:22632,9485
> 3:False:3,31:22632,9485
> 4:True:3,27:22632,9485
> 5:True:3,27:22632,9485
dwr-suboptimal-old-noisy/30/dwr_noisy_p05_hyp-4_30_3.tar.bz2:3.04767584801:2.299219:3.04
> 0:True:3,28:27600,10776
> 1:False:3,29:27600,10776
> 2:False:3,30:27600,10776
> 3:False:3,29:27600,10776
> 4:True:3,28:27600,10776
> 5:True:3,28:27600,10776
dwr-suboptimal-old-noisy/50/dwr_noisy_p02_hyp-1_50_1.tar.bz2:3.14333581924:2.395774:3.14
> 0:False:3,19:15665,6473
> 1:False:3,23:15665,6473
> 2:False:3,19:15665,6473
> 3:False:3,19:15665,6473
> 4:True:3,17:15665,6473
> 5:False:3,23:15665,6473
> 6:False:3,25:15665,6473
> 7:False:3,23:15665,6473
dwr-suboptimal-old-noisy/50/dwr_noisy_p02_hyp-1_50_2.tar.bz2:2.08784604073:1.399724:2.08
> 0:True:3,19:9622,5046
> 1:False:3,23:9622,5046
> 2:True:3,19:9622,5046
> 3:False:3,25:9622,5046
> 4:False:3,23:9622,5046
> 5:False:3,23:9622,5046
> 6:False:3,27:9622,5046
> 7:False:3,25:9622,5046
dwr-suboptimal-old-noisy/50/dwr_noisy_p02_hyp-1_50_3.tar.bz2:3.15638184547:2.429099:3.16
> 0:True:3,19:13501,5741
> 1:False:3,27:13501,5741
> 2:False:3,21:13501,5741
> 3:False:3,25:13501,5741
> 4:False:3,23:13501,5741
> 5:False:3,27:13501,5741
> 6:False:3,29:13501,5741
> 7:False:3,25:13501,5741
dwr-suboptimal-old-noisy/50/dwr_noisy_p02_hyp-2_50_1.tar.bz2:1.07915306091:0.4156607:1.07
> 0:False:3,23:6727,3369
> 1:True:3,17:6727,3369
> 2:False:3,23:6727,3369
> 3:False:3,21:6727,3369
> 4:False:3,21:6727,3369
> 5:False:3,21:6727,3369
> 6:False:3,25:6727,3369
> 7:False:3,23:6727,3369
dwr-suboptimal-old-noisy/50/dwr_noisy_p02_hyp-2_50_2.tar.bz2:2.003895998:1.299276:2.0
> 0:False:3,21:11031,4713
> 1:True:3,19:11031,4713
> 2:False:3,21:11031,4713
> 3:False:3,23:11031,4713
> 4:False:3,23:11031,4713
> 5:False:3,21:11031,4713
> 6:False:3,25:11031,4713
> 7:False:3,23:11031,4713
dwr-suboptimal-old-noisy/50/dwr_noisy_p02_hyp-2_50_3.tar.bz2:1.17232108116:0.5010228:1.17
> 0:False:3,23:7518,3196
> 1:True:3,19:7518,3196
> 2:False:3,23:7518,3196
> 3:False:3,23:7518,3196
> 4:False:3,23:7518,3196
> 5:False:3,21:7518,3196
> 6:False:3,25:7518,3196
> 7:False:3,25:7518,3196
dwr-suboptimal-old-noisy/50/dwr_noisy_p02_hyp-3_50_1.tar.bz2:1.87736296654:1.17641:1.88
> 0:True:3,19:10609,4280
> 1:False:3,23:10609,4280
> 2:True:3,19:10609,4280
> 3:False:3,23:10609,4280
> 4:False:3,21:10609,4280
> 5:False:3,23:10609,4280
> 6:False:3,25:10609,4280
> 7:False:3,23:10609,4280
dwr-suboptimal-old-noisy/50/dwr_noisy_p02_hyp-3_50_2.tar.bz2:3.92167282104:3.193096:3.91
> 0:False:3,23:11250,5431
> 1:False:3,27:11250,5431
> 2:True:3,21:11250,5431
> 3:False:3,29:11250,5431
> 4:False:3,27:11250,5431
> 5:False:3,29:11250,5431
> 6:False:3,31:11250,5431
> 7:False:3,29:11250,5431
dwr-suboptimal-old-noisy/50/dwr_noisy_p02_hyp-3_50_3.tar.bz2:1.15132522583:0.4804555:1.15
> 0:True:3,17:7328,3539
> 1:False:3,21:7328,3539
> 2:True:3,17:7328,3539
> 3:False:3,21:7328,3539
> 4:False:3,19:7328,3539
> 5:False:3,21:7328,3539
> 6:False:3,23:7328,3539
> 7:False:3,21:7328,3539
dwr-suboptimal-old-noisy/50/dwr_noisy_p02_hyp-4_50_1.tar.bz2:1.09386515617:0.4248163:1.1
> 0:False:3,23:7379,3188
> 1:False:3,21:7379,3188
> 2:False:3,23:7379,3188
> 3:True:3,17:7379,3188
> 4:False:3,19:7379,3188
> 5:False:3,21:7379,3188
> 6:False:3,21:7379,3188
> 7:False:3,23:7379,3188
dwr-suboptimal-old-noisy/50/dwr_noisy_p02_hyp-4_50_2.tar.bz2:1.67696690559:0.991739:1.68
> 0:False:3,21:8753,3742
> 1:False:3,21:8753,3742
> 2:False:3,23:8753,3742
> 3:True:3,19:8753,3742
> 4:True:3,19:8753,3742
> 5:False:3,21:8753,3742
> 6:False:3,25:8753,3742
> 7:False:3,23:8753,3742
dwr-suboptimal-old-noisy/50/dwr_noisy_p02_hyp-4_50_3.tar.bz2:3.25363397598:2.56529:3.25
> 0:False:3,25:9427,4438
> 1:False:3,25:9427,4438
> 2:False:3,25:9427,4438
> 3:True:3,19:9427,4438
> 4:True:3,19:9427,4438
> 5:False:3,23:9427,4438
> 6:False:3,25:9427,4438
> 7:False:3,27:9427,4438
dwr-suboptimal-old-noisy/50/dwr_noisy_p04_hyp-1_50_1.tar.bz2:0.702447891235:0.1906149:0.689999999999
> 0:True:2,13:4258,2278
> 1:False:2,15:4258,2278
> 2:False:2,15:4258,2278
> 3:False:2,15:4258,2278
> 4:True:2,13:4258,2278
> 5:True:2,13:4258,2278
dwr-suboptimal-old-noisy/50/dwr_noisy_p04_hyp-1_50_2.tar.bz2:0.758997917175:0.251685:0.76
> 0:True:2,15:5807,3260
> 1:False:2,19:5807,3260
> 2:False:2,19:5807,3260
> 3:False:2,17:5807,3260
> 4:False:2,17:5807,3260
> 5:False:2,17:5807,3260
dwr-suboptimal-old-noisy/50/dwr_noisy_p04_hyp-1_50_3.tar.bz2:0.784200906754:0.2741195:0.780000000001
> 0:True:2,14:6552,3480
> 1:False:2,18:6552,3480
> 2:False:2,18:6552,3480
> 3:False:2,16:6552,3480
> 4:False:2,16:6552,3480
> 5:False:2,16:6552,3480
dwr-suboptimal-old-noisy/50/dwr_noisy_p04_hyp-2_50_1.tar.bz2:1.69255805016:1.121137:1.7
> 0:False:2,23:15526,6206
> 1:False:2,22:15526,6206
> 2:True:2,20:15526,6206
> 3:False:2,22:15526,6206
> 4:False:2,22:15526,6206
> 5:False:2,21:15526,6206
dwr-suboptimal-old-noisy/50/dwr_noisy_p04_hyp-2_50_2.tar.bz2:0.985430955887:0.4431972:0.99
> 0:False:2,21:10716,4731
> 1:False:2,21:10716,4731
> 2:True:2,20:10716,4731
> 3:True:2,20:10716,4731
> 4:False:2,21:10716,4731
> 5:False:2,21:10716,4731
dwr-suboptimal-old-noisy/50/dwr_noisy_p04_hyp-2_50_3.tar.bz2:0.952944993973:0.4227522:0.950000000001
> 0:False:2,23:8842,3905
> 1:True:2,22:8842,3905
> 2:True:2,22:8842,3905
> 3:True:2,22:8842,3905
> 4:False:2,24:8842,3905
> 5:False:2,23:8842,3905
dwr-suboptimal-old-noisy/50/dwr_noisy_p04_hyp-3_50_1.tar.bz2:0.907250165939:0.3784876:0.900000000001
> 0:True:2,16:8814,4164
> 1:True:2,16:8814,4164
> 2:False:2,18:8814,4164
> 3:False:2,18:8814,4164
> 4:False:2,18:8814,4164
> 5:True:2,16:8814,4164
dwr-suboptimal-old-noisy/50/dwr_noisy_p04_hyp-3_50_2.tar.bz2:2.55053687096:1.968925:2.55
> 0:False:2,22:16726,6668
> 1:True:2,17:16726,6668
> 2:False:2,22:16726,6668
> 3:False:2,22:16726,6668
> 4:False:2,21:16726,6668
> 5:False:2,22:16726,6668
dwr-suboptimal-old-noisy/50/dwr_noisy_p04_hyp-3_50_3.tar.bz2:2.10422897339:1.515769:2.11
> 0:False:2,23:17916,6156
> 1:True:2,20:17916,6156
> 2:False:2,24:17916,6156
> 3:False:2,24:17916,6156
> 4:False:2,22:17916,6156
> 5:False:2,23:17916,6156
dwr-suboptimal-old-noisy/50/dwr_noisy_p04_hyp-4_50_1.tar.bz2:0.970921993256:0.4389185:0.969999999999
> 0:True:2,15:9719,4644
> 1:False:2,17:9719,4644
> 2:False:2,19:9719,4644
> 3:False:2,19:9719,4644
> 4:True:2,15:9719,4644
> 5:True:2,15:9719,4644
dwr-suboptimal-old-noisy/50/dwr_noisy_p04_hyp-4_50_2.tar.bz2:1.06119799614:0.5220269:1.06
> 0:True:2,19:10357,4853
> 1:False:2,21:10357,4853
> 2:False:2,21:10357,4853
> 3:False:2,21:10357,4853
> 4:True:2,19:10357,4853
> 5:True:2,19:10357,4853
dwr-suboptimal-old-noisy/50/dwr_noisy_p04_hyp-4_50_3.tar.bz2:0.827637195587:0.3117905:0.82
> 0:False:2,16:7545,3439
> 1:False:2,18:7545,3439
> 2:False:2,18:7545,3439
> 3:False:2,18:7545,3439
> 4:True:2,14:7545,3439
> 5:False:2,16:7545,3439
dwr-suboptimal-old-noisy/50/dwr_noisy_p05_hyp-1_50_1.tar.bz2:15.4200029373:14.38901:15.32
> 0:True:3,51:53230,17848
> 1:False:3,54:53230,17848
> 2:False:3,55:53230,17848
> 3:False:3,54:53230,17848
> 4:False:3,53:53230,17848
> 5:False:3,57:53230,17848
dwr-suboptimal-old-noisy/50/dwr_noisy_p05_hyp-1_50_2.tar.bz2:10.7384850979:9.696045:10.65
> 0:True:3,49:56513,17463
> 1:False:3,50:56513,17463
> 2:True:3,49:56513,17463
> 3:False:3,51:56513,17463
> 4:True:3,49:56513,17463
> 5:False:3,52:56513,17463
dwr-suboptimal-old-noisy/50/dwr_noisy_p05_hyp-1_50_3.tar.bz2:22.2260868549:21.10405:22.1
> 0:False:3,49:63919,22161
> 1:False:3,50:63919,22161
> 2:False:3,52:63919,22161
> 3:False:3,53:63919,22161
> 4:True:3,47:63919,22161
> 5:False:3,49:63919,22161
dwr-suboptimal-old-noisy/50/dwr_noisy_p05_hyp-2_50_1.tar.bz2:48.3556981087:47.21802:48.24
> 0:False:3,55:66489,22846
> 1:True:3,53:66489,22846
> 2:False:3,58:66489,22846
> 3:False:3,54:66489,22846
> 4:False:3,55:66489,22846
> 5:False:3,55:66489,22846
dwr-suboptimal-old-noisy/50/dwr_noisy_p05_hyp-2_50_2.tar.bz2:9.47320103645:8.48352:9.37
> 0:False:3,50:47239,16539
> 1:False:3,49:47239,16539
> 2:False:3,52:47239,16539
> 3:True:3,48:47239,16539
> 4:False:3,50:47239,16539
> 5:False:3,50:47239,16539
dwr-suboptimal-old-noisy/50/dwr_noisy_p05_hyp-2_50_3.tar.bz2:29.4204230309:28.34044:29.33
> 0:True:3,46:61133,19632
> 1:False:3,48:61133,19632
> 2:False:3,49:61133,19632
> 3:False:3,48:61133,19632
> 4:True:3,46:61133,19632
> 5:True:3,46:61133,19632
dwr-suboptimal-old-noisy/50/dwr_noisy_p05_hyp-3_50_1.tar.bz2:10.8513569832:9.79622:10.73
> 0:False:3,41:54677,19650
> 1:True:3,40:54677,19650
> 2:True:3,40:54677,19650
> 3:False:3,43:54677,19650
> 4:True:3,40:54677,19650
> 5:True:3,40:54677,19650
dwr-suboptimal-old-noisy/50/dwr_noisy_p05_hyp-3_50_2.tar.bz2:6.78947806358:5.854752:6.69
> 0:True:3,42:39793,13414
> 1:False:3,44:39793,13414
> 2:True:3,42:39793,13414
> 3:False:3,45:39793,13414
> 4:False:3,44:39793,13414
> 5:False:3,44:39793,13414
dwr-suboptimal-old-noisy/50/dwr_noisy_p05_hyp-3_50_3.tar.bz2:10.9814901352:10.051975:10.93
> 0:True:3,40:43937,14630
> 1:True:3,40:43937,14630
> 2:False:3,41:43937,14630
> 3:False:3,42:43937,14630
> 4:True:3,40:43937,14630
> 5:False:3,42:43937,14630
dwr-suboptimal-old-noisy/50/dwr_noisy_p05_hyp-4_50_1.tar.bz2:18.2374010086:17.213604:18.12
> 0:True:3,37:46772,17842
> 1:True:3,37:46772,17842
> 2:False:3,38:46772,17842
> 3:True:3,37:46772,17842
> 4:True:3,37:46772,17842
> 5:False:3,39:46772,17842
dwr-suboptimal-old-noisy/50/dwr_noisy_p05_hyp-4_50_2.tar.bz2:7.06633400917:6.090941:6.99
> 0:False:3,40:48866,18261
> 1:False:3,40:48866,18261
> 2:True:3,38:48866,18261
> 3:True:3,38:48866,18261
> 4:False:3,40:48866,18261
> 5:False:3,41:48866,18261
dwr-suboptimal-old-noisy/50/dwr_noisy_p05_hyp-4_50_3.tar.bz2:13.3931429386:12.350998:13.27
> 0:False:3,40:52950,19376
> 1:False:3,39:52950,19376
> 2:False:3,40:52950,19376
> 3:True:3,38:52950,19376
> 4:False:3,40:52950,19376
> 5:True:3,38:52950,19376
dwr-suboptimal-old-noisy/70/dwr_noisy_p02_hyp-1_70_1.tar.bz2:2.80382204056:2.058119:2.79
> 0:True:3,19:13906,5476
> 1:False:3,27:13906,5476
> 2:True:3,19:13906,5476
> 3:False:3,25:13906,5476
> 4:False:3,25:13906,5476
> 5:False:3,27:13906,5476
> 6:False:3,27:13906,5476
> 7:False:3,25:13906,5476
dwr-suboptimal-old-noisy/70/dwr_noisy_p02_hyp-1_70_2.tar.bz2:2.43337392807:1.715688:2.43
> 0:True:3,19:12164,4870
> 1:False:3,23:12164,4870
> 2:False:3,21:12164,4870
> 3:False:3,27:12164,4870
> 4:False:3,27:12164,4870
> 5:False:3,23:12164,4870
> 6:False:3,27:12164,4870
> 7:False:3,25:12164,4870
dwr-suboptimal-old-noisy/70/dwr_noisy_p02_hyp-1_70_3.tar.bz2:4.01461291313:3.233798:4.0
> 0:True:3,19:17206,6456
> 1:False:3,25:17206,6456
> 2:False:3,21:17206,6456
> 3:False:3,27:17206,6456
> 4:False:3,25:17206,6456
> 5:False:3,27:17206,6456
> 6:False:3,29:17206,6456
> 7:False:3,25:17206,6456
dwr-suboptimal-old-noisy/70/dwr_noisy_p02_hyp-2_70_1.tar.bz2:1.11031293869:0.4346644:1.11
> 0:False:3,27:7628,3525
> 1:True:3,21:7628,3525
> 2:False:3,27:7628,3525
> 3:False:3,27:7628,3525
> 4:False:3,27:7628,3525
> 5:False:3,23:7628,3525
> 6:False:3,27:7628,3525
> 7:False:3,25:7628,3525
dwr-suboptimal-old-noisy/70/dwr_noisy_p02_hyp-2_70_2.tar.bz2:2.69025301933:1.967621:2.7
> 0:False:3,31:13441,5126
> 1:True:3,23:13441,5126
> 2:False:3,31:13441,5126
> 3:False:3,31:13441,5126
> 4:False:3,31:13441,5126
> 5:False:3,25:13441,5126
> 6:False:3,29:13441,5126
> 7:False:3,29:13441,5126
dwr-suboptimal-old-noisy/70/dwr_noisy_p02_hyp-2_70_3.tar.bz2:2.2867898941:1.585415:2.28
> 0:False:3,29:10393,4529
> 1:True:3,23:10393,4529
> 2:False:3,29:10393,4529
> 3:False:3,27:10393,4529
> 4:False:3,27:10393,4529
> 5:False:3,25:10393,4529
> 6:False:3,29:10393,4529
> 7:False:3,27:10393,4529
dwr-suboptimal-old-noisy/70/dwr_noisy_p02_hyp-3_70_1.tar.bz2:2.86103105545:2.128118:2.86
> 0:False:3,21:13862,5511
> 1:False:3,23:13862,5511
> 2:True:3,19:13862,5511
> 3:False:3,23:13862,5511
> 4:False:3,21:13862,5511
> 5:False:3,25:13862,5511
> 6:False:3,27:13862,5511
> 7:False:3,25:13862,5511
dwr-suboptimal-old-noisy/70/dwr_noisy_p02_hyp-3_70_2.tar.bz2:3.63055706024:2.904037:3.63
> 0:False:3,23:13422,5368
> 1:False:3,25:13422,5368
> 2:True:3,21:13422,5368
> 3:False:3,27:13422,5368
> 4:False:3,25:13422,5368
> 5:False:3,27:13422,5368
> 6:False:3,29:13422,5368
> 7:False:3,27:13422,5368
dwr-suboptimal-old-noisy/70/dwr_noisy_p02_hyp-3_70_3.tar.bz2:4.66318702698:3.88873:4.64
> 0:False:3,23:15914,6374
> 1:False:3,27:15914,6374
> 2:True:3,21:15914,6374
> 3:False:3,25:15914,6374
> 4:False:3,25:15914,6374
> 5:False:3,29:15914,6374
> 6:False:3,29:15914,6374
> 7:False:3,29:15914,6374
dwr-suboptimal-old-noisy/70/dwr_noisy_p02_hyp-4_70_1.tar.bz2:3.04533600807:2.301495:3.05
> 0:False:3,27:14977,6232
> 1:False:3,29:14977,6232
> 2:False:3,27:14977,6232
> 3:True:3,19:14977,6232
> 4:False:3,21:14977,6232
> 5:False:3,27:14977,6232
> 6:False:3,25:14977,6232
> 7:False:3,29:14977,6232
dwr-suboptimal-old-noisy/70/dwr_noisy_p02_hyp-4_70_2.tar.bz2:4.12173199654:3.369754:4.12
> 0:False:3,29:15991,6459
> 1:False:3,27:15991,6459
> 2:False:3,29:15991,6459
> 3:True:3,19:15991,6459
> 4:False:3,21:15991,6459
> 5:False:3,25:15991,6459
> 6:False:3,25:15991,6459
> 7:False:3,29:15991,6459
dwr-suboptimal-old-noisy/70/dwr_noisy_p02_hyp-4_70_3.tar.bz2:1.09863805771:0.4138918:1.08
> 0:False:3,25:6809,3029
> 1:False:3,23:6809,3029
> 2:False:3,25:6809,3029
> 3:True:3,19:6809,3029
> 4:False:3,21:6809,3029
> 5:False:3,23:6809,3029
> 6:False:3,23:6809,3029
> 7:False:3,25:6809,3029
dwr-suboptimal-old-noisy/70/dwr_noisy_p04_hyp-1_70_1.tar.bz2:1.48140311241:0.9360232:1.48
> 0:True:2,21:11104,4573
> 1:False:2,25:11104,4573
> 2:False:2,25:11104,4573
> 3:False:2,23:11104,4573
> 4:False:2,23:11104,4573
> 5:False:2,23:11104,4573
dwr-suboptimal-old-noisy/70/dwr_noisy_p04_hyp-1_70_2.tar.bz2:0.838526010513:0.3229824:0.84
> 0:True:2,19:7099,3368
> 1:False:2,20:7099,3368
> 2:False:2,21:7099,3368
> 3:True:2,19:7099,3368
> 4:False:2,20:7099,3368
> 5:False:2,21:7099,3368
dwr-suboptimal-old-noisy/70/dwr_noisy_p04_hyp-1_70_3.tar.bz2:0.889719009399:0.3620302:0.889999999999
> 0:True:2,15:8645,3624
> 1:False:2,17:8645,3624
> 2:False:2,17:8645,3624
> 3:True:2,15:8645,3624
> 4:False:2,17:8645,3624
> 5:False:2,17:8645,3624
dwr-suboptimal-old-noisy/70/dwr_noisy_p04_hyp-2_70_1.tar.bz2:2.27020096779:1.67811:2.27
> 0:False:2,27:18286,7414
> 1:False:2,24:18286,7414
> 2:True:2,20:18286,7414
> 3:False:2,22:18286,7414
> 4:False:2,26:18286,7414
> 5:False:2,25:18286,7414
dwr-suboptimal-old-noisy/70/dwr_noisy_p04_hyp-2_70_2.tar.bz2:2.09145092964:1.513528:2.09
> 0:False:2,28:16214,6672
> 1:False:2,26:16214,6672
> 2:True:2,22:16214,6672
> 3:False:2,24:16214,6672
> 4:False:2,28:16214,6672
> 5:False:2,26:16214,6672
dwr-suboptimal-old-noisy/70/dwr_noisy_p04_hyp-2_70_3.tar.bz2:1.2086660862:0.6564748:1.2
> 0:False:2,20:12238,5855
> 1:False:2,20:12238,5855
> 2:False:2,20:12238,5855
> 3:True:2,19:12238,5855
> 4:False:2,22:12238,5855
> 5:False:2,22:12238,5855
dwr-suboptimal-old-noisy/70/dwr_noisy_p04_hyp-3_70_1.tar.bz2:3.02125597:2.409023:3.01
> 0:False:2,23:18169,6872
> 1:True:2,19:18169,6872
> 2:False:2,23:18169,6872
> 3:False:2,23:18169,6872
> 4:False:2,21:18169,6872
> 5:False:2,23:18169,6872
dwr-suboptimal-old-noisy/70/dwr_noisy_p04_hyp-3_70_2.tar.bz2:2.93633198738:2.365579:2.92
> 0:False:2,26:12415,5211
> 1:True:2,22:12415,5211
> 2:False:2,26:12415,5211
> 3:False:2,26:12415,5211
> 4:False:2,24:12415,5211
> 5:False:2,26:12415,5211
dwr-suboptimal-old-noisy/70/dwr_noisy_p04_hyp-3_70_3.tar.bz2:1.03327488899:0.496318:1.03
> 0:False:2,21:10087,3887
> 1:True:2,19:10087,3887
> 2:False:2,23:10087,3887
> 3:False:2,23:10087,3887
> 4:False:2,23:10087,3887
> 5:False:2,21:10087,3887
dwr-suboptimal-old-noisy/70/dwr_noisy_p04_hyp-4_70_1.tar.bz2:2.73368310928:2.132158:2.73
> 0:False:2,25:19636,7144
> 1:True:2,23:19636,7144
> 2:False:2,27:19636,7144
> 3:False:2,27:19636,7144
> 4:True:2,23:19636,7144
> 5:False:2,25:19636,7144
dwr-suboptimal-old-noisy/70/dwr_noisy_p04_hyp-4_70_2.tar.bz2:4.4712369442:3.829617:4.45
> 0:False:2,26:22623,8498
> 1:False:2,28:22623,8498
> 2:False:2,30:22623,8498
> 3:False:2,28:22623,8498
> 4:True:2,24:22623,8498
> 5:False:2,28:22623,8498
dwr-suboptimal-old-noisy/70/dwr_noisy_p04_hyp-4_70_3.tar.bz2:2.39899706841:1.817034:2.4
> 0:False:2,24:16820,6259
> 1:False:2,22:16820,6259
> 2:False:2,24:16820,6259
> 3:False:2,24:16820,6259
> 4:True:2,20:16820,6259
> 5:False:2,24:16820,6259
dwr-suboptimal-old-noisy/70/dwr_noisy_p05_hyp-1_70_1.tar.bz2:40.7573828697:39.47026:40.64
> 0:True:3,62:87895,27251
> 1:False:3,63:87895,27251
> 2:False:3,64:87895,27251
> 3:False:3,68:87895,27251
> 4:True:3,62:87895,27251
> 5:False:3,64:87895,27251
dwr-suboptimal-old-noisy/70/dwr_noisy_p05_hyp-1_70_2.tar.bz2:24.5858500004:23.39737:24.47
> 0:True:3,62:74166,24595
> 1:False:3,63:74166,24595
> 2:True:3,62:74166,24595
> 3:False:3,64:74166,24595
> 4:True:3,62:74166,24595
> 5:True:3,62:74166,24595
dwr-suboptimal-old-noisy/70/dwr_noisy_p05_hyp-1_70_3.tar.bz2:24.4467430115:23.31298:24.34
> 0:True:3,55:66181,20805
> 1:False:3,58:66181,20805
> 2:False:3,59:66181,20805
> 3:False:3,63:66181,20805
> 4:True:3,55:66181,20805
> 5:False:3,57:66181,20805
dwr-suboptimal-old-noisy/70/dwr_noisy_p05_hyp-2_70_1.tar.bz2:21.3089549541:20.18349:21.19
> 0:False:3,62:64684,20896
> 1:True:3,57:64684,20896
> 2:False:3,61:64684,20896
> 3:False:3,61:64684,20896
> 4:False:3,62:64684,20896
> 5:False:3,62:64684,20896
dwr-suboptimal-old-noisy/70/dwr_noisy_p05_hyp-2_70_2.tar.bz2:75.4411678314:74.29989:75.34
> 0:False:3,64:67289,20634
> 1:True:3,63:67289,20634
> 2:False:3,64:67289,20634
> 3:False:3,66:67289,20634
> 4:False:3,64:67289,20634
> 5:False:3,64:67289,20634
dwr-suboptimal-old-noisy/70/dwr_noisy_p05_hyp-2_70_3.tar.bz2:50.5386087894:49.38829:50.41
> 0:False:3,62:67025,20716
> 1:True:3,58:67025,20716
> 2:False:3,60:67025,20716
> 3:False:3,62:67025,20716
> 4:False:3,62:67025,20716
> 5:False:3,66:67025,20716
dwr-suboptimal-old-noisy/70/dwr_noisy_p05_hyp-3_70_1.tar.bz2:16.0969440937:15.0574:15.98
> 0:True:3,49:54242,18180
> 1:False:3,51:54242,18180
> 2:True:3,49:54242,18180
> 3:False:3,52:54242,18180
> 4:False:3,50:54242,18180
> 5:False:3,51:54242,18180
dwr-suboptimal-old-noisy/70/dwr_noisy_p05_hyp-3_70_2.tar.bz2:9.85995697975:8.723844:9.75
> 0:True:3,51:67197,22076
> 1:False:3,52:67197,22076
> 2:False:3,52:67197,22076
> 3:False:3,56:67197,22076
> 4:True:3,51:67197,22076
> 5:False:3,56:67197,22076
dwr-suboptimal-old-noisy/70/dwr_noisy_p05_hyp-3_70_3.tar.bz2:13.3598918915:12.3467:13.25
> 0:False:3,48:49425,18694
> 1:False:3,50:49425,18694
> 2:True:3,47:49425,18694
> 3:False:3,51:49425,18694
> 4:False:3,48:49425,18694
> 5:False:3,48:49425,18694
dwr-suboptimal-old-noisy/70/dwr_noisy_p05_hyp-4_70_1.tar.bz2:13.911495924:12.82956:13.8
> 0:False:3,50:57718,20962
> 1:False:3,50:57718,20962
> 2:False:3,52:57718,20962
> 3:True:3,48:57718,20962
> 4:False:3,50:57718,20962
> 5:False:3,52:57718,20962
dwr-suboptimal-old-noisy/70/dwr_noisy_p05_hyp-4_70_2.tar.bz2:17.7352068424:16.664122:17.63
> 0:True:3,51:57426,19451
> 1:False:3,53:57426,19451
> 2:False:3,54:57426,19451
> 3:True:3,51:57426,19451
> 4:False:3,53:57426,19451
> 5:False:3,53:57426,19451
dwr-suboptimal-old-noisy/70/dwr_noisy_p05_hyp-4_70_3.tar.bz2:36.8293721676:35.67628:36.71
> 0:False:3,57:68410,22170
> 1:False:3,54:68410,22170
> 2:True:3,53:68410,22170
> 3:False:3,54:68410,22170
> 4:False:3,58:68410,22170
> 5:False:3,57:68410,22170
dwr-suboptimal-old-noisy/100/dwr_noisy_p02_hyp-1_full_1.tar.bz2:2.93048501015:2.171186:2.92
> 0:True:3,19:15537,6131
> 1:False:3,29:15537,6131
> 2:False:3,21:15537,6131
> 3:False:3,29:15537,6131
> 4:False:3,27:15537,6131
> 5:False:3,29:15537,6131
> 6:False:3,29:15537,6131
> 7:False:3,25:15537,6131
dwr-suboptimal-old-noisy/100/dwr_noisy_p02_hyp-1_full_2.tar.bz2:2.7331328392:1.981907:2.74
> 0:True:3,21:16356,6261
> 1:False:3,27:16356,6261
> 2:False:3,23:16356,6261
> 3:False:3,29:16356,6261
> 4:False:3,27:16356,6261
> 5:False:3,29:16356,6261
> 6:False:3,29:16356,6261
> 7:False:3,25:16356,6261
dwr-suboptimal-old-noisy/100/dwr_noisy_p02_hyp-1_full_3.tar.bz2:4.08681893349:3.312458:4.06
> 0:True:3,21:16555,6304
> 1:False:3,31:16555,6304
> 2:False:3,23:16555,6304
> 3:False:3,31:16555,6304
> 4:False:3,29:16555,6304
> 5:False:3,31:16555,6304
> 6:False:3,29:16555,6304
> 7:False:3,27:16555,6304
dwr-suboptimal-old-noisy/100/dwr_noisy_p02_hyp-2_full_1.tar.bz2:4.35808610916:3.577498:4.34
> 0:False:3,35:16526,6312
> 1:True:3,25:16526,6312
> 2:False:3,35:16526,6312
> 3:False:3,35:16526,6312
> 4:False:3,35:16526,6312
> 5:False:3,29:16526,6312
> 6:False:3,35:16526,6312
> 7:False:3,33:16526,6312
dwr-suboptimal-old-noisy/100/dwr_noisy_p02_hyp-2_full_2.tar.bz2:3.01811790466:2.26551:3.02
> 0:False:3,33:16577,6192
> 1:True:3,23:16577,6192
> 2:False:3,33:16577,6192
> 3:False:3,33:16577,6192
> 4:False:3,33:16577,6192
> 5:False:3,27:16577,6192
> 6:False:3,33:16577,6192
> 7:False:3,31:16577,6192
dwr-suboptimal-old-noisy/100/dwr_noisy_p02_hyp-2_full_3.tar.bz2:3.50388908386:2.745473:3.5
> 0:False:3,35:17069,6364
> 1:True:3,25:17069,6364
> 2:False:3,33:17069,6364
> 3:False:3,33:17069,6364
> 4:False:3,33:17069,6364
> 5:False:3,29:17069,6364
> 6:False:3,35:17069,6364
> 7:False:3,33:17069,6364
dwr-suboptimal-old-noisy/100/dwr_noisy_p02_hyp-3_full_1.tar.bz2:3.05855202675:2.296243:3.06
> 0:False:3,23:17300,6766
> 1:False:3,29:17300,6766
> 2:True:3,21:17300,6766
> 3:False:3,31:17300,6766
> 4:False:3,27:17300,6766
> 5:False:3,31:17300,6766
> 6:False:3,31:17300,6766
> 7:False:3,29:17300,6766
dwr-suboptimal-old-noisy/100/dwr_noisy_p02_hyp-3_full_2.tar.bz2:5.57304096222:4.780397:5.53
> 0:False:3,21:16436,6478
> 1:False:3,27:16436,6478
> 2:True:3,19:16436,6478
> 3:False:3,29:16436,6478
> 4:False:3,27:16436,6478
> 5:False:3,29:16436,6478
> 6:False:3,29:16436,6478
> 7:False:3,27:16436,6478
dwr-suboptimal-old-noisy/100/dwr_noisy_p02_hyp-3_full_3.tar.bz2:3.5427210331:2.781599:3.55
> 0:False:3,25:17091,6642
> 1:False:3,31:17091,6642
> 2:True:3,23:17091,6642
> 3:False:3,33:17091,6642
> 4:False:3,31:17091,6642
> 5:False:3,33:17091,6642
> 6:False:3,33:17091,6642
> 7:False:3,31:17091,6642
dwr-suboptimal-old-noisy/100/dwr_noisy_p02_hyp-4_full_1.tar.bz2:4.03314399719:3.284221:4.03
> 0:False:3,31:15916,6429
> 1:False:3,31:15916,6429
> 2:False:3,31:15916,6429
> 3:True:3,21:15916,6429
> 4:False:3,23:15916,6429
> 5:False:3,29:15916,6429
> 6:False:3,27:15916,6429
> 7:False:3,31:15916,6429
dwr-suboptimal-old-noisy/100/dwr_noisy_p02_hyp-4_full_2.tar.bz2:5.26779294014:4.46246:5.23
> 0:False:3,35:18305,7020
> 1:False:3,35:18305,7020
> 2:False:3,35:18305,7020
> 3:True:3,27:18305,7020
> 4:False:3,29:18305,7020
> 5:False:3,33:18305,7020
> 6:False:3,31:18305,7020
> 7:False:3,35:18305,7020
dwr-suboptimal-old-noisy/100/dwr_noisy_p02_hyp-4_full_3.tar.bz2:4.70366191864:3.913715:4.69
> 0:False:3,31:18064,6868
> 1:False:3,33:18064,6868
> 2:False:3,33:18064,6868
> 3:True:3,25:18064,6868
> 4:False:3,27:18064,6868
> 5:False:3,33:18064,6868
> 6:False:3,31:18064,6868
> 7:False:3,31:18064,6868
dwr-suboptimal-old-noisy/100/dwr_noisy_p04_hyp-1_full_1.tar.bz2:1.44216299057:0.864186:1.44
> 0:True:2,19:15676,6184
> 1:False:2,23:15676,6184
> 2:False:2,23:15676,6184
> 3:False:2,21:15676,6184
> 4:False:2,21:15676,6184
> 5:False:2,21:15676,6184
dwr-suboptimal-old-noisy/100/dwr_noisy_p04_hyp-1_full_2.tar.bz2:1.24087309837:0.6918042:1.24
> 0:True:2,19:11668,4772
> 1:False:2,23:11668,4772
> 2:False:2,24:11668,4772
> 3:False:2,22:11668,4772
> 4:False:2,21:11668,4772
> 5:False:2,21:11668,4772
dwr-suboptimal-old-noisy/100/dwr_noisy_p04_hyp-1_full_3.tar.bz2:1.21777391434:0.6710678:1.22
> 0:True:2,19:11546,4719
> 1:False:2,23:11546,4719
> 2:False:2,23:11546,4719
> 3:False:2,21:11546,4719
> 4:False:2,21:11546,4719
> 5:False:2,21:11546,4719
dwr-suboptimal-old-noisy/100/dwr_noisy_p04_hyp-2_full_1.tar.bz2:1.97090101242:1.368218:1.97
> 0:False:2,29:19718,7524
> 1:False:2,27:19718,7524
> 2:True:2,25:19718,7524
> 3:False:2,27:19718,7524
> 4:False:2,29:19718,7524
> 5:False:2,27:19718,7524
dwr-suboptimal-old-noisy/100/dwr_noisy_p04_hyp-2_full_2.tar.bz2:3.73693299294:3.113819:3.72
> 0:False:2,29:19263,7418
> 1:False:2,27:19263,7418
> 2:True:2,23:19263,7418
> 3:False:2,25:19263,7418
> 4:False:2,29:19263,7418
> 5:False:2,27:19263,7418
dwr-suboptimal-old-noisy/100/dwr_noisy_p04_hyp-2_full_3.tar.bz2:2.3682050705:1.765665:2.37
> 0:False:2,29:18945,7347
> 1:False:2,29:18945,7347
> 2:True:2,25:18945,7347
> 3:False:2,27:18945,7347
> 4:False:2,29:18945,7347
> 5:False:2,27:18945,7347
dwr-suboptimal-old-noisy/100/dwr_noisy_p04_hyp-3_full_1.tar.bz2:2.20761704445:1.616491:2.21
> 0:False:2,25:18159,6875
> 1:True:2,19:18159,6875
> 2:False:2,23:18159,6875
> 3:False:2,23:18159,6875
> 4:False:2,23:18159,6875
> 5:False:2,25:18159,6875
dwr-suboptimal-old-noisy/100/dwr_noisy_p04_hyp-3_full_2.tar.bz2:2.22737789154:1.623064:2.22
> 0:False:2,29:19565,7097
> 1:True:2,23:19565,7097
> 2:False:2,27:19565,7097
> 3:False:2,27:19565,7097
> 4:False:2,27:19565,7097
> 5:False:2,29:19565,7097
dwr-suboptimal-old-noisy/100/dwr_noisy_p04_hyp-3_full_3.tar.bz2:3.99841189384:3.383982:4.01
> 0:False:2,31:21057,7725
> 1:True:2,25:21057,7725
> 2:False:2,29:21057,7725
> 3:False:2,29:21057,7725
> 4:False:2,27:21057,7725
> 5:False:2,31:21057,7725
dwr-suboptimal-old-noisy/100/dwr_noisy_p04_hyp-4_full_1.tar.bz2:2.36392188072:1.726278:2.34
> 0:False:2,29:22874,8127
> 1:False:2,29:22874,8127
> 2:False:2,30:22874,8127
> 3:False:2,31:22874,8127
> 4:True:2,25:22874,8127
> 5:False:2,29:22874,8127
dwr-suboptimal-old-noisy/100/dwr_noisy_p04_hyp-4_full_2.tar.bz2:2.03758382797:1.441169:2.04
> 0:False:2,25:18630,6925
> 1:False:2,23:18630,6925
> 2:False:2,25:18630,6925
> 3:False:2,25:18630,6925
> 4:True:2,21:18630,6925
> 5:False:2,25:18630,6925
dwr-suboptimal-old-noisy/100/dwr_noisy_p04_hyp-4_full_3.tar.bz2:3.45039892197:2.829053:3.44
> 0:False:2,27:19388,7097
> 1:False:2,29:19388,7097
> 2:False:2,29:19388,7097
> 3:False:2,29:19388,7097
> 4:True:2,25:19388,7097
> 5:False:2,27:19388,7097
dwr-suboptimal-old-noisy/100/dwr_noisy_p05_hyp-1_full_1.tar.bz2:20.0787961483:18.71575:19.98
> 0:True:3,70:99091,28858
> 1:False:3,73:99091,28858
> 2:False:3,76:99091,28858
> 3:False:3,81:99091,28858
> 4:True:3,70:99091,28858
> 5:False:3,74:99091,28858
dwr-suboptimal-old-noisy/100/dwr_noisy_p05_hyp-1_full_2.tar.bz2:23.4585869312:22.17957:23.34
> 0:True:3,68:86771,27156
> 1:False:3,72:86771,27156
> 2:False:3,74:86771,27156
> 3:False:3,78:86771,27156
> 4:True:3,68:86771,27156
> 5:False:3,72:86771,27156
dwr-suboptimal-old-noisy/100/dwr_noisy_p05_hyp-1_full_3.tar.bz2:18.8938200474:17.54388:18.79
> 0:True:3,70:96721,28483
> 1:False:3,75:96721,28483
> 2:False:3,77:96721,28483
> 3:False:3,78:96721,28483
> 4:True:3,70:96721,28483
> 5:False:3,74:96721,28483
dwr-suboptimal-old-noisy/100/dwr_noisy_p05_hyp-2_full_1.tar.bz2:30.3663830757:28.99612:30.25
> 0:False:3,76:98949,27921
> 1:True:3,70:98949,27921
> 2:False:3,78:98949,27921
> 3:False:3,79:98949,27921
> 4:False:3,76:98949,27921
> 5:False:3,74:98949,27921
dwr-suboptimal-old-noisy/100/dwr_noisy_p05_hyp-2_full_2.tar.bz2:55.5619549751:54.19516:55.45
> 0:False:3,72:95690,28535
> 1:True:3,66:95690,28535
> 2:False:3,72:95690,28535
> 3:False:3,75:95690,28535
> 4:False:3,71:95690,28535
> 5:False:3,73:95690,28535
dwr-suboptimal-old-noisy/100/dwr_noisy_p05_hyp-2_full_3.tar.bz2:28.9535620213:27.64319:28.82
> 0:False:3,76:89392,27326
> 1:True:3,68:89392,27326
> 2:False:3,72:89392,27326
> 3:False:3,77:89392,27326
> 4:False:3,76:89392,27326
> 5:False:3,76:89392,27326
dwr-suboptimal-old-noisy/100/dwr_noisy_p05_hyp-3_full_1.tar.bz2:29.648900032:28.44617:29.54
> 0:False:3,57:75956,24653
> 1:False:3,59:75956,24653
> 2:False:3,59:75956,24653
> 3:False:3,64:75956,24653
> 4:True:3,53:75956,24653
> 5:False:3,60:75956,24653
dwr-suboptimal-old-noisy/100/dwr_noisy_p05_hyp-3_full_2.tar.bz2:14.3798449039:13.181983:14.29
> 0:False:3,59:78195,23166
> 1:False:3,61:78195,23166
> 2:False:3,63:78195,23166
> 3:False:3,65:78195,23166
> 4:True:3,56:78195,23166
> 5:False:3,60:78195,23166
dwr-suboptimal-old-noisy/100/dwr_noisy_p05_hyp-3_full_3.tar.bz2:13.9295859337:12.75884:13.81
> 0:False:3,61:69774,22141
> 1:False:3,63:69774,22141
> 2:False:3,62:69774,22141
> 3:False:3,66:69774,22141
> 4:True:3,58:69774,22141
> 5:False:3,62:69774,22141
dwr-suboptimal-old-noisy/100/dwr_noisy_p05_hyp-4_full_1.tar.bz2:9.75779795647:8.630446:9.65
> 0:False:3,58:66733,21797
> 1:False:3,54:66733,21797
> 2:False:3,53:66733,21797
> 3:True:3,50:66733,21797
> 4:False:3,62:66733,21797
> 5:False:3,60:66733,21797
dwr-suboptimal-old-noisy/100/dwr_noisy_p05_hyp-4_full_2.tar.bz2:23.701982975:22.502274:23.61
> 0:False:3,61:77967,24426
> 1:False:3,57:77967,24426
> 2:False:3,60:77967,24426
> 3:True:3,54:77967,24426
> 4:False:3,61:77967,24426
> 5:False:3,61:77967,24426
dwr-suboptimal-old-noisy/100/dwr_noisy_p05_hyp-4_full_3.tar.bz2:26.3633918762:25.089033:26.24
> 0:False:3,64:85562,24762
> 1:False:3,61:85562,24762
> 2:False:3,64:85562,24762
> 3:True:3,56:85562,24762
> 4:False:3,64:85562,24762
> 5:False:3,65:85562,24762
