dwr-suboptimal-old-noisy/10/dwr_noisy_p02_hyp-1_10_1.tar.bz2:0.772989988327:0.1084644:0.77
> 0:True:11,11:6946,1599
> 1:False:11,15:6946,1599
> 2:True:11,11:6946,1599
> 3:False:11,13:6946,1599
> 4:True:11,11:6946,1599
> 5:False:11,15:6946,1599
> 6:False:13,15:6946,1599
> 7:True:13,13:6946,1599
dwr-suboptimal-old-noisy/10/dwr_noisy_p02_hyp-1_10_2.tar.bz2:0.768513917923:0.1055853:0.77
> 0:True:11,11:6947,1601
> 1:False:11,13:6947,1601
> 2:True:11,11:6947,1601
> 3:True:11,11:6947,1601
> 4:True:11,11:6947,1601
> 5:False:11,13:6947,1601
> 6:True:13,13:6947,1601
> 7:True:13,13:6947,1601
dwr-suboptimal-old-noisy/10/dwr_noisy_p02_hyp-1_10_3.tar.bz2:0.77513885498:0.1096794:0.77
> 0:True:11,12:6946,1599
> 1:False:11,15:6946,1599
> 2:True:11,12:6946,1599
> 3:False:11,14:6946,1599
> 4:True:11,12:6946,1599
> 5:False:11,15:6946,1599
> 6:False:13,16:6946,1599
> 7:True:13,14:6946,1599
dwr-suboptimal-old-noisy/10/dwr_noisy_p02_hyp-2_10_1.tar.bz2:0.764642953873:0.1029434:0.77
> 0:True:11,13:6946,1599
> 1:True:11,13:6946,1599
> 2:True:11,13:6946,1599
> 3:True:11,13:6946,1599
> 4:True:11,13:6946,1599
> 5:True:11,13:6946,1599
> 6:True:13,15:6946,1599
> 7:True:13,15:6946,1599
dwr-suboptimal-old-noisy/10/dwr_noisy_p02_hyp-2_10_2.tar.bz2:0.774981021881:0.105982:0.77
> 0:False:11,13:6947,1601
> 1:True:11,11:6947,1601
> 2:False:11,13:6947,1601
> 3:True:11,11:6947,1601
> 4:True:11,11:6947,1601
> 5:True:11,11:6947,1601
> 6:True:13,13:6947,1601
> 7:True:13,13:6947,1601
dwr-suboptimal-old-noisy/10/dwr_noisy_p02_hyp-2_10_3.tar.bz2:0.768671035767:0.1037868:0.78
> 0:False:11,13:6946,1599
> 1:True:11,11:6946,1599
> 2:False:11,13:6946,1599
> 3:True:11,11:6946,1599
> 4:True:11,11:6946,1599
> 5:True:11,11:6946,1599
> 6:True:13,13:6946,1599
> 7:True:13,13:6946,1599
dwr-suboptimal-old-noisy/10/dwr_noisy_p02_hyp-3_10_1.tar.bz2:0.771719932556:0.1068798:0.77
> 0:True:11,12:6946,1599
> 1:True:11,12:6946,1599
> 2:True:11,12:6946,1599
> 3:False:11,14:6946,1599
> 4:False:11,14:6946,1599
> 5:True:11,12:6946,1599
> 6:True:13,14:6946,1599
> 7:True:13,14:6946,1599
dwr-suboptimal-old-noisy/10/dwr_noisy_p02_hyp-3_10_2.tar.bz2:0.77214384079:0.109904:0.78
> 0:False:11,13:6946,1599
> 1:False:11,14:6946,1599
> 2:True:11,11:6946,1599
> 3:False:11,16:6946,1599
> 4:False:11,14:6946,1599
> 5:False:11,15:6946,1599
> 6:False:13,17:6946,1599
> 7:False:13,15:6946,1599
dwr-suboptimal-old-noisy/10/dwr_noisy_p02_hyp-3_10_3.tar.bz2:0.768477916718:0.1059197:0.77
> 0:True:11,11:6947,1601
> 1:False:11,13:6947,1601
> 2:True:11,11:6947,1601
> 3:False:11,13:6947,1601
> 4:False:11,13:6947,1601
> 5:False:11,13:6947,1601
> 6:False:13,15:6947,1601
> 7:False:13,15:6947,1601
dwr-suboptimal-old-noisy/10/dwr_noisy_p02_hyp-4_10_1.tar.bz2:0.767778158188:0.1069813:0.77
> 0:True:11,11:6946,1599
> 1:False:11,13:6946,1599
> 2:True:11,11:6946,1599
> 3:True:11,11:6946,1599
> 4:True:11,11:6946,1599
> 5:False:11,13:6946,1599
> 6:True:13,13:6946,1599
> 7:True:13,13:6946,1599
dwr-suboptimal-old-noisy/10/dwr_noisy_p02_hyp-4_10_2.tar.bz2:0.775673866272:0.1071768:0.78
> 0:False:11,14:6946,1599
> 1:True:11,11:6946,1599
> 2:False:11,14:6946,1599
> 3:True:11,11:6946,1599
> 4:True:11,11:6946,1599
> 5:True:11,11:6946,1599
> 6:True:13,13:6946,1599
> 7:True:13,13:6946,1599
dwr-suboptimal-old-noisy/10/dwr_noisy_p02_hyp-4_10_3.tar.bz2:0.771165847778:0.1041925:0.78
> 0:False:11,13:6947,1601
> 1:True:11,11:6947,1601
> 2:False:11,13:6947,1601
> 3:True:11,11:6947,1601
> 4:True:11,11:6947,1601
> 5:True:11,11:6947,1601
> 6:True:13,13:6947,1601
> 7:True:13,13:6947,1601
dwr-suboptimal-old-noisy/10/dwr_noisy_p04_hyp-1_10_1.tar.bz2:0.636054992676:0.0990185:0.64
> 0:True:9,11:9963,1994
> 1:True:9,11:9963,1994
> 2:True:10,12:9963,1994
> 3:True:9,11:9963,1994
> 4:True:9,11:9963,1994
> 5:True:9,11:9963,1994
dwr-suboptimal-old-noisy/10/dwr_noisy_p04_hyp-1_10_2.tar.bz2:0.636460065842:0.1028808:0.63
> 0:True:9,9:9963,1994
> 1:False:9,12:9963,1994
> 2:False:10,12:9963,1994
> 3:False:9,10:9963,1994
> 4:False:9,13:9963,1994
> 5:False:9,11:9963,1994
dwr-suboptimal-old-noisy/10/dwr_noisy_p04_hyp-1_10_3.tar.bz2:0.635821819305:0.0993545:0.62
> 0:True:9,11:9962,1992
> 1:True:9,11:9962,1992
> 2:False:10,13:9962,1992
> 3:False:9,13:9962,1992
> 4:True:9,11:9962,1992
> 5:True:9,11:9962,1992
dwr-suboptimal-old-noisy/10/dwr_noisy_p04_hyp-2_10_1.tar.bz2:0.631295919418:0.0946976:0.63
> 0:False:9,13:9964,1996
> 1:False:9,10:9964,1996
> 2:True:10,10:9964,1996
> 3:False:9,10:9964,1996
> 4:False:9,12:9964,1996
> 5:False:9,13:9964,1996
dwr-suboptimal-old-noisy/10/dwr_noisy_p04_hyp-2_10_2.tar.bz2:0.633275032043:0.0962309:0.63
> 0:False:9,11:9964,1996
> 1:False:9,12:9964,1996
> 2:True:10,11:9964,1996
> 3:False:9,11:9964,1996
> 4:False:9,12:9964,1996
> 5:False:9,11:9964,1996
dwr-suboptimal-old-noisy/10/dwr_noisy_p04_hyp-2_10_3.tar.bz2:0.623430013657:0.0918322:0.62
> 0:False:9,12:9963,1994
> 1:False:9,12:9963,1994
> 2:True:10,12:9963,1994
> 3:False:9,12:9963,1994
> 4:False:9,12:9963,1994
> 5:False:9,12:9963,1994
dwr-suboptimal-old-noisy/10/dwr_noisy_p04_hyp-3_10_1.tar.bz2:0.63073015213:0.0960077:0.63
> 0:False:9,11:9962,1992
> 1:True:9,10:9962,1992
> 2:False:10,12:9962,1992
> 3:False:9,11:9962,1992
> 4:True:9,10:9962,1992
> 5:False:9,11:9962,1992
dwr-suboptimal-old-noisy/10/dwr_noisy_p04_hyp-3_10_2.tar.bz2:0.63512802124:0.1015576:0.63
> 0:False:9,12:9962,1992
> 1:True:9,10:9962,1992
> 2:True:10,11:9962,1992
> 3:False:9,11:9962,1992
> 4:True:9,10:9962,1992
> 5:False:9,12:9962,1992
dwr-suboptimal-old-noisy/10/dwr_noisy_p04_hyp-3_10_3.tar.bz2:0.635115146637:0.0982318:0.64
> 0:False:9,13:9963,1994
> 1:True:9,10:9963,1994
> 2:False:10,13:9963,1994
> 3:False:9,13:9963,1994
> 4:False:9,11:9963,1994
> 5:False:9,13:9963,1994
dwr-suboptimal-old-noisy/10/dwr_noisy_p04_hyp-4_10_1.tar.bz2:0.623281002045:0.0925494:0.62
> 0:False:9,10:9962,1992
> 1:False:9,10:9962,1992
> 2:True:10,10:9962,1992
> 3:False:9,10:9962,1992
> 4:False:9,10:9962,1992
> 5:False:9,10:9962,1992
dwr-suboptimal-old-noisy/10/dwr_noisy_p04_hyp-4_10_2.tar.bz2:0.628013849258:0.0966531:0.63
> 0:True:9,9:9962,1992
> 1:False:9,11:9962,1992
> 2:False:10,12:9962,1992
> 3:False:9,11:9962,1992
> 4:False:9,10:9962,1992
> 5:True:9,9:9962,1992
dwr-suboptimal-old-noisy/10/dwr_noisy_p04_hyp-4_10_3.tar.bz2:0.630285024643:0.0956906:0.64
> 0:False:9,12:9962,1992
> 1:True:9,11:9962,1992
> 2:True:10,12:9962,1992
> 3:False:9,12:9962,1992
> 4:True:9,11:9962,1992
> 5:False:9,12:9962,1992
dwr-suboptimal-old-noisy/10/dwr_noisy_p05_hyp-1_10_1.tar.bz2:1.14865803719:0.3239179:1.15
> 0:False:14,22:39258,4501
> 1:True:16,22:39258,4501
> 2:True:16,22:39258,4501
> 3:False:15,22:39258,4501
> 4:False:14,22:39258,4501
> 5:False:15,22:39258,4501
dwr-suboptimal-old-noisy/10/dwr_noisy_p05_hyp-1_10_2.tar.bz2:1.14180707932:0.3293675:1.14
> 0:False:14,18:39259,4503
> 1:True:16,19:39259,4503
> 2:False:16,21:39259,4503
> 3:True:15,18:39259,4503
> 4:False:14,19:39259,4503
> 5:False:15,19:39259,4503
dwr-suboptimal-old-noisy/10/dwr_noisy_p05_hyp-1_10_3.tar.bz2:1.16047406197:0.3410403:1.16
> 0:False:14,21:39258,4501
> 1:True:16,22:39258,4501
> 2:True:16,22:39258,4501
> 3:False:15,22:39258,4501
> 4:False:14,21:39258,4501
> 5:False:15,22:39258,4501
dwr-suboptimal-old-noisy/10/dwr_noisy_p05_hyp-2_10_1.tar.bz2:1.15188789368:0.333338:1.15
> 0:False:14,21:39259,4503
> 1:False:16,22:39259,4503
> 2:True:16,20:39259,4503
> 3:False:15,22:39259,4503
> 4:False:14,21:39259,4503
> 5:False:15,21:39259,4503
dwr-suboptimal-old-noisy/10/dwr_noisy_p05_hyp-2_10_2.tar.bz2:1.15138101578:0.3280818:1.14
> 0:False:14,21:39260,4505
> 1:False:16,23:39260,4505
> 2:True:16,22:39260,4505
> 3:False:15,23:39260,4505
> 4:False:14,23:39260,4505
> 5:False:15,23:39260,4505
dwr-suboptimal-old-noisy/10/dwr_noisy_p05_hyp-2_10_3.tar.bz2:1.13735795021:0.3154048:1.13
> 0:False:14,20:39259,4503
> 1:False:16,21:39259,4503
> 2:True:16,20:39259,4503
> 3:False:15,20:39259,4503
> 4:False:14,20:39259,4503
> 5:True:15,19:39259,4503
dwr-suboptimal-old-noisy/10/dwr_noisy_p05_hyp-3_10_1.tar.bz2:1.18861508369:0.3614466:1.19
> 0:True:14,15:39257,4499
> 1:True:16,17:39257,4499
> 2:False:16,19:39257,4499
> 3:True:15,16:39257,4499
> 4:True:14,15:39257,4499
> 5:False:15,17:39257,4499
dwr-suboptimal-old-noisy/10/dwr_noisy_p05_hyp-3_10_2.tar.bz2:1.12235093117:0.298471:1.13
> 0:False:14,17:39258,4501
> 1:False:16,20:39258,4501
> 2:False:16,19:39258,4501
> 3:False:15,18:39258,4501
> 4:True:14,15:39258,4501
> 5:True:15,16:39258,4501
dwr-suboptimal-old-noisy/10/dwr_noisy_p05_hyp-3_10_3.tar.bz2:1.13983201981:0.3236383:1.14
> 0:False:14,17:39258,4501
> 1:True:16,18:39258,4501
> 2:False:16,20:39258,4501
> 3:True:15,17:39258,4501
> 4:True:14,16:39258,4501
> 5:True:15,17:39258,4501
dwr-suboptimal-old-noisy/10/dwr_noisy_p05_hyp-4_10_1.tar.bz2:1.13444805145:0.3157991:1.13
> 0:False:14,17:39258,4501
> 1:False:16,19:39258,4501
> 2:False:16,21:39258,4501
> 3:False:15,17:39258,4501
> 4:True:14,15:39258,4501
> 5:False:15,17:39258,4501
dwr-suboptimal-old-noisy/10/dwr_noisy_p05_hyp-4_10_2.tar.bz2:1.12073898315:0.295357:1.12
> 0:False:14,18:39258,4501
> 1:False:16,18:39258,4501
> 2:True:16,17:39258,4501
> 3:True:15,16:39258,4501
> 4:False:14,16:39258,4501
> 5:True:15,16:39258,4501
dwr-suboptimal-old-noisy/10/dwr_noisy_p05_hyp-4_10_3.tar.bz2:1.13626694679:0.3042175:1.13
> 0:False:14,19:39258,4501
> 1:True:16,19:39258,4501
> 2:False:16,20:39258,4501
> 3:True:15,18:39258,4501
> 4:False:14,18:39258,4501
> 5:False:15,19:39258,4501
dwr-suboptimal-old-noisy/30/dwr_noisy_p02_hyp-1_30_1.tar.bz2:0.772086858749:0.1076357:0.77
> 0:True:11,15:6951,1609
> 1:False:11,19:6951,1609
> 2:True:11,15:6951,1609
> 3:False:11,16:6951,1609
> 4:False:11,18:6951,1609
> 5:False:11,19:6951,1609
> 6:True:13,17:6951,1609
> 7:False:13,19:6951,1609
dwr-suboptimal-old-noisy/30/dwr_noisy_p02_hyp-1_30_2.tar.bz2:0.758900880814:0.0950537:0.76
> 0:True:11,13:6949,1605
> 1:False:11,17:6949,1605
> 2:True:11,13:6949,1605
> 3:True:11,13:6949,1605
> 4:True:11,13:6949,1605
> 5:False:11,17:6949,1605
> 6:True:13,15:6949,1605
> 7:True:13,15:6949,1605
dwr-suboptimal-old-noisy/30/dwr_noisy_p02_hyp-1_30_3.tar.bz2:0.769846200943:0.104748:0.77
> 0:True:11,13:6951,1609
> 1:False:11,19:6951,1609
> 2:False:11,15:6951,1609
> 3:False:11,19:6951,1609
> 4:False:11,17:6951,1609
> 5:False:11,19:6951,1609
> 6:False:13,19:6951,1609
> 7:True:13,15:6951,1609
dwr-suboptimal-old-noisy/30/dwr_noisy_p02_hyp-2_30_1.tar.bz2:0.767608880997:0.1041283:0.77
> 0:False:11,19:6950,1607
> 1:True:11,15:6950,1607
> 2:False:11,19:6950,1607
> 3:False:11,19:6950,1607
> 4:False:11,19:6950,1607
> 5:False:11,17:6950,1607
> 6:False:13,21:6950,1607
> 7:False:13,21:6950,1607
dwr-suboptimal-old-noisy/30/dwr_noisy_p02_hyp-2_30_2.tar.bz2:0.768296957016:0.1013323:0.76
> 0:False:11,17:6950,1607
> 1:False:11,15:6950,1607
> 2:False:11,17:6950,1607
> 3:False:11,16:6950,1607
> 4:False:11,14:6950,1607
> 5:False:11,15:6950,1607
> 6:False:13,17:6950,1607
> 7:True:13,15:6950,1607
dwr-suboptimal-old-noisy/30/dwr_noisy_p02_hyp-2_30_3.tar.bz2:0.76629114151:0.0986747:0.77
> 0:False:11,19:6949,1605
> 1:True:11,14:6949,1605
> 2:False:11,19:6949,1605
> 3:False:11,19:6949,1605
> 4:False:11,19:6949,1605
> 5:False:11,17:6949,1605
> 6:False:13,19:6949,1605
> 7:False:13,18:6949,1605
dwr-suboptimal-old-noisy/30/dwr_noisy_p02_hyp-3_30_1.tar.bz2:0.765568971634:0.1038797:0.78
> 0:True:11,13:6951,1609
> 1:False:11,15:6951,1609
> 2:True:11,13:6951,1609
> 3:False:11,17:6951,1609
> 4:False:11,15:6951,1609
> 5:True:11,13:6951,1609
> 6:True:13,15:6951,1609
> 7:True:13,15:6951,1609
dwr-suboptimal-old-noisy/30/dwr_noisy_p02_hyp-3_30_2.tar.bz2:0.772792100906:0.105902:0.77
> 0:True:11,14:6951,1609
> 1:False:11,18:6951,1609
> 2:True:11,14:6951,1609
> 3:False:11,18:6951,1609
> 4:False:11,16:6951,1609
> 5:False:11,18:6951,1609
> 6:False:13,18:6951,1609
> 7:True:13,16:6951,1609
dwr-suboptimal-old-noisy/30/dwr_noisy_p02_hyp-3_30_3.tar.bz2:0.763345003128:0.094795:0.77
> 0:False:11,15:6950,1607
> 1:False:11,15:6950,1607
> 2:True:11,13:6950,1607
> 3:False:11,17:6950,1607
> 4:False:11,17:6950,1607
> 5:False:11,17:6950,1607
> 6:False:13,17:6950,1607
> 7:False:13,17:6950,1607
dwr-suboptimal-old-noisy/30/dwr_noisy_p02_hyp-4_30_1.tar.bz2:0.781013965607:0.1166275:0.79
> 0:False:11,20:6951,1609
> 1:False:11,20:6951,1609
> 2:False:11,20:6951,1609
> 3:True:11,13:6951,1609
> 4:False:11,15:6951,1609
> 5:False:11,19:6951,1609
> 6:False:13,17:6951,1609
> 7:False:13,20:6951,1609
dwr-suboptimal-old-noisy/30/dwr_noisy_p02_hyp-4_30_2.tar.bz2:0.768893003464:0.103749:0.77
> 0:False:11,16:6951,1609
> 1:True:11,14:6951,1609
> 2:False:11,16:6951,1609
> 3:False:11,16:6951,1609
> 4:False:11,16:6951,1609
> 5:True:11,14:6951,1609
> 6:True:13,16:6951,1609
> 7:True:13,16:6951,1609
dwr-suboptimal-old-noisy/30/dwr_noisy_p02_hyp-4_30_3.tar.bz2:0.771651029587:0.1047726:0.76
> 0:False:11,19:6950,1607
> 1:False:11,21:6950,1607
> 2:False:11,19:6950,1607
> 3:True:11,17:6950,1607
> 4:False:11,19:6950,1607
> 5:False:11,21:6950,1607
> 6:True:13,19:6950,1607
> 7:False:13,21:6950,1607
dwr-suboptimal-old-noisy/30/dwr_noisy_p04_hyp-1_30_1.tar.bz2:0.63348698616:0.095723:0.65
> 0:True:9,12:9966,2000
> 1:False:9,16:9966,2000
> 2:False:10,15:9966,2000
> 3:False:9,15:9966,2000
> 4:False:9,15:9966,2000
> 5:True:9,12:9966,2000
dwr-suboptimal-old-noisy/30/dwr_noisy_p04_hyp-1_30_2.tar.bz2:0.638825893402:0.1016333:0.63
> 0:True:9,12:9967,2002
> 1:False:9,18:9967,2002
> 2:False:10,18:9967,2002
> 3:False:9,16:9967,2002
> 4:False:9,16:9967,2002
> 5:False:9,14:9967,2002
dwr-suboptimal-old-noisy/30/dwr_noisy_p04_hyp-1_30_3.tar.bz2:0.631834030151:0.0959631:0.63
> 0:True:9,12:9966,2000
> 1:False:9,13:9966,2000
> 2:False:10,14:9966,2000
> 3:False:9,14:9966,2000
> 4:False:9,13:9966,2000
> 5:True:9,12:9966,2000
dwr-suboptimal-old-noisy/30/dwr_noisy_p04_hyp-2_30_1.tar.bz2:0.619427204132:0.0895108:0.63
> 0:False:9,15:9967,2002
> 1:False:9,13:9967,2002
> 2:True:10,13:9967,2002
> 3:False:9,13:9967,2002
> 4:False:9,13:9967,2002
> 5:False:9,15:9967,2002
dwr-suboptimal-old-noisy/30/dwr_noisy_p04_hyp-2_30_2.tar.bz2:0.630512952805:0.0945817:0.63
> 0:False:9,14:9968,2004
> 1:False:9,14:9968,2004
> 2:True:10,12:9968,2004
> 3:False:9,14:9968,2004
> 4:False:9,14:9968,2004
> 5:False:9,12:9968,2004
dwr-suboptimal-old-noisy/30/dwr_noisy_p04_hyp-2_30_3.tar.bz2:0.624644041061:0.0919652:0.62
> 0:False:9,14:9967,2002
> 1:False:9,12:9967,2002
> 2:True:10,12:9967,2002
> 3:False:9,12:9967,2002
> 4:False:9,12:9967,2002
> 5:False:9,14:9967,2002
dwr-suboptimal-old-noisy/30/dwr_noisy_p04_hyp-3_30_1.tar.bz2:0.627274990082:0.0937474:0.62
> 0:False:9,15:9967,2002
> 1:True:9,14:9967,2002
> 2:True:10,15:9967,2002
> 3:False:9,15:9967,2002
> 4:True:9,14:9967,2002
> 5:False:9,15:9967,2002
dwr-suboptimal-old-noisy/30/dwr_noisy_p04_hyp-3_30_2.tar.bz2:0.637298107147:0.0998574:0.63
> 0:False:9,15:9967,2002
> 1:True:9,12:9967,2002
> 2:False:10,14:9967,2002
> 3:False:9,14:9967,2002
> 4:False:9,14:9967,2002
> 5:False:9,15:9967,2002
dwr-suboptimal-old-noisy/30/dwr_noisy_p04_hyp-3_30_3.tar.bz2:0.635720014572:0.1048726:0.64
> 0:False:9,18:9968,2004
> 1:True:9,13:9968,2004
> 2:False:10,16:9968,2004
> 3:False:9,16:9968,2004
> 4:False:9,16:9968,2004
> 5:False:9,18:9968,2004
dwr-suboptimal-old-noisy/30/dwr_noisy_p04_hyp-4_30_1.tar.bz2:0.638133049011:0.1023324:0.63
> 0:False:9,18:9966,2000
> 1:False:9,16:9966,2000
> 2:True:10,16:9966,2000
> 3:True:9,15:9966,2000
> 4:False:9,16:9966,2000
> 5:False:9,18:9966,2000
dwr-suboptimal-old-noisy/30/dwr_noisy_p04_hyp-4_30_2.tar.bz2:0.625794172287:0.0933049:0.63
> 0:False:9,14:9966,2000
> 1:False:9,13:9966,2000
> 2:False:10,15:9966,2000
> 3:False:9,15:9966,2000
> 4:True:9,11:9966,2000
> 5:False:9,14:9966,2000
dwr-suboptimal-old-noisy/30/dwr_noisy_p04_hyp-4_30_3.tar.bz2:0.62731719017:0.0917355:0.63
> 0:True:9,15:9966,2000
> 1:False:9,17:9966,2000
> 2:False:10,18:9966,2000
> 3:False:9,18:9966,2000
> 4:True:9,15:9966,2000
> 5:True:9,15:9966,2000
dwr-suboptimal-old-noisy/30/dwr_noisy_p05_hyp-1_30_1.tar.bz2:1.14576601982:0.3203203:1.15
> 0:False:14,31:39268,4521
> 1:False:16,33:39268,4521
> 2:False:16,34:39268,4521
> 3:False:15,33:39268,4521
> 4:False:14,31:39268,4521
> 5:True:15,31:39268,4521
dwr-suboptimal-old-noisy/30/dwr_noisy_p05_hyp-1_30_2.tar.bz2:1.11889886856:0.2966712:1.12
> 0:False:14,28:39268,4521
> 1:False:16,30:39268,4521
> 2:True:16,29:39268,4521
> 3:False:15,32:39268,4521
> 4:False:14,30:39268,4521
> 5:True:15,28:39268,4521
dwr-suboptimal-old-noisy/30/dwr_noisy_p05_hyp-1_30_3.tar.bz2:1.14450502396:0.3226625:1.15
> 0:False:14,27:39270,4525
> 1:False:16,28:39270,4525
> 2:True:16,27:39270,4525
> 3:False:15,29:39270,4525
> 4:False:14,29:39270,4525
> 5:False:15,31:39270,4525
dwr-suboptimal-old-noisy/30/dwr_noisy_p05_hyp-2_30_1.tar.bz2:1.15981817245:0.3363774:1.16
> 0:False:14,32:39269,4523
> 1:True:16,30:39269,4523
> 2:False:16,32:39269,4523
> 3:False:15,34:39269,4523
> 4:False:14,32:39269,4523
> 5:False:15,32:39269,4523
dwr-suboptimal-old-noisy/30/dwr_noisy_p05_hyp-2_30_2.tar.bz2:1.15311312675:0.3300582:1.15
> 0:False:14,37:39266,4517
> 1:True:16,32:39266,4517
> 2:False:16,34:39266,4517
> 3:False:15,33:39266,4517
> 4:False:14,37:39266,4517
> 5:False:15,36:39266,4517
dwr-suboptimal-old-noisy/30/dwr_noisy_p05_hyp-2_30_3.tar.bz2:1.12559986115:0.3036488:1.12
> 0:False:14,34:39264,4513
> 1:True:16,31:39264,4513
> 2:False:16,33:39264,4513
> 3:False:15,33:39264,4513
> 4:False:14,34:39264,4513
> 5:False:15,34:39264,4513
dwr-suboptimal-old-noisy/30/dwr_noisy_p05_hyp-3_30_1.tar.bz2:1.1313419342:0.3078676:1.13
> 0:False:14,23:39265,4515
> 1:True:16,24:39265,4515
> 2:False:16,26:39265,4515
> 3:False:15,25:39265,4515
> 4:False:14,23:39265,4515
> 5:False:15,24:39265,4515
dwr-suboptimal-old-noisy/30/dwr_noisy_p05_hyp-3_30_2.tar.bz2:1.12411308289:0.3051337:1.13
> 0:False:14,24:39268,4521
> 1:False:16,29:39268,4521
> 2:False:16,28:39268,4521
> 3:False:15,27:39268,4521
> 4:True:14,22:39268,4521
> 5:True:15,23:39268,4521
dwr-suboptimal-old-noisy/30/dwr_noisy_p05_hyp-3_30_3.tar.bz2:1.12967205048:0.3079036:1.13
> 0:False:14,29:39264,4513
> 1:False:16,29:39264,4513
> 2:False:16,32:39264,4513
> 3:False:15,31:39264,4513
> 4:True:14,25:39264,4513
> 5:False:15,27:39264,4513
dwr-suboptimal-old-noisy/30/dwr_noisy_p05_hyp-4_30_1.tar.bz2:1.16343998909:0.3403001:1.17
> 0:False:14,27:39264,4513
> 1:False:16,25:39264,4513
> 2:False:16,29:39264,4513
> 3:True:15,22:39264,4513
> 4:False:14,25:39264,4513
> 5:False:15,26:39264,4513
dwr-suboptimal-old-noisy/30/dwr_noisy_p05_hyp-4_30_2.tar.bz2:1.1219201088:0.3053721:1.12
> 0:False:14,24:39265,4515
> 1:False:16,25:39265,4515
> 2:False:16,25:39265,4515
> 3:True:15,23:39265,4515
> 4:False:14,24:39265,4515
> 5:True:15,23:39265,4515
dwr-suboptimal-old-noisy/30/dwr_noisy_p05_hyp-4_30_3.tar.bz2:1.13638281822:0.3113952:1.14
> 0:False:14,28:39265,4515
> 1:False:16,26:39265,4515
> 2:False:16,26:39265,4515
> 3:True:15,23:39265,4515
> 4:False:14,26:39265,4515
> 5:True:15,23:39265,4515
dwr-suboptimal-old-noisy/50/dwr_noisy_p02_hyp-1_50_1.tar.bz2:0.769026041031:0.1052266:0.77
> 0:False:11,13:6954,1615
> 1:False:11,17:6954,1615
> 2:False:11,13:6954,1615
> 3:False:11,14:6954,1615
> 4:True:11,12:6954,1615
> 5:False:11,17:6954,1615
> 6:False:13,17:6954,1615
> 7:False:13,15:6954,1615
dwr-suboptimal-old-noisy/50/dwr_noisy_p02_hyp-1_50_2.tar.bz2:0.765865087509:0.1032287:0.76
> 0:True:11,13:6954,1615
> 1:False:11,17:6954,1615
> 2:True:11,13:6954,1615
> 3:False:11,19:6954,1615
> 4:False:11,17:6954,1615
> 5:False:11,17:6954,1615
> 6:False:13,19:6954,1615
> 7:False:13,17:6954,1615
dwr-suboptimal-old-noisy/50/dwr_noisy_p02_hyp-1_50_3.tar.bz2:0.76793885231:0.1045511:0.77
> 0:True:11,14:6954,1615
> 1:False:11,22:6954,1615
> 2:False:11,16:6954,1615
> 3:False:11,20:6954,1615
> 4:False:11,18:6954,1615
> 5:False:11,22:6954,1615
> 6:False:13,22:6954,1615
> 7:False:13,18:6954,1615
dwr-suboptimal-old-noisy/50/dwr_noisy_p02_hyp-2_50_1.tar.bz2:0.770550012589:0.1035739:0.77
> 0:False:11,21:6953,1613
> 1:True:11,15:6953,1613
> 2:False:11,21:6953,1613
> 3:False:11,19:6953,1613
> 4:False:11,19:6953,1613
> 5:False:11,19:6953,1613
> 6:False:13,21:6953,1613
> 7:False:13,19:6953,1613
dwr-suboptimal-old-noisy/50/dwr_noisy_p02_hyp-2_50_2.tar.bz2:0.769120931625:0.1024894:0.78
> 0:False:11,17:6953,1613
> 1:True:11,15:6953,1613
> 2:False:11,17:6953,1613
> 3:False:11,19:6953,1613
> 4:False:11,19:6953,1613
> 5:False:11,17:6953,1613
> 6:False:13,19:6953,1613
> 7:True:13,17:6953,1613
dwr-suboptimal-old-noisy/50/dwr_noisy_p02_hyp-2_50_3.tar.bz2:0.768321037292:0.1017064:0.77
> 0:False:11,19:6953,1613
> 1:True:11,15:6953,1613
> 2:False:11,19:6953,1613
> 3:False:11,19:6953,1613
> 4:False:11,19:6953,1613
> 5:False:11,17:6953,1613
> 6:False:13,19:6953,1613
> 7:False:13,19:6953,1613
dwr-suboptimal-old-noisy/50/dwr_noisy_p02_hyp-3_50_1.tar.bz2:0.766595840454:0.1023868:0.76
> 0:True:11,13:6953,1613
> 1:False:11,17:6953,1613
> 2:True:11,13:6953,1613
> 3:False:11,17:6953,1613
> 4:False:11,15:6953,1613
> 5:False:11,17:6953,1613
> 6:False:13,17:6953,1613
> 7:True:13,15:6953,1613
dwr-suboptimal-old-noisy/50/dwr_noisy_p02_hyp-3_50_2.tar.bz2:0.770852804184:0.1085189:0.77
> 0:False:11,15:6953,1613
> 1:False:11,19:6953,1613
> 2:True:11,13:6953,1613
> 3:False:11,21:6953,1613
> 4:False:11,19:6953,1613
> 5:False:11,21:6953,1613
> 6:False:13,21:6953,1613
> 7:False:13,19:6953,1613
dwr-suboptimal-old-noisy/50/dwr_noisy_p02_hyp-3_50_3.tar.bz2:0.773617982864:0.1070288:0.77
> 0:True:11,13:6953,1613
> 1:False:11,17:6953,1613
> 2:True:11,13:6953,1613
> 3:False:11,17:6953,1613
> 4:False:11,15:6953,1613
> 5:False:11,17:6953,1613
> 6:False:13,17:6953,1613
> 7:False:13,16:6953,1613
dwr-suboptimal-old-noisy/50/dwr_noisy_p02_hyp-4_50_1.tar.bz2:0.766639947891:0.1008663:0.76
> 0:False:11,19:6954,1615
> 1:False:11,17:6954,1615
> 2:False:11,19:6954,1615
> 3:True:11,13:6954,1615
> 4:False:11,15:6954,1615
> 5:False:11,17:6954,1615
> 6:True:13,15:6954,1615
> 7:False:13,17:6954,1615
dwr-suboptimal-old-noisy/50/dwr_noisy_p02_hyp-4_50_2.tar.bz2:0.770367145538:0.1023506:0.77
> 0:False:11,17:6954,1615
> 1:False:11,17:6954,1615
> 2:False:11,19:6954,1615
> 3:True:11,15:6954,1615
> 4:True:11,15:6954,1615
> 5:False:11,17:6954,1615
> 6:False:13,19:6954,1615
> 7:True:13,17:6954,1615
dwr-suboptimal-old-noisy/50/dwr_noisy_p02_hyp-4_50_3.tar.bz2:0.773094177246:0.1029536:0.77
> 0:False:11,19:6954,1615
> 1:False:11,20:6954,1615
> 2:False:11,20:6954,1615
> 3:True:11,14:6954,1615
> 4:True:11,14:6954,1615
> 5:False:11,18:6954,1615
> 6:False:13,18:6954,1615
> 7:False:13,19:6954,1615
dwr-suboptimal-old-noisy/50/dwr_noisy_p04_hyp-1_50_1.tar.bz2:0.634044885635:0.0985839:0.63
> 0:True:9,11:9968,2004
> 1:False:9,15:9968,2004
> 2:False:10,15:9968,2004
> 3:False:9,15:9968,2004
> 4:False:9,14:9968,2004
> 5:True:9,11:9968,2004
dwr-suboptimal-old-noisy/50/dwr_noisy_p04_hyp-1_50_2.tar.bz2:0.632225036621:0.0987684:0.64
> 0:True:9,13:9967,2002
> 1:False:9,19:9967,2002
> 2:False:10,19:9967,2002
> 3:False:9,17:9967,2002
> 4:False:9,17:9967,2002
> 5:False:9,15:9967,2002
dwr-suboptimal-old-noisy/50/dwr_noisy_p04_hyp-1_50_3.tar.bz2:0.630929946899:0.0977585:0.63
> 0:True:9,12:9967,2002
> 1:False:9,18:9967,2002
> 2:False:10,18:9967,2002
> 3:False:9,16:9967,2002
> 4:False:9,16:9967,2002
> 5:False:9,14:9967,2002
dwr-suboptimal-old-noisy/50/dwr_noisy_p04_hyp-2_50_1.tar.bz2:0.63031411171:0.0970717:0.63
> 0:False:9,18:9972,2012
> 1:False:9,17:9972,2012
> 2:True:10,14:9972,2012
> 3:False:9,16:9972,2012
> 4:False:9,17:9972,2012
> 5:False:9,16:9972,2012
dwr-suboptimal-old-noisy/50/dwr_noisy_p04_hyp-2_50_2.tar.bz2:0.624527931213:0.0916236:0.62
> 0:False:9,17:9971,2010
> 1:False:9,18:9971,2010
> 2:True:10,16:9971,2010
> 3:False:9,16:9971,2010
> 4:False:9,18:9971,2010
> 5:False:9,17:9971,2010
dwr-suboptimal-old-noisy/50/dwr_noisy_p04_hyp-2_50_3.tar.bz2:0.627046108246:0.0937192:0.63
> 0:False:9,19:9971,2010
> 1:False:9,20:9971,2010
> 2:True:10,18:9971,2010
> 3:False:9,18:9971,2010
> 4:False:9,22:9971,2010
> 5:False:9,19:9971,2010
dwr-suboptimal-old-noisy/50/dwr_noisy_p04_hyp-3_50_1.tar.bz2:0.634470939636:0.1006872:0.63
> 0:False:9,17:9969,2006
> 1:True:9,14:9969,2006
> 2:False:10,18:9969,2006
> 3:False:9,18:9969,2006
> 4:False:9,16:9969,2006
> 5:False:9,17:9969,2006
dwr-suboptimal-old-noisy/50/dwr_noisy_p04_hyp-3_50_2.tar.bz2:0.628834962845:0.0933572:0.63
> 0:False:9,19:9970,2008
> 1:True:9,13:9970,2008
> 2:False:10,16:9970,2008
> 3:False:9,16:9970,2008
> 4:False:9,16:9970,2008
> 5:False:9,19:9970,2008
dwr-suboptimal-old-noisy/50/dwr_noisy_p04_hyp-3_50_3.tar.bz2:0.633359193802:0.097029:0.63
> 0:False:9,17:9971,2010
> 1:True:9,14:9971,2010
> 2:False:10,18:9971,2010
> 3:False:9,18:9971,2010
> 4:False:9,16:9971,2010
> 5:False:9,17:9971,2010
dwr-suboptimal-old-noisy/50/dwr_noisy_p04_hyp-4_50_1.tar.bz2:0.637659072876:0.1002571:0.65
> 0:False:9,14:9970,2008
> 1:False:9,15:9970,2008
> 2:False:10,17:9970,2008
> 3:False:9,17:9970,2008
> 4:True:9,13:9970,2008
> 5:False:9,14:9970,2008
dwr-suboptimal-old-noisy/50/dwr_noisy_p04_hyp-4_50_2.tar.bz2:0.632239818573:0.0979738:0.63
> 0:False:9,17:9970,2008
> 1:False:9,17:9970,2008
> 2:False:10,17:9970,2008
> 3:False:9,17:9970,2008
> 4:True:9,15:9970,2008
> 5:False:9,17:9970,2008
dwr-suboptimal-old-noisy/50/dwr_noisy_p04_hyp-4_50_3.tar.bz2:0.632363080978:0.0979306:0.63
> 0:False:9,16:9969,2006
> 1:False:9,17:9969,2006
> 2:False:10,18:9969,2006
> 3:False:9,18:9969,2006
> 4:True:9,13:9969,2006
> 5:False:9,16:9969,2006
dwr-suboptimal-old-noisy/50/dwr_noisy_p05_hyp-1_50_1.tar.bz2:1.13364100456:0.3099214:1.14
> 0:True:14,37:39278,4541
> 1:True:16,39:39278,4541
> 2:True:16,39:39278,4541
> 3:False:15,41:39278,4541
> 4:True:14,37:39278,4541
> 5:False:15,39:39278,4541
dwr-suboptimal-old-noisy/50/dwr_noisy_p05_hyp-1_50_2.tar.bz2:1.13474392891:0.314447:1.14
> 0:False:14,37:39275,4535
> 1:False:16,39:39275,4535
> 2:True:16,37:39275,4535
> 3:False:15,39:39275,4535
> 4:False:14,37:39275,4535
> 5:False:15,38:39275,4535
dwr-suboptimal-old-noisy/50/dwr_noisy_p05_hyp-1_50_3.tar.bz2:1.13353681564:0.3112681:1.13
> 0:False:14,36:39274,4533
> 1:False:16,39:39274,4533
> 2:False:16,42:39274,4533
> 3:False:15,42:39274,4533
> 4:True:14,34:39274,4533
> 5:False:15,36:39274,4533
dwr-suboptimal-old-noisy/50/dwr_noisy_p05_hyp-2_50_1.tar.bz2:1.14504003525:0.3312842:1.14
> 0:False:14,41:39276,4537
> 1:True:16,34:39276,4537
> 2:False:16,42:39276,4537
> 3:False:15,41:39276,4537
> 4:False:14,42:39276,4537
> 5:False:15,40:39276,4537
dwr-suboptimal-old-noisy/50/dwr_noisy_p05_hyp-2_50_2.tar.bz2:1.12767100334:0.3110858:1.12
> 0:False:14,42:39275,4535
> 1:True:16,39:39275,4535
> 2:False:16,43:39275,4535
> 3:False:15,40:39275,4535
> 4:False:14,41:39275,4535
> 5:False:15,42:39275,4535
dwr-suboptimal-old-noisy/50/dwr_noisy_p05_hyp-2_50_3.tar.bz2:1.12875294685:0.3101735:1.14
> 0:False:14,37:39274,4533
> 1:True:16,34:39274,4533
> 2:False:16,39:39274,4533
> 3:False:15,38:39274,4533
> 4:False:14,38:39274,4533
> 5:False:15,38:39274,4533
dwr-suboptimal-old-noisy/50/dwr_noisy_p05_hyp-3_50_1.tar.bz2:1.15213704109:0.3222523:1.15
> 0:False:14,34:39272,4529
> 1:False:16,31:39272,4529
> 2:False:16,32:39272,4529
> 3:False:15,31:39272,4529
> 4:False:14,30:39272,4529
> 5:True:15,29:39272,4529
dwr-suboptimal-old-noisy/50/dwr_noisy_p05_hyp-3_50_2.tar.bz2:1.13930606842:0.3080562:1.14
> 0:False:14,34:39273,4531
> 1:False:16,36:39273,4531
> 2:False:16,35:39273,4531
> 3:False:15,38:39273,4531
> 4:True:14,31:39273,4531
> 5:False:15,33:39273,4531
dwr-suboptimal-old-noisy/50/dwr_noisy_p05_hyp-3_50_3.tar.bz2:1.13146901131:0.2998323:1.13
> 0:False:14,35:39270,4525
> 1:False:16,35:39270,4525
> 2:False:16,35:39270,4525
> 3:False:15,35:39270,4525
> 4:True:14,32:39270,4525
> 5:False:15,34:39270,4525
dwr-suboptimal-old-noisy/50/dwr_noisy_p05_hyp-4_50_1.tar.bz2:1.12541985512:0.3056636:1.12
> 0:False:14,32:39271,4527
> 1:True:16,30:39271,4527
> 2:True:16,30:39271,4527
> 3:True:15,29:39271,4527
> 4:False:14,32:39271,4527
> 5:False:15,31:39271,4527
dwr-suboptimal-old-noisy/50/dwr_noisy_p05_hyp-4_50_2.tar.bz2:1.11871600151:0.2971682:1.13
> 0:False:14,37:39271,4527
> 1:False:16,34:39271,4527
> 2:False:16,34:39271,4527
> 3:True:15,28:39271,4527
> 4:False:14,37:39271,4527
> 5:False:15,35:39271,4527
dwr-suboptimal-old-noisy/50/dwr_noisy_p05_hyp-4_50_3.tar.bz2:1.12605404854:0.3064459:1.12
> 0:False:14,36:39271,4527
> 1:False:16,32:39271,4527
> 2:False:16,32:39271,4527
> 3:True:15,28:39271,4527
> 4:False:14,33:39271,4527
> 5:False:15,29:39271,4527
dwr-suboptimal-old-noisy/70/dwr_noisy_p02_hyp-1_70_1.tar.bz2:0.768815040588:0.106324:0.77
> 0:True:11,15:6956,1619
> 1:False:11,23:6956,1619
> 2:True:11,15:6956,1619
> 3:False:11,21:6956,1619
> 4:False:11,19:6956,1619
> 5:False:11,23:6956,1619
> 6:False:13,21:6956,1619
> 7:False:13,19:6956,1619
dwr-suboptimal-old-noisy/70/dwr_noisy_p02_hyp-1_70_2.tar.bz2:0.770122051239:0.1051066:0.77
> 0:True:11,15:6957,1621
> 1:False:11,17:6957,1621
> 2:False:11,17:6957,1621
> 3:False:11,23:6957,1621
> 4:False:11,23:6957,1621
> 5:False:11,17:6957,1621
> 6:False:13,19:6957,1621
> 7:False:13,19:6957,1621
dwr-suboptimal-old-noisy/70/dwr_noisy_p02_hyp-1_70_3.tar.bz2:0.774463891983:0.1067109:0.77
> 0:True:11,15:6957,1621
> 1:False:11,21:6957,1621
> 2:False:11,17:6957,1621
> 3:False:11,23:6957,1621
> 4:False:11,21:6957,1621
> 5:False:11,23:6957,1621
> 6:False:13,23:6957,1621
> 7:False:13,19:6957,1621
dwr-suboptimal-old-noisy/70/dwr_noisy_p02_hyp-2_70_1.tar.bz2:0.767014980316:0.099524:0.76
> 0:False:11,23:6955,1617
> 1:True:11,17:6955,1617
> 2:False:11,23:6955,1617
> 3:False:11,23:6955,1617
> 4:False:11,23:6955,1617
> 5:False:11,19:6955,1617
> 6:False:13,21:6955,1617
> 7:True:13,19:6955,1617
dwr-suboptimal-old-noisy/70/dwr_noisy_p02_hyp-2_70_2.tar.bz2:0.773598909378:0.1024765:0.78
> 0:False:11,24:6957,1621
> 1:True:11,16:6957,1621
> 2:False:11,24:6957,1621
> 3:False:11,24:6957,1621
> 4:False:11,24:6957,1621
> 5:False:11,18:6957,1621
> 6:False:13,20:6957,1621
> 7:False:13,20:6957,1621
dwr-suboptimal-old-noisy/70/dwr_noisy_p02_hyp-2_70_3.tar.bz2:0.768099069595:0.1020066:0.76
> 0:False:11,22:6958,1623
> 1:True:11,16:6958,1623
> 2:False:11,22:6958,1623
> 3:False:11,20:6958,1623
> 4:False:11,20:6958,1623
> 5:False:11,18:6958,1623
> 6:False:13,20:6958,1623
> 7:True:13,18:6958,1623
dwr-suboptimal-old-noisy/70/dwr_noisy_p02_hyp-3_70_1.tar.bz2:0.766915082932:0.1032317:0.77
> 0:False:11,18:6956,1619
> 1:False:11,20:6956,1619
> 2:True:11,16:6956,1619
> 3:False:11,20:6956,1619
> 4:False:11,18:6956,1619
> 5:False:11,22:6956,1619
> 6:False:13,22:6956,1619
> 7:False:13,20:6956,1619
dwr-suboptimal-old-noisy/70/dwr_noisy_p02_hyp-3_70_2.tar.bz2:0.766253948212:0.1022337:0.76
> 0:False:11,18:6958,1623
> 1:False:11,20:6958,1623
> 2:True:11,16:6958,1623
> 3:False:11,22:6958,1623
> 4:False:11,20:6958,1623
> 5:False:11,22:6958,1623
> 6:False:13,22:6958,1623
> 7:False:13,20:6958,1623
dwr-suboptimal-old-noisy/70/dwr_noisy_p02_hyp-3_70_3.tar.bz2:0.772159099579:0.104999:0.77
> 0:False:11,18:6958,1623
> 1:False:11,22:6958,1623
> 2:True:11,16:6958,1623
> 3:False:11,20:6958,1623
> 4:False:11,20:6958,1623
> 5:False:11,24:6958,1623
> 6:False:13,22:6958,1623
> 7:False:13,22:6958,1623
dwr-suboptimal-old-noisy/70/dwr_noisy_p02_hyp-4_70_1.tar.bz2:0.767624139786:0.1045541:0.76
> 0:False:11,23:6956,1619
> 1:False:11,25:6956,1619
> 2:False:11,23:6956,1619
> 3:True:11,15:6956,1619
> 4:False:11,17:6956,1619
> 5:False:11,23:6956,1619
> 6:False:13,19:6956,1619
> 7:False:13,23:6956,1619
dwr-suboptimal-old-noisy/70/dwr_noisy_p02_hyp-4_70_2.tar.bz2:0.767512083054:0.1029596:0.77
> 0:False:11,25:6957,1621
> 1:False:11,21:6957,1621
> 2:False:11,25:6957,1621
> 3:True:11,15:6957,1621
> 4:False:11,17:6957,1621
> 5:False:11,19:6957,1621
> 6:True:13,17:6957,1621
> 7:False:13,23:6957,1621
dwr-suboptimal-old-noisy/70/dwr_noisy_p02_hyp-4_70_3.tar.bz2:0.765155076981:0.099753:0.77
> 0:False:11,23:6955,1617
> 1:False:11,21:6955,1617
> 2:False:11,23:6955,1617
> 3:True:11,17:6955,1617
> 4:False:11,19:6955,1617
> 5:False:11,21:6955,1617
> 6:True:13,19:6955,1617
> 7:False:13,21:6955,1617
dwr-suboptimal-old-noisy/70/dwr_noisy_p04_hyp-1_70_1.tar.bz2:0.633077859879:0.0961853:0.63
> 0:True:9,15:9973,2014
> 1:False:9,21:9973,2014
> 2:False:10,21:9973,2014
> 3:False:9,19:9973,2014
> 4:False:9,19:9973,2014
> 5:False:9,17:9973,2014
dwr-suboptimal-old-noisy/70/dwr_noisy_p04_hyp-1_70_2.tar.bz2:0.625066041946:0.091735:0.63
> 0:True:9,17:9970,2008
> 1:False:9,20:9970,2008
> 2:False:10,22:9970,2008
> 3:False:9,20:9970,2008
> 4:False:9,20:9970,2008
> 5:False:9,19:9970,2008
dwr-suboptimal-old-noisy/70/dwr_noisy_p04_hyp-1_70_3.tar.bz2:0.623513936996:0.087587:0.63
> 0:True:9,14:9970,2008
> 1:False:9,18:9970,2008
> 2:False:10,19:9970,2008
> 3:False:9,17:9970,2008
> 4:False:9,18:9970,2008
> 5:False:9,16:9970,2008
dwr-suboptimal-old-noisy/70/dwr_noisy_p04_hyp-2_70_1.tar.bz2:0.634097099304:0.098163:0.64
> 0:False:9,22:9972,2012
> 1:False:9,20:9972,2012
> 2:True:10,16:9972,2012
> 3:False:9,18:9972,2012
> 4:False:9,22:9972,2012
> 5:False:9,20:9972,2012
dwr-suboptimal-old-noisy/70/dwr_noisy_p04_hyp-2_70_2.tar.bz2:0.631816864014:0.0954716:0.63
> 0:False:9,24:9973,2014
> 1:False:9,22:9973,2014
> 2:True:10,18:9973,2014
> 3:False:9,20:9973,2014
> 4:False:9,24:9973,2014
> 5:False:9,22:9973,2014
dwr-suboptimal-old-noisy/70/dwr_noisy_p04_hyp-2_70_3.tar.bz2:0.629240989685:0.0965008:0.63
> 0:False:9,19:9972,2012
> 1:False:9,19:9972,2012
> 2:True:10,17:9972,2012
> 3:False:9,17:9972,2012
> 4:False:9,20:9972,2012
> 5:False:9,20:9972,2012
dwr-suboptimal-old-noisy/70/dwr_noisy_p04_hyp-3_70_1.tar.bz2:0.628986120224:0.0941292:0.63
> 0:False:9,19:9973,2014
> 1:True:9,15:9973,2014
> 2:False:10,19:9973,2014
> 3:False:9,19:9973,2014
> 4:False:9,17:9973,2014
> 5:False:9,19:9973,2014
dwr-suboptimal-old-noisy/70/dwr_noisy_p04_hyp-3_70_2.tar.bz2:0.625720977783:0.0934452:0.62
> 0:False:9,21:9972,2012
> 1:True:9,16:9972,2012
> 2:False:10,20:9972,2012
> 3:False:9,20:9972,2012
> 4:False:9,18:9972,2012
> 5:False:9,21:9972,2012
dwr-suboptimal-old-noisy/70/dwr_noisy_p04_hyp-3_70_3.tar.bz2:0.63369512558:0.0992285:0.63
> 0:False:9,19:9972,2012
> 1:True:9,16:9972,2012
> 2:False:10,19:9972,2012
> 3:False:9,19:9972,2012
> 4:False:9,20:9972,2012
> 5:False:9,19:9972,2012
dwr-suboptimal-old-noisy/70/dwr_noisy_p04_hyp-4_70_1.tar.bz2:0.634035110474:0.0991697:0.64
> 0:False:9,18:9975,2018
> 1:True:9,14:9975,2018
> 2:False:10,18:9975,2018
> 3:False:9,18:9975,2018
> 4:False:9,15:9975,2018
> 5:False:9,18:9975,2018
dwr-suboptimal-old-noisy/70/dwr_noisy_p04_hyp-4_70_2.tar.bz2:0.627527952194:0.0961067:0.62
> 0:False:9,18:9975,2018
> 1:False:9,20:9975,2018
> 2:False:10,22:9975,2018
> 3:False:9,20:9975,2018
> 4:True:9,16:9975,2018
> 5:False:9,20:9975,2018
dwr-suboptimal-old-noisy/70/dwr_noisy_p04_hyp-4_70_3.tar.bz2:0.625684976578:0.0912554:0.63
> 0:False:9,20:9973,2014
> 1:False:9,18:9973,2014
> 2:False:10,20:9973,2014
> 3:False:9,20:9973,2014
> 4:True:9,16:9973,2014
> 5:False:9,20:9973,2014
dwr-suboptimal-old-noisy/70/dwr_noisy_p05_hyp-1_70_1.tar.bz2:1.15193581581:0.3230163:1.15
> 0:False:14,45:39281,4547
> 1:True:16,46:39281,4547
> 2:False:16,49:39281,4547
> 3:False:15,52:39281,4547
> 4:True:14,44:39281,4547
> 5:False:15,47:39281,4547
dwr-suboptimal-old-noisy/70/dwr_noisy_p05_hyp-1_70_2.tar.bz2:1.14175200462:0.3166563:1.14
> 0:False:14,48:39279,4543
> 1:True:16,48:39279,4543
> 2:False:16,51:39279,4543
> 3:False:15,52:39279,4543
> 4:False:14,48:39279,4543
> 5:False:15,52:39279,4543
dwr-suboptimal-old-noisy/70/dwr_noisy_p05_hyp-1_70_3.tar.bz2:1.14532399178:0.3205458:1.14
> 0:True:14,41:39282,4549
> 1:False:16,45:39282,4549
> 2:False:16,47:39282,4549
> 3:False:15,51:39282,4549
> 4:True:14,41:39282,4549
> 5:False:15,43:39282,4549
dwr-suboptimal-old-noisy/70/dwr_noisy_p05_hyp-2_70_1.tar.bz2:1.1302011013:0.3058479:1.13
> 0:False:14,49:39281,4547
> 1:True:16,43:39281,4547
> 2:False:16,47:39281,4547
> 3:False:15,46:39281,4547
> 4:False:14,48:39281,4547
> 5:False:15,50:39281,4547
dwr-suboptimal-old-noisy/70/dwr_noisy_p05_hyp-2_70_2.tar.bz2:1.13642001152:0.3139161:1.14
> 0:False:14,48:39281,4547
> 1:True:16,45:39281,4547
> 2:False:16,49:39281,4547
> 3:False:15,48:39281,4547
> 4:False:14,48:39281,4547
> 5:False:15,45:39281,4547
dwr-suboptimal-old-noisy/70/dwr_noisy_p05_hyp-2_70_3.tar.bz2:1.13620591164:0.3100914:1.14
> 0:False:14,50:39280,4545
> 1:True:16,44:39280,4545
> 2:False:16,51:39280,4545
> 3:False:15,50:39280,4545
> 4:False:14,50:39280,4545
> 5:False:15,53:39280,4545
dwr-suboptimal-old-noisy/70/dwr_noisy_p05_hyp-3_70_1.tar.bz2:1.13626098633:0.3063871:1.14
> 0:False:14,42:39276,4537
> 1:False:16,44:39276,4537
> 2:True:16,41:39276,4537
> 3:False:15,42:39276,4537
> 4:True:14,39:39276,4537
> 5:False:15,42:39276,4537
dwr-suboptimal-old-noisy/70/dwr_noisy_p05_hyp-3_70_2.tar.bz2:1.15311288834:0.3243478:1.14
> 0:False:14,40:39277,4539
> 1:False:16,42:39277,4539
> 2:False:16,44:39277,4539
> 3:False:15,45:39277,4539
> 4:True:14,37:39277,4539
> 5:False:15,43:39277,4539
dwr-suboptimal-old-noisy/70/dwr_noisy_p05_hyp-3_70_3.tar.bz2:1.13233399391:0.3104683:1.13
> 0:False:14,41:39275,4535
> 1:False:16,41:39275,4535
> 2:False:16,43:39275,4535
> 3:False:15,44:39275,4535
> 4:True:14,37:39275,4535
> 5:False:15,40:39275,4535
dwr-suboptimal-old-noisy/70/dwr_noisy_p05_hyp-4_70_1.tar.bz2:1.12760901451:0.3027139:1.12
> 0:False:14,43:39276,4537
> 1:False:16,37:39276,4537
> 2:False:16,38:39276,4537
> 3:True:15,34:39276,4537
> 4:False:14,41:39276,4537
> 5:False:15,38:39276,4537
dwr-suboptimal-old-noisy/70/dwr_noisy_p05_hyp-4_70_2.tar.bz2:1.12117004395:0.2976097:1.12
> 0:False:14,42:39276,4537
> 1:False:16,38:39276,4537
> 2:False:16,38:39276,4537
> 3:True:15,36:39276,4537
> 4:False:14,42:39276,4537
> 5:False:15,42:39276,4537
dwr-suboptimal-old-noisy/70/dwr_noisy_p05_hyp-4_70_3.tar.bz2:1.14360308647:0.314153:1.15
> 0:False:14,43:39277,4539
> 1:False:16,39:39277,4539
> 2:True:16,36:39277,4539
> 3:False:15,36:39277,4539
> 4:False:14,44:39277,4539
> 5:False:15,41:39277,4539
dwr-suboptimal-old-noisy/100/dwr_noisy_p02_hyp-1_full_1.tar.bz2:0.76810002327:0.1049926:0.77
> 0:True:11,16:6959,1625
> 1:False:11,25:6959,1625
> 2:False:11,17:6959,1625
> 3:False:11,25:6959,1625
> 4:False:11,23:6959,1625
> 5:False:11,25:6959,1625
> 6:False:13,23:6959,1625
> 7:False:13,19:6959,1625
dwr-suboptimal-old-noisy/100/dwr_noisy_p02_hyp-1_full_2.tar.bz2:0.769325971603:0.1023311:0.76
> 0:True:11,16:6960,1627
> 1:False:11,21:6960,1627
> 2:False:11,17:6960,1627
> 3:False:11,23:6960,1627
> 4:False:11,21:6960,1627
> 5:False:11,23:6960,1627
> 6:False:13,21:6960,1627
> 7:False:13,19:6960,1627
dwr-suboptimal-old-noisy/100/dwr_noisy_p02_hyp-1_full_3.tar.bz2:0.771134138107:0.1027899:0.77
> 0:True:11,16:6960,1627
> 1:False:11,25:6960,1627
> 2:False:11,17:6960,1627
> 3:False:11,25:6960,1627
> 4:False:11,23:6960,1627
> 5:False:11,25:6960,1627
> 6:False:13,23:6960,1627
> 7:False:13,19:6960,1627
dwr-suboptimal-old-noisy/100/dwr_noisy_p02_hyp-2_full_1.tar.bz2:0.763304948807:0.1000078:0.76
> 0:False:11,27:6962,1631
> 1:True:11,18:6962,1631
> 2:False:11,27:6962,1631
> 3:False:11,27:6962,1631
> 4:False:11,27:6962,1631
> 5:False:11,21:6962,1631
> 6:False:13,25:6962,1631
> 7:False:13,23:6962,1631
dwr-suboptimal-old-noisy/100/dwr_noisy_p02_hyp-2_full_2.tar.bz2:0.767932891846:0.1011198:0.77
> 0:False:11,25:6961,1629
> 1:True:11,18:6961,1629
> 2:False:11,27:6961,1629
> 3:False:11,27:6961,1629
> 4:False:11,27:6961,1629
> 5:False:11,21:6961,1629
> 6:False:13,25:6961,1629
> 7:False:13,23:6961,1629
dwr-suboptimal-old-noisy/100/dwr_noisy_p02_hyp-2_full_3.tar.bz2:0.769153118134:0.1035321:0.77
> 0:False:11,27:6962,1631
> 1:True:11,18:6962,1631
> 2:False:11,27:6962,1631
> 3:False:11,25:6962,1631
> 4:False:11,25:6962,1631
> 5:False:11,21:6962,1631
> 6:False:13,23:6962,1631
> 7:False:13,23:6962,1631
dwr-suboptimal-old-noisy/100/dwr_noisy_p02_hyp-3_full_1.tar.bz2:0.768414020538:0.1040453:0.77
> 0:False:11,17:6960,1627
> 1:False:11,23:6960,1627
> 2:True:11,16:6960,1627
> 3:False:11,25:6960,1627
> 4:False:11,21:6960,1627
> 5:False:11,25:6960,1627
> 6:False:13,23:6960,1627
> 7:False:13,21:6960,1627
dwr-suboptimal-old-noisy/100/dwr_noisy_p02_hyp-3_full_2.tar.bz2:0.765671014786:0.1006116:0.77
> 0:False:11,17:6959,1625
> 1:False:11,21:6959,1625
> 2:True:11,16:6959,1625
> 3:False:11,25:6959,1625
> 4:False:11,23:6959,1625
> 5:False:11,23:6959,1625
> 6:False:13,23:6959,1625
> 7:False:13,21:6959,1625
dwr-suboptimal-old-noisy/100/dwr_noisy_p02_hyp-3_full_3.tar.bz2:0.773317098618:0.1046903:0.77
> 0:False:11,17:6961,1629
> 1:False:11,23:6961,1629
> 2:True:11,16:6961,1629
> 3:False:11,25:6961,1629
> 4:False:11,23:6961,1629
> 5:False:11,25:6961,1629
> 6:False:13,23:6961,1629
> 7:False:13,21:6961,1629
dwr-suboptimal-old-noisy/100/dwr_noisy_p02_hyp-4_full_1.tar.bz2:0.764449834824:0.1019469:0.77
> 0:False:11,27:6960,1627
> 1:False:11,27:6960,1627
> 2:False:11,27:6960,1627
> 3:True:11,18:6960,1627
> 4:False:11,19:6960,1627
> 5:False:11,25:6960,1627
> 6:False:13,21:6960,1627
> 7:False:13,25:6960,1627
dwr-suboptimal-old-noisy/100/dwr_noisy_p02_hyp-4_full_2.tar.bz2:0.773058891296:0.1077023:0.77
> 0:False:11,25:6963,1633
> 1:False:11,23:6963,1633
> 2:False:11,25:6963,1633
> 3:True:11,18:6963,1633
> 4:False:11,19:6963,1633
> 5:False:11,21:6963,1633
> 6:True:13,20:6963,1633
> 7:False:13,23:6963,1633
dwr-suboptimal-old-noisy/100/dwr_noisy_p02_hyp-4_full_3.tar.bz2:0.771300077438:0.1018221:0.77
> 0:False:11,23:6962,1631
> 1:False:11,25:6962,1631
> 2:False:11,25:6962,1631
> 3:True:11,18:6962,1631
> 4:False:11,19:6962,1631
> 5:False:11,25:6962,1631
> 6:False:13,21:6962,1631
> 7:False:13,22:6962,1631
dwr-suboptimal-old-noisy/100/dwr_noisy_p04_hyp-1_full_1.tar.bz2:0.629148960114:0.0930866:0.63
> 0:True:9,16:9973,2014
> 1:False:9,21:9973,2014
> 2:False:10,21:9973,2014
> 3:False:9,20:9973,2014
> 4:False:9,20:9973,2014
> 5:False:9,17:9973,2014
dwr-suboptimal-old-noisy/100/dwr_noisy_p04_hyp-1_full_2.tar.bz2:0.62757396698:0.0921262:0.63
> 0:True:9,16:9973,2014
> 1:False:9,21:9973,2014
> 2:False:10,21:9973,2014
> 3:False:9,20:9973,2014
> 4:False:9,20:9973,2014
> 5:False:9,17:9973,2014
dwr-suboptimal-old-noisy/100/dwr_noisy_p04_hyp-1_full_3.tar.bz2:0.63014292717:0.0927833:0.63
> 0:True:9,16:9973,2014
> 1:False:9,21:9973,2014
> 2:False:10,21:9973,2014
> 3:False:9,20:9973,2014
> 4:False:9,20:9973,2014
> 5:False:9,17:9973,2014
dwr-suboptimal-old-noisy/100/dwr_noisy_p04_hyp-2_full_1.tar.bz2:0.632617950439:0.0955213:0.63
> 0:False:9,23:9977,2022
> 1:False:9,22:9977,2022
> 2:True:10,20:9977,2022
> 3:False:9,21:9977,2022
> 4:False:9,23:9977,2022
> 5:False:9,22:9977,2022
dwr-suboptimal-old-noisy/100/dwr_noisy_p04_hyp-2_full_2.tar.bz2:0.627952098846:0.0927875:0.63
> 0:False:9,24:9976,2020
> 1:False:9,23:9976,2020
> 2:True:10,20:9976,2020
> 3:False:9,21:9976,2020
> 4:False:9,25:9976,2020
> 5:False:9,23:9976,2020
dwr-suboptimal-old-noisy/100/dwr_noisy_p04_hyp-2_full_3.tar.bz2:0.631917953491:0.0936637:0.63
> 0:False:9,24:9977,2022
> 1:False:9,23:9977,2022
> 2:True:10,20:9977,2022
> 3:False:9,21:9977,2022
> 4:False:9,24:9977,2022
> 5:False:9,23:9977,2022
dwr-suboptimal-old-noisy/100/dwr_noisy_p04_hyp-3_full_1.tar.bz2:0.629776954651:0.0928819:0.63
> 0:False:9,24:9974,2016
> 1:True:9,18:9974,2016
> 2:False:10,21:9974,2016
> 3:False:9,21:9974,2016
> 4:False:9,21:9974,2016
> 5:False:9,24:9974,2016
dwr-suboptimal-old-noisy/100/dwr_noisy_p04_hyp-3_full_2.tar.bz2:0.624490976334:0.0919648:0.63
> 0:False:9,24:9976,2020
> 1:True:9,18:9976,2020
> 2:False:10,21:9976,2020
> 3:False:9,21:9976,2020
> 4:False:9,21:9976,2020
> 5:False:9,24:9976,2020
dwr-suboptimal-old-noisy/100/dwr_noisy_p04_hyp-3_full_3.tar.bz2:0.637499094009:0.0995266:0.64
> 0:False:9,23:9976,2020
> 1:True:9,18:9976,2020
> 2:False:10,21:9976,2020
> 3:False:9,21:9976,2020
> 4:False:9,19:9976,2020
> 5:False:9,22:9976,2020
dwr-suboptimal-old-noisy/100/dwr_noisy_p04_hyp-4_full_1.tar.bz2:0.63072514534:0.0963067:0.63
> 0:False:9,21:9977,2022
> 1:False:9,21:9977,2022
> 2:False:10,22:9977,2022
> 3:False:9,23:9977,2022
> 4:True:9,18:9977,2022
> 5:False:9,21:9977,2022
dwr-suboptimal-old-noisy/100/dwr_noisy_p04_hyp-4_full_2.tar.bz2:0.630519151688:0.0963178:0.63
> 0:False:9,21:9975,2018
> 1:False:9,20:9975,2018
> 2:False:10,22:9975,2018
> 3:False:9,22:9975,2018
> 4:True:9,18:9975,2018
> 5:False:9,21:9975,2018
dwr-suboptimal-old-noisy/100/dwr_noisy_p04_hyp-4_full_3.tar.bz2:0.635403871536:0.0971176:0.64
> 0:False:9,20:9977,2022
> 1:False:9,20:9977,2022
> 2:False:10,21:9977,2022
> 3:False:9,21:9977,2022
> 4:True:9,18:9977,2022
> 5:False:9,20:9977,2022
dwr-suboptimal-old-noisy/100/dwr_noisy_p05_hyp-1_full_1.tar.bz2:1.15531992912:0.3252692:1.16
> 0:True:14,52:39292,4569
> 1:False:16,55:39292,4569
> 2:False:16,57:39292,4569
> 3:False:15,61:39292,4569
> 4:True:14,52:39292,4569
> 5:False:15,55:39292,4569
dwr-suboptimal-old-noisy/100/dwr_noisy_p05_hyp-1_full_2.tar.bz2:1.15673613548:0.3279209:1.16
> 0:True:14,52:39291,4567
> 1:False:16,56:39291,4567
> 2:False:16,57:39291,4567
> 3:False:15,61:39291,4567
> 4:True:14,52:39291,4567
> 5:False:15,54:39291,4567
dwr-suboptimal-old-noisy/100/dwr_noisy_p05_hyp-1_full_3.tar.bz2:1.13779997826:0.314357:1.14
> 0:True:14,52:39294,4573
> 1:True:16,54:39294,4573
> 2:False:16,56:39294,4573
> 3:False:15,59:39294,4573
> 4:True:14,52:39294,4573
> 5:False:15,55:39294,4573
dwr-suboptimal-old-noisy/100/dwr_noisy_p05_hyp-2_full_1.tar.bz2:1.14187288284:0.3224008:1.14
> 0:False:14,56:39291,4567
> 1:True:16,50:39291,4567
> 2:False:16,55:39291,4567
> 3:False:15,56:39291,4567
> 4:False:14,56:39291,4567
> 5:False:15,53:39291,4567
dwr-suboptimal-old-noisy/100/dwr_noisy_p05_hyp-2_full_2.tar.bz2:1.15309286118:0.3289278:1.15
> 0:False:14,56:39289,4563
> 1:True:16,50:39289,4563
> 2:False:16,57:39289,4563
> 3:False:15,58:39289,4563
> 4:False:14,56:39289,4563
> 5:False:15,55:39289,4563
dwr-suboptimal-old-noisy/100/dwr_noisy_p05_hyp-2_full_3.tar.bz2:1.14211010933:0.3212441:1.15
> 0:False:14,56:39290,4565
> 1:True:16,50:39290,4565
> 2:False:16,57:39290,4565
> 3:False:15,59:39290,4565
> 4:False:14,56:39290,4565
> 5:False:15,56:39290,4565
dwr-suboptimal-old-noisy/100/dwr_noisy_p05_hyp-3_full_1.tar.bz2:1.1465959549:0.3172552:1.15
> 0:False:14,45:39284,4553
> 1:False:16,47:39284,4553
> 2:False:16,47:39284,4553
> 3:False:15,52:39284,4553
> 4:True:14,42:39284,4553
> 5:False:15,45:39284,4553
dwr-suboptimal-old-noisy/100/dwr_noisy_p05_hyp-3_full_2.tar.bz2:1.13815307617:0.3108376:1.14
> 0:False:14,46:39285,4555
> 1:False:16,48:39285,4555
> 2:False:16,48:39285,4555
> 3:False:15,51:39285,4555
> 4:True:14,42:39285,4555
> 5:False:15,45:39285,4555
dwr-suboptimal-old-noisy/100/dwr_noisy_p05_hyp-3_full_3.tar.bz2:1.14643883705:0.3234959:1.15
> 0:False:14,46:39286,4557
> 1:False:16,49:39286,4557
> 2:False:16,48:39286,4557
> 3:False:15,48:39286,4557
> 4:True:14,42:39286,4557
> 5:False:15,46:39286,4557
dwr-suboptimal-old-noisy/100/dwr_noisy_p05_hyp-4_full_1.tar.bz2:1.13719892502:0.3070753:1.14
> 0:False:14,51:39281,4547
> 1:False:16,46:39281,4547
> 2:False:16,45:39281,4547
> 3:True:15,40:39281,4547
> 4:False:14,50:39281,4547
> 5:False:15,49:39281,4547
dwr-suboptimal-old-noisy/100/dwr_noisy_p05_hyp-4_full_2.tar.bz2:1.141299963:0.3147449:1.14
> 0:False:14,49:39283,4551
> 1:False:16,46:39283,4551
> 2:False:16,45:39283,4551
> 3:True:15,40:39283,4551
> 4:False:14,48:39283,4551
> 5:False:15,45:39283,4551
dwr-suboptimal-old-noisy/100/dwr_noisy_p05_hyp-4_full_3.tar.bz2:1.14816308022:0.3207075:1.16
> 0:False:14,49:39284,4553
> 1:False:16,46:39284,4553
> 2:False:16,45:39284,4553
> 3:True:15,40:39284,4553
> 4:False:14,48:39284,4553
> 5:False:15,47:39284,4553
