dwr-optimal/10/dwr_p02_hyp-1_10_1.tar.bz2:1.95379519463:0.046875:1.66
> (in cc q2),(in cb p2),(in ca q2):True:3.0,7.0:598.0,298.0
> (in cc q2),(in cb q1),(in ca q2):True:3.0,7.0:598.0,298.0
> (in cb q2),(in cc p2),(in ca q2):True:3.0,7.0:598.0,298.0
> (in cb p2),(in ca q1),(in cc q2):False:3.0,8.0:598.0,298.0
> (in cc p2),(in ca p2),(in cb q1):True:3.0,7.0:598.0,298.0
> (in cb q2),(in cc q1),(in ca q2):True:3.0,7.0:598.0,298.0
> (in cb q2),(in cc q1),(in ca p2):True:3.0,7.0:598.0,298.0
> (in cb q2),(in cc q2),(in ca q1):False:3.0,8.0:598.0,298.0
dwr-optimal/10/dwr_p02_hyp-2_10_1.tar.bz2:1.88091492653:0.03125:1.53
> (in cc q2),(in cb p2),(in ca q2):True:3.0,5.0:376.0,59.0
> (in cc q2),(in cb q1),(in ca q2):True:3.0,5.0:376.0,59.0
> (in cb q2),(in cc p2),(in ca q2):True:3.0,5.0:376.0,59.0
> (in cb p2),(in ca q1),(in cc q2):True:3.0,5.0:376.0,59.0
> (in cc p2),(in ca p2),(in cb q1):True:3.0,5.0:376.0,59.0
> (in cb q2),(in cc q1),(in ca q2):True:3.0,5.0:376.0,59.0
> (in cb q2),(in cc q1),(in ca p2):True:3.0,5.0:376.0,59.0
> (in cb q2),(in cc q2),(in ca q1):True:3.0,5.0:376.0,59.0
dwr-optimal/10/dwr_p04_hyp-1_10_1.tar.bz2:1.52160310745:0.046875:1.2
> (in cb p2),(in ca q2):True:2.0,6.0:667.0,340.0
> (in cb q2),(in cc q2):True:2.0,6.0:667.0,340.0
> (in cc q2),(in ca q2):True:2.0,6.0:667.0,340.0
> (in ca p2),(in cb p2):True:2.0,6.0:667.0,340.0
> (in cc p2),(in cb p2):True:2.0,6.0:667.0,340.0
> (in ca p2),(in cc q2):True:2.0,6.0:667.0,340.0
dwr-optimal/10/dwr_p04_hyp-2_10_1.tar.bz2:1.40102505684:0.03125:1.2
> (in cb p2),(in ca q2):True:2.0,5.0:683.0,355.0
> (in cb q2),(in cc q2):True:2.0,5.0:683.0,355.0
> (in cc q2),(in ca q2):True:2.0,5.0:683.0,355.0
> (in ca p2),(in cb p2):True:2.0,5.0:683.0,355.0
> (in cc p2),(in cb p2):True:2.0,5.0:683.0,355.0
> (in ca p2),(in cc q2):True:2.0,5.0:683.0,355.0
dwr-optimal/10/dwr_p05_hyp-1_10_1.tar.bz2:1.74493002892:0.078125:1.32
> (in ce p3),(in ca p2),(in cc p3):False:3.0,12.0:895.0,344.0
> (in cc p2),(in cb p2),(in cf p3):True:3.0,11.0:915.0,366.0
> (in cc p2),(in cd p3),(in cb p2):False:3.0,12.0:895.0,344.0
> (in cd p2),(in ca p3),(in ce p2):False:3.0,12.0:895.0,344.0
> (in cb p3),(in cc p3),(in ce p2):False:3.0,12.0:895.0,344.0
> (in cc p2),(in ca p2),(in cf p3):True:3.0,11.0:915.0,366.0
dwr-optimal/10/dwr_p05_hyp-2_10_1.tar.bz2:1.55111312866:0.09375:1.43
> (in ce p3),(in ca p2),(in cc p3):True:3.0,11.0:1179.0,668.0
> (in cc p2),(in cb p2),(in cf p3):True:3.0,11.0:1261.0,755.0
> (in cc p2),(in cd p3),(in cb p2):True:3.0,11.0:1261.0,755.0
> (in cd p2),(in ca p3),(in ce p2):True:3.0,11.0:1179.0,668.0
> (in cb p3),(in cc p3),(in ce p2):True:3.0,11.0:1179.0,668.0
> (in cc p2),(in ca p2),(in cf p3):True:3.0,11.0:1179.0,668.0
dwr-optimal/30/dwr_p02_hyp-1_30_1.tar.bz2:1.88489198685:0.03125:1.56
> (in cc q2),(in cb p2),(in ca q2):False:3.0,10.0:700.0,395.0
> (in cc q2),(in cb q1),(in ca q2):False:3.0,9.0:700.0,395.0
> (in cb q2),(in cc p2),(in ca q2):False:3.0,8.0:700.0,395.0
> (in cb p2),(in ca q1),(in cc q2):False:3.0,10.0:700.0,395.0
> (in cc p2),(in ca p2),(in cb q1):False:3.0,9.0:700.0,395.0
> (in cb q2),(in cc q1),(in ca q2):True:3.0,7.0:700.0,395.0
> (in cb q2),(in cc q1),(in ca p2):True:3.0,7.0:700.0,395.0
> (in cb q2),(in cc q2),(in ca q1):False:3.0,8.0:700.0,395.0
dwr-optimal/30/dwr_p02_hyp-2_30_1.tar.bz2:2.011043787:0.078125:1.58
> (in cc q2),(in cb p2),(in ca q2):False:3.0,11.0:816.0,466.0
> (in cc q2),(in cb q1),(in ca q2):False:3.0,11.0:816.0,466.0
> (in cb q2),(in cc p2),(in ca q2):True:3.0,9.0:816.0,466.0
> (in cb p2),(in ca q1),(in cc q2):False:3.0,11.0:816.0,466.0
> (in cc p2),(in ca p2),(in cb q1):True:3.0,9.0:816.0,466.0
> (in cb q2),(in cc q1),(in ca q2):True:3.0,9.0:816.0,466.0
> (in cb q2),(in cc q1),(in ca p2):True:3.0,9.0:816.0,466.0
> (in cb q2),(in cc q2),(in ca q1):False:3.0,11.0:816.0,466.0
dwr-optimal/30/dwr_p04_hyp-1_30_1.tar.bz2:1.80605602264:0.09375:1.55
> (in cb p2),(in ca q2):False:2.0,9.0:718.0,424.0
> (in cb q2),(in cc q2):True:2.0,8.0:736.0,441.0
> (in cc q2),(in ca q2):True:2.0,8.0:736.0,441.0
> (in ca p2),(in cb p2):False:2.0,9.0:718.0,424.0
> (in cc p2),(in cb p2):False:2.0,10.0:736.0,441.0
> (in ca p2),(in cc q2):True:2.0,8.0:736.0,441.0
dwr-optimal/30/dwr_p04_hyp-2_30_1.tar.bz2:1.60831403732:0.078125:1.48
> (in cb p2),(in ca q2):True:2.0,9.0:668.0,343.0
> (in cb q2),(in cc q2):True:2.0,9.0:668.0,343.0
> (in cc q2),(in ca q2):True:2.0,9.0:668.0,343.0
> (in ca p2),(in cb p2):True:2.0,9.0:668.0,343.0
> (in cc p2),(in cb p2):True:2.0,9.0:668.0,343.0
> (in ca p2),(in cc q2):True:2.0,9.0:668.0,343.0
dwr-optimal/30/dwr_p05_hyp-1_30_1.tar.bz2:1.92924499512:0.125:1.48
> (in ce p3),(in ca p2),(in cc p3):True:3.0,24.0:2122.0,1509.0
> (in cc p2),(in cb p2),(in cf p3):True:3.0,24.0:2142.0,1530.0
> (in cc p2),(in cd p3),(in cb p2):True:3.0,24.0:2122.0,1509.0
> (in cd p2),(in ca p3),(in ce p2):True:3.0,24.0:2122.0,1509.0
> (in cb p3),(in cc p3),(in ce p2):True:3.0,24.0:2122.0,1509.0
> (in cc p2),(in ca p2),(in cf p3):True:3.0,24.0:2142.0,1530.0
dwr-optimal/30/dwr_p05_hyp-2_30_1.tar.bz2:1.86089491844:0.34375:1.67
> (in ce p3),(in ca p2),(in cc p3):False:3.0,23.0:2883.0,2225.0
> (in cc p2),(in cb p2),(in cf p3):True:3.0,22.0:2707.0,2046.0
> (in cc p2),(in cd p3),(in cb p2):True:3.0,22.0:2707.0,2046.0
> (in cd p2),(in ca p3),(in ce p2):False:3.0,23.0:2623.0,1958.0
> (in cb p3),(in cc p3),(in ce p2):False:3.0,23.0:2623.0,1958.0
> (in cc p2),(in ca p2),(in cf p3):True:3.0,22.0:2707.0,2047.0
dwr-optimal/50/dwr_p02_hyp-1_50_1.tar.bz2:1.88503289223:0.09375:1.7
> (in cc q2),(in cb p2),(in ca q2):True:3.0,12.0:885.0,562.0
> (in cc q2),(in cb q1),(in ca q2):False:3.0,13.0:885.0,562.0
> (in cb q2),(in cc p2),(in ca q2):True:3.0,12.0:885.0,562.0
> (in cb p2),(in ca q1),(in cc q2):False:3.0,13.0:871.0,549.0
> (in cc p2),(in ca p2),(in cb q1):False:3.0,15.0:885.0,562.0
> (in cb q2),(in cc q1),(in ca q2):True:3.0,12.0:885.0,562.0
> (in cb q2),(in cc q1),(in ca p2):False:3.0,14.0:885.0,562.0
> (in cb q2),(in cc q2),(in ca q1):False:3.0,13.0:871.0,549.0
dwr-optimal/50/dwr_p02_hyp-2_50_1.tar.bz2:2.11757898331:0.125:1.71
> (in cc q2),(in cb p2),(in ca q2):False:3.0,14.0:1093.0,704.0
> (in cc q2),(in cb q1),(in ca q2):False:3.0,13.0:1093.0,704.0
> (in cb q2),(in cc p2),(in ca q2):False:3.0,14.0:1093.0,704.0
> (in cb p2),(in ca q1),(in cc q2):False:3.0,13.0:1109.0,722.0
> (in cc p2),(in ca p2),(in cb q1):True:3.0,11.0:1093.0,704.0
> (in cb q2),(in cc q1),(in ca q2):False:3.0,13.0:1093.0,704.0
> (in cb q2),(in cc q1),(in ca p2):True:3.0,11.0:1093.0,704.0
> (in cb q2),(in cc q2),(in ca q1):False:3.0,13.0:1109.0,722.0
dwr-optimal/50/dwr_p04_hyp-1_50_1.tar.bz2:2.34915590286:0.09375:2.03
> (in cb p2),(in ca q2):True:2.0,10.0:985.0,622.0
> (in cb q2),(in cc q2):True:2.0,10.0:985.0,622.0
> (in cc q2),(in ca q2):True:2.0,10.0:985.0,622.0
> (in ca p2),(in cb p2):True:2.0,10.0:985.0,622.0
> (in cc p2),(in cb p2):True:2.0,10.0:985.0,622.0
> (in ca p2),(in cc q2):True:2.0,10.0:985.0,622.0
dwr-optimal/50/dwr_p04_hyp-2_50_1.tar.bz2:2.46079397202:0.171875:2.23
> (in cb p2),(in ca q2):True:2.0,11.0:1163.0,812.0
> (in cb q2),(in cc q2):False:2.0,12.0:1145.0,795.0
> (in cc q2),(in ca q2):True:2.0,11.0:1163.0,812.0
> (in ca p2),(in cb p2):False:2.0,13.0:1163.0,812.0
> (in cc p2),(in cb p2):False:2.0,12.0:1145.0,795.0
> (in ca p2),(in cc q2):False:2.0,13.0:1163.0,812.0
dwr-optimal/50/dwr_p05_hyp-1_50_1.tar.bz2:2.38856291771:0.265625:2.12
> (in ce p3),(in ca p2),(in cc p3):False:3.0,33.0:2165.0,1494.0
> (in cc p2),(in cb p2),(in cf p3):False:3.0,33.0:2247.0,1577.0
> (in cc p2),(in cd p3),(in cb p2):False:3.0,33.0:2247.0,1577.0
> (in cd p2),(in ca p3),(in ce p2):False:3.0,33.0:2233.0,1562.0
> (in cb p3),(in cc p3),(in ce p2):False:3.0,34.0:2145.0,1472.0
> (in cc p2),(in ca p2),(in cf p3):True:3.0,32.0:2253.0,1584.0
dwr-optimal/50/dwr_p05_hyp-2_50_1.tar.bz2:2.23299098015:0.234375:2.06
> (in ce p3),(in ca p2),(in cc p3):True:3.0,30.0:2804.0,2152.0
> (in cc p2),(in cb p2),(in cf p3):False:3.0,31.0:2728.0,2071.0
> (in cc p2),(in cd p3),(in cb p2):False:3.0,31.0:2728.0,2071.0
> (in cd p2),(in ca p3),(in ce p2):True:3.0,30.0:2732.0,2076.0
> (in cb p3),(in cc p3),(in ce p2):False:3.0,31.0:2728.0,2071.0
> (in cc p2),(in ca p2),(in cf p3):False:3.0,31.0:2728.0,2071.0
dwr-optimal/70/dwr_p02_hyp-1_70_1.tar.bz2:2.38604283333:0.125:2.02
> (in cc q2),(in cb p2),(in ca q2):False:3.0,14.0:1007.0,683.0
> (in cc q2),(in cb q1),(in ca q2):False:3.0,16.0:1007.0,683.0
> (in cb q2),(in cc p2),(in ca q2):False:3.0,14.0:1007.0,683.0
> (in cb p2),(in ca q1),(in cc q2):False:3.0,16.0:1007.0,683.0
> (in cc p2),(in ca p2),(in cb q1):False:3.0,16.0:1021.0,699.0
> (in cb q2),(in cc q1),(in ca q2):True:3.0,13.0:1007.0,683.0
> (in cb q2),(in cc q1),(in ca p2):True:3.0,13.0:1007.0,683.0
> (in cb q2),(in cc q2),(in ca q1):False:3.0,16.0:1007.0,683.0
dwr-optimal/70/dwr_p02_hyp-2_70_1.tar.bz2:1.95594716072:0.15625:1.81
> (in cc q2),(in cb p2),(in ca q2):False:3.0,18.0:1348.0,984.0
> (in cc q2),(in cb q1),(in ca q2):False:3.0,17.0:1352.0,987.0
> (in cb q2),(in cc p2),(in ca q2):False:3.0,16.0:1348.0,984.0
> (in cb p2),(in ca q1),(in cc q2):False:3.0,16.0:1318.0,953.0
> (in cc p2),(in ca p2),(in cb q1):True:3.0,13.0:1352.0,987.0
> (in cb q2),(in cc q1),(in ca q2):False:3.0,18.0:1332.0,966.0
> (in cb q2),(in cc q1),(in ca p2):False:3.0,16.0:1332.0,966.0
> (in cb q2),(in cc q2),(in ca q1):False:3.0,16.0:1318.0,953.0
dwr-optimal/70/dwr_p04_hyp-1_70_1.tar.bz2:1.45779705048:0.09375:1.32
> (in cb p2),(in ca q2):False:2.0,14.0:1083.0,786.0
> (in cb q2),(in cc q2):False:2.0,12.0:1083.0,786.0
> (in cc q2),(in ca q2):False:2.0,13.0:1083.0,786.0
> (in ca p2),(in cb p2):False:2.0,12.0:1083.0,786.0
> (in cc p2),(in cb p2):False:2.0,14.0:1083.0,786.0
> (in ca p2),(in cc q2):True:2.0,11.0:1103.0,808.0
dwr-optimal/70/dwr_p04_hyp-2_70_1.tar.bz2:1.49457597733:0.09375:1.31
> (in cb p2),(in ca q2):True:2.0,12.0:1469.0,1070.0
> (in cb q2),(in cc q2):False:2.0,14.0:1469.0,1070.0
> (in cc q2),(in ca q2):False:2.0,13.0:1469.0,1070.0
> (in ca p2),(in cb p2):True:2.0,12.0:1469.0,1070.0
> (in cc p2),(in cb p2):True:2.0,12.0:1469.0,1070.0
> (in ca p2),(in cc q2):False:2.0,13.0:1469.0,1070.0
dwr-optimal/70/dwr_p05_hyp-1_70_1.tar.bz2:1.81171107292:0.25:1.62
> (in ce p3),(in ca p2),(in cc p3):True:3.0,40.0:3292.0,2431.0
> (in cc p2),(in cb p2),(in cf p3):True:3.0,40.0:3304.0,2441.0
> (in cc p2),(in cd p3),(in cb p2):True:3.0,40.0:3304.0,2441.0
> (in cd p2),(in ca p3),(in ce p2):False:3.0,42.0:3272.0,2413.0
> (in cb p3),(in cc p3),(in ce p2):False:3.0,42.0:3272.0,2413.0
> (in cc p2),(in ca p2),(in cf p3):True:3.0,40.0:3304.0,2441.0
dwr-optimal/70/dwr_p05_hyp-2_70_1.tar.bz2:1.89614510536:0.328125:1.74
> (in ce p3),(in ca p2),(in cc p3):True:3.0,38.0:3771.0,2939.0
> (in cc p2),(in cb p2),(in cf p3):False:3.0,40.0:3719.0,2897.0
> (in cc p2),(in cd p3),(in cb p2):False:3.0,40.0:3719.0,2897.0
> (in cd p2),(in ca p3),(in ce p2):False:3.0,40.0:3719.0,2898.0
> (in cb p3),(in cc p3),(in ce p2):False:3.0,40.0:3739.0,2909.0
> (in cc p2),(in ca p2),(in cf p3):False:3.0,40.0:3747.0,2922.0
dwr-optimal/100/dwr_p02_hyp-1_full.tar.bz2:2.22512292862:0.1875:1.77
> (in cc q2),(in cb p2),(in ca q2):False:3.0,16.0:1370.0,1009.0
> (in cc q2),(in cb q1),(in ca q2):False:3.0,18.0:1354.0,991.0
> (in cb q2),(in cc p2),(in ca q2):False:3.0,14.0:1370.0,1009.0
> (in cb p2),(in ca q1),(in cc q2):False:3.0,20.0:1354.0,991.0
> (in cc p2),(in ca p2),(in cb q1):False:3.0,20.0:1354.0,991.0
> (in cb q2),(in cc q1),(in ca q2):True:3.0,13.0:1370.0,1009.0
> (in cb q2),(in cc q1),(in ca p2):False:3.0,15.0:1370.0,1009.0
> (in cb q2),(in cc q2),(in ca q1):False:3.0,18.0:1354.0,991.0
dwr-optimal/100/dwr_p02_hyp-2_full.tar.bz2:2.1142270565:0.171875:1.91
> (in cc q2),(in cb p2),(in ca q2):False:3.0,18.0:1370.0,1010.0
> (in cc q2),(in cb q1),(in ca q2):False:3.0,17.0:1374.0,1013.0
> (in cb q2),(in cc p2),(in ca q2):False:3.0,16.0:1370.0,1010.0
> (in cb p2),(in ca q1),(in cc q2):False:3.0,20.0:1354.0,992.0
> (in cc p2),(in ca p2),(in cb q1):True:3.0,13.0:1374.0,1013.0
> (in cb q2),(in cc q1),(in ca q2):False:3.0,20.0:1354.0,992.0
> (in cb q2),(in cc q1),(in ca p2):False:3.0,18.0:1354.0,992.0
> (in cb q2),(in cc q2),(in ca q1):False:3.0,20.0:1354.0,992.0
dwr-optimal/100/dwr_p04_hyp-1_full.tar.bz2:1.53923082352:0.125:1.37
> (in cb p2),(in ca q2):False:2.0,14.0:1252.0,910.0
> (in cb q2),(in cc q2):False:2.0,12.0:1252.0,910.0
> (in cc q2),(in ca q2):False:2.0,13.0:1272.0,932.0
> (in ca p2),(in cb p2):False:2.0,12.0:1252.0,910.0
> (in cc p2),(in cb p2):False:2.0,14.0:1252.0,910.0
> (in ca p2),(in cc q2):True:2.0,11.0:1272.0,932.0
dwr-optimal/100/dwr_p04_hyp-2_full.tar.bz2:1.57850909233:0.09375:1.39
> (in cb p2),(in ca q2):True:2.0,13.0:1679.0,1298.0
> (in cb q2),(in cc q2):False:2.0,16.0:1659.0,1276.0
> (in cc q2),(in ca q2):False:2.0,14.0:1659.0,1276.0
> (in ca p2),(in cb p2):False:2.0,15.0:1659.0,1276.0
> (in cc p2),(in cb p2):False:2.0,14.0:1659.0,1276.0
> (in ca p2),(in cc q2):False:2.0,16.0:1659.0,1276.0
dwr-optimal/100/dwr_p05_hyp-1_full.tar.bz2:1.90261507034:0.328125:1.74
> (in ce p3),(in ca p2),(in cc p3):False:3.0,47.0:4231.0,3144.0
> (in cc p2),(in cb p2),(in cf p3):True:3.0,46.0:4229.0,3142.0
> (in cc p2),(in cd p3),(in cb p2):False:3.0,47.0:4245.0,3157.0
> (in cd p2),(in ca p3),(in ce p2):False:3.0,48.0:4215.0,3129.0
> (in cb p3),(in cc p3),(in ce p2):False:3.0,49.0:4199.0,3114.0
> (in cc p2),(in ca p2),(in cf p3):True:3.0,46.0:4229.0,3142.0
dwr-optimal/100/dwr_p05_hyp-2_full.tar.bz2:1.8786380291:0.328125:1.65
> (in ce p3),(in ca p2),(in cc p3):True:3.0,44.0:4023.0,3085.0
> (in cc p2),(in cb p2),(in cf p3):False:3.0,46.0:3985.0,3053.0
> (in cc p2),(in cd p3),(in cb p2):False:3.0,46.0:3985.0,3053.0
> (in cd p2),(in ca p3),(in ce p2):False:3.0,46.0:3985.0,3053.0
> (in cb p3),(in cc p3),(in ce p2):False:3.0,46.0:3991.0,3055.0
> (in cc p2),(in ca p2),(in cf p3):False:3.0,46.0:3985.0,3053.0
