dwr-optimal/10/dwr_p02_hyp-1_10_1.tar.bz2:2.41975593567:0.0625:2.17
> (in cc q2),(in cb p2),(in ca q2):True:3.0,5.0:502.0,193.0
> (in cc q2),(in cb q1),(in ca q2):True:3.0,5.0:502.0,193.0
> (in cb q2),(in cc p2),(in ca q2):True:3.0,5.0:502.0,193.0
> (in cb p2),(in ca q1),(in cc q2):True:3.0,5.0:502.0,193.0
> (in cc p2),(in ca p2),(in cb q1):True:3.0,5.0:502.0,193.0
> (in cb q2),(in cc q1),(in ca q2):True:3.0,5.0:502.0,193.0
> (in cb q2),(in cc q1),(in ca p2):True:3.0,5.0:502.0,193.0
> (in cb q2),(in cc q2),(in ca q1):True:3.0,5.0:502.0,193.0
dwr-optimal/10/dwr_p02_hyp-2_10_1.tar.bz2:2.28038907051:0.03125:1.99
> (in cc q2),(in cb p2),(in ca q2):True:3.0,5.0:376.0,64.0
> (in cc q2),(in cb q1),(in ca q2):True:3.0,5.0:376.0,64.0
> (in cb q2),(in cc p2),(in ca q2):True:3.0,5.0:376.0,64.0
> (in cb p2),(in ca q1),(in cc q2):True:3.0,5.0:376.0,64.0
> (in cc p2),(in ca p2),(in cb q1):True:3.0,5.0:376.0,64.0
> (in cb q2),(in cc q1),(in ca q2):True:3.0,5.0:376.0,64.0
> (in cb q2),(in cc q1),(in ca p2):True:3.0,5.0:376.0,64.0
> (in cb q2),(in cc q2),(in ca q1):True:3.0,5.0:376.0,64.0
dwr-optimal/10/dwr_p04_hyp-1_10_1.tar.bz2:1.83675312996:0.0:1.61
> (in cb p2),(in ca q2):False:2.0,5.0:581.0,277.0
> (in cb q2),(in cc q2):True:2.0,4.0:581.0,277.0
> (in cc q2),(in ca q2):False:2.0,5.0:581.0,277.0
> (in ca p2),(in cb p2):False:2.0,5.0:581.0,277.0
> (in cc p2),(in cb p2):True:2.0,4.0:581.0,277.0
> (in ca p2),(in cc q2):False:2.0,5.0:581.0,277.0
dwr-optimal/10/dwr_p04_hyp-2_10_1.tar.bz2:1.67023515701:0.03125:1.48
> (in cb p2),(in ca q2):True:2.0,5.0:587.0,254.0
> (in cb q2),(in cc q2):True:2.0,5.0:587.0,254.0
> (in cc q2),(in ca q2):True:2.0,5.0:587.0,254.0
> (in ca p2),(in cb p2):True:2.0,5.0:587.0,254.0
> (in cc p2),(in cb p2):True:2.0,5.0:587.0,254.0
> (in ca p2),(in cc q2):True:2.0,5.0:587.0,254.0
dwr-optimal/10/dwr_p05_hyp-1_10_1.tar.bz2:1.76793479919:0.03125:1.5
> (in ce p3),(in ca p2),(in cc p3):True:3.0,9.0:1026.0,511.0
> (in cc p2),(in cb p2),(in cf p3):True:3.0,9.0:1026.0,511.0
> (in cc p2),(in cd p3),(in cb p2):False:3.0,10.0:1026.0,511.0
> (in cd p2),(in ca p3),(in ce p2):False:3.0,10.0:1026.0,511.0
> (in cb p3),(in cc p3),(in ce p2):False:3.0,10.0:1026.0,511.0
> (in cc p2),(in ca p2),(in cf p3):True:3.0,9.0:1026.0,511.0
dwr-optimal/10/dwr_p05_hyp-2_10_1.tar.bz2:1.81201910973:0.078125:1.49
> (in ce p3),(in ca p2),(in cc p3):False:3.0,8.0:1240.0,730.0
> (in cc p2),(in cb p2),(in cf p3):True:3.0,7.0:1240.0,730.0
> (in cc p2),(in cd p3),(in cb p2):False:3.0,8.0:1240.0,730.0
> (in cd p2),(in ca p3),(in ce p2):False:3.0,9.0:1240.0,730.0
> (in cb p3),(in cc p3),(in ce p2):False:3.0,8.0:1240.0,730.0
> (in cc p2),(in ca p2),(in cf p3):False:3.0,8.0:1240.0,730.0
dwr-optimal/30/dwr_p02_hyp-1_30_1.tar.bz2:1.95914411545:0.078125:1.75
> (in cc q2),(in cb p2),(in ca q2):False:3.0,8.0:911.0,583.0
> (in cc q2),(in cb q1),(in ca q2):False:3.0,7.0:911.0,583.0
> (in cb q2),(in cc p2),(in ca q2):False:3.0,7.0:911.0,583.0
> (in cb p2),(in ca q1),(in cc q2):False:3.0,8.0:911.0,583.0
> (in cc p2),(in ca p2),(in cb q1):False:3.0,8.0:911.0,583.0
> (in cb q2),(in cc q1),(in ca q2):True:3.0,6.0:911.0,583.0
> (in cb q2),(in cc q1),(in ca p2):True:3.0,6.0:911.0,583.0
> (in cb q2),(in cc q2),(in ca q1):False:3.0,7.0:911.0,583.0
dwr-optimal/30/dwr_p02_hyp-2_30_1.tar.bz2:1.90165495872:0.0625:1.61
> (in cc q2),(in cb p2),(in ca q2):False:3.0,10.0:890.0,594.0
> (in cc q2),(in cb q1),(in ca q2):False:3.0,9.0:890.0,594.0
> (in cb q2),(in cc p2),(in ca q2):False:3.0,8.0:890.0,594.0
> (in cb p2),(in ca q1),(in cc q2):False:3.0,9.0:890.0,594.0
> (in cc p2),(in ca p2),(in cb q1):True:3.0,7.0:890.0,594.0
> (in cb q2),(in cc q1),(in ca q2):False:3.0,10.0:890.0,594.0
> (in cb q2),(in cc q1),(in ca p2):False:3.0,9.0:890.0,594.0
> (in cb q2),(in cc q2),(in ca q1):False:3.0,9.0:890.0,594.0
dwr-optimal/30/dwr_p04_hyp-1_30_1.tar.bz2:1.47896409035:0.046875:1.2
> (in cb p2),(in ca q2):False:2.0,7.0:832.0,497.0
> (in cb q2),(in cc q2):True:2.0,6.0:832.0,497.0
> (in cc q2),(in ca q2):True:2.0,6.0:832.0,497.0
> (in ca p2),(in cb p2):False:2.0,7.0:832.0,497.0
> (in cc p2),(in cb p2):False:2.0,8.0:832.0,497.0
> (in ca p2),(in cc q2):True:2.0,6.0:832.0,497.0
dwr-optimal/30/dwr_p04_hyp-2_30_1.tar.bz2:1.41348099709:0.015625:1.21
> (in cb p2),(in ca q2):False:2.0,8.0:582.0,284.0
> (in cb q2),(in cc q2):True:2.0,7.0:582.0,284.0
> (in cc q2),(in ca q2):False:2.0,8.0:582.0,284.0
> (in ca p2),(in cb p2):False:2.0,8.0:582.0,284.0
> (in cc p2),(in cb p2):True:2.0,7.0:582.0,284.0
> (in ca p2),(in cc q2):False:2.0,8.0:582.0,284.0
dwr-optimal/30/dwr_p05_hyp-1_30_1.tar.bz2:1.59124183655:0.09375:1.44
> (in ce p3),(in ca p2),(in cc p3):True:3.0,19.0:1957.0,1422.0
> (in cc p2),(in cb p2),(in cf p3):False:3.0,20.0:1957.0,1422.0
> (in cc p2),(in cd p3),(in cb p2):False:3.0,21.0:1957.0,1422.0
> (in cd p2),(in ca p3),(in ce p2):True:3.0,19.0:1957.0,1422.0
> (in cb p3),(in cc p3),(in ce p2):False:3.0,21.0:1957.0,1422.0
> (in cc p2),(in ca p2),(in cf p3):True:3.0,19.0:1957.0,1422.0
dwr-optimal/30/dwr_p05_hyp-2_30_1.tar.bz2:1.69915699959:0.140625:1.47
> (in ce p3),(in ca p2),(in cc p3):False:3.0,19.0:3256.0,2656.0
> (in cc p2),(in cb p2),(in cf p3):True:3.0,18.0:3256.0,2656.0
> (in cc p2),(in cd p3),(in cb p2):False:3.0,19.0:3256.0,2656.0
> (in cd p2),(in ca p3),(in ce p2):False:3.0,22.0:3256.0,2656.0
> (in cb p3),(in cc p3),(in ce p2):False:3.0,20.0:3256.0,2656.0
> (in cc p2),(in ca p2),(in cf p3):False:3.0,19.0:3256.0,2656.0
dwr-optimal/50/dwr_p02_hyp-1_50_1.tar.bz2:1.92631602287:0.109375:1.66
> (in cc q2),(in cb p2),(in ca q2):True:3.0,10.0:844.0,554.0
> (in cc q2),(in cb q1),(in ca q2):True:3.0,10.0:844.0,554.0
> (in cb q2),(in cc p2),(in ca q2):True:3.0,10.0:844.0,554.0
> (in cb p2),(in ca q1),(in cc q2):True:3.0,10.0:844.0,554.0
> (in cc p2),(in ca p2),(in cb q1):False:3.0,12.0:844.0,554.0
> (in cb q2),(in cc q1),(in ca q2):True:3.0,10.0:844.0,554.0
> (in cb q2),(in cc q1),(in ca p2):False:3.0,12.0:844.0,554.0
> (in cb q2),(in cc q2),(in ca q1):True:3.0,10.0:844.0,554.0
dwr-optimal/50/dwr_p02_hyp-2_50_1.tar.bz2:1.9359099865:0.0625:1.61
> (in cc q2),(in cb p2),(in ca q2):False:3.0,12.0:1026.0,732.0
> (in cc q2),(in cb q1),(in ca q2):False:3.0,12.0:1026.0,732.0
> (in cb q2),(in cc p2),(in ca q2):False:3.0,12.0:1026.0,732.0
> (in cb p2),(in ca q1),(in cc q2):False:3.0,13.0:1026.0,732.0
> (in cc p2),(in ca p2),(in cb q1):True:3.0,10.0:1026.0,732.0
> (in cb q2),(in cc q1),(in ca q2):False:3.0,12.0:1026.0,732.0
> (in cb q2),(in cc q1),(in ca p2):False:3.0,11.0:1026.0,732.0
> (in cb q2),(in cc q2),(in ca q1):False:3.0,14.0:1026.0,732.0
dwr-optimal/50/dwr_p04_hyp-1_50_1.tar.bz2:1.51628398895:0.015625:1.28
> (in cb p2),(in ca q2):False:2.0,10.0:803.0,521.0
> (in cb q2),(in cc q2):True:2.0,9.0:803.0,521.0
> (in cc q2),(in ca q2):False:2.0,10.0:803.0,521.0
> (in ca p2),(in cb p2):False:2.0,10.0:803.0,521.0
> (in cc p2),(in cb p2):True:2.0,9.0:803.0,521.0
> (in ca p2),(in cc q2):False:2.0,10.0:803.0,521.0
dwr-optimal/50/dwr_p04_hyp-2_50_1.tar.bz2:1.49282479286:0.0625:1.31
> (in cb p2),(in ca q2):True:2.0,9.0:1108.0,777.0
> (in cb q2),(in cc q2):False:2.0,10.0:1108.0,777.0
> (in cc q2),(in ca q2):False:2.0,10.0:1108.0,777.0
> (in ca p2),(in cb p2):False:2.0,11.0:1108.0,777.0
> (in cc p2),(in cb p2):False:2.0,11.0:1108.0,777.0
> (in ca p2),(in cc q2):False:2.0,12.0:1108.0,777.0
dwr-optimal/50/dwr_p05_hyp-1_50_1.tar.bz2:1.6445119381:0.109375:1.45
> (in ce p3),(in ca p2),(in cc p3):False:3.0,29.0:2589.0,1847.0
> (in cc p2),(in cb p2),(in cf p3):False:3.0,29.0:2589.0,1847.0
> (in cc p2),(in cd p3),(in cb p2):False:3.0,29.0:2589.0,1847.0
> (in cd p2),(in ca p3),(in ce p2):False:3.0,29.0:2589.0,1847.0
> (in cb p3),(in cc p3),(in ce p2):False:3.0,30.0:2589.0,1847.0
> (in cc p2),(in ca p2),(in cf p3):True:3.0,28.0:2589.0,1847.0
dwr-optimal/50/dwr_p05_hyp-2_50_1.tar.bz2:1.64896607399:0.125:1.51
> (in ce p3),(in ca p2),(in cc p3):False:3.0,26.0:2809.0,2210.0
> (in cc p2),(in cb p2),(in cf p3):True:3.0,25.0:2809.0,2210.0
> (in cc p2),(in cd p3),(in cb p2):True:3.0,25.0:2809.0,2210.0
> (in cd p2),(in ca p3),(in ce p2):False:3.0,26.0:2809.0,2210.0
> (in cb p3),(in cc p3),(in ce p2):False:3.0,26.0:2809.0,2210.0
> (in cc p2),(in ca p2),(in cf p3):False:3.0,26.0:2809.0,2210.0
dwr-optimal/70/dwr_p02_hyp-1_70_1.tar.bz2:1.95233201981:0.078125:1.6
> (in cc q2),(in cb p2),(in ca q2):False:3.0,14.0:966.0,602.0
> (in cc q2),(in cb q1),(in ca q2):False:3.0,15.0:966.0,602.0
> (in cb q2),(in cc p2),(in ca q2):False:3.0,14.0:966.0,602.0
> (in cb p2),(in ca q1),(in cc q2):False:3.0,13.0:966.0,602.0
> (in cc p2),(in ca p2),(in cb q1):False:3.0,15.0:966.0,602.0
> (in cb q2),(in cc q1),(in ca q2):True:3.0,12.0:966.0,602.0
> (in cb q2),(in cc q1),(in ca p2):True:3.0,12.0:966.0,602.0
> (in cb q2),(in cc q2),(in ca q1):False:3.0,13.0:966.0,602.0
dwr-optimal/70/dwr_p02_hyp-2_70_1.tar.bz2:1.90365290642:0.0625:1.6
> (in cc q2),(in cb p2),(in ca q2):False:3.0,16.0:1478.0,1101.0
> (in cc q2),(in cb q1),(in ca q2):False:3.0,15.0:1478.0,1101.0
> (in cb q2),(in cc p2),(in ca q2):False:3.0,14.0:1478.0,1101.0
> (in cb p2),(in ca q1),(in cc q2):False:3.0,15.0:1478.0,1101.0
> (in cc p2),(in ca p2),(in cb q1):True:3.0,11.0:1478.0,1101.0
> (in cb q2),(in cc q1),(in ca q2):False:3.0,18.0:1478.0,1101.0
> (in cb q2),(in cc q1),(in ca p2):False:3.0,18.0:1478.0,1101.0
> (in cb q2),(in cc q2),(in ca q1):False:3.0,15.0:1478.0,1101.0
dwr-optimal/70/dwr_p04_hyp-1_70_1.tar.bz2:1.44603204727:0.015625:1.34
> (in cb p2),(in ca q2):False:2.0,11.0:1304.0,962.0
> (in cb q2),(in cc q2):False:2.0,9.0:1304.0,962.0
> (in cc q2),(in ca q2):False:2.0,10.0:1304.0,962.0
> (in ca p2),(in cb p2):False:2.0,9.0:1304.0,962.0
> (in cc p2),(in cb p2):False:2.0,11.0:1304.0,962.0
> (in ca p2),(in cc q2):True:2.0,8.0:1304.0,962.0
dwr-optimal/70/dwr_p04_hyp-2_70_1.tar.bz2:1.58522295952:0.0:1.27
> (in cb p2),(in ca q2):True:2.0,11.0:1391.0,1039.0
> (in cb q2),(in cc q2):False:2.0,14.0:1391.0,1039.0
> (in cc q2),(in ca q2):False:2.0,13.0:1391.0,1039.0
> (in ca p2),(in cb p2):True:2.0,11.0:1391.0,1039.0
> (in cc p2),(in cb p2):False:2.0,12.0:1391.0,1039.0
> (in ca p2),(in cc q2):False:2.0,13.0:1391.0,1039.0
dwr-optimal/70/dwr_p05_hyp-1_70_1.tar.bz2:1.71775317192:0.140625:1.53
> (in ce p3),(in ca p2),(in cc p3):True:3.0,35.0:3636.0,2760.0
> (in cc p2),(in cb p2),(in cf p3):True:3.0,35.0:3636.0,2760.0
> (in cc p2),(in cd p3),(in cb p2):True:3.0,35.0:3636.0,2760.0
> (in cd p2),(in ca p3),(in ce p2):False:3.0,37.0:3636.0,2760.0
> (in cb p3),(in cc p3),(in ce p2):False:3.0,37.0:3636.0,2760.0
> (in cc p2),(in ca p2),(in cf p3):True:3.0,35.0:3636.0,2760.0
dwr-optimal/70/dwr_p05_hyp-2_70_1.tar.bz2:1.74760890007:0.15625:1.57
> (in ce p3),(in ca p2),(in cc p3):True:3.0,36.0:4511.0,3598.0
> (in cc p2),(in cb p2),(in cf p3):False:3.0,37.0:4511.0,3598.0
> (in cc p2),(in cd p3),(in cb p2):False:3.0,38.0:4511.0,3598.0
> (in cd p2),(in ca p3),(in ce p2):False:3.0,39.0:4511.0,3598.0
> (in cb p3),(in cc p3),(in ce p2):False:3.0,37.0:4511.0,3598.0
> (in cc p2),(in ca p2),(in cf p3):False:3.0,38.0:4511.0,3598.0
dwr-optimal/100/dwr_p02_hyp-1_full.tar.bz2:2.01301503181:0.078125:1.68
> (in cc q2),(in cb p2),(in ca q2):False:3.0,20.0:1502.0,1109.0
> (in cc q2),(in cb q1),(in ca q2):False:3.0,20.0:1502.0,1109.0
> (in cb q2),(in cc p2),(in ca q2):False:3.0,16.0:1502.0,1109.0
> (in cb p2),(in ca q1),(in cc q2):False:3.0,20.0:1502.0,1109.0
> (in cc p2),(in ca p2),(in cb q1):False:3.0,20.0:1502.0,1109.0
> (in cb q2),(in cc q1),(in ca q2):True:3.0,13.0:1502.0,1109.0
> (in cb q2),(in cc q1),(in ca p2):False:3.0,15.0:1502.0,1109.0
> (in cb q2),(in cc q2),(in ca q1):False:3.0,18.0:1502.0,1109.0
dwr-optimal/100/dwr_p02_hyp-2_full.tar.bz2:1.93790507317:0.078125:1.78
> (in cc q2),(in cb p2),(in ca q2):False:3.0,20.0:1502.0,1110.0
> (in cc q2),(in cb q1),(in ca q2):False:3.0,17.0:1502.0,1110.0
> (in cb q2),(in cc p2),(in ca q2):False:3.0,18.0:1502.0,1110.0
> (in cb p2),(in ca q1),(in cc q2):False:3.0,20.0:1502.0,1110.0
> (in cc p2),(in ca p2),(in cb q1):True:3.0,13.0:1502.0,1110.0
> (in cb q2),(in cc q1),(in ca q2):False:3.0,20.0:1502.0,1110.0
> (in cb q2),(in cc q1),(in ca p2):False:3.0,20.0:1502.0,1110.0
> (in cb q2),(in cc q2),(in ca q1):False:3.0,20.0:1502.0,1110.0
dwr-optimal/100/dwr_p04_hyp-1_full.tar.bz2:1.71980190277:0.078125:1.54
> (in cb p2),(in ca q2):False:2.0,14.0:1441.0,1083.0
> (in cb q2),(in cc q2):False:2.0,12.0:1441.0,1083.0
> (in cc q2),(in ca q2):False:2.0,13.0:1441.0,1083.0
> (in ca p2),(in cb p2):False:2.0,12.0:1441.0,1083.0
> (in cc p2),(in cb p2):False:2.0,14.0:1441.0,1083.0
> (in ca p2),(in cc q2):True:2.0,11.0:1441.0,1083.0
dwr-optimal/100/dwr_p04_hyp-2_full.tar.bz2:1.53904294968:0.046875:1.28
> (in cb p2),(in ca q2):True:2.0,13.0:1968.0,1513.0
> (in cb q2),(in cc q2):False:2.0,18.0:1968.0,1513.0
> (in cc q2),(in ca q2):False:2.0,16.0:1968.0,1513.0
> (in ca p2),(in cb p2):False:2.0,15.0:1968.0,1513.0
> (in cc p2),(in cb p2):False:2.0,16.0:1968.0,1513.0
> (in ca p2),(in cc q2):False:2.0,18.0:1968.0,1513.0
dwr-optimal/100/dwr_p05_hyp-1_full.tar.bz2:1.85367679596:0.171875:1.61
> (in ce p3),(in ca p2),(in cc p3):False:3.0,47.0:4931.0,3816.0
> (in cc p2),(in cb p2),(in cf p3):True:3.0,46.0:4931.0,3816.0
> (in cc p2),(in cd p3),(in cb p2):False:3.0,47.0:4931.0,3816.0
> (in cd p2),(in ca p3),(in ce p2):False:3.0,48.0:4931.0,3816.0
> (in cb p3),(in cc p3),(in ce p2):False:3.0,49.0:4931.0,3816.0
> (in cc p2),(in ca p2),(in cf p3):True:3.0,46.0:4931.0,3816.0
dwr-optimal/100/dwr_p05_hyp-2_full.tar.bz2:1.86215686798:0.1875:1.59
> (in ce p3),(in ca p2),(in cc p3):True:3.0,44.0:4727.0,3703.0
> (in cc p2),(in cb p2),(in cf p3):False:3.0,46.0:4727.0,3703.0
> (in cc p2),(in cd p3),(in cb p2):False:3.0,46.0:4727.0,3703.0
> (in cd p2),(in ca p3),(in ce p2):False:3.0,46.0:4727.0,3703.0
> (in cb p3),(in cc p3),(in ce p2):False:3.0,46.0:4727.0,3703.0
> (in cc p2),(in ca p2),(in cf p3):False:3.0,46.0:4727.0,3703.0
