dwr-suboptimal-old-noisy/10/dwr_noisy_p02_hyp-1_10_1.tar.bz2:0.865867137909:0.09397137:0.87
> 0:True:5,7:6946,1532,0
> 1:False:5,8:6946,1532,0
> 2:False:5,8:6946,1532,0
> 3:False:5,8:6946,1532,0
> 4:True:5,7:6946,1532,0
> 5:False:5,8:6946,1532,0
> 6:False:5,8:6946,1532,0
> 7:True:5,7:6946,1532,0
dwr-suboptimal-old-noisy/10/dwr_noisy_p02_hyp-1_10_2.tar.bz2:0.853614091873:0.08922233:0.86
> 0:True:5,7:6947,1535,0
> 1:True:5,7:6947,1535,0
> 2:False:5,8:6947,1535,0
> 3:False:5,8:6947,1535,0
> 4:False:5,8:6947,1535,0
> 5:True:5,7:6947,1535,0
> 6:True:5,7:6947,1535,0
> 7:True:5,7:6947,1535,0
dwr-suboptimal-old-noisy/10/dwr_noisy_p02_hyp-1_10_3.tar.bz2:0.839491128922:0.08132126:0.85
> 0:True:5,7:6946,1532,0
> 1:False:5,9:6946,1532,0
> 2:False:5,8:6946,1532,0
> 3:False:5,9:6946,1532,0
> 4:False:5,8:6946,1532,0
> 5:False:5,9:6946,1532,0
> 6:False:5,8:6946,1532,0
> 7:True:5,7:6946,1532,0
dwr-suboptimal-old-noisy/10/dwr_noisy_p02_hyp-2_10_1.tar.bz2:0.854226112366:0.08737465:0.86
> 0:True:5,8:6946,1532,0
> 1:True:5,8:6946,1532,0
> 2:True:5,8:6946,1532,0
> 3:True:5,8:6946,1532,0
> 4:True:5,8:6946,1532,0
> 5:True:5,8:6946,1532,0
> 6:True:5,8:6946,1532,0
> 7:True:5,8:6946,1532,0
dwr-suboptimal-old-noisy/10/dwr_noisy_p02_hyp-2_10_2.tar.bz2:0.867751121521:0.08742016:0.87
> 0:False:5,8:6947,1535,0
> 1:True:5,6:6947,1535,0
> 2:False:5,7:6947,1535,0
> 3:False:5,7:6947,1535,0
> 4:False:5,8:6947,1535,0
> 5:False:5,7:6947,1535,0
> 6:False:5,7:6947,1535,0
> 7:True:5,6:6947,1535,0
dwr-suboptimal-old-noisy/10/dwr_noisy_p02_hyp-2_10_3.tar.bz2:0.85174703598:0.08807185:0.85
> 0:True:5,6:6946,1532,0
> 1:False:5,7:6946,1532,0
> 2:False:5,7:6946,1532,0
> 3:False:5,7:6946,1532,0
> 4:False:5,7:6946,1532,0
> 5:False:5,7:6946,1532,0
> 6:False:5,7:6946,1532,0
> 7:False:5,7:6946,1532,0
dwr-suboptimal-old-noisy/10/dwr_noisy_p02_hyp-3_10_1.tar.bz2:0.864269971848:0.09113732:0.86
> 0:False:5,9:6946,1532,0
> 1:False:5,9:6946,1532,0
> 2:False:5,9:6946,1532,0
> 3:True:5,8:6946,1532,0
> 4:True:5,8:6946,1532,0
> 5:False:5,9:6946,1532,0
> 6:False:5,9:6946,1532,0
> 7:False:5,9:6946,1532,0
dwr-suboptimal-old-noisy/10/dwr_noisy_p02_hyp-3_10_2.tar.bz2:0.851764917374:0.0921944:0.85
> 0:False:5,7:6946,1532,0
> 1:False:5,7:6946,1532,0
> 2:True:5,6:6946,1532,0
> 3:False:5,8:6946,1532,0
> 4:False:5,7:6946,1532,0
> 5:False:5,8:6946,1532,0
> 6:False:5,8:6946,1532,0
> 7:False:5,7:6946,1532,0
dwr-suboptimal-old-noisy/10/dwr_noisy_p02_hyp-3_10_3.tar.bz2:0.844208955765:0.08406696:0.85
> 0:True:5,6:6947,1535,0
> 1:False:5,7:6947,1535,0
> 2:False:5,7:6947,1535,0
> 3:False:5,8:6947,1535,0
> 4:False:5,7:6947,1535,0
> 5:False:5,7:6947,1535,0
> 6:False:5,7:6947,1535,0
> 7:False:5,7:6947,1535,0
dwr-suboptimal-old-noisy/10/dwr_noisy_p02_hyp-4_10_1.tar.bz2:0.863310098648:0.09646025:0.87
> 0:False:5,8:6946,1532,0
> 1:True:5,7:6946,1532,0
> 2:False:5,8:6946,1532,0
> 3:False:5,8:6946,1532,0
> 4:False:5,8:6946,1532,0
> 5:True:5,7:6946,1532,0
> 6:False:5,8:6946,1532,0
> 7:False:5,8:6946,1532,0
dwr-suboptimal-old-noisy/10/dwr_noisy_p02_hyp-4_10_2.tar.bz2:0.832821846008:0.09036116:0.82
> 0:False:5,8:6946,1532,1
> 1:False:5,8:6946,1532,1
> 2:False:5,8:6946,1532,1
> 3:False:5,8:6946,1532,1
> 4:False:5,8:6946,1532,1
> 5:False:5,8:6946,1532,1
> 6:False:5,8:6946,1532,1
> 7:True:5,7:6946,1532,1
dwr-suboptimal-old-noisy/10/dwr_noisy_p02_hyp-4_10_3.tar.bz2:0.865631103516:0.09357263:0.86
> 0:True:5,7:6947,1535,0
> 1:True:5,7:6947,1535,0
> 2:True:5,7:6947,1535,0
> 3:False:5,8:6947,1535,0
> 4:True:5,7:6947,1535,0
> 5:True:5,7:6947,1535,0
> 6:False:5,8:6947,1535,0
> 7:False:5,8:6947,1535,0
dwr-suboptimal-old-noisy/10/dwr_noisy_p04_hyp-1_10_1.tar.bz2:0.693557024002:0.0788883:0.7
> 0:False:3,5:9963,1921,0
> 1:False:3,5:9963,1921,0
> 2:True:4,5:9963,1921,0
> 3:False:3,5:9963,1921,0
> 4:False:3,6:9963,1921,0
> 5:False:3,5:9963,1921,0
dwr-suboptimal-old-noisy/10/dwr_noisy_p04_hyp-1_10_2.tar.bz2:0.690499067307:0.0877737:0.68
> 0:True:3,5:9963,1921,0
> 1:False:3,7:9963,1921,0
> 2:False:4,7:9963,1921,0
> 3:False:3,6:9963,1921,0
> 4:False:3,7:9963,1921,0
> 5:False:3,6:9963,1921,0
dwr-suboptimal-old-noisy/10/dwr_noisy_p04_hyp-1_10_3.tar.bz2:0.676396846771:0.0757118:0.68
> 0:False:3,6:9962,1918,0
> 1:False:3,6:9962,1918,0
> 2:True:4,6:9962,1918,0
> 3:False:3,6:9962,1918,0
> 4:False:3,6:9962,1918,0
> 5:False:3,6:9962,1918,0
dwr-suboptimal-old-noisy/10/dwr_noisy_p04_hyp-2_10_1.tar.bz2:0.683457136154:0.0770225:0.69
> 0:False:3,8:9964,1924,0
> 1:False:3,7:9964,1924,0
> 2:True:4,7:9964,1924,0
> 3:False:3,7:9964,1924,0
> 4:False:3,8:9964,1924,0
> 5:False:3,8:9964,1924,0
dwr-suboptimal-old-noisy/10/dwr_noisy_p04_hyp-2_10_2.tar.bz2:0.688483953476:0.0818013:0.68
> 0:False:3,8:9964,1924,0
> 1:False:3,8:9964,1924,0
> 2:True:4,8:9964,1924,0
> 3:False:3,8:9964,1924,0
> 4:False:3,8:9964,1924,0
> 5:False:3,8:9964,1924,0
dwr-suboptimal-old-noisy/10/dwr_noisy_p04_hyp-2_10_3.tar.bz2:0.693886995316:0.0843957:0.7
> 0:False:3,8:9963,1921,0
> 1:False:3,8:9963,1921,0
> 2:True:4,8:9963,1921,0
> 3:False:3,8:9963,1921,0
> 4:False:3,8:9963,1921,0
> 5:False:3,8:9963,1921,0
dwr-suboptimal-old-noisy/10/dwr_noisy_p04_hyp-3_10_1.tar.bz2:0.679234027863:0.0774751:0.68
> 0:True:3,8:9962,1918,0
> 1:True:3,8:9962,1918,0
> 2:True:4,9:9962,1918,0
> 3:True:3,8:9962,1918,0
> 4:True:3,8:9962,1918,0
> 5:True:3,8:9962,1918,0
dwr-suboptimal-old-noisy/10/dwr_noisy_p04_hyp-3_10_2.tar.bz2:0.695271968842:0.0831961:0.69
> 0:True:3,7:9962,1918,0
> 1:True:3,7:9962,1918,0
> 2:True:4,8:9962,1918,0
> 3:True:3,7:9962,1918,0
> 4:True:3,7:9962,1918,0
> 5:True:3,7:9962,1918,0
dwr-suboptimal-old-noisy/10/dwr_noisy_p04_hyp-3_10_3.tar.bz2:0.688206195831:0.0712239:0.69
> 0:False:3,6:9963,1921,0
> 1:True:3,4:9963,1921,0
> 2:True:4,5:9963,1921,0
> 3:False:3,5:9963,1921,0
> 4:False:3,5:9963,1921,0
> 5:False:3,6:9963,1921,0
dwr-suboptimal-old-noisy/10/dwr_noisy_p04_hyp-4_10_1.tar.bz2:0.689627885818:0.0790574:0.69
> 0:False:3,6:9962,1918,0
> 1:False:3,6:9962,1918,0
> 2:True:4,6:9962,1918,0
> 3:False:3,6:9962,1918,0
> 4:False:3,6:9962,1918,0
> 5:False:3,6:9962,1918,0
dwr-suboptimal-old-noisy/10/dwr_noisy_p04_hyp-4_10_2.tar.bz2:0.691163063049:0.0795647:0.7
> 0:True:3,5:9962,1918,0
> 1:False:3,6:9962,1918,0
> 2:True:4,6:9962,1918,0
> 3:False:3,6:9962,1918,0
> 4:True:3,5:9962,1918,0
> 5:True:3,5:9962,1918,0
dwr-suboptimal-old-noisy/10/dwr_noisy_p04_hyp-4_10_3.tar.bz2:0.68262720108:0.0859159:0.68
> 0:False:3,7:9962,1918,0
> 1:False:3,7:9962,1918,0
> 2:True:4,7:9962,1918,0
> 3:False:3,7:9962,1918,0
> 4:False:3,7:9962,1918,0
> 5:False:3,7:9962,1918,0
dwr-suboptimal-old-noisy/10/dwr_noisy_p05_hyp-1_10_1.tar.bz2:1.11768698692:0.2056692:1.12
> 0:False:5,14:39258,4372,1
> 1:False:5,14:39258,4372,1
> 2:True:5,13:39258,4372,1
> 3:False:4,14:39258,4372,1
> 4:False:4,14:39258,4372,1
> 5:False:4,14:39258,4372,1
dwr-suboptimal-old-noisy/10/dwr_noisy_p05_hyp-1_10_2.tar.bz2:1.10322284698:0.2052899:1.1
> 0:True:5,12:39259,4375,1
> 1:True:5,12:39259,4375,1
> 2:True:5,12:39259,4375,1
> 3:True:4,11:39259,4375,1
> 4:False:4,12:39259,4375,1
> 5:False:4,12:39259,4375,1
dwr-suboptimal-old-noisy/10/dwr_noisy_p05_hyp-1_10_3.tar.bz2:1.12843608856:0.2162277:1.13
> 0:True:5,11:39258,4372,1
> 1:True:5,11:39258,4372,1
> 2:False:5,12:39258,4372,1
> 3:False:4,12:39258,4372,1
> 4:False:4,12:39258,4372,1
> 5:False:4,11:39258,4372,1
dwr-suboptimal-old-noisy/10/dwr_noisy_p05_hyp-2_10_1.tar.bz2:1.13036489487:0.214472:1.13
> 0:False:5,12:39259,4375,1
> 1:False:5,12:39259,4375,1
> 2:True:5,11:39259,4375,1
> 3:False:4,11:39259,4375,1
> 4:False:4,12:39259,4375,1
> 5:False:4,12:39259,4375,1
dwr-suboptimal-old-noisy/10/dwr_noisy_p05_hyp-2_10_2.tar.bz2:1.10590696335:0.2060005:1.1
> 0:True:5,13:39260,4378,0
> 1:False:5,15:39260,4378,0
> 2:False:5,14:39260,4378,0
> 3:False:4,15:39260,4378,0
> 4:False:4,14:39260,4378,0
> 5:False:4,15:39260,4378,0
dwr-suboptimal-old-noisy/10/dwr_noisy_p05_hyp-2_10_3.tar.bz2:1.12884402275:0.2157165:1.14
> 0:True:5,12:39259,4375,0
> 1:True:5,12:39259,4375,1
> 2:True:5,12:39259,4375,0
> 3:True:4,11:39259,4375,1
> 4:False:4,12:39259,4375,1
> 5:False:4,12:39259,4375,1
dwr-suboptimal-old-noisy/10/dwr_noisy_p05_hyp-3_10_1.tar.bz2:1.09485411644:0.201982:1.09
> 0:True:5,9:39257,4369,2
> 1:True:5,9:39257,4369,2
> 2:True:5,9:39257,4369,2
> 3:True:4,8:39257,4369,2
> 4:False:4,9:39257,4369,2
> 5:False:4,9:39257,4369,2
dwr-suboptimal-old-noisy/10/dwr_noisy_p05_hyp-3_10_2.tar.bz2:1.10185694695:0.2043926:1.1
> 0:True:5,11:39258,4372,0
> 1:False:5,12:39258,4372,0
> 2:False:5,12:39258,4372,0
> 3:False:4,11:39258,4372,0
> 4:False:4,11:39258,4372,0
> 5:False:4,11:39258,4372,0
dwr-suboptimal-old-noisy/10/dwr_noisy_p05_hyp-3_10_3.tar.bz2:1.09963297844:0.2080413:1.1
> 0:True:5,10:39258,4372,0
> 1:False:5,11:39258,4372,0
> 2:False:5,11:39258,4372,0
> 3:False:4,11:39258,4372,0
> 4:False:4,10:39258,4372,0
> 5:False:4,10:39258,4372,0
dwr-suboptimal-old-noisy/10/dwr_noisy_p05_hyp-4_10_1.tar.bz2:1.12045311928:0.2150641:1.12
> 0:True:5,11:39258,4372,0
> 1:True:5,11:39258,4372,0
> 2:False:5,12:39258,4372,0
> 3:False:4,11:39258,4372,0
> 4:False:4,11:39258,4372,0
> 5:False:4,11:39258,4372,0
dwr-suboptimal-old-noisy/10/dwr_noisy_p05_hyp-4_10_2.tar.bz2:1.11162996292:0.2072284:1.11
> 0:True:5,8:39258,4372,0
> 1:False:5,9:39258,4372,0
> 2:False:5,9:39258,4372,0
> 3:False:4,8:39258,4372,0
> 4:False:4,8:39258,4372,0
> 5:False:4,8:39258,4372,0
dwr-suboptimal-old-noisy/10/dwr_noisy_p05_hyp-4_10_3.tar.bz2:1.10733103752:0.2094231:1.11
> 0:False:5,12:39258,4372,0
> 1:False:5,12:39258,4372,0
> 2:True:5,11:39258,4372,0
> 3:False:4,11:39258,4372,0
> 4:False:4,12:39258,4372,0
> 5:False:4,12:39258,4372,0
dwr-suboptimal-old-noisy/30/dwr_noisy_p02_hyp-1_30_1.tar.bz2:0.838069915771:0.09327447:0.84
> 0:True:5,11:6951,1547,1
> 1:False:5,12:6951,1547,1
> 2:True:5,11:6951,1547,1
> 3:True:5,11:6951,1547,1
> 4:False:5,12:6951,1547,1
> 5:False:5,12:6951,1547,1
> 6:True:5,11:6951,1547,1
> 7:False:5,12:6951,1547,1
dwr-suboptimal-old-noisy/30/dwr_noisy_p02_hyp-1_30_2.tar.bz2:0.851516962051:0.0817458:0.82
> 0:True:5,11:6949,1541,3
> 1:True:5,11:6949,1541,3
> 2:True:5,11:6949,1541,3
> 3:True:5,11:6949,1541,3
> 4:True:5,11:6949,1541,3
> 5:True:5,11:6949,1541,3
> 6:True:5,11:6949,1541,3
> 7:True:5,11:6949,1541,3
dwr-suboptimal-old-noisy/30/dwr_noisy_p02_hyp-1_30_3.tar.bz2:0.857133150101:0.09762522:0.85
> 0:True:5,11:6951,1547,0
> 1:False:5,13:6951,1547,0
> 2:False:5,12:6951,1547,0
> 3:False:5,14:6951,1547,0
> 4:False:5,13:6951,1547,0
> 5:False:5,12:6951,1547,0
> 6:False:5,13:6951,1547,0
> 7:False:5,12:6951,1547,0
dwr-suboptimal-old-noisy/30/dwr_noisy_p02_hyp-2_30_1.tar.bz2:0.876598119736:0.0944716:0.88
> 0:False:5,14:6950,1544,1
> 1:True:5,10:6950,1544,1
> 2:False:5,13:6950,1544,1
> 3:False:5,14:6950,1544,1
> 4:False:5,14:6950,1544,1
> 5:False:5,12:6950,1544,1
> 6:False:5,14:6950,1544,1
> 7:False:5,13:6950,1544,1
dwr-suboptimal-old-noisy/30/dwr_noisy_p02_hyp-2_30_2.tar.bz2:0.858340024948:0.08973718:0.86
> 0:True:5,10:6950,1544,0
> 1:False:5,11:6950,1544,0
> 2:False:5,11:6950,1544,0
> 3:False:5,12:6950,1544,0
> 4:False:5,11:6950,1544,0
> 5:False:5,11:6950,1544,0
> 6:False:5,11:6950,1544,0
> 7:True:5,10:6950,1544,0
dwr-suboptimal-old-noisy/30/dwr_noisy_p02_hyp-2_30_3.tar.bz2:0.847733020782:0.09029979:0.85
> 0:True:5,13:6949,1541,0
> 1:True:5,13:6949,1541,0
> 2:True:5,13:6949,1541,0
> 3:False:5,14:6949,1541,0
> 4:False:5,14:6949,1541,0
> 5:False:5,14:6949,1541,0
> 6:False:5,14:6949,1541,0
> 7:False:5,14:6949,1541,0
dwr-suboptimal-old-noisy/30/dwr_noisy_p02_hyp-3_30_1.tar.bz2:0.844890117645:0.09097431:0.84
> 0:True:5,11:6951,1547,0
> 1:False:5,13:6951,1547,0
> 2:True:5,11:6951,1547,0
> 3:False:5,13:6951,1547,0
> 4:False:5,12:6951,1547,0
> 5:False:5,12:6951,1547,0
> 6:False:5,12:6951,1547,0
> 7:True:5,11:6951,1547,0
dwr-suboptimal-old-noisy/30/dwr_noisy_p02_hyp-3_30_2.tar.bz2:0.846086025238:0.09188102:0.85
> 0:True:5,11:6951,1547,2
> 1:False:5,12:6951,1547,2
> 2:True:5,11:6951,1547,2
> 3:False:5,12:6951,1547,3
> 4:True:5,11:6951,1547,2
> 5:False:5,12:6951,1547,2
> 6:False:5,12:6951,1547,2
> 7:True:5,11:6951,1547,2
dwr-suboptimal-old-noisy/30/dwr_noisy_p02_hyp-3_30_3.tar.bz2:0.850783109665:0.08647089:0.85
> 0:False:5,13:6950,1544,0
> 1:True:5,12:6950,1544,0
> 2:True:5,12:6950,1544,0
> 3:False:5,13:6950,1544,0
> 4:False:5,13:6950,1544,0
> 5:False:5,13:6950,1544,0
> 6:False:5,13:6950,1544,0
> 7:False:5,13:6950,1544,0
dwr-suboptimal-old-noisy/30/dwr_noisy_p02_hyp-4_30_1.tar.bz2:0.851786851883:0.09008734:0.85
> 0:False:5,13:6951,1547,1
> 1:False:5,12:6951,1547,1
> 2:False:5,12:6951,1547,1
> 3:True:5,10:6951,1547,1
> 4:False:5,11:6951,1547,1
> 5:False:5,12:6951,1547,1
> 6:False:5,11:6951,1547,1
> 7:False:5,13:6951,1547,1
dwr-suboptimal-old-noisy/30/dwr_noisy_p02_hyp-4_30_2.tar.bz2:0.872423171997:0.09647337:0.87
> 0:True:5,11:6951,1547,0
> 1:True:5,11:6951,1547,0
> 2:True:5,11:6951,1547,0
> 3:True:5,11:6951,1547,0
> 4:True:5,11:6951,1547,0
> 5:True:5,11:6951,1547,0
> 6:True:5,11:6951,1547,0
> 7:True:5,11:6951,1547,0
dwr-suboptimal-old-noisy/30/dwr_noisy_p02_hyp-4_30_3.tar.bz2:0.855911016464:0.08833177:0.86
> 0:True:5,11:6950,1544,1
> 1:False:5,12:6950,1544,1
> 2:True:5,11:6950,1544,1
> 3:True:5,11:6950,1544,1
> 4:False:5,12:6950,1544,1
> 5:False:5,12:6950,1544,1
> 6:True:5,11:6950,1544,1
> 7:False:5,12:6950,1544,1
dwr-suboptimal-old-noisy/30/dwr_noisy_p04_hyp-1_30_1.tar.bz2:0.688939094543:0.0765461:0.68
> 0:True:3,10:9966,1930,0
> 1:False:3,11:9966,1930,0
> 2:True:4,11:9966,1930,0
> 3:False:3,11:9966,1930,0
> 4:True:3,10:9966,1930,0
> 5:True:3,10:9966,1930,0
dwr-suboptimal-old-noisy/30/dwr_noisy_p04_hyp-1_30_2.tar.bz2:0.700124025345:0.0813816:0.7
> 0:True:3,10:9967,1933,0
> 1:False:3,13:9967,1933,0
> 2:False:4,13:9967,1933,0
> 3:False:3,12:9967,1933,0
> 4:False:3,12:9967,1933,0
> 5:False:3,11:9967,1933,0
dwr-suboptimal-old-noisy/30/dwr_noisy_p04_hyp-1_30_3.tar.bz2:0.697082042694:0.0869369:0.69
> 0:False:3,10:9966,1930,0
> 1:True:3,9:9966,1930,0
> 2:True:4,10:9966,1930,0
> 3:True:3,9:9966,1930,0
> 4:True:3,9:9966,1930,0
> 5:True:3,9:9966,1930,0
dwr-suboptimal-old-noisy/30/dwr_noisy_p04_hyp-2_30_1.tar.bz2:0.662998914719:0.0752707:0.67
> 0:False:3,12:9967,1933,1
> 1:False:3,12:9967,1933,1
> 2:True:4,12:9967,1933,1
> 3:True:3,11:9967,1933,1
> 4:False:3,12:9967,1933,1
> 5:False:3,12:9967,1933,1
dwr-suboptimal-old-noisy/30/dwr_noisy_p04_hyp-2_30_2.tar.bz2:0.688153028488:0.0736093:0.69
> 0:False:3,11:9968,1936,0
> 1:False:3,11:9968,1936,0
> 2:True:4,10:9968,1936,0
> 3:False:3,11:9968,1936,0
> 4:False:3,11:9968,1936,0
> 5:False:3,10:9968,1936,0
dwr-suboptimal-old-noisy/30/dwr_noisy_p04_hyp-2_30_3.tar.bz2:0.696223020554:0.0809944:0.7
> 0:False:3,10:9967,1933,1
> 1:False:3,10:9967,1933,1
> 2:True:4,10:9967,1933,1
> 3:False:3,10:9967,1933,1
> 4:False:3,10:9967,1933,1
> 5:False:3,10:9967,1933,1
dwr-suboptimal-old-noisy/30/dwr_noisy_p04_hyp-3_30_1.tar.bz2:0.689017057419:0.0805086:0.69
> 0:False:3,10:9967,1933,0
> 1:True:3,9:9967,1933,0
> 2:True:4,10:9967,1933,0
> 3:True:3,9:9967,1933,0
> 4:True:3,9:9967,1933,0
> 5:True:3,9:9967,1933,0
dwr-suboptimal-old-noisy/30/dwr_noisy_p04_hyp-3_30_2.tar.bz2:0.686517953873:0.0806221:0.69
> 0:False:3,10:9967,1933,1
> 1:True:3,8:9967,1933,1
> 2:True:4,9:9967,1933,2
> 3:False:3,9:9967,1933,2
> 4:False:3,10:9967,1933,1
> 5:False:3,10:9967,1933,1
dwr-suboptimal-old-noisy/30/dwr_noisy_p04_hyp-3_30_3.tar.bz2:0.707722902298:0.0840971:0.7
> 0:False:3,10:9968,1936,0
> 1:True:3,8:9968,1936,0
> 2:True:4,9:9968,1936,0
> 3:False:3,9:9968,1936,0
> 4:False:3,9:9968,1936,0
> 5:False:3,10:9968,1936,0
dwr-suboptimal-old-noisy/30/dwr_noisy_p04_hyp-4_30_1.tar.bz2:0.702445983887:0.0867033:0.71
> 0:False:3,12:9966,1930,1
> 1:False:3,11:9966,1930,1
> 2:True:4,11:9966,1930,1
> 3:False:3,11:9966,1930,1
> 4:False:3,12:9966,1930,1
> 5:False:3,12:9966,1930,1
dwr-suboptimal-old-noisy/30/dwr_noisy_p04_hyp-4_30_2.tar.bz2:0.695422887802:0.0795308:0.69
> 0:False:3,12:9966,1930,2
> 1:False:3,13:9966,1930,3
> 2:False:4,13:9966,1930,3
> 3:False:3,13:9966,1930,3
> 4:True:3,11:9966,1930,2
> 5:False:3,12:9966,1930,2
dwr-suboptimal-old-noisy/30/dwr_noisy_p04_hyp-4_30_3.tar.bz2:0.695003032684:0.0765478:0.69
> 0:True:3,11:9966,1930,0
> 1:False:3,12:9966,1930,0
> 2:True:4,12:9966,1930,0
> 3:False:3,12:9966,1930,0
> 4:True:3,11:9966,1930,0
> 5:True:3,11:9966,1930,0
dwr-suboptimal-old-noisy/30/dwr_noisy_p05_hyp-1_30_1.tar.bz2:1.13096094131:0.2195156:1.13
> 0:True:5,22:39268,4402,3
> 1:True:5,22:39268,4402,3
> 2:False:5,24:39268,4402,4
> 3:False:4,24:39268,4402,4
> 4:False:4,22:39268,4402,4
> 5:False:4,22:39268,4402,3
dwr-suboptimal-old-noisy/30/dwr_noisy_p05_hyp-1_30_2.tar.bz2:1.11452317238:0.2117409:1.11
> 0:True:5,23:39268,4402,2
> 1:False:5,24:39268,4402,2
> 2:False:5,24:39268,4402,2
> 3:False:4,24:39268,4402,2
> 4:False:4,23:39268,4402,2
> 5:False:4,23:39268,4402,2
dwr-suboptimal-old-noisy/30/dwr_noisy_p05_hyp-1_30_3.tar.bz2:1.12746906281:0.2218256:1.13
> 0:True:5,22:39270,4408,3
> 1:True:5,22:39270,4408,3
> 2:True:5,22:39270,4408,4
> 3:False:4,22:39270,4408,4
> 4:False:4,22:39270,4408,4
> 5:False:4,22:39270,4408,3
dwr-suboptimal-old-noisy/30/dwr_noisy_p05_hyp-2_30_1.tar.bz2:1.1439769268:0.2334109:1.14
> 0:False:5,25:39269,4405,2
> 1:True:5,22:39269,4405,2
> 2:False:5,24:39269,4405,2
> 3:False:4,23:39269,4405,2
> 4:False:4,24:39269,4405,2
> 5:False:4,24:39269,4405,2
dwr-suboptimal-old-noisy/30/dwr_noisy_p05_hyp-2_30_2.tar.bz2:1.13599610329:0.2231323:1.13
> 0:False:5,26:39266,4396,4
> 1:True:5,24:39266,4396,4
> 2:False:5,25:39266,4396,4
> 3:False:4,25:39266,4396,4
> 4:False:4,26:39266,4396,4
> 5:False:4,26:39266,4396,4
dwr-suboptimal-old-noisy/30/dwr_noisy_p05_hyp-2_30_3.tar.bz2:1.1093249321:0.2193679:1.1
> 0:True:5,23:39264,4390,4
> 1:True:5,23:39264,4390,5
> 2:False:5,25:39264,4390,5
> 3:False:4,24:39264,4390,6
> 4:False:4,24:39264,4390,7
> 5:False:4,24:39264,4390,5
dwr-suboptimal-old-noisy/30/dwr_noisy_p05_hyp-3_30_1.tar.bz2:1.13086891174:0.2195677:1.13
> 0:True:5,18:39265,4393,4
> 1:False:5,19:39265,4393,4
> 2:False:5,19:39265,4393,4
> 3:False:4,19:39265,4393,4
> 4:False:4,18:39265,4393,3
> 5:False:4,18:39265,4393,3
dwr-suboptimal-old-noisy/30/dwr_noisy_p05_hyp-3_30_2.tar.bz2:1.11772680283:0.2137859:1.11
> 0:True:5,19:39268,4402,1
> 1:True:5,19:39268,4402,1
> 2:True:5,19:39268,4402,1
> 3:True:4,18:39268,4402,1
> 4:True:4,18:39268,4402,1
> 5:True:4,18:39268,4402,0
dwr-suboptimal-old-noisy/30/dwr_noisy_p05_hyp-3_30_3.tar.bz2:1.1058049202:0.2088878:1.1
> 0:True:5,20:39264,4390,2
> 1:True:5,20:39264,4390,2
> 2:False:5,21:39264,4390,2
> 3:False:4,21:39264,4390,2
> 4:True:4,19:39264,4390,2
> 5:True:4,19:39264,4390,2
dwr-suboptimal-old-noisy/30/dwr_noisy_p05_hyp-4_30_1.tar.bz2:1.11684203148:0.2241626:1.12
> 0:False:5,19:39264,4390,3
> 1:False:5,18:39264,4390,3
> 2:True:5,17:39264,4390,3
> 3:True:4,16:39264,4390,3
> 4:False:4,19:39264,4390,3
> 5:False:4,19:39264,4390,3
dwr-suboptimal-old-noisy/30/dwr_noisy_p05_hyp-4_30_2.tar.bz2:1.11361908913:0.2178823:1.11
> 0:False:5,17:39265,4393,2
> 1:True:5,16:39265,4393,2
> 2:True:5,16:39265,4393,2
> 3:True:4,15:39265,4393,2
> 4:False:4,17:39265,4393,2
> 5:False:4,17:39265,4393,2
dwr-suboptimal-old-noisy/30/dwr_noisy_p05_hyp-4_30_3.tar.bz2:1.0892188549:0.2059539:1.09
> 0:False:5,18:39265,4393,2
> 1:True:5,17:39265,4393,0
> 2:True:5,17:39265,4393,0
> 3:False:4,17:39265,4393,3
> 4:False:4,18:39265,4393,2
> 5:False:4,18:39265,4393,2
dwr-suboptimal-old-noisy/50/dwr_noisy_p02_hyp-1_50_1.tar.bz2:0.851720094681:0.09313128:0.84
> 0:True:5,11:6954,1556,1
> 1:True:5,11:6954,1556,1
> 2:False:5,12:6954,1556,1
> 3:True:5,11:6954,1556,1
> 4:True:5,11:6954,1556,1
> 5:False:5,12:6954,1556,1
> 6:False:5,12:6954,1556,1
> 7:True:5,11:6954,1556,1
dwr-suboptimal-old-noisy/50/dwr_noisy_p02_hyp-1_50_2.tar.bz2:0.860893964767:0.09614241:0.86
> 0:True:5,11:6954,1556,0
> 1:False:5,13:6954,1556,0
> 2:False:5,12:6954,1556,0
> 3:False:5,13:6954,1556,0
> 4:False:5,12:6954,1556,0
> 5:False:5,13:6954,1556,0
> 6:False:5,13:6954,1556,0
> 7:False:5,12:6954,1556,0
dwr-suboptimal-old-noisy/50/dwr_noisy_p02_hyp-1_50_3.tar.bz2:0.858237028122:0.09370878:0.86
> 0:True:5,11:6954,1556,0
> 1:False:5,15:6954,1556,0
> 2:False:5,12:6954,1556,0
> 3:False:5,14:6954,1556,0
> 4:False:5,13:6954,1556,0
> 5:False:5,14:6954,1556,0
> 6:False:5,14:6954,1556,0
> 7:False:5,13:6954,1556,0
dwr-suboptimal-old-noisy/50/dwr_noisy_p02_hyp-2_50_1.tar.bz2:0.837893009186:0.08857316:0.83
> 0:False:5,14:6953,1553,1
> 1:True:5,12:6953,1553,1
> 2:False:5,14:6953,1553,1
> 3:False:5,15:6953,1553,1
> 4:False:5,15:6953,1553,1
> 5:False:5,14:6953,1553,1
> 6:False:5,14:6953,1553,1
> 7:False:5,13:6953,1553,1
dwr-suboptimal-old-noisy/50/dwr_noisy_p02_hyp-2_50_2.tar.bz2:0.867965936661:0.0967948:0.86
> 0:False:5,13:6953,1553,2
> 1:True:5,12:6953,1553,2
> 2:False:5,13:6953,1553,2
> 3:False:5,13:6953,1553,1
> 4:False:5,13:6953,1553,1
> 5:False:5,13:6953,1553,2
> 6:False:5,13:6953,1553,2
> 7:False:5,13:6953,1553,2
dwr-suboptimal-old-noisy/50/dwr_noisy_p02_hyp-2_50_3.tar.bz2:0.85998916626:0.09290987:0.85
> 0:False:5,14:6953,1553,2
> 1:True:5,13:6953,1553,2
> 2:False:5,14:6953,1553,2
> 3:False:5,14:6953,1553,2
> 4:False:5,14:6953,1553,2
> 5:False:5,14:6953,1553,2
> 6:False:5,14:6953,1553,2
> 7:False:5,14:6953,1553,2
dwr-suboptimal-old-noisy/50/dwr_noisy_p02_hyp-3_50_1.tar.bz2:0.868124961853:0.09359322:0.87
> 0:True:5,12:6953,1553,1
> 1:False:5,13:6953,1553,1
> 2:True:5,12:6953,1553,1
> 3:False:5,14:6953,1553,1
> 4:False:5,13:6953,1553,1
> 5:False:5,14:6953,1553,1
> 6:False:5,14:6953,1553,1
> 7:False:5,13:6953,1553,1
dwr-suboptimal-old-noisy/50/dwr_noisy_p02_hyp-3_50_2.tar.bz2:0.864109992981:0.09629921:0.87
> 0:True:5,12:6953,1553,2
> 1:False:5,13:6953,1553,2
> 2:True:5,12:6953,1553,2
> 3:False:5,14:6953,1553,2
> 4:False:5,13:6953,1553,2
> 5:False:5,14:6953,1553,2
> 6:False:5,14:6953,1553,2
> 7:False:5,13:6953,1553,2
dwr-suboptimal-old-noisy/50/dwr_noisy_p02_hyp-3_50_3.tar.bz2:0.870230913162:0.08844656:0.87
> 0:True:5,11:6953,1553,2
> 1:False:5,13:6953,1553,1
> 2:True:5,11:6953,1553,2
> 3:False:5,13:6953,1553,1
> 4:False:5,12:6953,1553,1
> 5:False:5,13:6953,1553,1
> 6:False:5,13:6953,1553,1
> 7:False:5,12:6953,1553,1
dwr-suboptimal-old-noisy/50/dwr_noisy_p02_hyp-4_50_1.tar.bz2:0.852298974991:0.08880171:0.86
> 0:False:5,13:6954,1556,1
> 1:False:5,13:6954,1556,1
> 2:False:5,13:6954,1556,1
> 3:False:5,13:6954,1556,1
> 4:False:5,13:6954,1556,1
> 5:False:5,13:6954,1556,1
> 6:True:5,12:6954,1556,1
> 7:False:5,13:6954,1556,1
dwr-suboptimal-old-noisy/50/dwr_noisy_p02_hyp-4_50_2.tar.bz2:0.869041919708:0.09704799:0.87
> 0:True:5,13:6954,1556,1
> 1:True:5,13:6954,1556,1
> 2:False:5,14:6954,1556,1
> 3:True:5,13:6954,1556,1
> 4:True:5,13:6954,1556,1
> 5:True:5,13:6954,1556,1
> 6:True:5,13:6954,1556,1
> 7:True:5,13:6954,1556,1
dwr-suboptimal-old-noisy/50/dwr_noisy_p02_hyp-4_50_3.tar.bz2:0.847479104996:0.09426892:0.86
> 0:False:5,14:6954,1556,2
> 1:False:5,14:6954,1556,3
> 2:False:5,14:6954,1556,3
> 3:True:5,12:6954,1556,2
> 4:True:5,12:6954,1556,2
> 5:True:5,12:6954,1556,3
> 6:True:5,12:6954,1556,3
> 7:False:5,13:6954,1556,3
dwr-suboptimal-old-noisy/50/dwr_noisy_p04_hyp-1_50_1.tar.bz2:0.688914060593:0.0763081:0.69
> 0:True:3,11:9968,1936,1
> 1:False:3,12:9968,1936,1
> 2:True:4,12:9968,1936,1
> 3:False:3,12:9968,1936,1
> 4:True:3,11:9968,1936,1
> 5:True:3,11:9968,1936,1
dwr-suboptimal-old-noisy/50/dwr_noisy_p04_hyp-1_50_2.tar.bz2:0.690374851227:0.0848309:0.69
> 0:True:3,10:9967,1933,2
> 1:False:3,12:9967,1933,3
> 2:False:4,12:9967,1933,3
> 3:False:3,11:9967,1933,3
> 4:False:3,11:9967,1933,2
> 5:True:3,10:9967,1933,2
dwr-suboptimal-old-noisy/50/dwr_noisy_p04_hyp-1_50_3.tar.bz2:0.690473079681:0.0821909:0.69
> 0:True:3,10:9967,1933,1
> 1:False:3,13:9967,1933,2
> 2:False:4,13:9967,1933,2
> 3:False:3,12:9967,1933,1
> 4:False:3,12:9967,1933,1
> 5:False:3,11:9967,1933,1
dwr-suboptimal-old-noisy/50/dwr_noisy_p04_hyp-2_50_1.tar.bz2:0.694581985474:0.0898031:0.7
> 0:False:3,15:9972,1948,2
> 1:False:3,15:9972,1948,2
> 2:True:4,14:9972,1948,2
> 3:False:3,15:9972,1948,2
> 4:False:3,15:9972,1948,2
> 5:False:3,14:9972,1948,2
dwr-suboptimal-old-noisy/50/dwr_noisy_p04_hyp-2_50_2.tar.bz2:0.674875974655:0.0772584:0.68
> 0:False:3,15:9971,1945,2
> 1:False:3,15:9971,1945,2
> 2:True:4,14:9971,1945,2
> 3:False:3,14:9971,1945,2
> 4:False:3,15:9971,1945,2
> 5:False:3,14:9971,1945,2
dwr-suboptimal-old-noisy/50/dwr_noisy_p04_hyp-2_50_3.tar.bz2:0.700392961502:0.0823221:0.7
> 0:False:3,15:9971,1945,1
> 1:False:3,14:9971,1945,1
> 2:True:4,14:9971,1945,1
> 3:False:3,14:9971,1945,1
> 4:False:3,15:9971,1945,1
> 5:False:3,15:9971,1945,1
dwr-suboptimal-old-noisy/50/dwr_noisy_p04_hyp-3_50_1.tar.bz2:0.691848993301:0.0881313:0.7
> 0:False:3,12:9969,1939,3
> 1:True:3,11:9969,1939,3
> 2:True:4,12:9969,1939,3
> 3:False:3,12:9969,1939,3
> 4:False:3,12:9969,1939,3
> 5:False:3,12:9969,1939,3
dwr-suboptimal-old-noisy/50/dwr_noisy_p04_hyp-3_50_2.tar.bz2:0.69043803215:0.0857826:0.68
> 0:False:3,14:9970,1942,1
> 1:True:3,12:9970,1942,1
> 2:True:4,13:9970,1942,1
> 3:False:3,13:9970,1942,1
> 4:False:3,14:9970,1942,1
> 5:False:3,14:9970,1942,1
dwr-suboptimal-old-noisy/50/dwr_noisy_p04_hyp-3_50_3.tar.bz2:0.710106134415:0.0902532:0.71
> 0:False:3,13:9971,1945,1
> 1:True:3,12:9971,1945,1
> 2:True:4,13:9971,1945,1
> 3:False:3,13:9971,1945,1
> 4:True:3,12:9971,1945,1
> 5:False:3,13:9971,1945,1
dwr-suboptimal-old-noisy/50/dwr_noisy_p04_hyp-4_50_1.tar.bz2:0.678246021271:0.0838387:0.68
> 0:True:3,11:9970,1942,1
> 1:False:3,12:9970,1942,1
> 2:False:4,13:9970,1942,1
> 3:False:3,12:9970,1942,1
> 4:True:3,11:9970,1942,1
> 5:True:3,11:9970,1942,1
dwr-suboptimal-old-noisy/50/dwr_noisy_p04_hyp-4_50_2.tar.bz2:0.679453134537:0.0765654:0.68
> 0:True:3,12:9970,1942,1
> 1:False:3,13:9970,1942,1
> 2:True:4,13:9970,1942,1
> 3:False:3,13:9970,1942,1
> 4:True:3,12:9970,1942,1
> 5:True:3,12:9970,1942,1
dwr-suboptimal-old-noisy/50/dwr_noisy_p04_hyp-4_50_3.tar.bz2:0.703220844269:0.0833138:0.7
> 0:False:3,12:9969,1939,2
> 1:False:3,13:9969,1939,2
> 2:False:4,13:9969,1939,2
> 3:False:3,13:9969,1939,2
> 4:True:3,11:9969,1939,2
> 5:False:3,12:9969,1939,2
dwr-suboptimal-old-noisy/50/dwr_noisy_p05_hyp-1_50_1.tar.bz2:1.09100317955:0.2020668:1.09
> 0:True:5,30:39278,4432,4
> 1:False:5,32:39278,4432,5
> 2:False:5,32:39278,4432,5
> 3:False:4,33:39278,4432,5
> 4:False:4,31:39278,4432,4
> 5:False:4,32:39278,4432,5
dwr-suboptimal-old-noisy/50/dwr_noisy_p05_hyp-1_50_2.tar.bz2:1.09193611145:0.2013616:1.09
> 0:True:5,29:39275,4423,3
> 1:False:5,31:39275,4423,3
> 2:False:5,31:39275,4423,3
> 3:False:4,31:39275,4423,3
> 4:False:4,30:39275,4423,3
> 5:False:4,30:39275,4423,3
dwr-suboptimal-old-noisy/50/dwr_noisy_p05_hyp-1_50_3.tar.bz2:1.11023497581:0.206229:1.1
> 0:True:5,30:39274,4420,4
> 1:False:5,31:39274,4420,4
> 2:False:5,31:39274,4420,4
> 3:False:4,31:39274,4420,4
> 4:False:4,30:39274,4420,4
> 5:False:4,30:39274,4420,4
dwr-suboptimal-old-noisy/50/dwr_noisy_p05_hyp-2_50_1.tar.bz2:1.11365604401:0.2109499:1.11
> 0:False:5,31:39276,4426,5
> 1:True:5,29:39276,4426,5
> 2:False:5,30:39276,4426,5
> 3:False:4,30:39276,4426,5
> 4:False:4,31:39276,4426,5
> 5:False:4,31:39276,4426,5
dwr-suboptimal-old-noisy/50/dwr_noisy_p05_hyp-2_50_2.tar.bz2:1.15000200272:0.2219837:1.14
> 0:False:5,29:39275,4423,4
> 1:True:5,28:39275,4423,4
> 2:False:5,29:39275,4423,3
> 3:False:4,29:39275,4423,3
> 4:False:4,29:39275,4423,4
> 5:False:4,29:39275,4423,4
dwr-suboptimal-old-noisy/50/dwr_noisy_p05_hyp-2_50_3.tar.bz2:1.09430408478:0.2090916:1.09
> 0:False:5,31:39274,4420,3
> 1:True:5,30:39274,4420,3
> 2:False:5,31:39274,4420,3
> 3:False:4,31:39274,4420,3
> 4:False:4,31:39274,4420,3
> 5:False:4,32:39274,4420,3
dwr-suboptimal-old-noisy/50/dwr_noisy_p05_hyp-3_50_1.tar.bz2:1.11297798157:0.2170712:1.11
> 0:False:5,27:39272,4414,3
> 1:False:5,27:39272,4414,3
> 2:True:5,26:39272,4414,3
> 3:False:4,26:39272,4414,3
> 4:False:4,26:39272,4414,3
> 5:False:4,26:39272,4414,3
dwr-suboptimal-old-noisy/50/dwr_noisy_p05_hyp-3_50_2.tar.bz2:1.11851501465:0.208951:1.12
> 0:True:5,26:39273,4417,3
> 1:False:5,27:39273,4417,3
> 2:False:5,27:39273,4417,3
> 3:False:4,27:39273,4417,3
> 4:False:4,26:39273,4417,3
> 5:False:4,27:39273,4417,3
dwr-suboptimal-old-noisy/50/dwr_noisy_p05_hyp-3_50_3.tar.bz2:1.12169003487:0.2136369:1.12
> 0:True:5,25:39270,4408,4
> 1:False:5,26:39270,4408,4
> 2:False:5,26:39270,4408,4
> 3:False:4,25:39270,4408,4
> 4:False:4,25:39270,4408,4
> 5:False:4,25:39270,4408,4
dwr-suboptimal-old-noisy/50/dwr_noisy_p05_hyp-4_50_1.tar.bz2:1.12254714966:0.2148437:1.12
> 0:True:5,25:39271,4411,2
> 1:True:5,25:39271,4411,2
> 2:True:5,25:39271,4411,2
> 3:True:4,24:39271,4411,2
> 4:False:4,25:39271,4411,2
> 5:False:4,25:39271,4411,2
dwr-suboptimal-old-noisy/50/dwr_noisy_p05_hyp-4_50_2.tar.bz2:1.10014986992:0.2059455:1.09
> 0:False:5,25:39271,4411,3
> 1:False:5,25:39271,4411,3
> 2:True:5,24:39271,4411,4
> 3:False:4,24:39271,4411,4
> 4:False:4,26:39271,4411,5
> 5:False:4,25:39271,4411,4
dwr-suboptimal-old-noisy/50/dwr_noisy_p05_hyp-4_50_3.tar.bz2:1.13899183273:0.209042:1.14
> 0:True:5,24:39271,4411,3
> 1:False:5,25:39271,4411,3
> 2:True:5,24:39271,4411,3
> 3:False:4,24:39271,4411,3
> 4:False:4,24:39271,4411,3
> 5:False:4,25:39271,4411,3
dwr-suboptimal-old-noisy/70/dwr_noisy_p02_hyp-1_70_1.tar.bz2:0.86394405365:0.09742122:0.87
> 0:True:5,14:6956,1562,1
> 1:False:5,16:6956,1562,1
> 2:True:5,14:6956,1562,2
> 3:False:5,16:6956,1562,1
> 4:False:5,16:6956,1562,1
> 5:False:5,15:6956,1562,1
> 6:False:5,15:6956,1562,1
> 7:False:5,15:6956,1562,1
dwr-suboptimal-old-noisy/70/dwr_noisy_p02_hyp-1_70_2.tar.bz2:0.864385128021:0.08603626:0.87
> 0:True:5,14:6957,1565,1
> 1:False:5,16:6957,1565,1
> 2:False:5,15:6957,1565,1
> 3:False:5,16:6957,1565,1
> 4:False:5,16:6957,1565,1
> 5:False:5,15:6957,1565,1
> 6:False:5,16:6957,1565,1
> 7:False:5,15:6957,1565,1
dwr-suboptimal-old-noisy/70/dwr_noisy_p02_hyp-1_70_3.tar.bz2:0.856054067612:0.09897442:0.85
> 0:True:5,14:6957,1565,1
> 1:False:5,15:6957,1565,1
> 2:True:5,14:6957,1565,1
> 3:False:5,16:6957,1565,1
> 4:False:5,16:6957,1565,1
> 5:False:5,16:6957,1565,1
> 6:False:5,15:6957,1565,1
> 7:False:5,15:6957,1565,1
dwr-suboptimal-old-noisy/70/dwr_noisy_p02_hyp-2_70_1.tar.bz2:0.863554000854:0.09556856:0.87
> 0:False:5,18:6955,1559,3
> 1:True:5,16:6955,1559,4
> 2:False:5,17:6955,1559,4
> 3:False:5,18:6955,1559,4
> 4:False:5,18:6955,1559,4
> 5:False:5,18:6955,1559,4
> 6:False:5,18:6955,1559,4
> 7:False:5,17:6955,1559,4
dwr-suboptimal-old-noisy/70/dwr_noisy_p02_hyp-2_70_2.tar.bz2:0.865556001663:0.1007668:0.87
> 0:False:5,16:6957,1565,2
> 1:True:5,15:6957,1565,3
> 2:False:5,16:6957,1565,2
> 3:False:5,17:6957,1565,3
> 4:False:5,17:6957,1565,3
> 5:False:5,16:6957,1565,3
> 6:False:5,16:6957,1565,3
> 7:True:5,15:6957,1565,2
dwr-suboptimal-old-noisy/70/dwr_noisy_p02_hyp-2_70_3.tar.bz2:0.874598026276:0.09542739:0.88
> 0:False:5,17:6958,1568,2
> 1:True:5,15:6958,1568,2
> 2:False:5,18:6958,1568,2
> 3:False:5,18:6958,1568,2
> 4:False:5,17:6958,1568,2
> 5:False:5,16:6958,1568,2
> 6:False:5,18:6958,1568,2
> 7:False:5,17:6958,1568,2
dwr-suboptimal-old-noisy/70/dwr_noisy_p02_hyp-3_70_1.tar.bz2:0.858247995377:0.09774771:0.85
> 0:False:5,16:6956,1562,1
> 1:False:5,16:6956,1562,1
> 2:True:5,15:6956,1562,1
> 3:False:5,16:6956,1562,1
> 4:False:5,16:6956,1562,1
> 5:False:5,17:6956,1562,1
> 6:False:5,16:6956,1562,1
> 7:False:5,16:6956,1562,1
dwr-suboptimal-old-noisy/70/dwr_noisy_p02_hyp-3_70_2.tar.bz2:0.850440979004:0.08737789:0.85
> 0:True:5,15:6958,1568,4
> 1:False:5,16:6958,1568,0
> 2:True:5,15:6958,1568,0
> 3:False:5,16:6958,1568,3
> 4:True:5,15:6958,1568,3
> 5:False:5,16:6958,1568,4
> 6:False:5,16:6958,1568,4
> 7:True:5,15:6958,1568,4
dwr-suboptimal-old-noisy/70/dwr_noisy_p02_hyp-3_70_3.tar.bz2:0.875630140305:0.10049144:0.88
> 0:True:5,14:6958,1568,0
> 1:False:5,15:6958,1568,0
> 2:True:5,14:6958,1568,0
> 3:False:5,15:6958,1568,4
> 4:False:5,15:6958,1568,4
> 5:False:5,15:6958,1568,1
> 6:False:5,15:6958,1568,0
> 7:False:5,15:6958,1568,0
dwr-suboptimal-old-noisy/70/dwr_noisy_p02_hyp-4_70_1.tar.bz2:0.865313053131:0.08990137:0.86
> 0:False:5,17:6956,1562,3
> 1:False:5,17:6956,1562,3
> 2:False:5,17:6956,1562,3
> 3:True:5,14:6956,1562,3
> 4:False:5,15:6956,1562,3
> 5:False:5,17:6956,1562,3
> 6:False:5,16:6956,1562,3
> 7:False:5,17:6956,1562,3
dwr-suboptimal-old-noisy/70/dwr_noisy_p02_hyp-4_70_2.tar.bz2:0.87544798851:0.09934619:0.88
> 0:False:5,17:6957,1565,2
> 1:False:5,17:6957,1565,2
> 2:False:5,17:6957,1565,2
> 3:True:5,15:6957,1565,2
> 4:True:5,15:6957,1565,2
> 5:False:5,16:6957,1565,2
> 6:False:5,16:6957,1565,2
> 7:False:5,17:6957,1565,2
dwr-suboptimal-old-noisy/70/dwr_noisy_p02_hyp-4_70_3.tar.bz2:0.89275097847:0.1039106:0.89
> 0:False:5,17:6955,1559,2
> 1:False:5,17:6955,1559,3
> 2:False:5,17:6955,1559,2
> 3:False:5,17:6955,1559,3
> 4:False:5,17:6955,1559,3
> 5:False:5,17:6955,1559,3
> 6:True:5,16:6955,1559,3
> 7:False:5,17:6955,1559,3
dwr-suboptimal-old-noisy/70/dwr_noisy_p04_hyp-1_70_1.tar.bz2:0.710729122162:0.0928554:0.72
> 0:True:3,13:9973,1951,2
> 1:False:3,15:9973,1951,2
> 2:False:4,15:9973,1951,2
> 3:False:3,14:9973,1951,2
> 4:False:3,14:9973,1951,2
> 5:False:3,14:9973,1951,2
dwr-suboptimal-old-noisy/70/dwr_noisy_p04_hyp-1_70_2.tar.bz2:0.692025899887:0.0825582:0.69
> 0:True:3,14:9970,1942,3
> 1:False:3,15:9970,1942,3
> 2:True:4,15:9970,1942,3
> 3:True:3,14:9970,1942,3
> 4:False:3,15:9970,1942,3
> 5:False:3,15:9970,1942,3
dwr-suboptimal-old-noisy/70/dwr_noisy_p04_hyp-1_70_3.tar.bz2:0.673393011093:0.078296:0.68
> 0:True:3,13:9970,1942,2
> 1:False:3,15:9970,1942,2
> 2:False:4,15:9970,1942,2
> 3:False:3,14:9970,1942,2
> 4:False:3,15:9970,1942,2
> 5:False:3,14:9970,1942,2
dwr-suboptimal-old-noisy/70/dwr_noisy_p04_hyp-2_70_1.tar.bz2:0.709693908691:0.0870304:0.71
> 0:False:3,18:9972,1948,3
> 1:False:3,16:9972,1948,4
> 2:True:4,16:9972,1948,4
> 3:False:3,17:9972,1948,4
> 4:False:3,18:9972,1948,4
> 5:False:3,17:9972,1948,3
dwr-suboptimal-old-noisy/70/dwr_noisy_p04_hyp-2_70_2.tar.bz2:0.694058895111:0.0832229:0.69
> 0:False:3,18:9973,1951,3
> 1:False:3,18:9973,1951,3
> 2:True:4,16:9973,1951,3
> 3:False:3,17:9973,1951,3
> 4:False:3,17:9973,1951,3
> 5:False:3,17:9973,1951,3
dwr-suboptimal-old-noisy/70/dwr_noisy_p04_hyp-2_70_3.tar.bz2:0.692991018295:0.078349:0.7
> 0:False:3,17:9972,1948,4
> 1:False:3,17:9972,1948,4
> 2:True:4,17:9972,1948,4
> 3:True:3,16:9972,1948,4
> 4:False:3,18:9972,1948,3
> 5:False:3,18:9972,1948,4
dwr-suboptimal-old-noisy/70/dwr_noisy_p04_hyp-3_70_1.tar.bz2:0.694255828857:0.080347:0.69
> 0:False:3,16:9973,1951,2
> 1:True:3,15:9973,1951,2
> 2:True:4,16:9973,1951,2
> 3:False:3,16:9973,1951,2
> 4:False:3,16:9973,1951,2
> 5:False:3,16:9973,1951,2
dwr-suboptimal-old-noisy/70/dwr_noisy_p04_hyp-3_70_2.tar.bz2:0.724441051483:0.0948065:0.72
> 0:False:3,17:9972,1948,2
> 1:True:3,15:9972,1948,4
> 2:False:4,17:9972,1948,2
> 3:False:3,16:9972,1948,2
> 4:False:3,16:9972,1948,3
> 5:False:3,16:9972,1948,2
dwr-suboptimal-old-noisy/70/dwr_noisy_p04_hyp-3_70_3.tar.bz2:0.702788114548:0.0929655:0.7
> 0:False:3,16:9972,1948,1
> 1:True:3,14:9972,1948,1
> 2:True:4,15:9972,1948,1
> 3:False:3,15:9972,1948,2
> 4:False:3,15:9972,1948,2
> 5:False:3,16:9972,1948,2
dwr-suboptimal-old-noisy/70/dwr_noisy_p04_hyp-4_70_1.tar.bz2:0.701676845551:0.08936:0.7
> 0:False:3,15:9975,1957,2
> 1:True:3,14:9975,1957,1
> 2:False:4,16:9975,1957,2
> 3:False:3,15:9975,1957,2
> 4:False:3,15:9975,1957,2
> 5:False:3,15:9975,1957,2
dwr-suboptimal-old-noisy/70/dwr_noisy_p04_hyp-4_70_2.tar.bz2:0.709237098694:0.0912962:0.72
> 0:False:3,15:9975,1957,1
> 1:False:3,16:9975,1957,1
> 2:False:4,16:9975,1957,1
> 3:False:3,16:9975,1957,1
> 4:True:3,14:9975,1957,1
> 5:False:3,15:9975,1957,0
dwr-suboptimal-old-noisy/70/dwr_noisy_p04_hyp-4_70_3.tar.bz2:0.706746816635:0.0825103:0.71
> 0:False:3,16:9973,1951,2
> 1:False:3,16:9973,1951,2
> 2:True:4,16:9973,1951,2
> 3:False:3,16:9973,1951,2
> 4:True:3,15:9973,1951,2
> 5:False:3,16:9973,1951,2
dwr-suboptimal-old-noisy/70/dwr_noisy_p05_hyp-1_70_1.tar.bz2:1.12469291687:0.2250592:1.13
> 0:True:5,41:39281,4441,6
> 1:True:5,41:39281,4441,6
> 2:True:5,41:39281,4441,6
> 3:False:4,41:39281,4441,6
> 4:True:4,40:39281,4441,6
> 5:True:4,40:39281,4441,6
dwr-suboptimal-old-noisy/70/dwr_noisy_p05_hyp-1_70_2.tar.bz2:1.13449692726:0.2236387:1.12
> 0:True:5,41:39279,4435,3
> 1:True:5,41:39279,4435,4
> 2:True:5,41:39279,4435,3
> 3:False:4,41:39279,4435,4
> 4:False:4,41:39279,4435,4
> 5:False:4,41:39279,4435,4
dwr-suboptimal-old-noisy/70/dwr_noisy_p05_hyp-1_70_3.tar.bz2:1.1421880722:0.226876:1.14
> 0:True:5,40:39282,4444,6
> 1:False:5,41:39282,4444,6
> 2:False:5,41:39282,4444,6
> 3:False:4,41:39282,4444,6
> 4:False:4,40:39282,4444,6
> 5:False:4,40:39282,4444,6
dwr-suboptimal-old-noisy/70/dwr_noisy_p05_hyp-2_70_1.tar.bz2:1.10500001907:0.2031901:1.1
> 0:False:5,41:39281,4441,7
> 1:True:5,39:39281,4441,7
> 2:False:5,42:39281,4441,7
> 3:False:4,40:39281,4441,7
> 4:False:4,40:39281,4441,7
> 5:False:4,40:39281,4441,7
dwr-suboptimal-old-noisy/70/dwr_noisy_p05_hyp-2_70_2.tar.bz2:1.16108107567:0.2279798:1.15
> 0:False:5,40:39281,4441,7
> 1:True:5,39:39281,4441,7
> 2:False:5,41:39281,4441,7
> 3:False:4,39:39281,4441,6
> 4:False:4,40:39281,4441,6
> 5:False:4,40:39281,4441,7
dwr-suboptimal-old-noisy/70/dwr_noisy_p05_hyp-2_70_3.tar.bz2:1.10485386848:0.2123922:1.11
> 0:False:5,41:39280,4438,7
> 1:True:5,39:39280,4438,7
> 2:False:5,40:39280,4438,7
> 3:False:4,40:39280,4438,7
> 4:False:4,41:39280,4438,7
> 5:False:4,40:39280,4438,7
dwr-suboptimal-old-noisy/70/dwr_noisy_p05_hyp-3_70_1.tar.bz2:1.11181497574:0.2148886:1.11
> 0:False:5,34:39276,4426,5
> 1:False:5,34:39276,4426,4
> 2:True:5,33:39276,4426,4
> 3:False:4,34:39276,4426,5
> 4:False:4,34:39276,4426,5
> 5:False:4,34:39276,4426,4
dwr-suboptimal-old-noisy/70/dwr_noisy_p05_hyp-3_70_2.tar.bz2:1.10121297836:0.2064796:1.11
> 0:False:5,35:39277,4429,4
> 1:True:5,34:39277,4429,4
> 2:True:5,34:39277,4429,4
> 3:False:4,35:39277,4429,4
> 4:False:4,34:39277,4429,4
> 5:False:4,34:39277,4429,4
dwr-suboptimal-old-noisy/70/dwr_noisy_p05_hyp-3_70_3.tar.bz2:1.13272595406:0.218447:1.13
> 0:False:5,36:39275,4423,5
> 1:True:5,35:39275,4423,5
> 2:True:5,35:39275,4423,5
> 3:False:4,35:39275,4423,5
> 4:False:4,35:39275,4423,5
> 5:False:4,36:39275,4423,5
dwr-suboptimal-old-noisy/70/dwr_noisy_p05_hyp-4_70_1.tar.bz2:1.11968898773:0.2119179:1.12
> 0:False:5,33:39276,4426,5
> 1:False:5,32:39276,4426,5
> 2:True:5,31:39276,4426,5
> 3:False:4,31:39276,4426,5
> 4:False:4,33:39276,4426,5
> 5:False:4,33:39276,4426,5
dwr-suboptimal-old-noisy/70/dwr_noisy_p05_hyp-4_70_2.tar.bz2:1.12340092659:0.2137074:1.12
> 0:False:5,33:39276,4426,4
> 1:True:5,32:39276,4426,4
> 2:True:5,32:39276,4426,3
> 3:True:4,31:39276,4426,4
> 4:False:4,33:39276,4426,4
> 5:False:4,33:39276,4426,4
dwr-suboptimal-old-noisy/70/dwr_noisy_p05_hyp-4_70_3.tar.bz2:1.11172199249:0.2137215:1.12
> 0:False:5,33:39277,4429,5
> 1:False:5,33:39277,4429,5
> 2:True:5,31:39277,4429,5
> 3:False:4,32:39277,4429,5
> 4:False:4,33:39277,4429,5
> 5:False:4,33:39277,4429,5
dwr-suboptimal-old-noisy/100/dwr_noisy_p02_hyp-1_full_1.tar.bz2:0.87442111969:0.09360142:0.88
> 0:True:5,16:6959,1571,3
> 1:False:5,20:6959,1571,3
> 2:False:5,17:6959,1571,3
> 3:False:5,20:6959,1571,3
> 4:False:5,19:6959,1571,3
> 5:False:5,19:6959,1571,3
> 6:False:5,19:6959,1571,3
> 7:False:5,18:6959,1571,3
dwr-suboptimal-old-noisy/100/dwr_noisy_p02_hyp-1_full_2.tar.bz2:0.864655971527:0.09598915:0.85
> 0:True:5,16:6960,1574,3
> 1:False:5,19:6960,1574,3
> 2:False:5,17:6960,1574,3
> 3:False:5,20:6960,1574,3
> 4:False:5,19:6960,1574,3
> 5:False:5,19:6960,1574,3
> 6:False:5,19:6960,1574,3
> 7:False:5,18:6960,1574,3
dwr-suboptimal-old-noisy/100/dwr_noisy_p02_hyp-1_full_3.tar.bz2:0.867406129837:0.09222958:0.86
> 0:True:5,16:6960,1574,3
> 1:False:5,20:6960,1574,3
> 2:False:5,17:6960,1574,3
> 3:False:5,20:6960,1574,3
> 4:False:5,19:6960,1574,3
> 5:False:5,19:6960,1574,3
> 6:False:5,19:6960,1574,3
> 7:False:5,18:6960,1574,3
dwr-suboptimal-old-noisy/100/dwr_noisy_p02_hyp-2_full_1.tar.bz2:0.870790958405:0.09454073:0.87
> 0:False:5,22:6962,1580,4
> 1:True:5,18:6962,1580,4
> 2:False:5,21:6962,1580,4
> 3:False:5,21:6962,1580,4
> 4:False:5,22:6962,1580,4
> 5:False:5,20:6962,1580,4
> 6:False:5,21:6962,1580,4
> 7:False:5,21:6962,1580,4
dwr-suboptimal-old-noisy/100/dwr_noisy_p02_hyp-2_full_2.tar.bz2:0.86194896698:0.08990772:0.87
> 0:False:5,22:6961,1577,4
> 1:True:5,18:6961,1577,4
> 2:False:5,21:6961,1577,4
> 3:False:5,22:6961,1577,4
> 4:False:5,22:6961,1577,4
> 5:False:5,20:6961,1577,4
> 6:False:5,22:6961,1577,4
> 7:False:5,21:6961,1577,4
dwr-suboptimal-old-noisy/100/dwr_noisy_p02_hyp-2_full_3.tar.bz2:0.85854101181:0.09540418:0.86
> 0:False:5,22:6962,1580,4
> 1:True:5,18:6962,1580,4
> 2:False:5,21:6962,1580,4
> 3:False:5,21:6962,1580,4
> 4:False:5,21:6962,1580,4
> 5:False:5,20:6962,1580,4
> 6:False:5,21:6962,1580,4
> 7:False:5,21:6962,1580,4
dwr-suboptimal-old-noisy/100/dwr_noisy_p02_hyp-3_full_1.tar.bz2:0.86532497406:0.09682919:0.86
> 0:False:5,17:6960,1574,3
> 1:False:5,19:6960,1574,3
> 2:True:5,16:6960,1574,3
> 3:False:5,19:6960,1574,3
> 4:False:5,18:6960,1574,3
> 5:False:5,19:6960,1574,3
> 6:False:5,19:6960,1574,3
> 7:False:5,19:6960,1574,3
dwr-suboptimal-old-noisy/100/dwr_noisy_p02_hyp-3_full_2.tar.bz2:0.861213922501:0.09629688:0.85
> 0:False:5,17:6959,1571,3
> 1:False:5,19:6959,1571,2
> 2:True:5,16:6959,1571,3
> 3:False:5,20:6959,1571,3
> 4:False:5,19:6959,1571,3
> 5:False:5,20:6959,1571,3
> 6:False:5,20:6959,1571,3
> 7:False:5,19:6959,1571,3
dwr-suboptimal-old-noisy/100/dwr_noisy_p02_hyp-3_full_3.tar.bz2:0.845263004303:0.08970904:0.85
> 0:False:5,17:6961,1577,3
> 1:False:5,19:6961,1577,3
> 2:True:5,16:6961,1577,3
> 3:False:5,20:6961,1577,3
> 4:False:5,19:6961,1577,3
> 5:False:5,20:6961,1577,3
> 6:False:5,20:6961,1577,3
> 7:False:5,19:6961,1577,3
dwr-suboptimal-old-noisy/100/dwr_noisy_p02_hyp-4_full_1.tar.bz2:0.860832929611:0.09359855:0.86
> 0:False:5,22:6960,1574,4
> 1:False:5,22:6960,1574,4
> 2:False:5,22:6960,1574,4
> 3:True:5,19:6960,1574,4
> 4:False:5,20:6960,1574,4
> 5:False:5,21:6960,1574,4
> 6:False:5,20:6960,1574,4
> 7:False:5,22:6960,1574,4
dwr-suboptimal-old-noisy/100/dwr_noisy_p02_hyp-4_full_2.tar.bz2:0.861544847488:0.08863566:0.86
> 0:False:5,21:6963,1583,4
> 1:False:5,22:6963,1583,4
> 2:False:5,22:6963,1583,4
> 3:True:5,18:6963,1583,4
> 4:False:5,19:6963,1583,4
> 5:False:5,20:6963,1583,4
> 6:False:5,19:6963,1583,4
> 7:False:5,21:6963,1583,4
dwr-suboptimal-old-noisy/100/dwr_noisy_p02_hyp-4_full_3.tar.bz2:0.838197946548:0.08935308:0.84
> 0:False:5,21:6962,1580,4
> 1:False:5,21:6962,1580,4
> 2:False:5,21:6962,1580,4
> 3:True:5,18:6962,1580,4
> 4:False:5,19:6962,1580,4
> 5:False:5,21:6962,1580,4
> 6:False:5,20:6962,1580,4
> 7:False:5,21:6962,1580,4
dwr-suboptimal-old-noisy/100/dwr_noisy_p04_hyp-1_full_1.tar.bz2:0.689432859421:0.0820562:0.69
> 0:True:3,16:9973,1951,4
> 1:False:3,19:9973,1951,4
> 2:False:4,19:9973,1951,4
> 3:False:3,18:9973,1951,4
> 4:False:3,18:9973,1951,4
> 5:False:3,17:9973,1951,4
dwr-suboptimal-old-noisy/100/dwr_noisy_p04_hyp-1_full_2.tar.bz2:0.698505878448:0.0789598:0.69
> 0:True:3,16:9973,1951,4
> 1:False:3,19:9973,1951,4
> 2:False:4,19:9973,1951,4
> 3:False:3,18:9973,1951,4
> 4:False:3,18:9973,1951,4
> 5:False:3,17:9973,1951,4
dwr-suboptimal-old-noisy/100/dwr_noisy_p04_hyp-1_full_3.tar.bz2:0.699357032776:0.0812418:0.69
> 0:True:3,16:9973,1951,4
> 1:False:3,19:9973,1951,4
> 2:False:4,19:9973,1951,4
> 3:False:3,18:9973,1951,4
> 4:False:3,18:9973,1951,4
> 5:False:3,17:9973,1951,4
dwr-suboptimal-old-noisy/100/dwr_noisy_p04_hyp-2_full_1.tar.bz2:0.703596830368:0.0841383:0.7
> 0:False:3,23:9977,1963,5
> 1:False:3,22:9977,1963,5
> 2:True:4,20:9977,1963,5
> 3:False:3,21:9977,1963,5
> 4:False:3,23:9977,1963,5
> 5:False:3,22:9977,1963,5
dwr-suboptimal-old-noisy/100/dwr_noisy_p04_hyp-2_full_2.tar.bz2:0.688860177994:0.0831817:0.69
> 0:False:3,23:9976,1960,5
> 1:False:3,22:9976,1960,5
> 2:True:4,20:9976,1960,5
> 3:False:3,21:9976,1960,5
> 4:False:3,23:9976,1960,5
> 5:False:3,22:9976,1960,5
dwr-suboptimal-old-noisy/100/dwr_noisy_p04_hyp-2_full_3.tar.bz2:0.679427862167:0.0792225:0.68
> 0:False:3,23:9977,1963,5
> 1:False:3,22:9977,1963,5
> 2:True:4,21:9977,1963,6
> 3:False:3,22:9977,1963,5
> 4:False:3,23:9977,1963,5
> 5:False:3,22:9977,1963,5
dwr-suboptimal-old-noisy/100/dwr_noisy_p04_hyp-3_full_1.tar.bz2:0.683101892471:0.0825357:0.68
> 0:False:3,21:9974,1954,3
> 1:True:3,18:9974,1954,3
> 2:False:4,20:9974,1954,3
> 3:False:3,20:9974,1954,3
> 4:False:3,20:9974,1954,4
> 5:False:3,21:9974,1954,4
dwr-suboptimal-old-noisy/100/dwr_noisy_p04_hyp-3_full_2.tar.bz2:0.71083688736:0.0844122:0.71
> 0:False:3,21:9976,1960,3
> 1:True:3,18:9976,1960,3
> 2:False:4,20:9976,1960,3
> 3:False:3,20:9976,1960,3
> 4:False:3,20:9976,1960,4
> 5:False:3,21:9976,1960,4
dwr-suboptimal-old-noisy/100/dwr_noisy_p04_hyp-3_full_3.tar.bz2:0.694869041443:0.0812973:0.7
> 0:False:3,21:9976,1960,5
> 1:True:3,18:9976,1960,3
> 2:False:4,20:9976,1960,3
> 3:False:3,20:9976,1960,3
> 4:False:3,19:9976,1960,3
> 5:False:3,21:9976,1960,5
dwr-suboptimal-old-noisy/100/dwr_noisy_p04_hyp-4_full_1.tar.bz2:0.683088064194:0.0817205:0.69
> 0:False:3,20:9977,1963,4
> 1:False:3,20:9977,1963,4
> 2:False:4,20:9977,1963,4
> 3:False:3,21:9977,1963,4
> 4:True:3,18:9977,1963,4
> 5:False:3,19:9977,1963,4
dwr-suboptimal-old-noisy/100/dwr_noisy_p04_hyp-4_full_2.tar.bz2:0.68772983551:0.0825339:0.69
> 0:False:3,20:9975,1957,4
> 1:False:3,20:9975,1957,4
> 2:False:4,21:9975,1957,4
> 3:False:3,21:9975,1957,4
> 4:True:3,18:9975,1957,4
> 5:False:3,20:9975,1957,4
dwr-suboptimal-old-noisy/100/dwr_noisy_p04_hyp-4_full_3.tar.bz2:0.694326877594:0.0838256:0.69
> 0:False:3,20:9977,1963,4
> 1:False:3,20:9977,1963,4
> 2:False:4,21:9977,1963,4
> 3:False:3,21:9977,1963,4
> 4:True:3,19:9977,1963,4
> 5:False:3,20:9977,1963,4
dwr-suboptimal-old-noisy/100/dwr_noisy_p05_hyp-1_full_1.tar.bz2:1.12239289284:0.2148564:1.12
> 0:True:5,53:39292,4474,8
> 1:False:5,54:39292,4474,8
> 2:False:5,55:39292,4474,8
> 3:False:4,56:39292,4474,8
> 4:False:4,53:39292,4474,8
> 5:False:4,54:39292,4474,8
dwr-suboptimal-old-noisy/100/dwr_noisy_p05_hyp-1_full_2.tar.bz2:1.12258005142:0.2127747:1.12
> 0:True:5,52:39291,4471,8
> 1:False:5,54:39291,4471,8
> 2:False:5,55:39291,4471,8
> 3:False:4,56:39291,4471,8
> 4:False:4,52:39291,4471,8
> 5:False:4,54:39291,4471,8
dwr-suboptimal-old-noisy/100/dwr_noisy_p05_hyp-1_full_3.tar.bz2:1.13151788712:0.2153476:1.13
> 0:True:5,52:39294,4480,8
> 1:True:5,52:39294,4480,8
> 2:False:5,55:39294,4480,8
> 3:False:4,55:39294,4480,8
> 4:False:4,52:39294,4480,8
> 5:False:4,54:39294,4480,8
dwr-suboptimal-old-noisy/100/dwr_noisy_p05_hyp-2_full_1.tar.bz2:1.11133384705:0.2125667:1.11
> 0:False:5,53:39291,4471,9
> 1:True:5,51:39291,4471,9
> 2:False:5,53:39291,4471,9
> 3:False:4,53:39291,4471,9
> 4:False:4,53:39291,4471,9
> 5:False:4,52:39291,4471,9
dwr-suboptimal-old-noisy/100/dwr_noisy_p05_hyp-2_full_2.tar.bz2:1.14062595367:0.219645:1.14
> 0:False:5,53:39289,4465,8
> 1:True:5,50:39289,4465,8
> 2:False:5,53:39289,4465,8
> 3:False:4,53:39289,4465,8
> 4:False:4,53:39289,4465,8
> 5:False:4,52:39289,4465,8
dwr-suboptimal-old-noisy/100/dwr_noisy_p05_hyp-2_full_3.tar.bz2:1.14435005188:0.2139343:1.12
> 0:False:5,53:39290,4468,8
> 1:True:5,50:39290,4468,8
> 2:False:5,53:39290,4468,8
> 3:False:4,53:39290,4468,8
> 4:False:4,53:39290,4468,8
> 5:False:4,53:39290,4468,8
dwr-suboptimal-old-noisy/100/dwr_noisy_p05_hyp-3_full_1.tar.bz2:1.11079907417:0.207588:1.11
> 0:False:5,44:39284,4450,6
> 1:False:5,45:39284,4450,5
> 2:False:5,45:39284,4450,6
> 3:False:4,46:39284,4450,7
> 4:True:4,42:39284,4450,6
> 5:False:4,43:39284,4450,6
dwr-suboptimal-old-noisy/100/dwr_noisy_p05_hyp-3_full_2.tar.bz2:1.12636590004:0.2194789:1.13
> 0:False:5,44:39285,4453,6
> 1:False:5,45:39285,4453,7
> 2:False:5,45:39285,4453,6
> 3:False:4,46:39285,4453,7
> 4:True:4,42:39285,4453,6
> 5:False:4,44:39285,4453,6
dwr-suboptimal-old-noisy/100/dwr_noisy_p05_hyp-3_full_3.tar.bz2:1.11107397079:0.2071228:1.11
> 0:True:5,44:39286,4456,6
> 1:False:5,45:39286,4456,6
> 2:True:5,44:39286,4456,6
> 3:False:4,45:39286,4456,7
> 4:True:4,43:39286,4456,6
> 5:False:4,44:39286,4456,7
dwr-suboptimal-old-noisy/100/dwr_noisy_p05_hyp-4_full_1.tar.bz2:1.09740495682:0.2079483:1.1
> 0:False:5,44:39281,4441,7
> 1:False:5,43:39281,4441,7
> 2:False:5,42:39281,4441,7
> 3:True:4,40:39281,4441,7
> 4:False:4,44:39281,4441,7
> 5:False:4,44:39281,4441,7
dwr-suboptimal-old-noisy/100/dwr_noisy_p05_hyp-4_full_2.tar.bz2:1.11447310448:0.2146714:1.12
> 0:False:5,44:39283,4447,7
> 1:False:5,43:39283,4447,7
> 2:True:5,42:39283,4447,7
> 3:True:4,41:39283,4447,7
> 4:False:4,43:39283,4447,7
> 5:False:4,43:39283,4447,7
dwr-suboptimal-old-noisy/100/dwr_noisy_p05_hyp-4_full_3.tar.bz2:1.10501790047:0.2143978:1.1
> 0:False:5,44:39284,4450,7
> 1:False:5,43:39284,4450,7
> 2:False:5,42:39284,4450,7
> 3:True:4,40:39284,4450,7
> 4:False:4,44:39284,4450,7
> 5:False:4,44:39284,4450,7
