dwr-suboptimal-old-noisy/10/dwr_noisy_p02_hyp-1_10_1.tar.bz2:0.73430109024:0.07314286:0.73
> 0:True:5,7:6946,1531
> 1:False:5,8:6946,1531
> 2:False:5,8:6946,1531
> 3:False:5,8:6946,1531
> 4:True:5,7:6946,1531
> 5:False:5,8:6946,1531
> 6:False:5,8:6946,1531
> 7:True:5,7:6946,1531
dwr-suboptimal-old-noisy/10/dwr_noisy_p02_hyp-1_10_2.tar.bz2:0.735412836075:0.07483036:0.73
> 0:True:5,7:6947,1533
> 1:True:5,7:6947,1533
> 2:False:5,8:6947,1533
> 3:False:5,8:6947,1533
> 4:False:5,8:6947,1533
> 5:True:5,7:6947,1533
> 6:True:5,7:6947,1533
> 7:True:5,7:6947,1533
dwr-suboptimal-old-noisy/10/dwr_noisy_p02_hyp-1_10_3.tar.bz2:0.732039928436:0.07102151:0.73
> 0:True:5,7:6946,1531
> 1:False:5,9:6946,1531
> 2:False:5,8:6946,1531
> 3:False:5,9:6946,1531
> 4:False:5,8:6946,1531
> 5:False:5,9:6946,1531
> 6:False:5,8:6946,1531
> 7:True:5,7:6946,1531
dwr-suboptimal-old-noisy/10/dwr_noisy_p02_hyp-2_10_1.tar.bz2:0.732786178589:0.07173419:0.74
> 0:True:5,8:6946,1531
> 1:True:5,8:6946,1531
> 2:True:5,8:6946,1531
> 3:True:5,8:6946,1531
> 4:True:5,8:6946,1531
> 5:True:5,8:6946,1531
> 6:True:5,8:6946,1531
> 7:True:5,8:6946,1531
dwr-suboptimal-old-noisy/10/dwr_noisy_p02_hyp-2_10_2.tar.bz2:0.732233047485:0.07287168:0.72
> 0:False:5,8:6947,1533
> 1:True:5,6:6947,1533
> 2:False:5,7:6947,1533
> 3:False:5,7:6947,1533
> 4:False:5,8:6947,1533
> 5:False:5,7:6947,1533
> 6:False:5,7:6947,1533
> 7:True:5,6:6947,1533
dwr-suboptimal-old-noisy/10/dwr_noisy_p02_hyp-2_10_3.tar.bz2:0.733309984207:0.07173211:0.73
> 0:True:5,6:6946,1531
> 1:False:5,7:6946,1531
> 2:False:5,7:6946,1531
> 3:False:5,7:6946,1531
> 4:False:5,7:6946,1531
> 5:False:5,7:6946,1531
> 6:False:5,7:6946,1531
> 7:False:5,7:6946,1531
dwr-suboptimal-old-noisy/10/dwr_noisy_p02_hyp-3_10_1.tar.bz2:0.739439964294:0.07498919:0.74
> 0:False:5,9:6946,1531
> 1:False:5,9:6946,1531
> 2:False:5,9:6946,1531
> 3:True:5,8:6946,1531
> 4:True:5,8:6946,1531
> 5:False:5,9:6946,1531
> 6:False:5,9:6946,1531
> 7:False:5,9:6946,1531
dwr-suboptimal-old-noisy/10/dwr_noisy_p02_hyp-3_10_2.tar.bz2:0.732912063599:0.07085044:0.74
> 0:False:5,7:6946,1531
> 1:False:5,7:6946,1531
> 2:True:5,6:6946,1531
> 3:False:5,8:6946,1531
> 4:False:5,7:6946,1531
> 5:False:5,8:6946,1531
> 6:False:5,8:6946,1531
> 7:False:5,7:6946,1531
dwr-suboptimal-old-noisy/10/dwr_noisy_p02_hyp-3_10_3.tar.bz2:0.737795829773:0.07354622:0.74
> 0:True:5,6:6947,1533
> 1:False:5,7:6947,1533
> 2:False:5,7:6947,1533
> 3:False:5,8:6947,1533
> 4:False:5,7:6947,1533
> 5:False:5,7:6947,1533
> 6:False:5,7:6947,1533
> 7:False:5,7:6947,1533
dwr-suboptimal-old-noisy/10/dwr_noisy_p02_hyp-4_10_1.tar.bz2:0.735794067383:0.07493918:0.74
> 0:False:5,8:6946,1531
> 1:True:5,7:6946,1531
> 2:False:5,8:6946,1531
> 3:False:5,8:6946,1531
> 4:False:5,8:6946,1531
> 5:True:5,7:6946,1531
> 6:False:5,8:6946,1531
> 7:False:5,8:6946,1531
dwr-suboptimal-old-noisy/10/dwr_noisy_p02_hyp-4_10_2.tar.bz2:0.736612081528:0.07267509:0.73
> 0:False:5,8:6946,1531
> 1:False:5,8:6946,1531
> 2:False:5,8:6946,1531
> 3:False:5,8:6946,1531
> 4:False:5,8:6946,1531
> 5:False:5,8:6946,1531
> 6:False:5,8:6946,1531
> 7:True:5,7:6946,1531
dwr-suboptimal-old-noisy/10/dwr_noisy_p02_hyp-4_10_3.tar.bz2:0.73817896843:0.07344196:0.74
> 0:True:5,7:6947,1533
> 1:True:5,7:6947,1533
> 2:True:5,7:6947,1533
> 3:False:5,8:6947,1533
> 4:True:5,7:6947,1533
> 5:True:5,7:6947,1533
> 6:False:5,8:6947,1533
> 7:False:5,8:6947,1533
dwr-suboptimal-old-noisy/10/dwr_noisy_p04_hyp-1_10_1.tar.bz2:0.599319934845:0.0677538:0.59
> 0:False:3,5:9963,1919
> 1:False:3,5:9963,1919
> 2:True:4,5:9963,1919
> 3:False:3,5:9963,1919
> 4:False:3,6:9963,1919
> 5:False:3,5:9963,1919
dwr-suboptimal-old-noisy/10/dwr_noisy_p04_hyp-1_10_2.tar.bz2:0.602302074432:0.0703172:0.6
> 0:True:3,5:9963,1919
> 1:False:3,7:9963,1919
> 2:False:4,7:9963,1919
> 3:False:3,6:9963,1919
> 4:False:3,7:9963,1919
> 5:False:3,6:9963,1919
dwr-suboptimal-old-noisy/10/dwr_noisy_p04_hyp-1_10_3.tar.bz2:0.601863861084:0.0695692:0.61
> 0:False:3,6:9962,1917
> 1:False:3,6:9962,1917
> 2:True:4,6:9962,1917
> 3:False:3,6:9962,1917
> 4:False:3,6:9962,1917
> 5:False:3,6:9962,1917
dwr-suboptimal-old-noisy/10/dwr_noisy_p04_hyp-2_10_1.tar.bz2:0.602301836014:0.0720819:0.6
> 0:False:3,8:9964,1921
> 1:False:3,7:9964,1921
> 2:True:4,7:9964,1921
> 3:False:3,7:9964,1921
> 4:False:3,8:9964,1921
> 5:False:3,8:9964,1921
dwr-suboptimal-old-noisy/10/dwr_noisy_p04_hyp-2_10_2.tar.bz2:0.598432064056:0.0689321:0.59
> 0:False:3,8:9964,1921
> 1:False:3,8:9964,1921
> 2:True:4,8:9964,1921
> 3:False:3,8:9964,1921
> 4:False:3,8:9964,1921
> 5:False:3,8:9964,1921
dwr-suboptimal-old-noisy/10/dwr_noisy_p04_hyp-2_10_3.tar.bz2:0.600122928619:0.0685807:0.6
> 0:False:3,8:9963,1919
> 1:False:3,8:9963,1919
> 2:True:4,8:9963,1919
> 3:False:3,8:9963,1919
> 4:False:3,8:9963,1919
> 5:False:3,8:9963,1919
dwr-suboptimal-old-noisy/10/dwr_noisy_p04_hyp-3_10_1.tar.bz2:0.60351395607:0.0708009:0.61
> 0:True:3,8:9962,1917
> 1:True:3,8:9962,1917
> 2:True:4,9:9962,1917
> 3:True:3,8:9962,1917
> 4:True:3,8:9962,1917
> 5:True:3,8:9962,1917
dwr-suboptimal-old-noisy/10/dwr_noisy_p04_hyp-3_10_2.tar.bz2:0.600308179855:0.0676145:0.6
> 0:True:3,7:9962,1917
> 1:True:3,7:9962,1917
> 2:True:4,8:9962,1917
> 3:True:3,7:9962,1917
> 4:True:3,7:9962,1917
> 5:True:3,7:9962,1917
dwr-suboptimal-old-noisy/10/dwr_noisy_p04_hyp-3_10_3.tar.bz2:0.598628997803:0.0678326:0.61
> 0:False:3,6:9963,1919
> 1:True:3,4:9963,1919
> 2:True:4,5:9963,1919
> 3:False:3,5:9963,1919
> 4:False:3,5:9963,1919
> 5:False:3,6:9963,1919
dwr-suboptimal-old-noisy/10/dwr_noisy_p04_hyp-4_10_1.tar.bz2:0.598216056824:0.0682062:0.6
> 0:False:3,6:9962,1917
> 1:False:3,6:9962,1917
> 2:True:4,6:9962,1917
> 3:False:3,6:9962,1917
> 4:False:3,6:9962,1917
> 5:False:3,6:9962,1917
dwr-suboptimal-old-noisy/10/dwr_noisy_p04_hyp-4_10_2.tar.bz2:0.599639892578:0.0655459:0.61
> 0:True:3,5:9962,1917
> 1:False:3,6:9962,1917
> 2:True:4,6:9962,1917
> 3:False:3,6:9962,1917
> 4:True:3,5:9962,1917
> 5:True:3,5:9962,1917
dwr-suboptimal-old-noisy/10/dwr_noisy_p04_hyp-4_10_3.tar.bz2:0.599505901337:0.0676401:0.59
> 0:False:3,7:9962,1917
> 1:False:3,7:9962,1917
> 2:True:4,7:9962,1917
> 3:False:3,7:9962,1917
> 4:False:3,7:9962,1917
> 5:False:3,7:9962,1917
dwr-suboptimal-old-noisy/10/dwr_noisy_p05_hyp-1_10_1.tar.bz2:1.03224205971:0.2036223:1.05
> 0:False:5,14:39258,4367
> 1:False:5,14:39258,4367
> 2:True:5,13:39258,4367
> 3:False:4,14:39258,4367
> 4:False:4,14:39258,4367
> 5:False:4,14:39258,4367
dwr-suboptimal-old-noisy/10/dwr_noisy_p05_hyp-1_10_2.tar.bz2:1.02331995964:0.1988383:1.02
> 0:True:5,12:39259,4369
> 1:True:5,12:39259,4369
> 2:True:5,12:39259,4369
> 3:True:4,11:39259,4369
> 4:False:4,12:39259,4369
> 5:False:4,12:39259,4369
dwr-suboptimal-old-noisy/10/dwr_noisy_p05_hyp-1_10_3.tar.bz2:1.02497911453:0.1980653:1.02
> 0:True:5,11:39258,4367
> 1:True:5,11:39258,4367
> 2:False:5,12:39258,4367
> 3:False:4,12:39258,4367
> 4:False:4,12:39258,4367
> 5:False:4,11:39258,4367
dwr-suboptimal-old-noisy/10/dwr_noisy_p05_hyp-2_10_1.tar.bz2:1.03363800049:0.2041816:1.04
> 0:False:5,12:39259,4369
> 1:False:5,12:39259,4369
> 2:True:5,11:39259,4369
> 3:False:4,11:39259,4369
> 4:False:4,12:39259,4369
> 5:False:4,12:39259,4369
dwr-suboptimal-old-noisy/10/dwr_noisy_p05_hyp-2_10_2.tar.bz2:1.01996016502:0.1969931:1.02
> 0:True:5,13:39260,4371
> 1:False:5,15:39260,4371
> 2:False:5,14:39260,4371
> 3:False:4,15:39260,4371
> 4:False:4,14:39260,4371
> 5:False:4,15:39260,4371
dwr-suboptimal-old-noisy/10/dwr_noisy_p05_hyp-2_10_3.tar.bz2:1.03610396385:0.207396:1.04
> 0:True:5,12:39259,4369
> 1:True:5,12:39259,4369
> 2:True:5,12:39259,4369
> 3:True:4,11:39259,4369
> 4:False:4,12:39259,4369
> 5:False:4,12:39259,4369
dwr-suboptimal-old-noisy/10/dwr_noisy_p05_hyp-3_10_1.tar.bz2:1.01840186119:0.1964502:1.01
> 0:True:5,9:39257,4365
> 1:True:5,9:39257,4365
> 2:True:5,9:39257,4365
> 3:True:4,8:39257,4365
> 4:False:4,9:39257,4365
> 5:False:4,9:39257,4365
dwr-suboptimal-old-noisy/10/dwr_noisy_p05_hyp-3_10_2.tar.bz2:1.02544999123:0.2003453:1.02
> 0:True:5,11:39258,4367
> 1:False:5,12:39258,4367
> 2:False:5,12:39258,4367
> 3:False:4,11:39258,4367
> 4:False:4,11:39258,4367
> 5:False:4,11:39258,4367
dwr-suboptimal-old-noisy/10/dwr_noisy_p05_hyp-3_10_3.tar.bz2:1.02677297592:0.2006083:1.02
> 0:True:5,10:39258,4367
> 1:False:5,11:39258,4367
> 2:False:5,11:39258,4367
> 3:False:4,11:39258,4367
> 4:False:4,10:39258,4367
> 5:False:4,10:39258,4367
dwr-suboptimal-old-noisy/10/dwr_noisy_p05_hyp-4_10_1.tar.bz2:1.03241610527:0.20576:1.04
> 0:True:5,11:39258,4367
> 1:True:5,11:39258,4367
> 2:False:5,12:39258,4367
> 3:False:4,11:39258,4367
> 4:False:4,11:39258,4367
> 5:False:4,11:39258,4367
dwr-suboptimal-old-noisy/10/dwr_noisy_p05_hyp-4_10_2.tar.bz2:1.02009606361:0.1958968:1.02
> 0:True:5,8:39258,4367
> 1:False:5,9:39258,4367
> 2:False:5,9:39258,4367
> 3:False:4,8:39258,4367
> 4:False:4,8:39258,4367
> 5:False:4,8:39258,4367
dwr-suboptimal-old-noisy/10/dwr_noisy_p05_hyp-4_10_3.tar.bz2:1.02181792259:0.1985437:1.02
> 0:False:5,12:39258,4367
> 1:False:5,12:39258,4367
> 2:True:5,11:39258,4367
> 3:False:4,11:39258,4367
> 4:False:4,12:39258,4367
> 5:False:4,12:39258,4367
dwr-suboptimal-old-noisy/30/dwr_noisy_p02_hyp-1_30_1.tar.bz2:0.735387086868:0.07517764:0.74
> 0:True:5,11:6951,1541
> 1:False:5,12:6951,1541
> 2:True:5,11:6951,1541
> 3:True:5,11:6951,1541
> 4:False:5,12:6951,1541
> 5:False:5,12:6951,1541
> 6:True:5,11:6951,1541
> 7:False:5,12:6951,1541
dwr-suboptimal-old-noisy/30/dwr_noisy_p02_hyp-1_30_2.tar.bz2:0.733371973038:0.07144264:0.74
> 0:True:5,11:6949,1537
> 1:True:5,11:6949,1537
> 2:True:5,11:6949,1537
> 3:True:5,11:6949,1537
> 4:True:5,11:6949,1537
> 5:True:5,11:6949,1537
> 6:True:5,11:6949,1537
> 7:True:5,11:6949,1537
dwr-suboptimal-old-noisy/30/dwr_noisy_p02_hyp-1_30_3.tar.bz2:0.739495038986:0.0751216:0.74
> 0:True:5,11:6951,1541
> 1:False:5,13:6951,1541
> 2:False:5,12:6951,1541
> 3:False:5,14:6951,1541
> 4:False:5,13:6951,1541
> 5:False:5,12:6951,1541
> 6:False:5,13:6951,1541
> 7:False:5,12:6951,1541
dwr-suboptimal-old-noisy/30/dwr_noisy_p02_hyp-2_30_1.tar.bz2:0.733711957932:0.07358921:0.73
> 0:False:5,14:6950,1539
> 1:True:5,10:6950,1539
> 2:False:5,13:6950,1539
> 3:False:5,14:6950,1539
> 4:False:5,14:6950,1539
> 5:False:5,12:6950,1539
> 6:False:5,14:6950,1539
> 7:False:5,13:6950,1539
dwr-suboptimal-old-noisy/30/dwr_noisy_p02_hyp-2_30_2.tar.bz2:0.735090970993:0.07329446:0.73
> 0:True:5,10:6950,1539
> 1:False:5,11:6950,1539
> 2:False:5,11:6950,1539
> 3:False:5,12:6950,1539
> 4:False:5,11:6950,1539
> 5:False:5,11:6950,1539
> 6:False:5,11:6950,1539
> 7:True:5,10:6950,1539
dwr-suboptimal-old-noisy/30/dwr_noisy_p02_hyp-2_30_3.tar.bz2:0.734407901764:0.07207018:0.74
> 0:True:5,13:6949,1537
> 1:True:5,13:6949,1537
> 2:True:5,13:6949,1537
> 3:False:5,14:6949,1537
> 4:False:5,14:6949,1537
> 5:False:5,14:6949,1537
> 6:False:5,14:6949,1537
> 7:False:5,14:6949,1537
dwr-suboptimal-old-noisy/30/dwr_noisy_p02_hyp-3_30_1.tar.bz2:0.736716985703:0.07455882:0.73
> 0:True:5,11:6951,1541
> 1:False:5,13:6951,1541
> 2:True:5,11:6951,1541
> 3:False:5,13:6951,1541
> 4:False:5,12:6951,1541
> 5:False:5,12:6951,1541
> 6:False:5,12:6951,1541
> 7:True:5,11:6951,1541
dwr-suboptimal-old-noisy/30/dwr_noisy_p02_hyp-3_30_2.tar.bz2:0.735857963562:0.07229271:0.74
> 0:True:5,11:6951,1541
> 1:True:5,11:6951,1541
> 2:True:5,11:6951,1541
> 3:False:5,12:6951,1541
> 4:True:5,11:6951,1541
> 5:True:5,11:6951,1541
> 6:True:5,11:6951,1541
> 7:True:5,11:6951,1541
dwr-suboptimal-old-noisy/30/dwr_noisy_p02_hyp-3_30_3.tar.bz2:0.730540037155:0.07041992:0.73
> 0:False:5,13:6950,1539
> 1:True:5,12:6950,1539
> 2:True:5,12:6950,1539
> 3:False:5,13:6950,1539
> 4:False:5,13:6950,1539
> 5:False:5,13:6950,1539
> 6:False:5,13:6950,1539
> 7:False:5,13:6950,1539
dwr-suboptimal-old-noisy/30/dwr_noisy_p02_hyp-4_30_1.tar.bz2:0.739315986633:0.07755572:0.74
> 0:False:5,13:6951,1541
> 1:False:5,12:6951,1541
> 2:False:5,12:6951,1541
> 3:True:5,10:6951,1541
> 4:False:5,11:6951,1541
> 5:False:5,12:6951,1541
> 6:False:5,11:6951,1541
> 7:False:5,13:6951,1541
dwr-suboptimal-old-noisy/30/dwr_noisy_p02_hyp-4_30_2.tar.bz2:0.741422891617:0.07840585:0.73
> 0:True:5,11:6951,1541
> 1:True:5,11:6951,1541
> 2:True:5,11:6951,1541
> 3:True:5,11:6951,1541
> 4:True:5,11:6951,1541
> 5:True:5,11:6951,1541
> 6:True:5,11:6951,1541
> 7:True:5,11:6951,1541
dwr-suboptimal-old-noisy/30/dwr_noisy_p02_hyp-4_30_3.tar.bz2:0.735825061798:0.07309588:0.73
> 0:True:5,11:6950,1539
> 1:False:5,12:6950,1539
> 2:True:5,11:6950,1539
> 3:True:5,11:6950,1539
> 4:False:5,12:6950,1539
> 5:False:5,12:6950,1539
> 6:True:5,11:6950,1539
> 7:False:5,12:6950,1539
dwr-suboptimal-old-noisy/30/dwr_noisy_p04_hyp-1_30_1.tar.bz2:0.599112987518:0.0670111:0.61
> 0:True:3,10:9966,1925
> 1:False:3,11:9966,1925
> 2:True:4,11:9966,1925
> 3:False:3,11:9966,1925
> 4:True:3,10:9966,1925
> 5:True:3,10:9966,1925
dwr-suboptimal-old-noisy/30/dwr_noisy_p04_hyp-1_30_2.tar.bz2:0.604202032089:0.0720352:0.6
> 0:True:3,10:9967,1927
> 1:False:3,13:9967,1927
> 2:False:4,13:9967,1927
> 3:False:3,12:9967,1927
> 4:False:3,12:9967,1927
> 5:False:3,11:9967,1927
dwr-suboptimal-old-noisy/30/dwr_noisy_p04_hyp-1_30_3.tar.bz2:0.603078842163:0.069749:0.61
> 0:True:3,9:9966,1925
> 1:True:3,9:9966,1925
> 2:True:4,10:9966,1925
> 3:True:3,9:9966,1925
> 4:True:3,9:9966,1925
> 5:True:3,9:9966,1925
dwr-suboptimal-old-noisy/30/dwr_noisy_p04_hyp-2_30_1.tar.bz2:0.599800825119:0.0667184:0.6
> 0:False:3,12:9967,1927
> 1:True:3,11:9967,1927
> 2:True:4,12:9967,1927
> 3:True:3,11:9967,1927
> 4:True:3,11:9967,1927
> 5:False:3,12:9967,1927
dwr-suboptimal-old-noisy/30/dwr_noisy_p04_hyp-2_30_2.tar.bz2:0.601553916931:0.0694479:0.6
> 0:False:3,11:9968,1929
> 1:False:3,11:9968,1929
> 2:True:4,10:9968,1929
> 3:False:3,11:9968,1929
> 4:False:3,11:9968,1929
> 5:False:3,10:9968,1929
dwr-suboptimal-old-noisy/30/dwr_noisy_p04_hyp-2_30_3.tar.bz2:0.602281093597:0.0689937:0.6
> 0:False:3,10:9967,1927
> 1:False:3,10:9967,1927
> 2:True:4,10:9967,1927
> 3:False:3,10:9967,1927
> 4:False:3,10:9967,1927
> 5:False:3,10:9967,1927
dwr-suboptimal-old-noisy/30/dwr_noisy_p04_hyp-3_30_1.tar.bz2:0.600746154785:0.0695322:0.6
> 0:False:3,10:9967,1927
> 1:True:3,9:9967,1927
> 2:True:4,10:9967,1927
> 3:True:3,9:9967,1927
> 4:True:3,9:9967,1927
> 5:True:3,9:9967,1927
dwr-suboptimal-old-noisy/30/dwr_noisy_p04_hyp-3_30_2.tar.bz2:0.603650093079:0.0701148:0.6
> 0:False:3,10:9967,1927
> 1:True:3,8:9967,1927
> 2:True:4,9:9967,1927
> 3:False:3,9:9967,1927
> 4:False:3,10:9967,1927
> 5:False:3,10:9967,1927
dwr-suboptimal-old-noisy/30/dwr_noisy_p04_hyp-3_30_3.tar.bz2:0.603920936584:0.0697723:0.6
> 0:False:3,10:9968,1929
> 1:True:3,8:9968,1929
> 2:True:4,9:9968,1929
> 3:False:3,9:9968,1929
> 4:False:3,9:9968,1929
> 5:False:3,10:9968,1929
dwr-suboptimal-old-noisy/30/dwr_noisy_p04_hyp-4_30_1.tar.bz2:0.605051040649:0.0724932:0.61
> 0:False:3,12:9966,1925
> 1:False:3,11:9966,1925
> 2:True:4,11:9966,1925
> 3:False:3,11:9966,1925
> 4:False:3,12:9966,1925
> 5:False:3,12:9966,1925
dwr-suboptimal-old-noisy/30/dwr_noisy_p04_hyp-4_30_2.tar.bz2:0.60032582283:0.0670247:0.59
> 0:False:3,12:9966,1925
> 1:False:3,12:9966,1925
> 2:False:4,12:9966,1925
> 3:False:3,13:9966,1925
> 4:True:3,10:9966,1925
> 5:False:3,12:9966,1925
dwr-suboptimal-old-noisy/30/dwr_noisy_p04_hyp-4_30_3.tar.bz2:0.599499940872:0.0667857:0.6
> 0:True:3,11:9966,1925
> 1:False:3,12:9966,1925
> 2:True:4,12:9966,1925
> 3:False:3,12:9966,1925
> 4:True:3,11:9966,1925
> 5:True:3,11:9966,1925
dwr-suboptimal-old-noisy/30/dwr_noisy_p05_hyp-1_30_1.tar.bz2:1.03731489182:0.2096348:1.04
> 0:True:5,21:39268,4387
> 1:False:5,22:39268,4387
> 2:False:5,24:39268,4387
> 3:False:4,24:39268,4387
> 4:False:4,22:39268,4387
> 5:False:4,22:39268,4387
dwr-suboptimal-old-noisy/30/dwr_noisy_p05_hyp-1_30_2.tar.bz2:1.0300219059:0.2023852:1.03
> 0:True:5,23:39268,4387
> 1:False:5,24:39268,4387
> 2:False:5,24:39268,4387
> 3:False:4,24:39268,4387
> 4:False:4,23:39268,4387
> 5:False:4,23:39268,4387
dwr-suboptimal-old-noisy/30/dwr_noisy_p05_hyp-1_30_3.tar.bz2:1.03564810753:0.2077918:1.04
> 0:True:5,22:39270,4391
> 1:True:5,22:39270,4391
> 2:True:5,22:39270,4391
> 3:False:4,22:39270,4391
> 4:False:4,22:39270,4391
> 5:False:4,22:39270,4391
dwr-suboptimal-old-noisy/30/dwr_noisy_p05_hyp-2_30_1.tar.bz2:1.042979002:0.2206678:1.05
> 0:False:5,25:39269,4389
> 1:True:5,22:39269,4389
> 2:False:5,24:39269,4389
> 3:False:4,23:39269,4389
> 4:False:4,24:39269,4389
> 5:False:4,24:39269,4389
dwr-suboptimal-old-noisy/30/dwr_noisy_p05_hyp-2_30_2.tar.bz2:1.03125190735:0.2080368:1.02
> 0:False:5,26:39266,4383
> 1:True:5,23:39266,4383
> 2:False:5,24:39266,4383
> 3:False:4,24:39266,4383
> 4:False:4,26:39266,4383
> 5:False:4,26:39266,4383
dwr-suboptimal-old-noisy/30/dwr_noisy_p05_hyp-2_30_3.tar.bz2:1.03136205673:0.2051963:1.02
> 0:True:5,23:39264,4379
> 1:True:5,23:39264,4379
> 2:False:5,24:39264,4379
> 3:False:4,24:39264,4379
> 4:False:4,24:39264,4379
> 5:False:4,24:39264,4379
dwr-suboptimal-old-noisy/30/dwr_noisy_p05_hyp-3_30_1.tar.bz2:1.03080797195:0.2068656:1.02
> 0:True:5,18:39265,4381
> 1:False:5,19:39265,4381
> 2:False:5,19:39265,4381
> 3:False:4,19:39265,4381
> 4:False:4,18:39265,4381
> 5:False:4,18:39265,4381
dwr-suboptimal-old-noisy/30/dwr_noisy_p05_hyp-3_30_2.tar.bz2:1.02397704124:0.2007582:1.02
> 0:True:5,19:39268,4387
> 1:True:5,19:39268,4387
> 2:True:5,19:39268,4387
> 3:True:4,18:39268,4387
> 4:True:4,18:39268,4387
> 5:True:4,18:39268,4387
dwr-suboptimal-old-noisy/30/dwr_noisy_p05_hyp-3_30_3.tar.bz2:1.02745294571:0.2019834:1.03
> 0:True:5,20:39264,4379
> 1:True:5,20:39264,4379
> 2:False:5,21:39264,4379
> 3:False:4,21:39264,4379
> 4:True:4,19:39264,4379
> 5:True:4,19:39264,4379
dwr-suboptimal-old-noisy/30/dwr_noisy_p05_hyp-4_30_1.tar.bz2:1.03653502464:0.2138017:1.03
> 0:False:5,19:39264,4379
> 1:False:5,18:39264,4379
> 2:True:5,17:39264,4379
> 3:True:4,16:39264,4379
> 4:False:4,19:39264,4379
> 5:False:4,19:39264,4379
dwr-suboptimal-old-noisy/30/dwr_noisy_p05_hyp-4_30_2.tar.bz2:1.02952098846:0.2056761:1.02
> 0:False:5,17:39265,4381
> 1:True:5,16:39265,4381
> 2:True:5,16:39265,4381
> 3:True:4,15:39265,4381
> 4:False:4,17:39265,4381
> 5:False:4,17:39265,4381
dwr-suboptimal-old-noisy/30/dwr_noisy_p05_hyp-4_30_3.tar.bz2:1.02349209785:0.2003774:1.02
> 0:False:5,18:39265,4381
> 1:True:5,17:39265,4381
> 2:True:5,17:39265,4381
> 3:False:4,17:39265,4381
> 4:False:4,18:39265,4381
> 5:False:4,18:39265,4381
dwr-suboptimal-old-noisy/50/dwr_noisy_p02_hyp-1_50_1.tar.bz2:0.739421844482:0.0743769:0.74
> 0:True:5,11:6954,1547
> 1:True:5,11:6954,1547
> 2:True:5,11:6954,1547
> 3:True:5,11:6954,1547
> 4:True:5,11:6954,1547
> 5:False:5,12:6954,1547
> 6:False:5,12:6954,1547
> 7:True:5,11:6954,1547
dwr-suboptimal-old-noisy/50/dwr_noisy_p02_hyp-1_50_2.tar.bz2:0.736885070801:0.07499537:0.74
> 0:True:5,11:6954,1547
> 1:False:5,13:6954,1547
> 2:False:5,12:6954,1547
> 3:False:5,13:6954,1547
> 4:False:5,12:6954,1547
> 5:False:5,13:6954,1547
> 6:False:5,13:6954,1547
> 7:False:5,12:6954,1547
dwr-suboptimal-old-noisy/50/dwr_noisy_p02_hyp-1_50_3.tar.bz2:0.737330913544:0.0743625:0.74
> 0:True:5,11:6954,1547
> 1:False:5,15:6954,1547
> 2:False:5,12:6954,1547
> 3:False:5,14:6954,1547
> 4:False:5,13:6954,1547
> 5:False:5,14:6954,1547
> 6:False:5,14:6954,1547
> 7:False:5,13:6954,1547
dwr-suboptimal-old-noisy/50/dwr_noisy_p02_hyp-2_50_1.tar.bz2:0.736092090607:0.0737832:0.73
> 0:False:5,14:6953,1545
> 1:True:5,12:6953,1545
> 2:False:5,14:6953,1545
> 3:False:5,15:6953,1545
> 4:False:5,15:6953,1545
> 5:False:5,14:6953,1545
> 6:False:5,14:6953,1545
> 7:False:5,13:6953,1545
dwr-suboptimal-old-noisy/50/dwr_noisy_p02_hyp-2_50_2.tar.bz2:0.7356569767:0.07392201:0.74
> 0:False:5,13:6953,1545
> 1:True:5,12:6953,1545
> 2:False:5,13:6953,1545
> 3:False:5,13:6953,1545
> 4:False:5,13:6953,1545
> 5:False:5,13:6953,1545
> 6:False:5,13:6953,1545
> 7:False:5,13:6953,1545
dwr-suboptimal-old-noisy/50/dwr_noisy_p02_hyp-2_50_3.tar.bz2:0.739697933197:0.07505571:0.74
> 0:False:5,14:6953,1545
> 1:True:5,13:6953,1545
> 2:False:5,14:6953,1545
> 3:False:5,14:6953,1545
> 4:False:5,14:6953,1545
> 5:False:5,14:6953,1545
> 6:False:5,14:6953,1545
> 7:False:5,14:6953,1545
dwr-suboptimal-old-noisy/50/dwr_noisy_p02_hyp-3_50_1.tar.bz2:0.738607883453:0.0740157:0.75
> 0:True:5,12:6953,1545
> 1:False:5,13:6953,1545
> 2:True:5,12:6953,1545
> 3:False:5,14:6953,1545
> 4:False:5,13:6953,1545
> 5:False:5,14:6953,1545
> 6:False:5,14:6953,1545
> 7:False:5,13:6953,1545
dwr-suboptimal-old-noisy/50/dwr_noisy_p02_hyp-3_50_2.tar.bz2:0.735167980194:0.07655691:0.73
> 0:True:5,12:6953,1545
> 1:False:5,13:6953,1545
> 2:True:5,12:6953,1545
> 3:False:5,14:6953,1545
> 4:False:5,13:6953,1545
> 5:False:5,14:6953,1545
> 6:False:5,14:6953,1545
> 7:False:5,13:6953,1545
dwr-suboptimal-old-noisy/50/dwr_noisy_p02_hyp-3_50_3.tar.bz2:0.733757019043:0.07331824:0.74
> 0:True:5,11:6953,1545
> 1:False:5,13:6953,1545
> 2:True:5,11:6953,1545
> 3:False:5,13:6953,1545
> 4:False:5,12:6953,1545
> 5:False:5,13:6953,1545
> 6:False:5,13:6953,1545
> 7:False:5,12:6953,1545
dwr-suboptimal-old-noisy/50/dwr_noisy_p02_hyp-4_50_1.tar.bz2:0.7364590168:0.07489664:0.74
> 0:False:5,13:6954,1547
> 1:False:5,13:6954,1547
> 2:False:5,13:6954,1547
> 3:True:5,12:6954,1547
> 4:False:5,13:6954,1547
> 5:False:5,13:6954,1547
> 6:True:5,12:6954,1547
> 7:False:5,13:6954,1547
dwr-suboptimal-old-noisy/50/dwr_noisy_p02_hyp-4_50_2.tar.bz2:0.739468097687:0.07622318:0.73
> 0:True:5,13:6954,1547
> 1:True:5,13:6954,1547
> 2:False:5,14:6954,1547
> 3:True:5,13:6954,1547
> 4:True:5,13:6954,1547
> 5:True:5,13:6954,1547
> 6:True:5,13:6954,1547
> 7:True:5,13:6954,1547
dwr-suboptimal-old-noisy/50/dwr_noisy_p02_hyp-4_50_3.tar.bz2:0.737445116043:0.07626442:0.74
> 0:False:5,13:6954,1547
> 1:False:5,14:6954,1547
> 2:False:5,14:6954,1547
> 3:True:5,12:6954,1547
> 4:True:5,12:6954,1547
> 5:True:5,12:6954,1547
> 6:True:5,12:6954,1547
> 7:False:5,13:6954,1547
dwr-suboptimal-old-noisy/50/dwr_noisy_p04_hyp-1_50_1.tar.bz2:0.602033853531:0.0701943:0.6
> 0:False:3,11:9968,1929
> 1:False:3,12:9968,1929
> 2:False:4,12:9968,1929
> 3:False:3,12:9968,1929
> 4:False:3,11:9968,1929
> 5:True:3,10:9968,1929
dwr-suboptimal-old-noisy/50/dwr_noisy_p04_hyp-1_50_2.tar.bz2:0.600083112717:0.0667793:0.6
> 0:True:3,9:9967,1927
> 1:False:3,12:9967,1927
> 2:False:4,12:9967,1927
> 3:False:3,11:9967,1927
> 4:False:3,11:9967,1927
> 5:False:3,10:9967,1927
dwr-suboptimal-old-noisy/50/dwr_noisy_p04_hyp-1_50_3.tar.bz2:0.601127147675:0.0686155:0.6
> 0:True:3,10:9967,1927
> 1:False:3,13:9967,1927
> 2:False:4,13:9967,1927
> 3:False:3,12:9967,1927
> 4:False:3,12:9967,1927
> 5:False:3,11:9967,1927
dwr-suboptimal-old-noisy/50/dwr_noisy_p04_hyp-2_50_1.tar.bz2:0.605633020401:0.0741108:0.59
> 0:False:3,15:9972,1937
> 1:False:3,15:9972,1937
> 2:True:4,14:9972,1937
> 3:False:3,15:9972,1937
> 4:False:3,15:9972,1937
> 5:False:3,14:9972,1937
dwr-suboptimal-old-noisy/50/dwr_noisy_p04_hyp-2_50_2.tar.bz2:0.603718996048:0.069376:0.61
> 0:False:3,15:9971,1935
> 1:False:3,15:9971,1935
> 2:True:4,14:9971,1935
> 3:False:3,14:9971,1935
> 4:False:3,15:9971,1935
> 5:False:3,14:9971,1935
dwr-suboptimal-old-noisy/50/dwr_noisy_p04_hyp-2_50_3.tar.bz2:0.604442119598:0.0716578:0.6
> 0:False:3,15:9971,1935
> 1:False:3,14:9971,1935
> 2:True:4,13:9971,1935
> 3:False:3,13:9971,1935
> 4:False:3,15:9971,1935
> 5:False:3,15:9971,1935
dwr-suboptimal-old-noisy/50/dwr_noisy_p04_hyp-3_50_1.tar.bz2:0.603243112564:0.0719623:0.6
> 0:False:3,12:9969,1931
> 1:True:3,11:9969,1931
> 2:True:4,12:9969,1931
> 3:False:3,12:9969,1931
> 4:False:3,12:9969,1931
> 5:False:3,12:9969,1931
dwr-suboptimal-old-noisy/50/dwr_noisy_p04_hyp-3_50_2.tar.bz2:0.601680994034:0.0698524:0.59
> 0:False:3,14:9970,1933
> 1:True:3,12:9970,1933
> 2:True:4,13:9970,1933
> 3:False:3,13:9970,1933
> 4:False:3,14:9970,1933
> 5:False:3,14:9970,1933
dwr-suboptimal-old-noisy/50/dwr_noisy_p04_hyp-3_50_3.tar.bz2:0.605119943619:0.0710174:0.6
> 0:False:3,13:9971,1935
> 1:True:3,12:9971,1935
> 2:True:4,13:9971,1935
> 3:False:3,13:9971,1935
> 4:True:3,12:9971,1935
> 5:False:3,13:9971,1935
dwr-suboptimal-old-noisy/50/dwr_noisy_p04_hyp-4_50_1.tar.bz2:0.60737991333:0.0743884:0.6
> 0:True:3,11:9970,1933
> 1:False:3,12:9970,1933
> 2:True:4,12:9970,1933
> 3:False:3,12:9970,1933
> 4:True:3,11:9970,1933
> 5:True:3,11:9970,1933
dwr-suboptimal-old-noisy/50/dwr_noisy_p04_hyp-4_50_2.tar.bz2:0.604269981384:0.0717932:0.61
> 0:True:3,12:9970,1933
> 1:False:3,13:9970,1933
> 2:True:4,13:9970,1933
> 3:False:3,13:9970,1933
> 4:True:3,12:9970,1933
> 5:True:3,12:9970,1933
dwr-suboptimal-old-noisy/50/dwr_noisy_p04_hyp-4_50_3.tar.bz2:0.601899862289:0.0711282:0.6
> 0:False:3,12:9969,1931
> 1:False:3,12:9969,1931
> 2:False:4,13:9969,1931
> 3:False:3,13:9969,1931
> 4:True:3,10:9969,1931
> 5:False:3,12:9969,1931
dwr-suboptimal-old-noisy/50/dwr_noisy_p05_hyp-1_50_1.tar.bz2:1.03258085251:0.2042016:1.03
> 0:True:5,30:39278,4407
> 1:False:5,32:39278,4407
> 2:False:5,32:39278,4407
> 3:False:4,33:39278,4407
> 4:False:4,31:39278,4407
> 5:False:4,32:39278,4407
dwr-suboptimal-old-noisy/50/dwr_noisy_p05_hyp-1_50_2.tar.bz2:1.02900791168:0.2005939:1.03
> 0:True:5,29:39275,4401
> 1:False:5,31:39275,4401
> 2:False:5,31:39275,4401
> 3:False:4,31:39275,4401
> 4:False:4,30:39275,4401
> 5:False:4,30:39275,4401
dwr-suboptimal-old-noisy/50/dwr_noisy_p05_hyp-1_50_3.tar.bz2:1.02628803253:0.2041595:1.02
> 0:True:5,30:39274,4399
> 1:False:5,31:39274,4399
> 2:False:5,31:39274,4399
> 3:False:4,31:39274,4399
> 4:False:4,30:39274,4399
> 5:False:4,30:39274,4399
dwr-suboptimal-old-noisy/50/dwr_noisy_p05_hyp-2_50_1.tar.bz2:1.0295548439:0.2033948:1.04
> 0:False:5,31:39276,4403
> 1:True:5,29:39276,4403
> 2:False:5,30:39276,4403
> 3:False:4,30:39276,4403
> 4:False:4,31:39276,4403
> 5:False:4,31:39276,4403
dwr-suboptimal-old-noisy/50/dwr_noisy_p05_hyp-2_50_2.tar.bz2:1.02964401245:0.2026805:1.03
> 0:False:5,29:39275,4401
> 1:True:5,28:39275,4401
> 2:False:5,29:39275,4401
> 3:False:4,29:39275,4401
> 4:False:4,29:39275,4401
> 5:False:4,29:39275,4401
dwr-suboptimal-old-noisy/50/dwr_noisy_p05_hyp-2_50_3.tar.bz2:1.03343081474:0.2073707:1.04
> 0:False:5,31:39274,4399
> 1:True:5,30:39274,4399
> 2:False:5,31:39274,4399
> 3:False:4,31:39274,4399
> 4:False:4,31:39274,4399
> 5:False:4,32:39274,4399
dwr-suboptimal-old-noisy/50/dwr_noisy_p05_hyp-3_50_1.tar.bz2:1.03098297119:0.2083138:1.02
> 0:False:5,27:39272,4395
> 1:False:5,27:39272,4395
> 2:True:5,26:39272,4395
> 3:False:4,26:39272,4395
> 4:False:4,26:39272,4395
> 5:False:4,26:39272,4395
dwr-suboptimal-old-noisy/50/dwr_noisy_p05_hyp-3_50_2.tar.bz2:1.03175187111:0.2051923:1.04
> 0:True:5,26:39273,4397
> 1:False:5,27:39273,4397
> 2:False:5,27:39273,4397
> 3:False:4,27:39273,4397
> 4:False:4,26:39273,4397
> 5:False:4,27:39273,4397
dwr-suboptimal-old-noisy/50/dwr_noisy_p05_hyp-3_50_3.tar.bz2:1.0307199955:0.2082714:1.04
> 0:True:5,25:39270,4391
> 1:False:5,26:39270,4391
> 2:False:5,26:39270,4391
> 3:False:4,25:39270,4391
> 4:False:4,25:39270,4391
> 5:False:4,25:39270,4391
dwr-suboptimal-old-noisy/50/dwr_noisy_p05_hyp-4_50_1.tar.bz2:1.02517700195:0.2014153:1.02
> 0:True:5,25:39271,4393
> 1:True:5,25:39271,4393
> 2:True:5,25:39271,4393
> 3:True:4,24:39271,4393
> 4:False:4,25:39271,4393
> 5:False:4,25:39271,4393
dwr-suboptimal-old-noisy/50/dwr_noisy_p05_hyp-4_50_2.tar.bz2:1.02461409569:0.2029926:1.03
> 0:False:5,25:39271,4393
> 1:False:5,25:39271,4393
> 2:True:5,24:39271,4393
> 3:True:4,23:39271,4393
> 4:False:4,26:39271,4393
> 5:False:4,25:39271,4393
dwr-suboptimal-old-noisy/50/dwr_noisy_p05_hyp-4_50_3.tar.bz2:1.02851986885:0.2029123:1.03
> 0:True:5,24:39271,4393
> 1:False:5,25:39271,4393
> 2:True:5,24:39271,4393
> 3:False:4,24:39271,4393
> 4:False:4,24:39271,4393
> 5:False:4,25:39271,4393
dwr-suboptimal-old-noisy/70/dwr_noisy_p02_hyp-1_70_1.tar.bz2:0.737926959991:0.07695261:0.74
> 0:True:5,14:6956,1551
> 1:False:5,16:6956,1551
> 2:True:5,14:6956,1551
> 3:False:5,16:6956,1551
> 4:False:5,16:6956,1551
> 5:False:5,15:6956,1551
> 6:False:5,15:6956,1551
> 7:False:5,15:6956,1551
dwr-suboptimal-old-noisy/70/dwr_noisy_p02_hyp-1_70_2.tar.bz2:0.739885807037:0.07653472:0.74
> 0:True:5,14:6957,1553
> 1:False:5,16:6957,1553
> 2:False:5,15:6957,1553
> 3:False:5,16:6957,1553
> 4:False:5,16:6957,1553
> 5:False:5,15:6957,1553
> 6:False:5,16:6957,1553
> 7:False:5,15:6957,1553
dwr-suboptimal-old-noisy/70/dwr_noisy_p02_hyp-1_70_3.tar.bz2:0.736078977585:0.0759531:0.73
> 0:True:5,13:6957,1553
> 1:False:5,14:6957,1553
> 2:False:5,14:6957,1553
> 3:False:5,16:6957,1553
> 4:False:5,16:6957,1553
> 5:False:5,16:6957,1553
> 6:False:5,15:6957,1553
> 7:False:5,14:6957,1553
dwr-suboptimal-old-noisy/70/dwr_noisy_p02_hyp-2_70_1.tar.bz2:0.743608951569:0.07726686:0.75
> 0:False:5,18:6955,1549
> 1:True:5,15:6955,1549
> 2:False:5,17:6955,1549
> 3:False:5,18:6955,1549
> 4:False:5,18:6955,1549
> 5:False:5,17:6955,1549
> 6:False:5,18:6955,1549
> 7:False:5,17:6955,1549
dwr-suboptimal-old-noisy/70/dwr_noisy_p02_hyp-2_70_2.tar.bz2:0.742198944092:0.07829892:0.74
> 0:False:5,16:6957,1553
> 1:True:5,14:6957,1553
> 2:False:5,16:6957,1553
> 3:False:5,17:6957,1553
> 4:False:5,17:6957,1553
> 5:False:5,15:6957,1553
> 6:False:5,16:6957,1553
> 7:False:5,15:6957,1553
dwr-suboptimal-old-noisy/70/dwr_noisy_p02_hyp-2_70_3.tar.bz2:0.738204956055:0.07533108:0.74
> 0:False:5,17:6958,1555
> 1:True:5,15:6958,1555
> 2:False:5,18:6958,1555
> 3:False:5,18:6958,1555
> 4:False:5,17:6958,1555
> 5:False:5,16:6958,1555
> 6:False:5,18:6958,1555
> 7:False:5,17:6958,1555
dwr-suboptimal-old-noisy/70/dwr_noisy_p02_hyp-3_70_1.tar.bz2:0.736711978912:0.07577231:0.74
> 0:False:5,16:6956,1551
> 1:False:5,16:6956,1551
> 2:True:5,15:6956,1551
> 3:False:5,16:6956,1551
> 4:False:5,16:6956,1551
> 5:False:5,17:6956,1551
> 6:False:5,16:6956,1551
> 7:False:5,16:6956,1551
dwr-suboptimal-old-noisy/70/dwr_noisy_p02_hyp-3_70_2.tar.bz2:0.737723827362:0.07412957:0.73
> 0:False:5,15:6958,1555
> 1:False:5,16:6958,1555
> 2:True:5,14:6958,1555
> 3:False:5,16:6958,1555
> 4:False:5,15:6958,1555
> 5:False:5,16:6958,1555
> 6:False:5,16:6958,1555
> 7:False:5,15:6958,1555
dwr-suboptimal-old-noisy/70/dwr_noisy_p02_hyp-3_70_3.tar.bz2:0.744921207428:0.07821615:0.76
> 0:True:5,14:6958,1555
> 1:False:5,15:6958,1555
> 2:True:5,14:6958,1555
> 3:False:5,15:6958,1555
> 4:False:5,15:6958,1555
> 5:False:5,15:6958,1555
> 6:False:5,15:6958,1555
> 7:False:5,15:6958,1555
dwr-suboptimal-old-noisy/70/dwr_noisy_p02_hyp-4_70_1.tar.bz2:0.737761974335:0.07425229:0.74
> 0:False:5,17:6956,1551
> 1:False:5,17:6956,1551
> 2:False:5,17:6956,1551
> 3:True:5,14:6956,1551
> 4:False:5,15:6956,1551
> 5:False:5,17:6956,1551
> 6:False:5,16:6956,1551
> 7:False:5,17:6956,1551
dwr-suboptimal-old-noisy/70/dwr_noisy_p02_hyp-4_70_2.tar.bz2:0.742758989334:0.07690511:0.74
> 0:False:5,17:6957,1553
> 1:False:5,17:6957,1553
> 2:False:5,17:6957,1553
> 3:True:5,14:6957,1553
> 4:False:5,15:6957,1553
> 5:False:5,16:6957,1553
> 6:False:5,16:6957,1553
> 7:False:5,17:6957,1553
dwr-suboptimal-old-noisy/70/dwr_noisy_p02_hyp-4_70_3.tar.bz2:0.735966205597:0.07346474:0.74
> 0:False:5,17:6955,1549
> 1:False:5,17:6955,1549
> 2:False:5,17:6955,1549
> 3:True:5,16:6955,1549
> 4:False:5,17:6955,1549
> 5:False:5,17:6955,1549
> 6:True:5,16:6955,1549
> 7:False:5,17:6955,1549
dwr-suboptimal-old-noisy/70/dwr_noisy_p04_hyp-1_70_1.tar.bz2:0.606433868408:0.0738537:0.6
> 0:True:3,13:9973,1939
> 1:False:3,15:9973,1939
> 2:False:4,15:9973,1939
> 3:False:3,14:9973,1939
> 4:False:3,14:9973,1939
> 5:False:3,14:9973,1939
dwr-suboptimal-old-noisy/70/dwr_noisy_p04_hyp-1_70_2.tar.bz2:0.601531982422:0.0689075:0.6
> 0:True:3,14:9970,1933
> 1:False:3,15:9970,1933
> 2:True:4,15:9970,1933
> 3:True:3,14:9970,1933
> 4:False:3,15:9970,1933
> 5:False:3,15:9970,1933
dwr-suboptimal-old-noisy/70/dwr_noisy_p04_hyp-1_70_3.tar.bz2:0.600731134415:0.0668213:0.61
> 0:True:3,13:9970,1933
> 1:False:3,15:9970,1933
> 2:False:4,15:9970,1933
> 3:False:3,14:9970,1933
> 4:False:3,15:9970,1933
> 5:False:3,14:9970,1933
dwr-suboptimal-old-noisy/70/dwr_noisy_p04_hyp-2_70_1.tar.bz2:0.602488040924:0.069732:0.6
> 0:False:3,18:9972,1937
> 1:False:3,16:9972,1937
> 2:True:4,16:9972,1937
> 3:False:3,17:9972,1937
> 4:False:3,18:9972,1937
> 5:False:3,17:9972,1937
dwr-suboptimal-old-noisy/70/dwr_noisy_p04_hyp-2_70_2.tar.bz2:0.601783037186:0.0719718:0.61
> 0:False:3,18:9973,1939
> 1:False:3,18:9973,1939
> 2:True:4,16:9973,1939
> 3:False:3,17:9973,1939
> 4:False:3,17:9973,1939
> 5:False:3,17:9973,1939
dwr-suboptimal-old-noisy/70/dwr_noisy_p04_hyp-2_70_3.tar.bz2:0.601650953293:0.0693654:0.6
> 0:False:3,17:9972,1937
> 1:False:3,17:9972,1937
> 2:True:4,17:9972,1937
> 3:True:3,16:9972,1937
> 4:False:3,18:9972,1937
> 5:False:3,18:9972,1937
dwr-suboptimal-old-noisy/70/dwr_noisy_p04_hyp-3_70_1.tar.bz2:0.603008985519:0.0714124:0.61
> 0:False:3,16:9973,1939
> 1:True:3,15:9973,1939
> 2:True:4,16:9973,1939
> 3:False:3,16:9973,1939
> 4:False:3,16:9973,1939
> 5:False:3,16:9973,1939
dwr-suboptimal-old-noisy/70/dwr_noisy_p04_hyp-3_70_2.tar.bz2:0.603322029114:0.0707326:0.6
> 0:False:3,17:9972,1937
> 1:True:3,15:9972,1937
> 2:False:4,17:9972,1937
> 3:False:3,16:9972,1937
> 4:False:3,16:9972,1937
> 5:False:3,16:9972,1937
dwr-suboptimal-old-noisy/70/dwr_noisy_p04_hyp-3_70_3.tar.bz2:0.601058006287:0.0703528:0.59
> 0:False:3,16:9972,1937
> 1:True:3,13:9972,1937
> 2:False:4,15:9972,1937
> 3:False:3,15:9972,1937
> 4:False:3,15:9972,1937
> 5:False:3,16:9972,1937
dwr-suboptimal-old-noisy/70/dwr_noisy_p04_hyp-4_70_1.tar.bz2:0.602882862091:0.0708083:0.6
> 0:False:3,15:9975,1943
> 1:True:3,14:9975,1943
> 2:False:4,16:9975,1943
> 3:False:3,15:9975,1943
> 4:True:3,14:9975,1943
> 5:False:3,15:9975,1943
dwr-suboptimal-old-noisy/70/dwr_noisy_p04_hyp-4_70_2.tar.bz2:0.607086896896:0.075626:0.6
> 0:False:3,15:9975,1943
> 1:False:3,16:9975,1943
> 2:False:4,16:9975,1943
> 3:False:3,16:9975,1943
> 4:True:3,14:9975,1943
> 5:False:3,15:9975,1943
dwr-suboptimal-old-noisy/70/dwr_noisy_p04_hyp-4_70_3.tar.bz2:0.604319095612:0.0699253:0.6
> 0:False:3,16:9973,1939
> 1:False:3,16:9973,1939
> 2:True:4,16:9973,1939
> 3:False:3,16:9973,1939
> 4:True:3,15:9973,1939
> 5:False:3,16:9973,1939
dwr-suboptimal-old-noisy/70/dwr_noisy_p05_hyp-1_70_1.tar.bz2:1.0344979763:0.2053578:1.04
> 0:True:5,40:39281,4413
> 1:True:5,40:39281,4413
> 2:False:5,41:39281,4413
> 3:False:4,41:39281,4413
> 4:False:4,40:39281,4413
> 5:False:4,40:39281,4413
dwr-suboptimal-old-noisy/70/dwr_noisy_p05_hyp-1_70_2.tar.bz2:1.04293584824:0.212845:1.04
> 0:True:5,41:39279,4409
> 1:True:5,41:39279,4409
> 2:True:5,41:39279,4409
> 3:False:4,41:39279,4409
> 4:False:4,41:39279,4409
> 5:False:4,41:39279,4409
dwr-suboptimal-old-noisy/70/dwr_noisy_p05_hyp-1_70_3.tar.bz2:1.03636884689:0.2104789:1.04
> 0:True:5,40:39282,4415
> 1:False:5,41:39282,4415
> 2:False:5,41:39282,4415
> 3:False:4,41:39282,4415
> 4:False:4,40:39282,4415
> 5:False:4,40:39282,4415
dwr-suboptimal-old-noisy/70/dwr_noisy_p05_hyp-2_70_1.tar.bz2:1.03161096573:0.2033245:1.03
> 0:False:5,41:39281,4413
> 1:True:5,39:39281,4413
> 2:False:5,42:39281,4413
> 3:False:4,40:39281,4413
> 4:False:4,40:39281,4413
> 5:False:4,40:39281,4413
dwr-suboptimal-old-noisy/70/dwr_noisy_p05_hyp-2_70_2.tar.bz2:1.04018902779:0.215018:1.05
> 0:False:5,40:39281,4413
> 1:True:5,39:39281,4413
> 2:False:5,41:39281,4413
> 3:False:4,39:39281,4413
> 4:False:4,40:39281,4413
> 5:False:4,40:39281,4413
dwr-suboptimal-old-noisy/70/dwr_noisy_p05_hyp-2_70_3.tar.bz2:1.03388500214:0.2072039:1.03
> 0:False:5,41:39280,4411
> 1:True:5,39:39280,4411
> 2:False:5,40:39280,4411
> 3:False:4,40:39280,4411
> 4:False:4,41:39280,4411
> 5:False:4,40:39280,4411
dwr-suboptimal-old-noisy/70/dwr_noisy_p05_hyp-3_70_1.tar.bz2:1.02856612206:0.2023225:1.03
> 0:False:5,34:39276,4403
> 1:False:5,34:39276,4403
> 2:True:5,33:39276,4403
> 3:False:4,34:39276,4403
> 4:False:4,34:39276,4403
> 5:False:4,34:39276,4403
dwr-suboptimal-old-noisy/70/dwr_noisy_p05_hyp-3_70_2.tar.bz2:1.03240013123:0.2092761:1.02
> 0:False:5,35:39277,4405
> 1:True:5,34:39277,4405
> 2:True:5,34:39277,4405
> 3:False:4,35:39277,4405
> 4:False:4,34:39277,4405
> 5:False:4,34:39277,4405
dwr-suboptimal-old-noisy/70/dwr_noisy_p05_hyp-3_70_3.tar.bz2:1.02831721306:0.2042241:1.03
> 0:False:5,36:39275,4401
> 1:True:5,35:39275,4401
> 2:True:5,35:39275,4401
> 3:False:4,35:39275,4401
> 4:False:4,35:39275,4401
> 5:False:4,36:39275,4401
dwr-suboptimal-old-noisy/70/dwr_noisy_p05_hyp-4_70_1.tar.bz2:1.02841806412:0.2010334:1.03
> 0:False:5,33:39276,4403
> 1:False:5,32:39276,4403
> 2:True:5,31:39276,4403
> 3:False:4,31:39276,4403
> 4:False:4,33:39276,4403
> 5:False:4,33:39276,4403
dwr-suboptimal-old-noisy/70/dwr_noisy_p05_hyp-4_70_2.tar.bz2:1.02646684647:0.2037429:1.04
> 0:False:5,33:39276,4403
> 1:False:5,32:39276,4403
> 2:True:5,31:39276,4403
> 3:True:4,30:39276,4403
> 4:False:4,33:39276,4403
> 5:False:4,33:39276,4403
dwr-suboptimal-old-noisy/70/dwr_noisy_p05_hyp-4_70_3.tar.bz2:1.02912521362:0.2052483:1.02
> 0:False:5,33:39277,4405
> 1:False:5,33:39277,4405
> 2:True:5,31:39277,4405
> 3:False:4,32:39277,4405
> 4:False:4,33:39277,4405
> 5:False:4,33:39277,4405
dwr-suboptimal-old-noisy/100/dwr_noisy_p02_hyp-1_full_1.tar.bz2:0.736680984497:0.07482954:0.74
> 0:True:5,16:6959,1557
> 1:False:5,20:6959,1557
> 2:False:5,17:6959,1557
> 3:False:5,20:6959,1557
> 4:False:5,19:6959,1557
> 5:False:5,19:6959,1557
> 6:False:5,19:6959,1557
> 7:False:5,18:6959,1557
dwr-suboptimal-old-noisy/100/dwr_noisy_p02_hyp-1_full_2.tar.bz2:0.737632036209:0.07681895:0.74
> 0:True:5,16:6960,1559
> 1:False:5,19:6960,1559
> 2:False:5,17:6960,1559
> 3:False:5,20:6960,1559
> 4:False:5,19:6960,1559
> 5:False:5,19:6960,1559
> 6:False:5,19:6960,1559
> 7:False:5,18:6960,1559
dwr-suboptimal-old-noisy/100/dwr_noisy_p02_hyp-1_full_3.tar.bz2:0.735191106796:0.07598719:0.74
> 0:True:5,16:6960,1559
> 1:False:5,20:6960,1559
> 2:False:5,17:6960,1559
> 3:False:5,20:6960,1559
> 4:False:5,19:6960,1559
> 5:False:5,19:6960,1559
> 6:False:5,19:6960,1559
> 7:False:5,18:6960,1559
dwr-suboptimal-old-noisy/100/dwr_noisy_p02_hyp-2_full_1.tar.bz2:0.7406001091:0.07664603:0.74
> 0:False:5,22:6962,1563
> 1:True:5,18:6962,1563
> 2:False:5,21:6962,1563
> 3:False:5,21:6962,1563
> 4:False:5,22:6962,1563
> 5:False:5,20:6962,1563
> 6:False:5,21:6962,1563
> 7:False:5,21:6962,1563
dwr-suboptimal-old-noisy/100/dwr_noisy_p02_hyp-2_full_2.tar.bz2:0.738749027252:0.07588417:0.73
> 0:False:5,22:6961,1561
> 1:True:5,18:6961,1561
> 2:False:5,21:6961,1561
> 3:False:5,22:6961,1561
> 4:False:5,22:6961,1561
> 5:False:5,20:6961,1561
> 6:False:5,22:6961,1561
> 7:False:5,21:6961,1561
dwr-suboptimal-old-noisy/100/dwr_noisy_p02_hyp-2_full_3.tar.bz2:0.740026950836:0.07520378:0.74
> 0:False:5,22:6962,1563
> 1:True:5,18:6962,1563
> 2:False:5,21:6962,1563
> 3:False:5,20:6962,1563
> 4:False:5,21:6962,1563
> 5:False:5,20:6962,1563
> 6:False:5,21:6962,1563
> 7:False:5,21:6962,1563
dwr-suboptimal-old-noisy/100/dwr_noisy_p02_hyp-3_full_1.tar.bz2:0.737868070602:0.07450792:0.73
> 0:False:5,17:6960,1559
> 1:False:5,19:6960,1559
> 2:True:5,16:6960,1559
> 3:False:5,19:6960,1559
> 4:False:5,18:6960,1559
> 5:False:5,19:6960,1559
> 6:False:5,19:6960,1559
> 7:False:5,19:6960,1559
dwr-suboptimal-old-noisy/100/dwr_noisy_p02_hyp-3_full_2.tar.bz2:0.737689971924:0.07498794:0.74
> 0:False:5,17:6959,1557
> 1:False:5,19:6959,1557
> 2:True:5,16:6959,1557
> 3:False:5,20:6959,1557
> 4:False:5,19:6959,1557
> 5:False:5,20:6959,1557
> 6:False:5,20:6959,1557
> 7:False:5,19:6959,1557
dwr-suboptimal-old-noisy/100/dwr_noisy_p02_hyp-3_full_3.tar.bz2:0.735993146896:0.07700202:0.74
> 0:False:5,17:6961,1561
> 1:False:5,19:6961,1561
> 2:True:5,16:6961,1561
> 3:False:5,20:6961,1561
> 4:False:5,19:6961,1561
> 5:False:5,20:6961,1561
> 6:False:5,20:6961,1561
> 7:False:5,19:6961,1561
dwr-suboptimal-old-noisy/100/dwr_noisy_p02_hyp-4_full_1.tar.bz2:0.7393450737:0.07604386:0.74
> 0:False:5,22:6960,1559
> 1:False:5,22:6960,1559
> 2:False:5,22:6960,1559
> 3:True:5,18:6960,1559
> 4:False:5,19:6960,1559
> 5:False:5,21:6960,1559
> 6:False:5,20:6960,1559
> 7:False:5,22:6960,1559
dwr-suboptimal-old-noisy/100/dwr_noisy_p02_hyp-4_full_2.tar.bz2:0.74011015892:0.07706819:0.75
> 0:False:5,21:6963,1565
> 1:False:5,22:6963,1565
> 2:False:5,22:6963,1565
> 3:True:5,18:6963,1565
> 4:False:5,19:6963,1565
> 5:False:5,20:6963,1565
> 6:False:5,19:6963,1565
> 7:False:5,21:6963,1565
dwr-suboptimal-old-noisy/100/dwr_noisy_p02_hyp-4_full_3.tar.bz2:0.736871957779:0.07571968:0.74
> 0:False:5,21:6962,1563
> 1:False:5,21:6962,1563
> 2:False:5,21:6962,1563
> 3:True:5,18:6962,1563
> 4:False:5,19:6962,1563
> 5:False:5,21:6962,1563
> 6:False:5,20:6962,1563
> 7:False:5,21:6962,1563
dwr-suboptimal-old-noisy/100/dwr_noisy_p04_hyp-1_full_1.tar.bz2:0.600550889969:0.069169:0.6
> 0:True:3,16:9973,1939
> 1:False:3,19:9973,1939
> 2:False:4,19:9973,1939
> 3:False:3,18:9973,1939
> 4:False:3,18:9973,1939
> 5:False:3,17:9973,1939
dwr-suboptimal-old-noisy/100/dwr_noisy_p04_hyp-1_full_2.tar.bz2:0.598479986191:0.067675:0.6
> 0:True:3,16:9973,1939
> 1:False:3,19:9973,1939
> 2:False:4,19:9973,1939
> 3:False:3,18:9973,1939
> 4:False:3,18:9973,1939
> 5:False:3,17:9973,1939
dwr-suboptimal-old-noisy/100/dwr_noisy_p04_hyp-1_full_3.tar.bz2:0.603600025177:0.0692609:0.6
> 0:True:3,16:9973,1939
> 1:False:3,19:9973,1939
> 2:False:4,19:9973,1939
> 3:False:3,18:9973,1939
> 4:False:3,18:9973,1939
> 5:False:3,17:9973,1939
dwr-suboptimal-old-noisy/100/dwr_noisy_p04_hyp-2_full_1.tar.bz2:0.603333950043:0.0706377:0.61
> 0:False:3,23:9977,1947
> 1:False:3,22:9977,1947
> 2:True:4,20:9977,1947
> 3:False:3,21:9977,1947
> 4:False:3,23:9977,1947
> 5:False:3,22:9977,1947
dwr-suboptimal-old-noisy/100/dwr_noisy_p04_hyp-2_full_2.tar.bz2:0.603303909302:0.0703243:0.6
> 0:False:3,23:9976,1945
> 1:False:3,22:9976,1945
> 2:True:4,20:9976,1945
> 3:False:3,21:9976,1945
> 4:False:3,23:9976,1945
> 5:False:3,22:9976,1945
dwr-suboptimal-old-noisy/100/dwr_noisy_p04_hyp-2_full_3.tar.bz2:0.604173898697:0.0689625:0.61
> 0:False:3,23:9977,1947
> 1:False:3,22:9977,1947
> 2:True:4,20:9977,1947
> 3:False:3,21:9977,1947
> 4:False:3,23:9977,1947
> 5:False:3,22:9977,1947
dwr-suboptimal-old-noisy/100/dwr_noisy_p04_hyp-3_full_1.tar.bz2:0.604199886322:0.0702201:0.6
> 0:False:3,21:9974,1941
> 1:True:3,18:9974,1941
> 2:False:4,20:9974,1941
> 3:False:3,20:9974,1941
> 4:False:3,20:9974,1941
> 5:False:3,21:9974,1941
dwr-suboptimal-old-noisy/100/dwr_noisy_p04_hyp-3_full_2.tar.bz2:0.602656841278:0.0710727:0.6
> 0:False:3,21:9976,1945
> 1:True:3,18:9976,1945
> 2:False:4,20:9976,1945
> 3:False:3,20:9976,1945
> 4:False:3,20:9976,1945
> 5:False:3,21:9976,1945
dwr-suboptimal-old-noisy/100/dwr_noisy_p04_hyp-3_full_3.tar.bz2:0.601444959641:0.0699087:0.61
> 0:False:3,21:9976,1945
> 1:True:3,18:9976,1945
> 2:False:4,20:9976,1945
> 3:False:3,20:9976,1945
> 4:False:3,19:9976,1945
> 5:False:3,21:9976,1945
dwr-suboptimal-old-noisy/100/dwr_noisy_p04_hyp-4_full_1.tar.bz2:0.602650880814:0.0702299:0.6
> 0:False:3,20:9977,1947
> 1:False:3,20:9977,1947
> 2:False:4,20:9977,1947
> 3:False:3,21:9977,1947
> 4:True:3,18:9977,1947
> 5:False:3,19:9977,1947
dwr-suboptimal-old-noisy/100/dwr_noisy_p04_hyp-4_full_2.tar.bz2:0.600013971329:0.0696197:0.6
> 0:False:3,20:9975,1943
> 1:False:3,20:9975,1943
> 2:False:4,21:9975,1943
> 3:False:3,21:9975,1943
> 4:True:3,18:9975,1943
> 5:False:3,20:9975,1943
dwr-suboptimal-old-noisy/100/dwr_noisy_p04_hyp-4_full_3.tar.bz2:0.603487014771:0.0709383:0.6
> 0:False:3,20:9977,1947
> 1:False:3,20:9977,1947
> 2:False:4,21:9977,1947
> 3:False:3,21:9977,1947
> 4:True:3,18:9977,1947
> 5:False:3,20:9977,1947
dwr-suboptimal-old-noisy/100/dwr_noisy_p05_hyp-1_full_1.tar.bz2:1.03612685204:0.2060192:1.03
> 0:True:5,52:39292,4435
> 1:False:5,54:39292,4435
> 2:False:5,55:39292,4435
> 3:False:4,56:39292,4435
> 4:False:4,52:39292,4435
> 5:False:4,54:39292,4435
dwr-suboptimal-old-noisy/100/dwr_noisy_p05_hyp-1_full_2.tar.bz2:1.03490805626:0.2073075:1.04
> 0:True:5,52:39291,4433
> 1:False:5,54:39291,4433
> 2:False:5,55:39291,4433
> 3:False:4,56:39291,4433
> 4:False:4,52:39291,4433
> 5:False:4,54:39291,4433
dwr-suboptimal-old-noisy/100/dwr_noisy_p05_hyp-1_full_3.tar.bz2:1.03577399254:0.2074909:1.04
> 0:True:5,52:39294,4439
> 1:True:5,52:39294,4439
> 2:False:5,55:39294,4439
> 3:False:4,55:39294,4439
> 4:False:4,52:39294,4439
> 5:False:4,54:39294,4439
dwr-suboptimal-old-noisy/100/dwr_noisy_p05_hyp-2_full_1.tar.bz2:1.0328271389:0.2083038:1.03
> 0:False:5,53:39291,4433
> 1:True:5,50:39291,4433
> 2:False:5,53:39291,4433
> 3:False:4,53:39291,4433
> 4:False:4,53:39291,4433
> 5:False:4,52:39291,4433
dwr-suboptimal-old-noisy/100/dwr_noisy_p05_hyp-2_full_2.tar.bz2:1.03166890144:0.2061646:1.02
> 0:False:5,53:39289,4429
> 1:True:5,50:39289,4429
> 2:False:5,53:39289,4429
> 3:False:4,53:39289,4429
> 4:False:4,53:39289,4429
> 5:False:4,52:39289,4429
dwr-suboptimal-old-noisy/100/dwr_noisy_p05_hyp-2_full_3.tar.bz2:1.0364689827:0.205863:1.04
> 0:False:5,53:39290,4431
> 1:True:5,50:39290,4431
> 2:False:5,53:39290,4431
> 3:False:4,53:39290,4431
> 4:False:4,53:39290,4431
> 5:False:4,53:39290,4431
dwr-suboptimal-old-noisy/100/dwr_noisy_p05_hyp-3_full_1.tar.bz2:1.03012609482:0.2044498:1.03
> 0:False:5,44:39284,4419
> 1:False:5,45:39284,4419
> 2:False:5,45:39284,4419
> 3:False:4,46:39284,4419
> 4:True:4,42:39284,4419
> 5:False:4,43:39284,4419
dwr-suboptimal-old-noisy/100/dwr_noisy_p05_hyp-3_full_2.tar.bz2:1.03369617462:0.2068244:1.03
> 0:False:5,44:39285,4421
> 1:False:5,45:39285,4421
> 2:False:5,45:39285,4421
> 3:False:4,46:39285,4421
> 4:True:4,42:39285,4421
> 5:False:4,44:39285,4421
dwr-suboptimal-old-noisy/100/dwr_noisy_p05_hyp-3_full_3.tar.bz2:1.02993488312:0.2027311:1.04
> 0:False:5,44:39286,4423
> 1:False:5,45:39286,4423
> 2:False:5,44:39286,4423
> 3:False:4,45:39286,4423
> 4:True:4,42:39286,4423
> 5:False:4,44:39286,4423
dwr-suboptimal-old-noisy/100/dwr_noisy_p05_hyp-4_full_1.tar.bz2:1.02694892883:0.2020275:1.02
> 0:False:5,44:39281,4413
> 1:False:5,43:39281,4413
> 2:False:5,42:39281,4413
> 3:True:4,40:39281,4413
> 4:False:4,44:39281,4413
> 5:False:4,44:39281,4413
dwr-suboptimal-old-noisy/100/dwr_noisy_p05_hyp-4_full_2.tar.bz2:1.02990293503:0.2045546:1.02
> 0:False:5,44:39283,4417
> 1:False:5,43:39283,4417
> 2:False:5,42:39283,4417
> 3:True:4,40:39283,4417
> 4:False:4,43:39283,4417
> 5:False:4,43:39283,4417
dwr-suboptimal-old-noisy/100/dwr_noisy_p05_hyp-4_full_3.tar.bz2:1.02737402916:0.200809:1.03
> 0:False:5,44:39284,4419
> 1:False:5,43:39284,4419
> 2:False:5,42:39284,4419
> 3:True:4,40:39284,4419
> 4:False:4,44:39284,4419
> 5:False:4,44:39284,4419
