dwr-optimal-old-noisy/10/dwr_noisy_p02_hyp-1_10_1.tar.bz2:0.722898006439:0.06967241:0.73
> 0:True:5,7:6946,1529
> 1:False:5,8:6946,1529
> 2:True:5,7:6946,1529
> 3:False:5,8:6946,1529
> 4:False:5,8:6946,1529
> 5:False:5,8:6946,1529
> 6:False:5,8:6946,1529
> 7:False:5,8:6946,1529
dwr-optimal-old-noisy/10/dwr_noisy_p02_hyp-1_10_2.tar.bz2:0.727658987045:0.07215843:0.73
> 0:False:5,9:6947,1530
> 1:False:5,9:6947,1530
> 2:False:5,10:6947,1530
> 3:False:5,9:6947,1530
> 4:False:5,9:6947,1530
> 5:True:5,8:6947,1530
> 6:True:5,8:6947,1530
> 7:False:5,9:6947,1530
dwr-optimal-old-noisy/10/dwr_noisy_p02_hyp-1_10_3.tar.bz2:0.723832130432:0.07108371:0.73
> 0:True:5,7:6947,1530
> 1:True:5,7:6947,1530
> 2:False:5,8:6947,1530
> 3:False:5,9:6947,1530
> 4:False:5,8:6947,1530
> 5:True:5,7:6947,1530
> 6:False:5,9:6947,1530
> 7:False:5,9:6947,1530
dwr-optimal-old-noisy/10/dwr_noisy_p02_hyp-2_10_1.tar.bz2:0.725919961929:0.07049964:0.73
> 0:False:5,8:6946,1529
> 1:True:5,7:6946,1529
> 2:False:5,8:6946,1529
> 3:False:5,8:6946,1529
> 4:False:5,8:6946,1529
> 5:False:5,8:6946,1529
> 6:False:5,8:6946,1529
> 7:True:5,7:6946,1529
dwr-optimal-old-noisy/10/dwr_noisy_p02_hyp-2_10_2.tar.bz2:0.723919868469:0.07033218:0.73
> 0:False:5,9:6946,1529
> 1:True:5,7:6946,1529
> 2:False:5,9:6946,1529
> 3:False:5,9:6946,1529
> 4:False:5,9:6946,1529
> 5:False:5,8:6946,1529
> 6:False:5,8:6946,1529
> 7:True:5,7:6946,1529
dwr-optimal-old-noisy/10/dwr_noisy_p02_hyp-2_10_3.tar.bz2:0.723208904266:0.0703943:0.73
> 0:True:5,10:6947,1530
> 1:False:5,11:6947,1530
> 2:True:5,10:6947,1530
> 3:False:5,11:6947,1530
> 4:False:5,11:6947,1530
> 5:False:5,11:6947,1530
> 6:False:5,11:6947,1530
> 7:False:5,11:6947,1530
dwr-optimal-old-noisy/10/dwr_noisy_p02_hyp-3_10_1.tar.bz2:0.732283115387:0.07498032:0.73
> 0:False:5,9:6946,1529
> 1:True:5,8:6946,1529
> 2:False:5,9:6946,1529
> 3:True:5,8:6946,1529
> 4:True:5,8:6946,1529
> 5:True:5,8:6946,1529
> 6:False:5,9:6946,1529
> 7:False:5,9:6946,1529
dwr-optimal-old-noisy/10/dwr_noisy_p02_hyp-3_10_2.tar.bz2:0.724251031876:0.0730212:0.73
> 0:True:5,10:6947,1530
> 1:True:5,10:6947,1530
> 2:False:5,11:6947,1530
> 3:False:5,11:6947,1530
> 4:False:5,11:6947,1530
> 5:True:5,10:6947,1530
> 6:False:5,11:6947,1530
> 7:False:5,11:6947,1530
dwr-optimal-old-noisy/10/dwr_noisy_p02_hyp-3_10_3.tar.bz2:0.724262952805:0.07144957:0.73
> 0:True:5,7:6946,1529
> 1:True:5,7:6946,1529
> 2:True:5,7:6946,1529
> 3:True:5,7:6946,1529
> 4:True:5,7:6946,1529
> 5:True:5,7:6946,1529
> 6:True:5,7:6946,1529
> 7:True:5,7:6946,1529
dwr-optimal-old-noisy/10/dwr_noisy_p02_hyp-4_10_1.tar.bz2:0.725947856903:0.07229643:0.73
> 0:False:5,9:6947,1530
> 1:False:5,9:6947,1530
> 2:False:5,9:6947,1530
> 3:False:5,9:6947,1530
> 4:False:5,9:6947,1530
> 5:True:5,8:6947,1530
> 6:True:5,8:6947,1530
> 7:False:5,9:6947,1530
dwr-optimal-old-noisy/10/dwr_noisy_p02_hyp-4_10_2.tar.bz2:0.72630906105:0.07205989:0.73
> 0:False:5,10:6947,1530
> 1:False:5,10:6947,1530
> 2:False:5,10:6947,1530
> 3:False:5,9:6947,1530
> 4:False:5,9:6947,1530
> 5:False:5,9:6947,1530
> 6:True:5,8:6947,1530
> 7:False:5,10:6947,1530
dwr-optimal-old-noisy/10/dwr_noisy_p02_hyp-4_10_3.tar.bz2:0.725616931915:0.07077762:0.73
> 0:False:5,8:6947,1530
> 1:False:5,9:6947,1530
> 2:False:5,8:6947,1530
> 3:False:5,9:6947,1530
> 4:False:5,10:6947,1530
> 5:False:5,8:6947,1530
> 6:True:5,7:6947,1530
> 7:False:5,8:6947,1530
dwr-optimal-old-noisy/10/dwr_noisy_p04_hyp-1_10_1.tar.bz2:0.592024803162:0.0672315:0.59
> 0:False:3,7:9962,1915
> 1:False:3,7:9962,1915
> 2:True:4,7:9962,1915
> 3:False:3,7:9962,1915
> 4:False:3,7:9962,1915
> 5:False:3,7:9962,1915
dwr-optimal-old-noisy/10/dwr_noisy_p04_hyp-1_10_2.tar.bz2:0.59335899353:0.0655858:0.6
> 0:True:3,7:9962,1915
> 1:True:3,7:9962,1915
> 2:True:4,8:9962,1915
> 3:True:3,7:9962,1915
> 4:True:3,7:9962,1915
> 5:True:3,7:9962,1915
dwr-optimal-old-noisy/10/dwr_noisy_p04_hyp-1_10_3.tar.bz2:0.58906006813:0.0651548:0.59
> 0:True:3,7:9962,1915
> 1:True:3,7:9962,1915
> 2:True:4,8:9962,1915
> 3:True:3,7:9962,1915
> 4:True:3,7:9962,1915
> 5:True:3,7:9962,1915
dwr-optimal-old-noisy/10/dwr_noisy_p04_hyp-2_10_1.tar.bz2:0.595869064331:0.0711341:0.6
> 0:False:3,7:9962,1915
> 1:False:3,6:9962,1915
> 2:True:4,6:9962,1915
> 3:False:3,6:9962,1915
> 4:False:3,7:9962,1915
> 5:False:3,7:9962,1915
dwr-optimal-old-noisy/10/dwr_noisy_p04_hyp-2_10_2.tar.bz2:0.595678091049:0.0713276:0.6
> 0:True:3,6:9962,1915
> 1:True:3,6:9962,1915
> 2:True:4,7:9962,1915
> 3:True:3,6:9962,1915
> 4:True:3,6:9962,1915
> 5:True:3,6:9962,1915
dwr-optimal-old-noisy/10/dwr_noisy_p04_hyp-2_10_3.tar.bz2:0.598786115646:0.0709749:0.61
> 0:False:3,7:9962,1915
> 1:False:3,6:9962,1915
> 2:True:4,6:9962,1915
> 3:False:3,6:9962,1915
> 4:False:3,7:9962,1915
> 5:False:3,7:9962,1915
dwr-optimal-old-noisy/10/dwr_noisy_p04_hyp-3_10_1.tar.bz2:0.592297077179:0.066865:0.59
> 0:False:3,10:9963,1916
> 1:False:3,9:9963,1916
> 2:False:4,10:9963,1916
> 3:False:3,10:9963,1916
> 4:True:3,8:9963,1916
> 5:False:3,10:9963,1916
dwr-optimal-old-noisy/10/dwr_noisy_p04_hyp-3_10_2.tar.bz2:0.59055519104:0.0681778:0.59
> 0:False:3,6:9962,1915
> 1:False:3,5:9962,1915
> 2:True:4,5:9962,1915
> 3:False:3,5:9962,1915
> 4:False:3,6:9962,1915
> 5:False:3,6:9962,1915
dwr-optimal-old-noisy/10/dwr_noisy_p04_hyp-3_10_3.tar.bz2:0.595743179321:0.0668449:0.61
> 0:False:3,9:9963,1916
> 1:False:3,9:9963,1916
> 2:True:4,9:9963,1916
> 3:False:3,9:9963,1916
> 4:True:3,8:9963,1916
> 5:False:3,9:9963,1916
dwr-optimal-old-noisy/10/dwr_noisy_p04_hyp-4_10_1.tar.bz2:0.588347911835:0.0650577:0.59
> 0:False:3,7:9963,1916
> 1:False:3,6:9963,1916
> 2:False:4,7:9963,1916
> 3:False:3,7:9963,1916
> 4:True:3,5:9963,1916
> 5:False:3,7:9963,1916
dwr-optimal-old-noisy/10/dwr_noisy_p04_hyp-4_10_2.tar.bz2:0.596925020218:0.0706649:0.59
> 0:False:3,8:9963,1916
> 1:False:3,7:9963,1916
> 2:True:4,7:9963,1916
> 3:False:3,7:9963,1916
> 4:False:3,8:9963,1916
> 5:False:3,8:9963,1916
dwr-optimal-old-noisy/10/dwr_noisy_p04_hyp-4_10_3.tar.bz2:0.591544866562:0.0656223:0.6
> 0:False:3,8:9962,1915
> 1:False:3,8:9962,1915
> 2:True:4,8:9962,1915
> 3:False:3,8:9962,1915
> 4:False:3,8:9962,1915
> 5:False:3,8:9962,1915
dwr-optimal-old-noisy/10/dwr_noisy_p05_hyp-1_10_1.tar.bz2:1.02256608009:0.2036778:1.02
> 0:True:5,13:39257,4360
> 1:True:5,13:39257,4360
> 2:False:5,14:39257,4360
> 3:False:4,14:39257,4360
> 4:False:4,13:39257,4360
> 5:False:4,14:39257,4360
dwr-optimal-old-noisy/10/dwr_noisy_p05_hyp-1_10_2.tar.bz2:1.01008796692:0.1940973:1.01
> 0:True:5,11:39258,4361
> 1:False:5,12:39258,4361
> 2:False:5,13:39258,4361
> 3:False:4,13:39258,4361
> 4:False:4,12:39258,4361
> 5:False:4,12:39258,4361
dwr-optimal-old-noisy/10/dwr_noisy_p05_hyp-1_10_3.tar.bz2:1.0152759552:0.1996775:1.02
> 0:True:5,15:39258,4361
> 1:True:5,15:39258,4361
> 2:True:5,15:39258,4361
> 3:True:4,14:39258,4361
> 4:True:4,14:39258,4361
> 5:True:4,14:39258,4361
dwr-optimal-old-noisy/10/dwr_noisy_p05_hyp-2_10_1.tar.bz2:1.01191401482:0.1988362:1.01
> 0:True:5,15:39258,4361
> 1:True:5,15:39258,4361
> 2:True:5,15:39258,4361
> 3:True:4,14:39258,4361
> 4:False:4,15:39258,4361
> 5:False:4,15:39258,4361
dwr-optimal-old-noisy/10/dwr_noisy_p05_hyp-2_10_2.tar.bz2:1.02085399628:0.2046063:1.03
> 0:True:5,12:39256,4359
> 1:True:5,12:39256,4359
> 2:True:5,12:39256,4359
> 3:True:4,11:39256,4359
> 4:False:4,12:39256,4359
> 5:False:4,12:39256,4359
dwr-optimal-old-noisy/10/dwr_noisy_p05_hyp-2_10_3.tar.bz2:1.00920701027:0.1972748:1.01
> 0:True:5,13:39256,4359
> 1:True:5,13:39256,4359
> 2:True:5,13:39256,4359
> 3:False:4,13:39256,4359
> 4:False:4,13:39256,4359
> 5:False:4,13:39256,4359
dwr-optimal-old-noisy/10/dwr_noisy_p05_hyp-3_10_1.tar.bz2:1.01166200638:0.1946823:1.01
> 0:True:5,10:39256,4359
> 1:True:5,10:39256,4359
> 2:True:5,10:39256,4359
> 3:False:4,10:39256,4359
> 4:False:4,10:39256,4359
> 5:False:4,10:39256,4359
dwr-optimal-old-noisy/10/dwr_noisy_p05_hyp-3_10_2.tar.bz2:1.01179909706:0.1935464:1.01
> 0:True:5,12:39257,4360
> 1:True:5,12:39257,4360
> 2:True:5,12:39257,4360
> 3:True:4,11:39257,4360
> 4:False:4,12:39257,4360
> 5:False:4,12:39257,4360
dwr-optimal-old-noisy/10/dwr_noisy_p05_hyp-3_10_3.tar.bz2:1.01163005829:0.1941152:1.01
> 0:True:5,12:39257,4360
> 1:True:5,12:39257,4360
> 2:True:5,12:39257,4360
> 3:False:4,12:39257,4360
> 4:False:4,12:39257,4360
> 5:False:4,12:39257,4360
dwr-optimal-old-noisy/10/dwr_noisy_p05_hyp-4_10_1.tar.bz2:1.01008605957:0.1900541:1.01
> 0:False:5,12:39256,4359
> 1:False:5,12:39256,4359
> 2:True:5,11:39256,4359
> 3:False:4,11:39256,4359
> 4:False:4,12:39256,4359
> 5:False:4,12:39256,4359
dwr-optimal-old-noisy/10/dwr_noisy_p05_hyp-4_10_2.tar.bz2:1.01222801208:0.1957799:1.02
> 0:True:5,12:39256,4359
> 1:True:5,12:39256,4359
> 2:True:5,12:39256,4359
> 3:True:4,11:39256,4359
> 4:True:4,11:39256,4359
> 5:True:4,11:39256,4359
dwr-optimal-old-noisy/10/dwr_noisy_p05_hyp-4_10_3.tar.bz2:1.00741696358:0.1915851:1.01
> 0:True:5,13:39257,4360
> 1:True:5,13:39257,4360
> 2:True:5,13:39257,4360
> 3:True:4,12:39257,4360
> 4:False:4,13:39257,4360
> 5:False:4,13:39257,4360
dwr-optimal-old-noisy/30/dwr_noisy_p02_hyp-1_30_1.tar.bz2:0.723867893219:0.07282708:0.73
> 0:True:5,12:6949,1532
> 1:False:5,13:6949,1532
> 2:False:5,13:6949,1532
> 3:False:5,13:6949,1532
> 4:False:5,13:6949,1532
> 5:True:5,12:6949,1532
> 6:True:5,12:6949,1532
> 7:True:5,12:6949,1532
dwr-optimal-old-noisy/30/dwr_noisy_p02_hyp-1_30_2.tar.bz2:0.724359989166:0.06934897:0.71
> 0:False:5,11:6949,1532
> 1:False:5,12:6949,1532
> 2:False:5,11:6949,1532
> 3:False:5,11:6949,1532
> 4:True:5,10:6949,1532
> 5:False:5,12:6949,1532
> 6:False:5,12:6949,1532
> 7:False:5,11:6949,1532
dwr-optimal-old-noisy/30/dwr_noisy_p02_hyp-1_30_3.tar.bz2:0.729429960251:0.07055424:0.73
> 0:True:5,10:6949,1532
> 1:True:5,10:6949,1532
> 2:True:5,10:6949,1532
> 3:False:5,11:6949,1532
> 4:False:5,11:6949,1532
> 5:True:5,10:6949,1532
> 6:True:5,10:6949,1532
> 7:True:5,10:6949,1532
dwr-optimal-old-noisy/30/dwr_noisy_p02_hyp-2_30_1.tar.bz2:0.723544836044:0.0730032:0.72
> 0:False:5,12:6949,1532
> 1:True:5,10:6949,1532
> 2:False:5,11:6949,1532
> 3:False:5,13:6949,1532
> 4:False:5,13:6949,1532
> 5:False:5,12:6949,1532
> 6:False:5,12:6949,1532
> 7:False:5,11:6949,1532
dwr-optimal-old-noisy/30/dwr_noisy_p02_hyp-2_30_2.tar.bz2:0.724195957184:0.07059495:0.72
> 0:True:5,13:6949,1532
> 1:True:5,13:6949,1532
> 2:True:5,13:6949,1532
> 3:False:5,14:6949,1532
> 4:False:5,14:6949,1532
> 5:False:5,14:6949,1532
> 6:False:5,14:6949,1532
> 7:True:5,13:6949,1532
dwr-optimal-old-noisy/30/dwr_noisy_p02_hyp-2_30_3.tar.bz2:0.728229999542:0.07387318:0.73
> 0:False:5,11:6947,1530
> 1:True:5,9:6947,1530
> 2:False:5,11:6947,1530
> 3:False:5,10:6947,1530
> 4:False:5,10:6947,1530
> 5:False:5,10:6947,1530
> 6:False:5,10:6947,1530
> 7:True:5,9:6947,1530
dwr-optimal-old-noisy/30/dwr_noisy_p02_hyp-3_30_1.tar.bz2:0.725302934647:0.07093043:0.73
> 0:True:5,11:6949,1532
> 1:False:5,12:6949,1532
> 2:True:5,11:6949,1532
> 3:False:5,12:6949,1532
> 4:True:5,11:6949,1532
> 5:False:5,12:6949,1532
> 6:False:5,12:6949,1532
> 7:True:5,11:6949,1532
dwr-optimal-old-noisy/30/dwr_noisy_p02_hyp-3_30_2.tar.bz2:0.723276853561:0.07120746:0.72
> 0:True:5,12:6949,1532
> 1:False:5,13:6949,1532
> 2:False:5,13:6949,1532
> 3:False:5,14:6949,1532
> 4:False:5,13:6949,1532
> 5:False:5,13:6949,1532
> 6:False:5,14:6949,1532
> 7:False:5,13:6949,1532
dwr-optimal-old-noisy/30/dwr_noisy_p02_hyp-3_30_3.tar.bz2:0.721493005753:0.07090456:0.72
> 0:True:5,8:6948,1531
> 1:False:5,10:6948,1531
> 2:True:5,8:6948,1531
> 3:False:5,10:6948,1531
> 4:False:5,9:6948,1531
> 5:False:5,10:6948,1531
> 6:False:5,10:6948,1531
> 7:False:5,10:6948,1531
dwr-optimal-old-noisy/30/dwr_noisy_p02_hyp-4_30_1.tar.bz2:0.722052097321:0.07026527:0.73
> 0:False:5,9:6949,1532
> 1:False:5,9:6949,1532
> 2:False:5,10:6949,1532
> 3:False:5,9:6949,1532
> 4:True:5,8:6949,1532
> 5:False:5,9:6949,1532
> 6:False:5,10:6949,1532
> 7:False:5,10:6949,1532
dwr-optimal-old-noisy/30/dwr_noisy_p02_hyp-4_30_2.tar.bz2:0.719690084457:0.06988108:0.72
> 0:True:5,9:6948,1531
> 1:True:5,9:6948,1531
> 2:False:5,10:6948,1531
> 3:False:5,10:6948,1531
> 4:True:5,9:6948,1531
> 5:True:5,9:6948,1531
> 6:True:5,9:6948,1531
> 7:True:5,9:6948,1531
dwr-optimal-old-noisy/30/dwr_noisy_p02_hyp-4_30_3.tar.bz2:0.722630023956:0.06979761:0.72
> 0:True:5,8:6948,1531
> 1:True:5,8:6948,1531
> 2:True:5,8:6948,1531
> 3:True:5,8:6948,1531
> 4:True:5,8:6948,1531
> 5:True:5,8:6948,1531
> 6:False:5,9:6948,1531
> 7:False:5,9:6948,1531
dwr-optimal-old-noisy/30/dwr_noisy_p04_hyp-1_30_1.tar.bz2:0.594003915787:0.0664999:0.6
> 0:True:3,9:9965,1918
> 1:False:3,10:9965,1918
> 2:True:4,10:9965,1918
> 3:False:3,10:9965,1918
> 4:True:3,9:9965,1918
> 5:True:3,9:9965,1918
dwr-optimal-old-noisy/30/dwr_noisy_p04_hyp-1_30_2.tar.bz2:0.593935966492:0.0668544:0.6
> 0:True:3,9:9965,1918
> 1:False:3,10:9965,1918
> 2:True:4,10:9965,1918
> 3:False:3,10:9965,1918
> 4:True:3,9:9965,1918
> 5:True:3,9:9965,1918
dwr-optimal-old-noisy/30/dwr_noisy_p04_hyp-1_30_3.tar.bz2:0.5967669487:0.0694504:0.6
> 0:True:3,9:9964,1917
> 1:True:3,9:9964,1917
> 2:True:4,10:9964,1917
> 3:True:3,9:9964,1917
> 4:True:3,9:9964,1917
> 5:True:3,9:9964,1917
dwr-optimal-old-noisy/30/dwr_noisy_p04_hyp-2_30_1.tar.bz2:0.592893123627:0.066199:0.6
> 0:False:3,11:9964,1917
> 1:False:3,10:9964,1917
> 2:True:4,10:9964,1917
> 3:False:3,10:9964,1917
> 4:False:3,11:9964,1917
> 5:False:3,11:9964,1917
dwr-optimal-old-noisy/30/dwr_noisy_p04_hyp-2_30_2.tar.bz2:0.59253692627:0.0664952:0.59
> 0:False:3,11:9965,1918
> 1:False:3,11:9965,1918
> 2:True:4,11:9965,1918
> 3:False:3,11:9965,1918
> 4:False:3,11:9965,1918
> 5:False:3,11:9965,1918
dwr-optimal-old-noisy/30/dwr_noisy_p04_hyp-2_30_3.tar.bz2:0.595257997513:0.0684525:0.6
> 0:False:3,10:9964,1917
> 1:False:3,10:9964,1917
> 2:True:4,10:9964,1917
> 3:False:3,10:9964,1917
> 4:False:3,10:9964,1917
> 5:False:3,10:9964,1917
dwr-optimal-old-noisy/30/dwr_noisy_p04_hyp-3_30_1.tar.bz2:0.590135097504:0.0667343:0.6
> 0:False:3,10:9964,1917
> 1:True:3,8:9964,1917
> 2:True:4,9:9964,1917
> 3:True:3,8:9964,1917
> 4:False:3,10:9964,1917
> 5:False:3,10:9964,1917
dwr-optimal-old-noisy/30/dwr_noisy_p04_hyp-3_30_2.tar.bz2:0.59437918663:0.0687203:0.59
> 0:False:3,11:9965,1918
> 1:True:3,10:9965,1918
> 2:True:4,11:9965,1918
> 3:False:3,11:9965,1918
> 4:False:3,11:9965,1918
> 5:False:3,11:9965,1918
dwr-optimal-old-noisy/30/dwr_noisy_p04_hyp-3_30_3.tar.bz2:0.590289115906:0.0671439:0.58
> 0:True:3,10:9965,1918
> 1:True:3,10:9965,1918
> 2:True:4,11:9965,1918
> 3:True:3,10:9965,1918
> 4:True:3,10:9965,1918
> 5:True:3,10:9965,1918
dwr-optimal-old-noisy/30/dwr_noisy_p04_hyp-4_30_1.tar.bz2:0.593394041061:0.0667697:0.59
> 0:False:3,9:9964,1917
> 1:False:3,9:9964,1917
> 2:False:4,10:9964,1917
> 3:False:3,10:9964,1917
> 4:True:3,7:9964,1917
> 5:False:3,9:9964,1917
dwr-optimal-old-noisy/30/dwr_noisy_p04_hyp-4_30_2.tar.bz2:0.591689109802:0.0664347:0.59
> 0:True:3,11:9964,1917
> 1:True:3,11:9964,1917
> 2:True:4,12:9964,1917
> 3:True:3,11:9964,1917
> 4:True:3,11:9964,1917
> 5:True:3,11:9964,1917
dwr-optimal-old-noisy/30/dwr_noisy_p04_hyp-4_30_3.tar.bz2:0.593809127808:0.065617:0.6
> 0:False:3,11:9965,1918
> 1:False:3,11:9965,1918
> 2:False:4,12:9965,1918
> 3:False:3,12:9965,1918
> 4:True:3,9:9965,1918
> 5:False:3,11:9965,1918
dwr-optimal-old-noisy/30/dwr_noisy_p05_hyp-1_30_1.tar.bz2:1.00368189812:0.1951445:1.01
> 0:True:5,25:39265,4368
> 1:True:5,25:39265,4368
> 2:False:5,26:39265,4368
> 3:False:4,26:39265,4368
> 4:False:4,26:39265,4368
> 5:False:4,27:39265,4368
dwr-optimal-old-noisy/30/dwr_noisy_p05_hyp-1_30_2.tar.bz2:1.02251911163:0.2049278:1.02
> 0:False:5,26:39263,4366
> 1:False:5,27:39263,4366
> 2:False:5,27:39263,4366
> 3:False:4,27:39263,4366
> 4:False:4,25:39263,4366
> 5:True:4,24:39263,4366
dwr-optimal-old-noisy/30/dwr_noisy_p05_hyp-1_30_3.tar.bz2:1.01709604263:0.197416:1.02
> 0:True:5,28:39266,4369
> 1:True:5,28:39266,4369
> 2:True:5,28:39266,4369
> 3:True:4,27:39266,4369
> 4:False:4,28:39266,4369
> 5:False:4,28:39266,4369
dwr-optimal-old-noisy/30/dwr_noisy_p05_hyp-2_30_1.tar.bz2:1.02263903618:0.1968087:1.01
> 0:False:5,27:39266,4369
> 1:False:5,26:39266,4369
> 2:True:5,25:39266,4369
> 3:False:4,26:39266,4369
> 4:False:4,27:39266,4369
> 5:False:4,26:39266,4369
dwr-optimal-old-noisy/30/dwr_noisy_p05_hyp-2_30_2.tar.bz2:1.01455497742:0.1961864:1.01
> 0:False:5,27:39266,4369
> 1:True:5,25:39266,4369
> 2:False:5,26:39266,4369
> 3:False:4,26:39266,4369
> 4:False:4,27:39266,4369
> 5:False:4,27:39266,4369
dwr-optimal-old-noisy/30/dwr_noisy_p05_hyp-2_30_3.tar.bz2:0.999669075012:0.1890152:1.01
> 0:True:5,27:39268,4371
> 1:True:5,27:39268,4371
> 2:False:5,30:39268,4371
> 3:False:4,30:39268,4371
> 4:False:4,28:39268,4371
> 5:False:4,28:39268,4371
dwr-optimal-old-noisy/30/dwr_noisy_p05_hyp-3_30_1.tar.bz2:1.02267885208:0.2000811:1.01
> 0:True:5,17:39261,4364
> 1:False:5,19:39261,4364
> 2:False:5,19:39261,4364
> 3:False:4,19:39261,4364
> 4:False:4,17:39261,4364
> 5:False:4,18:39261,4364
dwr-optimal-old-noisy/30/dwr_noisy_p05_hyp-3_30_2.tar.bz2:1.02206707001:0.1988959:1.02
> 0:False:5,21:39266,4369
> 1:True:5,20:39266,4369
> 2:False:5,22:39266,4369
> 3:False:4,22:39266,4369
> 4:False:4,20:39266,4369
> 5:False:4,20:39266,4369
dwr-optimal-old-noisy/30/dwr_noisy_p05_hyp-3_30_3.tar.bz2:1.01365494728:0.1963843:1.01
> 0:True:5,20:39266,4369
> 1:True:5,20:39266,4369
> 2:False:5,21:39266,4369
> 3:False:4,21:39266,4369
> 4:False:4,20:39266,4369
> 5:False:4,21:39266,4369
dwr-optimal-old-noisy/30/dwr_noisy_p05_hyp-4_30_1.tar.bz2:1.01604604721:0.196095:1.02
> 0:False:5,24:39264,4367
> 1:True:5,23:39264,4367
> 2:False:5,24:39264,4367
> 3:True:4,22:39264,4367
> 4:False:4,23:39264,4367
> 5:False:4,24:39264,4367
dwr-optimal-old-noisy/30/dwr_noisy_p05_hyp-4_30_2.tar.bz2:1.01347494125:0.1952958:1.02
> 0:True:5,23:39263,4366
> 1:False:5,24:39263,4366
> 2:False:5,25:39263,4366
> 3:False:4,25:39263,4366
> 4:False:4,24:39263,4366
> 5:False:4,25:39263,4366
dwr-optimal-old-noisy/30/dwr_noisy_p05_hyp-4_30_3.tar.bz2:1.00923109055:0.1935937:1.0
> 0:False:5,23:39264,4367
> 1:True:5,22:39264,4367
> 2:True:5,22:39264,4367
> 3:True:4,21:39264,4367
> 4:False:4,23:39264,4367
> 5:False:4,23:39264,4367
dwr-optimal-old-noisy/50/dwr_noisy_p02_hyp-1_50_1.tar.bz2:0.723675966263:0.06888095:0.72
> 0:True:5,13:6952,1535
> 1:False:5,16:6952,1535
> 2:True:5,13:6952,1535
> 3:False:5,16:6952,1535
> 4:False:5,16:6952,1535
> 5:False:5,15:6952,1535
> 6:False:5,15:6952,1535
> 7:False:5,15:6952,1535
dwr-optimal-old-noisy/50/dwr_noisy_p02_hyp-1_50_2.tar.bz2:0.721061944962:0.0692681:0.72
> 0:True:5,14:6953,1536
> 1:False:5,15:6953,1536
> 2:True:5,14:6953,1536
> 3:True:5,14:6953,1536
> 4:True:5,14:6953,1536
> 5:False:5,15:6953,1536
> 6:False:5,15:6953,1536
> 7:False:5,15:6953,1536
dwr-optimal-old-noisy/50/dwr_noisy_p02_hyp-1_50_3.tar.bz2:0.727133989334:0.07030171:0.73
> 0:True:5,14:6952,1535
> 1:False:5,16:6952,1535
> 2:False:5,15:6952,1535
> 3:False:5,16:6952,1535
> 4:False:5,15:6952,1535
> 5:False:5,16:6952,1535
> 6:False:5,16:6952,1535
> 7:False:5,15:6952,1535
dwr-optimal-old-noisy/50/dwr_noisy_p02_hyp-2_50_1.tar.bz2:0.723322868347:0.06934083:0.73
> 0:False:5,17:6953,1536
> 1:True:5,15:6953,1536
> 2:False:5,16:6953,1536
> 3:False:5,16:6953,1536
> 4:False:5,16:6953,1536
> 5:True:5,15:6953,1536
> 6:True:5,15:6953,1536
> 7:False:5,16:6953,1536
dwr-optimal-old-noisy/50/dwr_noisy_p02_hyp-2_50_2.tar.bz2:0.722861051559:0.06990042:0.72
> 0:True:5,13:6952,1535
> 1:True:5,13:6952,1535
> 2:True:5,13:6952,1535
> 3:False:5,14:6952,1535
> 4:False:5,14:6952,1535
> 5:False:5,14:6952,1535
> 6:False:5,14:6952,1535
> 7:True:5,13:6952,1535
dwr-optimal-old-noisy/50/dwr_noisy_p02_hyp-2_50_3.tar.bz2:0.719008922577:0.06975539:0.72
> 0:False:5,13:6952,1535
> 1:True:5,12:6952,1535
> 2:True:5,12:6952,1535
> 3:False:5,13:6952,1535
> 4:False:5,13:6952,1535
> 5:False:5,13:6952,1535
> 6:False:5,13:6952,1535
> 7:False:5,13:6952,1535
dwr-optimal-old-noisy/50/dwr_noisy_p02_hyp-3_50_1.tar.bz2:0.725900173187:0.07167608:0.73
> 0:False:5,14:6952,1535
> 1:False:5,15:6952,1535
> 2:False:5,14:6952,1535
> 3:False:5,14:6952,1535
> 4:True:5,13:6952,1535
> 5:False:5,14:6952,1535
> 6:False:5,14:6952,1535
> 7:False:5,14:6952,1535
dwr-optimal-old-noisy/50/dwr_noisy_p02_hyp-3_50_2.tar.bz2:0.721372127533:0.0720664:0.72
> 0:False:5,15:6951,1534
> 1:False:5,15:6951,1534
> 2:True:5,14:6951,1534
> 3:False:5,16:6951,1534
> 4:False:5,15:6951,1534
> 5:False:5,16:6951,1534
> 6:False:5,16:6951,1534
> 7:False:5,15:6951,1534
dwr-optimal-old-noisy/50/dwr_noisy_p02_hyp-3_50_3.tar.bz2:0.720108032227:0.06993658:0.73
> 0:True:5,15:6952,1535
> 1:True:5,15:6952,1535
> 2:True:5,15:6952,1535
> 3:True:5,15:6952,1535
> 4:True:5,15:6952,1535
> 5:True:5,15:6952,1535
> 6:False:5,16:6952,1535
> 7:True:5,15:6952,1535
dwr-optimal-old-noisy/50/dwr_noisy_p02_hyp-4_50_1.tar.bz2:0.721315860748:0.06947712:0.73
> 0:False:5,13:6950,1533
> 1:False:5,13:6950,1533
> 2:False:5,13:6950,1533
> 3:True:5,11:6950,1533
> 4:True:5,11:6950,1533
> 5:False:5,12:6950,1533
> 6:False:5,12:6950,1533
> 7:False:5,13:6950,1533
dwr-optimal-old-noisy/50/dwr_noisy_p02_hyp-4_50_2.tar.bz2:0.718866825104:0.06833885:0.72
> 0:True:5,13:6951,1534
> 1:False:5,15:6951,1534
> 2:True:5,13:6951,1534
> 3:True:5,13:6951,1534
> 4:True:5,13:6951,1534
> 5:False:5,15:6951,1534
> 6:False:5,14:6951,1534
> 7:False:5,14:6951,1534
dwr-optimal-old-noisy/50/dwr_noisy_p02_hyp-4_50_3.tar.bz2:0.719585180283:0.06975913:0.72
> 0:False:5,13:6951,1534
> 1:False:5,14:6951,1534
> 2:False:5,13:6951,1534
> 3:False:5,13:6951,1534
> 4:False:5,14:6951,1534
> 5:False:5,13:6951,1534
> 6:True:5,12:6951,1534
> 7:False:5,13:6951,1534
dwr-optimal-old-noisy/50/dwr_noisy_p04_hyp-1_50_1.tar.bz2:0.590164899826:0.0666509:0.59
> 0:True:3,12:9968,1921
> 1:False:3,14:9968,1921
> 2:False:4,14:9968,1921
> 3:False:3,14:9968,1921
> 4:False:3,14:9968,1921
> 5:True:3,12:9968,1921
dwr-optimal-old-noisy/50/dwr_noisy_p04_hyp-1_50_2.tar.bz2:0.59459400177:0.0665043:0.6
> 0:True:3,11:9967,1920
> 1:False:3,13:9967,1920
> 2:False:4,13:9967,1920
> 3:False:3,13:9967,1920
> 4:False:3,12:9967,1920
> 5:True:3,11:9967,1920
dwr-optimal-old-noisy/50/dwr_noisy_p04_hyp-1_50_3.tar.bz2:0.590623855591:0.0664325:0.6
> 0:False:3,9:9966,1919
> 1:False:3,9:9966,1919
> 2:True:4,9:9966,1919
> 3:False:3,9:9966,1919
> 4:False:3,9:9966,1919
> 5:False:3,9:9966,1919
dwr-optimal-old-noisy/50/dwr_noisy_p04_hyp-2_50_1.tar.bz2:0.593581199646:0.0682518:0.58
> 0:False:3,12:9967,1920
> 1:False:3,12:9967,1920
> 2:True:4,11:9967,1920
> 3:False:3,12:9967,1920
> 4:False:3,12:9967,1920
> 5:False:3,11:9967,1920
dwr-optimal-old-noisy/50/dwr_noisy_p04_hyp-2_50_2.tar.bz2:0.591326951981:0.0665525:0.59
> 0:False:3,14:9968,1921
> 1:False:3,14:9968,1921
> 2:True:4,12:9968,1921
> 3:False:3,13:9968,1921
> 4:False:3,13:9968,1921
> 5:False:3,13:9968,1921
dwr-optimal-old-noisy/50/dwr_noisy_p04_hyp-2_50_3.tar.bz2:0.586515903473:0.0646036:0.59
> 0:False:3,13:9968,1921
> 1:False:3,12:9968,1921
> 2:True:4,12:9968,1921
> 3:False:3,12:9968,1921
> 4:False:3,13:9968,1921
> 5:False:3,13:9968,1921
dwr-optimal-old-noisy/50/dwr_noisy_p04_hyp-3_50_1.tar.bz2:0.591873168945:0.0662448:0.6
> 0:False:3,15:9967,1920
> 1:True:3,12:9967,1920
> 2:False:4,14:9967,1920
> 3:False:3,14:9967,1920
> 4:False:3,14:9967,1920
> 5:False:3,15:9967,1920
dwr-optimal-old-noisy/50/dwr_noisy_p04_hyp-3_50_2.tar.bz2:0.590398073196:0.0670372:0.59
> 0:False:3,12:9968,1921
> 1:False:3,13:9968,1921
> 2:True:4,12:9968,1921
> 3:False:3,12:9968,1921
> 4:False:3,13:9968,1921
> 5:False:3,13:9968,1921
dwr-optimal-old-noisy/50/dwr_noisy_p04_hyp-3_50_3.tar.bz2:0.59116601944:0.0661161:0.6
> 0:False:3,12:9966,1919
> 1:True:3,11:9966,1919
> 2:False:4,13:9966,1919
> 3:False:3,12:9966,1919
> 4:True:3,11:9966,1919
> 5:False:3,12:9966,1919
dwr-optimal-old-noisy/50/dwr_noisy_p04_hyp-4_50_1.tar.bz2:0.591357946396:0.0664262:0.59
> 0:False:3,13:9967,1920
> 1:False:3,13:9967,1920
> 2:True:4,13:9967,1920
> 3:False:3,13:9967,1920
> 4:False:3,13:9967,1920
> 5:False:3,13:9967,1920
dwr-optimal-old-noisy/50/dwr_noisy_p04_hyp-4_50_2.tar.bz2:0.596410036087:0.0678267:0.59
> 0:False:3,15:9968,1921
> 1:False:3,16:9968,1921
> 2:False:4,16:9968,1921
> 3:False:3,16:9968,1921
> 4:True:3,14:9968,1921
> 5:False:3,15:9968,1921
dwr-optimal-old-noisy/50/dwr_noisy_p04_hyp-4_50_3.tar.bz2:0.589338064194:0.0654761:0.59
> 0:False:3,14:9969,1922
> 1:False:3,14:9969,1922
> 2:False:4,15:9969,1922
> 3:False:3,14:9969,1922
> 4:True:3,13:9969,1922
> 5:False:3,14:9969,1922
dwr-optimal-old-noisy/50/dwr_noisy_p05_hyp-1_50_1.tar.bz2:1.01674509048:0.1996377:1.01
> 0:False:5,36:39269,4372
> 1:False:5,36:39269,4372
> 2:True:5,35:39269,4372
> 3:False:4,36:39269,4372
> 4:False:4,36:39269,4372
> 5:False:4,36:39269,4372
dwr-optimal-old-noisy/50/dwr_noisy_p05_hyp-1_50_2.tar.bz2:1.00581097603:0.1904491:1.0
> 0:False:5,35:39273,4376
> 1:True:5,34:39273,4376
> 2:False:5,37:39273,4376
> 3:False:4,37:39273,4376
> 4:False:4,36:39273,4376
> 5:False:4,37:39273,4376
dwr-optimal-old-noisy/50/dwr_noisy_p05_hyp-1_50_3.tar.bz2:1.00933098793:0.1936316:1.01
> 0:True:5,32:39271,4374
> 1:True:5,32:39271,4374
> 2:False:5,34:39271,4374
> 3:False:4,34:39271,4374
> 4:False:4,33:39271,4374
> 5:False:4,34:39271,4374
dwr-optimal-old-noisy/50/dwr_noisy_p05_hyp-2_50_1.tar.bz2:1.00990390778:0.1939666:1.02
> 0:False:5,35:39270,4373
> 1:True:5,33:39270,4373
> 2:False:5,36:39270,4373
> 3:False:4,35:39270,4373
> 4:False:4,35:39270,4373
> 5:False:4,34:39270,4373
dwr-optimal-old-noisy/50/dwr_noisy_p05_hyp-2_50_2.tar.bz2:1.01505613327:0.1954922:1.02
> 0:True:5,34:39269,4372
> 1:True:5,34:39269,4372
> 2:False:5,37:39269,4372
> 3:False:4,36:39269,4372
> 4:False:4,35:39269,4372
> 5:False:4,34:39269,4372
dwr-optimal-old-noisy/50/dwr_noisy_p05_hyp-2_50_3.tar.bz2:1.01893401146:0.1984392:1.02
> 0:True:5,33:39271,4374
> 1:True:5,33:39271,4374
> 2:False:5,34:39271,4374
> 3:False:4,34:39271,4374
> 4:False:4,33:39271,4374
> 5:False:4,34:39271,4374
dwr-optimal-old-noisy/50/dwr_noisy_p05_hyp-3_50_1.tar.bz2:1.01023697853:0.1950419:1.01
> 0:True:5,30:39270,4373
> 1:False:5,31:39270,4373
> 2:False:5,32:39270,4373
> 3:False:4,32:39270,4373
> 4:False:4,30:39270,4373
> 5:False:4,31:39270,4373
dwr-optimal-old-noisy/50/dwr_noisy_p05_hyp-3_50_2.tar.bz2:1.01179003716:0.1946144:1.02
> 0:False:5,32:39271,4374
> 1:False:5,33:39271,4374
> 2:False:5,32:39271,4374
> 3:False:4,33:39271,4374
> 4:True:4,30:39271,4374
> 5:False:4,32:39271,4374
dwr-optimal-old-noisy/50/dwr_noisy_p05_hyp-3_50_3.tar.bz2:1.00562810898:0.1895232:1.01
> 0:True:5,29:39268,4371
> 1:True:5,29:39268,4371
> 2:False:5,30:39268,4371
> 3:False:4,30:39268,4371
> 4:False:4,29:39268,4371
> 5:False:4,30:39268,4371
dwr-optimal-old-noisy/50/dwr_noisy_p05_hyp-4_50_1.tar.bz2:1.00752592087:0.1947907:1.02
> 0:True:5,28:39265,4368
> 1:False:5,29:39265,4368
> 2:False:5,29:39265,4368
> 3:False:4,29:39265,4368
> 4:False:4,28:39265,4368
> 5:False:4,28:39265,4368
dwr-optimal-old-noisy/50/dwr_noisy_p05_hyp-4_50_2.tar.bz2:1.01176595688:0.1915414:1.01
> 0:False:5,30:39269,4372
> 1:False:5,30:39269,4372
> 2:True:5,28:39269,4372
> 3:True:4,27:39269,4372
> 4:False:4,30:39269,4372
> 5:False:4,30:39269,4372
dwr-optimal-old-noisy/50/dwr_noisy_p05_hyp-4_50_3.tar.bz2:1.01444983482:0.1954472:1.01
> 0:False:5,30:39269,4372
> 1:True:5,28:39269,4372
> 2:False:5,29:39269,4372
> 3:True:4,27:39269,4372
> 4:False:4,29:39269,4372
> 5:False:4,29:39269,4372
dwr-optimal-old-noisy/70/dwr_noisy_p02_hyp-1_70_1.tar.bz2:0.721157073975:0.06902553:0.72
> 0:True:5,13:6953,1536
> 1:False:5,16:6953,1536
> 2:True:5,13:6953,1536
> 3:False:5,16:6953,1536
> 4:False:5,15:6953,1536
> 5:False:5,16:6953,1536
> 6:False:5,16:6953,1536
> 7:False:5,15:6953,1536
dwr-optimal-old-noisy/70/dwr_noisy_p02_hyp-1_70_2.tar.bz2:0.723358154297:0.07009482:0.72
> 0:True:5,14:6955,1538
> 1:False:5,16:6955,1538
> 2:False:5,15:6955,1538
> 3:False:5,15:6955,1538
> 4:False:5,15:6955,1538
> 5:False:5,16:6955,1538
> 6:False:5,16:6955,1538
> 7:False:5,16:6955,1538
dwr-optimal-old-noisy/70/dwr_noisy_p02_hyp-1_70_3.tar.bz2:0.727356910706:0.07058285:0.72
> 0:True:5,15:6955,1538
> 1:False:5,17:6955,1538
> 2:False:5,16:6955,1538
> 3:False:5,18:6955,1538
> 4:False:5,17:6955,1538
> 5:False:5,17:6955,1538
> 6:False:5,17:6955,1538
> 7:True:5,15:6955,1538
dwr-optimal-old-noisy/70/dwr_noisy_p02_hyp-2_70_1.tar.bz2:0.722308158875:0.06902195:0.73
> 0:False:5,16:6955,1538
> 1:False:5,15:6955,1538
> 2:False:5,17:6955,1538
> 3:False:5,17:6955,1538
> 4:False:5,17:6955,1538
> 5:True:5,14:6955,1538
> 6:False:5,16:6955,1538
> 7:False:5,15:6955,1538
dwr-optimal-old-noisy/70/dwr_noisy_p02_hyp-2_70_2.tar.bz2:0.722175121307:0.07009279:0.73
> 0:False:5,16:6953,1536
> 1:True:5,13:6953,1536
> 2:False:5,15:6953,1536
> 3:False:5,15:6953,1536
> 4:False:5,16:6953,1536
> 5:False:5,15:6953,1536
> 6:False:5,15:6953,1536
> 7:False:5,15:6953,1536
dwr-optimal-old-noisy/70/dwr_noisy_p02_hyp-2_70_3.tar.bz2:0.719304084778:0.06907014:0.72
> 0:False:5,16:6953,1536
> 1:True:5,12:6953,1536
> 2:False:5,15:6953,1536
> 3:False:5,15:6953,1536
> 4:False:5,16:6953,1536
> 5:False:5,14:6953,1536
> 6:False:5,15:6953,1536
> 7:False:5,15:6953,1536
dwr-optimal-old-noisy/70/dwr_noisy_p02_hyp-3_70_1.tar.bz2:0.727445840836:0.06946457:0.72
> 0:False:5,15:6955,1538
> 1:False:5,17:6955,1538
> 2:True:5,14:6955,1538
> 3:False:5,17:6955,1538
> 4:False:5,16:6955,1538
> 5:False:5,17:6955,1538
> 6:False:5,17:6955,1538
> 7:False:5,17:6955,1538
dwr-optimal-old-noisy/70/dwr_noisy_p02_hyp-3_70_2.tar.bz2:0.72140789032:0.06857357:0.73
> 0:True:5,16:6956,1539
> 1:False:5,19:6956,1539
> 2:True:5,16:6956,1539
> 3:False:5,18:6956,1539
> 4:False:5,17:6956,1539
> 5:False:5,19:6956,1539
> 6:False:5,19:6956,1539
> 7:False:5,18:6956,1539
dwr-optimal-old-noisy/70/dwr_noisy_p02_hyp-3_70_3.tar.bz2:0.721704959869:0.06895368:0.72
> 0:False:5,12:6954,1537
> 1:False:5,14:6954,1537
> 2:True:5,11:6954,1537
> 3:False:5,15:6954,1537
> 4:False:5,14:6954,1537
> 5:False:5,15:6954,1537
> 6:False:5,15:6954,1537
> 7:False:5,14:6954,1537
dwr-optimal-old-noisy/70/dwr_noisy_p02_hyp-4_70_1.tar.bz2:0.721465110779:0.06925627:0.72
> 0:False:5,17:6955,1538
> 1:False:5,16:6955,1538
> 2:False:5,17:6955,1538
> 3:True:5,14:6955,1538
> 4:False:5,15:6955,1538
> 5:False:5,16:6955,1538
> 6:False:5,16:6955,1538
> 7:False:5,17:6955,1538
dwr-optimal-old-noisy/70/dwr_noisy_p02_hyp-4_70_2.tar.bz2:0.721480846405:0.06917595:0.73
> 0:False:5,15:6955,1538
> 1:False:5,16:6955,1538
> 2:False:5,15:6955,1538
> 3:True:5,12:6955,1538
> 4:True:5,12:6955,1538
> 5:False:5,15:6955,1538
> 6:False:5,14:6955,1538
> 7:False:5,15:6955,1538
dwr-optimal-old-noisy/70/dwr_noisy_p02_hyp-4_70_3.tar.bz2:0.721737146378:0.06874672:0.72
> 0:False:5,15:6955,1538
> 1:False:5,16:6955,1538
> 2:False:5,15:6955,1538
> 3:True:5,13:6955,1538
> 4:True:5,13:6955,1538
> 5:False:5,15:6955,1538
> 6:False:5,14:6955,1538
> 7:False:5,15:6955,1538
dwr-optimal-old-noisy/70/dwr_noisy_p04_hyp-1_70_1.tar.bz2:0.591006994247:0.0655732:0.59
> 0:True:3,12:9969,1922
> 1:False:3,15:9969,1922
> 2:False:4,15:9969,1922
> 3:False:3,14:9969,1922
> 4:False:3,14:9969,1922
> 5:False:3,13:9969,1922
dwr-optimal-old-noisy/70/dwr_noisy_p04_hyp-1_70_2.tar.bz2:0.591626882553:0.0653546:0.59
> 0:True:3,12:9968,1921
> 1:False:3,15:9968,1921
> 2:False:4,15:9968,1921
> 3:False:3,14:9968,1921
> 4:False:3,14:9968,1921
> 5:False:3,13:9968,1921
dwr-optimal-old-noisy/70/dwr_noisy_p04_hyp-1_70_3.tar.bz2:0.590466976166:0.0673577:0.59
> 0:True:3,13:9968,1921
> 1:False:3,14:9968,1921
> 2:True:4,14:9968,1921
> 3:False:3,14:9968,1921
> 4:False:3,14:9968,1921
> 5:False:3,14:9968,1921
dwr-optimal-old-noisy/70/dwr_noisy_p04_hyp-2_70_1.tar.bz2:0.589378118515:0.0660377:0.59
> 0:False:3,16:9971,1924
> 1:False:3,15:9971,1924
> 2:True:4,14:9971,1924
> 3:False:3,14:9971,1924
> 4:False:3,16:9971,1924
> 5:False:3,15:9971,1924
dwr-optimal-old-noisy/70/dwr_noisy_p04_hyp-2_70_2.tar.bz2:0.590208053589:0.0666688:0.59
> 0:False:3,16:9970,1923
> 1:False:3,16:9970,1923
> 2:True:4,14:9970,1923
> 3:False:3,15:9970,1923
> 4:False:3,16:9970,1923
> 5:False:3,15:9970,1923
dwr-optimal-old-noisy/70/dwr_noisy_p04_hyp-2_70_3.tar.bz2:0.592845916748:0.0663925:0.59
> 0:False:3,18:9971,1924
> 1:False:3,17:9971,1924
> 2:True:4,15:9971,1924
> 3:False:3,16:9971,1924
> 4:False:3,18:9971,1924
> 5:False:3,17:9971,1924
dwr-optimal-old-noisy/70/dwr_noisy_p04_hyp-3_70_1.tar.bz2:0.593319892883:0.0666816:0.59
> 0:False:3,16:9971,1924
> 1:True:3,13:9971,1924
> 2:False:4,15:9971,1924
> 3:False:3,15:9971,1924
> 4:False:3,15:9971,1924
> 5:False:3,16:9971,1924
dwr-optimal-old-noisy/70/dwr_noisy_p04_hyp-3_70_2.tar.bz2:0.592223882675:0.0661714:0.6
> 0:False:3,16:9972,1925
> 1:True:3,15:9972,1925
> 2:True:4,16:9972,1925
> 3:True:3,15:9972,1925
> 4:False:3,17:9972,1925
> 5:False:3,16:9972,1925
dwr-optimal-old-noisy/70/dwr_noisy_p04_hyp-3_70_3.tar.bz2:0.589398145676:0.0667268:0.59
> 0:False:3,15:9970,1923
> 1:True:3,13:9970,1923
> 2:False:4,15:9970,1923
> 3:False:3,15:9970,1923
> 4:False:3,14:9970,1923
> 5:False:3,15:9970,1923
dwr-optimal-old-noisy/70/dwr_noisy_p04_hyp-4_70_1.tar.bz2:0.592571973801:0.0656013:0.6
> 0:False:3,15:9971,1924
> 1:False:3,15:9971,1924
> 2:False:4,16:9971,1924
> 3:False:3,16:9971,1924
> 4:True:3,13:9971,1924
> 5:False:3,15:9971,1924
dwr-optimal-old-noisy/70/dwr_noisy_p04_hyp-4_70_2.tar.bz2:0.593752145767:0.0659191:0.59
> 0:False:3,15:9970,1923
> 1:True:3,14:9970,1923
> 2:False:4,16:9970,1923
> 3:False:3,16:9970,1923
> 4:True:3,14:9970,1923
> 5:False:3,15:9970,1923
dwr-optimal-old-noisy/70/dwr_noisy_p04_hyp-4_70_3.tar.bz2:0.593103885651:0.0666193:0.59
> 0:False:3,14:9970,1923
> 1:False:3,14:9970,1923
> 2:False:4,15:9970,1923
> 3:False:3,15:9970,1923
> 4:True:3,12:9970,1923
> 5:False:3,14:9970,1923
dwr-optimal-old-noisy/70/dwr_noisy_p05_hyp-1_70_1.tar.bz2:1.01560902596:0.1963341:1.01
> 0:False:5,48:39282,4385
> 1:False:5,48:39282,4385
> 2:False:5,49:39282,4385
> 3:False:4,49:39282,4385
> 4:False:4,48:39282,4385
> 5:True:4,46:39282,4385
dwr-optimal-old-noisy/70/dwr_noisy_p05_hyp-1_70_2.tar.bz2:1.01583886147:0.1952079:1.02
> 0:True:5,42:39278,4381
> 1:False:5,43:39278,4381
> 2:False:5,44:39278,4381
> 3:False:4,45:39278,4381
> 4:False:4,42:39278,4381
> 5:False:4,43:39278,4381
dwr-optimal-old-noisy/70/dwr_noisy_p05_hyp-1_70_3.tar.bz2:1.0104830265:0.1923056:1.01
> 0:True:5,43:39281,4384
> 1:False:5,44:39281,4384
> 2:False:5,45:39281,4384
> 3:False:4,45:39281,4384
> 4:False:4,43:39281,4384
> 5:False:4,44:39281,4384
dwr-optimal-old-noisy/70/dwr_noisy_p05_hyp-2_70_1.tar.bz2:1.0132689476:0.1940992:1.01
> 0:False:5,42:39276,4379
> 1:True:5,40:39276,4379
> 2:False:5,42:39276,4379
> 3:False:4,42:39276,4379
> 4:False:4,42:39276,4379
> 5:False:4,42:39276,4379
dwr-optimal-old-noisy/70/dwr_noisy_p05_hyp-2_70_2.tar.bz2:1.00219798088:0.1881758:1.01
> 0:False:5,43:39278,4381
> 1:True:5,41:39278,4381
> 2:False:5,42:39278,4381
> 3:False:4,43:39278,4381
> 4:False:4,42:39278,4381
> 5:False:4,42:39278,4381
dwr-optimal-old-noisy/70/dwr_noisy_p05_hyp-2_70_3.tar.bz2:1.00961995125:0.1944073:1.01
> 0:True:5,43:39277,4380
> 1:False:5,45:39277,4380
> 2:False:5,45:39277,4380
> 3:False:4,45:39277,4380
> 4:False:4,44:39277,4380
> 5:False:4,45:39277,4380
dwr-optimal-old-noisy/70/dwr_noisy_p05_hyp-3_70_1.tar.bz2:1.01621603966:0.193245:1.01
> 0:False:5,41:39276,4379
> 1:False:5,41:39276,4379
> 2:True:5,40:39276,4379
> 3:False:4,41:39276,4379
> 4:False:4,40:39276,4379
> 5:False:4,41:39276,4379
dwr-optimal-old-noisy/70/dwr_noisy_p05_hyp-3_70_2.tar.bz2:1.00474095345:0.1912535:1.0
> 0:True:5,39:39275,4378
> 1:False:5,40:39275,4378
> 2:False:5,42:39275,4378
> 3:False:4,43:39275,4378
> 4:False:4,39:39275,4378
> 5:False:4,41:39275,4378
dwr-optimal-old-noisy/70/dwr_noisy_p05_hyp-3_70_3.tar.bz2:1.0098388195:0.1964571:1.01
> 0:False:5,41:39277,4380
> 1:False:5,41:39277,4380
> 2:True:5,39:39277,4380
> 3:False:4,42:39277,4380
> 4:False:4,39:39277,4380
> 5:False:4,39:39277,4380
dwr-optimal-old-noisy/70/dwr_noisy_p05_hyp-4_70_1.tar.bz2:1.00730895996:0.1926901:1.01
> 0:False:5,37:39272,4375
> 1:False:5,37:39272,4375
> 2:False:5,38:39272,4375
> 3:True:4,35:39272,4375
> 4:False:4,37:39272,4375
> 5:False:4,37:39272,4375
dwr-optimal-old-noisy/70/dwr_noisy_p05_hyp-4_70_2.tar.bz2:1.01209688187:0.1948727:1.01
> 0:False:5,35:39271,4374
> 1:False:5,35:39271,4374
> 2:False:5,35:39271,4374
> 3:True:4,33:39271,4374
> 4:False:4,35:39271,4374
> 5:False:4,35:39271,4374
dwr-optimal-old-noisy/70/dwr_noisy_p05_hyp-4_70_3.tar.bz2:1.00773501396:0.190777:1.0
> 0:False:5,35:39272,4375
> 1:False:5,34:39272,4375
> 2:False:5,33:39272,4375
> 3:True:4,31:39272,4375
> 4:False:4,35:39272,4375
> 5:False:4,35:39272,4375
dwr-optimal-old-noisy/100/dwr_noisy_p02_hyp-1_full_1.tar.bz2:0.721720933914:0.06993831:0.72
> 0:True:5,14:6957,1540
> 1:False:5,18:6957,1540
> 2:False:5,15:6957,1540
> 3:False:5,18:6957,1540
> 4:False:5,17:6957,1540
> 5:False:5,17:6957,1540
> 6:False:5,17:6957,1540
> 7:False:5,16:6957,1540
dwr-optimal-old-noisy/100/dwr_noisy_p02_hyp-1_full_2.tar.bz2:0.724833011627:0.069407:0.72
> 0:True:5,17:6958,1541
> 1:False:5,19:6958,1541
> 2:True:5,17:6958,1541
> 3:False:5,19:6958,1541
> 4:False:5,19:6958,1541
> 5:False:5,19:6958,1541
> 6:False:5,18:6958,1541
> 7:False:5,18:6958,1541
dwr-optimal-old-noisy/100/dwr_noisy_p02_hyp-1_full_3.tar.bz2:0.723384141922:0.07041423:0.72
> 0:True:5,15:6957,1540
> 1:False:5,18:6957,1540
> 2:True:5,15:6957,1540
> 3:False:5,19:6957,1540
> 4:False:5,18:6957,1540
> 5:False:5,18:6957,1540
> 6:False:5,18:6957,1540
> 7:False:5,17:6957,1540
dwr-optimal-old-noisy/100/dwr_noisy_p02_hyp-2_full_1.tar.bz2:0.722678899765:0.06890826:0.73
> 0:False:5,19:6958,1541
> 1:True:5,15:6958,1541
> 2:False:5,18:6958,1541
> 3:False:5,19:6958,1541
> 4:False:5,19:6958,1541
> 5:False:5,17:6958,1541
> 6:False:5,19:6958,1541
> 7:False:5,18:6958,1541
dwr-optimal-old-noisy/100/dwr_noisy_p02_hyp-2_full_2.tar.bz2:0.724197149277:0.06959737:0.72
> 0:False:5,19:6958,1541
> 1:True:5,17:6958,1541
> 2:False:5,19:6958,1541
> 3:False:5,18:6958,1541
> 4:False:5,19:6958,1541
> 5:True:5,17:6958,1541
> 6:True:5,17:6958,1541
> 7:False:5,18:6958,1541
dwr-optimal-old-noisy/100/dwr_noisy_p02_hyp-2_full_3.tar.bz2:0.723300933838:0.07016445:0.72
> 0:False:5,19:6959,1542
> 1:True:5,16:6959,1542
> 2:False:5,19:6959,1542
> 3:False:5,19:6959,1542
> 4:False:5,19:6959,1542
> 5:True:5,16:6959,1542
> 6:False:5,18:6959,1542
> 7:False:5,18:6959,1542
dwr-optimal-old-noisy/100/dwr_noisy_p02_hyp-3_full_1.tar.bz2:0.722432851791:0.06971502:0.72
> 0:False:5,15:6957,1540
> 1:False:5,17:6957,1540
> 2:True:5,14:6957,1540
> 3:False:5,18:6957,1540
> 4:False:5,17:6957,1540
> 5:False:5,18:6957,1540
> 6:False:5,18:6957,1540
> 7:False:5,17:6957,1540
dwr-optimal-old-noisy/100/dwr_noisy_p02_hyp-3_full_2.tar.bz2:0.720916986465:0.06932908:0.72
> 0:False:5,17:6958,1541
> 1:False:5,19:6958,1541
> 2:True:5,16:6958,1541
> 3:False:5,19:6958,1541
> 4:False:5,18:6958,1541
> 5:False:5,20:6958,1541
> 6:False:5,20:6958,1541
> 7:False:5,19:6958,1541
dwr-optimal-old-noisy/100/dwr_noisy_p02_hyp-3_full_3.tar.bz2:0.719877004623:0.0689276:0.72
> 0:False:5,17:6959,1542
> 1:False:5,19:6959,1542
> 2:True:5,16:6959,1542
> 3:False:5,19:6959,1542
> 4:False:5,18:6959,1542
> 5:False:5,20:6959,1542
> 6:False:5,20:6959,1542
> 7:False:5,19:6959,1542
dwr-optimal-old-noisy/100/dwr_noisy_p02_hyp-4_full_1.tar.bz2:0.719990968704:0.06929707:0.72
> 0:False:5,17:6956,1539
> 1:False:5,17:6956,1539
> 2:False:5,17:6956,1539
> 3:True:5,13:6956,1539
> 4:False:5,14:6956,1539
> 5:False:5,16:6956,1539
> 6:False:5,15:6956,1539
> 7:False:5,17:6956,1539
dwr-optimal-old-noisy/100/dwr_noisy_p02_hyp-4_full_2.tar.bz2:0.722944021225:0.06966344:0.73
> 0:False:5,20:6958,1541
> 1:False:5,19:6958,1541
> 2:False:5,19:6958,1541
> 3:True:5,16:6958,1541
> 4:False:5,17:6958,1541
> 5:False:5,19:6958,1541
> 6:False:5,18:6958,1541
> 7:False:5,19:6958,1541
dwr-optimal-old-noisy/100/dwr_noisy_p02_hyp-4_full_3.tar.bz2:0.724146127701:0.07038352:0.73
> 0:False:5,17:6956,1539
> 1:False:5,17:6956,1539
> 2:False:5,17:6956,1539
> 3:True:5,13:6956,1539
> 4:False:5,14:6956,1539
> 5:False:5,16:6956,1539
> 6:False:5,15:6956,1539
> 7:False:5,17:6956,1539
dwr-optimal-old-noisy/100/dwr_noisy_p04_hyp-1_full_1.tar.bz2:0.592736005783:0.0652744:0.59
> 0:True:3,14:9972,1925
> 1:False:3,15:9972,1925
> 2:True:4,15:9972,1925
> 3:True:3,14:9972,1925
> 4:False:3,15:9972,1925
> 5:False:3,15:9972,1925
dwr-optimal-old-noisy/100/dwr_noisy_p04_hyp-1_full_2.tar.bz2:0.591475009918:0.0661783:0.59
> 0:True:3,13:9971,1924
> 1:False:3,16:9971,1924
> 2:False:4,16:9971,1924
> 3:False:3,15:9971,1924
> 4:False:3,15:9971,1924
> 5:False:3,14:9971,1924
dwr-optimal-old-noisy/100/dwr_noisy_p04_hyp-1_full_3.tar.bz2:0.590331077576:0.0657234:0.6
> 0:True:3,14:9972,1925
> 1:False:3,16:9972,1925
> 2:True:4,15:9972,1925
> 3:False:3,15:9972,1925
> 4:False:3,15:9972,1925
> 5:True:3,14:9972,1925
dwr-optimal-old-noisy/100/dwr_noisy_p04_hyp-2_full_1.tar.bz2:0.590818881989:0.0666378:0.59
> 0:False:3,17:9973,1926
> 1:False:3,17:9973,1926
> 2:True:4,16:9973,1926
> 3:False:3,16:9973,1926
> 4:False:3,18:9973,1926
> 5:False:3,17:9973,1926
dwr-optimal-old-noisy/100/dwr_noisy_p04_hyp-2_full_2.tar.bz2:0.589416027069:0.0651221:0.59
> 0:False:3,18:9973,1926
> 1:False:3,17:9973,1926
> 2:True:4,15:9973,1926
> 3:False:3,16:9973,1926
> 4:False:3,17:9973,1926
> 5:False:3,17:9973,1926
dwr-optimal-old-noisy/100/dwr_noisy_p04_hyp-2_full_3.tar.bz2:0.595185041428:0.0683745:0.59
> 0:False:3,18:9973,1926
> 1:False:3,17:9973,1926
> 2:True:4,16:9973,1926
> 3:False:3,16:9973,1926
> 4:False:3,18:9973,1926
> 5:False:3,17:9973,1926
dwr-optimal-old-noisy/100/dwr_noisy_p04_hyp-3_full_1.tar.bz2:0.595737934113:0.0682133:0.59
> 0:False:3,19:9974,1927
> 1:True:3,17:9974,1927
> 2:True:4,18:9974,1927
> 3:False:3,18:9974,1927
> 4:False:3,19:9974,1927
> 5:False:3,19:9974,1927
dwr-optimal-old-noisy/100/dwr_noisy_p04_hyp-3_full_2.tar.bz2:0.58957695961:0.0660298:0.58
> 0:False:3,17:9972,1925
> 1:True:3,14:9972,1925
> 2:False:4,16:9972,1925
> 3:False:3,16:9972,1925
> 4:False:3,16:9972,1925
> 5:False:3,17:9972,1925
dwr-optimal-old-noisy/100/dwr_noisy_p04_hyp-3_full_3.tar.bz2:0.594831943512:0.0663611:0.6
> 0:False:3,17:9973,1926
> 1:True:3,15:9973,1926
> 2:False:4,17:9973,1926
> 3:False:3,16:9973,1926
> 4:False:3,17:9973,1926
> 5:False:3,18:9973,1926
dwr-optimal-old-noisy/100/dwr_noisy_p04_hyp-4_full_1.tar.bz2:0.588999986649:0.0659035:0.58
> 0:False:3,18:9974,1927
> 1:False:3,18:9974,1927
> 2:True:4,18:9974,1927
> 3:False:3,18:9974,1927
> 4:True:3,17:9974,1927
> 5:False:3,18:9974,1927
dwr-optimal-old-noisy/100/dwr_noisy_p04_hyp-4_full_2.tar.bz2:0.591675043106:0.0673593:0.59
> 0:False:3,18:9974,1927
> 1:False:3,18:9974,1927
> 2:False:4,19:9974,1927
> 3:False:3,19:9974,1927
> 4:True:3,16:9974,1927
> 5:False:3,18:9974,1927
dwr-optimal-old-noisy/100/dwr_noisy_p04_hyp-4_full_3.tar.bz2:0.590430021286:0.0673094:0.59
> 0:False:3,17:9974,1927
> 1:False:3,18:9974,1927
> 2:True:4,17:9974,1927
> 3:False:3,18:9974,1927
> 4:True:3,16:9974,1927
> 5:True:3,16:9974,1927
dwr-optimal-old-noisy/100/dwr_noisy_p05_hyp-1_full_1.tar.bz2:1.01226806641:0.1944039:1.01
> 0:True:5,56:39287,4390
> 1:True:5,56:39287,4390
> 2:False:5,58:39287,4390
> 3:False:4,58:39287,4390
> 4:False:4,56:39287,4390
> 5:False:4,56:39287,4390
dwr-optimal-old-noisy/100/dwr_noisy_p05_hyp-1_full_2.tar.bz2:1.01603007317:0.1987983:1.01
> 0:True:5,56:39287,4390
> 1:False:5,58:39287,4390
> 2:False:5,58:39287,4390
> 3:False:4,59:39287,4390
> 4:False:4,56:39287,4390
> 5:False:4,56:39287,4390
dwr-optimal-old-noisy/100/dwr_noisy_p05_hyp-1_full_3.tar.bz2:1.00976514816:0.1955732:1.01
> 0:True:5,56:39288,4391
> 1:True:5,56:39288,4391
> 2:False:5,59:39288,4391
> 3:False:4,58:39288,4391
> 4:False:4,56:39288,4391
> 5:False:4,56:39288,4391
dwr-optimal-old-noisy/100/dwr_noisy_p05_hyp-2_full_1.tar.bz2:1.00817584991:0.1914663:1.0
> 0:True:5,56:39287,4390
> 1:True:5,56:39287,4390
> 2:False:5,59:39287,4390
> 3:False:4,59:39287,4390
> 4:False:4,56:39287,4390
> 5:False:4,57:39287,4390
dwr-optimal-old-noisy/100/dwr_noisy_p05_hyp-2_full_2.tar.bz2:1.01228404045:0.1907143:1.01
> 0:False:5,57:39286,4389
> 1:True:5,54:39286,4389
> 2:False:5,57:39286,4389
> 3:False:4,56:39286,4389
> 4:False:4,57:39286,4389
> 5:False:4,57:39286,4389
dwr-optimal-old-noisy/100/dwr_noisy_p05_hyp-2_full_3.tar.bz2:1.01853990555:0.1975555:1.01
> 0:False:5,55:39284,4387
> 1:True:5,52:39284,4387
> 2:False:5,53:39284,4387
> 3:False:4,54:39284,4387
> 4:False:4,55:39284,4387
> 5:False:4,53:39284,4387
dwr-optimal-old-noisy/100/dwr_noisy_p05_hyp-3_full_1.tar.bz2:1.01747202873:0.1955341:1.02
> 0:True:5,51:39284,4387
> 1:False:5,52:39284,4387
> 2:True:5,51:39284,4387
> 3:False:4,52:39284,4387
> 4:True:4,50:39284,4387
> 5:False:4,52:39284,4387
dwr-optimal-old-noisy/100/dwr_noisy_p05_hyp-3_full_2.tar.bz2:1.00780200958:0.1931452:1.0
> 0:True:5,48:39282,4385
> 1:False:5,49:39282,4385
> 2:False:5,49:39282,4385
> 3:False:4,50:39282,4385
> 4:True:4,47:39282,4385
> 5:True:4,47:39282,4385
dwr-optimal-old-noisy/100/dwr_noisy_p05_hyp-3_full_3.tar.bz2:1.01204490662:0.1956228:1.01
> 0:False:5,52:39284,4387
> 1:False:5,52:39284,4387
> 2:False:5,52:39284,4387
> 3:False:4,51:39284,4387
> 4:True:4,50:39284,4387
> 5:True:4,50:39284,4387
dwr-optimal-old-noisy/100/dwr_noisy_p05_hyp-4_full_1.tar.bz2:1.01503610611:0.1961391:1.02
> 0:False:5,43:39278,4381
> 1:False:5,43:39278,4381
> 2:False:5,42:39278,4381
> 3:True:4,40:39278,4381
> 4:False:4,42:39278,4381
> 5:False:4,43:39278,4381
dwr-optimal-old-noisy/100/dwr_noisy_p05_hyp-4_full_2.tar.bz2:1.00834488869:0.1909249:1.01
> 0:False:5,46:39280,4383
> 1:False:5,45:39280,4383
> 2:True:5,44:39280,4383
> 3:True:4,43:39280,4383
> 4:False:4,45:39280,4383
> 5:False:4,45:39280,4383
dwr-optimal-old-noisy/100/dwr_noisy_p05_hyp-4_full_3.tar.bz2:1.01360917091:0.1929772:1.01
> 0:False:5,47:39280,4383
> 1:False:5,47:39280,4383
> 2:True:5,45:39280,4383
> 3:False:4,45:39280,4383
> 4:False:4,47:39280,4383
> 5:False:4,47:39280,4383
