dwr-optimal-old-noisy/10/dwr_noisy_p02_hyp-1_10_1.tar.bz2:0.599498033524:0.00774087:0.6
> 0:True:9,9:88,13
> 1:False:10,11:88,14
> 2:True:11,11:88,15
> 3:True:10,10:88,14
> 4:True:10,10:88,14
> 5:False:10,11:88,14
> 6:False:11,12:88,15
> 7:False:9,10:88,13
dwr-optimal-old-noisy/10/dwr_noisy_p02_hyp-1_10_2.tar.bz2:0.5978910923:0.00855378:0.59
> 0:True:9,9:89,14
> 1:True:10,10:89,15
> 2:True:11,11:89,16
> 3:True:10,10:89,15
> 4:True:10,10:89,15
> 5:True:10,10:89,15
> 6:True:11,11:89,16
> 7:True:9,9:89,14
dwr-optimal-old-noisy/10/dwr_noisy_p02_hyp-1_10_3.tar.bz2:0.597198009491:0.008189128:0.6
> 0:True:9,9:89,14
> 1:True:10,10:89,15
> 2:True:11,11:89,16
> 3:True:10,10:89,15
> 4:True:10,10:89,15
> 5:True:10,10:89,15
> 6:False:11,12:89,16
> 7:False:9,10:89,14
dwr-optimal-old-noisy/10/dwr_noisy_p02_hyp-2_10_1.tar.bz2:0.598275899887:0.007659746:0.61
> 0:True:9,9:88,13
> 1:True:10,10:88,14
> 2:True:11,11:88,15
> 3:False:10,11:88,14
> 4:False:10,11:88,14
> 5:True:10,10:88,14
> 6:False:11,12:88,15
> 7:True:9,9:88,13
dwr-optimal-old-noisy/10/dwr_noisy_p02_hyp-2_10_2.tar.bz2:0.597728013992:0.007639818:0.6
> 0:True:9,10:88,13
> 1:True:10,11:88,14
> 2:True:11,12:88,15
> 3:False:10,12:88,14
> 4:False:10,12:88,14
> 5:True:10,11:88,14
> 6:False:11,13:88,15
> 7:True:9,10:88,13
dwr-optimal-old-noisy/10/dwr_noisy_p02_hyp-2_10_3.tar.bz2:0.602880001068:0.00839178:0.6
> 0:True:9,9:89,14
> 1:True:10,10:89,15
> 2:True:11,11:89,16
> 3:True:10,10:89,15
> 4:True:10,10:89,15
> 5:True:10,10:89,15
> 6:True:11,11:89,16
> 7:True:9,9:89,14
dwr-optimal-old-noisy/10/dwr_noisy_p02_hyp-3_10_1.tar.bz2:0.602752923965:0.007690194:0.61
> 0:True:9,9:88,13
> 1:True:10,10:88,14
> 2:True:11,11:88,15
> 3:True:10,10:88,14
> 4:True:10,10:88,14
> 5:True:10,10:88,14
> 6:True:11,11:88,15
> 7:True:9,9:88,13
dwr-optimal-old-noisy/10/dwr_noisy_p02_hyp-3_10_2.tar.bz2:0.59981584549:0.008245317:0.59
> 0:True:9,10:89,14
> 1:True:10,11:89,15
> 2:True:11,12:89,16
> 3:True:10,11:89,15
> 4:True:10,11:89,15
> 5:True:10,11:89,15
> 6:True:11,12:89,16
> 7:True:9,10:89,14
dwr-optimal-old-noisy/10/dwr_noisy_p02_hyp-3_10_3.tar.bz2:0.596081018448:0.007802245:0.6
> 0:True:9,10:88,13
> 1:True:10,11:88,14
> 2:True:11,12:88,15
> 3:True:10,11:88,14
> 4:True:10,11:88,14
> 5:True:10,11:88,14
> 6:True:11,12:88,15
> 7:True:9,10:88,13
dwr-optimal-old-noisy/10/dwr_noisy_p02_hyp-4_10_1.tar.bz2:0.598793029785:0.008173259:0.6
> 0:True:9,9:89,14
> 1:True:10,10:89,15
> 2:True:11,11:89,16
> 3:True:10,10:89,15
> 4:True:10,10:89,15
> 5:True:10,10:89,15
> 6:True:11,11:89,16
> 7:True:9,9:89,14
dwr-optimal-old-noisy/10/dwr_noisy_p02_hyp-4_10_2.tar.bz2:0.59641289711:0.008529691:0.6
> 0:True:9,9:89,14
> 1:True:10,10:89,15
> 2:True:11,11:89,16
> 3:True:10,10:89,15
> 4:True:10,10:89,15
> 5:True:10,10:89,15
> 6:True:11,11:89,16
> 7:False:9,10:89,14
dwr-optimal-old-noisy/10/dwr_noisy_p02_hyp-4_10_3.tar.bz2:0.596698045731:0.008071681:0.6
> 0:True:9,9:89,14
> 1:True:10,10:89,15
> 2:True:11,11:89,16
> 3:True:10,10:89,15
> 4:False:10,11:89,15
> 5:True:10,10:89,15
> 6:True:11,11:89,16
> 7:False:9,10:89,14
dwr-optimal-old-noisy/10/dwr_noisy_p04_hyp-1_10_1.tar.bz2:0.461593151093:0.006227953:0.47
> 0:True:8,9:112,12
> 1:True:9,10:112,13
> 2:True:10,11:112,14
> 3:True:8,9:112,12
> 4:True:9,10:112,13
> 5:True:8,9:112,12
dwr-optimal-old-noisy/10/dwr_noisy_p04_hyp-1_10_2.tar.bz2:0.458958864212:0.00628415:0.46
> 0:True:8,8:112,12
> 1:True:9,9:112,13
> 2:True:10,10:112,14
> 3:True:8,8:112,12
> 4:True:9,9:112,13
> 5:True:8,8:112,12
dwr-optimal-old-noisy/10/dwr_noisy_p04_hyp-1_10_3.tar.bz2:0.46709394455:0.006403214:0.47
> 0:True:8,8:112,12
> 1:True:9,9:112,13
> 2:True:10,10:112,14
> 3:True:8,8:112,12
> 4:True:9,9:112,13
> 5:True:8,8:112,12
dwr-optimal-old-noisy/10/dwr_noisy_p04_hyp-2_10_1.tar.bz2:0.464254140854:0.006266151:0.47
> 0:True:8,8:112,12
> 1:True:9,9:112,13
> 2:True:10,10:112,14
> 3:True:8,8:112,12
> 4:False:9,10:112,13
> 5:True:8,8:112,12
dwr-optimal-old-noisy/10/dwr_noisy_p04_hyp-2_10_2.tar.bz2:0.461125135422:0.006281404:0.46
> 0:True:8,8:112,12
> 1:True:9,9:112,13
> 2:True:10,10:112,14
> 3:True:8,8:112,12
> 4:True:9,9:112,13
> 5:True:8,8:112,12
dwr-optimal-old-noisy/10/dwr_noisy_p04_hyp-2_10_3.tar.bz2:0.460177183151:0.006228398:0.46
> 0:True:8,8:112,12
> 1:True:9,9:112,13
> 2:True:10,10:112,14
> 3:True:8,8:112,12
> 4:False:9,10:112,13
> 5:True:8,8:112,12
dwr-optimal-old-noisy/10/dwr_noisy_p04_hyp-3_10_1.tar.bz2:0.462012052536:0.0067318:0.46
> 0:True:8,8:113,13
> 1:True:9,9:113,14
> 2:True:10,10:113,15
> 3:True:8,8:113,13
> 4:True:9,9:113,14
> 5:True:8,8:113,13
dwr-optimal-old-noisy/10/dwr_noisy_p04_hyp-3_10_2.tar.bz2:0.462966918945:0.006246515:0.46
> 0:True:8,8:112,12
> 1:True:9,9:112,13
> 2:True:10,10:112,14
> 3:True:8,8:112,12
> 4:True:9,9:112,13
> 5:True:8,8:112,12
dwr-optimal-old-noisy/10/dwr_noisy_p04_hyp-3_10_3.tar.bz2:0.459589958191:0.00669619:0.46
> 0:True:8,8:113,13
> 1:True:9,9:113,14
> 2:True:10,10:113,15
> 3:True:8,8:113,13
> 4:True:9,9:113,14
> 5:True:8,8:113,13
dwr-optimal-old-noisy/10/dwr_noisy_p04_hyp-4_10_1.tar.bz2:0.465404033661:0.00661879:0.46
> 0:True:8,8:113,13
> 1:True:9,9:113,14
> 2:True:10,10:113,15
> 3:True:8,8:113,13
> 4:True:9,9:113,14
> 5:True:8,8:113,13
dwr-optimal-old-noisy/10/dwr_noisy_p04_hyp-4_10_2.tar.bz2:0.4628469944:0.00674808:0.46
> 0:True:8,8:113,13
> 1:True:9,9:113,14
> 2:True:10,10:113,15
> 3:True:8,8:113,13
> 4:True:9,9:113,14
> 5:True:8,8:113,13
dwr-optimal-old-noisy/10/dwr_noisy_p04_hyp-4_10_3.tar.bz2:0.463101148605:0.00644426:0.46
> 0:True:8,8:112,12
> 1:True:9,9:112,13
> 2:True:10,10:112,14
> 3:True:8,8:112,12
> 4:True:9,9:112,13
> 5:True:8,8:112,12
dwr-optimal-old-noisy/10/dwr_noisy_p05_hyp-1_10_1.tar.bz2:0.552879095078:0.01066125:0.55
> 0:True:13,14:263,20
> 1:False:14,16:263,21
> 2:True:13,14:263,20
> 3:False:13,15:263,20
> 4:True:13,14:263,20
> 5:False:14,16:263,21
dwr-optimal-old-noisy/10/dwr_noisy_p05_hyp-1_10_2.tar.bz2:0.557204961777:0.01086812:0.55
> 0:False:13,15:264,21
> 1:True:14,15:264,22
> 2:False:13,15:264,21
> 3:False:13,15:264,21
> 4:False:13,15:264,21
> 5:True:14,15:264,22
dwr-optimal-old-noisy/10/dwr_noisy_p05_hyp-1_10_3.tar.bz2:0.555681943893:0.01068049:0.56
> 0:False:13,14:264,21
> 1:False:14,15:264,22
> 2:False:13,14:264,21
> 3:True:13,13:264,21
> 4:True:13,13:264,21
> 5:True:14,14:264,22
dwr-optimal-old-noisy/10/dwr_noisy_p05_hyp-2_10_1.tar.bz2:0.554672002792:0.01079827:0.54
> 0:True:13,13:264,21
> 1:True:14,14:264,22
> 2:True:13,13:264,21
> 3:True:13,13:264,21
> 4:True:13,13:264,21
> 5:False:14,15:264,22
dwr-optimal-old-noisy/10/dwr_noisy_p05_hyp-2_10_2.tar.bz2:0.554404020309:0.01073013:0.55
> 0:False:13,14:262,19
> 1:True:14,14:262,20
> 2:True:13,13:262,19
> 3:False:13,14:262,19
> 4:False:13,14:262,19
> 5:True:14,14:262,20
dwr-optimal-old-noisy/10/dwr_noisy_p05_hyp-2_10_3.tar.bz2:0.552874803543:0.01061667:0.55
> 0:False:13,15:262,19
> 1:False:14,16:262,20
> 2:True:13,14:262,19
> 3:False:13,15:262,19
> 4:False:13,15:262,19
> 5:True:14,15:262,20
dwr-optimal-old-noisy/10/dwr_noisy_p05_hyp-3_10_1.tar.bz2:0.554844141006:0.0101895:0.56
> 0:True:13,14:262,19
> 1:True:14,15:262,20
> 2:True:13,14:262,19
> 3:False:13,15:262,19
> 4:True:13,14:262,19
> 5:True:14,15:262,20
dwr-optimal-old-noisy/10/dwr_noisy_p05_hyp-3_10_2.tar.bz2:0.556534051895:0.01067632:0.56
> 0:True:13,13:263,20
> 1:False:14,15:263,21
> 2:True:13,13:263,20
> 3:True:13,13:263,20
> 4:False:13,14:263,20
> 5:False:14,15:263,21
dwr-optimal-old-noisy/10/dwr_noisy_p05_hyp-3_10_3.tar.bz2:0.559928894043:0.01078933:0.56
> 0:False:13,14:263,20
> 1:True:14,14:263,21
> 2:True:13,13:263,20
> 3:True:13,13:263,20
> 4:True:13,13:263,20
> 5:True:14,14:263,21
dwr-optimal-old-noisy/10/dwr_noisy_p05_hyp-4_10_1.tar.bz2:0.557794094086:0.01042739:0.55
> 0:True:13,14:262,19
> 1:False:14,16:262,20
> 2:True:13,14:262,19
> 3:True:13,14:262,19
> 4:True:13,14:262,19
> 5:True:14,15:262,20
dwr-optimal-old-noisy/10/dwr_noisy_p05_hyp-4_10_2.tar.bz2:0.554104089737:0.0101383:0.56
> 0:True:13,15:262,19
> 1:True:14,16:262,20
> 2:True:13,15:262,19
> 3:True:13,15:262,19
> 4:True:13,15:262,19
> 5:True:14,16:262,20
dwr-optimal-old-noisy/10/dwr_noisy_p05_hyp-4_10_3.tar.bz2:0.556518793106:0.01064004:0.56
> 0:False:13,15:263,20
> 1:False:14,17:263,21
> 2:True:13,14:263,20
> 3:False:13,15:263,20
> 4:False:13,15:263,20
> 5:False:14,16:263,21
dwr-optimal-old-noisy/30/dwr_noisy_p02_hyp-1_30_1.tar.bz2:0.596283912659:0.008594498:0.59
> 0:True:9,9:91,16
> 1:False:10,11:91,17
> 2:True:11,11:91,18
> 3:False:10,11:91,17
> 4:False:10,11:91,17
> 5:True:10,10:91,17
> 6:True:11,11:91,18
> 7:True:9,9:91,16
dwr-optimal-old-noisy/30/dwr_noisy_p02_hyp-1_30_2.tar.bz2:0.597105979919:0.008775035:0.6
> 0:True:9,9:91,16
> 1:False:10,11:91,17
> 2:True:11,11:91,18
> 3:True:10,10:91,17
> 4:True:10,10:91,17
> 5:True:10,10:91,17
> 6:True:11,11:91,18
> 7:True:9,9:91,16
dwr-optimal-old-noisy/30/dwr_noisy_p02_hyp-1_30_3.tar.bz2:0.598989009857:0.00850372:0.59
> 0:True:9,9:91,16
> 1:True:10,10:91,17
> 2:True:11,11:91,18
> 3:True:10,10:91,17
> 4:True:10,10:91,17
> 5:True:10,10:91,17
> 6:True:11,11:91,18
> 7:True:9,9:91,16
dwr-optimal-old-noisy/30/dwr_noisy_p02_hyp-2_30_1.tar.bz2:0.596071004868:0.008674107:0.59
> 0:False:9,10:91,16
> 1:True:10,10:91,17
> 2:False:11,12:91,18
> 3:True:10,10:91,17
> 4:False:10,11:91,17
> 5:True:10,10:91,17
> 6:True:11,11:91,18
> 7:True:9,9:91,16
dwr-optimal-old-noisy/30/dwr_noisy_p02_hyp-2_30_2.tar.bz2:0.593570947647:0.008322107:0.59
> 0:True:9,10:91,16
> 1:True:10,11:91,17
> 2:True:11,12:91,18
> 3:False:10,12:91,17
> 4:False:10,12:91,17
> 5:True:10,11:91,17
> 6:False:11,13:91,18
> 7:True:9,10:91,16
dwr-optimal-old-noisy/30/dwr_noisy_p02_hyp-2_30_3.tar.bz2:0.595584869385:0.007710714:0.6
> 0:True:9,10:89,14
> 1:False:10,12:89,15
> 2:True:11,12:89,16
> 3:False:10,13:89,15
> 4:False:10,13:89,15
> 5:True:10,11:89,15
> 6:False:11,13:89,16
> 7:True:9,10:89,14
dwr-optimal-old-noisy/30/dwr_noisy_p02_hyp-3_30_1.tar.bz2:0.600501060486:0.008657818:0.6
> 0:False:9,10:91,16
> 1:False:10,12:91,17
> 2:False:11,12:91,18
> 3:True:10,10:91,17
> 4:True:10,10:91,17
> 5:False:10,11:91,17
> 6:True:11,11:91,18
> 7:True:9,9:91,16
dwr-optimal-old-noisy/30/dwr_noisy_p02_hyp-3_30_2.tar.bz2:0.601005077362:0.00852692:0.6
> 0:False:9,11:91,16
> 1:True:10,11:91,17
> 2:True:11,12:91,18
> 3:True:10,11:91,17
> 4:True:10,11:91,17
> 5:False:10,12:91,17
> 6:False:11,13:91,18
> 7:False:9,11:91,16
dwr-optimal-old-noisy/30/dwr_noisy_p02_hyp-3_30_3.tar.bz2:0.600156068802:0.007804952:0.61
> 0:True:9,9:90,15
> 1:False:10,11:90,16
> 2:True:11,11:90,17
> 3:True:10,10:90,16
> 4:True:10,10:90,16
> 5:False:10,11:90,16
> 6:False:11,12:90,17
> 7:False:9,10:90,15
dwr-optimal-old-noisy/30/dwr_noisy_p02_hyp-4_30_1.tar.bz2:0.59935593605:0.008340571:0.6
> 0:False:9,10:91,16
> 1:False:10,11:91,17
> 2:False:11,12:91,18
> 3:True:10,10:91,17
> 4:True:10,10:91,17
> 5:False:10,11:91,17
> 6:False:11,12:91,18
> 7:False:9,10:91,16
dwr-optimal-old-noisy/30/dwr_noisy_p02_hyp-4_30_2.tar.bz2:0.597978830338:0.007763355:0.6
> 0:True:9,10:90,15
> 1:True:10,11:90,16
> 2:True:11,12:90,17
> 3:True:10,11:90,16
> 4:True:10,11:90,16
> 5:True:10,11:90,16
> 6:True:11,12:90,17
> 7:True:9,10:90,15
dwr-optimal-old-noisy/30/dwr_noisy_p02_hyp-4_30_3.tar.bz2:0.596644878387:0.007765688:0.6
> 0:True:9,9:90,15
> 1:True:10,10:90,16
> 2:True:11,11:90,17
> 3:True:10,10:90,16
> 4:True:10,10:90,16
> 5:True:10,10:90,16
> 6:True:11,11:90,17
> 7:True:9,9:90,15
dwr-optimal-old-noisy/30/dwr_noisy_p04_hyp-1_30_1.tar.bz2:0.461795091629:0.0069042:0.46
> 0:True:8,8:115,15
> 1:False:9,10:115,16
> 2:False:10,12:115,17
> 3:False:8,10:115,15
> 4:False:9,10:115,16
> 5:True:8,8:115,15
dwr-optimal-old-noisy/30/dwr_noisy_p04_hyp-1_30_2.tar.bz2:0.463643074036:0.00732682:0.46
> 0:True:8,8:115,15
> 1:True:9,9:115,16
> 2:True:10,10:115,17
> 3:True:8,8:115,15
> 4:True:9,9:115,16
> 5:True:8,8:115,15
dwr-optimal-old-noisy/30/dwr_noisy_p04_hyp-1_30_3.tar.bz2:0.457472085953:0.006105732:0.47
> 0:True:8,9:114,14
> 1:False:9,11:114,15
> 2:False:10,12:114,16
> 3:False:8,10:114,14
> 4:False:9,11:114,15
> 5:True:8,9:114,14
dwr-optimal-old-noisy/30/dwr_noisy_p04_hyp-2_30_1.tar.bz2:0.45472407341:0.006225022:0.46
> 0:False:8,9:114,14
> 1:True:9,9:114,15
> 2:True:10,10:114,16
> 3:True:8,8:114,14
> 4:True:9,9:114,15
> 5:True:8,8:114,14
dwr-optimal-old-noisy/30/dwr_noisy_p04_hyp-2_30_2.tar.bz2:0.460736989975:0.00659339:0.46
> 0:True:8,9:115,15
> 1:True:9,10:115,16
> 2:True:10,11:115,17
> 3:True:8,9:115,15
> 4:True:9,10:115,16
> 5:True:8,9:115,15
dwr-optimal-old-noisy/30/dwr_noisy_p04_hyp-2_30_3.tar.bz2:0.458168983459:0.006135184:0.46
> 0:False:8,9:114,14
> 1:True:9,9:114,15
> 2:True:10,10:114,16
> 3:False:8,9:114,14
> 4:True:9,9:114,15
> 5:False:8,9:114,14
dwr-optimal-old-noisy/30/dwr_noisy_p04_hyp-3_30_1.tar.bz2:0.463901042938:0.006289995:0.46
> 0:True:8,8:114,14
> 1:True:9,9:114,15
> 2:True:10,10:114,16
> 3:True:8,8:114,14
> 4:True:9,9:114,15
> 5:True:8,8:114,14
dwr-optimal-old-noisy/30/dwr_noisy_p04_hyp-3_30_2.tar.bz2:0.465605020523:0.00679963:0.47
> 0:True:8,8:115,15
> 1:True:9,9:115,16
> 2:False:10,11:115,17
> 3:True:8,8:115,15
> 4:True:9,9:115,16
> 5:True:8,8:115,15
dwr-optimal-old-noisy/30/dwr_noisy_p04_hyp-3_30_3.tar.bz2:0.464741945267:0.0070015:0.46
> 0:True:8,8:115,15
> 1:True:9,9:115,16
> 2:True:10,10:115,17
> 3:False:8,9:115,15
> 4:True:9,9:115,16
> 5:True:8,8:115,15
dwr-optimal-old-noisy/30/dwr_noisy_p04_hyp-4_30_1.tar.bz2:0.460248947144:0.0062155:0.46
> 0:True:8,8:114,14
> 1:False:9,10:114,15
> 2:True:10,10:114,16
> 3:True:8,8:114,14
> 4:True:9,9:114,15
> 5:True:8,8:114,14
dwr-optimal-old-noisy/30/dwr_noisy_p04_hyp-4_30_2.tar.bz2:0.464411973953:0.0062672:0.46
> 0:True:8,9:114,14
> 1:True:9,10:114,15
> 2:False:10,12:114,16
> 3:False:8,10:114,14
> 4:True:9,10:114,15
> 5:False:8,10:114,14
dwr-optimal-old-noisy/30/dwr_noisy_p04_hyp-4_30_3.tar.bz2:0.463738918304:0.00704311:0.46
> 0:True:8,8:115,15
> 1:False:9,10:115,16
> 2:False:10,11:115,17
> 3:False:8,9:115,15
> 4:True:9,9:115,16
> 5:True:8,8:115,15
dwr-optimal-old-noisy/30/dwr_noisy_p05_hyp-1_30_1.tar.bz2:0.559691905975:0.0109548:0.57
> 0:True:13,17:271,28
> 1:False:14,19:271,29
> 2:False:13,18:271,28
> 3:False:13,21:271,28
> 4:False:13,19:271,28
> 5:False:14,21:271,29
dwr-optimal-old-noisy/30/dwr_noisy_p05_hyp-1_30_2.tar.bz2:0.553539991379:0.01108817:0.55
> 0:True:13,18:269,26
> 1:False:14,21:269,27
> 2:False:13,21:269,26
> 3:False:13,21:269,26
> 4:True:13,18:269,26
> 5:False:14,20:269,27
dwr-optimal-old-noisy/30/dwr_noisy_p05_hyp-1_30_3.tar.bz2:0.552337884903:0.01135779:0.55
> 0:False:13,19:272,29
> 1:False:14,20:272,30
> 2:False:13,19:272,29
> 3:False:13,18:272,29
> 4:False:13,18:272,29
> 5:True:14,18:272,30
dwr-optimal-old-noisy/30/dwr_noisy_p05_hyp-2_30_1.tar.bz2:0.557864189148:0.01127889:0.56
> 0:False:13,18:272,29
> 1:False:14,19:272,30
> 2:False:13,18:272,29
> 3:True:13,17:272,29
> 4:False:13,19:272,29
> 5:False:14,19:272,30
dwr-optimal-old-noisy/30/dwr_noisy_p05_hyp-2_30_2.tar.bz2:0.549921989441:0.01105012:0.55
> 0:False:13,21:272,29
> 1:False:14,21:272,30
> 2:True:13,19:272,29
> 3:True:13,19:272,29
> 4:False:13,20:272,29
> 5:True:14,20:272,30
dwr-optimal-old-noisy/30/dwr_noisy_p05_hyp-2_30_3.tar.bz2:0.546431064606:0.01130901:0.55
> 0:False:13,16:274,31
> 1:True:14,16:274,32
> 2:False:13,18:274,31
> 3:False:13,18:274,31
> 4:False:13,16:274,31
> 5:False:14,18:274,32
dwr-optimal-old-noisy/30/dwr_noisy_p05_hyp-3_30_1.tar.bz2:0.554386854172:0.01034359:0.55
> 0:False:13,19:267,24
> 1:False:14,21:267,25
> 2:True:13,18:267,24
> 3:False:13,21:267,24
> 4:False:13,19:267,24
> 5:False:14,21:267,25
dwr-optimal-old-noisy/30/dwr_noisy_p05_hyp-3_30_2.tar.bz2:0.554921150208:0.01130694:0.56
> 0:False:13,19:272,29
> 1:False:14,20:272,30
> 2:False:13,17:272,29
> 3:False:13,18:272,29
> 4:True:13,15:272,29
> 5:True:14,16:272,30
dwr-optimal-old-noisy/30/dwr_noisy_p05_hyp-3_30_3.tar.bz2:0.554497003555:0.01144409:0.56
> 0:False:13,17:272,29
> 1:False:14,20:272,30
> 2:False:13,19:272,29
> 3:False:13,18:272,29
> 4:True:13,15:272,29
> 5:True:14,16:272,30
dwr-optimal-old-noisy/30/dwr_noisy_p05_hyp-4_30_1.tar.bz2:0.555583953857:0.0109461:0.56
> 0:False:13,19:270,27
> 1:True:14,19:270,28
> 2:False:13,19:270,27
> 3:True:13,18:270,27
> 4:False:13,19:270,27
> 5:True:14,19:270,28
dwr-optimal-old-noisy/30/dwr_noisy_p05_hyp-4_30_2.tar.bz2:0.557250022888:0.01101588:0.56
> 0:False:13,17:269,26
> 1:False:14,19:269,27
> 2:False:13,17:269,26
> 3:False:13,17:269,26
> 4:True:13,16:269,26
> 5:True:14,17:269,27
dwr-optimal-old-noisy/30/dwr_noisy_p05_hyp-4_30_3.tar.bz2:0.558012008667:0.01106121:0.56
> 0:False:13,19:270,27
> 1:False:14,19:270,28
> 2:False:13,18:270,27
> 3:True:13,17:270,27
> 4:False:13,18:270,27
> 5:True:14,18:270,28
dwr-optimal-old-noisy/50/dwr_noisy_p02_hyp-1_50_1.tar.bz2:0.600646972656:0.00864694:0.59
> 0:True:9,9:94,19
> 1:False:10,12:94,20
> 2:False:11,12:94,21
> 3:False:10,12:94,20
> 4:False:10,13:94,20
> 5:False:10,11:94,20
> 6:False:11,13:94,21
> 7:False:9,11:94,19
dwr-optimal-old-noisy/50/dwr_noisy_p02_hyp-1_50_2.tar.bz2:0.597607851028:0.0086829:0.6
> 0:True:9,9:95,20
> 1:True:10,10:95,21
> 2:True:11,11:95,22
> 3:False:10,11:95,21
> 4:False:10,11:95,21
> 5:True:10,10:95,21
> 6:False:11,13:95,22
> 7:False:9,11:95,20
dwr-optimal-old-noisy/50/dwr_noisy_p02_hyp-1_50_3.tar.bz2:0.598109960556:0.00893799:0.6
> 0:False:9,11:94,19
> 1:False:10,13:94,20
> 2:True:11,12:94,21
> 3:False:10,13:94,20
> 4:False:10,14:94,20
> 5:False:10,12:94,20
> 6:False:11,13:94,21
> 7:False:9,12:94,19
dwr-optimal-old-noisy/50/dwr_noisy_p02_hyp-2_50_1.tar.bz2:0.600130081177:0.00918244:0.6
> 0:False:9,12:95,20
> 1:True:10,10:95,21
> 2:False:11,12:95,22
> 3:False:10,12:95,21
> 4:False:10,13:95,21
> 5:False:10,12:95,21
> 6:False:11,12:95,22
> 7:False:9,11:95,20
dwr-optimal-old-noisy/50/dwr_noisy_p02_hyp-2_50_2.tar.bz2:0.600347995758:0.00902341:0.6
> 0:False:9,11:94,19
> 1:True:10,11:94,20
> 2:False:11,13:94,21
> 3:False:10,12:94,20
> 4:False:10,12:94,20
> 5:True:10,11:94,20
> 6:False:11,13:94,21
> 7:True:9,10:94,19
dwr-optimal-old-noisy/50/dwr_noisy_p02_hyp-2_50_3.tar.bz2:0.601404905319:0.00900982:0.59
> 0:False:9,10:94,19
> 1:True:10,10:94,20
> 2:False:11,12:94,21
> 3:False:10,11:94,20
> 4:False:10,12:94,20
> 5:True:10,10:94,20
> 6:True:11,11:94,21
> 7:False:9,10:94,19
dwr-optimal-old-noisy/50/dwr_noisy_p02_hyp-3_50_1.tar.bz2:0.60005903244:0.00895971:0.61
> 0:False:9,12:94,19
> 1:True:10,11:94,20
> 2:True:11,12:94,21
> 3:True:10,11:94,20
> 4:True:10,11:94,20
> 5:False:10,13:94,20
> 6:True:11,12:94,21
> 7:False:9,12:94,19
dwr-optimal-old-noisy/50/dwr_noisy_p02_hyp-3_50_2.tar.bz2:0.60107088089:0.00853451:0.59
> 0:False:9,12:93,18
> 1:True:10,12:93,19
> 2:True:11,13:93,20
> 3:False:10,13:93,19
> 4:False:10,13:93,19
> 5:False:10,13:93,19
> 6:False:11,15:93,20
> 7:False:9,12:93,18
dwr-optimal-old-noisy/50/dwr_noisy_p02_hyp-3_50_3.tar.bz2:0.598115921021:0.00901343:0.6
> 0:True:9,10:94,19
> 1:False:10,12:94,20
> 2:True:11,12:94,21
> 3:False:10,12:94,20
> 4:False:10,12:94,20
> 5:False:10,12:94,20
> 6:True:11,12:94,21
> 7:True:9,10:94,19
dwr-optimal-old-noisy/50/dwr_noisy_p02_hyp-4_50_1.tar.bz2:0.59889793396:0.007722276:0.59
> 0:False:9,12:92,17
> 1:False:10,12:92,18
> 2:False:11,14:92,19
> 3:True:10,11:92,18
> 4:True:10,11:92,18
> 5:False:10,12:92,18
> 6:False:11,13:92,19
> 7:False:9,11:92,17
dwr-optimal-old-noisy/50/dwr_noisy_p02_hyp-4_50_2.tar.bz2:0.598376989365:0.0089258:0.6
> 0:False:9,11:93,18
> 1:False:10,12:93,19
> 2:False:11,13:93,20
> 3:True:10,11:93,19
> 4:False:10,12:93,19
> 5:False:10,12:93,19
> 6:False:11,13:93,20
> 7:False:9,12:93,18
dwr-optimal-old-noisy/50/dwr_noisy_p02_hyp-4_50_3.tar.bz2:0.596653938293:0.008536642:0.6
> 0:False:9,11:93,18
> 1:True:10,11:93,19
> 2:True:11,12:93,20
> 3:True:10,11:93,19
> 4:False:10,12:93,19
> 5:False:10,12:93,19
> 6:False:11,13:93,20
> 7:False:9,12:93,18
dwr-optimal-old-noisy/50/dwr_noisy_p04_hyp-1_50_1.tar.bz2:0.462756156921:0.00718451:0.46
> 0:True:8,8:118,18
> 1:False:9,10:118,19
> 2:False:10,11:118,20
> 3:False:8,9:118,18
> 4:False:9,10:118,19
> 5:False:8,9:118,18
dwr-optimal-old-noisy/50/dwr_noisy_p04_hyp-1_50_2.tar.bz2:0.463057994843:0.00725955:0.46
> 0:True:8,8:117,17
> 1:False:9,11:117,18
> 2:False:10,11:117,19
> 3:False:8,9:117,17
> 4:False:9,11:117,18
> 5:True:8,8:117,17
dwr-optimal-old-noisy/50/dwr_noisy_p04_hyp-1_50_3.tar.bz2:0.462520837784:0.00637493:0.46
> 0:True:8,8:116,16
> 1:False:9,10:116,17
> 2:False:10,11:116,18
> 3:False:8,9:116,16
> 4:False:9,10:116,17
> 5:True:8,8:116,16
dwr-optimal-old-noisy/50/dwr_noisy_p04_hyp-2_50_1.tar.bz2:0.458285808563:0.00623775:0.46
> 0:False:8,10:117,17
> 1:True:9,10:117,18
> 2:True:10,11:117,19
> 3:True:8,9:117,17
> 4:True:9,10:117,18
> 5:False:8,10:117,17
dwr-optimal-old-noisy/50/dwr_noisy_p04_hyp-2_50_2.tar.bz2:0.463628053665:0.00730571:0.46
> 0:False:8,11:118,18
> 1:False:9,12:118,19
> 2:False:10,12:118,20
> 3:False:8,11:118,18
> 4:True:9,10:118,19
> 5:False:8,11:118,18
dwr-optimal-old-noisy/50/dwr_noisy_p04_hyp-2_50_3.tar.bz2:0.462600946426:0.00678455:0.47
> 0:False:8,12:118,18
> 1:True:9,10:118,19
> 2:True:10,11:118,20
> 3:True:8,9:118,18
> 4:False:9,11:118,19
> 5:False:8,11:118,18
dwr-optimal-old-noisy/50/dwr_noisy_p04_hyp-3_50_1.tar.bz2:0.463031053543:0.00697687:0.45
> 0:False:8,12:117,17
> 1:True:9,11:117,18
> 2:True:10,12:117,19
> 3:True:8,10:117,17
> 4:False:9,13:117,18
> 5:False:8,12:117,17
dwr-optimal-old-noisy/50/dwr_noisy_p04_hyp-3_50_2.tar.bz2:0.461313009262:0.00706315:0.45
> 0:True:8,9:118,18
> 1:True:9,10:118,19
> 2:False:10,12:118,20
> 3:True:8,9:118,18
> 4:True:9,10:118,19
> 5:False:8,10:118,18
dwr-optimal-old-noisy/50/dwr_noisy_p04_hyp-3_50_3.tar.bz2:0.461086988449:0.006190931:0.45
> 0:False:8,11:116,16
> 1:True:9,11:116,17
> 2:False:10,13:116,18
> 3:False:8,11:116,16
> 4:True:9,11:116,17
> 5:False:8,11:116,16
dwr-optimal-old-noisy/50/dwr_noisy_p04_hyp-4_50_1.tar.bz2:0.46160197258:0.00719049:0.47
> 0:False:8,10:117,17
> 1:False:9,11:117,18
> 2:True:10,11:117,19
> 3:False:8,10:117,17
> 4:False:9,11:117,18
> 5:False:8,10:117,17
dwr-optimal-old-noisy/50/dwr_noisy_p04_hyp-4_50_2.tar.bz2:0.461632966995:0.00711198:0.47
> 0:True:8,9:118,18
> 1:True:9,10:118,19
> 2:False:10,12:118,20
> 3:False:8,10:118,18
> 4:False:9,11:118,19
> 5:False:8,10:118,18
dwr-optimal-old-noisy/50/dwr_noisy_p04_hyp-4_50_3.tar.bz2:0.463135957718:0.00740535:0.46
> 0:False:8,11:119,19
> 1:False:9,12:119,20
> 2:True:10,12:119,21
> 3:True:8,10:119,19
> 4:False:9,12:119,20
> 5:False:8,11:119,19
dwr-optimal-old-noisy/50/dwr_noisy_p05_hyp-1_50_1.tar.bz2:0.557610988617:0.01157276:0.56
> 0:False:13,27:275,32
> 1:False:14,27:275,33
> 2:False:13,26:275,32
> 3:False:13,28:275,32
> 4:True:13,25:275,32
> 5:False:14,27:275,33
dwr-optimal-old-noisy/50/dwr_noisy_p05_hyp-1_50_2.tar.bz2:0.55921292305:0.01159017:0.56
> 0:True:13,25:279,36
> 1:False:14,27:279,37
> 2:False:13,27:279,36
> 3:False:13,27:279,36
> 4:True:13,25:279,36
> 5:False:14,27:279,37
dwr-optimal-old-noisy/50/dwr_noisy_p05_hyp-1_50_3.tar.bz2:0.555907011032:0.01122495:0.56
> 0:False:13,26:277,34
> 1:False:14,27:277,35
> 2:True:13,25:277,34
> 3:False:13,26:277,34
> 4:True:13,25:277,34
> 5:True:14,26:277,35
dwr-optimal-old-noisy/50/dwr_noisy_p05_hyp-2_50_1.tar.bz2:0.559918165207:0.01123766:0.57
> 0:False:13,25:276,33
> 1:True:14,25:276,34
> 2:False:13,26:276,33
> 3:False:13,27:276,33
> 4:False:13,26:276,33
> 5:False:14,26:276,34
dwr-optimal-old-noisy/50/dwr_noisy_p05_hyp-2_50_2.tar.bz2:0.558337926865:0.01138317:0.55
> 0:False:13,26:275,32
> 1:True:14,26:275,33
> 2:False:13,27:275,32
> 3:False:13,26:275,32
> 4:False:13,27:275,32
> 5:False:14,27:275,33
dwr-optimal-old-noisy/50/dwr_noisy_p05_hyp-2_50_3.tar.bz2:0.557234048843:0.01105257:0.56
> 0:False:13,26:277,34
> 1:False:14,28:277,35
> 2:True:13,25:277,34
> 3:False:13,28:277,34
> 4:True:13,25:277,34
> 5:False:14,27:277,35
dwr-optimal-old-noisy/50/dwr_noisy_p05_hyp-3_50_1.tar.bz2:0.556562900543:0.01137937:0.56
> 0:True:13,21:276,33
> 1:False:14,24:276,34
> 2:False:13,24:276,33
> 3:False:13,23:276,33
> 4:False:13,22:276,33
> 5:False:14,24:276,34
dwr-optimal-old-noisy/50/dwr_noisy_p05_hyp-3_50_2.tar.bz2:0.556984901428:0.01146903:0.55
> 0:False:13,22:277,34
> 1:False:14,25:277,35
> 2:False:13,24:277,34
> 3:False:13,23:277,34
> 4:True:13,20:277,34
> 5:False:14,24:277,35
dwr-optimal-old-noisy/50/dwr_noisy_p05_hyp-3_50_3.tar.bz2:0.555871009827:0.01150576:0.56
> 0:False:13,23:274,31
> 1:False:14,26:274,32
> 2:False:13,24:274,31
> 3:False:13,25:274,31
> 4:False:13,22:274,31
> 5:True:14,22:274,32
dwr-optimal-old-noisy/50/dwr_noisy_p05_hyp-4_50_1.tar.bz2:0.556312084198:0.01087976:0.56
> 0:False:13,23:271,28
> 1:False:14,25:271,29
> 2:False:13,25:271,28
> 3:True:13,22:271,28
> 4:True:13,22:271,28
> 5:False:14,24:271,29
dwr-optimal-old-noisy/50/dwr_noisy_p05_hyp-4_50_2.tar.bz2:0.554641008377:0.01153527:0.55
> 0:False:13,21:275,32
> 1:False:14,22:275,33
> 2:False:13,21:275,32
> 3:False:13,20:275,32
> 4:True:13,19:275,32
> 5:False:14,22:275,33
dwr-optimal-old-noisy/50/dwr_noisy_p05_hyp-4_50_3.tar.bz2:0.555280923843:0.01117669:0.56
> 0:False:13,22:275,32
> 1:False:14,23:275,33
> 2:False:13,22:275,32
> 3:True:13,19:275,32
> 4:False:13,20:275,32
> 5:False:14,22:275,33
dwr-optimal-old-noisy/70/dwr_noisy_p02_hyp-1_70_1.tar.bz2:0.598609924316:0.00901519:0.59
> 0:False:9,11:95,20
> 1:False:10,13:95,21
> 2:True:11,12:95,22
> 3:False:10,12:95,21
> 4:False:10,12:95,21
> 5:False:10,13:95,21
> 6:False:11,14:95,22
> 7:False:9,12:95,20
dwr-optimal-old-noisy/70/dwr_noisy_p02_hyp-1_70_2.tar.bz2:0.602127075195:0.00923348:0.59
> 0:False:9,10:97,22
> 1:False:10,12:97,23
> 2:True:11,11:97,24
> 3:False:10,13:97,23
> 4:False:10,13:97,23
> 5:False:10,12:97,23
> 6:False:11,13:97,24
> 7:False:9,12:97,22
dwr-optimal-old-noisy/70/dwr_noisy_p02_hyp-1_70_3.tar.bz2:0.600469827652:0.00903518:0.59
> 0:True:9,9:97,22
> 1:False:10,13:97,23
> 2:True:11,11:97,24
> 3:False:10,13:97,23
> 4:False:10,11:97,23
> 5:False:10,11:97,23
> 6:False:11,13:97,24
> 7:False:9,10:97,22
dwr-optimal-old-noisy/70/dwr_noisy_p02_hyp-2_70_1.tar.bz2:0.600036144257:0.00913117:0.61
> 0:False:9,10:97,22
> 1:True:10,10:97,23
> 2:False:11,12:97,24
> 3:False:10,13:97,23
> 4:False:10,13:97,23
> 5:True:10,10:97,23
> 6:False:11,13:97,24
> 7:False:9,10:97,22
dwr-optimal-old-noisy/70/dwr_noisy_p02_hyp-2_70_2.tar.bz2:0.598352193832:0.00901457:0.59
> 0:False:9,13:95,20
> 1:True:10,11:95,21
> 2:False:11,14:95,22
> 3:False:10,12:95,21
> 4:False:10,13:95,21
> 5:False:10,12:95,21
> 6:False:11,13:95,22
> 7:False:9,12:95,20
dwr-optimal-old-noisy/70/dwr_noisy_p02_hyp-2_70_3.tar.bz2:0.602802991867:0.00890344:0.6
> 0:False:9,12:95,20
> 1:True:10,10:95,21
> 2:False:11,14:95,22
> 3:False:10,12:95,21
> 4:False:10,13:95,21
> 5:True:10,10:95,21
> 6:False:11,12:95,22
> 7:False:9,11:95,20
dwr-optimal-old-noisy/70/dwr_noisy_p02_hyp-3_70_1.tar.bz2:0.601914167404:0.00904878:0.59
> 0:False:9,11:97,22
> 1:False:10,12:97,23
> 2:True:11,12:97,24
> 3:False:10,12:97,23
> 4:False:10,13:97,23
> 5:False:10,13:97,23
> 6:False:11,14:97,24
> 7:False:9,13:97,22
dwr-optimal-old-noisy/70/dwr_noisy_p02_hyp-3_70_2.tar.bz2:0.600208997726:0.00898005:0.6
> 0:False:9,12:98,23
> 1:False:10,13:98,24
> 2:True:11,11:98,25
> 3:False:10,13:98,24
> 4:False:10,13:98,24
> 5:False:10,14:98,24
> 6:False:11,15:98,25
> 7:False:9,13:98,23
dwr-optimal-old-noisy/70/dwr_noisy_p02_hyp-3_70_3.tar.bz2:0.601368904114:0.00903209:0.6
> 0:False:9,10:96,21
> 1:False:10,12:96,22
> 2:True:11,11:96,23
> 3:False:10,12:96,22
> 4:False:10,12:96,22
> 5:False:10,12:96,22
> 6:False:11,13:96,23
> 7:False:9,12:96,21
dwr-optimal-old-noisy/70/dwr_noisy_p02_hyp-4_70_1.tar.bz2:0.595736980438:0.0090945:0.6
> 0:False:9,12:97,22
> 1:True:10,11:97,23
> 2:False:11,13:97,24
> 3:True:10,11:97,23
> 4:False:10,12:97,23
> 5:False:10,12:97,23
> 6:False:11,14:97,24
> 7:False:9,13:97,22
dwr-optimal-old-noisy/70/dwr_noisy_p02_hyp-4_70_2.tar.bz2:0.602686882019:0.00907722:0.6
> 0:False:9,12:97,22
> 1:False:10,11:97,23
> 2:False:11,12:97,24
> 3:True:10,10:97,23
> 4:True:10,10:97,23
> 5:False:10,11:97,23
> 6:True:11,11:97,24
> 7:False:9,11:97,22
dwr-optimal-old-noisy/70/dwr_noisy_p02_hyp-4_70_3.tar.bz2:0.599309921265:0.00874534:0.6
> 0:False:9,12:97,22
> 1:False:10,11:97,23
> 2:False:11,13:97,24
> 3:True:10,10:97,23
> 4:False:10,11:97,23
> 5:False:10,12:97,23
> 6:False:11,12:97,24
> 7:False:9,12:97,22
dwr-optimal-old-noisy/70/dwr_noisy_p04_hyp-1_70_1.tar.bz2:0.465533971786:0.00745991:0.46
> 0:True:8,10:119,19
> 1:True:9,11:119,20
> 2:False:10,13:119,21
> 3:False:8,11:119,19
> 4:True:9,11:119,20
> 5:False:8,11:119,19
dwr-optimal-old-noisy/70/dwr_noisy_p04_hyp-1_70_2.tar.bz2:0.464107036591:0.00730583:0.47
> 0:True:8,10:118,18
> 1:False:9,12:118,19
> 2:False:10,13:118,20
> 3:False:8,11:118,18
> 4:False:9,13:118,19
> 5:False:8,11:118,18
dwr-optimal-old-noisy/70/dwr_noisy_p04_hyp-1_70_3.tar.bz2:0.465224981308:0.00711935:0.46
> 0:False:8,11:118,18
> 1:True:9,10:118,19
> 2:False:10,12:118,20
> 3:False:8,10:118,18
> 4:False:9,12:118,19
> 5:False:8,10:118,18
dwr-optimal-old-noisy/70/dwr_noisy_p04_hyp-2_70_1.tar.bz2:0.463006019592:0.00739848:0.46
> 0:False:8,12:121,21
> 1:False:9,11:121,22
> 2:True:10,11:121,23
> 3:False:8,10:121,21
> 4:False:9,12:121,22
> 5:False:8,11:121,21
dwr-optimal-old-noisy/70/dwr_noisy_p04_hyp-2_70_2.tar.bz2:0.463896989822:0.00713913:0.47
> 0:False:8,11:120,20
> 1:False:9,11:120,21
> 2:True:10,11:120,22
> 3:False:8,10:120,20
> 4:False:9,12:120,21
> 5:False:8,11:120,20
dwr-optimal-old-noisy/70/dwr_noisy_p04_hyp-2_70_3.tar.bz2:0.460114955902:0.00739006:0.46
> 0:False:8,11:121,21
> 1:False:9,11:121,22
> 2:True:10,10:121,23
> 3:False:8,10:121,21
> 4:False:9,11:121,22
> 5:False:8,10:121,21
dwr-optimal-old-noisy/70/dwr_noisy_p04_hyp-3_70_1.tar.bz2:0.466427087784:0.00737715:0.48
> 0:False:8,12:121,21
> 1:True:9,10:121,22
> 2:True:10,11:121,23
> 3:False:8,10:121,21
> 4:False:9,11:121,22
> 5:False:8,12:121,21
dwr-optimal-old-noisy/70/dwr_noisy_p04_hyp-3_70_2.tar.bz2:0.463948011398:0.00724481:0.47
> 0:False:8,12:122,22
> 1:False:9,10:122,23
> 2:True:10,10:122,24
> 3:False:8,10:122,22
> 4:False:9,11:122,23
> 5:False:8,12:122,22
dwr-optimal-old-noisy/70/dwr_noisy_p04_hyp-3_70_3.tar.bz2:0.464676856995:0.00724029:0.47
> 0:False:8,12:120,20
> 1:False:9,11:120,21
> 2:False:10,12:120,22
> 3:False:8,11:120,20
> 4:True:9,10:120,21
> 5:False:8,12:120,20
dwr-optimal-old-noisy/70/dwr_noisy_p04_hyp-4_70_1.tar.bz2:0.465886116028:0.00744075:0.46
> 0:False:8,11:121,21
> 1:False:9,11:121,22
> 2:False:10,12:121,23
> 3:False:8,11:121,21
> 4:True:9,9:121,22
> 5:False:8,10:121,21
dwr-optimal-old-noisy/70/dwr_noisy_p04_hyp-4_70_2.tar.bz2:0.465286970139:0.00757388:0.47
> 0:True:8,10:120,20
> 1:False:9,12:120,21
> 2:False:10,13:120,22
> 3:False:8,11:120,20
> 4:True:9,11:120,21
> 5:False:8,11:120,20
dwr-optimal-old-noisy/70/dwr_noisy_p04_hyp-4_70_3.tar.bz2:0.460239887238:0.00724404:0.46
> 0:False:8,11:120,20
> 1:False:9,12:120,21
> 2:True:10,11:120,22
> 3:False:8,10:120,20
> 4:False:9,11:120,21
> 5:False:8,11:120,20
dwr-optimal-old-noisy/70/dwr_noisy_p05_hyp-1_70_1.tar.bz2:0.556842088699:0.01209302:0.55
> 0:True:13,33:288,45
> 1:False:14,35:288,46
> 2:False:13,35:288,45
> 3:False:13,36:288,45
> 4:False:13,34:288,45
> 5:True:14,34:288,46
dwr-optimal-old-noisy/70/dwr_noisy_p05_hyp-1_70_2.tar.bz2:0.559262037277:0.01173721:0.55
> 0:False:13,33:284,41
> 1:False:14,34:284,42
> 2:False:13,34:284,41
> 3:False:13,37:284,41
> 4:False:13,33:284,41
> 5:True:14,33:284,42
dwr-optimal-old-noisy/70/dwr_noisy_p05_hyp-1_70_3.tar.bz2:0.550827026367:0.01188245:0.56
> 0:False:13,33:287,44
> 1:False:14,35:287,45
> 2:False:13,35:287,44
> 3:False:13,37:287,44
> 4:True:13,32:287,44
> 5:True:14,33:287,45
dwr-optimal-old-noisy/70/dwr_noisy_p05_hyp-2_70_1.tar.bz2:0.550781011581:0.01160293:0.56
> 0:False:13,32:282,39
> 1:True:14,31:282,40
> 2:False:13,32:282,39
> 3:False:13,34:282,39
> 4:False:13,33:282,39
> 5:False:14,33:282,40
dwr-optimal-old-noisy/70/dwr_noisy_p05_hyp-2_70_2.tar.bz2:0.558381080627:0.01174387:0.55
> 0:False:13,34:284,41
> 1:True:14,32:284,42
> 2:False:13,34:284,41
> 3:False:13,33:284,41
> 4:False:13,32:284,41
> 5:True:14,32:284,42
dwr-optimal-old-noisy/70/dwr_noisy_p05_hyp-2_70_3.tar.bz2:0.558999061584:0.01195919:0.55
> 0:False:13,32:283,40
> 1:True:14,32:283,41
> 2:False:13,32:283,40
> 3:False:13,33:283,40
> 4:False:13,34:283,40
> 5:False:14,34:283,41
dwr-optimal-old-noisy/70/dwr_noisy_p05_hyp-3_70_1.tar.bz2:0.559859991074:0.01178269:0.56
> 0:False:13,30:282,39
> 1:False:14,32:282,40
> 2:False:13,29:282,39
> 3:False:13,30:282,39
> 4:True:13,26:282,39
> 5:False:14,28:282,40
dwr-optimal-old-noisy/70/dwr_noisy_p05_hyp-3_70_2.tar.bz2:0.558280944824:0.01159088:0.56
> 0:False:13,29:281,38
> 1:False:14,33:281,39
> 2:False:13,31:281,38
> 3:False:13,33:281,38
> 4:True:13,28:281,38
> 5:True:14,29:281,39
dwr-optimal-old-noisy/70/dwr_noisy_p05_hyp-3_70_3.tar.bz2:0.562674999237:0.01187488:0.56
> 0:False:13,30:283,40
> 1:False:14,33:283,41
> 2:False:13,31:283,40
> 3:False:13,32:283,40
> 4:True:13,28:283,40
> 5:True:14,29:283,41
dwr-optimal-old-noisy/70/dwr_noisy_p05_hyp-4_70_1.tar.bz2:0.558128118515:0.01120379:0.56
> 0:False:13,29:278,35
> 1:False:14,30:278,36
> 2:False:13,31:278,35
> 3:True:13,27:278,35
> 4:False:13,28:278,35
> 5:False:14,30:278,36
dwr-optimal-old-noisy/70/dwr_noisy_p05_hyp-4_70_2.tar.bz2:0.554785013199:0.01165256:0.55
> 0:False:13,28:277,34
> 1:False:14,28:277,35
> 2:False:13,28:277,34
> 3:True:13,24:277,34
> 4:False:13,25:277,34
> 5:False:14,27:277,35
dwr-optimal-old-noisy/70/dwr_noisy_p05_hyp-4_70_3.tar.bz2:0.561613082886:0.0114497:0.56
> 0:False:13,29:278,35
> 1:False:14,29:278,36
> 2:False:13,28:278,35
> 3:True:13,25:278,35
> 4:False:13,26:278,35
> 5:False:14,28:278,36
dwr-optimal-old-noisy/100/dwr_noisy_p02_hyp-1_full_1.tar.bz2:0.600884914398:0.00914425:0.61
> 0:False:9,12:99,24
> 1:False:10,15:99,25
> 2:True:11,13:99,26
> 3:False:10,15:99,25
> 4:False:10,15:99,25
> 5:False:10,14:99,25
> 6:False:11,15:99,26
> 7:False:9,14:99,24
dwr-optimal-old-noisy/100/dwr_noisy_p02_hyp-1_full_2.tar.bz2:0.594494104385:0.00892109:0.6
> 0:False:9,12:100,25
> 1:False:10,14:100,26
> 2:True:11,12:100,27
> 3:False:10,15:100,26
> 4:False:10,15:100,26
> 5:False:10,14:100,26
> 6:False:11,15:100,27
> 7:False:9,14:100,25
dwr-optimal-old-noisy/100/dwr_noisy_p02_hyp-1_full_3.tar.bz2:0.598695993423:0.00926109:0.59
> 0:False:9,12:99,24
> 1:False:10,15:99,25
> 2:True:11,13:99,26
> 3:False:10,15:99,25
> 4:False:10,15:99,25
> 5:False:10,14:99,25
> 6:False:11,15:99,26
> 7:False:9,14:99,24
dwr-optimal-old-noisy/100/dwr_noisy_p02_hyp-2_full_1.tar.bz2:0.602343797684:0.0092791:0.61
> 0:False:9,14:100,25
> 1:True:10,12:100,26
> 2:False:11,15:100,27
> 3:False:10,15:100,26
> 4:False:10,16:100,26
> 5:False:10,13:100,26
> 6:False:11,15:100,27
> 7:False:9,13:100,25
dwr-optimal-old-noisy/100/dwr_noisy_p02_hyp-2_full_2.tar.bz2:0.601969003677:0.00918201:0.6
> 0:False:9,14:100,25
> 1:True:10,12:100,26
> 2:False:11,14:100,27
> 3:False:10,14:100,26
> 4:False:10,14:100,26
> 5:False:10,13:100,26
> 6:False:11,14:100,27
> 7:False:9,13:100,25
dwr-optimal-old-noisy/100/dwr_noisy_p02_hyp-2_full_3.tar.bz2:0.601552009583:0.00930922:0.61
> 0:False:9,13:101,26
> 1:True:10,12:101,27
> 2:False:11,14:101,28
> 3:False:10,14:101,27
> 4:False:10,14:101,27
> 5:True:10,12:101,27
> 6:True:11,13:101,28
> 7:False:9,12:101,26
dwr-optimal-old-noisy/100/dwr_noisy_p02_hyp-3_full_1.tar.bz2:0.599057912827:0.009196:0.6
> 0:False:9,13:99,24
> 1:False:10,14:99,25
> 2:True:11,12:99,26
> 3:False:10,15:99,25
> 4:False:10,15:99,25
> 5:False:10,15:99,25
> 6:False:11,16:99,26
> 7:False:9,15:99,24
dwr-optimal-old-noisy/100/dwr_noisy_p02_hyp-3_full_2.tar.bz2:0.602494955063:0.00914035:0.61
> 0:False:9,13:100,25
> 1:False:10,14:100,26
> 2:True:11,12:100,27
> 3:False:10,15:100,26
> 4:False:10,15:100,26
> 5:False:10,15:100,26
> 6:False:11,16:100,27
> 7:False:9,15:100,25
dwr-optimal-old-noisy/100/dwr_noisy_p02_hyp-3_full_3.tar.bz2:0.600157976151:0.00927674:0.6
> 0:False:9,13:101,26
> 1:False:10,13:101,27
> 2:True:11,12:101,28
> 3:False:10,14:101,27
> 4:False:10,14:101,27
> 5:False:10,15:101,27
> 6:False:11,16:101,28
> 7:False:9,14:101,26
dwr-optimal-old-noisy/100/dwr_noisy_p02_hyp-4_full_1.tar.bz2:0.599122047424:0.00934409:0.6
> 0:False:9,15:98,23
> 1:False:10,14:98,24
> 2:False:11,16:98,25
> 3:True:10,12:98,24
> 4:False:10,13:98,24
> 5:False:10,15:98,24
> 6:False:11,15:98,25
> 7:False:9,15:98,23
dwr-optimal-old-noisy/100/dwr_noisy_p02_hyp-4_full_2.tar.bz2:0.599351167679:0.00942861:0.59
> 0:False:9,15:100,25
> 1:False:10,14:100,26
> 2:False:11,16:100,27
> 3:True:10,12:100,26
> 4:False:10,13:100,26
> 5:False:10,15:100,26
> 6:False:11,15:100,27
> 7:False:9,15:100,25
dwr-optimal-old-noisy/100/dwr_noisy_p02_hyp-4_full_3.tar.bz2:0.593770027161:0.00897404:0.59
> 0:False:9,15:98,23
> 1:False:10,14:98,24
> 2:False:11,16:98,25
> 3:True:10,12:98,24
> 4:False:10,13:98,24
> 5:False:10,15:98,24
> 6:False:11,15:98,25
> 7:False:9,15:98,23
dwr-optimal-old-noisy/100/dwr_noisy_p04_hyp-1_full_1.tar.bz2:0.464005947113:0.0071413:0.46
> 0:True:8,11:122,22
> 1:False:9,13:122,23
> 2:False:10,15:122,24
> 3:False:8,13:122,22
> 4:True:9,12:122,23
> 5:False:8,12:122,22
dwr-optimal-old-noisy/100/dwr_noisy_p04_hyp-1_full_2.tar.bz2:0.460324048996:0.00720396:0.46
> 0:True:8,11:121,21
> 1:False:9,13:121,22
> 2:False:10,15:121,23
> 3:False:8,13:121,21
> 4:False:9,13:121,22
> 5:False:8,12:121,21
dwr-optimal-old-noisy/100/dwr_noisy_p04_hyp-1_full_3.tar.bz2:0.462338924408:0.00739731:0.46
> 0:True:8,11:122,22
> 1:True:9,12:122,23
> 2:False:10,14:122,24
> 3:False:8,12:122,22
> 4:True:9,12:122,23
> 5:True:8,11:122,22
dwr-optimal-old-noisy/100/dwr_noisy_p04_hyp-2_full_1.tar.bz2:0.460340976715:0.00733066:0.47
> 0:False:8,14:123,23
> 1:False:9,13:123,24
> 2:True:10,12:123,25
> 3:False:8,12:123,23
> 4:False:9,14:123,24
> 5:False:8,13:123,23
dwr-optimal-old-noisy/100/dwr_noisy_p04_hyp-2_full_2.tar.bz2:0.463162899017:0.00736773:0.46
> 0:False:8,14:123,23
> 1:False:9,13:123,24
> 2:True:10,12:123,25
> 3:False:8,12:123,23
> 4:False:9,14:123,24
> 5:False:8,13:123,23
dwr-optimal-old-noisy/100/dwr_noisy_p04_hyp-2_full_3.tar.bz2:0.463625907898:0.00738617:0.47
> 0:False:8,14:123,23
> 1:False:9,13:123,24
> 2:True:10,12:123,25
> 3:False:8,12:123,23
> 4:False:9,14:123,24
> 5:False:8,13:123,23
dwr-optimal-old-noisy/100/dwr_noisy_p04_hyp-3_full_1.tar.bz2:0.468888998032:0.00755227:0.47
> 0:False:8,14:124,24
> 1:True:9,12:124,25
> 2:True:10,13:124,26
> 3:False:8,13:124,24
> 4:False:9,13:124,25
> 5:False:8,14:124,24
dwr-optimal-old-noisy/100/dwr_noisy_p04_hyp-3_full_2.tar.bz2:0.465837001801:0.00757872:0.47
> 0:False:8,14:122,22
> 1:True:9,12:122,23
> 2:False:10,14:122,24
> 3:False:8,13:122,22
> 4:False:9,13:122,23
> 5:False:8,15:122,22
dwr-optimal-old-noisy/100/dwr_noisy_p04_hyp-3_full_3.tar.bz2:0.4630651474:0.00758661:0.46
> 0:False:8,14:123,23
> 1:True:9,12:123,24
> 2:False:10,14:123,25
> 3:False:8,13:123,23
> 4:False:9,13:123,24
> 5:False:8,15:123,23
dwr-optimal-old-noisy/100/dwr_noisy_p04_hyp-4_full_1.tar.bz2:0.467889070511:0.00754438:0.47
> 0:False:8,13:124,24
> 1:False:9,13:124,25
> 2:False:10,14:124,26
> 3:False:8,13:124,24
> 4:True:9,12:124,25
> 5:False:8,13:124,24
dwr-optimal-old-noisy/100/dwr_noisy_p04_hyp-4_full_2.tar.bz2:0.467519044876:0.007593:0.47
> 0:False:8,14:124,24
> 1:False:9,13:124,25
> 2:False:10,14:124,26
> 3:False:8,13:124,24
> 4:True:9,12:124,25
> 5:False:8,13:124,24
dwr-optimal-old-noisy/100/dwr_noisy_p04_hyp-4_full_3.tar.bz2:0.465490818024:0.00762885:0.47
> 0:False:8,14:124,24
> 1:False:9,13:124,25
> 2:True:10,13:124,26
> 3:False:8,13:124,24
> 4:True:9,12:124,25
> 5:False:8,12:124,24
dwr-optimal-old-noisy/100/dwr_noisy_p05_hyp-1_full_1.tar.bz2:0.560271978378:0.01235064:0.56
> 0:False:13,44:293,50
> 1:False:14,45:293,51
> 2:False:13,46:293,50
> 3:False:13,46:293,50
> 4:False:13,44:293,50
> 5:True:14,44:293,51
dwr-optimal-old-noisy/100/dwr_noisy_p05_hyp-1_full_2.tar.bz2:0.557806015015:0.01223357:0.56
> 0:False:13,44:293,50
> 1:False:14,45:293,51
> 2:False:13,45:293,50
> 3:False:13,46:293,50
> 4:False:13,44:293,50
> 5:True:14,44:293,51
dwr-optimal-old-noisy/100/dwr_noisy_p05_hyp-1_full_3.tar.bz2:0.55678486824:0.01205342:0.56
> 0:False:13,44:294,51
> 1:False:14,45:294,52
> 2:False:13,46:294,51
> 3:False:13,47:294,51
> 4:False:13,44:294,51
> 5:True:14,44:294,52
dwr-optimal-old-noisy/100/dwr_noisy_p05_hyp-2_full_1.tar.bz2:0.556103944778:0.01219662:0.55
> 0:False:13,43:293,50
> 1:True:14,42:293,51
> 2:False:13,44:293,50
> 3:False:13,44:293,50
> 4:False:13,43:293,50
> 5:False:14,43:293,51
dwr-optimal-old-noisy/100/dwr_noisy_p05_hyp-2_full_2.tar.bz2:0.557375907898:0.01208988:0.56
> 0:False:13,44:292,49
> 1:True:14,42:292,50
> 2:False:13,44:292,49
> 3:False:13,43:292,49
> 4:False:13,44:292,49
> 5:False:14,44:292,50
dwr-optimal-old-noisy/100/dwr_noisy_p05_hyp-2_full_3.tar.bz2:0.56284403801:0.01220066:0.57
> 0:False:13,43:290,47
> 1:True:14,42:290,48
> 2:False:13,43:290,47
> 3:False:13,43:290,47
> 4:False:13,43:290,47
> 5:False:14,43:290,48
dwr-optimal-old-noisy/100/dwr_noisy_p05_hyp-3_full_1.tar.bz2:0.559529066086:0.01204543:0.56
> 0:False:13,39:290,47
> 1:False:14,42:290,48
> 2:False:13,40:290,47
> 3:False:13,41:290,47
> 4:True:13,36:290,47
> 5:True:14,37:290,48
dwr-optimal-old-noisy/100/dwr_noisy_p05_hyp-3_full_2.tar.bz2:0.557177066803:0.01191399:0.55
> 0:False:13,39:288,45
> 1:False:14,42:288,46
> 2:False:13,40:288,45
> 3:False:13,41:288,45
> 4:False:13,36:288,45
> 5:True:14,36:288,46
dwr-optimal-old-noisy/100/dwr_noisy_p05_hyp-3_full_3.tar.bz2:0.559481859207:0.01190156:0.56
> 0:False:13,39:290,47
> 1:False:14,41:290,48
> 2:False:13,40:290,47
> 3:False:13,38:290,47
> 4:False:13,36:290,47
> 5:True:14,36:290,48
dwr-optimal-old-noisy/100/dwr_noisy_p05_hyp-4_full_1.tar.bz2:0.56253695488:0.01188808:0.56
> 0:False:13,36:284,41
> 1:False:14,37:284,42
> 2:False:13,36:284,41
> 3:True:13,32:284,41
> 4:False:13,34:284,41
> 5:False:14,35:284,42
dwr-optimal-old-noisy/100/dwr_noisy_p05_hyp-4_full_2.tar.bz2:0.559456825256:0.01194643:0.56
> 0:False:13,36:286,43
> 1:False:14,37:286,44
> 2:False:13,36:286,43
> 3:True:13,32:286,43
> 4:False:13,35:286,43
> 5:False:14,36:286,44
dwr-optimal-old-noisy/100/dwr_noisy_p05_hyp-4_full_3.tar.bz2:0.557377099991:0.01203829:0.55
> 0:False:13,37:286,43
> 1:False:14,36:286,44
> 2:False:13,36:286,43
> 3:True:13,32:286,43
> 4:False:13,35:286,43
> 5:False:14,36:286,44
