dwr-optimal-old-noisy/10/dwr_noisy_p02_hyp-1_10_1.tar.bz2:0.596038103104:0.008040097:0.59
> 0:True:9,9:88,13
> 1:False:10,11:88,14
> 2:True:11,11:88,15
> 3:True:10,10:88,14
> 4:True:10,10:88,14
> 5:False:10,11:88,14
> 6:False:11,12:88,15
> 7:False:9,10:88,13
dwr-optimal-old-noisy/10/dwr_noisy_p02_hyp-1_10_2.tar.bz2:0.593883991241:0.008242175:0.6
> 0:False:9,12:89,16
> 1:False:10,12:89,16
> 2:False:11,14:89,18
> 3:False:10,12:89,17
> 4:False:10,11:89,15
> 5:True:10,10:89,15
> 6:True:11,11:89,16
> 7:False:9,10:89,14
dwr-optimal-old-noisy/10/dwr_noisy_p02_hyp-1_10_3.tar.bz2:0.595768928528:0.008040041:0.59
> 0:False:9,10:89,14
> 1:False:10,11:89,15
> 2:False:11,12:89,16
> 3:True:10,10:89,15
> 4:True:10,10:89,15
> 5:False:10,11:89,15
> 6:False:11,13:89,16
> 7:False:9,11:89,14
dwr-optimal-old-noisy/10/dwr_noisy_p02_hyp-2_10_1.tar.bz2:0.590811014175:0.00824753:0.59
> 0:False:9,11:88,15
> 1:True:10,10:88,14
> 2:False:11,13:88,17
> 3:False:10,11:88,14
> 4:False:10,11:88,14
> 5:True:10,10:88,14
> 6:False:11,12:88,15
> 7:True:9,9:88,13
dwr-optimal-old-noisy/10/dwr_noisy_p02_hyp-2_10_2.tar.bz2:0.591509103775:0.008131759:0.59
> 0:False:9,12:88,15
> 1:True:10,11:88,14
> 2:False:11,14:88,17
> 3:False:10,12:88,14
> 4:False:10,12:88,14
> 5:True:10,11:88,14
> 6:False:11,13:88,15
> 7:True:9,10:88,13
dwr-optimal-old-noisy/10/dwr_noisy_p02_hyp-2_10_3.tar.bz2:0.596308231354:0.008115652:0.6
> 0:True:9,10:89,14
> 1:True:10,11:89,15
> 2:True:11,12:89,16
> 3:False:10,12:89,16
> 4:False:10,12:89,16
> 5:True:10,11:89,15
> 6:True:11,12:89,16
> 7:True:9,10:89,14
dwr-optimal-old-noisy/10/dwr_noisy_p02_hyp-3_10_1.tar.bz2:0.590261936188:0.008153054:0.59
> 0:True:9,9:88,13
> 1:True:10,10:88,14
> 2:True:11,11:88,15
> 3:True:10,10:88,14
> 4:True:10,10:88,14
> 5:True:10,10:88,14
> 6:True:11,11:88,15
> 7:True:9,9:88,13
dwr-optimal-old-noisy/10/dwr_noisy_p02_hyp-3_10_2.tar.bz2:0.594317913055:0.008182141:0.6
> 0:True:9,11:89,14
> 1:True:10,12:89,15
> 2:True:11,13:89,16
> 3:True:10,12:89,15
> 4:True:10,12:89,15
> 5:True:10,12:89,15
> 6:True:11,13:89,16
> 7:True:9,11:89,14
dwr-optimal-old-noisy/10/dwr_noisy_p02_hyp-3_10_3.tar.bz2:0.587594032288:0.008006222:0.59
> 0:True:9,10:88,13
> 1:True:10,11:88,14
> 2:True:11,12:88,15
> 3:True:10,11:88,14
> 4:True:10,11:88,14
> 5:True:10,11:88,14
> 6:True:11,12:88,15
> 7:True:9,10:88,13
dwr-optimal-old-noisy/10/dwr_noisy_p02_hyp-4_10_1.tar.bz2:0.595582962036:0.0083231:0.59
> 0:False:9,12:89,16
> 1:True:10,11:89,15
> 2:False:11,14:89,18
> 3:True:10,11:89,15
> 4:True:10,11:89,15
> 5:True:10,11:89,15
> 6:True:11,12:89,16
> 7:True:9,10:89,14
dwr-optimal-old-noisy/10/dwr_noisy_p02_hyp-4_10_2.tar.bz2:0.597831964493:0.008285291:0.6
> 0:False:9,12:89,16
> 1:False:10,12:89,16
> 2:False:11,14:89,18
> 3:False:10,11:89,16
> 4:False:10,11:89,14
> 5:False:10,11:89,16
> 6:True:11,11:89,16
> 7:False:9,11:89,14
dwr-optimal-old-noisy/10/dwr_noisy_p02_hyp-4_10_3.tar.bz2:0.597263097763:0.008158327:0.6
> 0:False:9,10:89,14
> 1:False:10,14:89,18
> 2:True:11,11:89,15
> 3:False:10,14:89,18
> 4:False:10,12:89,15
> 5:False:10,12:89,16
> 6:False:11,12:89,16
> 7:False:9,11:89,14
dwr-optimal-old-noisy/10/dwr_noisy_p04_hyp-1_10_1.tar.bz2:0.462918043137:0.00663443:0.47
> 0:True:8,9:112,12
> 1:False:9,11:112,14
> 2:True:10,11:112,14
> 3:True:8,9:112,12
> 4:False:9,11:112,14
> 5:True:8,9:112,12
dwr-optimal-old-noisy/10/dwr_noisy_p04_hyp-1_10_2.tar.bz2:0.459355115891:0.00666527:0.46
> 0:True:8,8:112,12
> 1:True:9,9:112,13
> 2:False:10,11:112,15
> 3:False:8,9:112,13
> 4:True:9,9:112,13
> 5:True:8,8:112,12
dwr-optimal-old-noisy/10/dwr_noisy_p04_hyp-1_10_3.tar.bz2:0.461993932724:0.0066377:0.47
> 0:True:8,8:112,12
> 1:True:9,9:112,13
> 2:False:10,11:112,15
> 3:False:8,9:112,13
> 4:True:9,9:112,13
> 5:True:8,8:112,12
dwr-optimal-old-noisy/10/dwr_noisy_p04_hyp-2_10_1.tar.bz2:0.459208965302:0.00664829:0.46
> 0:False:8,10:112,14
> 1:True:9,9:112,13
> 2:True:10,10:112,14
> 3:True:8,8:112,12
> 4:False:9,10:112,13
> 5:False:8,11:112,14
dwr-optimal-old-noisy/10/dwr_noisy_p04_hyp-2_10_2.tar.bz2:0.459844827652:0.00661556:0.46
> 0:True:8,8:112,12
> 1:True:9,9:112,13
> 2:True:10,10:112,14
> 3:True:8,8:112,12
> 4:True:9,9:112,13
> 5:True:8,8:112,12
dwr-optimal-old-noisy/10/dwr_noisy_p04_hyp-2_10_3.tar.bz2:0.459275007248:0.0067734:0.46
> 0:False:8,10:112,14
> 1:True:9,9:112,13
> 2:True:10,10:112,14
> 3:True:8,8:112,12
> 4:False:9,10:112,13
> 5:False:8,11:112,14
dwr-optimal-old-noisy/10/dwr_noisy_p04_hyp-3_10_1.tar.bz2:0.456319093704:0.00671104:0.46
> 0:False:8,11:113,15
> 1:False:9,10:113,14
> 2:False:10,12:113,16
> 3:False:8,10:113,14
> 4:True:9,9:113,14
> 5:False:8,10:113,15
dwr-optimal-old-noisy/10/dwr_noisy_p04_hyp-3_10_2.tar.bz2:0.462354898453:0.00671951:0.46
> 0:False:8,10:112,14
> 1:True:9,9:112,13
> 2:True:10,10:112,14
> 3:False:8,10:112,14
> 4:False:9,10:112,13
> 5:False:8,12:112,15
dwr-optimal-old-noisy/10/dwr_noisy_p04_hyp-3_10_3.tar.bz2:0.461639881134:0.00667219:0.46
> 0:False:8,11:113,15
> 1:False:9,11:113,15
> 2:False:10,11:113,16
> 3:False:8,10:113,14
> 4:True:9,9:113,14
> 5:False:8,10:113,14
dwr-optimal-old-noisy/10/dwr_noisy_p04_hyp-4_10_1.tar.bz2:0.460805892944:0.00675185:0.45
> 0:False:8,13:113,16
> 1:True:9,10:113,14
> 2:False:10,12:113,17
> 3:False:8,10:113,14
> 4:True:9,10:113,15
> 5:False:8,12:113,16
dwr-optimal-old-noisy/10/dwr_noisy_p04_hyp-4_10_2.tar.bz2:0.457118034363:0.00668057:0.46
> 0:False:8,10:113,15
> 1:True:9,9:113,14
> 2:True:10,10:113,15
> 3:False:8,10:113,15
> 4:False:9,10:113,14
> 5:False:8,12:113,16
dwr-optimal-old-noisy/10/dwr_noisy_p04_hyp-4_10_3.tar.bz2:0.463912963867:0.00679588:0.46
> 0:False:8,10:112,14
> 1:True:9,9:112,13
> 2:True:10,10:112,14
> 3:True:8,8:112,12
> 4:True:9,9:112,13
> 5:False:8,9:112,13
dwr-optimal-old-noisy/10/dwr_noisy_p05_hyp-1_10_1.tar.bz2:0.551894903183:0.01115502:0.55
> 0:True:13,16:263,20
> 1:False:14,19:263,22
> 2:False:13,19:263,23
> 3:False:13,17:263,20
> 4:False:13,17:263,21
> 5:False:14,18:263,21
dwr-optimal-old-noisy/10/dwr_noisy_p05_hyp-1_10_2.tar.bz2:0.550384998322:0.01114438:0.55
> 0:True:13,17:264,21
> 1:False:14,19:264,24
> 2:False:13,18:264,23
> 3:False:13,20:264,25
> 4:False:13,20:264,24
> 5:False:14,19:264,24
dwr-optimal-old-noisy/10/dwr_noisy_p05_hyp-1_10_3.tar.bz2:0.550376176834:0.01109683:0.56
> 0:False:13,18:264,23
> 1:False:14,18:264,23
> 2:False:13,18:264,23
> 3:True:13,15:264,21
> 4:True:13,15:264,21
> 5:True:14,16:264,22
dwr-optimal-old-noisy/10/dwr_noisy_p05_hyp-2_10_1.tar.bz2:0.552717924118:0.01120633:0.56
> 0:False:13,16:264,23
> 1:False:14,17:264,24
> 2:False:13,16:264,23
> 3:True:13,15:264,21
> 4:True:13,15:264,22
> 5:True:14,16:264,22
dwr-optimal-old-noisy/10/dwr_noisy_p05_hyp-2_10_2.tar.bz2:0.548822879791:0.01095384:0.55
> 0:False:13,17:262,21
> 1:True:14,15:262,20
> 2:False:13,18:262,23
> 3:False:13,15:262,20
> 4:False:13,16:262,21
> 5:False:14,18:262,22
dwr-optimal-old-noisy/10/dwr_noisy_p05_hyp-2_10_3.tar.bz2:0.54469704628:0.01101251:0.55
> 0:False:13,18:262,20
> 1:False:14,20:262,22
> 2:True:13,16:262,19
> 3:False:13,22:262,24
> 4:False:13,18:262,20
> 5:False:14,18:262,21
dwr-optimal-old-noisy/10/dwr_noisy_p05_hyp-3_10_1.tar.bz2:0.55268406868:0.0110246:0.56
> 0:False:13,15:262,20
> 1:False:14,16:262,21
> 2:True:13,14:262,19
> 3:False:13,16:262,20
> 4:True:13,14:262,19
> 5:False:14,16:262,21
dwr-optimal-old-noisy/10/dwr_noisy_p05_hyp-3_10_2.tar.bz2:0.550738096237:0.01103159:0.55
> 0:False:13,15:263,21
> 1:False:14,17:263,22
> 2:True:13,14:263,20
> 3:True:13,14:263,20
> 4:False:13,15:263,21
> 5:False:14,16:263,22
dwr-optimal-old-noisy/10/dwr_noisy_p05_hyp-3_10_3.tar.bz2:0.553052902222:0.01099947:0.56
> 0:False:13,16:263,21
> 1:False:14,17:263,22
> 2:True:13,15:263,21
> 3:False:13,16:263,21
> 4:False:13,17:263,22
> 5:False:14,17:263,22
dwr-optimal-old-noisy/10/dwr_noisy_p05_hyp-4_10_1.tar.bz2:0.550040960312:0.01103603:0.55
> 0:False:13,15:262,20
> 1:False:14,16:262,21
> 2:True:13,14:262,19
> 3:True:13,14:262,19
> 4:False:13,15:262,20
> 5:False:14,16:262,21
dwr-optimal-old-noisy/10/dwr_noisy_p05_hyp-4_10_2.tar.bz2:0.551675081253:0.01104023:0.55
> 0:False:13,17:262,21
> 1:False:14,17:262,21
> 2:False:13,18:262,21
> 3:True:13,15:262,19
> 4:True:13,15:262,19
> 5:True:14,16:262,20
dwr-optimal-old-noisy/10/dwr_noisy_p05_hyp-4_10_3.tar.bz2:0.553419828415:0.01090942:0.56
> 0:False:13,19:263,23
> 1:False:14,19:263,23
> 2:True:13,16:263,21
> 3:True:13,16:263,20
> 4:False:13,17:263,21
> 5:False:14,18:263,22
dwr-optimal-old-noisy/30/dwr_noisy_p02_hyp-1_30_1.tar.bz2:0.595373153687:0.00841322:0.6
> 0:True:9,10:91,16
> 1:False:10,13:91,18
> 2:True:11,12:91,18
> 3:False:10,13:91,19
> 4:False:10,12:91,18
> 5:False:10,12:91,18
> 6:True:11,12:91,18
> 7:True:9,10:91,16
dwr-optimal-old-noisy/30/dwr_noisy_p02_hyp-1_30_2.tar.bz2:0.594846010208:0.008297349:0.59
> 0:False:9,10:91,16
> 1:False:10,12:91,18
> 2:False:11,12:91,18
> 3:True:10,10:91,17
> 4:True:10,10:91,17
> 5:False:10,11:91,18
> 6:False:11,12:91,18
> 7:False:9,10:91,16
dwr-optimal-old-noisy/30/dwr_noisy_p02_hyp-1_30_3.tar.bz2:0.59276008606:0.0083759:0.59
> 0:True:9,10:91,16
> 1:False:10,12:91,18
> 2:True:11,12:91,18
> 3:True:10,11:91,17
> 4:True:10,11:91,17
> 5:False:10,12:91,18
> 6:True:11,12:91,18
> 7:True:9,10:91,16
dwr-optimal-old-noisy/30/dwr_noisy_p02_hyp-2_30_1.tar.bz2:0.594326019287:0.00837246:0.59
> 0:False:9,12:91,17
> 1:True:10,11:91,17
> 2:False:11,13:91,18
> 3:False:10,12:91,18
> 4:False:10,14:91,19
> 5:False:10,12:91,17
> 6:True:11,12:91,18
> 7:True:9,10:91,16
dwr-optimal-old-noisy/30/dwr_noisy_p02_hyp-2_30_2.tar.bz2:0.594924926758:0.00849484:0.6
> 0:False:9,13:91,18
> 1:True:10,13:91,18
> 2:True:11,14:91,20
> 3:False:10,14:91,19
> 4:False:10,15:91,19
> 5:True:10,13:91,18
> 6:False:11,15:91,19
> 7:True:9,12:91,17
dwr-optimal-old-noisy/30/dwr_noisy_p02_hyp-2_30_3.tar.bz2:0.593280792236:0.008256113:0.59
> 0:False:9,12:89,16
> 1:False:10,12:89,15
> 2:False:11,14:89,18
> 3:False:10,13:89,15
> 4:False:10,13:89,15
> 5:True:10,11:89,15
> 6:False:11,13:89,16
> 7:True:9,10:89,14
dwr-optimal-old-noisy/30/dwr_noisy_p02_hyp-3_30_1.tar.bz2:0.593258857727:0.008080919:0.6
> 0:False:9,11:91,16
> 1:False:10,14:91,18
> 2:False:11,13:91,18
> 3:True:10,11:91,17
> 4:True:10,11:91,17
> 5:False:10,13:91,18
> 6:True:11,12:91,18
> 7:True:9,10:91,16
dwr-optimal-old-noisy/30/dwr_noisy_p02_hyp-3_30_2.tar.bz2:0.592270851135:0.008334555:0.6
> 0:True:9,12:91,16
> 1:True:10,13:91,18
> 2:True:11,14:91,19
> 3:False:10,14:91,19
> 4:False:10,14:91,19
> 5:False:10,14:91,18
> 6:False:11,15:91,19
> 7:False:9,13:91,17
dwr-optimal-old-noisy/30/dwr_noisy_p02_hyp-3_30_3.tar.bz2:0.595097064972:0.008226042:0.6
> 0:True:9,9:90,15
> 1:False:10,11:90,17
> 2:True:11,11:90,17
> 3:True:10,10:90,16
> 4:True:10,10:90,16
> 5:False:10,11:90,17
> 6:False:11,12:90,17
> 7:False:9,10:90,15
dwr-optimal-old-noisy/30/dwr_noisy_p02_hyp-4_30_1.tar.bz2:0.594000101089:0.008260487:0.59
> 0:False:9,11:91,16
> 1:False:10,12:91,17
> 2:False:11,13:91,18
> 3:True:10,11:91,17
> 4:True:10,11:91,17
> 5:False:10,12:91,17
> 6:False:11,13:91,18
> 7:False:9,11:91,16
dwr-optimal-old-noisy/30/dwr_noisy_p02_hyp-4_30_2.tar.bz2:0.594118118286:0.008329779:0.6
> 0:True:9,10:90,15
> 1:False:10,12:90,17
> 2:True:11,12:90,17
> 3:True:10,11:90,16
> 4:True:10,11:90,16
> 5:False:10,12:90,17
> 6:True:11,12:90,17
> 7:True:9,10:90,15
dwr-optimal-old-noisy/30/dwr_noisy_p02_hyp-4_30_3.tar.bz2:0.595062017441:0.008216234:0.59
> 0:True:9,9:90,15
> 1:True:10,10:90,16
> 2:True:11,11:90,17
> 3:True:10,10:90,16
> 4:True:10,10:90,16
> 5:True:10,10:90,16
> 6:True:11,11:90,17
> 7:True:9,9:90,15
dwr-optimal-old-noisy/30/dwr_noisy_p04_hyp-1_30_1.tar.bz2:0.458914041519:0.00679283:0.46
> 0:True:8,9:115,15
> 1:False:9,11:115,16
> 2:False:10,14:115,19
> 3:False:8,12:115,17
> 4:False:9,11:115,16
> 5:True:8,9:115,15
dwr-optimal-old-noisy/30/dwr_noisy_p04_hyp-1_30_2.tar.bz2:0.462018966675:0.00693631:0.46
> 0:False:8,10:115,16
> 1:True:9,10:115,16
> 2:False:10,13:115,19
> 3:False:8,11:115,17
> 4:True:9,10:115,16
> 5:False:8,10:115,16
dwr-optimal-old-noisy/30/dwr_noisy_p04_hyp-1_30_3.tar.bz2:0.459853887558:0.00664299:0.46
> 0:True:8,9:114,14
> 1:False:9,11:114,15
> 2:False:10,12:114,16
> 3:False:8,10:114,14
> 4:False:9,11:114,15
> 5:True:8,9:114,14
dwr-optimal-old-noisy/30/dwr_noisy_p04_hyp-2_30_1.tar.bz2:0.46164894104:0.0068046:0.46
> 0:False:8,11:114,16
> 1:False:9,10:114,16
> 2:True:10,10:114,16
> 3:True:8,8:114,14
> 4:False:9,10:114,16
> 5:False:8,10:114,16
dwr-optimal-old-noisy/30/dwr_noisy_p04_hyp-2_30_2.tar.bz2:0.460200071335:0.00682819:0.46
> 0:False:8,11:115,16
> 1:False:9,12:115,17
> 2:True:10,12:115,17
> 3:True:8,10:115,15
> 4:False:9,12:115,17
> 5:False:8,11:115,16
dwr-optimal-old-noisy/30/dwr_noisy_p04_hyp-2_30_3.tar.bz2:0.462898015976:0.00675812:0.47
> 0:False:8,11:114,15
> 1:True:9,9:114,15
> 2:True:10,10:114,16
> 3:False:8,9:114,14
> 4:True:9,9:114,15
> 5:False:8,11:114,15
dwr-optimal-old-noisy/30/dwr_noisy_p04_hyp-3_30_1.tar.bz2:0.45864200592:0.00673574:0.46
> 0:False:8,10:114,16
> 1:True:9,9:114,15
> 2:True:10,10:114,16
> 3:False:8,10:114,16
> 4:False:9,10:114,15
> 5:False:8,12:114,17
dwr-optimal-old-noisy/30/dwr_noisy_p04_hyp-3_30_2.tar.bz2:0.459923028946:0.0068315:0.47
> 0:False:8,11:115,17
> 1:True:9,10:115,17
> 2:False:10,12:115,17
> 3:False:8,12:115,18
> 4:False:9,11:115,16
> 5:False:8,12:115,18
dwr-optimal-old-noisy/30/dwr_noisy_p04_hyp-3_30_3.tar.bz2:0.458436012268:0.00677165:0.46
> 0:False:8,12:115,18
> 1:True:9,11:115,17
> 2:True:10,12:115,18
> 3:False:8,11:115,16
> 4:True:9,11:115,17
> 5:False:8,11:115,17
dwr-optimal-old-noisy/30/dwr_noisy_p04_hyp-4_30_1.tar.bz2:0.459688186646:0.00678158:0.47
> 0:False:8,11:114,16
> 1:False:9,10:114,15
> 2:False:10,12:114,18
> 3:False:8,10:114,15
> 4:True:9,9:114,15
> 5:False:8,10:114,16
dwr-optimal-old-noisy/30/dwr_noisy_p04_hyp-4_30_2.tar.bz2:0.465054988861:0.00681836:0.46
> 0:False:8,11:114,16
> 1:True:9,10:114,15
> 2:False:10,12:114,16
> 3:False:8,10:114,14
> 4:True:9,10:114,15
> 5:False:8,10:114,15
dwr-optimal-old-noisy/30/dwr_noisy_p04_hyp-4_30_3.tar.bz2:0.461952924728:0.00676183:0.46
> 0:False:8,11:115,17
> 1:False:9,11:115,16
> 2:False:10,12:115,18
> 3:False:8,11:115,16
> 4:True:9,9:115,16
> 5:False:8,11:115,17
dwr-optimal-old-noisy/30/dwr_noisy_p05_hyp-1_30_1.tar.bz2:0.555313110352:0.01155576:0.54
> 0:True:13,22:271,32
> 1:False:14,24:271,35
> 2:False:13,24:271,34
> 3:False:13,27:271,34
> 4:True:13,22:271,31
> 5:False:14,24:271,31
dwr-optimal-old-noisy/30/dwr_noisy_p05_hyp-1_30_2.tar.bz2:0.557275056839:0.01165201:0.55
> 0:False:13,26:269,31
> 1:False:14,30:269,35
> 2:False:13,28:269,31
> 3:False:13,29:269,31
> 4:True:13,24:269,29
> 5:True:14,25:269,29
dwr-optimal-old-noisy/30/dwr_noisy_p05_hyp-1_30_3.tar.bz2:0.552947998047:0.01144737:0.56
> 0:False:13,26:272,33
> 1:False:14,29:272,34
> 2:False:13,26:272,33
> 3:True:13,23:272,30
> 4:False:13,26:272,32
> 5:False:14,27:272,33
dwr-optimal-old-noisy/30/dwr_noisy_p05_hyp-2_30_1.tar.bz2:0.552859067917:0.01151651:0.55
> 0:False:13,26:272,35
> 1:False:14,25:272,34
> 2:False:13,24:272,34
> 3:True:13,23:272,32
> 4:False:13,28:272,36
> 5:True:14,24:272,34
dwr-optimal-old-noisy/30/dwr_noisy_p05_hyp-2_30_2.tar.bz2:0.553164958954:0.01136031:0.55
> 0:False:13,30:272,36
> 1:False:14,27:272,34
> 2:False:13,29:272,35
> 3:False:13,25:272,32
> 4:False:13,24:272,32
> 5:True:14,24:272,31
dwr-optimal-old-noisy/30/dwr_noisy_p05_hyp-2_30_3.tar.bz2:0.553214073181:0.01160378:0.56
> 0:False:13,25:274,37
> 1:False:14,25:274,36
> 2:False:13,26:274,37
> 3:False:13,24:274,35
> 4:False:13,25:274,37
> 5:True:14,24:274,36
dwr-optimal-old-noisy/30/dwr_noisy_p05_hyp-3_30_1.tar.bz2:0.552304029465:0.01135387:0.55
> 0:True:13,18:267,24
> 1:False:14,24:267,27
> 2:False:13,24:267,29
> 3:False:13,23:267,27
> 4:False:13,20:267,25
> 5:False:14,21:267,25
dwr-optimal-old-noisy/30/dwr_noisy_p05_hyp-3_30_2.tar.bz2:0.547142982483:0.01132454:0.55
> 0:False:13,22:272,35
> 1:False:14,23:272,34
> 2:False:13,24:272,34
> 3:False:13,21:272,30
> 4:False:13,18:272,30
> 5:True:14,18:272,30
dwr-optimal-old-noisy/30/dwr_noisy_p05_hyp-3_30_3.tar.bz2:0.550887107849:0.0113349:0.55
> 0:False:13,21:272,32
> 1:False:14,23:272,33
> 2:False:13,23:272,33
> 3:False:13,20:272,29
> 4:True:13,18:272,30
> 5:True:14,19:272,31
dwr-optimal-old-noisy/30/dwr_noisy_p05_hyp-4_30_1.tar.bz2:0.551340818405:0.01133902:0.55
> 0:False:13,24:270,31
> 1:False:14,23:270,30
> 2:False:13,23:270,31
> 3:True:13,21:270,27
> 4:False:13,24:270,29
> 5:False:14,27:270,32
dwr-optimal-old-noisy/30/dwr_noisy_p05_hyp-4_30_2.tar.bz2:0.551595926285:0.01132838:0.55
> 0:False:13,22:269,29
> 1:False:14,26:269,32
> 2:False:13,27:269,31
> 3:False:13,26:269,33
> 4:True:13,21:269,28
> 5:True:14,22:269,29
dwr-optimal-old-noisy/30/dwr_noisy_p05_hyp-4_30_3.tar.bz2:0.555123090744:0.01160258:0.55
> 0:False:13,26:270,34
> 1:False:14,26:270,32
> 2:False:13,24:270,31
> 3:False:13,23:270,31
> 4:False:13,24:270,29
> 5:True:14,23:270,30
dwr-optimal-old-noisy/50/dwr_noisy_p02_hyp-1_50_1.tar.bz2:0.591253042221:0.008414227:0.59
> 0:True:9,10:94,19
> 1:False:10,13:94,21
> 2:False:11,13:94,21
> 3:False:10,16:94,22
> 4:False:10,15:94,21
> 5:False:10,13:94,21
> 6:False:11,14:94,21
> 7:False:9,12:94,19
dwr-optimal-old-noisy/50/dwr_noisy_p02_hyp-1_50_2.tar.bz2:0.594509124756:0.008374751:0.6
> 0:True:9,12:95,20
> 1:False:10,14:95,22
> 2:True:11,14:95,22
> 3:True:10,13:95,21
> 4:True:10,13:95,21
> 5:False:10,14:95,22
> 6:False:11,16:95,23
> 7:False:9,14:95,22
dwr-optimal-old-noisy/50/dwr_noisy_p02_hyp-1_50_3.tar.bz2:0.595674991608:0.008523582:0.6
> 0:False:9,14:94,20
> 1:False:10,16:94,23
> 2:True:11,14:94,20
> 3:False:10,16:94,24
> 4:False:10,14:94,20
> 5:False:10,14:94,21
> 6:False:11,15:94,22
> 7:False:9,14:94,20
dwr-optimal-old-noisy/50/dwr_noisy_p02_hyp-2_50_1.tar.bz2:0.595576047897:0.008345917:0.58
> 0:False:9,15:95,21
> 1:False:10,16:95,24
> 2:False:11,16:95,23
> 3:False:10,15:95,23
> 4:False:10,17:95,24
> 5:False:10,14:95,21
> 6:True:11,14:95,22
> 7:False:9,13:95,20
dwr-optimal-old-noisy/50/dwr_noisy_p02_hyp-2_50_2.tar.bz2:0.595166921616:0.008518246:0.6
> 0:False:9,13:94,21
> 1:True:10,13:94,21
> 2:True:11,14:94,23
> 3:False:10,15:94,22
> 4:False:10,16:94,22
> 5:True:10,13:94,21
> 6:False:11,15:94,22
> 7:True:9,12:94,20
dwr-optimal-old-noisy/50/dwr_noisy_p02_hyp-2_50_3.tar.bz2:0.595809936523:0.00851321:0.59
> 0:False:9,12:94,21
> 1:True:10,11:94,20
> 2:False:11,14:94,22
> 3:False:10,12:94,20
> 4:False:10,14:94,24
> 5:False:10,12:94,21
> 6:True:11,12:94,21
> 7:False:9,12:94,21
dwr-optimal-old-noisy/50/dwr_noisy_p02_hyp-3_50_1.tar.bz2:0.595962047577:0.008316057:0.6
> 0:False:9,15:94,21
> 1:False:10,14:94,21
> 2:False:11,15:94,23
> 3:False:10,13:94,21
> 4:False:10,13:94,21
> 5:False:10,15:94,21
> 6:True:11,13:94,21
> 7:False:9,13:94,19
dwr-optimal-old-noisy/50/dwr_noisy_p02_hyp-3_50_2.tar.bz2:0.59544801712:0.008381483:0.6
> 0:False:9,13:93,18
> 1:False:10,14:93,20
> 2:True:11,14:93,20
> 3:False:10,15:93,20
> 4:False:10,15:93,20
> 5:False:10,15:93,20
> 6:False:11,16:93,20
> 7:False:9,13:93,18
dwr-optimal-old-noisy/50/dwr_noisy_p02_hyp-3_50_3.tar.bz2:0.592274904251:0.008193056:0.6
> 0:False:9,15:94,21
> 1:True:10,14:94,20
> 2:False:11,16:94,22
> 3:False:10,15:94,22
> 4:False:10,15:94,22
> 5:False:10,15:94,21
> 6:False:11,16:94,23
> 7:False:9,14:94,20
dwr-optimal-old-noisy/50/dwr_noisy_p02_hyp-4_50_1.tar.bz2:0.594657897949:0.008248788:0.59
> 0:False:9,13:92,19
> 1:False:10,12:92,18
> 2:False:11,15:92,21
> 3:True:10,11:92,18
> 4:True:10,11:92,18
> 5:False:10,12:92,18
> 6:False:11,13:92,19
> 7:False:9,11:92,17
dwr-optimal-old-noisy/50/dwr_noisy_p02_hyp-4_50_2.tar.bz2:0.594031095505:0.008332077:0.59
> 0:False:9,12:93,18
> 1:False:10,13:93,20
> 2:False:11,14:93,20
> 3:True:10,12:93,19
> 4:False:10,13:93,19
> 5:False:10,13:93,20
> 6:False:11,14:93,20
> 7:False:9,13:93,18
dwr-optimal-old-noisy/50/dwr_noisy_p02_hyp-4_50_3.tar.bz2:0.592688798904:0.00826681:0.59
> 0:False:9,12:93,18
> 1:False:10,15:93,22
> 2:True:11,12:93,19
> 3:False:10,15:93,22
> 4:False:10,13:93,19
> 5:False:10,14:93,20
> 6:False:11,14:93,20
> 7:False:9,13:93,18
dwr-optimal-old-noisy/50/dwr_noisy_p04_hyp-1_50_1.tar.bz2:0.461796998978:0.00681689:0.47
> 0:True:8,11:118,19
> 1:True:9,12:118,20
> 2:False:10,15:118,22
> 3:False:8,13:118,19
> 4:True:9,12:118,20
> 5:True:8,11:118,19
dwr-optimal-old-noisy/50/dwr_noisy_p04_hyp-1_50_2.tar.bz2:0.463399887085:0.00689948:0.47
> 0:True:8,10:117,17
> 1:False:9,12:117,19
> 2:False:10,14:117,21
> 3:False:8,12:117,19
> 4:False:9,12:117,19
> 5:True:8,10:117,17
dwr-optimal-old-noisy/50/dwr_noisy_p04_hyp-1_50_3.tar.bz2:0.459849119186:0.00669076:0.45
> 0:True:8,8:116,16
> 1:False:9,10:116,18
> 2:False:10,11:116,18
> 3:False:8,9:116,16
> 4:False:9,10:116,18
> 5:True:8,8:116,16
dwr-optimal-old-noisy/50/dwr_noisy_p04_hyp-2_50_1.tar.bz2:0.460502147675:0.00667139:0.46
> 0:False:8,11:117,18
> 1:True:9,10:117,18
> 2:True:10,11:117,19
> 3:True:8,9:117,17
> 4:True:9,10:117,18
> 5:False:8,11:117,18
dwr-optimal-old-noisy/50/dwr_noisy_p04_hyp-2_50_2.tar.bz2:0.455815076828:0.00683794:0.46
> 0:False:8,14:118,20
> 1:False:9,15:118,22
> 2:False:10,13:118,20
> 3:False:8,12:118,20
> 4:True:9,11:118,19
> 5:False:8,13:118,20
dwr-optimal-old-noisy/50/dwr_noisy_p04_hyp-2_50_3.tar.bz2:0.458239793777:0.00682737:0.46
> 0:False:8,13:118,20
> 1:False:9,12:118,20
> 2:True:10,12:118,20
> 3:True:8,10:118,18
> 4:False:9,12:118,20
> 5:False:8,13:118,20
dwr-optimal-old-noisy/50/dwr_noisy_p04_hyp-3_50_1.tar.bz2:0.459198951721:0.00684801:0.46
> 0:False:8,14:117,20
> 1:True:9,12:117,18
> 2:True:10,13:117,20
> 3:False:8,13:117,19
> 4:False:9,14:117,18
> 5:False:8,15:117,20
dwr-optimal-old-noisy/50/dwr_noisy_p04_hyp-3_50_2.tar.bz2:0.458918094635:0.00685093:0.46
> 0:False:8,12:118,20
> 1:True:9,12:118,19
> 2:True:10,13:118,20
> 3:True:8,11:118,20
> 4:False:9,14:118,22
> 5:False:8,13:118,21
dwr-optimal-old-noisy/50/dwr_noisy_p04_hyp-3_50_3.tar.bz2:0.458916902542:0.0067366:0.45
> 0:False:8,12:116,18
> 1:True:9,11:116,17
> 2:False:10,14:116,19
> 3:False:8,12:116,17
> 4:True:9,11:116,17
> 5:False:8,12:116,17
dwr-optimal-old-noisy/50/dwr_noisy_p04_hyp-4_50_1.tar.bz2:0.459009170532:0.00695683:0.45
> 0:False:8,12:117,19
> 1:False:9,13:117,19
> 2:True:10,12:117,19
> 3:False:8,11:117,17
> 4:False:9,13:117,19
> 5:False:8,11:117,18
dwr-optimal-old-noisy/50/dwr_noisy_p04_hyp-4_50_2.tar.bz2:0.457627058029:0.00685623:0.46
> 0:False:8,14:118,21
> 1:True:9,11:118,19
> 2:False:10,15:118,22
> 3:False:8,11:118,19
> 4:False:9,14:118,22
> 5:False:8,14:118,21
dwr-optimal-old-noisy/50/dwr_noisy_p04_hyp-4_50_3.tar.bz2:0.461265087128:0.00688953:0.46
> 0:False:8,14:119,22
> 1:True:9,13:119,20
> 2:False:10,16:119,23
> 3:False:8,14:119,21
> 4:False:9,14:119,20
> 5:False:8,13:119,21
dwr-optimal-old-noisy/50/dwr_noisy_p05_hyp-1_50_1.tar.bz2:0.55490899086:0.01179328:0.55
> 0:False:13,33:275,37
> 1:False:14,34:275,39
> 2:False:13,33:275,36
> 3:False:13,36:275,41
> 4:True:13,31:275,35
> 5:False:14,33:275,36
dwr-optimal-old-noisy/50/dwr_noisy_p05_hyp-1_50_2.tar.bz2:0.554397106171:0.01140103:0.56
> 0:True:13,32:279,40
> 1:False:14,34:279,42
> 2:False:13,34:279,39
> 3:False:13,36:279,42
> 4:False:13,33:279,39
> 5:False:14,35:279,41
dwr-optimal-old-noisy/50/dwr_noisy_p05_hyp-1_50_3.tar.bz2:0.556123971939:0.01161323:0.57
> 0:True:13,29:277,38
> 1:False:14,31:277,38
> 2:False:13,30:277,37
> 3:False:13,30:277,37
> 4:False:13,30:277,37
> 5:False:14,31:277,38
dwr-optimal-old-noisy/50/dwr_noisy_p05_hyp-2_50_1.tar.bz2:0.557569980621:0.01163991:0.55
> 0:False:13,32:276,41
> 1:True:14,32:276,39
> 2:False:13,36:276,42
> 3:False:13,34:276,39
> 4:False:13,33:276,39
> 5:False:14,35:276,39
dwr-optimal-old-noisy/50/dwr_noisy_p05_hyp-2_50_2.tar.bz2:0.559653997421:0.01148789:0.56
> 0:False:13,33:275,36
> 1:True:14,33:275,37
> 2:False:13,37:275,39
> 3:False:13,33:275,36
> 4:False:13,34:275,37
> 5:False:14,34:275,35
dwr-optimal-old-noisy/50/dwr_noisy_p05_hyp-2_50_3.tar.bz2:0.553386926651:0.0115107:0.56
> 0:False:13,30:277,37
> 1:False:14,34:277,38
> 2:False:13,31:277,37
> 3:False:13,32:277,35
> 4:True:13,29:277,36
> 5:True:14,30:277,36
dwr-optimal-old-noisy/50/dwr_noisy_p05_hyp-3_50_1.tar.bz2:0.553440093994:0.0111938:0.56
> 0:True:13,28:276,34
> 1:False:14,31:276,37
> 2:False:13,30:276,39
> 3:False:13,31:276,38
> 4:False:13,30:276,35
> 5:False:14,31:276,37
dwr-optimal-old-noisy/50/dwr_noisy_p05_hyp-3_50_2.tar.bz2:0.552477836609:0.01164217:0.55
> 0:False:13,30:277,40
> 1:False:14,31:277,42
> 2:False:13,32:277,41
> 3:False:13,29:277,39
> 4:True:13,25:277,34
> 5:False:14,28:277,36
dwr-optimal-old-noisy/50/dwr_noisy_p05_hyp-3_50_3.tar.bz2:0.553241014481:0.0114306:0.56
> 0:False:13,29:274,34
> 1:False:14,31:274,35
> 2:False:13,29:274,35
> 3:False:13,28:274,31
> 4:False:13,26:274,32
> 5:True:14,25:274,32
dwr-optimal-old-noisy/50/dwr_noisy_p05_hyp-4_50_1.tar.bz2:0.549391031265:0.01124371:0.56
> 0:False:13,29:271,31
> 1:False:14,33:271,34
> 2:False:13,31:271,32
> 3:False:13,30:271,31
> 4:False:13,28:271,29
> 5:True:14,28:271,29
dwr-optimal-old-noisy/50/dwr_noisy_p05_hyp-4_50_2.tar.bz2:0.55020403862:0.01151541:0.55
> 0:False:13,33:275,40
> 1:False:14,30:275,38
> 2:False:13,30:275,37
> 3:True:13,25:275,33
> 4:False:13,28:275,33
> 5:False:14,29:275,35
dwr-optimal-old-noisy/50/dwr_noisy_p05_hyp-4_50_3.tar.bz2:0.556290149689:0.01171767:0.56
> 0:False:13,31:275,39
> 1:True:14,27:275,37
> 2:False:13,29:275,38
> 3:False:13,27:275,36
> 4:False:13,31:275,38
> 5:False:14,32:275,40
dwr-optimal-old-noisy/70/dwr_noisy_p02_hyp-1_70_1.tar.bz2:0.591184139252:0.00851823:0.58
> 0:False:9,12:95,20
> 1:False:10,14:95,22
> 2:True:11,13:95,22
> 3:False:10,14:95,22
> 4:False:10,14:95,22
> 5:False:10,14:95,22
> 6:False:11,15:95,22
> 7:False:9,13:95,20
dwr-optimal-old-noisy/70/dwr_noisy_p02_hyp-1_70_2.tar.bz2:0.595704078674:0.00840637:0.6
> 0:False:9,13:97,22
> 1:False:10,15:97,24
> 2:True:11,14:97,24
> 3:False:10,15:97,24
> 4:False:10,15:97,24
> 5:False:10,15:97,24
> 6:False:11,16:97,25
> 7:False:9,15:97,24
dwr-optimal-old-noisy/70/dwr_noisy_p02_hyp-1_70_3.tar.bz2:0.593193054199:0.00849321:0.59
> 0:False:9,14:97,24
> 1:False:10,15:97,24
> 2:False:11,16:97,26
> 3:False:10,17:97,25
> 4:False:10,15:97,24
> 5:True:10,14:97,24
> 6:False:11,16:97,24
> 7:True:9,13:97,22
dwr-optimal-old-noisy/70/dwr_noisy_p02_hyp-2_70_1.tar.bz2:0.595251083374:0.008526041:0.59
> 0:False:9,14:97,24
> 1:False:10,14:97,23
> 2:False:11,16:97,26
> 3:False:10,16:97,24
> 4:False:10,16:97,24
> 5:True:10,13:97,23
> 6:False:11,16:97,24
> 7:False:9,13:97,22
dwr-optimal-old-noisy/70/dwr_noisy_p02_hyp-2_70_2.tar.bz2:0.59655213356:0.008336749:0.59
> 0:False:9,14:95,21
> 1:True:10,12:95,21
> 2:False:11,15:95,23
> 3:False:10,15:95,22
> 4:False:10,16:95,23
> 5:False:10,14:95,21
> 6:False:11,14:95,22
> 7:False:9,13:95,20
dwr-optimal-old-noisy/70/dwr_noisy_p02_hyp-2_70_3.tar.bz2:0.594271183014:0.008399458:0.59
> 0:False:9,13:95,21
> 1:True:10,11:95,21
> 2:False:11,15:95,23
> 3:False:10,14:95,22
> 4:False:10,15:95,23
> 5:False:10,12:95,21
> 6:False:11,13:95,22
> 7:False:9,12:95,20
dwr-optimal-old-noisy/70/dwr_noisy_p02_hyp-3_70_1.tar.bz2:0.598382949829:0.00866214:0.6
> 0:False:9,15:97,23
> 1:False:10,15:97,24
> 2:True:11,15:97,24
> 3:False:10,16:97,23
> 4:False:10,19:97,27
> 5:False:10,17:97,26
> 6:False:11,17:97,24
> 7:False:9,17:97,24
dwr-optimal-old-noisy/70/dwr_noisy_p02_hyp-3_70_2.tar.bz2:0.594209194183:0.00847407:0.6
> 0:False:9,15:98,23
> 1:False:10,17:98,26
> 2:True:11,15:98,25
> 3:False:10,19:98,26
> 4:False:10,18:98,26
> 5:False:10,17:98,25
> 6:False:11,18:98,26
> 7:False:9,17:98,25
dwr-optimal-old-noisy/70/dwr_noisy_p02_hyp-3_70_3.tar.bz2:0.597404003143:0.00839893:0.6
> 0:False:9,11:96,21
> 1:False:10,13:96,23
> 2:True:11,11:96,23
> 3:False:10,13:96,23
> 4:False:10,13:96,23
> 5:False:10,13:96,23
> 6:False:11,14:96,23
> 7:False:9,13:96,21
dwr-optimal-old-noisy/70/dwr_noisy_p02_hyp-4_70_1.tar.bz2:0.592761993408:0.008559023:0.59
> 0:False:9,14:97,23
> 1:True:10,13:97,24
> 2:False:11,16:97,25
> 3:True:10,13:97,23
> 4:False:10,14:97,23
> 5:False:10,14:97,24
> 6:False:11,16:97,25
> 7:False:9,14:97,23
dwr-optimal-old-noisy/70/dwr_noisy_p02_hyp-4_70_2.tar.bz2:0.598746061325:0.00833192:0.61
> 0:False:9,14:97,24
> 1:False:10,13:97,24
> 2:False:11,14:97,26
> 3:True:10,11:97,23
> 4:True:10,11:97,23
> 5:False:10,14:97,24
> 6:False:11,13:97,24
> 7:False:9,13:97,22
dwr-optimal-old-noisy/70/dwr_noisy_p02_hyp-4_70_3.tar.bz2:0.593872785568:0.0085997:0.6
> 0:False:9,14:97,24
> 1:False:10,15:97,24
> 2:False:11,15:97,26
> 3:True:10,13:97,24
> 4:True:10,13:97,22
> 5:False:10,14:97,24
> 6:True:11,14:97,24
> 7:False:9,14:97,22
dwr-optimal-old-noisy/70/dwr_noisy_p04_hyp-1_70_1.tar.bz2:0.459340810776:0.00686169:0.46
> 0:False:8,13:119,21
> 1:False:9,13:119,21
> 2:False:10,16:119,24
> 3:False:8,13:119,21
> 4:True:9,12:119,21
> 5:False:8,14:119,21
dwr-optimal-old-noisy/70/dwr_noisy_p04_hyp-1_70_2.tar.bz2:0.463479995728:0.0068043:0.47
> 0:True:8,11:118,18
> 1:False:9,13:118,19
> 2:False:10,16:118,22
> 3:False:8,14:118,20
> 4:False:9,13:118,19
> 5:False:8,12:118,18
dwr-optimal-old-noisy/70/dwr_noisy_p04_hyp-1_70_3.tar.bz2:0.461291074753:0.00694062:0.46
> 0:False:8,15:118,21
> 1:True:9,12:118,20
> 2:False:10,15:118,22
> 3:False:8,13:118,20
> 4:False:9,14:118,21
> 5:False:8,15:118,21
dwr-optimal-old-noisy/70/dwr_noisy_p04_hyp-2_70_1.tar.bz2:0.461277008057:0.00679735:0.46
> 0:False:8,13:121,23
> 1:False:9,13:121,22
> 2:True:10,13:121,23
> 3:False:8,13:121,22
> 4:False:9,14:121,22
> 5:False:8,13:121,23
dwr-optimal-old-noisy/70/dwr_noisy_p04_hyp-2_70_2.tar.bz2:0.460907936096:0.00687365:0.46
> 0:False:8,14:120,22
> 1:False:9,13:120,21
> 2:True:10,13:120,22
> 3:False:8,12:120,20
> 4:False:9,14:120,21
> 5:False:8,13:120,21
dwr-optimal-old-noisy/70/dwr_noisy_p04_hyp-2_70_3.tar.bz2:0.458291053772:0.0068749:0.46
> 0:False:8,16:121,23
> 1:False:9,15:121,23
> 2:True:10,14:121,24
> 3:False:8,14:121,22
> 4:False:9,15:121,23
> 5:False:8,15:121,23
dwr-optimal-old-noisy/70/dwr_noisy_p04_hyp-3_70_1.tar.bz2:0.457207918167:0.00689715:0.45
> 0:False:8,14:121,24
> 1:True:9,12:121,22
> 2:False:10,14:121,24
> 3:False:8,13:121,23
> 4:False:9,13:121,23
> 5:False:8,15:121,25
dwr-optimal-old-noisy/70/dwr_noisy_p04_hyp-3_70_2.tar.bz2:0.459646940231:0.00695689:0.46
> 0:False:8,15:122,24
> 1:False:9,15:122,24
> 2:True:10,14:122,26
> 3:False:8,14:122,24
> 4:False:9,15:122,24
> 5:False:8,16:122,25
dwr-optimal-old-noisy/70/dwr_noisy_p04_hyp-3_70_3.tar.bz2:0.462484121323:0.00686414:0.47
> 0:False:8,14:120,22
> 1:False:9,13:120,21
> 2:False:10,15:120,24
> 3:False:8,14:120,22
> 4:True:9,12:120,21
> 5:False:8,14:120,21
dwr-optimal-old-noisy/70/dwr_noisy_p04_hyp-4_70_1.tar.bz2:0.463469982147:0.00672642:0.46
> 0:False:8,15:121,24
> 1:False:9,13:121,22
> 2:False:10,14:121,25
> 3:False:8,13:121,22
> 4:True:9,11:121,22
> 5:False:8,14:121,24
dwr-optimal-old-noisy/70/dwr_noisy_p04_hyp-4_70_2.tar.bz2:0.460077047348:0.00687286:0.46
> 0:False:8,14:120,22
> 1:True:9,14:120,21
> 2:False:10,16:120,23
> 3:False:8,14:120,22
> 4:True:9,14:120,21
> 5:False:8,15:120,22
dwr-optimal-old-noisy/70/dwr_noisy_p04_hyp-4_70_3.tar.bz2:0.458542823792:0.00690312:0.47
> 0:False:8,14:120,22
> 1:True:9,13:120,21
> 2:False:10,15:120,24
> 3:False:8,13:120,21
> 4:True:9,13:120,21
> 5:False:8,13:120,22
dwr-optimal-old-noisy/70/dwr_noisy_p05_hyp-1_70_1.tar.bz2:0.556656122208:0.01199712:0.55
> 0:False:13,45:288,51
> 1:False:14,44:288,53
> 2:False:13,48:288,56
> 3:False:13,45:288,52
> 4:False:13,44:288,50
> 5:True:14,43:288,50
dwr-optimal-old-noisy/70/dwr_noisy_p05_hyp-1_70_2.tar.bz2:0.555047035217:0.01192721:0.56
> 0:False:13,41:284,46
> 1:False:14,44:284,48
> 2:False:13,42:284,47
> 3:False:13,45:284,48
> 4:True:13,39:284,44
> 5:True:14,40:284,47
dwr-optimal-old-noisy/70/dwr_noisy_p05_hyp-1_70_3.tar.bz2:0.554412841797:0.01196915:0.55
> 0:False:13,41:287,51
> 1:False:14,43:287,52
> 2:False:13,42:287,49
> 3:False:13,43:287,51
> 4:False:13,42:287,52
> 5:True:14,41:287,49
dwr-optimal-old-noisy/70/dwr_noisy_p05_hyp-2_70_1.tar.bz2:0.551653862:0.01140148:0.54
> 0:False:13,37:282,43
> 1:True:14,36:282,45
> 2:False:13,39:282,45
> 3:False:13,38:282,44
> 4:False:13,38:282,42
> 5:False:14,40:282,43
dwr-optimal-old-noisy/70/dwr_noisy_p05_hyp-2_70_2.tar.bz2:0.553008079529:0.01183754:0.55
> 0:False:13,42:284,48
> 1:True:14,40:284,49
> 2:False:13,40:284,47
> 3:False:13,41:284,45
> 4:False:13,40:284,47
> 5:True:14,40:284,48
dwr-optimal-old-noisy/70/dwr_noisy_p05_hyp-2_70_3.tar.bz2:0.555289030075:0.01172302:0.55
> 0:False:13,42:283,47
> 1:True:14,40:283,46
> 2:False:13,43:283,49
> 3:False:13,40:283,46
> 4:False:13,41:283,46
> 5:False:14,42:283,46
dwr-optimal-old-noisy/70/dwr_noisy_p05_hyp-3_70_1.tar.bz2:0.553497076035:0.01181466:0.55
> 0:False:13,39:282,47
> 1:False:14,41:282,47
> 2:False:13,40:282,47
> 3:False:13,37:282,45
> 4:True:13,36:282,43
> 5:False:14,39:282,45
dwr-optimal-old-noisy/70/dwr_noisy_p05_hyp-3_70_2.tar.bz2:0.546962976456:0.0116762:0.55
> 0:False:13,36:281,43
> 1:False:14,41:281,45
> 2:False:13,40:281,45
> 3:False:13,39:281,45
> 4:False:13,35:281,41
> 5:True:14,35:281,42
dwr-optimal-old-noisy/70/dwr_noisy_p05_hyp-3_70_3.tar.bz2:0.557556152344:0.01162898:0.56
> 0:False:13,41:283,47
> 1:False:14,42:283,47
> 2:False:13,40:283,49
> 3:False:13,39:283,45
> 4:False:13,39:283,43
> 5:True:14,39:283,44
dwr-optimal-old-noisy/70/dwr_noisy_p05_hyp-4_70_1.tar.bz2:0.553793907166:0.01159982:0.56
> 0:False:13,37:278,39
> 1:True:14,34:278,38
> 2:False:13,38:278,41
> 3:False:13,34:278,39
> 4:False:13,37:278,41
> 5:False:14,37:278,40
dwr-optimal-old-noisy/70/dwr_noisy_p05_hyp-4_70_2.tar.bz2:0.547936201096:0.01133576:0.54
> 0:False:13,36:277,41
> 1:False:14,38:277,40
> 2:False:13,35:277,39
> 3:False:13,33:277,39
> 4:False:13,34:277,38
> 5:True:14,32:277,37
dwr-optimal-old-noisy/70/dwr_noisy_p05_hyp-4_70_3.tar.bz2:0.55237698555:0.01142921:0.55
> 0:False:13,35:278,40
> 1:False:14,32:278,39
> 2:False:13,32:278,40
> 3:True:13,28:278,36
> 4:False:13,33:278,38
> 5:False:14,34:278,39
dwr-optimal-old-noisy/100/dwr_noisy_p02_hyp-1_full_1.tar.bz2:0.593542098999:0.00835523:0.59
> 0:False:9,14:99,24
> 1:False:10,17:99,26
> 2:True:11,15:99,26
> 3:False:10,16:99,25
> 4:False:10,17:99,27
> 5:False:10,16:99,26
> 6:False:11,17:99,26
> 7:False:9,16:99,24
dwr-optimal-old-noisy/100/dwr_noisy_p02_hyp-1_full_2.tar.bz2:0.595186948776:0.00872605:0.6
> 0:False:9,16:100,26
> 1:False:10,17:100,27
> 2:True:11,15:100,27
> 3:False:10,19:100,28
> 4:False:10,18:100,27
> 5:False:10,18:100,27
> 6:False:11,18:100,27
> 7:False:9,17:100,26
dwr-optimal-old-noisy/100/dwr_noisy_p02_hyp-1_full_3.tar.bz2:0.597105026245:0.00870951:0.6
> 0:False:9,15:99,25
> 1:False:10,17:99,26
> 2:True:11,15:99,26
> 3:False:10,18:99,27
> 4:False:10,19:99,29
> 5:False:10,17:99,28
> 6:False:11,18:99,26
> 7:False:9,17:99,26
dwr-optimal-old-noisy/100/dwr_noisy_p02_hyp-2_full_1.tar.bz2:0.594627857208:0.00859899:0.58
> 0:False:9,17:100,26
> 1:True:10,15:100,26
> 2:False:11,18:100,29
> 3:False:10,18:100,27
> 4:False:10,19:100,28
> 5:False:10,16:100,26
> 6:False:11,18:100,27
> 7:False:9,16:100,25
dwr-optimal-old-noisy/100/dwr_noisy_p02_hyp-2_full_2.tar.bz2:0.594920873642:0.00865182:0.6
> 0:False:9,17:100,27
> 1:False:10,18:100,29
> 2:False:11,18:100,28
> 3:False:10,18:100,28
> 4:False:10,19:100,28
> 5:True:10,16:100,27
> 6:True:11,17:100,27
> 7:False:9,16:100,26
dwr-optimal-old-noisy/100/dwr_noisy_p02_hyp-2_full_3.tar.bz2:0.597095966339:0.008484989:0.6
> 0:False:9,17:101,27
> 1:True:10,16:101,28
> 2:False:11,18:101,29
> 3:False:10,18:101,29
> 4:False:10,19:101,30
> 5:True:10,16:101,27
> 6:True:11,17:101,28
> 7:False:9,16:101,26
dwr-optimal-old-noisy/100/dwr_noisy_p02_hyp-3_full_1.tar.bz2:0.594289064407:0.00860005:0.59
> 0:False:9,15:99,24
> 1:False:10,16:99,26
> 2:True:11,14:99,26
> 3:False:10,17:99,27
> 4:False:10,17:99,26
> 5:False:10,17:99,26
> 6:False:11,18:99,27
> 7:False:9,17:99,25
dwr-optimal-old-noisy/100/dwr_noisy_p02_hyp-3_full_2.tar.bz2:0.594371080399:0.00865871:0.6
> 0:False:9,17:100,25
> 1:False:10,18:100,27
> 2:True:11,16:100,27
> 3:False:10,18:100,27
> 4:False:10,18:100,27
> 5:False:10,19:100,27
> 6:False:11,20:100,28
> 7:False:9,19:100,27
dwr-optimal-old-noisy/100/dwr_noisy_p02_hyp-3_full_3.tar.bz2:0.597946166992:0.00876023:0.6
> 0:False:9,17:101,27
> 1:False:10,17:101,28
> 2:True:11,16:101,28
> 3:False:10,17:101,27
> 4:False:10,19:101,31
> 5:False:10,19:101,30
> 6:False:11,20:101,29
> 7:False:9,19:101,29
dwr-optimal-old-noisy/100/dwr_noisy_p02_hyp-4_full_1.tar.bz2:0.597414970398:0.008544196:0.6
> 0:False:9,16:98,25
> 1:False:10,15:98,25
> 2:False:11,17:98,27
> 3:True:10,13:98,24
> 4:False:10,14:98,24
> 5:False:10,16:98,25
> 6:False:11,16:98,25
> 7:False:9,16:98,23
dwr-optimal-old-noisy/100/dwr_noisy_p02_hyp-4_full_2.tar.bz2:0.594398021698:0.00861959:0.6
> 0:False:9,18:100,27
> 1:False:10,17:100,27
> 2:False:11,19:100,29
> 3:True:10,15:100,26
> 4:False:10,16:100,27
> 5:False:10,18:100,27
> 6:False:11,18:100,27
> 7:False:9,17:100,26
dwr-optimal-old-noisy/100/dwr_noisy_p02_hyp-4_full_3.tar.bz2:0.593928098679:0.008462097:0.6
> 0:False:9,16:98,25
> 1:False:10,15:98,25
> 2:False:11,17:98,27
> 3:True:10,13:98,24
> 4:False:10,14:98,24
> 5:False:10,16:98,25
> 6:False:11,16:98,25
> 7:False:9,16:98,23
dwr-optimal-old-noisy/100/dwr_noisy_p04_hyp-1_full_1.tar.bz2:0.45653796196:0.00689812:0.46
> 0:True:8,14:122,23
> 1:True:9,15:122,23
> 2:False:10,17:122,26
> 3:False:8,15:122,24
> 4:True:9,15:122,25
> 5:False:8,17:122,26
dwr-optimal-old-noisy/100/dwr_noisy_p04_hyp-1_full_2.tar.bz2:0.457776069641:0.00684653:0.46
> 0:False:8,14:121,23
> 1:True:9,14:121,22
> 2:False:10,16:121,25
> 3:False:8,14:121,23
> 4:True:9,14:121,22
> 5:False:8,15:121,22
dwr-optimal-old-noisy/100/dwr_noisy_p04_hyp-1_full_3.tar.bz2:0.457984924316:0.00700121:0.47
> 0:False:8,15:122,24
> 1:True:9,14:122,23
> 2:False:10,16:122,26
> 3:False:8,14:122,24
> 4:True:9,14:122,23
> 5:False:8,15:122,24
dwr-optimal-old-noisy/100/dwr_noisy_p04_hyp-2_full_1.tar.bz2:0.45595407486:0.00706802:0.45
> 0:False:8,16:123,25
> 1:False:9,16:123,25
> 2:True:10,14:123,25
> 3:False:8,15:123,24
> 4:False:9,17:123,25
> 5:False:8,17:123,26
dwr-optimal-old-noisy/100/dwr_noisy_p04_hyp-2_full_2.tar.bz2:0.46070098877:0.00698865:0.46
> 0:False:8,16:123,25
> 1:False:9,15:123,24
> 2:True:10,14:123,25
> 3:False:8,15:123,24
> 4:False:9,16:123,24
> 5:False:8,15:123,25
dwr-optimal-old-noisy/100/dwr_noisy_p04_hyp-2_full_3.tar.bz2:0.462637901306:0.00714963:0.47
> 0:False:8,17:123,26
> 1:False:9,16:123,25
> 2:True:10,15:123,26
> 3:False:8,16:123,25
> 4:False:9,17:123,25
> 5:False:8,16:123,26
dwr-optimal-old-noisy/100/dwr_noisy_p04_hyp-3_full_1.tar.bz2:0.461615085602:0.00708436:0.46
> 0:False:8,19:124,28
> 1:False:9,18:124,28
> 2:True:10,18:124,29
> 3:False:8,19:124,29
> 4:False:9,18:124,28
> 5:True:8,16:124,26
dwr-optimal-old-noisy/100/dwr_noisy_p04_hyp-3_full_2.tar.bz2:0.462284088135:0.00694796:0.47
> 0:False:8,16:122,24
> 1:True:9,14:122,23
> 2:False:10,16:122,26
> 3:False:8,15:122,24
> 4:False:9,15:122,23
> 5:False:8,17:122,25
dwr-optimal-old-noisy/100/dwr_noisy_p04_hyp-3_full_3.tar.bz2:0.460220098495:0.00687676:0.46
> 0:False:8,16:123,25
> 1:True:9,14:123,24
> 2:False:10,16:123,27
> 3:False:8,15:123,25
> 4:False:9,16:123,25
> 5:False:8,17:123,26
dwr-optimal-old-noisy/100/dwr_noisy_p04_hyp-4_full_1.tar.bz2:0.459550857544:0.00700385:0.45
> 0:False:8,16:124,25
> 1:True:9,16:124,25
> 2:True:10,17:124,28
> 3:False:8,16:124,25
> 4:False:9,17:124,27
> 5:False:8,17:124,28
dwr-optimal-old-noisy/100/dwr_noisy_p04_hyp-4_full_2.tar.bz2:0.462355136871:0.00709402:0.47
> 0:False:8,18:124,28
> 1:False:9,17:124,26
> 2:False:10,18:124,28
> 3:False:8,18:124,27
> 4:True:9,16:124,25
> 5:False:8,17:124,27
dwr-optimal-old-noisy/100/dwr_noisy_p04_hyp-4_full_3.tar.bz2:0.463355064392:0.00709396:0.47
> 0:False:8,17:124,27
> 1:False:9,19:124,28
> 2:True:10,16:124,26
> 3:False:8,18:124,27
> 4:False:9,16:124,25
> 5:False:8,15:124,26
dwr-optimal-old-noisy/100/dwr_noisy_p05_hyp-1_full_1.tar.bz2:0.553362131119:0.01207266:0.56
> 0:False:13,55:293,58
> 1:True:14,55:293,59
> 2:False:13,56:293,59
> 3:False:13,56:293,59
> 4:False:13,56:293,56
> 5:False:14,56:293,57
dwr-optimal-old-noisy/100/dwr_noisy_p05_hyp-1_full_2.tar.bz2:0.553224086761:0.01204836:0.55
> 0:False:13,54:293,58
> 1:False:14,55:293,60
> 2:False:13,55:293,57
> 3:False:13,55:293,57
> 4:False:13,54:293,56
> 5:True:14,54:293,55
dwr-optimal-old-noisy/100/dwr_noisy_p05_hyp-1_full_3.tar.bz2:0.555485010147:0.01214094:0.55
> 0:False:13,56:294,58
> 1:True:14,56:294,61
> 2:False:13,56:294,59
> 3:False:13,56:294,59
> 4:False:13,57:294,58
> 5:False:14,57:294,58
dwr-optimal-old-noisy/100/dwr_noisy_p05_hyp-2_full_1.tar.bz2:0.561758995056:0.01217587:0.57
> 0:False:13,54:293,58
> 1:True:14,54:293,59
> 2:False:13,56:293,58
> 3:False:13,56:293,58
> 4:False:13,54:293,56
> 5:True:14,54:293,56
dwr-optimal-old-noisy/100/dwr_noisy_p05_hyp-2_full_2.tar.bz2:0.553611040115:0.01205783:0.56
> 0:False:13,57:292,61
> 1:True:14,53:292,58
> 2:False:13,57:292,58
> 3:False:13,53:292,57
> 4:False:13,56:292,59
> 5:False:14,55:292,57
dwr-optimal-old-noisy/100/dwr_noisy_p05_hyp-2_full_3.tar.bz2:0.555775165558:0.01211768:0.55
> 0:False:13,51:290,53
> 1:True:14,50:290,55
> 2:False:13,51:290,53
> 3:False:13,53:290,55
> 4:False:13,52:290,53
> 5:False:14,52:290,55
dwr-optimal-old-noisy/100/dwr_noisy_p05_hyp-3_full_1.tar.bz2:0.547389030457:0.0117795:0.55
> 0:False:13,51:290,53
> 1:False:14,51:290,56
> 2:False:13,50:290,54
> 3:False:13,51:290,54
> 4:True:13,48:290,51
> 5:True:14,49:290,53
dwr-optimal-old-noisy/100/dwr_noisy_p05_hyp-3_full_2.tar.bz2:0.552417993546:0.01189474:0.54
> 0:False:13,50:288,50
> 1:False:14,51:288,52
> 2:False:13,48:288,51
> 3:False:13,49:288,50
> 4:False:13,47:288,49
> 5:True:14,47:288,49
dwr-optimal-old-noisy/100/dwr_noisy_p05_hyp-3_full_3.tar.bz2:0.550935983658:0.01190689:0.55
> 0:False:13,49:290,51
> 1:False:14,50:290,55
> 2:False:13,49:290,56
> 3:False:13,49:290,54
> 4:False:13,48:290,51
> 5:True:14,48:290,51
dwr-optimal-old-noisy/100/dwr_noisy_p05_hyp-4_full_1.tar.bz2:0.552011013031:0.01161054:0.54
> 0:False:13,44:284,46
> 1:False:14,46:284,48
> 2:False:13,44:284,50
> 3:True:13,40:284,44
> 4:True:13,40:284,44
> 5:False:14,42:284,46
dwr-optimal-old-noisy/100/dwr_noisy_p05_hyp-4_full_2.tar.bz2:0.553899049759:0.01187564:0.56
> 0:False:13,47:286,50
> 1:True:14,45:286,47
> 2:False:13,46:286,49
> 3:True:13,44:286,46
> 4:False:13,46:286,50
> 5:False:14,46:286,50
dwr-optimal-old-noisy/100/dwr_noisy_p05_hyp-4_full_3.tar.bz2:0.552208900452:0.01181402:0.56
> 0:False:13,47:286,51
> 1:False:14,47:286,51
> 2:False:13,46:286,49
> 3:False:13,46:286,47
> 4:False:13,46:286,49
> 5:True:14,46:286,49
