dwr-optimal-old-noisy/10/dwr_noisy_p02_hyp-1_10_1.tar.bz2:0.746368169785:0.0865832:0.74
> 0:True:5,7:6946,1531
> 1:False:5,8:6946,1531
> 2:True:5,7:6946,1531
> 3:False:5,8:6946,1531
> 4:False:5,8:6946,1531
> 5:False:5,8:6946,1531
> 6:False:5,8:6946,1531
> 7:False:5,8:6946,1531
dwr-optimal-old-noisy/10/dwr_noisy_p02_hyp-1_10_2.tar.bz2:0.775470972061:0.1113663:0.77
> 0:False:5,7:6947,1533
> 1:False:5,7:6947,1533
> 2:False:5,8:6947,1533
> 3:False:5,7:6947,1533
> 4:False:5,7:6947,1533
> 5:True:5,6:6947,1533
> 6:True:5,6:6947,1533
> 7:False:5,7:6947,1533
dwr-optimal-old-noisy/10/dwr_noisy_p02_hyp-1_10_3.tar.bz2:0.761250972748:0.0988265:0.76
> 0:True:5,5:6947,1533
> 1:False:5,6:6947,1533
> 2:False:5,6:6947,1533
> 3:False:5,7:6947,1533
> 4:False:5,7:6947,1533
> 5:False:5,6:6947,1533
> 6:False:5,7:6947,1533
> 7:False:5,7:6947,1533
dwr-optimal-old-noisy/10/dwr_noisy_p02_hyp-2_10_1.tar.bz2:0.7477850914:0.0872595:0.75
> 0:False:5,8:6946,1531
> 1:True:5,7:6946,1531
> 2:False:5,8:6946,1531
> 3:False:5,8:6946,1531
> 4:False:5,8:6946,1531
> 5:False:5,8:6946,1531
> 6:False:5,8:6946,1531
> 7:True:5,7:6946,1531
dwr-optimal-old-noisy/10/dwr_noisy_p02_hyp-2_10_2.tar.bz2:0.74893116951:0.0866273:0.76
> 0:False:5,9:6946,1531
> 1:True:5,7:6946,1531
> 2:False:5,9:6946,1531
> 3:False:5,9:6946,1531
> 4:False:5,9:6946,1531
> 5:False:5,8:6946,1531
> 6:False:5,8:6946,1531
> 7:True:5,7:6946,1531
dwr-optimal-old-noisy/10/dwr_noisy_p02_hyp-2_10_3.tar.bz2:0.762390136719:0.1013164:0.76
> 0:True:5,8:6947,1533
> 1:True:5,8:6947,1533
> 2:True:5,8:6947,1533
> 3:True:5,8:6947,1533
> 4:True:5,8:6947,1533
> 5:True:5,8:6947,1533
> 6:True:5,8:6947,1533
> 7:True:5,8:6947,1533
dwr-optimal-old-noisy/10/dwr_noisy_p02_hyp-3_10_1.tar.bz2:0.75118803978:0.0911215:0.75
> 0:False:5,9:6946,1531
> 1:True:5,8:6946,1531
> 2:False:5,9:6946,1531
> 3:True:5,8:6946,1531
> 4:True:5,8:6946,1531
> 5:True:5,8:6946,1531
> 6:False:5,9:6946,1531
> 7:False:5,9:6946,1531
dwr-optimal-old-noisy/10/dwr_noisy_p02_hyp-3_10_2.tar.bz2:0.763501167297:0.1057663:0.76
> 0:True:5,8:6947,1533
> 1:True:5,8:6947,1533
> 2:False:5,9:6947,1533
> 3:False:5,9:6947,1533
> 4:False:5,9:6947,1533
> 5:True:5,8:6947,1533
> 6:False:5,9:6947,1533
> 7:False:5,9:6947,1533
dwr-optimal-old-noisy/10/dwr_noisy_p02_hyp-3_10_3.tar.bz2:0.748673915863:0.0877707:0.75
> 0:True:5,7:6946,1531
> 1:True:5,7:6946,1531
> 2:True:5,7:6946,1531
> 3:True:5,7:6946,1531
> 4:True:5,7:6946,1531
> 5:True:5,7:6946,1531
> 6:True:5,7:6946,1531
> 7:True:5,7:6946,1531
dwr-optimal-old-noisy/10/dwr_noisy_p02_hyp-4_10_1.tar.bz2:0.766169071198:0.1039288:0.76
> 0:False:5,7:6947,1533
> 1:False:5,7:6947,1533
> 2:False:5,8:6947,1533
> 3:False:5,7:6947,1533
> 4:False:5,7:6947,1533
> 5:True:5,6:6947,1533
> 6:True:5,6:6947,1533
> 7:False:5,7:6947,1533
dwr-optimal-old-noisy/10/dwr_noisy_p02_hyp-4_10_2.tar.bz2:0.772394895554:0.1139698:0.76
> 0:False:5,8:6947,1533
> 1:False:5,8:6947,1533
> 2:False:5,8:6947,1533
> 3:False:5,7:6947,1533
> 4:False:5,7:6947,1533
> 5:False:5,7:6947,1533
> 6:True:5,6:6947,1533
> 7:False:5,8:6947,1533
dwr-optimal-old-noisy/10/dwr_noisy_p02_hyp-4_10_3.tar.bz2:0.774678945541:0.1124439:0.78
> 0:True:5,6:6947,1533
> 1:False:5,7:6947,1533
> 2:False:5,7:6947,1533
> 3:False:5,7:6947,1533
> 4:False:5,8:6947,1533
> 5:True:5,6:6947,1533
> 6:True:5,6:6947,1533
> 7:True:5,6:6947,1533
dwr-optimal-old-noisy/10/dwr_noisy_p04_hyp-1_10_1.tar.bz2:0.614971876144:0.0833133:0.61
> 0:False:3,7:9962,1917
> 1:False:3,7:9962,1917
> 2:True:4,7:9962,1917
> 3:False:3,7:9962,1917
> 4:False:3,7:9962,1917
> 5:False:3,7:9962,1917
dwr-optimal-old-noisy/10/dwr_noisy_p04_hyp-1_10_2.tar.bz2:0.613418102264:0.0819853:0.62
> 0:True:3,7:9962,1917
> 1:True:3,7:9962,1917
> 2:True:4,8:9962,1917
> 3:True:3,7:9962,1917
> 4:True:3,7:9962,1917
> 5:True:3,7:9962,1917
dwr-optimal-old-noisy/10/dwr_noisy_p04_hyp-1_10_3.tar.bz2:0.609544038773:0.0821011:0.61
> 0:True:3,7:9962,1917
> 1:True:3,7:9962,1917
> 2:True:4,8:9962,1917
> 3:True:3,7:9962,1917
> 4:True:3,7:9962,1917
> 5:True:3,7:9962,1917
dwr-optimal-old-noisy/10/dwr_noisy_p04_hyp-2_10_1.tar.bz2:0.61748290062:0.0871813:0.62
> 0:False:3,7:9962,1917
> 1:False:3,6:9962,1917
> 2:True:4,6:9962,1917
> 3:False:3,6:9962,1917
> 4:False:3,7:9962,1917
> 5:False:3,7:9962,1917
dwr-optimal-old-noisy/10/dwr_noisy_p04_hyp-2_10_2.tar.bz2:0.622860908508:0.0887367:0.62
> 0:True:3,6:9962,1917
> 1:True:3,6:9962,1917
> 2:True:4,7:9962,1917
> 3:True:3,6:9962,1917
> 4:True:3,6:9962,1917
> 5:True:3,6:9962,1917
dwr-optimal-old-noisy/10/dwr_noisy_p04_hyp-2_10_3.tar.bz2:0.615947008133:0.0865307:0.61
> 0:False:3,7:9962,1917
> 1:False:3,6:9962,1917
> 2:True:4,6:9962,1917
> 3:False:3,6:9962,1917
> 4:False:3,7:9962,1917
> 5:False:3,7:9962,1917
dwr-optimal-old-noisy/10/dwr_noisy_p04_hyp-3_10_1.tar.bz2:0.630702972412:0.0990614:0.64
> 0:False:3,7:9963,1919
> 1:False:3,7:9963,1919
> 2:True:4,7:9963,1919
> 3:False:3,7:9963,1919
> 4:True:3,6:9963,1919
> 5:False:3,7:9963,1919
dwr-optimal-old-noisy/10/dwr_noisy_p04_hyp-3_10_2.tar.bz2:0.617959976196:0.0846973:0.62
> 0:False:3,6:9962,1917
> 1:False:3,5:9962,1917
> 2:True:4,5:9962,1917
> 3:False:3,5:9962,1917
> 4:False:3,6:9962,1917
> 5:False:3,6:9962,1917
dwr-optimal-old-noisy/10/dwr_noisy_p04_hyp-3_10_3.tar.bz2:0.625329017639:0.0945009:0.62
> 0:False:3,6:9963,1919
> 1:False:3,6:9963,1919
> 2:True:4,6:9963,1919
> 3:False:3,6:9963,1919
> 4:True:3,5:9963,1919
> 5:False:3,6:9963,1919
dwr-optimal-old-noisy/10/dwr_noisy_p04_hyp-4_10_1.tar.bz2:0.644721984863:0.1131568:0.66
> 0:False:3,6:9963,1919
> 1:False:3,5:9963,1919
> 2:False:4,6:9963,1919
> 3:False:3,5:9963,1919
> 4:True:3,4:9963,1919
> 5:False:3,6:9963,1919
dwr-optimal-old-noisy/10/dwr_noisy_p04_hyp-4_10_2.tar.bz2:0.653956890106:0.1204775:0.65
> 0:False:3,6:9963,1919
> 1:False:3,5:9963,1919
> 2:True:4,5:9963,1919
> 3:False:3,5:9963,1919
> 4:False:3,6:9963,1919
> 5:False:3,6:9963,1919
dwr-optimal-old-noisy/10/dwr_noisy_p04_hyp-4_10_3.tar.bz2:0.610821008682:0.0820376:0.61
> 0:False:3,8:9962,1917
> 1:False:3,8:9962,1917
> 2:True:4,8:9962,1917
> 3:False:3,8:9962,1917
> 4:False:3,8:9962,1917
> 5:False:3,8:9962,1917
dwr-optimal-old-noisy/10/dwr_noisy_p05_hyp-1_10_1.tar.bz2:1.10366797447:0.2863435:1.11
> 0:True:5,9:39257,4365
> 1:True:5,9:39257,4365
> 2:False:5,10:39257,4365
> 3:False:4,10:39257,4365
> 4:False:4,9:39257,4365
> 5:False:4,10:39257,4365
dwr-optimal-old-noisy/10/dwr_noisy_p05_hyp-1_10_2.tar.bz2:1.12360095978:0.3094123:1.12
> 0:True:5,8:39258,4367
> 1:True:5,8:39258,4367
> 2:False:5,9:39258,4367
> 3:False:4,9:39258,4367
> 4:False:4,8:39258,4367
> 5:False:4,8:39258,4367
dwr-optimal-old-noisy/10/dwr_noisy_p05_hyp-1_10_3.tar.bz2:1.09007406235:0.2689518:1.1
> 0:True:5,11:39258,4367
> 1:True:5,11:39258,4367
> 2:True:5,11:39258,4367
> 3:True:4,10:39258,4367
> 4:True:4,10:39258,4367
> 5:True:4,10:39258,4367
dwr-optimal-old-noisy/10/dwr_noisy_p05_hyp-2_10_1.tar.bz2:1.1390709877:0.3192394:1.14
> 0:True:5,10:39258,4367
> 1:True:5,10:39258,4367
> 2:True:5,10:39258,4367
> 3:True:4,9:39258,4367
> 4:False:4,10:39258,4367
> 5:False:4,10:39258,4367
dwr-optimal-old-noisy/10/dwr_noisy_p05_hyp-2_10_2.tar.bz2:1.12056994438:0.3001959:1.12
> 0:True:5,10:39256,4363
> 1:True:5,10:39256,4363
> 2:True:5,10:39256,4363
> 3:True:4,9:39256,4363
> 4:False:4,10:39256,4363
> 5:False:4,10:39256,4363
dwr-optimal-old-noisy/10/dwr_noisy_p05_hyp-2_10_3.tar.bz2:1.06563615799:0.2467787:1.06
> 0:True:5,10:39256,4363
> 1:True:5,10:39256,4363
> 2:True:5,10:39256,4363
> 3:True:4,9:39256,4363
> 4:True:4,9:39256,4363
> 5:True:4,9:39256,4363
dwr-optimal-old-noisy/10/dwr_noisy_p05_hyp-3_10_1.tar.bz2:1.07407712936:0.2530731:1.08
> 0:True:5,10:39256,4363
> 1:True:5,10:39256,4363
> 2:True:5,10:39256,4363
> 3:False:4,10:39256,4363
> 4:False:4,10:39256,4363
> 5:False:4,10:39256,4363
dwr-optimal-old-noisy/10/dwr_noisy_p05_hyp-3_10_2.tar.bz2:1.12702894211:0.3096622:1.12
> 0:True:5,11:39257,4365
> 1:True:5,11:39257,4365
> 2:True:5,11:39257,4365
> 3:True:4,10:39257,4365
> 4:True:4,10:39257,4365
> 5:True:4,10:39257,4365
dwr-optimal-old-noisy/10/dwr_noisy_p05_hyp-3_10_3.tar.bz2:1.12492585182:0.3078527:1.13
> 0:True:5,10:39257,4365
> 1:True:5,10:39257,4365
> 2:True:5,10:39257,4365
> 3:False:4,10:39257,4365
> 4:False:4,10:39257,4365
> 5:False:4,10:39257,4365
dwr-optimal-old-noisy/10/dwr_noisy_p05_hyp-4_10_1.tar.bz2:1.05200314522:0.2320152:1.05
> 0:False:5,12:39256,4363
> 1:False:5,12:39256,4363
> 2:True:5,11:39256,4363
> 3:False:4,11:39256,4363
> 4:False:4,12:39256,4363
> 5:False:4,12:39256,4363
dwr-optimal-old-noisy/10/dwr_noisy_p05_hyp-4_10_2.tar.bz2:1.07961916924:0.2573298:1.08
> 0:True:5,12:39256,4363
> 1:True:5,12:39256,4363
> 2:True:5,12:39256,4363
> 3:True:4,11:39256,4363
> 4:True:4,11:39256,4363
> 5:True:4,11:39256,4363
dwr-optimal-old-noisy/10/dwr_noisy_p05_hyp-4_10_3.tar.bz2:1.11910390854:0.2970327:1.13
> 0:True:5,11:39257,4365
> 1:True:5,11:39257,4365
> 2:True:5,11:39257,4365
> 3:True:4,10:39257,4365
> 4:False:4,11:39257,4365
> 5:False:4,11:39257,4365
dwr-optimal-old-noisy/30/dwr_noisy_p02_hyp-1_30_1.tar.bz2:0.791337966919:0.1305204:0.79
> 0:True:5,10:6949,1537
> 1:False:5,11:6949,1537
> 2:False:5,11:6949,1537
> 3:False:5,11:6949,1537
> 4:False:5,11:6949,1537
> 5:True:5,10:6949,1537
> 6:True:5,10:6949,1537
> 7:True:5,10:6949,1537
dwr-optimal-old-noisy/30/dwr_noisy_p02_hyp-1_30_2.tar.bz2:0.759355068207:0.0987706:0.77
> 0:False:5,9:6949,1537
> 1:False:5,10:6949,1537
> 2:False:5,9:6949,1537
> 3:False:5,9:6949,1537
> 4:True:5,8:6949,1537
> 5:False:5,10:6949,1537
> 6:False:5,10:6949,1537
> 7:False:5,9:6949,1537
dwr-optimal-old-noisy/30/dwr_noisy_p02_hyp-1_30_3.tar.bz2:0.771953821182:0.1143801:0.77
> 0:True:5,9:6949,1537
> 1:True:5,9:6949,1537
> 2:True:5,9:6949,1537
> 3:False:5,10:6949,1537
> 4:False:5,10:6949,1537
> 5:True:5,9:6949,1537
> 6:True:5,9:6949,1537
> 7:True:5,9:6949,1537
dwr-optimal-old-noisy/30/dwr_noisy_p02_hyp-2_30_1.tar.bz2:0.787487030029:0.1272763:0.8
> 0:False:5,10:6949,1537
> 1:True:5,9:6949,1537
> 2:True:5,9:6949,1537
> 3:False:5,11:6949,1537
> 4:False:5,11:6949,1537
> 5:False:5,10:6949,1537
> 6:False:5,10:6949,1537
> 7:False:5,10:6949,1537
dwr-optimal-old-noisy/30/dwr_noisy_p02_hyp-2_30_2.tar.bz2:0.78885102272:0.1272516:0.79
> 0:True:5,11:6949,1537
> 1:True:5,11:6949,1537
> 2:True:5,11:6949,1537
> 3:False:5,12:6949,1537
> 4:False:5,12:6949,1537
> 5:False:5,12:6949,1537
> 6:False:5,12:6949,1537
> 7:True:5,11:6949,1537
dwr-optimal-old-noisy/30/dwr_noisy_p02_hyp-2_30_3.tar.bz2:0.750159978867:0.0909322:0.75
> 0:False:5,11:6947,1533
> 1:True:5,9:6947,1533
> 2:False:5,11:6947,1533
> 3:False:5,10:6947,1533
> 4:False:5,10:6947,1533
> 5:False:5,10:6947,1533
> 6:False:5,10:6947,1533
> 7:True:5,9:6947,1533
dwr-optimal-old-noisy/30/dwr_noisy_p02_hyp-3_30_1.tar.bz2:0.766116142273:0.105984:0.77
> 0:True:5,9:6949,1537
> 1:False:5,10:6949,1537
> 2:True:5,9:6949,1537
> 3:False:5,10:6949,1537
> 4:True:5,9:6949,1537
> 5:False:5,10:6949,1537
> 6:False:5,10:6949,1537
> 7:True:5,9:6949,1537
dwr-optimal-old-noisy/30/dwr_noisy_p02_hyp-3_30_2.tar.bz2:0.782813072205:0.1242307:0.78
> 0:True:5,11:6949,1537
> 1:True:5,11:6949,1537
> 2:True:5,11:6949,1537
> 3:False:5,12:6949,1537
> 4:True:5,11:6949,1537
> 5:True:5,11:6949,1537
> 6:False:5,12:6949,1537
> 7:True:5,11:6949,1537
dwr-optimal-old-noisy/30/dwr_noisy_p02_hyp-3_30_3.tar.bz2:0.748205184937:0.0866471:0.76
> 0:True:5,8:6948,1535
> 1:False:5,10:6948,1535
> 2:True:5,8:6948,1535
> 3:False:5,10:6948,1535
> 4:False:5,9:6948,1535
> 5:False:5,10:6948,1535
> 6:False:5,10:6948,1535
> 7:False:5,10:6948,1535
dwr-optimal-old-noisy/30/dwr_noisy_p02_hyp-4_30_1.tar.bz2:0.770773887634:0.1120797:0.77
> 0:False:5,8:6949,1537
> 1:False:5,8:6949,1537
> 2:False:5,9:6949,1537
> 3:False:5,8:6949,1537
> 4:True:5,7:6949,1537
> 5:False:5,8:6949,1537
> 6:False:5,9:6949,1537
> 7:False:5,9:6949,1537
dwr-optimal-old-noisy/30/dwr_noisy_p02_hyp-4_30_2.tar.bz2:0.746604919434:0.0871579:0.75
> 0:True:5,9:6948,1535
> 1:True:5,9:6948,1535
> 2:False:5,10:6948,1535
> 3:False:5,10:6948,1535
> 4:True:5,9:6948,1535
> 5:True:5,9:6948,1535
> 6:True:5,9:6948,1535
> 7:True:5,9:6948,1535
dwr-optimal-old-noisy/30/dwr_noisy_p02_hyp-4_30_3.tar.bz2:0.748291015625:0.0865683:0.75
> 0:True:5,8:6948,1535
> 1:True:5,8:6948,1535
> 2:True:5,8:6948,1535
> 3:True:5,8:6948,1535
> 4:True:5,8:6948,1535
> 5:True:5,8:6948,1535
> 6:False:5,9:6948,1535
> 7:False:5,9:6948,1535
dwr-optimal-old-noisy/30/dwr_noisy_p04_hyp-1_30_1.tar.bz2:0.623569965363:0.0933018:0.63
> 0:True:3,7:9965,1923
> 1:False:3,8:9965,1923
> 2:True:4,8:9965,1923
> 3:False:3,8:9965,1923
> 4:True:3,7:9965,1923
> 5:True:3,7:9965,1923
dwr-optimal-old-noisy/30/dwr_noisy_p04_hyp-1_30_2.tar.bz2:0.620912075043:0.090917:0.62
> 0:True:3,7:9965,1923
> 1:False:3,8:9965,1923
> 2:True:4,8:9965,1923
> 3:False:3,8:9965,1923
> 4:True:3,7:9965,1923
> 5:True:3,7:9965,1923
dwr-optimal-old-noisy/30/dwr_noisy_p04_hyp-1_30_3.tar.bz2:0.611126899719:0.083214:0.61
> 0:True:3,9:9964,1921
> 1:True:3,9:9964,1921
> 2:True:4,10:9964,1921
> 3:True:3,9:9964,1921
> 4:True:3,9:9964,1921
> 5:True:3,9:9964,1921
dwr-optimal-old-noisy/30/dwr_noisy_p04_hyp-2_30_1.tar.bz2:0.612991094589:0.0832047:0.62
> 0:False:3,11:9964,1921
> 1:False:3,10:9964,1921
> 2:True:4,10:9964,1921
> 3:False:3,10:9964,1921
> 4:False:3,11:9964,1921
> 5:False:3,11:9964,1921
dwr-optimal-old-noisy/30/dwr_noisy_p04_hyp-2_30_2.tar.bz2:0.650845050812:0.1219898:0.66
> 0:False:3,9:9965,1923
> 1:False:3,9:9965,1923
> 2:True:4,9:9965,1923
> 3:False:3,9:9965,1923
> 4:False:3,9:9965,1923
> 5:False:3,9:9965,1923
dwr-optimal-old-noisy/30/dwr_noisy_p04_hyp-2_30_3.tar.bz2:0.614773035049:0.0847233:0.61
> 0:False:3,10:9964,1921
> 1:False:3,10:9964,1921
> 2:True:4,10:9964,1921
> 3:False:3,10:9964,1921
> 4:False:3,10:9964,1921
> 5:False:3,10:9964,1921
dwr-optimal-old-noisy/30/dwr_noisy_p04_hyp-3_30_1.tar.bz2:0.615606069565:0.0830671:0.61
> 0:False:3,10:9964,1921
> 1:True:3,8:9964,1921
> 2:True:4,9:9964,1921
> 3:True:3,8:9964,1921
> 4:False:3,10:9964,1921
> 5:False:3,10:9964,1921
dwr-optimal-old-noisy/30/dwr_noisy_p04_hyp-3_30_2.tar.bz2:0.669408082962:0.1376536:0.66
> 0:False:3,9:9965,1923
> 1:True:3,8:9965,1923
> 2:True:4,9:9965,1923
> 3:True:3,8:9965,1923
> 4:False:3,9:9965,1923
> 5:False:3,9:9965,1923
dwr-optimal-old-noisy/30/dwr_noisy_p04_hyp-3_30_3.tar.bz2:0.653876066208:0.1200984:0.65
> 0:True:3,8:9965,1923
> 1:True:3,8:9965,1923
> 2:True:4,9:9965,1923
> 3:True:3,8:9965,1923
> 4:True:3,8:9965,1923
> 5:True:3,8:9965,1923
dwr-optimal-old-noisy/30/dwr_noisy_p04_hyp-4_30_1.tar.bz2:0.614898920059:0.0832772:0.61
> 0:False:3,9:9964,1921
> 1:False:3,9:9964,1921
> 2:False:4,10:9964,1921
> 3:False:3,10:9964,1921
> 4:True:3,7:9964,1921
> 5:False:3,9:9964,1921
dwr-optimal-old-noisy/30/dwr_noisy_p04_hyp-4_30_2.tar.bz2:0.61514210701:0.0830327:0.61
> 0:True:3,11:9964,1921
> 1:True:3,11:9964,1921
> 2:True:4,12:9964,1921
> 3:True:3,11:9964,1921
> 4:True:3,11:9964,1921
> 5:True:3,11:9964,1921
dwr-optimal-old-noisy/30/dwr_noisy_p04_hyp-4_30_3.tar.bz2:0.627280950546:0.0956207:0.62
> 0:False:3,8:9965,1923
> 1:False:3,9:9965,1923
> 2:False:4,9:9965,1923
> 3:False:3,9:9965,1923
> 4:True:3,7:9965,1923
> 5:False:3,8:9965,1923
dwr-optimal-old-noisy/30/dwr_noisy_p05_hyp-1_30_1.tar.bz2:1.21301293373:0.3935717:1.22
> 0:True:5,21:39265,4381
> 1:True:5,21:39265,4381
> 2:False:5,22:39265,4381
> 3:False:4,22:39265,4381
> 4:False:4,22:39265,4381
> 5:False:4,23:39265,4381
dwr-optimal-old-noisy/30/dwr_noisy_p05_hyp-1_30_2.tar.bz2:1.27157187462:0.4528783:1.27
> 0:True:5,19:39263,4377
> 1:False:5,20:39263,4377
> 2:False:5,20:39263,4377
> 3:False:4,20:39263,4377
> 4:True:4,18:39263,4377
> 5:True:4,18:39263,4377
dwr-optimal-old-noisy/30/dwr_noisy_p05_hyp-1_30_3.tar.bz2:1.12264513969:0.3039367:1.12
> 0:True:5,20:39266,4383
> 1:True:5,20:39266,4383
> 2:True:5,20:39266,4383
> 3:True:4,19:39266,4383
> 4:False:4,20:39266,4383
> 5:False:4,20:39266,4383
dwr-optimal-old-noisy/30/dwr_noisy_p05_hyp-2_30_1.tar.bz2:1.25819516182:0.4399531:1.26
> 0:False:5,21:39266,4383
> 1:False:5,20:39266,4383
> 2:True:5,19:39266,4383
> 3:False:4,20:39266,4383
> 4:False:4,21:39266,4383
> 5:False:4,20:39266,4383
dwr-optimal-old-noisy/30/dwr_noisy_p05_hyp-2_30_2.tar.bz2:1.19610214233:0.3794281:1.19
> 0:False:5,21:39266,4383
> 1:True:5,19:39266,4383
> 2:False:5,20:39266,4383
> 3:False:4,20:39266,4383
> 4:False:4,21:39266,4383
> 5:False:4,21:39266,4383
dwr-optimal-old-noisy/30/dwr_noisy_p05_hyp-2_30_3.tar.bz2:1.15547204018:0.3335559:1.15
> 0:True:5,19:39268,4387
> 1:True:5,19:39268,4387
> 2:False:5,22:39268,4387
> 3:False:4,22:39268,4387
> 4:False:4,20:39268,4387
> 5:False:4,20:39268,4387
dwr-optimal-old-noisy/30/dwr_noisy_p05_hyp-3_30_1.tar.bz2:1.08007192612:0.2560939:1.08
> 0:True:5,17:39261,4373
> 1:False:5,19:39261,4373
> 2:False:5,19:39261,4373
> 3:False:4,19:39261,4373
> 4:False:4,17:39261,4373
> 5:False:4,18:39261,4373
dwr-optimal-old-noisy/30/dwr_noisy_p05_hyp-3_30_2.tar.bz2:1.20337796211:0.3835883:1.21
> 0:True:5,18:39266,4383
> 1:True:5,18:39266,4383
> 2:True:5,18:39266,4383
> 3:False:4,18:39266,4383
> 4:True:4,17:39266,4383
> 5:True:4,17:39266,4383
dwr-optimal-old-noisy/30/dwr_noisy_p05_hyp-3_30_3.tar.bz2:1.25279903412:0.4384204:1.26
> 0:True:5,17:39266,4383
> 1:True:5,17:39266,4383
> 2:False:5,18:39266,4383
> 3:False:4,18:39266,4383
> 4:False:4,17:39266,4383
> 5:False:4,18:39266,4383
dwr-optimal-old-noisy/30/dwr_noisy_p05_hyp-4_30_1.tar.bz2:1.29133605957:0.4737261:1.29
> 0:False:5,18:39264,4379
> 1:False:5,18:39264,4379
> 2:False:5,18:39264,4379
> 3:True:4,16:39264,4379
> 4:False:4,18:39264,4379
> 5:False:4,18:39264,4379
dwr-optimal-old-noisy/30/dwr_noisy_p05_hyp-4_30_2.tar.bz2:1.17459011078:0.3612599:1.17
> 0:True:5,16:39263,4377
> 1:False:5,17:39263,4377
> 2:False:5,18:39263,4377
> 3:False:4,18:39263,4377
> 4:False:4,17:39263,4377
> 5:False:4,18:39263,4377
dwr-optimal-old-noisy/30/dwr_noisy_p05_hyp-4_30_3.tar.bz2:1.1518061161:0.3317286:1.14
> 0:False:5,17:39264,4379
> 1:True:5,16:39264,4379
> 2:False:5,17:39264,4379
> 3:True:4,15:39264,4379
> 4:False:4,17:39264,4379
> 5:False:4,17:39264,4379
dwr-optimal-old-noisy/50/dwr_noisy_p02_hyp-1_50_1.tar.bz2:0.779133796692:0.1179541:0.78
> 0:True:5,12:6952,1543
> 1:False:5,14:6952,1543
> 2:True:5,12:6952,1543
> 3:False:5,15:6952,1543
> 4:False:5,14:6952,1543
> 5:False:5,13:6952,1543
> 6:False:5,14:6952,1543
> 7:False:5,13:6952,1543
dwr-optimal-old-noisy/50/dwr_noisy_p02_hyp-1_50_2.tar.bz2:0.809624910355:0.1506528:0.81
> 0:True:5,10:6953,1545
> 1:False:5,11:6953,1545
> 2:True:5,10:6953,1545
> 3:False:5,11:6953,1545
> 4:False:5,11:6953,1545
> 5:False:5,11:6953,1545
> 6:False:5,11:6953,1545
> 7:False:5,12:6953,1545
dwr-optimal-old-noisy/50/dwr_noisy_p02_hyp-1_50_3.tar.bz2:0.855567932129:0.1953138:0.86
> 0:True:5,11:6952,1543
> 1:False:5,13:6952,1543
> 2:False:5,12:6952,1543
> 3:False:5,13:6952,1543
> 4:False:5,12:6952,1543
> 5:False:5,12:6952,1543
> 6:False:5,12:6952,1543
> 7:False:5,12:6952,1543
dwr-optimal-old-noisy/50/dwr_noisy_p02_hyp-2_50_1.tar.bz2:0.791007995605:0.1282446:0.79
> 0:False:5,13:6953,1545
> 1:True:5,11:6953,1545
> 2:False:5,13:6953,1545
> 3:False:5,13:6953,1545
> 4:False:5,12:6953,1545
> 5:True:5,11:6953,1545
> 6:False:5,12:6953,1545
> 7:False:5,13:6953,1545
dwr-optimal-old-noisy/50/dwr_noisy_p02_hyp-2_50_2.tar.bz2:0.785681962967:0.122029:0.78
> 0:True:5,11:6952,1543
> 1:True:5,11:6952,1543
> 2:True:5,11:6952,1543
> 3:False:5,12:6952,1543
> 4:False:5,12:6952,1543
> 5:False:5,12:6952,1543
> 6:False:5,12:6952,1543
> 7:True:5,11:6952,1543
dwr-optimal-old-noisy/50/dwr_noisy_p02_hyp-2_50_3.tar.bz2:0.782670974731:0.1178151:0.78
> 0:False:5,11:6952,1543
> 1:True:5,10:6952,1543
> 2:True:5,10:6952,1543
> 3:False:5,11:6952,1543
> 4:False:5,11:6952,1543
> 5:False:5,11:6952,1543
> 6:False:5,11:6952,1543
> 7:False:5,11:6952,1543
dwr-optimal-old-noisy/50/dwr_noisy_p02_hyp-3_50_1.tar.bz2:0.76935505867:0.1103062:0.76
> 0:True:5,12:6952,1543
> 1:False:5,14:6952,1543
> 2:True:5,12:6952,1543
> 3:False:5,13:6952,1543
> 4:True:5,12:6952,1543
> 5:False:5,13:6952,1543
> 6:False:5,13:6952,1543
> 7:False:5,13:6952,1543
dwr-optimal-old-noisy/50/dwr_noisy_p02_hyp-3_50_2.tar.bz2:0.802212953568:0.1401763:0.81
> 0:False:5,13:6951,1541
> 1:False:5,13:6951,1541
> 2:True:5,12:6951,1541
> 3:False:5,14:6951,1541
> 4:False:5,13:6951,1541
> 5:False:5,14:6951,1541
> 6:False:5,14:6951,1541
> 7:False:5,13:6951,1541
dwr-optimal-old-noisy/50/dwr_noisy_p02_hyp-3_50_3.tar.bz2:0.797065973282:0.135645:0.79
> 0:True:5,12:6952,1543
> 1:True:5,12:6952,1543
> 2:True:5,12:6952,1543
> 3:True:5,12:6952,1543
> 4:True:5,12:6952,1543
> 5:True:5,12:6952,1543
> 6:False:5,13:6952,1543
> 7:True:5,12:6952,1543
dwr-optimal-old-noisy/50/dwr_noisy_p02_hyp-4_50_1.tar.bz2:0.747719049454:0.0870679:0.75
> 0:False:5,13:6950,1539
> 1:False:5,13:6950,1539
> 2:False:5,13:6950,1539
> 3:True:5,11:6950,1539
> 4:True:5,11:6950,1539
> 5:False:5,12:6950,1539
> 6:False:5,12:6950,1539
> 7:False:5,13:6950,1539
dwr-optimal-old-noisy/50/dwr_noisy_p02_hyp-4_50_2.tar.bz2:0.80409693718:0.1418435:0.81
> 0:False:5,12:6951,1541
> 1:False:5,13:6951,1541
> 2:False:5,12:6951,1541
> 3:True:5,11:6951,1541
> 4:True:5,11:6951,1541
> 5:False:5,13:6951,1541
> 6:False:5,12:6951,1541
> 7:False:5,12:6951,1541
dwr-optimal-old-noisy/50/dwr_noisy_p02_hyp-4_50_3.tar.bz2:0.792102098465:0.1324707:0.8
> 0:True:5,11:6951,1541
> 1:False:5,12:6951,1541
> 2:False:5,12:6951,1541
> 3:True:5,11:6951,1541
> 4:False:5,12:6951,1541
> 5:True:5,11:6951,1541
> 6:True:5,11:6951,1541
> 7:True:5,11:6951,1541
dwr-optimal-old-noisy/50/dwr_noisy_p04_hyp-1_50_1.tar.bz2:0.662321090698:0.1318449:0.66
> 0:True:3,9:9968,1929
> 1:False:3,11:9968,1929
> 2:False:4,11:9968,1929
> 3:False:3,11:9968,1929
> 4:False:3,11:9968,1929
> 5:True:3,9:9968,1929
dwr-optimal-old-noisy/50/dwr_noisy_p04_hyp-1_50_2.tar.bz2:0.625688791275:0.0974862:0.62
> 0:True:3,9:9967,1927
> 1:False:3,11:9967,1927
> 2:False:4,11:9967,1927
> 3:False:3,11:9967,1927
> 4:False:3,10:9967,1927
> 5:True:3,9:9967,1927
dwr-optimal-old-noisy/50/dwr_noisy_p04_hyp-1_50_3.tar.bz2:0.611283063889:0.0833509:0.61
> 0:False:3,9:9966,1925
> 1:False:3,9:9966,1925
> 2:True:4,9:9966,1925
> 3:False:3,9:9966,1925
> 4:False:3,9:9966,1925
> 5:False:3,9:9966,1925
dwr-optimal-old-noisy/50/dwr_noisy_p04_hyp-2_50_1.tar.bz2:0.613150119781:0.0846572:0.62
> 0:False:3,12:9967,1927
> 1:False:3,12:9967,1927
> 2:True:4,11:9967,1927
> 3:False:3,12:9967,1927
> 4:False:3,12:9967,1927
> 5:False:3,11:9967,1927
dwr-optimal-old-noisy/50/dwr_noisy_p04_hyp-2_50_2.tar.bz2:0.646301984787:0.118714:0.65
> 0:False:3,12:9968,1929
> 1:False:3,12:9968,1929
> 2:True:4,11:9968,1929
> 3:False:3,12:9968,1929
> 4:False:3,11:9968,1929
> 5:False:3,11:9968,1929
dwr-optimal-old-noisy/50/dwr_noisy_p04_hyp-2_50_3.tar.bz2:0.644161224365:0.1139137:0.64
> 0:False:3,12:9968,1929
> 1:False:3,11:9968,1929
> 2:True:4,11:9968,1929
> 3:False:3,11:9968,1929
> 4:False:3,12:9968,1929
> 5:False:3,12:9968,1929
dwr-optimal-old-noisy/50/dwr_noisy_p04_hyp-3_50_1.tar.bz2:0.644345998764:0.1132687:0.64
> 0:False:3,13:9967,1927
> 1:True:3,10:9967,1927
> 2:False:4,12:9967,1927
> 3:False:3,12:9967,1927
> 4:False:3,12:9967,1927
> 5:False:3,13:9967,1927
dwr-optimal-old-noisy/50/dwr_noisy_p04_hyp-3_50_2.tar.bz2:0.660345077515:0.1276285:0.67
> 0:True:3,10:9968,1929
> 1:False:3,11:9968,1929
> 2:True:4,11:9968,1929
> 3:True:3,10:9968,1929
> 4:False:3,11:9968,1929
> 5:False:3,11:9968,1929
dwr-optimal-old-noisy/50/dwr_noisy_p04_hyp-3_50_3.tar.bz2:0.616070985794:0.0839002:0.62
> 0:False:3,12:9966,1925
> 1:True:3,11:9966,1925
> 2:False:4,13:9966,1925
> 3:False:3,12:9966,1925
> 4:True:3,11:9966,1925
> 5:False:3,12:9966,1925
dwr-optimal-old-noisy/50/dwr_noisy_p04_hyp-4_50_1.tar.bz2:0.643030881882:0.1108464:0.64
> 0:False:3,12:9967,1927
> 1:True:3,11:9967,1927
> 2:True:4,12:9967,1927
> 3:True:3,11:9967,1927
> 4:True:3,11:9967,1927
> 5:False:3,12:9967,1927
dwr-optimal-old-noisy/50/dwr_noisy_p04_hyp-4_50_2.tar.bz2:0.651962041855:0.1211836:0.65
> 0:False:3,13:9968,1929
> 1:False:3,14:9968,1929
> 2:False:4,14:9968,1929
> 3:False:3,14:9968,1929
> 4:True:3,12:9968,1929
> 5:False:3,13:9968,1929
dwr-optimal-old-noisy/50/dwr_noisy_p04_hyp-4_50_3.tar.bz2:0.698900938034:0.1659133:0.7
> 0:False:3,12:9969,1931
> 1:True:3,11:9969,1931
> 2:True:4,12:9969,1931
> 3:True:3,11:9969,1931
> 4:True:3,11:9969,1931
> 5:False:3,12:9969,1931
dwr-optimal-old-noisy/50/dwr_noisy_p05_hyp-1_50_1.tar.bz2:1.23359298706:0.4152202:1.23
> 0:False:5,29:39269,4389
> 1:True:5,28:39269,4389
> 2:True:5,28:39269,4389
> 3:False:4,29:39269,4389
> 4:False:4,29:39269,4389
> 5:False:4,29:39269,4389
dwr-optimal-old-noisy/50/dwr_noisy_p05_hyp-1_50_2.tar.bz2:1.2872531414:0.4697026:1.29
> 0:True:5,27:39273,4397
> 1:True:5,27:39273,4397
> 2:False:5,29:39273,4397
> 3:False:4,29:39273,4397
> 4:False:4,28:39273,4397
> 5:False:4,30:39273,4397
dwr-optimal-old-noisy/50/dwr_noisy_p05_hyp-1_50_3.tar.bz2:1.2669301033:0.4503286:1.27
> 0:True:5,28:39271,4393
> 1:True:5,28:39271,4393
> 2:False:5,29:39271,4393
> 3:False:4,29:39271,4393
> 4:False:4,28:39271,4393
> 5:False:4,29:39271,4393
dwr-optimal-old-noisy/50/dwr_noisy_p05_hyp-2_50_1.tar.bz2:1.28892087936:0.4720781:1.29
> 0:False:5,28:39270,4391
> 1:True:5,26:39270,4391
> 2:False:5,29:39270,4391
> 3:False:4,28:39270,4391
> 4:False:4,28:39270,4391
> 5:False:4,27:39270,4391
dwr-optimal-old-noisy/50/dwr_noisy_p05_hyp-2_50_2.tar.bz2:1.30701589584:0.4884552:1.31
> 0:False:5,28:39269,4389
> 1:True:5,27:39269,4389
> 2:False:5,29:39269,4389
> 3:False:4,28:39269,4389
> 4:False:4,27:39269,4389
> 5:False:4,27:39269,4389
dwr-optimal-old-noisy/50/dwr_noisy_p05_hyp-2_50_3.tar.bz2:1.23437595367:0.4218012:1.23
> 0:True:5,27:39271,4393
> 1:True:5,27:39271,4393
> 2:True:5,27:39271,4393
> 3:False:4,27:39271,4393
> 4:False:4,27:39271,4393
> 5:False:4,27:39271,4393
dwr-optimal-old-noisy/50/dwr_noisy_p05_hyp-3_50_1.tar.bz2:1.26484107971:0.4454778:1.26
> 0:True:5,24:39270,4391
> 1:False:5,25:39270,4391
> 2:False:5,26:39270,4391
> 3:False:4,25:39270,4391
> 4:False:4,24:39270,4391
> 5:False:4,25:39270,4391
dwr-optimal-old-noisy/50/dwr_noisy_p05_hyp-3_50_2.tar.bz2:1.19576311111:0.3781586:1.19
> 0:False:5,24:39271,4393
> 1:False:5,25:39271,4393
> 2:False:5,24:39271,4393
> 3:False:4,25:39271,4393
> 4:True:4,22:39271,4393
> 5:False:4,24:39271,4393
dwr-optimal-old-noisy/50/dwr_noisy_p05_hyp-3_50_3.tar.bz2:1.13960313797:0.3205606:1.14
> 0:True:5,24:39268,4387
> 1:True:5,24:39268,4387
> 2:False:5,25:39268,4387
> 3:False:4,24:39268,4387
> 4:False:4,24:39268,4387
> 5:False:4,24:39268,4387
dwr-optimal-old-noisy/50/dwr_noisy_p05_hyp-4_50_1.tar.bz2:1.18784284592:0.3705548:1.18
> 0:True:5,21:39265,4381
> 1:False:5,22:39265,4381
> 2:False:5,22:39265,4381
> 3:False:4,22:39265,4381
> 4:False:4,21:39265,4381
> 5:False:4,21:39265,4381
dwr-optimal-old-noisy/50/dwr_noisy_p05_hyp-4_50_2.tar.bz2:1.30368614197:0.4877626:1.31
> 0:False:5,23:39269,4389
> 1:False:5,23:39269,4389
> 2:True:5,21:39269,4389
> 3:False:4,21:39269,4389
> 4:False:4,23:39269,4389
> 5:False:4,23:39269,4389
dwr-optimal-old-noisy/50/dwr_noisy_p05_hyp-4_50_3.tar.bz2:1.27929902077:0.4609422:1.27
> 0:False:5,23:39269,4389
> 1:False:5,22:39269,4389
> 2:False:5,22:39269,4389
> 3:True:4,20:39269,4389
> 4:False:4,22:39269,4389
> 5:False:4,22:39269,4389
dwr-optimal-old-noisy/70/dwr_noisy_p02_hyp-1_70_1.tar.bz2:0.778402805328:0.1220392:0.78
> 0:True:5,12:6953,1545
> 1:False:5,14:6953,1545
> 2:True:5,12:6953,1545
> 3:False:5,14:6953,1545
> 4:False:5,13:6953,1545
> 5:False:5,14:6953,1545
> 6:False:5,14:6953,1545
> 7:False:5,13:6953,1545
dwr-optimal-old-noisy/70/dwr_noisy_p02_hyp-1_70_2.tar.bz2:0.763267040253:0.1026442:0.77
> 0:True:5,11:6955,1549
> 1:False:5,13:6955,1549
> 2:True:5,11:6955,1549
> 3:False:5,13:6955,1549
> 4:False:5,13:6955,1549
> 5:False:5,13:6955,1549
> 6:False:5,13:6955,1549
> 7:False:5,13:6955,1549
dwr-optimal-old-noisy/70/dwr_noisy_p02_hyp-1_70_3.tar.bz2:0.774989128113:0.1106483:0.77
> 0:True:5,11:6955,1549
> 1:False:5,13:6955,1549
> 2:False:5,12:6955,1549
> 3:False:5,13:6955,1549
> 4:False:5,13:6955,1549
> 5:False:5,13:6955,1549
> 6:False:5,13:6955,1549
> 7:False:5,12:6955,1549
dwr-optimal-old-noisy/70/dwr_noisy_p02_hyp-2_70_1.tar.bz2:0.771420001984:0.1072844:0.78
> 0:False:5,12:6955,1549
> 1:True:5,11:6955,1549
> 2:False:5,13:6955,1549
> 3:False:5,13:6955,1549
> 4:False:5,13:6955,1549
> 5:True:5,11:6955,1549
> 6:False:5,12:6955,1549
> 7:False:5,12:6955,1549
dwr-optimal-old-noisy/70/dwr_noisy_p02_hyp-2_70_2.tar.bz2:0.790369033813:0.1281718:0.79
> 0:False:5,14:6953,1545
> 1:True:5,12:6953,1545
> 2:False:5,13:6953,1545
> 3:False:5,14:6953,1545
> 4:False:5,14:6953,1545
> 5:False:5,13:6953,1545
> 6:False:5,14:6953,1545
> 7:False:5,14:6953,1545
dwr-optimal-old-noisy/70/dwr_noisy_p02_hyp-2_70_3.tar.bz2:0.786859035492:0.1230757:0.78
> 0:False:5,14:6953,1545
> 1:True:5,11:6953,1545
> 2:False:5,14:6953,1545
> 3:False:5,14:6953,1545
> 4:False:5,14:6953,1545
> 5:False:5,12:6953,1545
> 6:False:5,14:6953,1545
> 7:False:5,14:6953,1545
dwr-optimal-old-noisy/70/dwr_noisy_p02_hyp-3_70_1.tar.bz2:0.843948125839:0.1794283:0.85
> 0:False:5,12:6955,1549
> 1:False:5,13:6955,1549
> 2:True:5,11:6955,1549
> 3:False:5,13:6955,1549
> 4:False:5,13:6955,1549
> 5:False:5,13:6955,1549
> 6:False:5,13:6955,1549
> 7:False:5,13:6955,1549
dwr-optimal-old-noisy/70/dwr_noisy_p02_hyp-3_70_2.tar.bz2:0.834039211273:0.1717809:0.84
> 0:False:5,12:6956,1551
> 1:False:5,14:6956,1551
> 2:True:5,11:6956,1551
> 3:False:5,15:6956,1551
> 4:False:5,14:6956,1551
> 5:False:5,15:6956,1551
> 6:False:5,15:6956,1551
> 7:False:5,14:6956,1551
dwr-optimal-old-noisy/70/dwr_noisy_p02_hyp-3_70_3.tar.bz2:0.767153978348:0.105166:0.76
> 0:False:5,11:6954,1547
> 1:False:5,13:6954,1547
> 2:True:5,10:6954,1547
> 3:False:5,14:6954,1547
> 4:False:5,13:6954,1547
> 5:False:5,14:6954,1547
> 6:False:5,14:6954,1547
> 7:False:5,13:6954,1547
dwr-optimal-old-noisy/70/dwr_noisy_p02_hyp-4_70_1.tar.bz2:0.760797977448:0.1014003:0.76
> 0:False:5,13:6955,1549
> 1:False:5,13:6955,1549
> 2:False:5,13:6955,1549
> 3:True:5,11:6955,1549
> 4:False:5,12:6955,1549
> 5:False:5,13:6955,1549
> 6:False:5,12:6955,1549
> 7:False:5,13:6955,1549
dwr-optimal-old-noisy/70/dwr_noisy_p02_hyp-4_70_2.tar.bz2:0.76846909523:0.1071119:0.77
> 0:False:5,13:6955,1549
> 1:False:5,14:6955,1549
> 2:False:5,13:6955,1549
> 3:True:5,10:6955,1549
> 4:True:5,10:6955,1549
> 5:False:5,13:6955,1549
> 6:False:5,12:6955,1549
> 7:False:5,13:6955,1549
dwr-optimal-old-noisy/70/dwr_noisy_p02_hyp-4_70_3.tar.bz2:0.788115978241:0.1236564:0.79
> 0:False:5,13:6955,1549
> 1:False:5,13:6955,1549
> 2:False:5,13:6955,1549
> 3:True:5,11:6955,1549
> 4:True:5,11:6955,1549
> 5:False:5,12:6955,1549
> 6:True:5,11:6955,1549
> 7:False:5,13:6955,1549
dwr-optimal-old-noisy/70/dwr_noisy_p04_hyp-1_70_1.tar.bz2:0.657387018204:0.1244939:0.65
> 0:True:3,10:9969,1931
> 1:False:3,13:9969,1931
> 2:False:4,13:9969,1931
> 3:False:3,12:9969,1931
> 4:False:3,12:9969,1931
> 5:False:3,11:9969,1931
dwr-optimal-old-noisy/70/dwr_noisy_p04_hyp-1_70_2.tar.bz2:0.649885892868:0.1184775:0.65
> 0:True:3,11:9968,1929
> 1:False:3,13:9968,1929
> 2:False:4,13:9968,1929
> 3:False:3,12:9968,1929
> 4:False:3,13:9968,1929
> 5:False:3,12:9968,1929
dwr-optimal-old-noisy/70/dwr_noisy_p04_hyp-1_70_3.tar.bz2:0.669183969498:0.1371774:0.66
> 0:True:3,11:9968,1929
> 1:False:3,12:9968,1929
> 2:False:4,13:9968,1929
> 3:False:3,13:9968,1929
> 4:False:3,12:9968,1929
> 5:True:3,11:9968,1929
dwr-optimal-old-noisy/70/dwr_noisy_p04_hyp-2_70_1.tar.bz2:0.634865999222:0.1046061:0.64
> 0:False:3,13:9971,1935
> 1:False:3,12:9971,1935
> 2:True:4,11:9971,1935
> 3:False:3,11:9971,1935
> 4:False:3,13:9971,1935
> 5:False:3,13:9971,1935
dwr-optimal-old-noisy/70/dwr_noisy_p04_hyp-2_70_2.tar.bz2:0.698101043701:0.1669402:0.7
> 0:False:3,14:9970,1933
> 1:False:3,14:9970,1933
> 2:True:4,12:9970,1933
> 3:False:3,13:9970,1933
> 4:False:3,14:9970,1933
> 5:False:3,13:9970,1933
dwr-optimal-old-noisy/70/dwr_noisy_p04_hyp-2_70_3.tar.bz2:0.662560939789:0.1342846:0.66
> 0:False:3,13:9971,1935
> 1:False:3,13:9971,1935
> 2:True:4,11:9971,1935
> 3:False:3,12:9971,1935
> 4:False:3,13:9971,1935
> 5:False:3,12:9971,1935
dwr-optimal-old-noisy/70/dwr_noisy_p04_hyp-3_70_1.tar.bz2:0.646096944809:0.1170715:0.66
> 0:False:3,13:9971,1935
> 1:True:3,10:9971,1935
> 2:False:4,12:9971,1935
> 3:False:3,12:9971,1935
> 4:False:3,12:9971,1935
> 5:False:3,13:9971,1935
dwr-optimal-old-noisy/70/dwr_noisy_p04_hyp-3_70_2.tar.bz2:0.6693110466:0.1406684:0.67
> 0:False:3,12:9972,1937
> 1:True:3,10:9972,1937
> 2:False:4,12:9972,1937
> 3:False:3,12:9972,1937
> 4:False:3,12:9972,1937
> 5:False:3,13:9972,1937
dwr-optimal-old-noisy/70/dwr_noisy_p04_hyp-3_70_3.tar.bz2:0.633563041687:0.1009746:0.63
> 0:False:3,13:9970,1933
> 1:True:3,11:9970,1933
> 2:False:4,13:9970,1933
> 3:False:3,13:9970,1933
> 4:False:3,12:9970,1933
> 5:False:3,13:9970,1933
dwr-optimal-old-noisy/70/dwr_noisy_p04_hyp-4_70_1.tar.bz2:0.63642001152:0.1050342:0.64
> 0:False:3,12:9971,1935
> 1:False:3,12:9971,1935
> 2:False:4,13:9971,1935
> 3:False:3,13:9971,1935
> 4:True:3,10:9971,1935
> 5:False:3,12:9971,1935
dwr-optimal-old-noisy/70/dwr_noisy_p04_hyp-4_70_2.tar.bz2:0.643883943558:0.1100537:0.65
> 0:True:3,12:9970,1933
> 1:True:3,12:9970,1933
> 2:True:4,13:9970,1933
> 3:False:3,13:9970,1933
> 4:True:3,12:9970,1933
> 5:True:3,12:9970,1933
dwr-optimal-old-noisy/70/dwr_noisy_p04_hyp-4_70_3.tar.bz2:0.634715795517:0.1023711:0.64
> 0:False:3,12:9970,1933
> 1:False:3,12:9970,1933
> 2:False:4,12:9970,1933
> 3:False:3,12:9970,1933
> 4:True:3,10:9970,1933
> 5:False:3,12:9970,1933
dwr-optimal-old-noisy/70/dwr_noisy_p05_hyp-1_70_1.tar.bz2:1.40348696709:0.5910743:1.4
> 0:True:5,36:39282,4415
> 1:False:5,37:39282,4415
> 2:False:5,37:39282,4415
> 3:False:4,37:39282,4415
> 4:True:4,35:39282,4415
> 5:True:4,35:39282,4415
dwr-optimal-old-noisy/70/dwr_noisy_p05_hyp-1_70_2.tar.bz2:1.19945502281:0.3788563:1.2
> 0:True:5,34:39278,4407
> 1:False:5,36:39278,4407
> 2:False:5,36:39278,4407
> 3:False:4,37:39278,4407
> 4:False:4,35:39278,4407
> 5:False:4,36:39278,4407
dwr-optimal-old-noisy/70/dwr_noisy_p05_hyp-1_70_3.tar.bz2:1.1801609993:0.365448:1.18
> 0:True:5,34:39281,4413
> 1:False:5,36:39281,4413
> 2:False:5,37:39281,4413
> 3:False:4,37:39281,4413
> 4:False:4,34:39281,4413
> 5:False:4,36:39281,4413
dwr-optimal-old-noisy/70/dwr_noisy_p05_hyp-2_70_1.tar.bz2:1.3091340065:0.4890585:1.31
> 0:False:5,36:39276,4403
> 1:True:5,35:39276,4403
> 2:False:5,36:39276,4403
> 3:False:4,36:39276,4403
> 4:False:4,36:39276,4403
> 5:False:4,36:39276,4403
dwr-optimal-old-noisy/70/dwr_noisy_p05_hyp-2_70_2.tar.bz2:1.14516496658:0.3252824:1.15
> 0:False:5,35:39278,4407
> 1:True:5,33:39278,4407
> 2:False:5,35:39278,4407
> 3:False:4,34:39278,4407
> 4:False:4,35:39278,4407
> 5:False:4,35:39278,4407
dwr-optimal-old-noisy/70/dwr_noisy_p05_hyp-2_70_3.tar.bz2:1.23234200478:0.4152326:1.24
> 0:True:5,34:39277,4405
> 1:False:5,35:39277,4405
> 2:False:5,35:39277,4405
> 3:False:4,35:39277,4405
> 4:False:4,35:39277,4405
> 5:False:4,35:39277,4405
dwr-optimal-old-noisy/70/dwr_noisy_p05_hyp-3_70_1.tar.bz2:1.26130795479:0.4523251:1.26
> 0:False:5,32:39276,4403
> 1:False:5,32:39276,4403
> 2:True:5,31:39276,4403
> 3:False:4,32:39276,4403
> 4:False:4,31:39276,4403
> 5:False:4,31:39276,4403
dwr-optimal-old-noisy/70/dwr_noisy_p05_hyp-3_70_2.tar.bz2:1.3625869751:0.5437838:1.37
> 0:True:5,31:39275,4401
> 1:False:5,32:39275,4401
> 2:False:5,33:39275,4401
> 3:False:4,34:39275,4401
> 4:False:4,31:39275,4401
> 5:False:4,32:39275,4401
dwr-optimal-old-noisy/70/dwr_noisy_p05_hyp-3_70_3.tar.bz2:1.2088367939:0.392361:1.2
> 0:False:5,31:39277,4405
> 1:False:5,31:39277,4405
> 2:True:5,30:39277,4405
> 3:False:4,31:39277,4405
> 4:True:4,29:39277,4405
> 5:False:4,30:39277,4405
dwr-optimal-old-noisy/70/dwr_noisy_p05_hyp-4_70_1.tar.bz2:1.26541900635:0.4513771:1.27
> 0:False:5,29:39272,4395
> 1:False:5,28:39272,4395
> 2:False:5,29:39272,4395
> 3:True:4,26:39272,4395
> 4:False:4,29:39272,4395
> 5:False:4,29:39272,4395
dwr-optimal-old-noisy/70/dwr_noisy_p05_hyp-4_70_2.tar.bz2:1.31011795998:0.4920079:1.31
> 0:True:5,27:39271,4393
> 1:True:5,27:39271,4393
> 2:False:5,28:39271,4393
> 3:True:4,26:39271,4393
> 4:False:4,27:39271,4393
> 5:False:4,27:39271,4393
dwr-optimal-old-noisy/70/dwr_noisy_p05_hyp-4_70_3.tar.bz2:1.1542429924:0.3369446:1.16
> 0:False:5,29:39272,4395
> 1:False:5,28:39272,4395
> 2:False:5,28:39272,4395
> 3:True:4,26:39272,4395
> 4:False:4,29:39272,4395
> 5:False:4,29:39272,4395
dwr-optimal-old-noisy/100/dwr_noisy_p02_hyp-1_full_1.tar.bz2:0.78053188324:0.1175877:0.78
> 0:True:5,12:6957,1553
> 1:False:5,16:6957,1553
> 2:False:5,13:6957,1553
> 3:False:5,16:6957,1553
> 4:False:5,15:6957,1553
> 5:False:5,15:6957,1553
> 6:False:5,15:6957,1553
> 7:False:5,14:6957,1553
dwr-optimal-old-noisy/100/dwr_noisy_p02_hyp-1_full_2.tar.bz2:0.77455997467:0.1116449:0.78
> 0:True:5,12:6958,1555
> 1:False:5,15:6958,1555
> 2:False:5,13:6958,1555
> 3:False:5,16:6958,1555
> 4:False:5,15:6958,1555
> 5:False:5,15:6958,1555
> 6:False:5,15:6958,1555
> 7:False:5,14:6958,1555
dwr-optimal-old-noisy/100/dwr_noisy_p02_hyp-1_full_3.tar.bz2:0.768573045731:0.1073414:0.77
> 0:True:5,12:6957,1553
> 1:False:5,16:6957,1553
> 2:False:5,13:6957,1553
> 3:False:5,16:6957,1553
> 4:False:5,15:6957,1553
> 5:False:5,15:6957,1553
> 6:False:5,15:6957,1553
> 7:False:5,14:6957,1553
dwr-optimal-old-noisy/100/dwr_noisy_p02_hyp-2_full_1.tar.bz2:0.779031991959:0.1173345:0.77
> 0:False:5,16:6958,1555
> 1:True:5,12:6958,1555
> 2:False:5,15:6958,1555
> 3:False:5,16:6958,1555
> 4:False:5,16:6958,1555
> 5:False:5,14:6958,1555
> 6:False:5,16:6958,1555
> 7:False:5,15:6958,1555
dwr-optimal-old-noisy/100/dwr_noisy_p02_hyp-2_full_2.tar.bz2:0.785617828369:0.1234327:0.78
> 0:False:5,16:6958,1555
> 1:True:5,12:6958,1555
> 2:False:5,15:6958,1555
> 3:False:5,15:6958,1555
> 4:False:5,15:6958,1555
> 5:False:5,13:6958,1555
> 6:False:5,14:6958,1555
> 7:False:5,15:6958,1555
dwr-optimal-old-noisy/100/dwr_noisy_p02_hyp-2_full_3.tar.bz2:0.778790950775:0.1161199:0.79
> 0:False:5,15:6959,1557
> 1:True:5,12:6959,1557
> 2:False:5,15:6959,1557
> 3:False:5,15:6959,1557
> 4:False:5,15:6959,1557
> 5:True:5,12:6959,1557
> 6:False:5,14:6959,1557
> 7:False:5,14:6959,1557
dwr-optimal-old-noisy/100/dwr_noisy_p02_hyp-3_full_1.tar.bz2:0.77140378952:0.1094032:0.78
> 0:False:5,13:6957,1553
> 1:False:5,15:6957,1553
> 2:True:5,12:6957,1553
> 3:False:5,16:6957,1553
> 4:False:5,15:6957,1553
> 5:False:5,16:6957,1553
> 6:False:5,16:6957,1553
> 7:False:5,15:6957,1553
dwr-optimal-old-noisy/100/dwr_noisy_p02_hyp-3_full_2.tar.bz2:0.771739006042:0.1108129:0.77
> 0:False:5,13:6958,1555
> 1:False:5,15:6958,1555
> 2:True:5,12:6958,1555
> 3:False:5,16:6958,1555
> 4:False:5,15:6958,1555
> 5:False:5,16:6958,1555
> 6:False:5,16:6958,1555
> 7:False:5,15:6958,1555
dwr-optimal-old-noisy/100/dwr_noisy_p02_hyp-3_full_3.tar.bz2:0.769240140915:0.1053291:0.77
> 0:False:5,13:6959,1557
> 1:False:5,15:6959,1557
> 2:True:5,12:6959,1557
> 3:False:5,15:6959,1557
> 4:False:5,14:6959,1557
> 5:False:5,16:6959,1557
> 6:False:5,16:6959,1557
> 7:False:5,15:6959,1557
dwr-optimal-old-noisy/100/dwr_noisy_p02_hyp-4_full_1.tar.bz2:0.792153120041:0.1279901:0.79
> 0:False:5,16:6956,1551
> 1:False:5,16:6956,1551
> 2:False:5,16:6956,1551
> 3:True:5,12:6956,1551
> 4:False:5,13:6956,1551
> 5:False:5,15:6956,1551
> 6:False:5,14:6956,1551
> 7:False:5,16:6956,1551
dwr-optimal-old-noisy/100/dwr_noisy_p02_hyp-4_full_2.tar.bz2:0.769376039505:0.1058508:0.76
> 0:False:5,16:6958,1555
> 1:False:5,16:6958,1555
> 2:False:5,16:6958,1555
> 3:True:5,12:6958,1555
> 4:False:5,13:6958,1555
> 5:False:5,15:6958,1555
> 6:False:5,14:6958,1555
> 7:False:5,16:6958,1555
dwr-optimal-old-noisy/100/dwr_noisy_p02_hyp-4_full_3.tar.bz2:0.791819095612:0.1280676:0.79
> 0:False:5,16:6956,1551
> 1:False:5,16:6956,1551
> 2:False:5,16:6956,1551
> 3:True:5,12:6956,1551
> 4:False:5,13:6956,1551
> 5:False:5,15:6956,1551
> 6:False:5,14:6956,1551
> 7:False:5,16:6956,1551
dwr-optimal-old-noisy/100/dwr_noisy_p04_hyp-1_full_1.tar.bz2:0.633749008179:0.1010984:0.63
> 0:True:3,11:9972,1937
> 1:False:3,13:9972,1937
> 2:False:4,13:9972,1937
> 3:False:3,12:9972,1937
> 4:False:3,13:9972,1937
> 5:False:3,12:9972,1937
dwr-optimal-old-noisy/100/dwr_noisy_p04_hyp-1_full_2.tar.bz2:0.645586013794:0.1113885:0.65
> 0:True:3,11:9971,1935
> 1:False:3,14:9971,1935
> 2:False:4,14:9971,1935
> 3:False:3,13:9971,1935
> 4:False:3,13:9971,1935
> 5:False:3,12:9971,1935
dwr-optimal-old-noisy/100/dwr_noisy_p04_hyp-1_full_3.tar.bz2:0.632030963898:0.1006552:0.63
> 0:True:3,11:9972,1937
> 1:False:3,14:9972,1937
> 2:False:4,13:9972,1937
> 3:False:3,13:9972,1937
> 4:False:3,13:9972,1937
> 5:True:3,11:9972,1937
dwr-optimal-old-noisy/100/dwr_noisy_p04_hyp-2_full_1.tar.bz2:0.642360925674:0.1100806:0.65
> 0:False:3,15:9973,1939
> 1:False:3,14:9973,1939
> 2:True:4,12:9973,1939
> 3:False:3,13:9973,1939
> 4:False:3,15:9973,1939
> 5:False:3,14:9973,1939
dwr-optimal-old-noisy/100/dwr_noisy_p04_hyp-2_full_2.tar.bz2:0.630887031555:0.1000961:0.64
> 0:False:3,15:9973,1939
> 1:False:3,14:9973,1939
> 2:True:4,12:9973,1939
> 3:False:3,13:9973,1939
> 4:False:3,15:9973,1939
> 5:False:3,14:9973,1939
dwr-optimal-old-noisy/100/dwr_noisy_p04_hyp-2_full_3.tar.bz2:0.631831884384:0.1009337:0.63
> 0:False:3,15:9973,1939
> 1:False:3,14:9973,1939
> 2:True:4,12:9973,1939
> 3:False:3,13:9973,1939
> 4:False:3,15:9973,1939
> 5:False:3,14:9973,1939
dwr-optimal-old-noisy/100/dwr_noisy_p04_hyp-3_full_1.tar.bz2:0.655592918396:0.1248536:0.65
> 0:False:3,15:9974,1941
> 1:True:3,12:9974,1941
> 2:False:4,14:9974,1941
> 3:False:3,14:9974,1941
> 4:False:3,14:9974,1941
> 5:False:3,15:9974,1941
dwr-optimal-old-noisy/100/dwr_noisy_p04_hyp-3_full_2.tar.bz2:0.634068965912:0.1035066:0.64
> 0:False:3,15:9972,1937
> 1:True:3,12:9972,1937
> 2:False:4,14:9972,1937
> 3:False:3,14:9972,1937
> 4:False:3,14:9972,1937
> 5:False:3,15:9972,1937
dwr-optimal-old-noisy/100/dwr_noisy_p04_hyp-3_full_3.tar.bz2:0.636930942535:0.1078192:0.64
> 0:False:3,15:9973,1939
> 1:True:3,12:9973,1939
> 2:False:4,14:9973,1939
> 3:False:3,14:9973,1939
> 4:False:3,14:9973,1939
> 5:False:3,15:9973,1939
dwr-optimal-old-noisy/100/dwr_noisy_p04_hyp-4_full_1.tar.bz2:0.639717817307:0.1051186:0.64
> 0:False:3,14:9974,1941
> 1:False:3,14:9974,1941
> 2:False:4,15:9974,1941
> 3:False:3,15:9974,1941
> 4:True:3,12:9974,1941
> 5:False:3,14:9974,1941
dwr-optimal-old-noisy/100/dwr_noisy_p04_hyp-4_full_2.tar.bz2:0.632415056229:0.1028226:0.63
> 0:False:3,14:9974,1941
> 1:False:3,14:9974,1941
> 2:False:4,15:9974,1941
> 3:False:3,15:9974,1941
> 4:True:3,12:9974,1941
> 5:False:3,14:9974,1941
dwr-optimal-old-noisy/100/dwr_noisy_p04_hyp-4_full_3.tar.bz2:0.674994945526:0.1433221:0.68
> 0:False:3,14:9974,1941
> 1:False:3,14:9974,1941
> 2:False:4,14:9974,1941
> 3:False:3,15:9974,1941
> 4:True:3,12:9974,1941
> 5:False:3,13:9974,1941
dwr-optimal-old-noisy/100/dwr_noisy_p05_hyp-1_full_1.tar.bz2:1.18863916397:0.3750395:1.2
> 0:True:5,44:39287,4425
> 1:False:5,45:39287,4425
> 2:False:5,47:39287,4425
> 3:False:4,48:39287,4425
> 4:False:4,44:39287,4425
> 5:False:4,45:39287,4425
dwr-optimal-old-noisy/100/dwr_noisy_p05_hyp-1_full_2.tar.bz2:1.24167203903:0.4213706:1.24
> 0:True:5,44:39287,4425
> 1:False:5,46:39287,4425
> 2:False:5,47:39287,4425
> 3:False:4,48:39287,4425
> 4:False:4,44:39287,4425
> 5:False:4,45:39287,4425
dwr-optimal-old-noisy/100/dwr_noisy_p05_hyp-1_full_3.tar.bz2:1.1767270565:0.3602361:1.18
> 0:True:5,44:39288,4427
> 1:False:5,45:39288,4427
> 2:False:5,47:39288,4427
> 3:False:4,48:39288,4427
> 4:False:4,44:39288,4427
> 5:False:4,45:39288,4427
dwr-optimal-old-noisy/100/dwr_noisy_p05_hyp-2_full_1.tar.bz2:1.1679918766:0.3473922:1.16
> 0:False:5,44:39287,4425
> 1:True:5,42:39287,4425
> 2:False:5,45:39287,4425
> 3:False:4,45:39287,4425
> 4:False:4,44:39287,4425
> 5:False:4,45:39287,4425
dwr-optimal-old-noisy/100/dwr_noisy_p05_hyp-2_full_2.tar.bz2:1.16846704483:0.3519974:1.16
> 0:False:5,45:39286,4423
> 1:True:5,42:39286,4423
> 2:False:5,45:39286,4423
> 3:False:4,45:39286,4423
> 4:False:4,45:39286,4423
> 5:False:4,45:39286,4423
dwr-optimal-old-noisy/100/dwr_noisy_p05_hyp-2_full_3.tar.bz2:1.21262598038:0.3923464:1.21
> 0:False:5,45:39284,4419
> 1:True:5,42:39284,4419
> 2:False:5,45:39284,4419
> 3:False:4,45:39284,4419
> 4:False:4,45:39284,4419
> 5:False:4,45:39284,4419
dwr-optimal-old-noisy/100/dwr_noisy_p05_hyp-3_full_1.tar.bz2:1.18441796303:0.360733:1.19
> 0:False:5,38:39284,4419
> 1:False:5,39:39284,4419
> 2:False:5,39:39284,4419
> 3:False:4,40:39284,4419
> 4:True:4,36:39284,4419
> 5:False:4,38:39284,4419
dwr-optimal-old-noisy/100/dwr_noisy_p05_hyp-3_full_2.tar.bz2:1.16908216476:0.3509163:1.18
> 0:False:5,38:39282,4415
> 1:False:5,39:39282,4415
> 2:False:5,39:39282,4415
> 3:False:4,40:39282,4415
> 4:True:4,36:39282,4415
> 5:False:4,37:39282,4415
dwr-optimal-old-noisy/100/dwr_noisy_p05_hyp-3_full_3.tar.bz2:1.20096707344:0.378987:1.2
> 0:False:5,38:39284,4419
> 1:False:5,39:39284,4419
> 2:False:5,39:39284,4419
> 3:False:4,40:39284,4419
> 4:True:4,36:39284,4419
> 5:False:4,37:39284,4419
dwr-optimal-old-noisy/100/dwr_noisy_p05_hyp-4_full_1.tar.bz2:1.20821809769:0.3873427:1.21
> 0:False:5,36:39278,4407
> 1:False:5,35:39278,4407
> 2:False:5,35:39278,4407
> 3:True:4,32:39278,4407
> 4:False:4,36:39278,4407
> 5:False:4,36:39278,4407
dwr-optimal-old-noisy/100/dwr_noisy_p05_hyp-4_full_2.tar.bz2:1.17024493217:0.3529061:1.17
> 0:False:5,36:39280,4411
> 1:False:5,35:39280,4411
> 2:False:5,35:39280,4411
> 3:True:4,32:39280,4411
> 4:False:4,36:39280,4411
> 5:False:4,36:39280,4411
dwr-optimal-old-noisy/100/dwr_noisy_p05_hyp-4_full_3.tar.bz2:1.18383002281:0.3676184:1.18
> 0:False:5,36:39280,4411
> 1:False:5,35:39280,4411
> 2:False:5,34:39280,4411
> 3:True:4,32:39280,4411
> 4:False:4,36:39280,4411
> 5:False:4,36:39280,4411
