dwr-optimal-old-noisy/10/dwr_noisy_p02_hyp-1_10_1.tar.bz2:0.598922014236:0.01085509:0.6
> 0:True:9,9:90,18
> 1:False:10,11:90,19
> 2:True:11,11:90,20
> 3:False:10,11:90,19
> 4:False:10,11:90,19
> 5:False:10,11:90,19
> 6:False:11,12:90,20
> 7:False:9,10:90,18
dwr-optimal-old-noisy/10/dwr_noisy_p02_hyp-1_10_2.tar.bz2:0.603434801102:0.0148373:0.6
> 0:False:9,11:92,28
> 1:True:10,10:92,29
> 2:False:11,12:92,30
> 3:False:10,11:92,29
> 4:False:10,11:92,29
> 5:True:10,10:92,29
> 6:False:11,12:92,30
> 7:False:9,11:92,28
dwr-optimal-old-noisy/10/dwr_noisy_p02_hyp-1_10_3.tar.bz2:0.592329025269:0.00985531:0.6
> 0:True:9,10:92,20
> 1:True:10,11:92,21
> 2:True:11,12:92,22
> 3:True:10,11:92,21
> 4:True:10,11:92,21
> 5:True:10,11:92,21
> 6:False:11,13:92,22
> 7:False:9,11:92,20
dwr-optimal-old-noisy/10/dwr_noisy_p02_hyp-2_10_1.tar.bz2:0.602411985397:0.0128453:0.6
> 0:True:9,9:90,20
> 1:True:10,10:90,21
> 2:True:11,11:90,22
> 3:False:10,11:90,21
> 4:False:10,11:90,21
> 5:True:10,10:90,21
> 6:False:11,12:90,22
> 7:True:9,9:90,20
dwr-optimal-old-noisy/10/dwr_noisy_p02_hyp-2_10_2.tar.bz2:0.599726915359:0.01249864:0.59
> 0:True:9,10:90,20
> 1:True:10,11:90,21
> 2:True:11,12:90,22
> 3:False:10,12:90,21
> 4:False:10,12:90,21
> 5:True:10,11:90,21
> 6:False:11,13:90,22
> 7:True:9,10:90,20
dwr-optimal-old-noisy/10/dwr_noisy_p02_hyp-2_10_3.tar.bz2:0.601095914841:0.01444607:0.6
> 0:True:9,10:92,27
> 1:True:10,11:92,28
> 2:True:11,12:92,29
> 3:False:10,12:92,28
> 4:False:10,12:92,28
> 5:True:10,11:92,28
> 6:True:11,12:92,29
> 7:True:9,10:92,27
dwr-optimal-old-noisy/10/dwr_noisy_p02_hyp-3_10_1.tar.bz2:0.598661899567:0.01316278:0.6
> 0:True:9,9:90,20
> 1:True:10,10:90,21
> 2:True:11,11:90,22
> 3:True:10,10:90,21
> 4:True:10,10:90,21
> 5:True:10,10:90,21
> 6:False:11,12:90,22
> 7:False:9,10:90,20
dwr-optimal-old-noisy/10/dwr_noisy_p02_hyp-3_10_2.tar.bz2:0.600967168808:0.0138753:0.6
> 0:True:9,11:92,23
> 1:True:10,12:92,24
> 2:True:11,13:92,25
> 3:True:10,12:92,24
> 4:True:10,12:92,24
> 5:True:10,12:92,24
> 6:True:11,13:92,25
> 7:True:9,11:92,23
dwr-optimal-old-noisy/10/dwr_noisy_p02_hyp-3_10_3.tar.bz2:0.593561172485:0.00934356:0.59
> 0:True:9,10:90,16
> 1:True:10,11:90,17
> 2:True:11,12:90,18
> 3:True:10,11:90,17
> 4:True:10,11:90,17
> 5:True:10,11:90,17
> 6:True:11,12:90,18
> 7:True:9,10:90,16
dwr-optimal-old-noisy/10/dwr_noisy_p02_hyp-4_10_1.tar.bz2:0.597776174545:0.01289258:0.59
> 0:True:9,10:92,22
> 1:True:10,11:92,23
> 2:True:11,12:92,24
> 3:True:10,11:92,23
> 4:True:10,11:92,23
> 5:True:10,11:92,23
> 6:True:11,12:92,24
> 7:True:9,10:92,22
dwr-optimal-old-noisy/10/dwr_noisy_p02_hyp-4_10_2.tar.bz2:0.600486040115:0.01594455:0.6
> 0:False:9,10:92,29
> 1:True:10,10:92,30
> 2:False:11,12:92,31
> 3:True:10,10:92,30
> 4:False:10,11:92,30
> 5:True:10,10:92,30
> 6:True:11,11:92,31
> 7:False:9,11:92,29
dwr-optimal-old-noisy/10/dwr_noisy_p02_hyp-4_10_3.tar.bz2:0.603923082352:0.01623176:0.6
> 0:False:9,10:92,30
> 1:False:10,11:92,31
> 2:False:11,13:92,32
> 3:False:10,11:92,31
> 4:False:10,13:92,31
> 5:True:10,10:92,31
> 6:False:11,12:92,32
> 7:False:9,11:92,30
dwr-optimal-old-noisy/10/dwr_noisy_p04_hyp-1_10_1.tar.bz2:0.465423107147:0.01024328:0.46
> 0:True:8,9:114,19
> 1:True:9,10:114,20
> 2:True:10,11:114,21
> 3:True:8,9:114,19
> 4:True:9,10:114,20
> 5:True:8,9:114,19
dwr-optimal-old-noisy/10/dwr_noisy_p04_hyp-1_10_2.tar.bz2:0.461849927902:0.00767392:0.46
> 0:True:8,8:114,18
> 1:True:9,9:114,19
> 2:False:10,11:114,20
> 3:False:8,9:114,18
> 4:True:9,9:114,19
> 5:True:8,8:114,18
dwr-optimal-old-noisy/10/dwr_noisy_p04_hyp-1_10_3.tar.bz2:0.463064908981:0.00793384:0.46
> 0:True:8,8:114,18
> 1:True:9,9:114,19
> 2:False:10,11:114,20
> 3:False:8,9:114,18
> 4:True:9,9:114,19
> 5:True:8,8:114,18
dwr-optimal-old-noisy/10/dwr_noisy_p04_hyp-2_10_1.tar.bz2:0.464005947113:0.01240781:0.47
> 0:False:8,9:114,22
> 1:True:9,9:114,23
> 2:True:10,10:114,24
> 3:True:8,8:114,22
> 4:False:9,10:114,23
> 5:False:8,9:114,22
dwr-optimal-old-noisy/10/dwr_noisy_p04_hyp-2_10_2.tar.bz2:0.461318969727:0.01007867:0.45
> 0:True:8,8:114,16
> 1:True:9,9:114,17
> 2:True:10,10:114,18
> 3:True:8,8:114,16
> 4:True:9,9:114,17
> 5:True:8,8:114,16
dwr-optimal-old-noisy/10/dwr_noisy_p04_hyp-2_10_3.tar.bz2:0.465132951736:0.01256424:0.46
> 0:False:8,9:114,22
> 1:True:9,9:114,23
> 2:True:10,10:114,24
> 3:True:8,8:114,22
> 4:False:9,10:114,23
> 5:False:8,9:114,22
dwr-optimal-old-noisy/10/dwr_noisy_p04_hyp-3_10_1.tar.bz2:0.465125083923:0.01119562:0.46
> 0:False:8,10:116,28
> 1:True:9,10:116,29
> 2:False:10,12:116,30
> 3:False:8,10:116,28
> 4:True:9,10:116,29
> 5:False:8,10:116,28
dwr-optimal-old-noisy/10/dwr_noisy_p04_hyp-3_10_2.tar.bz2:0.468863010406:0.01174115:0.47
> 0:False:8,10:114,22
> 1:True:9,9:114,23
> 2:True:10,10:114,24
> 3:False:8,9:114,22
> 4:True:9,9:114,23
> 5:False:8,10:114,22
dwr-optimal-old-noisy/10/dwr_noisy_p04_hyp-3_10_3.tar.bz2:0.466809034348:0.01176693:0.47
> 0:False:8,10:116,27
> 1:True:9,10:116,28
> 2:True:10,11:116,29
> 3:False:8,10:116,27
> 4:False:9,11:116,28
> 5:False:8,10:116,27
dwr-optimal-old-noisy/10/dwr_noisy_p04_hyp-4_10_1.tar.bz2:0.469683170319:0.01467963:0.46
> 0:False:8,11:116,37
> 1:True:9,11:116,38
> 2:True:10,12:116,39
> 3:False:8,11:116,37
> 4:True:9,11:116,38
> 5:False:8,12:116,37
dwr-optimal-old-noisy/10/dwr_noisy_p04_hyp-4_10_2.tar.bz2:0.466328144073:0.01424193:0.48
> 0:False:8,10:116,27
> 1:True:9,9:116,28
> 2:True:10,10:116,29
> 3:False:8,9:116,27
> 4:False:9,10:116,28
> 5:False:8,10:116,27
dwr-optimal-old-noisy/10/dwr_noisy_p04_hyp-4_10_3.tar.bz2:0.464853048325:0.01107391:0.46
> 0:False:8,10:114,21
> 1:True:9,9:114,22
> 2:True:10,10:114,23
> 3:True:8,8:114,21
> 4:True:9,9:114,22
> 5:False:8,10:114,21
dwr-optimal-old-noisy/10/dwr_noisy_p05_hyp-1_10_1.tar.bz2:0.566349029541:0.02139522:0.57
> 0:True:13,16:268,41
> 1:False:14,18:268,42
> 2:True:13,16:268,41
> 3:False:13,17:268,41
> 4:False:13,17:268,41
> 5:False:14,18:268,42
dwr-optimal-old-noisy/10/dwr_noisy_p05_hyp-1_10_2.tar.bz2:0.565132141113:0.02331753:0.57
> 0:True:13,17:270,50
> 1:False:14,19:270,51
> 2:False:13,19:270,50
> 3:False:13,21:270,50
> 4:False:13,18:270,50
> 5:False:14,19:270,51
dwr-optimal-old-noisy/10/dwr_noisy_p05_hyp-1_10_3.tar.bz2:0.5650370121:0.02191645:0.56
> 0:False:13,17:270,44
> 1:False:14,18:270,45
> 2:False:13,18:270,44
> 3:True:13,16:270,44
> 4:False:13,17:270,44
> 5:False:14,18:270,45
dwr-optimal-old-noisy/10/dwr_noisy_p05_hyp-2_10_1.tar.bz2:0.561547040939:0.02392166:0.57
> 0:True:13,17:270,49
> 1:True:14,18:270,50
> 2:False:13,18:270,49
> 3:True:13,17:270,49
> 4:True:13,17:270,49
> 5:True:14,18:270,50
dwr-optimal-old-noisy/10/dwr_noisy_p05_hyp-2_10_2.tar.bz2:0.563996076584:0.02029134:0.57
> 0:True:13,15:266,41
> 1:True:14,16:266,42
> 2:False:13,16:266,41
> 3:False:13,17:266,41
> 4:False:13,17:266,41
> 5:True:14,16:266,42
dwr-optimal-old-noisy/10/dwr_noisy_p05_hyp-2_10_3.tar.bz2:0.562193155289:0.02033475:0.57
> 0:True:13,17:266,36
> 1:False:14,19:266,37
> 2:True:13,17:266,36
> 3:False:13,18:266,36
> 4:False:13,18:266,36
> 5:True:14,18:266,37
dwr-optimal-old-noisy/10/dwr_noisy_p05_hyp-3_10_1.tar.bz2:0.562808990479:0.01816218:0.56
> 0:False:13,15:266,35
> 1:False:14,16:266,36
> 2:True:13,14:266,35
> 3:False:13,16:266,35
> 4:False:13,15:266,35
> 5:False:14,16:266,36
dwr-optimal-old-noisy/10/dwr_noisy_p05_hyp-3_10_2.tar.bz2:0.562452077866:0.01872024:0.57
> 0:True:13,15:268,38
> 1:True:14,16:268,39
> 2:True:13,15:268,38
> 3:True:13,15:268,38
> 4:True:13,15:268,38
> 5:True:14,16:268,39
dwr-optimal-old-noisy/10/dwr_noisy_p05_hyp-3_10_3.tar.bz2:0.561558008194:0.02014453:0.57
> 0:False:13,15:268,37
> 1:True:14,15:268,38
> 2:True:13,14:268,37
> 3:True:13,14:268,37
> 4:True:13,14:268,37
> 5:True:14,15:268,38
dwr-optimal-old-noisy/10/dwr_noisy_p05_hyp-4_10_1.tar.bz2:0.561665058136:0.01740494:0.56
> 0:True:13,14:266,32
> 1:False:14,16:266,33
> 2:True:13,14:266,32
> 3:True:13,14:266,32
> 4:True:13,14:266,32
> 5:True:14,15:266,33
dwr-optimal-old-noisy/10/dwr_noisy_p05_hyp-4_10_2.tar.bz2:0.556809186935:0.017172:0.56
> 0:False:13,17:266,34
> 1:False:14,18:266,35
> 2:False:13,18:266,34
> 3:True:13,16:266,34
> 4:True:13,16:266,34
> 5:True:14,17:266,35
dwr-optimal-old-noisy/10/dwr_noisy_p05_hyp-4_10_3.tar.bz2:0.563103914261:0.01975267:0.56
> 0:True:13,16:268,38
> 1:False:14,18:268,39
> 2:True:13,16:268,38
> 3:True:13,16:268,38
> 4:True:13,16:268,38
> 5:True:14,17:268,39
dwr-optimal-old-noisy/30/dwr_noisy_p02_hyp-1_30_1.tar.bz2:0.605155944824:0.01688864:0.6
> 0:False:9,12:96,39
> 1:False:10,13:96,40
> 2:True:11,13:96,41
> 3:False:10,14:96,40
> 4:False:10,14:96,40
> 5:False:10,13:96,40
> 6:False:11,14:96,41
> 7:False:9,13:96,39
dwr-optimal-old-noisy/30/dwr_noisy_p02_hyp-1_30_2.tar.bz2:0.608956098557:0.01713343:0.61
> 0:False:9,10:96,35
> 1:False:10,12:96,36
> 2:False:11,12:96,37
> 3:True:10,10:96,36
> 4:True:10,10:96,36
> 5:False:10,11:96,36
> 6:False:11,13:96,37
> 7:False:9,11:96,35
dwr-optimal-old-noisy/30/dwr_noisy_p02_hyp-1_30_3.tar.bz2:0.59968996048:0.01141304:0.6
> 0:True:9,10:96,33
> 1:True:10,11:96,34
> 2:True:11,12:96,35
> 3:True:10,11:96,34
> 4:True:10,11:96,34
> 5:True:10,11:96,34
> 6:True:11,12:96,35
> 7:True:9,10:96,33
dwr-optimal-old-noisy/30/dwr_noisy_p02_hyp-2_30_1.tar.bz2:0.608510017395:0.01713609:0.61
> 0:False:9,12:96,37
> 1:False:10,12:96,38
> 2:False:11,13:96,39
> 3:False:10,12:96,38
> 4:False:10,14:96,38
> 5:False:10,13:96,38
> 6:True:11,12:96,39
> 7:False:9,11:96,37
dwr-optimal-old-noisy/30/dwr_noisy_p02_hyp-2_30_2.tar.bz2:0.605891942978:0.01485351:0.6
> 0:True:9,11:96,35
> 1:False:10,13:96,36
> 2:True:11,13:96,37
> 3:False:10,15:96,36
> 4:False:10,14:96,36
> 5:False:10,13:96,36
> 6:False:11,15:96,37
> 7:True:9,11:96,35
dwr-optimal-old-noisy/30/dwr_noisy_p02_hyp-2_30_3.tar.bz2:0.602555990219:0.01427863:0.6
> 0:True:9,10:92,24
> 1:False:10,12:92,25
> 2:True:11,12:92,26
> 3:False:10,13:92,25
> 4:False:10,13:92,25
> 5:True:10,11:92,25
> 6:False:11,13:92,26
> 7:True:9,10:92,24
dwr-optimal-old-noisy/30/dwr_noisy_p02_hyp-3_30_1.tar.bz2:0.599031925201:0.01343054:0.61
> 0:False:9,11:96,32
> 1:False:10,13:96,33
> 2:False:11,13:96,34
> 3:False:10,12:96,33
> 4:True:10,11:96,33
> 5:False:10,12:96,33
> 6:False:11,13:96,34
> 7:False:9,12:96,32
dwr-optimal-old-noisy/30/dwr_noisy_p02_hyp-3_30_2.tar.bz2:0.609919071198:0.01772326:0.61
> 0:False:9,13:96,36
> 1:True:10,12:96,37
> 2:True:11,13:96,38
> 3:False:10,14:96,37
> 4:False:10,14:96,37
> 5:False:10,13:96,37
> 6:False:11,14:96,38
> 7:False:9,14:96,36
dwr-optimal-old-noisy/30/dwr_noisy_p02_hyp-3_30_3.tar.bz2:0.601850986481:0.01362493:0.6
> 0:True:9,9:94,29
> 1:False:10,11:94,30
> 2:True:11,11:94,31
> 3:False:10,11:94,30
> 4:False:10,11:94,30
> 5:False:10,11:94,30
> 6:False:11,12:94,31
> 7:False:9,10:94,29
dwr-optimal-old-noisy/30/dwr_noisy_p02_hyp-4_30_1.tar.bz2:0.596470117569:0.01122888:0.6
> 0:False:9,11:96,29
> 1:False:10,12:96,30
> 2:False:11,13:96,31
> 3:True:10,11:96,30
> 4:True:10,11:96,30
> 5:False:10,12:96,30
> 6:False:11,13:96,31
> 7:False:9,11:96,29
dwr-optimal-old-noisy/30/dwr_noisy_p02_hyp-4_30_2.tar.bz2:0.600666999817:0.01292996:0.6
> 0:True:9,10:94,26
> 1:True:10,11:94,27
> 2:True:11,12:94,28
> 3:True:10,11:94,27
> 4:True:10,11:94,27
> 5:True:10,11:94,27
> 6:True:11,12:94,28
> 7:True:9,10:94,26
dwr-optimal-old-noisy/30/dwr_noisy_p02_hyp-4_30_3.tar.bz2:0.598988056183:0.01030621:0.61
> 0:True:9,9:94,23
> 1:True:10,10:94,24
> 2:True:11,11:94,25
> 3:True:10,10:94,24
> 4:True:10,10:94,24
> 5:True:10,10:94,24
> 6:True:11,11:94,25
> 7:True:9,9:94,23
dwr-optimal-old-noisy/30/dwr_noisy_p04_hyp-1_30_1.tar.bz2:0.467028141022:0.01219863:0.46
> 0:True:8,9:120,27
> 1:False:9,12:120,28
> 2:False:10,13:120,29
> 3:False:8,11:120,27
> 4:False:9,11:120,28
> 5:True:8,9:120,27
dwr-optimal-old-noisy/30/dwr_noisy_p04_hyp-1_30_2.tar.bz2:0.465538024902:0.01203613:0.46
> 0:False:8,10:120,32
> 1:True:9,10:120,33
> 2:False:10,12:120,34
> 3:False:8,10:120,32
> 4:True:9,10:120,33
> 5:False:8,10:120,32
dwr-optimal-old-noisy/30/dwr_noisy_p04_hyp-1_30_3.tar.bz2:0.461076974869:0.00878357:0.46
> 0:True:8,9:118,22
> 1:False:9,11:118,23
> 2:False:10,12:118,24
> 3:False:8,10:118,22
> 4:False:9,11:118,23
> 5:True:8,9:118,22
dwr-optimal-old-noisy/30/dwr_noisy_p04_hyp-2_30_1.tar.bz2:0.467489004135:0.01352202:0.46
> 0:False:8,12:118,33
> 1:False:9,10:118,34
> 2:True:10,10:118,35
> 3:False:8,9:118,33
> 4:False:9,11:118,34
> 5:False:8,11:118,33
dwr-optimal-old-noisy/30/dwr_noisy_p04_hyp-2_30_2.tar.bz2:0.469512939453:0.01257261:0.47
> 0:False:8,11:120,29
> 1:True:9,11:120,30
> 2:True:10,12:120,31
> 3:True:8,10:120,29
> 4:True:9,11:120,30
> 5:False:8,11:120,29
dwr-optimal-old-noisy/30/dwr_noisy_p04_hyp-2_30_3.tar.bz2:0.471999883652:0.01340933:0.48
> 0:False:8,11:118,24
> 1:True:9,10:118,25
> 2:True:10,11:118,26
> 3:True:8,9:118,24
> 4:True:9,10:118,25
> 5:False:8,11:118,24
dwr-optimal-old-noisy/30/dwr_noisy_p04_hyp-3_30_1.tar.bz2:0.466977834702:0.01273317:0.47
> 0:False:8,10:118,32
> 1:False:9,10:118,33
> 2:True:10,10:118,34
> 3:False:8,9:118,32
> 4:False:9,10:118,33
> 5:False:8,11:118,32
dwr-optimal-old-noisy/30/dwr_noisy_p04_hyp-3_30_2.tar.bz2:0.470981121063:0.01554028:0.47
> 0:False:8,12:120,41
> 1:False:9,12:120,42
> 2:True:10,12:120,43
> 3:False:8,12:120,41
> 4:False:9,12:120,42
> 5:False:8,12:120,41
dwr-optimal-old-noisy/30/dwr_noisy_p04_hyp-3_30_3.tar.bz2:0.467773914337:0.01197406:0.47
> 0:False:8,11:120,28
> 1:True:9,10:120,29
> 2:False:10,12:120,30
> 3:False:8,10:120,28
> 4:True:9,10:120,29
> 5:False:8,11:120,28
dwr-optimal-old-noisy/30/dwr_noisy_p04_hyp-4_30_1.tar.bz2:0.470104932785:0.01296936:0.47
> 0:False:8,9:118,31
> 1:False:9,10:118,32
> 2:True:10,10:118,33
> 3:False:8,9:118,31
> 4:False:9,10:118,32
> 5:False:8,10:118,31
dwr-optimal-old-noisy/30/dwr_noisy_p04_hyp-4_30_2.tar.bz2:0.46705698967:0.01272296:0.47
> 0:False:8,12:118,27
> 1:True:9,11:118,28
> 2:False:10,13:118,29
> 3:False:8,11:118,27
> 4:True:9,11:118,28
> 5:False:8,12:118,27
dwr-optimal-old-noisy/30/dwr_noisy_p04_hyp-4_30_3.tar.bz2:0.468643903732:0.01267636:0.47
> 0:False:8,11:120,41
> 1:True:9,11:120,42
> 2:False:10,13:120,43
> 3:False:8,11:120,41
> 4:True:9,11:120,42
> 5:False:8,11:120,41
dwr-optimal-old-noisy/30/dwr_noisy_p05_hyp-1_30_1.tar.bz2:0.580013036728:0.03422661:0.58
> 0:False:13,26:284,96
> 1:True:14,26:284,97
> 2:False:13,27:284,96
> 3:False:13,28:284,96
> 4:False:13,27:284,96
> 5:False:14,28:284,97
dwr-optimal-old-noisy/30/dwr_noisy_p05_hyp-1_30_2.tar.bz2:0.566952228546:0.02988098:0.56
> 0:True:13,28:280,84
> 1:False:14,30:280,85
> 2:False:13,29:280,84
> 3:False:13,30:280,84
> 4:True:13,28:280,84
> 5:False:14,30:280,85
dwr-optimal-old-noisy/30/dwr_noisy_p05_hyp-1_30_3.tar.bz2:0.578748941422:0.03150502:0.58
> 0:False:13,28:286,87
> 1:False:14,28:286,88
> 2:False:13,27:286,87
> 3:True:13,26:286,87
> 4:False:13,27:286,87
> 5:True:14,27:286,88
dwr-optimal-old-noisy/30/dwr_noisy_p05_hyp-2_30_1.tar.bz2:0.58300280571:0.03576435:0.59
> 0:False:13,27:286,106
> 1:False:14,27:286,107
> 2:True:13,25:286,106
> 3:False:13,26:286,106
> 4:False:13,27:286,106
> 5:False:14,27:286,107
dwr-optimal-old-noisy/30/dwr_noisy_p05_hyp-2_30_2.tar.bz2:0.577617883682:0.03279408:0.57
> 0:False:13,29:286,91
> 1:False:14,28:286,92
> 2:False:13,28:286,91
> 3:False:13,27:286,91
> 4:False:13,27:286,91
> 5:True:14,27:286,92
dwr-optimal-old-noisy/30/dwr_noisy_p05_hyp-2_30_3.tar.bz2:0.581959962845:0.03843722:0.59
> 0:True:13,25:290,127
> 1:True:14,26:290,128
> 2:False:13,28:290,127
> 3:False:13,28:290,127
> 4:False:13,26:290,127
> 5:False:14,27:290,128
dwr-optimal-old-noisy/30/dwr_noisy_p05_hyp-3_30_1.tar.bz2:0.569689035416:0.02473786:0.57
> 0:True:13,20:276,55
> 1:False:14,23:276,56
> 2:False:13,21:276,55
> 3:False:13,22:276,55
> 4:True:13,20:276,55
> 5:False:14,22:276,56
dwr-optimal-old-noisy/30/dwr_noisy_p05_hyp-3_30_2.tar.bz2:0.576603889465:0.03463238:0.58
> 0:False:13,22:286,101
> 1:False:14,23:286,102
> 2:False:13,23:286,101
> 3:False:13,21:286,101
> 4:False:13,19:286,101
> 5:True:14,19:286,102
dwr-optimal-old-noisy/30/dwr_noisy_p05_hyp-3_30_3.tar.bz2:0.577409029007:0.03020987:0.57
> 0:False:13,22:286,93
> 1:False:14,24:286,94
> 2:False:13,23:286,93
> 3:False:13,21:286,93
> 4:True:13,19:286,93
> 5:True:14,20:286,94
dwr-optimal-old-noisy/30/dwr_noisy_p05_hyp-4_30_1.tar.bz2:0.57112288475:0.03018863:0.57
> 0:False:13,26:282,79
> 1:False:14,25:282,80
> 2:False:13,26:282,79
> 3:True:13,23:282,79
> 4:True:13,23:282,79
> 5:True:14,24:282,80
dwr-optimal-old-noisy/30/dwr_noisy_p05_hyp-4_30_2.tar.bz2:0.569174051285:0.02908155:0.57
> 0:False:13,26:280,84
> 1:True:14,26:280,85
> 2:False:13,26:280,84
> 3:False:13,26:280,84
> 4:False:13,26:280,84
> 5:False:14,28:280,85
dwr-optimal-old-noisy/30/dwr_noisy_p05_hyp-4_30_3.tar.bz2:0.579011917114:0.03269815:0.58
> 0:False:13,24:282,87
> 1:False:14,25:282,88
> 2:False:13,25:282,87
> 3:True:13,21:282,87
> 4:False:13,24:282,87
> 5:False:14,24:282,88
dwr-optimal-old-noisy/50/dwr_noisy_p02_hyp-1_50_1.tar.bz2:0.599536895752:0.01413567:0.6
> 0:False:9,13:102,55
> 1:False:10,15:102,56
> 2:True:11,13:102,57
> 3:False:10,16:102,56
> 4:False:10,16:102,56
> 5:False:10,15:102,56
> 6:False:11,16:102,57
> 7:False:9,15:102,55
dwr-optimal-old-noisy/50/dwr_noisy_p02_hyp-1_50_2.tar.bz2:0.600491046906:0.01537228:0.61
> 0:True:9,13:104,46
> 1:True:10,14:104,47
> 2:True:11,15:104,48
> 3:True:10,14:104,47
> 4:True:10,14:104,47
> 5:True:10,14:104,47
> 6:False:11,17:104,48
> 7:False:9,14:104,46
dwr-optimal-old-noisy/50/dwr_noisy_p02_hyp-1_50_3.tar.bz2:0.60675406456:0.01693058:0.61
> 0:False:9,14:102,54
> 1:False:10,16:102,55
> 2:True:11,15:102,56
> 3:False:10,17:102,55
> 4:False:10,17:102,55
> 5:False:10,15:102,55
> 6:False:11,17:102,56
> 7:False:9,16:102,54
dwr-optimal-old-noisy/50/dwr_noisy_p02_hyp-2_50_1.tar.bz2:0.604373931885:0.02160512:0.6
> 0:False:9,16:104,63
> 1:True:10,14:104,64
> 2:False:11,16:104,65
> 3:False:10,15:104,64
> 4:False:10,16:104,64
> 5:False:10,15:104,64
> 6:True:11,15:104,65
> 7:False:9,16:104,63
dwr-optimal-old-noisy/50/dwr_noisy_p02_hyp-2_50_2.tar.bz2:0.607828855515:0.01628487:0.61
> 0:True:9,12:102,43
> 1:True:10,13:102,44
> 2:True:11,14:102,45
> 3:False:10,15:102,44
> 4:False:10,15:102,44
> 5:True:10,13:102,44
> 6:False:11,15:102,45
> 7:True:9,12:102,43
dwr-optimal-old-noisy/50/dwr_noisy_p02_hyp-2_50_3.tar.bz2:0.607001066208:0.01777244:0.61
> 0:False:9,13:102,52
> 1:True:10,11:102,53
> 2:False:11,14:102,54
> 3:False:10,12:102,53
> 4:False:10,14:102,53
> 5:False:10,12:102,53
> 6:True:11,12:102,54
> 7:False:9,12:102,52
dwr-optimal-old-noisy/50/dwr_noisy_p02_hyp-3_50_1.tar.bz2:0.609153985977:0.01867409:0.61
> 0:False:9,13:102,51
> 1:False:10,14:102,52
> 2:True:11,13:102,53
> 3:False:10,13:102,52
> 4:False:10,13:102,52
> 5:False:10,14:102,52
> 6:False:11,14:102,53
> 7:False:9,14:102,51
dwr-optimal-old-noisy/50/dwr_noisy_p02_hyp-3_50_2.tar.bz2:0.606707811356:0.01877521:0.61
> 0:False:9,15:100,49
> 1:False:10,15:100,50
> 2:True:11,14:100,51
> 3:False:10,16:100,50
> 4:False:10,16:100,50
> 5:False:10,16:100,50
> 6:False:11,17:100,51
> 7:False:9,16:100,49
dwr-optimal-old-noisy/50/dwr_noisy_p02_hyp-3_50_3.tar.bz2:0.603984832764:0.01777711:0.6
> 0:False:9,14:102,50
> 1:False:10,14:102,51
> 2:True:11,14:102,52
> 3:False:10,16:102,51
> 4:False:10,15:102,51
> 5:False:10,15:102,51
> 6:False:11,16:102,52
> 7:False:9,14:102,50
dwr-optimal-old-noisy/50/dwr_noisy_p02_hyp-4_50_1.tar.bz2:0.596555948257:0.0152849:0.59
> 0:False:9,12:98,33
> 1:False:10,13:98,34
> 2:False:11,14:98,35
> 3:True:10,11:98,34
> 4:True:10,11:98,34
> 5:False:10,12:98,34
> 6:False:11,13:98,35
> 7:False:9,11:98,33
dwr-optimal-old-noisy/50/dwr_noisy_p02_hyp-4_50_2.tar.bz2:0.6023042202:0.01389696:0.61
> 0:False:9,13:100,44
> 1:False:10,14:100,45
> 2:False:11,14:100,46
> 3:True:10,12:100,45
> 4:False:10,13:100,45
> 5:False:10,14:100,45
> 6:False:11,15:100,46
> 7:False:9,14:100,44
dwr-optimal-old-noisy/50/dwr_noisy_p02_hyp-4_50_3.tar.bz2:0.603296041489:0.0147088:0.61
> 0:True:9,12:100,43
> 1:True:10,13:100,44
> 2:True:11,14:100,45
> 3:True:10,13:100,44
> 4:False:10,14:100,44
> 5:True:10,13:100,44
> 6:True:11,14:100,45
> 7:False:9,13:100,43
dwr-optimal-old-noisy/50/dwr_noisy_p04_hyp-1_50_1.tar.bz2:0.469279050827:0.01447204:0.47
> 0:True:8,12:126,52
> 1:True:9,13:126,53
> 2:False:10,15:126,54
> 3:False:8,13:126,52
> 4:True:9,13:126,53
> 5:True:8,12:126,52
dwr-optimal-old-noisy/50/dwr_noisy_p04_hyp-1_50_2.tar.bz2:0.467616081238:0.0130604:0.46
> 0:True:8,10:124,39
> 1:False:9,12:124,40
> 2:False:10,13:124,41
> 3:False:8,11:124,39
> 4:False:9,12:124,40
> 5:True:8,10:124,39
dwr-optimal-old-noisy/50/dwr_noisy_p04_hyp-1_50_3.tar.bz2:0.462994098663:0.00991949:0.47
> 0:True:8,8:122,30
> 1:False:9,10:122,31
> 2:False:10,11:122,32
> 3:False:8,9:122,30
> 4:False:9,10:122,31
> 5:True:8,8:122,30
dwr-optimal-old-noisy/50/dwr_noisy_p04_hyp-2_50_1.tar.bz2:0.465598106384:0.0107462:0.47
> 0:False:8,11:124,36
> 1:False:9,11:124,37
> 2:True:10,11:124,38
> 3:False:8,11:124,36
> 4:True:9,10:124,37
> 5:False:8,11:124,36
dwr-optimal-old-noisy/50/dwr_noisy_p04_hyp-2_50_2.tar.bz2:0.467793941498:0.01702912:0.47
> 0:False:8,13:126,47
> 1:True:9,13:126,48
> 2:True:10,14:126,49
> 3:False:8,14:126,47
> 4:True:9,13:126,48
> 5:False:8,14:126,47
dwr-optimal-old-noisy/50/dwr_noisy_p04_hyp-2_50_3.tar.bz2:0.47155380249:0.01699493:0.46
> 0:False:8,14:126,49
> 1:False:9,12:126,50
> 2:True:10,12:126,51
> 3:False:8,11:126,49
> 4:False:9,13:126,50
> 5:False:8,13:126,49
dwr-optimal-old-noisy/50/dwr_noisy_p04_hyp-3_50_1.tar.bz2:0.471256971359:0.01598486:0.47
> 0:False:8,14:124,45
> 1:False:9,14:124,46
> 2:True:10,14:124,47
> 3:False:8,13:124,45
> 4:False:9,14:124,46
> 5:False:8,15:124,45
dwr-optimal-old-noisy/50/dwr_noisy_p04_hyp-3_50_2.tar.bz2:0.470263004303:0.01420509:0.46
> 0:False:8,13:126,45
> 1:True:9,13:126,46
> 2:True:10,14:126,47
> 3:True:8,12:126,45
> 4:True:9,13:126,46
> 5:False:8,14:126,45
dwr-optimal-old-noisy/50/dwr_noisy_p04_hyp-3_50_3.tar.bz2:0.467222929001:0.01088766:0.48
> 0:False:8,13:122,32
> 1:True:9,11:122,33
> 2:False:10,14:122,34
> 3:False:8,12:122,32
> 4:True:9,11:122,33
> 5:False:8,13:122,32
dwr-optimal-old-noisy/50/dwr_noisy_p04_hyp-4_50_1.tar.bz2:0.471049070358:0.01560942:0.47
> 0:False:8,13:124,40
> 1:False:9,13:124,41
> 2:True:10,13:124,42
> 3:False:8,12:124,40
> 4:False:9,13:124,41
> 5:False:8,13:124,40
dwr-optimal-old-noisy/50/dwr_noisy_p04_hyp-4_50_2.tar.bz2:0.471536159515:0.01665216:0.46
> 0:False:8,15:126,58
> 1:False:9,16:126,59
> 2:True:10,16:126,60
> 3:False:8,15:126,58
> 4:True:9,15:126,59
> 5:False:8,16:126,58
dwr-optimal-old-noisy/50/dwr_noisy_p04_hyp-4_50_3.tar.bz2:0.467241048813:0.01489678:0.47
> 0:False:8,14:128,51
> 1:False:9,14:128,52
> 2:True:10,14:128,53
> 3:False:8,13:128,51
> 4:False:9,14:128,52
> 5:False:8,13:128,51
dwr-optimal-old-noisy/50/dwr_noisy_p05_hyp-1_50_1.tar.bz2:0.582809925079:0.03781885:0.58
> 0:True:13,35:292,108
> 1:True:14,36:292,109
> 2:False:13,36:292,108
> 3:False:13,38:292,108
> 4:True:13,35:292,108
> 5:True:14,36:292,109
dwr-optimal-old-noisy/50/dwr_noisy_p05_hyp-1_50_2.tar.bz2:0.587798118591:0.04296563:0.59
> 0:False:13,35:300,140
> 1:True:14,34:300,141
> 2:False:13,36:300,140
> 3:False:13,36:300,140
> 4:False:13,36:300,140
> 5:False:14,36:300,141
dwr-optimal-old-noisy/50/dwr_noisy_p05_hyp-1_50_3.tar.bz2:0.584070920944:0.03964102:0.58
> 0:True:13,30:296,123
> 1:True:14,31:296,124
> 2:False:13,31:296,123
> 3:False:13,32:296,123
> 4:False:13,31:296,123
> 5:False:14,32:296,124
dwr-optimal-old-noisy/50/dwr_noisy_p05_hyp-2_50_1.tar.bz2:0.580887079239:0.0409677:0.58
> 0:False:13,33:294,133
> 1:True:14,32:294,134
> 2:False:13,34:294,133
> 3:False:13,34:294,133
> 4:False:13,34:294,133
> 5:False:14,33:294,134
dwr-optimal-old-noisy/50/dwr_noisy_p05_hyp-2_50_2.tar.bz2:0.580533027649:0.0379594:0.58
> 0:False:13,37:292,121
> 1:True:14,36:292,122
> 2:False:13,39:292,121
> 3:False:13,37:292,121
> 4:False:13,37:292,121
> 5:False:14,37:292,122
dwr-optimal-old-noisy/50/dwr_noisy_p05_hyp-2_50_3.tar.bz2:0.582674980164:0.03677089:0.58
> 0:False:13,32:296,108
> 1:False:14,33:296,109
> 2:True:13,31:296,108
> 3:False:13,33:296,108
> 4:True:13,31:296,108
> 5:True:14,32:296,109
dwr-optimal-old-noisy/50/dwr_noisy_p05_hyp-3_50_1.tar.bz2:0.585494995117:0.03894765:0.58
> 0:False:13,33:294,120
> 1:False:14,34:294,121
> 2:False:13,33:294,120
> 3:False:13,33:294,120
> 4:False:13,32:294,120
> 5:True:14,32:294,121
dwr-optimal-old-noisy/50/dwr_noisy_p05_hyp-3_50_2.tar.bz2:0.591575145721:0.04111799:0.6
> 0:False:13,31:296,135
> 1:False:14,34:296,136
> 2:False:13,32:296,135
> 3:False:13,31:296,135
> 4:True:13,28:296,135
> 5:True:14,29:296,136
dwr-optimal-old-noisy/50/dwr_noisy_p05_hyp-3_50_3.tar.bz2:0.579073905945:0.0332344:0.58
> 0:False:13,30:290,98
> 1:False:14,33:290,99
> 2:False:13,32:290,98
> 3:False:13,31:290,98
> 4:True:13,28:290,98
> 5:True:14,29:290,99
dwr-optimal-old-noisy/50/dwr_noisy_p05_hyp-4_50_1.tar.bz2:0.577905893326:0.03293897:0.58
> 0:False:13,30:284,87
> 1:False:14,31:284,88
> 2:False:13,31:284,87
> 3:False:13,29:284,87
> 4:False:13,29:284,87
> 5:True:14,29:284,88
dwr-optimal-old-noisy/50/dwr_noisy_p05_hyp-4_50_2.tar.bz2:0.581232070923:0.03600197:0.59
> 0:False:13,33:292,104
> 1:False:14,33:292,105
> 2:False:13,32:292,104
> 3:True:13,29:292,104
> 4:False:13,31:292,104
> 5:False:14,32:292,105
dwr-optimal-old-noisy/50/dwr_noisy_p05_hyp-4_50_3.tar.bz2:0.583920001984:0.03334452:0.57
> 0:False:13,30:292,109
> 1:False:14,30:292,110
> 2:False:13,31:292,109
> 3:True:13,27:292,109
> 4:False:13,28:292,109
> 5:False:14,29:292,110
dwr-optimal-old-noisy/70/dwr_noisy_p02_hyp-1_70_1.tar.bz2:0.604560136795:0.01504573:0.6
> 0:False:9,13:104,48
> 1:False:10,15:104,49
> 2:True:11,13:104,50
> 3:False:10,15:104,49
> 4:False:10,15:104,49
> 5:False:10,15:104,49
> 6:False:11,16:104,50
> 7:False:9,15:104,48
dwr-optimal-old-noisy/70/dwr_noisy_p02_hyp-1_70_2.tar.bz2:0.601649999619:0.01552547:0.6
> 0:False:9,12:108,56
> 1:False:10,14:108,57
> 2:True:11,13:108,58
> 3:False:10,15:108,57
> 4:False:10,15:108,57
> 5:False:10,14:108,57
> 6:False:11,15:108,58
> 7:False:9,14:108,56
dwr-optimal-old-noisy/70/dwr_noisy_p02_hyp-1_70_3.tar.bz2:0.610146045685:0.01842567:0.61
> 0:False:9,14:108,61
> 1:False:10,16:108,62
> 2:True:11,15:108,63
> 3:False:10,17:108,62
> 4:False:10,16:108,62
> 5:False:10,16:108,62
> 6:False:11,17:108,63
> 7:False:9,15:108,61
dwr-optimal-old-noisy/70/dwr_noisy_p02_hyp-2_70_1.tar.bz2:0.6051030159:0.01789526:0.61
> 0:False:9,14:108,67
> 1:False:10,14:108,68
> 2:False:11,16:108,69
> 3:False:10,17:108,68
> 4:False:10,16:108,68
> 5:True:10,13:108,68
> 6:False:11,16:108,69
> 7:False:9,13:108,67
dwr-optimal-old-noisy/70/dwr_noisy_p02_hyp-2_70_2.tar.bz2:0.603094816208:0.01589385:0.61
> 0:False:9,14:104,50
> 1:True:10,13:104,51
> 2:False:11,15:104,52
> 3:False:10,14:104,51
> 4:False:10,16:104,51
> 5:False:10,14:104,51
> 6:True:11,14:104,52
> 7:False:9,13:104,50
dwr-optimal-old-noisy/70/dwr_noisy_p02_hyp-2_70_3.tar.bz2:0.602606058121:0.01420639:0.6
> 0:False:9,14:104,52
> 1:True:10,12:104,53
> 2:False:11,15:104,54
> 3:False:10,14:104,53
> 4:False:10,16:104,53
> 5:False:10,13:104,53
> 6:False:11,14:104,54
> 7:False:9,13:104,52
dwr-optimal-old-noisy/70/dwr_noisy_p02_hyp-3_70_1.tar.bz2:0.606300830841:0.01882345:0.61
> 0:False:9,16:108,63
> 1:False:10,17:108,64
> 2:True:11,16:108,65
> 3:False:10,17:108,64
> 4:False:10,17:108,64
> 5:False:10,17:108,64
> 6:False:11,18:108,65
> 7:False:9,17:108,63
dwr-optimal-old-noisy/70/dwr_noisy_p02_hyp-3_70_2.tar.bz2:0.609501123428:0.0227994:0.61
> 0:False:9,15:110,76
> 1:False:10,17:110,77
> 2:True:11,15:110,78
> 3:False:10,18:110,77
> 4:False:10,18:110,77
> 5:False:10,17:110,77
> 6:False:11,18:110,78
> 7:False:9,17:110,76
dwr-optimal-old-noisy/70/dwr_noisy_p02_hyp-3_70_3.tar.bz2:0.604395151138:0.01640207:0.59
> 0:False:9,12:106,58
> 1:False:10,13:106,59
> 2:True:11,11:106,60
> 3:False:10,14:106,59
> 4:False:10,14:106,59
> 5:False:10,14:106,59
> 6:False:11,15:106,60
> 7:False:9,14:106,58
dwr-optimal-old-noisy/70/dwr_noisy_p02_hyp-4_70_1.tar.bz2:0.605395078659:0.01556472:0.59
> 0:False:9,16:108,58
> 1:True:10,14:108,59
> 2:False:11,17:108,60
> 3:True:10,14:108,59
> 4:False:10,15:108,59
> 5:False:10,15:108,59
> 6:False:11,17:108,60
> 7:False:9,16:108,58
dwr-optimal-old-noisy/70/dwr_noisy_p02_hyp-4_70_2.tar.bz2:0.605823993683:0.01783953:0.6
> 0:False:9,14:108,61
> 1:False:10,14:108,62
> 2:False:11,15:108,63
> 3:True:10,12:108,62
> 4:True:10,12:108,62
> 5:False:10,14:108,62
> 6:False:11,14:108,63
> 7:False:9,14:108,61
dwr-optimal-old-noisy/70/dwr_noisy_p02_hyp-4_70_3.tar.bz2:0.605059862137:0.01551874:0.61
> 0:False:9,14:108,61
> 1:False:10,14:108,62
> 2:False:11,15:108,63
> 3:True:10,13:108,62
> 4:True:10,13:108,62
> 5:False:10,14:108,62
> 6:True:11,14:108,63
> 7:False:9,14:108,61
dwr-optimal-old-noisy/70/dwr_noisy_p04_hyp-1_70_1.tar.bz2:0.469386100769:0.01367678:0.48
> 0:True:8,12:128,47
> 1:True:9,13:128,48
> 2:False:10,15:128,49
> 3:False:8,13:128,47
> 4:False:9,14:128,48
> 5:False:8,13:128,47
dwr-optimal-old-noisy/70/dwr_noisy_p04_hyp-1_70_2.tar.bz2:0.4684009552:0.01451706:0.47
> 0:True:8,11:126,46
> 1:False:9,14:126,47
> 2:False:10,15:126,48
> 3:False:8,13:126,46
> 4:False:9,14:126,47
> 5:False:8,12:126,46
dwr-optimal-old-noisy/70/dwr_noisy_p04_hyp-1_70_3.tar.bz2:0.471423149109:0.0148662:0.47
> 0:False:8,14:126,49
> 1:False:9,15:126,50
> 2:False:10,16:126,51
> 3:False:8,15:126,49
> 4:True:9,14:126,50
> 5:False:8,15:126,49
dwr-optimal-old-noisy/70/dwr_noisy_p04_hyp-2_70_1.tar.bz2:0.473750829697:0.01735465:0.48
> 0:False:8,15:132,59
> 1:False:9,14:132,60
> 2:True:10,13:132,61
> 3:False:8,13:132,59
> 4:False:9,15:132,60
> 5:False:8,14:132,59
dwr-optimal-old-noisy/70/dwr_noisy_p04_hyp-2_70_2.tar.bz2:0.473706960678:0.01606623:0.48
> 0:False:8,15:130,54
> 1:False:9,15:130,55
> 2:True:10,14:130,56
> 3:False:8,14:130,54
> 4:False:9,15:130,55
> 5:False:8,15:130,54
dwr-optimal-old-noisy/70/dwr_noisy_p04_hyp-2_70_3.tar.bz2:0.470025062561:0.01720787:0.47
> 0:False:8,16:132,62
> 1:False:9,16:132,63
> 2:True:10,15:132,64
> 3:False:8,15:132,62
> 4:False:9,15:132,63
> 5:False:8,15:132,62
dwr-optimal-old-noisy/70/dwr_noisy_p04_hyp-3_70_1.tar.bz2:0.47217297554:0.01590211:0.46
> 0:False:8,15:132,63
> 1:True:9,13:132,64
> 2:False:10,15:132,65
> 3:False:8,14:132,63
> 4:False:9,14:132,64
> 5:False:8,16:132,63
dwr-optimal-old-noisy/70/dwr_noisy_p04_hyp-3_70_2.tar.bz2:0.471712827682:0.01718333:0.48
> 0:False:8,16:134,73
> 1:False:9,15:134,74
> 2:True:10,15:134,75
> 3:False:8,16:134,73
> 4:False:9,16:134,74
> 5:False:8,16:134,73
dwr-optimal-old-noisy/70/dwr_noisy_p04_hyp-3_70_3.tar.bz2:0.470545053482:0.0151528:0.47
> 0:False:8,15:130,51
> 1:True:9,13:130,52
> 2:False:10,15:130,53
> 3:False:8,14:130,51
> 4:True:9,13:130,52
> 5:False:8,15:130,51
dwr-optimal-old-noisy/70/dwr_noisy_p04_hyp-4_70_1.tar.bz2:0.468111991882:0.0138519:0.47
> 0:False:8,14:132,58
> 1:False:9,13:132,59
> 2:False:10,14:132,60
> 3:False:8,13:132,58
> 4:True:9,12:132,59
> 5:False:8,13:132,58
dwr-optimal-old-noisy/70/dwr_noisy_p04_hyp-4_70_2.tar.bz2:0.471498012543:0.01481504:0.47
> 0:False:8,14:130,52
> 1:True:9,14:130,53
> 2:True:10,15:130,54
> 3:False:8,14:130,52
> 4:True:9,14:130,53
> 5:False:8,14:130,52
dwr-optimal-old-noisy/70/dwr_noisy_p04_hyp-4_70_3.tar.bz2:0.468825101852:0.01413563:0.47
> 0:False:8,13:130,57
> 1:False:9,14:130,58
> 2:True:10,13:130,59
> 3:False:8,12:130,57
> 4:False:9,13:130,58
> 5:False:8,13:130,57
dwr-optimal-old-noisy/70/dwr_noisy_p05_hyp-1_70_1.tar.bz2:0.600215911865:0.05602603:0.6
> 0:True:13,45:318,205
> 1:True:14,46:318,206
> 2:False:13,46:318,205
> 3:False:13,46:318,205
> 4:True:13,45:318,205
> 5:True:14,46:318,206
dwr-optimal-old-noisy/70/dwr_noisy_p05_hyp-1_70_2.tar.bz2:0.593029975891:0.04821144:0.59
> 0:False:13,42:310,172
> 1:False:14,43:310,173
> 2:False:13,43:310,172
> 3:False:13,45:310,172
> 4:False:13,42:310,172
> 5:True:14,42:310,173
dwr-optimal-old-noisy/70/dwr_noisy_p05_hyp-1_70_3.tar.bz2:0.599977016449:0.05284668:0.61
> 0:True:13,42:316,201
> 1:True:14,43:316,202
> 2:False:13,43:316,201
> 3:False:13,44:316,201
> 4:True:13,42:316,201
> 5:True:14,43:316,202
dwr-optimal-old-noisy/70/dwr_noisy_p05_hyp-2_70_1.tar.bz2:0.595054149628:0.04759752:0.6
> 0:False:13,39:306,156
> 1:True:14,39:306,157
> 2:False:13,40:306,156
> 3:False:13,40:306,156
> 4:False:13,39:306,156
> 5:False:14,40:306,157
dwr-optimal-old-noisy/70/dwr_noisy_p05_hyp-2_70_2.tar.bz2:0.593263864517:0.05099678:0.6
> 0:False:13,41:310,182
> 1:True:14,41:310,183
> 2:False:13,41:310,182
> 3:False:13,42:310,182
> 4:False:13,41:310,182
> 5:False:14,42:310,183
dwr-optimal-old-noisy/70/dwr_noisy_p05_hyp-2_70_3.tar.bz2:0.5924680233:0.04843087:0.59
> 0:False:13,41:308,176
> 1:True:14,41:308,177
> 2:False:13,42:308,176
> 3:False:13,41:308,176
> 4:False:13,41:308,176
> 5:False:14,42:308,177
dwr-optimal-old-noisy/70/dwr_noisy_p05_hyp-3_70_1.tar.bz2:0.593256950378:0.0488502:0.6
> 0:False:13,41:306,166
> 1:False:14,42:306,167
> 2:True:13,39:306,166
> 3:False:13,41:306,166
> 4:True:13,39:306,166
> 5:True:14,40:306,167
dwr-optimal-old-noisy/70/dwr_noisy_p05_hyp-3_70_2.tar.bz2:0.586941957474:0.0464914:0.59
> 0:True:13,40:304,154
> 1:False:14,43:304,155
> 2:False:13,42:304,154
> 3:False:13,44:304,154
> 4:True:13,40:304,154
> 5:True:14,41:304,155
dwr-optimal-old-noisy/70/dwr_noisy_p05_hyp-3_70_3.tar.bz2:0.588473081589:0.04553759:0.6
> 0:False:13,41:308,165
> 1:False:14,41:308,166
> 2:True:13,39:308,165
> 3:False:13,41:308,165
> 4:True:13,39:308,165
> 5:True:14,40:308,166
dwr-optimal-old-noisy/70/dwr_noisy_p05_hyp-4_70_1.tar.bz2:0.587424039841:0.04134471:0.59
> 0:True:13,38:298,129
> 1:True:14,39:298,130
> 2:False:13,40:298,129
> 3:True:13,38:298,129
> 4:False:13,39:298,129
> 5:True:14,39:298,130
dwr-optimal-old-noisy/70/dwr_noisy_p05_hyp-4_70_2.tar.bz2:0.581182003021:0.03813307:0.58
> 0:False:13,36:296,130
> 1:False:14,37:296,131
> 2:False:13,38:296,130
> 3:True:13,33:296,130
> 4:False:13,35:296,130
> 5:False:14,36:296,131
dwr-optimal-old-noisy/70/dwr_noisy_p05_hyp-4_70_3.tar.bz2:0.587558984756:0.03727716:0.59
> 0:False:13,35:298,117
> 1:False:14,35:298,118
> 2:False:13,35:298,117
> 3:True:13,31:298,117
> 4:False:13,34:298,117
> 5:False:14,34:298,118
dwr-optimal-old-noisy/100/dwr_noisy_p02_hyp-1_full_1.tar.bz2:0.606113195419:0.01688359:0.61
> 0:False:9,14:112,76
> 1:False:10,17:112,77
> 2:True:11,15:112,78
> 3:False:10,17:112,77
> 4:False:10,17:112,77
> 5:False:10,16:112,77
> 6:False:11,17:112,78
> 7:False:9,16:112,76
dwr-optimal-old-noisy/100/dwr_noisy_p02_hyp-1_full_2.tar.bz2:0.606956958771:0.01837319:0.62
> 0:False:9,16:114,86
> 1:False:10,18:114,87
> 2:True:11,16:114,88
> 3:False:10,18:114,87
> 4:False:10,18:114,87
> 5:False:10,18:114,87
> 6:False:11,18:114,88
> 7:False:9,18:114,86
dwr-optimal-old-noisy/100/dwr_noisy_p02_hyp-1_full_3.tar.bz2:0.605677843094:0.01715734:0.61
> 0:False:9,15:112,77
> 1:False:10,17:112,78
> 2:True:11,15:112,79
> 3:False:10,18:112,78
> 4:False:10,18:112,78
> 5:False:10,17:112,78
> 6:False:11,18:112,79
> 7:False:9,17:112,77
dwr-optimal-old-noisy/100/dwr_noisy_p02_hyp-2_full_1.tar.bz2:0.606136083603:0.01706164:0.6
> 0:False:9,17:114,75
> 1:True:10,15:114,76
> 2:False:11,18:114,77
> 3:False:10,18:114,76
> 4:False:10,19:114,76
> 5:False:10,16:114,76
> 6:False:11,18:114,77
> 7:False:9,16:114,75
dwr-optimal-old-noisy/100/dwr_noisy_p02_hyp-2_full_2.tar.bz2:0.60481095314:0.01817599:0.61
> 0:False:9,18:114,83
> 1:False:10,17:114,84
> 2:False:11,19:114,85
> 3:False:10,18:114,84
> 4:False:10,19:114,84
> 5:False:10,17:114,84
> 6:True:11,17:114,85
> 7:False:9,17:114,83
dwr-optimal-old-noisy/100/dwr_noisy_p02_hyp-2_full_3.tar.bz2:0.608057975769:0.01872507:0.61
> 0:False:9,17:116,89
> 1:True:10,16:116,90
> 2:False:11,18:116,91
> 3:False:10,18:116,90
> 4:False:10,18:116,90
> 5:True:10,16:116,90
> 6:True:11,17:116,91
> 7:False:9,16:116,89
dwr-optimal-old-noisy/100/dwr_noisy_p02_hyp-3_full_1.tar.bz2:0.603996038437:0.01649924:0.61
> 0:False:9,15:112,69
> 1:False:10,16:112,70
> 2:True:11,14:112,71
> 3:False:10,17:112,70
> 4:False:10,17:112,70
> 5:False:10,17:112,70
> 6:False:11,18:112,71
> 7:False:9,17:112,69
dwr-optimal-old-noisy/100/dwr_noisy_p02_hyp-3_full_2.tar.bz2:0.602859020233:0.01765234:0.6
> 0:False:9,17:114,76
> 1:False:10,18:114,77
> 2:True:11,16:114,78
> 3:False:10,18:114,77
> 4:False:10,18:114,77
> 5:False:10,19:114,77
> 6:False:11,20:114,78
> 7:False:9,18:114,76
dwr-optimal-old-noisy/100/dwr_noisy_p02_hyp-3_full_3.tar.bz2:0.604947090149:0.01894389:0.61
> 0:False:9,17:116,90
> 1:False:10,17:116,91
> 2:True:11,16:116,92
> 3:False:10,18:116,91
> 4:False:10,18:116,91
> 5:False:10,19:116,91
> 6:False:11,20:116,92
> 7:False:9,18:116,90
dwr-optimal-old-noisy/100/dwr_noisy_p02_hyp-4_full_1.tar.bz2:0.600732088089:0.01555908:0.6
> 0:False:9,16:110,61
> 1:False:10,15:110,62
> 2:False:11,17:110,63
> 3:True:10,13:110,62
> 4:False:10,14:110,62
> 5:False:10,16:110,62
> 6:False:11,16:110,63
> 7:False:9,16:110,61
dwr-optimal-old-noisy/100/dwr_noisy_p02_hyp-4_full_2.tar.bz2:0.605648040771:0.01768223:0.59
> 0:False:9,18:114,78
> 1:False:10,17:114,79
> 2:False:11,19:114,80
> 3:True:10,15:114,79
> 4:False:10,16:114,79
> 5:False:10,18:114,79
> 6:False:11,18:114,80
> 7:False:9,18:114,78
dwr-optimal-old-noisy/100/dwr_noisy_p02_hyp-4_full_3.tar.bz2:0.601713895798:0.01536651:0.6
> 0:False:9,16:110,61
> 1:False:10,15:110,62
> 2:False:11,17:110,63
> 3:True:10,13:110,62
> 4:False:10,14:110,62
> 5:False:10,16:110,62
> 6:False:11,16:110,63
> 7:False:9,16:110,61
dwr-optimal-old-noisy/100/dwr_noisy_p04_hyp-1_full_1.tar.bz2:0.467540025711:0.01443359:0.47
> 0:False:8,15:134,68
> 1:True:9,15:134,69
> 2:False:10,17:134,70
> 3:False:8,15:134,68
> 4:True:9,15:134,69
> 5:False:8,15:134,68
dwr-optimal-old-noisy/100/dwr_noisy_p04_hyp-1_full_2.tar.bz2:0.465654850006:0.01322534:0.46
> 0:True:8,14:132,57
> 1:True:9,15:132,58
> 2:True:10,16:132,59
> 3:False:8,15:132,57
> 4:True:9,15:132,58
> 5:False:8,15:132,57
dwr-optimal-old-noisy/100/dwr_noisy_p04_hyp-1_full_3.tar.bz2:0.466876029968:0.01386872:0.47
> 0:False:8,15:134,64
> 1:True:9,15:134,65
> 2:True:10,16:134,66
> 3:False:8,15:134,64
> 4:True:9,15:134,65
> 5:False:8,15:134,64
dwr-optimal-old-noisy/100/dwr_noisy_p04_hyp-2_full_1.tar.bz2:0.46993303299:0.01531657:0.47
> 0:False:8,17:136,73
> 1:False:9,17:136,74
> 2:True:10,16:136,75
> 3:False:8,16:136,73
> 4:False:9,18:136,74
> 5:False:8,17:136,73
dwr-optimal-old-noisy/100/dwr_noisy_p04_hyp-2_full_2.tar.bz2:0.470496892929:0.01499691:0.47
> 0:False:8,17:136,70
> 1:False:9,16:136,71
> 2:True:10,15:136,72
> 3:False:8,15:136,70
> 4:False:9,16:136,71
> 5:False:8,16:136,70
dwr-optimal-old-noisy/100/dwr_noisy_p04_hyp-2_full_3.tar.bz2:0.470968961716:0.01510279:0.47
> 0:False:8,17:136,70
> 1:False:9,17:136,71
> 2:True:10,16:136,72
> 3:False:8,16:136,70
> 4:False:9,18:136,71
> 5:False:8,17:136,70
dwr-optimal-old-noisy/100/dwr_noisy_p04_hyp-3_full_1.tar.bz2:0.470627069473:0.016783:0.46
> 0:False:8,19:138,79
> 1:False:9,17:138,80
> 2:True:10,17:138,81
> 3:False:8,18:138,79
> 4:False:9,17:138,80
> 5:False:8,18:138,79
dwr-optimal-old-noisy/100/dwr_noisy_p04_hyp-3_full_2.tar.bz2:0.466855049133:0.01395963:0.46
> 0:False:8,16:134,64
> 1:True:9,14:134,65
> 2:False:10,16:134,66
> 3:False:8,15:134,64
> 4:False:9,15:134,65
> 5:False:8,17:134,64
dwr-optimal-old-noisy/100/dwr_noisy_p04_hyp-3_full_3.tar.bz2:0.469036102295:0.01488194:0.47
> 0:False:8,16:136,74
> 1:True:9,15:136,75
> 2:False:10,17:136,76
> 3:False:8,15:136,74
> 4:False:9,16:136,75
> 5:False:8,18:136,74
dwr-optimal-old-noisy/100/dwr_noisy_p04_hyp-4_full_1.tar.bz2:0.468873977661:0.01568243:0.48
> 0:False:8,18:138,79
> 1:True:9,17:138,80
> 2:True:10,18:138,81
> 3:False:8,17:138,79
> 4:True:9,17:138,80
> 5:False:8,18:138,79
dwr-optimal-old-noisy/100/dwr_noisy_p04_hyp-4_full_2.tar.bz2:0.468807935715:0.01563313:0.47
> 0:False:8,18:138,77
> 1:True:9,16:138,78
> 2:True:10,17:138,79
> 3:False:8,16:138,77
> 4:True:9,16:138,78
> 5:False:8,17:138,77
dwr-optimal-old-noisy/100/dwr_noisy_p04_hyp-4_full_3.tar.bz2:0.469684123993:0.01557898:0.47
> 0:False:8,17:138,79
> 1:False:9,17:138,80
> 2:True:10,17:138,81
> 3:False:8,17:138,79
> 4:True:9,16:138,80
> 5:False:8,16:138,79
dwr-optimal-old-noisy/100/dwr_noisy_p05_hyp-1_full_1.tar.bz2:0.605897188187:0.0620571:0.6
> 0:False:13,56:328,257
> 1:True:14,56:328,258
> 2:False:13,56:328,257
> 3:False:13,56:328,257
> 4:False:13,56:328,257
> 5:True:14,56:328,258
dwr-optimal-old-noisy/100/dwr_noisy_p05_hyp-1_full_2.tar.bz2:0.603399991989:0.06030057:0.61
> 0:False:13,55:328,253
> 1:False:14,56:328,254
> 2:False:13,55:328,253
> 3:False:13,56:328,253
> 4:False:13,55:328,253
> 5:True:14,55:328,254
dwr-optimal-old-noisy/100/dwr_noisy_p05_hyp-1_full_3.tar.bz2:0.608266115189:0.0636874:0.62
> 0:False:13,56:330,263
> 1:False:14,57:330,264
> 2:False:13,58:330,263
> 3:False:13,57:330,263
> 4:False:13,56:330,263
> 5:True:14,56:330,264
dwr-optimal-old-noisy/100/dwr_noisy_p05_hyp-2_full_1.tar.bz2:0.609071016312:0.0623209:0.61
> 0:False:13,55:328,255
> 1:True:14,55:328,256
> 2:False:13,57:328,255
> 3:False:13,57:328,255
> 4:False:13,55:328,255
> 5:True:14,55:328,256
dwr-optimal-old-noisy/100/dwr_noisy_p05_hyp-2_full_2.tar.bz2:0.605439901352:0.05936583:0.6
> 0:False:13,55:326,246
> 1:True:14,54:326,247
> 2:False:13,55:326,246
> 3:False:13,54:326,246
> 4:False:13,55:326,246
> 5:False:14,56:326,247
dwr-optimal-old-noisy/100/dwr_noisy_p05_hyp-2_full_3.tar.bz2:0.605136156082:0.05627173:0.6
> 0:False:13,53:322,227
> 1:True:14,52:322,228
> 2:False:13,52:322,227
> 3:False:13,53:322,227
> 4:False:13,53:322,227
> 5:False:14,53:322,228
dwr-optimal-old-noisy/100/dwr_noisy_p05_hyp-3_full_1.tar.bz2:0.600434064865:0.05481835:0.6
> 0:False:13,52:322,211
> 1:False:14,54:322,212
> 2:False:13,52:322,211
> 3:False:13,51:322,211
> 4:True:13,50:322,211
> 5:True:14,51:322,212
dwr-optimal-old-noisy/100/dwr_noisy_p05_hyp-3_full_2.tar.bz2:0.596307992935:0.05234321:0.6
> 0:False:13,50:318,196
> 1:False:14,52:318,197
> 2:False:13,50:318,196
> 3:False:13,49:318,196
> 4:False:13,47:318,196
> 5:True:14,47:318,197
dwr-optimal-old-noisy/100/dwr_noisy_p05_hyp-3_full_3.tar.bz2:0.603944063187:0.05391226:0.59
> 0:False:13,51:322,214
> 1:False:14,51:322,215
> 2:False:13,51:322,214
> 3:False:13,49:322,214
> 4:False:13,48:322,214
> 5:True:14,48:322,215
dwr-optimal-old-noisy/100/dwr_noisy_p05_hyp-4_full_1.tar.bz2:0.589390993118:0.04397936:0.58
> 0:False:13,44:310,163
> 1:False:14,45:310,164
> 2:False:13,44:310,163
> 3:True:13,40:310,163
> 4:False:13,41:310,163
> 5:True:14,41:310,164
dwr-optimal-old-noisy/100/dwr_noisy_p05_hyp-4_full_2.tar.bz2:0.592023849487:0.04580437:0.58
> 0:False:13,46:314,176
> 1:False:14,46:314,177
> 2:False:13,46:314,176
> 3:True:13,44:314,176
> 4:False:13,45:314,176
> 5:False:14,46:314,177
dwr-optimal-old-noisy/100/dwr_noisy_p05_hyp-4_full_3.tar.bz2:0.588713169098:0.05003518:0.6
> 0:False:13,48:314,190
> 1:True:14,48:314,191
> 2:True:13,47:314,190
> 3:True:13,47:314,190
> 4:True:13,47:314,190
> 5:True:14,48:314,191
