dwr-optimal-old-noisy/10/dwr_noisy_p02_hyp-1_10_1.tar.bz2:0.616989135742:0.01544471:0.61
> 0:True:11,11:88,84
> 1:False:11,13:88,85
> 2:True:11,11:88,86
> 3:False:11,13:88,85
> 4:False:11,13:88,85
> 5:False:11,13:88,85
> 6:False:13,15:88,86
> 7:False:13,15:88,84
dwr-optimal-old-noisy/10/dwr_noisy_p02_hyp-1_10_2.tar.bz2:0.617831945419:0.01719775:0.62
> 0:True:11,11:89,93
> 1:True:11,11:89,94
> 2:True:11,11:89,95
> 3:False:11,13:89,94
> 4:True:11,11:89,94
> 5:True:11,11:89,94
> 6:True:13,13:89,95
> 7:True:13,13:89,93
dwr-optimal-old-noisy/10/dwr_noisy_p02_hyp-1_10_3.tar.bz2:0.615602970123:0.01632415:0.62
> 0:True:11,11:89,85
> 1:True:11,11:89,86
> 2:True:11,11:89,87
> 3:False:11,13:89,86
> 4:False:11,13:89,86
> 5:True:11,11:89,86
> 6:False:13,15:89,87
> 7:False:13,15:89,85
dwr-optimal-old-noisy/10/dwr_noisy_p02_hyp-2_10_1.tar.bz2:0.620050191879:0.01606491:0.61
> 0:False:11,14:88,86
> 1:True:11,11:88,87
> 2:False:11,14:88,88
> 3:False:11,13:88,87
> 4:False:11,13:88,87
> 5:False:11,13:88,87
> 6:False:13,15:88,88
> 7:True:13,13:88,86
dwr-optimal-old-noisy/10/dwr_noisy_p02_hyp-2_10_2.tar.bz2:0.616055011749:0.01604209:0.62
> 0:False:11,14:88,86
> 1:True:11,12:88,87
> 2:False:11,14:88,88
> 3:False:11,14:88,87
> 4:False:11,14:88,87
> 5:False:11,14:88,87
> 6:False:13,16:88,88
> 7:True:13,14:88,86
dwr-optimal-old-noisy/10/dwr_noisy_p02_hyp-2_10_3.tar.bz2:0.616442918777:0.01688546:0.61
> 0:True:11,11:89,92
> 1:True:11,11:89,93
> 2:True:11,11:89,94
> 3:False:11,13:89,93
> 4:False:11,13:89,93
> 5:True:11,11:89,93
> 6:True:13,13:89,94
> 7:True:13,13:89,92
dwr-optimal-old-noisy/10/dwr_noisy_p02_hyp-3_10_1.tar.bz2:0.616776943207:0.01585307:0.62
> 0:True:11,11:88,86
> 1:False:11,13:88,87
> 2:True:11,11:88,88
> 3:False:11,12:88,87
> 4:False:11,12:88,87
> 5:False:11,13:88,87
> 6:True:13,13:88,88
> 7:True:13,13:88,86
dwr-optimal-old-noisy/10/dwr_noisy_p02_hyp-3_10_2.tar.bz2:0.615035057068:0.01645508:0.61
> 0:True:11,12:89,88
> 1:False:11,14:89,89
> 2:True:11,12:89,90
> 3:True:11,12:89,89
> 4:True:11,12:89,89
> 5:False:11,14:89,89
> 6:True:13,14:89,90
> 7:True:13,14:89,88
dwr-optimal-old-noisy/10/dwr_noisy_p02_hyp-3_10_3.tar.bz2:0.6162109375:0.01541557:0.61
> 0:True:11,12:88,82
> 1:True:11,12:88,83
> 2:True:11,12:88,84
> 3:True:11,12:88,83
> 4:True:11,12:88,83
> 5:True:11,12:88,83
> 6:True:13,14:88,84
> 7:True:13,14:88,82
dwr-optimal-old-noisy/10/dwr_noisy_p02_hyp-4_10_1.tar.bz2:0.614902019501:0.01654482:0.62
> 0:False:11,13:89,87
> 1:False:11,13:89,88
> 2:False:11,13:89,89
> 3:True:11,11:89,88
> 4:True:11,11:89,88
> 5:True:11,11:89,88
> 6:True:13,13:89,89
> 7:False:13,15:89,87
dwr-optimal-old-noisy/10/dwr_noisy_p02_hyp-4_10_2.tar.bz2:0.619710922241:0.017553:0.62
> 0:False:11,13:89,94
> 1:False:11,13:89,95
> 2:False:11,13:89,96
> 3:True:11,11:89,95
> 4:True:11,11:89,95
> 5:False:11,13:89,95
> 6:True:13,13:89,96
> 7:False:13,15:89,94
dwr-optimal-old-noisy/10/dwr_noisy_p02_hyp-4_10_3.tar.bz2:0.621029138565:0.01788128:0.62
> 0:False:11,13:89,95
> 1:False:11,13:89,96
> 2:False:11,13:89,97
> 3:True:11,11:89,96
> 4:False:11,13:89,96
> 5:False:11,13:89,96
> 6:True:13,13:89,97
> 7:False:13,15:89,95
dwr-optimal-old-noisy/10/dwr_noisy_p04_hyp-1_10_1.tar.bz2:0.481095075607:0.01325989:0.48
> 0:True:9,10:112,92
> 1:False:10,13:112,93
> 2:True:10,11:112,94
> 3:True:10,11:112,92
> 4:False:10,13:112,93
> 5:True:9,10:112,92
dwr-optimal-old-noisy/10/dwr_noisy_p04_hyp-1_10_2.tar.bz2:0.47887301445:0.01323463:0.49
> 0:True:9,9:112,91
> 1:True:10,10:112,92
> 2:False:10,12:112,93
> 3:False:10,12:112,91
> 4:True:10,10:112,92
> 5:True:9,9:112,91
dwr-optimal-old-noisy/10/dwr_noisy_p04_hyp-1_10_3.tar.bz2:0.478599071503:0.01334577:0.48
> 0:True:9,9:112,91
> 1:True:10,10:112,92
> 2:False:10,12:112,93
> 3:False:10,12:112,91
> 4:True:10,10:112,92
> 5:True:9,9:112,91
dwr-optimal-old-noisy/10/dwr_noisy_p04_hyp-2_10_1.tar.bz2:0.477205991745:0.01359154:0.48
> 0:False:9,12:112,95
> 1:False:10,11:112,96
> 2:True:10,10:112,97
> 3:True:10,10:112,95
> 4:False:10,13:112,96
> 5:False:9,12:112,95
dwr-optimal-old-noisy/10/dwr_noisy_p04_hyp-2_10_2.tar.bz2:0.481016159058:0.01346815:0.49
> 0:True:9,9:112,89
> 1:False:10,11:112,90
> 2:True:10,10:112,91
> 3:True:10,10:112,89
> 4:False:10,11:112,90
> 5:True:9,9:112,89
dwr-optimal-old-noisy/10/dwr_noisy_p04_hyp-2_10_3.tar.bz2:0.474714040756:0.01360624:0.48
> 0:False:9,12:112,95
> 1:False:10,11:112,96
> 2:True:10,10:112,97
> 3:True:10,10:112,95
> 4:False:10,13:112,96
> 5:False:9,12:112,95
dwr-optimal-old-noisy/10/dwr_noisy_p04_hyp-3_10_1.tar.bz2:0.476426124573:0.01434359:0.47
> 0:True:9,9:113,100
> 1:True:10,10:113,101
> 2:False:10,12:113,102
> 3:False:10,12:113,100
> 4:True:10,10:113,101
> 5:True:9,9:113,100
dwr-optimal-old-noisy/10/dwr_noisy_p04_hyp-3_10_2.tar.bz2:0.477823019028:0.01387353:0.48
> 0:False:9,13:112,95
> 1:True:10,10:112,96
> 2:False:10,12:112,97
> 3:False:10,13:112,95
> 4:False:10,14:112,96
> 5:False:9,15:112,95
dwr-optimal-old-noisy/10/dwr_noisy_p04_hyp-3_10_3.tar.bz2:0.481472969055:0.01441055:0.48
> 0:True:9,9:113,99
> 1:True:10,10:113,100
> 2:False:10,12:113,101
> 3:False:10,12:113,99
> 4:True:10,10:113,100
> 5:True:9,9:113,99
dwr-optimal-old-noisy/10/dwr_noisy_p04_hyp-4_10_1.tar.bz2:0.478618860245:0.01598737:0.47
> 0:False:9,11:113,109
> 1:False:10,14:113,110
> 2:False:10,14:113,111
> 3:False:10,14:113,109
> 4:True:10,10:113,110
> 5:False:9,12:113,109
dwr-optimal-old-noisy/10/dwr_noisy_p04_hyp-4_10_2.tar.bz2:0.481558084488:0.01459125:0.48
> 0:False:9,10:113,99
> 1:True:10,10:113,100
> 2:True:10,10:113,101
> 3:True:10,10:113,99
> 4:True:10,10:113,100
> 5:False:9,10:113,99
dwr-optimal-old-noisy/10/dwr_noisy_p04_hyp-4_10_3.tar.bz2:0.479330062866:0.01339907:0.48
> 0:False:9,12:112,94
> 1:True:10,10:112,95
> 2:True:10,10:112,96
> 3:True:10,10:112,94
> 4:True:10,10:112,95
> 5:False:9,12:112,94
dwr-optimal-old-noisy/10/dwr_noisy_p05_hyp-1_10_1.tar.bz2:0.583769083023:0.03078115:0.6
> 0:False:15,19:263,170
> 1:True:16,19:263,171
> 2:False:15,20:263,170
> 3:False:14,18:263,170
> 4:True:15,18:263,170
> 5:False:15,19:263,171
dwr-optimal-old-noisy/10/dwr_noisy_p05_hyp-1_10_2.tar.bz2:0.587661981583:0.0316849:0.58
> 0:False:15,19:264,178
> 1:False:16,20:264,179
> 2:False:15,19:264,178
> 3:False:14,18:264,178
> 4:False:15,19:264,178
> 5:True:15,18:264,179
dwr-optimal-old-noisy/10/dwr_noisy_p05_hyp-1_10_3.tar.bz2:0.585868835449:0.03029212:0.6
> 0:False:15,18:264,172
> 1:False:16,19:264,173
> 2:False:15,18:264,172
> 3:False:14,17:264,172
> 4:True:15,16:264,172
> 5:False:15,17:264,173
dwr-optimal-old-noisy/10/dwr_noisy_p05_hyp-2_10_1.tar.bz2:0.586776018143:0.03153418:0.58
> 0:False:15,19:264,177
> 1:False:16,19:264,178
> 2:True:15,17:264,177
> 3:False:14,17:264,177
> 4:False:15,18:264,177
> 5:False:15,18:264,178
dwr-optimal-old-noisy/10/dwr_noisy_p05_hyp-2_10_2.tar.bz2:0.580272912979:0.02987056:0.59
> 0:False:15,19:262,171
> 1:True:16,19:262,172
> 2:False:15,21:262,171
> 3:False:14,20:262,171
> 4:False:15,20:262,171
> 5:False:15,20:262,172
dwr-optimal-old-noisy/10/dwr_noisy_p05_hyp-2_10_3.tar.bz2:0.580315828323:0.02892922:0.57
> 0:False:15,20:262,166
> 1:True:16,20:262,167
> 2:True:15,19:262,166
> 3:False:14,20:262,166
> 4:False:15,20:262,166
> 5:False:15,20:262,167
dwr-optimal-old-noisy/10/dwr_noisy_p05_hyp-3_10_1.tar.bz2:0.584108829498:0.02800435:0.59
> 0:False:15,20:262,165
> 1:False:16,22:262,166
> 2:True:15,19:262,165
> 3:False:14,21:262,165
> 4:True:15,19:262,165
> 5:False:15,22:262,166
dwr-optimal-old-noisy/10/dwr_noisy_p05_hyp-3_10_2.tar.bz2:0.58705496788:0.02926403:0.6
> 0:False:15,20:263,167
> 1:True:16,18:263,168
> 2:False:15,18:263,167
> 3:False:14,17:263,167
> 4:False:15,20:263,167
> 5:False:15,20:263,168
dwr-optimal-old-noisy/10/dwr_noisy_p05_hyp-3_10_3.tar.bz2:0.584851980209:0.02872382:0.58
> 0:False:15,17:263,166
> 1:False:16,18:263,167
> 2:False:15,18:263,166
> 3:False:14,16:263,166
> 4:True:15,16:263,166
> 5:False:15,17:263,167
dwr-optimal-old-noisy/10/dwr_noisy_p05_hyp-4_10_1.tar.bz2:0.585830211639:0.02741143:0.59
> 0:False:15,20:262,162
> 1:False:16,22:262,163
> 2:True:15,17:262,162
> 3:True:14,16:262,162
> 4:False:15,21:262,162
> 5:False:15,19:262,163
dwr-optimal-old-noisy/10/dwr_noisy_p05_hyp-4_10_2.tar.bz2:0.584255933762:0.02651483:0.59
> 0:False:15,22:262,164
> 1:False:16,21:262,165
> 2:False:15,21:262,164
> 3:True:14,18:262,164
> 4:False:15,21:262,164
> 5:False:15,20:262,165
dwr-optimal-old-noisy/10/dwr_noisy_p05_hyp-4_10_3.tar.bz2:0.581518888474:0.02898383:0.58
> 0:False:15,21:263,167
> 1:True:16,21:263,168
> 2:False:15,21:263,167
> 3:False:14,20:263,167
> 4:False:15,21:263,167
> 5:False:15,21:263,168
dwr-optimal-old-noisy/30/dwr_noisy_p02_hyp-1_30_1.tar.bz2:0.621233940125:0.01900508:0.62
> 0:True:11,11:91,102
> 1:False:11,15:91,103
> 2:False:11,13:91,104
> 3:False:11,15:91,103
> 4:False:11,15:91,103
> 5:False:11,15:91,103
> 6:False:13,15:91,104
> 7:True:13,13:91,102
dwr-optimal-old-noisy/30/dwr_noisy_p02_hyp-1_30_2.tar.bz2:0.620913982391:0.01885141:0.62
> 0:True:11,11:91,98
> 1:False:11,15:91,99
> 2:True:11,11:91,100
> 3:True:11,11:91,99
> 4:True:11,11:91,99
> 5:False:11,15:91,99
> 6:False:13,15:91,100
> 7:True:13,13:91,98
dwr-optimal-old-noisy/30/dwr_noisy_p02_hyp-1_30_3.tar.bz2:0.617806911469:0.01830364:0.62
> 0:True:11,11:91,96
> 1:False:11,14:91,97
> 2:True:11,11:91,98
> 3:True:11,11:91,97
> 4:True:11,11:91,97
> 5:False:11,14:91,97
> 6:True:13,13:91,98
> 7:True:13,13:91,96
dwr-optimal-old-noisy/30/dwr_noisy_p02_hyp-2_30_1.tar.bz2:0.61710190773:0.01880014:0.62
> 0:False:11,15:91,100
> 1:True:11,11:91,101
> 2:False:11,15:91,102
> 3:False:11,15:91,101
> 4:False:11,15:91,101
> 5:False:11,13:91,101
> 6:False:13,15:91,102
> 7:False:13,15:91,100
dwr-optimal-old-noisy/30/dwr_noisy_p02_hyp-2_30_2.tar.bz2:0.619912862778:0.01847107:0.62
> 0:False:11,14:91,98
> 1:True:11,12:91,99
> 2:False:11,14:91,100
> 3:False:11,16:91,99
> 4:False:11,16:91,99
> 5:False:11,14:91,99
> 6:False:13,16:91,100
> 7:True:13,14:91,98
dwr-optimal-old-noisy/30/dwr_noisy_p02_hyp-2_30_3.tar.bz2:0.616843938828:0.01638149:0.62
> 0:False:11,15:89,89
> 1:True:11,13:89,90
> 2:False:11,15:89,91
> 3:False:11,17:89,90
> 4:False:11,17:89,90
> 5:False:11,15:89,90
> 6:False:13,17:89,91
> 7:True:13,15:89,89
dwr-optimal-old-noisy/30/dwr_noisy_p02_hyp-3_30_1.tar.bz2:0.617918014526:0.01804821:0.62
> 0:True:11,12:91,95
> 1:False:11,14:91,96
> 2:True:11,12:91,97
> 3:False:11,14:91,96
> 4:True:11,12:91,96
> 5:False:11,14:91,96
> 6:False:13,16:91,97
> 7:True:13,14:91,95
dwr-optimal-old-noisy/30/dwr_noisy_p02_hyp-3_30_2.tar.bz2:0.617349147797:0.01875846:0.63
> 0:True:11,12:91,99
> 1:False:11,14:91,100
> 2:True:11,12:91,101
> 3:False:11,16:91,100
> 4:False:11,14:91,100
> 5:False:11,14:91,100
> 6:False:13,16:91,101
> 7:True:13,14:91,99
dwr-optimal-old-noisy/30/dwr_noisy_p02_hyp-3_30_3.tar.bz2:0.620157957077:0.01721868:0.61
> 0:True:11,11:90,93
> 1:False:11,19:90,94
> 2:True:11,11:90,95
> 3:False:11,15:90,94
> 4:False:11,13:90,94
> 5:False:11,19:90,94
> 6:False:13,17:90,95
> 7:False:13,15:90,93
dwr-optimal-old-noisy/30/dwr_noisy_p02_hyp-4_30_1.tar.bz2:0.617834091187:0.01780244:0.62
> 0:False:11,13:91,92
> 1:False:11,13:91,93
> 2:False:11,13:91,94
> 3:True:11,11:91,93
> 4:True:11,11:91,93
> 5:False:11,13:91,93
> 6:False:13,15:91,94
> 7:False:13,15:91,92
dwr-optimal-old-noisy/30/dwr_noisy_p02_hyp-4_30_2.tar.bz2:0.617609024048:0.0166742:0.62
> 0:True:11,12:90,90
> 1:False:11,16:90,91
> 2:True:11,12:90,92
> 3:True:11,12:90,91
> 4:True:11,12:90,91
> 5:False:11,16:90,91
> 6:True:13,14:90,92
> 7:True:13,14:90,90
dwr-optimal-old-noisy/30/dwr_noisy_p02_hyp-4_30_3.tar.bz2:0.615646839142:0.01648404:0.62
> 0:False:11,12:90,87
> 1:True:11,11:90,88
> 2:False:11,12:90,89
> 3:True:11,11:90,88
> 4:True:11,11:90,88
> 5:True:11,11:90,88
> 6:True:13,13:90,89
> 7:True:13,13:90,87
dwr-optimal-old-noisy/30/dwr_noisy_p04_hyp-1_30_1.tar.bz2:0.481291055679:0.01528332:0.48
> 0:True:9,9:115,97
> 1:False:10,13:115,98
> 2:False:10,13:115,99
> 3:False:10,13:115,97
> 4:False:10,11:115,98
> 5:True:9,9:115,97
dwr-optimal-old-noisy/30/dwr_noisy_p04_hyp-1_30_2.tar.bz2:0.482041120529:0.01534635:0.49
> 0:True:9,9:115,102
> 1:False:10,12:115,103
> 2:False:10,13:115,104
> 3:False:10,13:115,102
> 4:True:10,10:115,103
> 5:True:9,9:115,102
dwr-optimal-old-noisy/30/dwr_noisy_p04_hyp-1_30_3.tar.bz2:0.479426860809:0.01412498:0.47
> 0:True:9,10:114,93
> 1:False:10,12:114,94
> 2:False:10,12:114,95
> 3:False:10,12:114,93
> 4:False:10,12:114,94
> 5:True:9,10:114,93
dwr-optimal-old-noisy/30/dwr_noisy_p04_hyp-2_30_1.tar.bz2:0.483282089233:0.01501894:0.48
> 0:False:9,13:114,104
> 1:False:10,12:114,105
> 2:True:10,10:114,106
> 3:True:10,10:114,104
> 4:False:10,14:114,105
> 5:False:9,13:114,104
dwr-optimal-old-noisy/30/dwr_noisy_p04_hyp-2_30_2.tar.bz2:0.480886936188:0.01514258:0.48
> 0:True:9,10:115,99
> 1:False:10,13:115,100
> 2:True:10,11:115,101
> 3:True:10,11:115,99
> 4:False:10,13:115,100
> 5:True:9,10:115,99
dwr-optimal-old-noisy/30/dwr_noisy_p04_hyp-2_30_3.tar.bz2:0.482802152634:0.01495278:0.48
> 0:False:9,13:114,95
> 1:False:10,13:114,96
> 2:True:10,11:114,97
> 3:True:10,11:114,95
> 4:False:10,13:114,96
> 5:False:9,13:114,95
dwr-optimal-old-noisy/30/dwr_noisy_p04_hyp-3_30_1.tar.bz2:0.480096101761:0.01497343:0.48
> 0:False:9,14:114,103
> 1:True:10,10:114,104
> 2:False:10,12:114,105
> 3:False:10,13:114,103
> 4:False:10,14:114,104
> 5:False:9,15:114,103
dwr-optimal-old-noisy/30/dwr_noisy_p04_hyp-3_30_2.tar.bz2:0.483751058578:0.01698928:0.48
> 0:False:9,16:115,111
> 1:True:10,11:115,112
> 2:False:10,14:115,113
> 3:False:10,15:115,111
> 4:False:10,13:115,112
> 5:False:9,16:115,111
dwr-optimal-old-noisy/30/dwr_noisy_p04_hyp-3_30_3.tar.bz2:0.479799032211:0.01494774:0.48
> 0:False:9,11:115,98
> 1:True:10,10:115,99
> 2:False:10,11:115,100
> 3:False:10,11:115,98
> 4:True:10,10:115,99
> 5:False:9,11:115,98
dwr-optimal-old-noisy/30/dwr_noisy_p04_hyp-4_30_1.tar.bz2:0.47989988327:0.0150888:0.48
> 0:False:9,13:114,102
> 1:False:10,14:114,103
> 2:False:10,14:114,104
> 3:False:10,14:114,102
> 4:True:10,10:114,103
> 5:False:9,13:114,102
dwr-optimal-old-noisy/30/dwr_noisy_p04_hyp-4_30_2.tar.bz2:0.481441020966:0.01490589:0.48
> 0:False:9,15:114,98
> 1:True:10,12:114,99
> 2:False:10,14:114,100
> 3:False:10,14:114,98
> 4:True:10,12:114,99
> 5:False:9,15:114,98
dwr-optimal-old-noisy/30/dwr_noisy_p04_hyp-4_30_3.tar.bz2:0.480183124542:0.01592824:0.49
> 0:False:9,11:115,111
> 1:False:10,12:115,112
> 2:False:10,14:115,113
> 3:False:10,14:115,111
> 4:True:10,10:115,112
> 5:False:9,11:115,111
dwr-optimal-old-noisy/30/dwr_noisy_p05_hyp-1_30_1.tar.bz2:0.600362062454:0.04237671:0.61
> 0:False:15,28:271,217
> 1:True:16,28:271,218
> 2:False:15,30:271,217
> 3:False:14,33:271,217
> 4:False:15,28:271,217
> 5:False:15,31:271,218
dwr-optimal-old-noisy/30/dwr_noisy_p05_hyp-1_30_2.tar.bz2:0.596147060394:0.04129092:0.6
> 0:True:15,26:269,207
> 1:False:16,29:269,208
> 2:False:15,30:269,207
> 3:False:14,31:269,207
> 4:True:15,26:269,207
> 5:False:15,27:269,208
dwr-optimal-old-noisy/30/dwr_noisy_p05_hyp-1_30_3.tar.bz2:0.601342916489:0.03965077:0.6
> 0:False:15,27:272,207
> 1:False:16,29:272,208
> 2:False:15,29:272,207
> 3:False:14,26:272,207
> 4:True:15,25:272,207
> 5:False:15,26:272,208
dwr-optimal-old-noisy/30/dwr_noisy_p05_hyp-2_30_1.tar.bz2:0.607253074646:0.04480606:0.61
> 0:False:15,26:272,226
> 1:True:16,24:272,227
> 2:False:15,26:272,226
> 3:False:14,27:272,226
> 4:False:15,26:272,226
> 5:False:15,25:272,227
dwr-optimal-old-noisy/30/dwr_noisy_p05_hyp-2_30_2.tar.bz2:0.603132009506:0.04266483:0.6
> 0:False:15,30:272,211
> 1:True:16,26:272,212
> 2:False:15,28:272,211
> 3:False:14,29:272,211
> 4:False:15,28:272,211
> 5:False:15,27:272,212
dwr-optimal-old-noisy/30/dwr_noisy_p05_hyp-2_30_3.tar.bz2:0.611119031906:0.05018839:0.6
> 0:False:15,26:274,245
> 1:True:16,24:274,246
> 2:False:15,29:274,245
> 3:False:14,29:274,245
> 4:False:15,28:274,245
> 5:False:15,29:274,246
dwr-optimal-old-noisy/30/dwr_noisy_p05_hyp-3_30_1.tar.bz2:0.59531712532:0.03360435:0.6
> 0:False:15,29:267,180
> 1:False:16,30:267,181
> 2:False:15,31:267,180
> 3:False:14,31:267,180
> 4:True:15,27:267,180
> 5:False:15,29:267,181
dwr-optimal-old-noisy/30/dwr_noisy_p05_hyp-3_30_2.tar.bz2:0.604506969452:0.04390305:0.6
> 0:False:15,23:272,221
> 1:False:16,25:272,222
> 2:False:15,25:272,221
> 3:False:14,23:272,221
> 4:True:15,19:272,221
> 5:True:15,19:272,222
dwr-optimal-old-noisy/30/dwr_noisy_p05_hyp-3_30_3.tar.bz2:0.601896047592:0.04199852:0.6
> 0:False:15,22:272,213
> 1:False:16,24:272,214
> 2:False:15,26:272,213
> 3:False:14,24:272,213
> 4:True:15,20:272,213
> 5:False:15,22:272,214
dwr-optimal-old-noisy/30/dwr_noisy_p05_hyp-4_30_1.tar.bz2:0.600771903992:0.03848368:0.6
> 0:False:15,25:270,201
> 1:False:16,24:270,202
> 2:False:15,24:270,201
> 3:True:14,21:270,201
> 4:False:15,23:270,201
> 5:False:15,23:270,202
dwr-optimal-old-noisy/30/dwr_noisy_p05_hyp-4_30_2.tar.bz2:0.597449064255:0.03897872:0.59
> 0:False:15,24:269,207
> 1:True:16,24:269,208
> 2:False:15,24:269,207
> 3:False:14,23:269,207
> 4:False:15,24:269,207
> 5:False:15,24:269,208
dwr-optimal-old-noisy/30/dwr_noisy_p05_hyp-4_30_3.tar.bz2:0.597309112549:0.04029722:0.6
> 0:False:15,27:270,209
> 1:False:16,24:270,210
> 2:False:15,27:270,209
> 3:True:14,20:270,209
> 4:False:15,25:270,209
> 5:False:15,26:270,210
dwr-optimal-old-noisy/50/dwr_noisy_p02_hyp-1_50_1.tar.bz2:0.622562885284:0.02146355:0.63
> 0:True:11,12:94,115
> 1:False:11,16:94,116
> 2:True:11,12:94,117
> 3:False:11,19:94,116
> 4:False:11,19:94,116
> 5:False:11,18:94,116
> 6:False:13,18:94,117
> 7:False:13,16:94,115
dwr-optimal-old-noisy/50/dwr_noisy_p02_hyp-1_50_2.tar.bz2:0.620383024216:0.02080247:0.61
> 0:True:11,12:95,105
> 1:False:11,16:95,106
> 2:True:11,12:95,107
> 3:False:11,14:95,106
> 4:False:11,14:95,106
> 5:False:11,16:95,106
> 6:False:13,16:95,107
> 7:False:13,16:95,105
dwr-optimal-old-noisy/50/dwr_noisy_p02_hyp-1_50_3.tar.bz2:0.624584197998:0.02114044:0.63
> 0:True:11,13:94,114
> 1:False:11,17:94,115
> 2:False:11,15:94,116
> 3:False:11,17:94,115
> 4:False:11,17:94,115
> 5:False:11,17:94,115
> 6:False:13,17:94,116
> 7:True:13,15:94,114
dwr-optimal-old-noisy/50/dwr_noisy_p02_hyp-2_50_1.tar.bz2:0.62162899971:0.02257521:0.62
> 0:False:11,16:95,122
> 1:True:11,12:95,123
> 2:False:11,16:95,124
> 3:False:11,20:95,123
> 4:False:11,20:95,123
> 5:True:11,12:95,123
> 6:False:13,16:95,124
> 7:False:13,18:95,122
dwr-optimal-old-noisy/50/dwr_noisy_p02_hyp-2_50_2.tar.bz2:0.624196052551:0.01987351:0.62
> 0:False:11,18:94,103
> 1:True:11,12:94,104
> 2:False:11,18:94,105
> 3:False:11,16:94,104
> 4:False:11,16:94,104
> 5:False:11,14:94,104
> 6:False:13,16:94,105
> 7:True:13,14:94,103
dwr-optimal-old-noisy/50/dwr_noisy_p02_hyp-2_50_3.tar.bz2:0.626137018204:0.02070977:0.64
> 0:False:11,15:94,112
> 1:True:11,11:94,113
> 2:False:11,13:94,114
> 3:False:11,14:94,113
> 4:False:11,15:94,113
> 5:False:11,13:94,113
> 6:False:13,14:94,114
> 7:False:13,14:94,112
dwr-optimal-old-noisy/50/dwr_noisy_p02_hyp-3_50_1.tar.bz2:0.620301961899:0.02050828:0.62
> 0:True:11,12:94,111
> 1:False:11,18:94,112
> 2:True:11,12:94,113
> 3:False:11,16:94,112
> 4:False:11,16:94,112
> 5:False:11,16:94,112
> 6:True:13,14:94,113
> 7:True:13,14:94,111
dwr-optimal-old-noisy/50/dwr_noisy_p02_hyp-3_50_2.tar.bz2:0.618736028671:0.02064135:0.62
> 0:False:11,15:93,110
> 1:False:11,17:93,111
> 2:True:11,13:93,112
> 3:False:11,19:93,111
> 4:False:11,17:93,111
> 5:False:11,19:93,111
> 6:False:13,19:93,112
> 7:False:13,17:93,110
dwr-optimal-old-noisy/50/dwr_noisy_p02_hyp-3_50_3.tar.bz2:0.613993167877:0.02049816:0.62
> 0:True:11,13:94,110
> 1:False:11,17:94,111
> 2:True:11,13:94,112
> 3:False:11,19:94,111
> 4:False:11,17:94,111
> 5:False:11,17:94,111
> 6:False:13,17:94,112
> 7:False:13,17:94,110
dwr-optimal-old-noisy/50/dwr_noisy_p02_hyp-4_50_1.tar.bz2:0.620846986771:0.01822587:0.62
> 0:False:11,19:92,95
> 1:False:11,17:92,96
> 2:False:11,19:92,97
> 3:True:11,13:92,96
> 4:True:11,13:92,96
> 5:False:11,15:92,96
> 6:False:13,17:92,97
> 7:False:13,19:92,95
dwr-optimal-old-noisy/50/dwr_noisy_p02_hyp-4_50_2.tar.bz2:0.621969938278:0.02013546:0.62
> 0:False:11,15:93,105
> 1:False:11,20:93,106
> 2:False:11,15:93,107
> 3:True:11,13:93,106
> 4:True:11,13:93,106
> 5:False:11,20:93,106
> 6:False:13,17:93,107
> 7:False:13,17:93,105
dwr-optimal-old-noisy/50/dwr_noisy_p02_hyp-4_50_3.tar.bz2:0.623421907425:0.01984722:0.62
> 0:False:11,15:93,104
> 1:False:11,17:93,105
> 2:False:11,15:93,106
> 3:True:11,13:93,105
> 4:False:11,15:93,105
> 5:False:11,17:93,105
> 6:True:13,15:93,106
> 7:False:13,17:93,104
dwr-optimal-old-noisy/50/dwr_noisy_p04_hyp-1_50_1.tar.bz2:0.483810901642:0.01801571:0.49
> 0:True:9,10:118,119
> 1:False:10,14:118,120
> 2:False:10,16:118,121
> 3:False:10,14:118,119
> 4:False:10,14:118,120
> 5:False:9,12:118,119
dwr-optimal-old-noisy/50/dwr_noisy_p04_hyp-1_50_2.tar.bz2:0.481819152832:0.0161591:0.48
> 0:True:9,9:117,107
> 1:False:10,14:117,108
> 2:False:10,13:117,109
> 3:False:10,13:117,107
> 4:False:10,12:117,108
> 5:True:9,9:117,107
dwr-optimal-old-noisy/50/dwr_noisy_p04_hyp-1_50_3.tar.bz2:0.479682922363:0.01499392:0.48
> 0:True:9,9:116,99
> 1:False:10,12:116,100
> 2:False:10,11:116,101
> 3:False:10,11:116,99
> 4:False:10,12:116,100
> 5:True:9,9:116,99
dwr-optimal-old-noisy/50/dwr_noisy_p04_hyp-2_50_1.tar.bz2:0.480618000031:0.01578178:0.47
> 0:False:9,14:117,104
> 1:False:10,14:117,105
> 2:True:10,11:117,106
> 3:False:10,13:117,104
> 4:False:10,14:117,105
> 5:False:9,12:117,104
dwr-optimal-old-noisy/50/dwr_noisy_p04_hyp-2_50_2.tar.bz2:0.48097205162:0.01786846:0.48
> 0:False:9,16:118,114
> 1:False:10,16:118,115
> 2:True:10,12:118,116
> 3:False:10,14:118,114
> 4:False:10,15:118,115
> 5:False:9,14:118,114
dwr-optimal-old-noisy/50/dwr_noisy_p04_hyp-2_50_3.tar.bz2:0.485944986343:0.01775519:0.48
> 0:False:9,14:118,116
> 1:False:10,13:118,117
> 2:True:10,11:118,118
> 3:True:10,11:118,116
> 4:False:10,15:118,117
> 5:False:9,14:118,116
dwr-optimal-old-noisy/50/dwr_noisy_p04_hyp-3_50_1.tar.bz2:0.483752965927:0.01738856:0.49
> 0:False:9,17:117,113
> 1:True:10,13:117,114
> 2:False:10,16:117,115
> 3:False:10,16:117,113
> 4:False:10,15:117,114
> 5:False:9,17:117,113
dwr-optimal-old-noisy/50/dwr_noisy_p04_hyp-3_50_2.tar.bz2:0.485037088394:0.01739975:0.49
> 0:False:9,14:118,112
> 1:True:10,11:118,113
> 2:False:10,13:118,114
> 3:False:10,13:118,112
> 4:True:10,11:118,113
> 5:False:9,14:118,112
dwr-optimal-old-noisy/50/dwr_noisy_p04_hyp-3_50_3.tar.bz2:0.485240221024:0.01501429:0.48
> 0:False:9,14:116,101
> 1:True:10,12:116,102
> 2:False:10,14:116,103
> 3:False:10,14:116,101
> 4:True:10,12:116,102
> 5:False:9,14:116,101
dwr-optimal-old-noisy/50/dwr_noisy_p04_hyp-4_50_1.tar.bz2:0.476171970367:0.01651777:0.48
> 0:False:9,13:117,108
> 1:True:10,12:117,109
> 2:True:10,12:117,110
> 3:True:10,12:117,108
> 4:True:10,12:117,109
> 5:False:9,13:117,108
dwr-optimal-old-noisy/50/dwr_noisy_p04_hyp-4_50_2.tar.bz2:0.485261917114:0.01931385:0.48
> 0:False:9,16:118,125
> 1:False:10,16:118,126
> 2:False:10,18:118,127
> 3:False:10,18:118,125
> 4:True:10,12:118,126
> 5:False:9,16:118,125
dwr-optimal-old-noisy/50/dwr_noisy_p04_hyp-4_50_3.tar.bz2:0.485357999802:0.01902884:0.48
> 0:False:9,15:119,117
> 1:False:10,14:119,118
> 2:False:10,15:119,119
> 3:False:10,15:119,117
> 4:True:10,12:119,118
> 5:False:9,15:119,117
dwr-optimal-old-noisy/50/dwr_noisy_p05_hyp-1_50_1.tar.bz2:0.604890108109:0.04612937:0.61
> 0:False:15,32:275,225
> 1:True:16,32:275,226
> 2:False:15,33:275,225
> 3:False:14,33:275,225
> 4:True:15,31:275,225
> 5:False:15,32:275,226
dwr-optimal-old-noisy/50/dwr_noisy_p05_hyp-1_50_2.tar.bz2:0.608486890793:0.05357185:0.61
> 0:True:15,33:279,253
> 1:False:16,35:279,254
> 2:False:15,38:279,253
> 3:False:14,38:279,253
> 4:True:15,33:279,253
> 5:False:15,36:279,254
dwr-optimal-old-noisy/50/dwr_noisy_p05_hyp-1_50_3.tar.bz2:0.602709054947:0.04863101:0.6
> 0:False:15,34:277,238
> 1:True:16,32:277,239
> 2:False:15,34:277,238
> 3:False:14,36:277,238
> 4:False:15,32:277,238
> 5:False:15,33:277,239
dwr-optimal-old-noisy/50/dwr_noisy_p05_hyp-2_50_1.tar.bz2:0.60799407959:0.04951465:0.6
> 0:False:15,33:276,249
> 1:True:16,29:276,250
> 2:False:15,35:276,249
> 3:False:14,37:276,249
> 4:False:15,33:276,249
> 5:False:15,33:276,250
dwr-optimal-old-noisy/50/dwr_noisy_p05_hyp-2_50_2.tar.bz2:0.605517864227:0.04801646:0.61
> 0:False:15,37:275,238
> 1:True:16,32:275,239
> 2:False:15,36:275,238
> 3:False:14,34:275,238
> 4:False:15,35:275,238
> 5:False:15,33:275,239
dwr-optimal-old-noisy/50/dwr_noisy_p05_hyp-2_50_3.tar.bz2:0.601275920868:0.04622435:0.6
> 0:False:15,33:277,223
> 1:True:16,31:277,224
> 2:False:15,32:277,223
> 3:False:14,34:277,223
> 4:False:15,32:277,223
> 5:False:15,33:277,224
dwr-optimal-old-noisy/50/dwr_noisy_p05_hyp-3_50_1.tar.bz2:0.604694128036:0.04677179:0.62
> 0:False:15,31:276,236
> 1:False:16,31:276,237
> 2:False:15,35:276,236
> 3:False:14,34:276,236
> 4:True:15,29:276,236
> 5:False:15,32:276,237
dwr-optimal-old-noisy/50/dwr_noisy_p05_hyp-3_50_2.tar.bz2:0.607161045074:0.05191174:0.61
> 0:False:15,29:277,250
> 1:False:16,30:277,251
> 2:False:15,30:277,250
> 3:False:14,30:277,250
> 4:True:15,26:277,250
> 5:False:15,30:277,251
dwr-optimal-old-noisy/50/dwr_noisy_p05_hyp-3_50_3.tar.bz2:0.603886127472:0.04319013:0.6
> 0:False:15,34:274,216
> 1:False:16,36:274,217
> 2:False:15,36:274,216
> 3:False:14,37:274,216
> 4:True:15,31:274,216
> 5:False:15,33:274,217
dwr-optimal-old-noisy/50/dwr_noisy_p05_hyp-4_50_1.tar.bz2:0.596869945526:0.03965745:0.61
> 0:False:15,32:271,208
> 1:False:16,32:271,209
> 2:False:15,31:271,208
> 3:True:14,29:271,208
> 4:False:15,31:271,208
> 5:False:15,31:271,209
dwr-optimal-old-noisy/50/dwr_noisy_p05_hyp-4_50_2.tar.bz2:0.601751089096:0.04471451:0.6
> 0:False:15,30:275,221
> 1:False:16,27:275,222
> 2:True:15,25:275,221
> 3:True:14,24:275,221
> 4:False:15,29:275,221
> 5:False:15,30:275,222
dwr-optimal-old-noisy/50/dwr_noisy_p05_hyp-4_50_3.tar.bz2:0.602989912033:0.04668144:0.59
> 0:False:15,33:275,226
> 1:False:16,30:275,227
> 2:False:15,30:275,226
> 3:True:14,23:275,226
> 4:False:15,32:275,226
> 5:False:15,32:275,227
dwr-optimal-old-noisy/70/dwr_noisy_p02_hyp-1_70_1.tar.bz2:0.61870598793:0.02063384:0.62
> 0:True:11,12:95,107
> 1:False:11,17:95,108
> 2:True:11,12:95,109
> 3:False:11,17:95,108
> 4:False:11,15:95,108
> 5:False:11,17:95,108
> 6:False:13,17:95,109
> 7:False:13,15:95,107
dwr-optimal-old-noisy/70/dwr_noisy_p02_hyp-1_70_2.tar.bz2:0.626276016235:0.02169894:0.62
> 0:True:11,11:97,113
> 1:False:11,16:97,114
> 2:True:11,11:97,115
> 3:False:11,16:97,114
> 4:False:11,16:97,114
> 5:False:11,16:97,114
> 6:False:13,14:97,115
> 7:False:13,14:97,113
dwr-optimal-old-noisy/70/dwr_noisy_p02_hyp-1_70_3.tar.bz2:0.625006198883:0.02278125:0.62
> 0:True:11,11:97,118
> 1:False:11,17:97,119
> 2:False:11,13:97,120
> 3:False:11,19:97,119
> 4:False:11,17:97,119
> 5:False:11,19:97,119
> 6:False:13,19:97,120
> 7:True:13,13:97,118
dwr-optimal-old-noisy/70/dwr_noisy_p02_hyp-2_70_1.tar.bz2:0.624117136002:0.0234634:0.62
> 0:False:11,15:97,124
> 1:True:11,11:97,125
> 2:False:11,17:97,126
> 3:False:11,19:97,125
> 4:False:11,19:97,125
> 5:True:11,11:97,125
> 6:False:13,15:97,126
> 7:True:13,13:97,124
dwr-optimal-old-noisy/70/dwr_noisy_p02_hyp-2_70_2.tar.bz2:0.62126994133:0.02051204:0.62
> 0:False:11,17:95,109
> 1:True:11,12:95,110
> 2:False:11,17:95,111
> 3:False:11,15:95,110
> 4:False:11,15:95,110
> 5:False:11,13:95,110
> 6:False:13,15:95,111
> 7:False:13,15:95,109
dwr-optimal-old-noisy/70/dwr_noisy_p02_hyp-2_70_3.tar.bz2:0.619771003723:0.02130366:0.63
> 0:False:11,19:95,111
> 1:True:11,11:95,112
> 2:False:11,19:95,113
> 3:False:11,19:95,112
> 4:False:11,19:95,112
> 5:False:11,13:95,112
> 6:False:13,17:95,113
> 7:False:13,17:95,111
dwr-optimal-old-noisy/70/dwr_noisy_p02_hyp-3_70_1.tar.bz2:0.623357057571:0.0226949:0.61
> 0:False:11,13:97,120
> 1:False:11,17:97,121
> 2:True:11,12:97,122
> 3:False:11,17:97,121
> 4:False:11,15:97,121
> 5:False:11,17:97,121
> 6:False:13,17:97,122
> 7:False:13,17:97,120
dwr-optimal-old-noisy/70/dwr_noisy_p02_hyp-3_70_2.tar.bz2:0.623636007309:0.02446484:0.63
> 0:False:11,12:98,132
> 1:False:11,18:98,133
> 2:True:11,11:98,134
> 3:False:11,20:98,133
> 4:False:11,18:98,133
> 5:False:11,20:98,133
> 6:False:13,18:98,134
> 7:False:13,16:98,132
dwr-optimal-old-noisy/70/dwr_noisy_p02_hyp-3_70_3.tar.bz2:0.620908975601:0.02213917:0.62
> 0:True:11,11:96,116
> 1:False:11,15:96,117
> 2:True:11,11:96,118
> 3:False:11,19:96,117
> 4:False:11,17:96,117
> 5:False:11,17:96,117
> 6:False:13,17:96,118
> 7:False:13,15:96,116
dwr-optimal-old-noisy/70/dwr_noisy_p02_hyp-4_70_1.tar.bz2:0.622923851013:0.02181105:0.63
> 0:False:11,16:97,115
> 1:False:11,18:97,116
> 2:False:11,16:97,117
> 3:True:11,11:97,116
> 4:False:11,12:97,116
> 5:False:11,18:97,116
> 6:False:13,14:97,117
> 7:False:13,16:97,115
dwr-optimal-old-noisy/70/dwr_noisy_p02_hyp-4_70_2.tar.bz2:0.620731115341:0.02218386:0.61
> 0:False:11,17:97,118
> 1:False:11,17:97,119
> 2:False:11,17:97,120
> 3:True:11,11:97,119
> 4:True:11,11:97,119
> 5:False:11,15:97,119
> 6:True:13,13:97,120
> 7:False:13,15:97,118
dwr-optimal-old-noisy/70/dwr_noisy_p02_hyp-4_70_3.tar.bz2:0.624529123306:0.02230201:0.62
> 0:False:11,17:97,118
> 1:False:11,17:97,119
> 2:False:11,17:97,120
> 3:True:11,11:97,119
> 4:True:11,11:97,119
> 5:False:11,15:97,119
> 6:True:13,13:97,120
> 7:False:13,15:97,118
dwr-optimal-old-noisy/70/dwr_noisy_p04_hyp-1_70_1.tar.bz2:0.481323003769:0.01736382:0.47
> 0:True:9,10:119,113
> 1:False:10,16:119,114
> 2:False:10,16:119,115
> 3:False:10,14:119,113
> 4:False:10,14:119,114
> 5:False:9,12:119,113
dwr-optimal-old-noisy/70/dwr_noisy_p04_hyp-1_70_2.tar.bz2:0.484236001968:0.0171244:0.49
> 0:True:9,11:118,113
> 1:False:10,17:118,114
> 2:False:10,17:118,115
> 3:False:10,15:118,113
> 4:False:10,15:118,114
> 5:False:9,13:118,113
dwr-optimal-old-noisy/70/dwr_noisy_p04_hyp-1_70_3.tar.bz2:0.479933977127:0.01743252:0.48
> 0:True:9,11:118,116
> 1:False:10,16:118,117
> 2:False:10,15:118,118
> 3:False:10,15:118,116
> 4:False:10,14:118,117
> 5:True:9,11:118,116
dwr-optimal-old-noisy/70/dwr_noisy_p04_hyp-2_70_1.tar.bz2:0.482154130936:0.01924575:0.48
> 0:False:9,14:121,123
> 1:False:10,13:121,124
> 2:True:10,11:121,125
> 3:True:10,11:121,123
> 4:False:10,15:121,124
> 5:False:9,14:121,123
dwr-optimal-old-noisy/70/dwr_noisy_p04_hyp-2_70_2.tar.bz2:0.487028121948:0.01875988:0.47
> 0:False:9,16:120,119
> 1:False:10,15:120,120
> 2:True:10,12:120,121
> 3:False:10,13:120,119
> 4:False:10,15:120,120
> 5:False:9,14:120,119
dwr-optimal-old-noisy/70/dwr_noisy_p04_hyp-2_70_3.tar.bz2:0.485291004181:0.01992844:0.48
> 0:False:9,15:121,126
> 1:False:10,14:121,127
> 2:True:10,11:121,128
> 3:False:10,12:121,126
> 4:False:10,15:121,127
> 5:False:9,13:121,126
dwr-optimal-old-noisy/70/dwr_noisy_p04_hyp-3_70_1.tar.bz2:0.480419874191:0.01941188:0.47
> 0:False:9,15:121,127
> 1:True:10,10:121,128
> 2:False:10,13:121,129
> 3:False:10,13:121,127
> 4:False:10,13:121,128
> 5:False:9,15:121,127
dwr-optimal-old-noisy/70/dwr_noisy_p04_hyp-3_70_2.tar.bz2:0.484467029572:0.02074093:0.49
> 0:False:9,16:122,136
> 1:True:10,10:122,137
> 2:False:10,13:122,138
> 3:False:10,13:122,136
> 4:False:10,13:122,137
> 5:False:9,16:122,136
dwr-optimal-old-noisy/70/dwr_noisy_p04_hyp-3_70_3.tar.bz2:0.483521938324:0.01812492:0.48
> 0:False:9,15:120,116
> 1:True:10,11:120,117
> 2:False:10,14:120,118
> 3:False:10,14:120,116
> 4:False:10,12:120,117
> 5:False:9,15:120,116
dwr-optimal-old-noisy/70/dwr_noisy_p04_hyp-4_70_1.tar.bz2:0.485501050949:0.01886593:0.49
> 0:False:9,13:121,122
> 1:False:10,13:121,123
> 2:False:10,14:121,124
> 3:False:10,14:121,122
> 4:True:10,10:121,123
> 5:False:9,13:121,122
dwr-optimal-old-noisy/70/dwr_noisy_p04_hyp-4_70_2.tar.bz2:0.484992027283:0.01858457:0.49
> 0:False:9,14:120,117
> 1:False:10,13:120,118
> 2:False:10,15:120,119
> 3:False:10,15:120,117
> 4:True:10,12:120,118
> 5:False:9,14:120,117
dwr-optimal-old-noisy/70/dwr_noisy_p04_hyp-4_70_3.tar.bz2:0.488209962845:0.01919487:0.49
> 0:False:9,14:120,122
> 1:False:10,14:120,123
> 2:False:10,14:120,124
> 3:False:10,14:120,122
> 4:True:10,11:120,123
> 5:False:9,14:120,122
dwr-optimal-old-noisy/70/dwr_noisy_p05_hyp-1_70_1.tar.bz2:0.627203941345:0.0678565:0.63
> 0:True:15,37:288,309
> 1:False:16,41:288,310
> 2:False:15,42:288,309
> 3:False:14,44:288,309
> 4:True:15,37:288,309
> 5:False:15,39:288,310
dwr-optimal-old-noisy/70/dwr_noisy_p05_hyp-1_70_2.tar.bz2:0.610548973083:0.05831198:0.6
> 0:True:15,41:284,280
> 1:False:16,43:284,281
> 2:False:15,46:284,280
> 3:False:14,49:284,280
> 4:False:15,43:284,280
> 5:False:15,47:284,281
dwr-optimal-old-noisy/70/dwr_noisy_p05_hyp-1_70_3.tar.bz2:0.622667074203:0.0665371:0.63
> 0:True:15,37:287,306
> 1:False:16,41:287,307
> 2:False:15,46:287,306
> 3:False:14,47:287,306
> 4:True:15,37:287,306
> 5:False:15,42:287,307
dwr-optimal-old-noisy/70/dwr_noisy_p05_hyp-2_70_1.tar.bz2:0.615583896637:0.05770058:0.62
> 0:False:15,41:282,266
> 1:True:16,36:282,267
> 2:False:15,42:282,266
> 3:False:14,45:282,266
> 4:False:15,41:282,266
> 5:False:15,41:282,267
dwr-optimal-old-noisy/70/dwr_noisy_p05_hyp-2_70_2.tar.bz2:0.620444059372:0.06148501:0.62
> 0:False:15,40:284,290
> 1:True:16,34:284,291
> 2:False:15,40:284,290
> 3:False:14,42:284,290
> 4:False:15,39:284,290
> 5:False:15,40:284,291
dwr-optimal-old-noisy/70/dwr_noisy_p05_hyp-2_70_3.tar.bz2:0.617003917694:0.05931796:0.62
> 0:False:15,45:283,285
> 1:True:16,39:283,286
> 2:False:15,42:283,285
> 3:False:14,42:283,285
> 4:False:15,45:283,285
> 5:False:15,44:283,286
dwr-optimal-old-noisy/70/dwr_noisy_p05_hyp-3_70_1.tar.bz2:0.615574836731:0.05696117:0.61
> 0:False:15,36:282,276
> 1:False:16,38:282,277
> 2:False:15,38:282,276
> 3:False:14,41:282,276
> 4:True:15,32:282,276
> 5:False:15,37:282,277
dwr-optimal-old-noisy/70/dwr_noisy_p05_hyp-3_70_2.tar.bz2:0.6139960289:0.05568561:0.61
> 0:False:15,36:281,265
> 1:False:16,39:281,266
> 2:False:15,39:281,265
> 3:False:14,41:281,265
> 4:True:15,32:281,265
> 5:False:15,38:281,266
dwr-optimal-old-noisy/70/dwr_noisy_p05_hyp-3_70_3.tar.bz2:0.614017009735:0.0585147:0.61
> 0:False:15,34:283,274
> 1:False:16,36:283,275
> 2:False:15,36:283,274
> 3:False:14,37:283,274
> 4:True:15,30:283,274
> 5:False:15,33:283,275
dwr-optimal-old-noisy/70/dwr_noisy_p05_hyp-4_70_1.tar.bz2:0.606571912766:0.04925524:0.61
> 0:False:15,37:278,243
> 1:False:16,33:278,244
> 2:False:15,34:278,243
> 3:True:14,28:278,243
> 4:False:15,36:278,243
> 5:False:15,34:278,244
dwr-optimal-old-noisy/70/dwr_noisy_p05_hyp-4_70_2.tar.bz2:0.607515096664:0.04897689:0.61
> 0:False:15,39:277,245
> 1:False:16,36:277,246
> 2:False:15,37:277,245
> 3:True:14,31:277,245
> 4:False:15,38:277,245
> 5:False:15,38:277,246
dwr-optimal-old-noisy/70/dwr_noisy_p05_hyp-4_70_3.tar.bz2:0.604858160019:0.04847976:0.61
> 0:False:15,44:278,231
> 1:False:16,38:278,232
> 2:False:15,35:278,231
> 3:True:14,30:278,231
> 4:False:15,42:278,231
> 5:False:15,39:278,232
dwr-optimal-old-noisy/100/dwr_noisy_p02_hyp-1_full_1.tar.bz2:0.62713098526:0.02470371:0.63
> 0:True:11,12:99,131
> 1:False:11,21:99,132
> 2:False:11,13:99,133
> 3:False:11,21:99,132
> 4:False:11,19:99,132
> 5:False:11,21:99,132
> 6:False:13,19:99,133
> 7:False:13,15:99,131
dwr-optimal-old-noisy/100/dwr_noisy_p02_hyp-1_full_2.tar.bz2:0.630322933197:0.02586895:0.63
> 0:True:11,12:100,140
> 1:False:11,21:100,141
> 2:False:11,13:100,142
> 3:False:11,21:100,141
> 4:False:11,19:100,141
> 5:False:11,21:100,141
> 6:False:13,19:100,142
> 7:False:13,15:100,140
dwr-optimal-old-noisy/100/dwr_noisy_p02_hyp-1_full_3.tar.bz2:0.627012014389:0.02485524:0.63
> 0:True:11,12:99,132
> 1:False:11,21:99,133
> 2:False:11,13:99,134
> 3:False:11,21:99,133
> 4:False:11,19:99,133
> 5:False:11,21:99,133
> 6:False:13,19:99,134
> 7:False:13,15:99,132
dwr-optimal-old-noisy/100/dwr_noisy_p02_hyp-2_full_1.tar.bz2:0.624013900757:0.02471781:0.63
> 0:False:11,21:100,129
> 1:True:11,12:100,130
> 2:False:11,21:100,131
> 3:False:11,21:100,130
> 4:False:11,21:100,130
> 5:False:11,15:100,130
> 6:False:13,19:100,131
> 7:False:13,17:100,129
dwr-optimal-old-noisy/100/dwr_noisy_p02_hyp-2_full_2.tar.bz2:0.628739833832:0.02578753:0.63
> 0:False:11,21:100,137
> 1:True:11,12:100,138
> 2:False:11,21:100,139
> 3:False:11,21:100,138
> 4:False:11,21:100,138
> 5:False:11,13:100,138
> 6:False:13,17:100,139
> 7:False:13,17:100,137
dwr-optimal-old-noisy/100/dwr_noisy_p02_hyp-2_full_3.tar.bz2:0.63334608078:0.02642359:0.63
> 0:False:11,19:101,142
> 1:True:11,12:101,143
> 2:False:11,21:101,144
> 3:False:11,21:101,143
> 4:False:11,21:101,143
> 5:True:11,12:101,143
> 6:False:13,15:101,144
> 7:False:13,15:101,142
dwr-optimal-old-noisy/100/dwr_noisy_p02_hyp-3_full_1.tar.bz2:0.620786905289:0.02334828:0.62
> 0:False:11,13:99,124
> 1:False:11,17:99,125
> 2:True:11,12:99,126
> 3:False:11,19:99,125
> 4:False:11,17:99,125
> 5:False:11,19:99,125
> 6:False:13,17:99,126
> 7:False:13,16:99,124
dwr-optimal-old-noisy/100/dwr_noisy_p02_hyp-3_full_2.tar.bz2:0.627975940704:0.02529133:0.64
> 0:False:11,13:100,130
> 1:False:11,19:100,131
> 2:True:11,12:100,132
> 3:False:11,21:100,131
> 4:False:11,19:100,131
> 5:False:11,21:100,131
> 6:False:13,19:100,132
> 7:False:13,17:100,130
dwr-optimal-old-noisy/100/dwr_noisy_p02_hyp-3_full_3.tar.bz2:0.627006053925:0.02662389:0.62
> 0:False:11,13:101,143
> 1:False:11,19:101,144
> 2:True:11,12:101,145
> 3:False:11,19:101,144
> 4:False:11,18:101,144
> 5:False:11,19:101,144
> 6:False:13,17:101,145
> 7:False:13,16:101,143
dwr-optimal-old-noisy/100/dwr_noisy_p02_hyp-4_full_1.tar.bz2:0.618723869324:0.02250395:0.62
> 0:False:11,21:98,117
> 1:False:11,21:98,118
> 2:False:11,21:98,119
> 3:True:11,12:98,118
> 4:False:11,13:98,118
> 5:False:11,19:98,118
> 6:False:13,15:98,119
> 7:False:13,19:98,117
dwr-optimal-old-noisy/100/dwr_noisy_p02_hyp-4_full_2.tar.bz2:0.625715970993:0.02457381:0.63
> 0:False:11,19:100,132
> 1:False:11,19:100,133
> 2:False:11,19:100,134
> 3:True:11,12:100,133
> 4:False:11,13:100,133
> 5:False:11,18:100,133
> 6:False:13,15:100,134
> 7:False:13,17:100,132
dwr-optimal-old-noisy/100/dwr_noisy_p02_hyp-4_full_3.tar.bz2:0.624857902527:0.02265044:0.63
> 0:False:11,21:98,117
> 1:False:11,21:98,118
> 2:False:11,21:98,119
> 3:True:11,12:98,118
> 4:False:11,13:98,118
> 5:False:11,19:98,118
> 6:False:13,15:98,119
> 7:False:13,19:98,117
dwr-optimal-old-noisy/100/dwr_noisy_p04_hyp-1_full_1.tar.bz2:0.486835002899:0.02012498:0.48
> 0:True:9,11:122,131
> 1:False:10,16:122,132
> 2:False:10,16:122,133
> 3:False:10,15:122,131
> 4:False:10,15:122,132
> 5:False:9,12:122,131
dwr-optimal-old-noisy/100/dwr_noisy_p04_hyp-1_full_2.tar.bz2:0.48481297493:0.01898393:0.48
> 0:True:9,11:121,121
> 1:False:10,17:121,122
> 2:False:10,17:121,123
> 3:False:10,15:121,121
> 4:False:10,15:121,122
> 5:False:9,13:121,121
dwr-optimal-old-noisy/100/dwr_noisy_p04_hyp-1_full_3.tar.bz2:0.484224081039:0.01973696:0.49
> 0:True:9,11:122,127
> 1:False:10,16:122,128
> 2:False:10,16:122,129
> 3:False:10,15:122,127
> 4:False:10,15:122,128
> 5:False:9,13:122,127
dwr-optimal-old-noisy/100/dwr_noisy_p04_hyp-2_full_1.tar.bz2:0.489443063736:0.02126724:0.49
> 0:False:9,17:123,135
> 1:False:10,15:123,136
> 2:True:10,12:123,137
> 3:False:10,13:123,135
> 4:False:10,17:123,136
> 5:False:9,15:123,135
dwr-optimal-old-noisy/100/dwr_noisy_p04_hyp-2_full_2.tar.bz2:0.487191915512:0.02106291:0.49
> 0:False:9,17:123,132
> 1:False:10,15:123,133
> 2:True:10,12:123,134
> 3:False:10,13:123,132
> 4:False:10,17:123,133
> 5:False:9,15:123,132
dwr-optimal-old-noisy/100/dwr_noisy_p04_hyp-2_full_3.tar.bz2:0.489320039749:0.02075203:0.5
> 0:False:9,17:123,132
> 1:False:10,15:123,133
> 2:True:10,12:123,134
> 3:False:10,13:123,132
> 4:False:10,17:123,133
> 5:False:9,15:123,132
dwr-optimal-old-noisy/100/dwr_noisy_p04_hyp-3_full_1.tar.bz2:0.490593910217:0.02182275:0.49
> 0:False:9,18:124,140
> 1:True:10,12:124,141
> 2:False:10,15:124,142
> 3:False:10,15:124,140
> 4:False:10,15:124,141
> 5:False:9,17:124,140
dwr-optimal-old-noisy/100/dwr_noisy_p04_hyp-3_full_2.tar.bz2:0.489748954773:0.01997242:0.48
> 0:False:9,18:122,127
> 1:True:10,12:122,128
> 2:False:10,15:122,129
> 3:False:10,15:122,127
> 4:False:10,15:122,128
> 5:False:9,18:122,127
dwr-optimal-old-noisy/100/dwr_noisy_p04_hyp-3_full_3.tar.bz2:0.482668876648:0.02081048:0.48
> 0:False:9,17:123,136
> 1:True:10,12:123,137
> 2:False:10,15:123,138
> 3:False:10,15:123,136
> 4:False:10,15:123,137
> 5:False:9,17:123,136
dwr-optimal-old-noisy/100/dwr_noisy_p04_hyp-4_full_1.tar.bz2:0.489154100418:0.02165765:0.49
> 0:False:9,14:124,140
> 1:False:10,15:124,141
> 2:False:10,15:124,142
> 3:False:10,15:124,140
> 4:True:10,12:124,141
> 5:False:9,14:124,140
dwr-optimal-old-noisy/100/dwr_noisy_p04_hyp-4_full_2.tar.bz2:0.488724946976:0.02133857:0.49
> 0:False:9,15:124,138
> 1:False:10,14:124,139
> 2:False:10,16:124,140
> 3:False:10,16:124,138
> 4:True:10,12:124,139
> 5:False:9,15:124,138
dwr-optimal-old-noisy/100/dwr_noisy_p04_hyp-4_full_3.tar.bz2:0.488071918488:0.02146855:0.48
> 0:False:9,15:124,140
> 1:False:10,15:124,141
> 2:False:10,17:124,142
> 3:False:10,17:124,140
> 4:True:10,12:124,141
> 5:False:9,14:124,140
dwr-optimal-old-noisy/100/dwr_noisy_p05_hyp-1_full_1.tar.bz2:0.634802103043:0.0799614:0.64
> 0:True:15,44:293,356
> 1:False:16,48:293,357
> 2:False:15,50:293,356
> 3:False:14,55:293,356
> 4:True:15,44:293,356
> 5:False:15,48:293,357
dwr-optimal-old-noisy/100/dwr_noisy_p05_hyp-1_full_2.tar.bz2:0.638742923737:0.0803213:0.64
> 0:True:15,44:293,352
> 1:False:16,47:293,353
> 2:False:15,49:293,352
> 3:False:14,53:293,352
> 4:True:15,44:293,352
> 5:False:15,48:293,353
dwr-optimal-old-noisy/100/dwr_noisy_p05_hyp-1_full_3.tar.bz2:0.640993833542:0.0837857:0.65
> 0:True:15,44:294,361
> 1:False:16,47:294,362
> 2:False:15,49:294,361
> 3:False:14,51:294,361
> 4:True:15,44:294,361
> 5:False:15,47:294,362
dwr-optimal-old-noisy/100/dwr_noisy_p05_hyp-2_full_1.tar.bz2:0.63453412056:0.0759734:0.63
> 0:False:15,48:293,354
> 1:True:16,42:293,355
> 2:False:15,48:293,354
> 3:False:14,46:293,354
> 4:False:15,47:293,354
> 5:False:15,47:293,355
dwr-optimal-old-noisy/100/dwr_noisy_p05_hyp-2_full_2.tar.bz2:0.629135847092:0.0752341:0.63
> 0:False:15,50:292,346
> 1:True:16,42:292,347
> 2:False:15,47:292,346
> 3:False:14,48:292,346
> 4:False:15,49:292,346
> 5:False:15,47:292,347
dwr-optimal-old-noisy/100/dwr_noisy_p05_hyp-2_full_3.tar.bz2:0.626806974411:0.0714214:0.63
> 0:False:15,48:290,329
> 1:True:16,42:290,330
> 2:False:15,47:290,329
> 3:False:14,51:290,329
> 4:False:15,48:290,329
> 5:False:15,48:290,330
dwr-optimal-old-noisy/100/dwr_noisy_p05_hyp-3_full_1.tar.bz2:0.629132032394:0.0685516:0.62
> 0:False:15,40:290,313
> 1:False:16,43:290,314
> 2:False:15,43:290,313
> 3:False:14,45:290,313
> 4:True:15,36:290,313
> 5:False:15,39:290,314
dwr-optimal-old-noisy/100/dwr_noisy_p05_hyp-3_full_2.tar.bz2:0.62616610527:0.0670024:0.63
> 0:False:15,40:288,300
> 1:False:16,43:288,301
> 2:False:15,43:288,300
> 3:False:14,45:288,300
> 4:True:15,36:288,300
> 5:False:15,40:288,301
dwr-optimal-old-noisy/100/dwr_noisy_p05_hyp-3_full_3.tar.bz2:0.617822885513:0.0680475:0.62
> 0:False:15,40:290,316
> 1:False:16,43:290,317
> 2:False:15,43:290,316
> 3:False:14,45:290,316
> 4:True:15,36:290,316
> 5:False:15,40:290,317
dwr-optimal-old-noisy/100/dwr_noisy_p05_hyp-4_full_1.tar.bz2:0.616324901581:0.05714121:0.61
> 0:False:15,41:284,271
> 1:False:16,38:284,272
> 2:False:15,37:284,271
> 3:True:14,32:284,271
> 4:False:15,38:284,271
> 5:False:15,39:284,272
dwr-optimal-old-noisy/100/dwr_noisy_p05_hyp-4_full_2.tar.bz2:0.615630149841:0.06038794:0.62
> 0:False:15,42:286,282
> 1:False:16,38:286,283
> 2:False:15,36:286,282
> 3:True:14,32:286,282
> 4:False:15,42:286,282
> 5:False:15,39:286,283
dwr-optimal-old-noisy/100/dwr_noisy_p05_hyp-4_full_3.tar.bz2:0.621901988983:0.06147715:0.62
> 0:False:15,42:286,296
> 1:False:16,38:286,297
> 2:False:15,37:286,296
> 3:True:14,32:286,296
> 4:False:15,41:286,296
> 5:False:15,39:286,297
