dwr-suboptimal-old-noisy/10/dwr_noisy_p02_hyp-1_10_1.tar.bz2:0.604167938232:0.0121717:0.61
> 0:True:9,9:90,22
> 1:True:10,10:90,23
> 2:True:11,11:90,24
> 3:True:10,10:90,23
> 4:True:10,10:90,23
> 5:True:10,10:90,23
> 6:True:11,11:90,24
> 7:True:9,9:90,22
dwr-suboptimal-old-noisy/10/dwr_noisy_p02_hyp-1_10_2.tar.bz2:0.60436797142:0.01408741:0.6
> 0:True:9,10:92,24
> 1:True:10,11:92,25
> 2:True:11,12:92,26
> 3:True:10,11:92,25
> 4:True:10,11:92,25
> 5:True:10,11:92,25
> 6:True:11,12:92,26
> 7:True:9,10:92,24
dwr-suboptimal-old-noisy/10/dwr_noisy_p02_hyp-1_10_3.tar.bz2:0.608871936798:0.01481943:0.61
> 0:True:9,10:90,21
> 1:True:10,11:90,22
> 2:True:11,12:90,23
> 3:True:10,11:90,22
> 4:True:10,11:90,22
> 5:True:10,11:90,22
> 6:True:11,12:90,23
> 7:True:9,10:90,21
dwr-suboptimal-old-noisy/10/dwr_noisy_p02_hyp-2_10_1.tar.bz2:0.603628873825:0.01332539:0.6
> 0:True:9,10:90,19
> 1:True:10,11:90,20
> 2:True:11,12:90,21
> 3:False:10,12:90,20
> 4:False:10,12:90,20
> 5:True:10,11:90,20
> 6:True:11,12:90,21
> 7:True:9,10:90,19
dwr-suboptimal-old-noisy/10/dwr_noisy_p02_hyp-2_10_2.tar.bz2:0.602558135986:0.01231704:0.6
> 0:False:9,11:92,26
> 1:False:10,11:92,27
> 2:False:11,13:92,28
> 3:False:10,11:92,27
> 4:False:10,12:92,27
> 5:False:10,11:92,27
> 6:False:11,12:92,28
> 7:True:9,9:92,26
dwr-suboptimal-old-noisy/10/dwr_noisy_p02_hyp-2_10_3.tar.bz2:0.60089802742:0.00941994:0.6
> 0:True:9,9:90,16
> 1:True:10,10:90,17
> 2:True:11,11:90,18
> 3:True:10,10:90,17
> 4:True:10,10:90,17
> 5:True:10,10:90,17
> 6:True:11,11:90,18
> 7:True:9,9:90,16
dwr-suboptimal-old-noisy/10/dwr_noisy_p02_hyp-3_10_1.tar.bz2:0.604954957962:0.01263539:0.6
> 0:True:9,10:90,19
> 1:True:10,11:90,20
> 2:True:11,12:90,21
> 3:False:10,12:90,20
> 4:False:10,12:90,20
> 5:True:10,11:90,20
> 6:True:11,12:90,21
> 7:True:9,10:90,19
dwr-suboptimal-old-noisy/10/dwr_noisy_p02_hyp-3_10_2.tar.bz2:0.605880022049:0.01631357:0.6
> 0:False:9,10:90,26
> 1:True:10,10:90,27
> 2:True:11,11:90,28
> 3:False:10,12:90,27
> 4:False:10,12:90,27
> 5:True:10,10:90,27
> 6:False:11,13:90,28
> 7:False:9,10:90,26
dwr-suboptimal-old-noisy/10/dwr_noisy_p02_hyp-3_10_3.tar.bz2:0.60387301445:0.01291652:0.61
> 0:True:9,10:92,22
> 1:False:10,12:92,23
> 2:True:11,12:92,24
> 3:False:10,12:92,23
> 4:False:10,12:92,23
> 5:False:10,12:92,23
> 6:False:11,13:92,24
> 7:False:9,11:92,22
dwr-suboptimal-old-noisy/10/dwr_noisy_p02_hyp-4_10_1.tar.bz2:0.602818965912:0.00963251:0.61
> 0:True:9,9:90,17
> 1:True:10,10:90,18
> 2:True:11,11:90,19
> 3:True:10,10:90,18
> 4:True:10,10:90,18
> 5:True:10,10:90,18
> 6:True:11,11:90,19
> 7:True:9,9:90,17
dwr-suboptimal-old-noisy/10/dwr_noisy_p02_hyp-4_10_2.tar.bz2:0.603004932404:0.00955236:0.61
> 0:False:9,10:90,18
> 1:True:10,10:90,19
> 2:False:11,12:90,20
> 3:True:10,10:90,19
> 4:True:10,10:90,19
> 5:True:10,10:90,19
> 6:True:11,11:90,20
> 7:True:9,9:90,18
dwr-suboptimal-old-noisy/10/dwr_noisy_p02_hyp-4_10_3.tar.bz2:0.601976156235:0.01131967:0.59
> 0:False:9,10:92,22
> 1:True:10,10:92,23
> 2:False:11,12:92,24
> 3:True:10,10:92,23
> 4:False:10,11:92,23
> 5:True:10,10:92,23
> 6:False:11,12:92,24
> 7:False:9,10:92,22
dwr-suboptimal-old-noisy/10/dwr_noisy_p04_hyp-1_10_1.tar.bz2:0.471634864807:0.01305041:0.47
> 0:False:8,10:116,28
> 1:False:9,11:116,29
> 2:True:10,11:116,30
> 3:False:8,10:116,28
> 4:True:9,10:116,29
> 5:False:8,10:116,28
dwr-suboptimal-old-noisy/10/dwr_noisy_p04_hyp-1_10_2.tar.bz2:0.46716594696:0.01151422:0.46
> 0:True:8,9:116,25
> 1:True:9,10:116,26
> 2:False:10,12:116,27
> 3:True:8,9:116,25
> 4:True:9,10:116,26
> 5:True:8,9:116,25
dwr-suboptimal-old-noisy/10/dwr_noisy_p04_hyp-1_10_3.tar.bz2:0.468168973923:0.01209356:0.47
> 0:True:8,10:114,19
> 1:True:9,11:114,20
> 2:False:10,13:114,21
> 3:False:8,11:114,19
> 4:True:9,11:114,20
> 5:True:8,10:114,19
dwr-suboptimal-old-noisy/10/dwr_noisy_p04_hyp-2_10_1.tar.bz2:0.47075510025:0.0139369:0.48
> 0:False:8,10:118,32
> 1:False:9,10:118,33
> 2:True:10,10:118,34
> 3:False:8,9:118,32
> 4:False:9,10:118,33
> 5:False:8,10:118,32
dwr-suboptimal-old-noisy/10/dwr_noisy_p04_hyp-2_10_2.tar.bz2:0.473206043243:0.01331911:0.47
> 0:False:8,11:118,27
> 1:True:9,11:118,28
> 2:True:10,12:118,29
> 3:True:8,10:118,27
> 4:True:9,11:118,28
> 5:False:8,11:118,27
dwr-suboptimal-old-noisy/10/dwr_noisy_p04_hyp-2_10_3.tar.bz2:0.469460010529:0.0120716:0.47
> 0:False:8,10:116,21
> 1:True:9,10:116,22
> 2:True:10,11:116,23
> 3:True:8,9:116,21
> 4:True:9,10:116,22
> 5:False:8,10:116,21
dwr-suboptimal-old-noisy/10/dwr_noisy_p04_hyp-3_10_1.tar.bz2:0.465732097626:0.01033159:0.48
> 0:False:8,9:114,20
> 1:True:9,9:114,21
> 2:False:10,11:114,22
> 3:False:8,9:114,20
> 4:True:9,9:114,21
> 5:False:8,9:114,20
dwr-suboptimal-old-noisy/10/dwr_noisy_p04_hyp-3_10_2.tar.bz2:0.466444969177:0.01052086:0.47
> 0:False:8,10:114,20
> 1:True:9,10:114,21
> 2:True:10,11:114,22
> 3:True:8,9:114,20
> 4:True:9,10:114,21
> 5:True:8,9:114,20
dwr-suboptimal-old-noisy/10/dwr_noisy_p04_hyp-3_10_3.tar.bz2:0.472486972809:0.01412281:0.47
> 0:False:8,11:116,36
> 1:True:9,10:116,37
> 2:True:10,11:116,38
> 3:False:8,10:116,36
> 4:True:9,10:116,37
> 5:False:8,10:116,36
dwr-suboptimal-old-noisy/10/dwr_noisy_p04_hyp-4_10_1.tar.bz2:0.467991828918:0.01060859:0.46
> 0:True:8,8:114,17
> 1:True:9,9:114,18
> 2:True:10,10:114,19
> 3:True:8,8:114,17
> 4:True:9,9:114,18
> 5:True:8,8:114,17
dwr-suboptimal-old-noisy/10/dwr_noisy_p04_hyp-4_10_2.tar.bz2:0.458227157593:0.00978571:0.46
> 0:True:8,8:114,18
> 1:True:9,9:114,19
> 2:True:10,10:114,20
> 3:True:8,8:114,18
> 4:True:9,9:114,19
> 5:True:8,8:114,18
dwr-suboptimal-old-noisy/10/dwr_noisy_p04_hyp-4_10_3.tar.bz2:0.470528125763:0.0113718:0.47
> 0:False:8,9:114,18
> 1:True:9,9:114,19
> 2:False:10,11:114,20
> 3:False:8,9:114,18
> 4:True:9,9:114,19
> 5:False:8,9:114,18
dwr-suboptimal-old-noisy/10/dwr_noisy_p05_hyp-1_10_1.tar.bz2:0.572161912918:0.02370474:0.57
> 0:False:13,19:270,48
> 1:False:14,19:270,49
> 2:True:13,16:270,48
> 3:False:13,18:270,48
> 4:False:13,17:270,48
> 5:True:14,17:270,49
dwr-suboptimal-old-noisy/10/dwr_noisy_p05_hyp-1_10_2.tar.bz2:0.570522069931:0.02324429:0.57
> 0:False:13,18:272,49
> 1:False:14,18:272,50
> 2:False:13,18:272,49
> 3:False:13,17:272,49
> 4:False:13,17:272,49
> 5:True:14,17:272,50
dwr-suboptimal-old-noisy/10/dwr_noisy_p05_hyp-1_10_3.tar.bz2:0.571915864944:0.02315235:0.58
> 0:True:13,18:270,54
> 1:True:14,19:270,55
> 2:False:13,20:270,54
> 3:False:13,21:270,54
> 4:True:13,18:270,54
> 5:True:14,19:270,55
dwr-suboptimal-old-noisy/10/dwr_noisy_p05_hyp-2_10_1.tar.bz2:0.574393987656:0.02354499:0.58
> 0:False:13,17:272,49
> 1:False:14,19:272,50
> 2:False:13,17:272,49
> 3:False:13,17:272,49
> 4:True:13,16:272,49
> 5:True:14,17:272,50
dwr-suboptimal-old-noisy/10/dwr_noisy_p05_hyp-2_10_2.tar.bz2:0.576939821243:0.02705597:0.58
> 0:False:13,21:274,64
> 1:True:14,21:274,65
> 2:False:13,21:274,64
> 3:False:13,22:274,64
> 4:False:13,21:274,64
> 5:False:14,22:274,65
dwr-suboptimal-old-noisy/10/dwr_noisy_p05_hyp-2_10_3.tar.bz2:0.572920084:0.0252015:0.58
> 0:True:13,16:272,58
> 1:True:14,17:272,59
> 2:True:13,16:272,58
> 3:False:13,18:272,58
> 4:False:13,18:272,58
> 5:True:14,17:272,59
dwr-suboptimal-old-noisy/10/dwr_noisy_p05_hyp-3_10_1.tar.bz2:0.568331003189:0.01965586:0.57
> 0:False:13,17:268,40
> 1:True:14,17:268,41
> 2:False:13,17:268,40
> 3:True:13,16:268,40
> 4:False:13,17:268,40
> 5:True:14,17:268,41
dwr-suboptimal-old-noisy/10/dwr_noisy_p05_hyp-3_10_2.tar.bz2:0.565895080566:0.02179438:0.56
> 0:True:13,18:270,48
> 1:False:14,20:270,49
> 2:False:13,19:270,48
> 3:False:13,20:270,48
> 4:True:13,18:270,48
> 5:True:14,19:270,49
dwr-suboptimal-old-noisy/10/dwr_noisy_p05_hyp-3_10_3.tar.bz2:0.571150064468:0.02310108:0.57
> 0:False:13,17:270,50
> 1:False:14,19:270,51
> 2:False:13,17:270,50
> 3:False:13,17:270,50
> 4:True:13,16:270,50
> 5:False:14,18:270,51
dwr-suboptimal-old-noisy/10/dwr_noisy_p05_hyp-4_10_1.tar.bz2:0.570032119751:0.02280693:0.56
> 0:False:13,18:270,45
> 1:False:14,20:270,46
> 2:False:13,18:270,45
> 3:False:13,17:270,45
> 4:False:13,17:270,45
> 5:True:14,17:270,46
dwr-suboptimal-old-noisy/10/dwr_noisy_p05_hyp-4_10_2.tar.bz2:0.566555023193:0.02056022:0.57
> 0:True:13,15:270,42
> 1:False:14,18:270,43
> 2:False:13,16:270,42
> 3:True:13,15:270,42
> 4:True:13,15:270,42
> 5:False:14,17:270,43
dwr-suboptimal-old-noisy/10/dwr_noisy_p05_hyp-4_10_3.tar.bz2:0.570827007294:0.02322831:0.57
> 0:False:13,18:270,45
> 1:False:14,19:270,46
> 2:False:13,18:270,45
> 3:True:13,17:270,45
> 4:False:13,18:270,45
> 5:False:14,19:270,46
dwr-suboptimal-old-noisy/30/dwr_noisy_p02_hyp-1_30_1.tar.bz2:0.611102819443:0.01743298:0.62
> 0:True:9,13:100,47
> 1:False:10,15:100,48
> 2:True:11,15:100,49
> 3:False:10,15:100,48
> 4:False:10,17:100,48
> 5:False:10,15:100,48
> 6:False:11,16:100,49
> 7:False:9,14:100,47
dwr-suboptimal-old-noisy/30/dwr_noisy_p02_hyp-1_30_2.tar.bz2:0.60190987587:0.01109:0.61
> 0:True:9,10:96,30
> 1:True:10,11:96,31
> 2:True:11,12:96,32
> 3:True:10,11:96,31
> 4:True:10,11:96,31
> 5:True:10,11:96,31
> 6:False:11,13:96,32
> 7:False:9,11:96,30
dwr-suboptimal-old-noisy/30/dwr_noisy_p02_hyp-1_30_3.tar.bz2:0.606389045715:0.01800653:0.6
> 0:False:9,13:100,55
> 1:False:10,15:100,56
> 2:True:11,14:100,57
> 3:False:10,16:100,56
> 4:False:10,15:100,56
> 5:False:10,14:100,56
> 6:False:11,16:100,57
> 7:False:9,14:100,55
dwr-suboptimal-old-noisy/30/dwr_noisy_p02_hyp-2_30_1.tar.bz2:0.612426042557:0.01841956:0.6
> 0:False:9,15:98,42
> 1:True:10,14:98,43
> 2:False:11,16:98,44
> 3:False:10,16:98,43
> 4:False:10,16:98,43
> 5:False:10,15:98,43
> 6:False:11,16:98,44
> 7:False:9,14:98,42
dwr-suboptimal-old-noisy/30/dwr_noisy_p02_hyp-2_30_2.tar.bz2:0.614836931229:0.01867908:0.62
> 0:False:9,14:98,45
> 1:True:10,14:98,46
> 2:True:11,15:98,47
> 3:False:10,16:98,46
> 4:False:10,16:98,46
> 5:False:10,15:98,46
> 6:False:11,16:98,47
> 7:False:9,14:98,45
dwr-suboptimal-old-noisy/30/dwr_noisy_p02_hyp-2_30_3.tar.bz2:0.608023881912:0.01658882:0.61
> 0:False:9,13:96,36
> 1:True:10,12:96,37
> 2:False:11,14:96,38
> 3:False:10,13:96,37
> 4:False:10,15:96,37
> 5:False:10,14:96,37
> 6:True:11,13:96,38
> 7:False:9,12:96,36
dwr-suboptimal-old-noisy/30/dwr_noisy_p02_hyp-3_30_1.tar.bz2:0.612192869186:0.0191354:0.62
> 0:False:9,12:100,46
> 1:False:10,13:100,47
> 2:True:11,13:100,48
> 3:False:10,14:100,47
> 4:False:10,14:100,47
> 5:True:10,12:100,47
> 6:False:11,14:100,48
> 7:False:9,13:100,46
dwr-suboptimal-old-noisy/30/dwr_noisy_p02_hyp-3_30_2.tar.bz2:0.611126899719:0.01788356:0.6
> 0:False:9,14:100,46
> 1:False:10,15:100,47
> 2:True:11,14:100,48
> 3:False:10,15:100,47
> 4:False:10,15:100,47
> 5:False:10,15:100,47
> 6:False:11,16:100,48
> 7:False:9,15:100,46
dwr-suboptimal-old-noisy/30/dwr_noisy_p02_hyp-3_30_3.tar.bz2:0.605672121048:0.01500058:0.61
> 0:False:9,11:98,41
> 1:True:10,11:98,42
> 2:True:11,12:98,43
> 3:False:10,13:98,42
> 4:False:10,14:98,42
> 5:False:10,12:98,42
> 6:False:11,13:98,43
> 7:False:9,12:98,41
dwr-suboptimal-old-noisy/30/dwr_noisy_p02_hyp-4_30_1.tar.bz2:0.611236095428:0.01927698:0.6
> 0:False:9,15:100,55
> 1:False:10,17:100,56
> 2:False:11,16:100,57
> 3:True:10,14:100,56
> 4:False:10,15:100,56
> 5:False:10,16:100,56
> 6:False:11,16:100,57
> 7:False:9,16:100,55
dwr-suboptimal-old-noisy/30/dwr_noisy_p02_hyp-4_30_2.tar.bz2:0.607829093933:0.01761912:0.61
> 0:False:9,16:100,40
> 1:True:10,15:100,41
> 2:False:11,17:100,42
> 3:False:10,16:100,41
> 4:False:10,16:100,41
> 5:True:10,15:100,41
> 6:True:11,16:100,42
> 7:False:9,15:100,40
dwr-suboptimal-old-noisy/30/dwr_noisy_p02_hyp-4_30_3.tar.bz2:0.608416795731:0.01599784:0.61
> 0:False:9,14:98,41
> 1:False:10,15:98,42
> 2:True:11,15:98,43
> 3:True:10,14:98,42
> 4:False:10,15:98,42
> 5:False:10,15:98,42
> 6:True:11,15:98,43
> 7:False:9,14:98,41
dwr-suboptimal-old-noisy/30/dwr_noisy_p04_hyp-1_30_1.tar.bz2:0.469408988953:0.01208085:0.46
> 0:True:8,10:122,34
> 1:False:9,12:122,35
> 2:False:10,14:122,36
> 3:False:8,12:122,34
> 4:False:9,13:122,35
> 5:True:8,10:122,34
dwr-suboptimal-old-noisy/30/dwr_noisy_p04_hyp-1_30_2.tar.bz2:0.468565940857:0.01437452:0.46
> 0:True:8,11:124,43
> 1:False:9,14:124,44
> 2:False:10,15:124,45
> 3:False:8,13:124,43
> 4:False:9,13:124,44
> 5:False:8,12:124,43
dwr-suboptimal-old-noisy/30/dwr_noisy_p04_hyp-1_30_3.tar.bz2:0.465012788773:0.00982986:0.46
> 0:False:8,12:122,28
> 1:True:9,12:122,29
> 2:False:10,14:122,30
> 3:False:8,12:122,28
> 4:True:9,12:122,29
> 5:False:8,12:122,28
dwr-suboptimal-old-noisy/30/dwr_noisy_p04_hyp-2_30_1.tar.bz2:0.471535205841:0.01488997:0.47
> 0:False:8,13:124,39
> 1:True:9,11:124,40
> 2:True:10,12:124,41
> 3:True:8,10:124,39
> 4:True:9,11:124,40
> 5:False:8,13:124,39
dwr-suboptimal-old-noisy/30/dwr_noisy_p04_hyp-2_30_2.tar.bz2:0.472811222076:0.01590881:0.47
> 0:False:8,12:126,46
> 1:False:9,12:126,47
> 2:True:10,12:126,48
> 3:False:8,12:126,46
> 4:True:9,11:126,47
> 5:False:8,12:126,46
dwr-suboptimal-old-noisy/30/dwr_noisy_p04_hyp-2_30_3.tar.bz2:0.464191913605:0.01091087:0.47
> 0:False:8,13:124,38
> 1:True:9,12:124,39
> 2:True:10,13:124,40
> 3:True:8,11:124,38
> 4:True:9,12:124,39
> 5:False:8,12:124,38
dwr-suboptimal-old-noisy/30/dwr_noisy_p04_hyp-3_30_1.tar.bz2:0.472175121307:0.01539974:0.48
> 0:False:8,13:124,42
> 1:True:9,13:124,43
> 2:True:10,14:124,44
> 3:True:8,12:124,42
> 4:True:9,13:124,43
> 5:True:8,12:124,42
dwr-suboptimal-old-noisy/30/dwr_noisy_p04_hyp-3_30_2.tar.bz2:0.472826004028:0.01601257:0.47
> 0:False:8,13:124,51
> 1:True:9,12:124,52
> 2:True:10,13:124,53
> 3:False:8,12:124,51
> 4:False:9,13:124,52
> 5:False:8,13:124,51
dwr-suboptimal-old-noisy/30/dwr_noisy_p04_hyp-3_30_3.tar.bz2:0.472687005997:0.01818557:0.47
> 0:False:8,15:126,60
> 1:True:9,13:126,61
> 2:True:10,14:126,62
> 3:False:8,13:126,60
> 4:False:9,14:126,61
> 5:False:8,15:126,60
dwr-suboptimal-old-noisy/30/dwr_noisy_p04_hyp-4_30_1.tar.bz2:0.470911026001:0.01333151:0.47
> 0:False:8,15:122,38
> 1:True:9,15:122,39
> 2:True:10,16:122,40
> 3:True:8,14:122,38
> 4:True:9,15:122,39
> 5:False:8,16:122,38
dwr-suboptimal-old-noisy/30/dwr_noisy_p04_hyp-4_30_2.tar.bz2:0.469053030014:0.01367679:0.47
> 0:False:8,13:122,41
> 1:False:9,12:122,42
> 2:True:10,12:122,43
> 3:False:8,12:122,41
> 4:True:9,11:122,42
> 5:False:8,12:122,41
dwr-suboptimal-old-noisy/30/dwr_noisy_p04_hyp-4_30_3.tar.bz2:0.469324111938:0.01290532:0.47
> 0:False:8,12:122,36
> 1:True:9,12:122,37
> 2:False:10,14:122,38
> 3:False:8,12:122,36
> 4:False:9,13:122,37
> 5:False:8,12:122,36
dwr-suboptimal-old-noisy/30/dwr_noisy_p05_hyp-1_30_1.tar.bz2:0.585736036301:0.03724994:0.59
> 0:True:13,30:290,115
> 1:False:14,32:290,116
> 2:False:13,32:290,115
> 3:False:13,33:290,115
> 4:True:13,30:290,115
> 5:True:14,31:290,116
dwr-suboptimal-old-noisy/30/dwr_noisy_p05_hyp-1_30_2.tar.bz2:0.580934047699:0.03699918:0.59
> 0:True:13,27:290,106
> 1:True:14,28:290,107
> 2:True:13,27:290,106
> 3:False:13,30:290,106
> 4:False:13,28:290,106
> 5:True:14,28:290,107
dwr-suboptimal-old-noisy/30/dwr_noisy_p05_hyp-1_30_3.tar.bz2:0.587878227234:0.03785383:0.59
> 0:False:13,29:294,118
> 1:True:14,29:294,119
> 2:False:13,29:294,118
> 3:False:13,30:294,118
> 4:False:13,30:294,118
> 5:False:14,31:294,119
dwr-suboptimal-old-noisy/30/dwr_noisy_p05_hyp-2_30_1.tar.bz2:0.587954998016:0.03931246:0.59
> 0:False:13,31:292,128
> 1:False:14,30:292,129
> 2:False:13,30:292,128
> 3:False:13,31:292,128
> 4:False:13,29:292,128
> 5:True:14,29:292,129
dwr-suboptimal-old-noisy/30/dwr_noisy_p05_hyp-2_30_2.tar.bz2:0.583969831467:0.03471602:0.59
> 0:False:13,30:286,103
> 1:True:14,29:286,104
> 2:False:13,30:286,103
> 3:False:13,30:286,103
> 4:False:13,31:286,103
> 5:False:14,32:286,104
dwr-suboptimal-old-noisy/30/dwr_noisy_p05_hyp-2_30_3.tar.bz2:0.579663991928:0.03155422:0.57
> 0:True:13,29:282,84
> 1:True:14,30:282,85
> 2:False:13,31:282,84
> 3:False:13,32:282,84
> 4:False:13,30:282,84
> 5:False:14,31:282,85
dwr-suboptimal-old-noisy/30/dwr_noisy_p05_hyp-3_30_1.tar.bz2:0.57714009285:0.03110726:0.57
> 0:False:13,26:284,76
> 1:True:14,26:284,77
> 2:False:13,26:284,76
> 3:False:13,27:284,76
> 4:False:13,26:284,76
> 5:True:14,26:284,77
dwr-suboptimal-old-noisy/30/dwr_noisy_p05_hyp-3_30_2.tar.bz2:0.586236953735:0.03479524:0.58
> 0:False:13,27:290,102
> 1:False:14,29:290,103
> 2:False:13,30:290,102
> 3:False:13,28:290,102
> 4:True:13,25:290,102
> 5:False:14,27:290,103
dwr-suboptimal-old-noisy/30/dwr_noisy_p05_hyp-3_30_3.tar.bz2:0.573241949081:0.02819885:0.58
> 0:False:13,24:282,80
> 1:False:14,26:282,81
> 2:False:13,25:282,80
> 3:False:13,24:282,80
> 4:True:13,21:282,80
> 5:True:14,22:282,81
dwr-suboptimal-old-noisy/30/dwr_noisy_p05_hyp-4_30_1.tar.bz2:0.579678058624:0.03145463:0.57
> 0:False:13,28:282,82
> 1:False:14,28:282,83
> 2:False:13,29:282,82
> 3:True:13,25:282,82
> 4:False:13,26:282,82
> 5:False:14,27:282,83
dwr-suboptimal-old-noisy/30/dwr_noisy_p05_hyp-4_30_2.tar.bz2:0.581427812576:0.03111568:0.58
> 0:False:13,25:284,85
> 1:False:14,25:284,86
> 2:False:13,24:284,85
> 3:False:13,24:284,85
> 4:False:13,25:284,85
> 5:True:14,24:284,86
dwr-suboptimal-old-noisy/30/dwr_noisy_p05_hyp-4_30_3.tar.bz2:0.582768917084:0.03155634:0.58
> 0:False:13,26:284,81
> 1:False:14,26:284,82
> 2:False:13,26:284,81
> 3:False:13,24:284,81
> 4:False:13,24:284,81
> 5:True:14,24:284,82
dwr-suboptimal-old-noisy/50/dwr_noisy_p02_hyp-1_50_1.tar.bz2:0.607580900192:0.01709878:0.61
> 0:False:9,15:106,62
> 1:True:10,15:106,63
> 2:True:11,16:106,64
> 3:False:10,16:106,63
> 4:True:10,15:106,63
> 5:True:10,15:106,63
> 6:False:11,18:106,64
> 7:False:9,15:106,62
dwr-suboptimal-old-noisy/50/dwr_noisy_p02_hyp-1_50_2.tar.bz2:0.612488031387:0.02023864:0.6
> 0:False:9,14:106,65
> 1:False:10,15:106,66
> 2:True:11,14:106,67
> 3:False:10,16:106,66
> 4:False:10,16:106,66
> 5:False:10,15:106,66
> 6:False:11,17:106,67
> 7:False:9,16:106,65
dwr-suboptimal-old-noisy/50/dwr_noisy_p02_hyp-1_50_3.tar.bz2:0.612387895584:0.02085001:0.61
> 0:False:9,16:106,66
> 1:False:10,18:106,67
> 2:True:11,16:106,68
> 3:False:10,18:106,67
> 4:False:10,18:106,67
> 5:False:10,18:106,67
> 6:False:11,19:106,68
> 7:False:9,17:106,66
dwr-suboptimal-old-noisy/50/dwr_noisy_p02_hyp-2_50_1.tar.bz2:0.613680839539:0.01789182:0.63
> 0:False:9,14:104,61
> 1:True:10,14:104,62
> 2:True:11,15:104,63
> 3:False:10,15:104,62
> 4:False:10,16:104,62
> 5:False:10,15:104,62
> 6:True:11,15:104,63
> 7:True:9,13:104,61
dwr-suboptimal-old-noisy/50/dwr_noisy_p02_hyp-2_50_2.tar.bz2:0.611237049103:0.01429167:0.61
> 0:True:9,13:104,53
> 1:False:10,15:104,54
> 2:True:11,15:104,55
> 3:False:10,17:104,54
> 4:False:10,17:104,54
> 5:False:10,15:104,54
> 6:False:11,17:104,55
> 7:True:9,13:104,53
dwr-suboptimal-old-noisy/50/dwr_noisy_p02_hyp-2_50_3.tar.bz2:0.612983942032:0.01988549:0.61
> 0:False:9,18:104,52
> 1:True:10,16:104,53
> 2:False:11,18:104,54
> 3:False:10,17:104,53
> 4:False:10,19:104,53
> 5:False:10,17:104,53
> 6:True:11,17:104,54
> 7:False:9,17:104,52
dwr-suboptimal-old-noisy/50/dwr_noisy_p02_hyp-3_50_1.tar.bz2:0.610563993454:0.01732292:0.6
> 0:False:9,16:104,58
> 1:False:10,15:104,59
> 2:True:11,15:104,60
> 3:False:10,17:104,59
> 4:False:10,17:104,59
> 5:False:10,16:104,59
> 6:False:11,18:104,60
> 7:False:9,17:104,58
dwr-suboptimal-old-noisy/50/dwr_noisy_p02_hyp-3_50_2.tar.bz2:0.610666036606:0.02138559:0.61
> 0:False:9,17:104,59
> 1:False:10,17:104,60
> 2:True:11,16:104,61
> 3:False:10,19:104,60
> 4:False:10,18:104,60
> 5:False:10,18:104,60
> 6:False:11,20:104,61
> 7:False:9,17:104,59
dwr-suboptimal-old-noisy/50/dwr_noisy_p02_hyp-3_50_3.tar.bz2:0.618633985519:0.01896231:0.61
> 0:False:9,14:104,48
> 1:False:10,17:104,49
> 2:True:11,15:104,50
> 3:False:10,16:104,49
> 4:False:10,16:104,49
> 5:False:10,16:104,49
> 6:False:11,17:104,50
> 7:False:9,16:104,48
dwr-suboptimal-old-noisy/50/dwr_noisy_p02_hyp-4_50_1.tar.bz2:0.60737490654:0.01504391:0.61
> 0:False:9,14:106,58
> 1:True:10,14:106,59
> 2:False:11,16:106,60
> 3:False:10,15:106,59
> 4:False:10,15:106,59
> 5:True:10,14:106,59
> 6:True:11,15:106,60
> 7:False:9,14:106,58
dwr-suboptimal-old-noisy/50/dwr_noisy_p02_hyp-4_50_2.tar.bz2:0.608690023422:0.01844793:0.6
> 0:False:9,17:106,55
> 1:False:10,17:106,56
> 2:False:11,18:106,57
> 3:False:10,17:106,56
> 4:True:10,16:106,56
> 5:False:10,17:106,56
> 6:False:11,18:106,57
> 7:False:9,17:106,55
dwr-suboptimal-old-noisy/50/dwr_noisy_p02_hyp-4_50_3.tar.bz2:0.607820987701:0.01440532:0.61
> 0:False:9,15:106,55
> 1:False:10,17:106,56
> 2:False:11,18:106,57
> 3:True:10,14:106,56
> 4:True:10,14:106,56
> 5:False:10,16:106,56
> 6:False:11,16:106,57
> 7:False:9,15:106,55
dwr-suboptimal-old-noisy/50/dwr_noisy_p04_hyp-1_50_1.tar.bz2:0.471217155457:0.01367646:0.46
> 0:True:8,12:126,46
> 1:False:9,14:126,47
> 2:False:10,16:126,48
> 3:False:8,14:126,46
> 4:False:9,14:126,47
> 5:True:8,12:126,46
dwr-suboptimal-old-noisy/50/dwr_noisy_p04_hyp-1_50_2.tar.bz2:0.475986003876:0.01442921:0.47
> 0:True:8,13:124,47
> 1:True:9,14:124,48
> 2:False:10,16:124,49
> 3:False:8,14:124,47
> 4:True:9,14:124,48
> 5:True:8,13:124,47
dwr-suboptimal-old-noisy/50/dwr_noisy_p04_hyp-1_50_3.tar.bz2:0.467497110367:0.01155502:0.47
> 0:True:8,13:124,41
> 1:False:9,15:124,42
> 2:False:10,17:124,43
> 3:False:8,15:124,41
> 4:False:9,15:124,42
> 5:False:8,14:124,41
dwr-suboptimal-old-noisy/50/dwr_noisy_p04_hyp-2_50_1.tar.bz2:0.474576950073:0.01785651:0.48
> 0:False:8,20:134,77
> 1:False:9,19:134,78
> 2:True:10,19:134,79
> 3:False:8,19:134,77
> 4:True:9,18:134,78
> 5:False:8,20:134,77
dwr-suboptimal-old-noisy/50/dwr_noisy_p04_hyp-2_50_2.tar.bz2:0.477162122726:0.01885891:0.48
> 0:False:8,18:132,67
> 1:False:9,18:132,68
> 2:True:10,17:132,69
> 3:False:8,17:132,67
> 4:False:9,18:132,68
> 5:False:8,17:132,67
dwr-suboptimal-old-noisy/50/dwr_noisy_p04_hyp-2_50_3.tar.bz2:0.479339838028:0.01865902:0.48
> 0:False:8,18:132,66
> 1:False:9,17:132,67
> 2:True:10,17:132,68
> 3:False:8,17:132,66
> 4:False:9,17:132,67
> 5:False:8,18:132,66
dwr-suboptimal-old-noisy/50/dwr_noisy_p04_hyp-3_50_1.tar.bz2:0.476217985153:0.01515297:0.47
> 0:False:8,15:128,50
> 1:True:9,13:128,51
> 2:False:10,16:128,52
> 3:False:8,14:128,50
> 4:False:9,14:128,51
> 5:False:8,15:128,50
dwr-suboptimal-old-noisy/50/dwr_noisy_p04_hyp-3_50_2.tar.bz2:0.475168943405:0.01614577:0.48
> 0:False:8,16:130,61
> 1:True:9,15:130,62
> 2:True:10,16:130,63
> 3:False:8,15:130,61
> 4:False:9,16:130,62
> 5:False:8,16:130,61
dwr-suboptimal-old-noisy/50/dwr_noisy_p04_hyp-3_50_3.tar.bz2:0.47159409523:0.01675562:0.47
> 0:False:8,17:132,69
> 1:True:9,17:132,70
> 2:True:10,18:132,71
> 3:False:8,17:132,69
> 4:True:9,17:132,70
> 5:False:8,18:132,69
dwr-suboptimal-old-noisy/50/dwr_noisy_p04_hyp-4_50_1.tar.bz2:0.474678993225:0.01570928:0.48
> 0:False:8,15:130,52
> 1:True:9,15:130,53
> 2:False:10,17:130,54
> 3:False:8,15:130,52
> 4:True:9,15:130,53
> 5:False:8,15:130,52
dwr-suboptimal-old-noisy/50/dwr_noisy_p04_hyp-4_50_2.tar.bz2:0.473047018051:0.01529544:0.47
> 0:False:8,16:130,54
> 1:True:9,16:130,55
> 2:True:10,17:130,56
> 3:True:8,15:130,54
> 4:True:9,16:130,55
> 5:False:8,16:130,54
dwr-suboptimal-old-noisy/50/dwr_noisy_p04_hyp-4_50_3.tar.bz2:0.472513914108:0.01551668:0.48
> 0:False:8,14:128,50
> 1:False:9,14:128,51
> 2:False:10,15:128,52
> 3:False:8,14:128,50
> 4:True:9,13:128,51
> 5:False:8,14:128,50
dwr-suboptimal-old-noisy/50/dwr_noisy_p05_hyp-1_50_1.tar.bz2:0.596482038498:0.05330473:0.6
> 0:False:13,42:310,192
> 1:True:14,42:310,193
> 2:False:13,43:310,192
> 3:False:13,43:310,192
> 4:False:13,43:310,192
> 5:False:14,44:310,193
dwr-suboptimal-old-noisy/50/dwr_noisy_p05_hyp-1_50_2.tar.bz2:0.591073036194:0.04197095:0.58
> 0:True:13,38:304,156
> 1:True:14,39:304,157
> 2:False:13,40:304,156
> 3:False:13,39:304,156
> 4:False:13,39:304,156
> 5:False:14,40:304,157
dwr-suboptimal-old-noisy/50/dwr_noisy_p05_hyp-1_50_3.tar.bz2:0.59697508812:0.04728388:0.58
> 0:False:13,41:302,161
> 1:False:14,42:302,162
> 2:False:13,43:302,161
> 3:False:13,43:302,161
> 4:False:13,41:302,161
> 5:True:14,41:302,162
dwr-suboptimal-old-noisy/50/dwr_noisy_p05_hyp-2_50_1.tar.bz2:0.595618009567:0.04861171:0.59
> 0:False:13,44:306,175
> 1:True:14,44:306,176
> 2:False:13,44:306,175
> 3:False:13,45:306,175
> 4:False:13,44:306,175
> 5:False:14,45:306,176
dwr-suboptimal-old-noisy/50/dwr_noisy_p05_hyp-2_50_2.tar.bz2:0.597500085831:0.04998439:0.6
> 0:False:13,39:304,181
> 1:True:14,39:304,182
> 2:False:13,40:304,181
> 3:False:13,39:304,181
> 4:False:13,39:304,181
> 5:True:14,39:304,182
dwr-suboptimal-old-noisy/50/dwr_noisy_p05_hyp-2_50_3.tar.bz2:0.591933965683:0.04624864:0.59
> 0:False:13,39:302,160
> 1:True:14,38:302,161
> 2:False:13,40:302,160
> 3:False:13,39:302,160
> 4:False:13,39:302,160
> 5:False:14,40:302,161
dwr-suboptimal-old-noisy/50/dwr_noisy_p05_hyp-3_50_1.tar.bz2:0.591130971909:0.04137223:0.59
> 0:False:13,34:298,126
> 1:False:14,37:298,127
> 2:False:13,34:298,126
> 3:False:13,33:298,126
> 4:False:13,32:298,126
> 5:True:14,32:298,127
dwr-suboptimal-old-noisy/50/dwr_noisy_p05_hyp-3_50_2.tar.bz2:0.594641923904:0.0442791:0.6
> 0:False:13,34:300,146
> 1:False:14,36:300,147
> 2:False:13,35:300,146
> 3:False:13,34:300,146
> 4:True:13,32:300,146
> 5:True:14,33:300,147
dwr-suboptimal-old-noisy/50/dwr_noisy_p05_hyp-3_50_3.tar.bz2:0.584787845612:0.03535119:0.59
> 0:False:13,35:294,108
> 1:False:14,36:294,109
> 2:False:13,34:294,108
> 3:False:13,34:294,108
> 4:True:13,32:294,108
> 5:True:14,33:294,109
dwr-suboptimal-old-noisy/50/dwr_noisy_p05_hyp-4_50_1.tar.bz2:0.587396144867:0.03988735:0.58
> 0:False:13,35:296,124
> 1:False:14,35:296,125
> 2:False:13,34:296,124
> 3:True:13,31:296,124
> 4:False:13,33:296,124
> 5:False:14,33:296,125
dwr-suboptimal-old-noisy/50/dwr_noisy_p05_hyp-4_50_2.tar.bz2:0.58439207077:0.03858568:0.58
> 0:True:13,33:296,121
> 1:True:14,34:296,122
> 2:True:13,33:296,121
> 3:True:13,33:296,121
> 4:False:13,34:296,121
> 5:True:14,34:296,122
dwr-suboptimal-old-noisy/50/dwr_noisy_p05_hyp-4_50_3.tar.bz2:0.588298082352:0.03760882:0.59
> 0:False:13,33:296,113
> 1:False:14,32:296,114
> 2:False:13,32:296,113
> 3:False:13,30:296,113
> 4:False:13,30:296,113
> 5:True:14,30:296,114
dwr-suboptimal-old-noisy/70/dwr_noisy_p02_hyp-1_70_1.tar.bz2:0.615643978119:0.01911181:0.63
> 0:False:9,17:110,74
> 1:False:10,19:110,75
> 2:True:11,17:110,76
> 3:False:10,20:110,75
> 4:False:10,20:110,75
> 5:False:10,19:110,75
> 6:False:11,20:110,76
> 7:False:9,19:110,74
dwr-suboptimal-old-noisy/70/dwr_noisy_p02_hyp-1_70_2.tar.bz2:0.61269402504:0.01823152:0.61
> 0:False:9,17:112,69
> 1:False:10,19:112,70
> 2:True:11,18:112,71
> 3:False:10,19:112,70
> 4:False:10,18:112,70
> 5:False:10,18:112,70
> 6:False:11,19:112,71
> 7:False:9,18:112,69
dwr-suboptimal-old-noisy/70/dwr_noisy_p02_hyp-1_70_3.tar.bz2:0.614305973053:0.02048676:0.61
> 0:False:9,16:112,83
> 1:False:10,17:112,84
> 2:True:11,16:112,85
> 3:False:10,18:112,84
> 4:False:10,18:112,84
> 5:False:10,18:112,84
> 6:False:11,18:112,85
> 7:False:9,17:112,83
dwr-suboptimal-old-noisy/70/dwr_noisy_p02_hyp-2_70_1.tar.bz2:0.612071990967:0.0179886:0.62
> 0:False:9,19:108,73
> 1:True:10,18:108,74
> 2:False:11,20:108,75
> 3:False:10,20:108,74
> 4:False:10,21:108,74
> 5:False:10,19:108,74
> 6:False:11,20:108,75
> 7:False:9,18:108,73
dwr-suboptimal-old-noisy/70/dwr_noisy_p02_hyp-2_70_2.tar.bz2:0.614774942398:0.01784714:0.61
> 0:False:9,18:112,78
> 1:False:10,18:112,79
> 2:True:11,18:112,80
> 3:False:10,19:112,79
> 4:False:10,19:112,79
> 5:False:10,18:112,79
> 6:True:11,18:112,80
> 7:False:9,17:112,78
dwr-suboptimal-old-noisy/70/dwr_noisy_p02_hyp-2_70_3.tar.bz2:0.611093044281:0.01895888:0.61
> 0:False:9,20:114,75
> 1:True:10,19:114,76
> 2:False:11,22:114,77
> 3:False:10,22:114,76
> 4:False:10,22:114,76
> 5:True:10,19:114,76
> 6:False:11,22:114,77
> 7:False:9,19:114,75
dwr-suboptimal-old-noisy/70/dwr_noisy_p02_hyp-3_70_1.tar.bz2:0.61305308342:0.01837827:0.62
> 0:False:9,16:110,69
> 1:False:10,16:110,70
> 2:True:11,16:110,71
> 3:False:10,17:110,70
> 4:False:10,17:110,70
> 5:False:10,17:110,70
> 6:False:11,18:110,71
> 7:False:9,17:110,69
dwr-suboptimal-old-noisy/70/dwr_noisy_p02_hyp-3_70_2.tar.bz2:0.618287086487:0.02305824:0.62
> 0:False:9,17:114,82
> 1:False:10,18:114,83
> 2:True:11,17:114,84
> 3:False:10,18:114,83
> 4:False:10,18:114,83
> 5:False:10,18:114,83
> 6:False:11,19:114,84
> 7:False:9,17:114,82
dwr-suboptimal-old-noisy/70/dwr_noisy_p02_hyp-3_70_3.tar.bz2:0.617007017136:0.02243884:0.62
> 0:False:9,17:114,78
> 1:False:10,16:114,79
> 2:True:11,16:114,80
> 3:False:10,18:114,79
> 4:False:10,19:114,79
> 5:False:10,17:114,79
> 6:False:11,19:114,80
> 7:False:9,18:114,78
dwr-suboptimal-old-noisy/70/dwr_noisy_p02_hyp-4_70_1.tar.bz2:0.609159946442:0.01551179:0.62
> 0:False:9,18:110,60
> 1:False:10,18:110,61
> 2:False:11,19:110,62
> 3:True:10,15:110,61
> 4:False:10,16:110,61
> 5:False:10,19:110,61
> 6:False:11,18:110,62
> 7:False:9,18:110,60
dwr-suboptimal-old-noisy/70/dwr_noisy_p02_hyp-4_70_2.tar.bz2:0.613460063934:0.01938366:0.61
> 0:False:9,19:112,69
> 1:False:10,18:112,70
> 2:False:11,20:112,71
> 3:True:10,17:112,70
> 4:False:10,18:112,70
> 5:False:10,19:112,70
> 6:False:11,19:112,71
> 7:False:9,19:112,69
dwr-suboptimal-old-noisy/70/dwr_noisy_p02_hyp-4_70_3.tar.bz2:0.608813047409:0.01526124:0.62
> 0:False:9,17:108,58
> 1:True:10,17:108,59
> 2:False:11,19:108,60
> 3:True:10,17:108,59
> 4:False:10,18:108,59
> 5:True:10,17:108,59
> 6:True:11,18:108,60
> 7:False:9,17:108,58
dwr-suboptimal-old-noisy/70/dwr_noisy_p04_hyp-1_70_1.tar.bz2:0.475513935089:0.01776876:0.48
> 0:True:8,18:136,74
> 1:True:9,19:136,75
> 2:True:10,20:136,76
> 3:False:8,19:136,74
> 4:False:9,20:136,75
> 5:True:8,18:136,74
dwr-suboptimal-old-noisy/70/dwr_noisy_p04_hyp-1_70_2.tar.bz2:0.473516941071:0.01617463:0.47
> 0:False:8,17:130,55
> 1:False:9,18:130,56
> 2:False:10,19:130,57
> 3:False:8,18:130,55
> 4:True:9,17:130,56
> 5:False:8,18:130,55
dwr-suboptimal-old-noisy/70/dwr_noisy_p04_hyp-1_70_3.tar.bz2:0.471487998962:0.01214516:0.47
> 0:True:8,13:130,49
> 1:True:9,14:130,50
> 2:False:10,16:130,51
> 3:False:8,14:130,49
> 4:True:9,14:130,50
> 5:False:8,14:130,49
dwr-suboptimal-old-noisy/70/dwr_noisy_p04_hyp-2_70_1.tar.bz2:0.478342056274:0.01836539:0.47
> 0:False:8,20:134,67
> 1:False:9,18:134,68
> 2:True:10,18:134,69
> 3:False:8,18:134,67
> 4:False:9,19:134,68
> 5:False:8,19:134,67
dwr-suboptimal-old-noisy/70/dwr_noisy_p04_hyp-2_70_2.tar.bz2:0.478579998016:0.0184209:0.48
> 0:False:8,20:136,81
> 1:False:9,20:136,82
> 2:True:10,19:136,83
> 3:False:8,19:136,81
> 4:False:9,19:136,82
> 5:False:8,20:136,81
dwr-suboptimal-old-noisy/70/dwr_noisy_p04_hyp-2_70_3.tar.bz2:0.477142095566:0.01990747:0.47
> 0:False:8,20:134,73
> 1:False:9,19:134,74
> 2:True:10,19:134,75
> 3:False:8,18:134,73
> 4:False:9,20:134,74
> 5:False:8,20:134,73
dwr-suboptimal-old-noisy/70/dwr_noisy_p04_hyp-3_70_1.tar.bz2:0.473773956299:0.01536306:0.48
> 0:False:8,18:136,69
> 1:True:9,17:136,70
> 2:True:10,18:136,71
> 3:False:8,17:136,69
> 4:True:9,17:136,70
> 5:False:8,18:136,69
dwr-suboptimal-old-noisy/70/dwr_noisy_p04_hyp-3_70_2.tar.bz2:0.479023933411:0.0168358:0.48
> 0:False:8,21:134,62
> 1:True:9,20:134,63
> 2:True:10,21:134,64
> 3:False:8,20:134,62
> 4:True:9,20:134,63
> 5:False:8,21:134,62
dwr-suboptimal-old-noisy/70/dwr_noisy_p04_hyp-3_70_3.tar.bz2:0.474045038223:0.01759692:0.48
> 0:False:8,19:134,73
> 1:False:9,17:134,74
> 2:True:10,17:134,75
> 3:False:8,17:134,73
> 4:False:9,17:134,74
> 5:False:8,18:134,73
dwr-suboptimal-old-noisy/70/dwr_noisy_p04_hyp-4_70_1.tar.bz2:0.474104881287:0.01589562:0.48
> 0:False:8,19:140,81
> 1:True:9,19:140,82
> 2:True:10,20:140,83
> 3:False:8,19:140,81
> 4:True:9,19:140,82
> 5:False:8,20:140,81
dwr-suboptimal-old-noisy/70/dwr_noisy_p04_hyp-4_70_2.tar.bz2:0.478708982468:0.02024449:0.48
> 0:False:8,22:140,85
> 1:False:9,23:140,86
> 2:True:10,23:140,87
> 3:False:8,23:140,85
> 4:True:9,22:140,86
> 5:False:8,22:140,85
dwr-suboptimal-old-noisy/70/dwr_noisy_p04_hyp-4_70_3.tar.bz2:0.476995944977:0.01583617:0.48
> 0:False:8,18:136,72
> 1:False:9,18:136,73
> 2:True:10,18:136,74
> 3:False:8,17:136,72
> 4:False:9,18:136,73
> 5:False:8,18:136,72
dwr-suboptimal-old-noisy/70/dwr_noisy_p05_hyp-1_70_1.tar.bz2:0.604953050613:0.05749971:0.61
> 0:False:13,54:316,210
> 1:True:14,54:316,211
> 2:False:13,55:316,210
> 3:False:13,54:316,210
> 4:False:13,55:316,210
> 5:False:14,56:316,211
dwr-suboptimal-old-noisy/70/dwr_noisy_p05_hyp-1_70_2.tar.bz2:0.601579904556:0.05252478:0.6
> 0:False:13,50:312,196
> 1:True:14,50:312,197
> 2:False:13,51:312,196
> 3:False:13,50:312,196
> 4:False:13,50:312,196
> 5:False:14,52:312,197
dwr-suboptimal-old-noisy/70/dwr_noisy_p05_hyp-1_70_3.tar.bz2:0.608599901199:0.05667829:0.61
> 0:False:13,50:318,213
> 1:True:14,50:318,214
> 2:False:13,51:318,213
> 3:False:13,51:318,213
> 4:True:13,49:318,213
> 5:True:14,50:318,214
dwr-suboptimal-old-noisy/70/dwr_noisy_p05_hyp-2_70_1.tar.bz2:0.608142852783:0.0571372:0.61
> 0:False:13,50:316,203
> 1:True:14,50:316,204
> 2:False:13,51:316,203
> 3:False:13,50:316,203
> 4:True:13,49:316,203
> 5:True:14,50:316,204
dwr-suboptimal-old-noisy/70/dwr_noisy_p05_hyp-2_70_2.tar.bz2:0.606723070145:0.05734872:0.61
> 0:False:13,51:316,215
> 1:True:14,51:316,216
> 2:False:13,53:316,215
> 3:False:13,51:316,215
> 4:False:13,51:316,215
> 5:False:14,52:316,216
dwr-suboptimal-old-noisy/70/dwr_noisy_p05_hyp-2_70_3.tar.bz2:0.604094028473:0.05802801:0.6
> 0:False:13,50:314,209
> 1:True:14,49:314,210
> 2:False:13,50:314,209
> 3:False:13,49:314,209
> 4:False:13,50:314,209
> 5:False:14,50:314,210
dwr-suboptimal-old-noisy/70/dwr_noisy_p05_hyp-3_70_1.tar.bz2:0.597018957138:0.04597509:0.6
> 0:False:13,45:306,149
> 1:False:14,47:306,150
> 2:False:13,46:306,149
> 3:False:13,44:306,149
> 4:True:13,43:306,149
> 5:True:14,44:306,150
dwr-suboptimal-old-noisy/70/dwr_noisy_p05_hyp-3_70_2.tar.bz2:0.593091964722:0.04472024:0.6
> 0:False:13,44:308,166
> 1:False:14,44:308,167
> 2:False:13,44:308,166
> 3:False:13,44:308,166
> 4:False:13,42:308,166
> 5:True:14,42:308,167
dwr-suboptimal-old-noisy/70/dwr_noisy_p05_hyp-3_70_3.tar.bz2:0.591992139816:0.04648708:0.6
> 0:False:13,45:304,153
> 1:False:14,44:304,154
> 2:False:13,45:304,153
> 3:False:13,44:304,153
> 4:False:13,42:304,153
> 5:True:14,42:304,154
dwr-suboptimal-old-noisy/70/dwr_noisy_p05_hyp-4_70_1.tar.bz2:0.589611053467:0.04323969:0.59
> 0:False:13,45:306,150
> 1:True:14,44:306,151
> 2:True:13,43:306,150
> 3:True:13,43:306,150
> 4:False:13,45:306,150
> 5:False:14,46:306,151
dwr-suboptimal-old-noisy/70/dwr_noisy_p05_hyp-4_70_2.tar.bz2:0.595252037048:0.0450674:0.59
> 0:False:13,45:306,166
> 1:True:14,44:306,167
> 2:False:13,44:306,166
> 3:True:13,43:306,166
> 4:False:13,45:306,166
> 5:False:14,46:306,167
dwr-suboptimal-old-noisy/70/dwr_noisy_p05_hyp-4_70_3.tar.bz2:0.59742307663:0.04542184:0.6
> 0:False:13,47:308,155
> 1:True:14,46:308,156
> 2:True:13,45:308,155
> 3:False:13,46:308,155
> 4:False:13,47:308,155
> 5:False:14,48:308,156
dwr-suboptimal-old-noisy/100/dwr_noisy_p02_hyp-1_full_1.tar.bz2:0.611169099808:0.0186164:0.61
> 0:False:9,18:116,89
> 1:False:10,21:116,90
> 2:True:11,19:116,91
> 3:False:10,21:116,90
> 4:False:10,21:116,90
> 5:False:10,20:116,90
> 6:False:11,21:116,91
> 7:False:9,20:116,89
dwr-suboptimal-old-noisy/100/dwr_noisy_p02_hyp-1_full_2.tar.bz2:0.608131885529:0.01927595:0.61
> 0:False:9,20:118,94
> 1:False:10,22:118,95
> 2:True:11,20:118,96
> 3:False:10,22:118,95
> 4:False:10,23:118,95
> 5:False:10,22:118,95
> 6:False:11,22:118,96
> 7:False:9,21:118,94
dwr-suboptimal-old-noisy/100/dwr_noisy_p02_hyp-1_full_3.tar.bz2:0.616917848587:0.02179576:0.61
> 0:False:9,20:118,98
> 1:False:10,22:118,99
> 2:True:11,20:118,100
> 3:False:10,22:118,99
> 4:False:10,23:118,99
> 5:False:10,21:118,99
> 6:False:11,22:118,100
> 7:False:9,22:118,98
dwr-suboptimal-old-noisy/100/dwr_noisy_p02_hyp-2_full_1.tar.bz2:0.615860939026:0.02063655:0.61
> 0:False:9,25:122,102
> 1:True:10,23:122,103
> 2:False:11,25:122,104
> 3:False:10,25:122,103
> 4:False:10,26:122,103
> 5:False:10,24:122,103
> 6:False:11,25:122,104
> 7:False:9,24:122,102
dwr-suboptimal-old-noisy/100/dwr_noisy_p02_hyp-2_full_2.tar.bz2:0.612874031067:0.01977683:0.61
> 0:False:9,23:120,96
> 1:True:10,22:120,97
> 2:False:11,24:120,98
> 3:False:10,24:120,97
> 4:False:10,25:120,97
> 5:False:10,23:120,97
> 6:False:11,25:120,98
> 7:False:9,23:120,96
dwr-suboptimal-old-noisy/100/dwr_noisy_p02_hyp-2_full_3.tar.bz2:0.611373901367:0.02065978:0.61
> 0:False:9,25:122,103
> 1:True:10,23:122,104
> 2:False:11,25:122,105
> 3:False:10,24:122,104
> 4:False:10,25:122,104
> 5:False:10,24:122,104
> 6:False:11,25:122,105
> 7:False:9,24:122,103
dwr-suboptimal-old-noisy/100/dwr_noisy_p02_hyp-3_full_1.tar.bz2:0.612960100174:0.01946661:0.61
> 0:False:9,20:118,90
> 1:False:10,21:118,91
> 2:True:11,20:118,92
> 3:False:10,21:118,91
> 4:False:10,21:118,91
> 5:False:10,21:118,91
> 6:False:11,22:118,92
> 7:False:9,22:118,90
dwr-suboptimal-old-noisy/100/dwr_noisy_p02_hyp-3_full_2.tar.bz2:0.611334085464:0.01849536:0.62
> 0:False:9,20:116,82
> 1:False:10,20:116,83
> 2:True:11,19:116,84
> 3:False:10,21:116,83
> 4:False:10,21:116,83
> 5:False:10,21:116,83
> 6:False:11,23:116,84
> 7:False:9,21:116,82
dwr-suboptimal-old-noisy/100/dwr_noisy_p02_hyp-3_full_3.tar.bz2:0.614435195923:0.02281356:0.61
> 0:False:9,23:120,94
> 1:False:10,23:120,95
> 2:True:11,22:120,96
> 3:False:10,24:120,95
> 4:False:10,24:120,95
> 5:False:10,24:120,95
> 6:False:11,25:120,96
> 7:False:9,24:120,94
dwr-suboptimal-old-noisy/100/dwr_noisy_p02_hyp-4_full_1.tar.bz2:0.608448028564:0.01850545:0.62
> 0:False:9,24:118,83
> 1:False:10,22:118,84
> 2:False:11,25:118,85
> 3:True:10,21:118,84
> 4:False:10,22:118,84
> 5:False:10,23:118,84
> 6:False:11,24:118,85
> 7:False:9,24:118,83
dwr-suboptimal-old-noisy/100/dwr_noisy_p02_hyp-4_full_2.tar.bz2:0.614061117172:0.02193514:0.62
> 0:False:9,26:124,107
> 1:False:10,27:124,108
> 2:False:11,27:124,109
> 3:False:10,25:124,108
> 4:False:10,25:124,108
> 5:False:10,26:124,108
> 6:True:11,25:124,109
> 7:False:9,26:124,107
dwr-suboptimal-old-noisy/100/dwr_noisy_p02_hyp-4_full_3.tar.bz2:0.615614175797:0.02026514:0.62
> 0:False:9,25:122,102
> 1:False:10,25:122,103
> 2:False:11,26:122,104
> 3:True:10,24:122,103
> 4:True:10,24:122,103
> 5:False:10,25:122,103
> 6:True:11,25:122,104
> 7:False:9,25:122,102
dwr-suboptimal-old-noisy/100/dwr_noisy_p04_hyp-1_full_1.tar.bz2:0.473548173904:0.01440851:0.47
> 0:False:8,20:136,68
> 1:True:9,20:136,69
> 2:False:10,22:136,70
> 3:False:8,20:136,68
> 4:True:9,20:136,69
> 5:False:8,21:136,68
dwr-suboptimal-old-noisy/100/dwr_noisy_p04_hyp-1_full_2.tar.bz2:0.471851825714:0.01478743:0.48
> 0:True:8,18:136,70
> 1:False:9,20:136,71
> 2:False:10,22:136,72
> 3:False:8,20:136,70
> 4:False:9,20:136,71
> 5:False:8,19:136,70
dwr-suboptimal-old-noisy/100/dwr_noisy_p04_hyp-1_full_3.tar.bz2:0.473698854446:0.01433018:0.47
> 0:True:8,18:136,66
> 1:False:9,20:136,67
> 2:False:10,22:136,68
> 3:False:8,20:136,66
> 4:False:9,20:136,67
> 5:False:8,19:136,66
dwr-suboptimal-old-noisy/100/dwr_noisy_p04_hyp-2_full_1.tar.bz2:0.478467941284:0.01783507:0.48
> 0:False:8,26:144,92
> 1:False:9,25:144,93
> 2:True:10,24:144,94
> 3:False:8,24:144,92
> 4:False:9,25:144,93
> 5:False:8,25:144,92
dwr-suboptimal-old-noisy/100/dwr_noisy_p04_hyp-2_full_2.tar.bz2:0.479166030884:0.01752995:0.48
> 0:False:8,24:142,91
> 1:False:9,23:142,92
> 2:True:10,22:142,93
> 3:False:8,22:142,91
> 4:False:9,24:142,92
> 5:False:8,23:142,91
dwr-suboptimal-old-noisy/100/dwr_noisy_p04_hyp-2_full_3.tar.bz2:0.475734949112:0.01832663:0.48
> 0:False:8,25:144,96
> 1:False:9,24:144,97
> 2:True:10,23:144,98
> 3:False:8,23:144,96
> 4:False:9,25:144,97
> 5:False:8,24:144,96
dwr-suboptimal-old-noisy/100/dwr_noisy_p04_hyp-3_full_1.tar.bz2:0.476142883301:0.01554753:0.48
> 0:False:8,21:138,78
> 1:True:9,19:138,79
> 2:False:10,21:138,80
> 3:False:8,20:138,78
> 4:False:9,20:138,79
> 5:False:8,22:138,78
dwr-suboptimal-old-noisy/100/dwr_noisy_p04_hyp-3_full_2.tar.bz2:0.474622011185:0.01707072:0.48
> 0:False:8,24:142,89
> 1:True:9,22:142,90
> 2:True:10,23:142,91
> 3:False:8,23:142,89
> 4:True:9,22:142,90
> 5:False:8,24:142,89
dwr-suboptimal-old-noisy/100/dwr_noisy_p04_hyp-3_full_3.tar.bz2:0.475391149521:0.01708099:0.47
> 0:False:8,24:142,91
> 1:True:9,22:142,92
> 2:True:10,23:142,93
> 3:False:8,22:142,91
> 4:True:9,22:142,92
> 5:False:8,24:142,91
dwr-suboptimal-old-noisy/100/dwr_noisy_p04_hyp-4_full_1.tar.bz2:0.47768497467:0.01806177:0.49
> 0:False:8,24:144,99
> 1:False:9,24:144,100
> 2:True:10,24:144,101
> 3:False:8,24:144,99
> 4:False:9,24:144,100
> 5:False:8,24:144,99
dwr-suboptimal-old-noisy/100/dwr_noisy_p04_hyp-4_full_2.tar.bz2:0.473661899567:0.01587227:0.47
> 0:False:8,22:140,81
> 1:False:9,21:140,82
> 2:False:10,22:140,83
> 3:False:8,21:140,81
> 4:True:9,20:140,82
> 5:False:8,21:140,81
dwr-suboptimal-old-noisy/100/dwr_noisy_p04_hyp-4_full_3.tar.bz2:0.475634098053:0.01728767:0.49
> 0:False:8,24:144,91
> 1:False:9,23:144,92
> 2:False:10,24:144,93
> 3:False:8,23:144,91
> 4:True:9,22:144,92
> 5:False:8,23:144,91
dwr-suboptimal-old-noisy/100/dwr_noisy_p05_hyp-1_full_1.tar.bz2:0.618247032166:0.0658987:0.62
> 0:True:13,65:338,279
> 1:False:14,67:338,280
> 2:False:13,67:338,279
> 3:False:13,67:338,279
> 4:True:13,65:338,279
> 5:True:14,66:338,280
dwr-suboptimal-old-noisy/100/dwr_noisy_p05_hyp-1_full_2.tar.bz2:0.614917993546:0.0663853:0.61
> 0:True:13,62:336,285
> 1:False:14,64:336,286
> 2:False:13,64:336,285
> 3:False:13,65:336,285
> 4:True:13,62:336,285
> 5:True:14,63:336,286
dwr-suboptimal-old-noisy/100/dwr_noisy_p05_hyp-1_full_3.tar.bz2:0.620306015015:0.07255:0.62
> 0:False:13,67:342,315
> 1:True:14,67:342,316
> 2:False:13,67:342,315
> 3:False:13,68:342,315
> 4:False:13,67:342,315
> 5:False:14,68:342,316
dwr-suboptimal-old-noisy/100/dwr_noisy_p05_hyp-2_full_1.tar.bz2:0.62203001976:0.0674048:0.61
> 0:False:13,66:336,291
> 1:True:14,66:336,292
> 2:False:13,66:336,291
> 3:False:13,66:336,291
> 4:False:13,66:336,291
> 5:True:14,66:336,292
dwr-suboptimal-old-noisy/100/dwr_noisy_p05_hyp-2_full_2.tar.bz2:0.610249042511:0.06397:0.61
> 0:False:13,64:332,262
> 1:True:14,63:332,263
> 2:False:13,65:332,262
> 3:False:13,64:332,262
> 4:False:13,64:332,262
> 5:False:14,64:332,263
dwr-suboptimal-old-noisy/100/dwr_noisy_p05_hyp-2_full_3.tar.bz2:0.616717815399:0.0673993:0.62
> 0:False:13,65:334,275
> 1:True:14,64:334,276
> 2:False:13,66:334,275
> 3:False:13,66:334,275
> 4:False:13,65:334,275
> 5:False:14,65:334,276
dwr-suboptimal-old-noisy/100/dwr_noisy_p05_hyp-3_full_1.tar.bz2:0.607293844223:0.05372411:0.6
> 0:False:13,55:322,198
> 1:False:14,56:322,199
> 2:False:13,54:322,198
> 3:False:13,55:322,198
> 4:False:13,52:322,198
> 5:True:14,52:322,199
dwr-suboptimal-old-noisy/100/dwr_noisy_p05_hyp-3_full_2.tar.bz2:0.6031229496:0.05602599:0.6
> 0:False:13,58:324,221
> 1:False:14,59:324,222
> 2:False:13,56:324,221
> 3:False:13,58:324,221
> 4:False:13,56:324,221
> 5:True:14,56:324,222
dwr-suboptimal-old-noisy/100/dwr_noisy_p05_hyp-3_full_3.tar.bz2:0.604417085648:0.057316:0.6
> 0:False:13,57:326,228
> 1:False:14,58:326,229
> 2:False:13,58:326,228
> 3:False:13,55:326,228
> 4:True:13,54:326,228
> 5:True:14,55:326,229
dwr-suboptimal-old-noisy/100/dwr_noisy_p05_hyp-4_full_1.tar.bz2:0.595134973526:0.04820701:0.59
> 0:False:13,52:316,185
> 1:False:14,53:316,186
> 2:False:13,54:316,185
> 3:True:13,50:316,185
> 4:True:13,50:316,185
> 5:True:14,51:316,186
dwr-suboptimal-old-noisy/100/dwr_noisy_p05_hyp-4_full_2.tar.bz2:0.602976083755:0.05279719:0.6
> 0:False:13,56:320,212
> 1:False:14,56:320,213
> 2:False:13,55:320,212
> 3:True:13,54:320,212
> 4:False:13,55:320,212
> 5:False:14,56:320,213
dwr-suboptimal-old-noisy/100/dwr_noisy_p05_hyp-4_full_3.tar.bz2:0.60413312912:0.05324705:0.61
> 0:False:13,59:322,213
> 1:False:14,59:322,214
> 2:False:13,58:322,213
> 3:True:13,57:322,213
> 4:False:13,58:322,213
> 5:True:14,58:322,214
