dwr-optimal-old-noisy/10/dwr_noisy_p02_hyp-1_10_1.tar.bz2:0.865242004395:0.09175529:0.87
> 0:True:5,7:6946,1532,0
> 1:False:5,8:6946,1532,0
> 2:True:5,7:6946,1532,0
> 3:False:5,8:6946,1532,0
> 4:False:5,8:6946,1532,0
> 5:False:5,8:6946,1532,0
> 6:False:5,8:6946,1532,0
> 7:False:5,8:6946,1532,0
dwr-optimal-old-noisy/10/dwr_noisy_p02_hyp-1_10_2.tar.bz2:0.860766887665:0.095035:0.86
> 0:False:5,7:6947,1535,0
> 1:False:5,7:6947,1535,0
> 2:False:5,8:6947,1535,0
> 3:False:5,7:6947,1535,0
> 4:False:5,7:6947,1535,0
> 5:True:5,6:6947,1535,0
> 6:True:5,6:6947,1535,0
> 7:False:5,7:6947,1535,0
dwr-optimal-old-noisy/10/dwr_noisy_p02_hyp-1_10_3.tar.bz2:0.829324007034:0.092963:0.84
> 0:True:5,5:6947,1535,0
> 1:False:5,6:6947,1535,0
> 2:False:5,6:6947,1535,0
> 3:False:5,7:6947,1535,0
> 4:False:5,7:6947,1535,0
> 5:False:5,6:6947,1535,0
> 6:False:5,7:6947,1535,0
> 7:False:5,7:6947,1535,0
dwr-optimal-old-noisy/10/dwr_noisy_p02_hyp-2_10_1.tar.bz2:0.826071023941:0.09441398:0.83
> 0:False:5,8:6946,1532,0
> 1:True:5,7:6946,1532,0
> 2:False:5,8:6946,1532,0
> 3:False:5,8:6946,1532,0
> 4:False:5,8:6946,1532,0
> 5:False:5,8:6946,1532,0
> 6:False:5,8:6946,1532,0
> 7:True:5,7:6946,1532,0
dwr-optimal-old-noisy/10/dwr_noisy_p02_hyp-2_10_2.tar.bz2:0.846109867096:0.09455048:0.85
> 0:False:5,9:6946,1532,0
> 1:True:5,7:6946,1532,0
> 2:False:5,9:6946,1532,0
> 3:False:5,9:6946,1532,0
> 4:False:5,9:6946,1532,0
> 5:False:5,8:6946,1532,0
> 6:False:5,8:6946,1532,0
> 7:True:5,7:6946,1532,0
dwr-optimal-old-noisy/10/dwr_noisy_p02_hyp-2_10_3.tar.bz2:0.841095924377:0.09806594:0.84
> 0:True:5,8:6947,1535,0
> 1:True:5,8:6947,1535,0
> 2:True:5,8:6947,1535,0
> 3:True:5,8:6947,1535,0
> 4:True:5,8:6947,1535,0
> 5:True:5,8:6947,1535,0
> 6:True:5,8:6947,1535,0
> 7:True:5,8:6947,1535,0
dwr-optimal-old-noisy/10/dwr_noisy_p02_hyp-3_10_1.tar.bz2:0.832660198212:0.09427025:0.83
> 0:False:5,9:6946,1532,0
> 1:True:5,8:6946,1532,0
> 2:False:5,9:6946,1532,0
> 3:True:5,8:6946,1532,0
> 4:True:5,8:6946,1532,0
> 5:True:5,8:6946,1532,0
> 6:False:5,9:6946,1532,0
> 7:False:5,9:6946,1532,0
dwr-optimal-old-noisy/10/dwr_noisy_p02_hyp-3_10_2.tar.bz2:0.849447011948:0.1004896:0.86
> 0:True:5,8:6947,1535,0
> 1:True:5,8:6947,1535,0
> 2:False:5,9:6947,1535,0
> 3:False:5,9:6947,1535,0
> 4:False:5,9:6947,1535,0
> 5:True:5,8:6947,1535,0
> 6:False:5,9:6947,1535,0
> 7:False:5,9:6947,1535,0
dwr-optimal-old-noisy/10/dwr_noisy_p02_hyp-3_10_3.tar.bz2:0.860501050949:0.09443589:0.86
> 0:True:5,7:6946,1532,0
> 1:True:5,7:6946,1532,0
> 2:True:5,7:6946,1532,0
> 3:True:5,7:6946,1532,0
> 4:True:5,7:6946,1532,0
> 5:True:5,7:6946,1532,0
> 6:True:5,7:6946,1532,0
> 7:True:5,7:6946,1532,0
dwr-optimal-old-noisy/10/dwr_noisy_p02_hyp-4_10_1.tar.bz2:0.839548826218:0.0942998:0.83
> 0:False:5,7:6947,1535,0
> 1:False:5,7:6947,1535,0
> 2:False:5,8:6947,1535,0
> 3:False:5,7:6947,1535,0
> 4:False:5,7:6947,1535,0
> 5:True:5,6:6947,1535,0
> 6:True:5,6:6947,1535,0
> 7:False:5,7:6947,1535,0
dwr-optimal-old-noisy/10/dwr_noisy_p02_hyp-4_10_2.tar.bz2:0.857434988022:0.0935563:0.85
> 0:False:5,8:6947,1535,0
> 1:False:5,8:6947,1535,0
> 2:False:5,8:6947,1535,0
> 3:False:5,7:6947,1535,0
> 4:False:5,7:6947,1535,0
> 5:False:5,7:6947,1535,0
> 6:True:5,6:6947,1535,0
> 7:False:5,8:6947,1535,0
dwr-optimal-old-noisy/10/dwr_noisy_p02_hyp-4_10_3.tar.bz2:0.858826160431:0.09104879:0.86
> 0:True:5,6:6947,1535,0
> 1:False:5,7:6947,1535,0
> 2:False:5,7:6947,1535,0
> 3:False:5,7:6947,1535,0
> 4:False:5,8:6947,1535,0
> 5:True:5,6:6947,1535,0
> 6:True:5,6:6947,1535,0
> 7:True:5,6:6947,1535,0
dwr-optimal-old-noisy/10/dwr_noisy_p04_hyp-1_10_1.tar.bz2:0.68294095993:0.0887311:0.68
> 0:False:3,7:9962,1918,0
> 1:False:3,7:9962,1918,0
> 2:True:4,7:9962,1918,0
> 3:False:3,7:9962,1918,0
> 4:False:3,7:9962,1918,0
> 5:False:3,7:9962,1918,0
dwr-optimal-old-noisy/10/dwr_noisy_p04_hyp-1_10_2.tar.bz2:0.686242818832:0.0783799:0.69
> 0:True:3,7:9962,1918,0
> 1:True:3,7:9962,1918,0
> 2:True:4,8:9962,1918,0
> 3:True:3,7:9962,1918,0
> 4:True:3,7:9962,1918,0
> 5:True:3,7:9962,1918,0
dwr-optimal-old-noisy/10/dwr_noisy_p04_hyp-1_10_3.tar.bz2:0.666046857834:0.0837351:0.67
> 0:True:3,7:9962,1918,0
> 1:True:3,7:9962,1918,0
> 2:True:4,8:9962,1918,0
> 3:True:3,7:9962,1918,0
> 4:True:3,7:9962,1918,0
> 5:True:3,7:9962,1918,0
dwr-optimal-old-noisy/10/dwr_noisy_p04_hyp-2_10_1.tar.bz2:0.691138982773:0.0825409:0.68
> 0:False:3,7:9962,1918,0
> 1:False:3,6:9962,1918,0
> 2:True:4,6:9962,1918,0
> 3:False:3,6:9962,1918,0
> 4:False:3,7:9962,1918,0
> 5:False:3,7:9962,1918,0
dwr-optimal-old-noisy/10/dwr_noisy_p04_hyp-2_10_2.tar.bz2:0.697126150131:0.0874649:0.69
> 0:True:3,6:9962,1918,0
> 1:True:3,6:9962,1918,0
> 2:True:4,7:9962,1918,0
> 3:True:3,6:9962,1918,0
> 4:True:3,6:9962,1918,0
> 5:True:3,6:9962,1918,0
dwr-optimal-old-noisy/10/dwr_noisy_p04_hyp-2_10_3.tar.bz2:0.702997922897:0.0888296:0.7
> 0:False:3,7:9962,1918,0
> 1:False:3,6:9962,1918,0
> 2:True:4,6:9962,1918,0
> 3:False:3,6:9962,1918,0
> 4:False:3,7:9962,1918,0
> 5:False:3,7:9962,1918,0
dwr-optimal-old-noisy/10/dwr_noisy_p04_hyp-3_10_1.tar.bz2:0.6917989254:0.0868365:0.69
> 0:False:3,7:9963,1921,0
> 1:False:3,7:9963,1921,0
> 2:True:4,7:9963,1921,0
> 3:False:3,7:9963,1921,0
> 4:True:3,6:9963,1921,0
> 5:False:3,7:9963,1921,0
dwr-optimal-old-noisy/10/dwr_noisy_p04_hyp-3_10_2.tar.bz2:0.68682217598:0.082956:0.69
> 0:False:3,6:9962,1918,0
> 1:False:3,5:9962,1918,0
> 2:True:4,5:9962,1918,0
> 3:False:3,5:9962,1918,0
> 4:False:3,6:9962,1918,0
> 5:False:3,6:9962,1918,0
dwr-optimal-old-noisy/10/dwr_noisy_p04_hyp-3_10_3.tar.bz2:0.694939851761:0.082404:0.7
> 0:False:3,6:9963,1921,0
> 1:False:3,6:9963,1921,0
> 2:True:4,6:9963,1921,0
> 3:False:3,6:9963,1921,0
> 4:True:3,5:9963,1921,0
> 5:False:3,6:9963,1921,0
dwr-optimal-old-noisy/10/dwr_noisy_p04_hyp-4_10_1.tar.bz2:0.701172113419:0.087708:0.7
> 0:False:3,5:9963,1921,0
> 1:False:3,5:9963,1921,0
> 2:True:4,5:9963,1921,0
> 3:False:3,5:9963,1921,0
> 4:True:3,4:9963,1921,0
> 5:False:3,5:9963,1921,0
dwr-optimal-old-noisy/10/dwr_noisy_p04_hyp-4_10_2.tar.bz2:0.677400112152:0.0814325:0.69
> 0:False:3,6:9963,1921,0
> 1:False:3,5:9963,1921,0
> 2:True:4,5:9963,1921,0
> 3:False:3,5:9963,1921,0
> 4:False:3,6:9963,1921,0
> 5:False:3,6:9963,1921,0
dwr-optimal-old-noisy/10/dwr_noisy_p04_hyp-4_10_3.tar.bz2:0.687263011932:0.0828955:0.69
> 0:False:3,8:9962,1918,0
> 1:False:3,8:9962,1918,0
> 2:True:4,8:9962,1918,0
> 3:False:3,8:9962,1918,0
> 4:False:3,8:9962,1918,0
> 5:False:3,8:9962,1918,0
dwr-optimal-old-noisy/10/dwr_noisy_p05_hyp-1_10_1.tar.bz2:1.08737111092:0.202621:1.08
> 0:True:5,9:39257,4369,1
> 1:True:5,9:39257,4369,1
> 2:False:5,10:39257,4369,1
> 3:False:4,10:39257,4369,1
> 4:False:4,9:39257,4369,1
> 5:False:4,10:39257,4369,1
dwr-optimal-old-noisy/10/dwr_noisy_p05_hyp-1_10_2.tar.bz2:1.09145712852:0.1947787:1.09
> 0:True:5,8:39258,4372,0
> 1:True:5,8:39258,4372,0
> 2:False:5,9:39258,4372,0
> 3:False:4,9:39258,4372,0
> 4:False:4,8:39258,4372,0
> 5:False:4,8:39258,4372,0
dwr-optimal-old-noisy/10/dwr_noisy_p05_hyp-1_10_3.tar.bz2:1.08310198784:0.1994846:1.09
> 0:True:5,11:39258,4372,0
> 1:True:5,11:39258,4372,0
> 2:True:5,11:39258,4372,0
> 3:False:4,11:39258,4372,0
> 4:True:4,10:39258,4372,0
> 5:True:4,10:39258,4372,0
dwr-optimal-old-noisy/10/dwr_noisy_p05_hyp-2_10_1.tar.bz2:1.09957003593:0.2136164:1.1
> 0:True:5,10:39258,4372,0
> 1:True:5,10:39258,4372,0
> 2:True:5,10:39258,4372,0
> 3:True:4,9:39258,4372,0
> 4:False:4,10:39258,4372,0
> 5:False:4,10:39258,4372,0
dwr-optimal-old-noisy/10/dwr_noisy_p05_hyp-2_10_2.tar.bz2:1.11286401749:0.2116274:1.11
> 0:True:5,10:39256,4366,1
> 1:True:5,10:39256,4366,1
> 2:True:5,10:39256,4366,1
> 3:True:4,9:39256,4366,1
> 4:False:4,10:39256,4366,1
> 5:False:4,10:39256,4366,1
dwr-optimal-old-noisy/10/dwr_noisy_p05_hyp-2_10_3.tar.bz2:1.10586595535:0.2060936:1.11
> 0:False:5,10:39256,4366,0
> 1:False:5,10:39256,4366,0
> 2:True:5,9:39256,4366,0
> 3:False:4,9:39256,4366,0
> 4:False:4,9:39256,4366,0
> 5:False:4,9:39256,4366,0
dwr-optimal-old-noisy/10/dwr_noisy_p05_hyp-3_10_1.tar.bz2:1.10482096672:0.20428:1.11
> 0:True:5,10:39256,4366,1
> 1:True:5,10:39256,4366,1
> 2:True:5,10:39256,4366,1
> 3:False:4,10:39256,4366,1
> 4:False:4,10:39256,4366,1
> 5:False:4,10:39256,4366,1
dwr-optimal-old-noisy/10/dwr_noisy_p05_hyp-3_10_2.tar.bz2:1.08461904526:0.1985967:1.09
> 0:True:5,10:39257,4369,0
> 1:True:5,10:39257,4369,0
> 2:True:5,10:39257,4369,0
> 3:True:4,9:39257,4369,0
> 4:False:4,10:39257,4369,0
> 5:False:4,10:39257,4369,0
dwr-optimal-old-noisy/10/dwr_noisy_p05_hyp-3_10_3.tar.bz2:1.09050703049:0.2052416:1.1
> 0:True:5,10:39257,4369,0
> 1:True:5,10:39257,4369,0
> 2:True:5,10:39257,4369,0
> 3:False:4,10:39257,4369,0
> 4:False:4,10:39257,4369,0
> 5:False:4,10:39257,4369,0
dwr-optimal-old-noisy/10/dwr_noisy_p05_hyp-4_10_1.tar.bz2:1.06650590897:0.196943:1.07
> 0:False:5,12:39256,4366,0
> 1:False:5,12:39256,4366,0
> 2:True:5,11:39256,4366,0
> 3:False:4,11:39256,4366,0
> 4:False:4,12:39256,4366,0
> 5:False:4,12:39256,4366,0
dwr-optimal-old-noisy/10/dwr_noisy_p05_hyp-4_10_2.tar.bz2:1.07842111588:0.2066748:1.08
> 0:True:5,12:39256,4366,0
> 1:True:5,12:39256,4366,0
> 2:True:5,12:39256,4366,0
> 3:True:4,11:39256,4366,0
> 4:True:4,11:39256,4366,0
> 5:True:4,11:39256,4366,0
dwr-optimal-old-noisy/10/dwr_noisy_p05_hyp-4_10_3.tar.bz2:1.09367513657:0.2113863:1.1
> 0:True:5,11:39257,4369,0
> 1:True:5,11:39257,4369,0
> 2:True:5,11:39257,4369,0
> 3:True:4,10:39257,4369,0
> 4:False:4,11:39257,4369,0
> 5:False:4,11:39257,4369,0
dwr-optimal-old-noisy/30/dwr_noisy_p02_hyp-1_30_1.tar.bz2:0.845615148544:0.0997875:0.85
> 0:True:5,10:6949,1541,0
> 1:False:5,11:6949,1541,0
> 2:False:5,11:6949,1541,0
> 3:False:5,11:6949,1541,0
> 4:False:5,11:6949,1541,0
> 5:True:5,10:6949,1541,0
> 6:True:5,10:6949,1541,0
> 7:True:5,10:6949,1541,0
dwr-optimal-old-noisy/30/dwr_noisy_p02_hyp-1_30_2.tar.bz2:0.850116968155:0.0955221:0.85
> 0:False:5,9:6949,1541,0
> 1:False:5,10:6949,1541,0
> 2:False:5,9:6949,1541,0
> 3:False:5,9:6949,1541,0
> 4:True:5,8:6949,1541,0
> 5:False:5,10:6949,1541,0
> 6:False:5,10:6949,1541,0
> 7:False:5,9:6949,1541,0
dwr-optimal-old-noisy/30/dwr_noisy_p02_hyp-1_30_3.tar.bz2:0.846212148666:0.09256169:0.86
> 0:True:5,8:6949,1541,0
> 1:False:5,9:6949,1541,0
> 2:False:5,9:6949,1541,0
> 3:False:5,10:6949,1541,0
> 4:False:5,9:6949,1541,0
> 5:False:5,9:6949,1541,0
> 6:False:5,9:6949,1541,0
> 7:False:5,9:6949,1541,0
dwr-optimal-old-noisy/30/dwr_noisy_p02_hyp-2_30_1.tar.bz2:0.87122797966:0.100697:0.86
> 0:False:5,10:6949,1541,0
> 1:True:5,9:6949,1541,0
> 2:True:5,9:6949,1541,0
> 3:False:5,11:6949,1541,0
> 4:False:5,11:6949,1541,0
> 5:False:5,10:6949,1541,0
> 6:False:5,10:6949,1541,0
> 7:False:5,10:6949,1541,0
dwr-optimal-old-noisy/30/dwr_noisy_p02_hyp-2_30_2.tar.bz2:0.821385860443:0.08789117:0.82
> 0:True:5,11:6949,1541,0
> 1:True:5,11:6949,1541,0
> 2:True:5,11:6949,1541,0
> 3:False:5,12:6949,1541,0
> 4:False:5,12:6949,1541,0
> 5:False:5,12:6949,1541,0
> 6:False:5,12:6949,1541,0
> 7:True:5,11:6949,1541,0
dwr-optimal-old-noisy/30/dwr_noisy_p02_hyp-2_30_3.tar.bz2:0.839844942093:0.0974793:0.85
> 0:False:5,11:6947,1535,0
> 1:True:5,9:6947,1535,0
> 2:False:5,11:6947,1535,0
> 3:False:5,10:6947,1535,0
> 4:False:5,10:6947,1535,0
> 5:False:5,10:6947,1535,0
> 6:False:5,10:6947,1535,0
> 7:True:5,9:6947,1535,0
dwr-optimal-old-noisy/30/dwr_noisy_p02_hyp-3_30_1.tar.bz2:0.864842891693:0.0992699:0.87
> 0:True:5,9:6949,1541,0
> 1:False:5,10:6949,1541,0
> 2:True:5,9:6949,1541,0
> 3:False:5,10:6949,1541,0
> 4:True:5,9:6949,1541,0
> 5:False:5,10:6949,1541,0
> 6:False:5,10:6949,1541,0
> 7:True:5,9:6949,1541,0
dwr-optimal-old-noisy/30/dwr_noisy_p02_hyp-3_30_2.tar.bz2:0.848304033279:0.09556362:0.85
> 0:True:5,10:6949,1541,0
> 1:False:5,11:6949,1541,0
> 2:False:5,11:6949,1541,0
> 3:False:5,12:6949,1541,0
> 4:False:5,11:6949,1541,0
> 5:False:5,11:6949,1541,0
> 6:False:5,12:6949,1541,0
> 7:False:5,11:6949,1541,0
dwr-optimal-old-noisy/30/dwr_noisy_p02_hyp-3_30_3.tar.bz2:0.850477933884:0.09611033:0.86
> 0:True:5,8:6948,1538,0
> 1:False:5,10:6948,1538,0
> 2:True:5,8:6948,1538,0
> 3:False:5,10:6948,1538,0
> 4:False:5,9:6948,1538,0
> 5:False:5,10:6948,1538,0
> 6:False:5,10:6948,1538,0
> 7:False:5,10:6948,1538,0
dwr-optimal-old-noisy/30/dwr_noisy_p02_hyp-4_30_1.tar.bz2:0.856523990631:0.09020299:0.86
> 0:False:5,8:6949,1541,0
> 1:False:5,8:6949,1541,0
> 2:False:5,9:6949,1541,0
> 3:False:5,8:6949,1541,0
> 4:True:5,7:6949,1541,0
> 5:False:5,8:6949,1541,0
> 6:False:5,9:6949,1541,0
> 7:False:5,9:6949,1541,0
dwr-optimal-old-noisy/30/dwr_noisy_p02_hyp-4_30_2.tar.bz2:0.855432987213:0.09177328:0.86
> 0:False:5,10:6948,1538,2
> 1:True:5,9:6948,1538,2
> 2:False:5,10:6948,1538,2
> 3:False:5,10:6948,1538,2
> 4:False:5,10:6948,1538,2
> 5:True:5,9:6948,1538,2
> 6:True:5,9:6948,1538,2
> 7:False:5,10:6948,1538,2
dwr-optimal-old-noisy/30/dwr_noisy_p02_hyp-4_30_3.tar.bz2:0.850743055344:0.09237969:0.85
> 0:True:5,8:6948,1538,0
> 1:True:5,8:6948,1538,0
> 2:True:5,8:6948,1538,0
> 3:True:5,8:6948,1538,0
> 4:True:5,8:6948,1538,0
> 5:True:5,8:6948,1538,0
> 6:False:5,9:6948,1538,0
> 7:False:5,9:6948,1538,0
dwr-optimal-old-noisy/30/dwr_noisy_p04_hyp-1_30_1.tar.bz2:0.686798095703:0.082823:0.68
> 0:True:3,7:9965,1927,0
> 1:False:3,8:9965,1927,0
> 2:True:4,8:9965,1927,0
> 3:False:3,8:9965,1927,0
> 4:True:3,7:9965,1927,0
> 5:True:3,7:9965,1927,0
dwr-optimal-old-noisy/30/dwr_noisy_p04_hyp-1_30_2.tar.bz2:0.682595014572:0.0862116:0.68
> 0:True:3,7:9965,1927,0
> 1:False:3,8:9965,1927,0
> 2:True:4,8:9965,1927,0
> 3:False:3,8:9965,1927,0
> 4:True:3,7:9965,1927,0
> 5:True:3,7:9965,1927,0
dwr-optimal-old-noisy/30/dwr_noisy_p04_hyp-1_30_3.tar.bz2:0.691093921661:0.0823181:0.69
> 0:True:3,9:9964,1924,0
> 1:True:3,9:9964,1924,0
> 2:True:4,10:9964,1924,0
> 3:True:3,9:9964,1924,0
> 4:True:3,9:9964,1924,0
> 5:True:3,9:9964,1924,0
dwr-optimal-old-noisy/30/dwr_noisy_p04_hyp-2_30_1.tar.bz2:0.670506954193:0.0820883:0.67
> 0:False:3,11:9964,1924,0
> 1:False:3,10:9964,1924,0
> 2:True:4,10:9964,1924,0
> 3:False:3,10:9964,1924,0
> 4:False:3,11:9964,1924,0
> 5:False:3,11:9964,1924,0
dwr-optimal-old-noisy/30/dwr_noisy_p04_hyp-2_30_2.tar.bz2:0.685822963715:0.0807958:0.68
> 0:False:3,9:9965,1927,1
> 1:False:3,9:9965,1927,0
> 2:True:4,9:9965,1927,1
> 3:False:3,9:9965,1927,0
> 4:False:3,9:9965,1927,0
> 5:False:3,9:9965,1927,0
dwr-optimal-old-noisy/30/dwr_noisy_p04_hyp-2_30_3.tar.bz2:0.68389415741:0.079118:0.68
> 0:False:3,10:9964,1924,0
> 1:False:3,10:9964,1924,0
> 2:True:4,10:9964,1924,0
> 3:False:3,10:9964,1924,0
> 4:False:3,10:9964,1924,0
> 5:False:3,10:9964,1924,0
dwr-optimal-old-noisy/30/dwr_noisy_p04_hyp-3_30_1.tar.bz2:0.705399036407:0.0860805:0.7
> 0:False:3,10:9964,1924,0
> 1:True:3,8:9964,1924,0
> 2:True:4,9:9964,1924,0
> 3:True:3,8:9964,1924,0
> 4:False:3,10:9964,1924,0
> 5:False:3,10:9964,1924,0
dwr-optimal-old-noisy/30/dwr_noisy_p04_hyp-3_30_2.tar.bz2:0.675920009613:0.0809771:0.67
> 0:False:3,8:9965,1927,0
> 1:True:3,7:9965,1927,0
> 2:False:4,9:9965,1927,0
> 3:False:3,8:9965,1927,0
> 4:False:3,8:9965,1927,0
> 5:False:3,9:9965,1927,0
dwr-optimal-old-noisy/30/dwr_noisy_p04_hyp-3_30_3.tar.bz2:0.682065010071:0.0877372:0.69
> 0:True:3,8:9965,1927,0
> 1:True:3,8:9965,1927,0
> 2:True:4,9:9965,1927,0
> 3:True:3,8:9965,1927,0
> 4:True:3,8:9965,1927,0
> 5:True:3,8:9965,1927,0
dwr-optimal-old-noisy/30/dwr_noisy_p04_hyp-4_30_1.tar.bz2:0.690552949905:0.0809365:0.7
> 0:False:3,9:9964,1924,0
> 1:False:3,9:9964,1924,0
> 2:False:4,10:9964,1924,0
> 3:False:3,10:9964,1924,0
> 4:True:3,7:9964,1924,0
> 5:False:3,9:9964,1924,0
dwr-optimal-old-noisy/30/dwr_noisy_p04_hyp-4_30_2.tar.bz2:0.679157018661:0.0836935:0.67
> 0:True:3,11:9964,1924,0
> 1:True:3,11:9964,1924,0
> 2:True:4,12:9964,1924,0
> 3:True:3,11:9964,1924,0
> 4:True:3,11:9964,1924,0
> 5:True:3,11:9964,1924,0
dwr-optimal-old-noisy/30/dwr_noisy_p04_hyp-4_30_3.tar.bz2:0.693279027939:0.0799344:0.7
> 0:False:3,8:9965,1927,0
> 1:False:3,9:9965,1927,0
> 2:False:4,9:9965,1927,0
> 3:False:3,9:9965,1927,0
> 4:True:3,7:9965,1927,0
> 5:False:3,8:9965,1927,0
dwr-optimal-old-noisy/30/dwr_noisy_p05_hyp-1_30_1.tar.bz2:1.11675786972:0.2161027:1.12
> 0:True:5,21:39265,4393,1
> 1:True:5,21:39265,4393,1
> 2:False:5,22:39265,4393,1
> 3:False:4,22:39265,4393,1
> 4:False:4,22:39265,4393,1
> 5:False:4,23:39265,4393,1
dwr-optimal-old-noisy/30/dwr_noisy_p05_hyp-1_30_2.tar.bz2:1.11613297462:0.2152938:1.11
> 0:False:5,19:39263,4387,3
> 1:False:5,20:39263,4387,2
> 2:False:5,20:39263,4387,3
> 3:False:4,20:39263,4387,3
> 4:False:4,18:39263,4387,3
> 5:True:4,17:39263,4387,3
dwr-optimal-old-noisy/30/dwr_noisy_p05_hyp-1_30_3.tar.bz2:1.11855387688:0.2121987:1.12
> 0:True:5,20:39266,4396,1
> 1:True:5,20:39266,4396,1
> 2:True:5,20:39266,4396,1
> 3:True:4,19:39266,4396,1
> 4:False:4,20:39266,4396,1
> 5:False:4,20:39266,4396,1
dwr-optimal-old-noisy/30/dwr_noisy_p05_hyp-2_30_1.tar.bz2:1.09906983376:0.2176804:1.1
> 0:False:5,21:39266,4396,2
> 1:False:5,20:39266,4396,2
> 2:True:5,19:39266,4396,2
> 3:False:4,20:39266,4396,2
> 4:False:4,21:39266,4396,2
> 5:False:4,20:39266,4396,2
dwr-optimal-old-noisy/30/dwr_noisy_p05_hyp-2_30_2.tar.bz2:1.10788297653:0.2201484:1.11
> 0:False:5,21:39266,4396,0
> 1:True:5,19:39266,4396,0
> 2:False:5,20:39266,4396,0
> 3:False:4,20:39266,4396,0
> 4:False:4,21:39266,4396,0
> 5:False:4,21:39266,4396,0
dwr-optimal-old-noisy/30/dwr_noisy_p05_hyp-2_30_3.tar.bz2:1.10391688347:0.2195818:1.1
> 0:True:5,19:39268,4402,0
> 1:True:5,19:39268,4402,0
> 2:False:5,22:39268,4402,0
> 3:False:4,22:39268,4402,0
> 4:False:4,20:39268,4402,0
> 5:False:4,20:39268,4402,0
dwr-optimal-old-noisy/30/dwr_noisy_p05_hyp-3_30_1.tar.bz2:1.10051512718:0.2096276:1.1
> 0:True:5,17:39261,4381,2
> 1:False:5,19:39261,4381,2
> 2:False:5,19:39261,4381,2
> 3:False:4,19:39261,4381,2
> 4:False:4,17:39261,4381,2
> 5:False:4,18:39261,4381,2
dwr-optimal-old-noisy/30/dwr_noisy_p05_hyp-3_30_2.tar.bz2:1.09169387817:0.2111171:1.09
> 0:False:5,18:39266,4396,1
> 1:True:5,17:39266,4396,1
> 2:False:5,18:39266,4396,0
> 3:False:4,18:39266,4396,1
> 4:False:4,17:39266,4396,1
> 5:False:4,17:39266,4396,1
dwr-optimal-old-noisy/30/dwr_noisy_p05_hyp-3_30_3.tar.bz2:1.09222006798:0.2048379:1.1
> 0:True:5,17:39266,4396,0
> 1:True:5,17:39266,4396,2
> 2:False:5,18:39266,4396,2
> 3:False:4,18:39266,4396,1
> 4:False:4,17:39266,4396,0
> 5:False:4,18:39266,4396,1
dwr-optimal-old-noisy/30/dwr_noisy_p05_hyp-4_30_1.tar.bz2:1.10036611557:0.2123089:1.1
> 0:False:5,18:39264,4390,2
> 1:True:5,17:39264,4390,1
> 2:False:5,18:39264,4390,2
> 3:True:4,16:39264,4390,2
> 4:False:4,18:39264,4390,2
> 5:False:4,18:39264,4390,2
dwr-optimal-old-noisy/30/dwr_noisy_p05_hyp-4_30_2.tar.bz2:1.09243583679:0.2145991:1.09
> 0:True:5,16:39263,4387,1
> 1:False:5,17:39263,4387,1
> 2:False:5,18:39263,4387,1
> 3:False:4,18:39263,4387,1
> 4:False:4,17:39263,4387,1
> 5:False:4,18:39263,4387,1
dwr-optimal-old-noisy/30/dwr_noisy_p05_hyp-4_30_3.tar.bz2:1.0795841217:0.2119735:1.08
> 0:False:5,17:39264,4390,2
> 1:True:5,16:39264,4390,2
> 2:True:5,16:39264,4390,2
> 3:True:4,15:39264,4390,2
> 4:False:4,17:39264,4390,2
> 5:False:4,17:39264,4390,2
dwr-optimal-old-noisy/50/dwr_noisy_p02_hyp-1_50_1.tar.bz2:0.842319011688:0.09703916:0.84
> 0:True:5,12:6952,1550,0
> 1:False:5,14:6952,1550,0
> 2:True:5,12:6952,1550,0
> 3:False:5,15:6952,1550,0
> 4:False:5,14:6952,1550,0
> 5:False:5,14:6952,1550,0
> 6:False:5,14:6952,1550,0
> 7:False:5,13:6952,1550,0
dwr-optimal-old-noisy/50/dwr_noisy_p02_hyp-1_50_2.tar.bz2:0.871922016144:0.0966569:0.87
> 0:True:5,10:6953,1553,0
> 1:False:5,11:6953,1553,0
> 2:True:5,10:6953,1553,0
> 3:False:5,11:6953,1553,0
> 4:False:5,11:6953,1553,0
> 5:False:5,11:6953,1553,0
> 6:False:5,11:6953,1553,0
> 7:False:5,12:6953,1553,0
dwr-optimal-old-noisy/50/dwr_noisy_p02_hyp-1_50_3.tar.bz2:0.8259370327:0.08982956:0.83
> 0:True:5,10:6952,1550,1
> 1:False:5,12:6952,1550,1
> 2:False:5,11:6952,1550,1
> 3:False:5,13:6952,1550,1
> 4:False:5,12:6952,1550,1
> 5:False:5,12:6952,1550,1
> 6:False:5,12:6952,1550,1
> 7:False:5,12:6952,1550,1
dwr-optimal-old-noisy/50/dwr_noisy_p02_hyp-2_50_1.tar.bz2:0.865297079086:0.1080408:0.87
> 0:False:5,13:6953,1553,0
> 1:True:5,11:6953,1553,0
> 2:False:5,12:6953,1553,0
> 3:False:5,12:6953,1553,0
> 4:False:5,12:6953,1553,0
> 5:True:5,11:6953,1553,0
> 6:False:5,12:6953,1553,0
> 7:False:5,12:6953,1553,0
dwr-optimal-old-noisy/50/dwr_noisy_p02_hyp-2_50_2.tar.bz2:0.858116149902:0.0971052:0.85
> 0:True:5,11:6952,1550,2
> 1:True:5,11:6952,1550,2
> 2:False:5,12:6952,1550,2
> 3:False:5,12:6952,1550,2
> 4:False:5,12:6952,1550,2
> 5:False:5,12:6952,1550,2
> 6:False:5,12:6952,1550,2
> 7:True:5,11:6952,1550,2
dwr-optimal-old-noisy/50/dwr_noisy_p02_hyp-2_50_3.tar.bz2:0.849897146225:0.09944063:0.85
> 0:False:5,11:6952,1550,0
> 1:True:5,10:6952,1550,3
> 2:True:5,10:6952,1550,3
> 3:False:5,11:6952,1550,0
> 4:False:5,11:6952,1550,0
> 5:False:5,11:6952,1550,0
> 6:False:5,11:6952,1550,0
> 7:False:5,11:6952,1550,0
dwr-optimal-old-noisy/50/dwr_noisy_p02_hyp-3_50_1.tar.bz2:0.856648921967:0.0944572:0.86
> 0:True:5,12:6952,1550,0
> 1:False:5,14:6952,1550,0
> 2:True:5,12:6952,1550,0
> 3:False:5,13:6952,1550,0
> 4:True:5,12:6952,1550,0
> 5:False:5,13:6952,1550,0
> 6:False:5,13:6952,1550,0
> 7:False:5,13:6952,1550,0
dwr-optimal-old-noisy/50/dwr_noisy_p02_hyp-3_50_2.tar.bz2:0.86865401268:0.10112554:0.87
> 0:False:5,13:6951,1547,0
> 1:False:5,13:6951,1547,0
> 2:True:5,12:6951,1547,0
> 3:False:5,14:6951,1547,0
> 4:False:5,13:6951,1547,0
> 5:False:5,14:6951,1547,0
> 6:False:5,14:6951,1547,0
> 7:False:5,13:6951,1547,0
dwr-optimal-old-noisy/50/dwr_noisy_p02_hyp-3_50_3.tar.bz2:0.862718820572:0.09841603:0.86
> 0:True:5,11:6952,1550,1
> 1:True:5,11:6952,1550,1
> 2:False:5,12:6952,1550,1
> 3:False:5,12:6952,1550,1
> 4:False:5,12:6952,1550,1
> 5:False:5,12:6952,1550,1
> 6:False:5,13:6952,1550,1
> 7:False:5,12:6952,1550,1
dwr-optimal-old-noisy/50/dwr_noisy_p02_hyp-4_50_1.tar.bz2:0.856118202209:0.0905947:0.85
> 0:False:5,13:6950,1544,1
> 1:False:5,13:6950,1544,1
> 2:False:5,13:6950,1544,1
> 3:True:5,11:6950,1544,1
> 4:True:5,11:6950,1544,1
> 5:False:5,12:6950,1544,1
> 6:False:5,12:6950,1544,1
> 7:False:5,13:6950,1544,1
dwr-optimal-old-noisy/50/dwr_noisy_p02_hyp-4_50_2.tar.bz2:0.840102910995:0.10077261:0.84
> 0:False:5,12:6951,1547,0
> 1:False:5,13:6951,1547,0
> 2:False:5,12:6951,1547,0
> 3:True:5,11:6951,1547,0
> 4:True:5,11:6951,1547,0
> 5:False:5,13:6951,1547,0
> 6:False:5,12:6951,1547,0
> 7:False:5,12:6951,1547,0
dwr-optimal-old-noisy/50/dwr_noisy_p02_hyp-4_50_3.tar.bz2:0.850193023682:0.09203274:0.85
> 0:True:5,11:6951,1547,1
> 1:False:5,12:6951,1547,1
> 2:True:5,11:6951,1547,1
> 3:True:5,11:6951,1547,1
> 4:False:5,12:6951,1547,1
> 5:True:5,11:6951,1547,1
> 6:True:5,11:6951,1547,1
> 7:True:5,11:6951,1547,1
dwr-optimal-old-noisy/50/dwr_noisy_p04_hyp-1_50_1.tar.bz2:0.682740926743:0.0899571:0.69
> 0:True:3,9:9968,1936,0
> 1:False:3,10:9968,1936,0
> 2:True:4,10:9968,1936,0
> 3:False:3,10:9968,1936,0
> 4:False:3,10:9968,1936,0
> 5:True:3,9:9968,1936,0
dwr-optimal-old-noisy/50/dwr_noisy_p04_hyp-1_50_2.tar.bz2:0.677591085434:0.084276:0.67
> 0:True:3,9:9967,1933,0
> 1:False:3,11:9967,1933,0
> 2:False:4,11:9967,1933,0
> 3:False:3,11:9967,1933,0
> 4:False:3,10:9967,1933,0
> 5:True:3,9:9967,1933,0
dwr-optimal-old-noisy/50/dwr_noisy_p04_hyp-1_50_3.tar.bz2:0.695158958435:0.0820242:0.69
> 0:False:3,9:9966,1930,0
> 1:False:3,9:9966,1930,0
> 2:True:4,9:9966,1930,0
> 3:False:3,9:9966,1930,0
> 4:False:3,9:9966,1930,0
> 5:False:3,9:9966,1930,0
dwr-optimal-old-noisy/50/dwr_noisy_p04_hyp-2_50_1.tar.bz2:0.684270858765:0.0814761:0.68
> 0:False:3,12:9967,1933,0
> 1:False:3,12:9967,1933,0
> 2:True:4,11:9967,1933,0
> 3:False:3,12:9967,1933,0
> 4:False:3,12:9967,1933,0
> 5:False:3,11:9967,1933,0
dwr-optimal-old-noisy/50/dwr_noisy_p04_hyp-2_50_2.tar.bz2:0.70269203186:0.0843582:0.7
> 0:False:3,12:9968,1936,0
> 1:False:3,12:9968,1936,0
> 2:True:4,11:9968,1936,0
> 3:False:3,11:9968,1936,0
> 4:False:3,11:9968,1936,0
> 5:False:3,11:9968,1936,0
dwr-optimal-old-noisy/50/dwr_noisy_p04_hyp-2_50_3.tar.bz2:0.693124055862:0.0842659:0.7
> 0:False:3,11:9968,1936,2
> 1:False:3,10:9968,1936,1
> 2:True:4,10:9968,1936,2
> 3:False:3,10:9968,1936,1
> 4:False:3,11:9968,1936,2
> 5:False:3,11:9968,1936,2
dwr-optimal-old-noisy/50/dwr_noisy_p04_hyp-3_50_1.tar.bz2:0.710523843765:0.090416:0.71
> 0:False:3,13:9967,1933,0
> 1:True:3,10:9967,1933,0
> 2:False:4,12:9967,1933,0
> 3:False:3,12:9967,1933,0
> 4:False:3,12:9967,1933,0
> 5:False:3,13:9967,1933,0
dwr-optimal-old-noisy/50/dwr_noisy_p04_hyp-3_50_2.tar.bz2:0.669178962708:0.0784972:0.67
> 0:True:3,10:9968,1936,0
> 1:False:3,11:9968,1936,0
> 2:True:4,11:9968,1936,0
> 3:True:3,10:9968,1936,0
> 4:False:3,11:9968,1936,0
> 5:False:3,11:9968,1936,0
dwr-optimal-old-noisy/50/dwr_noisy_p04_hyp-3_50_3.tar.bz2:0.69636297226:0.0818158:0.69
> 0:False:3,12:9966,1930,1
> 1:True:3,11:9966,1930,1
> 2:False:4,13:9966,1930,1
> 3:False:3,12:9966,1930,1
> 4:True:3,11:9966,1930,1
> 5:False:3,12:9966,1930,1
dwr-optimal-old-noisy/50/dwr_noisy_p04_hyp-4_50_1.tar.bz2:0.693158149719:0.0856725:0.7
> 0:False:3,12:9967,1933,1
> 1:False:3,11:9967,1933,1
> 2:True:4,11:9967,1933,1
> 3:False:3,11:9967,1933,1
> 4:False:3,11:9967,1933,1
> 5:False:3,11:9967,1933,1
dwr-optimal-old-noisy/50/dwr_noisy_p04_hyp-4_50_2.tar.bz2:0.682531118393:0.0779695:0.69
> 0:True:3,12:9968,1936,0
> 1:False:3,14:9968,1936,0
> 2:False:4,14:9968,1936,0
> 3:False:3,13:9968,1936,0
> 4:True:3,12:9968,1936,0
> 5:False:3,13:9968,1936,0
dwr-optimal-old-noisy/50/dwr_noisy_p04_hyp-4_50_3.tar.bz2:0.68905711174:0.0788965:0.68
> 0:False:3,11:9969,1939,0
> 1:False:3,11:9969,1939,0
> 2:True:4,11:9969,1939,0
> 3:False:3,11:9969,1939,0
> 4:True:3,10:9969,1939,0
> 5:False:3,11:9969,1939,0
dwr-optimal-old-noisy/50/dwr_noisy_p05_hyp-1_50_1.tar.bz2:1.09622192383:0.2082331:1.09
> 0:True:5,28:39269,4405,3
> 1:True:5,28:39269,4405,3
> 2:True:5,28:39269,4405,3
> 3:False:4,28:39269,4405,3
> 4:False:4,28:39269,4405,3
> 5:False:4,29:39269,4405,3
dwr-optimal-old-noisy/50/dwr_noisy_p05_hyp-1_50_2.tar.bz2:1.10387706757:0.2279654:1.11
> 0:False:5,28:39273,4417,2
> 1:True:5,27:39273,4417,2
> 2:False:5,29:39273,4417,2
> 3:False:4,29:39273,4417,2
> 4:False:4,28:39273,4417,2
> 5:False:4,29:39273,4417,2
dwr-optimal-old-noisy/50/dwr_noisy_p05_hyp-1_50_3.tar.bz2:1.1304461956:0.2215758:1.13
> 0:True:5,27:39271,4411,3
> 1:True:5,27:39271,4411,3
> 2:False:5,28:39271,4411,3
> 3:False:4,29:39271,4411,3
> 4:False:4,28:39271,4411,3
> 5:False:4,28:39271,4411,3
dwr-optimal-old-noisy/50/dwr_noisy_p05_hyp-2_50_1.tar.bz2:1.13249897957:0.2190096:1.13
> 0:False:5,27:39270,4408,4
> 1:True:5,26:39270,4408,4
> 2:False:5,28:39270,4408,4
> 3:False:4,28:39270,4408,4
> 4:False:4,27:39270,4408,4
> 5:False:4,27:39270,4408,4
dwr-optimal-old-noisy/50/dwr_noisy_p05_hyp-2_50_2.tar.bz2:1.12015891075:0.2185485:1.12
> 0:False:5,27:39269,4405,3
> 1:True:5,26:39269,4405,3
> 2:False:5,29:39269,4405,3
> 3:False:4,28:39269,4405,3
> 4:False:4,27:39269,4405,3
> 5:False:4,27:39269,4405,3
dwr-optimal-old-noisy/50/dwr_noisy_p05_hyp-2_50_3.tar.bz2:1.1269929409:0.2169347:1.12
> 0:True:5,26:39271,4411,2
> 1:True:5,26:39271,4411,2
> 2:False:5,27:39271,4411,2
> 3:False:4,27:39271,4411,2
> 4:False:4,26:39271,4411,2
> 5:False:4,27:39271,4411,2
dwr-optimal-old-noisy/50/dwr_noisy_p05_hyp-3_50_1.tar.bz2:1.11731100082:0.2155899:1.12
> 0:True:5,24:39270,4408,2
> 1:True:5,24:39270,4408,2
> 2:False:5,25:39270,4408,2
> 3:False:4,25:39270,4408,2
> 4:False:4,24:39270,4408,2
> 5:False:4,25:39270,4408,2
dwr-optimal-old-noisy/50/dwr_noisy_p05_hyp-3_50_2.tar.bz2:1.15377902985:0.229796:1.15
> 0:False:5,24:39271,4411,3
> 1:False:5,25:39271,4411,3
> 2:False:5,24:39271,4411,3
> 3:False:4,25:39271,4411,3
> 4:True:4,22:39271,4411,3
> 5:False:4,24:39271,4411,3
dwr-optimal-old-noisy/50/dwr_noisy_p05_hyp-3_50_3.tar.bz2:1.11208295822:0.2136847:1.12
> 0:False:5,24:39268,4402,2
> 1:True:5,23:39268,4402,2
> 2:False:5,24:39268,4402,2
> 3:False:4,24:39268,4402,2
> 4:False:4,24:39268,4402,2
> 5:False:4,24:39268,4402,2
dwr-optimal-old-noisy/50/dwr_noisy_p05_hyp-4_50_1.tar.bz2:1.13250517845:0.2105545:1.12
> 0:True:5,21:39265,4393,3
> 1:False:5,22:39265,4393,3
> 2:False:5,22:39265,4393,3
> 3:False:4,22:39265,4393,3
> 4:False:4,21:39265,4393,3
> 5:False:4,21:39265,4393,3
dwr-optimal-old-noisy/50/dwr_noisy_p05_hyp-4_50_2.tar.bz2:1.10658288002:0.2126029:1.11
> 0:False:5,23:39269,4405,3
> 1:False:5,23:39269,4405,3
> 2:True:5,21:39269,4405,3
> 3:False:4,21:39269,4405,3
> 4:False:4,22:39269,4405,3
> 5:False:4,23:39269,4405,3
dwr-optimal-old-noisy/50/dwr_noisy_p05_hyp-4_50_3.tar.bz2:1.12813282013:0.2174022:1.13
> 0:False:5,22:39269,4405,3
> 1:False:5,21:39269,4405,3
> 2:False:5,22:39269,4405,3
> 3:True:4,19:39269,4405,3
> 4:False:4,22:39269,4405,3
> 5:False:4,22:39269,4405,3
dwr-optimal-old-noisy/70/dwr_noisy_p02_hyp-1_70_1.tar.bz2:0.853270053864:0.09315537:0.84
> 0:True:5,12:6953,1553,1
> 1:False:5,14:6953,1553,1
> 2:True:5,12:6953,1553,1
> 3:False:5,14:6953,1553,1
> 4:False:5,13:6953,1553,1
> 5:False:5,14:6953,1553,1
> 6:False:5,14:6953,1553,1
> 7:False:5,13:6953,1553,1
dwr-optimal-old-noisy/70/dwr_noisy_p02_hyp-1_70_2.tar.bz2:0.8904337883:0.1010328:0.88
> 0:True:5,11:6955,1559,0
> 1:False:5,13:6955,1559,0
> 2:False:5,12:6955,1559,0
> 3:False:5,13:6955,1559,0
> 4:False:5,13:6955,1559,0
> 5:False:5,13:6955,1559,0
> 6:False:5,13:6955,1559,0
> 7:False:5,13:6955,1559,0
dwr-optimal-old-noisy/70/dwr_noisy_p02_hyp-1_70_3.tar.bz2:0.853989124298:0.09345979:0.85
> 0:True:5,11:6955,1559,1
> 1:False:5,13:6955,1559,1
> 2:False:5,12:6955,1559,1
> 3:False:5,13:6955,1559,1
> 4:False:5,13:6955,1559,1
> 5:False:5,13:6955,1559,1
> 6:False:5,13:6955,1559,1
> 7:False:5,12:6955,1559,1
dwr-optimal-old-noisy/70/dwr_noisy_p02_hyp-2_70_1.tar.bz2:0.861074209213:0.1014376:0.86
> 0:False:5,12:6955,1559,1
> 1:True:5,11:6955,1559,1
> 2:False:5,13:6955,1559,1
> 3:False:5,13:6955,1559,1
> 4:False:5,13:6955,1559,1
> 5:True:5,11:6955,1559,1
> 6:False:5,12:6955,1559,1
> 7:False:5,12:6955,1559,1
dwr-optimal-old-noisy/70/dwr_noisy_p02_hyp-2_70_2.tar.bz2:0.869583845139:0.100367:0.87
> 0:False:5,14:6953,1553,1
> 1:True:5,12:6953,1553,1
> 2:False:5,13:6953,1553,1
> 3:False:5,13:6953,1553,1
> 4:False:5,14:6953,1553,1
> 5:False:5,13:6953,1553,1
> 6:False:5,13:6953,1553,1
> 7:False:5,13:6953,1553,1
dwr-optimal-old-noisy/70/dwr_noisy_p02_hyp-2_70_3.tar.bz2:0.8812251091:0.09998544:0.88
> 0:False:5,14:6953,1553,1
> 1:True:5,11:6953,1553,1
> 2:False:5,13:6953,1553,1
> 3:False:5,14:6953,1553,1
> 4:False:5,14:6953,1553,1
> 5:False:5,12:6953,1553,1
> 6:False:5,14:6953,1553,1
> 7:False:5,13:6953,1553,1
dwr-optimal-old-noisy/70/dwr_noisy_p02_hyp-3_70_1.tar.bz2:0.889293909073:0.098307:0.89
> 0:True:5,11:6955,1559,1
> 1:False:5,12:6955,1559,1
> 2:True:5,11:6955,1559,1
> 3:False:5,13:6955,1559,1
> 4:False:5,13:6955,1559,1
> 5:False:5,13:6955,1559,1
> 6:False:5,13:6955,1559,1
> 7:False:5,13:6955,1559,1
dwr-optimal-old-noisy/70/dwr_noisy_p02_hyp-3_70_2.tar.bz2:0.855880022049:0.1007897:0.86
> 0:False:5,12:6956,1562,0
> 1:False:5,13:6956,1562,0
> 2:True:5,11:6956,1562,0
> 3:False:5,14:6956,1562,0
> 4:False:5,13:6956,1562,0
> 5:False:5,14:6956,1562,0
> 6:False:5,14:6956,1562,0
> 7:False:5,13:6956,1562,0
dwr-optimal-old-noisy/70/dwr_noisy_p02_hyp-3_70_3.tar.bz2:0.869349956512:0.10105818:0.88
> 0:True:5,11:6954,1556,0
> 1:False:5,12:6954,1556,2
> 2:True:5,11:6954,1556,0
> 3:False:5,13:6954,1556,0
> 4:False:5,13:6954,1556,0
> 5:False:5,13:6954,1556,0
> 6:False:5,13:6954,1556,0
> 7:False:5,13:6954,1556,0
dwr-optimal-old-noisy/70/dwr_noisy_p02_hyp-4_70_1.tar.bz2:0.872408866882:0.10266589:0.87
> 0:False:5,13:6955,1559,0
> 1:False:5,13:6955,1559,0
> 2:False:5,13:6955,1559,0
> 3:True:5,11:6955,1559,0
> 4:False:5,12:6955,1559,0
> 5:False:5,13:6955,1559,0
> 6:False:5,12:6955,1559,0
> 7:False:5,13:6955,1559,0
dwr-optimal-old-noisy/70/dwr_noisy_p02_hyp-4_70_2.tar.bz2:0.872083902359:0.09457713:0.88
> 0:False:5,13:6955,1559,0
> 1:False:5,13:6955,1559,0
> 2:False:5,13:6955,1559,0
> 3:True:5,11:6955,1559,0
> 4:True:5,11:6955,1559,0
> 5:False:5,12:6955,1559,2
> 6:False:5,12:6955,1559,0
> 7:False:5,13:6955,1559,0
dwr-optimal-old-noisy/70/dwr_noisy_p02_hyp-4_70_3.tar.bz2:0.848607063293:0.08871566:0.84
> 0:False:5,13:6955,1559,0
> 1:False:5,13:6955,1559,0
> 2:False:5,13:6955,1559,0
> 3:True:5,11:6955,1559,0
> 4:True:5,11:6955,1559,0
> 5:False:5,12:6955,1559,0
> 6:True:5,11:6955,1559,0
> 7:False:5,13:6955,1559,0
dwr-optimal-old-noisy/70/dwr_noisy_p04_hyp-1_70_1.tar.bz2:0.718239068985:0.0885475:0.71
> 0:True:3,10:9969,1939,0
> 1:False:3,13:9969,1939,0
> 2:False:4,13:9969,1939,0
> 3:False:3,12:9969,1939,0
> 4:False:3,12:9969,1939,0
> 5:False:3,11:9969,1939,0
dwr-optimal-old-noisy/70/dwr_noisy_p04_hyp-1_70_2.tar.bz2:0.697219848633:0.0801472:0.7
> 0:True:3,11:9968,1936,1
> 1:False:3,13:9968,1936,1
> 2:False:4,13:9968,1936,1
> 3:False:3,12:9968,1936,1
> 4:False:3,12:9968,1936,1
> 5:False:3,12:9968,1936,1
dwr-optimal-old-noisy/70/dwr_noisy_p04_hyp-1_70_3.tar.bz2:0.699427127838:0.0860716:0.7
> 0:True:3,11:9968,1936,1
> 1:False:3,12:9968,1936,1
> 2:True:4,12:9968,1936,1
> 3:False:3,12:9968,1936,1
> 4:False:3,12:9968,1936,1
> 5:True:3,11:9968,1936,1
dwr-optimal-old-noisy/70/dwr_noisy_p04_hyp-2_70_1.tar.bz2:0.696235895157:0.0822436:0.7
> 0:False:3,13:9971,1945,0
> 1:False:3,12:9971,1945,0
> 2:True:4,11:9971,1945,0
> 3:False:3,11:9971,1945,0
> 4:False:3,13:9971,1945,0
> 5:False:3,12:9971,1945,0
dwr-optimal-old-noisy/70/dwr_noisy_p04_hyp-2_70_2.tar.bz2:0.710044145584:0.0919451:0.71
> 0:False:3,13:9970,1942,1
> 1:False:3,13:9970,1942,1
> 2:True:4,12:9970,1942,1
> 3:False:3,13:9970,1942,1
> 4:False:3,13:9970,1942,1
> 5:False:3,12:9970,1942,1
dwr-optimal-old-noisy/70/dwr_noisy_p04_hyp-2_70_3.tar.bz2:0.71551990509:0.0950393:0.72
> 0:False:3,13:9971,1945,1
> 1:False:3,12:9971,1945,1
> 2:True:4,11:9971,1945,1
> 3:False:3,12:9971,1945,1
> 4:False:3,13:9971,1945,1
> 5:False:3,12:9971,1945,1
dwr-optimal-old-noisy/70/dwr_noisy_p04_hyp-3_70_1.tar.bz2:0.697105884552:0.0858657:0.7
> 0:False:3,12:9971,1945,0
> 1:True:3,10:9971,1945,0
> 2:False:4,12:9971,1945,0
> 3:False:3,11:9971,1945,0
> 4:False:3,12:9971,1945,0
> 5:False:3,12:9971,1945,0
dwr-optimal-old-noisy/70/dwr_noisy_p04_hyp-3_70_2.tar.bz2:0.680145025253:0.08039:0.68
> 0:False:3,12:9972,1948,0
> 1:True:3,10:9972,1948,0
> 2:False:4,12:9972,1948,0
> 3:False:3,11:9972,1948,0
> 4:False:3,12:9972,1948,0
> 5:False:3,13:9972,1948,0
dwr-optimal-old-noisy/70/dwr_noisy_p04_hyp-3_70_3.tar.bz2:0.685027122498:0.081223:0.69
> 0:False:3,12:9970,1942,1
> 1:True:3,11:9970,1942,2
> 2:False:4,13:9970,1942,1
> 3:False:3,12:9970,1942,1
> 4:False:3,12:9970,1942,1
> 5:False:3,12:9970,1942,1
dwr-optimal-old-noisy/70/dwr_noisy_p04_hyp-4_70_1.tar.bz2:0.687746047974:0.08764:0.68
> 0:False:3,11:9971,1945,0
> 1:False:3,12:9971,1945,0
> 2:False:4,12:9971,1945,0
> 3:False:3,12:9971,1945,0
> 4:True:3,10:9971,1945,0
> 5:False:3,11:9971,1945,0
dwr-optimal-old-noisy/70/dwr_noisy_p04_hyp-4_70_2.tar.bz2:0.711712837219:0.0935341:0.72
> 0:True:3,12:9970,1942,1
> 1:True:3,12:9970,1942,1
> 2:True:4,13:9970,1942,1
> 3:False:3,13:9970,1942,1
> 4:True:3,12:9970,1942,1
> 5:True:3,12:9970,1942,1
dwr-optimal-old-noisy/70/dwr_noisy_p04_hyp-4_70_3.tar.bz2:0.702088832855:0.0852371:0.7
> 0:False:3,12:9970,1942,1
> 1:False:3,12:9970,1942,1
> 2:False:4,12:9970,1942,1
> 3:False:3,12:9970,1942,1
> 4:True:3,10:9970,1942,1
> 5:False:3,12:9970,1942,1
dwr-optimal-old-noisy/70/dwr_noisy_p05_hyp-1_70_1.tar.bz2:1.10872888565:0.2170012:1.11
> 0:True:5,35:39282,4444,4
> 1:True:5,35:39282,4444,3
> 2:False:5,36:39282,4444,4
> 3:False:4,36:39282,4444,3
> 4:False:4,35:39282,4444,4
> 5:True:4,34:39282,4444,4
dwr-optimal-old-noisy/70/dwr_noisy_p05_hyp-1_70_2.tar.bz2:1.11863803864:0.2240131:1.11
> 0:True:5,35:39278,4432,8
> 1:True:5,35:39278,4432,8
> 2:False:5,36:39278,4432,6
> 3:False:4,37:39278,4432,7
> 4:False:4,35:39278,4432,8
> 5:False:4,36:39278,4432,8
dwr-optimal-old-noisy/70/dwr_noisy_p05_hyp-1_70_3.tar.bz2:1.10399985313:0.2108015:1.1
> 0:True:5,35:39281,4441,4
> 1:False:5,36:39281,4441,4
> 2:False:5,36:39281,4441,5
> 3:False:4,37:39281,4441,5
> 4:False:4,35:39281,4441,4
> 5:False:4,35:39281,4441,4
dwr-optimal-old-noisy/70/dwr_noisy_p05_hyp-2_70_1.tar.bz2:1.11468696594:0.2173557:1.11
> 0:True:5,35:39276,4426,5
> 1:True:5,35:39276,4426,5
> 2:True:5,35:39276,4426,5
> 3:False:4,36:39276,4426,5
> 4:False:4,35:39276,4426,5
> 5:False:4,35:39276,4426,5
dwr-optimal-old-noisy/70/dwr_noisy_p05_hyp-2_70_2.tar.bz2:1.13317990303:0.2190558:1.13
> 0:False:5,35:39278,4432,5
> 1:True:5,33:39278,4432,5
> 2:False:5,34:39278,4432,5
> 3:False:4,34:39278,4432,5
> 4:False:4,34:39278,4432,5
> 5:False:4,34:39278,4432,5
dwr-optimal-old-noisy/70/dwr_noisy_p05_hyp-2_70_3.tar.bz2:1.07880401611:0.2040512:1.09
> 0:True:5,34:39277,4429,3
> 1:False:5,35:39277,4429,3
> 2:True:5,34:39277,4429,3
> 3:False:4,35:39277,4429,3
> 4:False:4,35:39277,4429,3
> 5:False:4,35:39277,4429,3
dwr-optimal-old-noisy/70/dwr_noisy_p05_hyp-3_70_1.tar.bz2:1.11887717247:0.2164837:1.11
> 0:False:5,32:39276,4426,4
> 1:False:5,32:39276,4426,4
> 2:True:5,31:39276,4426,4
> 3:False:4,32:39276,4426,4
> 4:False:4,31:39276,4426,4
> 5:False:4,31:39276,4426,4
dwr-optimal-old-noisy/70/dwr_noisy_p05_hyp-3_70_2.tar.bz2:1.10617518425:0.2105413:1.1
> 0:True:5,31:39275,4423,4
> 1:False:5,32:39275,4423,4
> 2:False:5,32:39275,4423,4
> 3:False:4,33:39275,4423,4
> 4:False:4,31:39275,4423,4
> 5:False:4,32:39275,4423,4
dwr-optimal-old-noisy/70/dwr_noisy_p05_hyp-3_70_3.tar.bz2:1.09912896156:0.212647:1.1
> 0:False:5,30:39277,4429,4
> 1:False:5,30:39277,4429,4
> 2:True:5,29:39277,4429,3
> 3:False:4,31:39277,4429,4
> 4:False:4,29:39277,4429,5
> 5:False:4,30:39277,4429,5
dwr-optimal-old-noisy/70/dwr_noisy_p05_hyp-4_70_1.tar.bz2:1.12474894524:0.2157092:1.12
> 0:False:5,28:39272,4414,5
> 1:False:5,28:39272,4414,5
> 2:False:5,29:39272,4414,5
> 3:True:4,26:39272,4414,5
> 4:False:4,28:39272,4414,5
> 5:False:4,28:39272,4414,5
dwr-optimal-old-noisy/70/dwr_noisy_p05_hyp-4_70_2.tar.bz2:1.11374688148:0.2136613:1.12
> 0:False:5,27:39271,4411,4
> 1:False:5,27:39271,4411,4
> 2:False:5,27:39271,4411,4
> 3:True:4,25:39271,4411,4
> 4:False:4,27:39271,4411,4
> 5:False:4,27:39271,4411,4
dwr-optimal-old-noisy/70/dwr_noisy_p05_hyp-4_70_3.tar.bz2:1.12333106995:0.2137922:1.11
> 0:False:5,29:39272,4414,3
> 1:False:5,28:39272,4414,3
> 2:True:5,27:39272,4414,3
> 3:True:4,26:39272,4414,3
> 4:False:4,29:39272,4414,3
> 5:False:4,29:39272,4414,3
dwr-optimal-old-noisy/100/dwr_noisy_p02_hyp-1_full_1.tar.bz2:0.884166955948:0.104744:0.88
> 0:True:5,12:6957,1565,1
> 1:False:5,16:6957,1565,1
> 2:False:5,13:6957,1565,1
> 3:False:5,16:6957,1565,1
> 4:False:5,15:6957,1565,1
> 5:False:5,15:6957,1565,1
> 6:False:5,15:6957,1565,1
> 7:False:5,14:6957,1565,1
dwr-optimal-old-noisy/100/dwr_noisy_p02_hyp-1_full_2.tar.bz2:0.843524932861:0.08853633:0.85
> 0:True:5,13:6958,1568,1
> 1:False:5,15:6958,1568,1
> 2:True:5,13:6958,1568,1
> 3:False:5,16:6958,1568,1
> 4:False:5,15:6958,1568,1
> 5:False:5,15:6958,1568,1
> 6:False:5,15:6958,1568,1
> 7:False:5,14:6958,1568,1
dwr-optimal-old-noisy/100/dwr_noisy_p02_hyp-1_full_3.tar.bz2:0.869097948074:0.09391195:0.87
> 0:True:5,12:6957,1565,1
> 1:False:5,16:6957,1565,1
> 2:False:5,13:6957,1565,1
> 3:False:5,16:6957,1565,1
> 4:False:5,15:6957,1565,1
> 5:False:5,15:6957,1565,1
> 6:False:5,15:6957,1565,1
> 7:False:5,14:6957,1565,1
dwr-optimal-old-noisy/100/dwr_noisy_p02_hyp-2_full_1.tar.bz2:0.861846923828:0.09516247:0.86
> 0:False:5,16:6958,1568,1
> 1:True:5,13:6958,1568,1
> 2:False:5,15:6958,1568,1
> 3:False:5,16:6958,1568,1
> 4:False:5,16:6958,1568,1
> 5:False:5,15:6958,1568,1
> 6:False:5,16:6958,1568,1
> 7:False:5,15:6958,1568,1
dwr-optimal-old-noisy/100/dwr_noisy_p02_hyp-2_full_2.tar.bz2:0.885185956955:0.1050108:0.88
> 0:False:5,16:6958,1568,1
> 1:True:5,12:6958,1568,1
> 2:False:5,15:6958,1568,1
> 3:False:5,15:6958,1568,1
> 4:False:5,15:6958,1568,1
> 5:False:5,13:6958,1568,1
> 6:False:5,14:6958,1568,1
> 7:False:5,15:6958,1568,1
dwr-optimal-old-noisy/100/dwr_noisy_p02_hyp-2_full_3.tar.bz2:0.842523813248:0.09558391:0.85
> 0:False:5,15:6959,1571,1
> 1:True:5,13:6959,1571,1
> 2:False:5,15:6959,1571,1
> 3:False:5,15:6959,1571,1
> 4:False:5,15:6959,1571,1
> 5:True:5,13:6959,1571,1
> 6:False:5,14:6959,1571,1
> 7:False:5,14:6959,1571,1
dwr-optimal-old-noisy/100/dwr_noisy_p02_hyp-3_full_1.tar.bz2:0.85523891449:0.10054:0.86
> 0:False:5,13:6957,1565,1
> 1:False:5,15:6957,1565,1
> 2:True:5,12:6957,1565,1
> 3:False:5,16:6957,1565,1
> 4:False:5,15:6957,1565,1
> 5:False:5,16:6957,1565,1
> 6:False:5,16:6957,1565,1
> 7:False:5,15:6957,1565,1
dwr-optimal-old-noisy/100/dwr_noisy_p02_hyp-3_full_2.tar.bz2:0.847129106522:0.09204769:0.85
> 0:False:5,13:6958,1568,1
> 1:False:5,15:6958,1568,1
> 2:True:5,12:6958,1568,1
> 3:False:5,16:6958,1568,1
> 4:False:5,15:6958,1568,1
> 5:False:5,16:6958,1568,1
> 6:False:5,16:6958,1568,1
> 7:False:5,15:6958,1568,1
dwr-optimal-old-noisy/100/dwr_noisy_p02_hyp-3_full_3.tar.bz2:0.854474067688:0.10059501:0.85
> 0:True:5,13:6959,1571,1
> 1:False:5,15:6959,1571,1
> 2:True:5,13:6959,1571,1
> 3:False:5,15:6959,1571,1
> 4:False:5,14:6959,1571,1
> 5:False:5,16:6959,1571,1
> 6:False:5,16:6959,1571,1
> 7:False:5,15:6959,1571,1
dwr-optimal-old-noisy/100/dwr_noisy_p02_hyp-4_full_1.tar.bz2:0.861849069595:0.09457861:0.86
> 0:False:5,16:6956,1562,1
> 1:False:5,16:6956,1562,1
> 2:False:5,16:6956,1562,1
> 3:True:5,12:6956,1562,1
> 4:False:5,13:6956,1562,1
> 5:False:5,15:6956,1562,1
> 6:False:5,14:6956,1562,1
> 7:False:5,16:6956,1562,1
dwr-optimal-old-noisy/100/dwr_noisy_p02_hyp-4_full_2.tar.bz2:0.853432893753:0.09611355:0.86
> 0:False:5,16:6958,1568,1
> 1:False:5,16:6958,1568,1
> 2:False:5,16:6958,1568,1
> 3:True:5,13:6958,1568,1
> 4:True:5,13:6958,1568,1
> 5:False:5,15:6958,1568,1
> 6:False:5,14:6958,1568,1
> 7:False:5,16:6958,1568,1
dwr-optimal-old-noisy/100/dwr_noisy_p02_hyp-4_full_3.tar.bz2:0.874487876892:0.09414892:0.88
> 0:False:5,16:6956,1562,1
> 1:False:5,16:6956,1562,1
> 2:False:5,16:6956,1562,1
> 3:True:5,12:6956,1562,1
> 4:False:5,13:6956,1562,1
> 5:False:5,15:6956,1562,1
> 6:False:5,14:6956,1562,1
> 7:False:5,16:6956,1562,1
dwr-optimal-old-noisy/100/dwr_noisy_p04_hyp-1_full_1.tar.bz2:0.691466093063:0.084322:0.7
> 0:True:3,12:9972,1948,1
> 1:False:3,13:9972,1948,1
> 2:True:4,13:9972,1948,1
> 3:True:3,12:9972,1948,1
> 4:False:3,13:9972,1948,1
> 5:True:3,12:9972,1948,1
dwr-optimal-old-noisy/100/dwr_noisy_p04_hyp-1_full_2.tar.bz2:0.699366092682:0.085694:0.7
> 0:True:3,11:9971,1945,1
> 1:False:3,14:9971,1945,1
> 2:False:4,14:9971,1945,1
> 3:False:3,13:9971,1945,1
> 4:False:3,13:9971,1945,1
> 5:False:3,12:9971,1945,1
dwr-optimal-old-noisy/100/dwr_noisy_p04_hyp-1_full_3.tar.bz2:0.697343111038:0.0821718:0.7
> 0:True:3,12:9972,1948,1
> 1:False:3,14:9972,1948,1
> 2:True:4,13:9972,1948,1
> 3:False:3,13:9972,1948,1
> 4:False:3,13:9972,1948,1
> 5:True:3,12:9972,1948,1
dwr-optimal-old-noisy/100/dwr_noisy_p04_hyp-2_full_1.tar.bz2:0.691368818283:0.0848346:0.69
> 0:False:3,15:9973,1951,1
> 1:False:3,14:9973,1951,1
> 2:True:4,12:9973,1951,1
> 3:False:3,13:9973,1951,1
> 4:False:3,15:9973,1951,1
> 5:False:3,14:9973,1951,1
dwr-optimal-old-noisy/100/dwr_noisy_p04_hyp-2_full_2.tar.bz2:0.690107107162:0.0831435:0.68
> 0:False:3,15:9973,1951,1
> 1:False:3,14:9973,1951,1
> 2:True:4,12:9973,1951,1
> 3:False:3,13:9973,1951,1
> 4:False:3,15:9973,1951,1
> 5:False:3,14:9973,1951,1
dwr-optimal-old-noisy/100/dwr_noisy_p04_hyp-2_full_3.tar.bz2:0.69729590416:0.0858504:0.7
> 0:False:3,15:9973,1951,1
> 1:False:3,14:9973,1951,1
> 2:True:4,12:9973,1951,1
> 3:False:3,13:9973,1951,1
> 4:False:3,15:9973,1951,1
> 5:False:3,14:9973,1951,1
dwr-optimal-old-noisy/100/dwr_noisy_p04_hyp-3_full_1.tar.bz2:0.699611902237:0.0910785:0.7
> 0:False:3,15:9974,1954,1
> 1:True:3,12:9974,1954,1
> 2:True:4,13:9974,1954,1
> 3:False:3,14:9974,1954,1
> 4:False:3,14:9974,1954,1
> 5:False:3,14:9974,1954,1
dwr-optimal-old-noisy/100/dwr_noisy_p04_hyp-3_full_2.tar.bz2:0.688983917236:0.0860503:0.69
> 0:False:3,15:9972,1948,1
> 1:True:3,13:9972,1948,1
> 2:True:4,14:9972,1948,1
> 3:False:3,14:9972,1948,1
> 4:False:3,14:9972,1948,1
> 5:False:3,15:9972,1948,1
dwr-optimal-old-noisy/100/dwr_noisy_p04_hyp-3_full_3.tar.bz2:0.674336910248:0.0808844:0.68
> 0:False:3,15:9973,1951,1
> 1:True:3,13:9973,1951,1
> 2:True:4,14:9973,1951,1
> 3:False:3,14:9973,1951,1
> 4:False:3,14:9973,1951,1
> 5:False:3,15:9973,1951,1
dwr-optimal-old-noisy/100/dwr_noisy_p04_hyp-4_full_1.tar.bz2:0.708066940308:0.0902718:0.71
> 0:False:3,14:9974,1954,1
> 1:False:3,14:9974,1954,1
> 2:False:4,15:9974,1954,1
> 3:False:3,15:9974,1954,1
> 4:True:3,12:9974,1954,1
> 5:False:3,14:9974,1954,1
dwr-optimal-old-noisy/100/dwr_noisy_p04_hyp-4_full_2.tar.bz2:0.702172040939:0.0855201:0.7
> 0:False:3,14:9974,1954,1
> 1:False:3,14:9974,1954,1
> 2:False:4,15:9974,1954,1
> 3:False:3,15:9974,1954,1
> 4:True:3,13:9974,1954,1
> 5:False:3,14:9974,1954,1
dwr-optimal-old-noisy/100/dwr_noisy_p04_hyp-4_full_3.tar.bz2:0.692332983017:0.0886047:0.68
> 0:False:3,14:9974,1954,1
> 1:False:3,14:9974,1954,1
> 2:False:4,14:9974,1954,1
> 3:False:3,15:9974,1954,1
> 4:True:3,12:9974,1954,1
> 5:False:3,13:9974,1954,1
dwr-optimal-old-noisy/100/dwr_noisy_p05_hyp-1_full_1.tar.bz2:1.12324094772:0.2157987:1.12
> 0:True:5,45:39287,4459,5
> 1:False:5,46:39287,4459,5
> 2:False:5,47:39287,4459,5
> 3:False:4,48:39287,4459,5
> 4:False:4,45:39287,4459,5
> 5:False:4,46:39287,4459,5
dwr-optimal-old-noisy/100/dwr_noisy_p05_hyp-1_full_2.tar.bz2:1.12043094635:0.218684:1.12
> 0:True:5,44:39287,4459,5
> 1:False:5,46:39287,4459,5
> 2:False:5,47:39287,4459,5
> 3:False:4,48:39287,4459,5
> 4:False:4,44:39287,4459,5
> 5:False:4,45:39287,4459,5
dwr-optimal-old-noisy/100/dwr_noisy_p05_hyp-1_full_3.tar.bz2:1.11603999138:0.2206741:1.11
> 0:True:5,44:39288,4462,5
> 1:False:5,45:39288,4462,5
> 2:False:5,47:39288,4462,5
> 3:False:4,48:39288,4462,5
> 4:False:4,45:39288,4462,5
> 5:False:4,46:39288,4462,5
dwr-optimal-old-noisy/100/dwr_noisy_p05_hyp-2_full_1.tar.bz2:1.13599181175:0.2222274:1.13
> 0:False:5,44:39287,4459,5
> 1:True:5,42:39287,4459,4
> 2:False:5,45:39287,4459,5
> 3:False:4,45:39287,4459,5
> 4:False:4,45:39287,4459,5
> 5:False:4,45:39287,4459,5
dwr-optimal-old-noisy/100/dwr_noisy_p05_hyp-2_full_2.tar.bz2:1.11873316765:0.2160554:1.12
> 0:False:5,45:39286,4456,5
> 1:True:5,43:39286,4456,5
> 2:False:5,45:39286,4456,5
> 3:False:4,45:39286,4456,5
> 4:False:4,45:39286,4456,5
> 5:False:4,45:39286,4456,5
dwr-optimal-old-noisy/100/dwr_noisy_p05_hyp-2_full_3.tar.bz2:1.11009812355:0.2194902:1.11
> 0:False:5,45:39284,4450,5
> 1:True:5,43:39284,4450,5
> 2:False:5,45:39284,4450,5
> 3:False:4,45:39284,4450,5
> 4:False:4,45:39284,4450,5
> 5:False:4,45:39284,4450,5
dwr-optimal-old-noisy/100/dwr_noisy_p05_hyp-3_full_1.tar.bz2:1.11816000938:0.2188482:1.12
> 0:True:5,38:39284,4450,5
> 1:False:5,39:39284,4450,5
> 2:False:5,39:39284,4450,5
> 3:False:4,40:39284,4450,5
> 4:True:4,37:39284,4450,5
> 5:False:4,38:39284,4450,5
dwr-optimal-old-noisy/100/dwr_noisy_p05_hyp-3_full_2.tar.bz2:1.12566995621:0.217829:1.13
> 0:False:5,38:39282,4444,4
> 1:False:5,39:39282,4444,5
> 2:False:5,39:39282,4444,5
> 3:False:4,40:39282,4444,5
> 4:True:4,36:39282,4444,5
> 5:False:4,37:39282,4444,5
dwr-optimal-old-noisy/100/dwr_noisy_p05_hyp-3_full_3.tar.bz2:1.11545491219:0.2198804:1.11
> 0:True:5,38:39284,4450,5
> 1:False:5,39:39284,4450,5
> 2:False:5,39:39284,4450,5
> 3:False:4,40:39284,4450,5
> 4:True:4,37:39284,4450,5
> 5:False:4,38:39284,4450,5
dwr-optimal-old-noisy/100/dwr_noisy_p05_hyp-4_full_1.tar.bz2:1.11180090904:0.2147949:1.12
> 0:False:5,36:39278,4432,4
> 1:False:5,35:39278,4432,4
> 2:False:5,35:39278,4432,4
> 3:True:4,33:39278,4432,4
> 4:False:4,36:39278,4432,4
> 5:False:4,36:39278,4432,4
dwr-optimal-old-noisy/100/dwr_noisy_p05_hyp-4_full_2.tar.bz2:1.10325884819:0.2069148:1.1
> 0:False:5,36:39280,4438,4
> 1:False:5,35:39280,4438,4
> 2:False:5,35:39280,4438,4
> 3:True:4,33:39280,4438,4
> 4:False:4,36:39280,4438,4
> 5:False:4,36:39280,4438,4
dwr-optimal-old-noisy/100/dwr_noisy_p05_hyp-4_full_3.tar.bz2:1.10442686081:0.2147368:1.1
> 0:False:5,36:39280,4438,4
> 1:False:5,35:39280,4438,4
> 2:True:5,34:39280,4438,4
> 3:True:4,33:39280,4438,4
> 4:False:4,36:39280,4438,4
> 5:False:4,36:39280,4438,4
