dwr-suboptimal-old-noisy/10/dwr_noisy_p02_hyp-1_10_1.tar.bz2:0.881338119507:0.1092424:0.88
> 0:True:5,7:6946,1532,0
> 1:False:5,8:6946,1532,0
> 2:False:5,8:6946,1532,0
> 3:False:5,8:6946,1532,0
> 4:True:5,7:6946,1532,0
> 5:False:5,8:6946,1532,0
> 6:False:5,8:6946,1532,0
> 7:True:5,7:6946,1532,0
dwr-suboptimal-old-noisy/10/dwr_noisy_p02_hyp-1_10_2.tar.bz2:0.90967798233:0.155156:0.91
> 0:True:5,7:6947,1535,0
> 1:True:5,7:6947,1535,0
> 2:False:5,8:6947,1535,0
> 3:False:5,8:6947,1535,0
> 4:False:5,8:6947,1535,0
> 5:True:5,7:6947,1535,0
> 6:True:5,7:6947,1535,0
> 7:False:5,8:6947,1535,0
dwr-suboptimal-old-noisy/10/dwr_noisy_p02_hyp-1_10_3.tar.bz2:0.854097127914:0.1009688:0.85
> 0:True:5,7:6946,1532,0
> 1:False:5,9:6946,1532,0
> 2:False:5,8:6946,1532,0
> 3:False:5,9:6946,1532,0
> 4:False:5,8:6946,1532,0
> 5:False:5,9:6946,1532,0
> 6:False:5,8:6946,1532,0
> 7:True:5,7:6946,1532,0
dwr-suboptimal-old-noisy/10/dwr_noisy_p02_hyp-2_10_1.tar.bz2:0.861364126205:0.1090839:0.86
> 0:True:5,8:6946,1532,0
> 1:True:5,8:6946,1532,0
> 2:True:5,8:6946,1532,0
> 3:True:5,8:6946,1532,0
> 4:True:5,8:6946,1532,0
> 5:True:5,8:6946,1532,0
> 6:True:5,8:6946,1532,0
> 7:True:5,8:6946,1532,0
dwr-suboptimal-old-noisy/10/dwr_noisy_p02_hyp-2_10_2.tar.bz2:0.948930025101:0.1532442:0.94
> 0:False:5,8:6947,1535,0
> 1:True:5,6:6947,1535,0
> 2:False:5,8:6947,1535,0
> 3:False:5,8:6947,1535,0
> 4:False:5,8:6947,1535,0
> 5:False:5,7:6947,1535,0
> 6:False:5,7:6947,1535,0
> 7:True:5,6:6947,1535,0
dwr-suboptimal-old-noisy/10/dwr_noisy_p02_hyp-2_10_3.tar.bz2:0.90186214447:0.1059889:0.91
> 0:True:5,6:6946,1532,0
> 1:False:5,7:6946,1532,0
> 2:False:5,7:6946,1532,0
> 3:False:5,7:6946,1532,0
> 4:False:5,7:6946,1532,0
> 5:False:5,7:6946,1532,0
> 6:False:5,7:6946,1532,0
> 7:False:5,7:6946,1532,0
dwr-suboptimal-old-noisy/10/dwr_noisy_p02_hyp-3_10_1.tar.bz2:0.874625921249:0.1225986:0.87
> 0:False:5,9:6946,1532,0
> 1:False:5,9:6946,1532,0
> 2:False:5,9:6946,1532,0
> 3:True:5,8:6946,1532,0
> 4:True:5,8:6946,1532,0
> 5:False:5,9:6946,1532,0
> 6:False:5,9:6946,1532,0
> 7:False:5,9:6946,1532,0
dwr-suboptimal-old-noisy/10/dwr_noisy_p02_hyp-3_10_2.tar.bz2:0.850743055344:0.1004199:0.85
> 0:False:5,7:6946,1532,0
> 1:False:5,7:6946,1532,0
> 2:True:5,6:6946,1532,0
> 3:False:5,8:6946,1532,0
> 4:False:5,7:6946,1532,0
> 5:False:5,8:6946,1532,0
> 6:False:5,8:6946,1532,0
> 7:False:5,7:6946,1532,0
dwr-suboptimal-old-noisy/10/dwr_noisy_p02_hyp-3_10_3.tar.bz2:0.875111103058:0.1315846:0.88
> 0:True:5,6:6947,1535,0
> 1:False:5,7:6947,1535,0
> 2:False:5,7:6947,1535,0
> 3:False:5,8:6947,1535,0
> 4:False:5,8:6947,1535,0
> 5:False:5,7:6947,1535,0
> 6:False:5,8:6947,1535,0
> 7:False:5,8:6947,1535,0
dwr-suboptimal-old-noisy/10/dwr_noisy_p02_hyp-4_10_1.tar.bz2:0.901241064072:0.1216899:0.9
> 0:False:5,8:6946,1532,0
> 1:True:5,7:6946,1532,0
> 2:False:5,8:6946,1532,0
> 3:False:5,8:6946,1532,0
> 4:False:5,8:6946,1532,0
> 5:True:5,7:6946,1532,0
> 6:False:5,8:6946,1532,0
> 7:False:5,8:6946,1532,0
dwr-suboptimal-old-noisy/10/dwr_noisy_p02_hyp-4_10_2.tar.bz2:0.884602069855:0.1115039:0.88
> 0:False:5,8:6946,1532,1
> 1:False:5,8:6946,1532,1
> 2:False:5,8:6946,1532,1
> 3:False:5,8:6946,1532,1
> 4:False:5,8:6946,1532,1
> 5:False:5,8:6946,1532,1
> 6:False:5,8:6946,1532,1
> 7:True:5,7:6946,1532,1
dwr-suboptimal-old-noisy/10/dwr_noisy_p02_hyp-4_10_3.tar.bz2:0.916086912155:0.1416511:0.92
> 0:True:5,7:6947,1535,0
> 1:True:5,7:6947,1535,0
> 2:False:5,8:6947,1535,0
> 3:False:5,8:6947,1535,0
> 4:False:5,8:6947,1535,0
> 5:True:5,7:6947,1535,0
> 6:False:5,8:6947,1535,0
> 7:False:5,8:6947,1535,0
dwr-suboptimal-old-noisy/10/dwr_noisy_p04_hyp-1_10_1.tar.bz2:0.793568849564:0.1554245:0.79
> 0:True:3,5:9963,1921,0
> 1:False:3,6:9963,1921,0
> 2:True:4,6:9963,1921,0
> 3:True:3,5:9963,1921,0
> 4:False:3,6:9963,1921,0
> 5:False:3,6:9963,1921,0
dwr-suboptimal-old-noisy/10/dwr_noisy_p04_hyp-1_10_2.tar.bz2:0.749040126801:0.1261439:0.75
> 0:True:3,5:9963,1921,0
> 1:False:3,7:9963,1921,0
> 2:False:4,7:9963,1921,0
> 3:False:3,6:9963,1921,0
> 4:False:3,7:9963,1921,0
> 5:False:3,6:9963,1921,0
dwr-suboptimal-old-noisy/10/dwr_noisy_p04_hyp-1_10_3.tar.bz2:0.758687019348:0.1271149:0.75
> 0:True:3,6:9962,1918,0
> 1:True:3,6:9962,1918,0
> 2:True:4,7:9962,1918,0
> 3:True:3,6:9962,1918,0
> 4:True:3,6:9962,1918,0
> 5:True:3,6:9962,1918,0
dwr-suboptimal-old-noisy/10/dwr_noisy_p04_hyp-2_10_1.tar.bz2:0.745820999146:0.1234637:0.74
> 0:False:3,8:9964,1924,0
> 1:False:3,7:9964,1924,0
> 2:True:4,7:9964,1924,0
> 3:False:3,7:9964,1924,0
> 4:False:3,8:9964,1924,0
> 5:False:3,8:9964,1924,0
dwr-suboptimal-old-noisy/10/dwr_noisy_p04_hyp-2_10_2.tar.bz2:0.732179164886:0.1203725:0.73
> 0:False:3,8:9964,1924,0
> 1:False:3,8:9964,1924,0
> 2:True:4,8:9964,1924,0
> 3:False:3,8:9964,1924,0
> 4:False:3,8:9964,1924,0
> 5:False:3,8:9964,1924,0
dwr-suboptimal-old-noisy/10/dwr_noisy_p04_hyp-2_10_3.tar.bz2:0.725654125214:0.1025157:0.74
> 0:False:3,8:9963,1921,0
> 1:False:3,8:9963,1921,0
> 2:True:4,8:9963,1921,0
> 3:False:3,8:9963,1921,0
> 4:False:3,8:9963,1921,0
> 5:False:3,8:9963,1921,0
dwr-suboptimal-old-noisy/10/dwr_noisy_p04_hyp-3_10_1.tar.bz2:0.709920167923:0.0984038:0.71
> 0:True:3,8:9962,1918,0
> 1:True:3,8:9962,1918,0
> 2:True:4,9:9962,1918,0
> 3:True:3,8:9962,1918,0
> 4:True:3,8:9962,1918,0
> 5:True:3,8:9962,1918,0
dwr-suboptimal-old-noisy/10/dwr_noisy_p04_hyp-3_10_2.tar.bz2:0.717936992645:0.1001197:0.72
> 0:True:3,7:9962,1918,0
> 1:True:3,7:9962,1918,0
> 2:True:4,8:9962,1918,0
> 3:True:3,7:9962,1918,0
> 4:True:3,7:9962,1918,0
> 5:True:3,7:9962,1918,0
dwr-suboptimal-old-noisy/10/dwr_noisy_p04_hyp-3_10_3.tar.bz2:0.746178865433:0.1373379:0.75
> 0:False:3,6:9963,1921,0
> 1:True:3,4:9963,1921,0
> 2:True:4,5:9963,1921,0
> 3:False:3,5:9963,1921,0
> 4:False:3,5:9963,1921,0
> 5:False:3,6:9963,1921,0
dwr-suboptimal-old-noisy/10/dwr_noisy_p04_hyp-4_10_1.tar.bz2:0.69979095459:0.093946:0.71
> 0:False:3,6:9962,1918,0
> 1:False:3,6:9962,1918,0
> 2:True:4,6:9962,1918,0
> 3:False:3,6:9962,1918,0
> 4:False:3,6:9962,1918,0
> 5:False:3,6:9962,1918,0
dwr-suboptimal-old-noisy/10/dwr_noisy_p04_hyp-4_10_2.tar.bz2:0.705038070679:0.095277:0.7
> 0:True:3,5:9962,1918,0
> 1:False:3,6:9962,1918,0
> 2:True:4,6:9962,1918,0
> 3:False:3,6:9962,1918,0
> 4:True:3,5:9962,1918,0
> 5:True:3,5:9962,1918,0
dwr-suboptimal-old-noisy/10/dwr_noisy_p04_hyp-4_10_3.tar.bz2:0.716336011887:0.0985853:0.72
> 0:False:3,7:9962,1918,0
> 1:False:3,7:9962,1918,0
> 2:True:4,7:9962,1918,0
> 3:False:3,7:9962,1918,0
> 4:False:3,7:9962,1918,0
> 5:False:3,7:9962,1918,0
dwr-suboptimal-old-noisy/10/dwr_noisy_p05_hyp-1_10_1.tar.bz2:1.22872304916:0.3421972:1.22
> 0:False:5,14:39258,4372,1
> 1:False:5,14:39258,4372,1
> 2:True:5,13:39258,4372,1
> 3:False:4,14:39258,4372,1
> 4:False:4,14:39258,4372,1
> 5:False:4,14:39258,4372,1
dwr-suboptimal-old-noisy/10/dwr_noisy_p05_hyp-1_10_2.tar.bz2:1.22805190086:0.3369491:1.23
> 0:True:5,12:39259,4375,1
> 1:True:5,12:39259,4375,1
> 2:True:5,12:39259,4375,1
> 3:True:4,11:39259,4375,1
> 4:False:4,12:39259,4375,1
> 5:False:4,12:39259,4375,1
dwr-suboptimal-old-noisy/10/dwr_noisy_p05_hyp-1_10_3.tar.bz2:1.27746701241:0.3665725:1.28
> 0:True:5,11:39258,4372,1
> 1:True:5,11:39258,4372,1
> 2:False:5,12:39258,4372,1
> 3:False:4,12:39258,4372,1
> 4:False:4,12:39258,4372,1
> 5:False:4,11:39258,4372,1
dwr-suboptimal-old-noisy/10/dwr_noisy_p05_hyp-2_10_1.tar.bz2:1.33149290085:0.430866:1.33
> 0:False:5,13:39259,4375,2
> 1:False:5,13:39259,4375,2
> 2:True:5,11:39259,4375,1
> 3:False:4,12:39259,4375,1
> 4:False:4,12:39259,4375,2
> 5:False:4,12:39259,4375,2
dwr-suboptimal-old-noisy/10/dwr_noisy_p05_hyp-2_10_2.tar.bz2:1.36473989487:0.4621344:1.37
> 0:True:5,14:39260,4378,0
> 1:False:5,15:39260,4378,0
> 2:True:5,14:39260,4378,0
> 3:False:4,15:39260,4378,0
> 4:False:4,14:39260,4378,0
> 5:False:4,15:39260,4378,0
dwr-suboptimal-old-noisy/10/dwr_noisy_p05_hyp-2_10_3.tar.bz2:1.29544496536:0.4017165:1.3
> 0:True:5,12:39259,4375,0
> 1:True:5,12:39259,4375,1
> 2:True:5,12:39259,4375,0
> 3:True:4,11:39259,4375,0
> 4:False:4,12:39259,4375,0
> 5:False:4,12:39259,4375,0
dwr-suboptimal-old-noisy/10/dwr_noisy_p05_hyp-3_10_1.tar.bz2:1.25023007393:0.3405035:1.25
> 0:True:5,9:39257,4369,2
> 1:True:5,9:39257,4369,2
> 2:True:5,9:39257,4369,2
> 3:True:4,8:39257,4369,2
> 4:False:4,9:39257,4369,2
> 5:False:4,9:39257,4369,2
dwr-suboptimal-old-noisy/10/dwr_noisy_p05_hyp-3_10_2.tar.bz2:1.29580402374:0.4039479:1.3
> 0:True:5,12:39258,4372,0
> 1:True:5,12:39258,4372,0
> 2:True:5,12:39258,4372,0
> 3:True:4,11:39258,4372,0
> 4:True:4,11:39258,4372,0
> 5:True:4,11:39258,4372,0
dwr-suboptimal-old-noisy/10/dwr_noisy_p05_hyp-3_10_3.tar.bz2:1.32236218452:0.3891224:1.32
> 0:True:5,10:39258,4372,0
> 1:False:5,11:39258,4372,0
> 2:False:5,12:39258,4372,0
> 3:False:4,11:39258,4372,0
> 4:False:4,10:39258,4372,0
> 5:False:4,10:39258,4372,0
dwr-suboptimal-old-noisy/10/dwr_noisy_p05_hyp-4_10_1.tar.bz2:1.2581050396:0.3550607:1.25
> 0:True:5,11:39258,4372,1
> 1:True:5,11:39258,4372,0
> 2:False:5,12:39258,4372,0
> 3:False:4,11:39258,4372,0
> 4:False:4,11:39258,4372,0
> 5:False:4,11:39258,4372,0
dwr-suboptimal-old-noisy/10/dwr_noisy_p05_hyp-4_10_2.tar.bz2:1.23109102249:0.3157513:1.23
> 0:True:5,8:39258,4372,0
> 1:False:5,9:39258,4372,1
> 2:False:5,9:39258,4372,1
> 3:False:4,8:39258,4372,1
> 4:False:4,8:39258,4372,0
> 5:False:4,8:39258,4372,0
dwr-suboptimal-old-noisy/10/dwr_noisy_p05_hyp-4_10_3.tar.bz2:1.35227012634:0.4273013:1.35
> 0:False:5,12:39258,4372,0
> 1:False:5,12:39258,4372,0
> 2:True:5,11:39258,4372,0
> 3:False:4,12:39258,4372,0
> 4:False:4,12:39258,4372,0
> 5:False:4,12:39258,4372,0
dwr-suboptimal-old-noisy/30/dwr_noisy_p02_hyp-1_30_1.tar.bz2:0.907696008682:0.1345098:0.92
> 0:True:5,11:6951,1547,1
> 1:False:5,12:6951,1547,1
> 2:True:5,11:6951,1547,1
> 3:True:5,11:6951,1547,1
> 4:False:5,12:6951,1547,1
> 5:False:5,12:6951,1547,1
> 6:True:5,11:6951,1547,1
> 7:False:5,12:6951,1547,1
dwr-suboptimal-old-noisy/30/dwr_noisy_p02_hyp-1_30_2.tar.bz2:0.867797136307:0.1022856:0.87
> 0:True:5,11:6949,1541,3
> 1:True:5,11:6949,1541,3
> 2:True:5,11:6949,1541,3
> 3:True:5,11:6949,1541,3
> 4:True:5,11:6949,1541,3
> 5:True:5,11:6949,1541,3
> 6:True:5,11:6949,1541,3
> 7:True:5,11:6949,1541,3
dwr-suboptimal-old-noisy/30/dwr_noisy_p02_hyp-1_30_3.tar.bz2:0.898484945297:0.1411501:0.89
> 0:True:5,11:6951,1547,0
> 1:False:5,13:6951,1547,0
> 2:False:5,13:6951,1547,0
> 3:False:5,14:6951,1547,0
> 4:False:5,13:6951,1547,0
> 5:False:5,12:6951,1547,0
> 6:False:5,13:6951,1547,0
> 7:False:5,12:6951,1547,0
dwr-suboptimal-old-noisy/30/dwr_noisy_p02_hyp-2_30_1.tar.bz2:0.906477928162:0.1350586:0.92
> 0:False:5,14:6950,1544,1
> 1:True:5,10:6950,1544,1
> 2:False:5,13:6950,1544,1
> 3:False:5,14:6950,1544,1
> 4:False:5,14:6950,1544,1
> 5:False:5,12:6950,1544,1
> 6:False:5,14:6950,1544,1
> 7:False:5,13:6950,1544,1
dwr-suboptimal-old-noisy/30/dwr_noisy_p02_hyp-2_30_2.tar.bz2:0.915891170502:0.1345586:0.92
> 0:True:5,11:6950,1544,0
> 1:True:5,11:6950,1544,0
> 2:True:5,11:6950,1544,0
> 3:False:5,12:6950,1544,0
> 4:False:5,12:6950,1544,0
> 5:True:5,11:6950,1544,0
> 6:True:5,11:6950,1544,0
> 7:True:5,11:6950,1544,0
dwr-suboptimal-old-noisy/30/dwr_noisy_p02_hyp-2_30_3.tar.bz2:0.897015094757:0.1096105:0.89
> 0:True:5,13:6949,1541,0
> 1:True:5,13:6949,1541,0
> 2:True:5,13:6949,1541,0
> 3:False:5,14:6949,1541,0
> 4:False:5,14:6949,1541,0
> 5:False:5,14:6949,1541,0
> 6:False:5,14:6949,1541,0
> 7:False:5,14:6949,1541,0
dwr-suboptimal-old-noisy/30/dwr_noisy_p02_hyp-3_30_1.tar.bz2:0.926112890244:0.1479887:0.92
> 0:True:5,11:6951,1547,0
> 1:False:5,13:6951,1547,0
> 2:False:5,12:6951,1547,0
> 3:False:5,13:6951,1547,0
> 4:False:5,12:6951,1547,0
> 5:False:5,12:6951,1547,0
> 6:False:5,12:6951,1547,0
> 7:True:5,11:6951,1547,0
dwr-suboptimal-old-noisy/30/dwr_noisy_p02_hyp-3_30_2.tar.bz2:0.919412851334:0.1517541:0.92
> 0:True:5,11:6951,1547,3
> 1:False:5,12:6951,1547,3
> 2:True:5,11:6951,1547,2
> 3:False:5,12:6951,1547,2
> 4:True:5,11:6951,1547,2
> 5:False:5,12:6951,1547,3
> 6:False:5,12:6951,1547,2
> 7:True:5,11:6951,1547,3
dwr-suboptimal-old-noisy/30/dwr_noisy_p02_hyp-3_30_3.tar.bz2:0.885797023773:0.1041399:0.89
> 0:False:5,13:6950,1544,0
> 1:True:5,12:6950,1544,0
> 2:True:5,12:6950,1544,0
> 3:False:5,13:6950,1544,0
> 4:False:5,13:6950,1544,0
> 5:False:5,13:6950,1544,0
> 6:False:5,13:6950,1544,0
> 7:False:5,13:6950,1544,0
dwr-suboptimal-old-noisy/30/dwr_noisy_p02_hyp-4_30_1.tar.bz2:0.960427999496:0.1861913:0.96
> 0:False:5,13:6951,1547,1
> 1:False:5,12:6951,1547,1
> 2:False:5,12:6951,1547,1
> 3:True:5,11:6951,1547,1
> 4:False:5,12:6951,1547,1
> 5:False:5,12:6951,1547,1
> 6:True:5,11:6951,1547,1
> 7:False:5,13:6951,1547,1
dwr-suboptimal-old-noisy/30/dwr_noisy_p02_hyp-4_30_2.tar.bz2:0.92377781868:0.1467484:0.92
> 0:True:5,11:6951,1547,0
> 1:True:5,11:6951,1547,0
> 2:True:5,11:6951,1547,0
> 3:False:5,12:6951,1547,0
> 4:True:5,11:6951,1547,0
> 5:True:5,11:6951,1547,0
> 6:True:5,11:6951,1547,0
> 7:True:5,11:6951,1547,0
dwr-suboptimal-old-noisy/30/dwr_noisy_p02_hyp-4_30_3.tar.bz2:0.928514957428:0.1568784:0.93
> 0:True:5,11:6950,1544,1
> 1:False:5,12:6950,1544,1
> 2:True:5,11:6950,1544,1
> 3:True:5,11:6950,1544,1
> 4:False:5,12:6950,1544,1
> 5:False:5,12:6950,1544,1
> 6:True:5,11:6950,1544,1
> 7:False:5,12:6950,1544,1
dwr-suboptimal-old-noisy/30/dwr_noisy_p04_hyp-1_30_1.tar.bz2:0.714953184128:0.0934709:0.71
> 0:True:3,10:9966,1930,0
> 1:False:3,11:9966,1930,0
> 2:True:4,11:9966,1930,0
> 3:False:3,11:9966,1930,0
> 4:True:3,10:9966,1930,0
> 5:True:3,10:9966,1930,0
dwr-suboptimal-old-noisy/30/dwr_noisy_p04_hyp-1_30_2.tar.bz2:0.728374004364:0.1175522:0.72
> 0:True:3,10:9967,1933,0
> 1:False:3,13:9967,1933,0
> 2:False:4,13:9967,1933,0
> 3:False:3,12:9967,1933,0
> 4:False:3,12:9967,1933,0
> 5:False:3,11:9967,1933,0
dwr-suboptimal-old-noisy/30/dwr_noisy_p04_hyp-1_30_3.tar.bz2:0.752618789673:0.1235159:0.75
> 0:False:3,10:9966,1930,1
> 1:True:3,9:9966,1930,1
> 2:True:4,10:9966,1930,1
> 3:True:3,9:9966,1930,1
> 4:True:3,9:9966,1930,1
> 5:True:3,9:9966,1930,1
dwr-suboptimal-old-noisy/30/dwr_noisy_p04_hyp-2_30_1.tar.bz2:0.719539880753:0.1000666:0.73
> 0:False:3,12:9967,1933,1
> 1:False:3,12:9967,1933,1
> 2:True:4,12:9967,1933,1
> 3:True:3,11:9967,1933,1
> 4:False:3,12:9967,1933,1
> 5:False:3,12:9967,1933,1
dwr-suboptimal-old-noisy/30/dwr_noisy_p04_hyp-2_30_2.tar.bz2:0.729678153992:0.1238908:0.73
> 0:False:3,11:9968,1936,0
> 1:False:3,11:9968,1936,0
> 2:True:4,11:9968,1936,0
> 3:False:3,11:9968,1936,0
> 4:False:3,11:9968,1936,0
> 5:False:3,11:9968,1936,0
dwr-suboptimal-old-noisy/30/dwr_noisy_p04_hyp-2_30_3.tar.bz2:0.710025072098:0.1037847:0.71
> 0:False:3,10:9967,1933,1
> 1:False:3,10:9967,1933,1
> 2:True:4,10:9967,1933,1
> 3:False:3,10:9967,1933,1
> 4:False:3,10:9967,1933,1
> 5:False:3,10:9967,1933,1
dwr-suboptimal-old-noisy/30/dwr_noisy_p04_hyp-3_30_1.tar.bz2:0.729830980301:0.1139708:0.73
> 0:False:3,10:9967,1933,0
> 1:True:3,9:9967,1933,0
> 2:True:4,10:9967,1933,0
> 3:True:3,9:9967,1933,0
> 4:True:3,9:9967,1933,0
> 5:True:3,9:9967,1933,1
dwr-suboptimal-old-noisy/30/dwr_noisy_p04_hyp-3_30_2.tar.bz2:0.740606069565:0.1347817:0.75
> 0:False:3,10:9967,1933,1
> 1:True:3,8:9967,1933,1
> 2:True:4,9:9967,1933,1
> 3:False:3,9:9967,1933,1
> 4:False:3,10:9967,1933,1
> 5:False:3,10:9967,1933,1
dwr-suboptimal-old-noisy/30/dwr_noisy_p04_hyp-3_30_3.tar.bz2:0.815701961517:0.197544:0.82
> 0:False:3,11:9968,1936,1
> 1:True:3,9:9968,1936,1
> 2:True:4,10:9968,1936,1
> 3:False:3,10:9968,1936,1
> 4:False:3,10:9968,1936,1
> 5:False:3,11:9968,1936,1
dwr-suboptimal-old-noisy/30/dwr_noisy_p04_hyp-4_30_1.tar.bz2:0.752310037613:0.1428389:0.75
> 0:False:3,12:9966,1930,1
> 1:False:3,11:9966,1930,1
> 2:True:4,11:9966,1930,1
> 3:False:3,11:9966,1930,1
> 4:False:3,12:9966,1930,1
> 5:False:3,12:9966,1930,1
dwr-suboptimal-old-noisy/30/dwr_noisy_p04_hyp-4_30_2.tar.bz2:0.710035085678:0.0971712:0.71
> 0:False:3,12:9966,1930,2
> 1:False:3,13:9966,1930,3
> 2:False:4,13:9966,1930,3
> 3:False:3,13:9966,1930,3
> 4:True:3,11:9966,1930,2
> 5:False:3,12:9966,1930,2
dwr-suboptimal-old-noisy/30/dwr_noisy_p04_hyp-4_30_3.tar.bz2:0.722621917725:0.0965961:0.71
> 0:True:3,11:9966,1930,0
> 1:False:3,12:9966,1930,0
> 2:True:4,12:9966,1930,0
> 3:False:3,12:9966,1930,0
> 4:True:3,11:9966,1930,0
> 5:True:3,11:9966,1930,0
dwr-suboptimal-old-noisy/30/dwr_noisy_p05_hyp-1_30_1.tar.bz2:1.30964803696:0.4060736:1.31
> 0:True:5,22:39268,4402,4
> 1:True:5,22:39268,4402,4
> 2:False:5,24:39268,4402,4
> 3:False:4,24:39268,4402,4
> 4:False:4,22:39268,4402,4
> 5:False:4,22:39268,4402,4
dwr-suboptimal-old-noisy/30/dwr_noisy_p05_hyp-1_30_2.tar.bz2:1.44038295746:0.5480637:1.44
> 0:True:5,23:39268,4402,3
> 1:False:5,24:39268,4402,3
> 2:False:5,24:39268,4402,3
> 3:False:4,24:39268,4402,3
> 4:False:4,24:39268,4402,2
> 5:False:4,24:39268,4402,2
dwr-suboptimal-old-noisy/30/dwr_noisy_p05_hyp-1_30_3.tar.bz2:1.52283787727:0.6162049:1.52
> 0:True:5,22:39270,4408,4
> 1:True:5,22:39270,4408,4
> 2:True:5,22:39270,4408,3
> 3:False:4,23:39270,4408,4
> 4:False:4,23:39270,4408,4
> 5:False:4,23:39270,4408,4
dwr-suboptimal-old-noisy/30/dwr_noisy_p05_hyp-2_30_1.tar.bz2:1.55742383003:0.6434833:1.56
> 0:False:5,25:39269,4405,2
> 1:True:5,22:39269,4405,2
> 2:False:5,24:39269,4405,2
> 3:False:4,23:39269,4405,2
> 4:False:4,24:39269,4405,2
> 5:False:4,24:39269,4405,2
dwr-suboptimal-old-noisy/30/dwr_noisy_p05_hyp-2_30_2.tar.bz2:1.29780697823:0.3926161:1.29
> 0:False:5,26:39266,4396,4
> 1:True:5,24:39266,4396,4
> 2:False:5,25:39266,4396,4
> 3:False:4,25:39266,4396,5
> 4:False:4,26:39266,4396,4
> 5:False:4,26:39266,4396,5
dwr-suboptimal-old-noisy/30/dwr_noisy_p05_hyp-2_30_3.tar.bz2:1.29610395432:0.3831007:1.3
> 0:True:5,23:39264,4390,5
> 1:True:5,23:39264,4390,6
> 2:False:5,25:39264,4390,7
> 3:False:4,24:39264,4390,5
> 4:False:4,24:39264,4390,7
> 5:False:4,24:39264,4390,7
dwr-suboptimal-old-noisy/30/dwr_noisy_p05_hyp-3_30_1.tar.bz2:1.33053302765:0.4152876:1.33
> 0:True:5,18:39265,4393,4
> 1:False:5,19:39265,4393,4
> 2:False:5,19:39265,4393,4
> 3:False:4,19:39265,4393,4
> 4:False:4,18:39265,4393,4
> 5:False:4,18:39265,4393,4
dwr-suboptimal-old-noisy/30/dwr_noisy_p05_hyp-3_30_2.tar.bz2:1.50283002853:0.5770255:1.5
> 0:True:5,19:39268,4402,1
> 1:False:5,20:39268,4402,1
> 2:True:5,19:39268,4402,1
> 3:False:4,19:39268,4402,1
> 4:True:4,18:39268,4402,0
> 5:False:4,19:39268,4402,1
dwr-suboptimal-old-noisy/30/dwr_noisy_p05_hyp-3_30_3.tar.bz2:1.33576798439:0.4222869:1.33
> 0:True:5,20:39264,4390,2
> 1:True:5,20:39264,4390,2
> 2:False:5,21:39264,4390,2
> 3:False:4,21:39264,4390,2
> 4:True:4,19:39264,4390,2
> 5:True:4,19:39264,4390,2
dwr-suboptimal-old-noisy/30/dwr_noisy_p05_hyp-4_30_1.tar.bz2:1.4363899231:0.5265333:1.43
> 0:False:5,19:39264,4390,2
> 1:False:5,18:39264,4390,3
> 2:False:5,18:39264,4390,2
> 3:True:4,16:39264,4390,2
> 4:False:4,19:39264,4390,3
> 5:False:4,19:39264,4390,3
dwr-suboptimal-old-noisy/30/dwr_noisy_p05_hyp-4_30_2.tar.bz2:1.39889907837:0.4936175:1.4
> 0:False:5,17:39265,4393,2
> 1:True:5,16:39265,4393,2
> 2:False:5,17:39265,4393,2
> 3:False:4,16:39265,4393,2
> 4:False:4,17:39265,4393,2
> 5:False:4,17:39265,4393,2
dwr-suboptimal-old-noisy/30/dwr_noisy_p05_hyp-4_30_3.tar.bz2:1.33871984482:0.4386261:1.33
> 0:False:5,18:39265,4393,3
> 1:True:5,17:39265,4393,3
> 2:False:5,18:39265,4393,2
> 3:False:4,17:39265,4393,2
> 4:False:4,18:39265,4393,3
> 5:False:4,18:39265,4393,2
dwr-suboptimal-old-noisy/50/dwr_noisy_p02_hyp-1_50_1.tar.bz2:0.995544910431:0.2313749:0.99
> 0:False:5,12:6954,1556,0
> 1:False:5,12:6954,1556,1
> 2:False:5,12:6954,1556,0
> 3:False:5,12:6954,1556,1
> 4:True:5,11:6954,1556,1
> 5:False:5,12:6954,1556,1
> 6:False:5,12:6954,1556,1
> 7:False:5,12:6954,1556,0
dwr-suboptimal-old-noisy/50/dwr_noisy_p02_hyp-1_50_2.tar.bz2:1.0341989994:0.2604812:1.03
> 0:True:5,12:6954,1556,1
> 1:False:5,13:6954,1556,0
> 2:True:5,12:6954,1556,0
> 3:False:5,14:6954,1556,0
> 4:False:5,13:6954,1556,0
> 5:False:5,13:6954,1556,0
> 6:False:5,14:6954,1556,0
> 7:False:5,13:6954,1556,0
dwr-suboptimal-old-noisy/50/dwr_noisy_p02_hyp-1_50_3.tar.bz2:0.944940090179:0.1548601:0.95
> 0:True:5,11:6954,1556,0
> 1:False:5,15:6954,1556,0
> 2:False:5,12:6954,1556,0
> 3:False:5,15:6954,1556,0
> 4:False:5,14:6954,1556,0
> 5:False:5,14:6954,1556,0
> 6:False:5,14:6954,1556,0
> 7:False:5,13:6954,1556,0
dwr-suboptimal-old-noisy/50/dwr_noisy_p02_hyp-2_50_1.tar.bz2:1.00237298012:0.2048109:1.0
> 0:False:5,15:6953,1553,1
> 1:True:5,13:6953,1553,1
> 2:False:5,14:6953,1553,1
> 3:False:5,15:6953,1553,1
> 4:False:5,15:6953,1553,1
> 5:False:5,15:6953,1553,1
> 6:False:5,15:6953,1553,1
> 7:False:5,14:6953,1553,1
dwr-suboptimal-old-noisy/50/dwr_noisy_p02_hyp-2_50_2.tar.bz2:0.942389011383:0.1740722:0.94
> 0:False:5,13:6953,1553,1
> 1:True:5,12:6953,1553,1
> 2:False:5,13:6953,1553,1
> 3:False:5,14:6953,1553,1
> 4:False:5,13:6953,1553,2
> 5:False:5,13:6953,1553,1
> 6:False:5,13:6953,1553,1
> 7:False:5,13:6953,1553,1
dwr-suboptimal-old-noisy/50/dwr_noisy_p02_hyp-2_50_3.tar.bz2:0.944404125214:0.1761758:0.94
> 0:True:5,14:6953,1553,2
> 1:True:5,14:6953,1553,2
> 2:True:5,14:6953,1553,1
> 3:True:5,14:6953,1553,2
> 4:True:5,14:6953,1553,2
> 5:True:5,14:6953,1553,2
> 6:True:5,14:6953,1553,2
> 7:True:5,14:6953,1553,2
dwr-suboptimal-old-noisy/50/dwr_noisy_p02_hyp-3_50_1.tar.bz2:0.926750898361:0.1556889:0.93
> 0:False:5,13:6953,1553,1
> 1:False:5,13:6953,1553,1
> 2:True:5,12:6953,1553,1
> 3:False:5,14:6953,1553,1
> 4:False:5,13:6953,1553,1
> 5:False:5,14:6953,1553,1
> 6:False:5,14:6953,1553,1
> 7:False:5,13:6953,1553,1
dwr-suboptimal-old-noisy/50/dwr_noisy_p02_hyp-3_50_2.tar.bz2:0.99255490303:0.2193546:0.99
> 0:False:5,13:6953,1553,1
> 1:False:5,13:6953,1553,2
> 2:True:5,12:6953,1553,1
> 3:False:5,15:6953,1553,2
> 4:False:5,14:6953,1553,2
> 5:False:5,14:6953,1553,2
> 6:False:5,15:6953,1553,2
> 7:False:5,13:6953,1553,2
dwr-suboptimal-old-noisy/50/dwr_noisy_p02_hyp-3_50_3.tar.bz2:0.92787694931:0.1582933:0.93
> 0:True:5,11:6953,1553,2
> 1:False:5,13:6953,1553,1
> 2:False:5,12:6953,1553,2
> 3:False:5,13:6953,1553,1
> 4:False:5,12:6953,1553,1
> 5:False:5,13:6953,1553,1
> 6:False:5,13:6953,1553,1
> 7:False:5,12:6953,1553,1
dwr-suboptimal-old-noisy/50/dwr_noisy_p02_hyp-4_50_1.tar.bz2:0.90150809288:0.153383:0.9
> 0:False:5,13:6954,1556,1
> 1:False:5,13:6954,1556,0
> 2:False:5,13:6954,1556,1
> 3:False:5,13:6954,1556,1
> 4:False:5,13:6954,1556,1
> 5:False:5,13:6954,1556,0
> 6:True:5,12:6954,1556,1
> 7:False:5,13:6954,1556,1
dwr-suboptimal-old-noisy/50/dwr_noisy_p02_hyp-4_50_2.tar.bz2:0.935183048248:0.1681042:0.93
> 0:True:5,13:6954,1556,1
> 1:False:5,14:6954,1556,1
> 2:False:5,14:6954,1556,1
> 3:True:5,13:6954,1556,1
> 4:True:5,13:6954,1556,1
> 5:True:5,13:6954,1556,1
> 6:True:5,13:6954,1556,1
> 7:True:5,13:6954,1556,1
dwr-suboptimal-old-noisy/50/dwr_noisy_p02_hyp-4_50_3.tar.bz2:0.972517967224:0.2073847:0.97
> 0:False:5,14:6954,1556,1
> 1:False:5,14:6954,1556,2
> 2:False:5,14:6954,1556,2
> 3:True:5,12:6954,1556,2
> 4:True:5,12:6954,1556,2
> 5:False:5,13:6954,1556,2
> 6:False:5,13:6954,1556,2
> 7:False:5,14:6954,1556,3
dwr-suboptimal-old-noisy/50/dwr_noisy_p04_hyp-1_50_1.tar.bz2:0.740211009979:0.1291744:0.74
> 0:True:3,11:9968,1936,1
> 1:False:3,12:9968,1936,1
> 2:True:4,12:9968,1936,1
> 3:False:3,12:9968,1936,1
> 4:True:3,11:9968,1936,1
> 5:True:3,11:9968,1936,1
dwr-suboptimal-old-noisy/50/dwr_noisy_p04_hyp-1_50_2.tar.bz2:0.739151000977:0.12416:0.75
> 0:True:3,10:9967,1933,2
> 1:False:3,12:9967,1933,2
> 2:False:4,12:9967,1933,3
> 3:False:3,11:9967,1933,2
> 4:False:3,11:9967,1933,2
> 5:False:3,11:9967,1933,2
dwr-suboptimal-old-noisy/50/dwr_noisy_p04_hyp-1_50_3.tar.bz2:0.73540019989:0.1245685:0.74
> 0:True:3,10:9967,1933,2
> 1:False:3,13:9967,1933,2
> 2:False:4,13:9967,1933,2
> 3:False:3,12:9967,1933,2
> 4:False:3,12:9967,1933,2
> 5:False:3,11:9967,1933,2
dwr-suboptimal-old-noisy/50/dwr_noisy_p04_hyp-2_50_1.tar.bz2:0.789788007736:0.1696794:0.79
> 0:False:3,16:9972,1948,2
> 1:False:3,16:9972,1948,2
> 2:True:4,14:9972,1948,2
> 3:False:3,15:9972,1948,2
> 4:False:3,15:9972,1948,2
> 5:False:3,15:9972,1948,2
dwr-suboptimal-old-noisy/50/dwr_noisy_p04_hyp-2_50_2.tar.bz2:0.771842002869:0.1563449:0.77
> 0:False:3,15:9971,1945,2
> 1:False:3,15:9971,1945,2
> 2:True:4,15:9971,1945,2
> 3:True:3,14:9971,1945,2
> 4:False:3,15:9971,1945,2
> 5:False:3,15:9971,1945,2
dwr-suboptimal-old-noisy/50/dwr_noisy_p04_hyp-2_50_3.tar.bz2:0.794559955597:0.1847986:0.79
> 0:False:3,15:9971,1945,1
> 1:False:3,14:9971,1945,1
> 2:True:4,14:9971,1945,1
> 3:False:3,14:9971,1945,1
> 4:False:3,15:9971,1945,1
> 5:False:3,15:9971,1945,1
dwr-suboptimal-old-noisy/50/dwr_noisy_p04_hyp-3_50_1.tar.bz2:0.732136964798:0.1247265:0.72
> 0:False:3,12:9969,1939,3
> 1:True:3,11:9969,1939,3
> 2:True:4,12:9969,1939,4
> 3:False:3,12:9969,1939,3
> 4:False:3,12:9969,1939,3
> 5:False:3,12:9969,1939,3
dwr-suboptimal-old-noisy/50/dwr_noisy_p04_hyp-3_50_2.tar.bz2:0.784739971161:0.184888:0.79
> 0:False:3,15:9970,1942,1
> 1:True:3,13:9970,1942,1
> 2:True:4,14:9970,1942,1
> 3:False:3,14:9970,1942,0
> 4:False:3,14:9970,1942,1
> 5:False:3,14:9970,1942,1
dwr-suboptimal-old-noisy/50/dwr_noisy_p04_hyp-3_50_3.tar.bz2:0.79771399498:0.1868834:0.8
> 0:False:3,13:9971,1945,0
> 1:False:3,13:9971,1945,0
> 2:True:4,13:9971,1945,0
> 3:False:3,13:9971,1945,0
> 4:True:3,12:9971,1945,0
> 5:False:3,13:9971,1945,0
dwr-suboptimal-old-noisy/50/dwr_noisy_p04_hyp-4_50_1.tar.bz2:0.777532100677:0.1448819:0.78
> 0:True:3,11:9970,1942,1
> 1:False:3,12:9970,1942,1
> 2:False:4,13:9970,1942,1
> 3:False:3,12:9970,1942,1
> 4:True:3,11:9970,1942,1
> 5:True:3,11:9970,1942,1
dwr-suboptimal-old-noisy/50/dwr_noisy_p04_hyp-4_50_2.tar.bz2:0.770738840103:0.1461021:0.78
> 0:True:3,13:9970,1942,1
> 1:True:3,13:9970,1942,1
> 2:True:4,14:9970,1942,1
> 3:True:3,13:9970,1942,1
> 4:True:3,13:9970,1942,1
> 5:True:3,13:9970,1942,1
dwr-suboptimal-old-noisy/50/dwr_noisy_p04_hyp-4_50_3.tar.bz2:0.750865936279:0.1263708:0.75
> 0:False:3,12:9969,1939,2
> 1:False:3,13:9969,1939,2
> 2:False:4,13:9969,1939,2
> 3:False:3,13:9969,1939,2
> 4:True:3,11:9969,1939,2
> 5:False:3,12:9969,1939,2
dwr-suboptimal-old-noisy/50/dwr_noisy_p05_hyp-1_50_1.tar.bz2:1.54378914833:0.6595505:1.54
> 0:True:5,30:39278,4432,5
> 1:False:5,32:39278,4432,5
> 2:False:5,32:39278,4432,4
> 3:False:4,33:39278,4432,4
> 4:False:4,31:39278,4432,5
> 5:False:4,32:39278,4432,4
dwr-suboptimal-old-noisy/50/dwr_noisy_p05_hyp-1_50_2.tar.bz2:1.53708195686:0.6193225:1.53
> 0:True:5,29:39275,4423,2
> 1:False:5,31:39275,4423,3
> 2:False:5,32:39275,4423,3
> 3:False:4,31:39275,4423,3
> 4:False:4,30:39275,4423,2
> 5:False:4,30:39275,4423,3
dwr-suboptimal-old-noisy/50/dwr_noisy_p05_hyp-1_50_3.tar.bz2:1.61740398407:0.731206:1.62
> 0:True:5,31:39274,4420,4
> 1:True:5,31:39274,4420,4
> 2:False:5,32:39274,4420,4
> 3:False:4,32:39274,4420,4
> 4:False:4,31:39274,4420,4
> 5:False:4,31:39274,4420,4
dwr-suboptimal-old-noisy/50/dwr_noisy_p05_hyp-2_50_1.tar.bz2:1.6221818924:0.726844:1.63
> 0:False:5,31:39276,4426,4
> 1:True:5,29:39276,4426,5
> 2:False:5,31:39276,4426,4
> 3:False:4,31:39276,4426,5
> 4:False:4,31:39276,4426,4
> 5:False:4,31:39276,4426,4
dwr-suboptimal-old-noisy/50/dwr_noisy_p05_hyp-2_50_2.tar.bz2:1.82779192924:0.903922:1.83
> 0:False:5,29:39275,4423,5
> 1:True:5,28:39275,4423,5
> 2:False:5,30:39275,4423,3
> 3:False:4,30:39275,4423,4
> 4:False:4,29:39275,4423,5
> 5:False:4,29:39275,4423,4
dwr-suboptimal-old-noisy/50/dwr_noisy_p05_hyp-2_50_3.tar.bz2:1.48768305779:0.5539594:1.48
> 0:False:5,31:39274,4420,3
> 1:True:5,30:39274,4420,3
> 2:False:5,32:39274,4420,3
> 3:False:4,31:39274,4420,3
> 4:False:4,31:39274,4420,3
> 5:False:4,32:39274,4420,3
dwr-suboptimal-old-noisy/50/dwr_noisy_p05_hyp-3_50_1.tar.bz2:1.49971199036:0.6004901:1.5
> 0:False:5,27:39272,4414,3
> 1:False:5,27:39272,4414,3
> 2:True:5,26:39272,4414,3
> 3:False:4,27:39272,4414,3
> 4:False:4,26:39272,4414,3
> 5:False:4,26:39272,4414,3
dwr-suboptimal-old-noisy/50/dwr_noisy_p05_hyp-3_50_2.tar.bz2:1.58749890327:0.6625424:1.58
> 0:True:5,26:39273,4417,4
> 1:False:5,28:39273,4417,3
> 2:False:5,28:39273,4417,3
> 3:False:4,27:39273,4417,3
> 4:False:4,26:39273,4417,4
> 5:False:4,27:39273,4417,4
dwr-suboptimal-old-noisy/50/dwr_noisy_p05_hyp-3_50_3.tar.bz2:1.35846996307:0.4524069:1.36
> 0:True:5,25:39270,4408,4
> 1:False:5,27:39270,4408,4
> 2:False:5,26:39270,4408,4
> 3:False:4,25:39270,4408,4
> 4:False:4,25:39270,4408,4
> 5:False:4,26:39270,4408,4
dwr-suboptimal-old-noisy/50/dwr_noisy_p05_hyp-4_50_1.tar.bz2:1.46431708336:0.5550418:1.46
> 0:True:5,25:39271,4411,2
> 1:True:5,25:39271,4411,2
> 2:True:5,25:39271,4411,2
> 3:False:4,25:39271,4411,2
> 4:False:4,25:39271,4411,2
> 5:False:4,25:39271,4411,2
dwr-suboptimal-old-noisy/50/dwr_noisy_p05_hyp-4_50_2.tar.bz2:1.3464910984:0.4536407:1.35
> 0:True:5,25:39271,4411,5
> 1:True:5,25:39271,4411,5
> 2:True:5,25:39271,4411,5
> 3:True:4,24:39271,4411,5
> 4:False:4,26:39271,4411,5
> 5:False:4,25:39271,4411,5
dwr-suboptimal-old-noisy/50/dwr_noisy_p05_hyp-4_50_3.tar.bz2:1.40669679642:0.5172524:1.4
> 0:True:5,25:39271,4411,3
> 1:True:5,25:39271,4411,3
> 2:True:5,25:39271,4411,3
> 3:False:4,25:39271,4411,3
> 4:True:4,24:39271,4411,3
> 5:False:4,25:39271,4411,3
dwr-suboptimal-old-noisy/70/dwr_noisy_p02_hyp-1_70_1.tar.bz2:0.942600011826:0.1631534:0.94
> 0:True:5,14:6956,1562,1
> 1:False:5,17:6956,1562,1
> 2:True:5,14:6956,1562,1
> 3:False:5,17:6956,1562,1
> 4:False:5,16:6956,1562,1
> 5:False:5,16:6956,1562,1
> 6:False:5,16:6956,1562,1
> 7:False:5,15:6956,1562,1
dwr-suboptimal-old-noisy/70/dwr_noisy_p02_hyp-1_70_2.tar.bz2:0.988181829453:0.2065355:0.99
> 0:True:5,14:6957,1565,1
> 1:False:5,16:6957,1565,2
> 2:False:5,15:6957,1565,1
> 3:False:5,17:6957,1565,1
> 4:False:5,16:6957,1565,1
> 5:False:5,15:6957,1565,1
> 6:False:5,16:6957,1565,1
> 7:False:5,15:6957,1565,1
dwr-suboptimal-old-noisy/70/dwr_noisy_p02_hyp-1_70_3.tar.bz2:0.987626075745:0.2063867:0.98
> 0:True:5,14:6957,1565,1
> 1:False:5,15:6957,1565,1
> 2:True:5,14:6957,1565,1
> 3:False:5,17:6957,1565,1
> 4:False:5,16:6957,1565,1
> 5:False:5,16:6957,1565,1
> 6:False:5,16:6957,1565,1
> 7:False:5,15:6957,1565,1
dwr-suboptimal-old-noisy/70/dwr_noisy_p02_hyp-2_70_1.tar.bz2:0.941674947739:0.158145:0.93
> 0:False:5,18:6955,1559,4
> 1:True:5,16:6955,1559,4
> 2:False:5,17:6955,1559,4
> 3:False:5,19:6955,1559,4
> 4:False:5,19:6955,1559,4
> 5:False:5,18:6955,1559,4
> 6:False:5,18:6955,1559,4
> 7:False:5,17:6955,1559,4
dwr-suboptimal-old-noisy/70/dwr_noisy_p02_hyp-2_70_2.tar.bz2:0.944017887115:0.1613396:0.93
> 0:False:5,16:6957,1565,1
> 1:True:5,15:6957,1565,2
> 2:False:5,16:6957,1565,2
> 3:False:5,17:6957,1565,2
> 4:False:5,17:6957,1565,1
> 5:False:5,16:6957,1565,2
> 6:False:5,16:6957,1565,2
> 7:True:5,15:6957,1565,3
dwr-suboptimal-old-noisy/70/dwr_noisy_p02_hyp-2_70_3.tar.bz2:0.946511983871:0.1847116:0.95
> 0:False:5,18:6958,1568,2
> 1:True:5,15:6958,1568,0
> 2:False:5,18:6958,1568,2
> 3:False:5,18:6958,1568,0
> 4:False:5,18:6958,1568,0
> 5:False:5,16:6958,1568,0
> 6:False:5,18:6958,1568,0
> 7:False:5,17:6958,1568,2
dwr-suboptimal-old-noisy/70/dwr_noisy_p02_hyp-3_70_1.tar.bz2:0.943554878235:0.1688532:0.95
> 0:False:5,16:6956,1562,1
> 1:False:5,17:6956,1562,1
> 2:True:5,15:6956,1562,1
> 3:False:5,16:6956,1562,1
> 4:False:5,16:6956,1562,1
> 5:False:5,17:6956,1562,1
> 6:False:5,16:6956,1562,1
> 7:False:5,16:6956,1562,1
dwr-suboptimal-old-noisy/70/dwr_noisy_p02_hyp-3_70_2.tar.bz2:0.962954044342:0.186601:0.96
> 0:False:5,16:6958,1568,3
> 1:False:5,16:6958,1568,4
> 2:True:5,15:6958,1568,4
> 3:False:5,16:6958,1568,3
> 4:True:5,15:6958,1568,3
> 5:False:5,17:6958,1568,3
> 6:False:5,17:6958,1568,4
> 7:False:5,16:6958,1568,4
dwr-suboptimal-old-noisy/70/dwr_noisy_p02_hyp-3_70_3.tar.bz2:1.00149202347:0.2163563:1.0
> 0:True:5,14:6958,1568,3
> 1:False:5,15:6958,1568,4
> 2:True:5,14:6958,1568,3
> 3:False:5,15:6958,1568,4
> 4:False:5,15:6958,1568,4
> 5:False:5,15:6958,1568,5
> 6:False:5,15:6958,1568,3
> 7:False:5,15:6958,1568,3
dwr-suboptimal-old-noisy/70/dwr_noisy_p02_hyp-4_70_1.tar.bz2:0.894942998886:0.1263691:0.89
> 0:False:5,17:6956,1562,3
> 1:False:5,17:6956,1562,3
> 2:False:5,17:6956,1562,3
> 3:True:5,14:6956,1562,2
> 4:False:5,15:6956,1562,3
> 5:False:5,17:6956,1562,3
> 6:False:5,16:6956,1562,2
> 7:False:5,17:6956,1562,3
dwr-suboptimal-old-noisy/70/dwr_noisy_p02_hyp-4_70_2.tar.bz2:0.937333106995:0.155664:0.93
> 0:False:5,18:6957,1565,2
> 1:False:5,18:6957,1565,2
> 2:False:5,18:6957,1565,2
> 3:True:5,15:6957,1565,3
> 4:False:5,16:6957,1565,3
> 5:False:5,17:6957,1565,2
> 6:False:5,16:6957,1565,2
> 7:False:5,18:6957,1565,2
dwr-suboptimal-old-noisy/70/dwr_noisy_p02_hyp-4_70_3.tar.bz2:0.9250228405:0.154929:0.93
> 0:False:5,17:6955,1559,2
> 1:False:5,17:6955,1559,3
> 2:False:5,17:6955,1559,3
> 3:False:5,17:6955,1559,3
> 4:False:5,18:6955,1559,3
> 5:False:5,17:6955,1559,3
> 6:True:5,16:6955,1559,3
> 7:False:5,17:6955,1559,2
dwr-suboptimal-old-noisy/70/dwr_noisy_p04_hyp-1_70_1.tar.bz2:0.795864105225:0.1812879:0.79
> 0:True:3,14:9973,1951,2
> 1:False:3,16:9973,1951,2
> 2:True:4,15:9973,1951,3
> 3:False:3,15:9973,1951,2
> 4:False:3,15:9973,1951,3
> 5:True:3,14:9973,1951,3
dwr-suboptimal-old-noisy/70/dwr_noisy_p04_hyp-1_70_2.tar.bz2:0.738332986832:0.1272456:0.74
> 0:True:3,14:9970,1942,2
> 1:False:3,15:9970,1942,2
> 2:True:4,15:9970,1942,3
> 3:True:3,14:9970,1942,2
> 4:False:3,15:9970,1942,2
> 5:False:3,15:9970,1942,2
dwr-suboptimal-old-noisy/70/dwr_noisy_p04_hyp-1_70_3.tar.bz2:0.703499078751:0.0973678:0.71
> 0:True:3,13:9970,1942,2
> 1:False:3,15:9970,1942,2
> 2:False:4,15:9970,1942,2
> 3:False:3,14:9970,1942,2
> 4:False:3,15:9970,1942,2
> 5:False:3,14:9970,1942,2
dwr-suboptimal-old-noisy/70/dwr_noisy_p04_hyp-2_70_1.tar.bz2:0.752714157104:0.1396715:0.75
> 0:False:3,18:9972,1948,4
> 1:False:3,16:9972,1948,4
> 2:True:4,16:9972,1948,4
> 3:False:3,17:9972,1948,4
> 4:False:3,18:9972,1948,4
> 5:False:3,18:9972,1948,4
dwr-suboptimal-old-noisy/70/dwr_noisy_p04_hyp-2_70_2.tar.bz2:0.741263151169:0.1178969:0.74
> 0:False:3,18:9973,1951,3
> 1:False:3,18:9973,1951,3
> 2:True:4,16:9973,1951,3
> 3:False:3,17:9973,1951,3
> 4:False:3,18:9973,1951,3
> 5:False:3,17:9973,1951,3
dwr-suboptimal-old-noisy/70/dwr_noisy_p04_hyp-2_70_3.tar.bz2:0.816446065903:0.2046856:0.81
> 0:False:3,18:9972,1948,4
> 1:False:3,18:9972,1948,4
> 2:True:4,18:9972,1948,4
> 3:True:3,17:9972,1948,4
> 4:False:3,19:9972,1948,4
> 5:False:3,19:9972,1948,4
dwr-suboptimal-old-noisy/70/dwr_noisy_p04_hyp-3_70_1.tar.bz2:0.718360900879:0.1195221:0.72
> 0:False:3,16:9973,1951,2
> 1:True:3,15:9973,1951,2
> 2:True:4,16:9973,1951,2
> 3:False:3,16:9973,1951,2
> 4:False:3,16:9973,1951,2
> 5:False:3,16:9973,1951,2
dwr-suboptimal-old-noisy/70/dwr_noisy_p04_hyp-3_70_2.tar.bz2:0.792936086655:0.1830166:0.79
> 0:False:3,17:9972,1948,3
> 1:True:3,16:9972,1948,3
> 2:True:4,17:9972,1948,3
> 3:False:3,17:9972,1948,3
> 4:False:3,17:9972,1948,3
> 5:False:3,17:9972,1948,3
dwr-suboptimal-old-noisy/70/dwr_noisy_p04_hyp-3_70_3.tar.bz2:0.847749948502:0.2229032:0.86
> 0:False:3,16:9972,1948,2
> 1:True:3,14:9972,1948,2
> 2:True:4,15:9972,1948,2
> 3:False:3,15:9972,1948,2
> 4:False:3,16:9972,1948,2
> 5:False:3,16:9972,1948,2
dwr-suboptimal-old-noisy/70/dwr_noisy_p04_hyp-4_70_1.tar.bz2:0.8322660923:0.2175444:0.83
> 0:True:3,15:9975,1957,1
> 1:True:3,15:9975,1957,1
> 2:True:4,16:9975,1957,1
> 3:False:3,16:9975,1957,1
> 4:True:3,15:9975,1957,1
> 5:True:3,15:9975,1957,2
dwr-suboptimal-old-noisy/70/dwr_noisy_p04_hyp-4_70_2.tar.bz2:0.844092845917:0.2404982:0.84
> 0:True:3,15:9975,1957,1
> 1:False:3,16:9975,1957,1
> 2:False:4,17:9975,1957,1
> 3:False:3,16:9975,1957,1
> 4:True:3,15:9975,1957,1
> 5:False:3,16:9975,1957,1
dwr-suboptimal-old-noisy/70/dwr_noisy_p04_hyp-4_70_3.tar.bz2:0.79904294014:0.1797291:0.81
> 0:False:3,16:9973,1951,1
> 1:False:3,16:9973,1951,1
> 2:True:4,16:9973,1951,1
> 3:False:3,16:9973,1951,1
> 4:True:3,15:9973,1951,1
> 5:False:3,16:9973,1951,1
dwr-suboptimal-old-noisy/70/dwr_noisy_p05_hyp-1_70_1.tar.bz2:1.48405599594:0.5893888:1.48
> 0:True:5,41:39281,4441,5
> 1:True:5,41:39281,4441,6
> 2:True:5,41:39281,4441,6
> 3:False:4,42:39281,4441,6
> 4:False:4,41:39281,4441,6
> 5:False:4,41:39281,4441,6
dwr-suboptimal-old-noisy/70/dwr_noisy_p05_hyp-1_70_2.tar.bz2:2.09627199173:1.204636:2.1
> 0:False:5,42:39279,4435,8
> 1:False:5,42:39279,4435,6
> 2:True:5,41:39279,4435,4
> 3:False:4,42:39279,4435,6
> 4:False:4,42:39279,4435,6
> 5:False:4,42:39279,4435,4
dwr-suboptimal-old-noisy/70/dwr_noisy_p05_hyp-1_70_3.tar.bz2:1.87243413925:0.969762:1.87
> 0:True:5,41:39282,4444,6
> 1:False:5,42:39282,4444,6
> 2:True:5,41:39282,4444,6
> 3:False:4,42:39282,4444,6
> 4:False:4,41:39282,4444,6
> 5:False:4,41:39282,4444,6
dwr-suboptimal-old-noisy/70/dwr_noisy_p05_hyp-2_70_1.tar.bz2:1.47994112968:0.597053:1.49
> 0:False:5,42:39281,4441,7
> 1:True:5,40:39281,4441,7
> 2:False:5,42:39281,4441,7
> 3:False:4,41:39281,4441,7
> 4:False:4,41:39281,4441,6
> 5:False:4,41:39281,4441,6
dwr-suboptimal-old-noisy/70/dwr_noisy_p05_hyp-2_70_2.tar.bz2:1.77441501617:0.85713:1.78
> 0:True:5,40:39281,4441,6
> 1:True:5,40:39281,4441,8
> 2:False:5,41:39281,4441,6
> 3:False:4,40:39281,4441,6
> 4:False:4,40:39281,4441,7
> 5:False:4,40:39281,4441,7
dwr-suboptimal-old-noisy/70/dwr_noisy_p05_hyp-2_70_3.tar.bz2:1.60726308823:0.687799:1.61
> 0:False:5,41:39280,4438,7
> 1:True:5,40:39280,4438,7
> 2:False:5,41:39280,4438,7
> 3:False:4,40:39280,4438,8
> 4:False:4,41:39280,4438,8
> 5:False:4,41:39280,4438,7
dwr-suboptimal-old-noisy/70/dwr_noisy_p05_hyp-3_70_1.tar.bz2:1.39976596832:0.4857459:1.39
> 0:True:5,34:39276,4426,3
> 1:False:5,35:39276,4426,4
> 2:True:5,34:39276,4426,4
> 3:False:4,34:39276,4426,4
> 4:False:4,34:39276,4426,4
> 5:False:4,35:39276,4426,4
dwr-suboptimal-old-noisy/70/dwr_noisy_p05_hyp-3_70_2.tar.bz2:1.44116187096:0.5131226:1.44
> 0:False:5,35:39277,4429,4
> 1:True:5,34:39277,4429,4
> 2:True:5,34:39277,4429,4
> 3:False:4,35:39277,4429,5
> 4:False:4,34:39277,4429,4
> 5:False:4,34:39277,4429,4
dwr-suboptimal-old-noisy/70/dwr_noisy_p05_hyp-3_70_3.tar.bz2:1.45324802399:0.5283182:1.45
> 0:False:5,36:39275,4423,5
> 1:True:5,35:39275,4423,5
> 2:False:5,36:39275,4423,5
> 3:False:4,36:39275,4423,5
> 4:False:4,36:39275,4423,5
> 5:False:4,36:39275,4423,5
dwr-suboptimal-old-noisy/70/dwr_noisy_p05_hyp-4_70_1.tar.bz2:1.49871206284:0.5701438:1.5
> 0:False:5,33:39276,4426,5
> 1:False:5,33:39276,4426,4
> 2:True:5,32:39276,4426,4
> 3:False:4,32:39276,4426,5
> 4:False:4,33:39276,4426,5
> 5:False:4,33:39276,4426,5
dwr-suboptimal-old-noisy/70/dwr_noisy_p05_hyp-4_70_2.tar.bz2:1.5274682045:0.5967011:1.53
> 0:False:5,33:39276,4426,4
> 1:False:5,33:39276,4426,4
> 2:True:5,32:39276,4426,4
> 3:True:4,31:39276,4426,4
> 4:False:4,33:39276,4426,4
> 5:False:4,33:39276,4426,4
dwr-suboptimal-old-noisy/70/dwr_noisy_p05_hyp-4_70_3.tar.bz2:1.43047308922:0.5042588:1.43
> 0:False:5,33:39277,4429,6
> 1:False:5,33:39277,4429,5
> 2:True:5,31:39277,4429,5
> 3:False:4,32:39277,4429,5
> 4:False:4,33:39277,4429,5
> 5:False:4,33:39277,4429,4
dwr-suboptimal-old-noisy/100/dwr_noisy_p02_hyp-1_full_1.tar.bz2:0.899747133255:0.1425373:0.9
> 0:True:5,16:6959,1571,3
> 1:False:5,20:6959,1571,3
> 2:False:5,17:6959,1571,3
> 3:False:5,20:6959,1571,3
> 4:False:5,19:6959,1571,3
> 5:False:5,19:6959,1571,3
> 6:False:5,19:6959,1571,3
> 7:False:5,18:6959,1571,3
dwr-suboptimal-old-noisy/100/dwr_noisy_p02_hyp-1_full_2.tar.bz2:0.946599006653:0.1581962:0.95
> 0:True:5,16:6960,1574,3
> 1:False:5,19:6960,1574,3
> 2:False:5,17:6960,1574,3
> 3:False:5,20:6960,1574,3
> 4:False:5,19:6960,1574,3
> 5:False:5,19:6960,1574,2
> 6:False:5,19:6960,1574,3
> 7:False:5,18:6960,1574,3
dwr-suboptimal-old-noisy/100/dwr_noisy_p02_hyp-1_full_3.tar.bz2:0.938546180725:0.1515881:0.94
> 0:True:5,16:6960,1574,3
> 1:False:5,20:6960,1574,3
> 2:False:5,17:6960,1574,3
> 3:False:5,20:6960,1574,3
> 4:False:5,19:6960,1574,3
> 5:False:5,19:6960,1574,3
> 6:False:5,19:6960,1574,3
> 7:False:5,18:6960,1574,3
dwr-suboptimal-old-noisy/100/dwr_noisy_p02_hyp-2_full_1.tar.bz2:0.950150966644:0.1520399:0.95
> 0:False:5,22:6962,1580,4
> 1:True:5,18:6962,1580,4
> 2:False:5,21:6962,1580,4
> 3:False:5,21:6962,1580,4
> 4:False:5,22:6962,1580,4
> 5:False:5,20:6962,1580,4
> 6:False:5,21:6962,1580,4
> 7:False:5,21:6962,1580,4
dwr-suboptimal-old-noisy/100/dwr_noisy_p02_hyp-2_full_2.tar.bz2:0.934180021286:0.146448:0.94
> 0:False:5,22:6961,1577,4
> 1:True:5,18:6961,1577,4
> 2:False:5,21:6961,1577,4
> 3:False:5,22:6961,1577,4
> 4:False:5,22:6961,1577,4
> 5:False:5,20:6961,1577,4
> 6:False:5,22:6961,1577,4
> 7:False:5,21:6961,1577,4
dwr-suboptimal-old-noisy/100/dwr_noisy_p02_hyp-2_full_3.tar.bz2:0.990887880325:0.2194966:0.98
> 0:False:5,22:6962,1580,4
> 1:True:5,19:6962,1580,4
> 2:False:5,21:6962,1580,4
> 3:False:5,21:6962,1580,4
> 4:False:5,21:6962,1580,4
> 5:False:5,21:6962,1580,4
> 6:False:5,21:6962,1580,4
> 7:False:5,21:6962,1580,4
dwr-suboptimal-old-noisy/100/dwr_noisy_p02_hyp-3_full_1.tar.bz2:0.934533119202:0.1620114:0.92
> 0:False:5,17:6960,1574,3
> 1:False:5,19:6960,1574,3
> 2:True:5,16:6960,1574,2
> 3:False:5,19:6960,1574,3
> 4:False:5,18:6960,1574,3
> 5:False:5,19:6960,1574,3
> 6:False:5,19:6960,1574,3
> 7:False:5,19:6960,1574,3
dwr-suboptimal-old-noisy/100/dwr_noisy_p02_hyp-3_full_2.tar.bz2:0.920096158981:0.1370843:0.91
> 0:False:5,17:6959,1571,3
> 1:False:5,19:6959,1571,3
> 2:True:5,16:6959,1571,3
> 3:False:5,20:6959,1571,3
> 4:False:5,19:6959,1571,3
> 5:False:5,20:6959,1571,3
> 6:False:5,20:6959,1571,3
> 7:False:5,19:6959,1571,3
dwr-suboptimal-old-noisy/100/dwr_noisy_p02_hyp-3_full_3.tar.bz2:0.913182020187:0.1418981:0.92
> 0:False:5,17:6961,1577,3
> 1:False:5,19:6961,1577,3
> 2:True:5,16:6961,1577,3
> 3:False:5,20:6961,1577,3
> 4:False:5,19:6961,1577,3
> 5:False:5,20:6961,1577,3
> 6:False:5,20:6961,1577,3
> 7:False:5,19:6961,1577,3
dwr-suboptimal-old-noisy/100/dwr_noisy_p02_hyp-4_full_1.tar.bz2:0.957279920578:0.1692003:0.95
> 0:False:5,22:6960,1574,4
> 1:False:5,22:6960,1574,4
> 2:False:5,22:6960,1574,4
> 3:True:5,19:6960,1574,4
> 4:False:5,20:6960,1574,4
> 5:False:5,21:6960,1574,4
> 6:False:5,20:6960,1574,4
> 7:False:5,22:6960,1574,4
dwr-suboptimal-old-noisy/100/dwr_noisy_p02_hyp-4_full_2.tar.bz2:0.903454065323:0.1343953:0.9
> 0:False:5,21:6963,1583,4
> 1:False:5,22:6963,1583,4
> 2:False:5,22:6963,1583,4
> 3:True:5,18:6963,1583,4
> 4:False:5,19:6963,1583,4
> 5:False:5,20:6963,1583,4
> 6:False:5,19:6963,1583,4
> 7:False:5,21:6963,1583,4
dwr-suboptimal-old-noisy/100/dwr_noisy_p02_hyp-4_full_3.tar.bz2:0.91877913475:0.1391956:0.92
> 0:False:5,21:6962,1580,4
> 1:False:5,21:6962,1580,4
> 2:False:5,21:6962,1580,4
> 3:True:5,18:6962,1580,4
> 4:False:5,19:6962,1580,4
> 5:False:5,21:6962,1580,4
> 6:False:5,20:6962,1580,4
> 7:False:5,21:6962,1580,4
dwr-suboptimal-old-noisy/100/dwr_noisy_p04_hyp-1_full_1.tar.bz2:0.746061086655:0.1335867:0.74
> 0:True:3,16:9973,1951,4
> 1:False:3,19:9973,1951,4
> 2:False:4,19:9973,1951,4
> 3:False:3,18:9973,1951,4
> 4:False:3,18:9973,1951,4
> 5:False:3,17:9973,1951,4
dwr-suboptimal-old-noisy/100/dwr_noisy_p04_hyp-1_full_2.tar.bz2:0.768001079559:0.1440209:0.76
> 0:True:3,16:9973,1951,4
> 1:False:3,19:9973,1951,4
> 2:False:4,19:9973,1951,4
> 3:False:3,18:9973,1951,4
> 4:False:3,18:9973,1951,4
> 5:False:3,17:9973,1951,4
dwr-suboptimal-old-noisy/100/dwr_noisy_p04_hyp-1_full_3.tar.bz2:0.738017082214:0.1197829:0.75
> 0:True:3,16:9973,1951,4
> 1:False:3,19:9973,1951,4
> 2:False:4,19:9973,1951,4
> 3:False:3,18:9973,1951,4
> 4:False:3,18:9973,1951,4
> 5:False:3,17:9973,1951,4
dwr-suboptimal-old-noisy/100/dwr_noisy_p04_hyp-2_full_1.tar.bz2:0.766670942307:0.1354121:0.77
> 0:False:3,23:9977,1963,5
> 1:False:3,22:9977,1963,5
> 2:True:4,20:9977,1963,5
> 3:False:3,21:9977,1963,5
> 4:False:3,23:9977,1963,5
> 5:False:3,22:9977,1963,5
dwr-suboptimal-old-noisy/100/dwr_noisy_p04_hyp-2_full_2.tar.bz2:0.765408992767:0.1339337:0.77
> 0:False:3,23:9976,1960,5
> 1:False:3,22:9976,1960,5
> 2:True:4,20:9976,1960,5
> 3:False:3,21:9976,1960,5
> 4:False:3,23:9976,1960,5
> 5:False:3,22:9976,1960,5
dwr-suboptimal-old-noisy/100/dwr_noisy_p04_hyp-2_full_3.tar.bz2:0.744145870209:0.132387:0.74
> 0:False:3,23:9977,1963,5
> 1:False:3,22:9977,1963,5
> 2:True:4,21:9977,1963,6
> 3:False:3,22:9977,1963,5
> 4:False:3,23:9977,1963,5
> 5:False:3,22:9977,1963,5
dwr-suboptimal-old-noisy/100/dwr_noisy_p04_hyp-3_full_1.tar.bz2:0.757150173187:0.1347907:0.76
> 0:False:3,21:9974,1954,3
> 1:True:3,18:9974,1954,3
> 2:False:4,20:9974,1954,3
> 3:False:3,20:9974,1954,3
> 4:False:3,20:9974,1954,3
> 5:False:3,21:9974,1954,3
dwr-suboptimal-old-noisy/100/dwr_noisy_p04_hyp-3_full_2.tar.bz2:0.765492916107:0.1516485:0.76
> 0:False:3,21:9976,1960,3
> 1:True:3,18:9976,1960,3
> 2:False:4,20:9976,1960,3
> 3:False:3,20:9976,1960,3
> 4:False:3,20:9976,1960,3
> 5:False:3,21:9976,1960,3
dwr-suboptimal-old-noisy/100/dwr_noisy_p04_hyp-3_full_3.tar.bz2:0.788019895554:0.1636517:0.79
> 0:False:3,21:9976,1960,3
> 1:True:3,18:9976,1960,3
> 2:False:4,20:9976,1960,3
> 3:False:3,20:9976,1960,3
> 4:False:3,19:9976,1960,3
> 5:False:3,21:9976,1960,4
dwr-suboptimal-old-noisy/100/dwr_noisy_p04_hyp-4_full_1.tar.bz2:0.760822057724:0.1446329:0.76
> 0:False:3,20:9977,1963,4
> 1:False:3,20:9977,1963,4
> 2:False:4,20:9977,1963,4
> 3:False:3,21:9977,1963,4
> 4:True:3,18:9977,1963,4
> 5:False:3,19:9977,1963,4
dwr-suboptimal-old-noisy/100/dwr_noisy_p04_hyp-4_full_2.tar.bz2:0.755283117294:0.1386623:0.75
> 0:False:3,20:9975,1957,4
> 1:False:3,20:9975,1957,4
> 2:False:4,21:9975,1957,4
> 3:False:3,21:9975,1957,4
> 4:True:3,18:9975,1957,4
> 5:False:3,20:9975,1957,4
dwr-suboptimal-old-noisy/100/dwr_noisy_p04_hyp-4_full_3.tar.bz2:0.772191047668:0.1526353:0.78
> 0:False:3,20:9977,1963,5
> 1:False:3,20:9977,1963,4
> 2:False:4,21:9977,1963,4
> 3:False:3,21:9977,1963,4
> 4:True:3,19:9977,1963,4
> 5:False:3,20:9977,1963,4
dwr-suboptimal-old-noisy/100/dwr_noisy_p05_hyp-1_full_1.tar.bz2:1.65818619728:0.7255628:1.65
> 0:True:5,53:39292,4474,9
> 1:False:5,54:39292,4474,9
> 2:False:5,55:39292,4474,8
> 3:False:4,56:39292,4474,7
> 4:False:4,53:39292,4474,8
> 5:False:4,54:39292,4474,8
dwr-suboptimal-old-noisy/100/dwr_noisy_p05_hyp-1_full_2.tar.bz2:1.39082193375:0.4789993:1.39
> 0:True:5,53:39291,4471,8
> 1:False:5,54:39291,4471,8
> 2:False:5,55:39291,4471,7
> 3:False:4,56:39291,4471,8
> 4:True:4,52:39291,4471,8
> 5:False:4,54:39291,4471,9
dwr-suboptimal-old-noisy/100/dwr_noisy_p05_hyp-1_full_3.tar.bz2:1.59140396118:0.658161:1.59
> 0:True:5,53:39294,4480,8
> 1:True:5,53:39294,4480,8
> 2:False:5,55:39294,4480,7
> 3:False:4,55:39294,4480,7
> 4:True:4,52:39294,4480,8
> 5:False:4,54:39294,4480,8
dwr-suboptimal-old-noisy/100/dwr_noisy_p05_hyp-2_full_1.tar.bz2:1.57800483704:0.6692041:1.57
> 0:False:5,53:39291,4471,9
> 1:True:5,51:39291,4471,9
> 2:False:5,53:39291,4471,9
> 3:False:4,53:39291,4471,8
> 4:False:4,53:39291,4471,9
> 5:False:4,52:39291,4471,7
dwr-suboptimal-old-noisy/100/dwr_noisy_p05_hyp-2_full_2.tar.bz2:1.41788387299:0.4949626:1.41
> 0:False:5,53:39289,4465,8
> 1:True:5,50:39289,4465,6
> 2:False:5,53:39289,4465,8
> 3:False:4,53:39289,4465,7
> 4:False:4,53:39289,4465,8
> 5:False:4,53:39289,4465,8
dwr-suboptimal-old-noisy/100/dwr_noisy_p05_hyp-2_full_3.tar.bz2:1.63215708733:0.7028217:1.63
> 0:False:5,53:39290,4468,6
> 1:True:5,51:39290,4468,8
> 2:False:5,53:39290,4468,8
> 3:False:4,53:39290,4468,8
> 4:False:4,53:39290,4468,8
> 5:False:4,53:39290,4468,7
dwr-suboptimal-old-noisy/100/dwr_noisy_p05_hyp-3_full_1.tar.bz2:1.33480405807:0.4086823:1.33
> 0:False:5,44:39284,4450,6
> 1:False:5,45:39284,4450,6
> 2:False:5,45:39284,4450,7
> 3:False:4,46:39284,4450,6
> 4:True:4,42:39284,4450,6
> 5:False:4,44:39284,4450,6
dwr-suboptimal-old-noisy/100/dwr_noisy_p05_hyp-3_full_2.tar.bz2:1.44847178459:0.5553998:1.44
> 0:True:5,44:39285,4453,6
> 1:False:5,45:39285,4453,5
> 2:False:5,45:39285,4453,6
> 3:False:4,46:39285,4453,6
> 4:True:4,43:39285,4453,7
> 5:False:4,44:39285,4453,6
dwr-suboptimal-old-noisy/100/dwr_noisy_p05_hyp-3_full_3.tar.bz2:1.54415392876:0.6297021:1.54
> 0:True:5,44:39286,4456,7
> 1:False:5,45:39286,4456,7
> 2:False:5,45:39286,4456,7
> 3:False:4,46:39286,4456,6
> 4:True:4,43:39286,4456,8
> 5:False:4,44:39286,4456,9
dwr-suboptimal-old-noisy/100/dwr_noisy_p05_hyp-4_full_1.tar.bz2:1.36100292206:0.4344298:1.36
> 0:False:5,44:39281,4441,7
> 1:False:5,43:39281,4441,7
> 2:False:5,42:39281,4441,7
> 3:True:4,40:39281,4441,7
> 4:False:4,44:39281,4441,6
> 5:False:4,44:39281,4441,6
dwr-suboptimal-old-noisy/100/dwr_noisy_p05_hyp-4_full_2.tar.bz2:1.3601000309:0.4378493:1.35
> 0:False:5,44:39283,4447,6
> 1:False:5,43:39283,4447,6
> 2:True:5,42:39283,4447,7
> 3:True:4,41:39283,4447,6
> 4:False:4,43:39283,4447,7
> 5:False:4,43:39283,4447,7
dwr-suboptimal-old-noisy/100/dwr_noisy_p05_hyp-4_full_3.tar.bz2:1.43754220009:0.5059063:1.44
> 0:False:5,44:39284,4450,7
> 1:False:5,43:39284,4450,7
> 2:False:5,42:39284,4450,6
> 3:True:4,40:39284,4450,7
> 4:False:4,44:39284,4450,6
> 5:False:4,44:39284,4450,6
