dwr-optimal/10/dwr_p02_hyp-1_10_1.tar.bz2:3.86300396919:0.75:3.37
> (in cc q2),(in cb p2),(in ca q2):True:17.0,17.0:5542.0,2913.0
> (in cc q2),(in cb q1),(in ca q2):False:13.0,15.0:5542.0,2913.0
> (in cb q2),(in cc p2),(in ca q2):True:17.0,17.0:5542.0,2913.0
> (in cb p2),(in ca q1),(in cc q2):False:13.0,15.0:5542.0,2913.0
> (in cc p2),(in ca p2),(in cb q1):False:13.0,15.0:5542.0,2913.0
> (in cb q2),(in cc q1),(in ca q2):True:13.0,13.0:5542.0,2913.0
> (in cb q2),(in cc q1),(in ca p2):True:13.0,13.0:5542.0,2913.0
> (in cb q2),(in cc q2),(in ca q1):False:13.0,15.0:5542.0,2913.0
dwr-optimal/10/dwr_p02_hyp-2_10_1.tar.bz2:3.96864795685:0.78125:3.43
> (in cc q2),(in cb p2),(in ca q2):True:17.0,17.0:5542.0,2913.0
> (in cc q2),(in cb q1),(in ca q2):True:13.0,13.0:5542.0,2913.0
> (in cb q2),(in cc p2),(in ca q2):True:17.0,17.0:5542.0,2913.0
> (in cb p2),(in ca q1),(in cc q2):True:13.0,13.0:5542.0,2913.0
> (in cc p2),(in ca p2),(in cb q1):True:13.0,13.0:5542.0,2913.0
> (in cb q2),(in cc q1),(in ca q2):True:13.0,13.0:5542.0,2913.0
> (in cb q2),(in cc q1),(in ca p2):True:13.0,13.0:5542.0,2913.0
> (in cb q2),(in cc q2),(in ca q1):True:13.0,13.0:5542.0,2913.0
dwr-optimal/10/dwr_p04_hyp-1_10_1.tar.bz2:3.15659093857:0.75:2.76
> (in cb p2),(in ca q2):True:12.0,12.0:8486.0,4066.0
> (in cb q2),(in cc q2):False:12.0,14.0:8486.0,4066.0
> (in cc q2),(in ca q2):True:11.0,11.0:8486.0,4066.0
> (in ca p2),(in cb p2):True:12.0,12.0:8486.0,4066.0
> (in cc p2),(in cb p2):False:12.0,14.0:8486.0,4066.0
> (in ca p2),(in cc q2):True:11.0,11.0:8486.0,4066.0
dwr-optimal/10/dwr_p04_hyp-2_10_1.tar.bz2:3.04407310486:0.78125:2.8
> (in cb p2),(in ca q2):True:12.0,12.0:8486.0,4066.0
> (in cb q2),(in cc q2):False:12.0,14.0:8486.0,4066.0
> (in cc q2),(in ca q2):True:11.0,11.0:8486.0,4066.0
> (in ca p2),(in cb p2):True:12.0,12.0:8486.0,4066.0
> (in cc p2),(in cb p2):False:12.0,14.0:8486.0,4066.0
> (in ca p2),(in cc q2):True:11.0,11.0:8486.0,4066.0
dwr-optimal/10/dwr_p05_hyp-1_10_1.tar.bz2:14.5027151108:11.04687:14.09
> (in ce p3),(in ca p2),(in cc p3):True:27.0,29.0:29113.0,12989.0
> (in cc p2),(in cb p2),(in cf p3):False:22.0,26.0:29113.0,12989.0
> (in cc p2),(in cd p3),(in cb p2):False:24.0,28.0:29113.0,12989.0
> (in cd p2),(in ca p3),(in ce p2):False:25.0,28.0:29113.0,12989.0
> (in cb p3),(in cc p3),(in ce p2):False:25.0,30.0:29113.0,12989.0
> (in cc p2),(in ca p2),(in cf p3):False:22.0,26.0:29113.0,12989.0
dwr-optimal/10/dwr_p05_hyp-2_10_1.tar.bz2:12.4363820553:9.17187:12.02
> (in ce p3),(in ca p2),(in cc p3):True:27.0,30.0:29113.0,12989.0
> (in cc p2),(in cb p2),(in cf p3):False:22.0,27.0:29113.0,12989.0
> (in cc p2),(in cd p3),(in cb p2):False:24.0,29.0:29113.0,12989.0
> (in cd p2),(in ca p3),(in ce p2):False:25.0,29.0:29113.0,12989.0
> (in cb p3),(in cc p3),(in ce p2):True:25.0,28.0:29113.0,12989.0
> (in cc p2),(in ca p2),(in cf p3):False:22.0,28.0:29113.0,12989.0
dwr-optimal/30/dwr_p02_hyp-1_30_1.tar.bz2:3.0090918541:0.578125:2.62
> (in cc q2),(in cb p2),(in ca q2):False:17.0,21.0:5544.0,2915.0
> (in cc q2),(in cb q1),(in ca q2):False:13.0,17.0:5544.0,2915.0
> (in cb q2),(in cc p2),(in ca q2):False:17.0,19.0:5544.0,2915.0
> (in cb p2),(in ca q1),(in cc q2):False:13.0,17.0:5544.0,2915.0
> (in cc p2),(in ca p2),(in cb q1):False:13.0,17.0:5544.0,2915.0
> (in cb q2),(in cc q1),(in ca q2):True:13.0,13.0:5544.0,2915.0
> (in cb q2),(in cc q1),(in ca p2):True:13.0,13.0:5544.0,2915.0
> (in cb q2),(in cc q2),(in ca q1):False:13.0,15.0:5544.0,2915.0
dwr-optimal/30/dwr_p02_hyp-2_30_1.tar.bz2:3.20657610893:0.53125:2.82
> (in cc q2),(in cb p2),(in ca q2):False:17.0,19.0:5544.0,2915.0
> (in cc q2),(in cb q1),(in ca q2):False:13.0,15.0:5544.0,2915.0
> (in cb q2),(in cc p2),(in ca q2):True:17.0,17.0:5544.0,2915.0
> (in cb p2),(in ca q1),(in cc q2):False:13.0,15.0:5544.0,2915.0
> (in cc p2),(in ca p2),(in cb q1):True:13.0,13.0:5544.0,2915.0
> (in cb q2),(in cc q1),(in ca q2):False:13.0,15.0:5544.0,2915.0
> (in cb q2),(in cc q1),(in ca p2):False:13.0,15.0:5544.0,2915.0
> (in cb q2),(in cc q2),(in ca q1):False:13.0,15.0:5544.0,2915.0
dwr-optimal/30/dwr_p04_hyp-1_30_1.tar.bz2:3.18172216415:0.78125:2.89
> (in cb p2),(in ca q2):False:12.0,16.0:8488.0,4068.0
> (in cb q2),(in cc q2):False:12.0,14.0:8488.0,4068.0
> (in cc q2),(in ca q2):True:11.0,11.0:8488.0,4068.0
> (in ca p2),(in cb p2):False:12.0,16.0:8488.0,4068.0
> (in cc p2),(in cb p2):False:12.0,16.0:8488.0,4068.0
> (in ca p2),(in cc q2):True:11.0,11.0:8488.0,4068.0
dwr-optimal/30/dwr_p04_hyp-2_30_1.tar.bz2:2.65573501587:0.625:2.43
> (in cb p2),(in ca q2):True:12.0,12.0:8487.0,4067.0
> (in cb q2),(in cc q2):True:12.0,12.0:8487.0,4067.0
> (in cc q2),(in ca q2):False:11.0,13.0:8487.0,4067.0
> (in ca p2),(in cb p2):True:12.0,12.0:8487.0,4067.0
> (in cc p2),(in cb p2):True:12.0,12.0:8487.0,4067.0
> (in ca p2),(in cc q2):False:11.0,13.0:8487.0,4067.0
dwr-optimal/30/dwr_p05_hyp-1_30_1.tar.bz2:8.95730400085:6.343755:8.67
> (in ce p3),(in ca p2),(in cc p3):True:27.0,34.0:29122.0,12998.0
> (in cc p2),(in cb p2),(in cf p3):False:22.0,34.0:29122.0,12998.0
> (in cc p2),(in cd p3),(in cb p2):False:24.0,35.0:29122.0,12998.0
> (in cd p2),(in ca p3),(in ce p2):False:25.0,35.0:29122.0,12998.0
> (in cb p3),(in cc p3),(in ce p2):False:25.0,38.0:29122.0,12998.0
> (in cc p2),(in ca p2),(in cf p3):False:22.0,33.0:29122.0,12998.0
dwr-optimal/30/dwr_p05_hyp-2_30_1.tar.bz2:10.0213189125:7.1875:9.74
> (in ce p3),(in ca p2),(in cc p3):True:27.0,35.0:29121.0,12997.0
> (in cc p2),(in cb p2),(in cf p3):False:22.0,32.0:29121.0,12997.0
> (in cc p2),(in cd p3),(in cb p2):False:24.0,34.0:29121.0,12997.0
> (in cd p2),(in ca p3),(in ce p2):False:25.0,36.0:29121.0,12997.0
> (in cb p3),(in cc p3),(in ce p2):False:25.0,35.0:29121.0,12997.0
> (in cc p2),(in ca p2),(in cf p3):False:22.0,34.0:29121.0,12997.0
dwr-optimal/50/dwr_p02_hyp-1_50_1.tar.bz2:3.499958992:0.609375:3.12
> (in cc q2),(in cb p2),(in ca q2):False:17.0,19.0:5547.0,2918.0
> (in cc q2),(in cb q1),(in ca q2):False:13.0,19.0:5547.0,2918.0
> (in cb q2),(in cc p2),(in ca q2):True:17.0,17.0:5547.0,2918.0
> (in cb p2),(in ca q1),(in cc q2):False:13.0,17.0:5547.0,2918.0
> (in cc p2),(in ca p2),(in cb q1):False:13.0,19.0:5547.0,2918.0
> (in cb q2),(in cc q1),(in ca q2):True:13.0,13.0:5547.0,2918.0
> (in cb q2),(in cc q1),(in ca p2):False:13.0,15.0:5547.0,2918.0
> (in cb q2),(in cc q2),(in ca q1):False:13.0,17.0:5547.0,2918.0
dwr-optimal/50/dwr_p02_hyp-2_50_1.tar.bz2:3.60751700401:0.6875:3.26
> (in cc q2),(in cb p2),(in ca q2):False:17.0,19.0:5547.0,2918.0
> (in cc q2),(in cb q1),(in ca q2):False:13.0,15.0:5547.0,2918.0
> (in cb q2),(in cc p2),(in ca q2):False:17.0,19.0:5547.0,2918.0
> (in cb p2),(in ca q1),(in cc q2):False:13.0,17.0:5547.0,2918.0
> (in cc p2),(in ca p2),(in cb q1):True:13.0,13.0:5547.0,2918.0
> (in cb q2),(in cc q1),(in ca q2):False:13.0,17.0:5547.0,2918.0
> (in cb q2),(in cc q1),(in ca p2):False:13.0,17.0:5547.0,2918.0
> (in cb q2),(in cc q2),(in ca q1):False:13.0,17.0:5547.0,2918.0
dwr-optimal/50/dwr_p04_hyp-1_50_1.tar.bz2:3.17397499084:0.765625:2.89
> (in cb p2),(in ca q2):False:12.0,14.0:8489.0,4069.0
> (in cb q2),(in cc q2):False:12.0,14.0:8489.0,4069.0
> (in cc q2),(in ca q2):True:11.0,11.0:8489.0,4069.0
> (in ca p2),(in cb p2):False:12.0,14.0:8489.0,4069.0
> (in cc p2),(in cb p2):False:12.0,14.0:8489.0,4069.0
> (in ca p2),(in cc q2):True:11.0,11.0:8489.0,4069.0
dwr-optimal/50/dwr_p04_hyp-2_50_1.tar.bz2:3.05518698692:0.75:2.83
> (in cb p2),(in ca q2):True:12.0,12.0:8491.0,4071.0
> (in cb q2),(in cc q2):False:12.0,16.0:8491.0,4071.0
> (in cc q2),(in ca q2):False:11.0,15.0:8491.0,4071.0
> (in ca p2),(in cb p2):False:12.0,14.0:8491.0,4071.0
> (in cc p2),(in cb p2):False:12.0,16.0:8491.0,4071.0
> (in ca p2),(in cc q2):False:11.0,17.0:8491.0,4071.0
dwr-optimal/50/dwr_p05_hyp-1_50_1.tar.bz2:14.1181828976:9.39062:13.6
> (in ce p3),(in ca p2),(in cc p3):False:27.0,44.0:29125.0,13001.0
> (in cc p2),(in cb p2),(in cf p3):True:22.0,36.0:29125.0,13001.0
> (in cc p2),(in cd p3),(in cb p2):False:24.0,40.0:29125.0,13001.0
> (in cd p2),(in ca p3),(in ce p2):True:25.0,39.0:29125.0,13001.0
> (in cb p3),(in cc p3),(in ce p2):False:25.0,44.0:29125.0,13001.0
> (in cc p2),(in ca p2),(in cf p3):False:22.0,38.0:29125.0,13001.0
dwr-optimal/50/dwr_p05_hyp-2_50_1.tar.bz2:12.9278931618:8.78126:12.51
> (in ce p3),(in ca p2),(in cc p3):True:27.0,36.0:29124.0,13000.0
> (in cc p2),(in cb p2),(in cf p3):False:22.0,37.0:29124.0,13000.0
> (in cc p2),(in cd p3),(in cb p2):False:24.0,36.0:29124.0,13000.0
> (in cd p2),(in ca p3),(in ce p2):False:25.0,39.0:29124.0,13000.0
> (in cb p3),(in cc p3),(in ce p2):False:25.0,38.0:29124.0,13000.0
> (in cc p2),(in ca p2),(in cf p3):False:22.0,37.0:29124.0,13000.0
dwr-optimal/70/dwr_p02_hyp-1_70_1.tar.bz2:2.82523703575:0.5625:2.63
> (in cc q2),(in cb p2),(in ca q2):False:17.0,19.0:5549.0,2920.0
> (in cc q2),(in cb q1),(in ca q2):False:13.0,19.0:5549.0,2920.0
> (in cb q2),(in cc p2),(in ca q2):False:17.0,19.0:5549.0,2920.0
> (in cb p2),(in ca q1),(in cc q2):False:13.0,19.0:5549.0,2920.0
> (in cc p2),(in ca p2),(in cb q1):False:13.0,19.0:5549.0,2920.0
> (in cb q2),(in cc q1),(in ca q2):True:13.0,13.0:5549.0,2920.0
> (in cb q2),(in cc q1),(in ca p2):True:13.0,13.0:5549.0,2920.0
> (in cb q2),(in cc q2),(in ca q1):False:13.0,19.0:5549.0,2920.0
dwr-optimal/70/dwr_p02_hyp-2_70_1.tar.bz2:2.58489108086:0.484375:2.35
> (in cc q2),(in cb p2),(in ca q2):False:17.0,23.0:5550.0,2921.0
> (in cc q2),(in cb q1),(in ca q2):False:13.0,17.0:5550.0,2921.0
> (in cb q2),(in cc p2),(in ca q2):False:17.0,21.0:5550.0,2921.0
> (in cb p2),(in ca q1),(in cc q2):False:13.0,21.0:5550.0,2921.0
> (in cc p2),(in ca p2),(in cb q1):True:13.0,13.0:5550.0,2921.0
> (in cb q2),(in cc q1),(in ca q2):False:13.0,23.0:5550.0,2921.0
> (in cb q2),(in cc q1),(in ca p2):False:13.0,23.0:5550.0,2921.0
> (in cb q2),(in cc q2),(in ca q1):False:13.0,21.0:5550.0,2921.0
dwr-optimal/70/dwr_p04_hyp-1_70_1.tar.bz2:2.2402639389:0.515625:1.93
> (in cb p2),(in ca q2):False:12.0,19.0:8492.0,4072.0
> (in cb q2),(in cc q2):False:12.0,17.0:8492.0,4072.0
> (in cc q2),(in ca q2):False:11.0,13.0:8492.0,4072.0
> (in ca p2),(in cb p2):False:12.0,17.0:8492.0,4072.0
> (in cc p2),(in cb p2):False:12.0,19.0:8492.0,4072.0
> (in ca p2),(in cc q2):True:11.0,11.0:8492.0,4072.0
dwr-optimal/70/dwr_p04_hyp-2_70_1.tar.bz2:2.11391496658:0.515625:1.95
> (in cb p2),(in ca q2):True:12.0,12.0:8494.0,4074.0
> (in cb q2),(in cc q2):False:12.0,18.0:8494.0,4074.0
> (in cc q2),(in ca q2):False:11.0,17.0:8494.0,4074.0
> (in ca p2),(in cb p2):True:12.0,12.0:8494.0,4074.0
> (in cc p2),(in cb p2):False:12.0,16.0:8494.0,4074.0
> (in ca p2),(in cc q2):False:11.0,17.0:8494.0,4074.0
dwr-optimal/70/dwr_p05_hyp-1_70_1.tar.bz2:7.04951310158:4.79687:6.83
> (in ce p3),(in ca p2),(in cc p3):True:27.0,47.0:29132.0,13008.0
> (in cc p2),(in cb p2),(in cf p3):True:22.0,42.0:29132.0,13008.0
> (in cc p2),(in cd p3),(in cb p2):False:24.0,45.0:29132.0,13008.0
> (in cd p2),(in ca p3),(in ce p2):False:25.0,48.0:29132.0,13008.0
> (in cb p3),(in cc p3),(in ce p2):False:25.0,51.0:29132.0,13008.0
> (in cc p2),(in ca p2),(in cf p3):True:22.0,42.0:29132.0,13008.0
dwr-optimal/70/dwr_p05_hyp-2_70_1.tar.bz2:7.14973521233:4.828125:6.87
> (in ce p3),(in ca p2),(in cc p3):True:27.0,40.0:29131.0,13007.0
> (in cc p2),(in cb p2),(in cf p3):False:22.0,48.0:29131.0,13007.0
> (in cc p2),(in cd p3),(in cb p2):False:24.0,48.0:29131.0,13007.0
> (in cd p2),(in ca p3),(in ce p2):False:25.0,50.0:29131.0,13007.0
> (in cb p3),(in cc p3),(in ce p2):False:25.0,48.0:29131.0,13007.0
> (in cc p2),(in ca p2),(in cf p3):False:22.0,47.0:29131.0,13007.0
dwr-optimal/100/dwr_p02_hyp-1_full.tar.bz2:2.48877000809:0.484375:2.31
> (in cc q2),(in cb p2),(in ca q2):False:17.0,23.0:5552.0,2923.0
> (in cc q2),(in cb q1),(in ca q2):False:13.0,23.0:5552.0,2923.0
> (in cb q2),(in cc p2),(in ca q2):False:17.0,19.0:5552.0,2923.0
> (in cb p2),(in ca q1),(in cc q2):False:13.0,23.0:5552.0,2923.0
> (in cc p2),(in ca p2),(in cb q1):False:13.0,23.0:5552.0,2923.0
> (in cb q2),(in cc q1),(in ca q2):True:13.0,13.0:5552.0,2923.0
> (in cb q2),(in cc q1),(in ca p2):False:13.0,15.0:5552.0,2923.0
> (in cb q2),(in cc q2),(in ca q1):False:13.0,21.0:5552.0,2923.0
dwr-optimal/100/dwr_p02_hyp-2_full.tar.bz2:2.5526740551:0.53125:2.23
> (in cc q2),(in cb p2),(in ca q2):False:17.0,23.0:5552.0,2923.0
> (in cc q2),(in cb q1),(in ca q2):False:13.0,17.0:5552.0,2923.0
> (in cb q2),(in cc p2),(in ca q2):False:17.0,21.0:5552.0,2923.0
> (in cb p2),(in ca q1),(in cc q2):False:13.0,23.0:5552.0,2923.0
> (in cc p2),(in ca p2),(in cb q1):True:13.0,13.0:5552.0,2923.0
> (in cb q2),(in cc q1),(in ca q2):False:13.0,23.0:5552.0,2923.0
> (in cb q2),(in cc q1),(in ca p2):False:13.0,23.0:5552.0,2923.0
> (in cb q2),(in cc q2),(in ca q1):False:13.0,23.0:5552.0,2923.0
dwr-optimal/100/dwr_p04_hyp-1_full.tar.bz2:2.25203800201:0.5:2.1
> (in cb p2),(in ca q2):False:12.0,19.0:8494.0,4074.0
> (in cb q2),(in cc q2):False:12.0,17.0:8494.0,4074.0
> (in cc q2),(in ca q2):False:11.0,13.0:8494.0,4074.0
> (in ca p2),(in cb p2):False:12.0,17.0:8494.0,4074.0
> (in cc p2),(in cb p2):False:12.0,19.0:8494.0,4074.0
> (in ca p2),(in cc q2):True:11.0,11.0:8494.0,4074.0
dwr-optimal/100/dwr_p04_hyp-2_full.tar.bz2:2.16649603844:0.515625:1.89
> (in cb p2),(in ca q2):True:12.0,13.0:8496.0,4076.0
> (in cb q2),(in cc q2):False:12.0,21.0:8496.0,4076.0
> (in cc q2),(in ca q2):False:11.0,19.0:8496.0,4076.0
> (in ca p2),(in cb p2):False:12.0,15.0:8496.0,4076.0
> (in cc p2),(in cb p2):False:12.0,19.0:8496.0,4076.0
> (in ca p2),(in cc q2):False:11.0,21.0:8496.0,4076.0
dwr-optimal/100/dwr_p05_hyp-1_full.tar.bz2:7.7332880497:5.0625:7.5
> (in ce p3),(in ca p2),(in cc p3):False:27.0,53.0:29137.0,13013.0
> (in cc p2),(in cb p2),(in cf p3):True:22.0,46.0:29137.0,13013.0
> (in cc p2),(in cd p3),(in cb p2):False:24.0,53.0:29137.0,13013.0
> (in cd p2),(in ca p3),(in ce p2):False:25.0,55.0:29137.0,13013.0
> (in cb p3),(in cc p3),(in ce p2):False:25.0,61.0:29137.0,13013.0
> (in cc p2),(in ca p2),(in cf p3):True:22.0,46.0:29137.0,13013.0
dwr-optimal/100/dwr_p05_hyp-2_full.tar.bz2:10.433027029:6.93749:10.09
> (in ce p3),(in ca p2),(in cc p3):True:27.0,44.0:29135.0,13011.0
> (in cc p2),(in cb p2),(in cf p3):False:22.0,54.0:29135.0,13011.0
> (in cc p2),(in cd p3),(in cb p2):False:24.0,54.0:29135.0,13011.0
> (in cd p2),(in ca p3),(in ce p2):False:25.0,53.0:29135.0,13011.0
> (in cb p3),(in cc p3),(in ce p2):False:25.0,55.0:29135.0,13011.0
> (in cc p2),(in ca p2),(in cf p3):False:22.0,54.0:29135.0,13011.0
