ferry-optimal-old-noisy/10/ferry_noisy_p00_hyp-1_10_1.tar.bz2:0.390087842941:0.02663402:0.39
> 0:True:12,13:123,60
> 1:True:10,11:119,59
> 2:False:8,10:115,58
> 3:True:8,9:115,58
> 4:False:8,10:115,56
> 5:True:10,11:119,59
ferry-optimal-old-noisy/10/ferry_noisy_p00_hyp-1_10_2.tar.bz2:0.393509864807:0.02624899:0.4
> 0:False:12,13:123,60
> 1:True:10,10:119,59
> 2:False:8,10:115,58
> 3:False:8,9:115,58
> 4:False:8,9:115,56
> 5:False:10,11:119,59
ferry-optimal-old-noisy/10/ferry_noisy_p00_hyp-1_10_3.tar.bz2:0.390466928482:0.02635747:0.38
> 0:True:12,12:123,60
> 1:True:10,10:119,59
> 2:False:8,9:115,58
> 3:True:8,8:115,58
> 4:False:8,10:115,56
> 5:True:10,10:119,59
ferry-optimal-old-noisy/10/ferry_noisy_p00_hyp-2_10_1.tar.bz2:0.391723155975:0.02710382:0.38
> 0:False:12,14:123,60
> 1:True:10,11:119,59
> 2:False:8,10:115,58
> 3:True:8,9:115,58
> 4:False:8,10:115,56
> 5:True:10,11:119,59
ferry-optimal-old-noisy/10/ferry_noisy_p00_hyp-2_10_2.tar.bz2:0.392141819:0.02530439:0.39
> 0:True:12,12:123,60
> 1:True:10,10:119,59
> 2:False:8,10:115,58
> 3:False:8,10:115,58
> 4:False:8,9:115,56
> 5:False:10,11:119,59
ferry-optimal-old-noisy/10/ferry_noisy_p00_hyp-2_10_3.tar.bz2:0.390141010284:0.02740839:0.39
> 0:True:12,13:123,60
> 1:True:10,11:119,59
> 2:False:8,10:115,58
> 3:False:8,10:115,58
> 4:False:8,10:115,56
> 5:False:10,12:119,59
ferry-optimal-old-noisy/10/ferry_noisy_p00_hyp-3_10_1.tar.bz2:0.389591932297:0.02589869:0.39
> 0:True:12,12:123,60
> 1:True:10,10:119,59
> 2:False:8,9:115,58
> 3:True:8,8:115,58
> 4:False:8,9:115,56
> 5:True:10,10:119,59
ferry-optimal-old-noisy/10/ferry_noisy_p00_hyp-3_10_2.tar.bz2:0.391889095306:0.02569063:0.39
> 0:False:12,13:123,60
> 1:True:10,10:119,59
> 2:False:8,9:115,58
> 3:False:8,9:115,58
> 4:False:8,9:115,56
> 5:False:10,11:119,59
ferry-optimal-old-noisy/10/ferry_noisy_p00_hyp-3_10_3.tar.bz2:0.393713951111:0.02675963:0.4
> 0:True:12,12:122,59
> 1:True:10,10:118,58
> 2:True:8,8:114,57
> 3:False:8,9:114,57
> 4:False:8,9:114,55
> 5:False:10,11:118,58
ferry-optimal-old-noisy/10/ferry_noisy_p00_hyp-4_10_1.tar.bz2:0.392025947571:0.02585491:0.39
> 0:False:12,14:122,59
> 1:False:10,11:118,58
> 2:False:8,9:114,57
> 3:False:8,9:114,57
> 4:False:8,10:114,55
> 5:True:10,10:118,58
ferry-optimal-old-noisy/10/ferry_noisy_p00_hyp-4_10_2.tar.bz2:0.395170927048:0.02659301:0.4
> 0:False:12,13:122,59
> 1:True:10,10:118,58
> 2:False:8,9:114,57
> 3:False:8,9:114,57
> 4:False:8,9:114,55
> 5:False:10,11:118,58
ferry-optimal-old-noisy/10/ferry_noisy_p00_hyp-4_10_3.tar.bz2:0.390187978745:0.0260214:0.4
> 0:False:12,13:122,59
> 1:False:10,11:118,58
> 2:True:8,8:114,57
> 3:False:8,9:114,57
> 4:False:8,9:114,55
> 5:False:10,11:118,58
ferry-optimal-old-noisy/10/ferry_noisy_p02_hyp-1_10_1.tar.bz2:0.550877094269:0.04714205:0.55
> 0:True:10,11:237,95
> 1:False:10,12:237,93
> 2:True:12,13:243,96
> 3:True:12,13:227,87
> 4:False:14,16:249,97
> 5:True:14,15:249,97
> 6:False:14,16:249,97
> 7:False:12,14:243,96
ferry-optimal-old-noisy/10/ferry_noisy_p02_hyp-1_10_2.tar.bz2:0.55246090889:0.0476886:0.55
> 0:True:10,12:237,95
> 1:False:10,13:237,93
> 2:False:12,15:243,96
> 3:True:12,14:227,87
> 4:True:14,16:249,97
> 5:True:14,16:249,97
> 6:True:14,16:249,97
> 7:True:12,14:243,96
ferry-optimal-old-noisy/10/ferry_noisy_p02_hyp-1_10_3.tar.bz2:0.553894996643:0.04767815:0.55
> 0:False:10,12:237,95
> 1:False:10,13:237,93
> 2:True:12,13:243,96
> 3:True:12,13:227,87
> 4:True:14,15:249,97
> 5:True:14,15:249,97
> 6:True:14,15:249,97
> 7:True:12,13:243,96
ferry-optimal-old-noisy/10/ferry_noisy_p02_hyp-2_10_1.tar.bz2:0.555052995682:0.04727606:0.56
> 0:False:10,12:237,95
> 1:False:10,11:237,93
> 2:False:12,13:243,96
> 3:False:12,13:227,87
> 4:False:14,15:249,97
> 5:False:14,15:249,97
> 6:True:14,14:249,97
> 7:False:12,13:243,96
ferry-optimal-old-noisy/10/ferry_noisy_p02_hyp-2_10_2.tar.bz2:0.551131010056:0.04646981:0.55
> 0:True:10,10:237,95
> 1:True:10,10:237,93
> 2:False:12,13:243,96
> 3:False:12,14:227,87
> 4:False:14,15:249,97
> 5:False:14,16:249,97
> 6:False:14,15:249,97
> 7:False:12,13:243,96
ferry-optimal-old-noisy/10/ferry_noisy_p02_hyp-2_10_3.tar.bz2:0.553925991058:0.04688789:0.55
> 0:False:10,13:237,95
> 1:True:10,12:237,93
> 2:True:12,14:243,96
> 3:True:12,14:227,87
> 4:False:14,17:249,97
> 5:True:14,16:249,97
> 6:True:14,16:249,97
> 7:False:12,15:243,96
ferry-optimal-old-noisy/10/ferry_noisy_p02_hyp-3_10_1.tar.bz2:0.552222967148:0.04626068:0.55
> 0:False:10,12:238,96
> 1:False:10,13:238,94
> 2:True:12,13:244,97
> 3:False:12,14:228,88
> 4:False:14,17:250,98
> 5:False:14,17:250,98
> 6:False:14,17:250,98
> 7:False:12,15:244,97
ferry-optimal-old-noisy/10/ferry_noisy_p02_hyp-3_10_2.tar.bz2:0.552720069885:0.04721466:0.56
> 0:False:10,11:238,96
> 1:False:10,12:238,94
> 2:True:12,12:244,97
> 3:False:12,13:228,88
> 4:False:14,15:250,98
> 5:True:14,14:250,98
> 6:False:14,16:250,98
> 7:False:12,14:244,97
ferry-optimal-old-noisy/10/ferry_noisy_p02_hyp-3_10_3.tar.bz2:0.554280996323:0.04718098:0.55
> 0:False:10,13:238,96
> 1:False:10,13:238,94
> 2:False:12,13:244,97
> 3:False:12,13:228,88
> 4:False:14,15:250,98
> 5:True:14,14:250,98
> 6:False:14,16:250,98
> 7:False:12,14:244,97
ferry-optimal-old-noisy/10/ferry_noisy_p02_hyp-4_10_1.tar.bz2:0.550736188889:0.04605522:0.56
> 0:False:10,11:238,96
> 1:False:10,12:238,94
> 2:True:12,12:244,97
> 3:True:12,12:228,88
> 4:True:14,14:250,98
> 5:False:14,15:250,98
> 6:False:14,15:250,98
> 7:False:12,13:244,97
ferry-optimal-old-noisy/10/ferry_noisy_p02_hyp-4_10_2.tar.bz2:0.553624868393:0.04776156:0.55
> 0:False:10,13:238,96
> 1:False:10,13:238,94
> 2:False:12,15:244,97
> 3:True:12,14:228,88
> 4:True:14,16:250,98
> 5:True:14,16:250,98
> 6:True:14,16:250,98
> 7:False:12,15:244,97
ferry-optimal-old-noisy/10/ferry_noisy_p02_hyp-4_10_3.tar.bz2:0.554484844208:0.04740089:0.55
> 0:False:10,12:238,96
> 1:False:10,13:238,94
> 2:False:12,13:244,97
> 3:False:12,13:228,88
> 4:True:14,14:250,98
> 5:True:14,14:250,98
> 6:False:14,16:250,98
> 7:False:12,13:244,97
ferry-optimal-old-noisy/10/ferry_noisy_p03_hyp-1_10_1.tar.bz2:0.324169874191:0.02102232:0.33
> 0:True:12,13:124,61
> 1:False:12,14:124,61
> 2:False:12,14:124,61
> 3:False:12,14:124,61
> 4:False:12,14:124,61
ferry-optimal-old-noisy/10/ferry_noisy_p03_hyp-1_10_2.tar.bz2:0.323582172394:0.01978427:0.32
> 0:True:12,12:124,61
> 1:False:12,13:124,61
> 2:False:12,14:124,61
> 3:True:12,12:124,61
> 4:False:12,13:124,61
ferry-optimal-old-noisy/10/ferry_noisy_p03_hyp-1_10_3.tar.bz2:0.325965166092:0.02105501:0.33
> 0:True:12,14:124,61
> 1:True:12,14:124,61
> 2:True:12,14:124,61
> 3:True:12,14:124,61
> 4:False:12,15:124,61
ferry-optimal-old-noisy/10/ferry_noisy_p03_hyp-2_10_1.tar.bz2:0.323276996613:0.01988351:0.32
> 0:True:12,13:123,60
> 1:True:12,13:123,60
> 2:False:12,14:123,60
> 3:True:12,13:123,60
> 4:False:12,14:123,60
ferry-optimal-old-noisy/10/ferry_noisy_p03_hyp-2_10_2.tar.bz2:0.325145959854:0.02078056:0.32
> 0:True:12,13:123,60
> 1:True:12,13:123,60
> 2:True:12,13:123,60
> 3:True:12,13:123,60
> 4:True:12,13:123,60
ferry-optimal-old-noisy/10/ferry_noisy_p03_hyp-2_10_3.tar.bz2:0.322563886642:0.01799837:0.32
> 0:True:12,12:123,60
> 1:True:12,12:123,60
> 2:False:12,13:123,60
> 3:True:12,12:123,60
> 4:False:12,13:123,60
ferry-optimal-old-noisy/10/ferry_noisy_p03_hyp-3_10_1.tar.bz2:0.324688911438:0.02021279:0.32
> 0:True:12,12:123,60
> 1:True:12,12:123,60
> 2:False:12,13:123,60
> 3:False:12,13:123,60
> 4:False:12,13:123,60
ferry-optimal-old-noisy/10/ferry_noisy_p03_hyp-3_10_2.tar.bz2:0.32363319397:0.01840902:0.32
> 0:True:12,12:123,60
> 1:True:12,12:123,60
> 2:True:12,12:123,60
> 3:True:12,12:123,60
> 4:True:12,12:123,60
ferry-optimal-old-noisy/10/ferry_noisy_p03_hyp-3_10_3.tar.bz2:0.322433948517:0.01816661:0.32
> 0:True:12,12:123,60
> 1:False:12,13:123,60
> 2:True:12,12:123,60
> 3:False:12,13:123,60
> 4:True:12,12:123,60
ferry-optimal-old-noisy/10/ferry_noisy_p03_hyp-4_10_1.tar.bz2:0.325817108154:0.02034039:0.33
> 0:True:12,13:123,60
> 1:True:12,13:123,60
> 2:False:12,14:123,60
> 3:False:12,14:123,60
> 4:False:12,14:123,60
ferry-optimal-old-noisy/10/ferry_noisy_p03_hyp-4_10_2.tar.bz2:0.323322057724:0.0192162:0.32
> 0:True:12,12:123,60
> 1:True:12,12:123,60
> 2:True:12,12:123,60
> 3:True:12,12:123,60
> 4:True:12,12:123,60
ferry-optimal-old-noisy/10/ferry_noisy_p03_hyp-4_10_3.tar.bz2:0.325085878372:0.01985375:0.32
> 0:True:12,13:123,60
> 1:True:12,13:123,60
> 2:True:12,13:123,60
> 3:True:12,13:123,60
> 4:True:12,13:123,60
ferry-optimal-old-noisy/30/ferry_noisy_p00_hyp-1_30_1.tar.bz2:0.392555952072:0.02567188:0.39
> 0:True:12,12:127,64
> 1:False:10,13:123,63
> 2:False:8,12:119,62
> 3:False:8,14:119,62
> 4:False:8,10:119,60
> 5:False:10,16:123,63
ferry-optimal-old-noisy/30/ferry_noisy_p00_hyp-1_30_2.tar.bz2:0.393012046814:0.02632387:0.38
> 0:True:12,12:125,62
> 1:False:10,12:121,61
> 2:False:8,12:117,60
> 3:False:8,11:117,60
> 4:False:8,11:117,58
> 5:False:10,14:121,61
ferry-optimal-old-noisy/30/ferry_noisy_p00_hyp-1_30_3.tar.bz2:0.396795034409:0.02779579:0.39
> 0:True:12,14:128,65
> 1:True:10,12:124,64
> 2:False:8,13:120,63
> 3:False:8,11:120,63
> 4:False:8,13:120,61
> 5:False:10,13:124,64
ferry-optimal-old-noisy/30/ferry_noisy_p00_hyp-2_30_1.tar.bz2:0.39298415184:0.02713719:0.4
> 0:False:12,13:126,63
> 1:True:10,10:122,62
> 2:False:8,10:118,61
> 3:False:8,11:118,61
> 4:False:8,9:118,59
> 5:False:10,13:122,62
ferry-optimal-old-noisy/30/ferry_noisy_p00_hyp-2_30_2.tar.bz2:0.392725944519:0.02713616:0.39
> 0:False:12,15:126,63
> 1:True:10,11:122,62
> 2:False:8,11:118,61
> 3:False:8,11:118,61
> 4:False:8,11:118,59
> 5:False:10,12:122,62
ferry-optimal-old-noisy/30/ferry_noisy_p00_hyp-2_30_3.tar.bz2:0.390605211258:0.02642003:0.39
> 0:True:12,12:126,63
> 1:True:10,10:122,62
> 2:False:8,10:118,61
> 3:False:8,10:118,61
> 4:False:8,9:118,59
> 5:False:10,12:122,62
ferry-optimal-old-noisy/30/ferry_noisy_p00_hyp-3_30_1.tar.bz2:0.393536090851:0.02700679:0.4
> 0:True:12,13:124,61
> 1:False:10,12:120,60
> 2:False:8,12:116,59
> 3:True:8,9:116,59
> 4:False:8,12:116,57
> 5:False:10,13:120,60
ferry-optimal-old-noisy/30/ferry_noisy_p00_hyp-3_30_2.tar.bz2:0.394487142563:0.02803124:0.39
> 0:True:12,14:125,62
> 1:True:10,12:121,61
> 2:False:8,12:117,60
> 3:True:8,10:117,60
> 4:False:8,12:117,58
> 5:True:10,12:121,61
ferry-optimal-old-noisy/30/ferry_noisy_p00_hyp-3_30_3.tar.bz2:0.392882823944:0.02716704:0.39
> 0:False:12,14:125,62
> 1:True:10,11:121,61
> 2:False:8,10:117,60
> 3:False:8,10:117,60
> 4:False:8,11:117,58
> 5:True:10,11:121,61
ferry-optimal-old-noisy/30/ferry_noisy_p00_hyp-4_30_1.tar.bz2:0.390336990356:0.02819685:0.4
> 0:False:12,17:128,65
> 1:False:10,12:124,64
> 2:False:8,12:120,63
> 3:False:8,10:120,63
> 4:False:8,14:120,61
> 5:True:10,11:124,64
ferry-optimal-old-noisy/30/ferry_noisy_p00_hyp-4_30_2.tar.bz2:0.396638870239:0.02825956:0.39
> 0:False:12,16:128,65
> 1:True:10,12:124,64
> 2:False:8,12:120,63
> 3:False:8,11:120,63
> 4:False:8,13:120,61
> 5:True:10,12:124,64
ferry-optimal-old-noisy/30/ferry_noisy_p00_hyp-4_30_3.tar.bz2:0.394388198853:0.02776616:0.39
> 0:False:12,17:128,65
> 1:False:10,13:124,64
> 2:False:8,13:120,63
> 3:False:8,12:120,63
> 4:False:8,14:120,61
> 5:True:10,12:124,64
ferry-optimal-old-noisy/30/ferry_noisy_p02_hyp-1_30_1.tar.bz2:0.551916122437:0.04792822:0.55
> 0:False:10,12:242,100
> 1:False:10,13:242,98
> 2:True:12,13:248,101
> 3:False:12,15:232,92
> 4:False:14,17:254,102
> 5:False:14,17:254,102
> 6:False:14,16:254,102
> 7:False:12,14:248,101
ferry-optimal-old-noisy/30/ferry_noisy_p02_hyp-1_30_2.tar.bz2:0.546334981918:0.04680595:0.55
> 0:True:10,12:242,100
> 1:False:10,15:242,98
> 2:False:12,15:248,101
> 3:False:12,16:232,92
> 4:False:14,18:254,102
> 5:False:14,18:254,102
> 6:False:14,19:254,102
> 7:False:12,17:248,101
ferry-optimal-old-noisy/30/ferry_noisy_p02_hyp-1_30_3.tar.bz2:0.554049015045:0.04796383:0.55
> 0:True:10,12:242,100
> 1:False:10,14:242,98
> 2:False:12,16:248,101
> 3:False:12,16:232,92
> 4:True:14,16:254,102
> 5:False:14,18:254,102
> 6:False:14,17:254,102
> 7:False:12,15:248,101
ferry-optimal-old-noisy/30/ferry_noisy_p02_hyp-2_30_1.tar.bz2:0.552280902863:0.04646243:0.56
> 0:False:10,15:242,100
> 1:True:10,13:242,98
> 2:True:12,15:248,101
> 3:False:12,16:232,92
> 4:False:14,18:254,102
> 5:False:14,18:254,102
> 6:True:14,17:254,102
> 7:True:12,15:248,101
ferry-optimal-old-noisy/30/ferry_noisy_p02_hyp-2_30_2.tar.bz2:0.551778793335:0.04675189:0.55
> 0:False:10,15:241,99
> 1:False:10,13:241,97
> 2:False:12,15:247,100
> 3:False:12,16:231,91
> 4:False:14,17:253,101
> 5:False:14,17:253,101
> 6:True:14,16:253,101
> 7:True:12,14:247,100
ferry-optimal-old-noisy/30/ferry_noisy_p02_hyp-2_30_3.tar.bz2:0.555500984192:0.04789262:0.56
> 0:False:10,15:241,99
> 1:False:10,15:241,97
> 2:False:12,15:247,100
> 3:False:12,15:231,91
> 4:False:14,17:253,101
> 5:True:14,16:253,101
> 6:False:14,18:253,101
> 7:False:12,15:247,100
ferry-optimal-old-noisy/30/ferry_noisy_p02_hyp-3_30_1.tar.bz2:0.55689406395:0.04802149:0.56
> 0:False:10,16:242,100
> 1:False:10,15:242,98
> 2:False:12,16:248,101
> 3:False:12,18:232,92
> 4:False:14,18:254,102
> 5:True:14,17:254,102
> 6:False:14,18:254,102
> 7:False:12,16:248,101
ferry-optimal-old-noisy/30/ferry_noisy_p02_hyp-3_30_2.tar.bz2:0.555651187897:0.04726052:0.55
> 0:False:10,13:243,101
> 1:False:10,15:243,99
> 2:True:12,13:249,102
> 3:False:12,14:233,93
> 4:False:14,16:255,103
> 5:True:14,15:255,103
> 6:False:14,18:255,103
> 7:False:12,16:249,102
ferry-optimal-old-noisy/30/ferry_noisy_p02_hyp-3_30_3.tar.bz2:0.552083969116:0.04660475:0.55
> 0:False:10,15:242,100
> 1:False:10,14:242,98
> 2:True:12,14:248,101
> 3:False:12,15:232,92
> 4:False:14,18:254,102
> 5:False:14,17:254,102
> 6:False:14,17:254,102
> 7:False:12,15:248,101
ferry-optimal-old-noisy/30/ferry_noisy_p02_hyp-4_30_1.tar.bz2:0.553128004074:0.04671137:0.56
> 0:False:10,15:243,101
> 1:False:10,15:243,99
> 2:False:12,16:249,102
> 3:False:12,15:233,93
> 4:False:14,18:255,103
> 5:True:14,16:255,103
> 6:False:14,18:255,103
> 7:False:12,16:249,102
ferry-optimal-old-noisy/30/ferry_noisy_p02_hyp-4_30_2.tar.bz2:0.552301168442:0.04745286:0.55
> 0:False:10,14:242,100
> 1:False:10,15:242,98
> 2:True:12,13:248,101
> 3:False:12,14:232,92
> 4:False:14,18:254,102
> 5:False:14,18:254,102
> 6:False:14,18:254,102
> 7:False:12,16:248,101
ferry-optimal-old-noisy/30/ferry_noisy_p02_hyp-4_30_3.tar.bz2:0.553099870682:0.04694538:0.56
> 0:False:10,15:243,101
> 1:False:10,14:243,99
> 2:False:12,15:249,102
> 3:True:12,13:233,93
> 4:False:14,18:255,103
> 5:False:14,16:255,103
> 6:False:14,17:255,103
> 7:False:12,15:249,102
ferry-optimal-old-noisy/30/ferry_noisy_p03_hyp-1_30_1.tar.bz2:0.324299097061:0.02122463:0.32
> 0:True:12,14:128,65
> 1:False:12,15:128,65
> 2:False:12,15:128,65
> 3:True:12,14:128,65
> 4:False:12,16:128,65
ferry-optimal-old-noisy/30/ferry_noisy_p03_hyp-1_30_2.tar.bz2:0.32562994957:0.02157636:0.33
> 0:True:12,14:129,66
> 1:False:12,15:129,66
> 2:False:12,16:129,66
> 3:False:12,15:129,66
> 4:False:12,16:129,66
ferry-optimal-old-noisy/30/ferry_noisy_p03_hyp-1_30_3.tar.bz2:0.323410987854:0.02130647:0.33
> 0:False:12,16:127,64
> 1:True:12,15:127,64
> 2:False:12,16:127,64
> 3:False:12,17:127,64
> 4:False:12,18:127,64
ferry-optimal-old-noisy/30/ferry_noisy_p03_hyp-2_30_1.tar.bz2:0.325293064117:0.02088999:0.32
> 0:False:12,13:127,64
> 1:True:12,12:127,64
> 2:False:12,14:127,64
> 3:False:12,14:127,64
> 4:False:12,17:127,64
ferry-optimal-old-noisy/30/ferry_noisy_p03_hyp-2_30_2.tar.bz2:0.322760105133:0.02123337:0.33
> 0:False:12,16:128,65
> 1:True:12,15:128,65
> 2:True:12,15:128,65
> 3:False:12,16:128,65
> 4:False:12,17:128,65
ferry-optimal-old-noisy/30/ferry_noisy_p03_hyp-2_30_3.tar.bz2:0.323945045471:0.02124297:0.32
> 0:False:12,14:127,64
> 1:True:12,13:127,64
> 2:False:12,14:127,64
> 3:False:12,14:127,64
> 4:False:12,16:127,64
ferry-optimal-old-noisy/30/ferry_noisy_p03_hyp-3_30_1.tar.bz2:0.324985980988:0.02082985:0.33
> 0:True:12,15:126,63
> 1:True:12,15:126,63
> 2:True:12,15:126,63
> 3:True:12,15:126,63
> 4:False:12,16:126,63
ferry-optimal-old-noisy/30/ferry_noisy_p03_hyp-3_30_2.tar.bz2:0.325823783875:0.02117498:0.33
> 0:True:12,14:127,64
> 1:True:12,14:127,64
> 2:True:12,14:127,64
> 3:True:12,14:127,64
> 4:False:12,15:127,64
ferry-optimal-old-noisy/30/ferry_noisy_p03_hyp-3_30_3.tar.bz2:0.32461810112:0.02104017:0.32
> 0:False:12,15:127,64
> 1:False:12,14:127,64
> 2:True:12,13:127,64
> 3:False:12,15:127,64
> 4:False:12,16:127,64
ferry-optimal-old-noisy/30/ferry_noisy_p03_hyp-4_30_1.tar.bz2:0.32648897171:0.02125128:0.33
> 0:False:12,14:127,64
> 1:True:12,13:127,64
> 2:True:12,13:127,64
> 3:True:12,13:127,64
> 4:False:12,14:127,64
ferry-optimal-old-noisy/30/ferry_noisy_p03_hyp-4_30_2.tar.bz2:0.325634002686:0.02117119:0.33
> 0:False:12,15:127,64
> 1:True:12,14:127,64
> 2:True:12,14:127,64
> 3:False:12,15:127,64
> 4:False:12,16:127,64
ferry-optimal-old-noisy/30/ferry_noisy_p03_hyp-4_30_3.tar.bz2:0.326019048691:0.02113577:0.33
> 0:False:12,15:128,65
> 1:True:12,14:128,65
> 2:False:12,15:128,65
> 3:False:12,15:128,65
> 4:False:12,16:128,65
ferry-optimal-old-noisy/50/ferry_noisy_p00_hyp-1_50_1.tar.bz2:0.394160032272:0.02818016:0.4
> 0:True:12,14:130,67
> 1:False:10,15:126,66
> 2:False:8,13:122,65
> 3:False:8,14:122,65
> 4:False:8,13:122,63
> 5:False:10,17:126,66
ferry-optimal-old-noisy/50/ferry_noisy_p00_hyp-1_50_2.tar.bz2:0.396034002304:0.02753346:0.4
> 0:True:12,15:130,67
> 1:False:10,16:126,66
> 2:False:8,14:122,65
> 3:False:8,15:122,65
> 4:False:8,13:122,63
> 5:False:10,17:126,66
ferry-optimal-old-noisy/50/ferry_noisy_p00_hyp-1_50_3.tar.bz2:0.392863988876:0.02735553:0.39
> 0:True:12,15:130,67
> 1:False:10,16:126,66
> 2:False:8,15:122,65
> 3:False:8,14:122,65
> 4:False:8,14:122,63
> 5:False:10,17:126,66
ferry-optimal-old-noisy/50/ferry_noisy_p00_hyp-2_50_1.tar.bz2:0.394227027893:0.02745168:0.39
> 0:False:12,17:130,67
> 1:True:10,13:126,66
> 2:False:8,14:122,65
> 3:False:8,14:122,65
> 4:False:8,14:122,63
> 5:False:10,15:126,66
ferry-optimal-old-noisy/50/ferry_noisy_p00_hyp-2_50_2.tar.bz2:0.393185138702:0.02727995:0.4
> 0:False:12,17:130,67
> 1:True:10,14:126,66
> 2:False:8,14:122,65
> 3:False:8,15:122,65
> 4:False:8,15:122,63
> 5:False:10,17:126,66
ferry-optimal-old-noisy/50/ferry_noisy_p00_hyp-2_50_3.tar.bz2:0.393242835999:0.0273314:0.4
> 0:False:12,18:130,67
> 1:True:10,14:126,66
> 2:False:8,17:122,65
> 3:False:8,14:122,65
> 4:False:8,18:122,63
> 5:False:10,15:126,66
ferry-optimal-old-noisy/50/ferry_noisy_p00_hyp-3_50_1.tar.bz2:0.394209861755:0.02833448:0.4
> 0:False:12,16:128,65
> 1:False:10,13:124,64
> 2:False:8,13:120,63
> 3:True:8,9:120,63
> 4:False:8,15:120,61
> 5:False:10,12:124,64
ferry-optimal-old-noisy/50/ferry_noisy_p00_hyp-3_50_2.tar.bz2:0.395604133606:0.02843161:0.39
> 0:True:12,14:129,66
> 1:True:10,12:125,65
> 2:False:8,12:121,64
> 3:False:8,12:121,64
> 4:False:8,12:121,62
> 5:False:10,14:125,65
ferry-optimal-old-noisy/50/ferry_noisy_p00_hyp-3_50_3.tar.bz2:0.393267154694:0.02812463:0.39
> 0:False:12,17:128,65
> 1:True:10,13:124,64
> 2:True:8,11:120,63
> 3:True:8,11:120,63
> 4:False:8,14:120,61
> 5:True:10,13:124,64
ferry-optimal-old-noisy/50/ferry_noisy_p00_hyp-4_50_1.tar.bz2:0.393123149872:0.02713832:0.4
> 0:False:12,16:129,66
> 1:False:10,13:125,65
> 2:False:8,13:121,64
> 3:False:8,11:121,64
> 4:False:8,16:121,62
> 5:True:10,12:125,65
ferry-optimal-old-noisy/50/ferry_noisy_p00_hyp-4_50_2.tar.bz2:0.388412952423:0.02772109:0.38
> 0:False:12,19:130,67
> 1:False:10,14:126,66
> 2:False:8,12:122,65
> 3:False:8,11:122,65
> 4:False:8,16:122,63
> 5:True:10,12:126,66
ferry-optimal-old-noisy/50/ferry_noisy_p00_hyp-4_50_3.tar.bz2:0.394534111023:0.0279814:0.39
> 0:False:12,18:129,66
> 1:False:10,14:125,65
> 2:True:8,11:121,64
> 3:False:8,12:121,64
> 4:False:8,15:121,62
> 5:True:10,13:125,65
ferry-optimal-old-noisy/50/ferry_noisy_p02_hyp-1_50_1.tar.bz2:0.557252168655:0.04998029:0.57
> 0:False:10,15:246,104
> 1:False:10,17:246,102
> 2:True:12,16:252,105
> 3:False:12,17:236,96
> 4:False:14,20:258,106
> 5:False:14,20:258,106
> 6:False:14,20:258,106
> 7:False:12,18:252,105
ferry-optimal-old-noisy/50/ferry_noisy_p02_hyp-1_50_2.tar.bz2:0.553453922272:0.04870838:0.56
> 0:True:10,12:245,103
> 1:False:10,15:245,101
> 2:False:12,16:251,104
> 3:False:12,16:235,95
> 4:False:14,18:257,105
> 5:False:14,19:257,105
> 6:False:14,18:257,105
> 7:False:12,18:251,104
ferry-optimal-old-noisy/50/ferry_noisy_p02_hyp-1_50_3.tar.bz2:0.556285142899:0.04972765:0.55
> 0:True:10,15:245,103
> 1:False:10,19:245,101
> 2:False:12,18:251,104
> 3:False:12,19:235,95
> 4:True:14,19:257,105
> 5:True:14,19:257,105
> 6:False:14,22:257,105
> 7:False:12,18:251,104
ferry-optimal-old-noisy/50/ferry_noisy_p02_hyp-2_50_1.tar.bz2:0.55529499054:0.04946207:0.57
> 0:False:10,16:246,104
> 1:False:10,15:246,102
> 2:True:12,16:252,105
> 3:False:12,19:236,96
> 4:False:14,19:258,106
> 5:False:14,20:258,106
> 6:True:14,18:258,106
> 7:True:12,16:252,105
ferry-optimal-old-noisy/50/ferry_noisy_p02_hyp-2_50_2.tar.bz2:0.555494070053:0.04943552:0.55
> 0:False:10,15:246,104
> 1:False:10,15:246,102
> 2:True:12,15:252,105
> 3:False:12,17:236,96
> 4:False:14,18:258,106
> 5:False:14,18:258,106
> 6:False:14,18:258,106
> 7:False:12,16:252,105
ferry-optimal-old-noisy/50/ferry_noisy_p02_hyp-2_50_3.tar.bz2:0.554407119751:0.04878267:0.56
> 0:False:10,17:245,103
> 1:False:10,15:245,101
> 2:True:12,16:251,104
> 3:False:12,19:235,95
> 4:False:14,20:257,105
> 5:True:14,18:257,105
> 6:True:14,18:257,105
> 7:False:12,17:251,104
ferry-optimal-old-noisy/50/ferry_noisy_p02_hyp-3_50_1.tar.bz2:0.552613019943:0.04628059:0.55
> 0:False:10,17:247,105
> 1:False:10,17:247,103
> 2:True:12,14:253,106
> 3:False:12,18:237,97
> 4:False:14,17:259,107
> 5:False:14,17:259,107
> 6:False:14,19:259,107
> 7:False:12,16:253,106
ferry-optimal-old-noisy/50/ferry_noisy_p02_hyp-3_50_2.tar.bz2:0.554319143295:0.0468656:0.56
> 0:False:10,18:247,105
> 1:False:10,16:247,103
> 2:True:12,15:253,106
> 3:False:12,17:237,97
> 4:False:14,20:259,107
> 5:False:14,18:259,107
> 6:False:14,19:259,107
> 7:False:12,17:253,106
ferry-optimal-old-noisy/50/ferry_noisy_p02_hyp-3_50_3.tar.bz2:0.554206132889:0.04815663:0.56
> 0:False:10,17:247,105
> 1:False:10,19:247,103
> 2:False:12,18:253,106
> 3:False:12,19:237,97
> 4:False:14,21:259,107
> 5:True:14,19:259,107
> 6:False:14,23:259,107
> 7:False:12,20:253,106
ferry-optimal-old-noisy/50/ferry_noisy_p02_hyp-4_50_1.tar.bz2:0.556798934937:0.04846823:0.56
> 0:False:10,17:248,106
> 1:False:10,19:248,104
> 2:False:12,16:254,107
> 3:True:12,14:238,98
> 4:False:14,20:260,108
> 5:False:14,19:260,108
> 6:False:14,21:260,108
> 7:False:12,19:254,107
ferry-optimal-old-noisy/50/ferry_noisy_p02_hyp-4_50_2.tar.bz2:0.552779197693:0.04784073:0.55
> 0:False:10,17:247,105
> 1:False:10,19:247,103
> 2:False:12,19:253,106
> 3:True:12,15:237,97
> 4:False:14,20:259,107
> 5:False:14,18:259,107
> 6:False:14,21:259,107
> 7:False:12,18:253,106
ferry-optimal-old-noisy/50/ferry_noisy_p02_hyp-4_50_3.tar.bz2:0.552870988846:0.04876466:0.55
> 0:False:10,17:247,105
> 1:False:10,18:247,103
> 2:True:12,16:253,106
> 3:True:12,16:237,97
> 4:False:14,21:259,107
> 5:False:14,21:259,107
> 6:False:14,21:259,107
> 7:False:12,19:253,106
ferry-optimal-old-noisy/50/ferry_noisy_p03_hyp-1_50_1.tar.bz2:0.32688498497:0.02167645:0.34
> 0:True:12,15:133,70
> 1:False:12,16:133,70
> 2:False:12,19:133,70
> 3:False:12,17:133,70
> 4:False:12,20:133,70
ferry-optimal-old-noisy/50/ferry_noisy_p03_hyp-1_50_2.tar.bz2:0.326066970825:0.02163114:0.32
> 0:True:12,18:133,70
> 1:True:12,18:133,70
> 2:False:12,20:133,70
> 3:False:12,19:133,70
> 4:False:12,22:133,70
ferry-optimal-old-noisy/50/ferry_noisy_p03_hyp-1_50_3.tar.bz2:0.325800895691:0.02154897:0.33
> 0:True:12,19:133,70
> 1:True:12,19:133,70
> 2:False:12,20:133,70
> 3:True:12,19:133,70
> 4:False:12,20:133,70
ferry-optimal-old-noisy/50/ferry_noisy_p03_hyp-2_50_1.tar.bz2:0.326881170273:0.0214682:0.32
> 0:False:12,16:132,69
> 1:True:12,15:132,69
> 2:False:12,17:132,69
> 3:False:12,17:132,69
> 4:False:12,19:132,69
ferry-optimal-old-noisy/50/ferry_noisy_p03_hyp-2_50_2.tar.bz2:0.327620029449:0.02166506:0.34
> 0:False:12,17:130,67
> 1:True:12,15:130,67
> 2:True:12,15:130,67
> 3:False:12,17:130,67
> 4:False:12,19:130,67
ferry-optimal-old-noisy/50/ferry_noisy_p03_hyp-2_50_3.tar.bz2:0.325265884399:0.02153697:0.33
> 0:False:12,17:131,68
> 1:True:12,15:131,68
> 2:False:12,16:131,68
> 3:False:12,18:131,68
> 4:False:12,19:131,68
ferry-optimal-old-noisy/50/ferry_noisy_p03_hyp-3_50_1.tar.bz2:0.32638502121:0.02161325:0.33
> 0:False:12,18:131,68
> 1:True:12,15:131,68
> 2:True:12,15:131,68
> 3:False:12,17:131,68
> 4:False:12,18:131,68
ferry-optimal-old-noisy/50/ferry_noisy_p03_hyp-3_50_2.tar.bz2:0.324383020401:0.02142103:0.32
> 0:False:12,18:131,68
> 1:False:12,17:131,68
> 2:True:12,15:131,68
> 3:False:12,17:131,68
> 4:False:12,18:131,68
ferry-optimal-old-noisy/50/ferry_noisy_p03_hyp-3_50_3.tar.bz2:0.325335979462:0.02155393:0.33
> 0:False:12,16:132,69
> 1:False:12,15:132,69
> 2:True:12,13:132,69
> 3:False:12,16:132,69
> 4:False:12,18:132,69
ferry-optimal-old-noisy/50/ferry_noisy_p03_hyp-4_50_1.tar.bz2:0.324097156525:0.02154923:0.32
> 0:True:12,14:131,68
> 1:True:12,14:131,68
> 2:False:12,17:131,68
> 3:False:12,15:131,68
> 4:False:12,17:131,68
ferry-optimal-old-noisy/50/ferry_noisy_p03_hyp-4_50_2.tar.bz2:0.323307037354:0.02119985:0.33
> 0:False:12,16:130,67
> 1:True:12,13:130,67
> 2:False:12,14:130,67
> 3:False:12,15:130,67
> 4:False:12,17:130,67
ferry-optimal-old-noisy/50/ferry_noisy_p03_hyp-4_50_3.tar.bz2:0.32608294487:0.02136784:0.33
> 0:False:12,15:131,68
> 1:True:12,14:131,68
> 2:False:12,16:131,68
> 3:False:12,16:131,68
> 4:False:12,19:131,68
ferry-optimal-old-noisy/70/ferry_noisy_p00_hyp-1_70_1.tar.bz2:0.395409822464:0.02760551:0.39
> 0:True:12,14:134,71
> 1:False:10,17:130,70
> 2:False:8,17:126,69
> 3:False:8,17:126,69
> 4:False:8,15:126,67
> 5:False:10,20:130,70
ferry-optimal-old-noisy/70/ferry_noisy_p00_hyp-1_70_2.tar.bz2:0.394968986511:0.0278869:0.39
> 0:True:12,14:135,72
> 1:False:10,18:131,71
> 2:False:8,16:127,70
> 3:False:8,17:127,70
> 4:False:8,16:127,68
> 5:False:10,20:131,71
ferry-optimal-old-noisy/70/ferry_noisy_p00_hyp-1_70_3.tar.bz2:0.39542889595:0.02911471:0.4
> 0:True:12,15:135,72
> 1:False:10,17:131,71
> 2:False:8,17:127,70
> 3:False:8,17:127,70
> 4:False:8,15:127,68
> 5:False:10,20:131,71
ferry-optimal-old-noisy/70/ferry_noisy_p00_hyp-2_70_1.tar.bz2:0.396530866623:0.0287242:0.4
> 0:False:12,17:132,69
> 1:True:10,12:128,68
> 2:False:8,16:124,67
> 3:False:8,15:124,67
> 4:False:8,15:124,65
> 5:False:10,16:128,68
ferry-optimal-old-noisy/70/ferry_noisy_p00_hyp-2_70_2.tar.bz2:0.394505023956:0.02829796:0.38
> 0:False:12,19:133,70
> 1:True:10,15:129,69
> 2:False:8,16:125,68
> 3:False:8,16:125,68
> 4:False:8,15:125,66
> 5:False:10,18:129,69
ferry-optimal-old-noisy/70/ferry_noisy_p00_hyp-2_70_3.tar.bz2:0.395835161209:0.02773418:0.4
> 0:False:12,19:134,71
> 1:True:10,15:130,70
> 2:False:8,17:126,69
> 3:False:8,16:126,69
> 4:False:8,16:126,67
> 5:False:10,18:130,70
ferry-optimal-old-noisy/70/ferry_noisy_p00_hyp-3_70_1.tar.bz2:0.395169973373:0.02855528:0.39
> 0:False:12,18:132,69
> 1:False:10,14:128,68
> 2:False:8,13:124,67
> 3:True:8,11:124,67
> 4:False:8,16:124,65
> 5:False:10,14:128,68
ferry-optimal-old-noisy/70/ferry_noisy_p00_hyp-3_70_2.tar.bz2:0.394469976425:0.02844428:0.4
> 0:False:12,17:130,67
> 1:False:10,14:126,66
> 2:False:8,14:122,65
> 3:True:8,11:122,65
> 4:False:8,16:122,63
> 5:False:10,14:126,66
ferry-optimal-old-noisy/70/ferry_noisy_p00_hyp-3_70_3.tar.bz2:0.395837068558:0.02825761:0.4
> 0:False:12,18:130,67
> 1:False:10,13:126,66
> 2:False:8,12:122,65
> 3:True:8,10:122,65
> 4:False:8,16:122,63
> 5:True:10,12:126,66
ferry-optimal-old-noisy/70/ferry_noisy_p00_hyp-4_70_1.tar.bz2:0.392071008682:0.02714218:0.39
> 0:False:12,19:134,71
> 1:False:10,15:130,70
> 2:False:8,14:126,69
> 3:False:8,13:126,69
> 4:False:8,19:126,67
> 5:True:10,12:130,70
ferry-optimal-old-noisy/70/ferry_noisy_p00_hyp-4_70_2.tar.bz2:0.393281936646:0.02760945:0.39
> 0:False:12,20:133,70
> 1:False:10,16:129,69
> 2:False:8,16:125,68
> 3:False:8,14:125,68
> 4:False:8,20:125,66
> 5:True:10,13:129,69
ferry-optimal-old-noisy/70/ferry_noisy_p00_hyp-4_70_3.tar.bz2:0.394525051117:0.02811045:0.4
> 0:False:12,19:132,69
> 1:True:10,16:128,68
> 2:False:8,15:124,67
> 3:False:8,15:124,67
> 4:False:8,18:124,65
> 5:True:10,16:128,68
ferry-optimal-old-noisy/70/ferry_noisy_p02_hyp-1_70_1.tar.bz2:0.557556867599:0.04972901:0.56
> 0:True:10,15:251,109
> 1:False:10,19:251,107
> 2:False:12,18:257,110
> 3:False:12,20:241,101
> 4:False:14,20:263,111
> 5:False:14,22:263,111
> 6:False:14,22:263,111
> 7:False:12,20:257,110
ferry-optimal-old-noisy/70/ferry_noisy_p02_hyp-1_70_2.tar.bz2:0.556550979614:0.04968833:0.56
> 0:False:10,17:250,108
> 1:False:10,21:250,106
> 2:False:12,22:256,109
> 3:False:12,22:240,100
> 4:True:14,20:262,110
> 5:False:14,23:262,110
> 6:False:14,24:262,110
> 7:False:12,21:256,109
ferry-optimal-old-noisy/70/ferry_noisy_p02_hyp-1_70_3.tar.bz2:0.557884931564:0.04925565:0.57
> 0:True:10,17:250,108
> 1:False:10,20:250,106
> 2:True:12,19:256,109
> 3:True:12,19:240,100
> 4:True:14,21:262,110
> 5:True:14,21:262,110
> 6:False:14,23:262,110
> 7:False:12,21:256,109
ferry-optimal-old-noisy/70/ferry_noisy_p02_hyp-2_70_1.tar.bz2:0.559293985367:0.05040366:0.56
> 0:False:10,19:248,106
> 1:False:10,16:248,104
> 2:False:12,19:254,107
> 3:False:12,21:238,98
> 4:False:14,22:260,108
> 5:False:14,21:260,108
> 6:True:14,19:260,108
> 7:False:12,19:254,107
ferry-optimal-old-noisy/70/ferry_noisy_p02_hyp-2_70_2.tar.bz2:0.555548906326:0.04943558:0.55
> 0:False:10,20:250,108
> 1:False:10,16:250,106
> 2:True:12,17:256,109
> 3:False:12,20:240,100
> 4:False:14,22:262,110
> 5:False:14,20:262,110
> 6:True:14,19:262,110
> 7:False:12,19:256,109
ferry-optimal-old-noisy/70/ferry_noisy_p02_hyp-2_70_3.tar.bz2:0.555454015732:0.0494757:0.55
> 0:False:10,19:249,107
> 1:True:10,15:249,105
> 2:False:12,19:255,108
> 3:False:12,22:239,99
> 4:False:14,22:261,109
> 5:False:14,21:261,109
> 6:True:14,19:261,109
> 7:False:12,20:255,108
ferry-optimal-old-noisy/70/ferry_noisy_p02_hyp-3_70_1.tar.bz2:0.556772947311:0.04957565:0.56
> 0:False:10,20:250,108
> 1:False:10,18:250,106
> 2:True:12,17:256,109
> 3:False:12,21:240,100
> 4:False:14,21:262,110
> 5:False:14,20:262,110
> 6:False:14,22:262,110
> 7:False:12,20:256,109
ferry-optimal-old-noisy/70/ferry_noisy_p02_hyp-3_70_2.tar.bz2:0.557532072067:0.04977006:0.55
> 0:False:10,19:251,109
> 1:False:10,19:251,107
> 2:True:12,16:257,110
> 3:False:12,20:241,101
> 4:False:14,22:263,111
> 5:False:14,21:263,111
> 6:False:14,22:263,111
> 7:False:12,20:257,110
ferry-optimal-old-noisy/70/ferry_noisy_p02_hyp-3_70_3.tar.bz2:0.55539393425:0.04799037:0.55
> 0:False:10,20:251,109
> 1:False:10,20:251,107
> 2:True:12,17:257,110
> 3:False:12,19:241,101
> 4:False:14,23:263,111
> 5:False:14,21:263,111
> 6:False:14,23:263,111
> 7:False:12,21:257,110
ferry-optimal-old-noisy/70/ferry_noisy_p02_hyp-4_70_1.tar.bz2:0.556241035461:0.04947398:0.57
> 0:False:10,20:251,109
> 1:False:10,22:251,107
> 2:False:12,20:257,110
> 3:True:12,17:241,101
> 4:False:14,21:263,111
> 5:True:14,19:263,111
> 6:False:14,22:263,111
> 7:False:12,19:257,110
ferry-optimal-old-noisy/70/ferry_noisy_p02_hyp-4_70_2.tar.bz2:0.555525064468:0.0489463:0.55
> 0:False:10,20:251,109
> 1:False:10,20:251,107
> 2:False:12,18:257,110
> 3:True:12,15:241,101
> 4:False:14,21:263,111
> 5:False:14,20:263,111
> 6:False:14,21:263,111
> 7:False:12,19:257,110
ferry-optimal-old-noisy/70/ferry_noisy_p02_hyp-4_70_3.tar.bz2:0.556280136108:0.04905461:0.56
> 0:False:10,20:252,110
> 1:False:10,20:252,108
> 2:False:12,18:258,111
> 3:True:12,16:242,102
> 4:False:14,22:264,112
> 5:False:14,21:264,112
> 6:False:14,21:264,112
> 7:False:12,19:258,111
ferry-optimal-old-noisy/70/ferry_noisy_p03_hyp-1_70_1.tar.bz2:0.325423002243:0.02197253:0.33
> 0:True:12,19:137,74
> 1:False:12,20:137,74
> 2:False:12,23:137,74
> 3:False:12,21:137,74
> 4:False:12,24:137,74
ferry-optimal-old-noisy/70/ferry_noisy_p03_hyp-1_70_2.tar.bz2:0.323848009109:0.02155561:0.32
> 0:True:12,17:135,72
> 1:False:12,18:135,72
> 2:False:12,20:135,72
> 3:False:12,18:135,72
> 4:False:12,21:135,72
ferry-optimal-old-noisy/70/ferry_noisy_p03_hyp-1_70_3.tar.bz2:0.327347040176:0.02169536:0.33
> 0:True:12,18:136,73
> 1:True:12,18:136,73
> 2:False:12,21:136,73
> 3:True:12,18:136,73
> 4:False:12,20:136,73
ferry-optimal-old-noisy/70/ferry_noisy_p03_hyp-2_70_1.tar.bz2:0.325722932816:0.02177207:0.33
> 0:False:12,17:135,72
> 1:True:12,16:135,72
> 2:False:12,17:135,72
> 3:True:12,16:135,72
> 4:False:12,19:135,72
ferry-optimal-old-noisy/70/ferry_noisy_p03_hyp-2_70_2.tar.bz2:0.325356006622:0.02140823:0.33
> 0:False:12,18:133,70
> 1:True:12,16:133,70
> 2:False:12,19:133,70
> 3:False:12,18:133,70
> 4:False:12,21:133,70
ferry-optimal-old-noisy/70/ferry_noisy_p03_hyp-2_70_3.tar.bz2:0.326136112213:0.02183438:0.33
> 0:False:12,19:136,73
> 1:True:12,16:136,73
> 2:False:12,18:136,73
> 3:False:12,19:136,73
> 4:False:12,21:136,73
ferry-optimal-old-noisy/70/ferry_noisy_p03_hyp-3_70_1.tar.bz2:0.324959993362:0.0216003:0.33
> 0:False:12,22:136,73
> 1:False:12,19:136,73
> 2:True:12,17:136,73
> 3:False:12,20:136,73
> 4:False:12,21:136,73
ferry-optimal-old-noisy/70/ferry_noisy_p03_hyp-3_70_2.tar.bz2:0.326601982117:0.02161139:0.32
> 0:False:12,19:137,74
> 1:False:12,19:137,74
> 2:True:12,16:137,74
> 3:False:12,18:137,74
> 4:False:12,20:137,74
ferry-optimal-old-noisy/70/ferry_noisy_p03_hyp-3_70_3.tar.bz2:0.325602054596:0.02191557:0.33
> 0:False:12,19:135,72
> 1:False:12,18:135,72
> 2:True:12,14:135,72
> 3:False:12,17:135,72
> 4:False:12,18:135,72
ferry-optimal-old-noisy/70/ferry_noisy_p03_hyp-4_70_1.tar.bz2:0.326169013977:0.02169903:0.34
> 0:False:12,18:136,73
> 1:True:12,16:136,73
> 2:False:12,17:136,73
> 3:False:12,19:136,73
> 4:False:12,19:136,73
ferry-optimal-old-noisy/70/ferry_noisy_p03_hyp-4_70_2.tar.bz2:0.326281070709:0.02161063:0.32
> 0:False:12,19:136,73
> 1:True:12,16:136,73
> 2:False:12,18:136,73
> 3:False:12,19:136,73
> 4:False:12,20:136,73
ferry-optimal-old-noisy/70/ferry_noisy_p03_hyp-4_70_3.tar.bz2:0.325646877289:0.02185271:0.32
> 0:False:12,17:136,73
> 1:True:12,15:136,73
> 2:False:12,17:136,73
> 3:False:12,18:136,73
> 4:False:12,20:136,73
ferry-optimal-old-noisy/100/ferry_noisy_p00_hyp-1_full_1.tar.bz2:0.394577980042:0.02797622:0.4
> 0:True:12,17:140,77
> 1:False:10,20:136,76
> 2:False:8,21:132,75
> 3:False:8,22:132,75
> 4:False:8,18:132,73
> 5:False:10,24:136,76
ferry-optimal-old-noisy/100/ferry_noisy_p00_hyp-1_full_2.tar.bz2:0.395045995712:0.02799861:0.38
> 0:True:12,17:140,77
> 1:False:10,22:136,76
> 2:False:8,20:132,75
> 3:False:8,22:132,75
> 4:False:8,19:132,73
> 5:False:10,24:136,76
ferry-optimal-old-noisy/100/ferry_noisy_p00_hyp-1_full_3.tar.bz2:0.395377159119:0.02769278:0.4
> 0:True:12,17:139,76
> 1:False:10,21:135,75
> 2:False:8,21:131,74
> 3:False:8,22:131,74
> 4:False:8,19:131,72
> 5:False:10,24:135,75
ferry-optimal-old-noisy/100/ferry_noisy_p00_hyp-2_full_1.tar.bz2:0.396364927292:0.02865541:0.4
> 0:False:12,21:137,74
> 1:True:10,14:133,73
> 2:False:8,18:129,72
> 3:False:8,16:129,72
> 4:False:8,18:129,70
> 5:False:10,17:133,73
ferry-optimal-old-noisy/100/ferry_noisy_p00_hyp-2_full_2.tar.bz2:0.395014047623:0.02844236:0.4
> 0:False:12,21:136,73
> 1:True:10,14:132,72
> 2:False:8,19:128,71
> 3:False:8,17:128,71
> 4:False:8,19:128,69
> 5:False:10,18:132,72
ferry-optimal-old-noisy/100/ferry_noisy_p00_hyp-2_full_3.tar.bz2:0.396586894989:0.02877451:0.39
> 0:False:12,21:137,74
> 1:True:10,14:133,73
> 2:False:8,19:129,72
> 3:False:8,17:129,72
> 4:False:8,18:129,70
> 5:False:10,18:133,73
ferry-optimal-old-noisy/100/ferry_noisy_p00_hyp-3_full_1.tar.bz2:0.39523601532:0.02872862:0.4
> 0:False:12,19:135,72
> 1:False:10,16:131,71
> 2:False:8,15:127,70
> 3:True:8,12:127,70
> 4:False:8,19:127,68
> 5:False:10,15:131,71
ferry-optimal-old-noisy/100/ferry_noisy_p00_hyp-3_full_2.tar.bz2:0.39704990387:0.02849594:0.4
> 0:False:12,19:135,72
> 1:False:10,16:131,71
> 2:False:8,15:127,70
> 3:True:8,12:127,70
> 4:False:8,19:127,68
> 5:False:10,15:131,71
ferry-optimal-old-noisy/100/ferry_noisy_p00_hyp-3_full_3.tar.bz2:0.391252994537:0.02871206:0.38
> 0:False:12,19:134,71
> 1:False:10,16:130,70
> 2:False:8,15:126,69
> 3:True:8,12:126,69
> 4:False:8,19:126,67
> 5:False:10,15:130,70
ferry-optimal-old-noisy/100/ferry_noisy_p00_hyp-4_full_1.tar.bz2:0.393692016602:0.02722393:0.4
> 0:False:12,24:137,74
> 1:False:10,19:133,73
> 2:False:8,19:129,72
> 3:False:8,18:129,72
> 4:False:8,23:129,70
> 5:True:10,17:133,73
ferry-optimal-old-noisy/100/ferry_noisy_p00_hyp-4_full_2.tar.bz2:0.394250869751:0.02799141:0.4
> 0:False:12,23:138,75
> 1:False:10,18:134,74
> 2:False:8,18:130,73
> 3:False:8,18:130,73
> 4:False:8,22:130,71
> 5:True:10,17:134,74
ferry-optimal-old-noisy/100/ferry_noisy_p00_hyp-4_full_3.tar.bz2:0.394852876663:0.02754561:0.4
> 0:False:12,23:138,75
> 1:False:10,18:134,74
> 2:False:8,18:130,73
> 3:False:8,18:130,73
> 4:False:8,21:130,71
> 5:True:10,17:134,74
ferry-optimal-old-noisy/100/ferry_noisy_p02_hyp-1_full_1.tar.bz2:0.556759119034:0.05110497:0.55
> 0:True:10,18:255,113
> 1:False:10,24:255,111
> 2:False:12,23:261,114
> 3:False:12,25:245,105
> 4:False:14,25:267,115
> 5:False:14,26:267,115
> 6:False:14,27:267,115
> 7:False:12,26:261,114
ferry-optimal-old-noisy/100/ferry_noisy_p02_hyp-1_full_2.tar.bz2:0.559320926666:0.05056321:0.56
> 0:True:10,18:255,113
> 1:False:10,22:255,111
> 2:False:12,22:261,114
> 3:False:12,24:245,105
> 4:False:14,24:267,115
> 5:False:14,25:267,115
> 6:False:14,25:267,115
> 7:False:12,25:261,114
ferry-optimal-old-noisy/100/ferry_noisy_p02_hyp-1_full_3.tar.bz2:0.558947086334:0.05055741:0.56
> 0:True:10,18:255,113
> 1:False:10,23:255,111
> 2:False:12,22:261,114
> 3:False:12,24:245,105
> 4:False:14,24:267,115
> 5:False:14,25:267,115
> 6:False:14,26:267,115
> 7:False:12,25:261,114
ferry-optimal-old-noisy/100/ferry_noisy_p02_hyp-2_full_1.tar.bz2:0.560878992081:0.05019038:0.56
> 0:False:10,24:254,112
> 1:False:10,19:254,110
> 2:False:12,24:260,113
> 3:False:12,27:244,104
> 4:False:14,27:266,114
> 5:False:14,25:266,114
> 6:True:14,22:266,114
> 7:False:12,24:260,113
ferry-optimal-old-noisy/100/ferry_noisy_p02_hyp-2_full_2.tar.bz2:0.557694911957:0.0488632:0.56
> 0:False:10,23:254,112
> 1:True:10,19:254,110
> 2:False:12,24:260,113
> 3:False:12,27:244,104
> 4:False:14,26:266,114
> 5:False:14,26:266,114
> 6:True:14,23:266,114
> 7:False:12,25:260,113
ferry-optimal-old-noisy/100/ferry_noisy_p02_hyp-2_full_3.tar.bz2:0.558856010437:0.05024705:0.56
> 0:False:10,22:254,112
> 1:True:10,19:254,110
> 2:False:12,23:260,113
> 3:False:12,26:244,104
> 4:False:14,26:266,114
> 5:False:14,26:266,114
> 6:True:14,23:266,114
> 7:False:12,25:260,113
ferry-optimal-old-noisy/100/ferry_noisy_p02_hyp-3_full_1.tar.bz2:0.553504943848:0.04865216:0.55
> 0:False:10,25:257,115
> 1:False:10,25:257,113
> 2:True:12,20:263,116
> 3:False:12,24:247,107
> 4:False:14,25:269,117
> 5:True:14,22:269,117
> 6:False:14,26:269,117
> 7:False:12,23:263,116
ferry-optimal-old-noisy/100/ferry_noisy_p02_hyp-3_full_2.tar.bz2:0.55654501915:0.05013146:0.56
> 0:False:10,25:257,115
> 1:False:10,25:257,113
> 2:True:12,20:263,116
> 3:False:12,25:247,107
> 4:False:14,27:269,117
> 5:False:14,24:269,117
> 6:False:14,28:269,117
> 7:False:12,25:263,116
ferry-optimal-old-noisy/100/ferry_noisy_p02_hyp-3_full_3.tar.bz2:0.557178974152:0.04865545:0.56
> 0:False:10,25:257,115
> 1:False:10,24:257,113
> 2:True:12,20:263,116
> 3:False:12,23:247,107
> 4:False:14,25:269,117
> 5:False:14,23:269,117
> 6:False:14,25:269,117
> 7:False:12,24:263,116
ferry-optimal-old-noisy/100/ferry_noisy_p02_hyp-4_full_1.tar.bz2:0.553781032562:0.04992:0.55
> 0:False:10,25:258,116
> 1:False:10,27:258,114
> 2:False:12,24:264,117
> 3:True:12,20:248,108
> 4:False:14,27:270,118
> 5:False:14,25:270,118
> 6:False:14,28:270,118
> 7:False:12,25:264,117
ferry-optimal-old-noisy/100/ferry_noisy_p02_hyp-4_full_2.tar.bz2:0.554803848267:0.04960894:0.56
> 0:False:10,26:258,116
> 1:False:10,27:258,114
> 2:False:12,24:264,117
> 3:True:12,20:248,108
> 4:False:14,26:270,118
> 5:False:14,25:270,118
> 6:False:14,28:270,118
> 7:False:12,25:264,117
ferry-optimal-old-noisy/100/ferry_noisy_p02_hyp-4_full_3.tar.bz2:0.551065921783:0.04893464:0.56
> 0:False:10,26:258,116
> 1:False:10,27:258,114
> 2:False:12,24:264,117
> 3:True:12,20:248,108
> 4:False:14,27:270,118
> 5:False:14,24:270,118
> 6:False:14,28:270,118
> 7:False:12,24:264,117
ferry-optimal-old-noisy/100/ferry_noisy_p03_hyp-1_full_1.tar.bz2:0.327467918396:0.02211428:0.32
> 0:True:12,20:142,79
> 1:False:12,21:142,79
> 2:False:12,23:142,79
> 3:False:12,21:142,79
> 4:False:12,24:142,79
ferry-optimal-old-noisy/100/ferry_noisy_p03_hyp-1_full_2.tar.bz2:0.3266248703:0.02198221:0.33
> 0:True:12,20:142,79
> 1:False:12,21:142,79
> 2:False:12,22:142,79
> 3:True:12,20:142,79
> 4:False:12,21:142,79
ferry-optimal-old-noisy/100/ferry_noisy_p03_hyp-1_full_3.tar.bz2:0.325573921204:0.02176262:0.33
> 0:True:12,20:142,79
> 1:False:12,22:142,79
> 2:False:12,25:142,79
> 3:False:12,22:142,79
> 4:False:12,24:142,79
ferry-optimal-old-noisy/100/ferry_noisy_p03_hyp-2_full_1.tar.bz2:0.326297998428:0.02195503:0.33
> 0:False:12,21:140,77
> 1:True:12,19:140,77
> 2:False:12,22:140,77
> 3:False:12,20:140,77
> 4:False:12,23:140,77
ferry-optimal-old-noisy/100/ferry_noisy_p03_hyp-2_full_2.tar.bz2:0.324501991272:0.02179533:0.32
> 0:False:12,22:140,77
> 1:True:12,19:140,77
> 2:False:12,23:140,77
> 3:False:12,22:140,77
> 4:False:12,25:140,77
ferry-optimal-old-noisy/100/ferry_noisy_p03_hyp-2_full_3.tar.bz2:0.326865196228:0.02205328:0.33
> 0:False:12,22:140,77
> 1:True:12,19:140,77
> 2:False:12,23:140,77
> 3:False:12,22:140,77
> 4:False:12,25:140,77
ferry-optimal-old-noisy/100/ferry_noisy_p03_hyp-3_full_1.tar.bz2:0.327571868896:0.02200438:0.34
> 0:False:12,25:140,77
> 1:False:12,23:140,77
> 2:True:12,19:140,77
> 3:False:12,23:140,77
> 4:False:12,24:140,77
ferry-optimal-old-noisy/100/ferry_noisy_p03_hyp-3_full_2.tar.bz2:0.32711315155:0.02204839:0.33
> 0:False:12,25:140,77
> 1:False:12,23:140,77
> 2:True:12,19:140,77
> 3:False:12,23:140,77
> 4:False:12,24:140,77
ferry-optimal-old-noisy/100/ferry_noisy_p03_hyp-3_full_3.tar.bz2:0.325177907944:0.02206296:0.33
> 0:False:12,25:140,77
> 1:False:12,23:140,77
> 2:True:12,19:140,77
> 3:False:12,23:140,77
> 4:False:12,24:140,77
ferry-optimal-old-noisy/100/ferry_noisy_p03_hyp-4_full_1.tar.bz2:0.326482057571:0.02178858:0.33
> 0:False:12,22:140,77
> 1:True:12,19:140,77
> 2:False:12,22:140,77
> 3:False:12,22:140,77
> 4:False:12,24:140,77
ferry-optimal-old-noisy/100/ferry_noisy_p03_hyp-4_full_2.tar.bz2:0.326293945312:0.02197734:0.33
> 0:False:12,22:140,77
> 1:True:12,19:140,77
> 2:False:12,22:140,77
> 3:False:12,22:140,77
> 4:False:12,24:140,77
ferry-optimal-old-noisy/100/ferry_noisy_p03_hyp-4_full_3.tar.bz2:0.328177928925:0.0222001:0.33
> 0:False:12,22:140,77
> 1:True:12,19:140,77
> 2:False:12,22:140,77
> 3:False:12,22:140,77
> 4:False:12,25:140,77
