ferry-optimal-old-noisy/10/ferry_noisy_p00_hyp-1_10_1.tar.bz2:0.483858108521:0.02371549:0.48
> 0:True:14,15:1887,439
> 1:True:12,13:1887,439
> 2:True:10,11:1887,439
> 3:False:10,12:1887,439
> 4:False:10,12:1887,439
> 5:True:12,13:1887,439
ferry-optimal-old-noisy/10/ferry_noisy_p00_hyp-1_10_2.tar.bz2:0.494781017303:0.02538297:0.49
> 0:True:14,14:1887,439
> 1:True:12,12:1887,439
> 2:False:10,11:1887,439
> 3:False:10,11:1887,439
> 4:False:10,11:1887,439
> 5:True:12,12:1887,439
ferry-optimal-old-noisy/10/ferry_noisy_p00_hyp-1_10_3.tar.bz2:0.500391960144:0.0259582:0.51
> 0:True:14,15:1887,439
> 1:True:12,13:1887,439
> 2:True:10,11:1887,439
> 3:True:10,11:1887,439
> 4:True:10,11:1887,439
> 5:True:12,13:1887,439
ferry-optimal-old-noisy/10/ferry_noisy_p00_hyp-2_10_1.tar.bz2:0.484878063202:0.0257039:0.49
> 0:False:14,15:1887,439
> 1:True:12,12:1887,439
> 2:False:10,11:1887,439
> 3:True:10,10:1887,439
> 4:False:10,11:1887,439
> 5:True:12,12:1887,439
ferry-optimal-old-noisy/10/ferry_noisy_p00_hyp-2_10_2.tar.bz2:0.464230060577:0.02464534:0.47
> 0:True:14,14:1887,439
> 1:True:12,12:1887,439
> 2:False:10,12:1887,439
> 3:False:10,11:1887,439
> 4:False:10,11:1887,439
> 5:False:12,13:1887,439
ferry-optimal-old-noisy/10/ferry_noisy_p00_hyp-2_10_3.tar.bz2:0.481636047363:0.0232249:0.48
> 0:True:14,14:1887,439
> 1:True:12,12:1887,439
> 2:False:10,11:1887,439
> 3:True:10,10:1887,439
> 4:False:10,11:1887,439
> 5:True:12,12:1887,439
ferry-optimal-old-noisy/10/ferry_noisy_p00_hyp-3_10_1.tar.bz2:0.468154907227:0.02319754:0.47
> 0:True:14,14:1887,439
> 1:True:12,12:1887,439
> 2:False:10,11:1887,439
> 3:True:10,10:1887,439
> 4:True:10,10:1887,439
> 5:True:12,12:1887,439
ferry-optimal-old-noisy/10/ferry_noisy_p00_hyp-3_10_2.tar.bz2:0.485283851624:0.02731977:0.48
> 0:False:14,15:1887,439
> 1:True:12,12:1887,439
> 2:False:10,11:1887,439
> 3:True:10,10:1887,439
> 4:False:10,11:1887,439
> 5:True:12,12:1887,439
ferry-optimal-old-noisy/10/ferry_noisy_p00_hyp-3_10_3.tar.bz2:0.491647005081:0.02358383:0.49
> 0:True:14,15:1886,436
> 1:True:12,13:1886,436
> 2:True:10,11:1886,436
> 3:True:10,11:1886,436
> 4:True:10,11:1886,436
> 5:True:12,13:1886,436
ferry-optimal-old-noisy/10/ferry_noisy_p00_hyp-4_10_1.tar.bz2:0.489979982376:0.02218605:0.48
> 0:False:14,16:1886,436
> 1:False:12,13:1886,436
> 2:False:10,11:1886,436
> 3:False:10,11:1886,436
> 4:False:10,12:1886,436
> 5:True:12,12:1886,436
ferry-optimal-old-noisy/10/ferry_noisy_p00_hyp-4_10_2.tar.bz2:0.480907917023:0.02545924:0.47
> 0:False:14,15:1886,436
> 1:True:12,12:1886,436
> 2:False:10,11:1886,436
> 3:True:10,10:1886,436
> 4:False:10,11:1886,436
> 5:True:12,12:1886,436
ferry-optimal-old-noisy/10/ferry_noisy_p00_hyp-4_10_3.tar.bz2:0.484926939011:0.02368455:0.48
> 0:False:14,15:1886,436
> 1:False:12,13:1886,436
> 2:True:10,10:1886,436
> 3:True:10,10:1886,436
> 4:False:10,11:1886,436
> 5:True:12,12:1886,436
ferry-optimal-old-noisy/10/ferry_noisy_p02_hyp-1_10_1.tar.bz2:0.70148897171:0.05310916:0.71
> 0:True:13,13:4597,765
> 1:False:12,13:4597,765
> 2:True:15,15:4597,765
> 3:True:15,15:4597,765
> 4:True:17,17:4597,765
> 5:True:17,17:4597,765
> 6:True:17,17:4597,765
> 7:True:15,15:4597,765
ferry-optimal-old-noisy/10/ferry_noisy_p02_hyp-1_10_2.tar.bz2:0.702967166901:0.05079621:0.71
> 0:True:13,13:4597,765
> 1:False:12,14:4597,765
> 2:False:15,16:4597,765
> 3:True:15,15:4597,765
> 4:True:17,17:4597,765
> 5:True:17,17:4597,765
> 6:True:17,17:4597,765
> 7:True:15,15:4597,765
ferry-optimal-old-noisy/10/ferry_noisy_p02_hyp-1_10_3.tar.bz2:0.711725950241:0.05744999:0.71
> 0:True:13,13:4597,765
> 1:False:12,14:4597,765
> 2:True:15,15:4597,765
> 3:True:15,15:4597,765
> 4:True:17,17:4597,765
> 5:True:17,17:4597,765
> 6:True:17,17:4597,765
> 7:True:15,15:4597,765
ferry-optimal-old-noisy/10/ferry_noisy_p02_hyp-2_10_1.tar.bz2:0.703455924988:0.05202007:0.71
> 0:False:13,14:4597,765
> 2:False:15,16:4597,765
> 3:False:15,16:4597,765
> 4:True:17,17:4597,765
> 5:False:17,18:4597,765
> 7:True:15,15:4597,765
ferry-optimal-old-noisy/10/ferry_noisy_p02_hyp-2_10_2.tar.bz2:0.700813055038:0.05375694:0.69
> 0:True:13,13:4597,765
> 1:False:12,13:4597,765
> 2:False:15,17:4597,765
> 3:False:15,16:4597,765
> 4:False:17,18:4597,765
> 5:False:17,18:4597,765
> 6:False:17,18:4597,765
> 7:False:15,16:4597,765
ferry-optimal-old-noisy/10/ferry_noisy_p02_hyp-2_10_3.tar.bz2:0.706547021866:0.05342906:0.71
> 0:False:13,14:4597,765
> 1:False:12,13:4597,765
> 2:True:15,15:4597,765
> 3:True:15,15:4597,765
> 4:False:17,18:4597,765
> 5:True:17,17:4597,765
> 6:True:17,17:4597,765
> 7:False:15,16:4597,765
ferry-optimal-old-noisy/10/ferry_noisy_p02_hyp-3_10_1.tar.bz2:0.703037977219:0.05383475:0.7
> 0:True:13,14:4598,768
> 1:False:12,14:4598,768
> 2:True:15,16:4598,768
> 3:True:15,16:4598,768
> 4:True:17,18:4598,768
> 5:True:17,18:4598,768
> 6:True:17,18:4598,768
> 7:True:15,16:4598,768
ferry-optimal-old-noisy/10/ferry_noisy_p02_hyp-3_10_2.tar.bz2:0.715987920761:0.05376718:0.72
> 0:False:13,15:4598,768
> 1:False:12,15:4598,768
> 2:False:15,17:4598,768
> 3:False:15,17:4598,768
> 4:True:17,18:4598,768
> 5:True:17,18:4598,768
> 6:False:17,19:4598,768
> 7:False:15,17:4598,768
ferry-optimal-old-noisy/10/ferry_noisy_p02_hyp-3_10_3.tar.bz2:0.703935861588:0.05524384:0.7
> 0:False:13,15:4598,768
> 1:False:12,14:4598,768
> 2:True:15,15:4598,768
> 3:True:15,15:4598,768
> 4:False:17,18:4598,768
> 5:True:17,17:4598,768
> 6:False:17,18:4598,768
> 7:False:15,16:4598,768
ferry-optimal-old-noisy/10/ferry_noisy_p02_hyp-4_10_1.tar.bz2:0.687247991562:0.05086269:0.69
> 0:True:13,14:4598,768
> 1:False:12,15:4598,768
> 2:True:15,16:4598,768
> 3:True:15,16:4598,768
> 4:True:17,18:4598,768
> 5:True:17,18:4598,768
> 6:False:17,19:4598,768
> 7:False:15,17:4598,768
ferry-optimal-old-noisy/10/ferry_noisy_p02_hyp-4_10_2.tar.bz2:0.687794208527:0.05309164:0.68
> 0:True:13,14:4598,768
> 1:False:12,14:4598,768
> 2:False:15,17:4598,768
ferry-optimal-old-noisy/10/ferry_noisy_p02_hyp-4_10_3.tar.bz2:0.69425201416:0.04854799:0.69
> 0:False:13,14:4598,768
> 1:False:12,15:4598,768
> 2:False:15,16:4598,768
> 3:True:15,15:4598,768
> 4:True:17,17:4598,768
> 5:True:17,17:4598,768
> 6:False:17,19:4598,768
> 7:False:15,17:4598,768
ferry-optimal-old-noisy/10/ferry_noisy_p03_hyp-1_10_1.tar.bz2:0.394006967545:0.02156932:0.39
> 0:True:14,14:1756,439
> 1:False:14,15:1756,439
> 2:False:14,15:1756,439
> 3:False:14,15:1756,439
> 4:False:14,15:1756,439
ferry-optimal-old-noisy/10/ferry_noisy_p03_hyp-1_10_2.tar.bz2:0.392585992813:0.02123738:0.38
> 0:True:14,14:1756,439
> 1:False:14,15:1756,439
> 2:False:14,16:1756,439
> 3:True:14,14:1756,439
> 4:True:14,14:1756,439
ferry-optimal-old-noisy/10/ferry_noisy_p03_hyp-1_10_3.tar.bz2:0.41378903389:0.02257043:0.4
> 0:True:14,15:1756,439
> 1:True:14,15:1756,439
> 2:True:14,15:1756,439
> 3:True:14,15:1756,439
> 4:True:14,15:1756,439
ferry-optimal-old-noisy/10/ferry_noisy_p03_hyp-2_10_1.tar.bz2:0.388159990311:0.02089685:0.39
> 0:True:14,14:1755,436
> 1:True:14,14:1755,436
> 2:False:14,15:1755,436
> 3:True:14,14:1755,436
> 4:False:14,15:1755,436
ferry-optimal-old-noisy/10/ferry_noisy_p03_hyp-2_10_2.tar.bz2:0.396567106247:0.02059977:0.4
> 0:True:14,14:1755,436
> 1:True:14,14:1755,436
> 2:True:14,14:1755,436
> 3:True:14,14:1755,436
> 4:True:14,14:1755,436
ferry-optimal-old-noisy/10/ferry_noisy_p03_hyp-2_10_3.tar.bz2:0.405030012131:0.02114608:0.4
> 0:True:14,14:1755,436
> 1:True:14,14:1755,436
> 2:False:14,15:1755,436
> 3:True:14,14:1755,436
> 4:True:14,14:1755,436
ferry-optimal-old-noisy/10/ferry_noisy_p03_hyp-3_10_1.tar.bz2:0.387993097305:0.02140613:0.4
> 0:True:14,14:1755,436
> 1:True:14,14:1755,436
> 2:False:14,15:1755,436
> 3:False:14,15:1755,436
> 4:False:14,15:1755,436
ferry-optimal-old-noisy/10/ferry_noisy_p03_hyp-3_10_2.tar.bz2:0.393838167191:0.0200846:0.39
> 0:False:14,16:1755,436
> 1:False:14,16:1755,436
> 2:False:14,16:1755,436
> 3:False:14,16:1755,436
> 4:True:14,14:1755,436
ferry-optimal-old-noisy/10/ferry_noisy_p03_hyp-3_10_3.tar.bz2:0.394356012344:0.01972634:0.39
> 0:True:14,14:1755,436
> 1:False:14,15:1755,436
> 2:True:14,14:1755,436
> 3:False:14,15:1755,436
> 4:True:14,14:1755,436
ferry-optimal-old-noisy/10/ferry_noisy_p03_hyp-4_10_1.tar.bz2:0.40043592453:0.0221332:0.4
> 0:True:14,14:1755,436
> 1:True:14,14:1755,436
> 2:False:14,15:1755,436
> 3:False:14,15:1755,436
> 4:False:14,15:1755,436
ferry-optimal-old-noisy/10/ferry_noisy_p03_hyp-4_10_2.tar.bz2:0.383105039597:0.02163322:0.39
> 0:False:14,15:1755,436
> 1:False:14,15:1755,436
> 2:False:14,16:1755,436
> 3:False:14,15:1755,436
> 4:True:14,14:1755,436
ferry-optimal-old-noisy/10/ferry_noisy_p03_hyp-4_10_3.tar.bz2:0.387063980103:0.02191745:0.38
> 0:True:14,15:1755,436
> 1:True:14,15:1755,436
> 2:True:14,15:1755,436
> 3:True:14,15:1755,436
> 4:True:14,15:1755,436
ferry-optimal-old-noisy/30/ferry_noisy_p00_hyp-1_30_1.tar.bz2:0.476254940033:0.02761903:0.47
> 0:True:14,16:1891,451
> 1:False:12,17:1891,451
> 2:False:10,15:1891,451
> 3:False:10,15:1891,451
> 4:False:10,13:1891,451
> 5:False:12,17:1891,451
ferry-optimal-old-noisy/30/ferry_noisy_p00_hyp-1_30_2.tar.bz2:0.491453886032:0.02784721:0.5
> 0:True:14,17:1889,445
> 1:False:12,16:1889,445
> 2:False:10,15:1889,445
> 3:True:10,13:1889,445
> 4:False:10,14:1889,445
> 5:False:12,16:1889,445
ferry-optimal-old-noisy/30/ferry_noisy_p00_hyp-1_30_3.tar.bz2:0.493371963501:0.02587112:0.5
> 2:False:10,14:1892,454
> 3:True:10,13:1892,454
> 5:True:12,15:1892,454
ferry-optimal-old-noisy/30/ferry_noisy_p00_hyp-2_30_1.tar.bz2:0.493037939072:0.02435751:0.49
> 0:False:14,15:1890,448
> 1:True:12,12:1890,448
> 2:False:10,12:1890,448
> 3:False:10,12:1890,448
> 4:False:10,11:1890,448
> 5:False:12,14:1890,448
ferry-optimal-old-noisy/30/ferry_noisy_p00_hyp-2_30_2.tar.bz2:0.499070882797:0.02624033:0.5
> 0:False:14,15:1890,448
> 1:True:12,12:1890,448
> 2:False:10,12:1890,448
> 3:False:10,11:1890,448
> 4:False:10,11:1890,448
> 5:True:12,12:1890,448
ferry-optimal-old-noisy/30/ferry_noisy_p00_hyp-2_30_3.tar.bz2:0.501926183701:0.0237041:0.5
> 0:False:14,16:1890,448
> 1:True:12,12:1890,448
> 2:False:10,13:1890,448
> 3:False:10,12:1890,448
> 4:True:10,10:1890,448
> 5:False:12,14:1890,448
ferry-optimal-old-noisy/30/ferry_noisy_p00_hyp-3_30_1.tar.bz2:0.496096849442:0.02529585:0.5
> 0:True:14,15:1888,442
> 1:False:12,14:1888,442
> 2:False:10,13:1888,442
> 3:True:10,11:1888,442
> 4:False:10,12:1888,442
> 5:False:12,15:1888,442
ferry-optimal-old-noisy/30/ferry_noisy_p00_hyp-3_30_2.tar.bz2:0.496678113937:0.0252569:0.49
> 0:False:14,15:1889,445
> 1:False:12,13:1889,445
> 2:False:10,13:1889,445
> 3:True:10,10:1889,445
> 4:False:10,12:1889,445
> 5:False:12,14:1889,445
ferry-optimal-old-noisy/30/ferry_noisy_p00_hyp-3_30_3.tar.bz2:0.485039949417:0.02726298:0.48
> 0:False:14,16:1889,445
> 1:False:12,13:1889,445
> 2:False:10,12:1889,445
> 3:False:10,11:1889,445
> 4:False:10,13:1889,445
> 5:True:12,12:1889,445
ferry-optimal-old-noisy/30/ferry_noisy_p00_hyp-4_30_1.tar.bz2:0.505818128586:0.02026478:0.51
> 0:False:14,19:1892,454
> 2:True:10,14:1892,454
> 4:True:10,14:1892,454
ferry-optimal-old-noisy/30/ferry_noisy_p00_hyp-4_30_2.tar.bz2:0.490315914154:0.02477315:0.49
> 0:False:14,18:1892,454
> 1:False:12,15:1892,454
> 2:False:10,13:1892,454
> 3:False:10,13:1892,454
> 4:False:10,12:1892,454
> 5:True:12,13:1892,454
ferry-optimal-old-noisy/30/ferry_noisy_p00_hyp-4_30_3.tar.bz2:0.513854980469:0.0283305:0.52
> 0:False:14,18:1892,454
> 1:False:12,15:1892,454
> 2:False:10,13:1892,454
> 3:False:10,13:1892,454
> 4:False:10,14:1892,454
> 5:True:12,12:1892,454
ferry-optimal-old-noisy/30/ferry_noisy_p02_hyp-1_30_1.tar.bz2:0.709398984909:0.04260503:0.7
> 0:True:13,15:4602,780
> 3:True:15,17:4602,780
> 4:False:17,20:4602,780
> 5:True:17,19:4602,780
ferry-optimal-old-noisy/30/ferry_noisy_p02_hyp-1_30_2.tar.bz2:0.710113048553:0.05586102:0.71
> 0:True:13,14:4602,780
> 1:False:12,17:4602,780
> 2:False:15,18:4602,780
> 3:False:15,18:4602,780
> 4:False:17,19:4602,780
> 5:False:17,20:4602,780
> 6:False:17,20:4602,780
> 7:False:15,18:4602,780
ferry-optimal-old-noisy/30/ferry_noisy_p02_hyp-1_30_3.tar.bz2:0.707094907761:0.05157368:0.7
> 0:True:13,14:4602,780
> 1:False:12,16:4602,780
> 2:False:15,19:4602,780
> 3:False:15,17:4602,780
> 4:True:17,18:4602,780
> 5:False:17,19:4602,780
> 6:False:17,19:4602,780
> 7:False:15,17:4602,780
ferry-optimal-old-noisy/30/ferry_noisy_p02_hyp-2_30_1.tar.bz2:0.740345001221:0.05628131:0.74
> 0:False:13,16:4602,780
> 1:True:12,13:4602,780
> 2:False:15,17:4602,780
> 3:False:15,18:4602,780
> 4:False:17,19:4602,780
> 5:False:17,20:4602,780
> 6:True:17,18:4602,780
> 7:False:15,17:4602,780
ferry-optimal-old-noisy/30/ferry_noisy_p02_hyp-2_30_2.tar.bz2:0.726761102676:0.05549275:0.72
> 0:False:13,17:4601,777
> 1:False:12,15:4601,777
> 2:False:15,18:4601,777
> 3:False:15,18:4601,777
> 4:False:17,21:4601,777
> 5:False:17,20:4601,777
> 6:True:17,19:4601,777
> 7:False:15,18:4601,777
ferry-optimal-old-noisy/30/ferry_noisy_p02_hyp-2_30_3.tar.bz2:0.709785938263:0.05262638:0.71
> 0:False:13,16:4601,777
> 1:False:12,15:4601,777
> 2:True:15,16:4601,777
> 3:False:15,17:4601,777
> 4:False:17,19:4601,777
> 5:True:17,18:4601,777
> 6:False:17,19:4601,777
> 7:False:15,17:4601,777
ferry-optimal-old-noisy/30/ferry_noisy_p02_hyp-3_30_1.tar.bz2:0.712187051773:0.05171943:0.72
> 0:False:13,17:4602,780
> 1:False:12,16:4602,780
> 2:False:15,18:4602,780
> 3:False:15,18:4602,780
> 4:False:17,21:4602,780
> 5:True:17,19:4602,780
> 6:False:17,20:4602,780
> 7:False:15,19:4602,780
ferry-optimal-old-noisy/30/ferry_noisy_p02_hyp-3_30_2.tar.bz2:0.736078977585:0.05949119:0.73
> 0:False:13,16:4603,783
> 1:False:12,18:4603,783
> 2:False:15,17:4603,783
> 3:False:15,17:4603,783
> 4:False:17,19:4603,783
> 5:True:17,18:4603,783
> 6:False:17,21:4603,783
> 7:False:15,19:4603,783
ferry-optimal-old-noisy/30/ferry_noisy_p02_hyp-3_30_3.tar.bz2:0.715491056442:0.05404978:0.72
> 0:False:13,17:4602,780
> 1:False:12,16:4602,780
> 2:False:15,18:4602,780
> 3:False:15,19:4602,780
> 4:False:17,21:4602,780
> 5:False:17,21:4602,780
> 6:True:17,19:4602,780
> 7:False:15,18:4602,780
ferry-optimal-old-noisy/30/ferry_noisy_p02_hyp-4_30_1.tar.bz2:0.73605799675:0.05731645:0.74
> 0:False:13,17:4603,783
> 1:False:12,16:4603,783
> 2:False:15,18:4603,783
> 3:True:15,17:4603,783
> 4:False:17,20:4603,783
> 5:True:17,19:4603,783
> 6:False:17,20:4603,783
> 7:False:15,19:4603,783
ferry-optimal-old-noisy/30/ferry_noisy_p02_hyp-4_30_2.tar.bz2:0.718976020813:0.05113921:0.72
> 0:True:13,16:4602,780
> 1:False:12,17:4602,780
> 2:True:15,18:4602,780
> 3:True:15,18:4602,780
> 4:False:17,21:4602,780
> 5:False:17,21:4602,780
> 6:False:17,21:4602,780
> 7:False:15,20:4602,780
ferry-optimal-old-noisy/30/ferry_noisy_p02_hyp-4_30_3.tar.bz2:0.717289924622:0.04675154:0.72
> 0:False:13,19:4603,783
> 1:False:12,18:4603,783
> 2:False:15,19:4603,783
> 3:True:15,17:4603,783
> 4:False:17,21:4603,783
> 5:False:17,20:4603,783
> 6:False:17,21:4603,783
> 7:False:15,18:4603,783
ferry-optimal-old-noisy/30/ferry_noisy_p03_hyp-1_30_1.tar.bz2:0.410930871964:0.02026492:0.42
> 0:True:14,16:1760,451
> 1:True:14,16:1760,451
> 2:False:14,17:1760,451
> 3:False:14,17:1760,451
> 4:False:14,18:1760,451
ferry-optimal-old-noisy/30/ferry_noisy_p03_hyp-1_30_2.tar.bz2:0.409770965576:0.01813178:0.4
> 2:False:14,17:1761,454
> 3:True:14,16:1761,454
> 4:True:14,16:1761,454
ferry-optimal-old-noisy/30/ferry_noisy_p03_hyp-1_30_3.tar.bz2:0.39823102951:0.01908913:0.41
> 0:True:14,18:1759,448
> 1:True:14,18:1759,448
> 2:True:14,18:1759,448
> 3:True:14,18:1759,448
> 4:True:14,18:1759,448
ferry-optimal-old-noisy/30/ferry_noisy_p03_hyp-2_30_1.tar.bz2:0.406336069107:0.01888244:0.41
> 0:True:14,14:1759,448
> 1:True:14,14:1759,448
> 2:False:14,16:1759,448
> 3:False:14,15:1759,448
> 4:False:14,17:1759,448
ferry-optimal-old-noisy/30/ferry_noisy_p03_hyp-2_30_2.tar.bz2:0.409083127975:0.01952982:0.4
> 0:False:14,16:1760,451
> 1:True:14,15:1760,451
> 2:True:14,15:1760,451
> 3:False:14,16:1760,451
> 4:False:14,16:1760,451
ferry-optimal-old-noisy/30/ferry_noisy_p03_hyp-2_30_3.tar.bz2:0.416450977325:0.02109693:0.42
> 0:True:14,16:1759,448
> 1:True:14,16:1759,448
> 2:False:14,17:1759,448
> 3:True:14,16:1759,448
> 4:True:14,16:1759,448
ferry-optimal-old-noisy/30/ferry_noisy_p03_hyp-3_30_1.tar.bz2:0.40083193779:0.01956542:0.41
> 0:True:14,15:1758,445
> 1:False:14,16:1758,445
> 2:False:14,17:1758,445
> 3:True:14,15:1758,445
> 4:True:14,15:1758,445
ferry-optimal-old-noisy/30/ferry_noisy_p03_hyp-3_30_2.tar.bz2:0.400905132294:0.01950694:0.4
> 0:False:14,17:1759,448
> 1:True:14,16:1759,448
> 2:True:14,16:1759,448
> 3:False:14,17:1759,448
> 4:False:14,17:1759,448
ferry-optimal-old-noisy/30/ferry_noisy_p03_hyp-3_30_3.tar.bz2:0.404032945633:0.02396333:0.4
> 0:False:14,17:1759,448
> 1:False:14,17:1759,448
> 2:True:14,16:1759,448
> 3:True:14,16:1759,448
> 4:False:14,17:1759,448
ferry-optimal-old-noisy/30/ferry_noisy_p03_hyp-4_30_1.tar.bz2:0.408952951431:0.02198429:0.41
> 0:False:14,18:1759,448
> 1:True:14,17:1759,448
> 2:True:14,17:1759,448
> 3:True:14,17:1759,448
> 4:True:14,17:1759,448
ferry-optimal-old-noisy/30/ferry_noisy_p03_hyp-4_30_2.tar.bz2:0.409467935562:0.02002539:0.41
> 0:True:14,16:1759,448
> 1:True:14,16:1759,448
> 2:True:14,16:1759,448
> 3:True:14,16:1759,448
> 4:True:14,16:1759,448
ferry-optimal-old-noisy/30/ferry_noisy_p03_hyp-4_30_3.tar.bz2:0.403560161591:0.02021758:0.4
> 0:False:14,16:1760,451
> 1:True:14,15:1760,451
> 2:True:14,15:1760,451
> 3:True:14,15:1760,451
> 4:True:14,15:1760,451
ferry-optimal-old-noisy/50/ferry_noisy_p00_hyp-1_50_1.tar.bz2:0.495254039764:0.0232984:0.5
> 0:True:14,15:1894,460
> 1:False:12,16:1894,460
> 2:False:10,14:1894,460
> 3:False:10,14:1894,460
> 4:False:10,13:1894,460
> 5:False:12,17:1894,460
ferry-optimal-old-noisy/50/ferry_noisy_p00_hyp-1_50_2.tar.bz2:0.506595134735:0.02639634:0.51
> 0:True:14,15:1894,460
> 1:False:12,17:1894,460
> 2:False:10,14:1894,460
> 3:False:10,14:1894,460
> 4:False:10,12:1894,460
> 5:False:12,16:1894,460
ferry-optimal-old-noisy/50/ferry_noisy_p00_hyp-1_50_3.tar.bz2:0.501893997192:0.03005999:0.5
> 0:True:14,14:1894,460
> 1:False:12,15:1894,460
> 2:False:10,14:1894,460
> 3:False:10,14:1894,460
> 4:False:10,12:1894,460
> 5:False:12,16:1894,460
ferry-optimal-old-noisy/50/ferry_noisy_p00_hyp-2_50_1.tar.bz2:0.494057178497:0.02690865:0.5
> 0:False:14,18:1894,460
> 1:True:12,13:1894,460
> 2:False:10,14:1894,460
> 3:False:10,14:1894,460
> 4:False:10,13:1894,460
> 5:False:12,14:1894,460
ferry-optimal-old-noisy/50/ferry_noisy_p00_hyp-2_50_2.tar.bz2:0.49067902565:0.02489724:0.48
> 0:True:14,15:1894,460
> 1:True:12,13:1894,460
> 2:False:10,14:1894,460
> 3:False:10,13:1894,460
> 4:False:10,12:1894,460
> 5:False:12,15:1894,460
ferry-optimal-old-noisy/50/ferry_noisy_p00_hyp-2_50_3.tar.bz2:0.499705076218:0.02779084:0.5
> 0:False:14,18:1894,460
> 1:True:12,14:1894,460
> 2:False:10,15:1894,460
> 3:False:10,14:1894,460
> 4:False:10,15:1894,460
> 5:True:12,14:1894,460
ferry-optimal-old-noisy/50/ferry_noisy_p00_hyp-3_50_1.tar.bz2:0.509371995926:0.02470859:0.52
> 1:False:12,15:1892,454
> 2:False:10,15:1892,454
> 4:False:10,15:1892,454
> 5:True:12,14:1892,454
ferry-optimal-old-noisy/50/ferry_noisy_p00_hyp-3_50_2.tar.bz2:0.500838041306:0.02502661:0.5
> 0:True:14,14:1893,457
> 1:False:12,13:1893,457
> 2:False:10,13:1893,457
> 3:False:10,12:1893,457
> 4:True:10,10:1893,457
> 5:False:12,15:1893,457
ferry-optimal-old-noisy/50/ferry_noisy_p00_hyp-3_50_3.tar.bz2:0.505996227264:0.02487738:0.51
> 0:False:14,18:1892,454
> 1:False:12,15:1892,454
> 2:False:10,14:1892,454
> 3:True:10,12:1892,454
> 4:False:10,14:1892,454
> 5:False:12,15:1892,454
ferry-optimal-old-noisy/50/ferry_noisy_p00_hyp-4_50_1.tar.bz2:0.483537912369:0.02238254:0.49
> 0:False:14,18:1893,457
> 1:False:12,16:1893,457
> 2:False:10,15:1893,457
> 3:False:10,14:1893,457
> 4:False:10,16:1893,457
> 5:True:12,14:1893,457
ferry-optimal-old-noisy/50/ferry_noisy_p00_hyp-4_50_2.tar.bz2:0.500862836838:0.02387885:0.51
> 0:False:14,19:1894,460
> 1:False:12,16:1894,460
> 2:False:10,13:1894,460
> 3:False:10,12:1894,460
> 4:False:10,15:1894,460
> 5:True:12,12:1894,460
ferry-optimal-old-noisy/50/ferry_noisy_p00_hyp-4_50_3.tar.bz2:0.490727901459:0.02512433:0.49
> 0:False:14,18:1893,457
> 1:False:12,15:1893,457
> 2:False:10,13:1893,457
> 3:False:10,13:1893,457
> 4:False:10,16:1893,457
> 5:True:12,13:1893,457
ferry-optimal-old-noisy/50/ferry_noisy_p02_hyp-1_50_1.tar.bz2:0.709032058716:0.054884:0.7
> 0:True:13,15:4606,792
> 1:False:12,16:4606,792
> 2:False:15,18:4606,792
> 3:False:15,18:4606,792
> 4:False:17,20:4606,792
> 5:False:17,20:4606,792
> 6:True:17,19:4606,792
> 7:False:15,18:4606,792
ferry-optimal-old-noisy/50/ferry_noisy_p02_hyp-1_50_2.tar.bz2:0.726986885071:0.05712838:0.73
> 0:True:13,16:4605,789
> 1:False:12,18:4605,789
> 2:False:15,20:4605,789
> 3:False:15,19:4605,789
> 4:False:17,21:4605,789
> 5:False:17,21:4605,789
> 6:False:17,22:4605,789
> 7:False:15,21:4605,789
ferry-optimal-old-noisy/50/ferry_noisy_p02_hyp-1_50_3.tar.bz2:0.709105014801:0.04886074:0.71
> 0:True:13,14:4605,789
> 1:False:12,18:4605,789
> 2:False:15,19:4605,789
> 3:False:15,20:4605,789
> 4:False:17,19:4605,789
> 5:False:17,21:4605,789
> 6:False:17,21:4605,789
> 7:False:15,19:4605,789
ferry-optimal-old-noisy/50/ferry_noisy_p02_hyp-2_50_1.tar.bz2:0.736020803452:0.05574118:0.73
> 0:False:13,17:4606,792
> 1:False:12,15:4606,792
> 2:False:15,18:4606,792
> 3:False:15,19:4606,792
> 4:False:17,22:4606,792
> 5:False:17,20:4606,792
> 6:True:17,19:4606,792
> 7:False:15,20:4606,792
ferry-optimal-old-noisy/50/ferry_noisy_p02_hyp-2_50_2.tar.bz2:0.732312917709:0.06027682:0.74
> 0:False:13,16:4606,792
> 1:False:12,15:4606,792
> 2:False:15,18:4606,792
> 3:False:15,20:4606,792
> 4:False:17,20:4606,792
> 5:False:17,21:4606,792
> 6:True:17,19:4606,792
> 7:False:15,19:4606,792
ferry-optimal-old-noisy/50/ferry_noisy_p02_hyp-2_50_3.tar.bz2:0.711863994598:0.05360793:0.71
> 0:False:13,18:4605,789
> 1:False:12,15:4605,789
> 2:True:15,17:4605,789
> 3:False:15,20:4605,789
> 4:False:17,21:4605,789
> 5:False:17,20:4605,789
> 6:True:17,19:4605,789
> 7:False:15,20:4605,789
ferry-optimal-old-noisy/50/ferry_noisy_p02_hyp-3_50_1.tar.bz2:0.690851926804:0.04932105:0.68
> 0:False:13,20:4607,795
> 1:False:12,20:4607,795
> 2:True:15,19:4607,795
> 3:False:15,21:4607,795
> 4:False:17,23:4607,795
> 5:False:17,23:4607,795
> 6:False:17,24:4607,795
> 7:False:15,23:4607,795
ferry-optimal-old-noisy/50/ferry_noisy_p02_hyp-3_50_2.tar.bz2:0.706957101822:0.05263125:0.71
> 0:False:13,20:4607,795
> 1:False:12,17:4607,795
> 2:True:15,19:4607,795
> 3:False:15,21:4607,795
> 4:False:17,23:4607,795
> 5:False:17,23:4607,795
> 6:True:17,21:4607,795
> 7:False:15,21:4607,795
ferry-optimal-old-noisy/50/ferry_noisy_p02_hyp-3_50_3.tar.bz2:0.726577043533:0.05237271:0.73
> 0:False:13,17:4607,795
> 1:False:12,18:4607,795
> 2:True:15,18:4607,795
> 3:False:15,19:4607,795
> 4:False:17,22:4607,795
> 5:False:17,21:4607,795
> 6:False:17,22:4607,795
> 7:False:15,21:4607,795
ferry-optimal-old-noisy/50/ferry_noisy_p02_hyp-4_50_1.tar.bz2:0.711666107178:0.05301325:0.71
> 0:False:13,19:4608,798
> 1:False:12,20:4608,798
> 2:False:15,22:4608,798
> 3:True:15,18:4608,798
> 4:False:17,24:4608,798
> 5:False:17,22:4608,798
> 6:False:17,23:4608,798
> 7:False:15,22:4608,798
ferry-optimal-old-noisy/50/ferry_noisy_p02_hyp-4_50_2.tar.bz2:0.722486019135:0.05503543:0.72
> 0:False:13,19:4607,795
> 1:False:12,21:4607,795
> 2:False:15,23:4607,795
> 3:True:15,17:4607,795
> 4:False:17,23:4607,795
> 5:False:17,21:4607,795
> 6:False:17,23:4607,795
> 7:False:15,21:4607,795
ferry-optimal-old-noisy/50/ferry_noisy_p02_hyp-4_50_3.tar.bz2:0.727488994598:0.05499919:0.73
> 0:False:13,19:4607,795
> 1:False:12,18:4607,795
> 2:True:15,19:4607,795
> 3:True:15,19:4607,795
> 4:False:17,22:4607,795
> 5:False:17,22:4607,795
> 6:True:17,21:4607,795
> 7:False:15,20:4607,795
ferry-optimal-old-noisy/50/ferry_noisy_p03_hyp-1_50_1.tar.bz2:0.398913145065:0.01609044:0.41
> 4:True:14,18:1765,466
ferry-optimal-old-noisy/50/ferry_noisy_p03_hyp-1_50_2.tar.bz2:0.413602113724:0.02372683:0.41
> 0:True:14,17:1765,466
> 1:True:14,17:1765,466
> 2:False:14,19:1765,466
> 3:False:14,18:1765,466
> 4:False:14,20:1765,466
ferry-optimal-old-noisy/50/ferry_noisy_p03_hyp-1_50_3.tar.bz2:0.389551877975:0.0209705:0.39
> 0:True:14,16:1765,466
> 1:False:14,17:1765,466
> 2:False:14,18:1765,466
> 3:True:14,16:1765,466
> 4:True:14,16:1765,466
ferry-optimal-old-noisy/50/ferry_noisy_p03_hyp-2_50_1.tar.bz2:0.417365074158:0.02172135:0.41
> 0:True:14,15:1764,463
> 1:True:14,15:1764,463
> 2:False:14,17:1764,463
> 3:False:14,16:1764,463
> 4:False:14,17:1764,463
ferry-optimal-old-noisy/50/ferry_noisy_p03_hyp-2_50_2.tar.bz2:0.406553983688:0.01914115:0.41
> 0:False:14,17:1762,457
> 1:True:14,16:1762,457
> 2:True:14,16:1762,457
> 3:False:14,17:1762,457
> 4:False:14,18:1762,457
ferry-optimal-old-noisy/50/ferry_noisy_p03_hyp-2_50_3.tar.bz2:0.409535884857:0.01947926:0.4
> 0:False:14,17:1763,460
> 1:True:14,16:1763,460
> 2:False:14,17:1763,460
> 3:False:14,18:1763,460
> 4:False:14,18:1763,460
ferry-optimal-old-noisy/50/ferry_noisy_p03_hyp-3_50_1.tar.bz2:0.404917955399:0.01868263:0.4
> 0:False:14,17:1763,460
> 1:True:14,15:1763,460
ferry-optimal-old-noisy/50/ferry_noisy_p03_hyp-3_50_2.tar.bz2:0.402456998825:0.01734444:0.4
> 0:False:14,17:1763,460
> 1:False:14,17:1763,460
> 3:True:14,16:1763,460
ferry-optimal-old-noisy/50/ferry_noisy_p03_hyp-3_50_3.tar.bz2:0.409425020218:0.02064981:0.41
> 0:False:14,18:1764,463
> 1:False:14,17:1764,463
> 2:True:14,15:1764,463
> 3:False:14,17:1764,463
> 4:False:14,18:1764,463
ferry-optimal-old-noisy/50/ferry_noisy_p03_hyp-4_50_1.tar.bz2:0.414391994476:0.02038502:0.41
> 0:True:14,15:1763,460
> 1:False:14,16:1763,460
> 2:False:14,19:1763,460
> 3:False:14,17:1763,460
> 4:False:14,18:1763,460
ferry-optimal-old-noisy/50/ferry_noisy_p03_hyp-4_50_2.tar.bz2:0.414129972458:0.02118737:0.41
> 0:False:14,18:1762,457
> 1:True:14,16:1762,457
> 2:True:14,16:1762,457
> 3:False:14,17:1762,457
> 4:False:14,18:1762,457
ferry-optimal-old-noisy/50/ferry_noisy_p03_hyp-4_50_3.tar.bz2:0.411923885345:0.01857627:0.4
> 0:True:14,16:1763,460
> 1:True:14,16:1763,460
> 2:False:14,18:1763,460
> 3:False:14,17:1763,460
> 4:False:14,18:1763,460
ferry-optimal-old-noisy/70/ferry_noisy_p00_hyp-1_70_1.tar.bz2:0.495450973511:0.02366166:0.5
> 0:True:14,16:1898,472
> 1:False:12,19:1898,472
> 2:False:10,17:1898,472
> 3:False:10,18:1898,472
> 4:False:10,15:1898,472
> 5:False:12,20:1898,472
ferry-optimal-old-noisy/70/ferry_noisy_p00_hyp-1_70_2.tar.bz2:0.495328903198:0.02860924:0.5
> 0:True:14,17:1899,475
> 1:False:12,20:1899,475
> 2:False:10,16:1899,475
> 3:False:10,18:1899,475
> 4:False:10,17:1899,475
> 5:False:12,20:1899,475
ferry-optimal-old-noisy/70/ferry_noisy_p00_hyp-1_70_3.tar.bz2:0.490478992462:0.02297923:0.5
> 1:True:12,19:1899,475
> 2:True:10,17:1899,475
> 5:False:12,20:1899,475
ferry-optimal-old-noisy/70/ferry_noisy_p00_hyp-2_70_1.tar.bz2:0.509472131729:0.02491779:0.51
> 0:True:14,20:1896,466
> 2:False:10,18:1896,466
> 3:True:10,16:1896,466
> 5:True:12,18:1896,466
ferry-optimal-old-noisy/70/ferry_noisy_p00_hyp-2_70_2.tar.bz2:0.494323015213:0.0252711:0.5
> 0:False:14,17:1897,469
> 1:True:12,13:1897,469
> 2:False:10,15:1897,469
> 3:False:10,13:1897,469
> 4:False:10,14:1897,469
> 5:False:12,15:1897,469
ferry-optimal-old-noisy/70/ferry_noisy_p00_hyp-2_70_3.tar.bz2:0.49381685257:0.02833746:0.5
> 0:False:14,17:1898,472
> 1:True:12,14:1898,472
> 2:False:10,17:1898,472
> 3:False:10,15:1898,472
> 4:False:10,14:1898,472
> 5:False:12,17:1898,472
ferry-optimal-old-noisy/70/ferry_noisy_p00_hyp-3_70_1.tar.bz2:0.506314992905:0.02882457:0.51
> 0:False:14,18:1896,466
> 1:False:12,15:1896,466
> 2:False:10,16:1896,466
> 3:True:10,11:1896,466
> 4:False:10,16:1896,466
> 5:False:12,15:1896,466
ferry-optimal-old-noisy/70/ferry_noisy_p00_hyp-3_70_2.tar.bz2:0.489838123322:0.02225952:0.5
> 0:False:14,17:1894,460
> 1:False:12,16:1894,460
> 2:False:10,15:1894,460
> 3:True:10,12:1894,460
> 4:False:10,15:1894,460
> 5:False:12,16:1894,460
ferry-optimal-old-noisy/70/ferry_noisy_p00_hyp-3_70_3.tar.bz2:0.496841192245:0.02456637:0.5
> 0:False:14,19:1894,460
> 1:False:12,15:1894,460
> 2:False:10,14:1894,460
> 3:True:10,12:1894,460
> 4:False:10,15:1894,460
> 5:True:12,14:1894,460
ferry-optimal-old-noisy/70/ferry_noisy_p00_hyp-4_70_1.tar.bz2:0.509384870529:0.03064374:0.51
> 0:True:14,22:1898,472
> 2:True:10,18:1898,472
> 4:False:10,19:1898,472
ferry-optimal-old-noisy/70/ferry_noisy_p00_hyp-4_70_2.tar.bz2:0.489776134491:0.02313102:0.48
> 0:False:14,22:1897,469
> 1:False:12,18:1897,469
> 2:False:10,18:1897,469
> 3:False:10,17:1897,469
> 4:False:10,20:1897,469
> 5:True:12,17:1897,469
ferry-optimal-old-noisy/70/ferry_noisy_p00_hyp-4_70_3.tar.bz2:0.488701105118:0.02757445:0.5
> 0:False:14,20:1896,466
> 1:False:12,17:1896,466
> 2:False:10,16:1896,466
> 3:False:10,16:1896,466
> 4:False:10,18:1896,466
> 5:True:12,16:1896,466
ferry-optimal-old-noisy/70/ferry_noisy_p02_hyp-1_70_1.tar.bz2:0.710121870041:0.04969055:0.71
> 0:True:13,16:4611,807
> 1:False:12,20:4611,807
> 2:False:15,21:4611,807
> 3:False:15,24:4611,807
> 4:False:17,23:4611,807
> 5:False:17,25:4611,807
> 6:False:17,24:4611,807
> 7:False:15,24:4611,807
ferry-optimal-old-noisy/70/ferry_noisy_p02_hyp-1_70_2.tar.bz2:0.709294080734:0.05224319:0.71
> 0:True:13,15:4610,804
> 1:False:12,20:4610,804
> 2:False:15,21:4610,804
> 3:False:15,20:4610,804
> 4:True:17,19:4610,804
> 5:False:17,22:4610,804
> 6:False:17,22:4610,804
> 7:False:15,21:4610,804
ferry-optimal-old-noisy/70/ferry_noisy_p02_hyp-1_70_3.tar.bz2:0.711009979248:0.0510015:0.72
> 0:True:13,17:4610,804
> 1:False:12,19:4610,804
> 2:False:15,22:4610,804
> 3:False:15,21:4610,804
> 4:False:17,22:4610,804
> 5:False:17,23:4610,804
> 6:False:17,23:4610,804
> 7:False:15,24:4610,804
ferry-optimal-old-noisy/70/ferry_noisy_p02_hyp-2_70_1.tar.bz2:0.721371173859:0.05160809:0.71
> 0:False:13,21:4608,798
> 1:False:12,18:4608,798
> 2:False:15,23:4608,798
> 3:False:15,23:4608,798
> 4:False:17,26:4608,798
> 5:False:17,24:4608,798
> 6:True:17,22:4608,798
> 7:False:15,23:4608,798
ferry-optimal-old-noisy/70/ferry_noisy_p02_hyp-2_70_2.tar.bz2:0.721343994141:0.05372865:0.71
> 0:False:13,22:4610,804
> 1:False:12,17:4610,804
> 2:False:15,22:4610,804
> 3:False:15,24:4610,804
> 4:False:17,26:4610,804
> 5:False:17,24:4610,804
> 6:True:17,20:4610,804
> 7:False:15,21:4610,804
ferry-optimal-old-noisy/70/ferry_noisy_p02_hyp-2_70_3.tar.bz2:0.721286058426:0.05642668:0.72
> 0:False:13,21:4609,801
> 1:False:12,16:4609,801
> 2:False:15,20:4609,801
> 3:False:15,23:4609,801
> 4:False:17,25:4609,801
> 5:False:17,24:4609,801
> 6:True:17,20:4609,801
> 7:False:15,21:4609,801
ferry-optimal-old-noisy/70/ferry_noisy_p02_hyp-3_70_1.tar.bz2:0.686406850815:0.04639234:0.68
> 0:False:13,20:4610,804
> 1:False:12,17:4610,804
> 2:True:15,18:4610,804
> 3:False:15,23:4610,804
> 4:False:17,23:4610,804
> 5:False:17,22:4610,804
> 6:False:17,22:4610,804
> 7:False:15,23:4610,804
ferry-optimal-old-noisy/70/ferry_noisy_p02_hyp-3_70_2.tar.bz2:0.705807924271:0.05085381:0.71
> 0:False:13,21:4611,807
> 4:False:17,25:4611,807
> 5:True:17,23:4611,807
ferry-optimal-old-noisy/70/ferry_noisy_p02_hyp-3_70_3.tar.bz2:0.72402215004:0.05205652:0.72
> 0:False:13,21:4611,807
> 1:False:12,20:4611,807
> 2:True:15,18:4611,807
> 3:False:15,21:4611,807
> 4:False:17,25:4611,807
> 5:False:17,24:4611,807
> 6:False:17,24:4611,807
> 7:False:15,23:4611,807
ferry-optimal-old-noisy/70/ferry_noisy_p02_hyp-4_70_1.tar.bz2:0.714438915253:0.0529135:0.71
> 0:False:13,21:4611,807
> 1:False:12,22:4611,807
> 2:False:15,22:4611,807
> 4:False:17,23:4611,807
> 6:True:17,22:4611,807
> 7:False:15,21:4611,807
ferry-optimal-old-noisy/70/ferry_noisy_p02_hyp-4_70_2.tar.bz2:0.72154712677:0.05329051:0.73
> 0:False:13,22:4611,807
> 1:False:12,21:4611,807
> 2:False:15,22:4611,807
> 3:True:15,19:4611,807
> 4:False:17,23:4611,807
> 5:False:17,23:4611,807
> 6:False:17,22:4611,807
> 7:False:15,22:4611,807
ferry-optimal-old-noisy/70/ferry_noisy_p02_hyp-4_70_3.tar.bz2:0.705934047699:0.05798199:0.7
> 0:False:13,22:4612,810
> 1:False:12,22:4612,810
> 2:False:15,21:4612,810
> 3:True:15,17:4612,810
> 4:False:17,24:4612,810
> 5:False:17,22:4612,810
> 6:False:17,23:4612,810
> 7:False:15,20:4612,810
ferry-optimal-old-noisy/70/ferry_noisy_p03_hyp-1_70_1.tar.bz2:0.428560018539:0.02287139:0.43
> 2:False:14,21:1769,478
> 4:True:14,20:1769,478
ferry-optimal-old-noisy/70/ferry_noisy_p03_hyp-1_70_2.tar.bz2:0.412089824677:0.02065668:0.41
> 0:True:14,19:1767,472
> 1:False:14,20:1767,472
> 2:False:14,23:1767,472
> 3:False:14,20:1767,472
> 4:False:14,22:1767,472
ferry-optimal-old-noisy/70/ferry_noisy_p03_hyp-1_70_3.tar.bz2:0.410290002823:0.0194213:0.41
> 2:False:14,21:1768,475
> 4:True:14,19:1768,475
ferry-optimal-old-noisy/70/ferry_noisy_p03_hyp-2_70_1.tar.bz2:0.408145904541:0.02435154:0.4
> 0:False:14,19:1767,472
> 1:True:14,18:1767,472
> 2:False:14,20:1767,472
> 3:True:14,18:1767,472
> 4:False:14,20:1767,472
ferry-optimal-old-noisy/70/ferry_noisy_p03_hyp-2_70_2.tar.bz2:0.416015863419:0.02201131:0.41
> 2:True:14,20:1765,466
> 4:False:14,21:1765,466
ferry-optimal-old-noisy/70/ferry_noisy_p03_hyp-2_70_3.tar.bz2:0.408475875854:0.01627099:0.41
> 2:True:14,18:1768,475
> 4:False:14,19:1768,475
ferry-optimal-old-noisy/70/ferry_noisy_p03_hyp-3_70_1.tar.bz2:0.416762113571:0.0225263:0.42
> 0:False:14,19:1768,475
> 1:False:14,17:1768,475
> 2:True:14,15:1768,475
> 3:False:14,17:1768,475
> 4:False:14,17:1768,475
ferry-optimal-old-noisy/70/ferry_noisy_p03_hyp-3_70_2.tar.bz2:0.419375896454:0.02335073:0.41
> 0:False:14,18:1769,478
> 1:False:14,18:1769,478
> 2:True:14,16:1769,478
> 3:False:14,17:1769,478
> 4:False:14,18:1769,478
ferry-optimal-old-noisy/70/ferry_noisy_p03_hyp-3_70_3.tar.bz2:0.431088924408:0.02469691:0.44
> 0:False:14,21:1767,472
> 1:True:14,20:1767,472
ferry-optimal-old-noisy/70/ferry_noisy_p03_hyp-4_70_1.tar.bz2:0.422036170959:0.02440019:0.42
> 0:False:14,17:1768,475
> 1:True:14,16:1768,475
> 2:False:14,17:1768,475
> 3:False:14,18:1768,475
> 4:False:14,17:1768,475
ferry-optimal-old-noisy/70/ferry_noisy_p03_hyp-4_70_2.tar.bz2:0.413753032684:0.01986276:0.41
> 0:False:14,19:1768,475
> 1:True:14,17:1768,475
> 2:False:14,19:1768,475
> 3:False:14,19:1768,475
> 4:False:14,19:1768,475
ferry-optimal-old-noisy/70/ferry_noisy_p03_hyp-4_70_3.tar.bz2:0.412494182587:0.02165124:0.41
> 0:False:14,17:1768,475
> 1:True:14,16:1768,475
> 2:False:14,19:1768,475
> 3:False:14,18:1768,475
> 4:False:14,20:1768,475
ferry-optimal-old-noisy/100/ferry_noisy_p00_hyp-1_full_1.tar.bz2:0.503514051437:0.029541:0.51
> 1:True:12,19:1904,490
> 2:False:10,19:1904,490
> 3:False:10,20:1904,490
> 4:True:10,17:1904,490
> 5:False:12,21:1904,490
ferry-optimal-old-noisy/100/ferry_noisy_p00_hyp-1_full_2.tar.bz2:0.500367879868:0.02915754:0.5
> 1:True:12,21:1904,490
> 2:True:10,19:1904,490
> 3:False:10,20:1904,490
> 4:True:10,19:1904,490
> 5:False:12,22:1904,490
ferry-optimal-old-noisy/100/ferry_noisy_p00_hyp-1_full_3.tar.bz2:0.483659982681:0.02466208:0.48
> 0:True:14,17:1903,487
> 1:False:12,20:1903,487
> 2:False:10,19:1903,487
> 3:False:10,20:1903,487
> 4:False:10,18:1903,487
> 5:False:12,21:1903,487
ferry-optimal-old-noisy/100/ferry_noisy_p00_hyp-2_full_1.tar.bz2:0.494878053665:0.02972428:0.49
> 0:False:14,21:1901,481
> 1:True:12,15:1901,481
> 2:False:10,18:1901,481
> 3:False:10,16:1901,481
> 4:False:10,18:1901,481
> 5:False:12,16:1901,481
ferry-optimal-old-noisy/100/ferry_noisy_p00_hyp-2_full_2.tar.bz2:0.510720968246:0.02835672:0.51
> 0:False:14,20:1900,478
> 2:False:10,19:1900,478
> 3:False:10,16:1900,478
> 5:True:12,17:1900,478
ferry-optimal-old-noisy/100/ferry_noisy_p00_hyp-2_full_3.tar.bz2:0.511497974396:0.02922537:0.5
> 0:False:14,21:1901,481
> 1:True:12,15:1901,481
> 2:False:10,20:1901,481
> 3:False:10,17:1901,481
> 4:False:10,18:1901,481
> 5:False:12,18:1901,481
ferry-optimal-old-noisy/100/ferry_noisy_p00_hyp-3_full_1.tar.bz2:0.499005794525:0.02319196:0.5
> 1:True:12,16:1899,475
> 2:False:10,17:1899,475
> 4:False:10,17:1899,475
> 5:True:12,16:1899,475
ferry-optimal-old-noisy/100/ferry_noisy_p00_hyp-3_full_2.tar.bz2:0.491715192795:0.02535203:0.49
> 0:False:14,20:1899,475
> 1:False:12,17:1899,475
> 2:False:10,18:1899,475
> 3:True:10,13:1899,475
> 4:False:10,18:1899,475
> 5:False:12,17:1899,475
ferry-optimal-old-noisy/100/ferry_noisy_p00_hyp-3_full_3.tar.bz2:0.504341840744:0.02664451:0.51
> 0:False:14,19:1898,472
> 1:False:12,17:1898,472
> 2:False:10,17:1898,472
> 3:True:10,13:1898,472
> 4:False:10,18:1898,472
> 5:False:12,17:1898,472
ferry-optimal-old-noisy/100/ferry_noisy_p00_hyp-4_full_1.tar.bz2:0.508974075317:0.02636675:0.51
> 0:False:14,24:1901,481
> 1:False:12,20:1901,481
> 2:False:10,19:1901,481
> 3:False:10,19:1901,481
> 4:False:10,22:1901,481
> 5:True:12,17:1901,481
ferry-optimal-old-noisy/100/ferry_noisy_p00_hyp-4_full_2.tar.bz2:0.499579191208:0.02587626:0.5
> 0:False:14,23:1902,484
> 2:True:10,18:1902,484
> 4:False:10,21:1902,484
ferry-optimal-old-noisy/100/ferry_noisy_p00_hyp-4_full_3.tar.bz2:0.497307062149:0.02735183:0.49
> 0:False:14,24:1902,484
> 1:False:12,20:1902,484
> 2:False:10,19:1902,484
> 3:False:10,20:1902,484
> 4:False:10,21:1902,484
> 5:True:12,18:1902,484
ferry-optimal-old-noisy/100/ferry_noisy_p02_hyp-1_full_1.tar.bz2:0.730580091476:0.05392515:0.73
> 0:True:13,19:4615,819
> 1:False:12,25:4615,819
> 2:False:15,25:4615,819
> 3:False:15,26:4615,819
> 4:False:17,26:4615,819
> 5:False:17,27:4615,819
> 6:False:17,28:4615,819
> 7:False:15,28:4615,819
ferry-optimal-old-noisy/100/ferry_noisy_p02_hyp-1_full_2.tar.bz2:0.709712028503:0.04702491:0.72
> 0:True:13,19:4615,819
> 1:False:12,23:4615,819
> 2:False:15,23:4615,819
> 3:False:15,26:4615,819
> 4:False:17,26:4615,819
> 5:False:17,27:4615,819
> 6:False:17,26:4615,819
> 7:False:15,27:4615,819
ferry-optimal-old-noisy/100/ferry_noisy_p02_hyp-1_full_3.tar.bz2:0.724035978317:0.04840113:0.73
> 1:False:12,24:4615,819
> 6:True:17,26:4615,819
> 7:False:15,26:4615,819
ferry-optimal-old-noisy/100/ferry_noisy_p02_hyp-2_full_1.tar.bz2:0.726258039474:0.05679394:0.73
> 0:False:13,26:4614,816
> 3:False:15,28:4614,816
> 4:False:17,29:4614,816
> 5:True:17,27:4614,816
ferry-optimal-old-noisy/100/ferry_noisy_p02_hyp-2_full_2.tar.bz2:0.709341049194:0.05065587:0.71
> 0:False:13,24:4614,816
> 1:True:12,19:4614,816
> 2:False:15,25:4614,816
> 3:False:15,28:4614,816
> 4:False:17,28:4614,816
> 5:False:17,28:4614,816
> 6:True:17,24:4614,816
> 7:False:15,27:4614,816
ferry-optimal-old-noisy/100/ferry_noisy_p02_hyp-2_full_3.tar.bz2:0.733729124069:0.05649722:0.73
> 0:False:13,23:4614,816
> 1:False:12,20:4614,816
> 2:False:15,25:4614,816
> 3:False:15,28:4614,816
> 4:False:17,28:4614,816
> 5:False:17,28:4614,816
> 6:True:17,24:4614,816
> 7:False:15,27:4614,816
ferry-optimal-old-noisy/100/ferry_noisy_p02_hyp-3_full_1.tar.bz2:0.707294225693:0.05434182:0.71
> 0:False:13,25:4617,825
> 1:False:12,24:4617,825
> 2:True:15,21:4617,825
> 3:False:15,25:4617,825
> 4:False:17,27:4617,825
> 5:False:17,25:4617,825
> 6:False:17,27:4617,825
> 7:False:15,26:4617,825
ferry-optimal-old-noisy/100/ferry_noisy_p02_hyp-3_full_2.tar.bz2:0.725320100784:0.05432768:0.73
> 0:False:13,24:4617,825
> 1:False:12,24:4617,825
> 4:False:17,27:4617,825
> 5:True:17,25:4617,825
> 6:False:17,27:4617,825
> 7:False:15,26:4617,825
ferry-optimal-old-noisy/100/ferry_noisy_p02_hyp-3_full_3.tar.bz2:0.722173929214:0.05442001:0.73
> 0:False:13,25:4617,825
> 1:False:12,24:4617,825
> 2:True:15,21:4617,825
> 3:False:15,25:4617,825
> 4:False:17,27:4617,825
> 5:False:17,26:4617,825
> 6:False:17,26:4617,825
> 7:False:15,27:4617,825
ferry-optimal-old-noisy/100/ferry_noisy_p02_hyp-4_full_1.tar.bz2:0.721179008484:0.05499405:0.72
> 0:False:13,25:4618,828
> 1:False:12,27:4618,828
> 2:False:15,26:4618,828
> 3:True:15,20:4618,828
> 4:False:17,27:4618,828
> 5:False:17,25:4618,828
> 6:False:17,27:4618,828
> 7:False:15,25:4618,828
ferry-optimal-old-noisy/100/ferry_noisy_p02_hyp-4_full_2.tar.bz2:0.725296974182:0.04902682:0.73
> 0:False:13,27:4618,828
> 1:False:12,27:4618,828
> 2:False:15,27:4618,828
> 3:True:15,21:4618,828
> 5:False:17,26:4618,828
> 6:False:17,27:4618,828
> 7:False:15,26:4618,828
ferry-optimal-old-noisy/100/ferry_noisy_p02_hyp-4_full_3.tar.bz2:0.716637849808:0.05325751:0.71
> 0:False:13,26:4618,828
> 1:False:12,27:4618,828
> 2:False:15,26:4618,828
> 3:True:15,20:4618,828
> 4:False:17,27:4618,828
> 5:False:17,24:4618,828
> 6:False:17,27:4618,828
> 7:False:15,24:4618,828
ferry-optimal-old-noisy/100/ferry_noisy_p03_hyp-1_full_1.tar.bz2:0.408313035965:0.02224239:0.4
> 1:True:14,22:1774,493
ferry-optimal-old-noisy/100/ferry_noisy_p03_hyp-1_full_2.tar.bz2:0.415461063385:0.01808531:0.41
> 0:True:14,21:1774,493
> 1:False:14,22:1774,493
> 2:False:14,23:1774,493
> 3:True:14,21:1774,493
> 4:False:14,22:1774,493
ferry-optimal-old-noisy/100/ferry_noisy_p03_hyp-1_full_3.tar.bz2:0.410789012909:0.02259394:0.41
> 0:True:14,21:1774,493
> 1:False:14,23:1774,493
> 2:False:14,26:1774,493
> 3:False:14,23:1774,493
> 4:False:14,24:1774,493
ferry-optimal-old-noisy/100/ferry_noisy_p03_hyp-2_full_1.tar.bz2:0.406773805618:0.02141336:0.42
> 0:False:14,21:1772,487
> 1:True:14,20:1772,487
> 2:False:14,22:1772,487
> 3:True:14,20:1772,487
> 4:False:14,22:1772,487
ferry-optimal-old-noisy/100/ferry_noisy_p03_hyp-2_full_2.tar.bz2:0.398205041885:0.02169826:0.4
> 0:False:14,21:1772,487
> 1:True:14,19:1772,487
> 2:False:14,22:1772,487
> 3:False:14,21:1772,487
> 4:False:14,23:1772,487
ferry-optimal-old-noisy/100/ferry_noisy_p03_hyp-2_full_3.tar.bz2:0.416987895966:0.02399056:0.41
> 0:False:14,21:1772,487
> 1:True:14,19:1772,487
> 2:False:14,22:1772,487
> 3:False:14,21:1772,487
> 4:False:14,23:1772,487
ferry-optimal-old-noisy/100/ferry_noisy_p03_hyp-3_full_1.tar.bz2:0.420329809189:0.02151423:0.43
> 0:False:14,25:1772,487
> 1:False:14,23:1772,487
> 2:True:14,20:1772,487
> 3:False:14,23:1772,487
> 4:False:14,23:1772,487
ferry-optimal-old-noisy/100/ferry_noisy_p03_hyp-3_full_2.tar.bz2:0.416332960129:0.02292589:0.42
> 0:False:14,25:1772,487
> 1:False:14,23:1772,487
> 2:True:14,20:1772,487
> 3:False:14,23:1772,487
> 4:False:14,23:1772,487
ferry-optimal-old-noisy/100/ferry_noisy_p03_hyp-3_full_3.tar.bz2:0.415733098984:0.02238983:0.41
> 0:True:14,25:1772,487
ferry-optimal-old-noisy/100/ferry_noisy_p03_hyp-4_full_1.tar.bz2:0.392230033875:0.0155517:0.39
> 0:True:14,22:1772,487
ferry-optimal-old-noisy/100/ferry_noisy_p03_hyp-4_full_2.tar.bz2:0.409548997879:0.02204667:0.4
> 0:False:14,22:1772,487
> 1:True:14,20:1772,487
> 2:False:14,22:1772,487
> 3:False:14,22:1772,487
> 4:False:14,23:1772,487
ferry-optimal-old-noisy/100/ferry_noisy_p03_hyp-4_full_3.tar.bz2:0.42862701416:0.02257103:0.43
> 0:False:14,22:1772,487
> 1:True:14,20:1772,487
> 2:False:14,22:1772,487
> 3:False:14,22:1772,487
> 4:False:14,24:1772,487
