ferry-optimal/10/ferry_p00_hyp-1_10_1.tar.bz2:0.5481071472167969:0.05242972:0.5500000000000114
> 0:True:14,14:1842,435,0
> 1:False:12,14:1842,435,0
> 2:False:10,11:1842,435,0
> 3:False:10,12:1842,435,0
> 4:True:10,10:1842,435,0
> 5:False:12,13:1842,435,0
ferry-optimal/10/ferry_p00_hyp-1_10_2.tar.bz2:0.5391983985900879:0.04953721:0.5400000000000205
> 0:True:14,14:1842,435,0
> 1:False:12,14:1842,435,0
> 2:False:10,12:1842,435,0
> 3:False:10,12:1842,435,0
> 4:True:10,10:1842,435,0
> 5:False:12,14:1842,435,0
ferry-optimal/10/ferry_p00_hyp-1_10_3.tar.bz2:0.5299887657165527:0.04728901:0.5299999999999727
> 0:True:14,15:1842,435,0
> 1:False:12,14:1842,435,0
> 2:True:10,11:1842,435,0
> 3:False:10,12:1842,435,0
> 4:True:10,11:1842,435,0
> 5:False:12,14:1842,435,0
ferry-optimal/10/ferry_p00_hyp-2_10_1.tar.bz2:0.5395848751068115:0.047714770000000004:0.5400000000000205
> 0:False:14,16:1842,435,0
> 1:True:12,12:1842,435,0
> 2:False:10,13:1842,435,0
> 3:True:10,10:1842,435,0
> 4:False:10,13:1842,435,0
> 5:True:12,12:1842,435,0
ferry-optimal/10/ferry_p00_hyp-2_10_2.tar.bz2:0.5456333160400391:0.046495419999999996:0.5500000000000114
> 0:False:14,15:1842,435,0
> 1:True:12,12:1842,435,0
> 2:False:10,11:1842,435,0
> 3:False:10,12:1842,435,0
> 4:False:10,12:1842,435,0
> 5:True:12,12:1842,435,0
ferry-optimal/10/ferry_p00_hyp-2_10_3.tar.bz2:0.5440051555633545:0.043785489999999996:0.5500000000000114
> 0:True:14,14:1842,435,0
> 1:True:12,12:1842,435,0
> 2:False:10,11:1842,435,0
> 3:False:10,11:1842,435,0
> 4:True:10,10:1842,435,0
> 5:False:12,13:1842,435,0
ferry-optimal/10/ferry_p00_hyp-3_10_1.tar.bz2:0.5412960052490234:0.048948229999999995:0.5399999999999636
> 0:True:14,14:1842,435,0
> 1:True:12,12:1842,435,0
> 2:True:10,10:1842,435,0
> 3:True:10,10:1842,435,0
> 4:True:10,10:1842,435,0
> 5:True:12,12:1842,435,0
ferry-optimal/10/ferry_p00_hyp-3_10_2.tar.bz2:0.5442519187927246:0.05437560999999999:0.5500000000000114
> 0:True:14,14:1842,435,0
> 1:True:12,12:1842,435,0
> 2:True:10,10:1842,435,0
> 3:True:10,10:1842,435,0
> 4:True:10,10:1842,435,0
> 5:True:12,12:1842,435,0
ferry-optimal/10/ferry_p00_hyp-3_10_3.tar.bz2:0.5507721900939941:0.04727109:0.5500000000000114
> 0:True:14,14:1842,435,0
> 1:True:12,12:1842,435,0
> 2:False:10,11:1842,435,0
> 3:True:10,10:1842,435,0
> 4:True:10,10:1842,435,0
> 5:False:12,13:1842,435,0
ferry-optimal/10/ferry_p00_hyp-4_10_1.tar.bz2:0.5315492153167725:0.04306133:0.5299999999999727
> 0:False:14,15:1842,435,0
> 1:True:12,12:1842,435,0
> 2:False:10,12:1842,435,0
> 3:True:10,10:1842,435,0
> 4:False:10,12:1842,435,0
> 5:True:12,12:1842,435,0
ferry-optimal/10/ferry_p00_hyp-4_10_2.tar.bz2:0.547060489654541:0.04646948:0.5399999999999636
> 0:True:14,14:1842,435,0
> 1:True:12,12:1842,435,0
> 2:True:10,10:1842,435,0
> 3:True:10,10:1842,435,0
> 4:True:10,10:1842,435,0
> 5:True:12,12:1842,435,0
ferry-optimal/10/ferry_p00_hyp-4_10_3.tar.bz2:0.5646352767944336:0.05734336000000001:0.5600000000000023
> 0:True:14,14:1842,435,0
> 1:True:12,12:1842,435,0
> 2:True:10,10:1842,435,0
> 3:True:10,10:1842,435,0
> 4:True:10,10:1842,435,0
> 5:True:12,12:1842,435,0
ferry-optimal/10/ferry_p02_hyp-1_10_1.tar.bz2:0.8101530075073242:0.11425149999999998:0.8099999999999454
> 0:True:13,13:4596,762,0
> 1:False:13,14:4596,762,0
> 2:True:15,15:4596,762,0
> 3:False:15,17:4596,762,0
> 4:False:17,18:4596,762,0
> 5:False:17,19:4596,762,0
> 6:False:17,18:4596,762,0
> 7:False:15,16:4596,762,0
ferry-optimal/10/ferry_p02_hyp-1_10_2.tar.bz2:0.8218874931335449:0.1138288:0.82000000000005
> 0:True:13,13:4596,762,0
> 1:True:13,13:4596,762,0
> 2:True:15,15:4596,762,0
> 3:False:15,16:4596,762,0
> 4:True:17,17:4596,762,0
> 5:True:17,17:4596,762,0
> 6:True:17,17:4596,762,0
> 7:False:15,16:4596,762,0
ferry-optimal/10/ferry_p02_hyp-1_10_3.tar.bz2:0.8145358562469482:0.11904819999999999:0.8100000000000023
> 0:True:13,13:4596,762,0
> 1:False:13,14:4596,762,0
> 2:False:15,17:4596,762,0
> 3:False:15,16:4596,762,0
> 4:False:17,18:4596,762,0
> 5:False:17,18:4596,762,0
> 6:False:17,18:4596,762,0
> 7:False:15,16:4596,762,0
ferry-optimal/10/ferry_p02_hyp-2_10_1.tar.bz2:0.8484077453613281:0.1400701:0.8400000000000318
> 0:False:13,15:4596,762,1
> 1:True:13,14:4596,762,1
> 2:False:15,17:4596,762,1
> 3:False:15,18:4596,762,1
> 4:False:17,19:4596,762,1
> 5:False:17,20:4596,762,1
> 6:True:17,18:4596,762,1
> 7:False:15,17:4596,762,1
ferry-optimal/10/ferry_p02_hyp-2_10_2.tar.bz2:0.8234460353851318:0.11314510000000001:0.8099999999999454
> 0:True:13,14:4596,762,1
> 1:True:13,14:4596,762,1
> 2:True:15,16:4596,762,1
> 3:False:15,17:4596,762,1
> 4:True:17,18:4596,762,1
> 5:True:17,18:4596,762,1
> 6:True:17,18:4596,762,1
> 7:False:15,17:4596,762,1
ferry-optimal/10/ferry_p02_hyp-2_10_3.tar.bz2:0.8353796005249023:0.12180440000000001:0.8299999999999841
> 0:False:13,14:4596,762,0
> 1:True:13,13:4596,762,0
> 2:False:15,16:4596,762,0
> 3:False:15,17:4596,762,0
> 4:False:17,18:4596,762,0
> 5:False:17,19:4596,762,0
> 6:True:17,17:4596,762,0
> 7:False:15,16:4596,762,0
ferry-optimal/10/ferry_p02_hyp-3_10_1.tar.bz2:0.8419804573059082:0.1260956:0.8400000000000318
> 0:False:13,15:4597,765,2
> 1:False:13,15:4597,765,2
> 2:True:15,16:4597,765,2
> 3:True:15,16:4597,765,2
> 4:True:17,18:4597,765,2
> 5:True:17,18:4597,765,1
> 6:False:17,19:4597,765,1
> 7:False:15,17:4597,765,2
ferry-optimal/10/ferry_p02_hyp-3_10_2.tar.bz2:0.820605993270874:0.1169719:0.8199999999999932
> 0:False:13,15:4597,765,0
> 1:False:13,14:4597,765,0
> 2:True:15,15:4597,765,0
> 3:False:15,17:4597,765,0
> 4:False:17,18:4597,765,0
> 5:True:17,17:4597,765,0
> 6:False:17,18:4597,765,0
> 7:False:15,17:4597,765,0
ferry-optimal/10/ferry_p02_hyp-3_10_3.tar.bz2:0.8246204853057861:0.1097406:0.8199999999999932
> 0:True:13,13:4597,765,0
> 1:True:13,13:4597,765,0
> 2:True:15,15:4597,765,0
> 3:False:15,16:4597,765,0
> 4:True:17,17:4597,765,0
> 5:True:17,17:4597,765,0
> 6:True:17,17:4597,765,0
> 7:False:15,16:4597,765,0
ferry-optimal/10/ferry_p02_hyp-4_10_1.tar.bz2:0.8426766395568848:0.1253054:0.8400000000000318
> 0:True:13,14:4597,765,2
> 1:False:13,15:4597,765,1
> 2:False:15,17:4597,765,2
> 3:True:15,16:4597,765,2
> 4:True:17,18:4597,765,2
> 5:True:17,18:4597,765,2
> 6:False:17,19:4597,765,1
> 7:False:15,18:4597,765,2
ferry-optimal/10/ferry_p02_hyp-4_10_2.tar.bz2:0.8319382667541504:0.11670190000000001:0.8299999999999841
> 0:True:13,14:4597,765,0
> 1:True:13,14:4597,765,0
> 2:True:15,16:4597,765,0
> 3:True:15,16:4597,765,0
> 4:True:17,18:4597,765,0
> 5:True:17,18:4597,765,0
> 6:True:17,18:4597,765,0
> 7:True:15,16:4597,765,0
ferry-optimal/10/ferry_p02_hyp-4_10_3.tar.bz2:0.8313231468200684:0.1201197:0.8299999999999841
> 0:False:13,17:4597,765,1
> 1:False:13,17:4597,765,1
> 2:False:15,19:4597,765,1
> 3:True:15,17:4597,765,1
> 4:False:17,20:4597,765,1
> 5:False:17,20:4597,765,1
> 6:False:17,20:4597,765,1
> 7:False:15,18:4597,765,1
ferry-optimal/10/ferry_p03_hyp-1_10_1.tar.bz2:0.44933271408081055:0.038880689999999996:0.4500000000000455
> 0:True:14,14:1755,436,0
> 1:True:14,14:1755,436,0
> 2:False:14,15:1755,436,0
> 3:True:14,14:1755,436,0
> 4:True:14,14:1755,436,0
ferry-optimal/10/ferry_p03_hyp-1_10_2.tar.bz2:0.46066808700561523:0.04077772:0.45999999999997954
> 0:True:14,14:1755,436,0
> 1:True:14,14:1755,436,0
> 2:True:14,14:1755,436,0
> 3:True:14,14:1755,436,0
> 4:True:14,14:1755,436,0
ferry-optimal/10/ferry_p03_hyp-1_10_3.tar.bz2:0.45314836502075195:0.04259158:0.44999999999998863
> 0:True:14,14:1755,436,0
> 1:True:14,14:1755,436,0
> 2:True:14,14:1755,436,0
> 3:True:14,14:1755,436,0
> 4:False:14,15:1755,436,0
ferry-optimal/10/ferry_p03_hyp-2_10_1.tar.bz2:0.44916725158691406:0.03840377:0.4500000000000455
> 0:True:14,14:1754,433,0
> 1:True:14,14:1754,433,0
> 2:True:14,14:1754,433,0
> 3:True:14,14:1754,433,0
> 4:True:14,14:1754,433,0
ferry-optimal/10/ferry_p03_hyp-2_10_2.tar.bz2:0.4378795623779297:0.03386297:0.4399999999999977
> 0:True:14,15:1754,433,0
> 1:True:14,15:1754,433,0
> 2:True:14,15:1754,433,0
> 3:True:14,15:1754,433,0
> 4:True:14,15:1754,433,0
ferry-optimal/10/ferry_p03_hyp-2_10_3.tar.bz2:0.4470820426940918:0.03847039:0.44999999999998863
> 0:True:14,14:1754,433,0
> 1:True:14,14:1754,433,0
> 2:True:14,14:1754,433,0
> 3:True:14,14:1754,433,0
> 4:True:14,14:1754,433,0
ferry-optimal/10/ferry_p03_hyp-3_10_1.tar.bz2:0.4540414810180664:0.03887774:0.45999999999997954
> 0:False:14,15:1754,433,0
> 1:True:14,14:1754,433,0
> 2:True:14,14:1754,433,0
> 3:False:14,15:1754,433,0
> 4:False:14,15:1754,433,0
ferry-optimal/10/ferry_p03_hyp-3_10_2.tar.bz2:0.43648386001586914:0.03929803:0.44000000000005457
> 0:True:14,14:1754,433,0
> 1:True:14,14:1754,433,0
> 2:True:14,14:1754,433,0
> 3:True:14,14:1754,433,0
> 4:True:14,14:1754,433,0
ferry-optimal/10/ferry_p03_hyp-3_10_3.tar.bz2:0.43137097358703613:0.03734784:0.4300000000000068
> 0:True:14,14:1754,433,0
> 1:True:14,14:1754,433,0
> 2:True:14,14:1754,433,0
> 3:True:14,14:1754,433,0
> 4:True:14,14:1754,433,0
ferry-optimal/10/ferry_p03_hyp-4_10_1.tar.bz2:0.4428989887237549:0.04124377:0.4399999999999977
> 0:False:14,15:1754,433,0
> 1:True:14,14:1754,433,0
> 2:True:14,14:1754,433,0
> 3:True:14,14:1754,433,0
> 4:True:14,14:1754,433,0
ferry-optimal/10/ferry_p03_hyp-4_10_2.tar.bz2:0.45205187797546387:0.03802991:0.44999999999998863
> 0:True:14,14:1754,433,0
> 1:True:14,14:1754,433,0
> 2:False:14,15:1754,433,0
> 3:False:14,15:1754,433,0
> 4:False:14,15:1754,433,0
ferry-optimal/10/ferry_p03_hyp-4_10_3.tar.bz2:0.4546957015991211:0.04056149:0.4600000000000364
> 0:True:14,14:1754,433,0
> 1:True:14,14:1754,433,0
> 2:True:14,14:1754,433,0
> 3:True:14,14:1754,433,0
> 4:True:14,14:1754,433,0
ferry-optimal/30/ferry_p00_hyp-1_30_1.tar.bz2:0.5351672172546387:0.05157983000000001:0.5299999999999727
> 0:True:14,15:1846,447,0
> 1:False:12,16:1846,447,0
> 2:False:10,16:1846,447,0
> 3:False:10,15:1846,447,0
> 4:False:10,16:1846,447,0
> 5:False:12,18:1846,447,0
ferry-optimal/30/ferry_p00_hyp-1_30_2.tar.bz2:0.5350296497344971:0.04963555:0.5400000000000205
> 0:True:14,16:1844,441,0
> 1:False:12,16:1844,441,0
> 2:True:10,12:1844,441,0
> 3:False:10,14:1844,441,0
> 4:True:10,12:1844,441,0
> 5:False:12,15:1844,441,0
ferry-optimal/30/ferry_p00_hyp-1_30_3.tar.bz2:0.55777907371521:0.05088648:0.5499999999999545
> 0:True:14,14:1846,447,0
> 1:False:12,16:1846,447,0
> 2:False:10,14:1846,447,0
> 3:False:10,15:1846,447,0
> 4:False:10,13:1846,447,0
> 5:False:12,17:1846,447,0
ferry-optimal/30/ferry_p00_hyp-2_30_1.tar.bz2:0.5743992328643799:0.054105549999999995:0.5799999999999841
> 0:True:14,17:1845,444,1
> 1:True:12,15:1845,444,1
> 2:False:10,14:1845,444,1
> 3:True:10,13:1845,444,1
> 4:False:10,14:1845,444,1
> 5:True:12,15:1845,444,1
ferry-optimal/30/ferry_p00_hyp-2_30_2.tar.bz2:0.5425829887390137:0.047688650000000006:0.5399999999999636
> 0:False:14,16:1845,444,0
> 1:True:12,13:1845,444,0
> 2:False:10,13:1845,444,0
> 3:False:10,13:1845,444,0
> 4:False:10,13:1845,444,0
> 5:False:12,14:1845,444,0
ferry-optimal/30/ferry_p00_hyp-2_30_3.tar.bz2:0.5406661033630371:0.046009930000000004:0.5399999999999636
> 0:False:14,15:1845,444,0
> 1:True:12,12:1845,444,0
> 2:False:10,12:1845,444,0
> 3:True:10,10:1845,444,0
> 4:False:10,12:1845,444,0
> 5:True:12,12:1845,444,0
ferry-optimal/30/ferry_p00_hyp-3_30_1.tar.bz2:0.5554108619689941:0.051230939999999996:0.5500000000000114
> 0:False:14,16:1843,438,0
> 1:False:12,14:1843,438,0
> 2:False:10,14:1843,438,0
> 3:True:10,11:1843,438,0
> 4:False:10,13:1843,438,0
> 5:False:12,15:1843,438,0
ferry-optimal/30/ferry_p00_hyp-3_30_2.tar.bz2:0.5490412712097168:0.04889347:0.5499999999999545
> 0:False:14,16:1844,441,0
> 1:True:12,13:1844,441,0
> 2:False:10,13:1844,441,0
> 3:True:10,11:1844,441,0
> 4:False:10,13:1844,441,0
> 5:True:12,13:1844,441,0
ferry-optimal/30/ferry_p00_hyp-3_30_3.tar.bz2:0.5318074226379395:0.04980752:0.5300000000000296
> 0:False:14,15:1844,441,0
> 1:False:12,13:1844,441,0
> 2:False:10,13:1844,441,0
> 3:True:10,10:1844,441,0
> 4:False:10,12:1844,441,0
> 5:False:12,14:1844,441,0
ferry-optimal/30/ferry_p00_hyp-4_30_1.tar.bz2:0.5450754165649414:0.05104765000000001:0.5499999999999545
> 0:False:14,18:1846,447,1
> 1:False:12,15:1846,447,1
> 2:False:10,15:1846,447,1
> 3:False:10,15:1846,447,1
> 4:False:10,16:1846,447,1
> 5:True:12,14:1846,447,1
ferry-optimal/30/ferry_p00_hyp-4_30_2.tar.bz2:0.5447938442230225:0.05050378:0.5500000000000114
> 0:False:14,17:1846,447,0
> 1:False:12,15:1846,447,0
> 2:False:10,12:1846,447,0
> 3:False:10,13:1846,447,0
> 4:False:10,15:1846,447,0
> 5:True:12,12:1846,447,0
ferry-optimal/30/ferry_p00_hyp-4_30_3.tar.bz2:0.5197417736053467:0.050161700000000004:0.5200000000000387
> 0:False:14,19:1846,447,1
> 1:False:12,16:1846,447,1
> 2:False:10,14:1846,447,1
> 3:True:10,13:1846,447,1
> 4:False:10,15:1846,447,1
> 5:True:12,15:1846,447,1
ferry-optimal/30/ferry_p02_hyp-1_30_1.tar.bz2:0.8407506942749023:0.1291678:0.8299999999999841
> 0:True:13,16:4600,774,2
> 1:False:13,19:4600,774,1
> 2:False:15,19:4600,774,1
> 3:False:15,21:4600,774,1
> 4:False:17,22:4600,774,1
> 5:False:17,23:4600,774,1
> 6:False:17,22:4600,774,1
> 7:False:15,20:4600,774,1
ferry-optimal/30/ferry_p02_hyp-1_30_2.tar.bz2:0.8065049648284912:0.11755990000000001:0.8199999999999932
> 0:True:13,14:4600,774,1
> 1:False:13,16:4600,774,1
> 2:False:15,18:4600,774,1
> 3:False:15,20:4600,774,1
> 4:False:17,20:4600,774,1
> 5:False:17,21:4600,774,1
> 6:False:17,20:4600,774,1
> 7:False:15,19:4600,774,1
ferry-optimal/30/ferry_p02_hyp-1_30_3.tar.bz2:0.827702522277832:0.12404260000000002:0.8300000000000409
> 0:True:13,14:4600,774,0
> 1:False:13,16:4600,774,0
> 2:False:15,18:4600,774,0
> 3:False:15,20:4600,774,0
> 4:False:17,20:4600,774,0
> 5:False:17,21:4600,774,0
> 6:False:17,20:4600,774,0
> 7:False:15,19:4600,774,0
ferry-optimal/30/ferry_p02_hyp-2_30_1.tar.bz2:0.7971158027648926:0.1008059:0.7999999999999545
> 0:True:13,16:4599,771,1
> 1:True:13,16:4599,771,1
> 2:True:15,18:4599,771,1
> 3:False:15,19:4599,771,1
> 4:True:17,20:4599,771,1
> 5:True:17,20:4599,771,1
> 6:True:17,20:4599,771,1
> 7:False:15,19:4599,771,1
ferry-optimal/30/ferry_p02_hyp-2_30_2.tar.bz2:0.821768045425415:0.11008670000000001:0.8199999999999932
> 0:False:13,16:4598,768,2
> 1:True:13,15:4598,768,2
> 2:False:15,19:4598,768,2
> 3:False:15,18:4598,768,2
> 4:False:17,20:4598,768,2
> 5:False:17,20:4598,768,2
> 6:False:17,20:4598,768,2
> 7:False:15,19:4598,768,2
ferry-optimal/30/ferry_p02_hyp-2_30_3.tar.bz2:0.8525881767272949:0.14160950000000003:0.8500000000000227
> 0:False:13,17:4600,774,1
> 1:True:13,16:4600,774,1
> 2:False:15,20:4600,774,1
> 3:False:15,19:4600,774,1
> 4:False:17,21:4600,774,1
> 5:False:17,21:4600,774,1
> 6:True:17,20:4600,774,1
> 7:False:15,20:4600,774,1
ferry-optimal/30/ferry_p02_hyp-3_30_1.tar.bz2:0.8120191097259521:0.11203129999999999:0.8100000000000023
> 0:False:13,17:4601,777,0
> 1:False:13,16:4601,777,0
> 2:True:15,17:4601,777,0
> 3:False:15,19:4601,777,0
> 4:False:17,20:4601,777,0
> 5:True:17,19:4601,777,0
> 6:False:17,20:4601,777,0
> 7:False:15,19:4601,777,0
ferry-optimal/30/ferry_p02_hyp-3_30_2.tar.bz2:0.8113687038421631:0.11212059999999999:0.8199999999999932
> 0:False:13,17:4600,774,1
> 1:False:13,19:4600,774,1
> 2:True:15,18:4600,774,1
> 3:False:15,21:4600,774,1
> 4:False:17,21:4600,774,1
> 5:False:17,22:4600,774,1
> 6:False:17,22:4600,774,1
> 7:False:15,20:4600,774,1
ferry-optimal/30/ferry_p02_hyp-3_30_3.tar.bz2:0.822798490524292:0.1155672:0.8199999999999932
> 0:False:13,16:4601,777,0
> 1:False:13,15:4601,777,0
> 2:True:15,15:4601,777,0
> 3:False:15,18:4601,777,0
> 4:False:17,19:4601,777,0
> 5:False:17,19:4601,777,0
> 6:False:17,18:4601,777,0
> 7:False:15,17:4601,777,0
ferry-optimal/30/ferry_p02_hyp-4_30_1.tar.bz2:0.8442115783691406:0.1319821:0.839999999999975
> 0:False:13,20:4601,777,0
> 1:False:13,20:4601,777,0
> 2:False:15,19:4601,777,0
> 3:True:15,17:4601,777,0
> 4:False:17,23:4601,777,0
> 5:False:17,21:4601,777,0
> 6:False:17,22:4601,777,0
> 7:False:15,20:4601,777,0
ferry-optimal/30/ferry_p02_hyp-4_30_2.tar.bz2:0.8291702270507812:0.12211429999999998:0.8299999999999841
> 0:False:13,19:4601,777,0
> 1:False:13,18:4601,777,0
> 2:False:15,19:4601,777,0
> 3:True:15,16:4601,777,0
> 4:False:17,21:4601,777,0
> 5:False:17,20:4601,777,0
> 6:False:17,21:4601,777,0
> 7:False:15,18:4601,777,0
ferry-optimal/30/ferry_p02_hyp-4_30_3.tar.bz2:0.8067951202392578:0.1030872:0.8000000000000114
> 0:False:13,19:4601,777,1
> 1:False:13,18:4601,777,1
> 2:False:15,19:4601,777,1
> 3:True:15,18:4601,777,1
> 4:False:17,22:4601,777,1
> 5:True:17,20:4601,777,1
> 6:False:17,22:4601,777,1
> 7:False:15,19:4601,777,1
ferry-optimal/30/ferry_p03_hyp-1_30_1.tar.bz2:0.4613983631134033:0.044782390000000005:0.46999999999997044
> 0:True:14,14:1759,448,0
> 1:False:14,16:1759,448,0
> 2:False:14,16:1759,448,0
> 3:False:14,15:1759,448,0
> 4:False:14,15:1759,448,0
ferry-optimal/30/ferry_p03_hyp-1_30_2.tar.bz2:0.4392075538635254:0.03195831:0.4399999999999977
> 0:True:14,15:1759,448,0
> 1:True:14,15:1759,448,0
> 2:False:14,17:1759,448,0
> 3:False:14,16:1759,448,0
> 4:False:14,17:1759,448,0
ferry-optimal/30/ferry_p03_hyp-1_30_3.tar.bz2:0.4563009738922119:0.04459379:0.4600000000000364
> 0:True:14,14:1759,448,0
> 1:False:14,15:1759,448,0
> 2:False:14,16:1759,448,0
> 3:True:14,14:1759,448,0
> 4:False:14,16:1759,448,0
ferry-optimal/30/ferry_p03_hyp-2_30_1.tar.bz2:0.43848514556884766:0.03466764:0.42999999999995
> 0:False:14,16:1758,445,0
> 1:True:14,15:1758,445,0
> 2:False:14,16:1758,445,0
> 3:False:14,16:1758,445,0
> 4:False:14,16:1758,445,0
ferry-optimal/30/ferry_p03_hyp-2_30_2.tar.bz2:0.4610731601715088:0.04686206:0.45999999999997954
> 0:False:14,17:1757,442,1
> 1:True:14,16:1757,442,1
> 2:True:14,16:1757,442,1
> 3:True:14,16:1757,442,1
> 4:False:14,17:1757,442,1
ferry-optimal/30/ferry_p03_hyp-2_30_3.tar.bz2:0.45711565017700195:0.04007343:0.4700000000000273
> 0:True:14,14:1758,445,0
> 1:True:14,14:1758,445,0
> 2:False:14,15:1758,445,0
> 3:False:14,15:1758,445,0
> 4:False:14,16:1758,445,0
ferry-optimal/30/ferry_p03_hyp-3_30_1.tar.bz2:0.45716261863708496:0.03831017:0.44999999999998863
> 0:False:14,18:1757,442,0
> 1:False:14,18:1757,442,0
> 2:True:14,16:1757,442,0
> 3:False:14,17:1757,442,0
> 4:False:14,17:1757,442,0
ferry-optimal/30/ferry_p03_hyp-3_30_2.tar.bz2:0.45159363746643066:0.03850215:0.45999999999997954
> 0:False:14,17:1756,439,0
> 1:False:14,17:1756,439,0
> 2:True:14,16:1756,439,0
> 3:False:14,17:1756,439,0
> 4:False:14,18:1756,439,0
ferry-optimal/30/ferry_p03_hyp-3_30_3.tar.bz2:0.4490184783935547:0.04052017:0.4500000000000455
> 0:False:14,16:1758,445,0
> 1:False:14,16:1758,445,0
> 2:True:14,15:1758,445,0
> 3:True:14,15:1758,445,0
> 4:False:14,16:1758,445,0
ferry-optimal/30/ferry_p03_hyp-4_30_1.tar.bz2:0.4350600242614746:0.03642675:0.42999999999995
> 0:True:14,15:1758,445,0
> 1:True:14,15:1758,445,0
> 2:False:14,16:1758,445,0
> 3:False:14,16:1758,445,0
> 4:False:14,16:1758,445,0
ferry-optimal/30/ferry_p03_hyp-4_30_2.tar.bz2:0.46299028396606445:0.039883970000000005:0.4700000000000273
> 0:True:14,15:1758,445,0
> 1:True:14,15:1758,445,0
> 2:False:14,16:1758,445,0
> 3:False:14,16:1758,445,0
> 4:False:14,16:1758,445,0
ferry-optimal/30/ferry_p03_hyp-4_30_3.tar.bz2:0.4480161666870117:0.03941511:0.44999999999998863
> 0:False:14,18:1757,442,1
> 1:True:14,17:1757,442,1
> 2:False:14,18:1757,442,1
> 3:True:14,17:1757,442,1
> 4:True:14,17:1757,442,1
ferry-optimal/50/ferry_p00_hyp-1_50_1.tar.bz2:0.5548770427703857:0.049821050000000006:0.5600000000000023
> 0:True:14,16:1848,453,1
> 1:False:12,16:1848,453,1
> 2:False:10,15:1848,453,1
> 3:False:10,16:1848,453,1
> 4:False:10,15:1848,453,1
> 5:False:12,17:1848,453,1
ferry-optimal/50/ferry_p00_hyp-1_50_2.tar.bz2:0.5564630031585693:0.05103739:0.5500000000000114
> 0:True:14,16:1849,456,0
> 1:False:12,19:1849,456,0
> 2:False:10,16:1849,456,0
> 3:False:10,17:1849,456,0
> 4:False:10,17:1849,456,0
> 5:False:12,19:1849,456,0
ferry-optimal/50/ferry_p00_hyp-1_50_3.tar.bz2:0.5555927753448486:0.05356849000000001:0.57000000000005
> 0:True:14,15:1849,456,0
> 1:False:12,16:1849,456,0
> 2:False:10,14:1849,456,0
> 3:False:10,15:1849,456,0
> 4:False:10,12:1849,456,0
> 5:False:12,16:1849,456,0
ferry-optimal/50/ferry_p00_hyp-2_50_1.tar.bz2:0.54410719871521:0.05343597:0.5399999999999636
> 0:False:14,18:1848,453,0
> 1:True:12,13:1848,453,0
> 2:False:10,15:1848,453,0
> 3:False:10,14:1848,453,0
> 4:False:10,14:1848,453,0
> 5:False:12,15:1848,453,0
ferry-optimal/50/ferry_p00_hyp-2_50_2.tar.bz2:0.5490827560424805:0.04845381:0.5400000000000205
> 0:False:14,18:1848,453,0
> 1:True:12,13:1848,453,0
> 2:False:10,17:1848,453,0
> 3:False:10,13:1848,453,0
> 4:False:10,14:1848,453,0
> 5:False:12,16:1848,453,0
ferry-optimal/50/ferry_p00_hyp-2_50_3.tar.bz2:0.5462732315063477:0.04826901:0.5400000000000205
> 0:False:14,17:1848,453,1
> 1:True:12,14:1848,453,1
> 2:False:10,15:1848,453,1
> 3:False:10,15:1848,453,1
> 4:False:10,14:1848,453,1
> 5:False:12,16:1848,453,1
ferry-optimal/50/ferry_p00_hyp-3_50_1.tar.bz2:0.5614309310913086:0.05535673:0.5499999999999545
> 0:False:14,17:1847,450,2
> 1:False:12,15:1847,450,2
> 2:False:10,15:1847,450,2
> 3:True:10,11:1847,450,3
> 4:False:10,15:1847,450,2
> 5:False:12,15:1847,450,3
ferry-optimal/50/ferry_p00_hyp-3_50_2.tar.bz2:0.5256550312042236:0.045441920000000004:0.5300000000000296
> 0:False:14,17:1847,450,1
> 1:False:12,14:1847,450,1
> 2:False:10,14:1847,450,1
> 3:True:10,11:1847,450,1
> 4:False:10,14:1847,450,1
> 5:False:12,14:1847,450,1
ferry-optimal/50/ferry_p00_hyp-3_50_3.tar.bz2:0.5430712699890137:0.04843164:0.5500000000000114
> 0:False:14,17:1846,447,0
> 1:False:12,14:1846,447,0
> 2:False:10,14:1846,447,0
> 3:True:10,11:1846,447,0
> 4:False:10,14:1846,447,0
> 5:False:12,14:1846,447,0
ferry-optimal/50/ferry_p00_hyp-4_50_1.tar.bz2:0.549487829208374:0.050230359999999995:0.5500000000000114
> 0:False:14,18:1848,453,1
> 1:False:12,17:1848,453,1
> 2:False:10,14:1848,453,1
> 3:False:10,16:1848,453,1
> 4:False:10,16:1848,453,1
> 5:True:12,15:1848,453,1
ferry-optimal/50/ferry_p00_hyp-4_50_2.tar.bz2:0.5595364570617676:0.052139019999999994:0.5699999999999363
> 0:False:14,20:1848,453,1
> 1:False:12,18:1848,453,1
> 2:False:10,15:1848,453,1
> 3:False:10,18:1848,453,1
> 4:False:10,17:1848,453,1
> 5:True:12,16:1848,453,1
ferry-optimal/50/ferry_p00_hyp-4_50_3.tar.bz2:0.5407898426055908:0.04979762:0.5400000000000205
> 0:False:14,21:1847,450,1
> 1:False:12,18:1847,450,1
> 2:False:10,18:1847,450,1
> 3:False:10,18:1847,450,1
> 4:False:10,19:1847,450,1
> 5:True:12,17:1847,450,1
ferry-optimal/50/ferry_p02_hyp-1_50_1.tar.bz2:0.8143136501312256:0.1079785:0.82000000000005
> 0:True:13,16:4603,783,1
> 1:False:13,20:4603,783,1
> 2:False:15,19:4603,783,1
> 3:False:15,21:4603,783,1
> 4:False:17,22:4603,783,1
> 5:False:17,23:4603,783,1
> 6:False:17,23:4603,783,1
> 7:False:15,22:4603,783,1
ferry-optimal/50/ferry_p02_hyp-1_50_2.tar.bz2:0.8109965324401855:0.1084143:0.8000000000000114
> 0:True:13,15:4604,786,2
> 1:False:13,19:4604,786,2
> 2:False:15,20:4604,786,2
> 3:False:15,22:4604,786,2
> 4:False:17,21:4604,786,2
> 5:False:17,23:4604,786,2
> 6:False:17,22:4604,786,2
> 7:False:15,22:4604,786,2
ferry-optimal/50/ferry_p02_hyp-1_50_3.tar.bz2:0.8196072578430176:0.1117404:0.8199999999999363
> 0:True:13,15:4604,786,0
> 1:False:13,19:4604,786,0
> 2:False:15,20:4604,786,0
> 3:False:15,21:4604,786,0
> 4:False:17,22:4604,786,0
> 5:False:17,23:4604,786,0
> 6:False:17,22:4604,786,0
> 7:False:15,21:4604,786,0
ferry-optimal/50/ferry_p02_hyp-2_50_1.tar.bz2:0.8241631984710693:0.11768999999999999:0.82000000000005
> 0:False:13,21:4602,780,2
> 1:True:13,17:4602,780,2
> 2:False:15,21:4602,780,2
> 3:False:15,24:4602,780,2
> 4:False:17,25:4602,780,2
> 5:False:17,24:4602,780,2
> 6:True:17,21:4602,780,2
> 7:False:15,22:4602,780,2
ferry-optimal/50/ferry_p02_hyp-2_50_2.tar.bz2:0.8155457973480225:0.10980980000000001:0.8100000000000591
> 0:False:13,18:4603,783,1
> 1:True:13,16:4603,783,1
> 2:False:15,20:4603,783,1
> 3:False:15,22:4603,783,1
> 4:False:17,22:4603,783,1
> 5:False:17,22:4603,783,1
> 6:False:17,21:4603,783,1
> 7:False:15,22:4603,783,1
ferry-optimal/50/ferry_p02_hyp-2_50_3.tar.bz2:0.8070559501647949:0.11419710000000001:0.8099999999999454
> 0:False:13,17:4602,780,2
> 1:True:13,15:4602,780,2
> 2:False:15,19:4602,780,2
> 3:False:15,21:4602,780,2
> 4:False:17,21:4602,780,2
> 5:False:17,21:4602,780,2
> 6:False:17,20:4602,780,2
> 7:False:15,21:4602,780,2
ferry-optimal/50/ferry_p02_hyp-3_50_1.tar.bz2:0.813011884689331:0.11865590000000001:0.8100000000000023
> 0:False:13,20:4605,789,0
> 1:False:13,19:4605,789,0
> 2:True:15,17:4605,789,0
> 3:False:15,21:4605,789,0
> 4:False:17,22:4605,789,0
> 5:False:17,21:4605,789,0
> 6:False:17,22:4605,789,0
> 7:False:15,22:4605,789,0
ferry-optimal/50/ferry_p02_hyp-3_50_2.tar.bz2:0.8233802318572998:0.1100028:0.82000000000005
> 0:False:13,21:4604,786,0
> 1:False:13,19:4604,786,0
> 2:True:15,18:4604,786,0
> 3:False:15,23:4604,786,0
> 4:False:17,25:4604,786,0
> 5:False:17,24:4604,786,0
> 6:False:17,23:4604,786,0
> 7:False:15,22:4604,786,0
ferry-optimal/50/ferry_p02_hyp-3_50_3.tar.bz2:0.8294591903686523:0.1244946:0.8199999999999932
> 0:False:13,19:4604,786,1
> 1:False:13,20:4604,786,1
> 2:True:15,18:4604,786,1
> 3:False:15,23:4604,786,1
> 4:False:17,22:4604,786,1
> 5:False:17,22:4604,786,1
> 6:False:17,23:4604,786,1
> 7:False:15,23:4604,786,1
ferry-optimal/50/ferry_p02_hyp-4_50_1.tar.bz2:0.8245785236358643:0.11912589999999999:0.8299999999999841
> 0:False:13,20:4604,786,1
> 1:False:13,21:4604,786,1
> 2:False:15,21:4604,786,1
> 3:True:15,18:4604,786,1
> 4:False:17,23:4604,786,1
> 5:False:17,21:4604,786,1
> 6:False:17,23:4604,786,1
> 7:False:15,21:4604,786,1
ferry-optimal/50/ferry_p02_hyp-4_50_2.tar.bz2:0.8188016414642334:0.108444:0.8199999999999932
> 0:False:13,20:4605,789,4
> 1:False:13,21:4605,789,3
> 2:False:15,20:4605,789,4
> 3:True:15,17:4605,789,3
> 4:False:17,22:4605,789,4
> 5:False:17,20:4605,789,4
> 6:False:17,23:4605,789,3
> 7:False:15,21:4605,789,3
ferry-optimal/50/ferry_p02_hyp-4_50_3.tar.bz2:0.8188884258270264:0.123206:0.82000000000005
> 0:False:13,22:4604,786,1
> 1:False:13,23:4604,786,1
> 2:False:15,23:4604,786,1
> 3:True:15,18:4604,786,1
> 4:False:17,23:4604,786,1
> 5:False:17,23:4604,786,1
> 6:False:17,23:4604,786,1
> 7:False:15,21:4604,786,1
ferry-optimal/50/ferry_p03_hyp-1_50_1.tar.bz2:0.4395160675048828:0.03428243:0.4399999999999409
> 0:True:14,18:1762,457,1
> 1:False:14,19:1762,457,1
> 2:False:14,20:1762,457,1
> 3:False:14,19:1762,457,1
> 4:False:14,21:1762,457,1
ferry-optimal/50/ferry_p03_hyp-1_50_2.tar.bz2:0.4541928768157959:0.03989107:0.4600000000000364
> 0:True:14,18:1762,457,0
> 1:True:14,18:1762,457,0
> 2:False:14,19:1762,457,0
> 3:False:14,19:1762,457,0
> 4:False:14,20:1762,457,0
ferry-optimal/50/ferry_p03_hyp-1_50_3.tar.bz2:0.43681836128234863:0.03843173:0.4399999999999977
> 0:True:14,17:1762,457,1
> 1:False:14,19:1762,457,1
> 2:False:14,20:1762,457,1
> 3:False:14,19:1762,457,1
> 4:False:14,20:1762,457,1
ferry-optimal/50/ferry_p03_hyp-2_50_1.tar.bz2:0.45253634452819824:0.04241727:0.44999999999998863
> 0:False:14,17:1761,454,2
> 1:True:14,16:1761,454,2
> 2:False:14,19:1761,454,2
> 3:False:14,18:1761,454,2
> 4:False:14,19:1761,454,2
ferry-optimal/50/ferry_p03_hyp-2_50_2.tar.bz2:0.4320180416107178:0.04033184:0.42000000000007276
> 0:False:14,17:1761,454,0
> 1:True:14,16:1761,454,0
> 2:False:14,17:1761,454,0
> 3:False:14,18:1761,454,0
> 4:False:14,19:1761,454,0
ferry-optimal/50/ferry_p03_hyp-2_50_3.tar.bz2:0.44912075996398926:0.04263715:0.4499999999999318
> 0:False:14,19:1760,451,2
> 1:True:14,17:1760,451,2
> 2:True:14,17:1760,451,2
> 3:False:14,18:1760,451,2
> 4:False:14,18:1760,451,2
ferry-optimal/50/ferry_p03_hyp-3_50_1.tar.bz2:0.43915891647338867:0.03941359:0.43000000000006366
> 0:False:14,19:1761,454,1
> 1:False:14,17:1761,454,1
> 2:True:14,15:1761,454,1
> 3:False:14,17:1761,454,1
> 4:False:14,17:1761,454,1
ferry-optimal/50/ferry_p03_hyp-3_50_2.tar.bz2:0.43529462814331055:0.0361316:0.42999999999995
> 0:False:14,19:1761,454,1
> 1:False:14,18:1761,454,1
> 2:True:14,17:1761,454,1
> 3:False:14,19:1761,454,1
> 4:False:14,19:1761,454,1
ferry-optimal/50/ferry_p03_hyp-3_50_3.tar.bz2:0.46154332160949707:0.037213159999999995:0.4600000000000364
> 0:False:14,20:1761,454,0
> 1:False:14,20:1761,454,0
> 2:True:14,17:1761,454,0
> 3:False:14,19:1761,454,0
> 4:False:14,19:1761,454,0
ferry-optimal/50/ferry_p03_hyp-4_50_1.tar.bz2:0.4456942081451416:0.040783669999999994:0.44999999999998863
> 0:False:14,17:1762,457,0
> 1:True:14,16:1762,457,0
> 2:False:14,18:1762,457,0
> 3:False:14,17:1762,457,0
> 4:False:14,19:1762,457,0
ferry-optimal/50/ferry_p03_hyp-4_50_2.tar.bz2:0.45081210136413574:0.03791631:0.44999999999998863
> 0:False:14,20:1760,451,2
> 1:True:14,18:1760,451,2
> 2:False:14,20:1760,451,2
> 3:False:14,19:1760,451,2
> 4:False:14,20:1760,451,2
ferry-optimal/50/ferry_p03_hyp-4_50_3.tar.bz2:0.4624817371368408:0.048714240000000006:0.4500000000000455
> 0:False:14,19:1760,451,2
> 1:True:14,17:1760,451,2
> 2:False:14,18:1760,451,2
> 3:False:14,18:1760,451,2
> 4:False:14,18:1760,451,2
ferry-optimal/70/ferry_p00_hyp-1_70_1.tar.bz2:0.542341947555542:0.05323538:0.5499999999999545
> 0:True:14,16:1852,465,1
> 1:False:12,20:1852,465,1
> 2:False:10,17:1852,465,1
> 3:False:10,18:1852,465,1
> 4:False:10,17:1852,465,1
> 5:False:12,20:1852,465,1
ferry-optimal/70/ferry_p00_hyp-1_70_2.tar.bz2:0.5251467227935791:0.04127742:0.5200000000000387
> 0:True:14,17:1852,465,1
> 1:False:12,20:1852,465,1
> 2:False:10,19:1852,465,1
> 3:False:10,19:1852,465,1
> 4:False:10,18:1852,465,1
> 5:False:12,21:1852,465,1
ferry-optimal/70/ferry_p00_hyp-1_70_3.tar.bz2:0.5554544925689697:0.053044259999999996:0.5599999999999454
> 0:True:14,17:1852,465,1
> 1:False:12,19:1852,465,1
> 2:False:10,17:1852,465,1
> 3:False:10,18:1852,465,1
> 4:False:10,16:1852,465,1
> 5:False:12,19:1852,465,1
ferry-optimal/70/ferry_p00_hyp-2_70_1.tar.bz2:0.559138298034668:0.05480754:0.5600000000000023
> 0:False:14,20:1851,462,1
> 1:True:12,15:1851,462,3
> 2:False:10,19:1851,462,1
> 3:False:10,16:1851,462,1
> 4:False:10,17:1851,462,3
> 5:False:12,18:1851,462,1
ferry-optimal/70/ferry_p00_hyp-2_70_2.tar.bz2:0.540557861328125:0.051345430000000004:0.5400000000000205
> 0:False:14,19:1851,462,2
> 1:True:12,14:1851,462,2
> 2:False:10,18:1851,462,2
> 3:False:10,14:1851,462,2
> 4:False:10,15:1851,462,2
> 5:False:12,17:1851,462,2
ferry-optimal/70/ferry_p00_hyp-2_70_3.tar.bz2:0.54433274269104:0.04797537:0.5399999999999636
> 0:False:14,20:1851,462,1
> 1:True:12,15:1851,462,1
> 2:False:10,18:1851,462,1
> 3:False:10,15:1851,462,1
> 4:False:10,18:1851,462,1
> 5:False:12,16:1851,462,1
ferry-optimal/70/ferry_p00_hyp-3_70_1.tar.bz2:0.5490667819976807:0.05181649:0.5500000000000682
> 0:False:14,19:1849,456,1
> 1:False:12,16:1849,456,1
> 2:False:10,17:1849,456,1
> 3:True:10,12:1849,456,1
> 4:False:10,17:1849,456,1
> 5:False:12,16:1849,456,1
ferry-optimal/70/ferry_p00_hyp-3_70_2.tar.bz2:0.5293219089508057:0.05046056:0.5199999999999818
> 0:False:14,18:1849,456,1
> 1:False:12,16:1849,456,1
> 2:False:10,16:1849,456,1
> 3:True:10,12:1849,456,1
> 4:False:10,16:1849,456,1
> 5:False:12,16:1849,456,1
ferry-optimal/70/ferry_p00_hyp-3_70_3.tar.bz2:0.550560474395752:0.05670528:0.5400000000000205
> 0:False:14,19:1849,456,1
> 1:False:12,16:1849,456,1
> 2:False:10,18:1849,456,1
> 3:True:10,13:1849,456,1
> 4:False:10,17:1849,456,1
> 5:False:12,17:1849,456,1
ferry-optimal/70/ferry_p00_hyp-4_70_1.tar.bz2:0.5315272808074951:0.044800770000000004:0.519999999999925
> 0:False:14,21:1851,462,1
> 1:False:12,19:1851,462,1
> 2:False:10,16:1851,462,1
> 3:False:10,18:1851,462,1
> 4:False:10,19:1851,462,1
> 5:True:12,16:1851,462,1
ferry-optimal/70/ferry_p00_hyp-4_70_2.tar.bz2:0.5198585987091064:0.04144958:0.5199999999999818
> 0:False:14,22:1851,462,2
> 1:False:12,20:1851,462,2
> 2:False:10,17:1851,462,2
> 3:False:10,19:1851,462,2
> 4:False:10,20:1851,462,2
> 5:True:12,17:1851,462,2
ferry-optimal/70/ferry_p00_hyp-4_70_3.tar.bz2:0.5360066890716553:0.048498139999999995:0.5300000000000296
> 0:False:14,21:1851,462,1
> 1:False:12,18:1851,462,1
> 2:False:10,16:1851,462,1
> 3:False:10,15:1851,462,1
> 4:False:10,18:1851,462,1
> 5:True:12,15:1851,462,1
ferry-optimal/70/ferry_p02_hyp-1_70_1.tar.bz2:0.8102176189422607:0.1030549:0.8100000000000023
> 0:True:13,17:4607,795,1
> 1:False:13,21:4607,795,1
> 2:False:15,21:4607,795,1
> 3:False:15,23:4607,795,1
> 4:False:17,23:4607,795,1
> 5:False:17,24:4607,795,1
> 6:False:17,24:4607,795,1
> 7:False:15,24:4607,795,1
ferry-optimal/70/ferry_p02_hyp-1_70_2.tar.bz2:0.79107666015625:0.1052952:0.7999999999999545
> 0:True:13,17:4607,795,1
> 1:False:13,20:4607,795,1
> 2:False:15,21:4607,795,1
> 3:False:15,22:4607,795,1
> 4:False:17,22:4607,795,1
> 5:False:17,23:4607,795,1
> 6:False:17,23:4607,795,1
> 7:False:15,23:4607,795,1
ferry-optimal/70/ferry_p02_hyp-1_70_3.tar.bz2:0.8022127151489258:0.1079069:0.8000000000000114
> 0:True:13,18:4607,795,1
> 1:False:13,21:4607,795,1
> 2:False:15,23:4607,795,1
> 3:False:15,23:4607,795,1
> 4:False:17,23:4607,795,1
> 5:False:17,24:4607,795,1
> 6:False:17,25:4607,795,1
> 7:False:15,25:4607,795,1
ferry-optimal/70/ferry_p02_hyp-2_70_1.tar.bz2:0.8093979358673096:0.10627679999999999:0.8000000000000114
> 0:False:13,23:4605,789,3
> 1:True:13,19:4605,789,3
> 2:False:15,24:4605,789,3
> 3:False:15,25:4605,789,3
> 4:False:17,27:4605,789,3
> 5:False:17,27:4605,789,3
> 6:True:17,23:4605,789,3
> 7:False:15,24:4605,789,3
ferry-optimal/70/ferry_p02_hyp-2_70_2.tar.bz2:0.7976880073547363:0.10772340000000001:0.8000000000000114
> 0:False:13,22:4608,798,2
> 1:True:13,17:4608,798,2
> 2:False:15,23:4608,798,2
> 3:False:15,25:4608,798,2
> 4:False:17,26:4608,798,2
> 5:False:17,26:4608,798,2
> 6:False:17,22:4608,798,2
> 7:False:15,24:4608,798,2
ferry-optimal/70/ferry_p02_hyp-2_70_3.tar.bz2:0.8188815116882324:0.12080809999999999:0.8199999999999932
> 0:False:13,23:4605,789,2
> 1:True:13,18:4605,789,2
> 2:False:15,24:4605,789,2
> 3:False:15,26:4605,789,2
> 4:False:17,27:4605,789,2
> 5:False:17,26:4605,789,2
> 6:False:17,23:4605,789,2
> 7:False:15,26:4605,789,2
ferry-optimal/70/ferry_p02_hyp-3_70_1.tar.bz2:0.8137950897216797:0.11661089999999999:0.82000000000005
> 0:False:13,21:4607,795,4
> 1:False:13,21:4607,795,4
> 2:True:15,20:4607,795,4
> 3:False:15,25:4607,795,4
> 4:False:17,26:4607,795,4
> 5:False:17,25:4607,795,4
> 6:False:17,24:4607,795,4
> 7:False:15,25:4607,795,4
ferry-optimal/70/ferry_p02_hyp-3_70_2.tar.bz2:0.8112895488739014:0.11005939999999999:0.8099999999999454
> 0:False:13,23:4607,795,2
> 1:False:13,24:4607,795,2
> 2:True:15,20:4607,795,2
> 3:False:15,25:4607,795,2
> 4:False:17,26:4607,795,2
> 5:False:17,26:4607,795,2
> 6:False:17,27:4607,795,2
> 7:False:15,26:4607,795,2
ferry-optimal/70/ferry_p02_hyp-3_70_3.tar.bz2:0.7935137748718262:0.112533:0.7899999999999636
> 0:False:13,21:4607,795,1
> 1:False:13,20:4607,795,1
> 2:True:15,19:4607,795,1
> 3:False:15,23:4607,795,1
> 4:False:17,25:4607,795,1
> 5:False:17,25:4607,795,1
> 6:False:17,24:4607,795,1
> 7:False:15,23:4607,795,1
ferry-optimal/70/ferry_p02_hyp-4_70_1.tar.bz2:0.8098599910736084:0.10767909999999999:0.8000000000000114
> 0:False:13,24:4608,798,2
> 1:False:13,25:4608,798,2
> 2:False:15,24:4608,798,2
> 3:True:15,19:4608,798,2
> 4:False:17,25:4608,798,2
> 5:False:17,23:4608,798,2
> 6:False:17,25:4608,798,2
> 7:False:15,23:4608,798,2
ferry-optimal/70/ferry_p02_hyp-4_70_2.tar.bz2:0.8086209297180176:0.11204540000000002:0.8100000000000591
> 0:False:13,24:4609,801,2
> 1:False:13,24:4609,801,2
> 2:False:15,24:4609,801,2
> 3:True:15,19:4609,801,1
> 4:False:17,25:4609,801,2
> 5:False:17,23:4609,801,1
> 6:False:17,25:4609,801,2
> 7:False:15,23:4609,801,2
ferry-optimal/70/ferry_p02_hyp-4_70_3.tar.bz2:0.8195478916168213:0.10711:0.8199999999999363
> 0:False:13,23:4608,798,1
> 1:False:13,24:4608,798,1
> 2:False:15,22:4608,798,1
> 3:True:15,18:4608,798,1
> 4:False:17,25:4608,798,1
> 5:False:17,23:4608,798,1
> 6:False:17,25:4608,798,1
> 7:False:15,23:4608,798,1
ferry-optimal/70/ferry_p03_hyp-1_70_1.tar.bz2:0.4440600872039795:0.04195155:0.4399999999999977
> 0:True:14,19:1765,466,2
> 1:False:14,20:1765,466,2
> 2:False:14,22:1765,466,2
> 3:False:14,20:1765,466,2
> 4:False:14,22:1765,466,2
ferry-optimal/70/ferry_p03_hyp-1_70_2.tar.bz2:0.45681238174438477:0.039001659999999994:0.45999999999997954
> 0:True:14,19:1764,463,3
> 1:False:14,20:1764,463,3
> 2:False:14,23:1764,463,3
> 3:False:14,21:1764,463,3
> 4:False:14,22:1764,463,3
ferry-optimal/70/ferry_p03_hyp-1_70_3.tar.bz2:0.4387362003326416:0.03676247:0.44999999999998863
> 0:True:14,18:1766,469,1
> 1:False:14,19:1766,469,1
> 2:False:14,22:1766,469,1
> 3:False:14,20:1766,469,1
> 4:False:14,22:1766,469,1
ferry-optimal/70/ferry_p03_hyp-2_70_1.tar.bz2:0.4453916549682617:0.03820307:0.44999999999998863
> 0:False:14,19:1764,463,2
> 1:True:14,18:1764,463,2
> 2:False:14,19:1764,463,2
> 3:False:14,20:1764,463,2
> 4:False:14,21:1764,463,2
ferry-optimal/70/ferry_p03_hyp-2_70_2.tar.bz2:0.4464714527130127:0.042615110000000005:0.4399999999999977
> 0:False:14,18:1764,463,1
> 1:True:14,17:1764,463,1
> 2:False:14,20:1764,463,1
> 3:False:14,19:1764,463,1
> 4:False:14,21:1764,463,1
ferry-optimal/70/ferry_p03_hyp-2_70_3.tar.bz2:0.436859130859375:0.042481819999999997:0.44000000000005457
> 0:False:14,18:1765,466,1
> 1:True:14,17:1765,466,1
> 2:False:14,19:1765,466,1
> 3:False:14,18:1765,466,1
> 4:False:14,20:1765,466,1
ferry-optimal/70/ferry_p03_hyp-3_70_1.tar.bz2:0.45662784576416016:0.03949671:0.45999999999997954
> 0:False:14,21:1764,463,2
> 1:False:14,20:1764,463,2
> 2:True:14,17:1764,463,2
> 3:False:14,20:1764,463,2
> 4:False:14,20:1764,463,2
ferry-optimal/70/ferry_p03_hyp-3_70_2.tar.bz2:0.4536256790161133:0.03779102:0.45999999999997954
> 0:False:14,23:1763,460,1
> 1:False:14,22:1763,460,1
> 2:True:14,19:1763,460,1
> 3:False:14,21:1763,460,1
> 4:False:14,20:1763,460,1
ferry-optimal/70/ferry_p03_hyp-3_70_3.tar.bz2:0.43826818466186523:0.037934869999999996:0.43000000000006366
> 0:False:14,21:1764,463,2
> 1:False:14,19:1764,463,2
> 2:True:14,18:1764,463,2
> 3:False:14,20:1764,463,2
> 4:False:14,21:1764,463,2
ferry-optimal/70/ferry_p03_hyp-4_70_1.tar.bz2:0.45156431198120117:0.04151709:0.45999999999997954
> 0:False:14,19:1764,463,1
> 1:True:14,17:1764,463,1
> 2:False:14,19:1764,463,1
> 3:False:14,19:1764,463,1
> 4:False:14,21:1764,463,1
ferry-optimal/70/ferry_p03_hyp-4_70_2.tar.bz2:0.4419569969177246:0.045298859999999996:0.4399999999999977
> 0:False:14,21:1763,460,2
> 1:True:14,19:1763,460,2
> 2:False:14,20:1763,460,2
> 3:False:14,20:1763,460,2
> 4:False:14,21:1763,460,2
ferry-optimal/70/ferry_p03_hyp-4_70_3.tar.bz2:0.4639720916748047:0.03953015:0.4600000000000364
> 0:False:14,19:1764,463,1
> 1:True:14,17:1764,463,1
> 2:True:14,17:1764,463,1
> 3:False:14,18:1764,463,1
> 4:False:14,19:1764,463,1
ferry-optimal/100/ferry_p00_hyp-1_full.tar.bz2:0.5526745319366455:0.05223621:0.5499999999999545
> 0:True:14,18:1856,477,1
> 1:False:12,22:1856,477,1
> 2:False:10,20:1856,477,1
> 3:False:10,21:1856,477,1
> 4:False:10,19:1856,477,1
> 5:False:12,23:1856,477,1
ferry-optimal/100/ferry_p00_hyp-2_full.tar.bz2:0.535804033279419:0.05119657:0.5300000000000296
> 0:False:14,21:1855,474,0
> 1:True:12,15:1855,474,0
> 2:False:10,20:1855,474,0
> 3:False:10,17:1855,474,0
> 4:False:10,18:1855,474,0
> 5:False:12,18:1855,474,0
ferry-optimal/100/ferry_p00_hyp-3_full.tar.bz2:0.5526857376098633:0.04624818:0.5500000000000114
> 0:False:14,20:1852,465,1
> 1:False:12,17:1852,465,1
> 2:False:10,18:1852,465,1
> 3:True:10,13:1852,465,1
> 4:False:10,18:1852,465,1
> 5:False:12,17:1852,465,1
ferry-optimal/100/ferry_p00_hyp-4_full.tar.bz2:0.5430636405944824:0.05276818:0.5400000000000205
> 0:False:14,25:1855,474,2
> 1:False:12,21:1855,474,2
> 2:False:10,20:1855,474,2
> 3:False:10,20:1855,474,2
> 4:False:10,23:1855,474,2
> 5:True:12,18:1855,474,2
ferry-optimal/100/ferry_p02_hyp-1_full.tar.bz2:0.8031785488128662:0.1128826:0.8100000000000023
> 0:True:13,19:4611,807,2
> 1:False:13,25:4611,807,2
> 2:False:15,25:4611,807,2
> 3:False:15,27:4611,807,2
> 4:False:17,26:4611,807,2
> 5:False:17,28:4611,807,2
> 6:False:17,28:4611,807,2
> 7:False:15,28:4611,807,2
ferry-optimal/100/ferry_p02_hyp-2_full.tar.bz2:0.7926197052001953:0.1038213:0.8000000000000114
> 0:False:13,26:4610,804,3
> 1:True:13,20:4610,804,3
> 2:False:15,26:4610,804,3
> 3:False:15,29:4610,804,3
> 4:False:17,30:4610,804,3
> 5:False:17,29:4610,804,3
> 6:False:17,25:4610,804,3
> 7:False:15,28:4610,804,3
ferry-optimal/100/ferry_p02_hyp-3_full.tar.bz2:0.8080999851226807:0.11311020000000002:0.8000000000000114
> 0:False:13,25:4612,810,2
> 1:False:13,25:4612,810,2
> 2:True:15,21:4612,810,2
> 3:False:15,27:4612,810,2
> 4:False:17,28:4612,810,2
> 5:False:17,27:4612,810,2
> 6:False:17,28:4612,810,2
> 7:False:15,28:4612,810,2
ferry-optimal/100/ferry_p02_hyp-4_full.tar.bz2:0.80295729637146:0.10891460000000001:0.7999999999999545
> 0:False:13,27:4613,813,2
> 1:False:13,28:4613,813,2
> 2:False:15,27:4613,813,2
> 3:True:15,21:4613,813,2
> 4:False:17,28:4613,813,2
> 5:False:17,26:4613,813,2
> 6:False:17,28:4613,813,2
> 7:False:15,26:4613,813,2
ferry-optimal/100/ferry_p03_hyp-1_full.tar.bz2:0.4398674964904785:0.03549392:0.44999999999998863
> 0:True:14,21:1769,478,3
> 1:False:14,23:1769,478,3
> 2:False:14,26:1769,478,3
> 3:False:14,23:1769,478,3
> 4:False:14,25:1769,478,3
ferry-optimal/100/ferry_p03_hyp-2_full.tar.bz2:0.4515347480773926:0.03841286:0.44999999999998863
> 0:False:14,22:1768,475,3
> 1:True:14,20:1768,475,3
> 2:False:14,23:1768,475,3
> 3:False:14,22:1768,475,3
> 4:False:14,24:1768,475,3
ferry-optimal/100/ferry_p03_hyp-3_full.tar.bz2:0.44005870819091797:0.032455769999999995:0.4500000000000455
> 0:False:14,25:1768,475,2
> 1:False:14,23:1768,475,2
> 2:True:14,20:1768,475,2
> 3:False:14,23:1768,475,2
> 4:False:14,23:1768,475,2
ferry-optimal/100/ferry_p03_hyp-4_full.tar.bz2:0.46225976943969727:0.03518151:0.45999999999997954
> 0:False:14,22:1768,475,3
> 1:True:14,20:1768,475,3
> 2:False:14,23:1768,475,3
> 3:False:14,22:1768,475,3
> 4:False:14,24:1768,475,3
