ferry-optimal-old-noisy/10/ferry_noisy_p00_hyp-1_10_1.tar.bz2:0.391226768494:0.02958572:0.39
> 0:True:6,8:99,47
> 1:True:5,7:99,47
> 2:True:4,6:99,47
> 3:True:4,6:99,47
> 4:True:4,6:99,47
> 5:True:5,7:99,47
ferry-optimal-old-noisy/10/ferry_noisy_p00_hyp-1_10_2.tar.bz2:0.395091056824:0.0278165:0.4
> 0:False:6,7:99,47
> 1:True:5,5:99,47
> 2:False:4,6:99,47
> 3:False:4,5:99,47
> 4:False:4,5:99,47
> 5:False:5,6:99,47
ferry-optimal-old-noisy/10/ferry_noisy_p00_hyp-1_10_3.tar.bz2:0.398313045502:0.02988098:0.39
> 0:True:6,8:99,47
> 1:True:5,7:99,47
> 2:True:4,6:99,47
> 3:True:4,6:99,47
> 4:True:4,6:99,47
> 5:True:5,7:99,47
ferry-optimal-old-noisy/10/ferry_noisy_p00_hyp-2_10_1.tar.bz2:0.395618915558:0.02854005:0.4
> 0:False:6,8:99,47
> 1:True:5,6:99,47
> 2:False:4,6:99,47
> 3:True:4,5:99,47
> 4:False:4,6:99,47
> 5:True:5,6:99,47
ferry-optimal-old-noisy/10/ferry_noisy_p00_hyp-2_10_2.tar.bz2:0.390836954117:0.02754077:0.39
> 0:True:6,6:99,47
> 1:True:5,5:99,47
> 2:False:4,6:99,47
> 3:False:4,6:99,47
> 4:False:4,5:99,47
> 5:False:5,6:99,47
ferry-optimal-old-noisy/10/ferry_noisy_p00_hyp-2_10_3.tar.bz2:0.397583961487:0.02960197:0.4
> 0:True:6,8:99,47
> 1:True:5,7:99,47
> 2:False:4,7:99,47
> 3:True:4,6:99,47
> 4:False:4,7:99,47
> 5:True:5,7:99,47
ferry-optimal-old-noisy/10/ferry_noisy_p00_hyp-3_10_1.tar.bz2:0.39016699791:0.02820689:0.39
> 0:False:6,7:99,47
> 1:True:5,5:99,47
> 2:False:4,6:99,47
> 3:False:4,5:99,47
> 4:False:4,5:99,47
> 5:False:5,6:99,47
ferry-optimal-old-noisy/10/ferry_noisy_p00_hyp-3_10_2.tar.bz2:0.397146940231:0.02908729:0.39
> 0:False:6,8:99,47
> 1:True:5,6:99,47
> 2:False:4,6:99,47
> 3:True:4,5:99,47
> 4:False:4,6:99,47
> 5:True:5,6:99,47
ferry-optimal-old-noisy/10/ferry_noisy_p00_hyp-3_10_3.tar.bz2:0.394351005554:0.02941789:0.4
> 0:True:6,8:98,46
> 1:True:5,7:98,46
> 2:True:4,6:98,46
> 3:True:4,6:98,46
> 4:True:4,6:98,46
> 5:True:5,7:98,46
ferry-optimal-old-noisy/10/ferry_noisy_p00_hyp-4_10_1.tar.bz2:0.393486976624:0.02947001:0.4
> 0:False:6,8:98,46
> 1:False:5,6:98,46
> 2:False:4,5:98,46
> 3:False:4,5:98,46
> 4:False:4,6:98,46
> 5:True:5,5:98,46
ferry-optimal-old-noisy/10/ferry_noisy_p00_hyp-4_10_2.tar.bz2:0.393276929855:0.02911731:0.39
> 0:False:6,8:98,46
> 1:True:5,6:98,46
> 2:False:4,6:98,46
> 3:True:4,5:98,46
> 4:False:4,6:98,46
> 5:True:5,6:98,46
ferry-optimal-old-noisy/10/ferry_noisy_p00_hyp-4_10_3.tar.bz2:0.393704891205:0.02894474:0.39
> 0:False:6,8:98,46
> 1:False:5,7:98,46
> 2:True:4,5:98,46
> 3:True:4,5:98,46
> 4:False:4,6:98,46
> 5:True:5,6:98,46
ferry-optimal-old-noisy/10/ferry_noisy_p02_hyp-1_10_1.tar.bz2:0.555427074432:0.05341425:0.55
> 0:True:5,7:207,77
> 1:True:5,7:207,77
> 2:True:6,8:207,77
> 3:True:6,8:191,68
> 4:True:7,9:207,77
> 5:True:7,9:207,77
> 6:True:7,9:207,77
> 7:True:6,8:207,77
ferry-optimal-old-noisy/10/ferry_noisy_p02_hyp-1_10_2.tar.bz2:0.558136940002:0.05139399:0.56
> 0:True:5,7:207,77
> 1:False:5,8:207,77
> 2:False:6,9:207,77
> 3:True:6,8:191,68
> 4:True:7,9:207,77
> 5:True:7,9:207,77
> 6:True:7,9:207,77
> 7:True:6,8:207,77
ferry-optimal-old-noisy/10/ferry_noisy_p02_hyp-1_10_3.tar.bz2:0.558295965195:0.0528544:0.56
> 0:True:5,7:207,77
> 1:False:5,8:207,77
> 2:True:6,8:207,77
> 3:True:6,8:191,68
> 4:True:7,9:207,77
> 5:True:7,9:207,77
> 6:True:7,9:207,77
> 7:True:6,8:207,77
ferry-optimal-old-noisy/10/ferry_noisy_p02_hyp-2_10_1.tar.bz2:0.561048984528:0.05384078:0.57
> 0:False:5,7:207,77
> 1:True:5,6:207,77
> 2:False:6,8:207,77
> 3:False:6,8:191,68
> 4:False:7,9:207,77
> 5:False:7,9:207,77
> 6:True:7,8:207,77
> 7:False:6,8:207,77
ferry-optimal-old-noisy/10/ferry_noisy_p02_hyp-2_10_2.tar.bz2:0.556524038315:0.05096108:0.56
> 0:True:5,6:207,77
> 1:True:5,6:207,77
> 2:False:6,8:207,77
> 3:False:6,8:191,68
> 4:False:7,9:207,77
> 5:False:7,9:207,77
> 6:False:7,9:207,77
> 7:False:6,8:207,77
ferry-optimal-old-noisy/10/ferry_noisy_p02_hyp-2_10_3.tar.bz2:0.556521892548:0.05134504:0.55
> 0:False:5,8:207,77
> 1:True:5,7:207,77
> 2:True:6,8:207,77
> 3:True:6,8:191,68
> 4:False:7,10:207,77
> 5:True:7,9:207,77
> 6:True:7,9:207,77
> 7:False:6,9:207,77
ferry-optimal-old-noisy/10/ferry_noisy_p02_hyp-3_10_1.tar.bz2:0.558511972427:0.05234245:0.56
> 0:True:5,8:208,78
> 1:True:5,8:208,78
> 2:True:6,9:208,78
> 3:False:6,10:192,69
> 4:True:7,10:208,78
> 5:False:7,11:208,78
> 6:True:7,10:208,78
> 7:True:6,9:208,78
ferry-optimal-old-noisy/10/ferry_noisy_p02_hyp-3_10_2.tar.bz2:0.558417081833:0.05322758:0.57
> 0:False:5,8:208,78
> 1:False:5,8:208,78
> 2:True:6,8:208,78
> 3:False:6,9:192,69
> 4:True:7,9:208,78
> 5:True:7,9:208,78
> 6:False:7,10:208,78
> 7:False:6,9:208,78
ferry-optimal-old-noisy/10/ferry_noisy_p02_hyp-3_10_3.tar.bz2:0.561252117157:0.05284073:0.55
> 0:False:5,8:208,78
> 1:False:5,8:208,78
> 2:False:6,8:208,78
> 3:False:6,8:192,69
> 4:False:7,9:208,78
> 5:True:7,8:208,78
> 6:False:7,10:208,78
> 7:False:6,9:208,78
ferry-optimal-old-noisy/10/ferry_noisy_p02_hyp-4_10_1.tar.bz2:0.557836055756:0.05148732:0.56
> 0:True:5,7:208,78
> 1:False:5,8:208,78
> 2:True:6,8:208,78
> 3:True:6,8:192,69
> 4:True:7,9:208,78
> 5:False:7,10:208,78
> 6:False:7,10:208,78
> 7:False:6,9:208,78
ferry-optimal-old-noisy/10/ferry_noisy_p02_hyp-4_10_2.tar.bz2:0.562075138092:0.05320867:0.56
> 0:False:5,8:208,78
> 1:False:5,8:208,78
> 2:False:6,9:208,78
> 3:True:6,8:192,69
> 4:True:7,9:208,78
> 5:True:7,9:208,78
> 6:True:7,9:208,78
> 7:False:6,9:208,78
ferry-optimal-old-noisy/10/ferry_noisy_p02_hyp-4_10_3.tar.bz2:0.558520078659:0.0533246:0.56
> 0:True:5,7:208,78
> 1:False:5,8:208,78
> 2:True:6,8:208,78
> 3:True:6,8:192,69
> 4:True:7,9:208,78
> 5:True:7,9:208,78
> 6:False:7,10:208,78
> 7:False:6,9:208,78
ferry-optimal-old-noisy/10/ferry_noisy_p03_hyp-1_10_1.tar.bz2:0.329572200775:0.0258921:0.33
> 0:True:6,8:100,48
> 1:False:6,9:100,48
> 2:False:6,9:100,48
> 3:False:6,9:100,48
> 4:False:6,9:100,48
ferry-optimal-old-noisy/10/ferry_noisy_p03_hyp-1_10_2.tar.bz2:0.328868150711:0.02511113:0.33
> 0:True:6,7:100,48
> 1:False:6,8:100,48
> 2:False:6,9:100,48
> 3:True:6,7:100,48
> 4:True:6,7:100,48
ferry-optimal-old-noisy/10/ferry_noisy_p03_hyp-1_10_3.tar.bz2:0.328235864639:0.02480513:0.33
> 0:True:6,9:100,48
> 1:True:6,9:100,48
> 2:True:6,9:100,48
> 3:True:6,9:100,48
> 4:True:6,9:100,48
ferry-optimal-old-noisy/10/ferry_noisy_p03_hyp-2_10_1.tar.bz2:0.326226949692:0.02462115:0.33
> 0:True:6,7:99,47
> 1:True:6,7:99,47
> 2:False:6,8:99,47
> 3:True:6,7:99,47
> 4:False:6,8:99,47
ferry-optimal-old-noisy/10/ferry_noisy_p03_hyp-2_10_2.tar.bz2:0.331472158432:0.0260875:0.34
> 0:True:6,8:99,47
> 1:True:6,8:99,47
> 2:True:6,8:99,47
> 3:True:6,8:99,47
> 4:True:6,8:99,47
ferry-optimal-old-noisy/10/ferry_noisy_p03_hyp-2_10_3.tar.bz2:0.32808303833:0.02484442:0.32
> 0:True:6,7:99,47
> 1:True:6,7:99,47
> 2:False:6,8:99,47
> 3:True:6,7:99,47
> 4:True:6,7:99,47
ferry-optimal-old-noisy/10/ferry_noisy_p03_hyp-3_10_1.tar.bz2:0.3292491436:0.02522427:0.33
> 0:True:6,7:99,47
> 1:True:6,7:99,47
> 2:False:6,8:99,47
> 3:False:6,8:99,47
> 4:False:6,8:99,47
ferry-optimal-old-noisy/10/ferry_noisy_p03_hyp-3_10_2.tar.bz2:0.329928874969:0.02590441:0.32
> 0:False:6,8:99,47
> 1:False:6,8:99,47
> 2:False:6,8:99,47
> 3:False:6,8:99,47
> 4:True:6,7:99,47
ferry-optimal-old-noisy/10/ferry_noisy_p03_hyp-3_10_3.tar.bz2:0.327059030533:0.02475117:0.33
> 0:True:6,7:99,47
> 1:False:6,8:99,47
> 2:True:6,7:99,47
> 3:False:6,8:99,47
> 4:True:6,7:99,47
ferry-optimal-old-noisy/10/ferry_noisy_p03_hyp-4_10_1.tar.bz2:0.326323986053:0.02543017:0.33
> 0:True:6,7:99,47
> 1:True:6,7:99,47
> 2:False:6,8:99,47
> 3:False:6,8:99,47
> 4:False:6,8:99,47
ferry-optimal-old-noisy/10/ferry_noisy_p03_hyp-4_10_2.tar.bz2:0.331246852875:0.02546523:0.33
> 0:True:6,7:99,47
> 1:True:6,7:99,47
> 2:False:6,8:99,47
> 3:True:6,7:99,47
> 4:True:6,7:99,47
ferry-optimal-old-noisy/10/ferry_noisy_p03_hyp-4_10_3.tar.bz2:0.328495979309:0.02586572:0.33
> 0:True:6,8:99,47
> 1:True:6,8:99,47
> 2:True:6,8:99,47
> 3:True:6,8:99,47
> 4:True:6,8:99,47
ferry-optimal-old-noisy/30/ferry_noisy_p00_hyp-1_30_1.tar.bz2:0.394356966019:0.02589176:0.4
> 0:True:6,8:103,51
> 1:False:5,10:103,51
> 2:False:4,9:103,51
> 3:False:4,10:103,51
> 4:False:4,8:103,51
> 5:False:5,11:103,51
ferry-optimal-old-noisy/30/ferry_noisy_p00_hyp-1_30_2.tar.bz2:0.396394968033:0.0284717:0.4
> 0:True:6,10:101,49
> 1:False:5,10:101,49
> 2:False:4,10:101,49
> 3:True:4,8:101,49
> 4:False:4,10:101,49
> 5:False:5,10:101,49
ferry-optimal-old-noisy/30/ferry_noisy_p00_hyp-1_30_3.tar.bz2:0.390799045563:0.02635868:0.4
> 0:True:6,10:104,52
> 1:True:5,9:104,52
> 2:False:4,10:104,52
> 3:False:4,9:104,52
> 4:False:4,9:104,52
> 5:False:5,10:104,52
ferry-optimal-old-noisy/30/ferry_noisy_p00_hyp-2_30_1.tar.bz2:0.390558958054:0.0274231:0.39
> 0:False:6,8:102,50
> 1:True:5,6:102,50
> 2:False:4,7:102,50
> 3:False:4,7:102,50
> 4:False:4,6:102,50
> 5:False:5,8:102,50
ferry-optimal-old-noisy/30/ferry_noisy_p00_hyp-2_30_2.tar.bz2:0.393195152283:0.02854997:0.4
> 0:False:6,10:102,50
> 1:True:5,7:102,50
> 2:False:4,8:102,50
> 3:False:4,8:102,50
> 4:False:4,7:102,50
> 5:False:5,8:102,50
ferry-optimal-old-noisy/30/ferry_noisy_p00_hyp-2_30_3.tar.bz2:0.395370006561:0.0284283:0.4
> 0:False:6,9:102,50
> 1:True:5,7:102,50
> 2:False:4,8:102,50
> 3:False:4,8:102,50
> 4:True:4,6:102,50
> 5:False:5,9:102,50
ferry-optimal-old-noisy/30/ferry_noisy_p00_hyp-3_30_1.tar.bz2:0.396974086761:0.03013734:0.4
> 0:True:6,9:100,48
> 1:False:5,9:100,48
> 2:False:4,9:100,48
> 3:True:4,7:100,48
> 4:False:4,8:100,48
> 5:False:5,10:100,48
ferry-optimal-old-noisy/30/ferry_noisy_p00_hyp-3_30_2.tar.bz2:0.395409107208:0.02738432:0.4
> 0:True:6,9:101,49
> 1:True:5,8:101,49
> 2:False:4,8:101,49
> 3:True:4,7:101,49
> 4:False:4,8:101,49
> 5:True:5,8:101,49
ferry-optimal-old-noisy/30/ferry_noisy_p00_hyp-3_30_3.tar.bz2:0.396080970764:0.02951069:0.39
> 0:False:6,10:101,49
> 1:False:5,8:101,49
> 2:False:4,7:101,49
> 3:False:4,7:101,49
> 4:False:4,8:101,49
> 5:True:5,7:101,49
ferry-optimal-old-noisy/30/ferry_noisy_p00_hyp-4_30_1.tar.bz2:0.394176006317:0.02769032:0.4
> 0:False:6,12:104,52
> 1:False:5,8:104,52
> 2:False:4,9:104,52
> 3:False:4,7:104,52
> 4:False:4,10:104,52
> 5:True:5,7:104,52
ferry-optimal-old-noisy/30/ferry_noisy_p00_hyp-4_30_2.tar.bz2:0.395081043243:0.02884142:0.4
> 0:False:6,12:104,52
> 1:True:5,9:104,52
> 2:False:4,9:104,52
> 3:False:4,9:104,52
> 4:False:4,9:104,52
> 5:True:5,9:104,52
ferry-optimal-old-noisy/30/ferry_noisy_p00_hyp-4_30_3.tar.bz2:0.393378973007:0.02665722:0.4
> 0:False:6,12:104,52
> 1:False:5,9:104,52
> 2:False:4,9:104,52
> 3:False:4,9:104,52
> 4:False:4,10:104,52
> 5:True:5,8:104,52
ferry-optimal-old-noisy/30/ferry_noisy_p02_hyp-1_30_1.tar.bz2:0.556349992752:0.05300558:0.56
> 0:True:5,10:212,82
> 1:True:5,10:212,82
> 2:True:6,11:212,82
> 3:False:6,12:196,73
> 4:False:7,13:212,82
> 5:False:7,13:212,82
> 6:True:7,12:212,82
> 7:True:6,11:212,82
ferry-optimal-old-noisy/30/ferry_noisy_p02_hyp-1_30_2.tar.bz2:0.557459831238:0.0504694:0.56
> 0:True:5,9:212,82
> 1:False:5,11:212,82
> 2:False:6,11:212,82
> 3:False:6,12:196,73
> 4:False:7,12:212,82
> 5:False:7,13:212,82
> 6:False:7,13:212,82
> 7:False:6,12:212,82
ferry-optimal-old-noisy/30/ferry_noisy_p02_hyp-1_30_3.tar.bz2:0.556608915329:0.05191785:0.56
> 0:True:5,9:212,82
> 1:False:5,11:212,82
> 2:False:6,13:212,82
> 3:False:6,12:196,73
> 4:False:7,12:212,82
> 5:False:7,13:212,82
> 6:False:7,13:212,82
> 7:False:6,12:212,82
ferry-optimal-old-noisy/30/ferry_noisy_p02_hyp-2_30_1.tar.bz2:0.559272050858:0.05007198:0.56
> 0:False:5,11:212,82
> 1:True:5,8:212,82
> 2:False:6,11:212,82
> 3:False:6,12:196,73
> 4:False:7,12:212,82
> 5:False:7,13:212,82
> 6:False:7,11:212,82
> 7:False:6,10:212,82
ferry-optimal-old-noisy/30/ferry_noisy_p02_hyp-2_30_2.tar.bz2:0.558561086655:0.05166905:0.56
> 0:False:5,11:211,81
> 1:True:5,9:211,81
> 2:False:6,11:211,81
> 3:False:6,12:195,72
> 4:False:7,13:211,81
> 5:False:7,13:211,81
> 6:True:7,11:211,81
> 7:False:6,11:211,81
ferry-optimal-old-noisy/30/ferry_noisy_p02_hyp-2_30_3.tar.bz2:0.55805516243:0.05057208:0.55
> 0:False:5,12:211,81
> 1:True:5,11:211,81
> 2:True:6,12:211,81
> 3:True:6,12:195,72
> 4:True:7,13:211,81
> 5:True:7,13:211,81
> 6:True:7,13:211,81
> 7:True:6,12:211,81
ferry-optimal-old-noisy/30/ferry_noisy_p02_hyp-3_30_1.tar.bz2:0.558848142624:0.05114861:0.56
> 0:False:5,12:212,82
> 1:True:5,11:212,82
> 2:True:6,12:212,82
> 3:False:6,13:196,73
> 4:False:7,14:212,82
> 5:True:7,13:212,82
> 6:True:7,13:212,82
> 7:False:6,13:212,82
ferry-optimal-old-noisy/30/ferry_noisy_p02_hyp-3_30_2.tar.bz2:0.558896780014:0.05167239:0.57
> 0:False:5,11:213,83
> 1:False:5,12:213,83
> 2:False:6,11:213,83
> 3:False:6,11:197,74
> 4:False:7,12:213,83
> 5:True:7,11:213,83
> 6:False:7,14:213,83
> 7:False:6,13:213,83
ferry-optimal-old-noisy/30/ferry_noisy_p02_hyp-3_30_3.tar.bz2:0.555831193924:0.05048259:0.55
> 0:False:5,12:212,82
> 1:True:5,10:212,82
> 2:False:6,12:212,82
> 3:False:6,13:196,73
> 4:False:7,14:212,82
> 5:False:7,14:212,82
> 6:True:7,12:212,82
> 7:False:6,12:212,82
ferry-optimal-old-noisy/30/ferry_noisy_p02_hyp-4_30_1.tar.bz2:0.559649944305:0.0508817:0.56
> 0:False:5,12:213,83
> 1:True:5,11:213,83
> 2:False:6,13:213,83
> 3:True:6,12:197,74
> 4:False:7,14:213,83
> 5:True:7,13:213,83
> 6:True:7,13:213,83
> 7:False:6,13:213,83
ferry-optimal-old-noisy/30/ferry_noisy_p02_hyp-4_30_2.tar.bz2:0.557208061218:0.05085286:0.56
> 0:False:5,12:212,82
> 1:False:5,12:212,82
> 2:True:6,12:212,82
> 3:True:6,12:196,73
> 4:False:7,14:212,82
> 5:False:7,14:212,82
> 6:False:7,14:212,82
> 7:False:6,13:212,82
ferry-optimal-old-noisy/30/ferry_noisy_p02_hyp-4_30_3.tar.bz2:0.554279088974:0.0510115:0.55
> 0:False:5,12:213,83
> 1:False:5,11:213,83
> 2:False:6,12:213,83
> 3:True:6,10:197,74
> 4:False:7,13:213,83
> 5:False:7,12:213,83
> 6:False:7,12:213,83
> 7:False:6,11:213,83
ferry-optimal-old-noisy/30/ferry_noisy_p03_hyp-1_30_1.tar.bz2:0.328995943069:0.02424276:0.34
> 0:True:6,12:104,52
> 1:True:6,12:104,52
> 2:False:6,13:104,52
> 3:True:6,12:104,52
> 4:False:6,13:104,52
ferry-optimal-old-noisy/30/ferry_noisy_p03_hyp-1_30_2.tar.bz2:0.33057308197:0.02515859:0.32
> 0:True:6,11:105,53
> 1:False:6,12:105,53
> 2:False:6,13:105,53
> 3:False:6,12:105,53
> 4:False:6,12:105,53
ferry-optimal-old-noisy/30/ferry_noisy_p03_hyp-1_30_3.tar.bz2:0.330549001694:0.0251741:0.33
> 0:True:6,12:103,51
> 1:True:6,12:103,51
> 2:False:6,13:103,51
> 3:False:6,13:103,51
> 4:False:6,13:103,51
ferry-optimal-old-noisy/30/ferry_noisy_p03_hyp-2_30_1.tar.bz2:0.330027103424:0.02513735:0.34
> 0:True:6,9:103,51
> 1:True:6,9:103,51
> 2:False:6,11:103,51
> 3:False:6,10:103,51
> 4:False:6,12:103,51
ferry-optimal-old-noisy/30/ferry_noisy_p03_hyp-2_30_2.tar.bz2:0.326414823532:0.02282712:0.32
> 0:False:6,12:104,52
> 1:True:6,11:104,52
> 2:True:6,11:104,52
> 3:False:6,12:104,52
> 4:False:6,12:104,52
ferry-optimal-old-noisy/30/ferry_noisy_p03_hyp-2_30_3.tar.bz2:0.329345941544:0.025243:0.33
> 0:True:6,10:103,51
> 1:True:6,10:103,51
> 2:False:6,11:103,51
> 3:True:6,10:103,51
> 4:False:6,11:103,51
ferry-optimal-old-noisy/30/ferry_noisy_p03_hyp-3_30_1.tar.bz2:0.330070018768:0.02514489:0.33
> 0:True:6,11:102,50
> 1:False:6,12:102,50
> 2:False:6,12:102,50
> 3:True:6,11:102,50
> 4:True:6,11:102,50
ferry-optimal-old-noisy/30/ferry_noisy_p03_hyp-3_30_2.tar.bz2:0.330324888229:0.02536821:0.32
> 0:True:6,12:103,51
> 1:True:6,12:103,51
> 2:True:6,12:103,51
> 3:True:6,12:103,51
> 4:True:6,12:103,51
ferry-optimal-old-noisy/30/ferry_noisy_p03_hyp-3_30_3.tar.bz2:0.330796003342:0.02546012:0.32
> 0:False:6,12:103,51
> 1:False:6,12:103,51
> 2:True:6,11:103,51
> 3:False:6,12:103,51
> 4:False:6,12:103,51
ferry-optimal-old-noisy/30/ferry_noisy_p03_hyp-4_30_1.tar.bz2:0.327501058578:0.02376623:0.32
> 0:False:6,12:103,51
> 1:True:6,11:103,51
> 2:True:6,11:103,51
> 3:True:6,11:103,51
> 4:True:6,11:103,51
ferry-optimal-old-noisy/30/ferry_noisy_p03_hyp-4_30_2.tar.bz2:0.329466104507:0.0249193:0.33
> 0:True:6,12:103,51
> 1:True:6,12:103,51
> 2:True:6,12:103,51
> 3:True:6,12:103,51
> 4:True:6,12:103,51
ferry-optimal-old-noisy/30/ferry_noisy_p03_hyp-4_30_3.tar.bz2:0.328411102295:0.02311992:0.33
> 0:False:6,10:104,52
> 1:True:6,9:104,52
> 2:False:6,10:104,52
> 3:False:6,10:104,52
> 4:False:6,11:104,52
ferry-optimal-old-noisy/50/ferry_noisy_p00_hyp-1_50_1.tar.bz2:0.391885995865:0.02684027:0.38
> 0:True:6,10:106,54
> 1:False:5,12:106,54
> 2:False:4,10:106,54
> 3:False:4,11:106,54
> 4:False:4,10:106,54
> 5:False:5,13:106,54
ferry-optimal-old-noisy/50/ferry_noisy_p00_hyp-1_50_2.tar.bz2:0.387737989426:0.02390195:0.39
> 0:True:6,11:106,54
> 1:False:5,13:106,54
> 2:False:4,11:106,54
> 3:False:4,12:106,54
> 4:False:4,10:106,54
> 5:False:5,13:106,54
ferry-optimal-old-noisy/50/ferry_noisy_p00_hyp-1_50_3.tar.bz2:0.39236497879:0.02603063:0.4
> 0:True:6,10:106,54
> 1:False:5,12:106,54
> 2:False:4,11:106,54
> 3:False:4,11:106,54
> 4:False:4,10:106,54
> 5:False:5,13:106,54
ferry-optimal-old-noisy/50/ferry_noisy_p00_hyp-2_50_1.tar.bz2:0.388761043549:0.02389332:0.39
> 0:False:6,14:106,54
> 1:True:5,11:106,54
> 2:False:4,12:106,54
> 3:False:4,12:106,54
> 4:False:4,11:106,54
> 5:False:5,12:106,54
ferry-optimal-old-noisy/50/ferry_noisy_p00_hyp-2_50_2.tar.bz2:0.391502141953:0.02584937:0.38
> 0:False:6,14:106,54
> 1:True:5,12:106,54
> 2:False:4,12:106,54
> 3:False:4,12:106,54
> 4:False:4,13:106,54
> 5:False:5,13:106,54
ferry-optimal-old-noisy/50/ferry_noisy_p00_hyp-2_50_3.tar.bz2:0.391299009323:0.02592735:0.39
> 0:False:6,14:106,54
> 1:True:5,11:106,54
> 2:False:4,14:106,54
> 3:False:4,12:106,54
> 4:False:4,14:106,54
> 5:False:5,12:106,54
ferry-optimal-old-noisy/50/ferry_noisy_p00_hyp-3_50_1.tar.bz2:0.394484043121:0.02767347:0.4
> 0:False:6,12:104,52
> 1:False:5,10:104,52
> 2:False:4,10:104,52
> 3:True:4,7:104,52
> 4:False:4,11:104,52
> 5:False:5,9:104,52
ferry-optimal-old-noisy/50/ferry_noisy_p00_hyp-3_50_2.tar.bz2:0.394446134567:0.02769914:0.4
> 0:True:6,11:105,53
> 1:False:5,11:105,53
> 2:False:4,11:105,53
> 3:False:4,11:105,53
> 4:True:4,9:105,53
> 5:False:5,12:105,53
ferry-optimal-old-noisy/50/ferry_noisy_p00_hyp-3_50_3.tar.bz2:0.394098997116:0.02771589:0.4
> 0:False:6,13:104,52
> 1:False:5,11:104,52
> 2:False:4,10:104,52
> 3:True:4,9:104,52
> 4:False:4,11:104,52
> 5:True:5,10:104,52
ferry-optimal-old-noisy/50/ferry_noisy_p00_hyp-4_50_1.tar.bz2:0.393545866013:0.02849977:0.4
> 0:False:6,13:105,53
> 1:False:5,11:105,53
> 2:False:4,11:105,53
> 3:False:4,10:105,53
> 4:False:4,12:105,53
> 5:True:5,10:105,53
ferry-optimal-old-noisy/50/ferry_noisy_p00_hyp-4_50_2.tar.bz2:0.393294095993:0.02649032:0.39
> 0:False:6,14:106,54
> 1:False:5,11:106,54
> 2:False:4,10:106,54
> 3:False:4,9:106,54
> 4:False:4,12:106,54
> 5:True:5,9:106,54
ferry-optimal-old-noisy/50/ferry_noisy_p00_hyp-4_50_3.tar.bz2:0.395745038986:0.028247:0.4
> 0:False:6,14:105,53
> 1:False:5,12:105,53
> 2:False:4,10:105,53
> 3:False:4,10:105,53
> 4:False:4,12:105,53
> 5:True:5,10:105,53
ferry-optimal-old-noisy/50/ferry_noisy_p02_hyp-1_50_1.tar.bz2:0.555469036102:0.04958908:0.57
> 0:True:5,13:216,86
> 1:False:5,14:216,86
> 2:False:6,15:216,86
> 3:False:6,15:200,77
> 4:False:7,16:216,86
> 5:False:7,16:216,86
> 6:False:7,16:216,86
> 7:False:6,15:216,86
ferry-optimal-old-noisy/50/ferry_noisy_p02_hyp-1_50_2.tar.bz2:0.557101011276:0.05014029:0.55
> 0:True:5,12:215,85
> 1:False:5,14:215,85
> 2:False:6,14:215,85
> 3:True:6,13:199,76
> 4:False:7,15:215,85
> 5:False:7,15:215,85
> 6:False:7,16:215,85
> 7:False:6,15:215,85
ferry-optimal-old-noisy/50/ferry_noisy_p02_hyp-1_50_3.tar.bz2:0.554739952087:0.05116973:0.56
> 0:True:5,11:215,85
> 1:False:5,14:215,85
> 2:False:6,14:215,85
> 3:False:6,15:199,76
> 4:False:7,14:215,85
> 5:False:7,16:215,85
> 6:False:7,16:215,85
> 7:False:6,14:215,85
ferry-optimal-old-noisy/50/ferry_noisy_p02_hyp-2_50_1.tar.bz2:0.552399873734:0.04961728:0.56
> 0:False:5,13:216,86
> 1:True:5,12:216,86
> 2:True:6,13:216,86
> 3:False:6,15:200,77
> 4:False:7,16:216,86
> 5:False:7,16:216,86
> 6:True:7,14:216,86
> 7:False:6,14:216,86
ferry-optimal-old-noisy/50/ferry_noisy_p02_hyp-2_50_2.tar.bz2:0.554745912552:0.04956964:0.55
> 0:False:5,13:216,86
> 1:True:5,12:216,86
> 2:True:6,13:216,86
> 3:False:6,14:200,77
> 4:False:7,15:216,86
> 5:False:7,15:216,86
> 6:True:7,14:216,86
> 7:False:6,14:216,86
ferry-optimal-old-noisy/50/ferry_noisy_p02_hyp-2_50_3.tar.bz2:0.557941198349:0.05135925:0.55
> 0:False:5,14:215,85
> 1:True:5,11:215,85
> 2:False:6,13:215,85
> 3:False:6,15:199,76
> 4:False:7,16:215,85
> 5:False:7,15:215,85
> 6:True:7,13:215,85
> 7:False:6,14:215,85
ferry-optimal-old-noisy/50/ferry_noisy_p02_hyp-3_50_1.tar.bz2:0.556048154831:0.0497229:0.55
> 0:False:5,14:217,87
> 1:False:5,15:217,87
> 2:True:6,12:217,87
> 3:False:6,15:201,78
> 4:False:7,16:217,87
> 5:False:7,16:217,87
> 6:False:7,17:217,87
> 7:False:6,16:217,87
ferry-optimal-old-noisy/50/ferry_noisy_p02_hyp-3_50_2.tar.bz2:0.554561138153:0.04851007:0.56
> 0:False:5,16:217,87
> 1:False:5,14:217,87
> 2:True:6,14:217,87
> 3:False:6,15:201,78
> 4:False:7,18:217,87
> 5:False:7,17:217,87
> 6:False:7,16:217,87
> 7:False:6,16:217,87
ferry-optimal-old-noisy/50/ferry_noisy_p02_hyp-3_50_3.tar.bz2:0.555157899857:0.04722662:0.56
> 0:True:5,14:217,87
> 1:False:5,15:217,87
> 2:True:6,15:217,87
> 3:False:6,16:201,78
> 4:False:7,17:217,87
> 5:False:7,17:217,87
> 6:False:7,18:217,87
> 7:False:6,17:217,87
ferry-optimal-old-noisy/50/ferry_noisy_p02_hyp-4_50_1.tar.bz2:0.553187847137:0.04743058:0.56
> 0:False:5,14:218,88
> 1:False:5,16:218,88
> 2:False:6,15:218,88
> 3:True:6,13:202,79
> 4:False:7,16:218,88
> 5:False:7,16:218,88
> 6:False:7,17:218,88
> 7:False:6,16:218,88
ferry-optimal-old-noisy/50/ferry_noisy_p02_hyp-4_50_2.tar.bz2:0.556535005569:0.04988517:0.56
> 0:False:5,14:217,87
> 1:False:5,15:217,87
> 2:False:6,16:217,87
> 3:True:6,12:201,78
> 4:False:7,16:217,87
> 5:False:7,15:217,87
> 6:False:7,16:217,87
> 7:False:6,15:217,87
ferry-optimal-old-noisy/50/ferry_noisy_p02_hyp-4_50_3.tar.bz2:0.556830883026:0.05026828:0.56
> 0:False:5,15:217,87
> 1:False:5,15:217,87
> 2:True:6,15:217,87
> 3:True:6,15:201,78
> 4:False:7,17:217,87
> 5:False:7,17:217,87
> 6:False:7,17:217,87
> 7:False:6,16:217,87
ferry-optimal-old-noisy/50/ferry_noisy_p03_hyp-1_50_1.tar.bz2:0.327034950256:0.02265744:0.32
> 0:True:6,12:109,57
> 1:False:6,13:109,57
> 2:False:6,16:109,57
> 3:False:6,14:109,57
> 4:False:6,16:109,57
ferry-optimal-old-noisy/50/ferry_noisy_p03_hyp-1_50_2.tar.bz2:0.326920032501:0.02267142:0.33
> 0:True:6,13:109,57
> 1:False:6,14:109,57
> 2:False:6,16:109,57
> 3:False:6,14:109,57
> 4:False:6,16:109,57
ferry-optimal-old-noisy/50/ferry_noisy_p03_hyp-1_50_3.tar.bz2:0.329034090042:0.02256603:0.33
> 0:True:6,15:109,57
> 1:False:6,16:109,57
> 2:False:6,17:109,57
> 3:True:6,15:109,57
> 4:True:6,15:109,57
ferry-optimal-old-noisy/50/ferry_noisy_p03_hyp-2_50_1.tar.bz2:0.328137874603:0.02470256:0.33
> 0:True:6,13:108,56
> 1:True:6,13:108,56
> 2:False:6,15:108,56
> 3:False:6,14:108,56
> 4:False:6,15:108,56
ferry-optimal-old-noisy/50/ferry_noisy_p03_hyp-2_50_2.tar.bz2:0.325020074844:0.02074083:0.33
> 0:False:6,14:106,54
> 1:True:6,13:106,54
> 2:True:6,13:106,54
> 3:False:6,14:106,54
> 4:False:6,15:106,54
ferry-optimal-old-noisy/50/ferry_noisy_p03_hyp-2_50_3.tar.bz2:0.332036972046:0.02535938:0.33
> 0:False:6,13:107,55
> 1:True:6,12:107,55
> 2:False:6,13:107,55
> 3:False:6,14:107,55
> 4:False:6,14:107,55
ferry-optimal-old-noisy/50/ferry_noisy_p03_hyp-3_50_1.tar.bz2:0.328312158585:0.02432022:0.33
> 0:False:6,14:107,55
> 1:True:6,12:107,55
> 2:True:6,12:107,55
> 3:False:6,13:107,55
> 4:False:6,13:107,55
ferry-optimal-old-noisy/50/ferry_noisy_p03_hyp-3_50_2.tar.bz2:0.320706129074:0.02053668:0.32
> 0:False:6,14:107,55
> 1:False:6,14:107,55
> 2:True:6,12:107,55
> 3:False:6,13:107,55
> 4:False:6,13:107,55
ferry-optimal-old-noisy/50/ferry_noisy_p03_hyp-3_50_3.tar.bz2:0.32707285881:0.02326508:0.33
> 0:False:6,13:108,56
> 1:False:6,13:108,56
> 2:True:6,11:108,56
> 3:False:6,13:108,56
> 4:False:6,14:108,56
ferry-optimal-old-noisy/50/ferry_noisy_p03_hyp-4_50_1.tar.bz2:0.327922105789:0.02422186:0.34
> 0:True:6,12:107,55
> 1:True:6,12:107,55
> 2:False:6,15:107,55
> 3:False:6,13:107,55
> 4:False:6,14:107,55
ferry-optimal-old-noisy/50/ferry_noisy_p03_hyp-4_50_2.tar.bz2:0.327647924423:0.02335098:0.32
> 0:False:6,14:106,54
> 1:True:6,12:106,54
> 2:True:6,12:106,54
> 3:False:6,13:106,54
> 4:False:6,14:106,54
ferry-optimal-old-noisy/50/ferry_noisy_p03_hyp-4_50_3.tar.bz2:0.326483011246:0.0222245:0.34
> 0:True:6,12:107,55
> 1:True:6,12:107,55
> 2:False:6,14:107,55
> 3:False:6,13:107,55
> 4:False:6,15:107,55
ferry-optimal-old-noisy/70/ferry_noisy_p00_hyp-1_70_1.tar.bz2:0.388249874115:0.02393075:0.39
> 0:True:6,13:110,58
> 1:False:5,16:110,58
> 2:False:4,15:110,58
> 3:False:4,15:110,58
> 4:False:4,13:110,58
> 5:False:5,17:110,58
ferry-optimal-old-noisy/70/ferry_noisy_p00_hyp-1_70_2.tar.bz2:0.391662120819:0.02620496:0.39
> 0:True:6,13:111,59
> 1:False:5,17:111,59
> 2:False:4,14:111,59
> 3:False:4,15:111,59
> 4:False:4,14:111,59
> 5:False:5,17:111,59
ferry-optimal-old-noisy/70/ferry_noisy_p00_hyp-1_70_3.tar.bz2:0.396545886993:0.02965029:0.39
> 0:True:6,14:111,59
> 1:False:5,16:111,59
> 2:False:4,15:111,59
> 3:False:4,15:111,59
> 4:False:4,13:111,59
> 5:False:5,17:111,59
ferry-optimal-old-noisy/70/ferry_noisy_p00_hyp-2_70_1.tar.bz2:0.393931865692:0.027594:0.39
> 0:False:6,16:108,56
> 1:True:5,12:108,56
> 2:False:4,15:108,56
> 3:False:4,14:108,56
> 4:False:4,13:108,56
> 5:False:5,14:108,56
ferry-optimal-old-noisy/70/ferry_noisy_p00_hyp-2_70_2.tar.bz2:0.394508123398:0.02856243:0.4
> 0:False:6,16:109,57
> 1:True:5,13:109,57
> 2:False:4,14:109,57
> 3:False:4,13:109,57
> 4:False:4,13:109,57
> 5:False:5,14:109,57
ferry-optimal-old-noisy/70/ferry_noisy_p00_hyp-2_70_3.tar.bz2:0.39302110672:0.02654446:0.4
> 0:False:6,16:110,58
> 1:True:5,13:110,58
> 2:False:4,15:110,58
> 3:False:4,14:110,58
> 4:False:4,13:110,58
> 5:False:5,15:110,58
ferry-optimal-old-noisy/70/ferry_noisy_p00_hyp-3_70_1.tar.bz2:0.390671014786:0.02789174:0.39
> 0:False:6,14:108,56
> 1:False:5,12:108,56
> 2:False:4,12:108,56
> 3:True:4,9:108,56
> 4:False:4,13:108,56
> 5:False:5,11:108,56
ferry-optimal-old-noisy/70/ferry_noisy_p00_hyp-3_70_2.tar.bz2:0.394546985626:0.02800121:0.4
> 0:False:6,14:106,54
> 1:False:5,13:106,54
> 2:False:4,13:106,54
> 3:True:4,10:106,54
> 4:False:4,13:106,54
> 5:False:5,12:106,54
ferry-optimal-old-noisy/70/ferry_noisy_p00_hyp-3_70_3.tar.bz2:0.393790960312:0.02802093:0.39
> 0:False:6,15:106,54
> 1:False:5,12:106,54
> 2:False:4,12:106,54
> 3:True:4,10:106,54
> 4:False:4,13:106,54
> 5:True:5,11:106,54
ferry-optimal-old-noisy/70/ferry_noisy_p00_hyp-4_70_1.tar.bz2:0.392118930817:0.02440978:0.38
> 0:False:6,17:110,58
> 1:False:5,14:110,58
> 2:False:4,14:110,58
> 3:False:4,13:110,58
> 4:False:4,16:110,58
> 5:True:5,12:110,58
ferry-optimal-old-noisy/70/ferry_noisy_p00_hyp-4_70_2.tar.bz2:0.393721818924:0.02815764:0.41
> 0:False:6,17:109,57
> 1:False:5,14:109,57
> 2:False:4,15:109,57
> 3:False:4,14:109,57
> 4:False:4,16:109,57
> 5:True:5,13:109,57
ferry-optimal-old-noisy/70/ferry_noisy_p00_hyp-4_70_3.tar.bz2:0.393734931946:0.02679317:0.39
> 0:False:6,18:108,56
> 1:False:5,16:108,56
> 2:False:4,15:108,56
> 3:False:4,15:108,56
> 4:False:4,16:108,56
> 5:True:5,15:108,56
ferry-optimal-old-noisy/70/ferry_noisy_p02_hyp-1_70_1.tar.bz2:0.554451942444:0.04838103:0.55
> 0:True:5,14:221,91
> 1:False:5,18:221,91
> 2:False:6,18:221,91
> 3:False:6,19:205,82
> 4:False:7,19:221,91
> 5:False:7,20:221,91
> 6:False:7,20:221,91
> 7:False:6,19:221,91
ferry-optimal-old-noisy/70/ferry_noisy_p02_hyp-1_70_2.tar.bz2:0.554828166962:0.04848698:0.55
> 0:True:5,14:220,90
> 1:False:5,18:220,90
> 2:False:6,18:220,90
> 3:False:6,17:204,81
> 4:False:7,17:220,90
> 5:False:7,19:220,90
> 6:False:7,20:220,90
> 7:False:6,18:220,90
ferry-optimal-old-noisy/70/ferry_noisy_p02_hyp-1_70_3.tar.bz2:0.556263923645:0.04838406:0.55
> 0:True:5,15:220,90
> 1:False:5,17:220,90
> 2:False:6,18:220,90
> 3:False:6,17:204,81
> 4:False:7,18:220,90
> 5:False:7,19:220,90
> 6:False:7,19:220,90
> 7:False:6,19:220,90
ferry-optimal-old-noisy/70/ferry_noisy_p02_hyp-2_70_1.tar.bz2:0.558579921722:0.04972896:0.57
> 0:False:5,18:218,88
> 1:True:5,14:218,88
> 2:False:6,17:218,88
> 3:False:6,18:202,79
> 4:False:7,20:218,88
> 5:False:7,19:218,88
> 6:True:7,16:218,88
> 7:False:6,17:218,88
ferry-optimal-old-noisy/70/ferry_noisy_p02_hyp-2_70_2.tar.bz2:0.554374933243:0.04844224:0.55
> 0:False:5,18:220,90
> 1:True:5,14:220,90
> 2:False:6,17:220,90
> 3:False:6,19:204,81
> 4:False:7,20:220,90
> 5:False:7,19:220,90
> 6:True:7,16:220,90
> 7:False:6,18:220,90
ferry-optimal-old-noisy/70/ferry_noisy_p02_hyp-2_70_3.tar.bz2:0.554991960526:0.04855469:0.55
> 0:False:5,18:219,89
> 1:True:5,13:219,89
> 2:False:6,17:219,89
> 3:False:6,19:203,80
> 4:False:7,20:219,89
> 5:False:7,19:219,89
> 6:False:7,16:219,89
> 7:False:6,18:219,89
ferry-optimal-old-noisy/70/ferry_noisy_p02_hyp-3_70_1.tar.bz2:0.557992935181:0.05048567:0.56
> 0:False:5,18:220,90
> 1:False:5,16:220,90
> 2:True:6,16:220,90
> 3:False:6,19:204,81
> 4:False:7,19:220,90
> 5:False:7,18:220,90
> 6:False:7,19:220,90
> 7:False:6,19:220,90
ferry-optimal-old-noisy/70/ferry_noisy_p02_hyp-3_70_2.tar.bz2:0.55680513382:0.05020464:0.56
> 0:False:5,17:221,91
> 1:False:5,17:221,91
> 2:True:6,15:221,91
> 3:False:6,18:205,82
> 4:False:7,20:221,91
> 5:False:7,19:221,91
> 6:False:7,19:221,91
> 7:False:6,19:221,91
ferry-optimal-old-noisy/70/ferry_noisy_p02_hyp-3_70_3.tar.bz2:0.548093080521:0.04308144:0.55
> 0:False:5,17:221,91
> 1:False:5,17:221,91
> 2:True:6,15:221,91
> 3:False:6,17:205,82
> 4:False:7,20:221,91
> 5:False:7,19:221,91
> 6:False:7,19:221,91
> 7:False:6,19:221,91
ferry-optimal-old-noisy/70/ferry_noisy_p02_hyp-4_70_1.tar.bz2:0.593793153763:0.04822241:0.55
> 0:False:5,18:221,91
> 1:False:5,19:221,91
> 2:False:6,19:221,91
> 3:True:6,15:205,82
> 4:False:7,18:221,91
> 5:False:7,17:221,91
> 6:False:7,18:221,91
> 7:False:6,17:221,91
ferry-optimal-old-noisy/70/ferry_noisy_p02_hyp-4_70_2.tar.bz2:0.554258108139:0.04674366:0.56
> 0:False:5,18:221,91
> 1:False:5,18:221,91
> 2:False:6,18:221,91
> 3:True:6,14:205,82
> 4:False:7,19:221,91
> 5:False:7,18:221,91
> 6:False:7,18:221,91
> 7:False:6,18:221,91
ferry-optimal-old-noisy/70/ferry_noisy_p02_hyp-4_70_3.tar.bz2:0.554600954056:0.04744861:0.56
> 0:False:5,18:222,92
> 1:False:5,18:222,92
> 2:False:6,17:222,92
> 3:True:6,14:206,83
> 4:False:7,19:222,92
> 5:False:7,18:222,92
> 6:False:7,18:222,92
> 7:False:6,17:222,92
ferry-optimal-old-noisy/70/ferry_noisy_p03_hyp-1_70_1.tar.bz2:0.328313827515:0.02250899:0.33
> 0:True:6,14:113,61
> 1:False:6,16:113,61
> 2:False:6,19:113,61
> 3:False:6,16:113,61
> 4:False:6,18:113,61
ferry-optimal-old-noisy/70/ferry_noisy_p03_hyp-1_70_2.tar.bz2:0.328193187714:0.02282875:0.33
> 0:True:6,15:111,59
> 1:False:6,16:111,59
> 2:False:6,19:111,59
> 3:False:6,16:111,59
> 4:False:6,18:111,59
ferry-optimal-old-noisy/70/ferry_noisy_p03_hyp-1_70_3.tar.bz2:0.330534934998:0.02474483:0.33
> 0:True:6,16:112,60
> 1:False:6,17:112,60
> 2:False:6,19:112,60
> 3:True:6,16:112,60
> 4:False:6,17:112,60
ferry-optimal-old-noisy/70/ferry_noisy_p03_hyp-2_70_1.tar.bz2:0.32660317421:0.02246577:0.32
> 0:False:6,16:111,59
> 1:True:6,15:111,59
> 2:False:6,17:111,59
> 3:True:6,15:111,59
> 4:False:6,17:111,59
ferry-optimal-old-noisy/70/ferry_noisy_p03_hyp-2_70_2.tar.bz2:0.327690124512:0.02252651:0.34
> 0:False:6,16:109,57
> 1:True:6,15:109,57
> 2:False:6,17:109,57
> 3:False:6,16:109,57
> 4:False:6,18:109,57
ferry-optimal-old-noisy/70/ferry_noisy_p03_hyp-2_70_3.tar.bz2:0.328928947449:0.02265353:0.33
> 0:False:6,17:112,60
> 1:True:6,15:112,60
> 2:False:6,17:112,60
> 3:False:6,17:112,60
> 4:False:6,18:112,60
ferry-optimal-old-noisy/70/ferry_noisy_p03_hyp-3_70_1.tar.bz2:0.327399969101:0.02259465:0.33
> 0:False:6,18:112,60
> 1:False:6,16:112,60
> 2:True:6,14:112,60
> 3:False:6,16:112,60
> 4:False:6,16:112,60
ferry-optimal-old-noisy/70/ferry_noisy_p03_hyp-3_70_2.tar.bz2:0.325891971588:0.02272866:0.32
> 0:False:6,17:113,61
> 1:False:6,17:113,61
> 2:True:6,15:113,61
> 3:False:6,16:113,61
> 4:False:6,17:113,61
ferry-optimal-old-noisy/70/ferry_noisy_p03_hyp-3_70_3.tar.bz2:0.326272010803:0.02265988:0.33
> 0:False:6,18:111,59
> 1:False:6,17:111,59
> 2:True:6,14:111,59
> 3:False:6,16:111,59
> 4:False:6,16:111,59
ferry-optimal-old-noisy/70/ferry_noisy_p03_hyp-4_70_1.tar.bz2:0.327439069748:0.02273099:0.32
> 0:False:6,16:112,60
> 1:True:6,15:112,60
> 2:False:6,16:112,60
> 3:False:6,17:112,60
> 4:False:6,16:112,60
ferry-optimal-old-noisy/70/ferry_noisy_p03_hyp-4_70_2.tar.bz2:0.327428817749:0.02482551:0.32
> 0:False:6,17:112,60
> 1:True:6,15:112,60
> 2:False:6,17:112,60
> 3:False:6,17:112,60
> 4:False:6,17:112,60
ferry-optimal-old-noisy/70/ferry_noisy_p03_hyp-4_70_3.tar.bz2:0.327095031738:0.02266984:0.33
> 0:False:6,15:112,60
> 1:True:6,14:112,60
> 2:False:6,16:112,60
> 3:False:6,16:112,60
> 4:False:6,17:112,60
ferry-optimal-old-noisy/100/ferry_noisy_p00_hyp-1_full_1.tar.bz2:0.393607139587:0.0266061:0.4
> 0:True:6,17:116,64
> 1:False:5,19:116,64
> 2:False:4,19:116,64
> 3:False:4,20:116,64
> 4:False:4,17:116,64
> 5:False:5,21:116,64
ferry-optimal-old-noisy/100/ferry_noisy_p00_hyp-1_full_2.tar.bz2:0.391264915466:0.02628848:0.38
> 0:True:6,17:116,64
> 1:False:5,21:116,64
> 2:False:4,18:116,64
> 3:False:4,20:116,64
> 4:False:4,18:116,64
> 5:False:5,21:116,64
ferry-optimal-old-noisy/100/ferry_noisy_p00_hyp-1_full_3.tar.bz2:0.393336057663:0.02646248:0.39
> 0:True:6,17:115,63
> 1:False:5,20:115,63
> 2:False:4,19:115,63
> 3:False:4,20:115,63
> 4:False:4,18:115,63
> 5:False:5,21:115,63
ferry-optimal-old-noisy/100/ferry_noisy_p00_hyp-2_full_1.tar.bz2:0.392553091049:0.0285067:0.39
> 0:False:6,19:113,61
> 1:True:5,14:113,61
> 2:False:4,17:113,61
> 3:False:4,15:113,61
> 4:False:4,16:113,61
> 5:False:5,15:113,61
ferry-optimal-old-noisy/100/ferry_noisy_p00_hyp-2_full_2.tar.bz2:0.395654916763:0.02882048:0.39
> 0:False:6,19:112,60
> 1:True:5,14:112,60
> 2:False:4,18:112,60
> 3:False:4,16:112,60
> 4:False:4,17:112,60
> 5:False:5,16:112,60
ferry-optimal-old-noisy/100/ferry_noisy_p00_hyp-2_full_3.tar.bz2:0.398435115814:0.02903014:0.4
> 0:False:6,19:113,61
> 1:True:5,14:113,61
> 2:False:4,18:113,61
> 3:False:4,16:113,61
> 4:False:4,16:113,61
> 5:False:5,16:113,61
ferry-optimal-old-noisy/100/ferry_noisy_p00_hyp-3_full_1.tar.bz2:0.3981320858:0.02883459:0.4
> 0:False:6,16:111,59
> 1:False:5,15:111,59
> 2:False:4,15:111,59
> 3:True:4,12:111,59
> 4:False:4,16:111,59
> 5:False:5,14:111,59
ferry-optimal-old-noisy/100/ferry_noisy_p00_hyp-3_full_2.tar.bz2:0.39479804039:0.02733133:0.39
> 0:False:6,17:111,59
> 1:False:5,15:111,59
> 2:False:4,15:111,59
> 3:True:4,12:111,59
> 4:False:4,16:111,59
> 5:False:5,14:111,59
ferry-optimal-old-noisy/100/ferry_noisy_p00_hyp-3_full_3.tar.bz2:0.396104097366:0.0297014:0.41
> 0:False:6,16:110,58
> 1:False:5,15:110,58
> 2:False:4,15:110,58
> 3:True:4,12:110,58
> 4:False:4,16:110,58
> 5:False:5,14:110,58
ferry-optimal-old-noisy/100/ferry_noisy_p00_hyp-4_full_1.tar.bz2:0.391298055649:0.02633189:0.39
> 0:False:6,23:113,61
> 1:False:5,19:113,61
> 2:False:4,19:113,61
> 3:False:4,18:113,61
> 4:False:4,21:113,61
> 5:True:5,17:113,61
ferry-optimal-old-noisy/100/ferry_noisy_p00_hyp-4_full_2.tar.bz2:0.394250154495:0.02641476:0.39
> 0:False:6,22:114,62
> 1:False:5,18:114,62
> 2:False:4,18:114,62
> 3:False:4,18:114,62
> 4:False:4,20:114,62
> 5:True:5,17:114,62
ferry-optimal-old-noisy/100/ferry_noisy_p00_hyp-4_full_3.tar.bz2:0.390544176102:0.0265657:0.39
> 0:False:6,22:114,62
> 1:False:5,18:114,62
> 2:False:4,18:114,62
> 3:False:4,18:114,62
> 4:False:4,19:114,62
> 5:True:5,17:114,62
ferry-optimal-old-noisy/100/ferry_noisy_p02_hyp-1_full_1.tar.bz2:0.557578086853:0.05182748:0.56
> 0:True:5,18:225,95
> 1:False:5,23:225,95
> 2:False:6,22:225,95
> 3:False:6,23:209,86
> 4:False:7,23:225,95
> 5:False:7,24:225,95
> 6:False:7,25:225,95
> 7:False:6,24:225,95
ferry-optimal-old-noisy/100/ferry_noisy_p02_hyp-1_full_2.tar.bz2:0.55345916748:0.04732713:0.55
> 0:True:5,18:225,95
> 1:False:5,22:225,95
> 2:False:6,22:225,95
> 3:False:6,23:209,86
> 4:False:7,23:225,95
> 5:False:7,24:225,95
> 6:False:7,24:225,95
> 7:False:6,24:225,95
ferry-optimal-old-noisy/100/ferry_noisy_p02_hyp-1_full_3.tar.bz2:0.559609889984:0.05052852:0.56
> 0:True:5,18:225,95
> 1:False:5,23:225,95
> 2:False:6,22:225,95
> 3:False:6,23:209,86
> 4:False:7,23:225,95
> 5:False:7,24:225,95
> 6:False:7,25:225,95
> 7:False:6,24:225,95
ferry-optimal-old-noisy/100/ferry_noisy_p02_hyp-2_full_1.tar.bz2:0.557980060577:0.05144604:0.56
> 0:False:5,24:224,94
> 1:True:5,19:224,94
> 2:False:6,23:224,94
> 3:False:6,25:208,85
> 4:False:7,26:224,94
> 5:False:7,24:224,94
> 6:True:7,21:224,94
> 7:False:6,23:224,94
ferry-optimal-old-noisy/100/ferry_noisy_p02_hyp-2_full_2.tar.bz2:0.555028915405:0.0476734:0.56
> 0:False:5,23:224,94
> 1:True:5,19:224,94
> 2:False:6,23:224,94
> 3:False:6,25:208,85
> 4:False:7,25:224,94
> 5:False:7,25:224,94
> 6:False:7,22:224,94
> 7:False:6,24:224,94
ferry-optimal-old-noisy/100/ferry_noisy_p02_hyp-2_full_3.tar.bz2:0.556118011475:0.04859899:0.55
> 0:False:5,22:224,94
> 1:True:5,19:224,94
> 2:False:6,23:224,94
> 3:False:6,25:208,85
> 4:False:7,25:224,94
> 5:False:7,25:224,94
> 6:False:7,22:224,94
> 7:False:6,24:224,94
ferry-optimal-old-noisy/100/ferry_noisy_p02_hyp-3_full_1.tar.bz2:0.553576946259:0.04662317:0.55
> 0:False:5,23:227,97
> 1:False:5,23:227,97
> 2:True:6,20:227,97
> 3:False:6,23:211,88
> 4:False:7,24:227,97
> 5:False:7,22:227,97
> 6:False:7,24:227,97
> 7:False:6,23:227,97
ferry-optimal-old-noisy/100/ferry_noisy_p02_hyp-3_full_2.tar.bz2:0.559708118439:0.0524553:0.55
> 0:False:5,23:227,97
> 1:False:5,23:227,97
> 2:True:6,20:227,97
> 3:False:6,24:211,88
> 4:False:7,25:227,97
> 5:False:7,23:227,97
> 6:False:7,25:227,97
> 7:False:6,24:227,97
ferry-optimal-old-noisy/100/ferry_noisy_p02_hyp-3_full_3.tar.bz2:0.550539016724:0.04334768:0.55
> 0:False:5,23:227,97
> 1:False:5,22:227,97
> 2:True:6,20:227,97
> 3:False:6,22:211,88
> 4:False:7,24:227,97
> 5:False:7,23:227,97
> 6:False:7,23:227,97
> 7:False:6,24:227,97
ferry-optimal-old-noisy/100/ferry_noisy_p02_hyp-4_full_1.tar.bz2:0.555167913437:0.04910433:0.56
> 0:False:5,23:228,98
> 1:False:5,25:228,98
> 2:False:6,24:228,98
> 3:True:6,20:212,89
> 4:False:7,25:228,98
> 5:False:7,24:228,98
> 6:False:7,25:228,98
> 7:False:6,24:228,98
ferry-optimal-old-noisy/100/ferry_noisy_p02_hyp-4_full_2.tar.bz2:0.554885149002:0.04907688:0.56
> 0:False:5,24:228,98
> 1:False:5,25:228,98
> 2:False:6,24:228,98
> 3:True:6,20:212,89
> 4:False:7,24:228,98
> 5:False:7,24:228,98
> 6:False:7,25:228,98
> 7:False:6,24:228,98
ferry-optimal-old-noisy/100/ferry_noisy_p02_hyp-4_full_3.tar.bz2:0.555336952209:0.04925319:0.56
> 0:False:5,24:228,98
> 1:False:5,25:228,98
> 2:False:6,24:228,98
> 3:True:6,20:212,89
> 4:False:7,25:228,98
> 5:False:7,23:228,98
> 6:False:7,25:228,98
> 7:False:6,23:228,98
ferry-optimal-old-noisy/100/ferry_noisy_p03_hyp-1_full_1.tar.bz2:0.327001094818:0.02270932:0.33
> 0:True:6,20:118,66
> 1:False:6,21:118,66
> 2:False:6,23:118,66
> 3:False:6,21:118,66
> 4:False:6,23:118,66
ferry-optimal-old-noisy/100/ferry_noisy_p03_hyp-1_full_2.tar.bz2:0.327167987823:0.02260995:0.34
> 0:True:6,20:118,66
> 1:False:6,21:118,66
> 2:False:6,22:118,66
> 3:True:6,20:118,66
> 4:False:6,21:118,66
ferry-optimal-old-noisy/100/ferry_noisy_p03_hyp-1_full_3.tar.bz2:0.326496839523:0.0226882:0.32
> 0:True:6,20:118,66
> 1:False:6,22:118,66
> 2:False:6,25:118,66
> 3:False:6,22:118,66
> 4:False:6,23:118,66
ferry-optimal-old-noisy/100/ferry_noisy_p03_hyp-2_full_1.tar.bz2:0.327080965042:0.02239313:0.33
> 0:False:6,20:116,64
> 1:True:6,19:116,64
> 2:False:6,21:116,64
> 3:True:6,19:116,64
> 4:False:6,21:116,64
ferry-optimal-old-noisy/100/ferry_noisy_p03_hyp-2_full_2.tar.bz2:0.326875925064:0.02277282:0.32
> 0:False:6,21:116,64
> 1:True:6,19:116,64
> 2:False:6,22:116,64
> 3:False:6,21:116,64
> 4:False:6,23:116,64
ferry-optimal-old-noisy/100/ferry_noisy_p03_hyp-2_full_3.tar.bz2:0.32620215416:0.02236095:0.34
> 0:False:6,21:116,64
> 1:True:6,19:116,64
> 2:False:6,22:116,64
> 3:False:6,21:116,64
> 4:False:6,23:116,64
ferry-optimal-old-noisy/100/ferry_noisy_p03_hyp-3_full_1.tar.bz2:0.326560974121:0.02277485:0.32
> 0:False:6,24:116,64
> 1:False:6,22:116,64
> 2:True:6,19:116,64
> 3:False:6,22:116,64
> 4:False:6,22:116,64
ferry-optimal-old-noisy/100/ferry_noisy_p03_hyp-3_full_2.tar.bz2:0.329213142395:0.02276296:0.33
> 0:False:6,24:116,64
> 1:False:6,22:116,64
> 2:True:6,19:116,64
> 3:False:6,22:116,64
> 4:False:6,22:116,64
ferry-optimal-old-noisy/100/ferry_noisy_p03_hyp-3_full_3.tar.bz2:0.328569173813:0.02284814:0.33
> 0:False:6,24:116,64
> 1:False:6,22:116,64
> 2:True:6,19:116,64
> 3:False:6,22:116,64
> 4:False:6,22:116,64
ferry-optimal-old-noisy/100/ferry_noisy_p03_hyp-4_full_1.tar.bz2:0.326463937759:0.02268635:0.33
> 0:False:6,21:116,64
> 1:True:6,19:116,64
> 2:False:6,21:116,64
> 3:False:6,21:116,64
> 4:False:6,22:116,64
ferry-optimal-old-noisy/100/ferry_noisy_p03_hyp-4_full_2.tar.bz2:0.327039957047:0.02280073:0.32
> 0:False:6,21:116,64
> 1:True:6,19:116,64
> 2:False:6,21:116,64
> 3:False:6,21:116,64
> 4:False:6,22:116,64
ferry-optimal-old-noisy/100/ferry_noisy_p03_hyp-4_full_3.tar.bz2:0.324955940247:0.02265312:0.32
> 0:False:6,21:116,64
> 1:True:6,19:116,64
> 2:False:6,21:116,64
> 3:False:6,21:116,64
> 4:False:6,23:116,64
