ferry-optimal-old-noisy/10/ferry_noisy_p00_hyp-1_10_1.tar.bz2:0.369193077087:0.005219449:0.36
> 0:True:14,15:48,25
> 1:True:12,13:48,23
> 2:True:10,11:48,21
> 3:False:10,12:48,21
> 4:False:10,12:48,21
> 5:True:12,13:48,23
ferry-optimal-old-noisy/10/ferry_noisy_p00_hyp-1_10_2.tar.bz2:0.369210958481:0.005573133:0.36
> 0:True:14,14:48,27
> 1:True:12,12:48,25
> 2:False:10,11:48,23
> 3:False:10,11:48,23
> 4:False:10,11:48,23
> 5:True:12,12:48,25
ferry-optimal-old-noisy/10/ferry_noisy_p00_hyp-1_10_3.tar.bz2:0.370578050613:0.00767163:0.37
> 0:True:14,15:48,26
> 1:True:12,13:48,24
> 2:True:10,11:48,22
> 3:True:10,11:48,22
> 4:True:10,11:48,22
> 5:True:12,13:48,24
ferry-optimal-old-noisy/10/ferry_noisy_p00_hyp-2_10_1.tar.bz2:0.371350049973:0.005751166:0.37
> 0:False:14,15:48,28
> 1:True:12,12:48,26
> 2:False:10,12:48,24
> 3:True:10,10:48,24
> 4:False:10,12:48,24
> 5:True:12,12:48,26
ferry-optimal-old-noisy/10/ferry_noisy_p00_hyp-2_10_2.tar.bz2:0.371822118759:0.005619611:0.38
> 0:True:14,14:48,28
> 1:True:12,12:48,26
> 2:False:10,12:48,24
> 3:False:10,12:48,24
> 4:False:10,12:48,24
> 5:False:12,13:48,26
ferry-optimal-old-noisy/10/ferry_noisy_p00_hyp-2_10_3.tar.bz2:0.372424125671:0.00769617:0.37
> 0:True:14,14:48,27
> 1:True:12,12:48,25
> 2:False:10,11:48,23
> 3:True:10,10:48,23
> 4:False:10,11:48,23
> 5:True:12,12:48,25
ferry-optimal-old-noisy/10/ferry_noisy_p00_hyp-3_10_1.tar.bz2:0.37242603302:0.007522553:0.38
> 0:True:14,14:48,28
> 1:True:12,12:48,26
> 2:False:10,11:48,24
> 3:True:10,10:48,24
> 4:True:10,10:48,24
> 5:True:12,12:48,26
ferry-optimal-old-noisy/10/ferry_noisy_p00_hyp-3_10_2.tar.bz2:0.373511075974:0.00813268:0.37
> 0:False:14,15:48,29
> 1:True:12,12:48,27
> 2:False:10,12:48,25
> 3:True:10,10:48,25
> 4:False:10,12:48,25
> 5:True:12,12:48,27
ferry-optimal-old-noisy/10/ferry_noisy_p00_hyp-3_10_3.tar.bz2:0.369632005692:0.005006329:0.37
> 0:True:14,14:46,21
> 1:True:12,12:46,19
> 2:True:10,10:46,17
> 3:True:10,10:46,17
> 4:True:10,10:46,17
> 5:True:12,12:46,19
ferry-optimal-old-noisy/10/ferry_noisy_p00_hyp-4_10_1.tar.bz2:0.369149923325:0.00525783:0.36
> 0:False:14,16:46,25
> 1:False:12,14:46,23
> 2:False:10,12:46,21
> 3:False:10,12:46,21
> 4:False:10,13:46,21
> 5:True:12,12:46,23
ferry-optimal-old-noisy/10/ferry_noisy_p00_hyp-4_10_2.tar.bz2:0.369258165359:0.005066022:0.37
> 0:False:14,15:46,23
> 1:True:12,12:46,21
> 2:False:10,11:46,19
> 3:True:10,10:46,19
> 4:False:10,11:46,19
> 5:True:12,12:46,21
ferry-optimal-old-noisy/10/ferry_noisy_p00_hyp-4_10_3.tar.bz2:0.370869874954:0.005313266:0.37
> 0:False:14,15:46,23
> 1:False:12,13:46,21
> 2:True:10,10:46,19
> 3:True:10,10:46,19
> 4:False:10,11:46,19
> 5:True:12,12:46,21
ferry-optimal-old-noisy/10/ferry_noisy_p02_hyp-1_10_1.tar.bz2:0.511741876602:0.010055167:0.51
> 0:True:13,13:82,24
> 1:True:13,13:82,24
> 2:True:15,15:82,26
> 3:True:15,15:82,26
> 4:True:17,17:82,28
> 5:True:17,17:82,28
> 6:True:17,17:82,28
> 7:True:15,15:82,26
ferry-optimal-old-noisy/10/ferry_noisy_p02_hyp-1_10_2.tar.bz2:0.508556127548:0.008332316:0.51
> 0:True:13,13:82,27
> 1:False:13,14:82,27
> 2:False:15,16:82,29
> 3:True:15,15:82,29
> 4:True:17,17:82,31
> 5:True:17,17:82,31
> 6:True:17,17:82,31
> 7:True:15,15:82,29
ferry-optimal-old-noisy/10/ferry_noisy_p02_hyp-1_10_3.tar.bz2:0.511594057083:0.01182257:0.51
> 0:True:13,13:82,26
> 1:False:13,14:82,26
> 2:True:15,15:82,28
> 3:True:15,15:82,28
> 4:True:17,17:82,30
> 5:True:17,17:82,30
> 6:True:17,17:82,30
> 7:True:15,15:82,28
ferry-optimal-old-noisy/10/ferry_noisy_p02_hyp-2_10_1.tar.bz2:0.517956018448:0.0123014:0.52
> 0:False:13,14:82,29
> 1:True:13,13:82,29
> 2:False:15,16:82,31
> 3:False:15,17:82,31
> 4:False:17,18:82,33
> 5:False:17,19:82,33
> 6:True:17,17:82,33
> 7:False:15,16:82,31
ferry-optimal-old-noisy/10/ferry_noisy_p02_hyp-2_10_2.tar.bz2:0.511831998825:0.01140122:0.51
> 0:True:13,13:82,27
> 1:True:13,13:82,27
> 2:False:15,16:82,29
> 3:False:15,16:82,29
> 4:False:17,18:82,31
> 5:False:17,18:82,31
> 6:False:17,18:82,31
> 7:False:15,16:82,29
ferry-optimal-old-noisy/10/ferry_noisy_p02_hyp-2_10_3.tar.bz2:0.507428884506:0.008430277:0.51
> 0:False:13,14:82,27
> 1:True:13,13:82,27
> 2:True:15,15:82,29
> 3:True:15,15:82,29
> 4:False:17,18:82,31
> 5:True:17,17:82,31
> 6:True:17,17:82,31
> 7:False:15,16:82,29
ferry-optimal-old-noisy/10/ferry_noisy_p02_hyp-3_10_1.tar.bz2:0.513389110565:0.01235242:0.52
> 0:True:13,14:84,30
> 1:True:13,14:84,30
> 2:True:15,16:84,32
> 3:False:15,17:84,32
> 4:True:17,18:84,34
> 5:False:17,19:84,34
> 6:True:17,18:84,34
> 7:True:15,16:84,32
ferry-optimal-old-noisy/10/ferry_noisy_p02_hyp-3_10_2.tar.bz2:0.51470208168:0.01226408:0.52
> 0:False:13,15:84,32
> 1:False:13,16:84,32
> 2:True:15,16:84,34
> 3:False:15,17:84,34
> 4:True:17,18:84,36
> 5:True:17,18:84,36
> 6:False:17,19:84,36
> 7:False:15,17:84,34
ferry-optimal-old-noisy/10/ferry_noisy_p02_hyp-3_10_3.tar.bz2:0.516588926315:0.01170553:0.51
> 0:False:13,15:84,30
> 1:False:13,14:84,30
> 2:True:15,15:84,32
> 3:True:15,15:84,32
> 4:False:17,18:84,34
> 5:True:17,17:84,34
> 6:False:17,18:84,34
> 7:False:15,16:84,32
ferry-optimal-old-noisy/10/ferry_noisy_p02_hyp-4_10_1.tar.bz2:0.51456785202:0.01216533:0.51
> 0:True:13,14:84,31
> 1:False:13,15:84,31
> 2:True:15,16:84,33
> 3:True:15,16:84,33
> 4:True:17,18:84,35
> 5:False:17,19:84,35
> 6:False:17,19:84,35
> 7:False:15,17:84,33
ferry-optimal-old-noisy/10/ferry_noisy_p02_hyp-4_10_2.tar.bz2:0.511039972305:0.01027822:0.52
> 0:False:13,14:84,32
> 1:False:13,14:84,32
> 2:False:15,17:84,34
> 3:True:15,15:84,34
> 4:True:17,17:84,36
> 5:True:17,17:84,36
> 6:True:17,17:84,36
> 7:False:15,16:84,34
ferry-optimal-old-noisy/10/ferry_noisy_p02_hyp-4_10_3.tar.bz2:0.512057065964:0.01247665:0.51
> 0:True:13,14:84,29
> 1:False:13,15:84,29
> 2:True:15,16:84,31
> 3:True:15,16:84,31
> 4:True:17,18:84,33
> 5:True:17,18:84,33
> 6:False:17,19:84,33
> 7:False:15,18:84,31
ferry-optimal-old-noisy/10/ferry_noisy_p03_hyp-1_10_1.tar.bz2:0.309597015381:0.006588:0.3
> 0:True:14,14:50,30
> 1:False:14,15:50,30
> 2:False:14,15:50,30
> 3:False:14,15:50,30
> 4:False:14,15:50,30
ferry-optimal-old-noisy/10/ferry_noisy_p03_hyp-1_10_2.tar.bz2:0.307548046112:0.00689391:0.31
> 0:True:14,14:50,32
> 1:False:14,15:50,32
> 2:False:14,16:50,32
> 3:True:14,14:50,32
> 4:True:14,14:50,32
ferry-optimal-old-noisy/10/ferry_noisy_p03_hyp-1_10_3.tar.bz2:0.309139966965:0.00638484:0.31
> 0:True:14,14:50,28
> 1:True:14,14:50,28
> 2:True:14,14:50,28
> 3:True:14,14:50,28
> 4:True:14,14:50,28
ferry-optimal-old-noisy/10/ferry_noisy_p03_hyp-2_10_1.tar.bz2:0.307961940765:0.004753787:0.31
> 0:True:14,14:48,28
> 1:True:14,14:48,28
> 2:False:14,15:48,28
> 3:True:14,14:48,28
> 4:False:14,15:48,28
ferry-optimal-old-noisy/10/ferry_noisy_p03_hyp-2_10_2.tar.bz2:0.30887389183:0.00687182:0.31
> 0:True:14,14:48,27
> 1:True:14,14:48,27
> 2:True:14,14:48,27
> 3:True:14,14:48,27
> 4:True:14,14:48,27
ferry-optimal-old-noisy/10/ferry_noisy_p03_hyp-2_10_3.tar.bz2:0.307478904724:0.00645248:0.3
> 0:True:14,14:48,28
> 1:True:14,14:48,28
> 2:False:14,15:48,28
> 3:True:14,14:48,28
> 4:True:14,14:48,28
ferry-optimal-old-noisy/10/ferry_noisy_p03_hyp-3_10_1.tar.bz2:0.308381080627:0.005885078:0.31
> 0:True:14,14:48,27
> 1:True:14,14:48,27
> 2:True:14,14:48,27
> 3:True:14,14:48,27
> 4:True:14,14:48,27
ferry-optimal-old-noisy/10/ferry_noisy_p03_hyp-3_10_2.tar.bz2:0.30952501297:0.00650395:0.31
> 0:False:14,15:48,26
> 1:False:14,15:48,26
> 2:False:14,15:48,26
> 3:False:14,15:48,26
> 4:True:14,14:48,26
ferry-optimal-old-noisy/10/ferry_noisy_p03_hyp-3_10_3.tar.bz2:0.307830095291:0.00647399:0.31
> 0:True:14,14:48,27
> 1:False:14,15:48,27
> 2:True:14,14:48,27
> 3:False:14,15:48,27
> 4:True:14,14:48,27
ferry-optimal-old-noisy/10/ferry_noisy_p03_hyp-4_10_1.tar.bz2:0.302088022232:0.004522963:0.3
> 0:True:14,14:48,28
> 1:True:14,14:48,28
> 2:False:14,15:48,28
> 3:False:14,15:48,28
> 4:False:14,15:48,28
ferry-optimal-old-noisy/10/ferry_noisy_p03_hyp-4_10_2.tar.bz2:0.308404922485:0.00631089:0.31
> 0:True:14,14:48,26
> 1:True:14,14:48,26
> 2:False:14,15:48,26
> 3:True:14,14:48,26
> 4:True:14,14:48,26
ferry-optimal-old-noisy/10/ferry_noisy_p03_hyp-4_10_3.tar.bz2:0.308611154556:0.004713179:0.31
> 0:True:14,15:48,27
> 1:True:14,15:48,27
> 2:True:14,15:48,27
> 3:True:14,15:48,27
> 4:True:14,15:48,27
ferry-optimal-old-noisy/30/ferry_noisy_p00_hyp-1_30_1.tar.bz2:0.374778032303:0.0109325:0.38
> 0:True:14,15:56,41
> 1:False:12,16:56,39
> 2:False:10,14:56,37
> 3:False:10,16:56,37
> 4:False:10,13:56,37
> 5:False:12,17:56,39
ferry-optimal-old-noisy/30/ferry_noisy_p00_hyp-1_30_2.tar.bz2:0.373353004456:0.0082393:0.37
> 0:True:14,16:52,33
> 1:False:12,15:52,31
> 2:False:10,15:52,29
> 3:True:10,12:52,29
> 4:False:10,14:52,29
> 5:False:12,15:52,31
ferry-optimal-old-noisy/30/ferry_noisy_p00_hyp-1_30_3.tar.bz2:0.376523017883:0.01110923:0.39
> 0:True:14,15:58,45
> 1:True:12,13:58,43
> 2:False:10,14:58,41
> 3:False:10,13:58,41
> 4:False:10,13:58,41
> 5:False:12,15:58,43
ferry-optimal-old-noisy/30/ferry_noisy_p00_hyp-2_30_1.tar.bz2:0.378268003464:0.01057636:0.38
> 0:True:14,14:54,39
> 1:True:12,12:54,37
> 2:False:10,11:54,35
> 3:False:10,12:54,35
> 4:False:10,11:54,35
> 5:False:12,13:54,37
ferry-optimal-old-noisy/30/ferry_noisy_p00_hyp-2_30_2.tar.bz2:0.373770952225:0.00829554:0.37
> 0:False:14,15:54,35
> 1:True:12,12:54,33
> 2:False:10,12:54,31
> 3:False:10,11:54,31
> 4:False:10,11:54,31
> 5:True:12,12:54,33
ferry-optimal-old-noisy/30/ferry_noisy_p00_hyp-2_30_3.tar.bz2:0.374276161194:0.00931207:0.37
> 0:False:14,15:54,39
> 1:True:12,12:54,37
> 2:False:10,12:54,35
> 3:False:10,12:54,35
> 4:True:10,10:54,35
> 5:False:12,14:54,37
ferry-optimal-old-noisy/30/ferry_noisy_p00_hyp-3_30_1.tar.bz2:0.369838953018:0.005390268:0.38
> 0:True:14,15:50,29
> 1:False:12,14:50,27
> 2:False:10,13:50,25
> 3:True:10,11:50,25
> 4:False:10,12:50,25
> 5:False:12,15:50,27
ferry-optimal-old-noisy/30/ferry_noisy_p00_hyp-3_30_2.tar.bz2:0.369389057159:0.005825085:0.37
> 0:True:14,15:52,32
> 1:True:12,13:52,30
> 2:False:10,13:52,28
> 3:True:10,11:52,28
> 4:False:10,12:52,28
> 5:False:12,14:52,30
ferry-optimal-old-noisy/30/ferry_noisy_p00_hyp-3_30_3.tar.bz2:0.372008085251:0.00857879:0.37
> 0:False:14,16:52,34
> 1:False:12,13:52,32
> 2:False:10,12:52,30
> 3:False:10,11:52,30
> 4:False:10,13:52,30
> 5:True:12,12:52,32
ferry-optimal-old-noisy/30/ferry_noisy_p00_hyp-4_30_1.tar.bz2:0.37509393692:0.0107749:0.38
> 0:False:14,18:58,45
> 1:False:12,13:58,43
> 2:False:10,13:58,41
> 3:False:10,11:58,41
> 4:False:10,14:58,41
> 5:True:12,12:58,43
ferry-optimal-old-noisy/30/ferry_noisy_p00_hyp-4_30_2.tar.bz2:0.37751698494:0.01148322:0.39
> 0:False:14,17:58,43
> 1:False:12,14:58,41
> 2:False:10,12:58,39
> 3:False:10,13:58,39
> 4:False:10,12:58,39
> 5:True:12,13:58,41
ferry-optimal-old-noisy/30/ferry_noisy_p00_hyp-4_30_3.tar.bz2:0.371674060822:0.00945954:0.37
> 0:False:14,18:58,44
> 1:False:12,15:58,42
> 2:False:10,13:58,40
> 3:False:10,14:58,40
> 4:False:10,15:58,40
> 5:True:12,13:58,42
ferry-optimal-old-noisy/30/ferry_noisy_p02_hyp-1_30_1.tar.bz2:0.520004987717:0.01703797:0.51
> 0:True:13,14:92,45
> 1:False:13,15:92,45
> 2:True:15,16:92,47
> 3:False:15,17:92,47
> 4:False:17,19:92,49
> 5:False:17,19:92,49
> 6:True:17,18:92,49
> 7:True:15,16:92,47
ferry-optimal-old-noisy/30/ferry_noisy_p02_hyp-1_30_2.tar.bz2:0.522639989853:0.01782347:0.52
> 0:True:13,14:92,45
> 1:False:13,17:92,45
> 2:False:15,18:92,47
> 3:False:15,19:92,47
> 4:False:17,19:92,49
> 5:False:17,21:92,49
> 6:False:17,20:92,49
> 7:False:15,18:92,47
ferry-optimal-old-noisy/30/ferry_noisy_p02_hyp-1_30_3.tar.bz2:0.517735004425:0.01611665:0.52
> 0:True:13,14:92,46
> 1:False:13,16:92,46
> 2:False:15,19:92,48
> 3:False:15,17:92,48
> 4:True:17,18:92,50
> 5:False:17,19:92,50
> 6:False:17,19:92,50
> 7:False:15,17:92,48
ferry-optimal-old-noisy/30/ferry_noisy_p02_hyp-2_30_1.tar.bz2:0.517431020737:0.01682788:0.51
> 0:False:13,15:92,44
> 1:True:13,13:92,44
> 2:False:15,16:92,46
> 3:False:15,18:92,46
> 4:False:17,18:92,48
> 5:False:17,20:92,48
> 6:True:17,17:92,48
> 7:False:15,16:92,46
ferry-optimal-old-noisy/30/ferry_noisy_p02_hyp-2_30_2.tar.bz2:0.519171953201:0.0153627:0.52
> 0:False:13,17:90,40
> 1:False:13,15:90,40
> 2:False:15,17:90,42
> 3:False:15,18:90,42
> 4:False:17,21:90,44
> 5:False:17,20:90,44
> 6:True:17,18:90,44
> 7:False:15,17:90,42
ferry-optimal-old-noisy/30/ferry_noisy_p02_hyp-2_30_3.tar.bz2:0.520447015762:0.01710203:0.52
> 0:False:13,16:90,37
> 1:False:13,15:90,37
> 2:True:15,16:90,39
> 3:False:15,17:90,39
> 4:False:17,19:90,41
> 5:True:17,18:90,41
> 6:False:17,19:90,41
> 7:False:15,17:90,39
ferry-optimal-old-noisy/30/ferry_noisy_p02_hyp-3_30_1.tar.bz2:0.518259048462:0.0155323:0.52
> 0:False:13,17:92,43
> 1:False:13,16:92,43
> 2:True:15,17:92,45
> 3:False:15,18:92,45
> 4:False:17,21:92,47
> 5:True:17,19:92,47
> 6:True:17,19:92,47
> 7:False:15,18:92,45
ferry-optimal-old-noisy/30/ferry_noisy_p02_hyp-3_30_2.tar.bz2:0.523765087128:0.01785195:0.52
> 0:False:13,15:94,49
> 1:False:13,17:94,49
> 2:False:15,16:94,51
> 3:False:15,16:94,51
> 4:False:17,18:94,53
> 5:True:17,17:94,53
> 6:False:17,20:94,53
> 7:False:15,18:94,51
ferry-optimal-old-noisy/30/ferry_noisy_p02_hyp-3_30_3.tar.bz2:0.520744085312:0.01755791:0.53
> 0:False:13,17:92,45
> 1:False:13,16:92,45
> 2:False:15,18:92,47
> 3:False:15,19:92,47
> 4:False:17,21:92,49
> 5:False:17,21:92,49
> 6:True:17,19:92,49
> 7:False:15,18:92,47
ferry-optimal-old-noisy/30/ferry_noisy_p02_hyp-4_30_1.tar.bz2:0.524677038193:0.01856842:0.52
> 0:False:13,17:94,46
> 1:False:13,16:94,46
> 2:False:15,18:94,48
> 3:True:15,17:94,48
> 4:False:17,20:94,50
> 5:True:17,19:94,50
> 6:False:17,20:94,50
> 7:False:15,19:94,48
ferry-optimal-old-noisy/30/ferry_noisy_p02_hyp-4_30_2.tar.bz2:0.519884109497:0.01789877:0.52
> 0:False:13,16:92,44
> 1:False:13,16:92,44
> 2:True:15,17:92,46
> 3:True:15,17:92,46
> 4:False:17,20:92,48
> 5:False:17,20:92,48
> 6:False:17,20:92,48
> 7:False:15,19:92,46
ferry-optimal-old-noisy/30/ferry_noisy_p02_hyp-4_30_3.tar.bz2:0.523057937622:0.0190534:0.52
> 0:False:13,20:94,53
> 1:False:13,18:94,53
> 2:False:15,20:94,55
> 3:True:15,17:94,55
> 4:False:17,21:94,57
> 5:False:17,20:94,57
> 6:False:17,21:94,57
> 7:False:15,18:94,55
ferry-optimal-old-noisy/30/ferry_noisy_p03_hyp-1_30_1.tar.bz2:0.314203977585:0.0101775:0.3
> 0:True:14,16:58,46
> 1:True:14,16:58,46
> 2:False:14,17:58,46
> 3:True:14,16:58,46
> 4:False:14,17:58,46
ferry-optimal-old-noisy/30/ferry_noisy_p03_hyp-1_30_2.tar.bz2:0.314082860947:0.00990338:0.31
> 0:True:14,15:60,49
> 1:False:14,16:60,49
> 2:False:14,17:60,49
> 3:False:14,16:60,49
> 4:False:14,16:60,49
ferry-optimal-old-noisy/30/ferry_noisy_p03_hyp-1_30_3.tar.bz2:0.308176994324:0.00757372:0.31
> 0:True:14,17:56,40
> 1:True:14,17:56,40
> 2:False:14,18:56,40
> 3:False:14,18:56,40
> 4:False:14,18:56,40
ferry-optimal-old-noisy/30/ferry_noisy_p03_hyp-2_30_1.tar.bz2:0.313256978989:0.00863346:0.31
> 0:True:14,15:56,46
> 1:True:14,15:56,46
> 2:False:14,17:56,46
> 3:False:14,16:56,46
> 4:False:14,18:56,46
ferry-optimal-old-noisy/30/ferry_noisy_p03_hyp-2_30_2.tar.bz2:0.312109947205:0.00849246:0.31
> 0:False:14,15:58,44
> 1:True:14,14:58,44
> 2:True:14,14:58,44
> 3:False:14,15:58,44
> 4:False:14,15:58,44
ferry-optimal-old-noisy/30/ferry_noisy_p03_hyp-2_30_3.tar.bz2:0.314064979553:0.00964177:0.31
> 0:True:14,15:56,41
> 1:True:14,15:56,41
> 2:False:14,16:56,41
> 3:True:14,15:56,41
> 4:False:14,16:56,41
ferry-optimal-old-noisy/30/ferry_noisy_p03_hyp-3_30_1.tar.bz2:0.309367179871:0.00693347:0.31
> 0:True:14,15:54,34
> 1:False:14,16:54,34
> 2:False:14,16:54,34
> 3:True:14,15:54,34
> 4:True:14,15:54,34
ferry-optimal-old-noisy/30/ferry_noisy_p03_hyp-3_30_2.tar.bz2:0.310245990753:0.00873895:0.31
> 0:True:14,16:56,37
> 1:True:14,16:56,37
> 2:True:14,16:56,37
> 3:True:14,16:56,37
> 4:True:14,16:56,37
ferry-optimal-old-noisy/30/ferry_noisy_p03_hyp-3_30_3.tar.bz2:0.311104059219:0.00954723:0.31
> 0:False:14,17:56,43
> 1:False:14,17:56,43
> 2:True:14,16:56,43
> 3:False:14,17:56,43
> 4:False:14,17:56,43
ferry-optimal-old-noisy/30/ferry_noisy_p03_hyp-4_30_1.tar.bz2:0.308526039124:0.00697566:0.31
> 0:False:14,17:56,39
> 1:True:14,16:56,39
> 2:True:14,16:56,39
> 3:True:14,16:56,39
> 4:True:14,16:56,39
ferry-optimal-old-noisy/30/ferry_noisy_p03_hyp-4_30_2.tar.bz2:0.309628009796:0.00712193:0.31
> 0:True:14,16:56,34
> 1:True:14,16:56,34
> 2:True:14,16:56,34
> 3:True:14,16:56,34
> 4:True:14,16:56,34
ferry-optimal-old-noisy/30/ferry_noisy_p03_hyp-4_30_3.tar.bz2:0.313504934311:0.0091096:0.31
> 0:False:14,15:58,48
> 1:True:14,14:58,48
> 2:False:14,15:58,48
> 3:False:14,15:58,48
> 4:False:14,16:58,48
ferry-optimal-old-noisy/50/ferry_noisy_p00_hyp-1_50_1.tar.bz2:0.375347852707:0.01107633:0.38
> 0:True:14,14:62,49
> 1:False:12,15:62,47
> 2:False:10,13:62,45
> 3:False:10,13:62,45
> 4:False:10,13:62,45
> 5:False:12,16:62,47
ferry-optimal-old-noisy/50/ferry_noisy_p00_hyp-1_50_2.tar.bz2:0.375952005386:0.01103527:0.38
> 0:True:14,14:62,46
> 1:False:12,16:62,44
> 2:False:10,13:62,42
> 3:False:10,14:62,42
> 4:False:10,11:62,42
> 5:False:12,16:62,44
ferry-optimal-old-noisy/50/ferry_noisy_p00_hyp-1_50_3.tar.bz2:0.376147985458:0.01091071:0.38
> 0:True:14,14:62,51
> 1:False:12,15:62,49
> 2:False:10,14:62,47
> 3:False:10,14:62,47
> 4:False:10,13:62,47
> 5:False:12,16:62,49
ferry-optimal-old-noisy/50/ferry_noisy_p00_hyp-2_50_1.tar.bz2:0.377091884613:0.01225947:0.36
> 0:False:14,17:62,48
> 1:True:12,13:62,46
> 2:False:10,13:62,44
> 3:False:10,14:62,44
> 4:False:10,13:62,44
> 5:False:12,14:62,46
ferry-optimal-old-noisy/50/ferry_noisy_p00_hyp-2_50_2.tar.bz2:0.376117944717:0.01214173:0.37
> 0:False:14,16:62,50
> 1:True:12,13:62,48
> 2:False:10,14:62,46
> 3:False:10,13:62,46
> 4:False:10,13:62,46
> 5:False:12,15:62,48
ferry-optimal-old-noisy/50/ferry_noisy_p00_hyp-2_50_3.tar.bz2:0.376628875732:0.01257734:0.38
> 0:False:14,17:62,51
> 1:True:12,13:62,49
> 2:False:10,15:62,47
> 3:False:10,13:62,47
> 4:False:10,15:62,47
> 5:False:12,14:62,49
ferry-optimal-old-noisy/50/ferry_noisy_p00_hyp-3_50_1.tar.bz2:0.375510931015:0.00935369:0.38
> 0:False:14,18:58,46
> 1:False:12,15:58,44
> 2:False:10,15:58,42
> 3:True:10,11:58,42
> 4:False:10,15:58,42
> 5:False:12,15:58,44
ferry-optimal-old-noisy/50/ferry_noisy_p00_hyp-3_50_2.tar.bz2:0.376000165939:0.00942961:0.37
> 0:True:14,14:60,42
> 1:False:12,13:60,40
> 2:False:10,13:60,38
> 3:False:10,12:60,38
> 4:True:10,10:60,38
> 5:False:12,15:60,40
ferry-optimal-old-noisy/50/ferry_noisy_p00_hyp-3_50_3.tar.bz2:0.376443147659:0.01067936:0.38
> 0:False:14,17:58,42
> 1:False:12,14:58,40
> 2:False:10,13:58,38
> 3:True:10,11:58,38
> 4:False:10,13:58,38
> 5:False:12,14:58,40
ferry-optimal-old-noisy/50/ferry_noisy_p00_hyp-4_50_1.tar.bz2:0.376897096634:0.01177448:0.37
> 0:False:14,18:60,46
> 1:False:12,16:60,44
> 2:False:10,15:60,42
> 3:False:10,14:60,42
> 4:False:10,16:60,42
> 5:True:12,14:60,44
ferry-optimal-old-noisy/50/ferry_noisy_p00_hyp-4_50_2.tar.bz2:0.376759052277:0.01118065:0.39
> 0:False:14,18:62,48
> 1:False:12,15:62,46
> 2:False:10,12:62,44
> 3:False:10,12:62,44
> 4:False:10,14:62,44
> 5:True:12,12:62,46
ferry-optimal-old-noisy/50/ferry_noisy_p00_hyp-4_50_3.tar.bz2:0.375940084457:0.01127919:0.37
> 0:False:14,17:60,46
> 1:False:12,14:60,44
> 2:False:10,12:60,42
> 3:False:10,12:60,42
> 4:False:10,15:60,42
> 5:True:12,12:60,44
ferry-optimal-old-noisy/50/ferry_noisy_p02_hyp-1_50_1.tar.bz2:0.524691820145:0.0193019:0.52
> 0:True:13,14:100,55
> 1:False:13,15:100,55
> 2:False:15,17:100,57
> 3:False:15,17:100,57
> 4:False:17,19:100,59
> 5:False:17,19:100,59
> 6:True:17,18:100,59
> 7:False:15,17:100,57
ferry-optimal-old-noisy/50/ferry_noisy_p02_hyp-1_50_2.tar.bz2:0.524272918701:0.01979389:0.53
> 0:True:13,15:98,54
> 1:False:13,17:98,54
> 2:False:15,19:98,56
> 3:False:15,18:98,56
> 4:False:17,20:98,58
> 5:False:17,20:98,58
> 6:False:17,21:98,58
> 7:False:15,20:98,56
ferry-optimal-old-noisy/50/ferry_noisy_p02_hyp-1_50_3.tar.bz2:0.523191928864:0.01838777:0.52
> 0:True:13,13:98,55
> 1:False:13,17:98,55
> 2:False:15,18:98,57
> 3:False:15,20:98,57
> 4:False:17,18:98,59
> 5:False:17,21:98,59
> 6:False:17,20:98,59
> 7:False:15,18:98,57
ferry-optimal-old-noisy/50/ferry_noisy_p02_hyp-2_50_1.tar.bz2:0.523691892624:0.02018432:0.53
> 0:False:13,16:100,58
> 1:True:13,14:100,58
> 2:False:15,17:100,60
> 3:False:15,19:100,60
> 4:False:17,21:100,62
> 5:False:17,20:100,62
> 6:True:17,18:100,62
> 7:False:15,19:100,60
ferry-optimal-old-noisy/50/ferry_noisy_p02_hyp-2_50_2.tar.bz2:0.522500038147:0.01958767:0.53
> 0:False:13,15:100,55
> 1:True:13,14:100,55
> 2:False:15,17:100,57
> 3:False:15,19:100,57
> 4:False:17,19:100,59
> 5:False:17,20:100,59
> 6:True:17,18:100,59
> 7:False:15,18:100,57
ferry-optimal-old-noisy/50/ferry_noisy_p02_hyp-2_50_3.tar.bz2:0.522019147873:0.01912548:0.52
> 0:False:13,17:98,53
> 1:True:13,14:98,53
> 2:True:15,16:98,55
> 3:False:15,19:98,55
> 4:False:17,20:98,57
> 5:False:17,19:98,57
> 6:True:17,18:98,57
> 7:False:15,19:98,55
ferry-optimal-old-noisy/50/ferry_noisy_p02_hyp-3_50_1.tar.bz2:0.523437023163:0.0201945:0.53
> 0:False:13,19:102,63
> 1:False:13,20:102,63
> 2:True:15,18:102,65
> 3:False:15,21:102,65
> 4:False:17,23:102,67
> 5:False:17,23:102,67
> 6:False:17,24:102,67
> 7:False:15,23:102,65
ferry-optimal-old-noisy/50/ferry_noisy_p02_hyp-3_50_2.tar.bz2:0.522810220718:0.01930171:0.52
> 0:False:13,20:102,63
> 1:False:13,17:102,63
> 2:True:15,18:102,65
> 3:False:15,21:102,65
> 4:False:17,23:102,67
> 5:False:17,23:102,67
> 6:False:17,21:102,67
> 7:False:15,21:102,65
ferry-optimal-old-noisy/50/ferry_noisy_p02_hyp-3_50_3.tar.bz2:0.520658969879:0.02017723:0.52
> 0:False:13,17:102,60
> 1:False:13,18:102,60
> 2:True:15,18:102,62
> 3:False:15,20:102,62
> 4:False:17,22:102,64
> 5:False:17,22:102,64
> 6:False:17,22:102,64
> 7:False:15,21:102,62
ferry-optimal-old-noisy/50/ferry_noisy_p02_hyp-4_50_1.tar.bz2:0.524919033051:0.02131635:0.52
> 0:False:13,20:104,71
> 1:False:13,21:104,71
> 2:False:15,21:104,73
> 3:True:15,18:104,73
> 4:False:17,23:104,75
> 5:False:17,22:104,75
> 6:False:17,23:104,75
> 7:False:15,21:104,73
ferry-optimal-old-noisy/50/ferry_noisy_p02_hyp-4_50_2.tar.bz2:0.526220083237:0.02066179:0.53
> 0:False:13,18:102,68
> 1:False:13,20:102,68
> 2:False:15,22:102,70
> 3:True:15,17:102,70
> 4:False:17,22:102,72
> 5:False:17,21:102,72
> 6:False:17,22:102,72
> 7:False:15,20:102,70
ferry-optimal-old-noisy/50/ferry_noisy_p02_hyp-4_50_3.tar.bz2:0.525738954544:0.01997345:0.53
> 0:False:13,18:102,58
> 1:False:13,17:102,58
> 2:True:15,18:102,60
> 3:True:15,18:102,60
> 4:False:17,21:102,62
> 5:False:17,21:102,62
> 6:True:17,20:102,62
> 7:False:15,19:102,60
ferry-optimal-old-noisy/50/ferry_noisy_p03_hyp-1_50_1.tar.bz2:0.315633058548:0.01151253:0.31
> 0:True:14,15:68,69
> 1:False:14,16:68,69
> 2:False:14,19:68,69
> 3:False:14,17:68,69
> 4:False:14,19:68,69
ferry-optimal-old-noisy/50/ferry_noisy_p03_hyp-1_50_2.tar.bz2:0.313446998596:0.00988601:0.31
> 0:True:14,16:68,62
> 1:False:14,17:68,62
> 2:False:14,19:68,62
> 3:False:14,17:68,62
> 4:False:14,19:68,62
ferry-optimal-old-noisy/50/ferry_noisy_p03_hyp-1_50_3.tar.bz2:0.316231012344:0.01011732:0.32
> 0:True:14,16:68,57
> 1:False:14,17:68,57
> 2:False:14,18:68,57
> 3:True:14,16:68,57
> 4:True:14,16:68,57
ferry-optimal-old-noisy/50/ferry_noisy_p03_hyp-2_50_1.tar.bz2:0.313913106918:0.00956569:0.32
> 0:True:14,14:66,55
> 1:True:14,14:66,55
> 2:False:14,16:66,55
> 3:False:14,15:66,55
> 4:False:14,16:66,55
ferry-optimal-old-noisy/50/ferry_noisy_p03_hyp-2_50_2.tar.bz2:0.312746047974:0.00965835:0.31
> 0:False:14,16:62,48
> 1:True:14,15:62,48
> 2:True:14,15:62,48
> 3:False:14,16:62,48
> 4:False:14,17:62,48
ferry-optimal-old-noisy/50/ferry_noisy_p03_hyp-2_50_3.tar.bz2:0.313760042191:0.00957437:0.32
> 0:False:14,16:64,55
> 1:True:14,15:64,55
> 2:False:14,16:64,55
> 3:False:14,17:64,55
> 4:False:14,17:64,55
ferry-optimal-old-noisy/50/ferry_noisy_p03_hyp-3_50_1.tar.bz2:0.314816951752:0.00983942:0.32
> 0:False:14,17:64,54
> 1:True:14,15:64,54
> 2:True:14,15:64,54
> 3:False:14,16:64,54
> 4:False:14,16:64,54
ferry-optimal-old-noisy/50/ferry_noisy_p03_hyp-3_50_2.tar.bz2:0.311303138733:0.00855492:0.31
> 0:False:14,17:64,53
> 1:False:14,17:64,53
> 2:True:14,15:64,53
> 3:False:14,16:64,53
> 4:False:14,16:64,53
ferry-optimal-old-noisy/50/ferry_noisy_p03_hyp-3_50_3.tar.bz2:0.3147149086:0.01077389:0.32
> 0:False:14,17:66,60
> 1:False:14,17:66,60
> 2:True:14,15:66,60
> 3:False:14,17:66,60
> 4:False:14,18:66,60
ferry-optimal-old-noisy/50/ferry_noisy_p03_hyp-4_50_1.tar.bz2:0.315326213837:0.01089459:0.31
> 0:True:14,15:64,57
> 1:True:14,15:64,57
> 2:False:14,18:64,57
> 3:False:14,16:64,57
> 4:False:14,17:64,57
ferry-optimal-old-noisy/50/ferry_noisy_p03_hyp-4_50_2.tar.bz2:0.31164598465:0.00824746:0.31
> 0:False:14,18:62,51
> 1:True:14,16:62,51
> 2:True:14,16:62,51
> 3:False:14,17:62,51
> 4:False:14,18:62,51
ferry-optimal-old-noisy/50/ferry_noisy_p03_hyp-4_50_3.tar.bz2:0.314466953278:0.01025839:0.32
> 0:True:14,15:64,57
> 1:True:14,15:64,57
> 2:False:14,17:64,57
> 3:False:14,16:64,57
> 4:False:14,18:64,57
ferry-optimal-old-noisy/70/ferry_noisy_p00_hyp-1_70_1.tar.bz2:0.378762960434:0.01405904:0.37
> 0:True:14,16:70,62
> 1:False:12,19:70,60
> 2:False:10,16:70,58
> 3:False:10,18:70,58
> 4:False:10,15:70,58
> 5:False:12,19:70,60
ferry-optimal-old-noisy/70/ferry_noisy_p00_hyp-1_70_2.tar.bz2:0.37831401825:0.0134382:0.38
> 0:True:14,16:72,66
> 1:False:12,19:72,64
> 2:False:10,15:72,62
> 3:False:10,17:72,62
> 4:False:10,16:72,62
> 5:False:12,19:72,64
ferry-optimal-old-noisy/70/ferry_noisy_p00_hyp-1_70_3.tar.bz2:0.379817962646:0.01391662:0.39
> 0:True:14,16:72,65
> 1:False:12,18:72,63
> 2:False:10,16:72,61
> 3:False:10,16:72,61
> 4:False:10,13:72,61
> 5:False:12,19:72,63
ferry-optimal-old-noisy/70/ferry_noisy_p00_hyp-2_70_1.tar.bz2:0.376356124878:0.01265005:0.38
> 0:False:14,20:66,57
> 1:True:12,15:66,55
> 2:False:10,18:66,53
> 3:False:10,16:66,53
> 4:False:10,15:66,53
> 5:False:12,18:66,55
ferry-optimal-old-noisy/70/ferry_noisy_p00_hyp-2_70_2.tar.bz2:0.377469062805:0.01202847:0.38
> 0:False:14,17:68,57
> 1:True:12,13:68,55
> 2:False:10,15:68,53
> 3:False:10,13:68,53
> 4:False:10,14:68,53
> 5:False:12,15:68,55
ferry-optimal-old-noisy/70/ferry_noisy_p00_hyp-2_70_3.tar.bz2:0.376575946808:0.01339509:0.38
> 0:False:14,17:70,64
> 1:True:12,13:70,62
> 2:False:10,16:70,60
> 3:False:10,14:70,60
> 4:False:10,14:70,60
> 5:False:12,16:70,62
ferry-optimal-old-noisy/70/ferry_noisy_p00_hyp-3_70_1.tar.bz2:0.376017093658:0.01192777:0.38
> 0:False:14,17:66,56
> 1:False:12,14:66,54
> 2:False:10,15:66,52
> 3:True:10,10:66,52
> 4:False:10,15:66,52
> 5:False:12,14:66,54
ferry-optimal-old-noisy/70/ferry_noisy_p00_hyp-3_70_2.tar.bz2:0.375725030899:0.01136139:0.37
> 0:False:14,17:62,49
> 1:False:12,15:62,47
> 2:False:10,15:62,45
> 3:True:10,11:62,45
> 4:False:10,15:62,45
> 5:False:12,15:62,47
ferry-optimal-old-noisy/70/ferry_noisy_p00_hyp-3_70_3.tar.bz2:0.377606153488:0.01114214:0.38
> 0:False:14,19:62,48
> 1:False:12,15:62,46
> 2:False:10,14:62,44
> 3:True:10,12:62,44
> 4:False:10,15:62,44
> 5:True:12,14:62,46
ferry-optimal-old-noisy/70/ferry_noisy_p00_hyp-4_70_1.tar.bz2:0.374499082565:0.0138946:0.38
> 0:False:14,22:70,69
> 1:False:12,18:70,67
> 2:False:10,18:70,65
> 3:False:10,16:70,65
> 4:False:10,20:70,65
> 5:True:12,16:70,67
ferry-optimal-old-noisy/70/ferry_noisy_p00_hyp-4_70_2.tar.bz2:0.377861022949:0.01222427:0.37
> 0:False:14,21:68,59
> 1:False:12,17:68,57
> 2:False:10,18:68,55
> 3:False:10,17:68,55
> 4:False:10,20:68,55
> 5:True:12,16:68,57
ferry-optimal-old-noisy/70/ferry_noisy_p00_hyp-4_70_3.tar.bz2:0.379103899002:0.0126191:0.39
> 0:False:14,20:66,52
> 1:False:12,17:66,50
> 2:False:10,16:66,48
> 3:False:10,16:66,48
> 4:False:10,18:66,48
> 5:True:12,16:66,50
ferry-optimal-old-noisy/70/ferry_noisy_p02_hyp-1_70_1.tar.bz2:0.52728509903:0.02073207:0.53
> 0:True:13,16:110,76
> 1:False:13,20:110,76
> 2:False:15,21:110,78
> 3:False:15,24:110,78
> 4:False:17,23:110,80
> 5:False:17,25:110,80
> 6:False:17,24:110,80
> 7:False:15,24:110,78
ferry-optimal-old-noisy/70/ferry_noisy_p02_hyp-1_70_2.tar.bz2:0.526564121246:0.02073943:0.53
> 0:True:13,15:108,72
> 1:False:13,20:108,72
> 2:False:15,21:108,74
> 3:False:15,20:108,74
> 4:True:17,19:108,76
> 5:False:17,22:108,76
> 6:False:17,22:108,76
> 7:False:15,21:108,74
ferry-optimal-old-noisy/70/ferry_noisy_p02_hyp-1_70_3.tar.bz2:0.526952028275:0.021437:0.52
> 0:True:13,16:108,71
> 1:False:13,18:108,71
> 2:False:15,21:108,73
> 3:False:15,21:108,73
> 4:False:17,21:108,75
> 5:False:17,23:108,75
> 6:False:17,22:108,75
> 7:False:15,23:108,73
ferry-optimal-old-noisy/70/ferry_noisy_p02_hyp-2_70_1.tar.bz2:0.526798009872:0.02115291:0.52
> 0:False:13,21:104,68
> 1:True:13,17:104,68
> 2:False:15,22:104,70
> 3:False:15,23:104,70
> 4:False:17,25:104,72
> 5:False:17,24:104,72
> 6:True:17,21:104,72
> 7:False:15,22:104,70
ferry-optimal-old-noisy/70/ferry_noisy_p02_hyp-2_70_2.tar.bz2:0.526030778885:0.02218064:0.52
> 0:False:13,21:108,71
> 1:True:13,16:108,71
> 2:False:15,21:108,73
> 3:False:15,23:108,73
> 4:False:17,25:108,75
> 5:False:17,24:108,75
> 6:True:17,20:108,75
> 7:False:15,21:108,73
ferry-optimal-old-noisy/70/ferry_noisy_p02_hyp-2_70_3.tar.bz2:0.528590917587:0.02171143:0.53
> 0:False:13,21:106,68
> 1:True:13,16:106,68
> 2:False:15,20:106,70
> 3:False:15,23:106,70
> 4:False:17,25:106,72
> 5:False:17,24:106,72
> 6:True:17,20:106,72
> 7:False:15,21:106,70
ferry-optimal-old-noisy/70/ferry_noisy_p02_hyp-3_70_1.tar.bz2:0.527286052704:0.02210366:0.53
> 0:False:13,19:108,75
> 1:False:13,17:108,75
> 2:True:15,17:108,77
> 3:False:15,22:108,77
> 4:False:17,22:108,79
> 5:False:17,21:108,79
> 6:False:17,21:108,79
> 7:False:15,22:108,77
ferry-optimal-old-noisy/70/ferry_noisy_p02_hyp-3_70_2.tar.bz2:0.525808811188:0.02285963:0.53
> 0:False:13,20:110,82
> 1:False:13,20:110,82
> 2:True:15,17:110,84
> 3:False:15,21:110,84
> 4:False:17,24:110,86
> 5:False:17,22:110,86
> 6:False:17,23:110,86
> 7:False:15,22:110,84
ferry-optimal-old-noisy/70/ferry_noisy_p02_hyp-3_70_3.tar.bz2:0.526694059372:0.02282914:0.53
> 0:False:13,20:110,80
> 1:False:13,20:110,80
> 2:True:15,17:110,82
> 3:False:15,20:110,82
> 4:False:17,24:110,84
> 5:False:17,23:110,84
> 6:False:17,23:110,84
> 7:False:15,22:110,82
ferry-optimal-old-noisy/70/ferry_noisy_p02_hyp-4_70_1.tar.bz2:0.524629116058:0.02187764:0.52
> 0:False:13,21:110,77
> 1:False:13,22:110,77
> 2:False:15,22:110,79
> 3:True:15,18:110,79
> 4:False:17,23:110,81
> 5:False:17,21:110,81
> 6:False:17,22:110,81
> 7:False:15,21:110,79
ferry-optimal-old-noisy/70/ferry_noisy_p02_hyp-4_70_2.tar.bz2:0.526855945587:0.02210108:0.53
> 0:False:13,21:110,79
> 1:False:13,21:110,79
> 2:False:15,22:110,81
> 3:True:15,18:110,81
> 4:False:17,23:110,83
> 5:False:17,23:110,83
> 6:False:17,22:110,83
> 7:False:15,22:110,81
ferry-optimal-old-noisy/70/ferry_noisy_p02_hyp-4_70_3.tar.bz2:0.524219989777:0.02271612:0.53
> 0:False:13,21:112,85
> 1:False:13,21:112,85
> 2:False:15,20:112,87
> 3:True:15,16:112,87
> 4:False:17,23:112,89
> 5:False:17,21:112,89
> 6:False:17,22:112,89
> 7:False:15,19:112,87
ferry-optimal-old-noisy/70/ferry_noisy_p03_hyp-1_70_1.tar.bz2:0.313626050949:0.01074962:0.31
> 0:True:14,15:76,79
> 1:False:14,17:76,79
> 2:False:14,20:76,79
> 3:False:14,17:76,79
> 4:False:14,19:76,79
ferry-optimal-old-noisy/70/ferry_noisy_p03_hyp-1_70_2.tar.bz2:0.314218044281:0.01108921:0.33
> 0:True:14,18:72,71
> 1:False:14,19:72,71
> 2:False:14,22:72,71
> 3:False:14,19:72,71
> 4:False:14,21:72,71
ferry-optimal-old-noisy/70/ferry_noisy_p03_hyp-1_70_3.tar.bz2:0.31444978714:0.00981706:0.31
> 0:True:14,17:74,70
> 1:False:14,18:74,70
> 2:False:14,20:74,70
> 3:True:14,17:74,70
> 4:False:14,18:74,70
ferry-optimal-old-noisy/70/ferry_noisy_p03_hyp-2_70_1.tar.bz2:0.31383895874:0.01008084:0.31
> 0:False:14,18:72,68
> 1:True:14,17:72,68
> 2:False:14,19:72,68
> 3:True:14,17:72,68
> 4:False:14,19:72,68
ferry-optimal-old-noisy/70/ferry_noisy_p03_hyp-2_70_2.tar.bz2:0.312018156052:0.00869856:0.31
> 0:False:14,19:68,64
> 1:True:14,18:68,64
> 2:False:14,20:68,64
> 3:False:14,19:68,64
> 4:False:14,21:68,64
ferry-optimal-old-noisy/70/ferry_noisy_p03_hyp-2_70_3.tar.bz2:0.312508106232:0.0103132:0.32
> 0:False:14,18:74,71
> 1:True:14,16:74,71
> 2:False:14,18:74,71
> 3:False:14,18:74,71
> 4:False:14,19:74,71
ferry-optimal-old-noisy/70/ferry_noisy_p03_hyp-3_70_1.tar.bz2:0.31361913681:0.01126803:0.31
> 0:False:14,18:74,74
> 1:False:14,16:74,74
> 2:True:14,14:74,74
> 3:False:14,16:74,74
> 4:False:14,16:74,74
ferry-optimal-old-noisy/70/ferry_noisy_p03_hyp-3_70_2.tar.bz2:0.309694051743:0.01084412:0.3
> 0:False:14,17:76,70
> 1:False:14,17:76,70
> 2:True:14,15:76,70
> 3:False:14,16:76,70
> 4:False:14,17:76,70
ferry-optimal-old-noisy/70/ferry_noisy_p03_hyp-3_70_3.tar.bz2:0.31555891037:0.01098303:0.31
> 0:False:14,21:72,71
> 1:False:14,20:72,71
> 2:True:14,17:72,71
> 3:False:14,19:72,71
> 4:False:14,19:72,71
ferry-optimal-old-noisy/70/ferry_noisy_p03_hyp-4_70_1.tar.bz2:0.314957141876:0.01027653:0.32
> 0:False:14,16:74,69
> 1:True:14,15:74,69
> 2:False:14,16:74,69
> 3:False:14,17:74,69
> 4:False:14,16:74,69
ferry-optimal-old-noisy/70/ferry_noisy_p03_hyp-4_70_2.tar.bz2:0.313354969025:0.01049492:0.31
> 0:False:14,18:74,70
> 1:True:14,16:74,70
> 2:False:14,18:74,70
> 3:False:14,18:74,70
> 4:False:14,18:74,70
ferry-optimal-old-noisy/70/ferry_noisy_p03_hyp-4_70_3.tar.bz2:0.315031051636:0.01085276:0.31
> 0:False:14,17:74,73
> 1:True:14,16:74,73
> 2:False:14,18:74,73
> 3:False:14,18:74,73
> 4:False:14,19:74,73
ferry-optimal-old-noisy/100/ferry_noisy_p00_hyp-1_full_1.tar.bz2:0.38164305687:0.01525978:0.38
> 0:True:14,17:82,86
> 1:False:12,19:82,84
> 2:False:10,19:82,82
> 3:False:10,20:82,82
> 4:False:10,17:82,82
> 5:False:12,21:82,84
ferry-optimal-old-noisy/100/ferry_noisy_p00_hyp-1_full_2.tar.bz2:0.378690004349:0.01535949:0.38
> 0:True:14,17:82,85
> 1:False:12,21:82,83
> 2:False:10,18:82,81
> 3:False:10,20:82,81
> 4:False:10,18:82,81
> 5:False:12,21:82,83
ferry-optimal-old-noisy/100/ferry_noisy_p00_hyp-1_full_3.tar.bz2:0.381404876709:0.01556939:0.39
> 0:True:14,17:80,82
> 1:False:12,20:80,80
> 2:False:10,19:80,78
> 3:False:10,20:80,78
> 4:False:10,18:80,78
> 5:False:12,21:80,80
ferry-optimal-old-noisy/100/ferry_noisy_p00_hyp-2_full_1.tar.bz2:0.377211093903:0.01233875:0.38
> 0:False:14,20:76,72
> 1:True:12,14:76,70
> 2:False:10,18:76,68
> 3:False:10,15:76,68
> 4:False:10,17:76,68
> 5:False:12,16:76,70
ferry-optimal-old-noisy/100/ferry_noisy_p00_hyp-2_full_2.tar.bz2:0.379925012589:0.01292379:0.38
> 0:False:14,20:74,70
> 1:True:12,14:74,68
> 2:False:10,19:74,66
> 3:False:10,16:74,66
> 4:False:10,17:74,66
> 5:False:12,17:74,68
ferry-optimal-old-noisy/100/ferry_noisy_p00_hyp-2_full_3.tar.bz2:0.374725103378:0.01257267:0.37
> 0:False:14,20:76,72
> 1:True:12,14:76,70
> 2:False:10,19:76,68
> 3:False:10,16:76,68
> 4:False:10,17:76,68
> 5:False:12,17:76,70
ferry-optimal-old-noisy/100/ferry_noisy_p00_hyp-3_full_1.tar.bz2:0.377399921417:0.01314052:0.38
> 0:False:14,18:72,68
> 1:False:12,16:72,66
> 2:False:10,17:72,64
> 3:True:10,12:72,64
> 4:False:10,17:72,64
> 5:False:12,16:72,66
ferry-optimal-old-noisy/100/ferry_noisy_p00_hyp-3_full_2.tar.bz2:0.377252101898:0.01271798:0.38
> 0:False:14,19:72,65
> 1:False:12,16:72,63
> 2:False:10,17:72,61
> 3:True:10,12:72,61
> 4:False:10,17:72,61
> 5:False:12,16:72,63
ferry-optimal-old-noisy/100/ferry_noisy_p00_hyp-3_full_3.tar.bz2:0.376273155212:0.0120813:0.38
> 0:False:14,18:70,63
> 1:False:12,16:70,61
> 2:False:10,17:70,59
> 3:True:10,12:70,59
> 4:False:10,17:70,59
> 5:False:12,16:70,61
ferry-optimal-old-noisy/100/ferry_noisy_p00_hyp-4_full_1.tar.bz2:0.379503011703:0.01350213:0.37
> 0:False:14,24:76,71
> 1:False:12,20:76,69
> 2:False:10,19:76,67
> 3:False:10,19:76,67
> 4:False:10,22:76,67
> 5:True:12,17:76,69
ferry-optimal-old-noisy/100/ferry_noisy_p00_hyp-4_full_2.tar.bz2:0.379519939423:0.01412231:0.38
> 0:False:14,23:78,78
> 1:False:12,19:78,76
> 2:False:10,18:78,74
> 3:False:10,19:78,74
> 4:False:10,21:78,74
> 5:True:12,17:78,76
ferry-optimal-old-noisy/100/ferry_noisy_p00_hyp-4_full_3.tar.bz2:0.377129077911:0.01332807:0.38
> 0:False:14,23:78,75
> 1:False:12,19:78,73
> 2:False:10,18:78,71
> 3:False:10,19:78,71
> 4:False:10,20:78,71
> 5:True:12,17:78,73
ferry-optimal-old-noisy/100/ferry_noisy_p02_hyp-1_full_1.tar.bz2:0.52724480629:0.02310211:0.53
> 0:True:13,18:118,94
> 1:False:13,24:118,94
> 2:False:15,24:118,96
> 3:False:15,26:118,96
> 4:False:17,25:118,98
> 5:False:17,27:118,98
> 6:False:17,27:118,98
> 7:False:15,27:118,96
ferry-optimal-old-noisy/100/ferry_noisy_p02_hyp-1_full_2.tar.bz2:0.527484893799:0.02290225:0.52
> 0:True:13,18:118,93
> 1:False:13,23:118,93
> 2:False:15,24:118,95
> 3:False:15,26:118,95
> 4:False:17,25:118,97
> 5:False:17,27:118,97
> 6:False:17,26:118,97
> 7:False:15,27:118,95
ferry-optimal-old-noisy/100/ferry_noisy_p02_hyp-1_full_3.tar.bz2:0.525997161865:0.0227908:0.52
> 0:True:13,18:118,90
> 1:False:13,24:118,90
> 2:False:15,24:118,92
> 3:False:15,25:118,92
> 4:False:17,24:118,94
> 5:False:17,26:118,94
> 6:False:17,26:118,94
> 7:False:15,26:118,92
ferry-optimal-old-noisy/100/ferry_noisy_p02_hyp-2_full_1.tar.bz2:0.52588391304:0.02377534:0.52
> 0:False:13,25:116,90
> 1:True:13,19:116,90
> 2:False:15,25:116,92
> 3:False:15,28:116,92
> 4:False:17,29:116,94
> 5:False:17,27:116,94
> 6:True:17,23:116,94
> 7:False:15,26:116,92
ferry-optimal-old-noisy/100/ferry_noisy_p02_hyp-2_full_2.tar.bz2:0.526746988297:0.02335485:0.54
> 0:False:13,24:116,88
> 1:True:13,19:116,88
> 2:False:15,25:116,90
> 3:False:15,28:116,90
> 4:False:17,28:116,92
> 5:False:17,28:116,92
> 6:False:17,24:116,92
> 7:False:15,27:116,90
ferry-optimal-old-noisy/100/ferry_noisy_p02_hyp-2_full_3.tar.bz2:0.524099826813:0.02204092:0.52
> 0:False:13,22:116,85
> 1:True:13,19:116,85
> 2:False:15,24:116,87
> 3:False:15,27:116,87
> 4:False:17,27:116,89
> 5:False:17,27:116,89
> 6:True:17,23:116,89
> 7:False:15,26:116,87
ferry-optimal-old-noisy/100/ferry_noisy_p02_hyp-3_full_1.tar.bz2:0.526911973953:0.02487654:0.54
> 0:False:13,24:122,102
> 1:False:13,24:122,102
> 2:True:15,20:122,104
> 3:False:15,25:122,104
> 4:False:17,26:122,106
> 5:False:17,24:122,106
> 6:False:17,26:122,106
> 7:False:15,25:122,104
ferry-optimal-old-noisy/100/ferry_noisy_p02_hyp-3_full_2.tar.bz2:0.530356884003:0.02500914:0.53
> 0:False:13,24:122,103
> 1:False:13,24:122,103
> 2:True:15,20:122,105
> 3:False:15,26:122,105
> 4:False:17,27:122,107
> 5:False:17,25:122,107
> 6:False:17,27:122,107
> 7:False:15,26:122,105
ferry-optimal-old-noisy/100/ferry_noisy_p02_hyp-3_full_3.tar.bz2:0.531470060349:0.02512839:0.53
> 0:False:13,24:122,100
> 1:False:13,23:122,100
> 2:True:15,20:122,102
> 3:False:15,24:122,102
> 4:False:17,26:122,104
> 5:False:17,25:122,104
> 6:False:17,25:122,104
> 7:False:15,26:122,102
ferry-optimal-old-noisy/100/ferry_noisy_p02_hyp-4_full_1.tar.bz2:0.525856018066:0.02524456:0.52
> 0:False:13,25:124,108
> 1:False:13,27:124,108
> 2:False:15,26:124,110
> 3:True:15,20:124,110
> 4:False:17,27:124,112
> 5:False:17,25:124,112
> 6:False:17,27:124,112
> 7:False:15,25:124,110
ferry-optimal-old-noisy/100/ferry_noisy_p02_hyp-4_full_2.tar.bz2:0.527969837189:0.02547508:0.53
> 0:False:13,26:124,106
> 1:False:13,27:124,106
> 2:False:15,26:124,108
> 3:True:15,20:124,108
> 4:False:17,26:124,110
> 5:False:17,25:124,110
> 6:False:17,27:124,110
> 7:False:15,25:124,108
ferry-optimal-old-noisy/100/ferry_noisy_p02_hyp-4_full_3.tar.bz2:0.529495954514:0.02568122:0.53
> 0:False:13,26:124,105
> 1:False:13,27:124,105
> 2:False:15,26:124,107
> 3:True:15,20:124,107
> 4:False:17,27:124,109
> 5:False:17,24:124,109
> 6:False:17,27:124,109
> 7:False:15,24:124,107
ferry-optimal-old-noisy/100/ferry_noisy_p03_hyp-1_full_1.tar.bz2:0.316736221313:0.01157384:0.31
> 0:True:14,20:86,92
> 1:False:14,21:86,92
> 2:False:14,23:86,92
> 3:False:14,21:86,92
> 4:False:14,23:86,92
ferry-optimal-old-noisy/100/ferry_noisy_p03_hyp-1_full_2.tar.bz2:0.316610813141:0.01174827:0.32
> 0:True:14,20:86,91
> 1:False:14,21:86,91
> 2:False:14,22:86,91
> 3:True:14,20:86,91
> 4:False:14,21:86,91
ferry-optimal-old-noisy/100/ferry_noisy_p03_hyp-1_full_3.tar.bz2:0.313735961914:0.01199422:0.32
> 0:True:14,20:86,91
> 1:False:14,22:86,91
> 2:False:14,25:86,91
> 3:False:14,22:86,91
> 4:False:14,23:86,91
ferry-optimal-old-noisy/100/ferry_noisy_p03_hyp-2_full_1.tar.bz2:0.315184116364:0.01141704:0.32
> 0:False:14,20:82,85
> 1:True:14,19:82,85
> 2:False:14,21:82,85
> 3:True:14,19:82,85
> 4:False:14,21:82,85
ferry-optimal-old-noisy/100/ferry_noisy_p03_hyp-2_full_2.tar.bz2:0.312678098679:0.01107438:0.31
> 0:False:14,21:82,87
> 1:True:14,19:82,87
> 2:False:14,22:82,87
> 3:False:14,21:82,87
> 4:False:14,23:82,87
ferry-optimal-old-noisy/100/ferry_noisy_p03_hyp-2_full_3.tar.bz2:0.314996004105:0.0113514:0.31
> 0:False:14,21:82,88
> 1:True:14,19:82,88
> 2:False:14,22:82,88
> 3:False:14,21:82,88
> 4:False:14,23:82,88
ferry-optimal-old-noisy/100/ferry_noisy_p03_hyp-3_full_1.tar.bz2:0.314129829407:0.0114168:0.31
> 0:False:14,24:82,85
> 1:False:14,22:82,85
> 2:True:14,19:82,85
> 3:False:14,22:82,85
> 4:False:14,22:82,85
ferry-optimal-old-noisy/100/ferry_noisy_p03_hyp-3_full_2.tar.bz2:0.315889120102:0.01152475:0.32
> 0:False:14,24:82,90
> 1:False:14,22:82,90
> 2:True:14,19:82,90
> 3:False:14,22:82,90
> 4:False:14,22:82,90
ferry-optimal-old-noisy/100/ferry_noisy_p03_hyp-3_full_3.tar.bz2:0.315917015076:0.01164751:0.31
> 0:False:14,24:82,88
> 1:False:14,22:82,88
> 2:True:14,19:82,88
> 3:False:14,22:82,88
> 4:False:14,22:82,88
ferry-optimal-old-noisy/100/ferry_noisy_p03_hyp-4_full_1.tar.bz2:0.313804149628:0.01144818:0.31
> 0:False:14,21:82,90
> 1:True:14,19:82,90
> 2:False:14,21:82,90
> 3:False:14,21:82,90
> 4:False:14,22:82,90
ferry-optimal-old-noisy/100/ferry_noisy_p03_hyp-4_full_2.tar.bz2:0.316039085388:0.01133012:0.31
> 0:False:14,21:82,86
> 1:True:14,19:82,86
> 2:False:14,21:82,86
> 3:False:14,21:82,86
> 4:False:14,22:82,86
ferry-optimal-old-noisy/100/ferry_noisy_p03_hyp-4_full_3.tar.bz2:0.316708803177:0.01162223:0.32
> 0:False:14,21:82,89
> 1:True:14,19:82,89
> 2:False:14,21:82,89
> 3:False:14,21:82,89
> 4:False:14,23:82,89
