ferry-suboptimal-old-noisy/10/ferry_noisy_p00_hyp-1_10_1.tar.bz2:0.418320894241:0.03838695:0.42
> 0:True:14,14:1887,476
> 1:False:12,14:1887,476
> 2:False:10,12:1887,476
> 3:False:10,13:1887,476
> 4:False:10,14:1887,476
> 5:False:12,14:1887,476
ferry-suboptimal-old-noisy/10/ferry_noisy_p00_hyp-1_10_2.tar.bz2:0.417913913727:0.039322:0.41
> 0:True:14,14:1886,475
> 1:True:12,12:1886,475
> 2:True:10,10:1886,475
> 3:False:10,11:1886,475
> 4:False:10,11:1886,475
> 5:True:12,12:1886,475
ferry-suboptimal-old-noisy/10/ferry_noisy_p00_hyp-1_10_3.tar.bz2:0.41996383667:0.03946796:0.41
> 0:True:14,15:1887,476
> 1:False:12,14:1887,476
> 2:True:10,11:1887,476
> 3:False:10,13:1887,476
> 4:False:10,12:1887,476
> 5:False:12,14:1887,476
ferry-suboptimal-old-noisy/10/ferry_noisy_p00_hyp-2_10_1.tar.bz2:0.419937133789:0.04098723:0.42
> 0:False:14,17:1888,477
> 1:True:12,14:1888,477
> 2:False:10,15:1888,477
> 3:False:10,14:1888,477
> 4:True:10,12:1888,477
> 5:False:12,17:1888,477
ferry-suboptimal-old-noisy/10/ferry_noisy_p00_hyp-2_10_2.tar.bz2:0.419143199921:0.03911023:0.41
> 0:False:14,18:1887,476
> 1:True:12,15:1887,476
> 2:False:10,15:1887,476
> 3:True:10,13:1887,476
> 4:False:10,15:1887,476
> 5:True:12,15:1887,476
ferry-suboptimal-old-noisy/10/ferry_noisy_p00_hyp-2_10_3.tar.bz2:0.420490980148:0.04022811:0.42
> 0:False:14,16:1888,477
> 1:False:12,15:1888,477
> 2:True:10,11:1888,477
> 3:False:10,14:1888,477
> 4:False:10,13:1888,477
> 5:True:12,13:1888,477
ferry-suboptimal-old-noisy/10/ferry_noisy_p00_hyp-3_10_1.tar.bz2:0.424988985062:0.04367526:0.43
> 0:False:14,17:1888,477
> 1:True:12,13:1888,477
> 2:False:10,13:1888,477
> 3:False:10,13:1888,477
> 4:False:10,14:1888,477
> 5:True:12,13:1888,477
ferry-suboptimal-old-noisy/10/ferry_noisy_p00_hyp-3_10_2.tar.bz2:0.42049908638:0.03890114:0.43
> 0:True:14,15:1888,477
> 1:True:12,13:1888,477
> 2:False:10,13:1888,477
> 3:True:10,11:1888,477
> 4:False:10,12:1888,477
> 5:False:12,14:1888,477
ferry-suboptimal-old-noisy/10/ferry_noisy_p00_hyp-3_10_3.tar.bz2:0.424094200134:0.04343346:0.43
> 0:True:14,15:1888,477
> 1:True:12,13:1888,477
> 2:False:10,13:1888,477
> 3:True:10,11:1888,477
> 4:False:10,13:1888,477
> 5:True:12,13:1888,477
ferry-suboptimal-old-noisy/10/ferry_noisy_p00_hyp-4_10_1.tar.bz2:0.42022395134:0.03907349:0.42
> 0:True:14,15:1887,476
> 1:False:12,14:1887,476
> 2:True:10,11:1887,476
> 3:False:10,13:1887,476
> 4:False:10,12:1887,476
> 5:False:12,14:1887,476
ferry-suboptimal-old-noisy/10/ferry_noisy_p00_hyp-4_10_2.tar.bz2:0.42055106163:0.04084387:0.42
> 0:False:14,17:1888,477
> 1:False:12,14:1888,477
> 2:False:10,14:1888,477
> 3:False:10,14:1888,477
> 4:False:10,15:1888,477
> 5:True:12,13:1888,477
ferry-suboptimal-old-noisy/10/ferry_noisy_p00_hyp-4_10_3.tar.bz2:0.421525001526:0.04148955:0.43
> 0:False:14,16:1887,476
> 1:False:12,13:1887,476
> 2:False:10,11:1887,476
> 3:False:10,12:1887,476
> 4:False:10,13:1887,476
> 5:True:12,12:1887,476
ferry-suboptimal-old-noisy/10/ferry_noisy_p02_hyp-1_10_1.tar.bz2:0.654324769974:0.1037648:0.66
> 0:True:13,16:4598,837
> 1:False:13,17:4598,837
> 2:False:15,20:4598,837
> 3:True:15,18:4598,837
> 4:True:17,20:4598,837
> 5:False:17,21:4598,837
> 6:True:17,20:4598,837
> 7:True:15,18:4598,837
ferry-suboptimal-old-noisy/10/ferry_noisy_p02_hyp-1_10_2.tar.bz2:0.65389585495:0.1062981:0.66
> 0:True:13,15:4598,837
> 1:False:13,16:4598,837
> 2:False:15,19:4598,837
> 3:False:15,19:4598,837
> 4:False:17,20:4598,837
> 5:False:17,21:4598,837
> 6:False:17,20:4598,837
> 7:False:15,19:4598,837
ferry-suboptimal-old-noisy/10/ferry_noisy_p02_hyp-1_10_3.tar.bz2:0.645904064178:0.0960322:0.65
> 0:False:13,16:4598,837
> 1:False:13,16:4598,837
> 2:False:15,17:4598,837
> 3:False:15,17:4598,837
> 4:True:17,18:4598,837
> 5:False:17,19:4598,837
> 6:False:17,20:4598,837
> 7:False:15,18:4598,837
ferry-suboptimal-old-noisy/10/ferry_noisy_p02_hyp-2_10_1.tar.bz2:0.64905500412:0.0988578:0.65
> 0:False:13,15:4598,837
> 1:True:13,13:4598,837
> 2:False:15,17:4598,837
> 3:False:15,16:4598,837
> 4:False:17,19:4598,837
> 5:False:17,18:4598,837
> 6:False:17,18:4598,837
> 7:False:15,17:4598,837
ferry-suboptimal-old-noisy/10/ferry_noisy_p02_hyp-2_10_2.tar.bz2:0.648291110992:0.0997772:0.64
> 0:False:13,16:4597,836
> 1:True:13,15:4597,836
> 2:False:15,18:4597,836
> 3:False:15,19:4597,836
> 4:False:17,20:4597,836
> 5:True:17,19:4597,836
> 6:True:17,19:4597,836
> 7:False:15,19:4597,836
ferry-suboptimal-old-noisy/10/ferry_noisy_p02_hyp-2_10_3.tar.bz2:0.659622907639:0.1092812:0.67
> 0:True:13,15:4598,837
> 1:True:13,15:4598,837
> 2:True:15,17:4598,837
> 3:False:15,19:4598,837
> 4:True:17,19:4598,837
> 5:False:17,20:4598,837
> 6:True:17,19:4598,837
> 7:False:15,18:4598,837
ferry-suboptimal-old-noisy/10/ferry_noisy_p02_hyp-3_10_1.tar.bz2:0.65632891655:0.1076861:0.66
> 0:False:13,16:4599,838
> 1:False:13,17:4599,838
> 2:True:15,17:4599,838
> 3:False:15,18:4599,838
> 4:True:17,19:4599,838
> 5:True:17,19:4599,838
> 6:False:17,20:4599,838
> 7:False:15,18:4599,838
ferry-suboptimal-old-noisy/10/ferry_noisy_p02_hyp-3_10_2.tar.bz2:0.663574934006:0.1128422:0.66
> 0:False:13,17:4599,838
> 1:False:13,16:4599,838
> 2:False:15,17:4599,838
> 3:False:15,18:4599,838
> 4:False:17,21:4599,838
> 5:True:17,18:4599,838
> 6:False:17,20:4599,838
> 7:False:15,21:4599,838
ferry-suboptimal-old-noisy/10/ferry_noisy_p02_hyp-3_10_3.tar.bz2:0.654779195786:0.1057995:0.65
> 0:False:13,17:4599,838
> 1:False:13,15:4599,838
> 2:True:15,16:4599,838
> 3:True:15,16:4599,838
> 4:False:17,20:4599,838
> 5:True:17,18:4599,838
> 6:False:17,19:4599,838
> 7:True:15,16:4599,838
ferry-suboptimal-old-noisy/10/ferry_noisy_p02_hyp-4_10_1.tar.bz2:0.646374940872:0.0971048:0.65
> 0:False:13,16:4599,838
> 1:False:13,17:4599,838
> 2:False:15,19:4599,838
> 3:False:15,17:4599,838
> 4:True:17,18:4599,838
> 5:False:17,19:4599,838
> 6:False:17,20:4599,838
> 7:False:15,19:4599,838
ferry-suboptimal-old-noisy/10/ferry_noisy_p02_hyp-4_10_2.tar.bz2:0.642303943634:0.0966857:0.64
> 0:False:13,17:4599,838
> 1:False:13,17:4599,838
> 2:False:15,18:4599,838
> 3:True:15,16:4599,838
> 4:False:17,20:4599,838
> 5:True:17,18:4599,838
> 6:False:17,21:4599,838
> 7:False:15,17:4599,838
ferry-suboptimal-old-noisy/10/ferry_noisy_p02_hyp-4_10_3.tar.bz2:0.654663801193:0.1056454:0.66
> 0:False:13,20:4599,838
> 1:False:13,20:4599,838
> 2:False:15,21:4599,838
> 3:True:15,19:4599,838
> 4:False:17,22:4599,838
> 5:True:17,21:4599,838
> 6:False:17,22:4599,838
> 7:True:15,19:4599,838
ferry-suboptimal-old-noisy/10/ferry_noisy_p03_hyp-1_10_1.tar.bz2:0.345514059067:0.03145196:0.35
> 0:False:14,15:1756,474
> 1:False:14,15:1756,474
> 2:False:14,15:1756,474
> 3:True:14,14:1756,474
> 4:True:14,14:1756,474
ferry-suboptimal-old-noisy/10/ferry_noisy_p03_hyp-1_10_2.tar.bz2:0.34556388855:0.03180358:0.35
> 0:False:14,17:1756,474
> 1:False:14,17:1756,474
> 2:True:14,16:1756,474
> 3:True:14,16:1756,474
> 4:True:14,16:1756,474
ferry-suboptimal-old-noisy/10/ferry_noisy_p03_hyp-1_10_3.tar.bz2:0.343936920166:0.03037831:0.34
> 0:False:14,17:1756,474
> 1:True:14,16:1756,474
> 2:True:14,16:1756,474
> 3:True:14,16:1756,474
> 4:True:14,16:1756,474
ferry-suboptimal-old-noisy/10/ferry_noisy_p03_hyp-2_10_1.tar.bz2:0.347712993622:0.03292561:0.34
> 0:True:14,15:1757,475
> 1:True:14,15:1757,475
> 2:True:14,15:1757,475
> 3:True:14,15:1757,475
> 4:True:14,15:1757,475
ferry-suboptimal-old-noisy/10/ferry_noisy_p03_hyp-2_10_2.tar.bz2:0.352662086487:0.03610434:0.35
> 0:False:14,16:1757,475
> 1:False:14,16:1757,475
> 2:True:14,15:1757,475
> 3:False:14,16:1757,475
> 4:True:14,15:1757,475
ferry-suboptimal-old-noisy/10/ferry_noisy_p03_hyp-2_10_3.tar.bz2:0.344558000565:0.03060797:0.35
> 0:True:14,17:1756,474
> 1:True:14,17:1756,474
> 2:False:14,18:1756,474
> 3:True:14,17:1756,474
> 4:False:14,18:1756,474
ferry-suboptimal-old-noisy/10/ferry_noisy_p03_hyp-3_10_1.tar.bz2:0.347408056259:0.03113434:0.35
> 0:False:14,15:1757,475
> 1:False:14,15:1757,475
> 2:False:14,15:1757,475
> 3:True:14,14:1757,475
> 4:False:14,15:1757,475
ferry-suboptimal-old-noisy/10/ferry_noisy_p03_hyp-3_10_2.tar.bz2:0.348499059677:0.03441449:0.35
> 0:False:14,18:1756,474
> 1:False:14,18:1756,474
> 2:True:14,17:1756,474
> 3:False:14,18:1756,474
> 4:True:14,17:1756,474
ferry-suboptimal-old-noisy/10/ferry_noisy_p03_hyp-3_10_3.tar.bz2:0.34744310379:0.03065846:0.35
> 0:True:14,16:1757,475
> 1:False:14,17:1757,475
> 2:False:14,17:1757,475
> 3:False:14,17:1757,475
> 4:False:14,17:1757,475
ferry-suboptimal-old-noisy/10/ferry_noisy_p03_hyp-4_10_1.tar.bz2:0.34588098526:0.03026415:0.34
> 0:True:14,15:1757,475
> 1:False:14,16:1757,475
> 2:False:14,16:1757,475
> 3:False:14,16:1757,475
> 4:False:14,17:1757,475
ferry-suboptimal-old-noisy/10/ferry_noisy_p03_hyp-4_10_2.tar.bz2:0.344970941544:0.03057573:0.34
> 0:True:14,15:1756,474
> 1:False:14,16:1756,474
> 2:False:14,16:1756,474
> 3:False:14,16:1756,474
> 4:False:14,16:1756,474
ferry-suboptimal-old-noisy/10/ferry_noisy_p03_hyp-4_10_3.tar.bz2:0.344188928604:0.03029571:0.35
> 0:True:14,16:1757,475
> 1:True:14,16:1757,475
> 2:False:14,17:1757,475
> 3:False:14,17:1757,475
> 4:False:14,17:1757,475
ferry-suboptimal-old-noisy/30/ferry_noisy_p00_hyp-1_30_1.tar.bz2:0.423992872238:0.04377166:0.43
> 0:True:14,15:1890,479
> 1:False:12,16:1890,479
> 2:False:10,15:1890,479
> 3:False:10,14:1890,479
> 4:False:10,15:1890,479
> 5:False:12,17:1890,479
ferry-suboptimal-old-noisy/30/ferry_noisy_p00_hyp-1_30_2.tar.bz2:0.42316198349:0.04322751:0.43
> 0:True:14,16:1892,481
> 1:False:12,17:1892,481
> 2:False:10,16:1892,481
> 3:False:10,15:1892,481
> 4:False:10,13:1892,481
> 5:False:12,18:1892,481
ferry-suboptimal-old-noisy/30/ferry_noisy_p00_hyp-1_30_3.tar.bz2:0.423527956009:0.04280165:0.42
> 0:True:14,18:1891,480
> 1:False:12,18:1891,480
> 2:False:10,17:1891,480
> 3:False:10,15:1891,480
> 4:False:10,16:1891,480
> 5:False:12,17:1891,480
ferry-suboptimal-old-noisy/30/ferry_noisy_p00_hyp-2_30_1.tar.bz2:0.420566082001:0.04074552:0.42
> 0:True:14,18:1892,481
> 1:True:12,16:1892,481
> 2:False:10,15:1892,481
> 3:False:10,16:1892,481
> 4:False:10,15:1892,481
> 5:False:12,17:1892,481
ferry-suboptimal-old-noisy/30/ferry_noisy_p00_hyp-2_30_2.tar.bz2:0.421900987625:0.04062999:0.43
> 0:False:14,17:1892,481
> 1:True:12,14:1892,481
> 2:False:10,14:1892,481
> 3:False:10,15:1892,481
> 4:False:10,13:1892,481
> 5:False:12,15:1892,481
ferry-suboptimal-old-noisy/30/ferry_noisy_p00_hyp-2_30_3.tar.bz2:0.420271158218:0.04073301:0.42
> 0:False:14,21:1893,482
> 1:False:12,19:1893,482
> 2:False:10,19:1893,482
> 3:False:10,19:1893,482
> 4:False:10,19:1893,482
> 5:True:12,18:1893,482
ferry-suboptimal-old-noisy/30/ferry_noisy_p00_hyp-3_30_1.tar.bz2:0.421524047852:0.04224935:0.43
> 0:False:14,19:1892,481
> 1:False:12,17:1892,481
> 2:False:10,15:1892,481
> 3:False:10,15:1892,481
> 4:False:10,15:1892,481
> 5:True:12,16:1892,481
ferry-suboptimal-old-noisy/30/ferry_noisy_p00_hyp-3_30_2.tar.bz2:0.422857999802:0.04106602:0.42
> 0:False:14,19:1893,482
> 1:False:12,16:1893,482
> 2:False:10,16:1893,482
> 3:True:10,13:1893,482
> 4:False:10,16:1893,482
> 5:False:12,16:1893,482
ferry-suboptimal-old-noisy/30/ferry_noisy_p00_hyp-3_30_3.tar.bz2:0.423412799835:0.04385214:0.43
> 0:True:14,18:1891,480
> 1:True:12,16:1891,480
> 2:False:10,16:1891,480
> 3:True:10,14:1891,480
> 4:False:10,16:1891,480
> 5:True:12,16:1891,480
ferry-suboptimal-old-noisy/30/ferry_noisy_p00_hyp-4_30_1.tar.bz2:0.421752929688:0.04135317:0.43
> 0:True:14,17:1893,482
> 1:True:12,15:1893,482
> 2:True:10,13:1893,482
> 3:False:10,14:1893,482
> 4:True:10,13:1893,482
> 5:True:12,15:1893,482
ferry-suboptimal-old-noisy/30/ferry_noisy_p00_hyp-4_30_2.tar.bz2:0.420448064804:0.04169079:0.43
> 0:False:14,22:1892,481
> 1:False:12,18:1892,481
> 2:False:10,17:1892,481
> 3:False:10,17:1892,481
> 4:False:10,19:1892,481
> 5:True:12,17:1892,481
ferry-suboptimal-old-noisy/30/ferry_noisy_p00_hyp-4_30_3.tar.bz2:0.418669939041:0.03845139:0.41
> 0:False:14,17:1891,480
> 1:True:12,14:1891,480
> 2:False:10,15:1891,480
> 3:False:10,15:1891,480
> 4:False:10,15:1891,480
> 5:False:12,15:1891,480
ferry-suboptimal-old-noisy/30/ferry_noisy_p02_hyp-1_30_1.tar.bz2:0.645429134369:0.0956973:0.64
> 0:True:13,19:4605,844
> 1:False:13,23:4605,844
> 2:False:15,24:4605,844
> 3:False:15,25:4605,844
> 4:True:17,23:4605,844
> 5:False:17,26:4605,844
> 6:False:17,26:4605,844
> 7:False:15,26:4605,844
ferry-suboptimal-old-noisy/30/ferry_noisy_p02_hyp-1_30_2.tar.bz2:0.643307924271:0.0939935:0.65
> 0:False:13,20:4605,844
> 1:False:13,20:4605,844
> 2:False:15,22:4605,844
> 3:False:15,24:4605,844
> 4:True:17,23:4605,844
> 5:False:17,25:4605,844
> 6:True:17,23:4605,844
> 7:False:15,24:4605,844
ferry-suboptimal-old-noisy/30/ferry_noisy_p02_hyp-1_30_3.tar.bz2:0.644946098328:0.0956454:0.64
> 0:True:13,19:4605,844
> 1:False:13,20:4605,844
> 2:False:15,24:4605,844
> 3:False:15,24:4605,844
> 4:False:17,24:4605,844
> 5:False:17,25:4605,844
> 6:False:17,24:4605,844
> 7:False:15,25:4605,844
ferry-suboptimal-old-noisy/30/ferry_noisy_p02_hyp-2_30_1.tar.bz2:0.645247936249:0.09603:0.65
> 0:False:13,19:4604,843
> 1:True:13,18:4604,843
> 2:True:15,20:4604,843
> 3:False:15,23:4604,843
> 4:False:17,24:4604,843
> 5:False:17,24:4604,843
> 6:True:17,22:4604,843
> 7:False:15,23:4604,843
ferry-suboptimal-old-noisy/30/ferry_noisy_p02_hyp-2_30_2.tar.bz2:0.661844015121:0.1108831:0.66
> 0:False:13,22:4604,843
> 1:False:13,20:4604,843
> 2:False:15,24:4604,843
> 3:False:15,25:4604,843
> 4:False:17,24:4604,843
> 5:False:17,24:4604,843
> 6:True:17,22:4604,843
> 7:False:15,22:4604,843
ferry-suboptimal-old-noisy/30/ferry_noisy_p02_hyp-2_30_3.tar.bz2:0.64838886261:0.0967703:0.65
> 0:False:13,19:4604,843
> 1:False:13,19:4604,843
> 2:False:15,21:4604,843
> 3:False:15,24:4604,843
> 4:False:17,24:4604,843
> 5:False:17,24:4604,843
> 6:True:17,22:4604,843
> 7:False:15,23:4604,843
ferry-suboptimal-old-noisy/30/ferry_noisy_p02_hyp-3_30_1.tar.bz2:0.641447067261:0.0951332:0.65
> 0:False:13,21:4604,843
> 1:False:13,21:4604,843
> 2:True:15,22:4604,843
> 3:False:15,25:4604,843
> 4:False:17,26:4604,843
> 5:False:17,26:4604,843
> 6:False:17,25:4604,843
> 7:False:15,24:4604,843
ferry-suboptimal-old-noisy/30/ferry_noisy_p02_hyp-3_30_2.tar.bz2:0.645362138748:0.0962985:0.65
> 0:False:13,23:4604,843
> 1:False:13,25:4604,843
> 2:True:15,23:4604,843
> 3:False:15,24:4604,843
> 4:False:17,26:4604,843
> 5:False:17,26:4604,843
> 6:False:17,26:4604,843
> 7:True:15,23:4604,843
ferry-suboptimal-old-noisy/30/ferry_noisy_p02_hyp-3_30_3.tar.bz2:0.644678115845:0.0959347:0.65
> 0:True:13,20:4603,842
> 1:False:13,22:4603,842
> 2:False:15,23:4603,842
> 3:False:15,25:4603,842
> 4:False:17,25:4603,842
> 5:False:17,26:4603,842
> 6:False:17,25:4603,842
> 7:False:15,24:4603,842
ferry-suboptimal-old-noisy/30/ferry_noisy_p02_hyp-4_30_1.tar.bz2:0.642060041428:0.0939339:0.64
> 0:False:13,20:4605,844
> 1:False:13,20:4605,844
> 2:False:15,21:4605,844
> 3:False:15,22:4605,844
> 4:False:17,23:4605,844
> 5:True:17,22:4605,844
> 6:False:17,23:4605,844
> 7:False:15,24:4605,844
ferry-suboptimal-old-noisy/30/ferry_noisy_p02_hyp-4_30_2.tar.bz2:0.656825065613:0.106715:0.65
> 0:False:13,22:4604,843
> 1:False:13,22:4604,843
> 2:False:15,23:4604,843
> 3:True:15,22:4604,843
> 4:False:17,26:4604,843
> 5:True:17,24:4604,843
> 6:False:17,26:4604,843
> 7:False:15,25:4604,843
ferry-suboptimal-old-noisy/30/ferry_noisy_p02_hyp-4_30_3.tar.bz2:0.646693229675:0.0975505:0.65
> 0:False:13,24:4604,843
> 1:False:13,26:4604,843
> 2:False:15,26:4604,843
> 3:False:15,23:4604,843
> 4:False:17,26:4604,843
> 5:False:17,26:4604,843
> 6:False:17,26:4604,843
> 7:True:15,22:4604,843
ferry-suboptimal-old-noisy/30/ferry_noisy_p03_hyp-1_30_1.tar.bz2:0.344408988953:0.03090871:0.34
> 0:True:14,18:1763,481
> 1:True:14,18:1763,481
> 2:False:14,20:1763,481
> 3:False:14,19:1763,481
> 4:False:14,20:1763,481
ferry-suboptimal-old-noisy/30/ferry_noisy_p03_hyp-1_30_2.tar.bz2:0.347726106644:0.03320555:0.35
> 0:True:14,19:1762,480
> 1:False:14,20:1762,480
> 2:False:14,20:1762,480
> 3:False:14,20:1762,480
> 4:False:14,20:1762,480
ferry-suboptimal-old-noisy/30/ferry_noisy_p03_hyp-1_30_3.tar.bz2:0.344255924225:0.03141319:0.34
> 0:False:14,20:1762,480
> 1:True:14,19:1762,480
> 2:True:14,19:1762,480
> 3:True:14,19:1762,480
> 4:False:14,20:1762,480
ferry-suboptimal-old-noisy/30/ferry_noisy_p03_hyp-2_30_1.tar.bz2:0.351515054703:0.0373323:0.35
> 0:False:14,21:1764,482
> 1:True:14,20:1764,482
> 2:True:14,20:1764,482
> 3:True:14,20:1764,482
> 4:True:14,20:1764,482
ferry-suboptimal-old-noisy/30/ferry_noisy_p03_hyp-2_30_2.tar.bz2:0.34649181366:0.03224398:0.35
> 0:False:14,24:1764,482
> 1:True:14,23:1764,482
> 2:False:14,24:1764,482
> 3:False:14,25:1764,482
> 4:False:14,25:1764,482
ferry-suboptimal-old-noisy/30/ferry_noisy_p03_hyp-2_30_3.tar.bz2:0.349299907684:0.03549389:0.35
> 0:False:14,23:1765,483
> 1:False:14,21:1765,483
> 2:False:14,21:1765,483
> 3:False:14,21:1765,483
> 4:True:14,20:1765,483
ferry-suboptimal-old-noisy/30/ferry_noisy_p03_hyp-3_30_1.tar.bz2:0.345456838608:0.03103176:0.34
> 0:False:14,23:1763,481
> 1:False:14,23:1763,481
> 2:True:14,21:1763,481
> 3:False:14,23:1763,481
> 4:False:14,22:1763,481
ferry-suboptimal-old-noisy/30/ferry_noisy_p03_hyp-3_30_2.tar.bz2:0.346585035324:0.03056737:0.35
> 0:False:14,21:1764,482
> 1:False:14,20:1764,482
> 2:True:14,19:1764,482
> 3:False:14,21:1764,482
> 4:False:14,22:1764,482
ferry-suboptimal-old-noisy/30/ferry_noisy_p03_hyp-3_30_3.tar.bz2:0.349049091339:0.03377617:0.36
> 0:False:14,22:1762,480
> 1:False:14,22:1762,480
> 2:True:14,21:1762,480
> 3:False:14,22:1762,480
> 4:False:14,22:1762,480
ferry-suboptimal-old-noisy/30/ferry_noisy_p03_hyp-4_30_1.tar.bz2:0.344488143921:0.03066439:0.34
> 0:False:14,22:1764,482
> 1:True:14,20:1764,482
> 2:False:14,21:1764,482
> 3:False:14,22:1764,482
> 4:False:14,23:1764,482
ferry-suboptimal-old-noisy/30/ferry_noisy_p03_hyp-4_30_2.tar.bz2:0.347560882568:0.03153623:0.35
> 0:False:14,20:1762,480
> 1:False:14,20:1762,480
> 2:False:14,20:1762,480
> 3:False:14,20:1762,480
> 4:True:14,19:1762,480
ferry-suboptimal-old-noisy/30/ferry_noisy_p03_hyp-4_30_3.tar.bz2:0.350938081741:0.03487017:0.34
> 0:False:14,20:1764,482
> 1:True:14,19:1764,482
> 2:False:14,21:1764,482
> 3:False:14,21:1764,482
> 4:False:14,22:1764,482
ferry-suboptimal-old-noisy/50/ferry_noisy_p00_hyp-1_50_1.tar.bz2:0.424232006073:0.04404599:0.42
> 0:True:14,18:1896,485
> 1:False:12,21:1896,485
> 2:False:10,19:1896,485
> 3:False:10,20:1896,485
> 4:False:10,19:1896,485
> 5:False:12,21:1896,485
ferry-suboptimal-old-noisy/50/ferry_noisy_p00_hyp-1_50_2.tar.bz2:0.420248985291:0.03926784:0.42
> 0:True:14,17:1894,483
> 1:False:12,20:1894,483
> 2:False:10,18:1894,483
> 3:False:10,19:1894,483
> 4:False:10,17:1894,483
> 5:False:12,21:1894,483
ferry-suboptimal-old-noisy/50/ferry_noisy_p00_hyp-1_50_3.tar.bz2:0.417436122894:0.0388828:0.41
> 0:True:14,19:1894,483
> 1:False:12,20:1894,483
> 2:False:10,20:1894,483
> 3:False:10,19:1894,483
> 4:False:10,17:1894,483
> 5:False:12,21:1894,483
ferry-suboptimal-old-noisy/50/ferry_noisy_p00_hyp-2_50_1.tar.bz2:0.424961090088:0.04510587:0.43
> 0:False:14,23:1896,485
> 1:False:12,21:1896,485
> 2:False:10,19:1896,485
> 3:False:10,19:1896,485
> 4:False:10,21:1896,485
> 5:True:12,19:1896,485
ferry-suboptimal-old-noisy/50/ferry_noisy_p00_hyp-2_50_2.tar.bz2:0.418256998062:0.04058135:0.42
> 0:False:14,20:1896,485
> 1:True:12,15:1896,485
> 2:False:10,19:1896,485
> 3:False:10,16:1896,485
> 4:False:10,18:1896,485
> 5:False:12,17:1896,485
ferry-suboptimal-old-noisy/50/ferry_noisy_p00_hyp-2_50_3.tar.bz2:0.423452854156:0.04352042:0.43
> 0:True:14,21:1897,486
> 1:True:12,19:1897,486
> 2:False:10,18:1897,486
> 3:False:10,18:1897,486
> 4:False:10,19:1897,486
> 5:False:12,20:1897,486
ferry-suboptimal-old-noisy/50/ferry_noisy_p00_hyp-3_50_1.tar.bz2:0.422661066055:0.04291683:0.42
> 0:False:14,23:1896,485
> 1:False:12,20:1896,485
> 2:False:10,22:1896,485
> 3:True:10,17:1896,485
> 4:False:10,21:1896,485
> 5:False:12,21:1896,485
ferry-suboptimal-old-noisy/50/ferry_noisy_p00_hyp-3_50_2.tar.bz2:0.419108867645:0.03907823:0.42
> 0:False:14,24:1892,481
> 1:True:12,21:1892,481
> 2:False:10,23:1892,481
> 3:False:10,20:1892,481
> 4:False:10,21:1892,481
> 5:False:12,22:1892,481
ferry-suboptimal-old-noisy/50/ferry_noisy_p00_hyp-3_50_3.tar.bz2:0.421194076538:0.04095383:0.42
> 0:True:14,22:1895,484
> 1:False:12,22:1895,484
> 2:False:10,21:1895,484
> 3:False:10,19:1895,484
> 4:False:10,20:1895,484
> 5:False:12,21:1895,484
ferry-suboptimal-old-noisy/50/ferry_noisy_p00_hyp-4_50_1.tar.bz2:0.423027038574:0.04170837:0.42
> 0:False:14,23:1896,485
> 1:False:12,21:1896,485
> 2:False:10,18:1896,485
> 3:False:10,20:1896,485
> 4:False:10,21:1896,485
> 5:True:12,19:1896,485
ferry-suboptimal-old-noisy/50/ferry_noisy_p00_hyp-4_50_2.tar.bz2:0.418945074081:0.04158039:0.42
> 0:False:14,25:1895,484
> 1:False:12,22:1895,484
> 2:False:10,19:1895,484
> 3:False:10,21:1895,484
> 4:False:10,22:1895,484
> 5:True:12,19:1895,484
ferry-suboptimal-old-noisy/50/ferry_noisy_p00_hyp-4_50_3.tar.bz2:0.418898820877:0.03779103:0.42
> 0:False:14,24:1895,484
> 1:True:12,21:1895,484
> 2:False:10,21:1895,484
> 3:False:10,20:1895,484
> 4:False:10,23:1895,484
> 5:True:12,21:1895,484
ferry-suboptimal-old-noisy/50/ferry_noisy_p02_hyp-1_50_1.tar.bz2:0.644679069519:0.0955263:0.64
> 0:True:13,23:4611,850
> 1:False:13,25:4611,850
> 2:False:15,27:4611,850
> 3:False:15,28:4611,850
> 4:True:17,27:4611,850
> 5:False:17,28:4611,850
> 6:True:17,27:4611,850
> 7:False:15,29:4611,850
ferry-suboptimal-old-noisy/50/ferry_noisy_p02_hyp-1_50_2.tar.bz2:0.652331113815:0.1032356:0.65
> 0:True:13,27:4609,848
> 1:False:13,30:4609,848
> 2:False:15,32:4609,848
> 3:False:15,32:4609,848
> 4:False:17,32:4609,848
> 5:False:17,33:4609,848
> 6:False:17,33:4609,848
> 7:False:15,32:4609,848
ferry-suboptimal-old-noisy/50/ferry_noisy_p02_hyp-1_50_3.tar.bz2:0.652656078339:0.1044401:0.66
> 0:True:13,22:4612,851
> 1:False:13,26:4612,851
> 2:False:15,27:4612,851
> 3:False:15,28:4612,851
> 4:False:17,27:4612,851
> 5:False:17,30:4612,851
> 6:False:17,28:4612,851
> 7:False:15,27:4612,851
ferry-suboptimal-old-noisy/50/ferry_noisy_p02_hyp-2_50_1.tar.bz2:0.643038988113:0.093:0.64
> 0:False:13,25:4606,845
> 1:True:13,23:4606,845
> 2:False:15,27:4606,845
> 3:False:15,29:4606,845
> 4:False:17,29:4606,845
> 5:False:17,30:4606,845
> 6:True:17,27:4606,845
> 7:False:15,29:4606,845
ferry-suboptimal-old-noisy/50/ferry_noisy_p02_hyp-2_50_2.tar.bz2:0.646802186966:0.095663:0.65
> 0:False:13,28:4608,847
> 1:True:13,24:4608,847
> 2:False:15,29:4608,847
> 3:False:15,31:4608,847
> 4:False:17,32:4608,847
> 5:False:17,31:4608,847
> 6:False:17,29:4608,847
> 7:False:15,31:4608,847
ferry-suboptimal-old-noisy/50/ferry_noisy_p02_hyp-2_50_3.tar.bz2:0.645725011826:0.0959699:0.64
> 0:False:13,27:4607,846
> 1:False:13,26:4607,846
> 2:False:15,27:4607,846
> 3:False:15,28:4607,846
> 4:False:17,29:4607,846
> 5:True:17,28:4607,846
> 6:False:17,29:4607,846
> 7:False:15,29:4607,846
ferry-suboptimal-old-noisy/50/ferry_noisy_p02_hyp-3_50_1.tar.bz2:0.645065784454:0.0960457:0.65
> 0:False:13,28:4609,848
> 1:False:13,30:4609,848
> 2:True:15,28:4609,848
> 3:False:15,31:4609,848
> 4:False:17,33:4609,848
> 5:False:17,31:4609,848
> 6:False:17,33:4609,848
> 7:False:15,33:4609,848
ferry-suboptimal-old-noisy/50/ferry_noisy_p02_hyp-3_50_2.tar.bz2:0.643903017044:0.0944397:0.64
> 0:False:13,27:4611,850
> 1:False:13,29:4611,850
> 2:True:15,26:4611,850
> 3:False:15,31:4611,850
> 4:False:17,30:4611,850
> 5:False:17,30:4611,850
> 6:False:17,32:4611,850
> 7:False:15,31:4611,850
ferry-suboptimal-old-noisy/50/ferry_noisy_p02_hyp-3_50_3.tar.bz2:0.646526098251:0.0966949:0.65
> 0:False:13,31:4608,847
> 1:False:13,32:4608,847
> 2:False:15,32:4608,847
> 3:False:15,31:4608,847
> 4:False:17,33:4608,847
> 5:True:17,32:4608,847
> 6:False:17,34:4608,847
> 7:False:15,33:4608,847
ferry-suboptimal-old-noisy/50/ferry_noisy_p02_hyp-4_50_1.tar.bz2:0.639714956284:0.0933173:0.65
> 0:False:13,27:4613,852
> 1:False:13,27:4613,852
> 2:False:15,26:4613,852
> 3:True:15,23:4613,852
> 4:False:17,28:4613,852
> 5:False:17,26:4613,852
> 6:False:17,27:4613,852
> 7:False:15,27:4613,852
ferry-suboptimal-old-noisy/50/ferry_noisy_p02_hyp-4_50_2.tar.bz2:0.642096042633:0.0929329:0.64
> 0:False:13,28:4611,850
> 1:False:13,27:4611,850
> 2:False:15,31:4611,850
> 3:False:15,30:4611,850
> 4:False:17,30:4611,850
> 5:False:17,30:4611,850
> 6:True:17,28:4611,850
> 7:False:15,29:4611,850
ferry-suboptimal-old-noisy/50/ferry_noisy_p02_hyp-4_50_3.tar.bz2:0.642093896866:0.0930079:0.64
> 0:False:13,28:4610,849
> 1:False:13,29:4610,849
> 2:False:15,30:4610,849
> 3:True:15,27:4610,849
> 4:True:17,29:4610,849
> 5:True:17,29:4610,849
> 6:False:17,32:4610,849
> 7:False:15,31:4610,849
ferry-suboptimal-old-noisy/50/ferry_noisy_p03_hyp-1_50_1.tar.bz2:0.349364995956:0.03489971:0.35
> 0:True:14,22:1769,487
> 1:False:14,24:1769,487
> 2:False:14,25:1769,487
> 3:False:14,23:1769,487
> 4:False:14,24:1769,487
ferry-suboptimal-old-noisy/50/ferry_noisy_p03_hyp-1_50_2.tar.bz2:0.351674079895:0.03684638:0.35
> 0:True:14,24:1766,484
> 1:True:14,24:1766,484
> 2:False:14,25:1766,484
> 3:True:14,24:1766,484
> 4:False:14,25:1766,484
ferry-suboptimal-old-noisy/50/ferry_noisy_p03_hyp-1_50_3.tar.bz2:0.350315093994:0.03521996:0.35
> 0:True:14,26:1766,484
> 1:True:14,26:1766,484
> 2:True:14,26:1766,484
> 3:True:14,26:1766,484
> 4:False:14,27:1766,484
ferry-suboptimal-old-noisy/50/ferry_noisy_p03_hyp-2_50_1.tar.bz2:0.347078800201:0.03332136:0.35
> 0:True:14,25:1769,487
> 1:True:14,25:1769,487
> 2:False:14,27:1769,487
> 3:False:14,26:1769,487
> 4:False:14,27:1769,487
ferry-suboptimal-old-noisy/50/ferry_noisy_p03_hyp-2_50_2.tar.bz2:0.349707126617:0.03518215:0.36
> 0:True:14,26:1770,488
> 1:True:14,26:1770,488
> 2:False:14,27:1770,488
> 3:False:14,27:1770,488
> 4:False:14,27:1770,488
ferry-suboptimal-old-noisy/50/ferry_noisy_p03_hyp-2_50_3.tar.bz2:0.351032972336:0.03714394:0.35
> 0:False:14,28:1770,488
> 1:True:14,27:1770,488
> 2:True:14,27:1770,488
> 3:False:14,28:1770,488
> 4:False:14,28:1770,488
ferry-suboptimal-old-noisy/50/ferry_noisy_p03_hyp-3_50_1.tar.bz2:0.352553129196:0.03550851:0.35
> 0:False:14,28:1768,486
> 1:False:14,27:1768,486
> 2:True:14,25:1768,486
> 3:False:14,28:1768,486
> 4:False:14,28:1768,486
ferry-suboptimal-old-noisy/50/ferry_noisy_p03_hyp-3_50_2.tar.bz2:0.348721027374:0.03405325:0.36
> 0:False:14,30:1767,485
> 1:False:14,28:1767,485
> 2:True:14,27:1767,485
> 3:False:14,29:1767,485
> 4:False:14,30:1767,485
ferry-suboptimal-old-noisy/50/ferry_noisy_p03_hyp-3_50_3.tar.bz2:0.352200031281:0.03655379:0.36
> 0:False:14,28:1769,487
> 1:False:14,27:1769,487
> 2:True:14,26:1769,487
> 3:False:14,27:1769,487
> 4:False:14,27:1769,487
ferry-suboptimal-old-noisy/50/ferry_noisy_p03_hyp-4_50_1.tar.bz2:0.351072072983:0.0360504:0.35
> 0:True:14,27:1768,486
> 1:True:14,27:1768,486
> 2:False:14,28:1768,486
> 3:False:14,29:1768,486
> 4:False:14,28:1768,486
ferry-suboptimal-old-noisy/50/ferry_noisy_p03_hyp-4_50_2.tar.bz2:0.349390983582:0.03502991:0.34
> 0:False:14,25:1769,487
> 1:True:14,24:1769,487
> 2:False:14,26:1769,487
> 3:False:14,26:1769,487
> 4:False:14,27:1769,487
ferry-suboptimal-old-noisy/50/ferry_noisy_p03_hyp-4_50_3.tar.bz2:0.351739883423:0.03694857:0.36
> 0:False:14,26:1768,486
> 1:True:14,25:1768,486
> 2:True:14,25:1768,486
> 3:False:14,26:1768,486
> 4:True:14,25:1768,486
ferry-suboptimal-old-noisy/70/ferry_noisy_p00_hyp-1_70_1.tar.bz2:0.42280292511:0.04260671:0.42
> 0:True:14,19:1897,486
> 1:False:12,23:1897,486
> 2:False:10,21:1897,486
> 3:False:10,22:1897,486
> 4:False:10,20:1897,486
> 5:False:12,24:1897,486
ferry-suboptimal-old-noisy/70/ferry_noisy_p00_hyp-1_70_2.tar.bz2:0.426726818085:0.0459586:0.42
> 0:True:14,21:1900,489
> 1:False:12,24:1900,489
> 2:False:10,21:1900,489
> 3:False:10,22:1900,489
> 4:False:10,21:1900,489
> 5:False:12,24:1900,489
ferry-suboptimal-old-noisy/70/ferry_noisy_p00_hyp-1_70_3.tar.bz2:0.426703929901:0.04585321:0.43
> 0:True:14,21:1899,488
> 1:False:12,24:1899,488
> 2:False:10,22:1899,488
> 3:False:10,23:1899,488
> 4:False:10,22:1899,488
> 5:False:12,24:1899,488
ferry-suboptimal-old-noisy/70/ferry_noisy_p00_hyp-2_70_1.tar.bz2:0.427095890045:0.04577897:0.42
> 0:False:14,23:1899,488
> 1:True:12,18:1899,488
> 2:False:10,22:1899,488
> 3:False:10,19:1899,488
> 4:False:10,20:1899,488
> 5:False:12,21:1899,488
ferry-suboptimal-old-noisy/70/ferry_noisy_p00_hyp-2_70_2.tar.bz2:0.425091981888:0.04461844:0.43
> 0:False:14,25:1901,490
> 1:True:12,20:1901,490
> 2:False:10,24:1901,490
> 3:False:10,22:1901,490
> 4:False:10,23:1901,490
> 5:False:12,23:1901,490
ferry-suboptimal-old-noisy/70/ferry_noisy_p00_hyp-2_70_3.tar.bz2:0.42431807518:0.04346891:0.43
> 0:False:14,25:1901,490
> 1:True:12,21:1901,490
> 2:False:10,23:1901,490
> 3:False:10,23:1901,490
> 4:False:10,22:1901,490
> 5:False:12,22:1901,490
ferry-suboptimal-old-noisy/70/ferry_noisy_p00_hyp-3_70_1.tar.bz2:0.420047998428:0.04211339:0.42
> 0:False:14,24:1896,485
> 1:False:12,21:1896,485
> 2:False:10,23:1896,485
> 3:True:10,18:1896,485
> 4:False:10,22:1896,485
> 5:False:12,22:1896,485
ferry-suboptimal-old-noisy/70/ferry_noisy_p00_hyp-3_70_2.tar.bz2:0.42108297348:0.04134104:0.43
> 0:False:14,24:1897,486
> 1:True:12,20:1897,486
> 2:False:10,23:1897,486
> 3:False:10,19:1897,486
> 4:False:10,23:1897,486
> 5:False:12,21:1897,486
ferry-suboptimal-old-noisy/70/ferry_noisy_p00_hyp-3_70_3.tar.bz2:0.424669027328:0.04359591:0.43
> 0:False:14,25:1898,487
> 1:False:12,22:1898,487
> 2:False:10,24:1898,487
> 3:True:10,19:1898,487
> 4:False:10,23:1898,487
> 5:False:12,23:1898,487
ferry-suboptimal-old-noisy/70/ferry_noisy_p00_hyp-4_70_1.tar.bz2:0.425457954407:0.04476386:0.42
> 0:False:14,27:1901,490
> 1:False:12,26:1901,490
> 2:False:10,24:1901,490
> 3:False:10,25:1901,490
> 4:False:10,27:1901,490
> 5:True:12,23:1901,490
ferry-suboptimal-old-noisy/70/ferry_noisy_p00_hyp-4_70_2.tar.bz2:0.422667980194:0.04325942:0.42
> 0:False:14,28:1901,490
> 1:False:12,25:1901,490
> 2:False:10,24:1901,490
> 3:False:10,25:1901,490
> 4:False:10,26:1901,490
> 5:True:12,23:1901,490
ferry-suboptimal-old-noisy/70/ferry_noisy_p00_hyp-4_70_3.tar.bz2:0.418786764145:0.04180162:0.42
> 0:False:14,26:1900,489
> 1:False:12,23:1900,489
> 2:False:10,24:1900,489
> 3:False:10,22:1900,489
> 4:False:10,25:1900,489
> 5:True:12,22:1900,489
ferry-suboptimal-old-noisy/70/ferry_noisy_p02_hyp-1_70_1.tar.bz2:0.654494047165:0.1055958:0.67
> 0:False:13,33:4617,856
> 1:False:13,35:4617,856
> 2:False:15,35:4617,856
> 3:False:15,36:4617,856
> 4:True:17,36:4617,856
> 5:True:17,36:4617,856
> 6:False:17,37:4617,856
> 7:False:15,37:4617,856
ferry-suboptimal-old-noisy/70/ferry_noisy_p02_hyp-1_70_2.tar.bz2:0.650326013565:0.1026254:0.65
> 0:True:13,30:4616,855
> 1:False:13,34:4616,855
> 2:False:15,35:4616,855
> 3:False:15,37:4616,855
> 4:False:17,35:4616,855
> 5:False:17,38:4616,855
> 6:False:17,38:4616,855
> 7:False:15,37:4616,855
ferry-suboptimal-old-noisy/70/ferry_noisy_p02_hyp-1_70_3.tar.bz2:0.651007175446:0.1027559:0.65
> 0:True:13,34:4615,854
> 1:False:13,37:4615,854
> 2:False:15,38:4615,854
> 3:False:15,38:4615,854
> 4:True:17,38:4615,854
> 5:True:17,38:4615,854
> 6:True:17,38:4615,854
> 7:False:15,38:4615,854
ferry-suboptimal-old-noisy/70/ferry_noisy_p02_hyp-2_70_1.tar.bz2:0.646261930466:0.0953993:0.64
> 0:False:13,30:4611,850
> 1:True:13,28:4611,850
> 2:False:15,32:4611,850
> 3:False:15,34:4611,850
> 4:False:17,34:4611,850
> 5:False:17,34:4611,850
> 6:True:17,32:4611,850
> 7:False:15,34:4611,850
ferry-suboptimal-old-noisy/70/ferry_noisy_p02_hyp-2_70_2.tar.bz2:0.647379875183:0.097867:0.64
> 0:False:13,33:4611,850
> 1:False:13,32:4611,850
> 2:False:15,37:4611,850
> 3:False:15,35:4611,850
> 4:False:17,35:4611,850
> 5:False:17,37:4611,850
> 6:True:17,33:4611,850
> 7:False:15,35:4611,850
ferry-suboptimal-old-noisy/70/ferry_noisy_p02_hyp-2_70_3.tar.bz2:0.643635988235:0.0951124:0.64
> 0:False:13,33:4611,850
> 1:False:13,30:4611,850
> 2:False:15,33:4611,850
> 3:False:15,35:4611,850
> 4:False:17,35:4611,850
> 5:False:17,35:4611,850
> 6:True:17,32:4611,850
> 7:False:15,34:4611,850
ferry-suboptimal-old-noisy/70/ferry_noisy_p02_hyp-3_70_1.tar.bz2:0.643434047699:0.0943884:0.64
> 0:False:13,33:4614,853
> 1:False:13,33:4614,853
> 2:True:15,32:4614,853
> 3:False:15,34:4614,853
> 4:False:17,35:4614,853
> 5:False:17,35:4614,853
> 6:False:17,36:4614,853
> 7:False:15,35:4614,853
ferry-suboptimal-old-noisy/70/ferry_noisy_p02_hyp-3_70_2.tar.bz2:0.648689031601:0.0991069:0.65
> 0:False:13,35:4614,853
> 1:False:13,37:4614,853
> 2:False:15,37:4614,853
> 3:False:15,37:4614,853
> 4:True:17,35:4614,853
> 5:False:17,36:4614,853
> 6:False:17,37:4614,853
> 7:False:15,35:4614,853
ferry-suboptimal-old-noisy/70/ferry_noisy_p02_hyp-3_70_3.tar.bz2:0.643937110901:0.094761:0.65
> 0:False:13,34:4615,854
> 1:False:13,34:4615,854
> 2:True:15,31:4615,854
> 3:False:15,36:4615,854
> 4:False:17,37:4615,854
> 5:False:17,36:4615,854
> 6:False:17,37:4615,854
> 7:False:15,37:4615,854
ferry-suboptimal-old-noisy/70/ferry_noisy_p02_hyp-4_70_1.tar.bz2:0.643371105194:0.0942475:0.64
> 0:False:13,35:4615,854
> 1:False:13,36:4615,854
> 2:False:15,35:4615,854
> 3:True:15,32:4615,854
> 4:False:17,35:4615,854
> 5:False:17,35:4615,854
> 6:False:17,37:4615,854
> 7:False:15,35:4615,854
ferry-suboptimal-old-noisy/70/ferry_noisy_p02_hyp-4_70_2.tar.bz2:0.653770923615:0.1051563:0.65
> 0:False:13,37:4616,855
> 1:False:13,39:4616,855
> 2:False:15,37:4616,855
> 3:True:15,33:4616,855
> 4:False:17,38:4616,855
> 5:False:17,38:4616,855
> 6:False:17,39:4616,855
> 7:False:15,36:4616,855
ferry-suboptimal-old-noisy/70/ferry_noisy_p02_hyp-4_70_3.tar.bz2:0.642416000366:0.0937444:0.63
> 0:False:13,34:4616,855
> 1:False:13,35:4616,855
> 2:False:15,34:4616,855
> 3:True:15,33:4616,855
> 4:False:17,37:4616,855
> 5:False:17,36:4616,855
> 6:True:17,35:4616,855
> 7:False:15,36:4616,855
ferry-suboptimal-old-noisy/70/ferry_noisy_p03_hyp-1_70_1.tar.bz2:0.351724863052:0.03623793:0.35
> 0:True:14,32:1769,487
> 1:False:14,34:1769,487
> 2:False:14,34:1769,487
> 3:False:14,33:1769,487
> 4:False:14,34:1769,487
ferry-suboptimal-old-noisy/70/ferry_noisy_p03_hyp-1_70_2.tar.bz2:0.349303007126:0.03490476:0.35
> 0:True:14,29:1772,490
> 1:False:14,31:1772,490
> 2:False:14,32:1772,490
> 3:False:14,31:1772,490
> 4:False:14,31:1772,490
ferry-suboptimal-old-noisy/70/ferry_noisy_p03_hyp-1_70_3.tar.bz2:0.350259065628:0.03582802:0.35
> 0:True:14,29:1773,491
> 1:False:14,30:1773,491
> 2:False:14,31:1773,491
> 3:True:14,29:1773,491
> 4:True:14,29:1773,491
ferry-suboptimal-old-noisy/70/ferry_noisy_p03_hyp-2_70_1.tar.bz2:0.349438905716:0.03461847:0.35
> 0:True:14,35:1772,490
> 1:True:14,35:1772,490
> 2:True:14,35:1772,490
> 3:True:14,35:1772,490
> 4:True:14,35:1772,490
ferry-suboptimal-old-noisy/70/ferry_noisy_p03_hyp-2_70_2.tar.bz2:0.348166942596:0.03444778:0.35
> 0:False:14,34:1773,491
> 1:True:14,33:1773,491
> 2:False:14,35:1773,491
> 3:False:14,35:1773,491
> 4:False:14,36:1773,491
ferry-suboptimal-old-noisy/70/ferry_noisy_p03_hyp-2_70_3.tar.bz2:0.351582050323:0.03433229:0.35
> 0:True:14,35:1772,490
> 1:True:14,35:1772,490
> 2:False:14,36:1772,490
> 3:False:14,36:1772,490
> 4:False:14,37:1772,490
ferry-suboptimal-old-noisy/70/ferry_noisy_p03_hyp-3_70_1.tar.bz2:0.351164102554:0.03545253:0.35
> 0:False:14,34:1772,490
> 1:True:14,32:1772,490
> 2:False:14,33:1772,490
> 3:False:14,34:1772,490
> 4:False:14,34:1772,490
ferry-suboptimal-old-noisy/70/ferry_noisy_p03_hyp-3_70_2.tar.bz2:0.349524021149:0.03439389:0.35
> 0:False:14,33:1775,493
> 1:False:14,32:1775,493
> 2:True:14,30:1775,493
> 3:False:14,32:1775,493
> 4:False:14,32:1775,493
ferry-suboptimal-old-noisy/70/ferry_noisy_p03_hyp-3_70_3.tar.bz2:0.347583055496:0.03395392:0.36
> 0:False:14,33:1773,491
> 1:False:14,33:1773,491
> 2:True:14,32:1773,491
> 3:False:14,34:1773,491
> 4:False:14,35:1773,491
ferry-suboptimal-old-noisy/70/ferry_noisy_p03_hyp-4_70_1.tar.bz2:0.351478099823:0.03627874:0.34
> 0:False:14,33:1773,491
> 1:True:14,31:1773,491
> 2:True:14,31:1773,491
> 3:False:14,33:1773,491
> 4:False:14,34:1773,491
ferry-suboptimal-old-noisy/70/ferry_noisy_p03_hyp-4_70_2.tar.bz2:0.349321126938:0.03448049:0.34
> 0:False:14,31:1775,493
> 1:False:14,30:1775,493
> 2:False:14,30:1775,493
> 3:True:14,29:1775,493
> 4:False:14,30:1775,493
ferry-suboptimal-old-noisy/70/ferry_noisy_p03_hyp-4_70_3.tar.bz2:0.350386142731:0.03460932:0.35
> 0:False:14,32:1773,491
> 1:True:14,31:1773,491
> 2:False:14,32:1773,491
> 3:False:14,32:1773,491
> 4:True:14,31:1773,491
ferry-suboptimal-old-noisy/100/ferry_noisy_p00_hyp-1_full_1.tar.bz2:0.423511981964:0.04430666:0.42
> 0:True:14,23:1904,493
> 1:False:12,26:1904,493
> 2:False:10,25:1904,493
> 3:False:10,26:1904,493
> 4:False:10,24:1904,493
> 5:False:12,27:1904,493
ferry-suboptimal-old-noisy/100/ferry_noisy_p00_hyp-1_full_2.tar.bz2:0.42426109314:0.04431923:0.44
> 0:True:14,24:1905,494
> 1:False:12,27:1905,494
> 2:False:10,26:1905,494
> 3:False:10,26:1905,494
> 4:False:10,25:1905,494
> 5:False:12,28:1905,494
ferry-suboptimal-old-noisy/100/ferry_noisy_p00_hyp-1_full_3.tar.bz2:0.421775817871:0.04183391:0.42
> 0:True:14,26:1905,494
> 1:False:12,29:1905,494
> 2:False:10,27:1905,494
> 3:False:10,28:1905,494
> 4:False:10,26:1905,494
> 5:False:12,30:1905,494
ferry-suboptimal-old-noisy/100/ferry_noisy_p00_hyp-2_full_1.tar.bz2:0.424529075623:0.04354247:0.43
> 0:False:14,29:1905,494
> 1:True:12,25:1905,494
> 2:False:10,29:1905,494
> 3:False:10,27:1905,494
> 4:False:10,28:1905,494
> 5:False:12,28:1905,494
ferry-suboptimal-old-noisy/100/ferry_noisy_p00_hyp-2_full_2.tar.bz2:0.424268007278:0.04497734:0.43
> 0:False:14,30:1904,493
> 1:True:12,26:1904,493
> 2:False:10,28:1904,493
> 3:False:10,27:1904,493
> 4:False:10,27:1904,493
> 5:True:12,26:1904,493
ferry-suboptimal-old-noisy/100/ferry_noisy_p00_hyp-2_full_3.tar.bz2:0.420972108841:0.04085553:0.42
> 0:False:14,31:1905,494
> 1:True:12,26:1905,494
> 2:False:10,30:1905,494
> 3:False:10,28:1905,494
> 4:False:10,28:1905,494
> 5:False:12,29:1905,494
ferry-suboptimal-old-noisy/100/ferry_noisy_p00_hyp-3_full_1.tar.bz2:0.421578168869:0.04368927:0.42
> 0:True:14,34:1903,492
> 1:False:12,33:1903,492
> 2:False:10,32:1903,492
> 3:True:10,30:1903,492
> 4:False:10,32:1903,492
> 5:True:12,32:1903,492
ferry-suboptimal-old-noisy/100/ferry_noisy_p00_hyp-3_full_2.tar.bz2:0.421226978302:0.04212913:0.44
> 0:False:14,33:1902,491
> 1:False:12,30:1902,491
> 2:False:10,30:1902,491
> 3:False:10,28:1902,491
> 4:False:10,32:1902,491
> 5:True:12,28:1902,491
ferry-suboptimal-old-noisy/100/ferry_noisy_p00_hyp-3_full_3.tar.bz2:0.423338890076:0.04253473:0.41
> 0:False:14,31:1900,489
> 1:True:12,27:1900,489
> 2:False:10,29:1900,489
> 3:True:10,25:1900,489
> 4:False:10,30:1900,489
> 5:True:12,27:1900,489
ferry-suboptimal-old-noisy/100/ferry_noisy_p00_hyp-4_full_1.tar.bz2:0.420819044113:0.04195364:0.42
> 0:False:14,32:1904,493
> 1:False:12,28:1904,493
> 2:False:10,28:1904,493
> 3:False:10,28:1904,493
> 4:False:10,30:1904,493
> 5:True:12,27:1904,493
ferry-suboptimal-old-noisy/100/ferry_noisy_p00_hyp-4_full_2.tar.bz2:0.424309968948:0.04340769:0.42
> 0:False:14,33:1904,493
> 1:False:12,31:1904,493
> 2:False:10,30:1904,493
> 3:False:10,31:1904,493
> 4:False:10,31:1904,493
> 5:True:12,29:1904,493
ferry-suboptimal-old-noisy/100/ferry_noisy_p00_hyp-4_full_3.tar.bz2:0.419362783432:0.04184243:0.42
> 0:False:14,33:1905,494
> 1:False:12,30:1905,494
> 2:False:10,30:1905,494
> 3:False:10,28:1905,494
> 4:False:10,32:1905,494
> 5:True:12,28:1905,494
ferry-suboptimal-old-noisy/100/ferry_noisy_p02_hyp-1_full_1.tar.bz2:0.651975870132:0.1066693:0.65
> 0:True:13,37:4620,859
> 1:False:13,43:4620,859
> 2:False:15,41:4620,859
> 3:False:15,43:4620,859
> 4:True:17,41:4620,859
> 5:False:17,42:4620,859
> 6:False:17,45:4620,859
> 7:False:15,43:4620,859
ferry-suboptimal-old-noisy/100/ferry_noisy_p02_hyp-1_full_2.tar.bz2:0.654027938843:0.1029496:0.66
> 0:True:13,37:4620,859
> 1:False:13,42:4620,859
> 2:False:15,41:4620,859
> 3:False:15,44:4620,859
> 4:True:17,41:4620,859
> 5:False:17,44:4620,859
> 6:False:17,45:4620,859
> 7:False:15,45:4620,859
ferry-suboptimal-old-noisy/100/ferry_noisy_p02_hyp-1_full_3.tar.bz2:0.654691934586:0.1046521:0.66
> 0:True:13,36:4621,860
> 1:False:13,40:4621,860
> 2:False:15,40:4621,860
> 3:False:15,41:4621,860
> 4:False:17,41:4621,860
> 5:False:17,41:4621,860
> 6:False:17,42:4621,860
> 7:False:15,43:4621,860
ferry-suboptimal-old-noisy/100/ferry_noisy_p02_hyp-2_full_1.tar.bz2:0.646597146988:0.0951628:0.65
> 0:False:13,40:4617,856
> 1:False:13,38:4617,856
> 2:False:15,41:4617,856
> 3:False:15,43:4617,856
> 4:False:17,43:4617,856
> 5:False:17,44:4617,856
> 6:True:17,41:4617,856
> 7:False:15,43:4617,856
ferry-suboptimal-old-noisy/100/ferry_noisy_p02_hyp-2_full_2.tar.bz2:0.641851186752:0.0921152:0.64
> 0:False:13,38:4617,856
> 1:True:13,35:4617,856
> 2:False:15,39:4617,856
> 3:False:15,42:4617,856
> 4:False:17,43:4617,856
> 5:False:17,42:4617,856
> 6:True:17,39:4617,856
> 7:False:15,41:4617,856
ferry-suboptimal-old-noisy/100/ferry_noisy_p02_hyp-2_full_3.tar.bz2:0.645475149155:0.0950029:0.65
> 0:False:13,42:4617,856
> 1:False:13,37:4617,856
> 2:False:15,39:4617,856
> 3:False:15,42:4617,856
> 4:False:17,43:4617,856
> 5:False:17,41:4617,856
> 6:True:17,39:4617,856
> 7:False:15,41:4617,856
ferry-suboptimal-old-noisy/100/ferry_noisy_p02_hyp-3_full_1.tar.bz2:0.65885591507:0.1088007:0.65
> 0:False:13,45:4622,861
> 1:False:13,46:4622,861
> 2:False:15,43:4622,861
> 3:False:15,44:4622,861
> 4:False:17,48:4622,861
> 5:True:17,44:4622,861
> 6:False:17,46:4622,861
> 7:False:15,45:4622,861
ferry-suboptimal-old-noisy/100/ferry_noisy_p02_hyp-3_full_2.tar.bz2:0.656788825989:0.1054089:0.66
> 0:False:13,41:4622,861
> 1:False:13,40:4622,861
> 2:True:15,39:4622,861
> 3:False:15,44:4622,861
> 4:False:17,44:4622,861
> 5:False:17,44:4622,861
> 6:False:17,44:4622,861
> 7:False:15,45:4622,861
ferry-suboptimal-old-noisy/100/ferry_noisy_p02_hyp-3_full_3.tar.bz2:0.655688047409:0.106145:0.65
> 0:False:13,45:4622,861
> 1:False:13,44:4622,861
> 2:True:15,42:4622,861
> 3:False:15,45:4622,861
> 4:False:17,47:4622,861
> 5:True:17,44:4622,861
> 6:False:17,45:4622,861
> 7:False:15,44:4622,861
ferry-suboptimal-old-noisy/100/ferry_noisy_p02_hyp-4_full_1.tar.bz2:0.651608228683:0.1008579:0.66
> 0:False:13,43:4623,862
> 1:False:13,43:4623,862
> 2:False:15,42:4623,862
> 3:True:15,39:4623,862
> 4:False:17,45:4623,862
> 5:False:17,42:4623,862
> 6:False:17,43:4623,862
> 7:False:15,40:4623,862
ferry-suboptimal-old-noisy/100/ferry_noisy_p02_hyp-4_full_2.tar.bz2:0.655164003372:0.1051533:0.66
> 0:False:13,46:4623,862
> 1:False:13,45:4623,862
> 2:False:15,44:4623,862
> 3:True:15,42:4623,862
> 4:False:17,45:4623,862
> 5:True:17,44:4623,862
> 6:False:17,45:4623,862
> 7:False:15,45:4623,862
ferry-suboptimal-old-noisy/100/ferry_noisy_p02_hyp-4_full_3.tar.bz2:0.653578042984:0.1048696:0.66
> 0:False:13,42:4623,862
> 1:False:13,44:4623,862
> 2:False:15,43:4623,862
> 3:True:15,40:4623,862
> 4:False:17,44:4623,862
> 5:True:17,42:4623,862
> 6:False:17,43:4623,862
> 7:False:15,43:4623,862
ferry-suboptimal-old-noisy/100/ferry_noisy_p03_hyp-1_full_1.tar.bz2:0.346505880356:0.03164725:0.35
> 0:True:14,38:1776,494
> 1:True:14,38:1776,494
> 2:False:14,39:1776,494
> 3:False:14,39:1776,494
> 4:False:14,39:1776,494
ferry-suboptimal-old-noisy/100/ferry_noisy_p03_hyp-1_full_2.tar.bz2:0.349329948425:0.03255986:0.35
> 0:True:14,36:1776,494
> 1:False:14,38:1776,494
> 2:False:14,40:1776,494
> 3:False:14,37:1776,494
> 4:False:14,39:1776,494
ferry-suboptimal-old-noisy/100/ferry_noisy_p03_hyp-1_full_3.tar.bz2:0.347424030304:0.03240859:0.35
> 0:True:14,36:1775,493
> 1:False:14,37:1775,493
> 2:False:14,40:1775,493
> 3:False:14,37:1775,493
> 4:False:14,38:1775,493
ferry-suboptimal-old-noisy/100/ferry_noisy_p03_hyp-2_full_1.tar.bz2:0.346602916718:0.03342677:0.35
> 0:False:14,43:1778,496
> 1:True:14,42:1778,496
> 2:False:14,44:1778,496
> 3:True:14,42:1778,496
> 4:False:14,44:1778,496
ferry-suboptimal-old-noisy/100/ferry_noisy_p03_hyp-2_full_2.tar.bz2:0.348510026932:0.03375464:0.35
> 0:False:14,44:1778,496
> 1:True:14,42:1778,496
> 2:False:14,43:1778,496
> 3:False:14,44:1778,496
> 4:False:14,45:1778,496
ferry-suboptimal-old-noisy/100/ferry_noisy_p03_hyp-2_full_3.tar.bz2:0.349171876907:0.03391929:0.34
> 0:False:14,42:1779,497
> 1:True:14,41:1779,497
> 2:False:14,42:1779,497
> 3:False:14,42:1779,497
> 4:False:14,44:1779,497
ferry-suboptimal-old-noisy/100/ferry_noisy_p03_hyp-3_full_1.tar.bz2:0.346000909805:0.03176446:0.35
> 0:False:14,45:1780,498
> 1:False:14,43:1780,498
> 2:True:14,41:1780,498
> 3:False:14,43:1780,498
> 4:False:14,43:1780,498
ferry-suboptimal-old-noisy/100/ferry_noisy_p03_hyp-3_full_2.tar.bz2:0.347656965256:0.03264468:0.34
> 0:False:14,43:1778,496
> 1:False:14,41:1778,496
> 2:True:14,40:1778,496
> 3:False:14,42:1778,496
> 4:False:14,43:1778,496
ferry-suboptimal-old-noisy/100/ferry_noisy_p03_hyp-3_full_3.tar.bz2:0.34795498848:0.03272334:0.34
> 0:False:14,44:1779,497
> 1:False:14,43:1779,497
> 2:True:14,42:1779,497
> 3:True:14,42:1779,497
> 4:True:14,42:1779,497
ferry-suboptimal-old-noisy/100/ferry_noisy_p03_hyp-4_full_1.tar.bz2:0.349221944809:0.03382909:0.35
> 0:True:14,40:1780,498
> 1:True:14,40:1780,498
> 2:True:14,40:1780,498
> 3:True:14,40:1780,498
> 4:False:14,41:1780,498
ferry-suboptimal-old-noisy/100/ferry_noisy_p03_hyp-4_full_2.tar.bz2:0.34915804863:0.03457445:0.35
> 0:False:14,42:1777,495
> 1:True:14,40:1777,495
> 2:False:14,42:1777,495
> 3:False:14,42:1777,495
> 4:False:14,42:1777,495
ferry-suboptimal-old-noisy/100/ferry_noisy_p03_hyp-4_full_3.tar.bz2:0.350663900375:0.03447234:0.35
> 0:True:14,40:1779,497
> 1:True:14,40:1779,497
> 2:False:14,41:1779,497
> 3:True:14,40:1779,497
> 4:False:14,41:1779,497
