ferry-suboptimal-old-noisy/10/ferry_noisy_p00_hyp-1_10_1.tar.bz2:0.393406867981:0.01498489:0.4
> 0:True:14,14:1887,434
> 1:False:12,14:1887,434
> 2:False:10,12:1887,434
> 3:False:10,13:1887,434
> 4:False:10,14:1887,434
> 5:False:12,14:1887,434
ferry-suboptimal-old-noisy/10/ferry_noisy_p00_hyp-1_10_2.tar.bz2:0.392347812653:0.01502377:0.39
> 0:True:14,14:1886,433
> 1:True:12,12:1886,433
> 2:True:10,10:1886,433
> 3:False:10,11:1886,433
> 4:False:10,11:1886,433
> 5:True:12,12:1886,433
ferry-suboptimal-old-noisy/10/ferry_noisy_p00_hyp-1_10_3.tar.bz2:0.394828081131:0.01530722:0.4
> 0:True:14,15:1887,434
> 1:False:12,14:1887,434
> 2:True:10,11:1887,434
> 3:False:10,13:1887,434
> 4:False:10,12:1887,434
> 5:False:12,14:1887,434
ferry-suboptimal-old-noisy/10/ferry_noisy_p00_hyp-2_10_1.tar.bz2:0.394729137421:0.01511444:0.4
> 0:False:14,17:1888,435
> 1:True:12,14:1888,435
> 2:False:10,15:1888,435
> 3:False:10,14:1888,435
> 4:True:10,12:1888,435
> 5:False:12,17:1888,435
ferry-suboptimal-old-noisy/10/ferry_noisy_p00_hyp-2_10_2.tar.bz2:0.394100904465:0.01516324:0.39
> 0:False:14,17:1887,434
> 1:True:12,14:1887,434
> 2:False:10,14:1887,434
> 3:True:10,12:1887,434
> 4:False:10,14:1887,434
> 5:True:12,14:1887,434
ferry-suboptimal-old-noisy/10/ferry_noisy_p00_hyp-2_10_3.tar.bz2:0.392920017242:0.01512374:0.39
> 0:False:14,16:1888,435
> 1:False:12,15:1888,435
> 2:True:10,11:1888,435
> 3:False:10,14:1888,435
> 4:False:10,13:1888,435
> 5:True:12,13:1888,435
ferry-suboptimal-old-noisy/10/ferry_noisy_p00_hyp-3_10_1.tar.bz2:0.393965005875:0.0151386:0.39
> 0:False:14,17:1888,435
> 1:True:12,13:1888,435
> 2:False:10,13:1888,435
> 3:False:10,13:1888,435
> 4:False:10,14:1888,435
> 5:True:12,13:1888,435
ferry-suboptimal-old-noisy/10/ferry_noisy_p00_hyp-3_10_2.tar.bz2:0.394670963287:0.01515385:0.4
> 0:True:14,15:1888,435
> 1:True:12,13:1888,435
> 2:False:10,13:1888,435
> 3:True:10,11:1888,435
> 4:False:10,12:1888,435
> 5:False:12,14:1888,435
ferry-suboptimal-old-noisy/10/ferry_noisy_p00_hyp-3_10_3.tar.bz2:0.393877029419:0.01525527:0.4
> 0:False:14,15:1888,435
> 1:False:12,13:1888,435
> 2:False:10,13:1888,435
> 3:True:10,10:1888,435
> 4:False:10,13:1888,435
> 5:False:12,13:1888,435
ferry-suboptimal-old-noisy/10/ferry_noisy_p00_hyp-4_10_1.tar.bz2:0.391216039658:0.01492781:0.38
> 0:True:14,14:1887,434
> 1:False:12,13:1887,434
> 2:True:10,10:1887,434
> 3:False:10,12:1887,434
> 4:False:10,11:1887,434
> 5:False:12,13:1887,434
ferry-suboptimal-old-noisy/10/ferry_noisy_p00_hyp-4_10_2.tar.bz2:0.392373085022:0.01507946:0.4
> 0:False:14,17:1888,435
> 1:False:12,14:1888,435
> 2:False:10,14:1888,435
> 3:False:10,14:1888,435
> 4:False:10,15:1888,435
> 5:True:12,13:1888,435
ferry-suboptimal-old-noisy/10/ferry_noisy_p00_hyp-4_10_3.tar.bz2:0.394501209259:0.0151664:0.39
> 0:False:14,16:1887,434
> 1:False:12,13:1887,434
> 2:False:10,11:1887,434
> 3:False:10,12:1887,434
> 4:False:10,13:1887,434
> 5:True:12,12:1887,434
ferry-suboptimal-old-noisy/10/ferry_noisy_p02_hyp-1_10_1.tar.bz2:0.580394983292:0.0348373:0.58
> 0:True:13,16:4598,761
> 1:False:12,17:4598,761
> 2:False:15,20:4598,761
> 3:True:15,18:4598,761
> 4:True:17,20:4598,761
> 5:False:17,21:4598,761
> 6:True:17,20:4598,761
> 7:True:15,18:4598,761
ferry-suboptimal-old-noisy/10/ferry_noisy_p02_hyp-1_10_2.tar.bz2:0.581897974014:0.03487955:0.59
> 0:True:13,15:4598,761
> 1:False:12,15:4598,761
> 2:False:15,19:4598,761
> 3:False:15,19:4598,761
> 4:False:17,20:4598,761
> 5:False:17,21:4598,761
> 6:False:17,20:4598,761
> 7:False:15,19:4598,761
ferry-suboptimal-old-noisy/10/ferry_noisy_p02_hyp-1_10_3.tar.bz2:0.581644058228:0.03514998:0.58
> 0:False:13,16:4598,761
> 1:False:12,16:4598,761
> 2:False:15,17:4598,761
> 3:False:15,17:4598,761
> 4:True:17,18:4598,761
> 5:False:17,19:4598,761
> 6:False:17,20:4598,761
> 7:False:15,18:4598,761
ferry-suboptimal-old-noisy/10/ferry_noisy_p02_hyp-2_10_1.tar.bz2:0.580962896347:0.03512189:0.59
> 0:False:13,15:4598,761
> 1:True:12,13:4598,761
> 2:False:15,17:4598,761
> 3:True:15,16:4598,761
> 4:False:17,19:4598,761
> 5:True:17,18:4598,761
> 6:True:17,18:4598,761
> 7:False:15,17:4598,761
ferry-suboptimal-old-noisy/10/ferry_noisy_p02_hyp-2_10_2.tar.bz2:0.581336975098:0.03502316:0.58
> 0:False:13,15:4597,760
> 1:False:12,14:4597,760
> 2:False:15,17:4597,760
> 3:False:15,18:4597,760
> 4:False:17,19:4597,760
> 5:True:17,18:4597,760
> 6:True:17,18:4597,760
> 7:False:15,18:4597,760
ferry-suboptimal-old-noisy/10/ferry_noisy_p02_hyp-2_10_3.tar.bz2:0.577246189117:0.03474482:0.58
> 0:True:13,15:4598,761
> 1:False:12,15:4598,761
> 2:True:15,17:4598,761
> 3:False:15,19:4598,761
> 4:True:17,19:4598,761
> 5:False:17,20:4598,761
> 6:True:17,19:4598,761
> 7:False:15,18:4598,761
ferry-suboptimal-old-noisy/10/ferry_noisy_p02_hyp-3_10_1.tar.bz2:0.578370094299:0.03453954:0.58
> 0:False:13,16:4599,762
> 1:False:12,17:4599,762
> 2:True:15,17:4599,762
> 3:False:15,18:4599,762
> 4:True:17,19:4599,762
> 5:True:17,19:4599,762
> 6:False:17,20:4599,762
> 7:False:15,18:4599,762
ferry-suboptimal-old-noisy/10/ferry_noisy_p02_hyp-3_10_2.tar.bz2:0.580820083618:0.03458719:0.58
> 0:False:13,17:4599,762
> 1:False:12,16:4599,762
> 2:False:15,17:4599,762
> 3:False:15,18:4599,762
> 4:False:17,21:4599,762
> 5:True:17,18:4599,762
> 6:False:17,20:4599,762
> 7:False:15,21:4599,762
ferry-suboptimal-old-noisy/10/ferry_noisy_p02_hyp-3_10_3.tar.bz2:0.583136081696:0.03492611:0.59
> 0:False:13,17:4599,762
> 1:False:12,15:4599,762
> 2:True:15,16:4599,762
> 3:True:15,16:4599,762
> 4:False:17,20:4599,762
> 5:True:17,18:4599,762
> 6:False:17,19:4599,762
> 7:True:15,16:4599,762
ferry-suboptimal-old-noisy/10/ferry_noisy_p02_hyp-4_10_1.tar.bz2:0.580159902573:0.03491074:0.59
> 0:False:13,16:4599,762
> 1:False:12,17:4599,762
> 2:False:15,19:4599,762
> 3:False:15,17:4599,762
> 4:True:17,18:4599,762
> 5:False:17,19:4599,762
> 6:False:17,20:4599,762
> 7:False:15,19:4599,762
ferry-suboptimal-old-noisy/10/ferry_noisy_p02_hyp-4_10_2.tar.bz2:0.582154989243:0.03524113:0.58
> 0:False:13,17:4599,762
> 1:False:12,17:4599,762
> 2:False:15,18:4599,762
> 3:True:15,16:4599,762
> 4:False:17,20:4599,762
> 5:True:17,18:4599,762
> 6:False:17,21:4599,762
> 7:False:15,17:4599,762
ferry-suboptimal-old-noisy/10/ferry_noisy_p02_hyp-4_10_3.tar.bz2:0.581307888031:0.03490782:0.59
> 0:False:13,19:4599,762
> 1:False:12,19:4599,762
> 2:False:15,20:4599,762
> 3:True:15,17:4599,762
> 4:False:17,21:4599,762
> 5:True:17,19:4599,762
> 6:False:17,21:4599,762
> 7:False:15,18:4599,762
ferry-suboptimal-old-noisy/10/ferry_noisy_p03_hyp-1_10_1.tar.bz2:0.326184988022:0.01217832:0.33
> 0:False:14,15:1756,432
> 1:False:14,15:1756,432
> 2:False:14,15:1756,432
> 3:True:14,14:1756,432
> 4:True:14,14:1756,432
ferry-suboptimal-old-noisy/10/ferry_noisy_p03_hyp-1_10_2.tar.bz2:0.324901103973:0.01206362:0.32
> 0:False:14,17:1756,432
> 1:False:14,17:1756,432
> 2:True:14,16:1756,432
> 3:True:14,16:1756,432
> 4:True:14,16:1756,432
ferry-suboptimal-old-noisy/10/ferry_noisy_p03_hyp-1_10_3.tar.bz2:0.327123880386:0.01212697:0.32
> 0:False:14,17:1756,432
> 1:True:14,16:1756,432
> 2:True:14,16:1756,432
> 3:True:14,16:1756,432
> 4:True:14,16:1756,432
ferry-suboptimal-old-noisy/10/ferry_noisy_p03_hyp-2_10_1.tar.bz2:0.326709985733:0.01213538:0.34
> 0:True:14,15:1757,433
> 1:True:14,15:1757,433
> 2:True:14,15:1757,433
> 3:True:14,15:1757,433
> 4:True:14,15:1757,433
ferry-suboptimal-old-noisy/10/ferry_noisy_p03_hyp-2_10_2.tar.bz2:0.327061891556:0.01222182:0.33
> 0:False:14,16:1757,433
> 1:False:14,16:1757,433
> 2:True:14,15:1757,433
> 3:False:14,16:1757,433
> 4:True:14,15:1757,433
ferry-suboptimal-old-noisy/10/ferry_noisy_p03_hyp-2_10_3.tar.bz2:0.326334953308:0.01222984:0.33
> 0:True:14,16:1756,432
> 1:True:14,16:1756,432
> 2:False:14,17:1756,432
> 3:True:14,16:1756,432
> 4:False:14,17:1756,432
ferry-suboptimal-old-noisy/10/ferry_noisy_p03_hyp-3_10_1.tar.bz2:0.324753046036:0.01216774:0.31
> 0:False:14,15:1757,433
> 1:False:14,15:1757,433
> 2:False:14,15:1757,433
> 3:True:14,14:1757,433
> 4:False:14,15:1757,433
ferry-suboptimal-old-noisy/10/ferry_noisy_p03_hyp-3_10_2.tar.bz2:0.322583913803:0.01192377:0.32
> 0:False:14,17:1756,432
> 1:False:14,17:1756,432
> 2:True:14,16:1756,432
> 3:False:14,17:1756,432
> 4:True:14,16:1756,432
ferry-suboptimal-old-noisy/10/ferry_noisy_p03_hyp-3_10_3.tar.bz2:0.327147006989:0.01217281:0.32
> 0:True:14,16:1757,433
> 1:False:14,17:1757,433
> 2:False:14,17:1757,433
> 3:False:14,17:1757,433
> 4:False:14,17:1757,433
ferry-suboptimal-old-noisy/10/ferry_noisy_p03_hyp-4_10_1.tar.bz2:0.323869943619:0.01200559:0.33
> 0:True:14,15:1757,433
> 1:False:14,16:1757,433
> 2:False:14,16:1757,433
> 3:False:14,16:1757,433
> 4:False:14,17:1757,433
ferry-suboptimal-old-noisy/10/ferry_noisy_p03_hyp-4_10_2.tar.bz2:0.326090097427:0.01207733:0.32
> 0:True:14,14:1756,432
> 1:False:14,15:1756,432
> 2:False:14,15:1756,432
> 3:False:14,15:1756,432
> 4:False:14,15:1756,432
ferry-suboptimal-old-noisy/10/ferry_noisy_p03_hyp-4_10_3.tar.bz2:0.32705783844:0.01215347:0.34
> 0:True:14,16:1757,433
> 1:True:14,16:1757,433
> 2:False:14,17:1757,433
> 3:False:14,17:1757,433
> 4:False:14,17:1757,433
ferry-suboptimal-old-noisy/30/ferry_noisy_p00_hyp-1_30_1.tar.bz2:0.391549825668:0.01521474:0.39
> 0:True:14,14:1890,437
> 1:False:12,15:1890,437
> 2:False:10,14:1890,437
> 3:False:10,13:1890,437
> 4:False:10,13:1890,437
> 5:False:12,16:1890,437
ferry-suboptimal-old-noisy/30/ferry_noisy_p00_hyp-1_30_2.tar.bz2:0.392967939377:0.01528299:0.4
> 0:True:14,16:1892,439
> 1:False:12,17:1892,439
> 2:False:10,16:1892,439
> 3:False:10,15:1892,439
> 4:False:10,13:1892,439
> 5:False:12,18:1892,439
ferry-suboptimal-old-noisy/30/ferry_noisy_p00_hyp-1_30_3.tar.bz2:0.395919084549:0.01536412:0.4
> 0:True:14,17:1891,438
> 1:False:12,17:1891,438
> 2:False:10,16:1891,438
> 3:False:10,14:1891,438
> 4:False:10,15:1891,438
> 5:False:12,16:1891,438
ferry-suboptimal-old-noisy/30/ferry_noisy_p00_hyp-2_30_1.tar.bz2:0.391417980194:0.01528299:0.39
> 0:True:14,17:1892,439
> 1:True:12,15:1892,439
> 2:False:10,14:1892,439
> 3:False:10,15:1892,439
> 4:False:10,14:1892,439
> 5:False:12,16:1892,439
ferry-suboptimal-old-noisy/30/ferry_noisy_p00_hyp-2_30_2.tar.bz2:0.391496896744:0.01518765:0.38
> 0:False:14,17:1892,439
> 1:True:12,14:1892,439
> 2:False:10,14:1892,439
> 3:False:10,15:1892,439
> 4:False:10,13:1892,439
> 5:False:12,15:1892,439
ferry-suboptimal-old-noisy/30/ferry_noisy_p00_hyp-2_30_3.tar.bz2:0.394884109497:0.01523517:0.4
> 0:False:14,20:1893,440
> 1:False:12,18:1893,440
> 2:False:10,18:1893,440
> 3:False:10,18:1893,440
> 4:False:10,18:1893,440
> 5:True:12,17:1893,440
ferry-suboptimal-old-noisy/30/ferry_noisy_p00_hyp-3_30_1.tar.bz2:0.393018960953:0.01513579:0.39
> 0:False:14,19:1892,439
> 1:False:12,17:1892,439
> 2:False:10,15:1892,439
> 3:False:10,15:1892,439
> 4:False:10,15:1892,439
> 5:True:12,16:1892,439
ferry-suboptimal-old-noisy/30/ferry_noisy_p00_hyp-3_30_2.tar.bz2:0.392328023911:0.01525781:0.4
> 0:False:14,19:1893,440
> 1:False:12,16:1893,440
> 2:False:10,16:1893,440
> 3:True:10,13:1893,440
> 4:False:10,16:1893,440
> 5:False:12,16:1893,440
ferry-suboptimal-old-noisy/30/ferry_noisy_p00_hyp-3_30_3.tar.bz2:0.394721984863:0.01534462:0.39
> 0:False:14,17:1891,438
> 1:False:12,15:1891,438
> 2:False:10,15:1891,438
> 3:True:10,12:1891,438
> 4:False:10,15:1891,438
> 5:False:12,15:1891,438
ferry-suboptimal-old-noisy/30/ferry_noisy_p00_hyp-4_30_1.tar.bz2:0.392302036285:0.01527353:0.39
> 0:True:14,17:1893,440
> 1:True:12,15:1893,440
> 2:True:10,13:1893,440
> 3:False:10,14:1893,440
> 4:True:10,13:1893,440
> 5:True:12,15:1893,440
ferry-suboptimal-old-noisy/30/ferry_noisy_p00_hyp-4_30_2.tar.bz2:0.393978118896:0.01536301:0.4
> 0:False:14,20:1892,439
> 1:False:12,16:1892,439
> 2:False:10,15:1892,439
> 3:False:10,15:1892,439
> 4:False:10,17:1892,439
> 5:True:12,15:1892,439
ferry-suboptimal-old-noisy/30/ferry_noisy_p00_hyp-4_30_3.tar.bz2:0.393247127533:0.01531769:0.39
> 0:False:14,16:1891,438
> 1:True:12,13:1891,438
> 2:False:10,14:1891,438
> 3:False:10,14:1891,438
> 4:False:10,14:1891,438
> 5:False:12,14:1891,438
ferry-suboptimal-old-noisy/30/ferry_noisy_p02_hyp-1_30_1.tar.bz2:0.580765962601:0.03505773:0.59
> 0:True:13,18:4605,768
> 1:False:12,22:4605,768
> 2:False:15,23:4605,768
> 3:False:15,24:4605,768
> 4:True:17,22:4605,768
> 5:False:17,25:4605,768
> 6:False:17,25:4605,768
> 7:False:15,25:4605,768
ferry-suboptimal-old-noisy/30/ferry_noisy_p02_hyp-1_30_2.tar.bz2:0.584678888321:0.03531532:0.59
> 0:False:13,20:4605,768
> 1:False:12,20:4605,768
> 2:False:15,22:4605,768
> 3:False:15,24:4605,768
> 4:True:17,23:4605,768
> 5:False:17,25:4605,768
> 6:True:17,23:4605,768
> 7:False:15,24:4605,768
ferry-suboptimal-old-noisy/30/ferry_noisy_p02_hyp-1_30_3.tar.bz2:0.582138061523:0.03521051:0.58
> 0:True:13,19:4605,768
> 1:False:12,20:4605,768
> 2:False:15,24:4605,768
> 3:False:15,24:4605,768
> 4:False:17,24:4605,768
> 5:False:17,25:4605,768
> 6:False:17,24:4605,768
> 7:False:15,25:4605,768
ferry-suboptimal-old-noisy/30/ferry_noisy_p02_hyp-2_30_1.tar.bz2:0.583940029144:0.03543517:0.58
> 0:False:13,18:4604,767
> 1:False:12,17:4604,767
> 2:True:15,19:4604,767
> 3:False:15,22:4604,767
> 4:False:17,23:4604,767
> 5:False:17,23:4604,767
> 6:True:17,21:4604,767
> 7:False:15,22:4604,767
ferry-suboptimal-old-noisy/30/ferry_noisy_p02_hyp-2_30_2.tar.bz2:0.581681013107:0.03508021:0.59
> 0:False:13,21:4604,767
> 1:False:12,19:4604,767
> 2:False:15,23:4604,767
> 3:False:15,24:4604,767
> 4:False:17,23:4604,767
> 5:False:17,23:4604,767
> 6:True:17,21:4604,767
> 7:False:15,21:4604,767
ferry-suboptimal-old-noisy/30/ferry_noisy_p02_hyp-2_30_3.tar.bz2:0.58007478714:0.03505691:0.58
> 0:False:13,18:4604,767
> 1:False:12,18:4604,767
> 2:False:15,20:4604,767
> 3:False:15,23:4604,767
> 4:False:17,23:4604,767
> 5:False:17,23:4604,767
> 6:True:17,21:4604,767
> 7:False:15,22:4604,767
ferry-suboptimal-old-noisy/30/ferry_noisy_p02_hyp-3_30_1.tar.bz2:0.579351902008:0.03508692:0.59
> 0:False:13,19:4604,767
> 1:False:12,19:4604,767
> 2:True:15,20:4604,767
> 3:False:15,23:4604,767
> 4:False:17,24:4604,767
> 5:False:17,24:4604,767
> 6:False:17,23:4604,767
> 7:False:15,22:4604,767
ferry-suboptimal-old-noisy/30/ferry_noisy_p02_hyp-3_30_2.tar.bz2:0.581962108612:0.03538753:0.59
> 0:False:13,20:4604,767
> 1:False:12,22:4604,767
> 2:True:15,20:4604,767
> 3:False:15,21:4604,767
> 4:False:17,23:4604,767
> 5:False:17,23:4604,767
> 6:False:17,23:4604,767
> 7:True:15,20:4604,767
ferry-suboptimal-old-noisy/30/ferry_noisy_p02_hyp-3_30_3.tar.bz2:0.583224058151:0.03521588:0.58
> 0:True:13,17:4603,766
> 1:False:12,19:4603,766
> 2:False:15,20:4603,766
> 3:False:15,22:4603,766
> 4:False:17,22:4603,766
> 5:False:17,23:4603,766
> 6:False:17,22:4603,766
> 7:False:15,21:4603,766
ferry-suboptimal-old-noisy/30/ferry_noisy_p02_hyp-4_30_1.tar.bz2:0.582789897919:0.03536543:0.57
> 0:False:13,19:4605,768
> 1:False:12,19:4605,768
> 2:False:15,20:4605,768
> 3:False:15,21:4605,768
> 4:False:17,22:4605,768
> 5:True:17,21:4605,768
> 6:False:17,22:4605,768
> 7:False:15,23:4605,768
ferry-suboptimal-old-noisy/30/ferry_noisy_p02_hyp-4_30_2.tar.bz2:0.583610057831:0.03539672:0.58
> 0:False:13,20:4604,767
> 1:False:12,20:4604,767
> 2:False:15,21:4604,767
> 3:True:15,20:4604,767
> 4:False:17,24:4604,767
> 5:True:17,22:4604,767
> 6:False:17,24:4604,767
> 7:False:15,23:4604,767
ferry-suboptimal-old-noisy/30/ferry_noisy_p02_hyp-4_30_3.tar.bz2:0.580672025681:0.03506133:0.59
> 0:False:13,22:4604,767
> 1:False:12,24:4604,767
> 2:False:15,24:4604,767
> 3:True:15,20:4604,767
> 4:False:17,24:4604,767
> 5:False:17,23:4604,767
> 6:False:17,24:4604,767
> 7:True:15,20:4604,767
ferry-suboptimal-old-noisy/30/ferry_noisy_p03_hyp-1_30_1.tar.bz2:0.323657989502:0.01208726:0.32
> 0:True:14,18:1763,439
> 1:True:14,18:1763,439
> 2:False:14,20:1763,439
> 3:False:14,19:1763,439
> 4:False:14,20:1763,439
ferry-suboptimal-old-noisy/30/ferry_noisy_p03_hyp-1_30_2.tar.bz2:0.329967975616:0.01223642:0.33
> 0:True:14,18:1762,438
> 1:False:14,19:1762,438
> 2:False:14,19:1762,438
> 3:False:14,19:1762,438
> 4:False:14,19:1762,438
ferry-suboptimal-old-noisy/30/ferry_noisy_p03_hyp-1_30_3.tar.bz2:0.324447870255:0.01207945:0.32
> 0:False:14,19:1762,438
> 1:True:14,18:1762,438
> 2:True:14,18:1762,438
> 3:True:14,18:1762,438
> 4:False:14,19:1762,438
ferry-suboptimal-old-noisy/30/ferry_noisy_p03_hyp-2_30_1.tar.bz2:0.328403949738:0.01231766:0.33
> 0:False:14,19:1764,440
> 1:True:14,18:1764,440
> 2:True:14,18:1764,440
> 3:True:14,18:1764,440
> 4:True:14,18:1764,440
ferry-suboptimal-old-noisy/30/ferry_noisy_p03_hyp-2_30_2.tar.bz2:0.328016996384:0.01216361:0.34
> 0:False:14,21:1764,440
> 1:True:14,20:1764,440
> 2:False:14,21:1764,440
> 3:False:14,22:1764,440
> 4:False:14,22:1764,440
ferry-suboptimal-old-noisy/30/ferry_noisy_p03_hyp-2_30_3.tar.bz2:0.328891992569:0.01242351:0.33
> 0:False:14,22:1765,441
> 1:False:14,20:1765,441
> 2:False:14,20:1765,441
> 3:False:14,20:1765,441
> 4:True:14,19:1765,441
ferry-suboptimal-old-noisy/30/ferry_noisy_p03_hyp-3_30_1.tar.bz2:0.325998067856:0.01214504:0.33
> 0:False:14,21:1763,439
> 1:False:14,21:1763,439
> 2:True:14,19:1763,439
> 3:False:14,21:1763,439
> 4:False:14,20:1763,439
ferry-suboptimal-old-noisy/30/ferry_noisy_p03_hyp-3_30_2.tar.bz2:0.327624082565:0.01218812:0.33
> 0:False:14,21:1764,440
> 1:False:14,20:1764,440
> 2:True:14,19:1764,440
> 3:False:14,21:1764,440
> 4:False:14,22:1764,440
ferry-suboptimal-old-noisy/30/ferry_noisy_p03_hyp-3_30_3.tar.bz2:0.324385166168:0.01211392:0.32
> 0:False:14,20:1762,438
> 1:False:14,20:1762,438
> 2:True:14,19:1762,438
> 3:False:14,20:1762,438
> 4:False:14,20:1762,438
ferry-suboptimal-old-noisy/30/ferry_noisy_p03_hyp-4_30_1.tar.bz2:0.325402975082:0.01229265:0.33
> 0:False:14,21:1764,440
> 1:True:14,19:1764,440
> 2:False:14,20:1764,440
> 3:False:14,21:1764,440
> 4:False:14,22:1764,440
ferry-suboptimal-old-noisy/30/ferry_noisy_p03_hyp-4_30_2.tar.bz2:0.32665514946:0.01245915:0.32
> 0:False:14,18:1762,438
> 1:False:14,18:1762,438
> 2:False:14,18:1762,438
> 3:False:14,18:1762,438
> 4:True:14,17:1762,438
ferry-suboptimal-old-noisy/30/ferry_noisy_p03_hyp-4_30_3.tar.bz2:0.324501991272:0.01200331:0.32
> 0:False:14,20:1764,440
> 1:True:14,19:1764,440
> 2:False:14,21:1764,440
> 3:False:14,21:1764,440
> 4:False:14,22:1764,440
ferry-suboptimal-old-noisy/50/ferry_noisy_p00_hyp-1_50_1.tar.bz2:0.393582105637:0.01513984:0.4
> 0:True:14,18:1896,443
> 1:False:12,21:1896,443
> 2:False:10,19:1896,443
> 3:False:10,20:1896,443
> 4:False:10,19:1896,443
> 5:False:12,21:1896,443
ferry-suboptimal-old-noisy/50/ferry_noisy_p00_hyp-1_50_2.tar.bz2:0.393173933029:0.01527649:0.39
> 0:True:14,15:1894,441
> 1:False:12,18:1894,441
> 2:False:10,16:1894,441
> 3:False:10,17:1894,441
> 4:False:10,15:1894,441
> 5:False:12,19:1894,441
ferry-suboptimal-old-noisy/50/ferry_noisy_p00_hyp-1_50_3.tar.bz2:0.393974065781:0.01540461:0.4
> 0:True:14,17:1894,441
> 1:False:12,18:1894,441
> 2:False:10,18:1894,441
> 3:False:10,17:1894,441
> 4:False:10,15:1894,441
> 5:False:12,19:1894,441
ferry-suboptimal-old-noisy/50/ferry_noisy_p00_hyp-2_50_1.tar.bz2:0.389271974564:0.01500887:0.39
> 0:False:14,22:1896,443
> 1:False:12,20:1896,443
> 2:False:10,18:1896,443
> 3:False:10,18:1896,443
> 4:False:10,20:1896,443
> 5:True:12,18:1896,443
ferry-suboptimal-old-noisy/50/ferry_noisy_p00_hyp-2_50_2.tar.bz2:0.392683982849:0.01526681:0.4
> 0:False:14,19:1896,443
> 1:True:12,14:1896,443
> 2:False:10,18:1896,443
> 3:False:10,15:1896,443
> 4:False:10,17:1896,443
> 5:False:12,16:1896,443
ferry-suboptimal-old-noisy/50/ferry_noisy_p00_hyp-2_50_3.tar.bz2:0.39337015152:0.01529813:0.39
> 0:True:14,20:1897,444
> 1:True:12,18:1897,444
> 2:False:10,17:1897,444
> 3:False:10,17:1897,444
> 4:False:10,18:1897,444
> 5:False:12,19:1897,444
ferry-suboptimal-old-noisy/50/ferry_noisy_p00_hyp-3_50_1.tar.bz2:0.393247842789:0.01527317:0.4
> 0:False:14,21:1896,443
> 1:False:12,18:1896,443
> 2:False:10,20:1896,443
> 3:True:10,15:1896,443
> 4:False:10,19:1896,443
> 5:False:12,19:1896,443
ferry-suboptimal-old-noisy/50/ferry_noisy_p00_hyp-3_50_2.tar.bz2:0.392879962921:0.01525075:0.39
> 0:False:14,22:1892,439
> 1:True:12,19:1892,439
> 2:False:10,21:1892,439
> 3:False:10,18:1892,439
> 4:False:10,19:1892,439
> 5:False:12,20:1892,439
ferry-suboptimal-old-noisy/50/ferry_noisy_p00_hyp-3_50_3.tar.bz2:0.393894910812:0.01513372:0.39
> 0:True:14,20:1895,442
> 1:False:12,20:1895,442
> 2:False:10,19:1895,442
> 3:False:10,17:1895,442
> 4:False:10,18:1895,442
> 5:False:12,19:1895,442
ferry-suboptimal-old-noisy/50/ferry_noisy_p00_hyp-4_50_1.tar.bz2:0.390673875809:0.01522019:0.39
> 0:False:14,21:1896,443
> 1:False:12,19:1896,443
> 2:False:10,16:1896,443
> 3:False:10,18:1896,443
> 4:False:10,19:1896,443
> 5:True:12,17:1896,443
ferry-suboptimal-old-noisy/50/ferry_noisy_p00_hyp-4_50_2.tar.bz2:0.392647981644:0.01527996:0.39
> 0:False:14,22:1895,442
> 1:False:12,19:1895,442
> 2:False:10,16:1895,442
> 3:False:10,18:1895,442
> 4:False:10,19:1895,442
> 5:True:12,16:1895,442
ferry-suboptimal-old-noisy/50/ferry_noisy_p00_hyp-4_50_3.tar.bz2:0.390961170197:0.01516727:0.39
> 0:False:14,21:1895,442
> 1:True:12,18:1895,442
> 2:False:10,18:1895,442
> 3:False:10,17:1895,442
> 4:False:10,20:1895,442
> 5:True:12,18:1895,442
ferry-suboptimal-old-noisy/50/ferry_noisy_p02_hyp-1_50_1.tar.bz2:0.581083059311:0.03534302:0.58
> 0:True:13,22:4611,774
> 1:False:12,24:4611,774
> 2:False:15,26:4611,774
> 3:False:15,27:4611,774
> 4:True:17,26:4611,774
> 5:False:17,27:4611,774
> 6:True:17,26:4611,774
> 7:False:15,28:4611,774
ferry-suboptimal-old-noisy/50/ferry_noisy_p02_hyp-1_50_2.tar.bz2:0.5808198452:0.03526296:0.59
> 0:True:13,23:4609,772
> 1:False:12,26:4609,772
> 2:False:15,28:4609,772
> 3:False:15,28:4609,772
> 4:False:17,28:4609,772
> 5:False:17,29:4609,772
> 6:False:17,29:4609,772
> 7:False:15,28:4609,772
ferry-suboptimal-old-noisy/50/ferry_noisy_p02_hyp-1_50_3.tar.bz2:0.58483505249:0.03527202:0.58
> 0:True:13,22:4612,775
> 1:False:12,26:4612,775
> 2:False:15,27:4612,775
> 3:False:15,28:4612,775
> 4:False:17,27:4612,775
> 5:False:17,30:4612,775
> 6:False:17,28:4612,775
> 7:False:15,27:4612,775
ferry-suboptimal-old-noisy/50/ferry_noisy_p02_hyp-2_50_1.tar.bz2:0.581142902374:0.03525669:0.59
> 0:False:13,21:4606,769
> 1:False:12,19:4606,769
> 2:False:15,23:4606,769
> 3:False:15,25:4606,769
> 4:False:17,25:4606,769
> 5:False:17,26:4606,769
> 6:True:17,23:4606,769
> 7:False:15,25:4606,769
ferry-suboptimal-old-noisy/50/ferry_noisy_p02_hyp-2_50_2.tar.bz2:0.581056833267:0.03528371:0.58
> 0:False:13,25:4608,771
> 1:True:12,21:4608,771
> 2:False:15,26:4608,771
> 3:False:15,28:4608,771
> 4:False:17,29:4608,771
> 5:False:17,28:4608,771
> 6:True:17,26:4608,771
> 7:False:15,28:4608,771
ferry-suboptimal-old-noisy/50/ferry_noisy_p02_hyp-2_50_3.tar.bz2:0.581562995911:0.03540165:0.58
> 0:False:13,23:4607,770
> 1:False:12,22:4607,770
> 2:False:15,23:4607,770
> 3:False:15,24:4607,770
> 4:False:17,25:4607,770
> 5:True:17,24:4607,770
> 6:False:17,25:4607,770
> 7:False:15,25:4607,770
ferry-suboptimal-old-noisy/50/ferry_noisy_p02_hyp-3_50_1.tar.bz2:0.581274032593:0.03517891:0.59
> 0:False:13,24:4609,772
> 1:False:12,26:4609,772
> 2:True:15,24:4609,772
> 3:False:15,27:4609,772
> 4:False:17,29:4609,772
> 5:False:17,27:4609,772
> 6:False:17,29:4609,772
> 7:False:15,29:4609,772
ferry-suboptimal-old-noisy/50/ferry_noisy_p02_hyp-3_50_2.tar.bz2:0.581052064896:0.03508013:0.58
> 0:False:13,24:4611,774
> 1:False:12,26:4611,774
> 2:True:15,23:4611,774
> 3:False:15,28:4611,774
> 4:False:17,27:4611,774
> 5:False:17,27:4611,774
> 6:False:17,29:4611,774
> 7:False:15,28:4611,774
ferry-suboptimal-old-noisy/50/ferry_noisy_p02_hyp-3_50_3.tar.bz2:0.58132314682:0.03562212:0.59
> 0:False:13,27:4608,771
> 1:False:12,28:4608,771
> 2:False:15,28:4608,771
> 3:False:15,27:4608,771
> 4:False:17,29:4608,771
> 5:True:17,28:4608,771
> 6:False:17,30:4608,771
> 7:False:15,29:4608,771
ferry-suboptimal-old-noisy/50/ferry_noisy_p02_hyp-4_50_1.tar.bz2:0.583228111267:0.03548199:0.59
> 0:False:13,26:4613,776
> 1:False:12,26:4613,776
> 2:False:15,25:4613,776
> 3:True:15,22:4613,776
> 4:False:17,27:4613,776
> 5:False:17,25:4613,776
> 6:False:17,26:4613,776
> 7:False:15,26:4613,776
ferry-suboptimal-old-noisy/50/ferry_noisy_p02_hyp-4_50_2.tar.bz2:0.584869861603:0.0355822:0.59
> 0:False:13,25:4611,774
> 1:False:12,24:4611,774
> 2:False:15,28:4611,774
> 3:False:15,27:4611,774
> 4:False:17,27:4611,774
> 5:False:17,27:4611,774
> 6:True:17,25:4611,774
> 7:False:15,26:4611,774
ferry-suboptimal-old-noisy/50/ferry_noisy_p02_hyp-4_50_3.tar.bz2:0.582788228989:0.03554888:0.58
> 0:False:13,24:4610,773
> 1:False:12,25:4610,773
> 2:False:15,26:4610,773
> 3:True:15,23:4610,773
> 4:True:17,25:4610,773
> 5:True:17,25:4610,773
> 6:False:17,28:4610,773
> 7:False:15,27:4610,773
ferry-suboptimal-old-noisy/50/ferry_noisy_p03_hyp-1_50_1.tar.bz2:0.32631111145:0.01219281:0.32
> 0:True:14,21:1769,445
> 1:False:14,23:1769,445
> 2:False:14,24:1769,445
> 3:False:14,22:1769,445
> 4:False:14,23:1769,445
ferry-suboptimal-old-noisy/50/ferry_noisy_p03_hyp-1_50_2.tar.bz2:0.327486991882:0.01246127:0.33
> 0:True:14,20:1766,442
> 1:True:14,20:1766,442
> 2:False:14,21:1766,442
> 3:True:14,20:1766,442
> 4:False:14,21:1766,442
ferry-suboptimal-old-noisy/50/ferry_noisy_p03_hyp-1_50_3.tar.bz2:0.323125123978:0.0120776:0.33
> 0:True:14,22:1766,442
> 1:True:14,22:1766,442
> 2:True:14,22:1766,442
> 3:True:14,22:1766,442
> 4:False:14,23:1766,442
ferry-suboptimal-old-noisy/50/ferry_noisy_p03_hyp-2_50_1.tar.bz2:0.325943946838:0.01238243:0.32
> 0:True:14,21:1769,445
> 1:True:14,21:1769,445
> 2:False:14,23:1769,445
> 3:False:14,22:1769,445
> 4:False:14,23:1769,445
ferry-suboptimal-old-noisy/50/ferry_noisy_p03_hyp-2_50_2.tar.bz2:0.326610088348:0.0121492:0.32
> 0:True:14,23:1770,446
> 1:True:14,23:1770,446
> 2:False:14,24:1770,446
> 3:False:14,24:1770,446
> 4:False:14,24:1770,446
ferry-suboptimal-old-noisy/50/ferry_noisy_p03_hyp-2_50_3.tar.bz2:0.326634883881:0.0122744:0.33
> 0:False:14,25:1770,446
> 1:True:14,24:1770,446
> 2:True:14,24:1770,446
> 3:False:14,25:1770,446
> 4:False:14,25:1770,446
ferry-suboptimal-old-noisy/50/ferry_noisy_p03_hyp-3_50_1.tar.bz2:0.324855089188:0.0124354:0.32
> 0:False:14,24:1768,444
> 1:False:14,23:1768,444
> 2:True:14,21:1768,444
> 3:False:14,24:1768,444
> 4:False:14,24:1768,444
ferry-suboptimal-old-noisy/50/ferry_noisy_p03_hyp-3_50_2.tar.bz2:0.323982000351:0.01224349:0.32
> 0:False:14,26:1767,443
> 1:False:14,24:1767,443
> 2:True:14,23:1767,443
> 3:False:14,25:1767,443
> 4:False:14,26:1767,443
ferry-suboptimal-old-noisy/50/ferry_noisy_p03_hyp-3_50_3.tar.bz2:0.324023008347:0.01228517:0.32
> 0:False:14,25:1769,445
> 1:False:14,24:1769,445
> 2:True:14,23:1769,445
> 3:False:14,24:1769,445
> 4:False:14,24:1769,445
ferry-suboptimal-old-noisy/50/ferry_noisy_p03_hyp-4_50_1.tar.bz2:0.325576066971:0.01226627:0.33
> 0:True:14,23:1768,444
> 1:True:14,23:1768,444
> 2:False:14,24:1768,444
> 3:False:14,25:1768,444
> 4:False:14,24:1768,444
ferry-suboptimal-old-noisy/50/ferry_noisy_p03_hyp-4_50_2.tar.bz2:0.328531980515:0.0125208:0.33
> 0:False:14,22:1769,445
> 1:True:14,21:1769,445
> 2:False:14,23:1769,445
> 3:False:14,23:1769,445
> 4:False:14,24:1769,445
ferry-suboptimal-old-noisy/50/ferry_noisy_p03_hyp-4_50_3.tar.bz2:0.324929952621:0.01230367:0.33
> 0:False:14,22:1768,444
> 1:True:14,21:1768,444
> 2:True:14,21:1768,444
> 3:False:14,22:1768,444
> 4:True:14,21:1768,444
ferry-suboptimal-old-noisy/70/ferry_noisy_p00_hyp-1_70_1.tar.bz2:0.393459796906:0.01537515:0.39
> 0:True:14,17:1897,444
> 1:False:12,21:1897,444
> 2:False:10,19:1897,444
> 3:False:10,20:1897,444
> 4:False:10,18:1897,444
> 5:False:12,22:1897,444
ferry-suboptimal-old-noisy/70/ferry_noisy_p00_hyp-1_70_2.tar.bz2:0.393747091293:0.01538131:0.39
> 0:True:14,20:1900,447
> 1:False:12,23:1900,447
> 2:False:10,20:1900,447
> 3:False:10,21:1900,447
> 4:False:10,20:1900,447
> 5:False:12,23:1900,447
ferry-suboptimal-old-noisy/70/ferry_noisy_p00_hyp-1_70_3.tar.bz2:0.394765853882:0.0152113:0.39
> 0:True:14,18:1899,446
> 1:False:12,21:1899,446
> 2:False:10,19:1899,446
> 3:False:10,20:1899,446
> 4:False:10,19:1899,446
> 5:False:12,21:1899,446
ferry-suboptimal-old-noisy/70/ferry_noisy_p00_hyp-2_70_1.tar.bz2:0.393682956696:0.01533512:0.4
> 0:False:14,22:1899,446
> 1:True:12,17:1899,446
> 2:False:10,21:1899,446
> 3:False:10,18:1899,446
> 4:False:10,19:1899,446
> 5:False:12,20:1899,446
ferry-suboptimal-old-noisy/70/ferry_noisy_p00_hyp-2_70_2.tar.bz2:0.391441822052:0.0151574:0.39
> 0:False:14,24:1901,448
> 1:True:12,19:1901,448
> 2:False:10,23:1901,448
> 3:False:10,21:1901,448
> 4:False:10,22:1901,448
> 5:False:12,22:1901,448
ferry-suboptimal-old-noisy/70/ferry_noisy_p00_hyp-2_70_3.tar.bz2:0.393297195435:0.01540031:0.39
> 0:False:14,24:1901,448
> 1:True:12,20:1901,448
> 2:False:10,22:1901,448
> 3:False:10,22:1901,448
> 4:False:10,21:1901,448
> 5:False:12,21:1901,448
ferry-suboptimal-old-noisy/70/ferry_noisy_p00_hyp-3_70_1.tar.bz2:0.391930818558:0.01535551:0.39
> 0:False:14,22:1896,443
> 1:False:12,19:1896,443
> 2:False:10,21:1896,443
> 3:True:10,16:1896,443
> 4:False:10,20:1896,443
> 5:False:12,20:1896,443
ferry-suboptimal-old-noisy/70/ferry_noisy_p00_hyp-3_70_2.tar.bz2:0.392884016037:0.01534579:0.38
> 0:False:14,21:1897,444
> 1:True:12,17:1897,444
> 2:False:10,20:1897,444
> 3:False:10,16:1897,444
> 4:False:10,20:1897,444
> 5:False:12,18:1897,444
ferry-suboptimal-old-noisy/70/ferry_noisy_p00_hyp-3_70_3.tar.bz2:0.393744945526:0.01529952:0.4
> 0:False:14,22:1898,445
> 1:False:12,19:1898,445
> 2:False:10,21:1898,445
> 3:True:10,16:1898,445
> 4:False:10,20:1898,445
> 5:False:12,20:1898,445
ferry-suboptimal-old-noisy/70/ferry_noisy_p00_hyp-4_70_1.tar.bz2:0.393119812012:0.01544102:0.39
> 0:False:14,24:1901,448
> 1:False:12,23:1901,448
> 2:False:10,21:1901,448
> 3:False:10,22:1901,448
> 4:False:10,24:1901,448
> 5:True:12,20:1901,448
ferry-suboptimal-old-noisy/70/ferry_noisy_p00_hyp-4_70_2.tar.bz2:0.392480134964:0.01528199:0.39
> 0:False:14,25:1901,448
> 1:False:12,22:1901,448
> 2:False:10,21:1901,448
> 3:False:10,22:1901,448
> 4:False:10,23:1901,448
> 5:True:12,20:1901,448
ferry-suboptimal-old-noisy/70/ferry_noisy_p00_hyp-4_70_3.tar.bz2:0.391118049622:0.01521453:0.38
> 0:False:14,23:1900,447
> 1:False:12,20:1900,447
> 2:False:10,21:1900,447
> 3:False:10,19:1900,447
> 4:False:10,22:1900,447
> 5:True:12,19:1900,447
ferry-suboptimal-old-noisy/70/ferry_noisy_p02_hyp-1_70_1.tar.bz2:0.580185890198:0.03511804:0.58
> 0:False:13,30:4617,780
> 1:False:12,32:4617,780
> 2:False:15,32:4617,780
> 3:False:15,33:4617,780
> 4:True:17,33:4617,780
> 5:True:17,33:4617,780
> 6:False:17,34:4617,780
> 7:False:15,34:4617,780
ferry-suboptimal-old-noisy/70/ferry_noisy_p02_hyp-1_70_2.tar.bz2:0.579010009766:0.03502863:0.58
> 0:True:13,26:4616,779
> 1:False:12,30:4616,779
> 2:False:15,31:4616,779
> 3:False:15,33:4616,779
> 4:False:17,31:4616,779
> 5:False:17,34:4616,779
> 6:False:17,34:4616,779
> 7:False:15,33:4616,779
ferry-suboptimal-old-noisy/70/ferry_noisy_p02_hyp-1_70_3.tar.bz2:0.580672979355:0.03529209:0.58
> 0:True:13,28:4615,778
> 1:False:12,31:4615,778
> 2:False:15,32:4615,778
> 3:False:15,32:4615,778
> 4:True:17,32:4615,778
> 5:True:17,32:4615,778
> 6:True:17,32:4615,778
> 7:False:15,32:4615,778
ferry-suboptimal-old-noisy/70/ferry_noisy_p02_hyp-2_70_1.tar.bz2:0.580299854279:0.03549509:0.58
> 0:False:13,25:4611,774
> 1:False:12,23:4611,774
> 2:False:15,27:4611,774
> 3:False:15,29:4611,774
> 4:False:17,29:4611,774
> 5:False:17,29:4611,774
> 6:True:17,27:4611,774
> 7:False:15,29:4611,774
ferry-suboptimal-old-noisy/70/ferry_noisy_p02_hyp-2_70_2.tar.bz2:0.581778049469:0.03581984:0.58
> 0:False:13,27:4611,774
> 1:False:12,26:4611,774
> 2:False:15,31:4611,774
> 3:False:15,29:4611,774
> 4:False:17,29:4611,774
> 5:False:17,31:4611,774
> 6:True:17,27:4611,774
> 7:False:15,29:4611,774
ferry-suboptimal-old-noisy/70/ferry_noisy_p02_hyp-2_70_3.tar.bz2:0.579251050949:0.03541671:0.58
> 0:False:13,28:4611,774
> 1:False:12,25:4611,774
> 2:False:15,28:4611,774
> 3:False:15,30:4611,774
> 4:False:17,30:4611,774
> 5:False:17,30:4611,774
> 6:True:17,27:4611,774
> 7:False:15,29:4611,774
ferry-suboptimal-old-noisy/70/ferry_noisy_p02_hyp-3_70_1.tar.bz2:0.583436012268:0.03571653:0.58
> 0:False:13,27:4614,777
> 1:False:12,27:4614,777
> 2:True:15,26:4614,777
> 3:False:15,28:4614,777
> 4:False:17,29:4614,777
> 5:False:17,29:4614,777
> 6:False:17,30:4614,777
> 7:False:15,29:4614,777
ferry-suboptimal-old-noisy/70/ferry_noisy_p02_hyp-3_70_2.tar.bz2:0.584036827087:0.03567479:0.59
> 0:False:13,29:4614,777
> 1:False:12,31:4614,777
> 2:False:15,31:4614,777
> 3:False:15,31:4614,777
> 4:True:17,29:4614,777
> 5:False:17,30:4614,777
> 6:False:17,31:4614,777
> 7:False:15,29:4614,777
ferry-suboptimal-old-noisy/70/ferry_noisy_p02_hyp-3_70_3.tar.bz2:0.583556175232:0.03562776:0.59
> 0:False:13,27:4615,778
> 1:False:12,27:4615,778
> 2:True:15,24:4615,778
> 3:False:15,29:4615,778
> 4:False:17,30:4615,778
> 5:False:17,29:4615,778
> 6:False:17,30:4615,778
> 7:False:15,30:4615,778
ferry-suboptimal-old-noisy/70/ferry_noisy_p02_hyp-4_70_1.tar.bz2:0.582468986511:0.03567717:0.58
> 0:False:13,29:4615,778
> 1:False:12,30:4615,778
> 2:False:15,29:4615,778
> 3:True:15,26:4615,778
> 4:False:17,29:4615,778
> 5:False:17,29:4615,778
> 6:False:17,31:4615,778
> 7:False:15,29:4615,778
ferry-suboptimal-old-noisy/70/ferry_noisy_p02_hyp-4_70_2.tar.bz2:0.584232807159:0.03556475:0.59
> 0:False:13,30:4616,779
> 1:False:12,32:4616,779
> 2:False:15,30:4616,779
> 3:True:15,26:4616,779
> 4:False:17,31:4616,779
> 5:False:17,31:4616,779
> 6:False:17,32:4616,779
> 7:False:15,29:4616,779
ferry-suboptimal-old-noisy/70/ferry_noisy_p02_hyp-4_70_3.tar.bz2:0.584752082825:0.03540398:0.58
> 0:False:13,29:4616,779
> 1:False:12,30:4616,779
> 2:False:15,29:4616,779
> 3:True:15,28:4616,779
> 4:False:17,32:4616,779
> 5:False:17,31:4616,779
> 6:True:17,30:4616,779
> 7:False:15,31:4616,779
ferry-suboptimal-old-noisy/70/ferry_noisy_p03_hyp-1_70_1.tar.bz2:0.325852870941:0.01225537:0.33
> 0:True:14,26:1769,445
> 1:False:14,28:1769,445
> 2:False:14,28:1769,445
> 3:False:14,27:1769,445
> 4:False:14,28:1769,445
ferry-suboptimal-old-noisy/70/ferry_noisy_p03_hyp-1_70_2.tar.bz2:0.326179027557:0.01231525:0.33
> 0:True:14,23:1772,448
> 1:False:14,25:1772,448
> 2:False:14,26:1772,448
> 3:False:14,25:1772,448
> 4:False:14,25:1772,448
ferry-suboptimal-old-noisy/70/ferry_noisy_p03_hyp-1_70_3.tar.bz2:0.326871871948:0.01221739:0.32
> 0:True:14,24:1773,449
> 1:False:14,25:1773,449
> 2:False:14,26:1773,449
> 3:True:14,24:1773,449
> 4:True:14,24:1773,449
ferry-suboptimal-old-noisy/70/ferry_noisy_p03_hyp-2_70_1.tar.bz2:0.327565908432:0.01253734:0.34
> 0:True:14,29:1772,448
> 1:True:14,29:1772,448
> 2:True:14,29:1772,448
> 3:True:14,29:1772,448
> 4:True:14,29:1772,448
ferry-suboptimal-old-noisy/70/ferry_noisy_p03_hyp-2_70_2.tar.bz2:0.324955940247:0.01231473:0.32
> 0:False:14,28:1773,449
> 1:True:14,27:1773,449
> 2:False:14,29:1773,449
> 3:False:14,29:1773,449
> 4:False:14,30:1773,449
ferry-suboptimal-old-noisy/70/ferry_noisy_p03_hyp-2_70_3.tar.bz2:0.327836036682:0.01267004:0.32
> 0:True:14,28:1772,448
> 1:True:14,28:1772,448
> 2:False:14,29:1772,448
> 3:False:14,29:1772,448
> 4:False:14,30:1772,448
ferry-suboptimal-old-noisy/70/ferry_noisy_p03_hyp-3_70_1.tar.bz2:0.325932025909:0.0124735:0.34
> 0:False:14,28:1772,448
> 1:True:14,26:1772,448
> 2:False:14,27:1772,448
> 3:False:14,28:1772,448
> 4:False:14,28:1772,448
ferry-suboptimal-old-noisy/70/ferry_noisy_p03_hyp-3_70_2.tar.bz2:0.327464818954:0.01260372:0.33
> 0:False:14,28:1775,451
> 1:False:14,27:1775,451
> 2:True:14,25:1775,451
> 3:False:14,27:1775,451
> 4:False:14,27:1775,451
ferry-suboptimal-old-noisy/70/ferry_noisy_p03_hyp-3_70_3.tar.bz2:0.325847864151:0.01231857:0.32
> 0:False:14,27:1773,449
> 1:False:14,27:1773,449
> 2:True:14,26:1773,449
> 3:False:14,28:1773,449
> 4:False:14,29:1773,449
ferry-suboptimal-old-noisy/70/ferry_noisy_p03_hyp-4_70_1.tar.bz2:0.326728820801:0.01241656:0.34
> 0:False:14,27:1773,449
> 1:True:14,25:1773,449
> 2:True:14,25:1773,449
> 3:False:14,27:1773,449
> 4:False:14,28:1773,449
ferry-suboptimal-old-noisy/70/ferry_noisy_p03_hyp-4_70_2.tar.bz2:0.324910163879:0.01229514:0.32
> 0:False:14,26:1775,451
> 1:False:14,25:1775,451
> 2:False:14,25:1775,451
> 3:True:14,24:1775,451
> 4:False:14,25:1775,451
ferry-suboptimal-old-noisy/70/ferry_noisy_p03_hyp-4_70_3.tar.bz2:0.325793981552:0.01245091:0.32
> 0:False:14,26:1773,449
> 1:True:14,25:1773,449
> 2:False:14,26:1773,449
> 3:False:14,26:1773,449
> 4:True:14,25:1773,449
ferry-suboptimal-old-noisy/100/ferry_noisy_p00_hyp-1_full_1.tar.bz2:0.394581079483:0.01555555:0.41
> 0:True:14,20:1904,451
> 1:False:12,23:1904,451
> 2:False:10,22:1904,451
> 3:False:10,23:1904,451
> 4:False:10,21:1904,451
> 5:False:12,24:1904,451
ferry-suboptimal-old-noisy/100/ferry_noisy_p00_hyp-1_full_2.tar.bz2:0.393201828003:0.01543137:0.39
> 0:True:14,21:1905,452
> 1:False:12,24:1905,452
> 2:False:10,23:1905,452
> 3:False:10,23:1905,452
> 4:False:10,22:1905,452
> 5:False:12,25:1905,452
ferry-suboptimal-old-noisy/100/ferry_noisy_p00_hyp-1_full_3.tar.bz2:0.394033908844:0.01547093:0.4
> 0:True:14,23:1905,452
> 1:False:12,26:1905,452
> 2:False:10,24:1905,452
> 3:False:10,25:1905,452
> 4:False:10,23:1905,452
> 5:False:12,27:1905,452
ferry-suboptimal-old-noisy/100/ferry_noisy_p00_hyp-2_full_1.tar.bz2:0.393537044525:0.01549025:0.4
> 0:False:14,25:1905,452
> 1:True:12,21:1905,452
> 2:False:10,25:1905,452
> 3:False:10,23:1905,452
> 4:False:10,24:1905,452
> 5:False:12,24:1905,452
ferry-suboptimal-old-noisy/100/ferry_noisy_p00_hyp-2_full_2.tar.bz2:0.395656108856:0.01555495:0.4
> 0:False:14,25:1904,451
> 1:True:12,21:1904,451
> 2:False:10,23:1904,451
> 3:False:10,22:1904,451
> 4:False:10,22:1904,451
> 5:True:12,21:1904,451
ferry-suboptimal-old-noisy/100/ferry_noisy_p00_hyp-2_full_3.tar.bz2:0.393724918365:0.01529717:0.39
> 0:False:14,27:1905,452
> 1:True:12,22:1905,452
> 2:False:10,26:1905,452
> 3:False:10,24:1905,452
> 4:False:10,24:1905,452
> 5:False:12,25:1905,452
ferry-suboptimal-old-noisy/100/ferry_noisy_p00_hyp-3_full_1.tar.bz2:0.395000934601:0.01560682:0.39
> 0:True:14,28:1903,450
> 1:False:12,27:1903,450
> 2:False:10,26:1903,450
> 3:True:10,24:1903,450
> 4:False:10,26:1903,450
> 5:True:12,26:1903,450
ferry-suboptimal-old-noisy/100/ferry_noisy_p00_hyp-3_full_2.tar.bz2:0.392785072327:0.01549087:0.4
> 0:False:14,27:1902,449
> 1:False:12,24:1902,449
> 2:False:10,24:1902,449
> 3:False:10,22:1902,449
> 4:False:10,26:1902,449
> 5:True:12,22:1902,449
ferry-suboptimal-old-noisy/100/ferry_noisy_p00_hyp-3_full_3.tar.bz2:0.396618843079:0.01569694:0.39
> 0:False:14,27:1900,447
> 1:True:12,23:1900,447
> 2:False:10,25:1900,447
> 3:True:10,21:1900,447
> 4:False:10,26:1900,447
> 5:True:12,23:1900,447
ferry-suboptimal-old-noisy/100/ferry_noisy_p00_hyp-4_full_1.tar.bz2:0.395107984543:0.01547137:0.4
> 0:False:14,26:1904,451
> 1:False:12,22:1904,451
> 2:False:10,22:1904,451
> 3:False:10,22:1904,451
> 4:False:10,24:1904,451
> 5:True:12,21:1904,451
ferry-suboptimal-old-noisy/100/ferry_noisy_p00_hyp-4_full_2.tar.bz2:0.395808935165:0.0155462:0.4
> 0:False:14,27:1904,451
> 1:False:12,25:1904,451
> 2:False:10,24:1904,451
> 3:False:10,25:1904,451
> 4:False:10,25:1904,451
> 5:True:12,23:1904,451
ferry-suboptimal-old-noisy/100/ferry_noisy_p00_hyp-4_full_3.tar.bz2:0.393419981003:0.01547197:0.4
> 0:False:14,27:1905,452
> 1:False:12,24:1905,452
> 2:False:10,24:1905,452
> 3:False:10,22:1905,452
> 4:False:10,26:1905,452
> 5:True:12,22:1905,452
ferry-suboptimal-old-noisy/100/ferry_noisy_p02_hyp-1_full_1.tar.bz2:0.578799009323:0.03535291:0.58
> 0:True:13,30:4620,783
> 1:False:12,36:4620,783
> 2:False:15,34:4620,783
> 3:False:15,36:4620,783
> 4:True:17,34:4620,783
> 5:False:17,35:4620,783
> 6:False:17,38:4620,783
> 7:False:15,36:4620,783
ferry-suboptimal-old-noisy/100/ferry_noisy_p02_hyp-1_full_2.tar.bz2:0.581012964249:0.0354284:0.58
> 0:True:13,30:4620,783
> 1:False:12,35:4620,783
> 2:False:15,34:4620,783
> 3:False:15,37:4620,783
> 4:True:17,34:4620,783
> 5:False:17,37:4620,783
> 6:False:17,38:4620,783
> 7:False:15,38:4620,783
ferry-suboptimal-old-noisy/100/ferry_noisy_p02_hyp-1_full_3.tar.bz2:0.581498146057:0.03552054:0.59
> 0:True:13,29:4621,784
> 1:False:12,33:4621,784
> 2:False:15,33:4621,784
> 3:False:15,34:4621,784
> 4:False:17,34:4621,784
> 5:False:17,34:4621,784
> 6:False:17,35:4621,784
> 7:False:15,36:4621,784
ferry-suboptimal-old-noisy/100/ferry_noisy_p02_hyp-2_full_1.tar.bz2:0.581374883652:0.03578574:0.58
> 0:False:13,33:4617,780
> 1:False:12,31:4617,780
> 2:False:15,34:4617,780
> 3:False:15,36:4617,780
> 4:False:17,36:4617,780
> 5:False:17,37:4617,780
> 6:True:17,34:4617,780
> 7:False:15,36:4617,780
ferry-suboptimal-old-noisy/100/ferry_noisy_p02_hyp-2_full_2.tar.bz2:0.581405878067:0.03568599:0.58
> 0:False:13,31:4617,780
> 1:False:12,28:4617,780
> 2:False:15,32:4617,780
> 3:False:15,35:4617,780
> 4:False:17,36:4617,780
> 5:False:17,35:4617,780
> 6:True:17,32:4617,780
> 7:False:15,34:4617,780
ferry-suboptimal-old-noisy/100/ferry_noisy_p02_hyp-2_full_3.tar.bz2:0.582067012787:0.03587252:0.59
> 0:False:13,35:4617,780
> 1:False:12,30:4617,780
> 2:False:15,32:4617,780
> 3:False:15,35:4617,780
> 4:False:17,36:4617,780
> 5:False:17,34:4617,780
> 6:True:17,32:4617,780
> 7:False:15,34:4617,780
ferry-suboptimal-old-noisy/100/ferry_noisy_p02_hyp-3_full_1.tar.bz2:0.582432985306:0.03561218:0.59
> 0:False:13,37:4622,785
> 1:False:12,38:4622,785
> 2:False:15,35:4622,785
> 3:False:15,36:4622,785
> 4:False:17,40:4622,785
> 5:True:17,36:4622,785
> 6:False:17,38:4622,785
> 7:False:15,37:4622,785
ferry-suboptimal-old-noisy/100/ferry_noisy_p02_hyp-3_full_2.tar.bz2:0.582026958466:0.03566964:0.58
> 0:False:13,33:4622,785
> 1:False:12,32:4622,785
> 2:True:15,31:4622,785
> 3:False:15,36:4622,785
> 4:False:17,36:4622,785
> 5:False:17,36:4622,785
> 6:False:17,36:4622,785
> 7:False:15,37:4622,785
ferry-suboptimal-old-noisy/100/ferry_noisy_p02_hyp-3_full_3.tar.bz2:0.582479000092:0.0357411:0.58
> 0:False:13,37:4622,785
> 1:False:12,36:4622,785
> 2:True:15,34:4622,785
> 3:False:15,37:4622,785
> 4:False:17,39:4622,785
> 5:True:17,36:4622,785
> 6:False:17,37:4622,785
> 7:False:15,36:4622,785
ferry-suboptimal-old-noisy/100/ferry_noisy_p02_hyp-4_full_1.tar.bz2:0.583349227905:0.03574873:0.58
> 0:False:13,35:4623,786
> 1:False:12,35:4623,786
> 2:False:15,34:4623,786
> 3:True:15,31:4623,786
> 4:False:17,37:4623,786
> 5:False:17,34:4623,786
> 6:False:17,35:4623,786
> 7:False:15,32:4623,786
ferry-suboptimal-old-noisy/100/ferry_noisy_p02_hyp-4_full_2.tar.bz2:0.583445072174:0.03555034:0.58
> 0:False:13,38:4623,786
> 1:False:12,37:4623,786
> 2:False:15,36:4623,786
> 3:True:15,34:4623,786
> 4:False:17,37:4623,786
> 5:True:17,36:4623,786
> 6:False:17,37:4623,786
> 7:False:15,37:4623,786
ferry-suboptimal-old-noisy/100/ferry_noisy_p02_hyp-4_full_3.tar.bz2:0.584256887436:0.03565232:0.58
> 0:False:13,34:4623,786
> 1:False:12,36:4623,786
> 2:False:15,35:4623,786
> 3:True:15,32:4623,786
> 4:False:17,36:4623,786
> 5:True:17,34:4623,786
> 6:False:17,35:4623,786
> 7:False:15,35:4623,786
ferry-suboptimal-old-noisy/100/ferry_noisy_p03_hyp-1_full_1.tar.bz2:0.327038049698:0.0124191:0.32
> 0:True:14,31:1776,452
> 1:True:14,31:1776,452
> 2:False:14,32:1776,452
> 3:False:14,32:1776,452
> 4:False:14,32:1776,452
ferry-suboptimal-old-noisy/100/ferry_noisy_p03_hyp-1_full_2.tar.bz2:0.324920892715:0.01219756:0.34
> 0:True:14,29:1776,452
> 1:False:14,31:1776,452
> 2:False:14,33:1776,452
> 3:False:14,30:1776,452
> 4:False:14,32:1776,452
ferry-suboptimal-old-noisy/100/ferry_noisy_p03_hyp-1_full_3.tar.bz2:0.324347019196:0.01240094:0.32
> 0:True:14,29:1775,451
> 1:False:14,30:1775,451
> 2:False:14,33:1775,451
> 3:False:14,30:1775,451
> 4:False:14,31:1775,451
ferry-suboptimal-old-noisy/100/ferry_noisy_p03_hyp-2_full_1.tar.bz2:0.327181816101:0.01262923:0.33
> 0:False:14,34:1778,454
> 1:True:14,33:1778,454
> 2:False:14,35:1778,454
> 3:True:14,33:1778,454
> 4:False:14,35:1778,454
ferry-suboptimal-old-noisy/100/ferry_noisy_p03_hyp-2_full_2.tar.bz2:0.325057983398:0.01248209:0.32
> 0:False:14,35:1778,454
> 1:True:14,33:1778,454
> 2:False:14,34:1778,454
> 3:False:14,35:1778,454
> 4:False:14,36:1778,454
ferry-suboptimal-old-noisy/100/ferry_noisy_p03_hyp-2_full_3.tar.bz2:0.325081110001:0.01248378:0.33
> 0:False:14,33:1779,455
> 1:True:14,32:1779,455
> 2:False:14,33:1779,455
> 3:False:14,33:1779,455
> 4:False:14,35:1779,455
ferry-suboptimal-old-noisy/100/ferry_noisy_p03_hyp-3_full_1.tar.bz2:0.326362848282:0.01239863:0.32
> 0:False:14,37:1780,456
> 1:False:14,35:1780,456
> 2:True:14,33:1780,456
> 3:False:14,35:1780,456
> 4:False:14,35:1780,456
ferry-suboptimal-old-noisy/100/ferry_noisy_p03_hyp-3_full_2.tar.bz2:0.326235055923:0.01268506:0.33
> 0:False:14,35:1778,454
> 1:False:14,33:1778,454
> 2:True:14,32:1778,454
> 3:False:14,34:1778,454
> 4:False:14,35:1778,454
ferry-suboptimal-old-noisy/100/ferry_noisy_p03_hyp-3_full_3.tar.bz2:0.327076911926:0.01267731:0.33
> 0:False:14,36:1779,455
> 1:False:14,35:1779,455
> 2:True:14,34:1779,455
> 3:True:14,34:1779,455
> 4:True:14,34:1779,455
ferry-suboptimal-old-noisy/100/ferry_noisy_p03_hyp-4_full_1.tar.bz2:0.327018022537:0.01266768:0.34
> 0:True:14,32:1780,456
> 1:True:14,32:1780,456
> 2:True:14,32:1780,456
> 3:True:14,32:1780,456
> 4:False:14,33:1780,456
ferry-suboptimal-old-noisy/100/ferry_noisy_p03_hyp-4_full_2.tar.bz2:0.32716012001:0.01279811:0.33
> 0:False:14,34:1777,453
> 1:True:14,32:1777,453
> 2:False:14,34:1777,453
> 3:False:14,34:1777,453
> 4:False:14,34:1777,453
ferry-suboptimal-old-noisy/100/ferry_noisy_p03_hyp-4_full_3.tar.bz2:0.326741933823:0.0126942:0.32
> 0:True:14,32:1779,455
> 1:True:14,32:1779,455
> 2:False:14,33:1779,455
> 3:True:14,32:1779,455
> 4:False:14,33:1779,455
