miconic-optimal-old-noisy/10/miconic_noisy_p01_hyp-1_10_1.tar.bz2:0.525048017502:0.07277804:0.52
> 0:False:8,10:502,200
> 1:False:10,12:502,200
> 2:False:9,11:502,200
> 3:False:9,11:502,200
> 4:True:9,10:502,200
> 5:True:9,10:502,200
miconic-optimal-old-noisy/10/miconic_noisy_p01_hyp-1_10_2.tar.bz2:0.517184972763:0.06785473:0.51
> 0:True:8,11:502,200
> 1:True:10,13:502,200
> 2:True:9,12:502,200
> 3:True:9,12:502,200
> 4:True:9,12:502,200
> 5:True:9,12:502,200
miconic-optimal-old-noisy/10/miconic_noisy_p01_hyp-1_10_3.tar.bz2:0.527515172958:0.07346352:0.53
> 0:True:8,10:502,200
> 1:True:10,12:502,200
> 2:False:9,12:502,200
> 3:True:9,11:502,200
> 4:True:9,11:502,200
> 5:False:9,12:502,200
miconic-optimal-old-noisy/10/miconic_noisy_p01_hyp-2_10_1.tar.bz2:0.528274059296:0.07254436:0.52
> 0:False:8,10:502,200
> 1:True:10,11:502,200
> 2:True:9,10:502,200
> 3:False:9,11:502,200
> 4:True:9,10:502,200
> 5:False:9,11:502,200
miconic-optimal-old-noisy/10/miconic_noisy_p01_hyp-2_10_2.tar.bz2:0.524973154068:0.0710162:0.53
> 0:False:8,11:502,200
> 1:True:10,11:502,200
> 2:False:9,11:502,200
> 3:True:9,10:502,200
> 4:False:9,11:502,200
> 5:False:9,11:502,200
miconic-optimal-old-noisy/10/miconic_noisy_p01_hyp-2_10_3.tar.bz2:0.529968976974:0.07495178:0.53
> 0:False:8,10:502,200
> 1:False:10,12:502,200
> 2:False:9,11:502,200
> 3:False:9,12:502,200
> 4:True:9,10:502,200
> 5:False:9,11:502,200
miconic-optimal-old-noisy/10/miconic_noisy_p01_hyp-3_10_1.tar.bz2:0.525959014893:0.07152059:0.53
> 0:False:8,11:502,200
> 1:True:10,12:502,200
> 2:True:9,11:502,200
> 3:True:9,11:502,200
> 4:False:9,12:502,200
> 5:False:9,12:502,200
miconic-optimal-old-noisy/10/miconic_noisy_p01_hyp-3_10_2.tar.bz2:0.529024839401:0.07215041:0.54
> 0:True:8,11:502,200
> 1:True:10,13:502,200
> 2:True:9,12:502,200
> 3:True:9,12:502,200
> 4:True:9,12:502,200
> 5:True:9,12:502,200
miconic-optimal-old-noisy/10/miconic_noisy_p01_hyp-3_10_3.tar.bz2:0.527284860611:0.0738701:0.52
> 0:True:8,11:502,200
> 1:True:10,13:502,200
> 2:True:9,12:502,200
> 3:True:9,12:502,200
> 4:True:9,12:502,200
> 5:True:9,12:502,200
miconic-optimal-old-noisy/10/miconic_noisy_p01_hyp-4_10_1.tar.bz2:0.529186964035:0.07354863:0.53
> 0:True:8,10:502,200
> 1:False:10,13:502,200
> 2:True:9,11:502,200
> 3:True:9,11:502,200
> 4:False:9,12:502,200
> 5:True:9,11:502,200
miconic-optimal-old-noisy/10/miconic_noisy_p01_hyp-4_10_2.tar.bz2:0.522615909576:0.06993978:0.52
> 0:False:8,11:502,200
> 1:True:10,11:502,200
> 2:True:9,10:502,200
> 3:True:9,10:502,200
> 4:False:9,12:502,200
> 5:False:9,12:502,200
miconic-optimal-old-noisy/10/miconic_noisy_p01_hyp-4_10_3.tar.bz2:0.521655082703:0.06877191:0.52
> 0:False:8,10:502,200
> 1:True:10,11:502,200
> 2:False:9,11:502,200
> 3:True:9,10:502,200
> 4:True:9,10:502,200
> 5:True:9,10:502,200
miconic-optimal-old-noisy/10/miconic_noisy_p02_hyp-1_10_1.tar.bz2:0.472880125046:0.03885721:0.47
> 0:True:9,10:414,180
> 1:True:9,10:414,180
> 2:True:8,9:414,180
> 3:False:9,11:414,180
> 4:False:9,12:414,180
> 5:False:10,12:414,180
miconic-optimal-old-noisy/10/miconic_noisy_p02_hyp-1_10_2.tar.bz2:0.474278926849:0.03921016:0.47
> 0:True:9,11:414,180
> 1:True:9,11:414,180
> 2:False:8,11:414,180
> 3:False:9,12:414,180
> 4:True:9,11:414,180
> 5:True:10,12:414,180
miconic-optimal-old-noisy/10/miconic_noisy_p02_hyp-1_10_3.tar.bz2:0.472746133804:0.03844373:0.47
> 0:True:9,11:414,180
> 1:True:9,11:414,180
> 2:True:8,10:414,180
> 3:True:9,11:414,180
> 4:True:9,11:414,180
> 5:True:10,12:414,180
miconic-optimal-old-noisy/10/miconic_noisy_p02_hyp-2_10_1.tar.bz2:0.47319316864:0.0390256:0.48
> 0:True:9,10:414,180
> 1:True:9,10:414,180
> 2:False:8,10:414,180
> 3:False:9,11:414,180
> 4:True:9,10:414,180
> 5:True:10,11:414,180
miconic-optimal-old-noisy/10/miconic_noisy_p02_hyp-2_10_2.tar.bz2:0.475244045258:0.03896332:0.48
> 0:True:9,11:414,180
> 1:True:9,11:414,180
> 2:True:8,10:414,180
> 3:True:9,11:414,180
> 4:False:9,12:414,180
> 5:True:10,12:414,180
miconic-optimal-old-noisy/10/miconic_noisy_p02_hyp-2_10_3.tar.bz2:0.474449872971:0.03970114:0.47
> 0:False:9,12:414,180
> 1:True:9,11:414,180
> 2:True:8,10:414,180
> 3:True:9,11:414,180
> 4:True:9,11:414,180
> 5:True:10,12:414,180
miconic-optimal-old-noisy/10/miconic_noisy_p02_hyp-3_10_1.tar.bz2:0.47301697731:0.03908764:0.47
> 0:False:9,12:414,180
> 1:True:9,11:414,180
> 2:True:8,10:414,180
> 3:True:9,11:414,180
> 4:True:9,11:414,180
> 5:True:10,12:414,180
miconic-optimal-old-noisy/10/miconic_noisy_p02_hyp-3_10_2.tar.bz2:0.475188016891:0.03914945:0.47
> 0:True:9,11:414,180
> 1:False:9,12:414,180
> 2:True:8,10:414,180
> 3:True:9,11:414,180
> 4:False:9,12:414,180
> 5:False:10,13:414,180
miconic-optimal-old-noisy/10/miconic_noisy_p02_hyp-3_10_3.tar.bz2:0.473460912704:0.03940749:0.47
> 0:True:9,10:414,180
> 1:False:9,11:414,180
> 2:False:8,10:414,180
> 3:False:9,11:414,180
> 4:False:9,11:414,180
> 5:False:10,12:414,180
miconic-optimal-old-noisy/10/miconic_noisy_p02_hyp-4_10_1.tar.bz2:0.47335100174:0.03915178:0.47
> 0:True:9,10:414,180
> 1:True:9,10:414,180
> 2:True:8,9:414,180
> 3:True:9,10:414,180
> 4:True:9,10:414,180
> 5:True:10,11:414,180
miconic-optimal-old-noisy/10/miconic_noisy_p02_hyp-4_10_2.tar.bz2:0.471884012222:0.03895412:0.47
> 0:False:9,11:414,180
> 1:False:9,10:414,180
> 2:False:8,9:414,180
> 3:True:9,9:414,180
> 4:True:9,9:414,180
> 5:True:10,10:414,180
miconic-optimal-old-noisy/10/miconic_noisy_p02_hyp-4_10_3.tar.bz2:0.473186016083:0.03916237:0.49
> 0:True:9,10:414,180
> 1:False:9,11:414,180
> 2:False:8,10:414,180
> 3:False:9,11:414,180
> 4:False:9,11:414,180
> 5:False:10,12:414,180
miconic-optimal-old-noisy/10/miconic_noisy_p03_hyp-1_10_1.tar.bz2:0.417851209641:0.02061618:0.42
> 0:False:8,10:239,113
> 1:False:8,10:239,113
> 2:True:8,9:239,113
> 3:True:8,9:239,113
> 4:True:8,9:239,113
> 5:False:8,10:239,113
miconic-optimal-old-noisy/10/miconic_noisy_p03_hyp-1_10_2.tar.bz2:0.41810798645:0.02054846:0.42
> 0:True:8,11:239,113
> 1:True:8,11:239,113
> 2:True:8,11:239,113
> 3:True:8,11:239,113
> 4:True:8,11:239,113
> 5:True:8,11:239,113
miconic-optimal-old-noisy/10/miconic_noisy_p03_hyp-1_10_3.tar.bz2:0.419297933578:0.02061831:0.42
> 0:True:8,9:239,113
> 1:False:8,10:239,113
> 2:False:8,11:239,113
> 3:False:8,10:239,113
> 4:False:8,10:239,113
> 5:False:8,10:239,113
miconic-optimal-old-noisy/10/miconic_noisy_p03_hyp-2_10_1.tar.bz2:0.418387889862:0.0204747:0.43
> 0:False:8,10:239,113
> 1:False:8,9:239,113
> 2:False:8,9:239,113
> 3:False:8,9:239,113
> 4:True:8,8:239,113
> 5:False:8,10:239,113
miconic-optimal-old-noisy/10/miconic_noisy_p03_hyp-2_10_2.tar.bz2:0.418974876404:0.0206459:0.41
> 0:False:8,9:239,113
> 1:False:8,9:239,113
> 2:False:8,9:239,113
> 3:True:8,8:239,113
> 4:False:8,9:239,113
> 5:True:8,8:239,113
miconic-optimal-old-noisy/10/miconic_noisy_p03_hyp-2_10_3.tar.bz2:0.41836309433:0.02064274:0.42
> 0:False:8,10:239,113
> 1:True:8,9:239,113
> 2:False:8,10:239,113
> 3:True:8,9:239,113
> 4:False:8,10:239,113
> 5:True:8,9:239,113
miconic-optimal-old-noisy/10/miconic_noisy_p03_hyp-3_10_1.tar.bz2:0.420775175095:0.02077969:0.42
> 0:True:8,11:239,113
> 1:True:8,11:239,113
> 2:True:8,11:239,113
> 3:True:8,11:239,113
> 4:True:8,11:239,113
> 5:True:8,11:239,113
miconic-optimal-old-noisy/10/miconic_noisy_p03_hyp-3_10_2.tar.bz2:0.420479059219:0.02090247:0.43
> 0:True:8,8:239,113
> 1:False:8,10:239,113
> 2:False:8,9:239,113
> 3:False:8,10:239,113
> 4:False:8,9:239,113
> 5:False:8,9:239,113
miconic-optimal-old-noisy/10/miconic_noisy_p03_hyp-3_10_3.tar.bz2:0.420610904694:0.02071219:0.42
> 0:False:8,11:239,113
> 1:True:8,10:239,113
> 2:True:8,10:239,113
> 3:True:8,10:239,113
> 4:True:8,10:239,113
> 5:True:8,10:239,113
miconic-optimal-old-noisy/10/miconic_noisy_p03_hyp-4_10_1.tar.bz2:0.419023990631:0.02069889:0.41
> 0:True:8,9:239,113
> 1:False:8,10:239,113
> 2:False:8,11:239,113
> 3:False:8,10:239,113
> 4:False:8,10:239,113
> 5:False:8,10:239,113
miconic-optimal-old-noisy/10/miconic_noisy_p03_hyp-4_10_2.tar.bz2:0.419579982758:0.02047805:0.42
> 0:True:8,10:239,113
> 1:False:8,11:239,113
> 2:True:8,10:239,113
> 3:True:8,10:239,113
> 4:True:8,10:239,113
> 5:True:8,10:239,113
miconic-optimal-old-noisy/10/miconic_noisy_p03_hyp-4_10_3.tar.bz2:0.417062997818:0.02028961:0.42
> 0:False:8,10:239,113
> 1:False:8,10:239,113
> 2:True:8,9:239,113
> 3:True:8,9:239,113
> 4:True:8,9:239,113
> 5:True:8,9:239,113
miconic-optimal-old-noisy/30/miconic_noisy_p01_hyp-1_30_1.tar.bz2:0.526160955429:0.07034907:0.53
> 0:True:8,15:507,205
> 1:False:10,18:507,205
> 2:False:9,17:507,205
> 3:False:9,17:507,205
> 4:False:9,17:507,205
> 5:True:9,16:507,205
miconic-optimal-old-noisy/30/miconic_noisy_p01_hyp-1_30_2.tar.bz2:0.525346040726:0.06837553:0.52
> 0:False:8,13:507,205
> 1:False:10,16:507,205
> 2:True:9,13:507,205
> 3:False:9,15:507,205
> 4:False:9,14:507,205
> 5:False:9,14:507,205
miconic-optimal-old-noisy/30/miconic_noisy_p01_hyp-1_30_3.tar.bz2:0.521450996399:0.06772479:0.52
> 0:False:8,12:507,205
> 1:False:10,16:507,205
> 2:True:9,12:507,205
> 3:False:9,14:507,205
> 4:False:9,15:507,205
> 5:False:9,13:507,205
miconic-optimal-old-noisy/30/miconic_noisy_p01_hyp-2_30_1.tar.bz2:0.521350860596:0.06674819:0.52
> 0:False:8,13:505,203
> 1:True:10,14:505,203
> 2:False:9,14:505,203
> 3:True:9,13:505,203
> 4:False:9,14:505,203
> 5:True:9,13:505,203
miconic-optimal-old-noisy/30/miconic_noisy_p01_hyp-2_30_2.tar.bz2:0.521045923233:0.06721519:0.51
> 0:False:8,13:505,203
> 1:True:10,13:505,203
> 2:False:9,13:505,203
> 3:False:9,13:505,203
> 4:False:9,13:505,203
> 5:False:9,14:505,203
miconic-optimal-old-noisy/30/miconic_noisy_p01_hyp-2_30_3.tar.bz2:0.526393890381:0.07022121:0.52
> 0:False:8,14:505,203
> 1:True:10,13:505,203
> 2:False:9,14:505,203
> 3:False:9,13:505,203
> 4:False:9,13:505,203
> 5:False:9,14:505,203
miconic-optimal-old-noisy/30/miconic_noisy_p01_hyp-3_30_1.tar.bz2:0.523092985153:0.06950619:0.52
> 0:True:8,10:505,203
> 1:False:10,14:505,203
> 2:True:9,11:505,203
> 3:False:9,13:505,203
> 4:False:9,12:505,203
> 5:True:9,11:505,203
miconic-optimal-old-noisy/30/miconic_noisy_p01_hyp-3_30_2.tar.bz2:0.520695924759:0.06753933:0.51
> 0:False:8,11:505,203
> 1:False:10,12:505,203
> 2:True:9,10:505,203
> 3:True:9,10:505,203
> 4:False:9,12:505,203
> 5:False:9,11:505,203
miconic-optimal-old-noisy/30/miconic_noisy_p01_hyp-3_30_3.tar.bz2:0.528318881989:0.07400431:0.53
> 0:False:8,13:505,203
> 1:False:10,14:505,203
> 2:True:9,12:505,203
> 3:False:9,13:505,203
> 4:False:9,14:505,203
> 5:False:9,14:505,203
miconic-optimal-old-noisy/30/miconic_noisy_p01_hyp-4_30_1.tar.bz2:0.520875930786:0.06709828:0.53
> 0:True:8,12:505,203
> 1:True:10,14:505,203
> 2:True:9,13:505,203
> 3:True:9,13:505,203
> 4:False:9,14:505,203
> 5:True:9,13:505,203
miconic-optimal-old-noisy/30/miconic_noisy_p01_hyp-4_30_2.tar.bz2:0.521983146667:0.06866226:0.52
> 0:False:8,13:505,203
> 1:True:10,12:505,203
> 2:False:9,12:505,203
> 3:False:9,12:505,203
> 4:False:9,13:505,203
> 5:False:9,14:505,203
miconic-optimal-old-noisy/30/miconic_noisy_p01_hyp-4_30_3.tar.bz2:0.523571014404:0.06909006:0.52
> 0:False:8,13:505,203
> 1:False:10,14:505,203
> 2:True:9,12:505,203
> 3:True:9,12:505,203
> 4:False:9,15:505,203
> 5:False:9,14:505,203
miconic-optimal-old-noisy/30/miconic_noisy_p02_hyp-1_30_1.tar.bz2:0.472324848175:0.03854589:0.47
> 0:False:9,14:419,185
> 1:True:9,13:419,185
> 2:False:8,14:419,185
> 3:False:9,15:419,185
> 4:False:9,14:419,185
> 5:False:10,15:419,185
miconic-optimal-old-noisy/30/miconic_noisy_p02_hyp-1_30_2.tar.bz2:0.472683906555:0.03949912:0.46
> 0:True:9,14:419,185
> 1:True:9,14:419,185
> 2:False:8,15:419,185
> 3:False:9,16:419,185
> 4:True:9,14:419,185
> 5:False:10,16:419,185
miconic-optimal-old-noisy/30/miconic_noisy_p02_hyp-1_30_3.tar.bz2:0.47238612175:0.03820048:0.48
> 0:True:9,13:419,185
> 1:False:9,14:419,185
> 2:False:8,13:419,185
> 3:False:9,14:419,185
> 4:False:9,15:419,185
> 5:False:10,15:419,185
miconic-optimal-old-noisy/30/miconic_noisy_p02_hyp-2_30_1.tar.bz2:0.472868919373:0.03909872:0.47
> 0:False:9,14:419,185
> 1:True:9,13:419,185
> 2:False:8,13:419,185
> 3:False:9,15:419,185
> 4:False:9,15:419,185
> 5:False:10,16:419,185
miconic-optimal-old-noisy/30/miconic_noisy_p02_hyp-2_30_2.tar.bz2:0.47264790535:0.03917998:0.47
> 0:False:9,14:419,185
> 1:True:9,11:419,185
> 2:False:8,12:419,185
> 3:False:9,14:419,185
> 4:False:9,13:419,185
> 5:False:10,14:419,185
miconic-optimal-old-noisy/30/miconic_noisy_p02_hyp-2_30_3.tar.bz2:0.472441196442:0.03933723:0.48
> 0:False:9,15:419,185
> 1:True:9,14:419,185
> 2:False:8,14:419,185
> 3:False:9,15:419,185
> 4:True:9,14:419,185
> 5:False:10,16:419,185
miconic-optimal-old-noisy/30/miconic_noisy_p02_hyp-3_30_1.tar.bz2:0.471893787384:0.03881449:0.47
> 0:False:9,12:419,185
> 1:False:9,12:419,185
> 2:True:8,10:419,185
> 3:False:9,12:419,185
> 4:False:9,13:419,185
> 5:False:10,14:419,185
miconic-optimal-old-noisy/30/miconic_noisy_p02_hyp-3_30_2.tar.bz2:0.473789930344:0.03947419:0.48
> 0:False:9,17:419,185
> 1:False:9,17:419,185
> 2:True:8,15:419,185
> 3:True:9,16:419,185
> 4:True:9,16:419,185
> 5:True:10,17:419,185
miconic-optimal-old-noisy/30/miconic_noisy_p02_hyp-3_30_3.tar.bz2:0.47403717041:0.0390358:0.48
> 0:False:9,15:419,185
> 1:True:9,14:419,185
> 2:True:8,13:419,185
> 3:True:9,14:419,185
> 4:True:9,14:419,185
> 5:False:10,16:419,185
miconic-optimal-old-noisy/30/miconic_noisy_p02_hyp-4_30_1.tar.bz2:0.475179195404:0.03984394:0.48
> 0:False:9,14:419,185
> 1:False:9,15:419,185
> 2:False:8,13:419,185
> 3:True:9,13:419,185
> 4:True:9,13:419,185
> 5:True:10,14:419,185
miconic-optimal-old-noisy/30/miconic_noisy_p02_hyp-4_30_2.tar.bz2:0.474369049072:0.03960434:0.47
> 0:False:9,16:419,185
> 1:False:9,16:419,185
> 2:True:8,13:419,185
> 3:True:9,14:419,185
> 4:False:9,15:419,185
> 5:False:10,16:419,185
miconic-optimal-old-noisy/30/miconic_noisy_p02_hyp-4_30_3.tar.bz2:0.474457979202:0.03958395:0.47
> 0:False:9,15:419,185
> 1:False:9,16:419,185
> 2:False:8,15:419,185
> 3:False:9,15:419,185
> 4:True:9,14:419,185
> 5:True:10,15:419,185
miconic-optimal-old-noisy/30/miconic_noisy_p03_hyp-1_30_1.tar.bz2:0.420562028885:0.02061384:0.42
> 0:True:8,11:242,116
> 1:False:8,12:242,116
> 2:True:8,11:242,116
> 3:False:8,12:242,116
> 4:True:8,11:242,116
> 5:True:8,11:242,116
miconic-optimal-old-noisy/30/miconic_noisy_p03_hyp-1_30_2.tar.bz2:0.418533086777:0.0207763:0.41
> 0:True:8,11:242,116
> 1:True:8,11:242,116
> 2:False:8,12:242,116
> 3:False:8,13:242,116
> 4:False:8,14:242,116
> 5:True:8,11:242,116
miconic-optimal-old-noisy/30/miconic_noisy_p03_hyp-1_30_3.tar.bz2:0.420400857925:0.02073112:0.43
> 0:True:8,11:242,116
> 1:False:8,13:242,116
> 2:False:8,13:242,116
> 3:False:8,12:242,116
> 4:False:8,12:242,116
> 5:False:8,12:242,116
miconic-optimal-old-noisy/30/miconic_noisy_p03_hyp-2_30_1.tar.bz2:0.420151948929:0.02078282:0.42
> 0:False:8,13:242,116
> 1:False:8,13:242,116
> 2:True:8,12:242,116
> 3:True:8,12:242,116
> 4:True:8,12:242,116
> 5:False:8,13:242,116
miconic-optimal-old-noisy/30/miconic_noisy_p03_hyp-2_30_2.tar.bz2:0.420260906219:0.02051839:0.41
> 0:False:8,13:242,116
> 1:False:8,11:242,116
> 2:True:8,10:242,116
> 3:True:8,10:242,116
> 4:True:8,10:242,116
> 5:False:8,12:242,116
miconic-optimal-old-noisy/30/miconic_noisy_p03_hyp-2_30_3.tar.bz2:0.420345067978:0.02067656:0.42
> 0:False:8,13:242,116
> 1:False:8,11:242,116
> 2:True:8,10:242,116
> 3:True:8,10:242,116
> 4:True:8,10:242,116
> 5:False:8,11:242,116
miconic-optimal-old-noisy/30/miconic_noisy_p03_hyp-3_30_1.tar.bz2:0.41938495636:0.0203921:0.43
> 0:False:8,13:242,116
> 1:True:8,11:242,116
> 2:True:8,11:242,116
> 3:False:8,12:242,116
> 4:False:8,12:242,116
> 5:False:8,12:242,116
miconic-optimal-old-noisy/30/miconic_noisy_p03_hyp-3_30_2.tar.bz2:0.416970968246:0.02045188:0.42
> 0:False:8,12:242,116
> 1:False:8,11:242,116
> 2:True:8,10:242,116
> 3:False:8,11:242,116
> 4:False:8,11:242,116
> 5:False:8,11:242,116
miconic-optimal-old-noisy/30/miconic_noisy_p03_hyp-3_30_3.tar.bz2:0.418370962143:0.02056569:0.41
> 0:True:8,11:242,116
> 1:False:8,12:242,116
> 2:False:8,12:242,116
> 3:False:8,14:242,116
> 4:False:8,13:242,116
> 5:False:8,12:242,116
miconic-optimal-old-noisy/30/miconic_noisy_p03_hyp-4_30_1.tar.bz2:0.419742107391:0.0205124:0.42
> 0:True:8,11:242,116
> 1:False:8,12:242,116
> 2:False:8,13:242,116
> 3:True:8,11:242,116
> 4:False:8,13:242,116
> 5:True:8,11:242,116
miconic-optimal-old-noisy/30/miconic_noisy_p03_hyp-4_30_2.tar.bz2:0.419529914856:0.02075918:0.41
> 0:False:8,10:242,116
> 1:False:8,11:242,116
> 2:False:8,11:242,116
> 3:True:8,9:242,116
> 4:False:8,11:242,116
> 5:True:8,9:242,116
miconic-optimal-old-noisy/30/miconic_noisy_p03_hyp-4_30_3.tar.bz2:0.420337915421:0.02058805:0.43
> 0:False:8,13:242,116
> 1:True:8,11:242,116
> 2:False:8,12:242,116
> 3:True:8,11:242,116
> 4:False:8,12:242,116
> 5:False:8,12:242,116
miconic-optimal-old-noisy/50/miconic_noisy_p01_hyp-1_50_1.tar.bz2:0.523279905319:0.06814403:0.52
> 0:True:8,15:510,208
> 1:False:10,19:510,208
> 2:True:9,16:510,208
> 3:False:9,17:510,208
> 4:False:9,19:510,208
> 5:True:9,16:510,208
miconic-optimal-old-noisy/50/miconic_noisy_p01_hyp-1_50_2.tar.bz2:0.521437883377:0.06631669:0.53
> 0:True:8,14:510,208
> 1:False:10,17:510,208
> 2:False:9,16:510,208
> 3:True:9,15:510,208
> 4:False:9,18:510,208
> 5:False:9,16:510,208
miconic-optimal-old-noisy/50/miconic_noisy_p01_hyp-1_50_3.tar.bz2:0.520541906357:0.06472275:0.52
> 0:True:8,11:510,208
> 1:False:10,18:510,208
> 2:False:9,14:510,208
> 3:False:9,16:510,208
> 4:False:9,15:510,208
> 5:False:9,13:510,208
miconic-optimal-old-noisy/50/miconic_noisy_p01_hyp-2_50_1.tar.bz2:0.521202087402:0.06863456:0.52
> 0:False:8,16:509,207
> 1:True:10,14:509,207
> 2:False:9,17:509,207
> 3:False:9,15:509,207
> 4:False:9,14:509,207
> 5:False:9,17:509,207
miconic-optimal-old-noisy/50/miconic_noisy_p01_hyp-2_50_2.tar.bz2:0.522309064865:0.06821208:0.53
> 0:False:8,15:509,207
> 1:True:10,14:509,207
> 2:False:9,16:509,207
> 3:True:9,13:509,207
> 4:False:9,15:509,207
> 5:False:9,15:509,207
miconic-optimal-old-noisy/50/miconic_noisy_p01_hyp-2_50_3.tar.bz2:0.519762992859:0.06589673:0.51
> 0:False:8,16:509,207
> 1:True:10,15:509,207
> 2:False:9,17:509,207
> 3:False:9,16:509,207
> 4:False:9,16:509,207
> 5:False:9,18:509,207
miconic-optimal-old-noisy/50/miconic_noisy_p01_hyp-3_50_1.tar.bz2:0.525155067444:0.07089654:0.53
> 0:False:8,15:509,207
> 1:False:10,18:509,207
> 2:True:9,15:509,207
> 3:False:9,17:509,207
> 4:False:9,16:509,207
> 5:False:9,16:509,207
miconic-optimal-old-noisy/50/miconic_noisy_p01_hyp-3_50_2.tar.bz2:0.521534919739:0.06710035:0.53
> 0:False:8,15:509,207
> 1:False:10,18:509,207
> 2:True:9,15:509,207
> 3:False:9,16:509,207
> 4:False:9,17:509,207
> 5:False:9,16:509,207
miconic-optimal-old-noisy/50/miconic_noisy_p01_hyp-3_50_3.tar.bz2:0.5219810009:0.06785111:0.52
> 0:False:8,14:509,207
> 1:False:10,17:509,207
> 2:True:9,14:509,207
> 3:False:9,15:509,207
> 4:False:9,17:509,207
> 5:False:9,15:509,207
miconic-optimal-old-noisy/50/miconic_noisy_p01_hyp-4_50_1.tar.bz2:0.522784948349:0.06923497:0.52
> 0:False:8,17:509,207
> 1:True:10,15:509,207
> 2:False:9,17:509,207
> 3:True:9,14:509,207
> 4:False:9,16:509,207
> 5:False:9,17:509,207
miconic-optimal-old-noisy/50/miconic_noisy_p01_hyp-4_50_2.tar.bz2:0.523252010345:0.06760454:0.53
> 0:False:8,16:509,207
> 1:True:10,15:509,207
> 2:False:9,15:509,207
> 3:True:9,14:509,207
> 4:False:9,16:509,207
> 5:False:9,16:509,207
miconic-optimal-old-noisy/50/miconic_noisy_p01_hyp-4_50_3.tar.bz2:0.521770954132:0.06720216:0.53
> 0:False:8,16:509,207
> 1:False:10,16:509,207
> 2:False:9,15:509,207
> 3:True:9,14:509,207
> 4:False:9,17:509,207
> 5:False:9,16:509,207
miconic-optimal-old-noisy/50/miconic_noisy_p02_hyp-1_50_1.tar.bz2:0.470770120621:0.03789375:0.47
> 0:True:9,16:422,188
> 1:False:9,18:422,188
> 2:False:8,17:422,188
> 3:False:9,17:422,188
> 4:False:9,17:422,188
> 5:False:10,18:422,188
miconic-optimal-old-noisy/50/miconic_noisy_p02_hyp-1_50_2.tar.bz2:0.471415042877:0.03953685:0.47
> 0:True:9,16:422,188
> 1:False:9,17:422,188
> 2:False:8,17:422,188
> 3:False:9,17:422,188
> 4:False:9,17:422,188
> 5:False:10,18:422,188
miconic-optimal-old-noisy/50/miconic_noisy_p02_hyp-1_50_3.tar.bz2:0.473168849945:0.03886931:0.48
> 0:True:9,15:422,188
> 1:False:9,16:422,188
> 2:False:8,15:422,188
> 3:False:9,17:422,188
> 4:False:9,17:422,188
> 5:False:10,19:422,188
miconic-optimal-old-noisy/50/miconic_noisy_p02_hyp-2_50_1.tar.bz2:0.474647045135:0.03990208:0.47
> 0:False:9,17:422,188
> 1:True:9,16:422,188
> 2:True:8,15:422,188
> 3:False:9,17:422,188
> 4:False:9,18:422,188
> 5:False:10,19:422,188
miconic-optimal-old-noisy/50/miconic_noisy_p02_hyp-2_50_2.tar.bz2:0.472141027451:0.03906968:0.48
> 0:False:9,16:422,188
> 1:True:9,15:422,188
> 2:False:8,16:422,188
> 3:False:9,16:422,188
> 4:True:9,15:422,188
> 5:True:10,16:422,188
miconic-optimal-old-noisy/50/miconic_noisy_p02_hyp-2_50_3.tar.bz2:0.47305893898:0.03960615:0.47
> 0:True:9,15:422,188
> 1:True:9,15:422,188
> 2:False:8,16:422,188
> 3:False:9,16:422,188
> 4:True:9,15:422,188
> 5:True:10,16:422,188
miconic-optimal-old-noisy/50/miconic_noisy_p02_hyp-3_50_1.tar.bz2:0.472445964813:0.03908235:0.48
> 0:True:9,17:422,188
> 1:True:9,17:422,188
> 2:True:8,16:422,188
> 3:True:9,17:422,188
> 4:True:9,17:422,188
> 5:True:10,18:422,188
miconic-optimal-old-noisy/50/miconic_noisy_p02_hyp-3_50_2.tar.bz2:0.473521947861:0.0398804:0.47
> 0:True:9,18:422,188
> 1:True:9,18:422,188
> 2:True:8,17:422,188
> 3:True:9,18:422,188
> 4:True:9,18:422,188
> 5:True:10,19:422,188
miconic-optimal-old-noisy/50/miconic_noisy_p02_hyp-3_50_3.tar.bz2:0.471255064011:0.03916523:0.47
> 0:False:9,18:422,188
> 1:True:9,17:422,188
> 2:True:8,16:422,188
> 3:False:9,18:422,188
> 4:False:9,18:422,188
> 5:False:10,19:422,188
miconic-optimal-old-noisy/50/miconic_noisy_p02_hyp-4_50_1.tar.bz2:0.474271059036:0.03966027:0.48
> 0:False:9,19:423,189
> 1:False:9,21:423,189
> 2:False:8,18:423,189
> 3:True:9,18:423,189
> 4:False:9,19:423,189
> 5:False:10,20:423,189
miconic-optimal-old-noisy/50/miconic_noisy_p02_hyp-4_50_2.tar.bz2:0.474978208542:0.03985801:0.47
> 0:False:9,18:423,189
> 1:False:9,19:423,189
> 2:False:8,16:423,189
> 3:True:9,16:423,189
> 4:False:9,17:423,189
> 5:False:10,19:423,189
miconic-optimal-old-noisy/50/miconic_noisy_p02_hyp-4_50_3.tar.bz2:0.473200798035:0.03981084:0.48
> 0:False:9,17:423,189
> 1:False:9,18:423,189
> 2:False:8,17:423,189
> 3:False:9,16:423,189
> 4:True:9,15:423,189
> 5:False:10,17:423,189
miconic-optimal-old-noisy/50/miconic_noisy_p03_hyp-1_50_1.tar.bz2:0.418709993362:0.02080293:0.42
> 0:True:8,13:246,120
> 1:False:8,15:246,120
> 2:False:8,14:246,120
> 3:False:8,14:246,120
> 4:False:8,14:246,120
> 5:True:8,13:246,120
miconic-optimal-old-noisy/50/miconic_noisy_p03_hyp-1_50_2.tar.bz2:0.420488834381:0.02080748:0.43
> 0:True:8,13:246,120
> 1:False:8,17:246,120
> 2:False:8,16:246,120
> 3:False:8,15:246,120
> 4:False:8,14:246,120
> 5:False:8,15:246,120
miconic-optimal-old-noisy/50/miconic_noisy_p03_hyp-1_50_3.tar.bz2:0.42161488533:0.02103031:0.42
> 0:True:8,12:246,120
> 1:False:8,14:246,120
> 2:False:8,14:246,120
> 3:False:8,13:246,120
> 4:False:8,14:246,120
> 5:True:8,12:246,120
miconic-optimal-old-noisy/50/miconic_noisy_p03_hyp-2_50_1.tar.bz2:0.420912981033:0.02082554:0.42
> 0:False:8,14:246,120
> 1:True:8,13:246,120
> 2:False:8,15:246,120
> 3:False:8,14:246,120
> 4:False:8,15:246,120
> 5:False:8,14:246,120
miconic-optimal-old-noisy/50/miconic_noisy_p03_hyp-2_50_2.tar.bz2:0.420501947403:0.02084551:0.42
> 0:False:8,14:246,120
> 1:False:8,14:246,120
> 2:False:8,15:246,120
> 3:True:8,13:246,120
> 4:False:8,14:246,120
> 5:False:8,14:246,120
miconic-optimal-old-noisy/50/miconic_noisy_p03_hyp-2_50_3.tar.bz2:0.421132087708:0.02081488:0.42
> 0:False:8,15:246,120
> 1:True:8,14:246,120
> 2:True:8,14:246,120
> 3:True:8,14:246,120
> 4:False:8,15:246,120
> 5:True:8,14:246,120
miconic-optimal-old-noisy/50/miconic_noisy_p03_hyp-3_50_1.tar.bz2:0.420089006424:0.02079808:0.41
> 0:False:8,15:246,120
> 1:False:8,15:246,120
> 2:True:8,14:246,120
> 3:False:8,15:246,120
> 4:True:8,14:246,120
> 5:True:8,14:246,120
miconic-optimal-old-noisy/50/miconic_noisy_p03_hyp-3_50_2.tar.bz2:0.419378995895:0.02055228:0.42
> 0:False:8,15:246,120
> 1:True:8,13:246,120
> 2:True:8,13:246,120
> 3:False:8,15:246,120
> 4:False:8,14:246,120
> 5:False:8,15:246,120
miconic-optimal-old-noisy/50/miconic_noisy_p03_hyp-3_50_3.tar.bz2:0.419507980347:0.02055581:0.43
> 0:False:8,15:246,120
> 1:False:8,15:246,120
> 2:True:8,14:246,120
> 3:False:8,15:246,120
> 4:True:8,14:246,120
> 5:False:8,15:246,120
miconic-optimal-old-noisy/50/miconic_noisy_p03_hyp-4_50_1.tar.bz2:0.419523954391:0.02062891:0.42
> 0:False:8,13:245,119
> 1:False:8,14:245,119
> 2:False:8,14:245,119
> 3:True:8,12:245,119
> 4:False:8,14:245,119
> 5:True:8,12:245,119
miconic-optimal-old-noisy/50/miconic_noisy_p03_hyp-4_50_2.tar.bz2:0.418509960175:0.02072415:0.43
> 0:False:8,14:245,119
> 1:False:8,13:245,119
> 2:False:8,14:245,119
> 3:True:8,12:245,119
> 4:False:8,14:245,119
> 5:False:8,13:245,119
miconic-optimal-old-noisy/50/miconic_noisy_p03_hyp-4_50_3.tar.bz2:0.42094707489:0.02077569:0.42
> 0:False:8,13:245,119
> 1:False:8,13:245,119
> 2:False:8,13:245,119
> 3:True:8,11:245,119
> 4:False:8,13:245,119
> 5:False:8,12:245,119
miconic-optimal-old-noisy/70/miconic_noisy_p01_hyp-1_70_1.tar.bz2:0.522602081299:0.06875735:0.53
> 0:True:8,15:514,212
> 1:False:10,20:514,212
> 2:False:9,18:514,212
> 3:False:9,19:514,212
> 4:False:9,17:514,212
> 5:True:9,16:514,212
miconic-optimal-old-noisy/70/miconic_noisy_p01_hyp-1_70_2.tar.bz2:0.527620792389:0.06997215:0.52
> 0:True:8,16:514,212
> 1:False:10,22:514,212
> 2:False:9,19:514,212
> 3:False:9,20:514,212
> 4:False:9,20:514,212
> 5:False:9,18:514,212
miconic-optimal-old-noisy/70/miconic_noisy_p01_hyp-1_70_3.tar.bz2:0.523761034012:0.06911667:0.52
> 0:False:8,17:514,212
> 1:False:10,21:514,212
> 2:False:9,18:514,212
> 3:False:9,19:514,212
> 4:False:9,20:514,212
> 5:True:9,17:514,212
miconic-optimal-old-noisy/70/miconic_noisy_p01_hyp-2_70_1.tar.bz2:0.522076845169:0.06777324:0.52
> 0:False:8,21:514,212
> 1:True:10,18:514,212
> 2:False:9,20:514,212
> 3:False:9,18:514,212
> 4:False:9,20:514,212
> 5:False:9,20:514,212
miconic-optimal-old-noisy/70/miconic_noisy_p01_hyp-2_70_2.tar.bz2:0.5231320858:0.06844288:0.53
> 0:False:8,20:514,212
> 1:True:10,18:514,212
> 2:False:9,21:514,212
> 3:False:9,18:514,212
> 4:False:9,19:514,212
> 5:False:9,20:514,212
miconic-optimal-old-noisy/70/miconic_noisy_p01_hyp-2_70_3.tar.bz2:0.524749994278:0.0698078:0.52
> 0:False:8,22:514,212
> 1:True:10,18:514,212
> 2:False:9,21:514,212
> 3:False:9,19:514,212
> 4:False:9,19:514,212
> 5:False:9,21:514,212
miconic-optimal-old-noisy/70/miconic_noisy_p01_hyp-3_70_1.tar.bz2:0.524808883667:0.06929033:0.53
> 0:False:8,17:514,212
> 1:False:10,20:514,212
> 2:True:9,15:514,212
> 3:False:9,18:514,212
> 4:False:9,20:514,212
> 5:False:9,18:514,212
miconic-optimal-old-noisy/70/miconic_noisy_p01_hyp-3_70_2.tar.bz2:0.52187204361:0.06715522:0.52
> 0:False:8,17:514,212
> 1:False:10,19:514,212
> 2:True:9,15:514,212
> 3:False:9,17:514,212
> 4:False:9,19:514,212
> 5:False:9,17:514,212
miconic-optimal-old-noisy/70/miconic_noisy_p01_hyp-3_70_3.tar.bz2:0.518010854721:0.06441771:0.52
> 0:False:8,17:514,212
> 1:False:10,20:514,212
> 2:True:9,15:514,212
> 3:False:9,18:514,212
> 4:False:9,20:514,212
> 5:False:9,18:514,212
miconic-optimal-old-noisy/70/miconic_noisy_p01_hyp-4_70_1.tar.bz2:0.522707939148:0.06758806:0.51
> 0:False:8,19:514,212
> 1:True:10,17:514,212
> 2:False:9,19:514,212
> 3:True:9,16:514,212
> 4:False:9,19:514,212
> 5:False:9,19:514,212
miconic-optimal-old-noisy/70/miconic_noisy_p01_hyp-4_70_2.tar.bz2:0.517158985138:0.06386729:0.51
> 0:False:8,19:514,212
> 1:False:10,19:514,212
> 2:False:9,19:514,212
> 3:True:9,17:514,212
> 4:False:9,21:514,212
> 5:False:9,20:514,212
miconic-optimal-old-noisy/70/miconic_noisy_p01_hyp-4_70_3.tar.bz2:0.523645877838:0.0669413:0.52
> 0:False:8,18:514,212
> 1:True:10,18:514,212
> 2:False:9,19:514,212
> 3:True:9,17:514,212
> 4:False:9,18:514,212
> 5:False:9,18:514,212
miconic-optimal-old-noisy/70/miconic_noisy_p02_hyp-1_70_1.tar.bz2:0.472506046295:0.03852635:0.47
> 0:True:9,18:427,193
> 1:False:9,20:427,193
> 2:False:8,18:427,193
> 3:False:9,19:427,193
> 4:False:9,20:427,193
> 5:False:10,22:427,193
miconic-optimal-old-noisy/70/miconic_noisy_p02_hyp-1_70_2.tar.bz2:0.473060131073:0.03857205:0.47
> 0:True:9,17:427,193
> 1:False:9,19:427,193
> 2:False:8,18:427,193
> 3:False:9,19:427,193
> 4:False:9,19:427,193
> 5:False:10,21:427,193
miconic-optimal-old-noisy/70/miconic_noisy_p02_hyp-1_70_3.tar.bz2:0.474579811096:0.03895369:0.48
> 0:True:9,17:427,193
> 1:False:9,21:427,193
> 2:False:8,19:427,193
> 3:False:9,19:427,193
> 4:False:9,20:427,193
> 5:False:10,22:427,193
miconic-optimal-old-noisy/70/miconic_noisy_p02_hyp-2_70_1.tar.bz2:0.47491312027:0.03918253:0.48
> 0:False:9,21:426,192
> 1:True:9,18:426,192
> 2:False:8,21:426,192
> 3:False:9,22:426,192
> 4:False:9,20:426,192
> 5:True:10,19:426,192
miconic-optimal-old-noisy/70/miconic_noisy_p02_hyp-2_70_2.tar.bz2:0.470915079117:0.03932775:0.47
> 0:False:9,19:426,192
> 1:True:9,16:426,192
> 2:False:8,19:426,192
> 3:False:9,21:426,192
> 4:False:9,19:426,192
> 5:False:10,19:426,192
miconic-optimal-old-noisy/70/miconic_noisy_p02_hyp-2_70_3.tar.bz2:0.470046043396:0.03780145:0.47
> 0:False:9,21:426,192
> 1:True:9,17:426,192
> 2:False:8,19:426,192
> 3:False:9,21:426,192
> 4:False:9,20:426,192
> 5:False:10,19:426,192
miconic-optimal-old-noisy/70/miconic_noisy_p02_hyp-3_70_1.tar.bz2:0.472883939743:0.03951944:0.48
> 0:False:9,20:427,193
> 1:False:9,20:427,193
> 2:True:8,17:427,193
> 3:False:9,19:427,193
> 4:False:9,20:427,193
> 5:False:10,22:427,193
miconic-optimal-old-noisy/70/miconic_noisy_p02_hyp-3_70_2.tar.bz2:0.47151184082:0.03846701:0.48
> 0:False:9,21:427,193
> 1:False:9,20:427,193
> 2:True:8,18:427,193
> 3:False:9,20:427,193
> 4:False:9,21:427,193
> 5:False:10,23:427,193
miconic-optimal-old-noisy/70/miconic_noisy_p02_hyp-3_70_3.tar.bz2:0.474729061127:0.04016451:0.47
> 0:False:9,21:427,193
> 1:False:9,21:427,193
> 2:True:8,19:427,193
> 3:True:9,20:427,193
> 4:False:9,21:427,193
> 5:False:10,23:427,193
miconic-optimal-old-noisy/70/miconic_noisy_p02_hyp-4_70_1.tar.bz2:0.473621845245:0.03987921:0.47
> 0:False:9,21:428,194
> 1:False:9,21:428,194
> 2:False:8,19:428,194
> 3:True:9,19:428,194
> 4:False:9,20:428,194
> 5:False:10,21:428,194
miconic-optimal-old-noisy/70/miconic_noisy_p02_hyp-4_70_2.tar.bz2:0.472431898117:0.03962123:0.48
> 0:False:9,22:428,194
> 1:False:9,21:428,194
> 2:False:8,20:428,194
> 3:True:9,20:428,194
> 4:True:9,20:428,194
> 5:True:10,21:428,194
miconic-optimal-old-noisy/70/miconic_noisy_p02_hyp-4_70_3.tar.bz2:0.473830938339:0.03882788:0.47
> 0:False:9,21:428,194
> 1:False:9,21:428,194
> 2:False:8,19:428,194
> 3:True:9,19:428,194
> 4:False:9,20:428,194
> 5:True:10,20:428,194
miconic-optimal-old-noisy/70/miconic_noisy_p03_hyp-1_70_1.tar.bz2:0.420588970184:0.02091835:0.43
> 0:True:8,15:250,124
> 1:False:8,19:250,124
> 2:False:8,18:250,124
> 3:False:8,19:250,124
> 4:False:8,18:250,124
> 5:False:8,17:250,124
miconic-optimal-old-noisy/70/miconic_noisy_p03_hyp-1_70_2.tar.bz2:0.416912078857:0.02050678:0.42
> 0:True:8,16:250,124
> 1:False:8,19:250,124
> 2:False:8,18:250,124
> 3:False:8,19:250,124
> 4:False:8,19:250,124
> 5:False:8,17:250,124
miconic-optimal-old-noisy/70/miconic_noisy_p03_hyp-1_70_3.tar.bz2:0.42062497139:0.02084058:0.42
> 0:True:8,17:250,124
> 1:False:8,19:250,124
> 2:True:8,17:250,124
> 3:False:8,19:250,124
> 4:False:8,18:250,124
> 5:False:8,18:250,124
miconic-optimal-old-noisy/70/miconic_noisy_p03_hyp-2_70_1.tar.bz2:0.421308040619:0.0211323:0.42
> 0:False:8,17:250,124
> 1:True:8,15:250,124
> 2:False:8,16:250,124
> 3:False:8,16:250,124
> 4:False:8,18:250,124
> 5:False:8,16:250,124
miconic-optimal-old-noisy/70/miconic_noisy_p03_hyp-2_70_2.tar.bz2:0.420298099518:0.0208145:0.43
> 0:False:8,18:250,124
> 1:True:8,16:250,124
> 2:False:8,17:250,124
> 3:True:8,16:250,124
> 4:False:8,18:250,124
> 5:True:8,16:250,124
miconic-optimal-old-noisy/70/miconic_noisy_p03_hyp-2_70_3.tar.bz2:0.41724395752:0.02045955:0.41
> 0:False:8,18:250,124
> 1:True:8,16:250,124
> 2:True:8,16:250,124
> 3:True:8,16:250,124
> 4:True:8,16:250,124
> 5:False:8,17:250,124
miconic-optimal-old-noisy/70/miconic_noisy_p03_hyp-3_70_1.tar.bz2:0.419881105423:0.02099542:0.43
> 0:False:8,18:250,124
> 1:False:8,17:250,124
> 2:True:8,16:250,124
> 3:False:8,18:250,124
> 4:False:8,17:250,124
> 5:False:8,18:250,124
miconic-optimal-old-noisy/70/miconic_noisy_p03_hyp-3_70_2.tar.bz2:0.419519901276:0.02085918:0.42
> 0:False:8,18:250,124
> 1:False:8,17:250,124
> 2:True:8,15:250,124
> 3:False:8,17:250,124
> 4:False:8,17:250,124
> 5:False:8,16:250,124
miconic-optimal-old-noisy/70/miconic_noisy_p03_hyp-3_70_3.tar.bz2:0.420827865601:0.02099197:0.43
> 0:False:8,18:250,124
> 1:False:8,18:250,124
> 2:True:8,16:250,124
> 3:False:8,18:250,124
> 4:False:8,18:250,124
> 5:False:8,17:250,124
miconic-optimal-old-noisy/70/miconic_noisy_p03_hyp-4_70_1.tar.bz2:0.419530153275:0.02096521:0.41
> 0:False:8,17:248,122
> 1:False:8,16:248,122
> 2:False:8,15:248,122
> 3:True:8,14:248,122
> 4:False:8,15:248,122
> 5:False:8,16:248,122
miconic-optimal-old-noisy/70/miconic_noisy_p03_hyp-4_70_2.tar.bz2:0.418695926666:0.02049969:0.42
> 0:False:8,18:248,122
> 1:False:8,16:248,122
> 2:False:8,16:248,122
> 3:True:8,15:248,122
> 4:False:8,16:248,122
> 5:False:8,16:248,122
miconic-optimal-old-noisy/70/miconic_noisy_p03_hyp-4_70_3.tar.bz2:0.419924974442:0.02076631:0.42
> 0:False:8,16:248,122
> 1:False:8,15:248,122
> 2:False:8,15:248,122
> 3:True:8,13:248,122
> 4:False:8,15:248,122
> 5:False:8,15:248,122
miconic-optimal-old-noisy/100/miconic_noisy_p01_hyp-1_full_1.tar.bz2:0.521244049072:0.0697111:0.51
> 0:True:8,21:520,218
> 1:False:10,26:520,218
> 2:False:9,23:520,218
> 3:False:9,25:520,218
> 4:False:9,24:520,218
> 5:False:9,23:520,218
miconic-optimal-old-noisy/100/miconic_noisy_p01_hyp-1_full_2.tar.bz2:0.522997140884:0.06894433:0.52
> 0:True:8,21:520,218
> 1:False:10,26:520,218
> 2:False:9,23:520,218
> 3:False:9,24:520,218
> 4:False:9,24:520,218
> 5:True:9,22:520,218
miconic-optimal-old-noisy/100/miconic_noisy_p01_hyp-1_full_3.tar.bz2:0.522200107574:0.06716897:0.51
> 0:True:8,21:520,218
> 1:False:10,26:520,218
> 2:False:9,23:520,218
> 3:False:9,25:520,218
> 4:False:9,24:520,218
> 5:False:9,23:520,218
miconic-optimal-old-noisy/100/miconic_noisy_p01_hyp-2_full_1.tar.bz2:0.520640850067:0.06668865:0.52
> 0:False:8,25:519,217
> 1:True:10,20:519,217
> 2:False:9,24:519,217
> 3:False:9,21:519,217
> 4:False:9,23:519,217
> 5:False:9,25:519,217
miconic-optimal-old-noisy/100/miconic_noisy_p01_hyp-2_full_2.tar.bz2:0.521067142487:0.0659919:0.52
> 0:False:8,25:519,217
> 1:True:10,20:519,217
> 2:False:9,24:519,217
> 3:False:9,21:519,217
> 4:False:9,23:519,217
> 5:False:9,25:519,217
miconic-optimal-old-noisy/100/miconic_noisy_p01_hyp-2_full_3.tar.bz2:0.519936084747:0.06621489:0.52
> 0:False:8,25:519,217
> 1:True:10,20:519,217
> 2:False:9,24:519,217
> 3:False:9,21:519,217
> 4:False:9,23:519,217
> 5:False:9,25:519,217
miconic-optimal-old-noisy/100/miconic_noisy_p01_hyp-3_full_1.tar.bz2:0.52005314827:0.06623708:0.53
> 0:False:8,22:519,217
> 1:False:10,25:519,217
> 2:True:9,20:519,217
> 3:False:9,23:519,217
> 4:False:9,25:519,217
> 5:False:9,23:519,217
miconic-optimal-old-noisy/100/miconic_noisy_p01_hyp-3_full_2.tar.bz2:0.521152973175:0.06739434:0.52
> 0:False:8,22:519,217
> 1:False:10,24:519,217
> 2:True:9,20:519,217
> 3:False:9,22:519,217
> 4:False:9,24:519,217
> 5:False:9,22:519,217
miconic-optimal-old-noisy/100/miconic_noisy_p01_hyp-3_full_3.tar.bz2:0.520208835602:0.0666776:0.53
> 0:False:8,22:519,217
> 1:False:10,25:519,217
> 2:True:9,20:519,217
> 3:False:9,23:519,217
> 4:False:9,25:519,217
> 5:False:9,23:519,217
miconic-optimal-old-noisy/100/miconic_noisy_p01_hyp-4_full_1.tar.bz2:0.517920970917:0.06536384:0.52
> 0:False:8,23:519,217
> 1:False:10,22:519,217
> 2:False:9,22:519,217
> 3:True:9,20:519,217
> 4:False:9,24:519,217
> 5:False:9,23:519,217
miconic-optimal-old-noisy/100/miconic_noisy_p01_hyp-4_full_2.tar.bz2:0.521902084351:0.06614892:0.53
> 0:False:8,24:519,217
> 1:False:10,22:519,217
> 2:False:9,23:519,217
> 3:True:9,20:519,217
> 4:False:9,25:519,217
> 5:False:9,24:519,217
miconic-optimal-old-noisy/100/miconic_noisy_p01_hyp-4_full_3.tar.bz2:0.519494056702:0.06417539:0.52
> 0:False:8,24:519,217
> 1:False:10,22:519,217
> 2:False:9,23:519,217
> 3:True:9,20:519,217
> 4:False:9,25:519,217
> 5:False:9,24:519,217
miconic-optimal-old-noisy/100/miconic_noisy_p02_hyp-1_full_1.tar.bz2:0.476832866669:0.03998356:0.47
> 0:True:9,22:433,199
> 1:False:9,25:433,199
> 2:False:8,25:433,199
> 3:False:9,25:433,199
> 4:False:9,25:433,199
> 5:False:10,26:433,199
miconic-optimal-old-noisy/100/miconic_noisy_p02_hyp-1_full_2.tar.bz2:0.473328113556:0.03864459:0.47
> 0:True:9,22:433,199
> 1:False:9,26:433,199
> 2:False:8,25:433,199
> 3:False:9,25:433,199
> 4:False:9,25:433,199
> 5:False:10,27:433,199
miconic-optimal-old-noisy/100/miconic_noisy_p02_hyp-1_full_3.tar.bz2:0.473346948624:0.03871933:0.48
> 0:True:9,22:433,199
> 1:False:9,26:433,199
> 2:False:8,25:433,199
> 3:False:9,25:433,199
> 4:False:9,25:433,199
> 5:False:10,27:433,199
miconic-optimal-old-noisy/100/miconic_noisy_p02_hyp-2_full_1.tar.bz2:0.471954107285:0.03880541:0.48
> 0:False:9,25:432,198
> 1:True:9,21:432,198
> 2:False:8,24:432,198
> 3:False:9,26:432,198
> 4:False:9,24:432,198
> 5:False:10,24:432,198
miconic-optimal-old-noisy/100/miconic_noisy_p02_hyp-2_full_2.tar.bz2:0.473232984543:0.03926018:0.47
> 0:False:9,24:432,198
> 1:True:9,21:432,198
> 2:False:8,23:432,198
> 3:False:9,25:432,198
> 4:False:9,24:432,198
> 5:False:10,24:432,198
miconic-optimal-old-noisy/100/miconic_noisy_p02_hyp-2_full_3.tar.bz2:0.47209405899:0.03908098:0.47
> 0:False:9,24:432,198
> 1:True:9,21:432,198
> 2:False:8,24:432,198
> 3:False:9,25:432,198
> 4:False:9,23:432,198
> 5:False:10,23:432,198
miconic-optimal-old-noisy/100/miconic_noisy_p02_hyp-3_full_1.tar.bz2:0.473409891129:0.03974206:0.48
> 0:False:9,25:433,199
> 1:False:9,24:433,199
> 2:True:8,22:433,199
> 3:False:9,24:433,199
> 4:False:9,25:433,199
> 5:False:10,26:433,199
miconic-optimal-old-noisy/100/miconic_noisy_p02_hyp-3_full_2.tar.bz2:0.473002195358:0.03944217:0.47
> 0:False:9,25:433,199
> 1:False:9,24:433,199
> 2:True:8,22:433,199
> 3:False:9,24:433,199
> 4:False:9,25:433,199
> 5:False:10,26:433,199
miconic-optimal-old-noisy/100/miconic_noisy_p02_hyp-3_full_3.tar.bz2:0.472902059555:0.03972446:0.49
> 0:False:9,25:433,199
> 1:False:9,25:433,199
> 2:True:8,22:433,199
> 3:False:9,24:433,199
> 4:False:9,25:433,199
> 5:False:10,27:433,199
miconic-optimal-old-noisy/100/miconic_noisy_p02_hyp-4_full_1.tar.bz2:0.471071958542:0.03862524:0.46
> 0:False:9,25:434,200
> 1:False:9,27:434,200
> 2:False:8,24:434,200
> 3:True:9,23:434,200
> 4:False:9,24:434,200
> 5:False:10,26:434,200
miconic-optimal-old-noisy/100/miconic_noisy_p02_hyp-4_full_2.tar.bz2:0.475614070892:0.03974419:0.48
> 0:False:9,25:434,200
> 1:False:9,27:434,200
> 2:False:8,24:434,200
> 3:True:9,23:434,200
> 4:False:9,24:434,200
> 5:False:10,26:434,200
miconic-optimal-old-noisy/100/miconic_noisy_p02_hyp-4_full_3.tar.bz2:0.472184896469:0.03878873:0.47
> 0:False:9,25:434,200
> 1:False:9,26:434,200
> 2:False:8,24:434,200
> 3:True:9,23:434,200
> 4:False:9,24:434,200
> 5:False:10,25:434,200
miconic-optimal-old-noisy/100/miconic_noisy_p03_hyp-1_full_1.tar.bz2:0.417742967606:0.02078162:0.43
> 0:True:8,18:254,128
> 1:False:8,21:254,128
> 2:False:8,21:254,128
> 3:False:8,21:254,128
> 4:False:8,21:254,128
> 5:False:8,19:254,128
miconic-optimal-old-noisy/100/miconic_noisy_p03_hyp-1_full_2.tar.bz2:0.420279026031:0.02086436:0.42
> 0:True:8,18:254,128
> 1:False:8,21:254,128
> 2:False:8,21:254,128
> 3:False:8,21:254,128
> 4:False:8,21:254,128
> 5:False:8,19:254,128
miconic-optimal-old-noisy/100/miconic_noisy_p03_hyp-1_full_3.tar.bz2:0.420611143112:0.02090785:0.42
> 0:True:8,18:254,128
> 1:False:8,21:254,128
> 2:False:8,21:254,128
> 3:False:8,21:254,128
> 4:False:8,21:254,128
> 5:False:8,20:254,128
miconic-optimal-old-noisy/100/miconic_noisy_p03_hyp-2_full_1.tar.bz2:0.418143987656:0.02075427:0.42
> 0:False:8,19:254,128
> 1:True:8,18:254,128
> 2:False:8,19:254,128
> 3:False:8,19:254,128
> 4:False:8,19:254,128
> 5:False:8,19:254,128
miconic-optimal-old-noisy/100/miconic_noisy_p03_hyp-2_full_2.tar.bz2:0.416906118393:0.02045684:0.41
> 0:False:8,20:254,128
> 1:True:8,18:254,128
> 2:False:8,19:254,128
> 3:False:8,19:254,128
> 4:False:8,20:254,128
> 5:False:8,19:254,128
miconic-optimal-old-noisy/100/miconic_noisy_p03_hyp-2_full_3.tar.bz2:0.421494007111:0.02100341:0.42
> 0:False:8,20:254,128
> 1:True:8,18:254,128
> 2:False:8,19:254,128
> 3:False:8,19:254,128
> 4:False:8,20:254,128
> 5:False:8,19:254,128
miconic-optimal-old-noisy/100/miconic_noisy_p03_hyp-3_full_1.tar.bz2:0.416927099228:0.0206487:0.41
> 0:False:8,21:254,128
> 1:False:8,20:254,128
> 2:True:8,18:254,128
> 3:False:8,20:254,128
> 4:False:8,19:254,128
> 5:False:8,20:254,128
miconic-optimal-old-noisy/100/miconic_noisy_p03_hyp-3_full_2.tar.bz2:0.420862913132:0.02114554:0.43
> 0:False:8,21:254,128
> 1:False:8,20:254,128
> 2:True:8,18:254,128
> 3:False:8,20:254,128
> 4:False:8,19:254,128
> 5:False:8,20:254,128
miconic-optimal-old-noisy/100/miconic_noisy_p03_hyp-3_full_3.tar.bz2:0.42057299614:0.02112801:0.42
> 0:False:8,21:254,128
> 1:False:8,20:254,128
> 2:True:8,18:254,128
> 3:False:8,20:254,128
> 4:False:8,19:254,128
> 5:False:8,20:254,128
miconic-optimal-old-noisy/100/miconic_noisy_p03_hyp-4_full_1.tar.bz2:0.419491052628:0.02083375:0.43
> 0:False:8,20:253,127
> 1:False:8,19:253,127
> 2:False:8,19:253,127
> 3:True:8,17:253,127
> 4:False:8,18:253,127
> 5:False:8,19:253,127
miconic-optimal-old-noisy/100/miconic_noisy_p03_hyp-4_full_2.tar.bz2:0.421272993088:0.02096318:0.43
> 0:False:8,19:253,127
> 1:False:8,18:253,127
> 2:False:8,18:253,127
> 3:True:8,17:253,127
> 4:False:8,18:253,127
> 5:False:8,18:253,127
miconic-optimal-old-noisy/100/miconic_noisy_p03_hyp-4_full_3.tar.bz2:0.418699979782:0.02114841:0.41
> 0:False:8,19:253,127
> 1:False:8,18:253,127
> 2:False:8,18:253,127
> 3:True:8,17:253,127
> 4:False:8,18:253,127
> 5:False:8,18:253,127
