miconic-suboptimal-old-noisy/10/miconic_noisy_p01_hyp-1_10_1.tar.bz2:0.454542160034:0.00754416:0.45
> 0:True:17,18:328,23
> 1:False:16,18:328,22
> 2:False:15,17:328,21
> 3:True:16,17:328,22
> 4:False:16,19:328,22
> 5:False:17,19:328,23
miconic-suboptimal-old-noisy/10/miconic_noisy_p01_hyp-1_10_2.tar.bz2:0.455965995789:0.00737154:0.45
> 0:True:17,18:328,23
> 1:False:16,18:328,22
> 2:True:15,16:328,21
> 3:False:16,18:328,22
> 4:False:16,18:328,22
> 5:True:17,18:328,23
miconic-suboptimal-old-noisy/10/miconic_noisy_p01_hyp-1_10_3.tar.bz2:0.454402923584:0.00748453:0.46
> 0:False:17,19:328,23
> 1:False:16,19:328,22
> 2:False:15,17:328,21
> 3:False:16,18:328,22
> 4:False:16,18:328,22
> 5:True:17,18:328,23
miconic-suboptimal-old-noisy/10/miconic_noisy_p01_hyp-2_10_1.tar.bz2:0.452741146088:0.00744835:0.46
> 0:False:17,19:328,23
> 1:True:16,16:328,22
> 2:False:15,17:328,21
> 3:False:16,17:328,22
> 4:False:16,18:328,22
> 5:False:17,20:328,23
miconic-suboptimal-old-noisy/10/miconic_noisy_p01_hyp-2_10_2.tar.bz2:0.451117038727:0.00742648:0.45
> 0:False:17,19:328,23
> 1:True:16,17:328,22
> 2:True:15,16:328,21
> 3:True:16,17:328,22
> 4:False:16,19:328,22
> 5:False:17,19:328,23
miconic-suboptimal-old-noisy/10/miconic_noisy_p01_hyp-2_10_3.tar.bz2:0.453581094742:0.0073549:0.46
> 0:False:17,19:328,23
> 1:True:16,17:328,22
> 2:False:15,18:328,21
> 3:True:16,17:328,22
> 4:True:16,17:328,22
> 5:False:17,19:328,23
miconic-suboptimal-old-noisy/10/miconic_noisy_p01_hyp-3_10_1.tar.bz2:0.456884145737:0.00750962:0.46
> 0:False:17,19:328,23
> 1:False:16,19:328,22
> 2:True:15,16:328,21
> 3:False:16,18:328,22
> 4:False:16,19:328,22
> 5:False:17,19:328,23
miconic-suboptimal-old-noisy/10/miconic_noisy_p01_hyp-3_10_2.tar.bz2:0.44859290123:0.00725853:0.45
> 0:True:17,18:328,23
> 1:False:16,18:328,22
> 2:True:15,16:328,21
> 3:False:16,18:328,22
> 4:False:16,18:328,22
> 5:True:17,18:328,23
miconic-suboptimal-old-noisy/10/miconic_noisy_p01_hyp-3_10_3.tar.bz2:0.451108932495:0.00739627:0.46
> 0:False:17,19:328,23
> 1:True:16,17:328,22
> 2:True:15,16:328,21
> 3:False:16,18:328,22
> 4:True:16,17:328,22
> 5:False:17,19:328,23
miconic-suboptimal-old-noisy/10/miconic_noisy_p01_hyp-4_10_1.tar.bz2:0.453108072281:0.00742739:0.45
> 0:False:17,18:328,23
> 1:False:16,17:328,22
> 2:False:15,16:328,21
> 3:True:16,16:328,22
> 4:False:16,19:328,22
> 5:False:17,19:328,23
miconic-suboptimal-old-noisy/10/miconic_noisy_p01_hyp-4_10_2.tar.bz2:0.450299024582:0.00726999:0.46
> 0:False:17,18:328,23
> 1:True:16,16:328,22
> 2:False:15,16:328,21
> 3:True:16,16:328,22
> 4:False:16,18:328,22
> 5:False:17,19:328,23
miconic-suboptimal-old-noisy/10/miconic_noisy_p01_hyp-4_10_3.tar.bz2:0.455357789993:0.00748169:0.46
> 0:False:17,19:328,23
> 1:True:16,17:328,22
> 2:False:15,18:328,21
> 3:True:16,17:328,22
> 4:False:16,18:328,22
> 5:False:17,21:328,23
miconic-suboptimal-old-noisy/10/miconic_noisy_p02_hyp-1_10_1.tar.bz2:0.433788061142:0.00723066:0.43
> 0:False:17,18:260,23
> 1:False:17,19:260,23
> 2:False:17,18:260,23
> 3:True:18,18:260,24
> 4:False:17,18:260,23
> 5:False:18,19:260,24
miconic-suboptimal-old-noisy/10/miconic_noisy_p02_hyp-1_10_2.tar.bz2:0.42898607254:0.00692612:0.43
> 0:True:17,17:260,23
> 1:False:17,18:260,23
> 2:True:17,17:260,23
> 3:False:18,20:260,24
> 4:False:17,20:260,23
> 5:False:18,21:260,24
miconic-suboptimal-old-noisy/10/miconic_noisy_p02_hyp-1_10_3.tar.bz2:0.432557821274:0.00711863:0.43
> 0:True:17,18:260,23
> 1:False:17,19:260,23
> 2:True:17,18:260,23
> 3:True:18,19:260,24
> 4:False:17,19:260,23
> 5:False:18,20:260,24
miconic-suboptimal-old-noisy/10/miconic_noisy_p02_hyp-2_10_1.tar.bz2:0.431514024734:0.00710327:0.43
> 0:False:17,20:260,23
> 1:True:17,18:260,23
> 2:True:17,18:260,23
> 3:True:18,19:260,24
> 4:True:17,18:260,23
> 5:False:18,20:260,24
miconic-suboptimal-old-noisy/10/miconic_noisy_p02_hyp-2_10_2.tar.bz2:0.432167053223:0.00704039:0.44
> 0:False:17,18:260,23
> 1:True:17,17:260,23
> 2:False:17,18:260,23
> 3:False:18,20:260,24
> 4:False:17,19:260,23
> 5:False:18,19:260,24
miconic-suboptimal-old-noisy/10/miconic_noisy_p02_hyp-2_10_3.tar.bz2:0.434710979462:0.00707267:0.44
> 0:False:17,19:260,23
> 1:True:17,17:260,23
> 2:False:17,18:260,23
> 3:False:18,19:260,24
> 4:True:17,17:260,23
> 5:True:18,18:260,24
miconic-suboptimal-old-noisy/10/miconic_noisy_p02_hyp-3_10_1.tar.bz2:0.43305683136:0.0070432:0.44
> 0:False:17,20:260,23
> 1:True:17,18:260,23
> 2:False:17,19:260,23
> 3:False:18,20:260,24
> 4:False:17,19:260,23
> 5:True:18,19:260,24
miconic-suboptimal-old-noisy/10/miconic_noisy_p02_hyp-3_10_2.tar.bz2:0.4298620224:0.00702039:0.43
> 0:True:17,17:260,23
> 1:False:17,18:260,23
> 2:True:17,17:260,23
> 3:False:18,19:260,24
> 4:False:17,19:260,23
> 5:False:18,21:260,24
miconic-suboptimal-old-noisy/10/miconic_noisy_p02_hyp-3_10_3.tar.bz2:0.434027910233:0.00711043:0.44
> 0:False:17,19:260,23
> 1:True:17,17:260,23
> 2:True:17,17:260,23
> 3:True:18,18:260,24
> 4:True:17,17:260,23
> 5:True:18,18:260,24
miconic-suboptimal-old-noisy/10/miconic_noisy_p02_hyp-4_10_1.tar.bz2:0.435180187225:0.00714581:0.44
> 0:True:17,18:260,23
> 1:False:17,19:260,23
> 2:True:17,18:260,23
> 3:True:18,19:260,24
> 4:False:17,19:260,23
> 5:False:18,20:260,24
miconic-suboptimal-old-noisy/10/miconic_noisy_p02_hyp-4_10_2.tar.bz2:0.429729938507:0.00690149:0.43
> 0:False:17,19:260,23
> 1:True:17,18:260,23
> 2:True:17,18:260,23
> 3:True:18,19:260,24
> 4:False:17,19:260,23
> 5:False:18,20:260,24
miconic-suboptimal-old-noisy/10/miconic_noisy_p02_hyp-4_10_3.tar.bz2:0.432766914368:0.00713232:0.44
> 0:False:17,20:260,23
> 1:True:17,18:260,23
> 2:True:17,18:260,23
> 3:True:18,19:260,24
> 4:True:17,18:260,23
> 5:True:18,19:260,24
miconic-suboptimal-old-noisy/10/miconic_noisy_p03_hyp-1_10_1.tar.bz2:0.397130966187:0.005506397:0.4
> 0:True:14,16:148,20
> 1:False:14,18:148,20
> 2:True:15,17:148,21
> 3:True:13,15:148,19
> 4:True:15,17:148,21
> 5:True:14,16:148,20
miconic-suboptimal-old-noisy/10/miconic_noisy_p03_hyp-1_10_2.tar.bz2:0.398879051208:0.005719532:0.4
> 0:False:14,16:148,20
> 1:False:14,16:148,20
> 2:True:15,16:148,21
> 3:False:13,15:148,19
> 4:False:15,17:148,21
> 5:True:14,15:148,20
miconic-suboptimal-old-noisy/10/miconic_noisy_p03_hyp-1_10_3.tar.bz2:0.398092985153:0.005409566:0.4
> 0:True:14,15:148,20
> 1:True:14,15:148,20
> 2:False:15,17:148,21
> 3:False:13,16:148,19
> 4:False:15,18:148,21
> 5:True:14,15:148,20
miconic-suboptimal-old-noisy/10/miconic_noisy_p03_hyp-2_10_1.tar.bz2:0.39847612381:0.005620831:0.39
> 0:True:14,14:148,20
> 1:False:14,15:148,20
> 2:False:15,16:148,21
> 3:False:13,16:148,19
> 4:False:15,16:148,21
> 5:False:14,15:148,20
miconic-suboptimal-old-noisy/10/miconic_noisy_p03_hyp-2_10_2.tar.bz2:0.399401903152:0.005531614:0.4
> 0:False:14,17:148,20
> 1:True:14,16:148,20
> 2:True:15,17:148,21
> 3:False:13,16:148,19
> 4:False:15,18:148,21
> 5:True:14,16:148,20
miconic-suboptimal-old-noisy/10/miconic_noisy_p03_hyp-2_10_3.tar.bz2:0.397348880768:0.005732711:0.4
> 0:True:14,15:148,20
> 1:True:14,15:148,20
> 2:False:15,18:148,21
> 3:False:13,15:148,19
> 4:False:15,18:148,21
> 5:True:14,15:148,20
miconic-suboptimal-old-noisy/10/miconic_noisy_p03_hyp-3_10_1.tar.bz2:0.398111820221:0.005428832:0.4
> 0:False:14,16:148,20
> 1:True:14,15:148,20
> 2:True:15,16:148,21
> 3:False:13,15:148,19
> 4:True:15,16:148,21
> 5:True:14,15:148,20
miconic-suboptimal-old-noisy/10/miconic_noisy_p03_hyp-3_10_2.tar.bz2:0.396642923355:0.005613447:0.4
> 0:False:14,16:148,20
> 1:False:14,17:148,20
> 2:True:15,16:148,21
> 3:True:13,14:148,19
> 4:True:15,16:148,21
> 5:False:14,16:148,20
miconic-suboptimal-old-noisy/10/miconic_noisy_p03_hyp-3_10_3.tar.bz2:0.396762132645:0.005593162:0.4
> 0:False:14,16:148,20
> 1:False:14,17:148,20
> 2:True:15,16:148,21
> 3:True:13,14:148,19
> 4:True:15,16:148,21
> 5:False:14,16:148,20
miconic-suboptimal-old-noisy/10/miconic_noisy_p03_hyp-4_10_1.tar.bz2:0.398220062256:0.005559526:0.41
> 0:False:14,16:148,20
> 1:False:14,16:148,20
> 2:True:15,16:148,21
> 3:True:13,14:148,19
> 4:True:15,16:148,21
> 5:True:14,15:148,20
miconic-suboptimal-old-noisy/10/miconic_noisy_p03_hyp-4_10_2.tar.bz2:0.398084878922:0.005663371:0.4
> 0:False:14,15:148,20
> 1:True:14,14:148,20
> 2:False:15,16:148,21
> 3:False:13,14:148,19
> 4:False:15,16:148,21
> 5:False:14,15:148,20
miconic-suboptimal-old-noisy/10/miconic_noisy_p03_hyp-4_10_3.tar.bz2:0.398237943649:0.005444601:0.4
> 0:False:14,16:148,20
> 1:True:14,15:148,20
> 2:False:15,17:148,21
> 3:True:13,14:148,19
> 4:False:15,17:148,21
> 5:False:14,16:148,20
miconic-suboptimal-old-noisy/30/miconic_noisy_p01_hyp-1_30_1.tar.bz2:0.452705144882:0.00752179:0.46
> 0:True:17,18:334,29
> 1:False:16,22:334,28
> 2:False:15,18:334,27
> 3:False:16,20:334,28
> 4:False:16,21:334,28
> 5:False:17,19:334,29
miconic-suboptimal-old-noisy/30/miconic_noisy_p01_hyp-1_30_2.tar.bz2:0.453499078751:0.00724071:0.45
> 0:True:17,21:334,29
> 1:False:16,24:334,28
> 2:False:15,21:334,27
> 3:False:16,23:334,28
> 4:False:16,22:334,28
> 5:False:17,22:334,29
miconic-suboptimal-old-noisy/30/miconic_noisy_p01_hyp-1_30_3.tar.bz2:0.455806970596:0.00751733:0.46
> 0:True:17,21:333,28
> 1:False:16,23:333,27
> 2:False:15,22:333,26
> 3:False:16,22:333,27
> 4:False:16,23:333,27
> 5:False:17,22:333,28
miconic-suboptimal-old-noisy/30/miconic_noisy_p01_hyp-2_30_1.tar.bz2:0.453294992447:0.00736957:0.44
> 0:False:17,23:334,29
> 1:True:16,18:334,28
> 2:False:15,21:334,27
> 3:False:16,19:334,28
> 4:False:16,20:334,28
> 5:False:17,24:334,29
miconic-suboptimal-old-noisy/30/miconic_noisy_p01_hyp-2_30_2.tar.bz2:0.454425811768:0.00743008:0.45
> 0:False:17,23:333,28
> 1:True:16,19:333,27
> 2:False:15,21:333,26
> 3:False:16,20:333,27
> 4:False:16,21:333,27
> 5:False:17,23:333,28
miconic-suboptimal-old-noisy/30/miconic_noisy_p01_hyp-2_30_3.tar.bz2:0.45148897171:0.00748315:0.45
> 0:False:17,23:334,29
> 1:True:16,19:334,28
> 2:False:15,20:334,27
> 3:True:16,19:334,28
> 4:False:16,21:334,28
> 5:False:17,21:334,29
miconic-suboptimal-old-noisy/30/miconic_noisy_p01_hyp-3_30_1.tar.bz2:0.453098058701:0.00755005:0.46
> 0:False:17,21:332,27
> 1:False:16,21:332,26
> 2:True:15,17:332,25
> 3:False:16,19:332,26
> 4:False:16,23:332,26
> 5:False:17,21:332,27
miconic-suboptimal-old-noisy/30/miconic_noisy_p01_hyp-3_30_2.tar.bz2:0.453477144241:0.00752187:0.45
> 0:False:17,22:333,28
> 1:False:16,21:333,27
> 2:True:15,18:333,26
> 3:False:16,20:333,27
> 4:False:16,23:333,27
> 5:False:17,22:333,28
miconic-suboptimal-old-noisy/30/miconic_noisy_p01_hyp-3_30_3.tar.bz2:0.453678846359:0.00743259:0.46
> 0:False:17,20:333,28
> 1:False:16,21:333,27
> 2:True:15,17:333,26
> 3:False:16,21:333,27
> 4:False:16,20:333,27
> 5:False:17,20:333,28
miconic-suboptimal-old-noisy/30/miconic_noisy_p01_hyp-4_30_1.tar.bz2:0.45756483078:0.00761489:0.45
> 0:False:17,22:332,27
> 1:True:16,18:332,26
> 2:False:15,22:332,25
> 3:False:16,19:332,26
> 4:False:16,19:332,26
> 5:False:17,20:332,27
miconic-suboptimal-old-noisy/30/miconic_noisy_p01_hyp-4_30_2.tar.bz2:0.452847003937:0.00746946:0.45
> 0:False:17,23:332,27
> 1:False:16,21:332,26
> 2:False:15,21:332,25
> 3:True:16,20:332,26
> 4:False:16,23:332,26
> 5:False:17,23:332,27
miconic-suboptimal-old-noisy/30/miconic_noisy_p01_hyp-4_30_3.tar.bz2:0.450866937637:0.00736755:0.45
> 0:False:17,22:333,28
> 1:False:16,19:333,27
> 2:False:15,19:333,26
> 3:True:16,18:333,27
> 4:False:16,21:333,27
> 5:False:17,20:333,28
miconic-suboptimal-old-noisy/30/miconic_noisy_p02_hyp-1_30_1.tar.bz2:0.432727098465:0.00715415:0.44
> 0:True:17,20:266,29
> 1:False:17,23:266,29
> 2:False:17,23:266,29
> 3:False:18,23:266,30
> 4:False:17,22:266,29
> 5:False:18,24:266,30
miconic-suboptimal-old-noisy/30/miconic_noisy_p02_hyp-1_30_2.tar.bz2:0.433357000351:0.00722396:0.44
> 0:True:17,21:266,29
> 1:False:17,22:266,29
> 2:False:17,23:266,29
> 3:False:18,24:266,30
> 4:False:17,22:266,29
> 5:False:18,24:266,30
miconic-suboptimal-old-noisy/30/miconic_noisy_p02_hyp-1_30_3.tar.bz2:0.436378955841:0.00718858:0.44
> 0:True:17,17:266,29
> 1:False:17,22:266,29
> 2:False:17,21:266,29
> 3:False:18,20:266,30
> 4:False:17,20:266,29
> 5:False:18,22:266,30
miconic-suboptimal-old-noisy/30/miconic_noisy_p02_hyp-2_30_1.tar.bz2:0.432801008224:0.00722033:0.43
> 0:False:17,21:266,29
> 1:True:17,19:266,29
> 2:False:17,20:266,29
> 3:False:18,22:266,30
> 4:False:17,20:266,29
> 5:False:18,22:266,30
miconic-suboptimal-old-noisy/30/miconic_noisy_p02_hyp-2_30_2.tar.bz2:0.431005954742:0.00709774:0.43
> 0:False:17,25:266,29
> 1:True:17,19:266,29
> 2:False:17,22:266,29
> 3:False:18,24:266,30
> 4:False:17,23:266,29
> 5:False:18,21:266,30
miconic-suboptimal-old-noisy/30/miconic_noisy_p02_hyp-2_30_3.tar.bz2:0.434213876724:0.00726739:0.44
> 0:False:17,21:266,29
> 1:True:17,20:266,29
> 2:True:17,20:266,29
> 3:True:18,21:266,30
> 4:False:17,21:266,29
> 5:False:18,22:266,30
miconic-suboptimal-old-noisy/30/miconic_noisy_p02_hyp-3_30_1.tar.bz2:0.433676958084:0.00724533:0.44
> 0:False:17,23:266,29
> 1:False:17,20:266,29
> 2:True:17,19:266,29
> 3:False:18,21:266,30
> 4:False:17,21:266,29
> 5:False:18,22:266,30
miconic-suboptimal-old-noisy/30/miconic_noisy_p02_hyp-3_30_2.tar.bz2:0.434020042419:0.0072832:0.43
> 0:False:17,23:265,28
> 1:False:17,23:265,28
> 2:True:17,20:265,28
> 3:True:18,21:265,29
> 4:False:17,23:265,28
> 5:False:18,24:265,29
miconic-suboptimal-old-noisy/30/miconic_noisy_p02_hyp-3_30_3.tar.bz2:0.437745094299:0.00721346:0.44
> 0:False:17,21:265,28
> 1:False:17,22:265,28
> 2:True:17,20:265,28
> 3:True:18,21:265,29
> 4:False:17,21:265,28
> 5:False:18,23:265,29
miconic-suboptimal-old-noisy/30/miconic_noisy_p02_hyp-4_30_1.tar.bz2:0.433368206024:0.00709221:0.44
> 0:False:17,23:266,29
> 1:False:17,24:266,29
> 2:False:17,23:266,29
> 3:True:18,22:266,30
> 4:False:17,22:266,29
> 5:False:18,23:266,30
miconic-suboptimal-old-noisy/30/miconic_noisy_p02_hyp-4_30_2.tar.bz2:0.435348987579:0.00708209:0.43
> 0:False:17,23:266,29
> 1:False:17,24:266,29
> 2:False:17,22:266,29
> 3:True:18,22:266,30
> 4:False:17,22:266,29
> 5:False:18,24:266,30
miconic-suboptimal-old-noisy/30/miconic_noisy_p02_hyp-4_30_3.tar.bz2:0.431721925735:0.00687579:0.43
> 0:False:17,24:266,29
> 1:False:17,24:266,29
> 2:False:17,22:266,29
> 3:True:18,22:266,30
> 4:False:17,22:266,29
> 5:False:18,23:266,30
miconic-suboptimal-old-noisy/30/miconic_noisy_p03_hyp-1_30_1.tar.bz2:0.398437976837:0.005649627:0.39
> 0:True:14,15:153,25
> 1:False:14,19:153,25
> 2:False:15,20:153,26
> 3:False:13,18:153,24
> 4:False:15,18:153,26
> 5:False:14,18:153,25
miconic-suboptimal-old-noisy/30/miconic_noisy_p03_hyp-1_30_2.tar.bz2:0.392579078674:0.005478114:0.4
> 0:True:14,18:152,24
> 1:False:14,20:152,24
> 2:True:15,19:152,25
> 3:False:13,20:152,23
> 4:False:15,21:152,25
> 5:True:14,18:152,24
miconic-suboptimal-old-noisy/30/miconic_noisy_p03_hyp-1_30_3.tar.bz2:0.398922920227:0.005708457:0.4
> 0:True:14,16:153,25
> 1:False:14,20:153,25
> 2:False:15,18:153,26
> 3:False:13,17:153,24
> 4:True:15,17:153,26
> 5:False:14,17:153,25
miconic-suboptimal-old-noisy/30/miconic_noisy_p03_hyp-2_30_1.tar.bz2:0.396084070206:0.00564555:0.4
> 0:True:14,17:154,26
> 1:True:14,17:154,26
> 2:True:15,18:154,27
> 3:False:13,18:154,25
> 4:False:15,20:154,27
> 5:True:14,17:154,26
miconic-suboptimal-old-noisy/30/miconic_noisy_p03_hyp-2_30_2.tar.bz2:0.399279117584:0.005844513:0.4
> 0:False:14,19:154,26
> 1:True:14,17:154,26
> 2:True:15,18:154,27
> 3:False:13,18:154,25
> 4:False:15,20:154,27
> 5:True:14,17:154,26
miconic-suboptimal-old-noisy/30/miconic_noisy_p03_hyp-2_30_3.tar.bz2:0.396394014359:0.005634337:0.4
> 0:False:14,19:153,25
> 1:True:14,17:153,25
> 2:False:15,19:153,26
> 3:False:13,18:153,24
> 4:False:15,20:153,26
> 5:False:14,19:153,25
miconic-suboptimal-old-noisy/30/miconic_noisy_p03_hyp-3_30_1.tar.bz2:0.397042036057:0.005773369:0.4
> 0:False:14,17:153,25
> 1:False:14,18:153,25
> 2:True:15,17:153,26
> 3:False:13,18:153,24
> 4:False:15,19:153,26
> 5:False:14,17:153,25
miconic-suboptimal-old-noisy/30/miconic_noisy_p03_hyp-3_30_2.tar.bz2:0.397046089172:0.00556147:0.4
> 0:False:14,18:153,25
> 1:False:14,18:153,25
> 2:True:15,18:153,26
> 3:False:13,18:153,24
> 4:False:15,19:153,26
> 5:True:14,17:153,25
miconic-suboptimal-old-noisy/30/miconic_noisy_p03_hyp-3_30_3.tar.bz2:0.397168159485:0.005654288:0.39
> 0:False:14,19:153,25
> 1:False:14,17:153,25
> 2:True:15,17:153,26
> 3:False:13,17:153,24
> 4:False:15,18:153,26
> 5:False:14,18:153,25
miconic-suboptimal-old-noisy/30/miconic_noisy_p03_hyp-4_30_1.tar.bz2:0.39700293541:0.005787886:0.39
> 0:False:14,19:152,24
> 1:False:14,19:152,24
> 2:True:15,19:152,25
> 3:True:13,17:152,23
> 4:False:15,20:152,25
> 5:False:14,19:152,24
miconic-suboptimal-old-noisy/30/miconic_noisy_p03_hyp-4_30_2.tar.bz2:0.400080919266:0.005753453:0.4
> 0:False:14,20:152,24
> 1:False:14,20:152,24
> 2:True:15,19:152,25
> 3:True:13,17:152,23
> 4:True:15,19:152,25
> 5:False:14,19:152,24
miconic-suboptimal-old-noisy/30/miconic_noisy_p03_hyp-4_30_3.tar.bz2:0.398631095886:0.005648885:0.4
> 0:False:14,20:152,24
> 1:False:14,20:152,24
> 2:True:15,19:152,25
> 3:True:13,17:152,23
> 4:True:15,19:152,25
> 5:False:14,19:152,24
miconic-suboptimal-old-noisy/50/miconic_noisy_p01_hyp-1_50_1.tar.bz2:0.456846952438:0.00750751:0.46
> 0:True:17,23:339,34
> 1:False:16,27:339,33
> 2:False:15,23:339,32
> 3:False:16,26:339,33
> 4:False:16,24:339,33
> 5:True:17,23:339,34
miconic-suboptimal-old-noisy/50/miconic_noisy_p01_hyp-1_50_2.tar.bz2:0.45498585701:0.00774262:0.46
> 0:True:17,22:339,34
> 1:False:16,28:339,33
> 2:False:15,25:339,32
> 3:False:16,27:339,33
> 4:False:16,26:339,33
> 5:False:17,24:339,34
miconic-suboptimal-old-noisy/50/miconic_noisy_p01_hyp-1_50_3.tar.bz2:0.456604957581:0.0076008:0.45
> 0:True:17,23:339,34
> 1:False:16,28:339,33
> 2:False:15,25:339,32
> 3:False:16,26:339,33
> 4:False:16,26:339,33
> 5:False:17,25:339,34
miconic-suboptimal-old-noisy/50/miconic_noisy_p01_hyp-2_50_1.tar.bz2:0.454576969147:0.00760821:0.46
> 0:False:17,27:338,33
> 1:True:16,20:338,32
> 2:False:15,25:338,31
> 3:False:16,22:338,32
> 4:False:16,23:338,32
> 5:False:17,27:338,33
miconic-suboptimal-old-noisy/50/miconic_noisy_p01_hyp-2_50_2.tar.bz2:0.451649904251:0.00762654:0.45
> 0:False:17,28:338,33
> 1:True:16,23:338,32
> 2:False:15,27:338,31
> 3:False:16,25:338,32
> 4:False:16,25:338,32
> 5:False:17,29:338,33
miconic-suboptimal-old-noisy/50/miconic_noisy_p01_hyp-2_50_3.tar.bz2:0.455132007599:0.00770861:0.46
> 0:False:17,26:339,34
> 1:True:16,20:339,33
> 2:False:15,25:339,32
> 3:False:16,22:339,33
> 4:False:16,23:339,33
> 5:False:17,28:339,34
miconic-suboptimal-old-noisy/50/miconic_noisy_p01_hyp-3_50_1.tar.bz2:0.453408956528:0.00751218:0.45
> 0:False:17,25:338,33
> 1:False:16,24:338,32
> 2:True:15,20:338,31
> 3:False:16,22:338,32
> 4:False:16,25:338,32
> 5:False:17,24:338,33
miconic-suboptimal-old-noisy/50/miconic_noisy_p01_hyp-3_50_2.tar.bz2:0.455319881439:0.00750559:0.45
> 0:False:17,25:336,31
> 1:False:16,26:336,30
> 2:True:15,22:336,29
> 3:False:16,24:336,30
> 4:False:16,26:336,30
> 5:True:17,24:336,31
miconic-suboptimal-old-noisy/50/miconic_noisy_p01_hyp-3_50_3.tar.bz2:0.45214509964:0.00733671:0.45
> 0:False:17,23:338,33
> 1:False:16,25:338,32
> 2:True:15,19:338,31
> 3:False:16,23:338,32
> 4:False:16,25:338,32
> 5:False:17,23:338,33
miconic-suboptimal-old-noisy/50/miconic_noisy_p01_hyp-4_50_1.tar.bz2:0.451844930649:0.00723087:0.46
> 0:False:17,27:338,33
> 1:False:16,22:338,32
> 2:False:15,24:338,31
> 3:True:16,20:338,32
> 4:False:16,25:338,32
> 5:False:17,26:338,33
miconic-suboptimal-old-noisy/50/miconic_noisy_p01_hyp-4_50_2.tar.bz2:0.455899953842:0.007415:0.45
> 0:False:17,24:337,32
> 1:False:16,23:337,31
> 2:False:15,22:337,30
> 3:True:16,20:337,31
> 4:False:16,26:337,31
> 5:False:17,25:337,32
miconic-suboptimal-old-noisy/50/miconic_noisy_p01_hyp-4_50_3.tar.bz2:0.453886032104:0.00743932:0.45
> 0:False:17,26:336,31
> 1:True:16,22:336,30
> 2:False:15,24:336,29
> 3:True:16,22:336,30
> 4:False:16,24:336,30
> 5:False:17,27:336,31
miconic-suboptimal-old-noisy/50/miconic_noisy_p02_hyp-1_50_1.tar.bz2:0.434724807739:0.00704813:0.44
> 0:True:17,23:271,34
> 1:False:17,29:271,34
> 2:False:17,27:271,34
> 3:False:18,25:271,35
> 4:False:17,26:271,34
> 5:False:18,28:271,35
miconic-suboptimal-old-noisy/50/miconic_noisy_p02_hyp-1_50_2.tar.bz2:0.433235168457:0.00719703:0.42
> 0:True:17,22:271,34
> 1:False:17,26:271,34
> 2:False:17,25:271,34
> 3:False:18,26:271,35
> 4:False:17,26:271,34
> 5:False:18,27:271,35
miconic-suboptimal-old-noisy/50/miconic_noisy_p02_hyp-1_50_3.tar.bz2:0.435882091522:0.00711663:0.43
> 0:True:17,23:272,35
> 1:False:17,28:272,35
> 2:False:17,27:272,35
> 3:False:18,27:272,36
> 4:False:17,27:272,35
> 5:False:18,28:272,36
miconic-suboptimal-old-noisy/50/miconic_noisy_p02_hyp-2_50_1.tar.bz2:0.434666872025:0.00710603:0.43
> 0:False:17,28:271,34
> 1:True:17,22:271,34
> 2:False:17,25:271,34
> 3:False:18,28:271,35
> 4:False:17,27:271,34
> 5:False:18,25:271,35
miconic-suboptimal-old-noisy/50/miconic_noisy_p02_hyp-2_50_2.tar.bz2:0.433266162872:0.00709796:0.44
> 0:False:17,28:271,34
> 1:True:17,22:271,34
> 2:False:17,24:271,34
> 3:False:18,26:271,35
> 4:False:17,25:271,34
> 5:False:18,25:271,35
miconic-suboptimal-old-noisy/50/miconic_noisy_p02_hyp-2_50_3.tar.bz2:0.434370040894:0.00723002:0.43
> 0:False:17,27:270,33
> 1:True:17,23:270,33
> 2:False:17,24:270,33
> 3:False:18,27:270,34
> 4:False:17,27:270,33
> 5:False:18,27:270,34
miconic-suboptimal-old-noisy/50/miconic_noisy_p02_hyp-3_50_1.tar.bz2:0.433622121811:0.00721494:0.44
> 0:False:17,26:271,34
> 1:False:17,26:271,34
> 2:True:17,23:271,34
> 3:True:18,24:271,35
> 4:False:17,25:271,34
> 5:False:18,27:271,35
miconic-suboptimal-old-noisy/50/miconic_noisy_p02_hyp-3_50_2.tar.bz2:0.431885957718:0.00685399:0.44
> 0:False:17,23:271,34
> 1:False:17,24:271,34
> 2:True:17,21:271,34
> 3:False:18,23:271,35
> 4:False:17,25:271,34
> 5:False:18,28:271,35
miconic-suboptimal-old-noisy/50/miconic_noisy_p02_hyp-3_50_3.tar.bz2:0.432510852814:0.00716156:0.44
> 0:False:17,28:270,33
> 1:False:17,26:270,33
> 2:True:17,24:270,33
> 3:True:18,25:270,34
> 4:False:17,25:270,33
> 5:False:18,27:270,34
miconic-suboptimal-old-noisy/50/miconic_noisy_p02_hyp-4_50_1.tar.bz2:0.431946992874:0.00703076:0.42
> 0:False:17,27:272,35
> 1:False:17,29:272,35
> 2:False:17,24:272,35
> 3:True:18,23:272,36
> 4:False:17,25:272,35
> 5:False:18,26:272,36
miconic-suboptimal-old-noisy/50/miconic_noisy_p02_hyp-4_50_2.tar.bz2:0.434669971466:0.00724095:0.43
> 0:False:17,23:273,36
> 1:False:17,27:273,36
> 2:False:17,24:273,36
> 3:True:18,23:273,37
> 4:False:17,25:273,36
> 5:False:18,26:273,37
miconic-suboptimal-old-noisy/50/miconic_noisy_p02_hyp-4_50_3.tar.bz2:0.432308912277:0.00721927:0.44
> 0:False:17,23:273,36
> 1:False:17,28:273,36
> 2:False:17,25:273,36
> 3:True:18,22:273,37
> 4:False:17,23:273,36
> 5:False:18,26:273,37
miconic-suboptimal-old-noisy/50/miconic_noisy_p03_hyp-1_50_1.tar.bz2:0.39487695694:0.005659855:0.4
> 0:True:14,20:157,29
> 1:False:14,21:157,29
> 2:False:15,23:157,30
> 3:False:13,22:157,28
> 4:False:15,24:157,30
> 5:False:14,21:157,29
miconic-suboptimal-old-noisy/50/miconic_noisy_p03_hyp-1_50_2.tar.bz2:0.398005962372:0.0057317:0.4
> 0:True:14,20:157,29
> 1:False:14,24:157,29
> 2:False:15,24:157,30
> 3:False:13,23:157,28
> 4:False:15,23:157,30
> 5:False:14,22:157,29
miconic-suboptimal-old-noisy/50/miconic_noisy_p03_hyp-1_50_3.tar.bz2:0.399832963943:0.005744612:0.4
> 0:True:14,19:156,28
> 1:False:14,22:156,28
> 2:False:15,24:156,29
> 3:False:13,23:156,27
> 4:False:15,24:156,29
> 5:False:14,21:156,28
miconic-suboptimal-old-noisy/50/miconic_noisy_p03_hyp-2_50_1.tar.bz2:0.397344112396:0.005759535:0.4
> 0:False:14,23:158,30
> 1:True:14,20:158,30
> 2:False:15,22:158,31
> 3:False:13,23:158,29
> 4:False:15,25:158,31
> 5:False:14,21:158,30
miconic-suboptimal-old-noisy/50/miconic_noisy_p03_hyp-2_50_2.tar.bz2:0.398881912231:0.005766028:0.4
> 0:False:14,24:158,30
> 1:True:14,20:158,30
> 2:False:15,22:158,31
> 3:False:13,22:158,29
> 4:False:15,24:158,31
> 5:False:14,22:158,30
miconic-suboptimal-old-noisy/50/miconic_noisy_p03_hyp-2_50_3.tar.bz2:0.398407936096:0.005721391:0.39
> 0:False:14,22:160,32
> 1:True:14,20:160,32
> 2:False:15,23:160,33
> 3:False:13,23:160,31
> 4:False:15,26:160,33
> 5:True:14,20:160,32
miconic-suboptimal-old-noisy/50/miconic_noisy_p03_hyp-3_50_1.tar.bz2:0.40074300766:0.005668321:0.4
> 0:False:14,22:158,30
> 1:False:14,21:158,30
> 2:True:15,20:158,31
> 3:False:13,21:158,29
> 4:False:15,23:158,31
> 5:False:14,20:158,30
miconic-suboptimal-old-noisy/50/miconic_noisy_p03_hyp-3_50_2.tar.bz2:0.399285078049:0.005831841:0.4
> 0:False:14,22:158,30
> 1:False:14,21:158,30
> 2:True:15,20:158,31
> 3:False:13,21:158,29
> 4:False:15,22:158,31
> 5:False:14,22:158,30
miconic-suboptimal-old-noisy/50/miconic_noisy_p03_hyp-3_50_3.tar.bz2:0.396332979202:0.00568918:0.39
> 0:False:14,23:158,30
> 1:False:14,21:158,30
> 2:True:15,20:158,31
> 3:False:13,20:158,29
> 4:False:15,22:158,31
> 5:False:14,21:158,30
miconic-suboptimal-old-noisy/50/miconic_noisy_p03_hyp-4_50_1.tar.bz2:0.4001288414:0.005681195:0.4
> 0:False:14,23:157,29
> 1:True:14,19:157,29
> 2:True:15,20:157,30
> 3:True:13,18:157,28
> 4:False:15,21:157,30
> 5:False:14,21:157,29
miconic-suboptimal-old-noisy/50/miconic_noisy_p03_hyp-4_50_2.tar.bz2:0.397187948227:0.005730427:0.39
> 0:False:14,23:157,29
> 1:False:14,21:157,29
> 2:False:15,21:157,30
> 3:True:13,18:157,28
> 4:False:15,21:157,30
> 5:False:14,20:157,29
miconic-suboptimal-old-noisy/50/miconic_noisy_p03_hyp-4_50_3.tar.bz2:0.399607181549:0.005682708:0.41
> 0:False:14,23:157,29
> 1:False:14,21:157,29
> 2:True:15,19:157,30
> 3:False:13,18:157,28
> 4:True:15,19:157,30
> 5:False:14,20:157,29
miconic-suboptimal-old-noisy/70/miconic_noisy_p01_hyp-1_70_1.tar.bz2:0.453586101532:0.0075213:0.45
> 0:True:17,26:343,38
> 1:False:16,32:343,37
> 2:False:15,29:343,36
> 3:False:16,30:343,37
> 4:False:16,29:343,37
> 5:False:17,27:343,38
miconic-suboptimal-old-noisy/70/miconic_noisy_p01_hyp-1_70_2.tar.bz2:0.453794956207:0.00754325:0.46
> 0:True:17,24:345,40
> 1:False:16,32:345,39
> 2:False:15,26:345,38
> 3:False:16,29:345,39
> 4:False:16,28:345,39
> 5:False:17,27:345,40
miconic-suboptimal-old-noisy/70/miconic_noisy_p01_hyp-1_70_3.tar.bz2:0.455191135406:0.00750145:0.46
> 0:True:17,26:344,39
> 1:False:16,33:344,38
> 2:False:15,29:344,37
> 3:False:16,31:344,38
> 4:False:16,31:344,38
> 5:False:17,28:344,39
miconic-suboptimal-old-noisy/70/miconic_noisy_p01_hyp-2_70_1.tar.bz2:0.453822851181:0.0076402:0.45
> 0:False:17,31:345,40
> 1:True:16,23:345,39
> 2:False:15,31:345,38
> 3:False:16,26:345,39
> 4:False:16,26:345,39
> 5:False:17,31:345,40
miconic-suboptimal-old-noisy/70/miconic_noisy_p01_hyp-2_70_2.tar.bz2:0.453948974609:0.00749489:0.45
> 0:False:17,32:342,37
> 1:True:16,25:342,36
> 2:False:15,32:342,35
> 3:False:16,28:342,36
> 4:False:16,27:342,36
> 5:False:17,33:342,37
miconic-suboptimal-old-noisy/70/miconic_noisy_p01_hyp-2_70_3.tar.bz2:0.452498912811:0.00750712:0.45
> 0:False:17,32:343,38
> 1:True:16,25:343,37
> 2:False:15,30:343,36
> 3:False:16,28:343,37
> 4:False:16,27:343,37
> 5:False:17,32:343,38
miconic-suboptimal-old-noisy/70/miconic_noisy_p01_hyp-3_70_1.tar.bz2:0.448672056198:0.0074261:0.44
> 0:False:17,25:343,38
> 1:False:16,29:343,37
> 2:True:15,22:343,36
> 3:False:16,27:343,37
> 4:False:16,28:343,37
> 5:False:17,26:343,38
miconic-suboptimal-old-noisy/70/miconic_noisy_p01_hyp-3_70_2.tar.bz2:0.452383041382:0.00759035:0.45
> 0:False:17,27:342,37
> 1:False:16,31:342,36
> 2:True:15,23:342,35
> 3:False:16,29:342,36
> 4:False:16,29:342,36
> 5:False:17,27:342,37
miconic-suboptimal-old-noisy/70/miconic_noisy_p01_hyp-3_70_3.tar.bz2:0.456856012344:0.00739739:0.46
> 0:True:17,26:342,37
> 1:False:16,30:342,36
> 2:True:15,24:342,35
> 3:False:16,28:342,36
> 4:False:16,29:342,36
> 5:False:17,27:342,37
miconic-suboptimal-old-noisy/70/miconic_noisy_p01_hyp-4_70_1.tar.bz2:0.455876111984:0.00774939:0.46
> 0:False:17,26:341,36
> 1:False:16,26:341,35
> 2:False:15,25:341,34
> 3:True:16,24:341,35
> 4:False:16,28:341,35
> 5:False:17,28:341,36
miconic-suboptimal-old-noisy/70/miconic_noisy_p01_hyp-4_70_2.tar.bz2:0.451228141785:0.0075403:0.46
> 0:False:17,31:342,37
> 1:False:16,26:342,36
> 2:False:15,27:342,35
> 3:True:16,24:342,36
> 4:False:16,31:342,36
> 5:False:17,31:342,37
miconic-suboptimal-old-noisy/70/miconic_noisy_p01_hyp-4_70_3.tar.bz2:0.453783035278:0.00768435:0.45
> 0:False:17,29:342,37
> 1:False:16,25:342,36
> 2:False:15,27:342,35
> 3:True:16,23:342,36
> 4:False:16,28:342,36
> 5:False:17,28:342,37
miconic-suboptimal-old-noisy/70/miconic_noisy_p02_hyp-1_70_1.tar.bz2:0.435838222504:0.00733023:0.43
> 0:True:17,26:277,40
> 1:False:17,32:277,40
> 2:False:17,30:277,40
> 3:False:18,30:277,41
> 4:False:17,31:277,40
> 5:False:18,31:277,41
miconic-suboptimal-old-noisy/70/miconic_noisy_p02_hyp-1_70_2.tar.bz2:0.435938119888:0.0074543:0.43
> 0:True:17,26:277,40
> 1:False:17,30:277,40
> 2:False:17,30:277,40
> 3:False:18,29:277,41
> 4:False:17,28:277,40
> 5:False:18,30:277,41
miconic-suboptimal-old-noisy/70/miconic_noisy_p02_hyp-1_70_3.tar.bz2:0.432200908661:0.00735831:0.43
> 0:True:17,26:277,40
> 1:False:17,33:277,40
> 2:False:17,31:277,40
> 3:False:18,30:277,41
> 4:False:17,31:277,40
> 5:False:18,34:277,41
miconic-suboptimal-old-noisy/70/miconic_noisy_p02_hyp-2_70_1.tar.bz2:0.435438156128:0.00716788:0.44
> 0:False:17,30:274,37
> 1:True:17,26:274,37
> 2:False:17,30:274,37
> 3:False:18,33:274,38
> 4:False:17,31:274,37
> 5:False:18,30:274,38
miconic-suboptimal-old-noisy/70/miconic_noisy_p02_hyp-2_70_2.tar.bz2:0.436864852905:0.00726123:0.44
> 0:False:17,29:277,40
> 1:True:17,24:277,40
> 2:False:17,27:277,40
> 3:False:18,30:277,41
> 4:False:17,28:277,40
> 5:False:18,28:277,41
miconic-suboptimal-old-noisy/70/miconic_noisy_p02_hyp-2_70_3.tar.bz2:0.4323990345:0.00743472:0.44
> 0:False:17,31:278,41
> 1:True:17,25:278,41
> 2:False:17,30:278,41
> 3:False:18,33:278,42
> 4:False:17,30:278,41
> 5:False:18,29:278,42
miconic-suboptimal-old-noisy/70/miconic_noisy_p02_hyp-3_70_1.tar.bz2:0.436855077744:0.0072882:0.43
> 0:False:17,31:277,40
> 1:False:17,30:277,40
> 2:True:17,25:277,40
> 3:False:18,29:277,41
> 4:False:17,31:277,40
> 5:False:18,32:277,41
miconic-suboptimal-old-noisy/70/miconic_noisy_p02_hyp-3_70_2.tar.bz2:0.434313058853:0.00729506:0.44
> 0:False:17,29:277,40
> 1:False:17,28:277,40
> 2:True:17,24:277,40
> 3:False:18,28:277,41
> 4:False:17,30:277,40
> 5:False:18,32:277,41
miconic-suboptimal-old-noisy/70/miconic_noisy_p02_hyp-3_70_3.tar.bz2:0.43556022644:0.00741499:0.44
> 0:False:17,31:277,40
> 1:False:17,31:277,40
> 2:True:17,27:277,40
> 3:False:18,30:277,41
> 4:False:17,32:277,40
> 5:False:18,34:277,41
miconic-suboptimal-old-noisy/70/miconic_noisy_p02_hyp-4_70_1.tar.bz2:0.434334039688:0.00716659:0.43
> 0:False:17,30:274,37
> 1:False:17,33:274,37
> 2:False:17,32:274,37
> 3:True:18,29:274,38
> 4:False:17,29:274,37
> 5:False:18,31:274,38
miconic-suboptimal-old-noisy/70/miconic_noisy_p02_hyp-4_70_2.tar.bz2:0.435712099075:0.00717374:0.44
> 0:False:17,32:275,38
> 1:False:17,33:275,38
> 2:False:17,30:275,38
> 3:True:18,29:275,39
> 4:False:17,30:275,38
> 5:False:18,32:275,39
miconic-suboptimal-old-noisy/70/miconic_noisy_p02_hyp-4_70_3.tar.bz2:0.435050964355:0.00729509:0.43
> 0:False:17,29:277,40
> 1:False:17,31:277,40
> 2:False:17,26:277,40
> 3:True:18,24:277,41
> 4:False:17,26:277,40
> 5:False:18,29:277,41
miconic-suboptimal-old-noisy/70/miconic_noisy_p03_hyp-1_70_1.tar.bz2:0.398415088654:0.005692739:0.4
> 0:True:14,19:161,33
> 1:False:14,24:161,33
> 2:False:15,25:161,34
> 3:False:13,25:161,32
> 4:False:15,25:161,34
> 5:False:14,22:161,33
miconic-suboptimal-old-noisy/70/miconic_noisy_p03_hyp-1_70_2.tar.bz2:0.39954996109:0.005759663:0.39
> 0:True:14,22:159,31
> 1:False:14,25:159,31
> 2:False:15,25:159,32
> 3:False:13,26:159,30
> 4:False:15,26:159,32
> 5:False:14,23:159,31
miconic-suboptimal-old-noisy/70/miconic_noisy_p03_hyp-1_70_3.tar.bz2:0.401417016983:0.005793045:0.4
> 0:True:14,20:161,33
> 1:False:14,24:161,33
> 2:False:15,24:161,34
> 3:False:13,23:161,32
> 4:False:15,24:161,34
> 5:False:14,21:161,33
miconic-suboptimal-old-noisy/70/miconic_noisy_p03_hyp-2_70_1.tar.bz2:0.39840388298:0.005787451:0.4
> 0:False:14,27:163,35
> 1:True:14,23:163,35
> 2:False:15,25:163,36
> 3:False:13,24:163,34
> 4:False:15,26:163,36
> 5:False:14,25:163,35
miconic-suboptimal-old-noisy/70/miconic_noisy_p03_hyp-2_70_2.tar.bz2:0.399863004684:0.005914644:0.41
> 0:False:14,28:163,35
> 1:True:14,24:163,35
> 2:True:15,25:163,36
> 3:False:13,25:163,34
> 4:False:15,26:163,36
> 5:False:14,26:163,35
miconic-suboptimal-old-noisy/70/miconic_noisy_p03_hyp-2_70_3.tar.bz2:0.396333932877:0.005779038:0.4
> 0:False:14,30:163,35
> 1:True:14,25:163,35
> 2:False:15,27:163,36
> 3:False:13,28:163,34
> 4:False:15,30:163,36
> 5:False:14,28:163,35
miconic-suboptimal-old-noisy/70/miconic_noisy_p03_hyp-3_70_1.tar.bz2:0.397439002991:0.005832198:0.39
> 0:False:14,26:162,34
> 1:False:14,24:162,34
> 2:True:15,23:162,35
> 3:False:13,25:162,33
> 4:False:15,25:162,35
> 5:False:14,24:162,34
miconic-suboptimal-old-noisy/70/miconic_noisy_p03_hyp-3_70_2.tar.bz2:0.401699066162:0.005841397:0.41
> 0:False:14,27:163,35
> 1:False:14,25:163,35
> 2:True:15,23:163,36
> 3:False:13,25:163,34
> 4:False:15,26:163,36
> 5:False:14,24:163,35
miconic-suboptimal-old-noisy/70/miconic_noisy_p03_hyp-3_70_3.tar.bz2:0.399950027466:0.005830372:0.4
> 0:False:14,26:162,34
> 1:False:14,25:162,34
> 2:True:15,23:162,35
> 3:False:13,24:162,33
> 4:False:15,24:162,35
> 5:False:14,25:162,34
miconic-suboptimal-old-noisy/70/miconic_noisy_p03_hyp-4_70_1.tar.bz2:0.397935152054:0.005749184:0.4
> 0:False:14,26:162,34
> 1:False:14,24:162,34
> 2:False:15,25:162,35
> 3:True:13,22:162,33
> 4:True:15,24:162,35
> 5:False:14,25:162,34
miconic-suboptimal-old-noisy/70/miconic_noisy_p03_hyp-4_70_2.tar.bz2:0.400237083435:0.005820329:0.39
> 0:False:14,25:161,33
> 1:False:14,24:161,33
> 2:True:15,23:161,34
> 3:False:13,23:161,32
> 4:False:15,25:161,34
> 5:False:14,23:161,33
miconic-suboptimal-old-noisy/70/miconic_noisy_p03_hyp-4_70_3.tar.bz2:0.398447990417:0.005819213:0.4
> 0:False:14,24:163,35
> 1:False:14,21:163,35
> 2:True:15,21:163,36
> 3:False:13,20:163,34
> 4:False:15,24:163,36
> 5:False:14,21:163,35
miconic-suboptimal-old-noisy/100/miconic_noisy_p01_hyp-1_full_1.tar.bz2:0.453531980515:0.00771627:0.46
> 0:True:17,30:350,45
> 1:False:16,40:350,44
> 2:False:15,34:350,43
> 3:False:16,37:350,44
> 4:False:16,36:350,44
> 5:False:17,33:350,45
miconic-suboptimal-old-noisy/100/miconic_noisy_p01_hyp-1_full_2.tar.bz2:0.456491947174:0.00783979:0.46
> 0:True:17,30:350,45
> 1:False:16,40:350,44
> 2:False:15,34:350,43
> 3:False:16,37:350,44
> 4:False:16,36:350,44
> 5:False:17,33:350,45
miconic-suboptimal-old-noisy/100/miconic_noisy_p01_hyp-1_full_3.tar.bz2:0.45695400238:0.0077812:0.45
> 0:True:17,30:349,44
> 1:False:16,39:349,43
> 2:False:15,34:349,42
> 3:False:16,37:349,43
> 4:False:16,35:349,43
> 5:False:17,33:349,44
miconic-suboptimal-old-noisy/100/miconic_noisy_p01_hyp-2_full_1.tar.bz2:0.456702947617:0.00787922:0.45
> 0:False:17,39:349,44
> 1:True:16,29:349,43
> 2:False:15,36:349,42
> 3:False:16,32:349,43
> 4:False:16,33:349,43
> 5:False:17,39:349,44
miconic-suboptimal-old-noisy/100/miconic_noisy_p01_hyp-2_full_2.tar.bz2:0.45401096344:0.00775644:0.45
> 0:False:17,39:349,44
> 1:True:16,29:349,43
> 2:False:15,36:349,42
> 3:False:16,32:349,43
> 4:False:16,33:349,43
> 5:False:17,39:349,44
miconic-suboptimal-old-noisy/100/miconic_noisy_p01_hyp-2_full_3.tar.bz2:0.455476045609:0.00786097:0.45
> 0:False:17,38:349,44
> 1:True:16,29:349,43
> 2:False:15,37:349,42
> 3:False:16,32:349,43
> 4:False:16,34:349,43
> 5:False:17,38:349,44
miconic-suboptimal-old-noisy/100/miconic_noisy_p01_hyp-3_full_1.tar.bz2:0.455471038818:0.00774283:0.45
> 0:False:17,33:348,43
> 1:False:16,35:348,42
> 2:True:15,27:348,41
> 3:False:16,33:348,42
> 4:False:16,35:348,42
> 5:False:17,33:348,43
miconic-suboptimal-old-noisy/100/miconic_noisy_p01_hyp-3_full_2.tar.bz2:0.448406934738:0.00751772:0.45
> 0:False:17,33:348,43
> 1:False:16,35:348,42
> 2:True:15,27:348,41
> 3:False:16,33:348,42
> 4:False:16,35:348,42
> 5:False:17,33:348,43
miconic-suboptimal-old-noisy/100/miconic_noisy_p01_hyp-3_full_3.tar.bz2:0.458279848099:0.00781838:0.46
> 0:False:17,32:348,43
> 1:False:16,36:348,42
> 2:True:15,27:348,41
> 3:False:16,33:348,42
> 4:False:16,36:348,42
> 5:False:17,32:348,43
miconic-suboptimal-old-noisy/100/miconic_noisy_p01_hyp-4_full_1.tar.bz2:0.454076051712:0.0077275:0.46
> 0:False:17,34:348,43
> 1:False:16,29:348,42
> 2:False:15,31:348,41
> 3:True:16,27:348,42
> 4:False:16,33:348,42
> 5:False:17,34:348,43
miconic-suboptimal-old-noisy/100/miconic_noisy_p01_hyp-4_full_2.tar.bz2:0.451432943344:0.00756953:0.45
> 0:False:17,33:348,43
> 1:False:16,28:348,42
> 2:False:15,31:348,41
> 3:True:16,27:348,42
> 4:False:16,32:348,42
> 5:False:17,33:348,43
miconic-suboptimal-old-noisy/100/miconic_noisy_p01_hyp-4_full_3.tar.bz2:0.455766916275:0.00752162:0.47
> 0:False:17,33:348,43
> 1:False:16,30:348,42
> 2:False:15,32:348,41
> 3:True:16,27:348,42
> 4:False:16,35:348,42
> 5:False:17,33:348,43
miconic-suboptimal-old-noisy/100/miconic_noisy_p02_hyp-1_full_1.tar.bz2:0.434538841248:0.00737267:0.43
> 0:True:17,32:284,47
> 1:False:17,38:284,47
> 2:False:17,37:284,47
> 3:False:18,37:284,48
> 4:False:17,37:284,47
> 5:False:18,40:284,48
miconic-suboptimal-old-noisy/100/miconic_noisy_p02_hyp-1_full_2.tar.bz2:0.432605981827:0.00734585:0.43
> 0:True:17,32:284,47
> 1:False:17,38:284,47
> 2:False:17,37:284,47
> 3:False:18,37:284,48
> 4:False:17,37:284,47
> 5:False:18,40:284,48
miconic-suboptimal-old-noisy/100/miconic_noisy_p02_hyp-1_full_3.tar.bz2:0.435899019241:0.00756003:0.44
> 0:True:17,32:284,47
> 1:False:17,38:284,47
> 2:False:17,37:284,47
> 3:False:18,37:284,48
> 4:False:17,37:284,47
> 5:False:18,40:284,48
miconic-suboptimal-old-noisy/100/miconic_noisy_p02_hyp-2_full_1.tar.bz2:0.435581207275:0.00752779:0.43
> 0:False:17,37:282,45
> 1:True:17,30:282,45
> 2:False:17,34:282,45
> 3:False:18,38:282,46
> 4:False:17,35:282,45
> 5:False:18,35:282,46
miconic-suboptimal-old-noisy/100/miconic_noisy_p02_hyp-2_full_2.tar.bz2:0.433443069458:0.00742246:0.43
> 0:False:17,36:281,44
> 1:True:17,30:281,44
> 2:False:17,34:281,44
> 3:False:18,38:281,45
> 4:False:17,36:281,44
> 5:False:18,36:281,45
miconic-suboptimal-old-noisy/100/miconic_noisy_p02_hyp-2_full_3.tar.bz2:0.433819770813:0.00749856:0.44
> 0:False:17,36:282,45
> 1:True:17,30:282,45
> 2:False:17,34:282,45
> 3:False:18,38:282,46
> 4:False:17,36:282,45
> 5:False:18,36:282,46
miconic-suboptimal-old-noisy/100/miconic_noisy_p02_hyp-3_full_1.tar.bz2:0.434044122696:0.0075674:0.43
> 0:False:17,37:284,47
> 1:False:17,37:284,47
> 2:True:17,32:284,47
> 3:False:18,35:284,48
> 4:False:17,37:284,47
> 5:False:18,40:284,48
miconic-suboptimal-old-noisy/100/miconic_noisy_p02_hyp-3_full_2.tar.bz2:0.433760881424:0.00730278:0.43
> 0:False:17,37:284,47
> 1:False:17,37:284,47
> 2:True:17,32:284,47
> 3:False:18,35:284,48
> 4:False:17,37:284,47
> 5:False:18,40:284,48
miconic-suboptimal-old-noisy/100/miconic_noisy_p02_hyp-3_full_3.tar.bz2:0.433254003525:0.00741596:0.43
> 0:False:17,38:284,47
> 1:False:17,37:284,47
> 2:True:17,32:284,47
> 3:False:18,36:284,48
> 4:False:17,38:284,47
> 5:False:18,41:284,48
miconic-suboptimal-old-noisy/100/miconic_noisy_p02_hyp-4_full_1.tar.bz2:0.431274175644:0.00736717:0.43
> 0:False:17,37:285,48
> 1:False:17,38:285,48
> 2:False:17,35:285,48
> 3:True:18,33:285,49
> 4:False:17,35:285,48
> 5:False:18,36:285,49
miconic-suboptimal-old-noisy/100/miconic_noisy_p02_hyp-4_full_2.tar.bz2:0.431775093079:0.00736979:0.42
> 0:False:17,38:285,48
> 1:False:17,40:285,48
> 2:False:17,36:285,48
> 3:True:18,33:285,49
> 4:False:17,35:285,48
> 5:False:18,37:285,49
miconic-suboptimal-old-noisy/100/miconic_noisy_p02_hyp-4_full_3.tar.bz2:0.431923151016:0.00744142:0.43
> 0:False:17,37:285,48
> 1:False:17,39:285,48
> 2:False:17,35:285,48
> 3:True:18,33:285,49
> 4:False:17,35:285,48
> 5:False:18,37:285,49
miconic-suboptimal-old-noisy/100/miconic_noisy_p03_hyp-1_full_1.tar.bz2:0.398962020874:0.005761457:0.41
> 0:True:14,26:165,37
> 1:False:14,31:165,37
> 2:False:15,31:165,38
> 3:False:13,31:165,36
> 4:False:15,31:165,38
> 5:False:14,29:165,37
miconic-suboptimal-old-noisy/100/miconic_noisy_p03_hyp-1_full_2.tar.bz2:0.394435882568:0.00571537:0.4
> 0:True:14,26:167,39
> 1:False:14,30:167,39
> 2:False:15,30:167,40
> 3:False:13,30:167,38
> 4:False:15,30:167,40
> 5:False:14,28:167,39
miconic-suboptimal-old-noisy/100/miconic_noisy_p03_hyp-1_full_3.tar.bz2:0.399981021881:0.005808061:0.4
> 0:True:14,26:167,39
> 1:False:14,31:167,39
> 2:False:15,31:167,40
> 3:False:13,31:167,38
> 4:False:15,31:167,40
> 5:False:14,29:167,39
miconic-suboptimal-old-noisy/100/miconic_noisy_p03_hyp-2_full_1.tar.bz2:0.401556968689:0.005932625:0.4
> 0:False:14,34:169,41
> 1:True:14,30:169,41
> 2:False:15,32:169,42
> 3:False:13,32:169,40
> 4:False:15,34:169,42
> 5:False:14,32:169,41
miconic-suboptimal-old-noisy/100/miconic_noisy_p03_hyp-2_full_2.tar.bz2:0.398516893387:0.005916747:0.4
> 0:False:14,34:169,41
> 1:True:14,30:169,41
> 2:False:15,32:169,42
> 3:False:13,32:169,40
> 4:False:15,34:169,42
> 5:False:14,32:169,41
miconic-suboptimal-old-noisy/100/miconic_noisy_p03_hyp-2_full_3.tar.bz2:0.397156000137:0.005886219:0.4
> 0:False:14,35:169,41
> 1:True:14,30:169,41
> 2:False:15,33:169,42
> 3:False:13,33:169,40
> 4:False:15,35:169,42
> 5:False:14,33:169,41
miconic-suboptimal-old-noisy/100/miconic_noisy_p03_hyp-3_full_1.tar.bz2:0.401626110077:0.005924377:0.41
> 0:False:14,32:168,40
> 1:False:14,30:168,40
> 2:True:15,28:168,41
> 3:False:13,30:168,39
> 4:False:15,30:168,41
> 5:False:14,30:168,40
miconic-suboptimal-old-noisy/100/miconic_noisy_p03_hyp-3_full_2.tar.bz2:0.399486064911:0.005832825:0.39
> 0:False:14,32:167,39
> 1:False:14,30:167,39
> 2:True:15,28:167,40
> 3:False:13,30:167,38
> 4:False:15,30:167,40
> 5:False:14,30:167,39
miconic-suboptimal-old-noisy/100/miconic_noisy_p03_hyp-3_full_3.tar.bz2:0.397879123688:0.005865934:0.4
> 0:False:14,31:168,40
> 1:False:14,30:168,40
> 2:True:15,28:168,41
> 3:False:13,30:168,39
> 4:False:15,29:168,41
> 5:False:14,30:168,40
miconic-suboptimal-old-noisy/100/miconic_noisy_p03_hyp-4_full_1.tar.bz2:0.398454904556:0.005733183:0.41
> 0:False:14,33:167,39
> 1:False:14,30:167,39
> 2:False:15,30:167,40
> 3:True:13,27:167,38
> 4:False:15,31:167,40
> 5:False:14,30:167,39
miconic-suboptimal-old-noisy/100/miconic_noisy_p03_hyp-4_full_2.tar.bz2:0.39914393425:0.006007922:0.39
> 0:False:14,34:167,39
> 1:False:14,31:167,39
> 2:False:15,31:167,40
> 3:True:13,27:167,38
> 4:False:15,31:167,40
> 5:False:14,31:167,39
miconic-suboptimal-old-noisy/100/miconic_noisy_p03_hyp-4_full_3.tar.bz2:0.393941164017:0.005837671:0.4
> 0:False:14,33:167,39
> 1:False:14,30:167,39
> 2:False:15,30:167,40
> 3:True:13,27:167,38
> 4:False:15,30:167,40
> 5:False:14,30:167,39
