miconic-suboptimal-old-noisy/10/miconic_noisy_p01_hyp-1_10_1.tar.bz2:0.766731023788:0.1861904:0.76
> 0:True:17,18:19230,1721
> 1:False:16,19:19230,1721
> 2:False:15,17:19230,1721
> 3:False:16,18:19230,1721
> 4:False:16,19:19230,1721
> 5:False:17,19:19230,1721
miconic-suboptimal-old-noisy/10/miconic_noisy_p01_hyp-1_10_2.tar.bz2:0.769958972931:0.1888278:0.77
> 0:True:17,18:19230,1721
> 1:False:16,18:19230,1721
> 2:False:15,17:19230,1721
> 3:False:16,18:19230,1721
> 4:False:16,18:19230,1721
> 5:False:17,19:19230,1721
miconic-suboptimal-old-noisy/10/miconic_noisy_p01_hyp-1_10_3.tar.bz2:0.760183095932:0.178429:0.75
> 0:True:17,20:19230,1721
> 1:False:16,22:19230,1721
> 2:False:15,19:19230,1721
> 3:False:16,21:19230,1721
> 4:True:16,19:19230,1721
> 5:True:17,20:19230,1721
miconic-suboptimal-old-noisy/10/miconic_noisy_p01_hyp-2_10_1.tar.bz2:0.739001989365:0.1595462:0.75
> 0:False:17,20:19230,1721
> 1:True:16,17:19230,1721
> 2:False:15,18:19230,1721
> 3:False:16,18:19230,1721
> 4:False:16,20:19230,1721
> 5:False:17,21:19230,1721
miconic-suboptimal-old-noisy/10/miconic_noisy_p01_hyp-2_10_2.tar.bz2:0.743380069733:0.1667706:0.75
> 0:False:17,21:19230,1721
> 1:True:16,18:19230,1721
> 2:True:15,17:19230,1721
> 3:True:16,18:19230,1721
> 4:False:16,21:19230,1721
> 5:False:17,21:19230,1721
miconic-suboptimal-old-noisy/10/miconic_noisy_p01_hyp-2_10_3.tar.bz2:0.740907907486:0.1585874:0.74
> 0:False:17,20:19230,1721
> 1:True:16,17:19230,1721
> 2:False:15,20:19230,1721
> 3:True:16,17:19230,1721
> 4:False:16,18:19230,1721
> 5:False:17,20:19230,1721
miconic-suboptimal-old-noisy/10/miconic_noisy_p01_hyp-3_10_1.tar.bz2:0.752557992935:0.1737063:0.75
> 0:False:17,21:19230,1721
> 1:False:16,21:19230,1721
> 2:True:15,17:19230,1721
> 3:True:16,18:19230,1721
> 4:False:16,23:19230,1721
> 5:False:17,20:19230,1721
miconic-suboptimal-old-noisy/10/miconic_noisy_p01_hyp-3_10_2.tar.bz2:0.768873929977:0.1898465:0.77
> 0:True:17,18:19230,1721
> 1:False:16,20:19230,1721
> 2:True:15,16:19230,1721
> 3:False:16,20:19230,1721
> 4:False:16,18:19230,1721
> 5:True:17,18:19230,1721
miconic-suboptimal-old-noisy/10/miconic_noisy_p01_hyp-3_10_3.tar.bz2:0.740504980087:0.162898:0.74
> 0:False:17,19:19230,1721
> 1:True:16,17:19230,1721
> 2:True:15,16:19230,1721
> 3:False:16,18:19230,1721
> 4:True:16,17:19230,1721
> 5:False:17,19:19230,1721
miconic-suboptimal-old-noisy/10/miconic_noisy_p01_hyp-4_10_1.tar.bz2:0.740660905838:0.1637032:0.73
> 0:False:17,19:19230,1721
> 1:False:16,17:19230,1721
> 2:False:15,17:19230,1721
> 3:True:16,16:19230,1721
> 4:False:16,19:19230,1721
> 5:False:17,19:19230,1721
miconic-suboptimal-old-noisy/10/miconic_noisy_p01_hyp-4_10_2.tar.bz2:0.763935089111:0.1871175:0.76
> 0:False:17,19:19230,1721
> 1:True:16,17:19230,1721
> 2:False:15,19:19230,1721
> 3:True:16,17:19230,1721
> 4:False:16,19:19230,1721
> 5:False:17,22:19230,1721
miconic-suboptimal-old-noisy/10/miconic_noisy_p01_hyp-4_10_3.tar.bz2:0.733777999878:0.1562713:0.73
> 0:False:17,20:19230,1721
> 1:True:16,17:19230,1721
> 2:False:15,19:19230,1721
> 3:True:16,17:19230,1721
> 4:False:16,20:19230,1721
> 5:False:17,23:19230,1721
miconic-suboptimal-old-noisy/10/miconic_noisy_p02_hyp-1_10_1.tar.bz2:0.641793966293:0.1191774:0.64
> 0:False:17,19:13670,1371
> 1:False:17,20:13670,1371
> 2:False:17,19:13670,1371
> 3:True:18,19:13670,1371
> 4:False:17,19:13670,1371
> 5:False:18,20:13670,1371
miconic-suboptimal-old-noisy/10/miconic_noisy_p02_hyp-1_10_2.tar.bz2:0.657778978348:0.134407:0.66
> 0:True:17,17:13670,1371
> 1:False:17,19:13670,1371
> 2:False:17,18:13670,1371
> 3:False:18,21:13670,1371
> 4:False:17,21:13670,1371
> 5:False:18,22:13670,1371
miconic-suboptimal-old-noisy/10/miconic_noisy_p02_hyp-1_10_3.tar.bz2:0.663858890533:0.141071:0.66
> 0:True:17,19:13670,1371
> 1:False:17,21:13670,1371
> 2:True:17,19:13670,1371
> 3:False:18,21:13670,1371
> 4:False:17,23:13670,1371
> 5:False:18,23:13670,1371
miconic-suboptimal-old-noisy/10/miconic_noisy_p02_hyp-2_10_1.tar.bz2:0.644351959229:0.1198829:0.64
> 0:False:17,23:13670,1371
> 1:True:17,19:13670,1371
> 2:True:17,19:13670,1371
> 3:True:18,20:13670,1371
> 4:True:17,19:13670,1371
> 5:False:18,21:13670,1371
miconic-suboptimal-old-noisy/10/miconic_noisy_p02_hyp-2_10_2.tar.bz2:0.671222925186:0.148261:0.67
> 0:False:17,19:13670,1371
> 1:True:17,18:13670,1371
> 2:False:17,19:13670,1371
> 3:False:18,22:13670,1371
> 4:False:17,21:13670,1371
> 5:False:18,21:13670,1371
miconic-suboptimal-old-noisy/10/miconic_noisy_p02_hyp-2_10_3.tar.bz2:0.656311035156:0.1349588:0.66
> 0:False:17,21:13670,1371
> 1:True:17,18:13670,1371
> 2:False:17,20:13670,1371
> 3:False:18,21:13670,1371
> 4:True:17,18:13670,1371
> 5:True:18,19:13670,1371
miconic-suboptimal-old-noisy/10/miconic_noisy_p02_hyp-3_10_1.tar.bz2:0.670438051224:0.1482967:0.67
> 0:False:17,22:13670,1371
> 1:True:17,19:13670,1371
> 2:False:17,20:13670,1371
> 3:False:18,21:13670,1371
> 4:False:17,20:13670,1371
> 5:True:18,20:13670,1371
miconic-suboptimal-old-noisy/10/miconic_noisy_p02_hyp-3_10_2.tar.bz2:0.663711071014:0.1415677:0.66
> 0:False:17,19:13670,1371
> 1:False:17,19:13670,1371
> 2:True:17,18:13670,1371
> 3:False:18,20:13670,1371
> 4:False:17,20:13670,1371
> 5:False:18,23:13670,1371
miconic-suboptimal-old-noisy/10/miconic_noisy_p02_hyp-3_10_3.tar.bz2:0.658648967743:0.1357736:0.65
> 0:False:17,20:13670,1371
> 1:True:17,18:13670,1371
> 2:True:17,18:13670,1371
> 3:True:18,19:13670,1371
> 4:True:17,18:13670,1371
> 5:True:18,19:13670,1371
miconic-suboptimal-old-noisy/10/miconic_noisy_p02_hyp-4_10_1.tar.bz2:0.65518116951:0.1322587:0.65
> 0:False:17,20:13670,1371
> 1:False:17,22:13670,1371
> 2:False:17,20:13670,1371
> 3:True:18,20:13670,1371
> 4:False:17,22:13670,1371
> 5:False:18,22:13670,1371
miconic-suboptimal-old-noisy/10/miconic_noisy_p02_hyp-4_10_2.tar.bz2:0.656486988068:0.1342246:0.66
> 0:False:17,19:13670,1371
> 1:False:17,20:13670,1371
> 2:True:17,18:13670,1371
> 3:False:18,20:13670,1371
> 4:False:17,22:13670,1371
> 5:False:18,23:13670,1371
miconic-suboptimal-old-noisy/10/miconic_noisy_p02_hyp-4_10_3.tar.bz2:0.641326904297:0.1195477:0.64
> 0:False:17,22:13670,1371
> 1:False:17,19:13670,1371
> 2:True:17,18:13670,1371
> 3:True:18,19:13670,1371
> 4:False:17,19:13670,1371
> 5:False:18,20:13670,1371
miconic-suboptimal-old-noisy/10/miconic_noisy_p03_hyp-1_10_1.tar.bz2:0.50204706192:0.0657112:0.49
> 0:True:14,16:5982,791
> 1:False:14,19:5982,791
> 2:False:15,18:5982,791
> 3:False:13,16:5982,791
> 4:True:15,17:5982,791
> 5:False:14,17:5982,791
miconic-suboptimal-old-noisy/10/miconic_noisy_p03_hyp-1_10_2.tar.bz2:0.499263048172:0.0651425:0.51
> 0:False:14,16:5982,791
> 1:False:14,18:5982,791
> 2:True:15,16:5982,791
> 3:False:13,16:5982,791
> 4:False:15,17:5982,791
> 5:True:14,15:5982,791
miconic-suboptimal-old-noisy/10/miconic_noisy_p03_hyp-1_10_3.tar.bz2:0.508974075317:0.0726895:0.51
> 0:True:14,17:5982,791
> 1:True:14,17:5982,791
> 2:False:15,19:5982,791
> 3:False:13,18:5982,791
> 4:False:15,20:5982,791
> 5:True:14,17:5982,791
miconic-suboptimal-old-noisy/10/miconic_noisy_p03_hyp-2_10_1.tar.bz2:0.510407924652:0.0738537:0.51
> 0:True:14,16:5982,791
> 1:False:14,17:5982,791
> 2:False:15,18:5982,791
> 3:False:13,20:5982,791
> 4:False:15,20:5982,791
> 5:False:14,17:5982,791
miconic-suboptimal-old-noisy/10/miconic_noisy_p03_hyp-2_10_2.tar.bz2:0.499902963638:0.0641294:0.5
> 0:False:14,17:5982,791
> 1:True:14,16:5982,791
> 2:True:15,17:5982,791
> 3:False:13,17:5982,791
> 4:False:15,18:5982,791
> 5:True:14,16:5982,791
miconic-suboptimal-old-noisy/10/miconic_noisy_p03_hyp-2_10_3.tar.bz2:0.499535083771:0.0650836:0.5
> 0:True:14,15:5982,791
> 1:True:14,15:5982,791
> 2:False:15,18:5982,791
> 3:False:13,16:5982,791
> 4:False:15,19:5982,791
> 5:True:14,15:5982,791
miconic-suboptimal-old-noisy/10/miconic_noisy_p03_hyp-3_10_1.tar.bz2:0.50231385231:0.0655345:0.5
> 0:False:14,16:5982,791
> 1:False:14,16:5982,791
> 2:True:15,16:5982,791
> 3:False:13,15:5982,791
> 4:True:15,16:5982,791
> 5:True:14,15:5982,791
miconic-suboptimal-old-noisy/10/miconic_noisy_p03_hyp-3_10_2.tar.bz2:0.51428604126:0.0808503:0.52
> 0:True:14,16:5982,791
> 1:False:14,19:5982,791
> 2:True:15,17:5982,791
> 3:False:13,16:5982,791
> 4:True:15,17:5982,791
> 5:False:14,17:5982,791
miconic-suboptimal-old-noisy/10/miconic_noisy_p03_hyp-3_10_3.tar.bz2:0.514751911163:0.0811564:0.52
> 0:True:14,16:5982,791
> 1:False:14,19:5982,791
> 2:True:15,17:5982,791
> 3:False:13,16:5982,791
> 4:True:15,17:5982,791
> 5:False:14,17:5982,791
miconic-suboptimal-old-noisy/10/miconic_noisy_p03_hyp-4_10_1.tar.bz2:0.498190164566:0.0646093:0.51
> 0:False:14,19:5982,791
> 1:False:14,18:5982,791
> 2:True:15,16:5982,791
> 3:False:13,15:5982,791
> 4:False:15,17:5982,791
> 5:False:14,16:5982,791
miconic-suboptimal-old-noisy/10/miconic_noisy_p03_hyp-4_10_2.tar.bz2:0.502841949463:0.0658513:0.5
> 0:False:14,17:5982,791
> 1:True:14,14:5982,791
> 2:False:15,17:5982,791
> 3:False:13,14:5982,791
> 4:False:15,17:5982,791
> 5:False:14,17:5982,791
miconic-suboptimal-old-noisy/10/miconic_noisy_p03_hyp-4_10_3.tar.bz2:0.497572898865:0.0647598:0.5
> 0:False:14,16:5982,791
> 1:False:14,16:5982,791
> 2:False:15,17:5982,791
> 3:True:13,14:5982,791
> 4:False:15,17:5982,791
> 5:False:14,16:5982,791
miconic-suboptimal-old-noisy/30/miconic_noisy_p01_hyp-1_30_1.tar.bz2:0.755242824554:0.1740908:0.76
> 0:True:17,21:19236,1733
> 1:False:16,26:19236,1733
> 2:False:15,21:19236,1733
> 3:False:16,24:19236,1733
> 4:False:16,24:19236,1733
> 5:False:17,22:19236,1733
miconic-suboptimal-old-noisy/30/miconic_noisy_p01_hyp-1_30_2.tar.bz2:0.789858102798:0.2058543:0.78
> 0:True:17,21:19236,1733
> 1:False:16,29:19236,1733
> 2:False:15,23:19236,1733
> 3:False:16,26:19236,1733
> 4:False:16,25:19236,1733
> 5:False:17,24:19236,1733
miconic-suboptimal-old-noisy/30/miconic_noisy_p01_hyp-1_30_3.tar.bz2:0.745924949646:0.1642497:0.75
> 0:True:17,23:19235,1731
> 1:False:16,25:19235,1731
> 2:False:15,24:19235,1731
> 3:False:16,24:19235,1731
> 4:False:16,26:19235,1731
> 5:False:17,24:19235,1731
miconic-suboptimal-old-noisy/30/miconic_noisy_p01_hyp-2_30_1.tar.bz2:0.740151166916:0.1581655:0.74
> 0:False:17,26:19236,1733
> 1:True:16,19:19236,1733
> 2:False:15,25:19236,1733
> 3:False:16,20:19236,1733
> 4:False:16,21:19236,1733
> 5:False:17,26:19236,1733
miconic-suboptimal-old-noisy/30/miconic_noisy_p01_hyp-2_30_2.tar.bz2:0.749696016312:0.1683407:0.74
> 0:False:17,25:19235,1731
> 1:True:16,20:19235,1731
> 2:False:15,24:19235,1731
> 3:True:16,20:19235,1731
> 4:False:16,22:19235,1731
> 5:False:17,24:19235,1731
miconic-suboptimal-old-noisy/30/miconic_noisy_p01_hyp-2_30_3.tar.bz2:0.7532081604:0.1733017:0.75
> 0:False:17,26:19236,1733
> 1:True:16,21:19236,1733
> 2:False:15,23:19236,1733
> 3:True:16,21:19236,1733
> 4:False:16,24:19236,1733
> 5:False:17,25:19236,1733
miconic-suboptimal-old-noisy/30/miconic_noisy_p01_hyp-3_30_1.tar.bz2:0.761271953583:0.1807116:0.76
> 0:False:17,22:19234,1729
> 1:False:16,25:19234,1729
> 2:True:15,18:19234,1729
> 3:False:16,22:19234,1729
> 4:False:16,25:19234,1729
> 5:False:17,22:19234,1729
miconic-suboptimal-old-noisy/30/miconic_noisy_p01_hyp-3_30_2.tar.bz2:0.778793096542:0.1951586:0.78
> 0:False:17,24:19235,1731
> 1:False:16,23:19235,1731
> 2:True:15,20:19235,1731
> 3:False:16,22:19235,1731
> 4:False:16,26:19235,1731
> 5:False:17,25:19235,1731
miconic-suboptimal-old-noisy/30/miconic_noisy_p01_hyp-3_30_3.tar.bz2:0.783690929413:0.2007642:0.77
> 0:False:17,22:19235,1731
> 1:False:16,22:19235,1731
> 2:True:15,18:19235,1731
> 3:False:16,22:19235,1731
> 4:False:16,22:19235,1731
> 5:False:17,22:19235,1731
miconic-suboptimal-old-noisy/30/miconic_noisy_p01_hyp-4_30_1.tar.bz2:0.754177808762:0.1732313:0.75
> 0:False:17,26:19234,1729
> 1:True:16,20:19234,1729
> 2:False:15,28:19234,1729
> 3:False:16,23:19234,1729
> 4:False:16,21:19234,1729
> 5:False:17,26:19234,1729
miconic-suboptimal-old-noisy/30/miconic_noisy_p01_hyp-4_30_2.tar.bz2:0.736582040787:0.1543944:0.74
> 0:False:17,27:19234,1729
> 1:False:16,23:19234,1729
> 2:False:15,24:19234,1729
> 3:True:16,21:19234,1729
> 4:False:16,26:19234,1729
> 5:False:17,25:19234,1729
miconic-suboptimal-old-noisy/30/miconic_noisy_p01_hyp-4_30_3.tar.bz2:0.772996902466:0.1902444:0.77
> 0:False:17,24:19235,1731
> 1:False:16,22:19235,1731
> 2:False:15,22:19235,1731
> 3:True:16,20:19235,1731
> 4:False:16,23:19235,1731
> 5:False:17,22:19235,1731
miconic-suboptimal-old-noisy/30/miconic_noisy_p02_hyp-1_30_1.tar.bz2:0.6383061409:0.1161891:0.64
> 0:True:17,21:13676,1383
> 1:False:17,26:13676,1383
> 2:False:17,25:13676,1383
> 3:False:18,24:13676,1383
> 4:False:17,24:13676,1383
> 5:False:18,27:13676,1383
miconic-suboptimal-old-noisy/30/miconic_noisy_p02_hyp-1_30_2.tar.bz2:0.659397125244:0.1371183:0.66
> 0:True:17,22:13676,1383
> 1:False:17,24:13676,1383
> 2:False:17,25:13676,1383
> 3:False:18,27:13676,1383
> 4:False:17,25:13676,1383
> 5:False:18,28:13676,1383
miconic-suboptimal-old-noisy/30/miconic_noisy_p02_hyp-1_30_3.tar.bz2:0.659424066544:0.1345666:0.66
> 0:True:17,19:13676,1383
> 1:False:17,23:13676,1383
> 2:False:17,23:13676,1383
> 3:False:18,22:13676,1383
> 4:False:17,21:13676,1383
> 5:False:18,24:13676,1383
miconic-suboptimal-old-noisy/30/miconic_noisy_p02_hyp-2_30_1.tar.bz2:0.650497198105:0.1286646:0.66
> 0:False:17,24:13676,1383
> 1:True:17,21:13676,1383
> 2:False:17,23:13676,1383
> 3:False:18,27:13676,1383
> 4:False:17,25:13676,1383
> 5:False:18,26:13676,1383
miconic-suboptimal-old-noisy/30/miconic_noisy_p02_hyp-2_30_2.tar.bz2:0.650203943253:0.1282306:0.65
> 0:False:17,26:13676,1383
> 1:False:17,22:13676,1383
> 2:False:17,25:13676,1383
> 3:False:18,25:13676,1383
> 4:False:17,24:13676,1383
> 5:True:18,22:13676,1383
miconic-suboptimal-old-noisy/30/miconic_noisy_p02_hyp-2_30_3.tar.bz2:0.666448116302:0.146376:0.67
> 0:False:17,27:13676,1383
> 1:True:17,22:13676,1383
> 2:False:17,24:13676,1383
> 3:False:18,27:13676,1383
> 4:False:17,27:13676,1383
> 5:False:18,26:13676,1383
miconic-suboptimal-old-noisy/30/miconic_noisy_p02_hyp-3_30_1.tar.bz2:0.638698101044:0.1177441:0.63
> 0:False:17,26:13676,1383
> 1:False:17,23:13676,1383
> 2:True:17,20:13676,1383
> 3:False:18,24:13676,1383
> 4:False:17,25:13676,1383
> 5:False:18,26:13676,1383
miconic-suboptimal-old-noisy/30/miconic_noisy_p02_hyp-3_30_2.tar.bz2:0.658810138702:0.1362005:0.66
> 0:False:17,23:13675,1381
> 1:False:17,23:13675,1381
> 2:True:17,20:13675,1381
> 3:True:18,21:13675,1381
> 4:False:17,23:13675,1381
> 5:False:18,24:13675,1381
miconic-suboptimal-old-noisy/30/miconic_noisy_p02_hyp-3_30_3.tar.bz2:0.671363115311:0.1477911:0.67
> 0:False:17,25:13675,1381
> 1:False:17,23:13675,1381
> 2:True:17,21:13675,1381
> 3:True:18,22:13675,1381
> 4:False:17,22:13675,1381
> 5:False:18,24:13675,1381
miconic-suboptimal-old-noisy/30/miconic_noisy_p02_hyp-4_30_1.tar.bz2:0.669507026672:0.1464914:0.66
> 0:False:17,27:13676,1383
> 1:False:17,26:13676,1383
> 2:False:17,25:13676,1383
> 3:True:18,24:13676,1383
> 4:False:17,24:13676,1383
> 5:False:18,25:13676,1383
miconic-suboptimal-old-noisy/30/miconic_noisy_p02_hyp-4_30_2.tar.bz2:0.641471147537:0.1180775:0.64
> 0:False:17,27:13676,1383
> 1:False:17,30:13676,1383
> 2:False:17,27:13676,1383
> 3:True:18,24:13676,1383
> 4:False:17,24:13676,1383
> 5:False:18,26:13676,1383
miconic-suboptimal-old-noisy/30/miconic_noisy_p02_hyp-4_30_3.tar.bz2:0.646735906601:0.1253928:0.64
> 0:False:17,26:13676,1383
> 1:False:17,27:13676,1383
> 2:False:17,24:13676,1383
> 3:True:18,23:13676,1383
> 4:False:17,24:13676,1383
> 5:False:18,25:13676,1383
miconic-suboptimal-old-noisy/30/miconic_noisy_p03_hyp-1_30_1.tar.bz2:0.50123000145:0.0668015:0.5
> 0:True:14,16:5987,801
> 1:False:14,20:5987,801
> 2:False:15,22:5987,801
> 3:False:13,22:5987,801
> 4:False:15,22:5987,801
> 5:False:14,19:5987,801
miconic-suboptimal-old-noisy/30/miconic_noisy_p03_hyp-1_30_2.tar.bz2:0.49991607666:0.0637053:0.5
> 0:True:14,18:5986,799
> 1:False:14,22:5986,799
> 2:False:15,20:5986,799
> 3:False:13,21:5986,799
> 4:False:15,21:5986,799
> 5:False:14,19:5986,799
miconic-suboptimal-old-noisy/30/miconic_noisy_p03_hyp-1_30_3.tar.bz2:0.506154060364:0.0699164:0.5
> 0:True:14,17:5987,801
> 1:False:14,21:5987,801
> 2:False:15,19:5987,801
> 3:False:13,19:5987,801
> 4:False:15,19:5987,801
> 5:False:14,18:5987,801
miconic-suboptimal-old-noisy/30/miconic_noisy_p03_hyp-2_30_1.tar.bz2:0.501549959183:0.0652477:0.49
> 0:False:14,18:5988,803
> 1:True:14,17:5988,803
> 2:True:15,18:5988,803
> 3:False:13,18:5988,803
> 4:False:15,20:5988,803
> 5:False:14,18:5988,803
miconic-suboptimal-old-noisy/30/miconic_noisy_p03_hyp-2_30_2.tar.bz2:0.510788202286:0.0736594:0.51
> 0:False:14,21:5988,803
> 1:False:14,19:5988,803
> 2:False:15,20:5988,803
> 3:False:13,20:5988,803
> 4:False:15,23:5988,803
> 5:True:14,18:5988,803
miconic-suboptimal-old-noisy/30/miconic_noisy_p03_hyp-2_30_3.tar.bz2:0.501384973526:0.0678656:0.51
> 0:False:14,21:5987,801
> 1:True:14,19:5987,801
> 2:False:15,21:5987,801
> 3:False:13,21:5987,801
> 4:False:15,24:5987,801
> 5:False:14,21:5987,801
miconic-suboptimal-old-noisy/30/miconic_noisy_p03_hyp-3_30_1.tar.bz2:0.499397039413:0.0644649:0.5
> 0:True:14,17:5987,801
> 1:False:14,20:5987,801
> 2:True:15,18:5987,801
> 3:False:13,19:5987,801
> 4:False:15,19:5987,801
> 5:False:14,18:5987,801
miconic-suboptimal-old-noisy/30/miconic_noisy_p03_hyp-3_30_2.tar.bz2:0.501254081726:0.0654103:0.5
> 0:True:14,18:5987,801
> 1:False:14,20:5987,801
> 2:True:15,19:5987,801
> 3:False:13,19:5987,801
> 4:True:15,19:5987,801
> 5:True:14,18:5987,801
miconic-suboptimal-old-noisy/30/miconic_noisy_p03_hyp-3_30_3.tar.bz2:0.499553918839:0.0644449:0.5
> 0:False:14,20:5987,801
> 1:False:14,18:5987,801
> 2:True:15,18:5987,801
> 3:False:13,18:5987,801
> 4:False:15,19:5987,801
> 5:False:14,19:5987,801
miconic-suboptimal-old-noisy/30/miconic_noisy_p03_hyp-4_30_1.tar.bz2:0.502621173859:0.0668969:0.5
> 0:False:14,20:5986,799
> 1:False:14,20:5986,799
> 2:True:15,19:5986,799
> 3:True:13,17:5986,799
> 4:False:15,20:5986,799
> 5:False:14,19:5986,799
miconic-suboptimal-old-noisy/30/miconic_noisy_p03_hyp-4_30_2.tar.bz2:0.506343126297:0.0707762:0.51
> 0:False:14,26:5986,799
> 1:False:14,22:5986,799
> 2:True:15,21:5986,799
> 3:False:13,20:5986,799
> 4:True:15,21:5986,799
> 5:False:14,23:5986,799
miconic-suboptimal-old-noisy/30/miconic_noisy_p03_hyp-4_30_3.tar.bz2:0.503273963928:0.0685135:0.5
> 0:False:14,21:5986,799
> 1:False:14,21:5986,799
> 2:True:15,20:5986,799
> 3:False:13,19:5986,799
> 4:True:15,20:5986,799
> 5:False:14,20:5986,799
miconic-suboptimal-old-noisy/50/miconic_noisy_p01_hyp-1_50_1.tar.bz2:0.746523141861:0.1650525:0.74
> 0:True:17,24:19241,1743
> 1:False:16,28:19241,1743
> 2:False:15,25:19241,1743
> 3:False:16,27:19241,1743
> 4:False:16,25:19241,1743
> 5:False:17,25:19241,1743
miconic-suboptimal-old-noisy/50/miconic_noisy_p01_hyp-1_50_2.tar.bz2:0.732732057571:0.1572056:0.73
> 0:True:17,25:19241,1743
> 1:False:16,32:19241,1743
> 2:False:15,28:19241,1743
> 3:False:16,31:19241,1743
> 4:False:16,28:19241,1743
> 5:False:17,26:19241,1743
miconic-suboptimal-old-noisy/50/miconic_noisy_p01_hyp-1_50_3.tar.bz2:0.734117984772:0.155255:0.72
> 0:True:17,24:19241,1743
> 1:False:16,32:19241,1743
> 2:False:15,27:19241,1743
> 3:False:16,30:19241,1743
> 4:False:16,29:19241,1743
> 5:False:17,26:19241,1743
miconic-suboptimal-old-noisy/50/miconic_noisy_p01_hyp-2_50_1.tar.bz2:0.737987995148:0.156472:0.73
> 0:False:17,29:19240,1741
> 1:True:16,21:19240,1741
> 2:False:15,27:19240,1741
> 3:False:16,23:19240,1741
> 4:False:16,24:19240,1741
> 5:False:17,28:19240,1741
miconic-suboptimal-old-noisy/50/miconic_noisy_p01_hyp-2_50_2.tar.bz2:0.747311830521:0.1682843:0.75
> 0:False:17,30:19240,1741
> 1:True:16,25:19240,1741
> 2:False:15,29:19240,1741
> 3:False:16,27:19240,1741
> 4:False:16,27:19240,1741
> 5:False:17,31:19240,1741
miconic-suboptimal-old-noisy/50/miconic_noisy_p01_hyp-2_50_3.tar.bz2:0.733208179474:0.1541375:0.73
> 0:False:17,29:19241,1743
> 1:True:16,23:19241,1743
> 2:False:15,29:19241,1743
> 3:False:16,26:19241,1743
> 4:False:16,28:19241,1743
> 5:False:17,31:19241,1743
miconic-suboptimal-old-noisy/50/miconic_noisy_p01_hyp-3_50_1.tar.bz2:0.755465984344:0.1753155:0.76
> 0:False:17,28:19240,1741
> 1:False:16,28:19240,1741
> 2:True:15,23:19240,1741
> 3:False:16,26:19240,1741
> 4:False:16,28:19240,1741
> 5:False:17,27:19240,1741
miconic-suboptimal-old-noisy/50/miconic_noisy_p01_hyp-3_50_2.tar.bz2:0.74658703804:0.1671623:0.75
> 0:False:17,26:19238,1737
> 1:False:16,28:19238,1737
> 2:True:15,23:19238,1737
> 3:False:16,25:19238,1737
> 4:False:16,29:19238,1737
> 5:True:17,25:19238,1737
miconic-suboptimal-old-noisy/50/miconic_noisy_p01_hyp-3_50_3.tar.bz2:0.743883132935:0.1661464:0.74
> 0:False:17,27:19240,1741
> 1:False:16,29:19240,1741
> 2:True:15,22:19240,1741
> 3:False:16,26:19240,1741
> 4:False:16,29:19240,1741
> 5:False:17,26:19240,1741
miconic-suboptimal-old-noisy/50/miconic_noisy_p01_hyp-4_50_1.tar.bz2:0.733335018158:0.1559086:0.74
> 0:False:17,29:19240,1741
> 1:False:16,25:19240,1741
> 2:False:15,26:19240,1741
> 3:True:16,22:19240,1741
> 4:False:16,29:19240,1741
> 5:False:17,28:19240,1741
miconic-suboptimal-old-noisy/50/miconic_noisy_p01_hyp-4_50_2.tar.bz2:0.748548030853:0.1700509:0.75
> 0:False:17,28:19239,1739
> 1:False:16,27:19239,1739
> 2:False:15,26:19239,1739
> 3:True:16,24:19239,1739
> 4:False:16,31:19239,1739
> 5:False:17,29:19239,1739
miconic-suboptimal-old-noisy/50/miconic_noisy_p01_hyp-4_50_3.tar.bz2:0.730755805969:0.1540476:0.73
> 0:False:17,28:19238,1737
> 1:False:16,23:19238,1737
> 2:False:15,24:19238,1737
> 3:True:16,22:19238,1737
> 4:False:16,28:19238,1737
> 5:False:17,29:19238,1737
miconic-suboptimal-old-noisy/50/miconic_noisy_p02_hyp-1_50_1.tar.bz2:0.649795055389:0.1275373:0.65
> 0:True:17,24:13681,1393
> 1:False:17,30:13681,1393
> 2:False:17,27:13681,1393
> 3:True:18,25:13681,1393
> 4:False:17,27:13681,1393
> 5:False:18,30:13681,1393
miconic-suboptimal-old-noisy/50/miconic_noisy_p02_hyp-1_50_2.tar.bz2:0.635862112045:0.1168161:0.63
> 0:True:17,23:13681,1393
> 1:False:17,27:13681,1393
> 2:False:17,26:13681,1393
> 3:False:18,27:13681,1393
> 4:False:17,27:13681,1393
> 5:False:18,28:13681,1393
miconic-suboptimal-old-noisy/50/miconic_noisy_p02_hyp-1_50_3.tar.bz2:0.637388944626:0.1164481:0.64
> 0:True:17,24:13682,1395
> 1:False:17,31:13682,1395
> 2:False:17,29:13682,1395
> 3:False:18,28:13682,1395
> 4:False:17,29:13682,1395
> 5:False:18,30:13682,1395
miconic-suboptimal-old-noisy/50/miconic_noisy_p02_hyp-2_50_1.tar.bz2:0.651360988617:0.1306118:0.65
> 0:False:17,31:13681,1393
> 1:True:17,25:13681,1393
> 2:False:17,28:13681,1393
> 3:False:18,31:13681,1393
> 4:False:17,30:13681,1393
> 5:False:18,28:13681,1393
miconic-suboptimal-old-noisy/50/miconic_noisy_p02_hyp-2_50_2.tar.bz2:0.642451047897:0.1223655:0.65
> 0:False:17,29:13681,1393
> 1:True:17,23:13681,1393
> 2:False:17,25:13681,1393
> 3:False:18,27:13681,1393
> 4:False:17,26:13681,1393
> 5:False:18,26:13681,1393
miconic-suboptimal-old-noisy/50/miconic_noisy_p02_hyp-2_50_3.tar.bz2:0.644825935364:0.1239075:0.64
> 0:False:17,29:13680,1391
> 1:True:17,25:13680,1391
> 2:False:17,26:13680,1391
> 3:False:18,29:13680,1391
> 4:False:17,29:13680,1391
> 5:False:18,29:13680,1391
miconic-suboptimal-old-noisy/50/miconic_noisy_p02_hyp-3_50_1.tar.bz2:0.646456956863:0.1244576:0.65
> 0:False:17,28:13681,1393
> 1:False:17,29:13681,1393
> 2:True:17,24:13681,1393
> 3:True:18,25:13681,1393
> 4:False:17,27:13681,1393
> 5:False:18,30:13681,1393
miconic-suboptimal-old-noisy/50/miconic_noisy_p02_hyp-3_50_2.tar.bz2:0.640774011612:0.1177745:0.65
> 0:False:17,24:13681,1393
> 1:False:17,25:13681,1393
> 2:True:17,23:13681,1393
> 3:True:18,24:13681,1393
> 4:False:17,26:13681,1393
> 5:False:18,28:13681,1393
miconic-suboptimal-old-noisy/50/miconic_noisy_p02_hyp-3_50_3.tar.bz2:0.644697904587:0.1247015:0.65
> 0:False:17,29:13680,1391
> 1:False:17,27:13680,1391
> 2:True:17,24:13680,1391
> 3:False:18,27:13680,1391
> 4:False:17,27:13680,1391
> 5:False:18,30:13680,1391
miconic-suboptimal-old-noisy/50/miconic_noisy_p02_hyp-4_50_1.tar.bz2:0.643977165222:0.1233997:0.64
> 0:False:17,27:13682,1395
> 1:False:17,30:13682,1395
> 2:False:17,25:13682,1395
> 3:True:18,23:13682,1395
> 4:False:17,25:13682,1395
> 5:False:18,26:13682,1395
miconic-suboptimal-old-noisy/50/miconic_noisy_p02_hyp-4_50_2.tar.bz2:0.674240112305:0.1521983:0.68
> 0:False:17,27:13683,1397
> 1:False:17,31:13683,1397
> 2:False:17,27:13683,1397
> 3:True:18,25:13683,1397
> 4:False:17,27:13683,1397
> 5:False:18,28:13683,1397
miconic-suboptimal-old-noisy/50/miconic_noisy_p02_hyp-4_50_3.tar.bz2:0.648077011108:0.1258413:0.65
> 0:False:17,27:13683,1397
> 1:False:17,29:13683,1397
> 2:False:17,26:13683,1397
> 3:True:18,23:13683,1397
> 4:False:17,25:13683,1397
> 5:False:18,27:13683,1397
miconic-suboptimal-old-noisy/50/miconic_noisy_p03_hyp-1_50_1.tar.bz2:0.500412940979:0.0640453:0.49
> 0:True:14,21:5991,809
> 1:False:14,24:5991,809
> 2:False:15,25:5991,809
> 3:False:13,25:5991,809
> 4:False:15,26:5991,809
> 5:False:14,23:5991,809
miconic-suboptimal-old-noisy/50/miconic_noisy_p03_hyp-1_50_2.tar.bz2:0.500944137573:0.064946:0.49
> 0:True:14,21:5991,809
> 1:False:14,25:5991,809
> 2:False:15,26:5991,809
> 3:False:13,24:5991,809
> 4:False:15,25:5991,809
> 5:False:14,23:5991,809
miconic-suboptimal-old-noisy/50/miconic_noisy_p03_hyp-1_50_3.tar.bz2:0.500862121582:0.0661496:0.51
> 0:True:14,20:5990,807
> 1:False:14,23:5990,807
> 2:False:15,25:5990,807
> 3:False:13,24:5990,807
> 4:False:15,24:5990,807
> 5:False:14,22:5990,807
miconic-suboptimal-old-noisy/50/miconic_noisy_p03_hyp-2_50_1.tar.bz2:0.505036830902:0.0677965:0.51
> 0:False:14,24:5992,811
> 1:True:14,22:5992,811
> 2:False:15,24:5992,811
> 3:False:13,25:5992,811
> 4:False:15,26:5992,811
> 5:False:14,23:5992,811
miconic-suboptimal-old-noisy/50/miconic_noisy_p03_hyp-2_50_2.tar.bz2:0.50603890419:0.0693289:0.51
> 0:False:14,25:5992,811
> 1:True:14,21:5992,811
> 2:False:15,23:5992,811
> 3:False:13,23:5992,811
> 4:False:15,26:5992,811
> 5:False:14,22:5992,811
miconic-suboptimal-old-noisy/50/miconic_noisy_p03_hyp-2_50_3.tar.bz2:0.507193088531:0.0729898:0.51
> 0:False:14,23:5994,815
> 1:True:14,21:5994,815
> 2:False:15,24:5994,815
> 3:False:13,24:5994,815
> 4:False:15,26:5994,815
> 5:True:14,21:5994,815
miconic-suboptimal-old-noisy/50/miconic_noisy_p03_hyp-3_50_1.tar.bz2:0.498723983765:0.0641965:0.5
> 0:False:14,26:5992,811
> 1:False:14,24:5992,811
> 2:True:15,22:5992,811
> 3:False:13,24:5992,811
> 4:False:15,25:5992,811
> 5:False:14,23:5992,811
miconic-suboptimal-old-noisy/50/miconic_noisy_p03_hyp-3_50_2.tar.bz2:0.500288963318:0.0646611:0.5
> 0:False:14,23:5992,811
> 1:False:14,22:5992,811
> 2:True:15,21:5992,811
> 3:False:13,23:5992,811
> 4:False:15,24:5992,811
> 5:False:14,23:5992,811
miconic-suboptimal-old-noisy/50/miconic_noisy_p03_hyp-3_50_3.tar.bz2:0.500519037247:0.0652673:0.5
> 0:False:14,26:5992,811
> 1:False:14,23:5992,811
> 2:True:15,22:5992,811
> 3:False:13,23:5992,811
> 4:False:15,23:5992,811
> 5:False:14,24:5992,811
miconic-suboptimal-old-noisy/50/miconic_noisy_p03_hyp-4_50_1.tar.bz2:0.505206108093:0.0705572:0.51
> 0:False:14,25:5991,809
> 1:False:14,21:5991,809
> 2:True:15,21:5991,809
> 3:False:13,20:5991,809
> 4:False:15,22:5991,809
> 5:False:14,22:5991,809
miconic-suboptimal-old-noisy/50/miconic_noisy_p03_hyp-4_50_2.tar.bz2:0.504082918167:0.0663319:0.51
> 0:False:14,25:5991,809
> 1:False:14,22:5991,809
> 2:False:15,22:5991,809
> 3:True:13,19:5991,809
> 4:False:15,23:5991,809
> 5:False:14,22:5991,809
miconic-suboptimal-old-noisy/50/miconic_noisy_p03_hyp-4_50_3.tar.bz2:0.502141952515:0.0654223:0.5
> 0:False:14,25:5991,809
> 1:False:14,23:5991,809
> 2:False:15,21:5991,809
> 3:False:13,20:5991,809
> 4:True:15,20:5991,809
> 5:False:14,23:5991,809
miconic-suboptimal-old-noisy/70/miconic_noisy_p01_hyp-1_70_1.tar.bz2:0.737031936646:0.1552907:0.73
> 0:True:17,26:19245,1751
> 1:False:16,32:19245,1751
> 2:False:15,30:19245,1751
> 3:False:16,30:19245,1751
> 4:False:16,30:19245,1751
> 5:False:17,28:19245,1751
miconic-suboptimal-old-noisy/70/miconic_noisy_p01_hyp-1_70_2.tar.bz2:0.737154960632:0.1572005:0.74
> 0:True:17,28:19247,1755
> 1:False:16,35:19247,1755
> 2:False:15,30:19247,1755
> 3:False:16,33:19247,1755
> 4:False:16,31:19247,1755
> 5:False:17,31:19247,1755
miconic-suboptimal-old-noisy/70/miconic_noisy_p01_hyp-1_70_3.tar.bz2:0.739723920822:0.1593659:0.74
> 0:True:17,26:19246,1753
> 1:False:16,33:19246,1753
> 2:False:15,29:19246,1753
> 3:False:16,31:19246,1753
> 4:False:16,31:19246,1753
> 5:False:17,28:19246,1753
miconic-suboptimal-old-noisy/70/miconic_noisy_p01_hyp-2_70_1.tar.bz2:0.737809896469:0.1554283:0.75
> 0:False:17,32:19247,1755
> 1:True:16,24:19247,1755
> 2:False:15,32:19247,1755
> 3:False:16,27:19247,1755
> 4:False:16,27:19247,1755
> 5:False:17,32:19247,1755
miconic-suboptimal-old-noisy/70/miconic_noisy_p01_hyp-2_70_2.tar.bz2:0.746533870697:0.166313:0.74
> 0:False:17,37:19244,1749
> 1:True:16,29:19244,1749
> 2:False:15,36:19244,1749
> 3:False:16,32:19244,1749
> 4:False:16,32:19244,1749
> 5:False:17,38:19244,1749
miconic-suboptimal-old-noisy/70/miconic_noisy_p01_hyp-2_70_3.tar.bz2:0.736446142197:0.1555801:0.73
> 0:False:17,34:19245,1751
> 1:True:16,26:19245,1751
> 2:False:15,33:19245,1751
> 3:False:16,29:19245,1751
> 4:False:16,28:19245,1751
> 5:False:17,34:19245,1751
miconic-suboptimal-old-noisy/70/miconic_noisy_p01_hyp-3_70_1.tar.bz2:0.737915992737:0.1560171:0.73
> 0:True:17,29:19245,1751
> 1:False:16,33:19245,1751
> 2:True:15,27:19245,1751
> 3:False:16,31:19245,1751
> 4:False:16,33:19245,1751
> 5:True:17,29:19245,1751
miconic-suboptimal-old-noisy/70/miconic_noisy_p01_hyp-3_70_2.tar.bz2:0.738274097443:0.156484:0.74
> 0:False:17,29:19244,1749
> 1:False:16,32:19244,1749
> 2:True:15,26:19244,1749
> 3:False:16,31:19244,1749
> 4:False:16,30:19244,1749
> 5:False:17,30:19244,1749
miconic-suboptimal-old-noisy/70/miconic_noisy_p01_hyp-3_70_3.tar.bz2:0.739091157913:0.1596792:0.74
> 0:False:17,31:19244,1749
> 1:False:16,32:19244,1749
> 2:True:15,28:19244,1749
> 3:False:16,31:19244,1749
> 4:False:16,32:19244,1749
> 5:False:17,31:19244,1749
miconic-suboptimal-old-noisy/70/miconic_noisy_p01_hyp-4_70_1.tar.bz2:0.733081102371:0.1535563:0.74
> 0:True:17,26:19243,1747
> 1:False:16,28:19243,1747
> 2:False:15,25:19243,1747
> 3:True:16,25:19243,1747
> 4:False:16,29:19243,1747
> 5:False:17,28:19243,1747
miconic-suboptimal-old-noisy/70/miconic_noisy_p01_hyp-4_70_2.tar.bz2:0.737569093704:0.1558967:0.74
> 0:False:17,33:19244,1749
> 1:False:16,30:19244,1749
> 2:False:15,31:19244,1749
> 3:True:16,27:19244,1749
> 4:False:16,35:19244,1749
> 5:False:17,34:19244,1749
miconic-suboptimal-old-noisy/70/miconic_noisy_p01_hyp-4_70_3.tar.bz2:0.739906072617:0.1569364:0.74
> 0:False:17,32:19244,1749
> 1:False:16,27:19244,1749
> 2:False:15,30:19244,1749
> 3:True:16,25:19244,1749
> 4:False:16,31:19244,1749
> 5:False:17,32:19244,1749
miconic-suboptimal-old-noisy/70/miconic_noisy_p02_hyp-1_70_1.tar.bz2:0.652448892593:0.1309207:0.65
> 0:True:17,29:13687,1405
> 1:False:17,35:13687,1405
> 2:False:17,32:13687,1405
> 3:False:18,32:13687,1405
> 4:False:17,33:13687,1405
> 5:False:18,33:13687,1405
miconic-suboptimal-old-noisy/70/miconic_noisy_p02_hyp-1_70_2.tar.bz2:0.63944196701:0.117933:0.63
> 0:True:17,27:13687,1405
> 1:False:17,32:13687,1405
> 2:False:17,31:13687,1405
> 3:False:18,30:13687,1405
> 4:False:17,30:13687,1405
> 5:False:18,33:13687,1405
miconic-suboptimal-old-noisy/70/miconic_noisy_p02_hyp-1_70_3.tar.bz2:0.643404006958:0.1225805:0.65
> 0:True:17,28:13687,1405
> 1:False:17,34:13687,1405
> 2:False:17,32:13687,1405
> 3:False:18,32:13687,1405
> 4:False:17,33:13687,1405
> 5:False:18,36:13687,1405
miconic-suboptimal-old-noisy/70/miconic_noisy_p02_hyp-2_70_1.tar.bz2:0.641030073166:0.1223091:0.63
> 0:False:17,31:13684,1399
> 1:True:17,27:13684,1399
> 2:False:17,32:13684,1399
> 3:False:18,35:13684,1399
> 4:False:17,32:13684,1399
> 5:False:18,32:13684,1399
miconic-suboptimal-old-noisy/70/miconic_noisy_p02_hyp-2_70_2.tar.bz2:0.633250951767:0.1144229:0.64
> 0:False:17,30:13687,1405
> 1:True:17,24:13687,1405
> 2:False:17,27:13687,1405
> 3:False:18,31:13687,1405
> 4:False:17,29:13687,1405
> 5:False:18,29:13687,1405
miconic-suboptimal-old-noisy/70/miconic_noisy_p02_hyp-2_70_3.tar.bz2:0.637063980103:0.1162156:0.64
> 0:False:17,32:13688,1407
> 1:True:17,26:13688,1407
> 2:False:17,31:13688,1407
> 3:False:18,34:13688,1407
> 4:False:17,31:13688,1407
> 5:False:18,30:13688,1407
miconic-suboptimal-old-noisy/70/miconic_noisy_p02_hyp-3_70_1.tar.bz2:0.647362947464:0.1262405:0.65
> 0:False:17,31:13687,1405
> 1:False:17,31:13687,1405
> 2:True:17,26:13687,1405
> 3:False:18,29:13687,1405
> 4:False:17,31:13687,1405
> 5:False:18,32:13687,1405
miconic-suboptimal-old-noisy/70/miconic_noisy_p02_hyp-3_70_2.tar.bz2:0.647837162018:0.1262378:0.65
> 0:False:17,33:13687,1405
> 1:False:17,31:13687,1405
> 2:True:17,27:13687,1405
> 3:False:18,31:13687,1405
> 4:False:17,33:13687,1405
> 5:False:18,35:13687,1405
miconic-suboptimal-old-noisy/70/miconic_noisy_p02_hyp-3_70_3.tar.bz2:0.640619039536:0.1202078:0.64
> 0:False:17,32:13687,1405
> 1:False:17,32:13687,1405
> 2:True:17,28:13687,1405
> 3:False:18,30:13687,1405
> 4:False:17,32:13687,1405
> 5:False:18,35:13687,1405
miconic-suboptimal-old-noisy/70/miconic_noisy_p02_hyp-4_70_1.tar.bz2:0.658675909042:0.1338591:0.66
> 0:False:17,32:13684,1399
> 1:False:17,34:13684,1399
> 2:False:17,32:13684,1399
> 3:True:18,30:13684,1399
> 4:False:17,30:13684,1399
> 5:False:18,32:13684,1399
miconic-suboptimal-old-noisy/70/miconic_noisy_p02_hyp-4_70_2.tar.bz2:0.663802862167:0.1381783:0.67
> 0:False:17,33:13685,1401
> 1:False:17,35:13685,1401
> 2:False:17,32:13685,1401
> 3:True:18,29:13685,1401
> 4:False:17,30:13685,1401
> 5:False:18,32:13685,1401
miconic-suboptimal-old-noisy/70/miconic_noisy_p02_hyp-4_70_3.tar.bz2:0.638207912445:0.1154495:0.64
> 0:False:17,31:13687,1405
> 1:False:17,32:13687,1405
> 2:False:17,28:13687,1405
> 3:True:18,26:13687,1405
> 4:False:17,28:13687,1405
> 5:False:18,30:13687,1405
miconic-suboptimal-old-noisy/70/miconic_noisy_p03_hyp-1_70_1.tar.bz2:0.506879806519:0.0711933:0.51
> 0:True:14,22:5995,817
> 1:False:14,26:5995,817
> 2:False:15,26:5995,817
> 3:False:13,26:5995,817
> 4:False:15,26:5995,817
> 5:False:14,24:5995,817
miconic-suboptimal-old-noisy/70/miconic_noisy_p03_hyp-1_70_2.tar.bz2:0.505576133728:0.0702018:0.5
> 0:True:14,23:5993,813
> 1:False:14,27:5993,813
> 2:False:15,28:5993,813
> 3:False:13,28:5993,813
> 4:False:15,28:5993,813
> 5:False:14,25:5993,813
miconic-suboptimal-old-noisy/70/miconic_noisy_p03_hyp-1_70_3.tar.bz2:0.510071992874:0.0726024:0.5
> 0:True:14,21:5995,817
> 1:False:14,25:5995,817
> 2:False:15,25:5995,817
> 3:False:13,24:5995,817
> 4:False:15,25:5995,817
> 5:False:14,22:5995,817
miconic-suboptimal-old-noisy/70/miconic_noisy_p03_hyp-2_70_1.tar.bz2:0.50213098526:0.0658742:0.49
> 0:False:14,28:5997,821
> 1:True:14,24:5997,821
> 2:False:15,26:5997,821
> 3:False:13,26:5997,821
> 4:False:15,28:5997,821
> 5:False:14,26:5997,821
miconic-suboptimal-old-noisy/70/miconic_noisy_p03_hyp-2_70_2.tar.bz2:0.502423048019:0.0672801:0.51
> 0:False:14,29:5997,821
> 1:True:14,25:5997,821
> 2:True:15,26:5997,821
> 3:False:13,27:5997,821
> 4:False:15,28:5997,821
> 5:False:14,27:5997,821
miconic-suboptimal-old-noisy/70/miconic_noisy_p03_hyp-2_70_3.tar.bz2:0.506998062134:0.0750989:0.51
> 0:False:14,31:5997,821
> 1:True:14,26:5997,821
> 2:False:15,28:5997,821
> 3:False:13,28:5997,821
> 4:False:15,31:5997,821
> 5:False:14,28:5997,821
miconic-suboptimal-old-noisy/70/miconic_noisy_p03_hyp-3_70_1.tar.bz2:0.503527879715:0.0656168:0.51
> 0:False:14,26:5996,819
> 1:False:14,24:5996,819
> 2:True:15,23:5996,819
> 3:False:13,25:5996,819
> 4:False:15,25:5996,819
> 5:False:14,24:5996,819
miconic-suboptimal-old-noisy/70/miconic_noisy_p03_hyp-3_70_2.tar.bz2:0.502411842346:0.0655661:0.5
> 0:False:14,29:5997,821
> 1:False:14,26:5997,821
> 2:True:15,24:5997,821
> 3:False:13,26:5997,821
> 4:False:15,27:5997,821
> 5:False:14,26:5997,821
miconic-suboptimal-old-noisy/70/miconic_noisy_p03_hyp-3_70_3.tar.bz2:0.502560853958:0.0669892:0.5
> 0:False:14,27:5996,819
> 1:False:14,25:5996,819
> 2:True:15,23:5996,819
> 3:False:13,24:5996,819
> 4:False:15,24:5996,819
> 5:False:14,25:5996,819
miconic-suboptimal-old-noisy/70/miconic_noisy_p03_hyp-4_70_1.tar.bz2:0.504922151566:0.0675744:0.5
> 0:False:14,27:5996,819
> 1:False:14,24:5996,819
> 2:False:15,25:5996,819
> 3:True:13,22:5996,819
> 4:True:15,24:5996,819
> 5:False:14,25:5996,819
miconic-suboptimal-old-noisy/70/miconic_noisy_p03_hyp-4_70_2.tar.bz2:0.503429174423:0.0690346:0.5
> 0:False:14,28:5995,817
> 1:False:14,27:5995,817
> 2:True:15,26:5995,817
> 3:False:13,26:5995,817
> 4:False:15,27:5995,817
> 5:False:14,26:5995,817
miconic-suboptimal-old-noisy/70/miconic_noisy_p03_hyp-4_70_3.tar.bz2:0.504127979279:0.0684463:0.5
> 0:False:14,25:5997,821
> 1:False:14,22:5997,821
> 2:True:15,22:5997,821
> 3:False:13,22:5997,821
> 4:False:15,25:5997,821
> 5:False:14,22:5997,821
miconic-suboptimal-old-noisy/100/miconic_noisy_p01_hyp-1_full_1.tar.bz2:0.734139919281:0.1544779:0.73
> 0:True:17,33:19252,1765
> 1:False:16,42:19252,1765
> 2:False:15,37:19252,1765
> 3:False:16,40:19252,1765
> 4:False:16,38:19252,1765
> 5:False:17,36:19252,1765
miconic-suboptimal-old-noisy/100/miconic_noisy_p01_hyp-1_full_2.tar.bz2:0.732636928558:0.1545909:0.73
> 0:True:17,31:19252,1765
> 1:False:16,41:19252,1765
> 2:False:15,35:19252,1765
> 3:False:16,38:19252,1765
> 4:False:16,37:19252,1765
> 5:False:17,34:19252,1765
miconic-suboptimal-old-noisy/100/miconic_noisy_p01_hyp-1_full_3.tar.bz2:0.734215974808:0.1550776:0.73
> 0:True:17,33:19251,1763
> 1:False:16,42:19251,1763
> 2:False:15,37:19251,1763
> 3:False:16,40:19251,1763
> 4:False:16,38:19251,1763
> 5:False:17,36:19251,1763
miconic-suboptimal-old-noisy/100/miconic_noisy_p01_hyp-2_full_1.tar.bz2:0.734591007233:0.1555975:0.74
> 0:False:17,40:19251,1763
> 1:True:16,31:19251,1763
> 2:False:15,37:19251,1763
> 3:False:16,33:19251,1763
> 4:False:16,35:19251,1763
> 5:False:17,40:19251,1763
miconic-suboptimal-old-noisy/100/miconic_noisy_p01_hyp-2_full_2.tar.bz2:0.731371164322:0.1531654:0.73
> 0:False:17,39:19251,1763
> 1:True:16,30:19251,1763
> 2:False:15,36:19251,1763
> 3:False:16,32:19251,1763
> 4:False:16,34:19251,1763
> 5:False:17,39:19251,1763
miconic-suboptimal-old-noisy/100/miconic_noisy_p01_hyp-2_full_3.tar.bz2:0.731265068054:0.1533595:0.72
> 0:False:17,40:19251,1763
> 1:True:16,33:19251,1763
> 2:False:15,40:19251,1763
> 3:False:16,35:19251,1763
> 4:False:16,38:19251,1763
> 5:False:17,40:19251,1763
miconic-suboptimal-old-noisy/100/miconic_noisy_p01_hyp-3_full_1.tar.bz2:0.739596843719:0.1586683:0.74
> 0:False:17,36:19250,1761
> 1:False:16,38:19250,1761
> 2:True:15,30:19250,1761
> 3:False:16,36:19250,1761
> 4:False:16,38:19250,1761
> 5:False:17,36:19250,1761
miconic-suboptimal-old-noisy/100/miconic_noisy_p01_hyp-3_full_2.tar.bz2:0.740061998367:0.1606261:0.74
> 0:False:17,37:19250,1761
> 1:False:16,38:19250,1761
> 2:True:15,31:19250,1761
> 3:False:16,36:19250,1761
> 4:False:16,38:19250,1761
> 5:False:17,36:19250,1761
miconic-suboptimal-old-noisy/100/miconic_noisy_p01_hyp-3_full_3.tar.bz2:0.73971414566:0.1575377:0.74
> 0:False:17,33:19250,1761
> 1:False:16,37:19250,1761
> 2:True:15,29:19250,1761
> 3:False:16,34:19250,1761
> 4:False:16,37:19250,1761
> 5:False:17,34:19250,1761
miconic-suboptimal-old-noisy/100/miconic_noisy_p01_hyp-4_full_1.tar.bz2:0.737113952637:0.1550729:0.73
> 0:False:17,36:19250,1761
> 1:False:16,31:19250,1761
> 2:False:15,33:19250,1761
> 3:True:16,29:19250,1761
> 4:False:16,35:19250,1761
> 5:False:17,36:19250,1761
miconic-suboptimal-old-noisy/100/miconic_noisy_p01_hyp-4_full_2.tar.bz2:0.740895986557:0.1624716:0.74
> 0:False:17,35:19250,1761
> 1:False:16,31:19250,1761
> 2:False:15,34:19250,1761
> 3:True:16,30:19250,1761
> 4:False:16,35:19250,1761
> 5:False:17,35:19250,1761
miconic-suboptimal-old-noisy/100/miconic_noisy_p01_hyp-4_full_3.tar.bz2:0.731304168701:0.1530765:0.72
> 0:False:17,35:19250,1761
> 1:False:16,32:19250,1761
> 2:False:15,34:19250,1761
> 3:True:16,29:19250,1761
> 4:False:16,37:19250,1761
> 5:False:17,35:19250,1761
miconic-suboptimal-old-noisy/100/miconic_noisy_p02_hyp-1_full_1.tar.bz2:0.657326936722:0.1354096:0.65
> 0:True:17,35:13694,1419
> 1:False:17,39:13694,1419
> 2:False:17,39:13694,1419
> 3:False:18,39:13694,1419
> 4:False:17,39:13694,1419
> 5:False:18,41:13694,1419
miconic-suboptimal-old-noisy/100/miconic_noisy_p02_hyp-1_full_2.tar.bz2:0.645063877106:0.1228071:0.65
> 0:True:17,34:13694,1419
> 1:False:17,40:13694,1419
> 2:False:17,39:13694,1419
> 3:False:18,39:13694,1419
> 4:False:17,39:13694,1419
> 5:False:18,42:13694,1419
miconic-suboptimal-old-noisy/100/miconic_noisy_p02_hyp-1_full_3.tar.bz2:0.644103050232:0.123352:0.64
> 0:True:17,35:13694,1419
> 1:False:17,41:13694,1419
> 2:False:17,40:13694,1419
> 3:False:18,40:13694,1419
> 4:False:17,40:13694,1419
> 5:False:18,43:13694,1419
miconic-suboptimal-old-noisy/100/miconic_noisy_p02_hyp-2_full_1.tar.bz2:0.639781951904:0.1192145:0.64
> 0:False:17,38:13692,1415
> 1:True:17,33:13692,1415
> 2:False:17,36:13692,1415
> 3:False:18,39:13692,1415
> 4:False:17,37:13692,1415
> 5:False:18,37:13692,1415
miconic-suboptimal-old-noisy/100/miconic_noisy_p02_hyp-2_full_2.tar.bz2:0.637833118439:0.1162818:0.63
> 0:False:17,38:13691,1413
> 1:True:17,32:13691,1413
> 2:False:17,36:13691,1413
> 3:False:18,40:13691,1413
> 4:False:17,38:13691,1413
> 5:False:18,38:13691,1413
miconic-suboptimal-old-noisy/100/miconic_noisy_p02_hyp-2_full_3.tar.bz2:0.639551877975:0.1149843:0.65
> 0:False:17,37:13692,1415
> 1:True:17,31:13692,1415
> 2:False:17,35:13692,1415
> 3:False:18,39:13692,1415
> 4:False:17,37:13692,1415
> 5:False:18,37:13692,1415
miconic-suboptimal-old-noisy/100/miconic_noisy_p02_hyp-3_full_1.tar.bz2:0.641164064407:0.1204012:0.64
> 0:False:17,39:13694,1419
> 1:False:17,39:13694,1419
> 2:True:17,34:13694,1419
> 3:False:18,37:13694,1419
> 4:False:17,39:13694,1419
> 5:False:18,42:13694,1419
miconic-suboptimal-old-noisy/100/miconic_noisy_p02_hyp-3_full_2.tar.bz2:0.637116909027:0.1157356:0.63
> 0:False:17,39:13694,1419
> 1:False:17,39:13694,1419
> 2:True:17,35:13694,1419
> 3:False:18,37:13694,1419
> 4:False:17,39:13694,1419
> 5:False:18,41:13694,1419
miconic-suboptimal-old-noisy/100/miconic_noisy_p02_hyp-3_full_3.tar.bz2:0.637856006622:0.1156264:0.63
> 0:False:17,40:13694,1419
> 1:False:17,39:13694,1419
> 2:True:17,35:13694,1419
> 3:False:18,38:13694,1419
> 4:False:17,40:13694,1419
> 5:False:18,42:13694,1419
miconic-suboptimal-old-noisy/100/miconic_noisy_p02_hyp-4_full_1.tar.bz2:0.650794029236:0.1280517:0.64
> 0:False:17,38:13695,1421
> 1:False:17,39:13695,1421
> 2:False:17,36:13695,1421
> 3:True:18,35:13695,1421
> 4:False:17,37:13695,1421
> 5:False:18,38:13695,1421
miconic-suboptimal-old-noisy/100/miconic_noisy_p02_hyp-4_full_2.tar.bz2:0.651071071625:0.1276341:0.65
> 0:False:17,39:13695,1421
> 1:False:17,41:13695,1421
> 2:False:17,37:13695,1421
> 3:True:18,35:13695,1421
> 4:False:17,37:13695,1421
> 5:False:18,39:13695,1421
miconic-suboptimal-old-noisy/100/miconic_noisy_p02_hyp-4_full_3.tar.bz2:0.651534080505:0.1290167:0.65
> 0:False:17,37:13695,1421
> 1:False:17,39:13695,1421
> 2:False:17,35:13695,1421
> 3:True:18,33:13695,1421
> 4:False:17,35:13695,1421
> 5:False:18,37:13695,1421
miconic-suboptimal-old-noisy/100/miconic_noisy_p03_hyp-1_full_1.tar.bz2:0.50343298912:0.0676915:0.5
> 0:True:14,26:5999,825
> 1:False:14,31:5999,825
> 2:False:15,31:5999,825
> 3:False:13,31:5999,825
> 4:False:15,31:5999,825
> 5:False:14,29:5999,825
miconic-suboptimal-old-noisy/100/miconic_noisy_p03_hyp-1_full_2.tar.bz2:0.508260965347:0.0731927:0.51
> 0:True:14,26:6001,829
> 1:False:14,30:6001,829
> 2:False:15,30:6001,829
> 3:False:13,30:6001,829
> 4:False:15,30:6001,829
> 5:False:14,28:6001,829
miconic-suboptimal-old-noisy/100/miconic_noisy_p03_hyp-1_full_3.tar.bz2:0.505599975586:0.0713038:0.51
> 0:True:14,27:6001,829
> 1:False:14,31:6001,829
> 2:False:15,31:6001,829
> 3:False:13,31:6001,829
> 4:False:15,31:6001,829
> 5:False:14,29:6001,829
miconic-suboptimal-old-noisy/100/miconic_noisy_p03_hyp-2_full_1.tar.bz2:0.509505033493:0.0737968:0.5
> 0:False:14,35:6003,833
> 1:True:14,31:6003,833
> 2:False:15,33:6003,833
> 3:False:13,33:6003,833
> 4:False:15,35:6003,833
> 5:False:14,33:6003,833
miconic-suboptimal-old-noisy/100/miconic_noisy_p03_hyp-2_full_2.tar.bz2:0.510655879974:0.0749996:0.51
> 0:False:14,35:6003,833
> 1:True:14,31:6003,833
> 2:False:15,33:6003,833
> 3:False:13,33:6003,833
> 4:False:15,35:6003,833
> 5:False:14,33:6003,833
miconic-suboptimal-old-noisy/100/miconic_noisy_p03_hyp-2_full_3.tar.bz2:0.509907007217:0.0748037:0.51
> 0:False:14,35:6003,833
> 1:True:14,30:6003,833
> 2:False:15,33:6003,833
> 3:False:13,33:6003,833
> 4:False:15,35:6003,833
> 5:False:14,33:6003,833
miconic-suboptimal-old-noisy/100/miconic_noisy_p03_hyp-3_full_1.tar.bz2:0.499664068222:0.0638348:0.5
> 0:False:14,32:6002,831
> 1:False:14,30:6002,831
> 2:True:15,28:6002,831
> 3:False:13,30:6002,831
> 4:False:15,30:6002,831
> 5:False:14,30:6002,831
miconic-suboptimal-old-noisy/100/miconic_noisy_p03_hyp-3_full_2.tar.bz2:0.497388124466:0.0657854:0.49
> 0:False:14,34:6001,829
> 1:False:14,32:6001,829
> 2:True:15,30:6001,829
> 3:False:13,32:6001,829
> 4:False:15,32:6001,829
> 5:False:14,32:6001,829
miconic-suboptimal-old-noisy/100/miconic_noisy_p03_hyp-3_full_3.tar.bz2:0.500653028488:0.0656596:0.51
> 0:False:14,32:6002,831
> 1:False:14,31:6002,831
> 2:True:15,29:6002,831
> 3:False:13,31:6002,831
> 4:False:15,30:6002,831
> 5:False:14,31:6002,831
miconic-suboptimal-old-noisy/100/miconic_noisy_p03_hyp-4_full_1.tar.bz2:0.501220941544:0.0662528:0.5
> 0:False:14,33:6001,829
> 1:False:14,31:6001,829
> 2:True:15,31:6001,829
> 3:True:13,29:6001,829
> 4:True:15,31:6001,829
> 5:False:14,31:6001,829
miconic-suboptimal-old-noisy/100/miconic_noisy_p03_hyp-4_full_2.tar.bz2:0.502269983292:0.0673728:0.51
> 0:False:14,34:6001,829
> 1:False:14,32:6001,829
> 2:False:15,32:6001,829
> 3:True:13,29:6001,829
> 4:True:15,31:6001,829
> 5:False:14,32:6001,829
miconic-suboptimal-old-noisy/100/miconic_noisy_p03_hyp-4_full_3.tar.bz2:0.501759052277:0.0660006:0.5
> 0:False:14,33:6001,829
> 1:False:14,31:6001,829
> 2:True:15,31:6001,829
> 3:True:13,29:6001,829
> 4:True:15,31:6001,829
> 5:False:14,31:6001,829
