miconic-suboptimal-old-noisy/10/miconic_noisy_p01_hyp-1_10_1.tar.bz2:0.682377099991:0.0900731:0.69
> 0:True:17,17:19230,1742
> 1:False:16,18:19230,1741
> 2:False:15,16:19230,1740
> 3:False:16,17:19230,1741
> 4:False:16,18:19230,1741
> 5:False:17,18:19230,1742
miconic-suboptimal-old-noisy/10/miconic_noisy_p01_hyp-1_10_2.tar.bz2:0.680109024048:0.089579:0.68
> 0:True:17,17:19230,1741
> 1:False:16,17:19230,1740
> 2:True:15,15:19230,1739
> 3:False:16,17:19230,1740
> 4:False:16,17:19230,1740
> 5:True:17,17:19230,1741
miconic-suboptimal-old-noisy/10/miconic_noisy_p01_hyp-1_10_3.tar.bz2:0.677698135376:0.0892753:0.68
> 0:True:17,18:19230,1743
> 1:False:16,19:19230,1742
> 2:False:15,17:19230,1741
> 3:False:16,18:19230,1742
> 4:False:16,18:19230,1742
> 5:False:17,19:19230,1743
miconic-suboptimal-old-noisy/10/miconic_noisy_p01_hyp-2_10_1.tar.bz2:0.675168991089:0.0892431:0.68
> 0:False:17,18:19230,1742
> 1:True:16,16:19230,1741
> 2:False:15,16:19230,1740
> 3:True:16,16:19230,1741
> 4:False:16,18:19230,1741
> 5:False:17,19:19230,1742
miconic-suboptimal-old-noisy/10/miconic_noisy_p01_hyp-2_10_2.tar.bz2:0.682399988174:0.08926:0.69
> 0:False:17,18:19230,1743
> 1:True:16,16:19230,1742
> 2:True:15,15:19230,1741
> 3:True:16,16:19230,1742
> 4:False:16,18:19230,1742
> 5:False:17,18:19230,1743
miconic-suboptimal-old-noisy/10/miconic_noisy_p01_hyp-2_10_3.tar.bz2:0.682718992233:0.0883098:0.69
> 0:False:17,18:19230,1742
> 1:True:16,16:19230,1741
> 2:False:15,18:19230,1740
> 3:True:16,16:19230,1741
> 4:False:16,17:19230,1741
> 5:False:17,18:19230,1742
miconic-suboptimal-old-noisy/10/miconic_noisy_p01_hyp-3_10_1.tar.bz2:0.680650949478:0.0880235:0.68
> 0:False:17,19:19230,1745
> 1:False:16,18:19230,1744
> 2:True:15,15:19230,1743
> 3:False:16,17:19230,1744
> 4:False:16,20:19230,1744
> 5:False:17,18:19230,1745
miconic-suboptimal-old-noisy/10/miconic_noisy_p01_hyp-3_10_2.tar.bz2:0.676253080368:0.0887871:0.67
> 0:True:17,17:19230,1744
> 1:False:16,18:19230,1743
> 2:True:15,15:19230,1742
> 3:False:16,18:19230,1743
> 4:False:16,17:19230,1743
> 5:True:17,17:19230,1744
miconic-suboptimal-old-noisy/10/miconic_noisy_p01_hyp-3_10_3.tar.bz2:0.679162979126:0.0882623:0.68
> 0:False:17,18:19230,1741
> 1:True:16,16:19230,1740
> 2:True:15,15:19230,1739
> 3:False:16,17:19230,1740
> 4:True:16,16:19230,1740
> 5:False:17,18:19230,1741
miconic-suboptimal-old-noisy/10/miconic_noisy_p01_hyp-4_10_1.tar.bz2:0.675101041794:0.088945:0.68
> 0:False:17,18:19230,1740
> 1:True:16,16:19230,1739
> 2:False:15,16:19230,1738
> 3:True:16,16:19230,1739
> 4:False:16,18:19230,1739
> 5:False:17,18:19230,1740
miconic-suboptimal-old-noisy/10/miconic_noisy_p01_hyp-4_10_2.tar.bz2:0.677953004837:0.0890889:0.68
> 0:False:17,18:19230,1744
> 1:True:16,16:19230,1743
> 2:False:15,16:19230,1742
> 3:True:16,16:19230,1743
> 4:False:16,17:19230,1743
> 5:False:17,19:19230,1744
miconic-suboptimal-old-noisy/10/miconic_noisy_p01_hyp-4_10_3.tar.bz2:0.674246788025:0.0871476:0.68
> 0:False:17,18:19230,1744
> 1:True:16,16:19230,1743
> 2:False:15,17:19230,1742
> 3:True:16,16:19230,1743
> 4:False:16,17:19230,1743
> 5:False:17,21:19230,1744
miconic-suboptimal-old-noisy/10/miconic_noisy_p02_hyp-1_10_1.tar.bz2:0.60095000267:0.067846:0.6
> 0:True:17,17:13670,1391
> 1:False:17,19:13670,1391
> 2:False:17,18:13670,1391
> 3:True:18,18:13670,1392
> 4:False:17,18:13670,1391
> 5:False:18,19:13670,1392
miconic-suboptimal-old-noisy/10/miconic_noisy_p02_hyp-1_10_2.tar.bz2:0.600301980972:0.0679358:0.61
> 0:True:17,17:13670,1394
> 1:False:17,18:13670,1394
> 2:True:17,17:13670,1394
> 3:False:18,19:13670,1395
> 4:False:17,19:13670,1394
> 5:False:18,20:13670,1395
miconic-suboptimal-old-noisy/10/miconic_noisy_p02_hyp-1_10_3.tar.bz2:0.601679801941:0.0679406:0.61
> 0:True:17,17:13670,1392
> 1:False:17,18:13670,1392
> 2:True:17,17:13670,1392
> 3:False:18,19:13670,1393
> 4:False:17,20:13670,1392
> 5:False:18,20:13670,1393
miconic-suboptimal-old-noisy/10/miconic_noisy_p02_hyp-2_10_1.tar.bz2:0.601198196411:0.0677488:0.6
> 0:False:17,20:13670,1394
> 1:True:17,17:13670,1394
> 2:True:17,17:13670,1394
> 3:True:18,18:13670,1395
> 4:True:17,17:13670,1394
> 5:False:18,19:13670,1395
miconic-suboptimal-old-noisy/10/miconic_noisy_p02_hyp-2_10_2.tar.bz2:0.600008010864:0.0692027:0.6
> 0:False:17,18:13670,1394
> 1:True:17,17:13670,1394
> 2:False:17,18:13670,1394
> 3:False:18,19:13670,1395
> 4:False:17,18:13670,1394
> 5:True:18,18:13670,1395
miconic-suboptimal-old-noisy/10/miconic_noisy_p02_hyp-2_10_3.tar.bz2:0.600668907166:0.0676514:0.6
> 0:False:17,19:13670,1394
> 1:True:17,17:13670,1394
> 2:False:17,18:13670,1394
> 3:False:18,19:13670,1395
> 4:True:17,17:13670,1394
> 5:True:18,18:13670,1395
miconic-suboptimal-old-noisy/10/miconic_noisy_p02_hyp-3_10_1.tar.bz2:0.598425149918:0.068021:0.6
> 0:False:17,20:13670,1392
> 1:True:17,18:13670,1392
> 2:True:17,18:13670,1392
> 3:True:18,19:13670,1393
> 4:True:17,18:13670,1392
> 5:True:18,19:13670,1393
miconic-suboptimal-old-noisy/10/miconic_noisy_p02_hyp-3_10_2.tar.bz2:0.603484869003:0.0675735:0.6
> 0:False:17,18:13670,1393
> 1:False:17,18:13670,1393
> 2:True:17,17:13670,1393
> 3:True:18,18:13670,1394
> 4:False:17,18:13670,1393
> 5:False:18,21:13670,1394
miconic-suboptimal-old-noisy/10/miconic_noisy_p02_hyp-3_10_3.tar.bz2:0.601217985153:0.0668869:0.6
> 0:False:17,18:13670,1391
> 1:True:17,17:13670,1391
> 2:True:17,17:13670,1391
> 3:True:18,18:13670,1392
> 4:True:17,17:13670,1391
> 5:True:18,18:13670,1392
miconic-suboptimal-old-noisy/10/miconic_noisy_p02_hyp-4_10_1.tar.bz2:0.600458860397:0.0675104:0.6
> 0:False:17,18:13670,1393
> 1:False:17,19:13670,1393
> 2:False:17,18:13670,1393
> 3:True:18,18:13670,1394
> 4:False:17,19:13670,1393
> 5:False:18,19:13670,1394
miconic-suboptimal-old-noisy/10/miconic_noisy_p02_hyp-4_10_2.tar.bz2:0.601457834244:0.0671188:0.61
> 0:False:17,18:13670,1393
> 1:True:17,17:13670,1393
> 2:True:17,17:13670,1393
> 3:True:18,18:13670,1394
> 4:False:17,19:13670,1393
> 5:False:18,20:13670,1394
miconic-suboptimal-old-noisy/10/miconic_noisy_p02_hyp-4_10_3.tar.bz2:0.597319126129:0.0672531:0.59
> 0:False:17,20:13670,1394
> 1:False:17,18:13670,1394
> 2:True:17,17:13670,1394
> 3:True:18,18:13670,1395
> 4:False:17,18:13670,1394
> 5:False:18,19:13670,1395
miconic-suboptimal-old-noisy/10/miconic_noisy_p03_hyp-1_10_1.tar.bz2:0.482068061829:0.03769965:0.49
> 0:True:14,15:5982,808
> 1:False:14,17:5982,808
> 2:True:15,16:5982,809
> 3:True:13,14:5982,807
> 4:True:15,16:5982,809
> 5:True:14,15:5982,808
miconic-suboptimal-old-noisy/10/miconic_noisy_p03_hyp-1_10_2.tar.bz2:0.4845058918:0.03773326:0.48
> 0:False:14,15:5982,810
> 1:False:14,16:5982,810
> 2:True:15,15:5982,811
> 3:False:13,14:5982,809
> 4:False:15,16:5982,811
> 5:True:14,14:5982,810
miconic-suboptimal-old-noisy/10/miconic_noisy_p03_hyp-1_10_3.tar.bz2:0.482209920883:0.03764098:0.48
> 0:True:14,15:5982,809
> 1:True:14,15:5982,809
> 2:False:15,17:5982,810
> 3:False:13,16:5982,808
> 4:False:15,18:5982,810
> 5:True:14,15:5982,809
miconic-suboptimal-old-noisy/10/miconic_noisy_p03_hyp-2_10_1.tar.bz2:0.482201099396:0.03835095:0.49
> 0:True:14,15:5982,811
> 1:True:14,15:5982,811
> 2:True:15,16:5982,812
> 3:False:13,17:5982,810
> 4:False:15,17:5982,812
> 5:True:14,15:5982,811
miconic-suboptimal-old-noisy/10/miconic_noisy_p03_hyp-2_10_2.tar.bz2:0.482910871506:0.03762486:0.48
> 0:False:14,16:5982,807
> 1:True:14,15:5982,807
> 2:True:15,16:5982,808
> 3:False:13,15:5982,806
> 4:False:15,17:5982,808
> 5:True:14,15:5982,807
miconic-suboptimal-old-noisy/10/miconic_noisy_p03_hyp-2_10_3.tar.bz2:0.485383987427:0.03787811:0.49
> 0:True:14,14:5982,810
> 1:True:14,14:5982,810
> 2:False:15,17:5982,811
> 3:False:13,14:5982,809
> 4:False:15,17:5982,811
> 5:True:14,14:5982,810
miconic-suboptimal-old-noisy/10/miconic_noisy_p03_hyp-3_10_1.tar.bz2:0.482753992081:0.03791849:0.48
> 0:False:14,15:5982,807
> 1:True:14,14:5982,807
> 2:True:15,15:5982,808
> 3:False:13,14:5982,806
> 4:True:15,15:5982,808
> 5:True:14,14:5982,807
miconic-suboptimal-old-noisy/10/miconic_noisy_p03_hyp-3_10_2.tar.bz2:0.480854988098:0.03805536:0.48
> 0:False:14,15:5982,811
> 1:False:14,17:5982,811
> 2:True:15,15:5982,812
> 3:False:13,14:5982,810
> 4:False:15,16:5982,812
> 5:False:14,15:5982,811
miconic-suboptimal-old-noisy/10/miconic_noisy_p03_hyp-3_10_3.tar.bz2:0.482637882233:0.03782076:0.48
> 0:False:14,15:5982,811
> 1:False:14,17:5982,811
> 2:True:15,15:5982,812
> 3:False:13,14:5982,810
> 4:False:15,16:5982,812
> 5:False:14,15:5982,811
miconic-suboptimal-old-noisy/10/miconic_noisy_p03_hyp-4_10_1.tar.bz2:0.482168912888:0.03804995:0.48
> 0:False:14,16:5982,813
> 1:False:14,15:5982,813
> 2:True:15,15:5982,814
> 3:True:13,13:5982,812
> 4:True:15,15:5982,814
> 5:False:14,15:5982,813
miconic-suboptimal-old-noisy/10/miconic_noisy_p03_hyp-4_10_2.tar.bz2:0.484372138977:0.03791638:0.48
> 0:True:14,14:5982,810
> 1:True:14,14:5982,810
> 2:True:15,15:5982,811
> 3:True:13,13:5982,809
> 4:True:15,15:5982,811
> 5:True:14,14:5982,810
miconic-suboptimal-old-noisy/10/miconic_noisy_p03_hyp-4_10_3.tar.bz2:0.482837200165:0.03800265:0.48
> 0:False:14,15:5982,809
> 1:False:14,15:5982,809
> 2:False:15,16:5982,810
> 3:True:13,13:5982,808
> 4:False:15,16:5982,810
> 5:False:14,15:5982,809
miconic-suboptimal-old-noisy/30/miconic_noisy_p01_hyp-1_30_1.tar.bz2:0.689380168915:0.0970312:0.69
> 0:True:17,18:19236,1762
> 1:False:16,22:19236,1761
> 2:False:15,18:19236,1760
> 3:False:16,20:19236,1761
> 4:False:16,21:19236,1761
> 5:False:17,19:19236,1762
miconic-suboptimal-old-noisy/30/miconic_noisy_p01_hyp-1_30_2.tar.bz2:0.682488203049:0.0932128:0.69
> 0:True:17,19:19236,1766
> 1:False:16,23:19236,1765
> 2:False:15,19:19236,1764
> 3:False:16,21:19236,1765
> 4:False:16,20:19236,1765
> 5:False:17,20:19236,1766
miconic-suboptimal-old-noisy/30/miconic_noisy_p01_hyp-1_30_3.tar.bz2:0.684939146042:0.0940346:0.68
> 0:True:17,19:19235,1756
> 1:False:16,21:19235,1755
> 2:False:15,20:19235,1754
> 3:False:16,20:19235,1755
> 4:False:16,21:19235,1755
> 5:False:17,20:19235,1756
miconic-suboptimal-old-noisy/30/miconic_noisy_p01_hyp-2_30_1.tar.bz2:0.684182882309:0.0939135:0.68
> 0:False:17,22:19236,1765
> 1:True:16,16:19236,1764
> 2:False:15,21:19236,1763
> 3:False:16,18:19236,1764
> 4:False:16,18:19236,1764
> 5:False:17,23:19236,1765
miconic-suboptimal-old-noisy/30/miconic_noisy_p01_hyp-2_30_2.tar.bz2:0.685792922974:0.0934433:0.69
> 0:False:17,21:19235,1759
> 1:True:16,17:19235,1758
> 2:False:15,20:19235,1757
> 3:False:16,18:19235,1758
> 4:False:16,19:19235,1758
> 5:False:17,22:19235,1759
miconic-suboptimal-old-noisy/30/miconic_noisy_p01_hyp-2_30_3.tar.bz2:0.68320608139:0.0942052:0.68
> 0:False:17,22:19236,1760
> 1:True:16,17:19236,1759
> 2:False:15,19:19236,1758
> 3:False:16,18:19236,1759
> 4:False:16,19:19236,1759
> 5:False:17,20:19236,1760
miconic-suboptimal-old-noisy/30/miconic_noisy_p01_hyp-3_30_1.tar.bz2:0.683336019516:0.0916482:0.68
> 0:False:17,20:19234,1756
> 1:False:16,21:19234,1755
> 2:True:15,16:19234,1754
> 3:False:16,18:19234,1755
> 4:False:16,21:19234,1755
> 5:False:17,20:19234,1756
miconic-suboptimal-old-noisy/30/miconic_noisy_p01_hyp-3_30_2.tar.bz2:0.683166980743:0.0927746:0.68
> 0:False:17,20:19235,1760
> 1:False:16,19:19235,1759
> 2:True:15,16:19235,1758
> 3:False:16,18:19235,1759
> 4:False:16,22:19235,1759
> 5:False:17,21:19235,1760
miconic-suboptimal-old-noisy/30/miconic_noisy_p01_hyp-3_30_3.tar.bz2:0.6847012043:0.0931321:0.68
> 0:False:17,18:19235,1758
> 1:False:16,19:19235,1757
> 2:True:15,15:19235,1756
> 3:False:16,19:19235,1757
> 4:False:16,18:19235,1757
> 5:False:17,18:19235,1758
miconic-suboptimal-old-noisy/30/miconic_noisy_p01_hyp-4_30_1.tar.bz2:0.681982040405:0.0928806:0.68
> 0:False:17,21:19234,1760
> 1:True:16,16:19234,1759
> 2:False:15,21:19234,1758
> 3:False:16,17:19234,1759
> 4:False:16,17:19234,1759
> 5:False:17,19:19234,1760
miconic-suboptimal-old-noisy/30/miconic_noisy_p01_hyp-4_30_2.tar.bz2:0.679649114609:0.0898182:0.68
> 0:False:17,23:19234,1755
> 1:False:16,19:19234,1754
> 2:False:15,20:19234,1753
> 3:True:16,18:19234,1754
> 4:False:16,22:19234,1754
> 5:False:17,21:19234,1755
miconic-suboptimal-old-noisy/30/miconic_noisy_p01_hyp-4_30_3.tar.bz2:0.680464029312:0.0925288:0.68
> 0:False:17,20:19235,1760
> 1:False:16,18:19235,1759
> 2:False:15,18:19235,1758
> 3:True:16,16:19235,1759
> 4:False:16,20:19235,1759
> 5:False:17,18:19235,1760
miconic-suboptimal-old-noisy/30/miconic_noisy_p02_hyp-1_30_1.tar.bz2:0.604059934616:0.0725872:0.6
> 0:True:17,18:13676,1413
> 1:False:17,22:13676,1413
> 2:False:17,21:13676,1413
> 3:False:18,21:13676,1414
> 4:False:17,21:13676,1413
> 5:False:18,23:13676,1414
miconic-suboptimal-old-noisy/30/miconic_noisy_p02_hyp-1_30_2.tar.bz2:0.603642940521:0.0716112:0.61
> 0:True:17,19:13676,1414
> 1:False:17,21:13676,1414
> 2:False:17,22:13676,1414
> 3:False:18,24:13676,1415
> 4:False:17,22:13676,1414
> 5:False:18,24:13676,1415
miconic-suboptimal-old-noisy/30/miconic_noisy_p02_hyp-1_30_3.tar.bz2:0.603327989578:0.0726346:0.59
> 0:True:17,17:13676,1415
> 1:False:17,20:13676,1415
> 2:False:17,19:13676,1415
> 3:True:18,18:13676,1416
> 4:False:17,18:13676,1415
> 5:False:18,20:13676,1416
miconic-suboptimal-old-noisy/30/miconic_noisy_p02_hyp-2_30_1.tar.bz2:0.606184959412:0.0727151:0.61
> 0:False:17,19:13676,1412
> 1:True:17,17:13676,1412
> 2:False:17,18:13676,1412
> 3:False:18,22:13676,1413
> 4:False:17,20:13676,1412
> 5:False:18,21:13676,1413
miconic-suboptimal-old-noisy/30/miconic_noisy_p02_hyp-2_30_2.tar.bz2:0.605093002319:0.0735734:0.61
> 0:False:17,23:13676,1411
> 1:True:17,18:13676,1411
> 2:False:17,21:13676,1411
> 3:False:18,22:13676,1412
> 4:False:17,21:13676,1411
> 5:True:18,19:13676,1412
miconic-suboptimal-old-noisy/30/miconic_noisy_p02_hyp-2_30_3.tar.bz2:0.60715508461:0.0729834:0.61
> 0:False:17,20:13676,1416
> 1:True:17,18:13676,1416
> 2:False:17,19:13676,1416
> 3:False:18,21:13676,1417
> 4:False:17,21:13676,1416
> 5:False:18,21:13676,1417
miconic-suboptimal-old-noisy/30/miconic_noisy_p02_hyp-3_30_1.tar.bz2:0.605041980743:0.073374:0.61
> 0:False:17,23:13676,1416
> 1:False:17,19:13676,1416
> 2:True:17,17:13676,1416
> 3:False:18,21:13676,1417
> 4:False:17,21:13676,1416
> 5:False:18,22:13676,1417
miconic-suboptimal-old-noisy/30/miconic_noisy_p02_hyp-3_30_2.tar.bz2:0.602838039398:0.0720767:0.6
> 0:False:17,21:13675,1407
> 1:False:17,21:13675,1407
> 2:True:17,18:13675,1407
> 3:True:18,19:13675,1408
> 4:False:17,21:13675,1407
> 5:False:18,22:13675,1408
miconic-suboptimal-old-noisy/30/miconic_noisy_p02_hyp-3_30_3.tar.bz2:0.604898929596:0.0711832:0.6
> 0:False:17,21:13675,1408
> 1:False:17,20:13675,1408
> 2:True:17,18:13675,1408
> 3:False:18,20:13675,1409
> 4:False:17,20:13675,1408
> 5:False:18,22:13675,1409
miconic-suboptimal-old-noisy/30/miconic_noisy_p02_hyp-4_30_1.tar.bz2:0.604084014893:0.0730388:0.6
> 0:False:17,22:13676,1411
> 1:False:17,21:13676,1411
> 2:False:17,20:13676,1411
> 3:True:18,20:13676,1412
> 4:False:17,20:13676,1411
> 5:False:18,21:13676,1412
miconic-suboptimal-old-noisy/30/miconic_noisy_p02_hyp-4_30_2.tar.bz2:0.605449199677:0.0724377:0.6
> 0:False:17,21:13676,1413
> 1:False:17,23:13676,1413
> 2:False:17,20:13676,1413
> 3:True:18,19:13676,1414
> 4:False:17,19:13676,1413
> 5:False:18,21:13676,1414
miconic-suboptimal-old-noisy/30/miconic_noisy_p02_hyp-4_30_3.tar.bz2:0.604192018509:0.0714442:0.61
> 0:False:17,22:13676,1409
> 1:False:17,22:13676,1409
> 2:False:17,19:13676,1409
> 3:True:18,19:13676,1410
> 4:False:17,20:13676,1409
> 5:False:18,21:13676,1410
miconic-suboptimal-old-noisy/30/miconic_noisy_p03_hyp-1_30_1.tar.bz2:0.485983848572:0.04052592:0.48
> 0:True:14,14:5987,825
> 1:False:14,17:5987,825
> 2:False:15,18:5987,826
> 3:False:13,17:5987,824
> 4:False:15,17:5987,826
> 5:False:14,16:5987,825
miconic-suboptimal-old-noisy/30/miconic_noisy_p03_hyp-1_30_2.tar.bz2:0.484714984894:0.04027186:0.48
> 0:True:14,16:5986,823
> 1:False:14,19:5986,823
> 2:False:15,18:5986,824
> 3:False:13,19:5986,822
> 4:False:15,19:5986,824
> 5:False:14,17:5986,823
miconic-suboptimal-old-noisy/30/miconic_noisy_p03_hyp-1_30_3.tar.bz2:0.484354972839:0.0407984:0.49
> 0:True:14,14:5987,824
> 1:False:14,18:5987,824
> 2:False:15,16:5987,825
> 3:False:13,16:5987,823
> 4:False:15,16:5987,825
> 5:False:14,15:5987,824
miconic-suboptimal-old-noisy/30/miconic_noisy_p03_hyp-2_30_1.tar.bz2:0.484794855118:0.04105084:0.49
> 0:False:14,16:5988,825
> 1:True:14,15:5988,825
> 2:True:15,16:5988,826
> 3:False:13,16:5988,824
> 4:False:15,18:5988,826
> 5:False:14,16:5988,825
miconic-suboptimal-old-noisy/30/miconic_noisy_p03_hyp-2_30_2.tar.bz2:0.487718105316:0.04112323:0.49
> 0:False:14,18:5988,830
> 1:True:14,16:5988,830
> 2:True:15,17:5988,831
> 3:False:13,16:5988,829
> 4:False:15,19:5988,831
> 5:True:14,16:5988,830
miconic-suboptimal-old-noisy/30/miconic_noisy_p03_hyp-2_30_3.tar.bz2:0.486727952957:0.03980619:0.48
> 0:False:14,18:5987,828
> 1:True:14,17:5987,828
> 2:True:15,18:5987,829
> 3:False:13,17:5987,827
> 4:False:15,19:5987,829
> 5:False:14,18:5987,828
miconic-suboptimal-old-noisy/30/miconic_noisy_p03_hyp-3_30_1.tar.bz2:0.486922025681:0.04106498:0.49
> 0:False:14,15:5987,826
> 1:False:14,17:5987,826
> 2:True:15,15:5987,827
> 3:False:13,16:5987,825
> 4:False:15,17:5987,827
> 5:False:14,15:5987,826
miconic-suboptimal-old-noisy/30/miconic_noisy_p03_hyp-3_30_2.tar.bz2:0.483791828156:0.04028782:0.49
> 0:False:14,16:5987,823
> 1:False:14,17:5987,823
> 2:True:15,16:5987,824
> 3:False:13,16:5987,822
> 4:False:15,17:5987,824
> 5:True:14,15:5987,823
miconic-suboptimal-old-noisy/30/miconic_noisy_p03_hyp-3_30_3.tar.bz2:0.484054088593:0.0405583:0.48
> 0:False:14,17:5987,823
> 1:False:14,15:5987,823
> 2:True:15,15:5987,824
> 3:False:13,15:5987,822
> 4:False:15,16:5987,824
> 5:False:14,16:5987,823
miconic-suboptimal-old-noisy/30/miconic_noisy_p03_hyp-4_30_1.tar.bz2:0.487524986267:0.03988826:0.49
> 0:False:14,17:5986,822
> 1:False:14,17:5986,822
> 2:True:15,17:5986,823
> 3:True:13,15:5986,821
> 4:False:15,18:5986,823
> 5:False:14,17:5986,822
miconic-suboptimal-old-noisy/30/miconic_noisy_p03_hyp-4_30_2.tar.bz2:0.482890844345:0.03985574:0.47
> 0:False:14,20:5986,825
> 1:False:14,18:5986,825
> 2:True:15,18:5986,826
> 3:True:13,16:5986,824
> 4:True:15,18:5986,826
> 5:False:14,18:5986,825
miconic-suboptimal-old-noisy/30/miconic_noisy_p03_hyp-4_30_3.tar.bz2:0.483163118362:0.03945456:0.48
> 0:False:14,19:5986,820
> 1:False:14,18:5986,820
> 2:True:15,18:5986,821
> 3:True:13,16:5986,819
> 4:True:15,18:5986,821
> 5:False:14,18:5986,820
miconic-suboptimal-old-noisy/50/miconic_noisy_p01_hyp-1_50_1.tar.bz2:0.690679073334:0.099023:0.68
> 0:True:17,19:19241,1775
> 1:False:16,23:19241,1774
> 2:False:15,20:19241,1773
> 3:False:16,22:19241,1774
> 4:False:16,20:19241,1774
> 5:False:17,20:19241,1775
miconic-suboptimal-old-noisy/50/miconic_noisy_p01_hyp-1_50_2.tar.bz2:0.687404870987:0.0971422:0.69
> 0:True:17,18:19241,1779
> 1:False:16,24:19241,1778
> 2:False:15,21:19241,1777
> 3:False:16,23:19241,1778
> 4:False:16,22:19241,1778
> 5:False:17,20:19241,1779
miconic-suboptimal-old-noisy/50/miconic_noisy_p01_hyp-1_50_3.tar.bz2:0.684176921844:0.0963093:0.69
> 0:True:17,19:19241,1777
> 1:False:16,25:19241,1776
> 2:False:15,21:19241,1775
> 3:False:16,23:19241,1776
> 4:False:16,22:19241,1776
> 5:False:17,21:19241,1777
miconic-suboptimal-old-noisy/50/miconic_noisy_p01_hyp-2_50_1.tar.bz2:0.687800884247:0.0971588:0.69
> 0:False:17,24:19240,1774
> 1:True:16,17:19240,1773
> 2:False:15,22:19240,1772
> 3:False:16,19:19240,1773
> 4:False:16,20:19240,1773
> 5:False:17,24:19240,1774
miconic-suboptimal-old-noisy/50/miconic_noisy_p01_hyp-2_50_2.tar.bz2:0.683772802353:0.0955961:0.68
> 0:False:17,25:19240,1770
> 1:True:16,20:19240,1769
> 2:False:15,24:19240,1768
> 3:False:16,22:19240,1769
> 4:False:16,22:19240,1769
> 5:False:17,26:19240,1770
miconic-suboptimal-old-noisy/50/miconic_noisy_p01_hyp-2_50_3.tar.bz2:0.686506032944:0.0980329:0.69
> 0:False:17,24:19241,1783
> 1:True:16,17:19241,1782
> 2:False:15,23:19241,1781
> 3:False:16,20:19241,1782
> 4:False:16,21:19241,1782
> 5:False:17,26:19241,1783
miconic-suboptimal-old-noisy/50/miconic_noisy_p01_hyp-3_50_1.tar.bz2:0.690502882004:0.0969631:0.69
> 0:False:17,22:19240,1773
> 1:False:16,21:19240,1772
> 2:True:15,17:19240,1771
> 3:False:16,19:19240,1772
> 4:False:16,22:19240,1772
> 5:False:17,21:19240,1773
miconic-suboptimal-old-noisy/50/miconic_noisy_p01_hyp-3_50_2.tar.bz2:0.68248796463:0.0944635:0.67
> 0:False:17,23:19238,1766
> 1:False:16,24:19238,1765
> 2:True:15,19:19238,1764
> 3:False:16,22:19238,1765
> 4:False:16,25:19238,1765
> 5:False:17,22:19238,1766
miconic-suboptimal-old-noisy/50/miconic_noisy_p01_hyp-3_50_3.tar.bz2:0.687263011932:0.0957688:0.69
> 0:False:17,20:19240,1775
> 1:False:16,23:19240,1774
> 2:True:15,16:19240,1773
> 3:False:16,20:19240,1774
> 4:False:16,23:19240,1774
> 5:False:17,20:19240,1775
miconic-suboptimal-old-noisy/50/miconic_noisy_p01_hyp-4_50_1.tar.bz2:0.684601783752:0.0963453:0.69
> 0:False:17,24:19240,1776
> 1:False:16,19:19240,1775
> 2:False:15,21:19240,1774
> 3:True:16,17:19240,1775
> 4:False:16,23:19240,1775
> 5:False:17,23:19240,1776
miconic-suboptimal-old-noisy/50/miconic_noisy_p01_hyp-4_50_2.tar.bz2:0.68594789505:0.096635:0.68
> 0:False:17,21:19239,1771
> 1:False:16,20:19239,1770
> 2:False:15,19:19239,1769
> 3:True:16,17:19239,1770
> 4:False:16,24:19239,1770
> 5:False:17,22:19239,1771
miconic-suboptimal-old-noisy/50/miconic_noisy_p01_hyp-4_50_3.tar.bz2:0.683077812195:0.0960151:0.69
> 0:False:17,23:19238,1768
> 1:False:16,20:19238,1767
> 2:False:15,21:19238,1766
> 3:True:16,19:19238,1767
> 4:False:16,23:19238,1767
> 5:False:17,24:19238,1768
miconic-suboptimal-old-noisy/50/miconic_noisy_p02_hyp-1_50_1.tar.bz2:0.606175899506:0.0762676:0.6
> 0:True:17,19:13681,1429
> 1:False:17,26:13681,1429
> 2:False:17,23:13681,1429
> 3:False:18,21:13681,1430
> 4:False:17,23:13681,1429
> 5:False:18,25:13681,1430
miconic-suboptimal-old-noisy/50/miconic_noisy_p02_hyp-1_50_2.tar.bz2:0.607708930969:0.0757348:0.61
> 0:True:17,18:13681,1425
> 1:False:17,22:13681,1425
> 2:False:17,21:13681,1425
> 3:False:18,22:13681,1426
> 4:False:17,22:13681,1425
> 5:False:18,23:13681,1426
miconic-suboptimal-old-noisy/50/miconic_noisy_p02_hyp-1_50_3.tar.bz2:0.605341911316:0.0755636:0.61
> 0:True:17,19:13682,1429
> 1:False:17,25:13682,1429
> 2:False:17,23:13682,1429
> 3:False:18,23:13682,1430
> 4:False:17,24:13682,1429
> 5:False:18,25:13682,1430
miconic-suboptimal-old-noisy/50/miconic_noisy_p02_hyp-2_50_1.tar.bz2:0.609071969986:0.0765559:0.61
> 0:False:17,25:13681,1430
> 1:True:17,18:13681,1430
> 2:False:17,21:13681,1430
> 3:False:18,25:13681,1431
> 4:False:17,24:13681,1430
> 5:False:18,22:13681,1431
miconic-suboptimal-old-noisy/50/miconic_noisy_p02_hyp-2_50_2.tar.bz2:0.605458974838:0.0759538:0.61
> 0:False:17,24:13681,1426
> 1:True:17,18:13681,1426
> 2:False:17,20:13681,1426
> 3:False:18,22:13681,1427
> 4:False:17,21:13681,1426
> 5:False:18,21:13681,1427
miconic-suboptimal-old-noisy/50/miconic_noisy_p02_hyp-2_50_3.tar.bz2:0.608672857285:0.0752073:0.6
> 0:False:17,23:13680,1426
> 1:True:17,19:13680,1426
> 2:False:17,21:13680,1426
> 3:False:18,23:13680,1427
> 4:False:17,23:13680,1426
> 5:False:18,23:13680,1427
miconic-suboptimal-old-noisy/50/miconic_noisy_p02_hyp-3_50_1.tar.bz2:0.605494976044:0.0752475:0.61
> 0:False:17,22:13681,1428
> 1:False:17,22:13681,1428
> 2:True:17,19:13681,1428
> 3:True:18,20:13681,1429
> 4:False:17,21:13681,1428
> 5:False:18,23:13681,1429
miconic-suboptimal-old-noisy/50/miconic_noisy_p02_hyp-3_50_2.tar.bz2:0.607053995132:0.0757966:0.61
> 0:False:17,19:13681,1426
> 1:False:17,20:13681,1426
> 2:True:17,17:13681,1426
> 3:False:18,19:13681,1427
> 4:False:17,21:13681,1426
> 5:False:18,24:13681,1427
miconic-suboptimal-old-noisy/50/miconic_noisy_p02_hyp-3_50_3.tar.bz2:0.606848955154:0.0746245:0.6
> 0:False:17,24:13680,1428
> 1:False:17,22:13680,1428
> 2:True:17,20:13680,1428
> 3:False:18,22:13680,1429
> 4:False:17,22:13680,1428
> 5:False:18,24:13680,1429
miconic-suboptimal-old-noisy/50/miconic_noisy_p02_hyp-4_50_1.tar.bz2:0.609002828598:0.0757879:0.61
> 0:False:17,23:13682,1429
> 1:False:17,26:13682,1429
> 2:False:17,21:13682,1429
> 3:True:18,19:13682,1430
> 4:False:17,21:13682,1429
> 5:False:18,22:13682,1430
miconic-suboptimal-old-noisy/50/miconic_noisy_p02_hyp-4_50_2.tar.bz2:0.613437891006:0.0762205:0.61
> 0:False:17,21:13683,1434
> 1:False:17,25:13683,1434
> 2:False:17,22:13683,1434
> 3:True:18,19:13683,1435
> 4:False:17,21:13683,1434
> 5:False:18,22:13683,1435
miconic-suboptimal-old-noisy/50/miconic_noisy_p02_hyp-4_50_3.tar.bz2:0.611098051071:0.0769793:0.62
> 0:False:17,20:13683,1438
> 1:False:17,25:13683,1438
> 2:False:17,21:13683,1438
> 3:True:18,18:13683,1439
> 4:False:17,20:13683,1438
> 5:False:18,23:13683,1439
miconic-suboptimal-old-noisy/50/miconic_noisy_p03_hyp-1_50_1.tar.bz2:0.486448049545:0.04201337:0.48
> 0:True:14,17:5991,838
> 1:False:14,20:5991,838
> 2:False:15,21:5991,839
> 3:False:13,20:5991,837
> 4:False:15,21:5991,839
> 5:False:14,19:5991,838
miconic-suboptimal-old-noisy/50/miconic_noisy_p03_hyp-1_50_2.tar.bz2:0.488291025162:0.04226683:0.49
> 0:True:14,17:5991,836
> 1:False:14,21:5991,836
> 2:False:15,21:5991,837
> 3:False:13,20:5991,835
> 4:False:15,20:5991,837
> 5:False:14,19:5991,836
miconic-suboptimal-old-noisy/50/miconic_noisy_p03_hyp-1_50_3.tar.bz2:0.486855983734:0.04144712:0.49
> 0:True:14,17:5990,833
> 1:False:14,19:5990,833
> 2:False:15,21:5990,834
> 3:False:13,20:5990,832
> 4:False:15,21:5990,834
> 5:False:14,18:5990,833
miconic-suboptimal-old-noisy/50/miconic_noisy_p03_hyp-2_50_1.tar.bz2:0.488121032715:0.04280272:0.5
> 0:False:14,20:5992,839
> 1:True:14,17:5992,839
> 2:False:15,19:5992,840
> 3:False:13,19:5992,838
> 4:False:15,22:5992,840
> 5:False:14,18:5992,839
miconic-suboptimal-old-noisy/50/miconic_noisy_p03_hyp-2_50_2.tar.bz2:0.488578081131:0.0425487:0.48
> 0:False:14,20:5992,842
> 1:True:14,16:5992,842
> 2:False:15,18:5992,843
> 3:False:13,18:5992,841
> 4:False:15,20:5992,843
> 5:False:14,18:5992,842
miconic-suboptimal-old-noisy/50/miconic_noisy_p03_hyp-2_50_3.tar.bz2:0.487452983856:0.04296051:0.49
> 0:False:14,18:5994,847
> 1:True:14,16:5994,847
> 2:False:15,19:5994,848
> 3:False:13,19:5994,846
> 4:False:15,22:5994,848
> 5:True:14,16:5994,847
miconic-suboptimal-old-noisy/50/miconic_noisy_p03_hyp-3_50_1.tar.bz2:0.486418962479:0.04331153:0.48
> 0:False:14,20:5992,844
> 1:False:14,19:5992,844
> 2:True:15,17:5992,845
> 3:False:13,19:5992,843
> 4:False:15,20:5992,845
> 5:False:14,17:5992,844
miconic-suboptimal-old-noisy/50/miconic_noisy_p03_hyp-3_50_2.tar.bz2:0.49135184288:0.04365922:0.5
> 0:False:14,19:5992,843
> 1:False:14,19:5992,843
> 2:True:15,18:5992,844
> 3:False:13,19:5992,842
> 4:False:15,20:5992,844
> 5:False:14,19:5992,843
miconic-suboptimal-old-noisy/50/miconic_noisy_p03_hyp-3_50_3.tar.bz2:0.489318132401:0.04320241:0.49
> 0:False:14,20:5992,842
> 1:False:14,18:5992,842
> 2:True:15,17:5992,843
> 3:False:13,18:5992,841
> 4:False:15,19:5992,843
> 5:False:14,18:5992,842
miconic-suboptimal-old-noisy/50/miconic_noisy_p03_hyp-4_50_1.tar.bz2:0.488003969193:0.04258836:0.5
> 0:False:14,20:5991,838
> 1:True:14,17:5991,838
> 2:True:15,18:5991,839
> 3:True:13,16:5991,837
> 4:False:15,19:5991,839
> 5:False:14,18:5991,838
miconic-suboptimal-old-noisy/50/miconic_noisy_p03_hyp-4_50_2.tar.bz2:0.486996889114:0.0420554:0.48
> 0:False:14,20:5991,840
> 1:False:14,18:5991,840
> 2:False:15,18:5991,841
> 3:True:13,15:5991,839
> 4:False:15,18:5991,841
> 5:False:14,17:5991,840
miconic-suboptimal-old-noisy/50/miconic_noisy_p03_hyp-4_50_3.tar.bz2:0.487177848816:0.04279476:0.5
> 0:False:14,21:5991,842
> 1:False:14,20:5991,842
> 2:False:15,18:5991,843
> 3:False:13,16:5991,841
> 4:True:15,17:5991,843
> 5:False:14,19:5991,842
miconic-suboptimal-old-noisy/70/miconic_noisy_p01_hyp-1_70_1.tar.bz2:0.695937156677:0.1021985:0.69
> 0:True:17,21:19245,1791
> 1:False:16,27:19245,1790
> 2:False:15,24:19245,1789
> 3:False:16,25:19245,1790
> 4:False:16,24:19245,1790
> 5:False:17,22:19245,1791
miconic-suboptimal-old-noisy/70/miconic_noisy_p01_hyp-1_70_2.tar.bz2:0.696065187454:0.1040494:0.7
> 0:True:17,20:19247,1798
> 1:False:16,27:19247,1797
> 2:False:15,22:19247,1796
> 3:False:16,25:19247,1797
> 4:False:16,23:19247,1797
> 5:False:17,23:19247,1798
miconic-suboptimal-old-noisy/70/miconic_noisy_p01_hyp-1_70_3.tar.bz2:0.69230890274:0.1012685:0.7
> 0:True:17,21:19246,1790
> 1:False:16,28:19246,1789
> 2:False:15,24:19246,1788
> 3:False:16,26:19246,1789
> 4:False:16,26:19246,1789
> 5:False:17,23:19246,1790
miconic-suboptimal-old-noisy/70/miconic_noisy_p01_hyp-2_70_1.tar.bz2:0.696316003799:0.102791:0.7
> 0:False:17,27:19247,1798
> 1:True:16,18:19247,1797
> 2:False:15,26:19247,1796
> 3:False:16,21:19247,1797
> 4:False:16,21:19247,1797
> 5:False:17,27:19247,1798
miconic-suboptimal-old-noisy/70/miconic_noisy_p01_hyp-2_70_2.tar.bz2:0.693104028702:0.1020436:0.68
> 0:False:17,27:19244,1788
> 1:True:16,20:19244,1787
> 2:False:15,27:19244,1786
> 3:False:16,23:19244,1787
> 4:False:16,22:19244,1787
> 5:False:17,28:19244,1788
miconic-suboptimal-old-noisy/70/miconic_noisy_p01_hyp-2_70_3.tar.bz2:0.692450046539:0.1015025:0.69
> 0:False:17,27:19245,1792
> 1:True:16,20:19245,1791
> 2:False:15,26:19245,1790
> 3:False:16,23:19245,1791
> 4:False:16,22:19245,1791
> 5:False:17,27:19245,1792
miconic-suboptimal-old-noisy/70/miconic_noisy_p01_hyp-3_70_1.tar.bz2:0.691318035126:0.1013657:0.7
> 0:False:17,22:19245,1793
> 1:False:16,26:19245,1792
> 2:True:15,18:19245,1791
> 3:False:16,24:19245,1792
> 4:False:16,25:19245,1792
> 5:False:17,22:19245,1793
miconic-suboptimal-old-noisy/70/miconic_noisy_p01_hyp-3_70_2.tar.bz2:0.691357135773:0.0991383:0.69
> 0:False:17,23:19244,1788
> 1:False:16,27:19244,1787
> 2:True:15,19:19244,1786
> 3:False:16,25:19244,1787
> 4:False:16,25:19244,1787
> 5:False:17,23:19244,1788
miconic-suboptimal-old-noisy/70/miconic_noisy_p01_hyp-3_70_3.tar.bz2:0.688396215439:0.0990654:0.69
> 0:False:17,24:19244,1785
> 1:False:16,26:19244,1784
> 2:True:15,20:19244,1783
> 3:False:16,24:19244,1784
> 4:False:16,25:19244,1784
> 5:False:17,24:19244,1785
miconic-suboptimal-old-noisy/70/miconic_noisy_p01_hyp-4_70_1.tar.bz2:0.693120956421:0.0995181:0.69
> 0:False:17,22:19243,1786
> 1:False:16,22:19243,1785
> 2:False:15,21:19243,1784
> 3:True:16,20:19243,1785
> 4:False:16,24:19243,1785
> 5:False:17,24:19243,1786
miconic-suboptimal-old-noisy/70/miconic_noisy_p01_hyp-4_70_2.tar.bz2:0.695167064667:0.1015567:0.7
> 0:False:17,27:19244,1789
> 1:False:16,23:19244,1788
> 2:False:15,24:19244,1787
> 3:True:16,20:19244,1788
> 4:False:16,28:19244,1788
> 5:False:17,27:19244,1789
miconic-suboptimal-old-noisy/70/miconic_noisy_p01_hyp-4_70_3.tar.bz2:0.689542770386:0.1011958:0.69
> 0:False:17,25:19244,1790
> 1:False:16,22:19244,1789
> 2:False:15,23:19244,1788
> 3:True:16,19:19244,1789
> 4:False:16,25:19244,1789
> 5:False:17,25:19244,1790
miconic-suboptimal-old-noisy/70/miconic_noisy_p02_hyp-1_70_1.tar.bz2:0.610337018967:0.0793397:0.61
> 0:True:17,21:13687,1448
> 1:False:17,27:13687,1448
> 2:False:17,25:13687,1448
> 3:False:18,25:13687,1449
> 4:False:17,26:13687,1448
> 5:False:18,26:13687,1449
miconic-suboptimal-old-noisy/70/miconic_noisy_p02_hyp-1_70_2.tar.bz2:0.610733985901:0.0783055:0.61
> 0:True:17,21:13687,1446
> 1:False:17,25:13687,1446
> 2:False:17,25:13687,1446
> 3:False:18,24:13687,1447
> 4:False:17,23:13687,1446
> 5:False:18,25:13687,1447
miconic-suboptimal-old-noisy/70/miconic_noisy_p02_hyp-1_70_3.tar.bz2:0.611877202988:0.0790145:0.61
> 0:True:17,21:13687,1449
> 1:False:17,28:13687,1449
> 2:False:17,26:13687,1449
> 3:False:18,25:13687,1450
> 4:False:17,26:13687,1449
> 5:False:18,29:13687,1450
miconic-suboptimal-old-noisy/70/miconic_noisy_p02_hyp-2_70_1.tar.bz2:0.611202955246:0.078418:0.61
> 0:False:17,25:13684,1441
> 1:True:17,21:13684,1441
> 2:False:17,25:13684,1441
> 3:False:18,28:13684,1442
> 4:False:17,26:13684,1441
> 5:False:18,25:13684,1442
miconic-suboptimal-old-noisy/70/miconic_noisy_p02_hyp-2_70_2.tar.bz2:0.611778020859:0.0798352:0.61
> 0:False:17,24:13687,1451
> 1:True:17,19:13687,1451
> 2:False:17,22:13687,1451
> 3:False:18,25:13687,1452
> 4:False:17,23:13687,1451
> 5:False:18,23:13687,1452
miconic-suboptimal-old-noisy/70/miconic_noisy_p02_hyp-2_70_3.tar.bz2:0.60929107666:0.0785078:0.61
> 0:False:17,26:13688,1448
> 1:True:17,20:13688,1448
> 2:False:17,25:13688,1448
> 3:False:18,28:13688,1449
> 4:False:17,25:13688,1448
> 5:False:18,24:13688,1449
miconic-suboptimal-old-noisy/70/miconic_noisy_p02_hyp-3_70_1.tar.bz2:0.612511873245:0.0778072:0.61
> 0:False:17,26:13687,1446
> 1:False:17,25:13687,1446
> 2:True:17,20:13687,1446
> 3:False:18,24:13687,1447
> 4:False:17,26:13687,1446
> 5:False:18,27:13687,1447
miconic-suboptimal-old-noisy/70/miconic_noisy_p02_hyp-3_70_2.tar.bz2:0.614819049835:0.0805201:0.61
> 0:False:17,25:13687,1451
> 1:False:17,24:13687,1451
> 2:True:17,19:13687,1451
> 3:False:18,23:13687,1452
> 4:False:17,25:13687,1451
> 5:False:18,28:13687,1452
miconic-suboptimal-old-noisy/70/miconic_noisy_p02_hyp-3_70_3.tar.bz2:0.61532998085:0.0794229:0.61
> 0:False:17,26:13687,1446
> 1:False:17,26:13687,1446
> 2:True:17,22:13687,1446
> 3:False:18,25:13687,1447
> 4:False:17,27:13687,1446
> 5:False:18,29:13687,1447
miconic-suboptimal-old-noisy/70/miconic_noisy_p02_hyp-4_70_1.tar.bz2:0.610924005508:0.077793:0.61
> 0:False:17,26:13684,1438
> 1:False:17,28:13684,1438
> 2:False:17,27:13684,1438
> 3:True:18,24:13684,1439
> 4:False:17,24:13684,1438
> 5:False:18,26:13684,1439
miconic-suboptimal-old-noisy/70/miconic_noisy_p02_hyp-4_70_2.tar.bz2:0.60920882225:0.0779985:0.61
> 0:False:17,27:13685,1438
> 1:False:17,29:13685,1438
> 2:False:17,26:13685,1438
> 3:True:18,24:13685,1439
> 4:False:17,25:13685,1438
> 5:False:18,27:13685,1439
miconic-suboptimal-old-noisy/70/miconic_noisy_p02_hyp-4_70_3.tar.bz2:0.615005016327:0.0803025:0.61
> 0:False:17,24:13687,1448
> 1:False:17,26:13687,1448
> 2:False:17,21:13687,1448
> 3:True:18,19:13687,1449
> 4:False:17,21:13687,1448
> 5:False:18,24:13687,1449
miconic-suboptimal-old-noisy/70/miconic_noisy_p03_hyp-1_70_1.tar.bz2:0.488415002823:0.04456073:0.49
> 0:True:14,17:5995,853
> 1:False:14,21:5995,853
> 2:False:15,22:5995,854
> 3:False:13,21:5995,852
> 4:False:15,21:5995,854
> 5:False:14,19:5995,853
miconic-suboptimal-old-noisy/70/miconic_noisy_p03_hyp-1_70_2.tar.bz2:0.486712932587:0.04265635:0.48
> 0:True:14,18:5993,843
> 1:False:14,22:5993,843
> 2:False:15,22:5993,844
> 3:False:13,23:5993,842
> 4:False:15,23:5993,844
> 5:False:14,20:5993,843
miconic-suboptimal-old-noisy/70/miconic_noisy_p03_hyp-1_70_3.tar.bz2:0.489483118057:0.04386171:0.5
> 0:True:14,17:5995,848
> 1:False:14,21:5995,848
> 2:False:15,21:5995,849
> 3:False:13,20:5995,847
> 4:False:15,21:5995,849
> 5:False:14,18:5995,848
miconic-suboptimal-old-noisy/70/miconic_noisy_p03_hyp-2_70_1.tar.bz2:0.490782976151:0.04527193:0.5
> 0:False:14,22:5997,859
> 1:True:14,18:5997,859
> 2:False:15,20:5997,860
> 3:False:13,19:5997,858
> 4:False:15,21:5997,860
> 5:False:14,20:5997,859
miconic-suboptimal-old-noisy/70/miconic_noisy_p03_hyp-2_70_2.tar.bz2:0.490680217743:0.04479905:0.49
> 0:False:14,24:5997,857
> 1:True:14,19:5997,857
> 2:False:15,21:5997,858
> 3:False:13,21:5997,856
> 4:False:15,22:5997,858
> 5:False:14,22:5997,857
miconic-suboptimal-old-noisy/70/miconic_noisy_p03_hyp-2_70_3.tar.bz2:0.490031957626:0.04429783:0.49
> 0:False:14,25:5997,858
> 1:True:14,20:5997,858
> 2:False:15,22:5997,859
> 3:False:13,23:5997,857
> 4:False:15,25:5997,859
> 5:False:14,23:5997,858
miconic-suboptimal-old-noisy/70/miconic_noisy_p03_hyp-3_70_1.tar.bz2:0.489017963409:0.04460846:0.49
> 0:False:14,21:5996,853
> 1:False:14,19:5996,853
> 2:True:15,18:5996,854
> 3:False:13,20:5996,852
> 4:False:15,20:5996,854
> 5:False:14,19:5996,853
miconic-suboptimal-old-noisy/70/miconic_noisy_p03_hyp-3_70_2.tar.bz2:0.490741014481:0.04528841:0.49
> 0:False:14,22:5997,860
> 1:False:14,20:5997,860
> 2:True:15,18:5997,861
> 3:False:13,20:5997,859
> 4:False:15,21:5997,861
> 5:False:14,19:5997,860
miconic-suboptimal-old-noisy/70/miconic_noisy_p03_hyp-3_70_3.tar.bz2:0.492577075958:0.04439243:0.49
> 0:False:14,22:5996,856
> 1:False:14,20:5996,856
> 2:True:15,18:5996,857
> 3:False:13,19:5996,855
> 4:False:15,19:5996,857
> 5:False:14,20:5996,856
miconic-suboptimal-old-noisy/70/miconic_noisy_p03_hyp-4_70_1.tar.bz2:0.488264083862:0.04406372:0.49
> 0:False:14,22:5996,854
> 1:False:14,20:5996,854
> 2:False:15,21:5996,855
> 3:True:13,18:5996,853
> 4:True:15,20:5996,855
> 5:False:14,21:5996,854
miconic-suboptimal-old-noisy/70/miconic_noisy_p03_hyp-4_70_2.tar.bz2:0.491811037064:0.04453901:0.49
> 0:False:14,21:5995,851
> 1:False:14,22:5995,851
> 2:True:15,21:5995,852
> 3:False:13,20:5995,850
> 4:False:15,22:5995,852
> 5:True:14,20:5995,851
miconic-suboptimal-old-noisy/70/miconic_noisy_p03_hyp-4_70_3.tar.bz2:0.490077018738:0.04526725:0.49
> 0:False:14,20:5997,861
> 1:False:14,18:5997,861
> 2:True:15,18:5997,862
> 3:False:13,17:5997,860
> 4:False:15,21:5997,862
> 5:True:14,17:5997,861
miconic-suboptimal-old-noisy/100/miconic_noisy_p01_hyp-1_full_1.tar.bz2:0.703303813934:0.1083835:0.71
> 0:True:17,24:19252,1815
> 1:False:16,34:19252,1814
> 2:False:15,28:19252,1813
> 3:False:16,31:19252,1814
> 4:False:16,30:19252,1814
> 5:False:17,27:19252,1815
miconic-suboptimal-old-noisy/100/miconic_noisy_p01_hyp-1_full_2.tar.bz2:0.698108911514:0.1056717:0.7
> 0:True:17,24:19252,1815
> 1:False:16,34:19252,1814
> 2:False:15,28:19252,1813
> 3:False:16,31:19252,1814
> 4:False:16,30:19252,1814
> 5:False:17,27:19252,1815
miconic-suboptimal-old-noisy/100/miconic_noisy_p01_hyp-1_full_3.tar.bz2:0.69899892807:0.1066978:0.7
> 0:True:17,24:19251,1812
> 1:False:16,34:19251,1811
> 2:False:15,28:19251,1810
> 3:False:16,31:19251,1811
> 4:False:16,30:19251,1811
> 5:False:17,27:19251,1812
miconic-suboptimal-old-noisy/100/miconic_noisy_p01_hyp-2_full_1.tar.bz2:0.696422100067:0.105453:0.7
> 0:False:17,33:19251,1812
> 1:True:16,23:19251,1811
> 2:False:15,30:19251,1810
> 3:False:16,26:19251,1811
> 4:False:16,28:19251,1811
> 5:False:17,33:19251,1812
miconic-suboptimal-old-noisy/100/miconic_noisy_p01_hyp-2_full_2.tar.bz2:0.696530818939:0.1053494:0.7
> 0:False:17,33:19251,1812
> 1:True:16,23:19251,1811
> 2:False:15,30:19251,1810
> 3:False:16,26:19251,1811
> 4:False:16,27:19251,1811
> 5:False:17,33:19251,1812
miconic-suboptimal-old-noisy/100/miconic_noisy_p01_hyp-2_full_3.tar.bz2:0.698040962219:0.1063573:0.71
> 0:False:17,32:19251,1814
> 1:True:16,23:19251,1813
> 2:False:15,31:19251,1812
> 3:False:16,26:19251,1813
> 4:False:16,28:19251,1813
> 5:False:17,32:19251,1814
miconic-suboptimal-old-noisy/100/miconic_noisy_p01_hyp-3_full_1.tar.bz2:0.696320772171:0.1049165:0.69
> 0:False:17,27:19250,1806
> 1:False:16,30:19250,1805
> 2:True:15,21:19250,1804
> 3:False:16,27:19250,1805
> 4:False:16,30:19250,1805
> 5:False:17,27:19250,1806
miconic-suboptimal-old-noisy/100/miconic_noisy_p01_hyp-3_full_2.tar.bz2:0.69256401062:0.1038142:0.7
> 0:False:17,27:19250,1807
> 1:False:16,29:19250,1806
> 2:True:15,21:19250,1805
> 3:False:16,27:19250,1806
> 4:False:16,29:19250,1806
> 5:False:17,27:19250,1807
miconic-suboptimal-old-noisy/100/miconic_noisy_p01_hyp-3_full_3.tar.bz2:0.691064834595:0.1027363:0.69
> 0:False:17,26:19250,1806
> 1:False:16,30:19250,1805
> 2:True:15,21:19250,1804
> 3:False:16,27:19250,1805
> 4:False:16,30:19250,1805
> 5:False:17,26:19250,1806
miconic-suboptimal-old-noisy/100/miconic_noisy_p01_hyp-4_full_1.tar.bz2:0.692588090897:0.1047712:0.69
> 0:False:17,28:19250,1809
> 1:False:16,24:19250,1808
> 2:False:15,25:19250,1807
> 3:True:16,21:19250,1808
> 4:False:16,28:19250,1808
> 5:False:17,28:19250,1809
miconic-suboptimal-old-noisy/100/miconic_noisy_p01_hyp-4_full_2.tar.bz2:0.697731018066:0.1060311:0.7
> 0:False:17,28:19250,1809
> 1:False:16,23:19250,1808
> 2:False:15,26:19250,1807
> 3:True:16,21:19250,1808
> 4:False:16,28:19250,1808
> 5:False:17,28:19250,1809
miconic-suboptimal-old-noisy/100/miconic_noisy_p01_hyp-4_full_3.tar.bz2:0.695880174637:0.105737:0.7
> 0:False:17,27:19250,1808
> 1:False:16,24:19250,1807
> 2:False:15,26:19250,1806
> 3:True:16,21:19250,1807
> 4:False:16,29:19250,1807
> 5:False:17,27:19250,1808
miconic-suboptimal-old-noisy/100/miconic_noisy_p02_hyp-1_full_1.tar.bz2:0.613152980804:0.0818342:0.62
> 0:True:17,25:13694,1468
> 1:False:17,31:13694,1468
> 2:False:17,30:13694,1468
> 3:False:18,30:13694,1469
> 4:False:17,30:13694,1468
> 5:False:18,33:13694,1469
miconic-suboptimal-old-noisy/100/miconic_noisy_p02_hyp-1_full_2.tar.bz2:0.613650083542:0.0833937:0.61
> 0:True:17,25:13694,1470
> 1:False:17,31:13694,1470
> 2:False:17,30:13694,1470
> 3:False:18,30:13694,1471
> 4:False:17,30:13694,1470
> 5:False:18,33:13694,1471
miconic-suboptimal-old-noisy/100/miconic_noisy_p02_hyp-1_full_3.tar.bz2:0.613702058792:0.0832614:0.61
> 0:True:17,25:13694,1470
> 1:False:17,31:13694,1470
> 2:False:17,30:13694,1470
> 3:False:18,30:13694,1471
> 4:False:17,30:13694,1470
> 5:False:18,33:13694,1471
miconic-suboptimal-old-noisy/100/miconic_noisy_p02_hyp-2_full_1.tar.bz2:0.617834806442:0.0822713:0.61
> 0:False:17,31:13692,1467
> 1:True:17,24:13692,1467
> 2:False:17,28:13692,1467
> 3:False:18,32:13692,1468
> 4:False:17,29:13692,1467
> 5:False:18,29:13692,1468
miconic-suboptimal-old-noisy/100/miconic_noisy_p02_hyp-2_full_2.tar.bz2:0.616338014603:0.0829586:0.62
> 0:False:17,30:13691,1464
> 1:True:17,24:13691,1464
> 2:False:17,28:13691,1464
> 3:False:18,32:13691,1465
> 4:False:17,30:13691,1464
> 5:False:18,30:13691,1465
miconic-suboptimal-old-noisy/100/miconic_noisy_p02_hyp-2_full_3.tar.bz2:0.614149093628:0.0824923:0.62
> 0:False:17,30:13692,1467
> 1:True:17,24:13692,1467
> 2:False:17,28:13692,1467
> 3:False:18,32:13692,1468
> 4:False:17,30:13692,1467
> 5:False:18,30:13692,1468
miconic-suboptimal-old-noisy/100/miconic_noisy_p02_hyp-3_full_1.tar.bz2:0.617640018463:0.0830495:0.62
> 0:False:17,31:13694,1471
> 1:False:17,30:13694,1471
> 2:True:17,25:13694,1471
> 3:False:18,29:13694,1472
> 4:False:17,31:13694,1471
> 5:False:18,34:13694,1472
miconic-suboptimal-old-noisy/100/miconic_noisy_p02_hyp-3_full_2.tar.bz2:0.617262840271:0.0834708:0.63
> 0:False:17,30:13694,1471
> 1:False:17,30:13694,1471
> 2:True:17,25:13694,1471
> 3:False:18,28:13694,1472
> 4:False:17,30:13694,1471
> 5:False:18,33:13694,1472
miconic-suboptimal-old-noisy/100/miconic_noisy_p02_hyp-3_full_3.tar.bz2:0.618540048599:0.0833305:0.62
> 0:False:17,31:13694,1471
> 1:False:17,30:13694,1471
> 2:True:17,25:13694,1471
> 3:False:18,29:13694,1472
> 4:False:17,31:13694,1471
> 5:False:18,34:13694,1472
miconic-suboptimal-old-noisy/100/miconic_noisy_p02_hyp-4_full_1.tar.bz2:0.617941856384:0.0849721:0.62
> 0:False:17,30:13695,1473
> 1:False:17,31:13695,1473
> 2:False:17,28:13695,1473
> 3:True:18,26:13695,1474
> 4:False:17,28:13695,1473
> 5:False:18,29:13695,1474
miconic-suboptimal-old-noisy/100/miconic_noisy_p02_hyp-4_full_2.tar.bz2:0.614578962326:0.0837225:0.61
> 0:False:17,31:13695,1473
> 1:False:17,33:13695,1473
> 2:False:17,29:13695,1473
> 3:True:18,26:13695,1474
> 4:False:17,28:13695,1473
> 5:False:18,30:13695,1474
miconic-suboptimal-old-noisy/100/miconic_noisy_p02_hyp-4_full_3.tar.bz2:0.617280006409:0.0832829:0.62
> 0:False:17,30:13695,1472
> 1:False:17,32:13695,1472
> 2:False:17,28:13695,1472
> 3:True:18,26:13695,1473
> 4:False:17,28:13695,1472
> 5:False:18,30:13695,1473
miconic-suboptimal-old-noisy/100/miconic_noisy_p03_hyp-1_full_1.tar.bz2:0.4895632267:0.0452631:0.5
> 0:True:14,20:5999,864
> 1:False:14,25:5999,864
> 2:False:15,25:5999,865
> 3:False:13,25:5999,863
> 4:False:15,25:5999,865
> 5:False:14,23:5999,864
miconic-suboptimal-old-noisy/100/miconic_noisy_p03_hyp-1_full_2.tar.bz2:0.491884946823:0.04631642:0.49
> 0:True:14,20:6001,870
> 1:False:14,24:6001,870
> 2:False:15,24:6001,871
> 3:False:13,24:6001,869
> 4:False:15,24:6001,871
> 5:False:14,22:6001,870
miconic-suboptimal-old-noisy/100/miconic_noisy_p03_hyp-1_full_3.tar.bz2:0.492472887039:0.04630927:0.49
> 0:True:14,20:6001,869
> 1:False:14,25:6001,869
> 2:False:15,25:6001,870
> 3:False:13,25:6001,868
> 4:False:15,25:6001,870
> 5:False:14,23:6001,869
miconic-suboptimal-old-noisy/100/miconic_noisy_p03_hyp-2_full_1.tar.bz2:0.492875099182:0.04736534:0.5
> 0:False:14,29:6003,876
> 1:True:14,24:6003,876
> 2:False:15,27:6003,877
> 3:False:13,27:6003,875
> 4:False:15,29:6003,877
> 5:False:14,27:6003,876
miconic-suboptimal-old-noisy/100/miconic_noisy_p03_hyp-2_full_2.tar.bz2:0.490303993225:0.04709559:0.48
> 0:False:14,29:6003,876
> 1:True:14,24:6003,876
> 2:False:15,26:6003,877
> 3:False:13,26:6003,875
> 4:False:15,29:6003,877
> 5:False:14,26:6003,876
miconic-suboptimal-old-noisy/100/miconic_noisy_p03_hyp-2_full_3.tar.bz2:0.490672826767:0.04636373:0.49
> 0:False:14,29:6003,875
> 1:True:14,24:6003,875
> 2:False:15,27:6003,876
> 3:False:13,27:6003,874
> 4:False:15,29:6003,876
> 5:False:14,27:6003,875
miconic-suboptimal-old-noisy/100/miconic_noisy_p03_hyp-3_full_1.tar.bz2:0.492420196533:0.04759966:0.49
> 0:False:14,26:6002,876
> 1:False:14,24:6002,876
> 2:True:15,22:6002,877
> 3:False:13,24:6002,875
> 4:False:15,24:6002,877
> 5:False:14,24:6002,876
miconic-suboptimal-old-noisy/100/miconic_noisy_p03_hyp-3_full_2.tar.bz2:0.493324995041:0.04704791:0.5
> 0:False:14,27:6001,873
> 1:False:14,24:6001,873
> 2:True:15,22:6001,874
> 3:False:13,24:6001,872
> 4:False:15,25:6001,874
> 5:False:14,24:6001,873
miconic-suboptimal-old-noisy/100/miconic_noisy_p03_hyp-3_full_3.tar.bz2:0.494458913803:0.04774023:0.48
> 0:False:14,25:6002,875
> 1:False:14,24:6002,875
> 2:True:15,22:6002,876
> 3:False:13,24:6002,874
> 4:False:15,23:6002,876
> 5:False:14,24:6002,875
miconic-suboptimal-old-noisy/100/miconic_noisy_p03_hyp-4_full_1.tar.bz2:0.491908073425:0.04602522:0.49
> 0:False:14,27:6001,871
> 1:False:14,24:6001,871
> 2:False:15,24:6001,872
> 3:True:13,21:6001,870
> 4:False:15,25:6001,872
> 5:False:14,24:6001,871
miconic-suboptimal-old-noisy/100/miconic_noisy_p03_hyp-4_full_2.tar.bz2:0.488698959351:0.04565397:0.48
> 0:False:14,28:6001,871
> 1:False:14,25:6001,871
> 2:False:15,25:6001,872
> 3:True:13,21:6001,870
> 4:False:15,25:6001,872
> 5:False:14,25:6001,871
miconic-suboptimal-old-noisy/100/miconic_noisy_p03_hyp-4_full_3.tar.bz2:0.491389036179:0.04639988:0.49
> 0:False:14,27:6001,871
> 1:False:14,25:6001,871
> 2:False:15,25:6001,872
> 3:True:13,21:6001,870
> 4:False:15,24:6001,872
> 5:False:14,25:6001,871
