miconic-suboptimal-old-noisy/10/miconic_noisy_p01_hyp-1_10_1.tar.bz2:0.447890996933:0.006212715:0.45
> 0:True:5,8:333,21
> 1:True:5,8:333,21
> 2:True:5,8:333,21
> 3:True:5,8:333,21
> 4:True:5,8:333,21
> 5:True:5,8:333,21
miconic-suboptimal-old-noisy/10/miconic_noisy_p01_hyp-1_10_2.tar.bz2:0.453705072403:0.006180052:0.45
> 0:True:5,8:333,21
> 1:True:5,8:333,21
> 2:True:5,8:333,21
> 3:True:5,8:333,21
> 4:True:5,8:333,21
> 5:True:5,8:333,21
miconic-suboptimal-old-noisy/10/miconic_noisy_p01_hyp-1_10_3.tar.bz2:0.453277826309:0.006060303:0.46
> 0:True:5,7:333,21
> 1:False:5,8:333,21
> 2:True:5,7:333,21
> 3:False:5,8:333,21
> 4:True:5,7:333,21
> 5:True:5,7:333,21
miconic-suboptimal-old-noisy/10/miconic_noisy_p01_hyp-2_10_1.tar.bz2:0.449777126312:0.006222885:0.45
> 0:False:5,8:333,21
> 1:True:5,7:333,21
> 2:True:5,7:333,21
> 3:True:5,7:333,21
> 4:False:5,8:333,21
> 5:False:5,8:333,21
miconic-suboptimal-old-noisy/10/miconic_noisy_p01_hyp-2_10_2.tar.bz2:0.452084064484:0.006253415:0.45
> 0:False:5,8:333,21
> 1:True:5,7:333,21
> 2:True:5,7:333,21
> 3:True:5,7:333,21
> 4:False:5,8:333,21
> 5:False:5,8:333,21
miconic-suboptimal-old-noisy/10/miconic_noisy_p01_hyp-2_10_3.tar.bz2:0.454743146896:0.006251284:0.46
> 0:True:5,8:333,21
> 1:True:5,8:333,21
> 2:True:5,8:333,21
> 3:True:5,8:333,21
> 4:True:5,8:333,21
> 5:True:5,8:333,21
miconic-suboptimal-old-noisy/10/miconic_noisy_p01_hyp-3_10_1.tar.bz2:0.44976401329:0.006220477:0.46
> 0:False:5,7:333,21
> 1:False:5,7:333,21
> 2:True:5,6:333,21
> 3:True:5,6:333,21
> 4:False:5,8:333,21
> 5:False:5,7:333,21
miconic-suboptimal-old-noisy/10/miconic_noisy_p01_hyp-3_10_2.tar.bz2:0.449546813965:0.006230505:0.45
> 0:True:5,7:333,21
> 1:False:5,8:333,21
> 2:True:5,7:333,21
> 3:False:5,8:333,21
> 4:True:5,7:333,21
> 5:True:5,7:333,21
miconic-suboptimal-old-noisy/10/miconic_noisy_p01_hyp-3_10_3.tar.bz2:0.453195810318:0.006190213:0.45
> 0:True:5,8:333,21
> 1:True:5,8:333,21
> 2:True:5,8:333,21
> 3:True:5,8:333,21
> 4:True:5,8:333,21
> 5:True:5,8:333,21
miconic-suboptimal-old-noisy/10/miconic_noisy_p01_hyp-4_10_1.tar.bz2:0.450990915298:0.00630154:0.46
> 0:True:5,8:333,21
> 1:True:5,8:333,21
> 2:True:5,8:333,21
> 3:True:5,8:333,21
> 4:True:5,8:333,21
> 5:True:5,8:333,21
miconic-suboptimal-old-noisy/10/miconic_noisy_p01_hyp-4_10_2.tar.bz2:0.451643943787:0.006120875:0.46
> 0:True:5,7:333,21
> 1:True:5,7:333,21
> 2:False:5,8:333,21
> 3:True:5,7:333,21
> 4:True:5,7:333,21
> 5:False:5,8:333,21
miconic-suboptimal-old-noisy/10/miconic_noisy_p01_hyp-4_10_3.tar.bz2:0.452350139618:0.00609586:0.45
> 0:False:5,7:333,21
> 1:True:5,6:333,21
> 2:False:5,7:333,21
> 3:True:5,6:333,21
> 4:False:5,7:333,21
> 5:False:5,8:333,21
miconic-suboptimal-old-noisy/10/miconic_noisy_p02_hyp-1_10_1.tar.bz2:0.431637048721:0.006027072:0.44
> 0:True:5,8:265,21
> 1:True:5,8:265,21
> 2:True:5,8:265,21
> 3:True:5,8:265,21
> 4:True:5,8:265,21
> 5:True:5,8:265,21
miconic-suboptimal-old-noisy/10/miconic_noisy_p02_hyp-1_10_2.tar.bz2:0.432018041611:0.005835291:0.44
> 0:True:5,7:265,21
> 1:True:5,7:265,21
> 2:True:5,7:265,21
> 3:False:5,8:265,21
> 4:False:5,8:265,21
> 5:False:5,8:265,21
miconic-suboptimal-old-noisy/10/miconic_noisy_p02_hyp-1_10_3.tar.bz2:0.431335926056:0.005676667:0.43
> 0:True:5,7:265,21
> 1:False:5,8:265,21
> 2:True:5,7:265,21
> 3:True:5,7:265,21
> 4:False:5,8:265,21
> 5:False:5,8:265,21
miconic-suboptimal-old-noisy/10/miconic_noisy_p02_hyp-2_10_1.tar.bz2:0.432403087616:0.005905128:0.43
> 0:False:5,8:265,21
> 1:True:5,7:265,21
> 2:True:5,7:265,21
> 3:True:5,7:265,21
> 4:True:5,7:265,21
> 5:True:5,7:265,21
miconic-suboptimal-old-noisy/10/miconic_noisy_p02_hyp-2_10_2.tar.bz2:0.431443929672:0.005811559:0.43
> 0:True:5,7:265,21
> 1:True:5,7:265,21
> 2:True:5,7:265,21
> 3:False:5,8:265,21
> 4:False:5,8:265,21
> 5:False:5,8:265,21
miconic-suboptimal-old-noisy/10/miconic_noisy_p02_hyp-2_10_3.tar.bz2:0.432905197144:0.005871986:0.43
> 0:True:5,7:265,21
> 1:True:5,7:265,21
> 2:False:5,8:265,21
> 3:False:5,8:265,21
> 4:True:5,7:265,21
> 5:True:5,7:265,21
miconic-suboptimal-old-noisy/10/miconic_noisy_p02_hyp-3_10_1.tar.bz2:0.430402994156:0.005861674:0.43
> 0:True:5,8:265,21
> 1:True:5,8:265,21
> 2:True:5,8:265,21
> 3:True:5,8:265,21
> 4:True:5,8:265,21
> 5:True:5,8:265,21
miconic-suboptimal-old-noisy/10/miconic_noisy_p02_hyp-3_10_2.tar.bz2:0.432807922363:0.005578826:0.44
> 0:True:5,7:265,21
> 1:True:5,7:265,21
> 2:True:5,7:265,21
> 3:True:5,7:265,21
> 4:True:5,7:265,21
> 5:False:5,8:265,21
miconic-suboptimal-old-noisy/10/miconic_noisy_p02_hyp-3_10_3.tar.bz2:0.431545972824:0.005854485:0.43
> 0:True:5,8:265,21
> 1:True:5,8:265,21
> 2:True:5,8:265,21
> 3:True:5,8:265,21
> 4:True:5,8:265,21
> 5:True:5,8:265,21
miconic-suboptimal-old-noisy/10/miconic_noisy_p02_hyp-4_10_1.tar.bz2:0.432754039764:0.005901866:0.43
> 0:True:5,7:265,21
> 1:False:5,8:265,21
> 2:True:5,7:265,21
> 3:True:5,7:265,21
> 4:False:5,8:265,21
> 5:False:5,8:265,21
miconic-suboptimal-old-noisy/10/miconic_noisy_p02_hyp-4_10_2.tar.bz2:0.431972026825:0.005873379:0.43
> 0:True:5,7:265,21
> 1:False:5,8:265,21
> 2:True:5,7:265,21
> 3:True:5,7:265,21
> 4:False:5,8:265,21
> 5:False:5,8:265,21
miconic-suboptimal-old-noisy/10/miconic_noisy_p02_hyp-4_10_3.tar.bz2:0.431365966797:0.005920288:0.43
> 0:False:5,8:265,21
> 1:True:5,7:265,21
> 2:True:5,7:265,21
> 3:True:5,7:265,21
> 4:True:5,7:265,21
> 5:True:5,7:265,21
miconic-suboptimal-old-noisy/10/miconic_noisy_p03_hyp-1_10_1.tar.bz2:0.396960020065:0.005321731:0.4
> 0:True:4,7:152,18
> 1:True:4,7:152,18
> 2:True:4,7:152,18
> 3:True:4,7:152,18
> 4:True:4,7:152,18
> 5:True:4,7:152,18
miconic-suboptimal-old-noisy/10/miconic_noisy_p03_hyp-1_10_2.tar.bz2:0.395244121552:0.005145962:0.39
> 0:True:4,6:152,18
> 1:False:4,7:152,18
> 2:True:4,6:152,18
> 3:True:4,6:152,18
> 4:True:4,6:152,18
> 5:True:4,6:152,18
miconic-suboptimal-old-noisy/10/miconic_noisy_p03_hyp-1_10_3.tar.bz2:0.395934104919:0.005126264:0.4
> 0:True:4,7:152,18
> 1:True:4,7:152,18
> 2:True:4,7:152,18
> 3:True:4,7:152,18
> 4:True:4,7:152,18
> 5:True:4,7:152,18
miconic-suboptimal-old-noisy/10/miconic_noisy_p03_hyp-2_10_1.tar.bz2:0.397670030594:0.005233837:0.4
> 0:True:4,6:152,18
> 1:True:4,6:152,18
> 2:True:4,6:152,18
> 3:False:4,7:152,18
> 4:False:4,7:152,18
> 5:True:4,6:152,18
miconic-suboptimal-old-noisy/10/miconic_noisy_p03_hyp-2_10_2.tar.bz2:0.396937131882:0.004950994:0.4
> 0:True:4,7:152,18
> 1:True:4,7:152,18
> 2:True:4,7:152,18
> 3:True:4,7:152,18
> 4:True:4,7:152,18
> 5:True:4,7:152,18
miconic-suboptimal-old-noisy/10/miconic_noisy_p03_hyp-2_10_3.tar.bz2:0.39593911171:0.005124762:0.39
> 0:True:4,6:152,18
> 1:True:4,6:152,18
> 2:False:4,7:152,18
> 3:True:4,6:152,18
> 4:False:4,7:152,18
> 5:True:4,6:152,18
miconic-suboptimal-old-noisy/10/miconic_noisy_p03_hyp-3_10_1.tar.bz2:0.396794080734:0.005087812:0.4
> 0:True:4,7:152,18
> 1:True:4,7:152,18
> 2:True:4,7:152,18
> 3:True:4,7:152,18
> 4:True:4,7:152,18
> 5:True:4,7:152,18
miconic-suboptimal-old-noisy/10/miconic_noisy_p03_hyp-3_10_2.tar.bz2:0.397282123566:0.005293959:0.39
> 0:True:4,6:152,18
> 1:False:4,7:152,18
> 2:True:4,6:152,18
> 3:True:4,6:152,18
> 4:True:4,6:152,18
> 5:True:4,6:152,18
miconic-suboptimal-old-noisy/10/miconic_noisy_p03_hyp-3_10_3.tar.bz2:0.395631074905:0.005163345:0.39
> 0:True:4,6:152,18
> 1:False:4,7:152,18
> 2:True:4,6:152,18
> 3:True:4,6:152,18
> 4:True:4,6:152,18
> 5:True:4,6:152,18
miconic-suboptimal-old-noisy/10/miconic_noisy_p03_hyp-4_10_1.tar.bz2:0.396795034409:0.005250098:0.4
> 0:False:4,6:152,18
> 1:False:4,6:152,18
> 2:True:4,5:152,18
> 3:True:4,5:152,18
> 4:True:4,5:152,18
> 5:True:4,5:152,18
miconic-suboptimal-old-noisy/10/miconic_noisy_p03_hyp-4_10_2.tar.bz2:0.395771026611:0.005033999:0.39
> 0:False:4,6:152,18
> 1:True:4,5:152,18
> 2:False:4,6:152,18
> 3:True:4,5:152,18
> 4:False:4,6:152,18
> 5:False:4,6:152,18
miconic-suboptimal-old-noisy/10/miconic_noisy_p03_hyp-4_10_3.tar.bz2:0.397499084473:0.005296573:0.4
> 0:True:4,7:152,18
> 1:True:4,7:152,18
> 2:True:4,7:152,18
> 3:True:4,7:152,18
> 4:True:4,7:152,18
> 5:True:4,7:152,18
miconic-suboptimal-old-noisy/30/miconic_noisy_p01_hyp-1_30_1.tar.bz2:0.453384160995:0.006258047:0.44
> 0:True:5,12:339,27
> 1:False:5,13:339,27
> 2:True:5,12:339,27
> 3:False:5,13:339,27
> 4:True:5,12:339,27
> 5:True:5,12:339,27
miconic-suboptimal-old-noisy/30/miconic_noisy_p01_hyp-1_30_2.tar.bz2:0.448777914047:0.00624252:0.44
> 0:True:5,9:339,27
> 1:False:5,12:339,27
> 2:False:5,10:339,27
> 3:False:5,11:339,27
> 4:False:5,10:339,27
> 5:False:5,10:339,27
miconic-suboptimal-old-noisy/30/miconic_noisy_p01_hyp-1_30_3.tar.bz2:0.452960968018:0.006170857:0.46
> 0:True:5,13:338,26
> 1:True:5,13:338,26
> 2:True:5,13:338,26
> 3:True:5,13:338,26
> 4:True:5,13:338,26
> 5:True:5,13:338,26
miconic-suboptimal-old-noisy/30/miconic_noisy_p01_hyp-2_30_1.tar.bz2:0.453857898712:0.00638697:0.45
> 0:False:5,12:339,27
> 1:True:5,10:339,27
> 2:False:5,12:339,27
> 3:True:5,10:339,27
> 4:False:5,11:339,27
> 5:False:5,12:339,27
miconic-suboptimal-old-noisy/30/miconic_noisy_p01_hyp-2_30_2.tar.bz2:0.450576066971:0.00632411:0.45
> 0:False:5,13:338,26
> 1:True:5,12:338,26
> 2:False:5,13:338,26
> 3:True:5,12:338,26
> 4:True:5,12:338,26
> 5:True:5,12:338,26
miconic-suboptimal-old-noisy/30/miconic_noisy_p01_hyp-2_30_3.tar.bz2:0.451295137405:0.006272624:0.46
> 0:False:5,13:339,27
> 1:True:5,12:339,27
> 2:True:5,12:339,27
> 3:True:5,12:339,27
> 4:False:5,13:339,27
> 5:False:5,13:339,27
miconic-suboptimal-old-noisy/30/miconic_noisy_p01_hyp-3_30_1.tar.bz2:0.454231023788:0.006285575:0.46
> 0:True:5,10:337,25
> 1:False:5,12:337,25
> 2:True:5,10:337,25
> 3:False:5,11:337,25
> 4:False:5,11:337,25
> 5:True:5,10:337,25
miconic-suboptimal-old-noisy/30/miconic_noisy_p01_hyp-3_30_2.tar.bz2:0.449013948441:0.0063411:0.45
> 0:False:5,12:338,26
> 1:True:5,10:338,26
> 2:True:5,10:338,26
> 3:True:5,10:338,26
> 4:False:5,12:338,26
> 5:False:5,12:338,26
miconic-suboptimal-old-noisy/30/miconic_noisy_p01_hyp-3_30_3.tar.bz2:0.45374417305:0.006301897:0.46
> 0:False:5,11:338,26
> 1:False:5,11:338,26
> 2:True:5,10:338,26
> 3:False:5,11:338,26
> 4:False:5,11:338,26
> 5:False:5,11:338,26
miconic-suboptimal-old-noisy/30/miconic_noisy_p01_hyp-4_30_1.tar.bz2:0.451128005981:0.006315496:0.45
> 0:False:5,11:337,25
> 1:True:5,9:337,25
> 2:False:5,12:337,25
> 3:False:5,10:337,25
> 4:True:5,9:337,25
> 5:False:5,11:337,25
miconic-suboptimal-old-noisy/30/miconic_noisy_p01_hyp-4_30_2.tar.bz2:0.454851150513:0.006277878:0.47
> 0:False:5,12:337,25
> 1:True:5,10:337,25
> 2:False:5,11:337,25
> 3:True:5,10:337,25
> 4:False:5,11:337,25
> 5:False:5,11:337,25
miconic-suboptimal-old-noisy/30/miconic_noisy_p01_hyp-4_30_3.tar.bz2:0.449524879456:0.006262016:0.44
> 0:False:5,11:338,26
> 1:False:5,11:338,26
> 2:False:5,11:338,26
> 3:True:5,10:338,26
> 4:False:5,11:338,26
> 5:True:5,10:338,26
miconic-suboptimal-old-noisy/30/miconic_noisy_p02_hyp-1_30_1.tar.bz2:0.430494070053:0.005767477:0.44
> 0:True:5,11:271,27
> 1:False:5,12:271,27
> 2:False:5,12:271,27
> 3:True:5,11:271,27
> 4:True:5,11:271,27
> 5:False:5,12:271,27
miconic-suboptimal-old-noisy/30/miconic_noisy_p02_hyp-1_30_2.tar.bz2:0.427145957947:0.005895998:0.43
> 0:True:5,11:271,27
> 1:True:5,11:271,27
> 2:True:5,11:271,27
> 3:False:5,12:271,27
> 4:False:5,12:271,27
> 5:False:5,13:271,27
miconic-suboptimal-old-noisy/30/miconic_noisy_p02_hyp-1_30_3.tar.bz2:0.432456016541:0.005936267:0.43
> 0:True:5,10:271,27
> 1:False:5,11:271,27
> 2:False:5,12:271,27
> 3:False:5,11:271,27
> 4:True:5,10:271,27
> 5:False:5,11:271,27
miconic-suboptimal-old-noisy/30/miconic_noisy_p02_hyp-2_30_1.tar.bz2:0.431277036667:0.005687711:0.43
> 0:True:5,12:271,27
> 1:True:5,12:271,27
> 2:True:5,12:271,27
> 3:False:5,13:271,27
> 4:False:5,13:271,27
> 5:False:5,13:271,27
miconic-suboptimal-old-noisy/30/miconic_noisy_p02_hyp-2_30_2.tar.bz2:0.432604074478:0.006010191:0.43
> 0:False:5,13:271,27
> 1:True:5,12:271,27
> 2:False:5,13:271,27
> 3:False:5,13:271,27
> 4:False:5,13:271,27
> 5:True:5,12:271,27
miconic-suboptimal-old-noisy/30/miconic_noisy_p02_hyp-2_30_3.tar.bz2:0.432579040527:0.006052399:0.44
> 0:False:5,12:271,27
> 1:True:5,10:271,27
> 2:False:5,11:271,27
> 3:False:5,12:271,27
> 4:False:5,12:271,27
> 5:False:5,11:271,27
miconic-suboptimal-old-noisy/30/miconic_noisy_p02_hyp-3_30_1.tar.bz2:0.430855989456:0.005965343:0.43
> 0:False:5,12:271,27
> 1:False:5,11:271,27
> 2:True:5,10:271,27
> 3:False:5,11:271,27
> 4:False:5,11:271,27
> 5:False:5,11:271,27
miconic-suboptimal-old-noisy/30/miconic_noisy_p02_hyp-3_30_2.tar.bz2:0.431943893433:0.00601616:0.44
> 0:True:5,12:270,26
> 1:False:5,13:270,26
> 2:True:5,12:270,26
> 3:True:5,12:270,26
> 4:False:5,13:270,26
> 5:False:5,13:270,26
miconic-suboptimal-old-noisy/30/miconic_noisy_p02_hyp-3_30_3.tar.bz2:0.425465106964:0.005812382:0.43
> 0:False:5,13:270,26
> 1:True:5,12:270,26
> 2:True:5,12:270,26
> 3:True:5,12:270,26
> 4:True:5,12:270,26
> 5:True:5,12:270,26
miconic-suboptimal-old-noisy/30/miconic_noisy_p02_hyp-4_30_1.tar.bz2:0.428884983063:0.005969082:0.42
> 0:False:5,13:271,27
> 1:True:5,12:271,27
> 2:True:5,12:271,27
> 3:True:5,12:271,27
> 4:True:5,12:271,27
> 5:True:5,12:271,27
miconic-suboptimal-old-noisy/30/miconic_noisy_p02_hyp-4_30_2.tar.bz2:0.432694911957:0.006014219:0.44
> 0:False:5,12:271,27
> 1:False:5,13:271,27
> 2:False:5,12:271,27
> 3:True:5,11:271,27
> 4:True:5,11:271,27
> 5:True:5,11:271,27
miconic-suboptimal-old-noisy/30/miconic_noisy_p02_hyp-4_30_3.tar.bz2:0.433962106705:0.005813086:0.43
> 0:True:5,13:271,27
> 1:True:5,13:271,27
> 2:True:5,13:271,27
> 3:True:5,13:271,27
> 4:True:5,13:271,27
> 5:True:5,13:271,27
miconic-suboptimal-old-noisy/30/miconic_noisy_p03_hyp-1_30_1.tar.bz2:0.395684957504:0.00521434:0.4
> 0:True:4,8:157,23
> 1:False:4,9:157,23
> 2:False:4,10:157,23
> 3:False:4,10:157,23
> 4:False:4,10:157,23
> 5:False:4,9:157,23
miconic-suboptimal-old-noisy/30/miconic_noisy_p03_hyp-1_30_2.tar.bz2:0.396868944168:0.005294668:0.39
> 0:True:4,10:156,22
> 1:False:4,11:156,22
> 2:True:4,10:156,22
> 3:True:4,10:156,22
> 4:True:4,10:156,22
> 5:True:4,10:156,22
miconic-suboptimal-old-noisy/30/miconic_noisy_p03_hyp-1_30_3.tar.bz2:0.396711826324:0.005255076:0.39
> 0:True:4,10:157,23
> 1:False:4,11:157,23
> 2:True:4,10:157,23
> 3:True:4,10:157,23
> 4:True:4,10:157,23
> 5:True:4,10:157,23
miconic-suboptimal-old-noisy/30/miconic_noisy_p03_hyp-2_30_1.tar.bz2:0.395097017288:0.005192068:0.41
> 0:True:4,12:158,24
> 1:True:4,12:158,24
> 2:True:4,12:158,24
> 3:True:4,12:158,24
> 4:True:4,12:158,24
> 5:True:4,12:158,24
miconic-suboptimal-old-noisy/30/miconic_noisy_p03_hyp-2_30_2.tar.bz2:0.395666837692:0.005356798:0.4
> 0:False:4,10:158,24
> 1:True:4,9:158,24
> 2:False:4,10:158,24
> 3:False:4,10:158,24
> 4:False:4,11:158,24
> 5:True:4,9:158,24
miconic-suboptimal-old-noisy/30/miconic_noisy_p03_hyp-2_30_3.tar.bz2:0.397810935974:0.005302405:0.4
> 0:False:4,10:157,23
> 1:True:4,9:157,23
> 2:False:4,10:157,23
> 3:False:4,10:157,23
> 4:False:4,11:157,23
> 5:False:4,10:157,23
miconic-suboptimal-old-noisy/30/miconic_noisy_p03_hyp-3_30_1.tar.bz2:0.397295951843:0.005243204:0.4
> 0:True:4,10:157,23
> 1:False:4,11:157,23
> 2:True:4,10:157,23
> 3:True:4,10:157,23
> 4:True:4,10:157,23
> 5:True:4,10:157,23
miconic-suboptimal-old-noisy/30/miconic_noisy_p03_hyp-3_30_2.tar.bz2:0.397068977356:0.00534254:0.4
> 0:True:4,11:157,23
> 1:True:4,11:157,23
> 2:True:4,11:157,23
> 3:True:4,11:157,23
> 4:True:4,11:157,23
> 5:True:4,11:157,23
miconic-suboptimal-old-noisy/30/miconic_noisy_p03_hyp-3_30_3.tar.bz2:0.397067070007:0.005279261:0.41
> 0:True:4,11:157,23
> 1:True:4,11:157,23
> 2:True:4,11:157,23
> 3:True:4,11:157,23
> 4:True:4,11:157,23
> 5:True:4,11:157,23
miconic-suboptimal-old-noisy/30/miconic_noisy_p03_hyp-4_30_1.tar.bz2:0.395503997803:0.005231591:0.39
> 0:True:4,10:156,22
> 1:False:4,11:156,22
> 2:True:4,10:156,22
> 3:True:4,10:156,22
> 4:True:4,10:156,22
> 5:True:4,10:156,22
miconic-suboptimal-old-noisy/30/miconic_noisy_p03_hyp-4_30_2.tar.bz2:0.39800786972:0.005290292:0.4
> 0:False:4,11:156,22
> 1:True:4,9:156,22
> 2:True:4,9:156,22
> 3:True:4,9:156,22
> 4:True:4,9:156,22
> 5:False:4,10:156,22
miconic-suboptimal-old-noisy/30/miconic_noisy_p03_hyp-4_30_3.tar.bz2:0.397140979767:0.005215181:0.4
> 0:True:4,11:156,22
> 1:True:4,11:156,22
> 2:True:4,11:156,22
> 3:True:4,11:156,22
> 4:True:4,11:156,22
> 5:True:4,11:156,22
miconic-suboptimal-old-noisy/50/miconic_noisy_p01_hyp-1_50_1.tar.bz2:0.45320892334:0.006396772:0.46
> 0:True:5,16:344,32
> 1:False:5,17:344,32
> 2:True:5,16:344,32
> 3:False:5,17:344,32
> 4:True:5,16:344,32
> 5:True:5,16:344,32
miconic-suboptimal-old-noisy/50/miconic_noisy_p01_hyp-1_50_2.tar.bz2:0.453636169434:0.00642755:0.46
> 0:True:5,14:344,32
> 1:False:5,17:344,32
> 2:False:5,15:344,32
> 3:False:5,17:344,32
> 4:False:5,15:344,32
> 5:True:5,14:344,32
miconic-suboptimal-old-noisy/50/miconic_noisy_p01_hyp-1_50_3.tar.bz2:0.452265024185:0.006365327:0.45
> 0:True:5,15:344,32
> 1:False:5,17:344,32
> 2:False:5,16:344,32
> 3:False:5,17:344,32
> 4:False:5,16:344,32
> 5:True:5,15:344,32
miconic-suboptimal-old-noisy/50/miconic_noisy_p01_hyp-2_50_1.tar.bz2:0.454124927521:0.00644452:0.46
> 0:False:5,17:343,31
> 1:True:5,15:343,31
> 2:False:5,17:343,31
> 3:False:5,16:343,31
> 4:True:5,15:343,31
> 5:False:5,16:343,31
miconic-suboptimal-old-noisy/50/miconic_noisy_p01_hyp-2_50_2.tar.bz2:0.452155828476:0.00611877:0.45
> 0:True:5,17:343,31
> 1:True:5,17:343,31
> 2:True:5,17:343,31
> 3:True:5,17:343,31
> 4:True:5,17:343,31
> 5:True:5,17:343,31
miconic-suboptimal-old-noisy/50/miconic_noisy_p01_hyp-2_50_3.tar.bz2:0.447000980377:0.00633342:0.45
> 0:False:5,15:344,32
> 1:True:5,13:344,32
> 2:False:5,15:344,32
> 3:False:5,14:344,32
> 4:False:5,15:344,32
> 5:False:5,16:344,32
miconic-suboptimal-old-noisy/50/miconic_noisy_p01_hyp-3_50_1.tar.bz2:0.453262090683:0.0064633:0.46
> 0:False:5,15:343,31
> 1:False:5,15:343,31
> 2:True:5,14:343,31
> 3:False:5,15:343,31
> 4:False:5,15:343,31
> 5:False:5,15:343,31
miconic-suboptimal-old-noisy/50/miconic_noisy_p01_hyp-3_50_2.tar.bz2:0.449373006821:0.006208878:0.45
> 0:False:5,15:341,29
> 1:False:5,15:341,29
> 2:True:5,14:341,29
> 3:True:5,14:341,29
> 4:False:5,16:341,29
> 5:False:5,15:341,29
miconic-suboptimal-old-noisy/50/miconic_noisy_p01_hyp-3_50_3.tar.bz2:0.452113866806:0.00628688:0.45
> 0:False:5,14:343,31
> 1:False:5,15:343,31
> 2:True:5,13:343,31
> 3:False:5,14:343,31
> 4:False:5,15:343,31
> 5:False:5,14:343,31
miconic-suboptimal-old-noisy/50/miconic_noisy_p01_hyp-4_50_1.tar.bz2:0.448140144348:0.006324274:0.45
> 0:False:5,15:343,31
> 1:False:5,14:343,31
> 2:False:5,14:343,31
> 3:True:5,13:343,31
> 4:False:5,15:343,31
> 5:False:5,14:343,31
miconic-suboptimal-old-noisy/50/miconic_noisy_p01_hyp-4_50_2.tar.bz2:0.446098804474:0.0061693:0.45
> 0:False:5,15:342,30
> 1:False:5,15:342,30
> 2:True:5,14:342,30
> 3:True:5,14:342,30
> 4:False:5,16:342,30
> 5:False:5,15:342,30
miconic-suboptimal-old-noisy/50/miconic_noisy_p01_hyp-4_50_3.tar.bz2:0.450438976288:0.00634143:0.45
> 0:False:5,16:341,29
> 1:True:5,14:341,29
> 2:True:5,14:341,29
> 3:True:5,14:341,29
> 4:False:5,16:341,29
> 5:False:5,16:341,29
miconic-suboptimal-old-noisy/50/miconic_noisy_p02_hyp-1_50_1.tar.bz2:0.430252075195:0.005953738:0.44
> 0:True:5,14:276,32
> 1:False:5,16:276,32
> 2:False:5,15:276,32
> 3:True:5,14:276,32
> 4:False:5,15:276,32
> 5:False:5,16:276,32
miconic-suboptimal-old-noisy/50/miconic_noisy_p02_hyp-1_50_2.tar.bz2:0.432905912399:0.005941135:0.43
> 0:True:5,16:276,32
> 1:True:5,16:276,32
> 2:True:5,16:276,32
> 3:False:5,17:276,32
> 4:False:5,17:276,32
> 5:False:5,17:276,32
miconic-suboptimal-old-noisy/50/miconic_noisy_p02_hyp-1_50_3.tar.bz2:0.432804822922:0.006066533:0.44
> 0:True:5,15:277,33
> 1:False:5,17:277,33
> 2:False:5,16:277,33
> 3:True:5,15:277,33
> 4:False:5,16:277,33
> 5:False:5,16:277,33
miconic-suboptimal-old-noisy/50/miconic_noisy_p02_hyp-2_50_1.tar.bz2:0.430562019348:0.006070086:0.44
> 0:False:5,16:276,32
> 1:True:5,14:276,32
> 2:False:5,15:276,32
> 3:False:5,16:276,32
> 4:False:5,16:276,32
> 5:False:5,15:276,32
miconic-suboptimal-old-noisy/50/miconic_noisy_p02_hyp-2_50_2.tar.bz2:0.432868003845:0.00614074:0.43
> 0:False:5,17:276,32
> 1:True:5,16:276,32
> 2:True:5,16:276,32
> 3:True:5,16:276,32
> 4:True:5,16:276,32
> 5:True:5,16:276,32
miconic-suboptimal-old-noisy/50/miconic_noisy_p02_hyp-2_50_3.tar.bz2:0.430837869644:0.00607856:0.43
> 0:False:5,16:275,31
> 1:True:5,15:275,31
> 2:True:5,15:275,31
> 3:False:5,16:275,31
> 4:False:5,16:275,31
> 5:False:5,16:275,31
miconic-suboptimal-old-noisy/50/miconic_noisy_p02_hyp-3_50_1.tar.bz2:0.428152084351:0.005875209:0.42
> 0:False:5,15:276,32
> 1:False:5,16:276,32
> 2:True:5,14:276,32
> 3:True:5,14:276,32
> 4:False:5,15:276,32
> 5:False:5,16:276,32
miconic-suboptimal-old-noisy/50/miconic_noisy_p02_hyp-3_50_2.tar.bz2:0.431025028229:0.006053672:0.44
> 0:True:5,15:276,32
> 1:False:5,16:276,32
> 2:True:5,15:276,32
> 3:True:5,15:276,32
> 4:False:5,16:276,32
> 5:False:5,17:276,32
miconic-suboptimal-old-noisy/50/miconic_noisy_p02_hyp-3_50_3.tar.bz2:0.432204008102:0.00590377:0.43
> 0:False:5,15:275,31
> 1:False:5,14:275,31
> 2:True:5,13:275,31
> 3:False:5,14:275,31
> 4:False:5,14:275,31
> 5:False:5,15:275,31
miconic-suboptimal-old-noisy/50/miconic_noisy_p02_hyp-4_50_1.tar.bz2:0.432602882385:0.005907996:0.43
> 0:False:5,17:277,33
> 1:False:5,18:277,33
> 2:True:5,16:277,33
> 3:True:5,16:277,33
> 4:False:5,17:277,33
> 5:False:5,17:277,33
miconic-suboptimal-old-noisy/50/miconic_noisy_p02_hyp-4_50_2.tar.bz2:0.429957151413:0.005925753:0.43
> 0:False:5,16:278,34
> 1:False:5,18:278,34
> 2:False:5,16:278,34
> 3:True:5,15:278,34
> 4:False:5,16:278,34
> 5:False:5,16:278,34
miconic-suboptimal-old-noisy/50/miconic_noisy_p02_hyp-4_50_3.tar.bz2:0.429795026779:0.005974422:0.43
> 0:False:5,15:278,34
> 1:False:5,16:278,34
> 2:False:5,15:278,34
> 3:True:5,14:278,34
> 4:False:5,15:278,34
> 5:False:5,16:278,34
miconic-suboptimal-old-noisy/50/miconic_noisy_p03_hyp-1_50_1.tar.bz2:0.396828889847:0.005386965:0.4
> 0:True:4,13:161,27
> 1:True:4,13:161,27
> 2:False:4,14:161,27
> 3:False:4,14:161,27
> 4:False:4,15:161,27
> 5:True:4,13:161,27
miconic-suboptimal-old-noisy/50/miconic_noisy_p03_hyp-1_50_2.tar.bz2:0.397913217545:0.00508538:0.4
> 0:True:4,14:161,27
> 1:True:4,14:161,27
> 2:False:4,15:161,27
> 3:True:4,14:161,27
> 4:False:4,15:161,27
> 5:True:4,14:161,27
miconic-suboptimal-old-noisy/50/miconic_noisy_p03_hyp-1_50_3.tar.bz2:0.39808011055:0.005425745:0.4
> 0:True:4,13:160,26
> 1:False:4,14:160,26
> 2:False:4,15:160,26
> 3:False:4,14:160,26
> 4:False:4,14:160,26
> 5:False:4,14:160,26
miconic-suboptimal-old-noisy/50/miconic_noisy_p03_hyp-2_50_1.tar.bz2:0.39484000206:0.005115715:0.39
> 0:True:4,15:162,28
> 1:True:4,15:162,28
> 2:True:4,15:162,28
> 3:False:4,16:162,28
> 4:False:4,16:162,28
> 5:True:4,15:162,28
miconic-suboptimal-old-noisy/50/miconic_noisy_p03_hyp-2_50_2.tar.bz2:0.39589214325:0.005248293:0.4
> 0:False:4,14:162,28
> 1:True:4,13:162,28
> 2:False:4,14:162,28
> 3:False:4,14:162,28
> 4:False:4,15:162,28
> 5:True:4,13:162,28
miconic-suboptimal-old-noisy/50/miconic_noisy_p03_hyp-2_50_3.tar.bz2:0.396516084671:0.00531074:0.4
> 0:False:4,14:164,30
> 1:True:4,13:164,30
> 2:False:4,14:164,30
> 3:False:4,14:164,30
> 4:False:4,15:164,30
> 5:True:4,13:164,30
miconic-suboptimal-old-noisy/50/miconic_noisy_p03_hyp-3_50_1.tar.bz2:0.399236917496:0.005478767:0.4
> 0:False:4,14:162,28
> 1:False:4,14:162,28
> 2:True:4,13:162,28
> 3:False:4,14:162,28
> 4:False:4,14:162,28
> 5:True:4,13:162,28
miconic-suboptimal-old-noisy/50/miconic_noisy_p03_hyp-3_50_2.tar.bz2:0.393542051315:0.005237052:0.39
> 0:False:4,15:162,28
> 1:True:4,14:162,28
> 2:True:4,14:162,28
> 3:False:4,15:162,28
> 4:False:4,15:162,28
> 5:False:4,15:162,28
miconic-suboptimal-old-noisy/50/miconic_noisy_p03_hyp-3_50_3.tar.bz2:0.39932012558:0.005463869:0.4
> 0:False:4,16:162,28
> 1:True:4,14:162,28
> 2:True:4,14:162,28
> 3:True:4,14:162,28
> 4:True:4,14:162,28
> 5:False:4,15:162,28
miconic-suboptimal-old-noisy/50/miconic_noisy_p03_hyp-4_50_1.tar.bz2:0.393986940384:0.00525257:0.39
> 0:False:4,15:161,27
> 1:True:4,13:161,27
> 2:True:4,13:161,27
> 3:True:4,13:161,27
> 4:True:4,13:161,27
> 5:False:4,14:161,27
miconic-suboptimal-old-noisy/50/miconic_noisy_p03_hyp-4_50_2.tar.bz2:0.397774219513:0.005521924:0.39
> 0:False:4,13:161,27
> 1:False:4,12:161,27
> 2:False:4,12:161,27
> 3:True:4,11:161,27
> 4:False:4,12:161,27
> 5:False:4,12:161,27
miconic-suboptimal-old-noisy/50/miconic_noisy_p03_hyp-4_50_3.tar.bz2:0.397954940796:0.00535319:0.39
> 0:False:4,14:161,27
> 1:False:4,13:161,27
> 2:True:4,12:161,27
> 3:True:4,12:161,27
> 4:True:4,12:161,27
> 5:False:4,13:161,27
miconic-suboptimal-old-noisy/70/miconic_noisy_p01_hyp-1_70_1.tar.bz2:0.453819990158:0.00650914:0.45
> 0:True:5,19:348,36
> 1:False:5,21:348,36
> 2:False:5,21:348,36
> 3:False:5,20:348,36
> 4:False:5,21:348,36
> 5:False:5,20:348,36
miconic-suboptimal-old-noisy/70/miconic_noisy_p01_hyp-1_70_2.tar.bz2:0.448954105377:0.00639118:0.44
> 0:True:5,18:350,38
> 1:False:5,21:350,38
> 2:False:5,19:350,38
> 3:False:5,20:350,38
> 4:False:5,19:350,38
> 5:False:5,19:350,38
miconic-suboptimal-old-noisy/70/miconic_noisy_p01_hyp-1_70_3.tar.bz2:0.450793027878:0.00644711:0.45
> 0:True:5,21:349,37
> 1:False:5,22:349,37
> 2:False:5,22:349,37
> 3:False:5,22:349,37
> 4:False:5,22:349,37
> 5:True:5,21:349,37
miconic-suboptimal-old-noisy/70/miconic_noisy_p01_hyp-2_70_1.tar.bz2:0.451655864716:0.00628271:0.46
> 0:False:5,20:350,38
> 1:True:5,17:350,38
> 2:False:5,20:350,38
> 3:False:5,18:350,38
> 4:False:5,18:350,38
> 5:False:5,20:350,38
miconic-suboptimal-old-noisy/70/miconic_noisy_p01_hyp-2_70_2.tar.bz2:0.453363180161:0.00631865:0.46
> 0:False:5,20:347,35
> 1:True:5,18:347,35
> 2:False:5,20:347,35
> 3:False:5,19:347,35
> 4:False:5,19:347,35
> 5:False:5,21:347,35
miconic-suboptimal-old-noisy/70/miconic_noisy_p01_hyp-2_70_3.tar.bz2:0.453804969788:0.006419283:0.46
> 0:False:5,20:348,36
> 1:True:5,18:348,36
> 2:False:5,21:348,36
> 3:False:5,19:348,36
> 4:True:5,18:348,36
> 5:False:5,20:348,36
miconic-suboptimal-old-noisy/70/miconic_noisy_p01_hyp-3_70_1.tar.bz2:0.45129609108:0.00649177:0.44
> 0:False:5,18:348,36
> 1:False:5,19:348,36
> 2:True:5,17:348,36
> 3:False:5,19:348,36
> 4:False:5,19:348,36
> 5:False:5,18:348,36
miconic-suboptimal-old-noisy/70/miconic_noisy_p01_hyp-3_70_2.tar.bz2:0.451064109802:0.00643579:0.45
> 0:False:5,19:347,35
> 1:False:5,20:347,35
> 2:True:5,18:347,35
> 3:False:5,20:347,35
> 4:False:5,19:347,35
> 5:False:5,19:347,35
miconic-suboptimal-old-noisy/70/miconic_noisy_p01_hyp-3_70_3.tar.bz2:0.449816942215:0.00647347:0.44
> 0:False:5,20:347,35
> 1:False:5,20:347,35
> 2:True:5,19:347,35
> 3:False:5,20:347,35
> 4:False:5,20:347,35
> 5:False:5,20:347,35
miconic-suboptimal-old-noisy/70/miconic_noisy_p01_hyp-4_70_1.tar.bz2:0.451183080673:0.00656215:0.45
> 0:True:5,18:346,34
> 1:False:5,19:346,34
> 2:True:5,18:346,34
> 3:True:5,18:346,34
> 4:False:5,19:346,34
> 5:False:5,19:346,34
miconic-suboptimal-old-noisy/70/miconic_noisy_p01_hyp-4_70_2.tar.bz2:0.454546928406:0.006466087:0.45
> 0:False:5,19:347,35
> 1:False:5,18:347,35
> 2:False:5,18:347,35
> 3:True:5,17:347,35
> 4:False:5,20:347,35
> 5:False:5,20:347,35
miconic-suboptimal-old-noisy/70/miconic_noisy_p01_hyp-4_70_3.tar.bz2:0.448611974716:0.00638188:0.44
> 0:False:5,19:347,35
> 1:False:5,18:347,35
> 2:False:5,19:347,35
> 3:True:5,17:347,35
> 4:False:5,19:347,35
> 5:False:5,19:347,35
miconic-suboptimal-old-noisy/70/miconic_noisy_p02_hyp-1_70_1.tar.bz2:0.433174133301:0.00592908:0.44
> 0:True:5,20:282,38
> 1:False:5,22:282,38
> 2:True:5,20:282,38
> 3:True:5,20:282,38
> 4:False:5,21:282,38
> 5:False:5,21:282,38
miconic-suboptimal-old-noisy/70/miconic_noisy_p02_hyp-1_70_2.tar.bz2:0.430325031281:0.006093659:0.44
> 0:True:5,19:282,38
> 1:False:5,21:282,38
> 2:False:5,21:282,38
> 3:False:5,20:282,38
> 4:False:5,20:282,38
> 5:False:5,21:282,38
miconic-suboptimal-old-noisy/70/miconic_noisy_p02_hyp-1_70_3.tar.bz2:0.427493095398:0.006088982:0.42
> 0:True:5,19:282,38
> 1:False:5,21:282,38
> 2:False:5,20:282,38
> 3:False:5,20:282,38
> 4:False:5,21:282,38
> 5:False:5,22:282,38
miconic-suboptimal-old-noisy/70/miconic_noisy_p02_hyp-2_70_1.tar.bz2:0.432816028595:0.005972136:0.44
> 0:False:5,19:279,35
> 1:True:5,18:279,35
> 2:False:5,20:279,35
> 3:False:5,21:279,35
> 4:False:5,20:279,35
> 5:False:5,20:279,35
miconic-suboptimal-old-noisy/70/miconic_noisy_p02_hyp-2_70_2.tar.bz2:0.432981014252:0.006132504:0.43
> 0:False:5,19:282,38
> 1:True:5,17:282,38
> 2:False:5,19:282,38
> 3:False:5,20:282,38
> 4:False:5,19:282,38
> 5:False:5,19:282,38
miconic-suboptimal-old-noisy/70/miconic_noisy_p02_hyp-2_70_3.tar.bz2:0.434587001801:0.006185671:0.44
> 0:False:5,21:283,39
> 1:True:5,20:283,39
> 2:False:5,22:283,39
> 3:False:5,22:283,39
> 4:False:5,21:283,39
> 5:True:5,20:283,39
miconic-suboptimal-old-noisy/70/miconic_noisy_p02_hyp-3_70_1.tar.bz2:0.431813001633:0.006156993:0.44
> 0:False:5,21:282,38
> 1:False:5,21:282,38
> 2:True:5,19:282,38
> 3:False:5,20:282,38
> 4:False:5,21:282,38
> 5:False:5,21:282,38
miconic-suboptimal-old-noisy/70/miconic_noisy_p02_hyp-3_70_2.tar.bz2:0.431931018829:0.006096291:0.43
> 0:False:5,20:282,38
> 1:False:5,20:282,38
> 2:True:5,18:282,38
> 3:False:5,19:282,38
> 4:False:5,20:282,38
> 5:False:5,21:282,38
miconic-suboptimal-old-noisy/70/miconic_noisy_p02_hyp-3_70_3.tar.bz2:0.430742025375:0.006041195:0.44
> 0:False:5,21:282,38
> 1:False:5,21:282,38
> 2:True:5,20:282,38
> 3:True:5,20:282,38
> 4:False:5,21:282,38
> 5:False:5,22:282,38
miconic-suboptimal-old-noisy/70/miconic_noisy_p02_hyp-4_70_1.tar.bz2:0.433079004288:0.005997764:0.43
> 0:False:5,21:279,35
> 1:False:5,22:279,35
> 2:False:5,21:279,35
> 3:True:5,20:279,35
> 4:True:5,20:279,35
> 5:False:5,21:279,35
miconic-suboptimal-old-noisy/70/miconic_noisy_p02_hyp-4_70_2.tar.bz2:0.432332992554:0.00612817:0.43
> 0:False:5,22:280,36
> 1:False:5,22:280,36
> 2:False:5,22:280,36
> 3:True:5,21:280,36
> 4:True:5,21:280,36
> 5:True:5,21:280,36
miconic-suboptimal-old-noisy/70/miconic_noisy_p02_hyp-4_70_3.tar.bz2:0.430922985077:0.005925682:0.44
> 0:False:5,21:282,38
> 1:False:5,21:282,38
> 2:True:5,19:282,38
> 3:True:5,19:282,38
> 4:False:5,20:282,38
> 5:False:5,21:282,38
miconic-suboptimal-old-noisy/70/miconic_noisy_p03_hyp-1_70_1.tar.bz2:0.39821100235:0.00553459:0.39
> 0:True:4,14:165,31
> 1:False:4,16:165,31
> 2:False:4,16:165,31
> 3:False:4,16:165,31
> 4:False:4,16:165,31
> 5:False:4,15:165,31
miconic-suboptimal-old-noisy/70/miconic_noisy_p03_hyp-1_70_2.tar.bz2:0.397125005722:0.005426828:0.4
> 0:True:4,15:163,29
> 1:False:4,16:163,29
> 2:False:4,17:163,29
> 3:False:4,17:163,29
> 4:False:4,17:163,29
> 5:False:4,16:163,29
miconic-suboptimal-old-noisy/70/miconic_noisy_p03_hyp-1_70_3.tar.bz2:0.395848989487:0.005414544:0.4
> 0:True:4,16:165,31
> 1:False:4,17:165,31
> 2:False:4,17:165,31
> 3:True:4,16:165,31
> 4:False:4,17:165,31
> 5:True:4,16:165,31
miconic-suboptimal-old-noisy/70/miconic_noisy_p03_hyp-2_70_1.tar.bz2:0.398626089096:0.00542786:0.4
> 0:False:4,19:167,33
> 1:True:4,17:167,33
> 2:False:4,18:167,33
> 3:False:4,18:167,33
> 4:False:4,19:167,33
> 5:False:4,18:167,33
miconic-suboptimal-old-noisy/70/miconic_noisy_p03_hyp-2_70_2.tar.bz2:0.396098852158:0.00549227:0.4
> 0:False:4,20:167,33
> 1:True:4,18:167,33
> 2:True:4,18:167,33
> 3:False:4,19:167,33
> 4:False:4,19:167,33
> 5:False:4,19:167,33
miconic-suboptimal-old-noisy/70/miconic_noisy_p03_hyp-2_70_3.tar.bz2:0.398130893707:0.005416419:0.39
> 0:False:4,19:167,33
> 1:True:4,17:167,33
> 2:False:4,18:167,33
> 3:False:4,18:167,33
> 4:False:4,19:167,33
> 5:False:4,18:167,33
miconic-suboptimal-old-noisy/70/miconic_noisy_p03_hyp-3_70_1.tar.bz2:0.396381139755:0.005371414:0.39
> 0:False:4,19:166,32
> 1:True:4,18:166,32
> 2:True:4,18:166,32
> 3:False:4,19:166,32
> 4:False:4,19:166,32
> 5:True:4,18:166,32
miconic-suboptimal-old-noisy/70/miconic_noisy_p03_hyp-3_70_2.tar.bz2:0.395168066025:0.005403694:0.4
> 0:False:4,18:167,33
> 1:False:4,17:167,33
> 2:True:4,16:167,33
> 3:False:4,17:167,33
> 4:False:4,17:167,33
> 5:False:4,17:167,33
miconic-suboptimal-old-noisy/70/miconic_noisy_p03_hyp-3_70_3.tar.bz2:0.39697599411:0.005489897:0.39
> 0:False:4,19:166,32
> 1:False:4,18:166,32
> 2:True:4,17:166,32
> 3:True:4,17:166,32
> 4:True:4,17:166,32
> 5:False:4,18:166,32
miconic-suboptimal-old-noisy/70/miconic_noisy_p03_hyp-4_70_1.tar.bz2:0.395101070404:0.005409997:0.4
> 0:False:4,19:166,32
> 1:True:4,17:166,32
> 2:False:4,18:166,32
> 3:True:4,17:166,32
> 4:False:4,18:166,32
> 5:False:4,18:166,32
miconic-suboptimal-old-noisy/70/miconic_noisy_p03_hyp-4_70_2.tar.bz2:0.395487070084:0.005428601:0.4
> 0:False:4,19:165,31
> 1:False:4,19:165,31
> 2:True:4,18:165,31
> 3:True:4,18:165,31
> 4:True:4,18:165,31
> 5:True:4,18:165,31
miconic-suboptimal-old-noisy/70/miconic_noisy_p03_hyp-4_70_3.tar.bz2:0.395624876022:0.005359671:0.4
> 0:False:4,17:167,33
> 1:True:4,16:167,33
> 2:True:4,16:167,33
> 3:True:4,16:167,33
> 4:False:4,17:167,33
> 5:True:4,16:167,33
miconic-suboptimal-old-noisy/100/miconic_noisy_p01_hyp-1_full_1.tar.bz2:0.45306801796:0.00647153:0.45
> 0:True:5,24:355,43
> 1:False:5,28:355,43
> 2:False:5,26:355,43
> 3:False:5,27:355,43
> 4:False:5,26:355,43
> 5:False:5,25:355,43
miconic-suboptimal-old-noisy/100/miconic_noisy_p01_hyp-1_full_2.tar.bz2:0.452414989471:0.00659734:0.46
> 0:True:5,24:355,43
> 1:False:5,28:355,43
> 2:False:5,26:355,43
> 3:False:5,27:355,43
> 4:False:5,26:355,43
> 5:False:5,25:355,43
miconic-suboptimal-old-noisy/100/miconic_noisy_p01_hyp-1_full_3.tar.bz2:0.451007127762:0.00634787:0.45
> 0:True:5,24:354,42
> 1:False:5,28:354,42
> 2:False:5,26:354,42
> 3:False:5,27:354,42
> 4:False:5,26:354,42
> 5:False:5,25:354,42
miconic-suboptimal-old-noisy/100/miconic_noisy_p01_hyp-2_full_1.tar.bz2:0.452067136765:0.00649969:0.45
> 0:False:5,27:354,42
> 1:True:5,23:354,42
> 2:False:5,26:354,42
> 3:False:5,24:354,42
> 4:False:5,25:354,42
> 5:False:5,27:354,42
miconic-suboptimal-old-noisy/100/miconic_noisy_p01_hyp-2_full_2.tar.bz2:0.452508926392:0.00653575:0.45
> 0:False:5,27:354,42
> 1:True:5,23:354,42
> 2:False:5,26:354,42
> 3:False:5,24:354,42
> 4:False:5,25:354,42
> 5:False:5,27:354,42
miconic-suboptimal-old-noisy/100/miconic_noisy_p01_hyp-2_full_3.tar.bz2:0.454496860504:0.00655231:0.46
> 0:False:5,26:354,42
> 1:True:5,23:354,42
> 2:False:5,26:354,42
> 3:False:5,24:354,42
> 4:False:5,25:354,42
> 5:False:5,26:354,42
miconic-suboptimal-old-noisy/100/miconic_noisy_p01_hyp-3_full_1.tar.bz2:0.451141119003:0.00635275:0.46
> 0:False:5,23:353,41
> 1:False:5,24:353,41
> 2:True:5,21:353,41
> 3:False:5,23:353,41
> 4:False:5,24:353,41
> 5:False:5,23:353,41
miconic-suboptimal-old-noisy/100/miconic_noisy_p01_hyp-3_full_2.tar.bz2:0.45338010788:0.00643383:0.46
> 0:False:5,23:353,41
> 1:False:5,24:353,41
> 2:True:5,21:353,41
> 3:False:5,23:353,41
> 4:False:5,24:353,41
> 5:False:5,23:353,41
miconic-suboptimal-old-noisy/100/miconic_noisy_p01_hyp-3_full_3.tar.bz2:0.455557107925:0.00660988:0.45
> 0:False:5,23:353,41
> 1:False:5,24:353,41
> 2:True:5,21:353,41
> 3:False:5,23:353,41
> 4:False:5,24:353,41
> 5:False:5,23:353,41
miconic-suboptimal-old-noisy/100/miconic_noisy_p01_hyp-4_full_1.tar.bz2:0.452328920364:0.00657366:0.45
> 0:False:5,24:353,41
> 1:False:5,22:353,41
> 2:False:5,23:353,41
> 3:True:5,21:353,41
> 4:False:5,24:353,41
> 5:False:5,24:353,41
miconic-suboptimal-old-noisy/100/miconic_noisy_p01_hyp-4_full_2.tar.bz2:0.452849149704:0.00642061:0.46
> 0:False:5,24:353,41
> 1:False:5,22:353,41
> 2:False:5,23:353,41
> 3:True:5,21:353,41
> 4:False:5,24:353,41
> 5:False:5,24:353,41
miconic-suboptimal-old-noisy/100/miconic_noisy_p01_hyp-4_full_3.tar.bz2:0.447933912277:0.00637807:0.44
> 0:False:5,24:353,41
> 1:False:5,22:353,41
> 2:False:5,23:353,41
> 3:True:5,21:353,41
> 4:False:5,24:353,41
> 5:False:5,24:353,41
miconic-suboptimal-old-noisy/100/miconic_noisy_p02_hyp-1_full_1.tar.bz2:0.433594942093:0.00634586:0.44
> 0:True:5,25:289,45
> 1:False:5,27:289,45
> 2:False:5,27:289,45
> 3:False:5,27:289,45
> 4:False:5,27:289,45
> 5:False:5,28:289,45
miconic-suboptimal-old-noisy/100/miconic_noisy_p02_hyp-1_full_2.tar.bz2:0.430902004242:0.00612741:0.43
> 0:True:5,25:289,45
> 1:False:5,27:289,45
> 2:False:5,27:289,45
> 3:False:5,27:289,45
> 4:False:5,27:289,45
> 5:False:5,28:289,45
miconic-suboptimal-old-noisy/100/miconic_noisy_p02_hyp-1_full_3.tar.bz2:0.433818817139:0.00629488:0.44
> 0:True:5,25:289,45
> 1:False:5,27:289,45
> 2:False:5,27:289,45
> 3:False:5,27:289,45
> 4:False:5,27:289,45
> 5:False:5,28:289,45
miconic-suboptimal-old-noisy/100/miconic_noisy_p02_hyp-2_full_1.tar.bz2:0.431808948517:0.00624187:0.43
> 0:False:5,26:287,43
> 1:True:5,24:287,43
> 2:False:5,26:287,43
> 3:False:5,27:287,43
> 4:False:5,26:287,43
> 5:False:5,26:287,43
miconic-suboptimal-old-noisy/100/miconic_noisy_p02_hyp-2_full_2.tar.bz2:0.431554079056:0.006150868:0.44
> 0:False:5,26:286,42
> 1:True:5,24:286,42
> 2:False:5,26:286,42
> 3:False:5,27:286,42
> 4:False:5,26:286,42
> 5:False:5,26:286,42
miconic-suboptimal-old-noisy/100/miconic_noisy_p02_hyp-2_full_3.tar.bz2:0.433156013489:0.006202323:0.44
> 0:False:5,26:287,43
> 1:True:5,24:287,43
> 2:False:5,26:287,43
> 3:False:5,27:287,43
> 4:False:5,26:287,43
> 5:False:5,26:287,43
miconic-suboptimal-old-noisy/100/miconic_noisy_p02_hyp-3_full_1.tar.bz2:0.433913946152:0.006241202:0.43
> 0:False:5,27:289,45
> 1:False:5,27:289,45
> 2:True:5,25:289,45
> 3:False:5,26:289,45
> 4:False:5,27:289,45
> 5:False:5,28:289,45
miconic-suboptimal-old-noisy/100/miconic_noisy_p02_hyp-3_full_2.tar.bz2:0.431650876999:0.006153509:0.43
> 0:False:5,27:289,45
> 1:False:5,27:289,45
> 2:True:5,25:289,45
> 3:False:5,26:289,45
> 4:False:5,27:289,45
> 5:False:5,28:289,45
miconic-suboptimal-old-noisy/100/miconic_noisy_p02_hyp-3_full_3.tar.bz2:0.428560972214:0.006129158:0.44
> 0:False:5,27:289,45
> 1:False:5,27:289,45
> 2:True:5,25:289,45
> 3:False:5,26:289,45
> 4:False:5,27:289,45
> 5:False:5,28:289,45
miconic-suboptimal-old-noisy/100/miconic_noisy_p02_hyp-4_full_1.tar.bz2:0.431792020798:0.006221122:0.42
> 0:False:5,28:290,46
> 1:False:5,29:290,46
> 2:False:5,27:290,46
> 3:True:5,26:290,46
> 4:False:5,27:290,46
> 5:False:5,28:290,46
miconic-suboptimal-old-noisy/100/miconic_noisy_p02_hyp-4_full_2.tar.bz2:0.434727191925:0.00629581:0.42
> 0:False:5,28:290,46
> 1:False:5,29:290,46
> 2:False:5,27:290,46
> 3:True:5,26:290,46
> 4:False:5,27:290,46
> 5:False:5,28:290,46
miconic-suboptimal-old-noisy/100/miconic_noisy_p02_hyp-4_full_3.tar.bz2:0.431727170944:0.006285332:0.43
> 0:False:5,28:290,46
> 1:False:5,29:290,46
> 2:False:5,27:290,46
> 3:True:5,26:290,46
> 4:False:5,27:290,46
> 5:False:5,28:290,46
miconic-suboptimal-old-noisy/100/miconic_noisy_p03_hyp-1_full_1.tar.bz2:0.394525051117:0.005445413:0.4
> 0:True:4,20:169,35
> 1:False:4,22:169,35
> 2:False:4,22:169,35
> 3:False:4,22:169,35
> 4:False:4,22:169,35
> 5:False:4,21:169,35
miconic-suboptimal-old-noisy/100/miconic_noisy_p03_hyp-1_full_2.tar.bz2:0.397469043732:0.005286025:0.39
> 0:True:4,20:171,37
> 1:False:4,22:171,37
> 2:False:4,22:171,37
> 3:False:4,22:171,37
> 4:False:4,22:171,37
> 5:False:4,21:171,37
miconic-suboptimal-old-noisy/100/miconic_noisy_p03_hyp-1_full_3.tar.bz2:0.396358966827:0.00549194:0.4
> 0:True:4,20:171,37
> 1:False:4,22:171,37
> 2:False:4,22:171,37
> 3:False:4,22:171,37
> 4:False:4,22:171,37
> 5:False:4,21:171,37
miconic-suboptimal-old-noisy/100/miconic_noisy_p03_hyp-2_full_1.tar.bz2:0.396589994431:0.005429564:0.39
> 0:False:4,26:173,39
> 1:True:4,24:173,39
> 2:False:4,25:173,39
> 3:False:4,25:173,39
> 4:False:4,26:173,39
> 5:False:4,25:173,39
miconic-suboptimal-old-noisy/100/miconic_noisy_p03_hyp-2_full_2.tar.bz2:0.400624036789:0.005592769:0.41
> 0:False:4,26:173,39
> 1:True:4,24:173,39
> 2:False:4,25:173,39
> 3:False:4,25:173,39
> 4:False:4,26:173,39
> 5:False:4,25:173,39
miconic-suboptimal-old-noisy/100/miconic_noisy_p03_hyp-2_full_3.tar.bz2:0.397885084152:0.005494687:0.4
> 0:False:4,26:173,39
> 1:True:4,24:173,39
> 2:False:4,25:173,39
> 3:False:4,25:173,39
> 4:False:4,26:173,39
> 5:False:4,25:173,39
miconic-suboptimal-old-noisy/100/miconic_noisy_p03_hyp-3_full_1.tar.bz2:0.396224975586:0.005471753:0.4
> 0:False:4,24:172,38
> 1:False:4,23:172,38
> 2:True:4,22:172,38
> 3:False:4,23:172,38
> 4:False:4,23:172,38
> 5:False:4,23:172,38
miconic-suboptimal-old-noisy/100/miconic_noisy_p03_hyp-3_full_2.tar.bz2:0.3976790905:0.005549128:0.41
> 0:False:4,24:171,37
> 1:False:4,23:171,37
> 2:True:4,22:171,37
> 3:False:4,23:171,37
> 4:False:4,23:171,37
> 5:False:4,23:171,37
miconic-suboptimal-old-noisy/100/miconic_noisy_p03_hyp-3_full_3.tar.bz2:0.396782875061:0.005469819:0.4
> 0:False:4,24:172,38
> 1:False:4,23:172,38
> 2:True:4,22:172,38
> 3:False:4,23:172,38
> 4:False:4,23:172,38
> 5:False:4,23:172,38
miconic-suboptimal-old-noisy/100/miconic_noisy_p03_hyp-4_full_1.tar.bz2:0.395557880402:0.005352851:0.4
> 0:False:4,23:171,37
> 1:False:4,22:171,37
> 2:False:4,22:171,37
> 3:True:4,21:171,37
> 4:False:4,22:171,37
> 5:False:4,22:171,37
miconic-suboptimal-old-noisy/100/miconic_noisy_p03_hyp-4_full_2.tar.bz2:0.397098064423:0.005360416:0.39
> 0:False:4,23:171,37
> 1:False:4,22:171,37
> 2:False:4,22:171,37
> 3:True:4,21:171,37
> 4:False:4,22:171,37
> 5:False:4,22:171,37
miconic-suboptimal-old-noisy/100/miconic_noisy_p03_hyp-4_full_3.tar.bz2:0.396543979645:0.005268771:0.39
> 0:False:4,23:171,37
> 1:False:4,22:171,37
> 2:False:4,22:171,37
> 3:True:4,21:171,37
> 4:False:4,22:171,37
> 5:False:4,22:171,37
