miconic-optimal/10/miconic_p01_hyp-1_10_1.tar.bz2:0.7840766906738281:0.0871488:0.7800000000000153
> 0:True:17,17:19228,1718
> 1:False:16,18:19228,1718
> 2:False:15,20:19228,1718
> 3:False:16,18:19228,1718
> 4:False:16,18:19228,1718
> 5:False:17,20:19228,1718
miconic-optimal/10/miconic_p01_hyp-1_10_2.tar.bz2:0.7750124931335449:0.07640770000000001:0.7700000000000102
> 0:True:17,17:19228,1718
> 1:False:16,18:19228,1718
> 2:False:15,19:19228,1718
> 3:False:16,18:19228,1718
> 4:False:16,17:19228,1718
> 5:False:17,20:19228,1718
miconic-optimal/10/miconic_p01_hyp-1_10_3.tar.bz2:0.7832438945770264:0.0860203:0.7800000000000011
> 0:True:17,17:19228,1718
> 1:False:16,19:19228,1718
> 2:False:15,16:19228,1718
> 3:False:16,18:19228,1718
> 4:False:16,17:19228,1718
> 5:False:17,18:19228,1718
miconic-optimal/10/miconic_p01_hyp-2_10_1.tar.bz2:0.7852268218994141:0.08269850000000001:0.7800000000000011
> 0:False:17,18:19228,1718
> 1:True:16,16:19228,1718
> 2:True:15,15:19228,1718
> 3:True:16,16:19228,1718
> 4:False:16,18:19228,1718
> 5:False:17,18:19228,1718
miconic-optimal/10/miconic_p01_hyp-2_10_2.tar.bz2:0.8007345199584961:0.08788989999999999:0.7999999999999972
> 0:False:17,20:19228,1718
> 1:True:16,16:19228,1718
> 2:False:15,18:19228,1718
> 3:False:16,19:19228,1718
> 4:True:16,16:19228,1718
> 5:False:17,20:19228,1718
miconic-optimal/10/miconic_p01_hyp-2_10_3.tar.bz2:0.7884433269500732:0.0860891:0.7900000000000063
> 0:False:17,20:19228,1718
> 1:True:16,16:19228,1718
> 2:False:15,16:19228,1718
> 3:False:16,17:19228,1718
> 4:False:16,18:19228,1718
> 5:False:17,20:19228,1718
miconic-optimal/10/miconic_p01_hyp-3_10_1.tar.bz2:0.7934622764587402:0.08272430000000001:0.7899999999999778
> 0:False:17,19:19228,1718
> 1:False:16,17:19228,1718
> 2:True:15,15:19228,1718
> 3:False:16,17:19228,1718
> 4:False:16,19:19228,1718
> 5:False:17,19:19228,1718
miconic-optimal/10/miconic_p01_hyp-3_10_2.tar.bz2:0.7764976024627686:0.08356739999999999:0.7599999999999909
> 0:True:17,18:19228,1718
> 1:False:16,18:19228,1718
> 2:True:15,16:19228,1718
> 3:True:16,17:19228,1718
> 4:False:16,18:19228,1718
> 5:True:17,18:19228,1718
miconic-optimal/10/miconic_p01_hyp-3_10_3.tar.bz2:0.7865955829620361:0.08649050000000001:0.789999999999992
> 0:False:17,19:19228,1718
> 1:False:16,19:19228,1718
> 2:True:15,15:19228,1718
> 3:True:16,16:19228,1718
> 4:False:16,22:19228,1718
> 5:False:17,19:19228,1718
miconic-optimal/10/miconic_p01_hyp-4_10_1.tar.bz2:0.7766997814178467:0.08619199999999999:0.7700000000000102
> 0:False:17,20:19228,1718
> 1:False:16,18:19228,1718
> 2:False:15,18:19228,1718
> 3:True:16,16:19228,1718
> 4:False:16,18:19228,1718
> 5:True:17,17:19228,1718
miconic-optimal/10/miconic_p01_hyp-4_10_2.tar.bz2:0.7834885120391846:0.0822098:0.789999999999992
> 0:True:17,17:19228,1718
> 1:True:16,16:19228,1718
> 2:False:15,18:19228,1718
> 3:True:16,16:19228,1718
> 4:True:16,16:19228,1718
> 5:False:17,20:19228,1718
miconic-optimal/10/miconic_p01_hyp-4_10_3.tar.bz2:0.7980427742004395:0.0841642:0.7999999999999972
> 0:True:17,17:19228,1718
> 1:False:16,19:19228,1718
> 2:False:15,17:19228,1718
> 3:True:16,16:19228,1718
> 4:False:16,20:19228,1718
> 5:False:17,19:19228,1718
miconic-optimal/10/miconic_p02_hyp-1_10_1.tar.bz2:0.7058818340301514:0.06305353999999999:0.6999999999999886
> 0:True:17,17:13668,1368
> 1:False:17,21:13668,1368
> 2:False:17,21:13668,1368
> 3:True:18,18:13668,1368
> 4:True:17,17:13668,1368
> 5:True:18,18:13668,1368
miconic-optimal/10/miconic_p02_hyp-1_10_2.tar.bz2:0.7042460441589355:0.06513397:0.7000000000000028
> 0:True:17,17:13668,1368
> 1:False:17,19:13668,1368
> 2:False:17,18:13668,1368
> 3:False:18,19:13668,1368
> 4:False:17,19:13668,1368
> 5:False:18,20:13668,1368
miconic-optimal/10/miconic_p02_hyp-1_10_3.tar.bz2:0.7166991233825684:0.06415552:0.7099999999999937
> 0:True:17,17:13668,1368
> 1:True:17,17:13668,1368
> 2:False:17,19:13668,1368
> 3:False:18,20:13668,1368
> 4:True:17,17:13668,1368
> 5:True:18,18:13668,1368
miconic-optimal/10/miconic_p02_hyp-2_10_1.tar.bz2:0.7167341709136963:0.07003250000000001:0.710000000000008
> 0:False:17,21:13668,1368
> 1:True:17,17:13668,1368
> 2:True:17,17:13668,1368
> 3:True:18,18:13668,1368
> 4:True:17,17:13668,1368
> 5:False:18,19:13668,1368
miconic-optimal/10/miconic_p02_hyp-2_10_2.tar.bz2:0.7244408130645752:0.0687334:0.7199999999999989
> 0:False:17,18:13668,1368
> 1:True:17,17:13668,1368
> 2:True:17,17:13668,1368
> 3:False:18,20:13668,1368
> 4:False:17,19:13668,1368
> 5:False:18,20:13668,1368
miconic-optimal/10/miconic_p02_hyp-2_10_3.tar.bz2:0.7278575897216797:0.06477057:0.730000000000004
> 0:False:17,21:13668,1368
> 1:True:17,17:13668,1368
> 2:True:17,17:13668,1368
> 3:True:18,18:13668,1368
> 4:True:17,17:13668,1368
> 5:True:18,18:13668,1368
miconic-optimal/10/miconic_p02_hyp-3_10_1.tar.bz2:0.7108035087585449:0.06558169999999999:0.7099999999999937
> 0:False:17,19:13668,1368
> 1:True:17,18:13668,1368
> 2:True:17,18:13668,1368
> 3:True:18,19:13668,1368
> 4:True:17,18:13668,1368
> 5:False:18,21:13668,1368
miconic-optimal/10/miconic_p02_hyp-3_10_2.tar.bz2:0.7101867198944092:0.06654567:0.710000000000008
> 0:False:17,21:13668,1368
> 1:True:17,17:13668,1368
> 2:True:17,17:13668,1368
> 3:True:18,18:13668,1368
> 4:True:17,17:13668,1368
> 5:False:18,20:13668,1368
miconic-optimal/10/miconic_p02_hyp-3_10_3.tar.bz2:0.7169275283813477:0.07088361000000001:0.7099999999999937
> 0:False:17,19:13668,1368
> 1:False:17,19:13668,1368
> 2:True:17,18:13668,1368
> 3:True:18,19:13668,1368
> 4:False:17,19:13668,1368
> 5:False:18,20:13668,1368
miconic-optimal/10/miconic_p02_hyp-4_10_1.tar.bz2:0.709721565246582:0.0668256:0.710000000000008
> 0:False:17,18:13668,1368
> 1:False:17,20:13668,1368
> 2:False:17,19:13668,1368
> 3:True:18,18:13668,1368
> 4:True:17,17:13668,1368
> 5:True:18,18:13668,1368
miconic-optimal/10/miconic_p02_hyp-4_10_2.tar.bz2:0.7021620273590088:0.0656446:0.6899999999999977
> 0:True:17,17:13668,1368
> 1:False:17,23:13668,1368
> 2:False:17,21:13668,1368
> 3:True:18,18:13668,1368
> 4:False:17,19:13668,1368
> 5:False:18,20:13668,1368
miconic-optimal/10/miconic_p02_hyp-4_10_3.tar.bz2:0.7176535129547119:0.06971791000000001:0.7099999999999937
> 0:False:17,18:13668,1368
> 1:True:17,17:13668,1368
> 2:True:17,17:13668,1368
> 3:True:18,18:13668,1368
> 4:True:17,17:13668,1368
> 5:True:18,18:13668,1368
miconic-optimal/10/miconic_p03_hyp-1_10_1.tar.bz2:0.5954585075378418:0.036811830000000004:0.6000000000000085
> 0:True:14,14:5980,788
> 1:False:14,15:5980,788
> 2:False:15,17:5980,788
> 3:False:13,14:5980,788
> 4:False:15,18:5980,788
> 5:True:14,14:5980,788
miconic-optimal/10/miconic_p03_hyp-1_10_2.tar.bz2:0.5921132564544678:0.03661937:0.5900000000000034
> 0:True:14,14:5980,788
> 1:False:14,15:5980,788
> 2:False:15,18:5980,788
> 3:False:13,15:5980,788
> 4:False:15,17:5980,788
> 5:False:14,15:5980,788
miconic-optimal/10/miconic_p03_hyp-1_10_3.tar.bz2:0.594064474105835:0.03505804:0.5999999999999943
> 0:True:14,14:5980,788
> 1:True:14,14:5980,788
> 2:True:15,15:5980,788
> 3:False:13,17:5980,788
> 4:False:15,18:5980,788
> 5:True:14,14:5980,788
miconic-optimal/10/miconic_p03_hyp-2_10_1.tar.bz2:0.5844149589538574:0.03675615:0.5900000000000034
> 0:False:14,17:5980,788
> 1:True:14,14:5980,788
> 2:True:15,15:5980,788
> 3:False:13,15:5980,788
> 4:False:15,16:5980,788
> 5:False:14,17:5980,788
miconic-optimal/10/miconic_p03_hyp-2_10_2.tar.bz2:0.5907151699066162:0.03635906:0.5900000000000034
> 0:True:14,14:5980,788
> 1:True:14,14:5980,788
> 2:False:15,17:5980,788
> 3:False:13,14:5980,788
> 4:False:15,17:5980,788
> 5:True:14,14:5980,788
miconic-optimal/10/miconic_p03_hyp-2_10_3.tar.bz2:0.5740599632263184:0.034457690000000006:0.5699999999999932
> 0:True:14,14:5980,788
> 1:True:14,14:5980,788
> 2:True:15,15:5980,788
> 3:False:13,14:5980,788
> 4:False:15,16:5980,788
> 5:True:14,14:5980,788
miconic-optimal/10/miconic_p03_hyp-3_10_1.tar.bz2:0.5811207294464111:0.033856950000000004:0.5800000000000125
> 0:True:14,14:5980,788
> 1:False:14,17:5980,788
> 2:True:15,15:5980,788
> 3:True:13,13:5980,788
> 4:True:15,15:5980,788
> 5:True:14,14:5980,788
miconic-optimal/10/miconic_p03_hyp-3_10_2.tar.bz2:0.5974698066711426:0.04124915:0.5900000000000034
> 0:False:14,17:5980,788
> 1:True:14,14:5980,788
> 2:True:15,15:5980,788
> 3:True:13,13:5980,788
> 4:True:15,15:5980,788
> 5:True:14,14:5980,788
miconic-optimal/10/miconic_p03_hyp-3_10_3.tar.bz2:0.5899710655212402:0.03902177:0.589999999999975
> 0:False:14,15:5980,788
> 1:True:14,14:5980,788
> 2:True:15,15:5980,788
> 3:False:13,14:5980,788
> 4:True:15,15:5980,788
> 5:True:14,14:5980,788
miconic-optimal/10/miconic_p03_hyp-4_10_1.tar.bz2:0.5711138248443604:0.04156239:0.5699999999999932
> 0:False:14,15:5980,788
> 1:False:14,17:5980,788
> 2:True:15,15:5980,788
> 3:True:13,13:5980,788
> 4:True:15,15:5980,788
> 5:True:14,14:5980,788
miconic-optimal/10/miconic_p03_hyp-4_10_2.tar.bz2:0.5603065490722656:0.032375949999999994:0.549999999999983
> 0:False:14,15:5980,788
> 1:False:14,15:5980,788
> 2:True:15,15:5980,788
> 3:True:13,13:5980,788
> 4:True:15,15:5980,788
> 5:True:14,14:5980,788
miconic-optimal/10/miconic_p03_hyp-4_10_3.tar.bz2:0.5936264991760254:0.0363115:0.5999999999999943
> 0:False:14,17:5980,788
> 1:True:14,14:5980,788
> 2:True:15,15:5980,788
> 3:True:13,13:5980,788
> 4:True:15,15:5980,788
> 5:True:14,14:5980,788
miconic-optimal/30/miconic_p01_hyp-1_30_1.tar.bz2:0.7726585865020752:0.0831018:0.7700000000000102
> 0:True:17,17:19232,1730
> 1:False:16,23:19232,1730
> 2:False:15,19:19232,1730
> 3:False:16,22:19232,1730
> 4:False:16,18:19232,1730
> 5:False:17,20:19232,1730
miconic-optimal/30/miconic_p01_hyp-1_30_2.tar.bz2:0.7837276458740234:0.08999370000000001:0.7800000000000011
> 0:True:17,17:19232,1730
> 1:False:16,22:19232,1730
> 2:False:15,21:19232,1730
> 3:False:16,19:19232,1730
> 4:False:16,23:19232,1730
> 5:False:17,20:19232,1730
miconic-optimal/30/miconic_p01_hyp-1_30_3.tar.bz2:0.7781150341033936:0.0855254:0.7800000000000011
> 0:True:17,17:19232,1730
> 1:False:16,23:19232,1730
> 2:False:15,19:19232,1730
> 3:False:16,20:19232,1730
> 4:False:16,23:19232,1730
> 5:False:17,18:19232,1730
miconic-optimal/30/miconic_p01_hyp-2_30_1.tar.bz2:0.782371997833252:0.087844:0.7900000000000205
> 0:False:17,21:19231,1727
> 1:True:16,16:19231,1727
> 2:False:15,18:19231,1727
> 3:False:16,17:19231,1727
> 4:False:16,19:19231,1727
> 5:False:17,23:19231,1727
miconic-optimal/30/miconic_p01_hyp-2_30_2.tar.bz2:0.7771029472351074:0.0900342:0.7800000000000011
> 0:False:17,20:19231,1727
> 1:True:16,16:19231,1727
> 2:False:15,17:19231,1727
> 3:False:16,17:19231,1727
> 4:False:16,19:19231,1727
> 5:False:17,21:19231,1727
miconic-optimal/30/miconic_p01_hyp-2_30_3.tar.bz2:0.7936711311340332:0.0812328:0.789999999999992
> 0:False:17,24:19231,1727
> 1:True:16,16:19231,1727
> 2:False:15,21:19231,1727
> 3:False:16,19:19231,1727
> 4:False:16,19:19231,1727
> 5:False:17,25:19231,1727
miconic-optimal/30/miconic_p01_hyp-3_30_1.tar.bz2:0.7859616279602051:0.08928749999999999:0.789999999999992
> 0:True:17,18:19231,1727
> 1:False:16,21:19231,1727
> 2:True:15,16:19231,1727
> 3:False:16,18:19231,1727
> 4:False:16,21:19231,1727
> 5:True:17,18:19231,1727
miconic-optimal/30/miconic_p01_hyp-3_30_2.tar.bz2:0.7859020233154297:0.08740099999999999:0.789999999999992
> 0:False:17,18:19231,1727
> 1:False:16,21:19231,1727
> 2:True:15,15:19231,1727
> 3:False:16,19:19231,1727
> 4:False:16,19:19231,1727
> 5:False:17,18:19231,1727
miconic-optimal/30/miconic_p01_hyp-3_30_3.tar.bz2:0.7798917293548584:0.0848949:0.789999999999992
> 0:False:17,20:19231,1727
> 1:False:16,20:19231,1727
> 2:True:15,16:19231,1727
> 3:False:16,19:19231,1727
> 4:False:16,20:19231,1727
> 5:False:17,20:19231,1727
miconic-optimal/30/miconic_p01_hyp-4_30_1.tar.bz2:0.7956359386444092:0.0826519:0.7900000000000205
> 0:False:17,19:19231,1727
> 1:False:16,17:19231,1727
> 2:False:15,19:19231,1727
> 3:True:16,16:19231,1727
> 4:False:16,18:19231,1727
> 5:False:17,19:19231,1727
miconic-optimal/30/miconic_p01_hyp-4_30_2.tar.bz2:0.7926054000854492:0.0859366:0.789999999999992
> 0:False:17,22:19231,1727
> 1:False:16,17:19231,1727
> 2:False:15,19:19231,1727
> 3:True:16,16:19231,1727
> 4:False:16,20:19231,1727
> 5:False:17,20:19231,1727
miconic-optimal/30/miconic_p01_hyp-4_30_3.tar.bz2:0.7808687686920166:0.0847415:0.7800000000000011
> 0:False:17,20:19231,1727
> 1:False:16,17:19231,1727
> 2:False:15,16:19231,1727
> 3:True:16,16:19231,1727
> 4:False:16,20:19231,1727
> 5:False:17,21:19231,1727
miconic-optimal/30/miconic_p02_hyp-1_30_1.tar.bz2:0.7029848098754883:0.0687516:0.700000000000017
> 0:True:17,17:13672,1380
> 1:False:17,22:13672,1380
> 2:False:17,21:13672,1380
> 3:False:18,20:13672,1380
> 4:False:17,20:13672,1380
> 5:False:18,21:13672,1380
miconic-optimal/30/miconic_p02_hyp-1_30_2.tar.bz2:0.6868891716003418:0.059173289999999996:0.700000000000017
> 0:True:17,18:13672,1380
> 1:False:17,21:13672,1380
> 2:True:17,18:13672,1380
> 3:False:18,20:13672,1380
> 4:False:17,22:13672,1380
> 5:False:18,25:13672,1380
miconic-optimal/30/miconic_p02_hyp-1_30_3.tar.bz2:0.7026607990264893:0.06507141:0.6999999999999886
> 0:True:17,17:13672,1380
> 1:False:17,21:13672,1380
> 2:False:17,20:13672,1380
> 3:True:18,18:13672,1380
> 4:False:17,18:13672,1380
> 5:False:18,21:13672,1380
miconic-optimal/30/miconic_p02_hyp-2_30_1.tar.bz2:0.7014236450195312:0.06294515:0.700000000000017
> 0:False:17,18:13672,1380
> 1:True:17,17:13672,1380
> 2:False:17,19:13672,1380
> 3:False:18,23:13672,1380
> 4:False:17,20:13672,1380
> 5:False:18,22:13672,1380
miconic-optimal/30/miconic_p02_hyp-2_30_2.tar.bz2:0.7068333625793457:0.0676147:0.7099999999999795
> 0:False:17,18:13672,1380
> 1:True:17,17:13672,1380
> 2:True:17,17:13672,1380
> 3:False:18,21:13672,1380
> 4:False:17,20:13672,1380
> 5:False:18,23:13672,1380
miconic-optimal/30/miconic_p02_hyp-2_30_3.tar.bz2:0.6898891925811768:0.0609104:0.6900000000000261
> 0:False:17,21:13672,1380
> 1:True:17,17:13672,1380
> 2:False:17,18:13672,1380
> 3:False:18,19:13672,1380
> 4:False:17,18:13672,1380
> 5:False:18,20:13672,1380
miconic-optimal/30/miconic_p02_hyp-3_30_1.tar.bz2:0.7046172618865967:0.0699664:0.7099999999999795
> 0:False:17,21:13672,1380
> 1:False:17,19:13672,1380
> 2:True:17,17:13672,1380
> 3:False:18,21:13672,1380
> 4:False:17,22:13672,1380
> 5:False:18,23:13672,1380
miconic-optimal/30/miconic_p02_hyp-3_30_2.tar.bz2:0.6821730136871338:0.06559214:0.6800000000000068
> 0:False:17,22:13672,1380
> 1:False:17,18:13672,1380
> 2:True:17,17:13672,1380
> 3:False:18,19:13672,1380
> 4:False:17,18:13672,1380
> 5:False:18,20:13672,1380
miconic-optimal/30/miconic_p02_hyp-3_30_3.tar.bz2:0.6646299362182617:0.05900995:0.6599999999999966
> 0:False:17,21:13672,1380
> 1:False:17,21:13672,1380
> 2:True:17,18:13672,1380
> 3:True:18,19:13672,1380
> 4:False:17,21:13672,1380
> 5:False:18,22:13672,1380
miconic-optimal/30/miconic_p02_hyp-4_30_1.tar.bz2:0.7009479999542236:0.0701763:0.6999999999999886
> 0:False:17,19:13672,1380
> 1:False:17,21:13672,1380
> 2:False:17,20:13672,1380
> 3:True:18,18:13672,1380
> 4:False:17,18:13672,1380
> 5:False:18,21:13672,1380
miconic-optimal/30/miconic_p02_hyp-4_30_2.tar.bz2:0.7034585475921631:0.06844080000000001:0.710000000000008
> 0:False:17,21:13672,1380
> 1:False:17,18:13672,1380
> 2:True:17,17:13672,1380
> 3:True:18,18:13672,1380
> 4:True:17,17:13672,1380
> 5:False:18,20:13672,1380
miconic-optimal/30/miconic_p02_hyp-4_30_3.tar.bz2:0.6956477165222168:0.06909560000000001:0.6899999999999977
> 0:False:17,21:13672,1380
> 1:False:17,20:13672,1380
> 2:True:17,17:13672,1380
> 3:True:18,18:13672,1380
> 4:False:17,20:13672,1380
> 5:False:18,21:13672,1380
miconic-optimal/30/miconic_p03_hyp-1_30_1.tar.bz2:0.5970253944396973:0.042842290000000005:0.589999999999975
> 0:True:14,14:5983,797
> 1:False:14,17:5983,797
> 2:False:15,18:5983,797
> 3:False:13,16:5983,797
> 4:False:15,18:5983,797
> 5:False:14,15:5983,797
miconic-optimal/30/miconic_p03_hyp-1_30_2.tar.bz2:0.6063871383666992:0.04351536:0.6100000000000136
> 0:True:14,14:5983,797
> 1:False:14,18:5983,797
> 2:False:15,18:5983,797
> 3:False:13,15:5983,797
> 4:False:15,17:5983,797
> 5:False:14,15:5983,797
miconic-optimal/30/miconic_p03_hyp-1_30_3.tar.bz2:0.5788748264312744:0.037058270000000004:0.5699999999999932
> 0:True:14,14:5983,797
> 1:False:14,20:5983,797
> 2:False:15,18:5983,797
> 3:False:13,18:5983,797
> 4:False:15,16:5983,797
> 5:False:14,17:5983,797
miconic-optimal/30/miconic_p03_hyp-2_30_1.tar.bz2:0.5719184875488281:0.03891597000000001:0.5699999999999932
> 0:False:14,16:5983,797
> 1:True:14,14:5983,797
> 2:False:15,17:5983,797
> 3:False:13,14:5983,797
> 4:False:15,17:5983,797
> 5:False:14,15:5983,797
miconic-optimal/30/miconic_p03_hyp-2_30_2.tar.bz2:0.5660073757171631:0.041145860000000006:0.5600000000000023
> 0:False:14,16:5983,797
> 1:True:14,14:5983,797
> 2:False:15,17:5983,797
> 3:False:13,15:5983,797
> 4:False:15,18:5983,797
> 5:True:14,14:5983,797
miconic-optimal/30/miconic_p03_hyp-2_30_3.tar.bz2:0.6140158176422119:0.042936800000000004:0.6200000000000045
> 0:False:14,17:5983,797
> 1:True:14,14:5983,797
> 2:False:15,17:5983,797
> 3:False:13,14:5983,797
> 4:False:15,17:5983,797
> 5:False:14,16:5983,797
miconic-optimal/30/miconic_p03_hyp-3_30_1.tar.bz2:0.5770549774169922:0.03928866:0.5699999999999932
> 0:False:14,17:5983,797
> 1:False:14,15:5983,797
> 2:True:15,15:5983,797
> 3:False:13,14:5983,797
> 4:False:15,16:5983,797
> 5:False:14,15:5983,797
miconic-optimal/30/miconic_p03_hyp-3_30_2.tar.bz2:0.5732553005218506:0.03977641:0.5699999999999932
> 0:False:14,17:5983,797
> 1:True:14,14:5983,797
> 2:True:15,15:5983,797
> 3:False:13,16:5983,797
> 4:False:15,17:5983,797
> 5:False:14,17:5983,797
miconic-optimal/30/miconic_p03_hyp-3_30_3.tar.bz2:0.5736935138702393:0.04246302:0.5600000000000023
> 0:False:14,20:5983,797
> 1:False:14,15:5983,797
> 2:True:15,15:5983,797
> 3:False:13,17:5983,797
> 4:False:15,18:5983,797
> 5:False:14,17:5983,797
miconic-optimal/30/miconic_p03_hyp-4_30_1.tar.bz2:0.5859119892120361:0.04005508000000001:0.5900000000000034
> 0:False:14,19:5983,797
> 1:False:14,16:5983,797
> 2:True:15,16:5983,797
> 3:True:13,14:5983,797
> 4:True:15,16:5983,797
> 5:False:14,18:5983,797
miconic-optimal/30/miconic_p03_hyp-4_30_2.tar.bz2:0.5767693519592285:0.04110182:0.5699999999999932
> 0:False:14,17:5983,797
> 1:False:14,16:5983,797
> 2:False:15,18:5983,797
> 3:True:13,14:5983,797
> 4:False:15,18:5983,797
> 5:False:14,17:5983,797
miconic-optimal/30/miconic_p03_hyp-4_30_3.tar.bz2:0.587388277053833:0.03945714:0.5900000000000034
> 0:False:14,16:5983,797
> 1:False:14,16:5983,797
> 2:False:15,17:5983,797
> 3:True:13,13:5983,797
> 4:False:15,17:5983,797
> 5:False:14,15:5983,797
miconic-optimal/50/miconic_p01_hyp-1_50_1.tar.bz2:0.7806441783905029:0.086725:0.7800000000000011
> 0:True:17,17:19235,1739
> 1:False:16,24:19235,1739
> 2:False:15,18:19235,1739
> 3:False:16,22:19235,1739
> 4:False:16,20:19235,1739
> 5:False:17,19:19235,1739
miconic-optimal/50/miconic_p01_hyp-1_50_2.tar.bz2:0.802398681640625:0.0895975:0.8099999999999739
> 0:True:17,17:19235,1739
> 1:False:16,25:19235,1739
> 2:False:15,19:19235,1739
> 3:False:16,22:19235,1739
> 4:False:16,23:19235,1739
> 5:False:17,18:19235,1739
miconic-optimal/50/miconic_p01_hyp-1_50_3.tar.bz2:0.7752020359039307:0.0870352:0.7700000000000102
> 0:True:17,17:19235,1739
> 1:False:16,24:19235,1739
> 2:False:15,17:19235,1739
> 3:False:16,22:19235,1739
> 4:False:16,20:19235,1739
> 5:False:17,18:19235,1739
miconic-optimal/50/miconic_p01_hyp-2_50_1.tar.bz2:0.7772359848022461:0.0881587:0.7800000000000011
> 0:False:17,26:19234,1736
> 1:True:16,16:19234,1736
> 2:False:15,22:19234,1736
> 3:False:16,19:19234,1736
> 4:False:16,20:19234,1736
> 5:False:17,24:19234,1736
miconic-optimal/50/miconic_p01_hyp-2_50_2.tar.bz2:0.7876992225646973:0.0851803:0.7800000000000011
> 0:False:17,23:19234,1736
> 1:True:16,16:19234,1736
> 2:False:15,24:19234,1736
> 3:False:16,19:19234,1736
> 4:True:16,16:19234,1736
> 5:False:17,23:19234,1736
miconic-optimal/50/miconic_p01_hyp-2_50_3.tar.bz2:0.7815735340118408:0.08551600000000001:0.7700000000000102
> 0:False:17,23:19234,1736
> 1:True:16,16:19234,1736
> 2:False:15,22:19234,1736
> 3:False:16,19:19234,1736
> 4:False:16,19:19234,1736
> 5:False:17,25:19234,1736
miconic-optimal/50/miconic_p01_hyp-3_50_1.tar.bz2:0.7706451416015625:0.08773530000000002:0.7599999999999909
> 0:False:17,21:19234,1736
> 1:False:16,19:19234,1736
> 2:True:15,15:19234,1736
> 3:False:16,17:19234,1736
> 4:False:16,23:19234,1736
> 5:False:17,21:19234,1736
miconic-optimal/50/miconic_p01_hyp-3_50_2.tar.bz2:0.7879126071929932:0.08340610000000001:0.7800000000000011
> 0:False:17,19:19234,1736
> 1:False:16,22:19234,1736
> 2:True:15,15:19234,1736
> 3:False:16,20:19234,1736
> 4:False:16,21:19234,1736
> 5:False:17,19:19234,1736
miconic-optimal/50/miconic_p01_hyp-3_50_3.tar.bz2:0.7644810676574707:0.0866454:0.7600000000000193
> 0:False:17,19:19234,1736
> 1:False:16,23:19234,1736
> 2:True:15,16:19234,1736
> 3:False:16,22:19234,1736
> 4:False:16,20:19234,1736
> 5:False:17,19:19234,1736
miconic-optimal/50/miconic_p01_hyp-4_50_1.tar.bz2:0.7694475650787354:0.08521740000000001:0.7599999999999909
> 0:False:17,21:19234,1736
> 1:False:16,19:19234,1736
> 2:False:15,20:19234,1736
> 3:True:16,16:19234,1736
> 4:False:16,22:19234,1736
> 5:False:17,22:19234,1736
miconic-optimal/50/miconic_p01_hyp-4_50_2.tar.bz2:0.7921121120452881:0.0925424:0.7900000000000205
> 0:False:17,22:19234,1736
> 1:False:16,19:19234,1736
> 2:False:15,21:19234,1736
> 3:True:16,16:19234,1736
> 4:False:16,22:19234,1736
> 5:False:17,22:19234,1736
miconic-optimal/50/miconic_p01_hyp-4_50_3.tar.bz2:0.7907721996307373:0.0856448:0.7900000000000205
> 0:False:17,24:19234,1736
> 1:True:16,16:19234,1736
> 2:False:15,18:19234,1736
> 3:True:16,16:19234,1736
> 4:False:16,21:19234,1736
> 5:False:17,21:19234,1736
miconic-optimal/50/miconic_p02_hyp-1_50_1.tar.bz2:0.6896445751190186:0.06267915:0.6800000000000068
> 0:True:17,18:13675,1389
> 1:False:17,24:13675,1389
> 2:False:17,24:13675,1389
> 3:False:18,23:13675,1389
> 4:False:17,22:13675,1389
> 5:False:18,23:13675,1389
miconic-optimal/50/miconic_p02_hyp-1_50_2.tar.bz2:0.7017064094543457:0.06558302:0.6999999999999886
> 0:True:17,18:13675,1389
> 1:False:17,23:13675,1389
> 2:False:17,24:13675,1389
> 3:False:18,22:13675,1389
> 4:False:17,20:13675,1389
> 5:False:18,21:13675,1389
miconic-optimal/50/miconic_p02_hyp-1_50_3.tar.bz2:0.7254338264465332:0.06655597:0.7300000000000182
> 0:True:17,18:13675,1389
> 1:False:17,25:13675,1389
> 2:False:17,23:13675,1389
> 3:False:18,22:13675,1389
> 4:False:17,23:13675,1389
> 5:False:18,25:13675,1389
miconic-optimal/50/miconic_p02_hyp-2_50_1.tar.bz2:0.6992933750152588:0.06741657:0.6899999999999977
> 0:False:17,22:13675,1389
> 1:True:17,17:13675,1389
> 2:False:17,19:13675,1389
> 3:False:18,21:13675,1389
> 4:False:17,19:13675,1389
> 5:False:18,20:13675,1389
miconic-optimal/50/miconic_p02_hyp-2_50_2.tar.bz2:0.7170610427856445:0.06885955:0.710000000000008
> 0:False:17,22:13675,1389
> 1:True:17,17:13675,1389
> 2:False:17,20:13675,1389
> 3:False:18,23:13675,1389
> 4:False:17,20:13675,1389
> 5:False:18,22:13675,1389
miconic-optimal/50/miconic_p02_hyp-2_50_3.tar.bz2:0.7056324481964111:0.0674137:0.6999999999999886
> 0:False:17,24:13675,1389
> 1:True:17,17:13675,1389
> 2:False:17,22:13675,1389
> 3:False:18,26:13675,1389
> 4:False:17,23:13675,1389
> 5:False:18,23:13675,1389
miconic-optimal/50/miconic_p02_hyp-3_50_1.tar.bz2:0.709977388381958:0.06674379:0.710000000000008
> 0:False:17,23:13675,1389
> 1:False:17,23:13675,1389
> 2:True:17,18:13675,1389
> 3:False:18,20:13675,1389
> 4:False:17,22:13675,1389
> 5:False:18,23:13675,1389
miconic-optimal/50/miconic_p02_hyp-3_50_2.tar.bz2:0.6766970157623291:0.06127692999999999:0.6800000000000068
> 0:False:17,21:13675,1389
> 1:False:17,21:13675,1389
> 2:True:17,18:13675,1389
> 3:False:18,20:13675,1389
> 4:False:17,21:13675,1389
> 5:False:18,24:13675,1389
miconic-optimal/50/miconic_p02_hyp-3_50_3.tar.bz2:0.7026057243347168:0.06508193:0.6899999999999977
> 0:False:17,24:13675,1389
> 1:False:17,22:13675,1389
> 2:True:17,18:13675,1389
> 3:False:18,22:13675,1389
> 4:False:17,23:13675,1389
> 5:False:18,24:13675,1389
miconic-optimal/50/miconic_p02_hyp-4_50_1.tar.bz2:0.720196008682251:0.073849:0.7200000000000273
> 0:False:17,21:13676,1392
> 1:False:17,24:13676,1392
> 2:False:17,22:13676,1392
> 3:True:18,19:13676,1392
> 4:False:17,19:13676,1392
> 5:False:18,22:13676,1392
miconic-optimal/50/miconic_p02_hyp-4_50_2.tar.bz2:0.7103137969970703:0.07154563:0.710000000000008
> 0:False:17,24:13676,1392
> 1:False:17,26:13676,1392
> 2:False:17,21:13676,1392
> 3:True:18,19:13676,1392
> 4:False:17,21:13676,1392
> 5:False:18,24:13676,1392
miconic-optimal/50/miconic_p02_hyp-4_50_3.tar.bz2:0.7158513069152832:0.0687305:0.7099999999999795
> 0:False:17,23:13676,1392
> 1:False:17,23:13676,1392
> 2:False:17,20:13676,1392
> 3:True:18,18:13676,1392
> 4:False:17,18:13676,1392
> 5:False:18,21:13676,1392
miconic-optimal/50/miconic_p03_hyp-1_50_1.tar.bz2:0.5775883197784424:0.03777398:0.5800000000000125
> 0:True:14,14:5986,806
> 1:False:14,19:5986,806
> 2:False:15,19:5986,806
> 3:False:13,17:5986,806
> 4:False:15,18:5986,806
> 5:False:14,16:5986,806
miconic-optimal/50/miconic_p03_hyp-1_50_2.tar.bz2:0.5816080570220947:0.03912246:0.5799999999999841
> 0:True:14,15:5986,806
> 1:False:14,19:5986,806
> 2:False:15,20:5986,806
> 3:False:13,19:5986,806
> 4:False:15,20:5986,806
> 5:False:14,17:5986,806
miconic-optimal/50/miconic_p03_hyp-1_50_3.tar.bz2:0.5976359844207764:0.04348006:0.5900000000000034
> 0:True:14,14:5986,806
> 1:False:14,20:5986,806
> 2:False:15,20:5986,806
> 3:False:13,18:5986,806
> 4:False:15,18:5986,806
> 5:False:14,17:5986,806
miconic-optimal/50/miconic_p03_hyp-2_50_1.tar.bz2:0.5792605876922607:0.04150683:0.5800000000000125
> 0:False:14,19:5986,806
> 1:True:14,15:5986,806
> 2:False:15,18:5986,806
> 3:False:13,18:5986,806
> 4:False:15,21:5986,806
> 5:False:14,16:5986,806
miconic-optimal/50/miconic_p03_hyp-2_50_2.tar.bz2:0.5706000328063965:0.032803570000000004:0.5799999999999841
> 0:False:14,21:5986,806
> 1:True:14,15:5986,806
> 2:False:15,18:5986,806
> 3:False:13,16:5986,806
> 4:False:15,19:5986,806
> 5:False:14,18:5986,806
miconic-optimal/50/miconic_p03_hyp-2_50_3.tar.bz2:0.5789806842803955:0.0419509:0.5800000000000125
> 0:False:14,20:5986,806
> 1:True:14,14:5986,806
> 2:False:15,17:5986,806
> 3:False:13,17:5986,806
> 4:False:15,20:5986,806
> 5:False:14,17:5986,806
miconic-optimal/50/miconic_p03_hyp-3_50_1.tar.bz2:0.6004517078399658:0.0445673:0.5999999999999943
> 0:False:14,18:5986,806
> 1:False:14,16:5986,806
> 2:True:15,15:5986,806
> 3:False:13,17:5986,806
> 4:False:15,18:5986,806
> 5:False:14,15:5986,806
miconic-optimal/50/miconic_p03_hyp-3_50_2.tar.bz2:0.5904717445373535:0.03807166:0.5900000000000034
> 0:False:14,19:5986,806
> 1:False:14,17:5986,806
> 2:True:15,15:5986,806
> 3:False:13,14:5986,806
> 4:True:15,15:5986,806
> 5:False:14,17:5986,806
miconic-optimal/50/miconic_p03_hyp-3_50_3.tar.bz2:0.581688642501831:0.038287789999999995:0.5700000000000216
> 0:False:14,20:5986,806
> 1:False:14,17:5986,806
> 2:True:15,15:5986,806
> 3:False:13,17:5986,806
> 4:False:15,18:5986,806
> 5:False:14,17:5986,806
miconic-optimal/50/miconic_p03_hyp-4_50_1.tar.bz2:0.5978543758392334:0.03891621000000001:0.5999999999999943
> 0:False:14,17:5985,803
> 1:False:14,18:5985,803
> 2:False:15,17:5985,803
> 3:True:13,14:5985,803
> 4:False:15,17:5985,803
> 5:True:14,15:5985,803
miconic-optimal/50/miconic_p03_hyp-4_50_2.tar.bz2:0.57275390625:0.03663739:0.5700000000000216
> 0:False:14,19:5985,803
> 1:False:14,18:5985,803
> 2:False:15,17:5985,803
> 3:True:13,14:5985,803
> 4:False:15,17:5985,803
> 5:False:14,16:5985,803
miconic-optimal/50/miconic_p03_hyp-4_50_3.tar.bz2:0.5823919773101807:0.04059167:0.5799999999999841
> 0:False:14,20:5985,803
> 1:False:14,16:5985,803
> 2:False:15,18:5985,803
> 3:True:13,14:5985,803
> 4:False:15,18:5985,803
> 5:False:14,18:5985,803
miconic-optimal/70/miconic_p01_hyp-1_70_1.tar.bz2:0.7759699821472168:0.0859669:0.7700000000000102
> 0:True:17,17:19238,1748
> 1:False:16,25:19238,1748
> 2:False:15,19:19238,1748
> 3:False:16,22:19238,1748
> 4:False:16,22:19238,1748
> 5:False:17,19:19238,1748
miconic-optimal/70/miconic_p01_hyp-1_70_2.tar.bz2:0.7841932773590088:0.0864059:0.7799999999999727
> 0:True:17,17:19238,1748
> 1:False:16,27:19238,1748
> 2:False:15,19:19238,1748
> 3:False:16,24:19238,1748
> 4:False:16,23:19238,1748
> 5:False:17,18:19238,1748
miconic-optimal/70/miconic_p01_hyp-1_70_3.tar.bz2:0.7753281593322754:0.087217:0.7800000000000011
> 0:True:17,17:19238,1748
> 1:False:16,26:19238,1748
> 2:False:15,19:19238,1748
> 3:False:16,23:19238,1748
> 4:False:16,22:19238,1748
> 5:False:17,19:19238,1748
miconic-optimal/70/miconic_p01_hyp-2_70_1.tar.bz2:0.7881317138671875:0.08961669999999998:0.789999999999992
> 0:False:17,25:19238,1748
> 1:True:16,16:19238,1748
> 2:False:15,23:19238,1748
> 3:False:16,19:19238,1748
> 4:False:16,20:19238,1748
> 5:False:17,26:19238,1748
miconic-optimal/70/miconic_p01_hyp-2_70_2.tar.bz2:0.7839481830596924:0.0866721:0.7799999999999727
> 0:False:17,26:19238,1748
> 1:True:16,16:19238,1748
> 2:False:15,24:19238,1748
> 3:False:16,19:19238,1748
> 4:False:16,20:19238,1748
> 5:False:17,26:19238,1748
miconic-optimal/70/miconic_p01_hyp-2_70_3.tar.bz2:0.7875528335571289:0.0905367:0.7800000000000011
> 0:False:17,27:19238,1748
> 1:True:16,16:19238,1748
> 2:False:15,24:19238,1748
> 3:False:16,19:19238,1748
> 4:False:16,21:19238,1748
> 5:False:17,27:19238,1748
miconic-optimal/70/miconic_p01_hyp-3_70_1.tar.bz2:0.7924904823303223:0.08937429999999999:0.8000000000000114
> 0:False:17,22:19238,1748
> 1:False:16,25:19238,1748
> 2:True:15,16:19238,1748
> 3:False:16,22:19238,1748
> 4:False:16,25:19238,1748
> 5:False:17,22:19238,1748
miconic-optimal/70/miconic_p01_hyp-3_70_2.tar.bz2:0.7840573787689209:0.0824324:0.7800000000000011
> 0:False:17,21:19238,1748
> 1:False:16,22:19238,1748
> 2:True:15,15:19238,1748
> 3:False:16,21:19238,1748
> 4:False:16,22:19238,1748
> 5:False:17,21:19238,1748
miconic-optimal/70/miconic_p01_hyp-3_70_3.tar.bz2:0.7647891044616699:0.0792181:0.7599999999999909
> 0:False:17,21:19238,1748
> 1:False:16,23:19238,1748
> 2:True:15,16:19238,1748
> 3:False:16,20:19238,1748
> 4:False:16,24:19238,1748
> 5:False:17,21:19238,1748
miconic-optimal/70/miconic_p01_hyp-4_70_1.tar.bz2:0.7736451625823975:0.0857055:0.7700000000000102
> 0:False:17,23:19238,1748
> 1:False:16,19:19238,1748
> 2:False:15,21:19238,1748
> 3:True:16,16:19238,1748
> 4:False:16,23:19238,1748
> 5:False:17,23:19238,1748
miconic-optimal/70/miconic_p01_hyp-4_70_2.tar.bz2:0.7829351425170898:0.09076799999999999:0.7799999999999727
> 0:False:17,24:19238,1748
> 1:False:16,19:19238,1748
> 2:False:15,21:19238,1748
> 3:True:16,16:19238,1748
> 4:False:16,24:19238,1748
> 5:False:17,24:19238,1748
miconic-optimal/70/miconic_p01_hyp-4_70_3.tar.bz2:0.78021240234375:0.0899627:0.7699999999999818
> 0:False:17,23:19238,1748
> 1:False:16,18:19238,1748
> 2:False:15,20:19238,1748
> 3:True:16,16:19238,1748
> 4:False:16,22:19238,1748
> 5:False:17,22:19238,1748
miconic-optimal/70/miconic_p02_hyp-1_70_1.tar.bz2:0.6930623054504395:0.06093068:0.6899999999999977
> 0:True:17,17:13679,1401
> 1:False:17,24:13679,1401
> 2:False:17,23:13679,1401
> 3:False:18,23:13679,1401
> 4:False:17,23:13679,1401
> 5:False:18,25:13679,1401
miconic-optimal/70/miconic_p02_hyp-1_70_2.tar.bz2:0.6966969966888428:0.06502133:0.6900000000000261
> 0:True:17,17:13679,1401
> 1:False:17,23:13679,1401
> 2:False:17,22:13679,1401
> 3:False:18,23:13679,1401
> 4:False:17,23:13679,1401
> 5:False:18,25:13679,1401
miconic-optimal/70/miconic_p02_hyp-1_70_3.tar.bz2:0.7002973556518555:0.0709833:0.6999999999999886
> 0:True:17,17:13679,1401
> 1:False:17,24:13679,1401
> 2:False:17,23:13679,1401
> 3:False:18,22:13679,1401
> 4:False:17,22:13679,1401
> 5:False:18,25:13679,1401
miconic-optimal/70/miconic_p02_hyp-2_70_1.tar.bz2:0.7020199298858643:0.06660088:0.6999999999999886
> 0:False:17,22:13678,1398
> 1:True:17,17:13678,1398
> 2:False:17,21:13678,1398
> 3:False:18,23:13678,1398
> 4:False:17,20:13678,1398
> 5:False:18,21:13678,1398
miconic-optimal/70/miconic_p02_hyp-2_70_2.tar.bz2:0.6830694675445557:0.06508053:0.6800000000000352
> 0:False:17,20:13678,1398
> 1:True:17,17:13678,1398
> 2:False:17,20:13678,1398
> 3:False:18,24:13678,1398
> 4:False:17,21:13678,1398
> 5:False:18,23:13678,1398
miconic-optimal/70/miconic_p02_hyp-2_70_3.tar.bz2:0.7021105289459229:0.06958107:0.6999999999999886
> 0:False:17,22:13678,1398
> 1:True:17,17:13678,1398
> 2:False:17,21:13678,1398
> 3:False:18,25:13678,1398
> 4:False:17,22:13678,1398
> 5:False:18,23:13678,1398
miconic-optimal/70/miconic_p02_hyp-3_70_1.tar.bz2:0.680426836013794:0.06383752000000001:0.6899999999999693
> 0:False:17,24:13679,1401
> 1:False:17,23:13679,1401
> 2:True:17,18:13679,1401
> 3:False:18,20:13679,1401
> 4:False:17,22:13679,1401
> 5:False:18,25:13679,1401
miconic-optimal/70/miconic_p02_hyp-3_70_2.tar.bz2:0.699336051940918:0.0659359:0.6900000000000261
> 0:False:17,23:13679,1401
> 1:False:17,21:13679,1401
> 2:True:17,18:13679,1401
> 3:False:18,20:13679,1401
> 4:False:17,21:13679,1401
> 5:False:18,24:13679,1401
miconic-optimal/70/miconic_p02_hyp-3_70_3.tar.bz2:0.7266595363616943:0.0682428:0.7299999999999898
> 0:False:17,24:13679,1401
> 1:False:17,22:13679,1401
> 2:True:17,18:13679,1401
> 3:False:18,22:13679,1401
> 4:False:17,23:13679,1401
> 5:False:18,26:13679,1401
miconic-optimal/70/miconic_p02_hyp-4_70_1.tar.bz2:0.7094106674194336:0.07456890000000001:0.7000000000000455
> 0:False:17,23:13680,1404
> 1:False:17,26:13680,1404
> 2:False:17,21:13680,1404
> 3:True:18,18:13680,1404
> 4:False:17,20:13680,1404
> 5:False:18,23:13680,1404
miconic-optimal/70/miconic_p02_hyp-4_70_2.tar.bz2:0.6944665908813477:0.06158219:0.6899999999999977
> 0:False:17,24:13680,1404
> 1:False:17,27:13680,1404
> 2:False:17,22:13680,1404
> 3:True:18,19:13680,1404
> 4:False:17,21:13680,1404
> 5:False:18,24:13680,1404
miconic-optimal/70/miconic_p02_hyp-4_70_3.tar.bz2:0.7005267143249512:0.06754689:0.6899999999999977
> 0:False:17,24:13680,1404
> 1:False:17,27:13680,1404
> 2:False:17,22:13680,1404
> 3:True:18,19:13680,1404
> 4:False:17,21:13680,1404
> 5:False:18,24:13680,1404
miconic-optimal/70/miconic_p03_hyp-1_70_1.tar.bz2:0.572206974029541:0.03739104:0.5800000000000125
> 0:True:14,15:5989,815
> 1:False:14,20:5989,815
> 2:False:15,21:5989,815
> 3:False:13,21:5989,815
> 4:False:15,21:5989,815
> 5:False:14,18:5989,815
miconic-optimal/70/miconic_p03_hyp-1_70_2.tar.bz2:0.6064138412475586:0.04204283:0.5999999999999943
> 0:True:14,15:5989,815
> 1:False:14,20:5989,815
> 2:False:15,20:5989,815
> 3:False:13,20:5989,815
> 4:False:15,21:5989,815
> 5:False:14,17:5989,815
miconic-optimal/70/miconic_p03_hyp-1_70_3.tar.bz2:0.5773961544036865:0.04141805:0.5699999999999932
> 0:True:14,15:5989,815
> 1:False:14,20:5989,815
> 2:False:15,19:5989,815
> 3:False:13,20:5989,815
> 4:False:15,20:5989,815
> 5:False:14,17:5989,815
miconic-optimal/70/miconic_p03_hyp-2_70_1.tar.bz2:0.5910763740539551:0.04423481:0.589999999999975
> 0:False:14,20:5989,815
> 1:True:14,15:5989,815
> 2:False:15,17:5989,815
> 3:False:13,18:5989,815
> 4:False:15,20:5989,815
> 5:False:14,17:5989,815
miconic-optimal/70/miconic_p03_hyp-2_70_2.tar.bz2:0.6030464172363281:0.04356462:0.5999999999999943
> 0:False:14,19:5989,815
> 1:True:14,14:5989,815
> 2:False:15,17:5989,815
> 3:False:13,16:5989,815
> 4:False:15,19:5989,815
> 5:False:14,17:5989,815
miconic-optimal/70/miconic_p03_hyp-2_70_3.tar.bz2:0.5874748229980469:0.038894080000000004:0.5800000000000125
> 0:False:14,21:5989,815
> 1:True:14,15:5989,815
> 2:False:15,18:5989,815
> 3:False:13,16:5989,815
> 4:False:15,19:5989,815
> 5:False:14,18:5989,815
miconic-optimal/70/miconic_p03_hyp-3_70_1.tar.bz2:0.596036434173584:0.04392683:0.5900000000000034
> 0:False:14,20:5989,815
> 1:False:14,16:5989,815
> 2:True:15,15:5989,815
> 3:False:13,17:5989,815
> 4:False:15,18:5989,815
> 5:False:14,17:5989,815
miconic-optimal/70/miconic_p03_hyp-3_70_2.tar.bz2:0.5909490585327148:0.03749587:0.589999999999975
> 0:False:14,19:5989,815
> 1:False:14,17:5989,815
> 2:True:15,15:5989,815
> 3:False:13,17:5989,815
> 4:False:15,18:5989,815
> 5:False:14,17:5989,815
miconic-optimal/70/miconic_p03_hyp-3_70_3.tar.bz2:0.6031737327575684:0.04684753:0.6100000000000136
> 0:False:14,19:5989,815
> 1:False:14,17:5989,815
> 2:True:15,15:5989,815
> 3:False:13,17:5989,815
> 4:False:15,18:5989,815
> 5:False:14,16:5989,815
miconic-optimal/70/miconic_p03_hyp-4_70_1.tar.bz2:0.5783696174621582:0.036836190000000005:0.5799999999999841
> 0:False:14,21:5988,812
> 1:False:14,17:5988,812
> 2:False:15,18:5988,812
> 3:True:13,14:5988,812
> 4:False:15,18:5988,812
> 5:False:14,18:5988,812
miconic-optimal/70/miconic_p03_hyp-4_70_2.tar.bz2:0.5928537845611572:0.039450179999999994:0.5900000000000318
> 0:False:14,18:5988,812
> 1:False:14,17:5988,812
> 2:False:15,17:5988,812
> 3:True:13,13:5988,812
> 4:False:15,17:5988,812
> 5:False:14,15:5988,812
miconic-optimal/70/miconic_p03_hyp-4_70_3.tar.bz2:0.5713262557983398:0.03803476:0.5600000000000023
> 0:False:14,20:5988,812
> 1:False:14,17:5988,812
> 2:True:15,15:5988,812
> 3:True:13,13:5988,812
> 4:True:15,15:5988,812
> 5:False:14,17:5988,812
miconic-optimal/100/miconic_p01_hyp-1_full.tar.bz2:0.7750470638275146:0.0894064:0.7700000000000102
> 0:True:17,17:19243,1763
> 1:False:16,27:19243,1763
> 2:False:15,21:19243,1763
> 3:False:16,24:19243,1763
> 4:False:16,23:19243,1763
> 5:False:17,20:19243,1763
miconic-optimal/100/miconic_p01_hyp-2_full.tar.bz2:0.7873287200927734:0.0889103:0.789999999999992
> 0:False:17,27:19242,1760
> 1:True:16,16:19242,1760
> 2:False:15,24:19242,1760
> 3:False:16,19:19242,1760
> 4:False:16,21:19242,1760
> 5:False:17,27:19242,1760
miconic-optimal/100/miconic_p01_hyp-3_full.tar.bz2:0.7915055751800537:0.0876358:0.789999999999992
> 0:False:17,22:19242,1760
> 1:False:16,25:19242,1760
> 2:True:15,16:19242,1760
> 3:False:16,22:19242,1760
> 4:False:16,25:19242,1760
> 5:False:17,22:19242,1760
miconic-optimal/100/miconic_p01_hyp-4_full.tar.bz2:0.7706723213195801:0.0842401:0.7699999999999818
> 0:False:17,24:19242,1760
> 1:False:16,19:19242,1760
> 2:False:15,21:19242,1760
> 3:True:16,16:19242,1760
> 4:False:16,24:19242,1760
> 5:False:17,24:19242,1760
miconic-optimal/100/miconic_p02_hyp-1_full.tar.bz2:0.6961562633514404:0.06771339999999999:0.700000000000017
> 0:True:17,18:13684,1416
> 1:False:17,25:13684,1416
> 2:False:17,24:13684,1416
> 3:False:18,24:13684,1416
> 4:False:17,24:13684,1416
> 5:False:18,27:13684,1416
miconic-optimal/100/miconic_p02_hyp-2_full.tar.bz2:0.7056286334991455:0.06472718999999999:0.710000000000008
> 0:False:17,24:13683,1413
> 1:True:17,17:13683,1413
> 2:False:17,22:13683,1413
> 3:False:18,26:13683,1413
> 4:False:17,23:13683,1413
> 5:False:18,23:13683,1413
miconic-optimal/100/miconic_p02_hyp-3_full.tar.bz2:0.701481819152832:0.0646877:0.700000000000017
> 0:False:17,24:13684,1416
> 1:False:17,23:13684,1416
> 2:True:17,18:13684,1416
> 3:False:18,22:13684,1416
> 4:False:17,24:13684,1416
> 5:False:18,27:13684,1416
miconic-optimal/100/miconic_p02_hyp-4_full.tar.bz2:0.6927473545074463:0.0675622:0.6799999999999784
> 0:False:17,24:13685,1419
> 1:False:17,27:13685,1419
> 2:False:17,22:13685,1419
> 3:True:18,19:13685,1419
> 4:False:17,21:13685,1419
> 5:False:18,24:13685,1419
miconic-optimal/100/miconic_p03_hyp-1_full.tar.bz2:0.5902097225189209:0.04112747:0.5900000000000034
> 0:True:14,15:5993,827
> 1:False:14,21:5993,827
> 2:False:15,21:5993,827
> 3:False:13,21:5993,827
> 4:False:15,21:5993,827
> 5:False:14,18:5993,827
miconic-optimal/100/miconic_p03_hyp-2_full.tar.bz2:0.587393045425415:0.0454559:0.5799999999999841
> 0:False:14,21:5993,827
> 1:True:14,15:5993,827
> 2:False:15,18:5993,827
> 3:False:13,18:5993,827
> 4:False:15,21:5993,827
> 5:False:14,18:5993,827
miconic-optimal/100/miconic_p03_hyp-3_full.tar.bz2:0.5678260326385498:0.03558043:0.5699999999999932
> 0:False:14,20:5993,827
> 1:False:14,17:5993,827
> 2:True:15,15:5993,827
> 3:False:13,17:5993,827
> 4:False:15,18:5993,827
> 5:False:14,17:5993,827
miconic-optimal/100/miconic_p03_hyp-4_full.tar.bz2:0.584766149520874:0.04301861:0.5900000000000034
> 0:False:14,21:5992,824
> 1:False:14,18:5992,824
> 2:False:15,18:5992,824
> 3:True:13,14:5992,824
> 4:False:15,18:5992,824
> 5:False:14,18:5992,824
