miconic-optimal-old-noisy/10/miconic_noisy_p01_hyp-1_10_1.tar.bz2:0.723716020584:0.0954655:0.69
> 0:True:17,17:19229,1764
> 1:False:16,19:19229,1764
> 2:False:15,17:19229,1764
> 3:False:16,19:19229,1764
> 4:False:16,17:19229,1764
> 5:True:17,17:19229,1764
miconic-optimal-old-noisy/10/miconic_noisy_p01_hyp-1_10_2.tar.bz2:0.695079088211:0.0967032:0.69
> 0:True:17,17:19229,1764
> 1:False:16,18:19229,1764
> 2:False:15,16:19229,1764
> 3:False:16,18:19229,1764
> 4:False:16,18:19229,1764
> 5:True:17,17:19229,1764
miconic-optimal-old-noisy/10/miconic_noisy_p01_hyp-1_10_3.tar.bz2:0.695930957794:0.098419:0.69
> 0:True:17,17:19229,1764
> 1:False:16,17:19229,1764
> 2:False:15,18:19229,1764
> 3:False:16,17:19229,1764
> 4:True:16,16:19229,1764
> 5:False:17,20:19229,1764
miconic-optimal-old-noisy/10/miconic_noisy_p01_hyp-2_10_1.tar.bz2:0.696182012558:0.0976872:0.69
> 0:False:17,19:19229,1764
> 1:True:16,16:19229,1764
> 2:False:15,16:19229,1764
> 3:False:16,17:19229,1764
> 4:False:16,17:19229,1764
> 5:False:17,19:19229,1764
miconic-optimal-old-noisy/10/miconic_noisy_p01_hyp-2_10_2.tar.bz2:0.69224691391:0.095025:0.69
> 0:False:17,21:19229,1764
> 1:True:16,16:19229,1764
> 2:False:15,17:19229,1764
> 3:True:16,16:19229,1764
> 4:False:16,18:19229,1764
> 5:False:17,19:19229,1764
miconic-optimal-old-noisy/10/miconic_noisy_p01_hyp-2_10_3.tar.bz2:0.690512895584:0.0945083:0.69
> 0:True:17,17:19229,1764
> 1:True:16,16:19229,1764
> 2:False:15,16:19229,1764
> 3:False:16,19:19229,1764
> 4:True:16,16:19229,1764
> 5:False:17,18:19229,1764
miconic-optimal-old-noisy/10/miconic_noisy_p01_hyp-3_10_1.tar.bz2:0.692846059799:0.0965194:0.69
> 0:True:17,17:19229,1764
> 1:True:16,16:19229,1764
> 2:True:15,15:19229,1764
> 3:True:16,16:19229,1764
> 4:False:16,17:19229,1764
> 5:True:17,17:19229,1764
miconic-optimal-old-noisy/10/miconic_noisy_p01_hyp-3_10_2.tar.bz2:0.692328929901:0.0940166:0.69
> 0:False:17,18:19229,1764
> 1:False:16,17:19229,1764
> 2:True:15,15:19229,1764
> 3:False:16,17:19229,1764
> 4:False:16,17:19229,1764
> 5:False:17,18:19229,1764
miconic-optimal-old-noisy/10/miconic_noisy_p01_hyp-3_10_3.tar.bz2:0.691805839539:0.0939691:0.68
> 0:False:17,18:19229,1764
> 1:False:16,17:19229,1764
> 2:True:15,15:19229,1764
> 3:False:16,17:19229,1764
> 4:False:16,17:19229,1764
> 5:False:17,18:19229,1764
miconic-optimal-old-noisy/10/miconic_noisy_p01_hyp-4_10_1.tar.bz2:0.691910028458:0.0928766:0.69
> 0:True:17,17:19229,1764
> 1:False:16,17:19229,1764
> 2:True:15,15:19229,1764
> 3:True:16,16:19229,1764
> 4:False:16,18:19229,1764
> 5:True:17,17:19229,1764
miconic-optimal-old-noisy/10/miconic_noisy_p01_hyp-4_10_2.tar.bz2:0.695868015289:0.0974754:0.69
> 0:False:17,19:19229,1764
> 1:True:16,16:19229,1764
> 2:True:15,15:19229,1764
> 3:True:16,16:19229,1764
> 4:False:16,18:19229,1764
> 5:False:17,19:19229,1764
miconic-optimal-old-noisy/10/miconic_noisy_p01_hyp-4_10_3.tar.bz2:0.696605920792:0.0982812:0.7
> 0:True:17,17:19229,1764
> 1:False:16,17:19229,1764
> 2:False:15,17:19229,1764
> 3:True:16,16:19229,1764
> 4:False:16,17:19229,1764
> 5:True:17,17:19229,1764
miconic-optimal-old-noisy/10/miconic_noisy_p02_hyp-1_10_1.tar.bz2:0.609042882919:0.0725137:0.62
> 0:True:17,17:13669,1409
> 1:False:17,18:13669,1409
> 2:True:17,17:13669,1409
> 3:False:18,20:13669,1409
> 4:False:17,22:13669,1409
> 5:False:18,22:13669,1409
miconic-optimal-old-noisy/10/miconic_noisy_p02_hyp-1_10_2.tar.bz2:0.612270832062:0.0743506:0.61
> 0:True:17,17:13669,1409
> 1:False:17,18:13669,1409
> 2:False:17,18:13669,1409
> 3:False:18,19:13669,1409
> 4:False:17,18:13669,1409
> 5:False:18,19:13669,1409
miconic-optimal-old-noisy/10/miconic_noisy_p02_hyp-1_10_3.tar.bz2:0.613445997238:0.0748053:0.62
> 0:True:17,17:13669,1409
> 1:True:17,17:13669,1409
> 2:True:17,17:13669,1409
> 3:True:18,18:13669,1409
> 4:True:17,17:13669,1409
> 5:True:18,18:13669,1409
miconic-optimal-old-noisy/10/miconic_noisy_p02_hyp-2_10_1.tar.bz2:0.611733198166:0.0736622:0.62
> 0:False:17,18:13669,1409
> 1:True:17,17:13669,1409
> 2:True:17,17:13669,1409
> 3:True:18,18:13669,1409
> 4:True:17,17:13669,1409
> 5:True:18,18:13669,1409
miconic-optimal-old-noisy/10/miconic_noisy_p02_hyp-2_10_2.tar.bz2:0.612116098404:0.0750853:0.61
> 0:False:17,18:13669,1409
> 1:True:17,17:13669,1409
> 2:False:17,18:13669,1409
> 3:False:18,19:13669,1409
> 4:False:17,18:13669,1409
> 5:False:18,19:13669,1409
miconic-optimal-old-noisy/10/miconic_noisy_p02_hyp-2_10_3.tar.bz2:0.614243984222:0.0759316:0.62
> 0:False:17,18:13669,1409
> 1:True:17,17:13669,1409
> 2:True:17,17:13669,1409
> 3:False:18,19:13669,1409
> 4:False:17,18:13669,1409
> 5:False:18,19:13669,1409
miconic-optimal-old-noisy/10/miconic_noisy_p02_hyp-3_10_1.tar.bz2:0.611173152924:0.0733378:0.61
> 0:False:17,18:13669,1409
> 1:False:17,19:13669,1409
> 2:True:17,17:13669,1409
> 3:True:18,18:13669,1409
> 4:False:17,19:13669,1409
> 5:False:18,20:13669,1409
miconic-optimal-old-noisy/10/miconic_noisy_p02_hyp-3_10_2.tar.bz2:0.607444047928:0.0717655:0.6
> 0:True:17,17:13669,1409
> 1:True:17,17:13669,1409
> 2:True:17,17:13669,1409
> 3:False:18,20:13669,1409
> 4:False:17,20:13669,1409
> 5:False:18,20:13669,1409
miconic-optimal-old-noisy/10/miconic_noisy_p02_hyp-3_10_3.tar.bz2:0.612764120102:0.0736165:0.61
> 0:True:17,17:13669,1409
> 1:False:17,20:13669,1409
> 2:True:17,17:13669,1409
> 3:True:18,18:13669,1409
> 4:False:17,19:13669,1409
> 5:False:18,20:13669,1409
miconic-optimal-old-noisy/10/miconic_noisy_p02_hyp-4_10_1.tar.bz2:0.611905097961:0.0741505:0.62
> 0:False:17,18:13669,1409
> 1:False:17,18:13669,1409
> 2:False:17,18:13669,1409
> 3:True:18,18:13669,1409
> 4:True:17,17:13669,1409
> 5:True:18,18:13669,1409
miconic-optimal-old-noisy/10/miconic_noisy_p02_hyp-4_10_2.tar.bz2:0.611959934235:0.0733878:0.61
> 0:False:17,19:13669,1409
> 1:True:17,17:13669,1409
> 2:True:17,17:13669,1409
> 3:True:18,18:13669,1409
> 4:True:17,17:13669,1409
> 5:True:18,18:13669,1409
miconic-optimal-old-noisy/10/miconic_noisy_p02_hyp-4_10_3.tar.bz2:0.608076095581:0.0698121:0.6
> 0:True:17,17:13669,1409
> 1:False:17,18:13669,1409
> 2:True:17,17:13669,1409
> 3:True:18,18:13669,1409
> 4:False:17,18:13669,1409
> 5:False:18,19:13669,1409
miconic-optimal-old-noisy/10/miconic_noisy_p03_hyp-1_10_1.tar.bz2:0.489440917969:0.0402547:0.49
> 0:True:14,14:5981,819
> 1:False:14,15:5981,819
> 2:False:15,16:5981,819
> 3:False:13,14:5981,819
> 4:True:15,15:5981,819
> 5:False:14,15:5981,819
miconic-optimal-old-noisy/10/miconic_noisy_p03_hyp-1_10_2.tar.bz2:0.486982107162:0.03793129:0.49
> 0:True:14,14:5981,819
> 1:False:14,15:5981,819
> 2:True:15,15:5981,819
> 3:True:13,13:5981,819
> 4:True:15,15:5981,819
> 5:True:14,14:5981,819
miconic-optimal-old-noisy/10/miconic_noisy_p03_hyp-1_10_3.tar.bz2:0.489698886871:0.03950629:0.49
> 0:True:14,15:5981,819
> 1:False:14,16:5981,819
> 2:True:15,16:5981,819
> 3:False:13,15:5981,819
> 4:True:15,16:5981,819
> 5:True:14,15:5981,819
miconic-optimal-old-noisy/10/miconic_noisy_p03_hyp-2_10_1.tar.bz2:0.487858057022:0.03958817:0.49
> 0:False:14,15:5981,819
> 1:True:14,14:5981,819
> 2:True:15,15:5981,819
> 3:True:13,13:5981,819
> 4:True:15,15:5981,819
> 5:True:14,14:5981,819
miconic-optimal-old-noisy/10/miconic_noisy_p03_hyp-2_10_2.tar.bz2:0.488709926605:0.04026423:0.49
> 0:True:14,15:5981,819
> 1:True:14,15:5981,819
> 2:True:15,16:5981,819
> 3:False:13,15:5981,819
> 4:True:15,16:5981,819
> 5:True:14,15:5981,819
miconic-optimal-old-noisy/10/miconic_noisy_p03_hyp-2_10_3.tar.bz2:0.489872932434:0.04042905:0.49
> 0:False:14,16:5981,819
> 1:True:14,15:5981,819
> 2:True:15,16:5981,819
> 3:True:13,14:5981,819
> 4:True:15,16:5981,819
> 5:True:14,15:5981,819
miconic-optimal-old-noisy/10/miconic_noisy_p03_hyp-3_10_1.tar.bz2:0.485908031464:0.03839843:0.49
> 0:False:14,15:5981,819
> 1:True:14,14:5981,819
> 2:True:15,15:5981,819
> 3:False:13,15:5981,819
> 4:False:15,16:5981,819
> 5:True:14,14:5981,819
miconic-optimal-old-noisy/10/miconic_noisy_p03_hyp-3_10_2.tar.bz2:0.488770008087:0.03998224:0.49
> 0:True:14,14:5981,819
> 1:True:14,14:5981,819
> 2:True:15,15:5981,819
> 3:False:13,14:5981,819
> 4:True:15,15:5981,819
> 5:True:14,14:5981,819
miconic-optimal-old-noisy/10/miconic_noisy_p03_hyp-3_10_3.tar.bz2:0.488916158676:0.03983439:0.49
> 0:False:14,16:5981,819
> 1:False:14,15:5981,819
> 2:True:15,15:5981,819
> 3:True:13,13:5981,819
> 4:True:15,15:5981,819
> 5:True:14,14:5981,819
miconic-optimal-old-noisy/10/miconic_noisy_p03_hyp-4_10_1.tar.bz2:0.486874818802:0.0396289:0.48
> 0:True:14,14:5981,819
> 1:True:14,14:5981,819
> 2:False:15,16:5981,819
> 3:False:13,14:5981,819
> 4:False:15,16:5981,819
> 5:True:14,14:5981,819
miconic-optimal-old-noisy/10/miconic_noisy_p03_hyp-4_10_2.tar.bz2:0.49022603035:0.0401535:0.49
> 0:False:14,15:5981,819
> 1:False:14,15:5981,819
> 2:True:15,15:5981,819
> 3:True:13,13:5981,819
> 4:True:15,15:5981,819
> 5:True:14,14:5981,819
miconic-optimal-old-noisy/10/miconic_noisy_p03_hyp-4_10_3.tar.bz2:0.48836684227:0.04031403:0.48
> 0:False:14,16:5981,819
> 1:True:14,14:5981,819
> 2:True:15,15:5981,819
> 3:True:13,13:5981,819
> 4:True:15,15:5981,819
> 5:True:14,14:5981,819
miconic-optimal-old-noisy/30/miconic_noisy_p01_hyp-1_30_1.tar.bz2:0.700843811035:0.1015776:0.71
> 0:True:17,17:19234,1774
> 1:False:16,21:19234,1774
> 2:False:15,19:19234,1774
> 3:False:16,21:19234,1774
> 4:False:16,18:19234,1774
> 5:False:17,19:19234,1774
miconic-optimal-old-noisy/30/miconic_noisy_p01_hyp-1_30_2.tar.bz2:0.700762033463:0.0991148:0.7
> 0:True:17,17:19234,1774
> 1:False:16,21:19234,1774
> 2:False:15,18:19234,1774
> 3:False:16,20:19234,1774
> 4:False:16,18:19234,1774
> 5:False:17,19:19234,1774
miconic-optimal-old-noisy/30/miconic_noisy_p01_hyp-1_30_3.tar.bz2:0.697825908661:0.0988138:0.7
> 0:True:17,17:19234,1774
> 1:False:16,23:19234,1774
> 2:False:15,17:19234,1774
> 3:False:16,21:19234,1774
> 4:False:16,20:19234,1774
> 5:True:17,17:19234,1774
miconic-optimal-old-noisy/30/miconic_noisy_p01_hyp-2_30_1.tar.bz2:0.698827028275:0.0993457:0.69
> 0:False:17,18:19232,1770
> 1:True:16,16:19232,1770
> 2:False:15,17:19232,1770
> 3:True:16,16:19232,1770
> 4:False:16,17:19232,1770
> 5:False:17,19:19232,1770
miconic-optimal-old-noisy/30/miconic_noisy_p01_hyp-2_30_2.tar.bz2:0.69554901123:0.0973942:0.7
> 0:False:17,20:19232,1770
> 1:True:16,16:19232,1770
> 2:False:15,17:19232,1770
> 3:True:16,16:19232,1770
> 4:False:16,17:19232,1770
> 5:False:17,20:19232,1770
miconic-optimal-old-noisy/30/miconic_noisy_p01_hyp-2_30_3.tar.bz2:0.695537090302:0.0989166:0.69
> 0:False:17,19:19232,1770
> 1:True:16,16:19232,1770
> 2:False:15,17:19232,1770
> 3:True:16,16:19232,1770
> 4:True:16,16:19232,1770
> 5:False:17,19:19232,1770
miconic-optimal-old-noisy/30/miconic_noisy_p01_hyp-3_30_1.tar.bz2:0.694286108017:0.099324:0.7
> 0:True:17,17:19232,1770
> 1:False:16,19:19232,1770
> 2:True:15,15:19232,1770
> 3:False:16,18:19232,1770
> 4:False:16,17:19232,1770
> 5:True:17,17:19232,1770
miconic-optimal-old-noisy/30/miconic_noisy_p01_hyp-3_30_2.tar.bz2:0.695642948151:0.0976096:0.7
> 0:True:17,17:19232,1770
> 1:False:16,17:19232,1770
> 2:True:15,15:19232,1770
> 3:True:16,16:19232,1770
> 4:False:16,17:19232,1770
> 5:True:17,17:19232,1770
miconic-optimal-old-noisy/30/miconic_noisy_p01_hyp-3_30_3.tar.bz2:0.69629406929:0.098181:0.7
> 0:False:17,19:19232,1770
> 1:False:16,18:19232,1770
> 2:True:15,15:19232,1770
> 3:False:16,17:19232,1770
> 4:False:16,20:19232,1770
> 5:False:17,19:19232,1770
miconic-optimal-old-noisy/30/miconic_noisy_p01_hyp-4_30_1.tar.bz2:0.695765018463:0.09906:0.7
> 0:True:17,17:19232,1770
> 1:False:16,17:19232,1770
> 2:False:15,16:19232,1770
> 3:True:16,16:19232,1770
> 4:False:16,18:19232,1770
> 5:False:17,19:19232,1770
miconic-optimal-old-noisy/30/miconic_noisy_p01_hyp-4_30_2.tar.bz2:0.694813013077:0.0971654:0.69
> 0:False:17,20:19232,1770
> 1:True:16,16:19232,1770
> 2:True:15,15:19232,1770
> 3:True:16,16:19232,1770
> 4:False:16,18:19232,1770
> 5:False:17,19:19232,1770
miconic-optimal-old-noisy/30/miconic_noisy_p01_hyp-4_30_3.tar.bz2:0.694068908691:0.0988071:0.69
> 0:True:17,17:19232,1770
> 1:False:16,18:19232,1770
> 2:True:15,15:19232,1770
> 3:True:16,16:19232,1770
> 4:False:16,19:19232,1770
> 5:False:17,18:19232,1770
miconic-optimal-old-noisy/30/miconic_noisy_p02_hyp-1_30_1.tar.bz2:0.611627101898:0.0746214:0.6
> 0:True:17,17:13674,1419
> 1:False:17,18:13674,1419
> 2:False:17,20:13674,1419
> 3:False:18,20:13674,1419
> 4:False:17,18:13674,1419
> 5:False:18,20:13674,1419
miconic-optimal-old-noisy/30/miconic_noisy_p02_hyp-1_30_2.tar.bz2:0.614666938782:0.0762075:0.62
> 0:True:17,17:13674,1419
> 1:False:17,20:13674,1419
> 2:False:17,20:13674,1419
> 3:False:18,21:13674,1419
> 4:False:17,20:13674,1419
> 5:False:18,22:13674,1419
miconic-optimal-old-noisy/30/miconic_noisy_p02_hyp-1_30_3.tar.bz2:0.612915039062:0.0750389:0.61
> 0:True:17,18:13674,1419
> 1:False:17,19:13674,1419
> 2:False:17,19:13674,1419
> 3:False:18,21:13674,1419
> 4:False:17,20:13674,1419
> 5:False:18,22:13674,1419
miconic-optimal-old-noisy/30/miconic_noisy_p02_hyp-2_30_1.tar.bz2:0.611994981766:0.074455:0.6
> 0:False:17,18:13674,1419
> 1:True:17,17:13674,1419
> 2:False:17,18:13674,1419
> 3:False:18,21:13674,1419
> 4:False:17,20:13674,1419
> 5:False:18,21:13674,1419
miconic-optimal-old-noisy/30/miconic_noisy_p02_hyp-2_30_2.tar.bz2:0.612251996994:0.0761545:0.62
> 0:False:17,20:13674,1419
> 1:True:17,17:13674,1419
> 2:False:17,18:13674,1419
> 3:False:18,20:13674,1419
> 4:False:17,19:13674,1419
> 5:False:18,21:13674,1419
miconic-optimal-old-noisy/30/miconic_noisy_p02_hyp-2_30_3.tar.bz2:0.612038135529:0.0743625:0.61
> 0:False:17,19:13674,1419
> 1:True:17,17:13674,1419
> 2:True:17,17:13674,1419
> 3:False:18,20:13674,1419
> 4:False:17,19:13674,1419
> 5:False:18,21:13674,1419
miconic-optimal-old-noisy/30/miconic_noisy_p02_hyp-3_30_1.tar.bz2:0.614025115967:0.0752665:0.61
> 0:False:17,19:13674,1419
> 1:False:17,19:13674,1419
> 2:True:17,17:13674,1419
> 3:False:18,19:13674,1419
> 4:False:17,21:13674,1419
> 5:False:18,22:13674,1419
miconic-optimal-old-noisy/30/miconic_noisy_p02_hyp-3_30_2.tar.bz2:0.612818956375:0.075265:0.61
> 0:False:17,19:13674,1419
> 1:False:17,19:13674,1419
> 2:True:17,17:13674,1419
> 3:True:18,18:13674,1419
> 4:False:17,19:13674,1419
> 5:False:18,21:13674,1419
miconic-optimal-old-noisy/30/miconic_noisy_p02_hyp-3_30_3.tar.bz2:0.613591909409:0.0758443:0.62
> 0:False:17,20:13674,1419
> 1:False:17,18:13674,1419
> 2:True:17,17:13674,1419
> 3:False:18,20:13674,1419
> 4:False:17,19:13674,1419
> 5:False:18,21:13674,1419
miconic-optimal-old-noisy/30/miconic_noisy_p02_hyp-4_30_1.tar.bz2:0.612030029297:0.0754721:0.61
> 0:False:17,19:13674,1419
> 1:False:17,22:13674,1419
> 2:False:17,19:13674,1419
> 3:True:18,18:13674,1419
> 4:False:17,19:13674,1419
> 5:False:18,21:13674,1419
miconic-optimal-old-noisy/30/miconic_noisy_p02_hyp-4_30_2.tar.bz2:0.615244150162:0.0766039:0.62
> 0:False:17,20:13674,1419
> 1:False:17,20:13674,1419
> 2:True:17,17:13674,1419
> 3:True:18,18:13674,1419
> 4:False:17,18:13674,1419
> 5:False:18,19:13674,1419
miconic-optimal-old-noisy/30/miconic_noisy_p02_hyp-4_30_3.tar.bz2:0.612526893616:0.0741943:0.62
> 0:False:17,20:13674,1419
> 1:False:17,21:13674,1419
> 2:False:17,20:13674,1419
> 3:True:18,18:13674,1419
> 4:True:17,17:13674,1419
> 5:True:18,18:13674,1419
miconic-optimal-old-noisy/30/miconic_noisy_p03_hyp-1_30_1.tar.bz2:0.488267183304:0.04051177:0.49
> 0:True:14,14:5984,825
> 1:True:14,14:5984,825
> 2:True:15,15:5984,825
> 3:False:13,15:5984,825
> 4:True:15,15:5984,825
> 5:True:14,14:5984,825
miconic-optimal-old-noisy/30/miconic_noisy_p03_hyp-1_30_2.tar.bz2:0.490005016327:0.04111565:0.49
> 0:True:14,14:5984,825
> 1:True:14,14:5984,825
> 2:True:15,15:5984,825
> 3:False:13,16:5984,825
> 4:False:15,18:5984,825
> 5:True:14,14:5984,825
miconic-optimal-old-noisy/30/miconic_noisy_p03_hyp-1_30_3.tar.bz2:0.490611076355:0.04122434:0.48
> 0:True:14,14:5984,825
> 1:False:14,17:5984,825
> 2:False:15,16:5984,825
> 3:False:13,15:5984,825
> 4:True:15,15:5984,825
> 5:False:14,15:5984,825
miconic-optimal-old-noisy/30/miconic_noisy_p03_hyp-2_30_1.tar.bz2:0.490191936493:0.04075935:0.5
> 0:True:14,14:5984,825
> 1:True:14,14:5984,825
> 2:True:15,15:5984,825
> 3:True:13,13:5984,825
> 4:True:15,15:5984,825
> 5:True:14,14:5984,825
miconic-optimal-old-noisy/30/miconic_noisy_p03_hyp-2_30_2.tar.bz2:0.490355014801:0.04090608:0.49
> 0:False:14,17:5984,825
> 1:True:14,14:5984,825
> 2:True:15,15:5984,825
> 3:True:13,13:5984,825
> 4:True:15,15:5984,825
> 5:False:14,15:5984,825
miconic-optimal-old-noisy/30/miconic_noisy_p03_hyp-2_30_3.tar.bz2:0.48936009407:0.04058434:0.5
> 0:False:14,16:5984,825
> 1:True:14,14:5984,825
> 2:True:15,15:5984,825
> 3:True:13,13:5984,825
> 4:True:15,15:5984,825
> 5:True:14,14:5984,825
miconic-optimal-old-noisy/30/miconic_noisy_p03_hyp-3_30_1.tar.bz2:0.491005182266:0.04163805:0.49
> 0:False:14,15:5984,825
> 1:True:14,14:5984,825
> 2:True:15,15:5984,825
> 3:True:13,13:5984,825
> 4:True:15,15:5984,825
> 5:True:14,14:5984,825
miconic-optimal-old-noisy/30/miconic_noisy_p03_hyp-3_30_2.tar.bz2:0.489584922791:0.04118353:0.48
> 0:False:14,15:5984,825
> 1:False:14,15:5984,825
> 2:True:15,15:5984,825
> 3:True:13,13:5984,825
> 4:True:15,15:5984,825
> 5:True:14,14:5984,825
miconic-optimal-old-noisy/30/miconic_noisy_p03_hyp-3_30_3.tar.bz2:0.48991894722:0.040908:0.49
> 0:True:14,14:5984,825
> 1:False:14,15:5984,825
> 2:True:15,15:5984,825
> 3:False:13,15:5984,825
> 4:False:15,16:5984,825
> 5:True:14,14:5984,825
miconic-optimal-old-noisy/30/miconic_noisy_p03_hyp-4_30_1.tar.bz2:0.487924814224:0.04014562:0.49
> 0:True:14,14:5984,825
> 1:False:14,16:5984,825
> 2:False:15,16:5984,825
> 3:True:13,13:5984,825
> 4:False:15,16:5984,825
> 5:True:14,14:5984,825
miconic-optimal-old-noisy/30/miconic_noisy_p03_hyp-4_30_2.tar.bz2:0.488984823227:0.04069346:0.48
> 0:False:14,15:5984,825
> 1:False:14,15:5984,825
> 2:False:15,16:5984,825
> 3:True:13,13:5984,825
> 4:False:15,16:5984,825
> 5:True:14,14:5984,825
miconic-optimal-old-noisy/30/miconic_noisy_p03_hyp-4_30_3.tar.bz2:0.486648082733:0.03882349:0.49
> 0:False:14,17:5984,825
> 1:False:14,16:5984,825
> 2:False:15,16:5984,825
> 3:True:13,13:5984,825
> 4:False:15,16:5984,825
> 5:False:14,15:5984,825
miconic-optimal-old-noisy/50/miconic_noisy_p01_hyp-1_50_1.tar.bz2:0.695031881332:0.0990569:0.69
> 0:True:17,17:19237,1780
> 1:False:16,23:19237,1780
> 2:False:15,18:19237,1780
> 3:False:16,20:19237,1780
> 4:False:16,21:19237,1780
> 5:False:17,18:19237,1780
miconic-optimal-old-noisy/50/miconic_noisy_p01_hyp-1_50_2.tar.bz2:0.69456911087:0.0976159:0.7
> 0:True:17,17:19237,1780
> 1:False:16,20:19237,1780
> 2:False:15,19:19237,1780
> 3:False:16,18:19237,1780
> 4:False:16,20:19237,1780
> 5:False:17,18:19237,1780
miconic-optimal-old-noisy/50/miconic_noisy_p01_hyp-1_50_3.tar.bz2:0.695214986801:0.0988562:0.7
> 0:True:17,17:19237,1780
> 1:False:16,25:19237,1780
> 2:False:15,19:19237,1780
> 3:False:16,22:19237,1780
> 4:False:16,21:19237,1780
> 5:False:17,18:19237,1780
miconic-optimal-old-noisy/50/miconic_noisy_p01_hyp-2_50_1.tar.bz2:0.696235179901:0.1006568:0.69
> 0:False:17,22:19236,1778
> 1:True:16,16:19236,1778
> 2:False:15,22:19236,1778
> 3:False:16,18:19236,1778
> 4:False:16,17:19236,1778
> 5:False:17,23:19236,1778
miconic-optimal-old-noisy/50/miconic_noisy_p01_hyp-2_50_2.tar.bz2:0.696527957916:0.1007534:0.7
> 0:False:17,22:19236,1778
> 1:True:16,16:19236,1778
> 2:False:15,20:19236,1778
> 3:True:16,16:19236,1778
> 4:False:16,19:19236,1778
> 5:False:17,22:19236,1778
miconic-optimal-old-noisy/50/miconic_noisy_p01_hyp-2_50_3.tar.bz2:0.696059942245:0.0999775:0.7
> 0:False:17,22:19236,1778
> 1:True:16,16:19236,1778
> 2:False:15,21:19236,1778
> 3:False:16,18:19236,1778
> 4:False:16,19:19236,1778
> 5:False:17,24:19236,1778
miconic-optimal-old-noisy/50/miconic_noisy_p01_hyp-3_50_1.tar.bz2:0.693194150925:0.0975278:0.69
> 0:True:17,18:19236,1778
> 1:False:16,21:19236,1778
> 2:True:15,16:19236,1778
> 3:False:16,19:19236,1778
> 4:False:16,19:19236,1778
> 5:False:17,19:19236,1778
miconic-optimal-old-noisy/50/miconic_noisy_p01_hyp-3_50_2.tar.bz2:0.694643974304:0.098661:0.7
> 0:False:17,18:19236,1778
> 1:False:16,23:19236,1778
> 2:True:15,15:19236,1778
> 3:False:16,20:19236,1778
> 4:False:16,20:19236,1778
> 5:False:17,18:19236,1778
miconic-optimal-old-noisy/50/miconic_noisy_p01_hyp-3_50_3.tar.bz2:0.693979978561:0.0981201:0.69
> 0:False:17,19:19236,1778
> 1:False:16,22:19236,1778
> 2:True:15,15:19236,1778
> 3:False:16,19:19236,1778
> 4:False:16,22:19236,1778
> 5:False:17,19:19236,1778
miconic-optimal-old-noisy/50/miconic_noisy_p01_hyp-4_50_1.tar.bz2:0.692809104919:0.0976381:0.69
> 0:False:17,23:19236,1778
> 1:False:16,17:19236,1778
> 2:False:15,21:19236,1778
> 3:True:16,16:19236,1778
> 4:False:16,21:19236,1778
> 5:False:17,23:19236,1778
miconic-optimal-old-noisy/50/miconic_noisy_p01_hyp-4_50_2.tar.bz2:0.696410894394:0.0985665:0.7
> 0:False:17,23:19236,1778
> 1:False:16,18:19236,1778
> 2:False:15,18:19236,1778
> 3:True:16,16:19236,1778
> 4:False:16,23:19236,1778
> 5:False:17,22:19236,1778
miconic-optimal-old-noisy/50/miconic_noisy_p01_hyp-4_50_3.tar.bz2:0.694297075272:0.0980475:0.69
> 0:False:17,20:19236,1778
> 1:False:16,19:19236,1778
> 2:False:15,18:19236,1778
> 3:True:16,16:19236,1778
> 4:False:16,21:19236,1778
> 5:False:17,19:19236,1778
miconic-optimal-old-noisy/50/miconic_noisy_p02_hyp-1_50_1.tar.bz2:0.612361907959:0.0744928:0.62
> 0:True:17,17:13677,1425
> 1:False:17,21:13677,1425
> 2:False:17,21:13677,1425
> 3:False:18,20:13677,1425
> 4:False:17,19:13677,1425
> 5:False:18,21:13677,1425
miconic-optimal-old-noisy/50/miconic_noisy_p02_hyp-1_50_2.tar.bz2:0.610747814178:0.0761881:0.61
> 0:True:17,18:13677,1425
> 1:False:17,21:13677,1425
> 2:False:17,20:13677,1425
> 3:False:18,20:13677,1425
> 4:False:17,20:13677,1425
> 5:False:18,21:13677,1425
miconic-optimal-old-noisy/50/miconic_noisy_p02_hyp-1_50_3.tar.bz2:0.610842943192:0.0741177:0.61
> 0:True:17,17:13677,1425
> 1:False:17,18:13677,1425
> 2:False:17,19:13677,1425
> 3:False:18,22:13677,1425
> 4:False:17,20:13677,1425
> 5:False:18,23:13677,1425
miconic-optimal-old-noisy/50/miconic_noisy_p02_hyp-2_50_1.tar.bz2:0.611850976944:0.0750262:0.62
> 0:False:17,19:13677,1425
> 1:True:17,17:13677,1425
> 2:False:17,18:13677,1425
> 3:False:18,22:13677,1425
> 4:False:17,20:13677,1425
> 5:False:18,21:13677,1425
miconic-optimal-old-noisy/50/miconic_noisy_p02_hyp-2_50_2.tar.bz2:0.611572027206:0.0746377:0.62
> 0:False:17,20:13677,1425
> 1:True:17,17:13677,1425
> 2:False:17,19:13677,1425
> 3:False:18,22:13677,1425
> 4:False:17,20:13677,1425
> 5:False:18,20:13677,1425
miconic-optimal-old-noisy/50/miconic_noisy_p02_hyp-2_50_3.tar.bz2:0.613690137863:0.0759123:0.61
> 0:False:17,20:13677,1425
> 1:True:17,17:13677,1425
> 2:False:17,20:13677,1425
> 3:False:18,22:13677,1425
> 4:False:17,20:13677,1425
> 5:False:18,21:13677,1425
miconic-optimal-old-noisy/50/miconic_noisy_p02_hyp-3_50_1.tar.bz2:0.612710952759:0.0754353:0.61
> 0:False:17,18:13677,1425
> 1:False:17,19:13677,1425
> 2:True:17,17:13677,1425
> 3:False:18,19:13677,1425
> 4:False:17,21:13677,1425
> 5:False:18,23:13677,1425
miconic-optimal-old-noisy/50/miconic_noisy_p02_hyp-3_50_2.tar.bz2:0.611639022827:0.0751479:0.61
> 0:False:17,21:13677,1425
> 1:False:17,19:13677,1425
> 2:True:17,18:13677,1425
> 3:True:18,19:13677,1425
> 4:False:17,19:13677,1425
> 5:False:18,21:13677,1425
miconic-optimal-old-noisy/50/miconic_noisy_p02_hyp-3_50_3.tar.bz2:0.612799167633:0.0767251:0.6
> 0:False:17,20:13677,1425
> 1:False:17,18:13677,1425
> 2:True:17,17:13677,1425
> 3:False:18,19:13677,1425
> 4:False:17,19:13677,1425
> 5:False:18,21:13677,1425
miconic-optimal-old-noisy/50/miconic_noisy_p02_hyp-4_50_1.tar.bz2:0.614209890366:0.0752916:0.62
> 0:False:17,19:13678,1427
> 1:False:17,23:13678,1427
> 2:False:17,19:13678,1427
> 3:True:18,18:13678,1427
> 4:False:17,18:13678,1427
> 5:False:18,20:13678,1427
miconic-optimal-old-noisy/50/miconic_noisy_p02_hyp-4_50_2.tar.bz2:0.610830068588:0.074627:0.61
> 0:False:17,20:13678,1427
> 1:False:17,22:13678,1427
> 2:False:17,18:13678,1427
> 3:True:18,18:13678,1427
> 4:False:17,18:13678,1427
> 5:False:18,21:13678,1427
miconic-optimal-old-noisy/50/miconic_noisy_p02_hyp-4_50_3.tar.bz2:0.614737987518:0.0766257:0.61
> 0:False:17,20:13678,1427
> 1:False:17,22:13678,1427
> 2:False:17,20:13678,1427
> 3:True:18,18:13678,1427
> 4:False:17,18:13678,1427
> 5:False:18,21:13678,1427
miconic-optimal-old-noisy/50/miconic_noisy_p03_hyp-1_50_1.tar.bz2:0.489669084549:0.04138139:0.49
> 0:True:14,15:5988,833
> 1:False:14,19:5988,833
> 2:False:15,21:5988,833
> 3:False:13,19:5988,833
> 4:False:15,19:5988,833
> 5:False:14,18:5988,833
miconic-optimal-old-noisy/50/miconic_noisy_p03_hyp-1_50_2.tar.bz2:0.489081859589:0.04039128:0.48
> 0:True:14,15:5988,833
> 1:False:14,19:5988,833
> 2:False:15,20:5988,833
> 3:False:13,17:5988,833
> 4:False:15,18:5988,833
> 5:False:14,17:5988,833
miconic-optimal-old-noisy/50/miconic_noisy_p03_hyp-1_50_3.tar.bz2:0.490499019623:0.04121587:0.49
> 0:True:14,15:5988,833
> 1:False:14,19:5988,833
> 2:False:15,19:5988,833
> 3:False:13,17:5988,833
> 4:False:15,19:5988,833
> 5:False:14,16:5988,833
miconic-optimal-old-noisy/50/miconic_noisy_p03_hyp-2_50_1.tar.bz2:0.491191864014:0.0405759:0.49
> 0:False:14,19:5988,833
> 1:True:14,15:5988,833
> 2:False:15,17:5988,833
> 3:False:13,17:5988,833
> 4:False:15,20:5988,833
> 5:False:14,17:5988,833
miconic-optimal-old-noisy/50/miconic_noisy_p03_hyp-2_50_2.tar.bz2:0.490105867386:0.04060152:0.49
> 0:False:14,17:5988,833
> 1:True:14,15:5988,833
> 2:False:15,17:5988,833
> 3:False:13,15:5988,833
> 4:True:15,16:5988,833
> 5:False:14,16:5988,833
miconic-optimal-old-noisy/50/miconic_noisy_p03_hyp-2_50_3.tar.bz2:0.490419864655:0.04060136:0.49
> 0:False:14,18:5988,833
> 1:True:14,14:5988,833
> 2:False:15,17:5988,833
> 3:False:13,15:5988,833
> 4:False:15,18:5988,833
> 5:False:14,16:5988,833
miconic-optimal-old-noisy/50/miconic_noisy_p03_hyp-3_50_1.tar.bz2:0.489961147308:0.04102256:0.49
> 0:False:14,16:5988,833
> 1:False:14,16:5988,833
> 2:True:15,15:5988,833
> 3:False:13,15:5988,833
> 4:False:15,16:5988,833
> 5:True:14,14:5988,833
miconic-optimal-old-noisy/50/miconic_noisy_p03_hyp-3_50_2.tar.bz2:0.490622997284:0.04238534:0.5
> 0:False:14,18:5988,833
> 1:False:14,15:5988,833
> 2:True:15,15:5988,833
> 3:False:13,16:5988,833
> 4:False:15,16:5988,833
> 5:False:14,17:5988,833
miconic-optimal-old-noisy/50/miconic_noisy_p03_hyp-3_50_3.tar.bz2:0.489107847214:0.04030377:0.49
> 0:False:14,17:5988,833
> 1:False:14,15:5988,833
> 2:True:15,15:5988,833
> 3:False:13,16:5988,833
> 4:False:15,17:5988,833
> 5:False:14,16:5988,833
miconic-optimal-old-noisy/50/miconic_noisy_p03_hyp-4_50_1.tar.bz2:0.489603996277:0.04088588:0.49
> 0:False:14,16:5987,831
> 1:False:14,16:5987,831
> 2:False:15,17:5987,831
> 3:True:13,13:5987,831
> 4:False:15,17:5987,831
> 5:True:14,14:5987,831
miconic-optimal-old-noisy/50/miconic_noisy_p03_hyp-4_50_2.tar.bz2:0.490717887878:0.0408821:0.49
> 0:False:14,18:5987,831
> 1:False:14,17:5987,831
> 2:False:15,16:5987,831
> 3:True:13,13:5987,831
> 4:False:15,16:5987,831
> 5:False:14,16:5987,831
miconic-optimal-old-noisy/50/miconic_noisy_p03_hyp-4_50_3.tar.bz2:0.488332986832:0.04041845:0.49
> 0:False:14,17:5987,831
> 1:False:14,17:5987,831
> 2:False:15,16:5987,831
> 3:True:13,13:5987,831
> 4:True:15,15:5987,831
> 5:False:14,16:5987,831
miconic-optimal-old-noisy/70/miconic_noisy_p01_hyp-1_70_1.tar.bz2:0.698320865631:0.0998109:0.7
> 0:True:17,17:19241,1788
> 1:False:16,25:19241,1788
> 2:False:15,21:19241,1788
> 3:False:16,23:19241,1788
> 4:False:16,22:19241,1788
> 5:False:17,19:19241,1788
miconic-optimal-old-noisy/70/miconic_noisy_p01_hyp-1_70_2.tar.bz2:0.699698925018:0.101323:0.69
> 0:True:17,17:19241,1788
> 1:False:16,26:19241,1788
> 2:False:15,20:19241,1788
> 3:False:16,23:19241,1788
> 4:False:16,23:19241,1788
> 5:False:17,19:19241,1788
miconic-optimal-old-noisy/70/miconic_noisy_p01_hyp-1_70_3.tar.bz2:0.69845199585:0.1015715:0.7
> 0:True:17,17:19241,1788
> 1:False:16,25:19241,1788
> 2:False:15,19:19241,1788
> 3:False:16,22:19241,1788
> 4:False:16,22:19241,1788
> 5:False:17,18:19241,1788
miconic-optimal-old-noisy/70/miconic_noisy_p01_hyp-2_70_1.tar.bz2:0.694024085999:0.0984706:0.69
> 0:False:17,25:19241,1788
> 1:True:16,16:19241,1788
> 2:False:15,22:19241,1788
> 3:False:16,18:19241,1788
> 4:False:16,20:19241,1788
> 5:False:17,24:19241,1788
miconic-optimal-old-noisy/70/miconic_noisy_p01_hyp-2_70_2.tar.bz2:0.695957899094:0.0997859:0.7
> 0:False:17,24:19241,1788
> 1:True:16,16:19241,1788
> 2:False:15,24:19241,1788
> 3:False:16,19:19241,1788
> 4:False:16,18:19241,1788
> 5:False:17,24:19241,1788
miconic-optimal-old-noisy/70/miconic_noisy_p01_hyp-2_70_3.tar.bz2:0.695134162903:0.100071:0.7
> 0:False:17,24:19241,1788
> 1:True:16,16:19241,1788
> 2:False:15,22:19241,1788
> 3:False:16,18:19241,1788
> 4:False:16,20:19241,1788
> 5:False:17,23:19241,1788
miconic-optimal-old-noisy/70/miconic_noisy_p01_hyp-3_70_1.tar.bz2:0.695198059082:0.097712:0.69
> 0:False:17,22:19241,1788
> 1:False:16,24:19241,1788
> 2:True:15,16:19241,1788
> 3:False:16,21:19241,1788
> 4:False:16,24:19241,1788
> 5:False:17,22:19241,1788
miconic-optimal-old-noisy/70/miconic_noisy_p01_hyp-3_70_2.tar.bz2:0.692593812943:0.0982689:0.69
> 0:False:17,22:19241,1788
> 1:False:16,22:19241,1788
> 2:True:15,16:19241,1788
> 3:False:16,19:19241,1788
> 4:False:16,23:19241,1788
> 5:False:17,21:19241,1788
miconic-optimal-old-noisy/70/miconic_noisy_p01_hyp-3_70_3.tar.bz2:0.69712305069:0.1008039:0.69
> 0:False:17,20:19241,1788
> 1:False:16,24:19241,1788
> 2:True:15,16:19241,1788
> 3:False:16,21:19241,1788
> 4:False:16,24:19241,1788
> 5:False:17,20:19241,1788
miconic-optimal-old-noisy/70/miconic_noisy_p01_hyp-4_70_1.tar.bz2:0.700917005539:0.1007602:0.71
> 0:False:17,21:19241,1788
> 1:False:16,19:19241,1788
> 2:False:15,20:19241,1788
> 3:True:16,16:19241,1788
> 4:False:16,21:19241,1788
> 5:False:17,22:19241,1788
miconic-optimal-old-noisy/70/miconic_noisy_p01_hyp-4_70_2.tar.bz2:0.696355819702:0.1000669:0.7
> 0:False:17,19:19241,1788
> 1:False:16,19:19241,1788
> 2:False:15,19:19241,1788
> 3:True:16,16:19241,1788
> 4:False:16,22:19241,1788
> 5:False:17,21:19241,1788
miconic-optimal-old-noisy/70/miconic_noisy_p01_hyp-4_70_3.tar.bz2:0.699678897858:0.1014699:0.7
> 0:False:17,21:19241,1788
> 1:False:16,18:19241,1788
> 2:False:15,21:19241,1788
> 3:True:16,16:19241,1788
> 4:False:16,20:19241,1788
> 5:False:17,21:19241,1788
miconic-optimal-old-noisy/70/miconic_noisy_p02_hyp-1_70_1.tar.bz2:0.614567995071:0.0781741:0.61
> 0:True:17,17:13682,1435
> 1:False:17,23:13682,1435
> 2:False:17,21:13682,1435
> 3:False:18,21:13682,1435
> 4:False:17,22:13682,1435
> 5:False:18,24:13682,1435
miconic-optimal-old-noisy/70/miconic_noisy_p02_hyp-1_70_2.tar.bz2:0.615586996078:0.0760055:0.61
> 0:True:17,18:13682,1435
> 1:False:17,20:13682,1435
> 2:False:17,19:13682,1435
> 3:False:18,21:13682,1435
> 4:False:17,21:13682,1435
> 5:False:18,24:13682,1435
miconic-optimal-old-noisy/70/miconic_noisy_p02_hyp-1_70_3.tar.bz2:0.611829996109:0.0752656:0.61
> 0:True:17,17:13682,1435
> 1:False:17,24:13682,1435
> 2:False:17,22:13682,1435
> 3:False:18,22:13682,1435
> 4:False:17,22:13682,1435
> 5:False:18,25:13682,1435
miconic-optimal-old-noisy/70/miconic_noisy_p02_hyp-2_70_1.tar.bz2:0.61567401886:0.0769601:0.62
> 0:False:17,22:13681,1433
> 1:True:17,17:13681,1433
> 2:False:17,21:13681,1433
> 3:False:18,23:13681,1433
> 4:False:17,22:13681,1433
> 5:False:18,21:13681,1433
miconic-optimal-old-noisy/70/miconic_noisy_p02_hyp-2_70_2.tar.bz2:0.612632036209:0.0761853:0.61
> 0:False:17,21:13681,1433
> 1:True:17,17:13681,1433
> 2:False:17,20:13681,1433
> 3:False:18,24:13681,1433
> 4:False:17,22:13681,1433
> 5:False:18,23:13681,1433
miconic-optimal-old-noisy/70/miconic_noisy_p02_hyp-2_70_3.tar.bz2:0.611467838287:0.0747569:0.61
> 0:False:17,24:13681,1433
> 1:True:17,17:13681,1433
> 2:False:17,20:13681,1433
> 3:False:18,23:13681,1433
> 4:False:17,22:13681,1433
> 5:False:18,22:13681,1433
miconic-optimal-old-noisy/70/miconic_noisy_p02_hyp-3_70_1.tar.bz2:0.613589048386:0.0753204:0.61
> 0:False:17,22:13682,1435
> 1:False:17,21:13682,1435
> 2:True:17,17:13682,1435
> 3:False:18,21:13682,1435
> 4:False:17,23:13682,1435
> 5:False:18,25:13682,1435
miconic-optimal-old-noisy/70/miconic_noisy_p02_hyp-3_70_2.tar.bz2:0.61181306839:0.0747101:0.61
> 0:False:17,21:13682,1435
> 1:False:17,18:13682,1435
> 2:True:17,17:13682,1435
> 3:False:18,21:13682,1435
> 4:False:17,21:13682,1435
> 5:False:18,24:13682,1435
miconic-optimal-old-noisy/70/miconic_noisy_p02_hyp-3_70_3.tar.bz2:0.614967823029:0.0754872:0.61
> 0:False:17,22:13682,1435
> 1:False:17,20:13682,1435
> 2:True:17,17:13682,1435
> 3:False:18,20:13682,1435
> 4:False:17,21:13682,1435
> 5:False:18,24:13682,1435
miconic-optimal-old-noisy/70/miconic_noisy_p02_hyp-4_70_1.tar.bz2:0.614398956299:0.0775473:0.62
> 0:False:17,22:13683,1437
> 1:False:17,23:13683,1437
> 2:False:17,20:13683,1437
> 3:True:18,19:13683,1437
> 4:False:17,19:13683,1437
> 5:False:18,22:13683,1437
miconic-optimal-old-noisy/70/miconic_noisy_p02_hyp-4_70_2.tar.bz2:0.611610889435:0.0754618:0.61
> 0:False:17,23:13683,1437
> 1:False:17,23:13683,1437
> 2:False:17,20:13683,1437
> 3:True:18,18:13683,1437
> 4:False:17,19:13683,1437
> 5:False:18,22:13683,1437
miconic-optimal-old-noisy/70/miconic_noisy_p02_hyp-4_70_3.tar.bz2:0.61404800415:0.0775192:0.62
> 0:False:17,23:13683,1437
> 1:False:17,22:13683,1437
> 2:False:17,19:13683,1437
> 3:True:18,19:13683,1437
> 4:False:17,19:13683,1437
> 5:False:18,20:13683,1437
miconic-optimal-old-noisy/70/miconic_noisy_p03_hyp-1_70_1.tar.bz2:0.488999843597:0.04106963:0.48
> 0:True:14,14:5992,841
> 1:False:14,18:5992,841
> 2:False:15,19:5992,841
> 3:False:13,18:5992,841
> 4:False:15,18:5992,841
> 5:False:14,16:5992,841
miconic-optimal-old-noisy/70/miconic_noisy_p03_hyp-1_70_2.tar.bz2:0.488585948944:0.04060183:0.49
> 0:True:14,15:5992,841
> 1:False:14,19:5992,841
> 2:False:15,18:5992,841
> 3:False:13,19:5992,841
> 4:False:15,20:5992,841
> 5:False:14,16:5992,841
miconic-optimal-old-noisy/70/miconic_noisy_p03_hyp-1_70_3.tar.bz2:0.490823984146:0.04125529:0.48
> 0:True:14,15:5992,841
> 1:False:14,18:5992,841
> 2:False:15,17:5992,841
> 3:False:13,18:5992,841
> 4:False:15,19:5992,841
> 5:False:14,16:5992,841
miconic-optimal-old-noisy/70/miconic_noisy_p03_hyp-2_70_1.tar.bz2:0.492936849594:0.04069973:0.49
> 0:False:14,19:5992,841
> 1:True:14,15:5992,841
> 2:False:15,17:5992,841
> 3:False:13,17:5992,841
> 4:False:15,19:5992,841
> 5:False:14,18:5992,841
miconic-optimal-old-noisy/70/miconic_noisy_p03_hyp-2_70_2.tar.bz2:0.488716840744:0.04046296:0.49
> 0:False:14,20:5992,841
> 1:True:14,15:5992,841
> 2:False:15,18:5992,841
> 3:False:13,17:5992,841
> 4:False:15,20:5992,841
> 5:False:14,17:5992,841
miconic-optimal-old-noisy/70/miconic_noisy_p03_hyp-2_70_3.tar.bz2:0.490205049515:0.04181901:0.49
> 0:False:14,19:5992,841
> 1:True:14,15:5992,841
> 2:False:15,17:5992,841
> 3:False:13,17:5992,841
> 4:False:15,20:5992,841
> 5:False:14,17:5992,841
miconic-optimal-old-noisy/70/miconic_noisy_p03_hyp-3_70_1.tar.bz2:0.49103307724:0.04184696:0.49
> 0:False:14,18:5992,841
> 1:False:14,16:5992,841
> 2:True:15,15:5992,841
> 3:False:13,16:5992,841
> 4:False:15,16:5992,841
> 5:False:14,17:5992,841
miconic-optimal-old-noisy/70/miconic_noisy_p03_hyp-3_70_2.tar.bz2:0.491286039352:0.04168912:0.49
> 0:False:14,19:5992,841
> 1:False:14,16:5992,841
> 2:True:15,15:5992,841
> 3:False:13,17:5992,841
> 4:False:15,18:5992,841
> 5:False:14,16:5992,841
miconic-optimal-old-noisy/70/miconic_noisy_p03_hyp-3_70_3.tar.bz2:0.489510059357:0.04026795:0.49
> 0:False:14,18:5992,841
> 1:False:14,17:5992,841
> 2:True:15,15:5992,841
> 3:False:13,17:5992,841
> 4:False:15,18:5992,841
> 5:False:14,16:5992,841
miconic-optimal-old-noisy/70/miconic_noisy_p03_hyp-4_70_1.tar.bz2:0.489762067795:0.04068371:0.5
> 0:False:14,18:5990,837
> 1:False:14,17:5990,837
> 2:True:15,16:5990,837
> 3:True:13,14:5990,837
> 4:True:15,16:5990,837
> 5:False:14,16:5990,837
miconic-optimal-old-noisy/70/miconic_noisy_p03_hyp-4_70_2.tar.bz2:0.491729974747:0.04126161:0.49
> 0:False:14,17:5990,837
> 1:False:14,17:5990,837
> 2:False:15,17:5990,837
> 3:True:13,13:5990,837
> 4:False:15,16:5990,837
> 5:False:14,15:5990,837
miconic-optimal-old-noisy/70/miconic_noisy_p03_hyp-4_70_3.tar.bz2:0.490577936172:0.0408257:0.5
> 0:False:14,20:5990,837
> 1:False:14,16:5990,837
> 2:False:15,16:5990,837
> 3:True:13,13:5990,837
> 4:False:15,16:5990,837
> 5:False:14,17:5990,837
miconic-optimal-old-noisy/100/miconic_noisy_p01_hyp-1_full_1.tar.bz2:0.698698043823:0.0998725:0.7
> 0:True:17,17:19247,1800
> 1:False:16,25:19247,1800
> 2:False:15,20:19247,1800
> 3:False:16,23:19247,1800
> 4:False:16,21:19247,1800
> 5:False:17,19:19247,1800
miconic-optimal-old-noisy/100/miconic_noisy_p01_hyp-1_full_2.tar.bz2:0.699279069901:0.099916:0.69
> 0:True:17,17:19247,1800
> 1:False:16,26:19247,1800
> 2:False:15,20:19247,1800
> 3:False:16,23:19247,1800
> 4:False:16,22:19247,1800
> 5:False:17,19:19247,1800
miconic-optimal-old-noisy/100/miconic_noisy_p01_hyp-1_full_3.tar.bz2:0.7002389431:0.1013282:0.7
> 0:True:17,17:19247,1800
> 1:False:16,26:19247,1800
> 2:False:15,20:19247,1800
> 3:False:16,23:19247,1800
> 4:False:16,22:19247,1800
> 5:False:17,19:19247,1800
miconic-optimal-old-noisy/100/miconic_noisy_p01_hyp-2_full_1.tar.bz2:0.698758125305:0.1010098:0.7
> 0:False:17,27:19246,1798
> 1:True:16,16:19246,1798
> 2:False:15,24:19246,1798
> 3:False:16,19:19246,1798
> 4:False:16,21:19246,1798
> 5:False:17,27:19246,1798
miconic-optimal-old-noisy/100/miconic_noisy_p01_hyp-2_full_2.tar.bz2:0.693439006805:0.0990522:0.7
> 0:False:17,26:19246,1798
> 1:True:16,16:19246,1798
> 2:False:15,23:19246,1798
> 3:False:16,18:19246,1798
> 4:False:16,21:19246,1798
> 5:False:17,26:19246,1798
miconic-optimal-old-noisy/100/miconic_noisy_p01_hyp-2_full_3.tar.bz2:0.696679115295:0.099189:0.7
> 0:False:17,27:19246,1798
> 1:True:16,16:19246,1798
> 2:False:15,24:19246,1798
> 3:False:16,19:19246,1798
> 4:False:16,21:19246,1798
> 5:False:17,27:19246,1798
miconic-optimal-old-noisy/100/miconic_noisy_p01_hyp-3_full_1.tar.bz2:0.697187900543:0.0995045:0.7
> 0:False:17,22:19246,1798
> 1:False:16,25:19246,1798
> 2:True:15,16:19246,1798
> 3:False:16,22:19246,1798
> 4:False:16,25:19246,1798
> 5:False:17,22:19246,1798
miconic-optimal-old-noisy/100/miconic_noisy_p01_hyp-3_full_2.tar.bz2:0.696930170059:0.0992621:0.7
> 0:False:17,22:19246,1798
> 1:False:16,25:19246,1798
> 2:True:15,16:19246,1798
> 3:False:16,22:19246,1798
> 4:False:16,25:19246,1798
> 5:False:17,22:19246,1798
miconic-optimal-old-noisy/100/miconic_noisy_p01_hyp-3_full_3.tar.bz2:0.69719004631:0.0993313:0.7
> 0:False:17,22:19246,1798
> 1:False:16,25:19246,1798
> 2:True:15,16:19246,1798
> 3:False:16,22:19246,1798
> 4:False:16,25:19246,1798
> 5:False:17,22:19246,1798
miconic-optimal-old-noisy/100/miconic_noisy_p01_hyp-4_full_1.tar.bz2:0.697695970535:0.1000394:0.69
> 0:False:17,24:19246,1798
> 1:False:16,19:19246,1798
> 2:False:15,21:19246,1798
> 3:True:16,16:19246,1798
> 4:False:16,24:19246,1798
> 5:False:17,24:19246,1798
miconic-optimal-old-noisy/100/miconic_noisy_p01_hyp-4_full_2.tar.bz2:0.696233034134:0.0998747:0.7
> 0:False:17,24:19246,1798
> 1:False:16,19:19246,1798
> 2:False:15,21:19246,1798
> 3:True:16,16:19246,1798
> 4:False:16,24:19246,1798
> 5:False:17,24:19246,1798
miconic-optimal-old-noisy/100/miconic_noisy_p01_hyp-4_full_3.tar.bz2:0.698952913284:0.1003313:0.7
> 0:False:17,24:19246,1798
> 1:False:16,19:19246,1798
> 2:False:15,21:19246,1798
> 3:True:16,16:19246,1798
> 4:False:16,24:19246,1798
> 5:False:17,24:19246,1798
miconic-optimal-old-noisy/100/miconic_noisy_p02_hyp-1_full_1.tar.bz2:0.616001844406:0.0762986:0.62
> 0:True:17,18:13688,1447
> 1:False:17,24:13688,1447
> 2:False:17,23:13688,1447
> 3:False:18,23:13688,1447
> 4:False:17,23:13688,1447
> 5:False:18,26:13688,1447
miconic-optimal-old-noisy/100/miconic_noisy_p02_hyp-1_full_2.tar.bz2:0.618018865585:0.0781109:0.62
> 0:True:17,18:13688,1447
> 1:False:17,24:13688,1447
> 2:False:17,23:13688,1447
> 3:False:18,23:13688,1447
> 4:False:17,23:13688,1447
> 5:False:18,26:13688,1447
miconic-optimal-old-noisy/100/miconic_noisy_p02_hyp-1_full_3.tar.bz2:0.617516040802:0.0778984:0.62
> 0:True:17,18:13688,1447
> 1:False:17,24:13688,1447
> 2:False:17,23:13688,1447
> 3:False:18,23:13688,1447
> 4:False:17,23:13688,1447
> 5:False:18,26:13688,1447
miconic-optimal-old-noisy/100/miconic_noisy_p02_hyp-2_full_1.tar.bz2:0.613768100739:0.0767085:0.62
> 0:False:17,23:13687,1445
> 1:True:17,17:13687,1445
> 2:False:17,21:13687,1445
> 3:False:18,25:13687,1445
> 4:False:17,22:13687,1445
> 5:False:18,22:13687,1445
miconic-optimal-old-noisy/100/miconic_noisy_p02_hyp-2_full_2.tar.bz2:0.616139888763:0.0769821:0.62
> 0:False:17,23:13687,1445
> 1:True:17,17:13687,1445
> 2:False:17,21:13687,1445
> 3:False:18,25:13687,1445
> 4:False:17,22:13687,1445
> 5:False:18,22:13687,1445
miconic-optimal-old-noisy/100/miconic_noisy_p02_hyp-2_full_3.tar.bz2:0.61617398262:0.076311:0.62
> 0:False:17,22:13687,1445
> 1:True:17,17:13687,1445
> 2:False:17,21:13687,1445
> 3:False:18,25:13687,1445
> 4:False:17,22:13687,1445
> 5:False:18,22:13687,1445
miconic-optimal-old-noisy/100/miconic_noisy_p02_hyp-3_full_1.tar.bz2:0.616766929626:0.0769469:0.61
> 0:False:17,23:13688,1447
> 1:False:17,21:13688,1447
> 2:True:17,18:13688,1447
> 3:False:18,21:13688,1447
> 4:False:17,23:13688,1447
> 5:False:18,25:13688,1447
miconic-optimal-old-noisy/100/miconic_noisy_p02_hyp-3_full_2.tar.bz2:0.613701105118:0.0772735:0.61
> 0:False:17,23:13688,1447
> 1:False:17,21:13688,1447
> 2:True:17,18:13688,1447
> 3:False:18,21:13688,1447
> 4:False:17,23:13688,1447
> 5:False:18,25:13688,1447
miconic-optimal-old-noisy/100/miconic_noisy_p02_hyp-3_full_3.tar.bz2:0.615638017654:0.076542:0.62
> 0:False:17,23:13688,1447
> 1:False:17,22:13688,1447
> 2:True:17,18:13688,1447
> 3:False:18,21:13688,1447
> 4:False:17,23:13688,1447
> 5:False:18,26:13688,1447
miconic-optimal-old-noisy/100/miconic_noisy_p02_hyp-4_full_1.tar.bz2:0.615258932114:0.0773416:0.61
> 0:False:17,23:13689,1449
> 1:False:17,26:13689,1449
> 2:False:17,21:13689,1449
> 3:True:18,19:13689,1449
> 4:False:17,20:13689,1449
> 5:False:18,23:13689,1449
miconic-optimal-old-noisy/100/miconic_noisy_p02_hyp-4_full_2.tar.bz2:0.616290807724:0.0772449:0.62
> 0:False:17,23:13689,1449
> 1:False:17,26:13689,1449
> 2:False:17,21:13689,1449
> 3:True:18,19:13689,1449
> 4:False:17,20:13689,1449
> 5:False:18,23:13689,1449
miconic-optimal-old-noisy/100/miconic_noisy_p02_hyp-4_full_3.tar.bz2:0.615514039993:0.0775871:0.61
> 0:False:17,23:13689,1449
> 1:False:17,25:13689,1449
> 2:False:17,21:13689,1449
> 3:True:18,19:13689,1449
> 4:False:17,20:13689,1449
> 5:False:18,23:13689,1449
miconic-optimal-old-noisy/100/miconic_noisy_p03_hyp-1_full_1.tar.bz2:0.492151975632:0.0419568:0.49
> 0:True:14,15:5996,849
> 1:False:14,19:5996,849
> 2:False:15,19:5996,849
> 3:False:13,19:5996,849
> 4:False:15,19:5996,849
> 5:False:14,17:5996,849
miconic-optimal-old-noisy/100/miconic_noisy_p03_hyp-1_full_2.tar.bz2:0.491719961166:0.04192693:0.49
> 0:True:14,15:5996,849
> 1:False:14,20:5996,849
> 2:False:15,20:5996,849
> 3:False:13,20:5996,849
> 4:False:15,20:5996,849
> 5:False:14,17:5996,849
miconic-optimal-old-noisy/100/miconic_noisy_p03_hyp-1_full_3.tar.bz2:0.491928100586:0.04207304:0.49
> 0:True:14,15:5996,849
> 1:False:14,20:5996,849
> 2:False:15,20:5996,849
> 3:False:13,20:5996,849
> 4:False:15,20:5996,849
> 5:False:14,17:5996,849
miconic-optimal-old-noisy/100/miconic_noisy_p03_hyp-2_full_1.tar.bz2:0.490983009338:0.0418762:0.49
> 0:False:14,19:5996,849
> 1:True:14,15:5996,849
> 2:False:15,17:5996,849
> 3:False:13,17:5996,849
> 4:False:15,19:5996,849
> 5:False:14,17:5996,849
miconic-optimal-old-noisy/100/miconic_noisy_p03_hyp-2_full_2.tar.bz2:0.490925073624:0.04173453:0.49
> 0:False:14,19:5996,849
> 1:True:14,15:5996,849
> 2:False:15,17:5996,849
> 3:False:13,17:5996,849
> 4:False:15,19:5996,849
> 5:False:14,17:5996,849
miconic-optimal-old-noisy/100/miconic_noisy_p03_hyp-2_full_3.tar.bz2:0.489948034286:0.04183984:0.48
> 0:False:14,20:5996,849
> 1:True:14,15:5996,849
> 2:False:15,17:5996,849
> 3:False:13,17:5996,849
> 4:False:15,20:5996,849
> 5:False:14,17:5996,849
miconic-optimal-old-noisy/100/miconic_noisy_p03_hyp-3_full_1.tar.bz2:0.489629983902:0.04120496:0.49
> 0:False:14,19:5996,849
> 1:False:14,16:5996,849
> 2:True:15,15:5996,849
> 3:False:13,16:5996,849
> 4:False:15,17:5996,849
> 5:False:14,16:5996,849
miconic-optimal-old-noisy/100/miconic_noisy_p03_hyp-3_full_2.tar.bz2:0.489347219467:0.04156915:0.5
> 0:False:14,19:5996,849
> 1:False:14,16:5996,849
> 2:True:15,15:5996,849
> 3:False:13,16:5996,849
> 4:False:15,17:5996,849
> 5:False:14,16:5996,849
miconic-optimal-old-noisy/100/miconic_noisy_p03_hyp-3_full_3.tar.bz2:0.491201877594:0.04140116:0.49
> 0:False:14,19:5996,849
> 1:False:14,16:5996,849
> 2:True:15,15:5996,849
> 3:False:13,16:5996,849
> 4:False:15,17:5996,849
> 5:False:14,16:5996,849
miconic-optimal-old-noisy/100/miconic_noisy_p03_hyp-4_full_1.tar.bz2:0.490751981735:0.04131619:0.48
> 0:False:14,19:5995,847
> 1:False:14,17:5995,847
> 2:False:15,17:5995,847
> 3:True:13,14:5995,847
> 4:True:15,16:5995,847
> 5:False:14,17:5995,847
miconic-optimal-old-noisy/100/miconic_noisy_p03_hyp-4_full_2.tar.bz2:0.490951061249:0.04181599:0.49
> 0:False:14,20:5995,847
> 1:False:14,17:5995,847
> 2:False:15,17:5995,847
> 3:True:13,14:5995,847
> 4:False:15,17:5995,847
> 5:False:14,17:5995,847
miconic-optimal-old-noisy/100/miconic_noisy_p03_hyp-4_full_3.tar.bz2:0.491244077682:0.04177389:0.49
> 0:False:14,19:5995,847
> 1:False:14,16:5995,847
> 2:True:15,16:5995,847
> 3:True:13,14:5995,847
> 4:False:15,17:5995,847
> 5:False:14,16:5995,847
