miconic-optimal/10/miconic_p01_hyp-1_10_1.tar.bz2:0.7607593536376953:0.0782171:0.75
> 0:True:17,17:18904,1715
> 1:False:16,17:18904,1715
> 2:False:15,17:18904,1715
> 3:False:16,17:18904,1715
> 4:False:16,17:18904,1715
> 5:False:17,18:18904,1715
miconic-optimal/10/miconic_p01_hyp-1_10_2.tar.bz2:0.7692625522613525:0.0744273:0.7699999999999998
> 0:True:17,17:18904,1715
> 1:False:16,17:18904,1715
> 2:False:15,17:18904,1715
> 3:False:16,17:18904,1715
> 4:False:16,17:18904,1715
> 5:False:17,18:18904,1715
miconic-optimal/10/miconic_p01_hyp-1_10_3.tar.bz2:0.7711918354034424:0.0821978:0.7800000000000002
> 0:True:17,17:18904,1715
> 1:False:16,18:18904,1715
> 2:False:15,16:18904,1715
> 3:False:16,17:18904,1715
> 4:False:16,17:18904,1715
> 5:False:17,18:18904,1715
miconic-optimal/10/miconic_p01_hyp-2_10_1.tar.bz2:0.7963595390319824:0.0804391:0.7899999999999996
> 0:False:17,18:18904,1715
> 1:True:16,16:18904,1715
> 2:True:15,15:18904,1715
> 3:True:16,16:18904,1715
> 4:False:16,18:18904,1715
> 5:False:17,18:18904,1715
miconic-optimal/10/miconic_p01_hyp-2_10_2.tar.bz2:0.7985296249389648:0.08706799999999999:0.7999999999999998
> 0:False:17,19:18904,1715
> 1:True:16,16:18904,1715
> 2:False:15,17:18904,1715
> 3:False:16,18:18904,1715
> 4:True:16,16:18904,1715
> 5:False:17,19:18904,1715
miconic-optimal/10/miconic_p01_hyp-2_10_3.tar.bz2:0.777585506439209:0.0814981:0.7799999999999994
> 0:False:17,19:18904,1715
> 1:True:16,16:18904,1715
> 2:False:15,16:18904,1715
> 3:False:16,17:18904,1715
> 4:False:16,17:18904,1715
> 5:False:17,19:18904,1715
miconic-optimal/10/miconic_p01_hyp-3_10_1.tar.bz2:0.7678155899047852:0.0796145:0.7599999999999998
> 0:False:17,18:18904,1715
> 1:False:16,17:18904,1715
> 2:True:15,15:18904,1715
> 3:False:16,17:18904,1715
> 4:False:16,17:18904,1715
> 5:False:17,18:18904,1715
miconic-optimal/10/miconic_p01_hyp-3_10_2.tar.bz2:0.7918813228607178:0.08126670000000001:0.79
> 0:True:17,18:18904,1715
> 1:True:16,17:18904,1715
> 2:True:15,16:18904,1715
> 3:True:16,17:18904,1715
> 4:True:16,17:18904,1715
> 5:True:17,18:18904,1715
miconic-optimal/10/miconic_p01_hyp-3_10_3.tar.bz2:0.7677927017211914:0.0800091:0.7600000000000007
> 0:False:17,18:18904,1715
> 1:False:16,17:18904,1715
> 2:True:15,15:18904,1715
> 3:True:16,16:18904,1715
> 4:False:16,18:18904,1715
> 5:False:17,18:18904,1715
miconic-optimal/10/miconic_p01_hyp-4_10_1.tar.bz2:0.7756171226501465:0.0838303:0.7799999999999994
> 0:False:17,18:18904,1715
> 1:False:16,17:18904,1715
> 2:False:15,16:18904,1715
> 3:True:16,16:18904,1715
> 4:False:16,17:18904,1715
> 5:True:17,17:18904,1715
miconic-optimal/10/miconic_p01_hyp-4_10_2.tar.bz2:0.7809934616088867:0.07304540000000001:0.7700000000000005
> 0:True:17,17:18904,1715
> 1:True:16,16:18904,1715
> 2:False:15,17:18904,1715
> 3:True:16,16:18904,1715
> 4:True:16,16:18904,1715
> 5:False:17,19:18904,1715
miconic-optimal/10/miconic_p01_hyp-4_10_3.tar.bz2:0.7720322608947754:0.07402479999999999:0.7799999999999994
> 0:True:17,17:18904,1715
> 1:False:16,17:18904,1715
> 2:False:15,16:18904,1715
> 3:True:16,16:18904,1715
> 4:False:16,17:18904,1715
> 5:False:17,18:18904,1715
miconic-optimal/10/miconic_p02_hyp-1_10_1.tar.bz2:0.7004184722900391:0.06489132:0.6900000000000013
> 0:True:17,17:13412,1365
> 1:False:17,18:13412,1365
> 2:False:17,18:13412,1365
> 3:True:18,18:13412,1365
> 4:True:17,17:13412,1365
> 5:True:18,18:13412,1365
miconic-optimal/10/miconic_p02_hyp-1_10_2.tar.bz2:0.6868023872375488:0.06732447:0.6899999999999995
> 0:True:17,17:13412,1365
> 1:False:17,18:13412,1365
> 2:False:17,18:13412,1365
> 3:False:18,19:13412,1365
> 4:False:17,18:13412,1365
> 5:False:18,19:13412,1365
miconic-optimal/10/miconic_p02_hyp-1_10_3.tar.bz2:0.7009143829345703:0.06922563:0.7000000000000011
> 0:True:17,17:13412,1365
> 1:True:17,17:13412,1365
> 2:False:17,18:13412,1365
> 3:False:18,19:13412,1365
> 4:True:17,17:13412,1365
> 5:True:18,18:13412,1365
miconic-optimal/10/miconic_p02_hyp-2_10_1.tar.bz2:0.7196173667907715:0.06405765000000001:0.7200000000000006
> 0:False:17,18:13412,1365
> 1:True:17,17:13412,1365
> 2:True:17,17:13412,1365
> 3:True:18,18:13412,1365
> 4:True:17,17:13412,1365
> 5:False:18,19:13412,1365
miconic-optimal/10/miconic_p02_hyp-2_10_2.tar.bz2:0.7245943546295166:0.06772361:0.7200000000000006
> 0:False:17,18:13412,1365
> 1:True:17,17:13412,1365
> 2:True:17,17:13412,1365
> 3:False:18,19:13412,1365
> 4:False:17,18:13412,1365
> 5:False:18,19:13412,1365
miconic-optimal/10/miconic_p02_hyp-2_10_3.tar.bz2:0.7009303569793701:0.06380385000000001:0.6999999999999993
> 0:False:17,19:13412,1365
> 1:True:17,17:13412,1365
> 2:True:17,17:13412,1365
> 3:True:18,18:13412,1365
> 4:True:17,17:13412,1365
> 5:True:18,18:13412,1365
miconic-optimal/10/miconic_p02_hyp-3_10_1.tar.bz2:0.7113862037658691:0.06488029000000001:0.7100000000000009
> 0:True:17,18:13412,1365
> 1:True:17,18:13412,1365
> 2:True:17,18:13412,1365
> 3:True:18,19:13412,1365
> 4:True:17,18:13412,1365
> 5:False:18,20:13412,1365
miconic-optimal/10/miconic_p02_hyp-3_10_2.tar.bz2:0.6912174224853516:0.06743226999999999:0.6999999999999993
> 0:False:17,18:13412,1365
> 1:True:17,17:13412,1365
> 2:True:17,17:13412,1365
> 3:True:18,18:13412,1365
> 4:True:17,17:13412,1365
> 5:False:18,19:13412,1365
miconic-optimal/10/miconic_p02_hyp-3_10_3.tar.bz2:0.6949431896209717:0.06277275:0.6899999999999995
> 0:True:17,18:13412,1365
> 1:False:17,19:13412,1365
> 2:True:17,18:13412,1365
> 3:True:18,19:13412,1365
> 4:False:17,19:13412,1365
> 5:False:18,20:13412,1365
miconic-optimal/10/miconic_p02_hyp-4_10_1.tar.bz2:0.6872997283935547:0.05395196:0.6799999999999997
> 0:False:17,18:13412,1365
> 1:False:17,19:13412,1365
> 2:False:17,18:13412,1365
> 3:True:18,18:13412,1365
> 4:True:17,17:13412,1365
> 5:True:18,18:13412,1365
miconic-optimal/10/miconic_p02_hyp-4_10_2.tar.bz2:0.6880488395690918:0.06106827:0.6899999999999977
> 0:True:17,17:13412,1365
> 1:False:17,19:13412,1365
> 2:False:17,18:13412,1365
> 3:True:18,18:13412,1365
> 4:False:17,18:13412,1365
> 5:False:18,19:13412,1365
miconic-optimal/10/miconic_p02_hyp-4_10_3.tar.bz2:0.6863625049591064:0.05746075:0.6800000000000033
> 0:False:17,18:13412,1365
> 1:True:17,17:13412,1365
> 2:True:17,17:13412,1365
> 3:True:18,18:13412,1365
> 4:True:17,17:13412,1365
> 5:True:18,18:13412,1365
miconic-optimal/10/miconic_p03_hyp-1_10_1.tar.bz2:0.5858871936798096:0.03456256:0.5800000000000018
> 0:True:14,14:5836,785
> 1:False:14,15:5836,785
> 2:False:15,16:5836,785
> 3:False:13,14:5836,785
> 4:False:15,17:5836,785
> 5:True:14,14:5836,785
miconic-optimal/10/miconic_p03_hyp-1_10_2.tar.bz2:0.5832359790802002:0.041499579999999994:0.5800000000000018
> 0:True:14,14:5836,785
> 1:False:14,15:5836,785
> 2:False:15,17:5836,785
> 3:False:13,14:5836,785
> 4:False:15,16:5836,785
> 5:False:14,15:5836,785
miconic-optimal/10/miconic_p03_hyp-1_10_3.tar.bz2:0.5800635814666748:0.035854079999999997:0.5799999999999983
> 0:True:14,14:5836,785
> 1:True:14,14:5836,785
> 2:True:15,15:5836,785
> 3:False:13,14:5836,785
> 4:False:15,16:5836,785
> 5:True:14,14:5836,785
miconic-optimal/10/miconic_p03_hyp-2_10_1.tar.bz2:0.5661158561706543:0.036857009999999996:0.5599999999999987
> 0:False:14,15:5836,785
> 1:True:14,14:5836,785
> 2:True:15,15:5836,785
> 3:False:13,14:5836,785
> 4:False:15,16:5836,785
> 5:False:14,15:5836,785
miconic-optimal/10/miconic_p03_hyp-2_10_2.tar.bz2:0.5903763771057129:0.03516847000000001:0.5800000000000018
> 0:True:14,14:5836,785
> 1:True:14,14:5836,785
> 2:False:15,16:5836,785
> 3:False:13,14:5836,785
> 4:False:15,16:5836,785
> 5:True:14,14:5836,785
miconic-optimal/10/miconic_p03_hyp-2_10_3.tar.bz2:0.5736758708953857:0.03539844:0.5799999999999983
> 0:True:14,14:5836,785
> 1:True:14,14:5836,785
> 2:True:15,15:5836,785
> 3:False:13,14:5836,785
> 4:False:15,16:5836,785
> 5:True:14,14:5836,785
miconic-optimal/10/miconic_p03_hyp-3_10_1.tar.bz2:0.5838103294372559:0.03759999:0.5800000000000018
> 0:True:14,14:5836,785
> 1:False:14,15:5836,785
> 2:True:15,15:5836,785
> 3:True:13,13:5836,785
> 4:True:15,15:5836,785
> 5:True:14,14:5836,785
miconic-optimal/10/miconic_p03_hyp-3_10_2.tar.bz2:0.581026554107666:0.04061798:0.5799999999999983
> 0:False:14,16:5836,785
> 1:True:14,14:5836,785
> 2:True:15,15:5836,785
> 3:True:13,13:5836,785
> 4:True:15,15:5836,785
> 5:True:14,14:5836,785
miconic-optimal/10/miconic_p03_hyp-3_10_3.tar.bz2:0.5649209022521973:0.03951637000000001:0.5700000000000003
> 0:False:14,15:5836,785
> 1:True:14,14:5836,785
> 2:True:15,15:5836,785
> 3:False:13,14:5836,785
> 4:True:15,15:5836,785
> 5:True:14,14:5836,785
miconic-optimal/10/miconic_p03_hyp-4_10_1.tar.bz2:0.578148365020752:0.0376891:0.5799999999999983
> 0:False:14,15:5836,785
> 1:False:14,15:5836,785
> 2:True:15,15:5836,785
> 3:True:13,13:5836,785
> 4:True:15,15:5836,785
> 5:True:14,14:5836,785
miconic-optimal/10/miconic_p03_hyp-4_10_2.tar.bz2:0.5855660438537598:0.03945652:0.5899999999999999
> 0:False:14,15:5836,785
> 1:False:14,15:5836,785
> 2:True:15,15:5836,785
> 3:True:13,13:5836,785
> 4:True:15,15:5836,785
> 5:True:14,14:5836,785
miconic-optimal/10/miconic_p03_hyp-4_10_3.tar.bz2:0.5861825942993164:0.038776649999999996:0.5899999999999999
> 0:False:14,16:5836,785
> 1:True:14,14:5836,785
> 2:True:15,15:5836,785
> 3:True:13,13:5836,785
> 4:True:15,15:5836,785
> 5:True:14,14:5836,785
miconic-optimal/30/miconic_p01_hyp-1_30_1.tar.bz2:0.7744319438934326:0.0817232:0.7800000000000011
> 0:True:17,17:18908,1719
> 1:False:16,21:18908,1719
> 2:False:15,18:18908,1719
> 3:False:16,20:18908,1719
> 4:False:16,18:18908,1719
> 5:False:17,19:18908,1719
miconic-optimal/30/miconic_p01_hyp-1_30_2.tar.bz2:0.758427619934082:0.0781817:0.75
> 0:True:17,17:18908,1719
> 1:False:16,21:18908,1719
> 2:False:15,19:18908,1719
> 3:False:16,18:18908,1719
> 4:False:16,21:18908,1719
> 5:False:17,19:18908,1719
miconic-optimal/30/miconic_p01_hyp-1_30_3.tar.bz2:0.7713234424591064:0.0796667:0.7699999999999996
> 0:True:17,17:18908,1719
> 1:False:16,22:18908,1719
> 2:False:15,18:18908,1719
> 3:False:16,19:18908,1719
> 4:False:16,21:18908,1719
> 5:False:17,18:18908,1719
miconic-optimal/30/miconic_p01_hyp-2_30_1.tar.bz2:0.7547833919525146:0.075459:0.7499999999999964
> 0:False:17,20:18907,1718
> 1:True:16,16:18907,1718
> 2:False:15,17:18907,1718
> 3:False:16,17:18907,1718
> 4:False:16,18:18907,1718
> 5:False:17,21:18907,1718
miconic-optimal/30/miconic_p01_hyp-2_30_2.tar.bz2:0.773277759552002:0.0866792:0.759999999999998
> 0:False:17,19:18907,1718
> 1:True:16,16:18907,1718
> 2:False:15,17:18907,1718
> 3:False:16,17:18907,1718
> 4:False:16,18:18907,1718
> 5:False:17,20:18907,1718
miconic-optimal/30/miconic_p01_hyp-2_30_3.tar.bz2:0.797889232635498:0.08654300000000001:0.8000000000000043
> 0:False:17,21:18907,1718
> 1:True:16,16:18907,1718
> 2:False:15,18:18907,1718
> 3:False:16,18:18907,1718
> 4:False:16,18:18907,1718
> 5:False:17,22:18907,1718
miconic-optimal/30/miconic_p01_hyp-3_30_1.tar.bz2:0.7946953773498535:0.083135:0.7899999999999991
> 0:True:17,18:18907,1718
> 1:False:16,20:18907,1718
> 2:True:15,16:18907,1718
> 3:False:16,18:18907,1718
> 4:False:16,19:18907,1718
> 5:True:17,18:18907,1718
miconic-optimal/30/miconic_p01_hyp-3_30_2.tar.bz2:0.7649617195129395:0.0801201:0.7599999999999945
> 0:False:17,18:18907,1718
> 1:False:16,20:18907,1718
> 2:True:15,15:18907,1718
> 3:False:16,18:18907,1718
> 4:False:16,19:18907,1718
> 5:False:17,18:18907,1718
miconic-optimal/30/miconic_p01_hyp-3_30_3.tar.bz2:0.7641124725341797:0.0817861:0.759999999999998
> 0:False:17,20:18907,1718
> 1:False:16,18:18907,1718
> 2:True:15,16:18907,1718
> 3:False:16,18:18907,1718
> 4:False:16,19:18907,1718
> 5:False:17,20:18907,1718
miconic-optimal/30/miconic_p01_hyp-4_30_1.tar.bz2:0.7660617828369141:0.0767999:0.759999999999998
> 0:False:17,19:18907,1718
> 1:False:16,17:18907,1718
> 2:False:15,19:18907,1718
> 3:True:16,16:18907,1718
> 4:False:16,18:18907,1718
> 5:False:17,19:18907,1718
miconic-optimal/30/miconic_p01_hyp-4_30_2.tar.bz2:0.7683653831481934:0.0797529:0.759999999999998
> 0:False:17,21:18907,1718
> 1:False:16,17:18907,1718
> 2:False:15,18:18907,1718
> 3:True:16,16:18907,1718
> 4:False:16,20:18907,1718
> 5:False:17,20:18907,1718
miconic-optimal/30/miconic_p01_hyp-4_30_3.tar.bz2:0.7755193710327148:0.0844808:0.769999999999996
> 0:False:17,20:18907,1718
> 1:False:16,17:18907,1718
> 2:False:15,16:18907,1718
> 3:True:16,16:18907,1718
> 4:False:16,20:18907,1718
> 5:False:17,21:18907,1718
miconic-optimal/30/miconic_p02_hyp-1_30_1.tar.bz2:0.6883137226104736:0.054412699999999994:0.7000000000000028
> 0:True:17,17:13416,1369
> 1:False:17,21:13416,1369
> 2:False:17,19:13416,1369
> 3:False:18,19:13416,1369
> 4:False:17,20:13416,1369
> 5:False:18,21:13416,1369
miconic-optimal/30/miconic_p02_hyp-1_30_2.tar.bz2:0.696392297744751:0.06258254:0.6900000000000048
> 0:True:17,18:13416,1369
> 1:False:17,20:13416,1369
> 2:True:17,18:13416,1369
> 3:False:18,20:13416,1369
> 4:False:17,21:13416,1369
> 5:False:18,23:13416,1369
miconic-optimal/30/miconic_p02_hyp-1_30_3.tar.bz2:0.6846730709075928:0.06185233:0.6900000000000048
> 0:True:17,17:13416,1369
> 1:False:17,20:13416,1369
> 2:False:17,20:13416,1369
> 3:True:18,18:13416,1369
> 4:False:17,18:13416,1369
> 5:False:18,21:13416,1369
miconic-optimal/30/miconic_p02_hyp-2_30_1.tar.bz2:0.6914994716644287:0.0636533:0.6899999999999977
> 0:False:17,18:13416,1369
> 1:True:17,17:13416,1369
> 2:False:17,19:13416,1369
> 3:False:18,22:13416,1369
> 4:False:17,19:13416,1369
> 5:False:18,21:13416,1369
miconic-optimal/30/miconic_p02_hyp-2_30_2.tar.bz2:0.7022151947021484:0.06437909:0.6999999999999957
> 0:False:17,18:13416,1369
> 1:True:17,17:13416,1369
> 2:True:17,17:13416,1369
> 3:False:18,20:13416,1369
> 4:False:17,19:13416,1369
> 5:False:18,22:13416,1369
miconic-optimal/30/miconic_p02_hyp-2_30_3.tar.bz2:0.6966342926025391:0.06198779:0.7000000000000028
> 0:False:17,20:13416,1369
> 1:True:17,17:13416,1369
> 2:False:17,18:13416,1369
> 3:False:18,19:13416,1369
> 4:False:17,18:13416,1369
> 5:False:18,20:13416,1369
miconic-optimal/30/miconic_p02_hyp-3_30_1.tar.bz2:0.6852717399597168:0.05841364:0.6900000000000048
> 0:False:17,18:13416,1369
> 1:False:17,19:13416,1369
> 2:True:17,17:13416,1369
> 3:False:18,20:13416,1369
> 4:False:17,21:13416,1369
> 5:False:18,22:13416,1369
miconic-optimal/30/miconic_p02_hyp-3_30_2.tar.bz2:0.713857889175415:0.06719158:0.7000000000000028
> 0:False:17,21:13416,1369
> 1:False:17,18:13416,1369
> 2:True:17,17:13416,1369
> 3:False:18,19:13416,1369
> 4:False:17,18:13416,1369
> 5:False:18,20:13416,1369
miconic-optimal/30/miconic_p02_hyp-3_30_3.tar.bz2:0.6930029392242432:0.06622243:0.6799999999999997
> 0:False:17,21:13416,1369
> 1:False:17,20:13416,1369
> 2:True:17,18:13416,1369
> 3:True:18,19:13416,1369
> 4:False:17,20:13416,1369
> 5:False:18,21:13416,1369
miconic-optimal/30/miconic_p02_hyp-4_30_1.tar.bz2:0.700922966003418:0.057459989999999996:0.7100000000000009
> 0:False:17,18:13416,1369
> 1:False:17,21:13416,1369
> 2:False:17,20:13416,1369
> 3:True:18,18:13416,1369
> 4:False:17,18:13416,1369
> 5:False:18,20:13416,1369
miconic-optimal/30/miconic_p02_hyp-4_30_2.tar.bz2:0.6941001415252686:0.0657086:0.6999999999999957
> 0:False:17,20:13416,1369
> 1:False:17,18:13416,1369
> 2:True:17,17:13416,1369
> 3:True:18,18:13416,1369
> 4:True:17,17:13416,1369
> 5:False:18,20:13416,1369
miconic-optimal/30/miconic_p02_hyp-4_30_3.tar.bz2:0.7115683555603027:0.06829890000000001:0.7099999999999937
> 0:False:17,21:13416,1369
> 1:False:17,19:13416,1369
> 2:True:17,17:13416,1369
> 3:True:18,18:13416,1369
> 4:False:17,19:13416,1369
> 5:False:18,20:13416,1369
miconic-optimal/30/miconic_p03_hyp-1_30_1.tar.bz2:0.5748388767242432:0.038712659999999996:0.5700000000000003
> 0:True:14,14:5839,788
> 1:False:14,16:5839,788
> 2:False:15,17:5839,788
> 3:False:13,15:5839,788
> 4:False:15,17:5839,788
> 5:False:14,15:5839,788
miconic-optimal/30/miconic_p03_hyp-1_30_2.tar.bz2:0.58058762550354:0.03441073:0.5800000000000054
> 0:True:14,14:5839,788
> 1:False:14,16:5839,788
> 2:False:15,18:5839,788
> 3:False:13,14:5839,788
> 4:False:15,17:5839,788
> 5:False:14,15:5839,788
miconic-optimal/30/miconic_p03_hyp-1_30_3.tar.bz2:0.5804452896118164:0.03949146:0.5799999999999983
> 0:True:14,14:5839,788
> 1:False:14,17:5839,788
> 2:False:15,17:5839,788
> 3:False:13,16:5839,788
> 4:False:15,16:5839,788
> 5:False:14,16:5839,788
miconic-optimal/30/miconic_p03_hyp-2_30_1.tar.bz2:0.5663809776306152:0.035715620000000003:0.5699999999999932
> 0:False:14,16:5839,788
> 1:True:14,14:5839,788
> 2:False:15,16:5839,788
> 3:False:13,14:5839,788
> 4:False:15,16:5839,788
> 5:False:14,15:5839,788
miconic-optimal/30/miconic_p03_hyp-2_30_2.tar.bz2:0.5808155536651611:0.038575210000000006:0.5800000000000054
> 0:False:14,16:5839,788
> 1:True:14,14:5839,788
> 2:False:15,16:5839,788
> 3:False:13,15:5839,788
> 4:False:15,17:5839,788
> 5:True:14,14:5839,788
miconic-optimal/30/miconic_p03_hyp-2_30_3.tar.bz2:0.5788710117340088:0.03168285:0.5900000000000034
> 0:False:14,17:5839,788
> 1:True:14,14:5839,788
> 2:False:15,16:5839,788
> 3:False:13,14:5839,788
> 4:False:15,16:5839,788
> 5:False:14,16:5839,788
miconic-optimal/30/miconic_p03_hyp-3_30_1.tar.bz2:0.5706114768981934:0.03720594:0.5599999999999952
> 0:False:14,17:5839,788
> 1:False:14,15:5839,788
> 2:True:15,15:5839,788
> 3:False:13,14:5839,788
> 4:False:15,16:5839,788
> 5:False:14,15:5839,788
miconic-optimal/30/miconic_p03_hyp-3_30_2.tar.bz2:0.5988094806671143:0.0408764:0.5999999999999943
> 0:False:14,16:5839,788
> 1:True:14,14:5839,788
> 2:True:15,15:5839,788
> 3:False:13,15:5839,788
> 4:False:15,17:5839,788
> 5:False:14,16:5839,788
miconic-optimal/30/miconic_p03_hyp-3_30_3.tar.bz2:0.5798208713531494:0.039969189999999995:0.5799999999999983
> 0:False:14,18:5839,788
> 1:False:14,15:5839,788
> 2:True:15,15:5839,788
> 3:False:13,14:5839,788
> 4:False:15,16:5839,788
> 5:False:14,15:5839,788
miconic-optimal/30/miconic_p03_hyp-4_30_1.tar.bz2:0.5931336879730225:0.03954115:0.5899999999999963
> 0:False:14,18:5839,788
> 1:False:14,16:5839,788
> 2:True:15,16:5839,788
> 3:True:13,14:5839,788
> 4:True:15,16:5839,788
> 5:False:14,17:5839,788
miconic-optimal/30/miconic_p03_hyp-4_30_2.tar.bz2:0.5734999179840088:0.03122245:0.5700000000000003
> 0:False:14,17:5839,788
> 1:True:14,15:5839,788
> 2:False:15,18:5839,788
> 3:True:13,14:5839,788
> 4:False:15,18:5839,788
> 5:False:14,17:5839,788
miconic-optimal/30/miconic_p03_hyp-4_30_3.tar.bz2:0.5843265056610107:0.041942900000000005:0.5899999999999963
> 0:False:14,16:5839,788
> 1:False:14,16:5839,788
> 2:False:15,16:5839,788
> 3:True:13,13:5839,788
> 4:False:15,16:5839,788
> 5:False:14,15:5839,788
miconic-optimal/50/miconic_p01_hyp-1_50_1.tar.bz2:0.7653558254241943:0.0738428:0.7700000000000031
> 0:True:17,17:18911,1722
> 1:False:16,23:18911,1722
> 2:False:15,18:18911,1722
> 3:False:16,21:18911,1722
> 4:False:16,20:18911,1722
> 5:False:17,19:18911,1722
miconic-optimal/50/miconic_p01_hyp-1_50_2.tar.bz2:0.7628829479217529:0.0767466:0.759999999999998
> 0:True:17,17:18911,1722
> 1:False:16,23:18911,1722
> 2:False:15,18:18911,1722
> 3:False:16,21:18911,1722
> 4:False:16,21:18911,1722
> 5:False:17,18:18911,1722
miconic-optimal/50/miconic_p01_hyp-1_50_3.tar.bz2:0.7779228687286377:0.0791511:0.7700000000000031
> 0:True:17,17:18911,1722
> 1:False:16,23:18911,1722
> 2:False:15,17:18911,1722
> 3:False:16,21:18911,1722
> 4:False:16,20:18911,1722
> 5:False:17,18:18911,1722
miconic-optimal/50/miconic_p01_hyp-2_50_1.tar.bz2:0.7566075325012207:0.0728525:0.75
> 0:False:17,22:18910,1721
> 1:True:16,16:18910,1721
> 2:False:15,19:18910,1721
> 3:False:16,17:18910,1721
> 4:False:16,19:18910,1721
> 5:False:17,21:18910,1721
miconic-optimal/50/miconic_p01_hyp-2_50_2.tar.bz2:0.7675600051879883:0.07818549999999999:0.7700000000000031
> 0:False:17,23:18910,1721
> 1:True:16,16:18910,1721
> 2:False:15,23:18910,1721
> 3:False:16,19:18910,1721
> 4:True:16,16:18910,1721
> 5:False:17,22:18910,1721
miconic-optimal/50/miconic_p01_hyp-2_50_3.tar.bz2:0.7800467014312744:0.0788612:0.7800000000000011
> 0:False:17,22:18910,1721
> 1:True:16,16:18910,1721
> 2:False:15,20:18910,1721
> 3:False:16,18:18910,1721
> 4:False:16,19:18910,1721
> 5:False:17,23:18910,1721
miconic-optimal/50/miconic_p01_hyp-3_50_1.tar.bz2:0.7817904949188232:0.0836963:0.779999999999994
> 0:False:17,21:18910,1721
> 1:False:16,18:18910,1721
> 2:True:15,15:18910,1721
> 3:False:16,17:18910,1721
> 4:False:16,23:18910,1721
> 5:False:17,21:18910,1721
miconic-optimal/50/miconic_p01_hyp-3_50_2.tar.bz2:0.7687444686889648:0.0842743:0.759999999999998
> 0:False:17,18:18910,1721
> 1:False:16,20:18910,1721
> 2:True:15,15:18910,1721
> 3:False:16,19:18910,1721
> 4:False:16,19:18910,1721
> 5:False:17,18:18910,1721
miconic-optimal/50/miconic_p01_hyp-3_50_3.tar.bz2:0.7638115882873535:0.0792329:0.7600000000000051
> 0:False:17,18:18910,1721
> 1:False:16,22:18910,1721
> 2:True:15,15:18910,1721
> 3:False:16,21:18910,1721
> 4:False:16,19:18910,1721
> 5:False:17,18:18910,1721
miconic-optimal/50/miconic_p01_hyp-4_50_1.tar.bz2:0.7553665637969971:0.0805706:0.759999999999998
> 0:False:17,20:18910,1721
> 1:False:16,19:18910,1721
> 2:False:15,18:18910,1721
> 3:True:16,16:18910,1721
> 4:False:16,21:18910,1721
> 5:False:17,19:18910,1721
miconic-optimal/50/miconic_p01_hyp-4_50_2.tar.bz2:0.755359411239624:0.07558290000000001:0.75
> 0:False:17,21:18910,1721
> 1:False:16,18:18910,1721
> 2:False:15,19:18910,1721
> 3:True:16,16:18910,1721
> 4:False:16,21:18910,1721
> 5:False:17,21:18910,1721
miconic-optimal/50/miconic_p01_hyp-4_50_3.tar.bz2:0.76448655128479:0.0783839:0.759999999999998
> 0:False:17,23:18910,1721
> 1:True:16,16:18910,1721
> 2:False:15,17:18910,1721
> 3:True:16,16:18910,1721
> 4:False:16,21:18910,1721
> 5:False:17,21:18910,1721
miconic-optimal/50/miconic_p02_hyp-1_50_1.tar.bz2:0.685706377029419:0.060638149999999995:0.6799999999999997
> 0:True:17,18:13419,1372
> 1:False:17,23:13419,1372
> 2:False:17,22:13419,1372
> 3:False:18,22:13419,1372
> 4:False:17,22:13419,1372
> 5:False:18,23:13419,1372
miconic-optimal/50/miconic_p02_hyp-1_50_2.tar.bz2:0.6973118782043457:0.06178352:0.6899999999999977
> 0:True:17,18:13419,1372
> 1:False:17,22:13419,1372
> 2:False:17,22:13419,1372
> 3:False:18,21:13419,1372
> 4:False:17,20:13419,1372
> 5:False:18,21:13419,1372
miconic-optimal/50/miconic_p02_hyp-1_50_3.tar.bz2:0.6824982166290283:0.06267400000000001:0.6700000000000017
> 0:True:17,18:13419,1372
> 1:False:17,22:13419,1372
> 2:False:17,20:13419,1372
> 3:False:18,21:13419,1372
> 4:False:17,22:13419,1372
> 5:False:18,24:13419,1372
miconic-optimal/50/miconic_p02_hyp-2_50_1.tar.bz2:0.7030766010284424:0.062090839999999994:0.6900000000000048
> 0:False:17,22:13419,1372
> 1:True:17,17:13419,1372
> 2:False:17,19:13419,1372
> 3:False:18,21:13419,1372
> 4:False:17,19:13419,1372
> 5:False:18,20:13419,1372
miconic-optimal/50/miconic_p02_hyp-2_50_2.tar.bz2:0.7050423622131348:0.06309616:0.7000000000000028
> 0:False:17,21:13419,1372
> 1:True:17,17:13419,1372
> 2:False:17,19:13419,1372
> 3:False:18,22:13419,1372
> 4:False:17,20:13419,1372
> 5:False:18,22:13419,1372
miconic-optimal/50/miconic_p02_hyp-2_50_3.tar.bz2:0.7143001556396484:0.06465117000000001:0.7199999999999989
> 0:False:17,21:13419,1372
> 1:True:17,17:13419,1372
> 2:False:17,19:13419,1372
> 3:False:18,22:13419,1372
> 4:False:17,20:13419,1372
> 5:False:18,22:13419,1372
miconic-optimal/50/miconic_p02_hyp-3_50_1.tar.bz2:0.7008235454559326:0.07061150000000001:0.6999999999999957
> 0:False:17,21:13419,1372
> 1:False:17,22:13419,1372
> 2:True:17,18:13419,1372
> 3:False:18,20:13419,1372
> 4:False:17,22:13419,1372
> 5:False:18,23:13419,1372
miconic-optimal/50/miconic_p02_hyp-3_50_2.tar.bz2:0.7116689682006836:0.06736342:0.7099999999999937
> 0:False:17,21:13419,1372
> 1:False:17,21:13419,1372
> 2:True:17,18:13419,1372
> 3:False:18,20:13419,1372
> 4:False:17,21:13419,1372
> 5:False:18,23:13419,1372
miconic-optimal/50/miconic_p02_hyp-3_50_3.tar.bz2:0.7154607772827148:0.0720031:0.710000000000008
> 0:False:17,22:13419,1372
> 1:False:17,21:13419,1372
> 2:True:17,18:13419,1372
> 3:False:18,20:13419,1372
> 4:False:17,21:13419,1372
> 5:False:18,22:13419,1372
miconic-optimal/50/miconic_p02_hyp-4_50_1.tar.bz2:0.6840023994445801:0.057609139999999996:0.6899999999999977
> 0:False:17,21:13420,1373
> 1:False:17,23:13420,1373
> 2:False:17,22:13420,1373
> 3:True:18,19:13420,1373
> 4:False:17,19:13420,1373
> 5:False:18,21:13420,1373
miconic-optimal/50/miconic_p02_hyp-4_50_2.tar.bz2:0.6823294162750244:0.05720641:0.6799999999999926
> 0:False:17,22:13420,1373
> 1:False:17,24:13420,1373
> 2:False:17,20:13420,1373
> 3:True:18,19:13420,1373
> 4:False:17,20:13420,1373
> 5:False:18,22:13420,1373
miconic-optimal/50/miconic_p02_hyp-4_50_3.tar.bz2:0.705998420715332:0.0724557:0.7000000000000028
> 0:False:17,21:13420,1373
> 1:False:17,23:13420,1373
> 2:False:17,20:13420,1373
> 3:True:18,18:13420,1373
> 4:False:17,18:13420,1373
> 5:False:18,20:13420,1373
miconic-optimal/50/miconic_p03_hyp-1_50_1.tar.bz2:0.5828747749328613:0.04108286:0.5799999999999983
> 0:True:14,14:5842,791
> 1:False:14,18:5842,791
> 2:False:15,18:5842,791
> 3:False:13,17:5842,791
> 4:False:15,17:5842,791
> 5:False:14,16:5842,791
miconic-optimal/50/miconic_p03_hyp-1_50_2.tar.bz2:0.5597801208496094:0.03163413:0.5499999999999972
> 0:True:14,15:5842,791
> 1:False:14,18:5842,791
> 2:False:15,19:5842,791
> 3:False:13,18:5842,791
> 4:False:15,19:5842,791
> 5:False:14,17:5842,791
miconic-optimal/50/miconic_p03_hyp-1_50_3.tar.bz2:0.5913481712341309:0.03913925:0.5999999999999943
> 0:True:14,14:5842,791
> 1:False:14,18:5842,791
> 2:False:15,19:5842,791
> 3:False:13,16:5842,791
> 4:False:15,18:5842,791
> 5:False:14,16:5842,791
miconic-optimal/50/miconic_p03_hyp-2_50_1.tar.bz2:0.5749368667602539:0.035910410000000004:0.5700000000000074
> 0:False:14,18:5842,791
> 1:True:14,15:5842,791
> 2:False:15,17:5842,791
> 3:False:13,16:5842,791
> 4:False:15,18:5842,791
> 5:False:14,16:5842,791
miconic-optimal/50/miconic_p03_hyp-2_50_2.tar.bz2:0.5833067893981934:0.035127649999999996:0.5799999999999983
> 0:False:14,19:5842,791
> 1:True:14,15:5842,791
> 2:False:15,18:5842,791
> 3:False:13,15:5842,791
> 4:False:15,18:5842,791
> 5:False:14,18:5842,791
miconic-optimal/50/miconic_p03_hyp-2_50_3.tar.bz2:0.5910325050354004:0.042466989999999996:0.6000000000000085
> 0:False:14,18:5842,791
> 1:True:14,14:5842,791
> 2:False:15,16:5842,791
> 3:False:13,15:5842,791
> 4:False:15,17:5842,791
> 5:False:14,16:5842,791
miconic-optimal/50/miconic_p03_hyp-3_50_1.tar.bz2:0.5769057273864746:0.03580946:0.5799999999999841
> 0:False:14,17:5842,791
> 1:False:14,15:5842,791
> 2:True:15,15:5842,791
> 3:False:13,16:5842,791
> 4:False:15,17:5842,791
> 5:False:14,15:5842,791
miconic-optimal/50/miconic_p03_hyp-3_50_2.tar.bz2:0.5890517234802246:0.04174475:0.5799999999999983
> 0:False:14,19:5842,791
> 1:False:14,16:5842,791
> 2:True:15,15:5842,791
> 3:False:13,14:5842,791
> 4:True:15,15:5842,791
> 5:False:14,17:5842,791
miconic-optimal/50/miconic_p03_hyp-3_50_3.tar.bz2:0.5932672023773193:0.03643164:0.6000000000000085
> 0:False:14,18:5842,791
> 1:False:14,16:5842,791
> 2:True:15,15:5842,791
> 3:False:13,15:5842,791
> 4:False:15,17:5842,791
> 5:False:14,16:5842,791
miconic-optimal/50/miconic_p03_hyp-4_50_1.tar.bz2:0.5960612297058105:0.04225903:0.5899999999999892
> 0:False:14,17:5841,790
> 1:False:14,18:5841,790
> 2:False:15,17:5841,790
> 3:True:13,14:5841,790
> 4:False:15,17:5841,790
> 5:True:14,15:5841,790
miconic-optimal/50/miconic_p03_hyp-4_50_2.tar.bz2:0.580643892288208:0.03972682:0.5799999999999983
> 0:False:14,18:5841,790
> 1:False:14,17:5841,790
> 2:False:15,17:5841,790
> 3:True:13,14:5841,790
> 4:False:15,17:5841,790
> 5:False:14,16:5841,790
miconic-optimal/50/miconic_p03_hyp-4_50_3.tar.bz2:0.5824339389801025:0.0339055:0.5699999999999932
> 0:False:14,18:5841,790
> 1:False:14,16:5841,790
> 2:False:15,17:5841,790
> 3:True:13,14:5841,790
> 4:False:15,17:5841,790
> 5:False:14,16:5841,790
miconic-optimal/70/miconic_p01_hyp-1_70_1.tar.bz2:0.792346715927124:0.07839650000000001:0.7900000000000063
> 0:True:17,17:18914,1725
> 1:False:16,25:18914,1725
> 2:False:15,19:18914,1725
> 3:False:16,22:18914,1725
> 4:False:16,22:18914,1725
> 5:False:17,19:18914,1725
miconic-optimal/70/miconic_p01_hyp-1_70_2.tar.bz2:0.7915866374969482:0.08021460000000001:0.789999999999992
> 0:True:17,17:18914,1725
> 1:False:16,26:18914,1725
> 2:False:15,19:18914,1725
> 3:False:16,23:18914,1725
> 4:False:16,23:18914,1725
> 5:False:17,18:18914,1725
miconic-optimal/70/miconic_p01_hyp-1_70_3.tar.bz2:0.7721598148345947:0.0757806:0.7700000000000102
> 0:True:17,17:18914,1725
> 1:False:16,25:18914,1725
> 2:False:15,19:18914,1725
> 3:False:16,22:18914,1725
> 4:False:16,22:18914,1725
> 5:False:17,19:18914,1725
miconic-optimal/70/miconic_p01_hyp-2_70_1.tar.bz2:0.7744545936584473:0.07841039999999999:0.7800000000000011
> 0:False:17,24:18914,1725
> 1:True:16,16:18914,1725
> 2:False:15,23:18914,1725
> 3:False:16,19:18914,1725
> 4:False:16,19:18914,1725
> 5:False:17,25:18914,1725
miconic-optimal/70/miconic_p01_hyp-2_70_2.tar.bz2:0.7747189998626709:0.0805936:0.7600000000000051
> 0:False:17,25:18914,1725
> 1:True:16,16:18914,1725
> 2:False:15,23:18914,1725
> 3:False:16,19:18914,1725
> 4:False:16,19:18914,1725
> 5:False:17,24:18914,1725
miconic-optimal/70/miconic_p01_hyp-2_70_3.tar.bz2:0.7616245746612549:0.0728713:0.7600000000000051
> 0:False:17,25:18914,1725
> 1:True:16,16:18914,1725
> 2:False:15,21:18914,1725
> 3:False:16,18:18914,1725
> 4:False:16,21:18914,1725
> 5:False:17,25:18914,1725
miconic-optimal/70/miconic_p01_hyp-3_70_1.tar.bz2:0.7767033576965332:0.08240019999999999:0.7799999999999869
> 0:False:17,20:18914,1725
> 1:False:16,23:18914,1725
> 2:True:15,16:18914,1725
> 3:False:16,21:18914,1725
> 4:False:16,23:18914,1725
> 5:False:17,20:18914,1725
miconic-optimal/70/miconic_p01_hyp-3_70_2.tar.bz2:0.7806756496429443:0.0815855:0.769999999999996
> 0:False:17,21:18914,1725
> 1:False:16,21:18914,1725
> 2:True:15,15:18914,1725
> 3:False:16,20:18914,1725
> 4:False:16,22:18914,1725
> 5:False:17,21:18914,1725
miconic-optimal/70/miconic_p01_hyp-3_70_3.tar.bz2:0.7737255096435547:0.0800227:0.7800000000000011
> 0:False:17,21:18914,1725
> 1:False:16,22:18914,1725
> 2:True:15,16:18914,1725
> 3:False:16,20:18914,1725
> 4:False:16,23:18914,1725
> 5:False:17,21:18914,1725
miconic-optimal/70/miconic_p01_hyp-4_70_1.tar.bz2:0.79006028175354:0.0833211:0.7900000000000063
> 0:False:17,21:18914,1725
> 1:False:16,19:18914,1725
> 2:False:15,20:18914,1725
> 3:True:16,16:18914,1725
> 4:False:16,22:18914,1725
> 5:False:17,22:18914,1725
miconic-optimal/70/miconic_p01_hyp-4_70_2.tar.bz2:0.7742466926574707:0.07611219999999999:0.7800000000000011
> 0:False:17,22:18914,1725
> 1:False:16,18:18914,1725
> 2:False:15,20:18914,1725
> 3:True:16,16:18914,1725
> 4:False:16,22:18914,1725
> 5:False:17,23:18914,1725
miconic-optimal/70/miconic_p01_hyp-4_70_3.tar.bz2:0.7864692211151123:0.0827671:0.789999999999992
> 0:False:17,23:18914,1725
> 1:False:16,18:18914,1725
> 2:False:15,20:18914,1725
> 3:True:16,16:18914,1725
> 4:False:16,22:18914,1725
> 5:False:17,22:18914,1725
miconic-optimal/70/miconic_p02_hyp-1_70_1.tar.bz2:0.7088339328765869:0.06341901000000001:0.7099999999999937
> 0:True:17,17:13423,1376
> 1:False:17,22:13423,1376
> 2:False:17,21:13423,1376
> 3:False:18,23:13423,1376
> 4:False:17,23:13423,1376
> 5:False:18,25:13423,1376
miconic-optimal/70/miconic_p02_hyp-1_70_2.tar.bz2:0.7140634059906006:0.06095537999999999:0.710000000000008
> 0:True:17,17:13423,1376
> 1:False:17,23:13423,1376
> 2:False:17,21:13423,1376
> 3:False:18,22:13423,1376
> 4:False:17,23:13423,1376
> 5:False:18,25:13423,1376
miconic-optimal/70/miconic_p02_hyp-1_70_3.tar.bz2:0.7195665836334229:0.0709022:0.7200000000000131
> 0:True:17,17:13423,1376
> 1:False:17,23:13423,1376
> 2:False:17,22:13423,1376
> 3:False:18,22:13423,1376
> 4:False:17,22:13423,1376
> 5:False:18,24:13423,1376
miconic-optimal/70/miconic_p02_hyp-2_70_1.tar.bz2:0.7097196578979492:0.06669222:0.7099999999999795
> 0:False:17,22:13422,1375
> 1:True:17,17:13422,1375
> 2:False:17,21:13422,1375
> 3:False:18,23:13422,1375
> 4:False:17,20:13422,1375
> 5:False:18,21:13422,1375
miconic-optimal/70/miconic_p02_hyp-2_70_2.tar.bz2:0.7013378143310547:0.05936649:0.7000000000000028
> 0:False:17,20:13422,1375
> 1:True:17,17:13422,1375
> 2:False:17,20:13422,1375
> 3:False:18,24:13422,1375
> 4:False:17,21:13422,1375
> 5:False:18,23:13422,1375
miconic-optimal/70/miconic_p02_hyp-2_70_3.tar.bz2:0.7222189903259277:0.06982888:0.7199999999999989
> 0:False:17,22:13422,1375
> 1:True:17,17:13422,1375
> 2:False:17,21:13422,1375
> 3:False:18,24:13422,1375
> 4:False:17,21:13422,1375
> 5:False:18,21:13422,1375
miconic-optimal/70/miconic_p02_hyp-3_70_1.tar.bz2:0.7054183483123779:0.06608006:0.710000000000008
> 0:False:17,23:13423,1376
> 1:False:17,22:13423,1376
> 2:True:17,18:13423,1376
> 3:False:18,20:13423,1376
> 4:False:17,22:13423,1376
> 5:False:18,25:13423,1376
miconic-optimal/70/miconic_p02_hyp-3_70_2.tar.bz2:0.6977901458740234:0.06751343:0.6899999999999977
> 0:False:17,23:13423,1376
> 1:False:17,21:13423,1376
> 2:True:17,18:13423,1376
> 3:False:18,20:13423,1376
> 4:False:17,21:13423,1376
> 5:False:18,24:13423,1376
miconic-optimal/70/miconic_p02_hyp-3_70_3.tar.bz2:0.7136154174804688:0.06603538:0.710000000000008
> 0:False:17,22:13423,1376
> 1:False:17,22:13423,1376
> 2:True:17,18:13423,1376
> 3:False:18,22:13423,1376
> 4:False:17,23:13423,1376
> 5:False:18,26:13423,1376
miconic-optimal/70/miconic_p02_hyp-4_70_1.tar.bz2:0.7010533809661865:0.06802215:0.7000000000000028
> 0:False:17,22:13424,1377
> 1:False:17,23:13424,1377
> 2:False:17,20:13424,1377
> 3:True:18,18:13424,1377
> 4:False:17,19:13424,1377
> 5:False:18,22:13424,1377
miconic-optimal/70/miconic_p02_hyp-4_70_2.tar.bz2:0.7038061618804932:0.06032954:0.7099999999999937
> 0:False:17,23:13424,1377
> 1:False:17,26:13424,1377
> 2:False:17,21:13424,1377
> 3:True:18,19:13424,1377
> 4:False:17,21:13424,1377
> 5:False:18,24:13424,1377
miconic-optimal/70/miconic_p02_hyp-4_70_3.tar.bz2:0.6892085075378418:0.05835417:0.6899999999999977
> 0:False:17,23:13424,1377
> 1:False:17,25:13424,1377
> 2:False:17,20:13424,1377
> 3:True:18,19:13424,1377
> 4:False:17,21:13424,1377
> 5:False:18,24:13424,1377
miconic-optimal/70/miconic_p03_hyp-1_70_1.tar.bz2:0.5911667346954346:0.039420909999999997:0.5900000000000034
> 0:True:14,15:5845,794
> 1:False:14,19:5845,794
> 2:False:15,21:5845,794
> 3:False:13,20:5845,794
> 4:False:15,21:5845,794
> 5:False:14,18:5845,794
miconic-optimal/70/miconic_p03_hyp-1_70_2.tar.bz2:0.5758025646209717:0.03315795:0.5700000000000216
> 0:True:14,15:5845,794
> 1:False:14,19:5845,794
> 2:False:15,20:5845,794
> 3:False:13,19:5845,794
> 4:False:15,20:5845,794
> 5:False:14,17:5845,794
miconic-optimal/70/miconic_p03_hyp-1_70_3.tar.bz2:0.5811989307403564:0.03317485:0.5800000000000125
> 0:True:14,15:5845,794
> 1:False:14,19:5845,794
> 2:False:15,18:5845,794
> 3:False:13,19:5845,794
> 4:False:15,20:5845,794
> 5:False:14,16:5845,794
miconic-optimal/70/miconic_p03_hyp-2_70_1.tar.bz2:0.5780072212219238:0.03877264:0.5699999999999932
> 0:False:14,19:5845,794
> 1:True:14,15:5845,794
> 2:False:15,17:5845,794
> 3:False:13,17:5845,794
> 4:False:15,19:5845,794
> 5:False:14,17:5845,794
miconic-optimal/70/miconic_p03_hyp-2_70_2.tar.bz2:0.5884895324707031:0.03718154:0.5900000000000034
> 0:False:14,19:5845,794
> 1:True:14,14:5845,794
> 2:False:15,17:5845,794
> 3:False:13,16:5845,794
> 4:False:15,19:5845,794
> 5:False:14,17:5845,794
miconic-optimal/70/miconic_p03_hyp-2_70_3.tar.bz2:0.5808188915252686:0.03519606:0.5700000000000074
> 0:False:14,20:5845,794
> 1:True:14,15:5845,794
> 2:False:15,18:5845,794
> 3:False:13,15:5845,794
> 4:False:15,18:5845,794
> 5:False:14,18:5845,794
miconic-optimal/70/miconic_p03_hyp-3_70_1.tar.bz2:0.5938773155212402:0.03793866:0.5999999999999943
> 0:False:14,20:5845,794
> 1:False:14,15:5845,794
> 2:True:15,15:5845,794
> 3:False:13,16:5845,794
> 4:False:15,17:5845,794
> 5:False:14,17:5845,794
miconic-optimal/70/miconic_p03_hyp-3_70_2.tar.bz2:0.5918993949890137:0.034639920000000005:0.5900000000000034
> 0:False:14,18:5845,794
> 1:False:14,16:5845,794
> 2:True:15,15:5845,794
> 3:False:13,17:5845,794
> 4:False:15,18:5845,794
> 5:False:14,16:5845,794
miconic-optimal/70/miconic_p03_hyp-3_70_3.tar.bz2:0.5842599868774414:0.03271956:0.5799999999999983
> 0:False:14,19:5845,794
> 1:False:14,17:5845,794
> 2:True:15,15:5845,794
> 3:False:13,16:5845,794
> 4:False:15,17:5845,794
> 5:False:14,16:5845,794
miconic-optimal/70/miconic_p03_hyp-4_70_1.tar.bz2:0.5735645294189453:0.03463377:0.5700000000000074
> 0:False:14,19:5844,793
> 1:False:14,17:5844,793
> 2:False:15,18:5844,793
> 3:True:13,14:5844,793
> 4:False:15,18:5844,793
> 5:False:14,18:5844,793
miconic-optimal/70/miconic_p03_hyp-4_70_2.tar.bz2:0.5620090961456299:0.03230516:0.5599999999999881
> 0:False:14,18:5844,793
> 1:False:14,16:5844,793
> 2:False:15,17:5844,793
> 3:True:13,13:5844,793
> 4:False:15,17:5844,793
> 5:False:14,15:5844,793
miconic-optimal/70/miconic_p03_hyp-4_70_3.tar.bz2:0.5841948986053467:0.043434259999999995:0.5799999999999841
> 0:False:14,20:5844,793
> 1:False:14,16:5844,793
> 2:True:15,15:5844,793
> 3:True:13,13:5844,793
> 4:True:15,15:5844,793
> 5:False:14,17:5844,793
miconic-optimal/100/miconic_p01_hyp-1_full.tar.bz2:0.7670633792877197:0.0766313:0.7700000000000102
> 0:True:17,17:18919,1730
> 1:False:16,27:18919,1730
> 2:False:15,21:18919,1730
> 3:False:16,24:18919,1730
> 4:False:16,23:18919,1730
> 5:False:17,20:18919,1730
miconic-optimal/100/miconic_p01_hyp-2_full.tar.bz2:0.7925689220428467:0.08386460000000001:0.7900000000000205
> 0:False:17,27:18918,1729
> 1:True:16,16:18918,1729
> 2:False:15,24:18918,1729
> 3:False:16,19:18918,1729
> 4:False:16,21:18918,1729
> 5:False:17,27:18918,1729
miconic-optimal/100/miconic_p01_hyp-3_full.tar.bz2:0.7719380855560303:0.0802696:0.7599999999999909
> 0:False:17,22:18918,1729
> 1:False:16,25:18918,1729
> 2:True:15,16:18918,1729
> 3:False:16,22:18918,1729
> 4:False:16,25:18918,1729
> 5:False:17,22:18918,1729
miconic-optimal/100/miconic_p01_hyp-4_full.tar.bz2:0.7531847953796387:0.0849421:0.75
> 0:False:17,24:18918,1729
> 1:False:16,19:18918,1729
> 2:False:15,21:18918,1729
> 3:True:16,16:18918,1729
> 4:False:16,24:18918,1729
> 5:False:17,24:18918,1729
miconic-optimal/100/miconic_p02_hyp-1_full.tar.bz2:0.6999871730804443:0.060321959999999994:0.6999999999999886
> 0:True:17,18:13428,1381
> 1:False:17,25:13428,1381
> 2:False:17,24:13428,1381
> 3:False:18,24:13428,1381
> 4:False:17,24:13428,1381
> 5:False:18,27:13428,1381
miconic-optimal/100/miconic_p02_hyp-2_full.tar.bz2:0.6903347969055176:0.06574291:0.6900000000000119
> 0:False:17,24:13427,1380
> 1:True:17,17:13427,1380
> 2:False:17,22:13427,1380
> 3:False:18,26:13427,1380
> 4:False:17,23:13427,1380
> 5:False:18,23:13427,1380
miconic-optimal/100/miconic_p02_hyp-3_full.tar.bz2:0.6933555603027344:0.06681527:0.6900000000000119
> 0:False:17,24:13428,1381
> 1:False:17,23:13428,1381
> 2:True:17,18:13428,1381
> 3:False:18,22:13428,1381
> 4:False:17,24:13428,1381
> 5:False:18,27:13428,1381
miconic-optimal/100/miconic_p02_hyp-4_full.tar.bz2:0.692784309387207:0.060738339999999995:0.6800000000000068
> 0:False:17,24:13429,1382
> 1:False:17,27:13429,1382
> 2:False:17,22:13429,1382
> 3:True:18,19:13429,1382
> 4:False:17,21:13429,1382
> 5:False:18,24:13429,1382
miconic-optimal/100/miconic_p03_hyp-1_full.tar.bz2:0.5847921371459961:0.03931353:0.5900000000000034
> 0:True:14,15:5849,798
> 1:False:14,21:5849,798
> 2:False:15,21:5849,798
> 3:False:13,21:5849,798
> 4:False:15,21:5849,798
> 5:False:14,18:5849,798
miconic-optimal/100/miconic_p03_hyp-2_full.tar.bz2:0.5865054130554199:0.035961639999999996:0.5900000000000034
> 0:False:14,21:5849,798
> 1:True:14,15:5849,798
> 2:False:15,18:5849,798
> 3:False:13,18:5849,798
> 4:False:15,21:5849,798
> 5:False:14,18:5849,798
miconic-optimal/100/miconic_p03_hyp-3_full.tar.bz2:0.5919079780578613:0.03980709:0.5899999999999892
> 0:False:14,20:5849,798
> 1:False:14,17:5849,798
> 2:True:15,15:5849,798
> 3:False:13,17:5849,798
> 4:False:15,18:5849,798
> 5:False:14,17:5849,798
miconic-optimal/100/miconic_p03_hyp-4_full.tar.bz2:0.6012370586395264:0.039502970000000005:0.5999999999999943
> 0:False:14,21:5848,797
> 1:False:14,18:5848,797
> 2:False:15,18:5848,797
> 3:True:13,14:5848,797
> 4:False:15,18:5848,797
> 5:False:14,18:5848,797
