rovers-optimal-old-noisy/10/rovers_noisy_p01_hyp-1_10_1.tar.bz2:0.456761837006:0.004553351:0.45
> 0:True:8,8:87,11
> 1:True:8,8:87,11
> 2:True:8,8:87,11
> 3:True:8,8:87,11
> 4:False:8,9:87,11
> 5:False:9,10:87,12
rovers-optimal-old-noisy/10/rovers_noisy_p01_hyp-1_10_2.tar.bz2:0.457072019577:0.004607532:0.46
> 0:True:8,8:87,11
> 1:False:8,9:87,11
> 2:False:8,9:87,11
> 3:True:8,8:87,11
> 4:False:8,9:87,11
> 5:False:9,10:87,12
rovers-optimal-old-noisy/10/rovers_noisy_p01_hyp-1_10_3.tar.bz2:0.454081058502:0.004642509:0.45
> 0:True:8,8:87,11
> 1:True:8,8:87,11
> 2:True:8,8:87,11
> 3:False:8,9:87,11
> 4:True:8,8:87,11
> 5:False:9,10:87,12
rovers-optimal-old-noisy/10/rovers_noisy_p01_hyp-2_10_1.tar.bz2:0.45340180397:0.004634072:0.45
> 0:True:8,8:87,11
> 1:True:8,8:87,11
> 2:True:8,8:87,11
> 3:True:8,8:87,11
> 4:True:8,8:87,11
> 5:True:9,9:87,12
rovers-optimal-old-noisy/10/rovers_noisy_p01_hyp-2_10_2.tar.bz2:0.458805084229:0.004684356:0.46
> 0:True:8,8:87,11
> 1:True:8,8:87,11
> 2:True:8,8:87,11
> 3:True:8,8:87,11
> 4:True:8,8:87,11
> 5:True:9,9:87,12
rovers-optimal-old-noisy/10/rovers_noisy_p01_hyp-2_10_3.tar.bz2:0.455407142639:0.004518674:0.45
> 0:True:8,8:87,11
> 1:True:8,8:87,11
> 2:True:8,8:87,11
> 3:False:8,9:87,11
> 4:True:8,8:87,11
> 5:False:9,10:87,12
rovers-optimal-old-noisy/10/rovers_noisy_p01_hyp-3_10_1.tar.bz2:0.457879066467:0.004559642:0.45
> 0:True:8,8:87,11
> 1:True:8,8:87,11
> 2:True:8,8:87,11
> 3:False:8,9:87,11
> 4:True:8,8:87,11
> 5:False:9,10:87,12
rovers-optimal-old-noisy/10/rovers_noisy_p01_hyp-3_10_2.tar.bz2:0.458516120911:0.004617991:0.46
> 0:True:8,8:87,11
> 1:True:8,8:87,11
> 2:True:8,8:87,11
> 3:True:8,8:87,11
> 4:True:8,8:87,11
> 5:True:9,9:87,12
rovers-optimal-old-noisy/10/rovers_noisy_p01_hyp-3_10_3.tar.bz2:0.456028938293:0.00502287:0.46
> 0:True:8,8:88,12
> 1:True:8,8:88,12
> 2:True:8,8:88,12
> 3:True:8,8:88,12
> 4:True:8,8:88,12
> 5:True:9,9:88,13
rovers-optimal-old-noisy/10/rovers_noisy_p01_hyp-4_10_1.tar.bz2:0.457844018936:0.004858231:0.46
> 0:True:8,8:88,12
> 1:False:8,9:88,12
> 2:True:8,8:88,12
> 3:True:8,8:88,12
> 4:False:8,9:88,12
> 5:False:9,10:88,13
rovers-optimal-old-noisy/10/rovers_noisy_p01_hyp-4_10_2.tar.bz2:0.456290006638:0.004737886:0.46
> 0:False:8,9:88,12
> 1:False:8,9:88,12
> 2:True:8,8:88,12
> 3:True:8,8:88,12
> 4:True:8,8:88,12
> 5:False:9,10:88,13
rovers-optimal-old-noisy/10/rovers_noisy_p01_hyp-4_10_3.tar.bz2:0.45848608017:0.004663888:0.47
> 0:False:8,9:87,11
> 1:False:8,9:87,11
> 2:True:8,8:87,11
> 3:True:8,8:87,11
> 4:False:8,9:87,11
> 5:False:9,10:87,12
rovers-optimal-old-noisy/10/rovers_noisy_p02_hyp-1_10_1.tar.bz2:0.486963033676:0.005923103:0.48
> 0:True:10,10:147,15
> 1:False:11,13:147,16
> 2:True:11,11:147,16
> 3:False:10,11:147,15
> 4:False:11,13:147,16
> 5:False:10,11:147,15
rovers-optimal-old-noisy/10/rovers_noisy_p02_hyp-1_10_2.tar.bz2:0.483889102936:0.005829421:0.48
> 0:True:10,10:147,15
> 1:False:11,12:147,16
> 2:True:11,11:147,16
> 3:True:10,10:147,15
> 4:False:11,12:147,16
> 5:False:10,11:147,15
rovers-optimal-old-noisy/10/rovers_noisy_p02_hyp-1_10_3.tar.bz2:0.481250047684:0.005865892:0.49
> 0:True:10,10:147,15
> 1:True:11,11:147,16
> 2:True:11,11:147,16
> 3:True:10,10:147,15
> 4:True:11,11:147,16
> 5:False:10,11:147,15
rovers-optimal-old-noisy/10/rovers_noisy_p02_hyp-2_10_1.tar.bz2:0.483805894852:0.005716411:0.49
> 0:False:10,11:146,14
> 1:True:11,11:146,15
> 2:False:11,12:146,15
> 3:False:10,11:146,14
> 4:True:11,11:146,15
> 5:False:10,11:146,14
rovers-optimal-old-noisy/10/rovers_noisy_p02_hyp-2_10_2.tar.bz2:0.480278015137:0.005878429:0.48
> 0:False:10,11:147,15
> 1:True:11,11:147,16
> 2:False:11,12:147,16
> 3:True:10,10:147,15
> 4:True:11,11:147,16
> 5:False:10,11:147,15
rovers-optimal-old-noisy/10/rovers_noisy_p02_hyp-2_10_3.tar.bz2:0.481194019318:0.005936299:0.48
> 0:False:10,11:147,15
> 1:True:11,11:147,16
> 2:False:11,12:147,16
> 3:False:10,11:147,15
> 4:True:11,11:147,16
> 5:False:10,11:147,15
rovers-optimal-old-noisy/10/rovers_noisy_p02_hyp-3_10_1.tar.bz2:0.483731031418:0.005526335:0.49
> 0:False:10,11:146,14
> 1:False:11,13:146,15
> 2:True:11,11:146,15
> 3:False:10,11:146,14
> 4:False:11,12:146,15
> 5:False:10,11:146,14
rovers-optimal-old-noisy/10/rovers_noisy_p02_hyp-3_10_2.tar.bz2:0.481391906738:0.00567818:0.48
> 0:False:10,11:147,15
> 1:False:11,12:147,16
> 2:True:11,11:147,16
> 3:False:10,11:147,15
> 4:False:11,12:147,16
> 5:False:10,11:147,15
rovers-optimal-old-noisy/10/rovers_noisy_p02_hyp-3_10_3.tar.bz2:0.479427099228:0.005549198:0.48
> 0:False:10,11:146,14
> 1:False:11,13:146,15
> 2:True:11,11:146,15
> 3:False:10,12:146,14
> 4:False:11,12:146,15
> 5:True:10,10:146,14
rovers-optimal-old-noisy/10/rovers_noisy_p02_hyp-4_10_1.tar.bz2:0.483953952789:0.00560319:0.48
> 0:True:10,10:146,14
> 1:True:11,11:146,15
> 2:True:11,11:146,15
> 3:True:10,10:146,14
> 4:True:11,11:146,15
> 5:True:10,10:146,14
rovers-optimal-old-noisy/10/rovers_noisy_p02_hyp-4_10_2.tar.bz2:0.480974912643:0.005504874:0.47
> 0:False:10,11:146,14
> 1:False:11,12:146,15
> 2:False:11,12:146,15
> 3:True:10,10:146,14
> 4:False:11,12:146,15
> 5:False:10,12:146,14
rovers-optimal-old-noisy/10/rovers_noisy_p02_hyp-4_10_3.tar.bz2:0.4831199646:0.005984209:0.49
> 0:False:10,11:147,15
> 1:True:11,11:147,16
> 2:False:11,12:147,16
> 3:True:10,10:147,15
> 4:False:11,12:147,16
> 5:False:10,12:147,15
rovers-optimal-old-noisy/10/rovers_noisy_p03_hyp-1_10_1.tar.bz2:0.485871076584:0.005962979:0.49
> 0:True:10,10:147,15
> 1:False:10,12:147,15
> 2:False:11,12:147,16
> 3:True:10,10:147,15
> 4:False:11,13:147,16
> 5:False:11,12:147,16
rovers-optimal-old-noisy/10/rovers_noisy_p03_hyp-1_10_2.tar.bz2:0.483392000198:0.006002859:0.48
> 0:True:10,10:147,15
> 1:False:10,11:147,15
> 2:False:11,12:147,16
> 3:False:10,11:147,15
> 4:True:11,11:147,16
> 5:False:11,12:147,16
rovers-optimal-old-noisy/10/rovers_noisy_p03_hyp-1_10_3.tar.bz2:0.479939937592:0.005741336:0.49
> 0:True:10,10:147,15
> 1:False:10,11:147,15
> 2:False:11,13:147,16
> 3:True:10,10:147,15
> 4:False:11,12:147,16
> 5:False:11,13:147,16
rovers-optimal-old-noisy/10/rovers_noisy_p03_hyp-2_10_1.tar.bz2:0.484471082687:0.005879413:0.49
> 0:False:10,11:147,15
> 1:True:10,10:147,15
> 2:True:11,11:147,16
> 3:False:10,11:147,15
> 4:False:11,12:147,16
> 5:False:11,12:147,16
rovers-optimal-old-noisy/10/rovers_noisy_p03_hyp-2_10_2.tar.bz2:0.483692884445:0.005700432:0.48
> 0:True:10,10:147,15
> 1:True:10,10:147,15
> 2:False:11,12:147,16
> 3:True:10,10:147,15
> 4:False:11,12:147,16
> 5:False:11,13:147,16
rovers-optimal-old-noisy/10/rovers_noisy_p03_hyp-2_10_3.tar.bz2:0.482393980026:0.005439893:0.48
> 0:True:10,10:146,14
> 1:True:10,10:146,14
> 2:False:11,13:146,15
> 3:True:10,10:146,14
> 4:True:11,11:146,15
> 5:False:11,13:146,15
rovers-optimal-old-noisy/10/rovers_noisy_p03_hyp-3_10_1.tar.bz2:0.483561038971:0.005987848:0.48
> 0:False:10,12:147,15
> 1:True:10,10:147,15
> 2:True:11,11:147,16
> 3:False:10,11:147,15
> 4:False:11,13:147,16
> 5:False:11,12:147,16
rovers-optimal-old-noisy/10/rovers_noisy_p03_hyp-3_10_2.tar.bz2:0.479718923569:0.005605704:0.48
> 0:False:10,11:146,14
> 1:False:10,11:146,14
> 2:True:11,11:146,15
> 3:True:10,10:146,14
> 4:False:11,12:146,15
> 5:False:11,12:146,15
rovers-optimal-old-noisy/10/rovers_noisy_p03_hyp-3_10_3.tar.bz2:0.478820085526:0.005452556:0.48
> 0:False:10,12:147,15
> 1:False:10,12:147,15
> 2:True:11,11:147,16
> 3:False:10,12:147,15
> 4:False:11,13:147,16
> 5:True:11,11:147,16
rovers-optimal-old-noisy/10/rovers_noisy_p03_hyp-4_10_1.tar.bz2:0.484941005707:0.006139724:0.48
> 0:True:10,10:147,15
> 1:True:10,10:147,15
> 2:False:11,12:147,16
> 3:True:10,10:147,15
> 4:True:11,11:147,16
> 5:False:11,12:147,16
rovers-optimal-old-noisy/10/rovers_noisy_p03_hyp-4_10_2.tar.bz2:0.481760978699:0.005644586:0.48
> 0:False:10,11:146,14
> 1:False:10,11:146,14
> 2:False:11,12:146,15
> 3:True:10,10:146,14
> 4:False:11,13:146,15
> 5:False:11,13:146,15
rovers-optimal-old-noisy/10/rovers_noisy_p03_hyp-4_10_3.tar.bz2:0.48165512085:0.005650938:0.48
> 0:False:10,11:146,14
> 1:False:10,11:146,14
> 2:True:11,11:146,15
> 3:True:10,10:146,14
> 4:False:11,12:146,15
> 5:False:11,12:146,15
rovers-optimal-old-noisy/30/rovers_noisy_p01_hyp-1_30_1.tar.bz2:0.455336093903:0.005015797:0.46
> 0:True:8,8:90,14
> 1:False:8,10:90,14
> 2:False:8,10:90,14
> 3:False:8,9:90,14
> 4:False:8,11:90,14
> 5:False:9,11:90,15
rovers-optimal-old-noisy/30/rovers_noisy_p01_hyp-1_30_2.tar.bz2:0.457216024399:0.004770968:0.46
> 0:True:8,8:90,14
> 1:False:8,10:90,14
> 2:False:8,10:90,14
> 3:False:8,10:90,14
> 4:False:8,10:90,14
> 5:False:9,12:90,15
rovers-optimal-old-noisy/30/rovers_noisy_p01_hyp-1_30_3.tar.bz2:0.456080913544:0.004986782:0.45
> 0:True:8,8:90,14
> 1:False:8,10:90,14
> 2:False:8,10:90,14
> 3:False:8,9:90,14
> 4:False:8,10:90,14
> 5:False:9,11:90,15
rovers-optimal-old-noisy/30/rovers_noisy_p01_hyp-2_30_1.tar.bz2:0.455247879028:0.004498156:0.45
> 0:False:8,10:89,13
> 1:True:8,8:89,13
> 2:False:8,9:89,13
> 3:False:8,11:89,13
> 4:False:8,9:89,13
> 5:False:9,11:89,14
rovers-optimal-old-noisy/30/rovers_noisy_p01_hyp-2_30_2.tar.bz2:0.455858945847:0.004702889:0.47
> 0:False:8,9:89,13
> 1:True:8,8:89,13
> 2:False:8,9:89,13
> 3:False:8,10:89,13
> 4:False:8,9:89,13
> 5:False:9,11:89,14
rovers-optimal-old-noisy/30/rovers_noisy_p01_hyp-2_30_3.tar.bz2:0.456480979919:0.004933975:0.45
> 0:True:8,8:90,14
> 1:True:8,8:90,14
> 2:True:8,8:90,14
> 3:False:8,10:90,14
> 4:True:8,8:90,14
> 5:False:9,11:90,15
rovers-optimal-old-noisy/30/rovers_noisy_p01_hyp-3_30_1.tar.bz2:0.456601142883:0.004804041:0.46
> 0:False:8,10:90,14
> 1:False:8,9:90,14
> 2:True:8,8:90,14
> 3:False:8,9:90,14
> 4:False:8,9:90,14
> 5:False:9,11:90,15
rovers-optimal-old-noisy/30/rovers_noisy_p01_hyp-3_30_2.tar.bz2:0.456345081329:0.004552548:0.45
> 0:False:8,9:89,13
> 1:True:8,8:89,13
> 2:True:8,8:89,13
> 3:False:8,9:89,13
> 4:False:8,9:89,13
> 5:False:9,10:89,14
rovers-optimal-old-noisy/30/rovers_noisy_p01_hyp-3_30_3.tar.bz2:0.453777074814:0.004848013:0.46
> 0:False:8,11:90,14
> 1:False:8,10:90,14
> 2:True:8,9:90,14
> 3:False:8,10:90,14
> 4:False:8,10:90,14
> 5:False:9,11:90,15
rovers-optimal-old-noisy/30/rovers_noisy_p01_hyp-4_30_1.tar.bz2:0.458328962326:0.005068957:0.45
> 0:False:8,10:90,14
> 1:False:8,11:90,14
> 2:False:8,10:90,14
> 3:True:8,8:90,14
> 4:False:8,10:90,14
> 5:False:9,11:90,15
rovers-optimal-old-noisy/30/rovers_noisy_p01_hyp-4_30_2.tar.bz2:0.45703792572:0.00510273:0.45
> 0:False:8,9:90,14
> 1:False:8,9:90,14
> 2:False:8,9:90,14
> 3:True:8,8:90,14
> 4:False:8,10:90,14
> 5:False:9,10:90,15
rovers-optimal-old-noisy/30/rovers_noisy_p01_hyp-4_30_3.tar.bz2:0.457524776459:0.005015305:0.46
> 0:False:8,9:90,14
> 1:False:8,10:90,14
> 2:False:8,9:90,14
> 3:True:8,8:90,14
> 4:False:8,11:90,14
> 5:False:9,12:90,15
rovers-optimal-old-noisy/30/rovers_noisy_p02_hyp-1_30_1.tar.bz2:0.48234295845:0.00588426:0.49
> 0:True:10,10:149,17
> 1:False:11,13:149,18
> 2:False:11,12:149,18
> 3:False:10,11:149,17
> 4:False:11,15:149,18
> 5:False:10,12:149,17
rovers-optimal-old-noisy/30/rovers_noisy_p02_hyp-1_30_2.tar.bz2:0.479947090149:0.005705902:0.47
> 0:True:10,10:148,16
> 1:False:11,14:148,17
> 2:True:11,11:148,17
> 3:False:10,12:148,16
> 4:False:11,15:148,17
> 5:False:10,12:148,16
rovers-optimal-old-noisy/30/rovers_noisy_p02_hyp-1_30_3.tar.bz2:0.482312917709:0.006040123:0.49
> 0:True:10,10:149,17
> 1:False:11,14:149,18
> 2:True:11,11:149,18
> 3:True:10,10:149,17
> 4:False:11,15:149,18
> 5:False:10,13:149,17
rovers-optimal-old-noisy/30/rovers_noisy_p02_hyp-2_30_1.tar.bz2:0.482771158218:0.006207311:0.48
> 0:False:10,12:149,17
> 1:True:11,11:149,18
> 2:False:11,13:149,18
> 3:False:10,11:149,17
> 4:False:11,12:149,18
> 5:False:10,13:149,17
rovers-optimal-old-noisy/30/rovers_noisy_p02_hyp-2_30_2.tar.bz2:0.481125831604:0.005643184:0.49
> 0:False:10,12:148,16
> 1:True:11,11:148,17
> 2:False:11,13:148,17
> 3:False:10,12:148,16
> 4:False:11,12:148,17
> 5:False:10,13:148,16
rovers-optimal-old-noisy/30/rovers_noisy_p02_hyp-2_30_3.tar.bz2:0.4798579216:0.006191374:0.48
> 0:False:10,12:149,17
> 1:True:11,11:149,18
> 2:False:11,13:149,18
> 3:False:10,11:149,17
> 4:False:11,12:149,18
> 5:False:10,14:149,17
rovers-optimal-old-noisy/30/rovers_noisy_p02_hyp-3_30_1.tar.bz2:0.486277103424:0.006110165:0.5
> 0:False:10,11:149,17
> 1:False:11,13:149,18
> 2:True:11,11:149,18
> 3:False:10,11:149,17
> 4:False:11,13:149,18
> 5:False:10,12:149,17
rovers-optimal-old-noisy/30/rovers_noisy_p02_hyp-3_30_2.tar.bz2:0.484273910522:0.006058948:0.48
> 0:False:10,11:149,17
> 1:False:11,13:149,18
> 2:True:11,11:149,18
> 3:False:10,11:149,17
> 4:False:11,13:149,18
> 5:False:10,12:149,17
rovers-optimal-old-noisy/30/rovers_noisy_p02_hyp-3_30_3.tar.bz2:0.484738111496:0.005797734:0.49
> 0:False:10,11:148,16
> 1:False:11,14:148,17
> 2:True:11,11:148,17
> 3:False:10,12:148,16
> 4:False:11,13:148,17
> 5:False:10,11:148,16
rovers-optimal-old-noisy/30/rovers_noisy_p02_hyp-4_30_1.tar.bz2:0.483115911484:0.005911815:0.49
> 0:False:10,12:149,17
> 1:True:11,12:149,18
> 2:False:11,13:149,18
> 3:True:10,11:149,17
> 4:False:11,13:149,18
> 5:False:10,13:149,17
rovers-optimal-old-noisy/30/rovers_noisy_p02_hyp-4_30_2.tar.bz2:0.479907035828:0.005572791:0.48
> 0:False:10,12:148,16
> 1:True:11,12:148,17
> 2:False:11,13:148,17
> 3:True:10,11:148,16
> 4:False:11,13:148,17
> 5:False:10,13:148,16
rovers-optimal-old-noisy/30/rovers_noisy_p02_hyp-4_30_3.tar.bz2:0.479723930359:0.00617064:0.49
> 0:False:10,12:149,17
> 1:False:11,12:149,18
> 2:False:11,13:149,18
> 3:True:10,10:149,17
> 4:False:11,14:149,18
> 5:False:10,14:149,17
rovers-optimal-old-noisy/30/rovers_noisy_p03_hyp-1_30_1.tar.bz2:0.484179019928:0.006184697:0.48
> 0:True:10,10:149,17
> 1:True:10,10:149,17
> 2:False:11,14:149,18
> 3:True:10,10:149,17
> 4:True:11,11:149,18
> 5:False:11,14:149,18
rovers-optimal-old-noisy/30/rovers_noisy_p03_hyp-1_30_2.tar.bz2:0.4813580513:0.00556044:0.48
> 0:True:10,10:148,16
> 1:False:10,13:148,16
> 2:False:11,15:148,17
> 3:False:10,11:148,16
> 4:False:11,13:148,17
> 5:False:11,15:148,17
rovers-optimal-old-noisy/30/rovers_noisy_p03_hyp-1_30_3.tar.bz2:0.480293989182:0.005654024:0.48
> 0:True:10,10:148,16
> 1:False:10,12:148,16
> 2:False:11,14:148,17
> 3:False:10,12:148,16
> 4:False:11,12:148,17
> 5:False:11,13:148,17
rovers-optimal-old-noisy/30/rovers_noisy_p03_hyp-2_30_1.tar.bz2:0.482560873032:0.005582069:0.49
> 0:False:10,13:148,16
> 1:True:10,10:148,16
> 2:False:11,14:148,17
> 3:False:10,12:148,16
> 4:False:11,12:148,17
> 5:False:11,15:148,17
rovers-optimal-old-noisy/30/rovers_noisy_p03_hyp-2_30_2.tar.bz2:0.482192993164:0.00565624:0.49
> 0:False:10,11:148,16
> 1:True:10,10:148,16
> 2:False:11,13:148,17
> 3:True:10,10:148,16
> 4:False:11,12:148,17
> 5:False:11,14:148,17
rovers-optimal-old-noisy/30/rovers_noisy_p03_hyp-2_30_3.tar.bz2:0.480153083801:0.005510764:0.48
> 0:False:10,14:148,16
> 1:True:10,10:148,16
> 2:False:11,12:148,17
> 3:False:10,12:148,16
> 4:False:11,14:148,17
> 5:False:11,15:148,17
rovers-optimal-old-noisy/30/rovers_noisy_p03_hyp-3_30_1.tar.bz2:0.485126972198:0.005593611:0.48
> 0:False:10,13:148,16
> 1:False:10,13:148,16
> 2:True:11,11:148,17
> 3:False:10,12:148,16
> 4:False:11,14:148,17
> 5:False:11,12:148,17
rovers-optimal-old-noisy/30/rovers_noisy_p03_hyp-3_30_2.tar.bz2:0.484210968018:0.005847434:0.49
> 0:False:10,13:149,17
> 1:False:10,11:149,17
> 2:True:11,11:149,18
> 3:False:10,12:149,17
> 4:False:11,14:149,18
> 5:False:11,14:149,18
rovers-optimal-old-noisy/30/rovers_noisy_p03_hyp-3_30_3.tar.bz2:0.479784965515:0.005656729:0.48
> 0:False:10,14:148,16
> 1:False:10,12:148,16
> 2:True:11,11:148,17
> 3:False:10,13:148,16
> 4:False:11,15:148,17
> 5:False:11,14:148,17
rovers-optimal-old-noisy/30/rovers_noisy_p03_hyp-4_30_1.tar.bz2:0.485847949982:0.006019249:0.49
> 0:False:10,11:149,17
> 1:True:10,10:149,17
> 2:False:11,13:149,18
> 3:True:10,10:149,17
> 4:True:11,11:149,18
> 5:False:11,14:149,18
rovers-optimal-old-noisy/30/rovers_noisy_p03_hyp-4_30_2.tar.bz2:0.480746984482:0.005977493:0.48
> 0:False:10,11:149,17
> 1:False:10,12:149,17
> 2:False:11,13:149,18
> 3:True:10,10:149,17
> 4:False:11,14:149,18
> 5:False:11,15:149,18
rovers-optimal-old-noisy/30/rovers_noisy_p03_hyp-4_30_3.tar.bz2:0.479280948639:0.005866645:0.48
> 0:True:10,10:149,17
> 1:False:10,13:149,17
> 2:False:11,13:149,18
> 3:True:10,10:149,17
> 4:False:11,14:149,18
> 5:False:11,14:149,18
rovers-optimal-old-noisy/50/rovers_noisy_p01_hyp-1_50_1.tar.bz2:0.457612037659:0.005328434:0.46
> 0:True:8,8:91,15
> 1:True:8,8:91,15
> 2:True:8,8:91,15
> 3:False:8,10:91,15
> 4:False:8,9:91,15
> 5:False:9,12:91,16
rovers-optimal-old-noisy/50/rovers_noisy_p01_hyp-1_50_2.tar.bz2:0.454548835754:0.004871616:0.46
> 0:True:8,8:91,15
> 1:False:8,9:91,15
> 2:False:8,9:91,15
> 3:False:8,10:91,15
> 4:False:8,9:91,15
> 5:False:9,12:91,16
rovers-optimal-old-noisy/50/rovers_noisy_p01_hyp-1_50_3.tar.bz2:0.458200931549:0.005314336:0.46
> 0:True:8,8:91,15
> 1:False:8,9:91,15
> 2:True:8,8:91,15
> 3:True:8,8:91,15
> 4:False:8,10:91,15
> 5:False:9,12:91,16
rovers-optimal-old-noisy/50/rovers_noisy_p01_hyp-2_50_1.tar.bz2:0.455393791199:0.005223097:0.46
> 0:False:8,10:92,16
> 1:True:8,8:92,16
> 2:True:8,8:92,16
> 3:False:8,11:92,16
> 4:True:8,8:92,16
> 5:False:9,11:92,17
rovers-optimal-old-noisy/50/rovers_noisy_p01_hyp-2_50_2.tar.bz2:0.456050157547:0.005353599:0.46
> 0:False:8,10:92,16
> 1:True:8,8:92,16
> 2:False:8,9:92,16
> 3:False:8,11:92,16
> 4:False:8,9:92,16
> 5:False:9,11:92,17
rovers-optimal-old-noisy/50/rovers_noisy_p01_hyp-2_50_3.tar.bz2:0.455718994141:0.005087952:0.45
> 0:False:8,11:92,16
> 1:True:8,8:92,16
> 2:False:8,9:92,16
> 3:False:8,11:92,16
> 4:False:8,10:92,16
> 5:False:9,12:92,17
rovers-optimal-old-noisy/50/rovers_noisy_p01_hyp-3_50_1.tar.bz2:0.457695007324:0.005064328:0.45
> 0:False:8,10:91,15
> 1:False:8,9:91,15
> 2:True:8,8:91,15
> 3:False:8,10:91,15
> 4:False:8,9:91,15
> 5:False:9,11:91,16
rovers-optimal-old-noisy/50/rovers_noisy_p01_hyp-3_50_2.tar.bz2:0.455811023712:0.005120733:0.45
> 0:False:8,11:92,16
> 1:False:8,9:92,16
> 2:True:8,8:92,16
> 3:False:8,10:92,16
> 4:False:8,9:92,16
> 5:False:9,11:92,17
rovers-optimal-old-noisy/50/rovers_noisy_p01_hyp-3_50_3.tar.bz2:0.45646905899:0.00505986:0.47
> 0:False:8,10:92,16
> 1:False:8,9:92,16
> 2:True:8,8:92,16
> 3:False:8,10:92,16
> 4:False:8,10:92,16
> 5:False:9,12:92,17
rovers-optimal-old-noisy/50/rovers_noisy_p01_hyp-4_50_1.tar.bz2:0.454858064651:0.004673206:0.45
> 0:False:8,10:90,14
> 1:False:8,12:90,14
> 2:False:8,12:90,14
> 3:True:8,8:90,14
> 4:False:8,12:90,14
> 5:False:9,11:90,15
rovers-optimal-old-noisy/50/rovers_noisy_p01_hyp-4_50_2.tar.bz2:0.454868078232:0.004775437:0.45
> 0:False:8,9:90,14
> 1:False:8,10:90,14
> 2:False:8,10:90,14
> 3:True:8,8:90,14
> 4:False:8,11:90,14
> 5:False:9,11:90,15
rovers-optimal-old-noisy/50/rovers_noisy_p01_hyp-4_50_3.tar.bz2:0.453603029251:0.004683343:0.46
> 0:False:8,9:90,14
> 1:False:8,10:90,14
> 2:False:8,9:90,14
> 3:True:8,8:90,14
> 4:False:8,11:90,14
> 5:False:9,12:90,15
rovers-optimal-old-noisy/50/rovers_noisy_p02_hyp-1_50_1.tar.bz2:0.484791994095:0.006224481:0.49
> 0:True:10,10:151,19
> 1:False:11,14:151,20
> 2:False:11,13:151,20
> 3:False:10,13:151,19
> 4:False:11,16:151,20
> 5:False:10,12:151,19
rovers-optimal-old-noisy/50/rovers_noisy_p02_hyp-1_50_2.tar.bz2:0.481935977936:0.005674674:0.47
> 0:True:10,11:150,18
> 1:False:11,16:150,19
> 2:False:11,13:150,19
> 3:False:10,13:150,18
> 4:False:11,16:150,19
> 5:False:10,13:150,18
rovers-optimal-old-noisy/50/rovers_noisy_p02_hyp-1_50_3.tar.bz2:0.481261968613:0.00636412:0.49
> 0:True:10,10:152,20
> 1:False:11,15:152,21
> 2:False:11,12:152,21
> 3:False:10,13:152,20
> 4:False:11,16:152,21
> 5:False:10,11:152,20
rovers-optimal-old-noisy/50/rovers_noisy_p02_hyp-2_50_1.tar.bz2:0.484040975571:0.005996378:0.48
> 0:False:10,14:153,21
> 1:True:11,13:153,22
> 2:False:11,14:153,22
> 3:True:10,12:153,21
> 4:True:11,13:153,22
> 5:False:10,15:153,21
rovers-optimal-old-noisy/50/rovers_noisy_p02_hyp-2_50_2.tar.bz2:0.482871055603:0.00640979:0.49
> 0:False:10,15:153,21
> 1:True:11,11:153,22
> 2:False:11,16:153,22
> 3:False:10,13:153,21
> 4:False:11,14:153,22
> 5:False:10,16:153,21
rovers-optimal-old-noisy/50/rovers_noisy_p02_hyp-2_50_3.tar.bz2:0.482637166977:0.005770955:0.48
> 0:False:10,13:151,19
> 1:True:11,12:151,20
> 2:False:11,14:151,20
> 3:False:10,12:151,19
> 4:False:11,13:151,20
> 5:False:10,15:151,19
rovers-optimal-old-noisy/50/rovers_noisy_p02_hyp-3_50_1.tar.bz2:0.487028837204:0.006326834:0.49
> 0:False:10,11:153,21
> 1:False:11,16:153,22
> 2:True:11,11:153,22
> 3:False:10,13:153,21
> 4:False:11,15:153,22
> 5:False:10,12:153,21
rovers-optimal-old-noisy/50/rovers_noisy_p02_hyp-3_50_2.tar.bz2:0.48353099823:0.006115721:0.49
> 0:False:10,12:152,20
> 1:False:11,17:152,21
> 2:True:11,11:152,21
> 3:False:10,13:152,20
> 4:False:11,16:152,21
> 5:False:10,14:152,20
rovers-optimal-old-noisy/50/rovers_noisy_p02_hyp-3_50_3.tar.bz2:0.479479074478:0.005636886:0.48
> 0:False:10,12:151,19
> 1:False:11,17:151,20
> 2:True:11,11:151,20
> 3:False:10,13:151,19
> 4:False:11,16:151,20
> 5:False:10,14:151,19
rovers-optimal-old-noisy/50/rovers_noisy_p02_hyp-4_50_1.tar.bz2:0.480343103409:0.006366656:0.48
> 0:True:10,11:152,20
> 1:True:11,12:152,21
> 2:True:11,12:152,21
> 3:True:10,11:152,20
> 4:False:11,14:152,21
> 5:False:10,14:152,20
rovers-optimal-old-noisy/50/rovers_noisy_p02_hyp-4_50_2.tar.bz2:0.483026027679:0.006026545:0.47
> 0:False:10,12:152,20
> 1:False:11,12:152,21
> 2:False:11,13:152,21
> 3:True:10,10:152,20
> 4:False:11,15:152,21
> 5:False:10,15:152,20
rovers-optimal-old-noisy/50/rovers_noisy_p02_hyp-4_50_3.tar.bz2:0.483325004578:0.00628182:0.48
> 0:True:10,10:152,20
> 1:False:11,12:152,21
> 2:True:11,11:152,21
> 3:True:10,10:152,20
> 4:False:11,15:152,21
> 5:False:10,14:152,20
rovers-optimal-old-noisy/50/rovers_noisy_p03_hyp-1_50_1.tar.bz2:0.484523057938:0.006029632:0.49
> 0:True:10,10:151,19
> 1:False:10,13:151,19
> 2:False:11,16:151,20
> 3:False:10,12:151,19
> 4:False:11,13:151,20
> 5:False:11,15:151,20
rovers-optimal-old-noisy/50/rovers_noisy_p03_hyp-1_50_2.tar.bz2:0.484611034393:0.006016157:0.48
> 0:True:10,10:151,19
> 1:False:10,14:151,19
> 2:False:11,17:151,20
> 3:False:10,12:151,19
> 4:False:11,14:151,20
> 5:False:11,16:151,20
rovers-optimal-old-noisy/50/rovers_noisy_p03_hyp-1_50_3.tar.bz2:0.483984947205:0.006052276:0.49
> 0:True:10,11:151,19
> 1:False:10,14:151,19
> 2:False:11,15:151,20
> 3:False:10,14:151,19
> 4:False:11,13:151,20
> 5:False:11,14:151,20
rovers-optimal-old-noisy/50/rovers_noisy_p03_hyp-2_50_1.tar.bz2:0.483402013779:0.005707495:0.48
> 0:False:10,14:150,18
> 1:True:10,10:150,18
> 2:False:11,13:150,19
> 3:False:10,12:150,18
> 4:False:11,15:150,19
> 5:False:11,17:150,19
rovers-optimal-old-noisy/50/rovers_noisy_p03_hyp-2_50_2.tar.bz2:0.485067129135:0.006153075:0.49
> 0:False:10,14:151,19
> 1:True:10,11:151,19
> 2:False:11,14:151,20
> 3:False:10,13:151,19
> 4:False:11,14:151,20
> 5:False:11,16:151,20
rovers-optimal-old-noisy/50/rovers_noisy_p03_hyp-2_50_3.tar.bz2:0.480671882629:0.005701734:0.48
> 0:False:10,13:150,18
> 1:True:10,10:150,18
> 2:False:11,14:150,19
> 3:False:10,12:150,18
> 4:False:11,13:150,19
> 5:False:11,16:150,19
rovers-optimal-old-noisy/50/rovers_noisy_p03_hyp-3_50_1.tar.bz2:0.483815908432:0.006161191:0.48
> 0:False:10,14:152,20
> 1:False:10,13:152,20
> 2:True:11,12:152,21
> 3:False:10,13:152,20
> 4:False:11,15:152,21
> 5:False:11,14:152,21
rovers-optimal-old-noisy/50/rovers_noisy_p03_hyp-3_50_2.tar.bz2:0.484240055084:0.006218303:0.49
> 0:False:10,15:152,20
> 1:False:10,15:152,20
> 2:True:11,11:152,21
> 3:False:10,14:152,20
> 4:False:11,16:152,21
> 5:False:11,14:152,21
rovers-optimal-old-noisy/50/rovers_noisy_p03_hyp-3_50_3.tar.bz2:0.482345819473:0.006238813:0.49
> 0:False:10,14:153,21
> 1:True:10,12:153,21
> 2:True:11,13:153,22
> 3:False:10,13:153,21
> 4:False:11,14:153,22
> 5:False:11,15:153,22
rovers-optimal-old-noisy/50/rovers_noisy_p03_hyp-4_50_1.tar.bz2:0.483376979828:0.006116553:0.49
> 0:False:10,12:151,19
> 1:False:10,12:151,19
> 2:False:11,14:151,20
> 3:True:10,10:151,19
> 4:False:11,13:151,20
> 5:False:11,16:151,20
rovers-optimal-old-noisy/50/rovers_noisy_p03_hyp-4_50_2.tar.bz2:0.482259988785:0.006207205:0.48
> 0:False:10,12:152,20
> 1:False:10,12:152,20
> 2:False:11,14:152,21
> 3:True:10,10:152,20
> 4:False:11,14:152,21
> 5:False:11,16:152,21
rovers-optimal-old-noisy/50/rovers_noisy_p03_hyp-4_50_3.tar.bz2:0.484575033188:0.006355491:0.49
> 0:False:10,12:151,19
> 1:False:10,13:151,19
> 2:False:11,13:151,20
> 3:True:10,10:151,19
> 4:False:11,14:151,20
> 5:False:11,16:151,20
rovers-optimal-old-noisy/70/rovers_noisy_p01_hyp-1_70_1.tar.bz2:0.456562042236:0.005294118:0.46
> 0:True:8,8:93,17
> 1:False:8,12:93,17
> 2:False:8,12:93,17
> 3:False:8,11:93,17
> 4:False:8,12:93,17
> 5:False:9,13:93,18
rovers-optimal-old-noisy/70/rovers_noisy_p01_hyp-1_70_2.tar.bz2:0.458822011948:0.00459589:0.47
> 0:True:8,8:92,16
> 1:False:8,11:92,16
> 2:False:8,11:92,16
> 3:False:8,10:92,16
> 4:False:8,12:92,16
> 5:False:9,14:92,17
rovers-optimal-old-noisy/70/rovers_noisy_p01_hyp-1_70_3.tar.bz2:0.454847812653:0.005202359:0.46
> 0:True:8,8:93,17
> 1:False:8,11:93,17
> 2:False:8,11:93,17
> 3:False:8,11:93,17
> 4:False:8,12:93,17
> 5:False:9,15:93,18
rovers-optimal-old-noisy/70/rovers_noisy_p01_hyp-2_70_1.tar.bz2:0.457804918289:0.005110514:0.46
> 0:False:8,11:94,18
> 1:True:8,9:94,18
> 2:False:8,10:94,18
> 3:False:8,13:94,18
> 4:False:8,11:94,18
> 5:False:9,14:94,19
rovers-optimal-old-noisy/70/rovers_noisy_p01_hyp-2_70_2.tar.bz2:0.455340862274:0.005378788:0.46
> 0:False:8,12:94,18
> 1:True:8,9:94,18
> 2:False:8,10:94,18
> 3:False:8,13:94,18
> 4:False:8,10:94,18
> 5:False:9,13:94,19
rovers-optimal-old-noisy/70/rovers_noisy_p01_hyp-2_70_3.tar.bz2:0.45955991745:0.00511345:0.45
> 0:False:8,11:94,18
> 1:True:8,9:94,18
> 2:False:8,10:94,18
> 3:False:8,13:94,18
> 4:False:8,10:94,18
> 5:False:9,13:94,19
rovers-optimal-old-noisy/70/rovers_noisy_p01_hyp-3_70_1.tar.bz2:0.460139036179:0.005210682:0.45
> 0:False:8,12:94,18
> 1:False:8,11:94,18
> 2:True:8,9:94,18
> 3:False:8,11:94,18
> 4:False:8,12:94,18
> 5:False:9,14:94,19
rovers-optimal-old-noisy/70/rovers_noisy_p01_hyp-3_70_2.tar.bz2:0.457566976547:0.005332911:0.47
> 0:False:8,11:94,18
> 1:False:8,10:94,18
> 2:True:8,8:94,18
> 3:False:8,11:94,18
> 4:False:8,11:94,18
> 5:False:9,14:94,19
rovers-optimal-old-noisy/70/rovers_noisy_p01_hyp-3_70_3.tar.bz2:0.455626964569:0.004662694:0.46
> 0:False:8,12:93,17
> 1:False:8,11:93,17
> 2:True:8,9:93,17
> 3:False:8,12:93,17
> 4:False:8,11:93,17
> 5:False:9,14:93,18
rovers-optimal-old-noisy/70/rovers_noisy_p01_hyp-4_70_1.tar.bz2:0.455790996552:0.004583768:0.46
> 0:False:8,12:92,16
> 1:False:8,13:92,16
> 2:False:8,11:92,16
> 3:True:8,8:92,16
> 4:False:8,14:92,16
> 5:False:9,13:92,17
rovers-optimal-old-noisy/70/rovers_noisy_p01_hyp-4_70_2.tar.bz2:0.455464839935:0.005434012:0.46
> 0:False:8,10:93,17
> 1:False:8,12:93,17
> 2:False:8,11:93,17
> 3:True:8,8:93,17
> 4:False:8,12:93,17
> 5:False:9,13:93,18
rovers-optimal-old-noisy/70/rovers_noisy_p01_hyp-4_70_3.tar.bz2:0.458800077438:0.005320078:0.46
> 0:False:8,11:94,18
> 1:False:8,10:94,18
> 2:False:8,10:94,18
> 3:True:8,8:94,18
> 4:False:8,13:94,18
> 5:False:9,13:94,19
rovers-optimal-old-noisy/70/rovers_noisy_p02_hyp-1_70_1.tar.bz2:0.483730077744:0.006359935:0.49
> 0:True:10,11:153,21
> 1:False:11,16:153,22
> 2:False:11,13:153,22
> 3:False:10,13:153,21
> 4:False:11,17:153,22
> 5:False:10,14:153,21
rovers-optimal-old-noisy/70/rovers_noisy_p02_hyp-1_70_2.tar.bz2:0.478847026825:0.00637802:0.48
> 0:True:10,10:154,22
> 1:False:11,16:154,23
> 2:False:11,13:154,23
> 3:False:10,14:154,22
> 4:False:11,17:154,23
> 5:False:10,13:154,22
rovers-optimal-old-noisy/70/rovers_noisy_p02_hyp-1_70_3.tar.bz2:0.482803821564:0.005951962:0.48
> 0:True:10,11:154,22
> 1:False:11,17:154,23
> 2:False:11,13:154,23
> 3:False:10,13:154,22
> 4:False:11,18:154,23
> 5:False:10,15:154,22
rovers-optimal-old-noisy/70/rovers_noisy_p02_hyp-2_70_1.tar.bz2:0.485092878342:0.006568449:0.48
> 0:False:10,15:156,24
> 1:True:11,11:156,25
> 2:False:11,16:156,25
> 3:False:10,13:156,24
> 4:False:11,16:156,25
> 5:False:10,17:156,24
rovers-optimal-old-noisy/70/rovers_noisy_p02_hyp-2_70_2.tar.bz2:0.482721090317:0.006322773:0.49
> 0:False:10,15:155,23
> 1:True:11,11:155,24
> 2:False:11,16:155,24
> 3:False:10,12:155,23
> 4:False:11,16:155,24
> 5:False:10,18:155,23
rovers-optimal-old-noisy/70/rovers_noisy_p02_hyp-2_70_3.tar.bz2:0.483550071716:0.006488536:0.48
> 0:False:10,14:156,24
> 1:True:11,11:156,25
> 2:False:11,15:156,25
> 3:False:10,11:156,24
> 4:False:11,16:156,25
> 5:False:10,17:156,24
rovers-optimal-old-noisy/70/rovers_noisy_p02_hyp-3_70_1.tar.bz2:0.483665943146:0.006345225:0.48
> 0:False:10,13:156,24
> 1:False:11,16:156,25
> 2:True:11,12:156,25
> 3:False:10,13:156,24
> 4:False:11,16:156,25
> 5:False:10,15:156,24
rovers-optimal-old-noisy/70/rovers_noisy_p02_hyp-3_70_2.tar.bz2:0.479143857956:0.006207774:0.47
> 0:False:10,12:156,24
> 1:False:11,17:156,25
> 2:True:11,12:156,25
> 3:False:10,13:156,24
> 4:False:11,17:156,25
> 5:False:10,15:156,24
rovers-optimal-old-noisy/70/rovers_noisy_p02_hyp-3_70_3.tar.bz2:0.483173131943:0.006187092:0.49
> 0:False:10,12:156,24
> 1:False:11,16:156,25
> 2:True:11,11:156,25
> 3:False:10,13:156,24
> 4:False:11,14:156,25
> 5:False:10,13:156,24
rovers-optimal-old-noisy/70/rovers_noisy_p02_hyp-4_70_1.tar.bz2:0.484481096268:0.006343195:0.48
> 0:False:10,12:155,23
> 1:False:11,13:155,24
> 2:False:11,14:155,24
> 3:True:10,10:155,23
> 4:False:11,17:155,24
> 5:False:10,16:155,23
rovers-optimal-old-noisy/70/rovers_noisy_p02_hyp-4_70_2.tar.bz2:0.481559038162:0.006354752:0.48
> 0:False:10,12:154,22
> 1:False:11,12:154,23
> 2:False:11,13:154,23
> 3:True:10,10:154,22
> 4:False:11,16:154,23
> 5:False:10,16:154,22
rovers-optimal-old-noisy/70/rovers_noisy_p02_hyp-4_70_3.tar.bz2:0.480791091919:0.006264694:0.48
> 0:False:10,14:155,23
> 1:True:11,12:155,24
> 2:False:11,15:155,24
> 3:True:10,11:155,23
> 4:False:11,15:155,24
> 5:False:10,16:155,23
rovers-optimal-old-noisy/70/rovers_noisy_p03_hyp-1_70_1.tar.bz2:0.485144853592:0.00631009:0.49
> 0:True:10,11:152,20
> 1:False:10,15:152,20
> 2:False:11,18:152,21
> 3:False:10,14:152,20
> 4:False:11,14:152,21
> 5:False:11,17:152,21
rovers-optimal-old-noisy/70/rovers_noisy_p03_hyp-1_70_2.tar.bz2:0.48425412178:0.006307971:0.48
> 0:True:10,10:153,21
> 1:False:10,14:153,21
> 2:False:11,18:153,22
> 3:False:10,13:153,21
> 4:False:11,14:153,22
> 5:False:11,16:153,22
rovers-optimal-old-noisy/70/rovers_noisy_p03_hyp-1_70_3.tar.bz2:0.485370874405:0.006267904:0.49
> 0:True:10,10:154,22
> 1:False:10,14:154,22
> 2:False:11,17:154,23
> 3:False:10,14:154,22
> 4:False:11,14:154,23
> 5:False:11,16:154,23
rovers-optimal-old-noisy/70/rovers_noisy_p03_hyp-2_70_1.tar.bz2:0.483434915543:0.00633176:0.48
> 0:False:10,12:155,23
> 1:True:10,11:155,23
> 2:False:11,15:155,24
> 3:False:10,12:155,23
> 4:True:11,12:155,24
> 5:False:11,17:155,24
rovers-optimal-old-noisy/70/rovers_noisy_p03_hyp-2_70_2.tar.bz2:0.485796928406:0.00652111:0.48
> 0:False:10,14:155,23
> 1:True:10,10:155,23
> 2:False:11,13:155,24
> 3:False:10,12:155,23
> 4:False:11,13:155,24
> 5:False:11,16:155,24
rovers-optimal-old-noisy/70/rovers_noisy_p03_hyp-2_70_3.tar.bz2:0.483057022095:0.006109653:0.48
> 0:False:10,14:155,23
> 1:True:10,10:155,23
> 2:False:11,14:155,24
> 3:False:10,13:155,23
> 4:False:11,14:155,24
> 5:False:11,17:155,24
rovers-optimal-old-noisy/70/rovers_noisy_p03_hyp-3_70_1.tar.bz2:0.484127998352:0.006539093:0.5
> 0:False:10,16:155,23
> 1:False:10,14:155,23
> 2:True:11,12:155,24
> 3:False:10,13:155,23
> 4:False:11,17:155,24
> 5:False:11,16:155,24
rovers-optimal-old-noisy/70/rovers_noisy_p03_hyp-3_70_2.tar.bz2:0.485321998596:0.006383992:0.48
> 0:False:10,16:156,24
> 1:False:10,15:156,24
> 2:True:11,11:156,25
> 3:False:10,15:156,24
> 4:False:11,18:156,25
> 5:False:11,15:156,25
rovers-optimal-old-noisy/70/rovers_noisy_p03_hyp-3_70_3.tar.bz2:0.485476016998:0.00631502:0.49
> 0:False:10,16:156,24
> 1:False:10,13:156,24
> 2:True:11,11:156,25
> 3:False:10,14:156,24
> 4:False:11,16:156,25
> 5:False:11,16:156,25
rovers-optimal-old-noisy/70/rovers_noisy_p03_hyp-4_70_1.tar.bz2:0.481044054031:0.006344864:0.48
> 0:False:10,13:154,22
> 1:False:10,11:154,22
> 2:False:11,15:154,23
> 3:True:10,10:154,22
> 4:False:11,14:154,23
> 5:False:11,17:154,23
rovers-optimal-old-noisy/70/rovers_noisy_p03_hyp-4_70_2.tar.bz2:0.483586072922:0.006188253:0.49
> 0:False:10,12:153,21
> 1:False:10,14:153,21
> 2:False:11,15:153,22
> 3:True:10,10:153,21
> 4:False:11,16:153,22
> 5:False:11,17:153,22
rovers-optimal-old-noisy/70/rovers_noisy_p03_hyp-4_70_3.tar.bz2:0.48096704483:0.006192406:0.48
> 0:False:10,13:154,22
> 1:False:10,13:154,22
> 2:False:11,14:154,23
> 3:True:10,11:154,22
> 4:False:11,16:154,23
> 5:False:11,17:154,23
rovers-optimal-old-noisy/100/rovers_noisy_p01_hyp-1_full_1.tar.bz2:0.4599609375:0.005410608:0.45
> 0:True:8,8:96,20
> 1:False:8,12:96,20
> 2:False:8,12:96,20
> 3:False:8,11:96,20
> 4:False:8,13:96,20
> 5:False:9,15:96,21
rovers-optimal-old-noisy/100/rovers_noisy_p01_hyp-1_full_2.tar.bz2:0.459869861603:0.004659128:0.46
> 0:True:8,8:94,18
> 1:False:8,12:94,18
> 2:False:8,12:94,18
> 3:False:8,12:94,18
> 4:False:8,13:94,18
> 5:False:9,16:94,19
rovers-optimal-old-noisy/100/rovers_noisy_p01_hyp-1_full_3.tar.bz2:0.459431886673:0.004815791:0.46
> 0:True:8,8:94,18
> 1:False:8,12:94,18
> 2:False:8,12:94,18
> 3:False:8,12:94,18
> 4:False:8,13:94,18
> 5:False:9,16:94,19
rovers-optimal-old-noisy/100/rovers_noisy_p01_hyp-2_full_1.tar.bz2:0.457029104233:0.00557708:0.45
> 0:False:8,12:95,19
> 1:True:8,8:95,19
> 2:False:8,10:95,19
> 3:False:8,14:95,19
> 4:False:8,11:95,19
> 5:False:9,14:95,20
rovers-optimal-old-noisy/100/rovers_noisy_p01_hyp-2_full_2.tar.bz2:0.455168008804:0.005314034:0.47
> 0:False:8,12:97,21
> 1:True:8,8:97,21
> 2:False:8,10:97,21
> 3:False:8,13:97,21
> 4:False:8,11:97,21
> 5:False:9,13:97,22
rovers-optimal-old-noisy/100/rovers_noisy_p01_hyp-2_full_3.tar.bz2:0.459049940109:0.005562423:0.46
> 0:False:8,12:96,20
> 1:True:8,8:96,20
> 2:False:8,10:96,20
> 3:False:8,14:96,20
> 4:False:8,11:96,20
> 5:False:9,14:96,21
rovers-optimal-old-noisy/100/rovers_noisy_p01_hyp-3_full_1.tar.bz2:0.456338167191:0.005258412:0.46
> 0:False:8,12:97,21
> 1:False:8,10:97,21
> 2:True:8,8:97,21
> 3:False:8,12:97,21
> 4:False:8,11:97,21
> 5:False:9,14:97,22
rovers-optimal-old-noisy/100/rovers_noisy_p01_hyp-3_full_2.tar.bz2:0.456619977951:0.00536349:0.46
> 0:False:8,12:95,19
> 1:False:8,10:95,19
> 2:True:8,8:95,19
> 3:False:8,12:95,19
> 4:False:8,11:95,19
> 5:False:9,14:95,20
rovers-optimal-old-noisy/100/rovers_noisy_p01_hyp-3_full_3.tar.bz2:0.450850963593:0.005193511:0.45
> 0:False:8,12:97,21
> 1:False:8,10:97,21
> 2:True:8,8:97,21
> 3:False:8,12:97,21
> 4:False:8,11:97,21
> 5:False:9,14:97,22
rovers-optimal-old-noisy/100/rovers_noisy_p01_hyp-4_full_1.tar.bz2:0.4568400383:0.005574767:0.46
> 0:False:8,12:96,20
> 1:False:8,14:96,20
> 2:False:8,12:96,20
> 3:True:8,8:96,20
> 4:False:8,14:96,20
> 5:False:9,13:96,21
rovers-optimal-old-noisy/100/rovers_noisy_p01_hyp-4_full_2.tar.bz2:0.46070599556:0.005293859:0.45
> 0:False:8,11:95,19
> 1:False:8,14:95,19
> 2:False:8,12:95,19
> 3:True:8,8:95,19
> 4:False:8,15:95,19
> 5:False:9,14:95,20
rovers-optimal-old-noisy/100/rovers_noisy_p01_hyp-4_full_3.tar.bz2:0.459847927094:0.005262159:0.47
> 0:False:8,12:96,20
> 1:False:8,13:96,20
> 2:False:8,12:96,20
> 3:True:8,8:96,20
> 4:False:8,15:96,20
> 5:False:9,13:96,21
rovers-optimal-old-noisy/100/rovers_noisy_p02_hyp-1_full_1.tar.bz2:0.484879970551:0.00657443:0.48
> 0:True:10,11:157,25
> 1:False:11,19:157,26
> 2:False:11,14:157,26
> 3:False:10,15:157,25
> 4:False:11,21:157,26
> 5:False:10,16:157,25
rovers-optimal-old-noisy/100/rovers_noisy_p02_hyp-1_full_2.tar.bz2:0.487910032272:0.006538816:0.49
> 0:True:10,11:158,26
> 1:False:11,19:158,27
> 2:False:11,13:158,27
> 3:False:10,15:158,26
> 4:False:11,19:158,27
> 5:False:10,15:158,26
rovers-optimal-old-noisy/100/rovers_noisy_p02_hyp-1_full_3.tar.bz2:0.48633813858:0.006274304:0.49
> 0:True:10,11:157,25
> 1:False:11,18:157,26
> 2:False:11,14:157,26
> 3:False:10,15:157,25
> 4:False:11,21:157,26
> 5:False:10,16:157,25
rovers-optimal-old-noisy/100/rovers_noisy_p02_hyp-2_full_1.tar.bz2:0.481261014938:0.006480565:0.48
> 0:False:10,17:159,27
> 1:True:11,12:159,28
> 2:False:11,18:159,28
> 3:False:10,14:159,27
> 4:False:11,17:159,28
> 5:False:10,20:159,27
rovers-optimal-old-noisy/100/rovers_noisy_p02_hyp-2_full_2.tar.bz2:0.483970165253:0.00650389:0.49
> 0:False:10,16:160,28
> 1:True:11,12:160,29
> 2:False:11,17:160,29
> 3:False:10,14:160,28
> 4:False:11,17:160,29
> 5:False:10,19:160,28
rovers-optimal-old-noisy/100/rovers_noisy_p02_hyp-2_full_3.tar.bz2:0.484710931778:0.00654743:0.49
> 0:False:10,17:159,27
> 1:True:11,12:159,28
> 2:False:11,18:159,28
> 3:False:10,14:159,27
> 4:False:11,17:159,28
> 5:False:10,20:159,27
rovers-optimal-old-noisy/100/rovers_noisy_p02_hyp-3_full_1.tar.bz2:0.481471061707:0.00667416:0.48
> 0:False:10,14:160,28
> 1:False:11,19:160,29
> 2:True:11,12:160,29
> 3:False:10,15:160,28
> 4:False:11,18:160,29
> 5:False:10,16:160,28
rovers-optimal-old-noisy/100/rovers_noisy_p02_hyp-3_full_2.tar.bz2:0.482952833176:0.00639779:0.48
> 0:False:10,14:158,26
> 1:False:11,20:158,27
> 2:True:11,12:158,27
> 3:False:10,16:158,26
> 4:False:11,19:158,27
> 5:False:10,16:158,26
rovers-optimal-old-noisy/100/rovers_noisy_p02_hyp-3_full_3.tar.bz2:0.483045816422:0.0065578:0.48
> 0:False:10,14:158,26
> 1:False:11,20:158,27
> 2:True:11,12:158,27
> 3:False:10,16:158,26
> 4:False:11,19:158,27
> 5:False:10,16:158,26
rovers-optimal-old-noisy/100/rovers_noisy_p02_hyp-4_full_1.tar.bz2:0.484625101089:0.006797278:0.48
> 0:False:10,15:159,27
> 1:False:11,15:159,28
> 2:False:11,16:159,28
> 3:True:10,12:159,27
> 4:False:11,19:159,28
> 5:False:10,20:159,27
rovers-optimal-old-noisy/100/rovers_noisy_p02_hyp-4_full_2.tar.bz2:0.484255075455:0.00663251:0.48
> 0:False:10,15:159,27
> 1:False:11,14:159,28
> 2:False:11,16:159,28
> 3:True:10,12:159,27
> 4:False:11,19:159,28
> 5:False:10,19:159,27
rovers-optimal-old-noisy/100/rovers_noisy_p02_hyp-4_full_3.tar.bz2:0.484008073807:0.0066592:0.48
> 0:False:10,15:158,26
> 1:False:11,15:158,27
> 2:False:11,16:158,27
> 3:True:10,12:158,26
> 4:False:11,20:158,27
> 5:False:10,20:158,26
rovers-optimal-old-noisy/100/rovers_noisy_p03_hyp-1_full_1.tar.bz2:0.481489181519:0.006184438:0.47
> 0:True:10,11:156,24
> 1:False:10,17:156,24
> 2:False:11,20:156,25
> 3:False:10,14:156,24
> 4:False:11,16:156,25
> 5:False:11,19:156,25
rovers-optimal-old-noisy/100/rovers_noisy_p03_hyp-1_full_2.tar.bz2:0.481477975845:0.006208287:0.48
> 0:True:10,11:156,24
> 1:False:10,16:156,24
> 2:False:11,21:156,25
> 3:False:10,15:156,24
> 4:False:11,15:156,25
> 5:False:11,19:156,25
rovers-optimal-old-noisy/100/rovers_noisy_p03_hyp-1_full_3.tar.bz2:0.482101917267:0.006283347:0.48
> 0:True:10,11:156,24
> 1:False:10,17:156,24
> 2:False:11,21:156,25
> 3:False:10,15:156,24
> 4:False:11,16:156,25
> 5:False:11,19:156,25
rovers-optimal-old-noisy/100/rovers_noisy_p03_hyp-2_full_1.tar.bz2:0.479706048965:0.006409965:0.49
> 0:False:10,16:157,25
> 1:True:10,12:157,25
> 2:False:11,17:157,26
> 3:False:10,15:157,25
> 4:False:11,16:157,26
> 5:False:11,20:157,26
rovers-optimal-old-noisy/100/rovers_noisy_p03_hyp-2_full_2.tar.bz2:0.484058856964:0.006345794:0.48
> 0:False:10,15:159,27
> 1:True:10,12:159,27
> 2:False:11,17:159,28
> 3:False:10,14:159,27
> 4:False:11,16:159,28
> 5:False:11,19:159,28
rovers-optimal-old-noisy/100/rovers_noisy_p03_hyp-2_full_3.tar.bz2:0.480083942413:0.00657123:0.48
> 0:False:10,16:158,26
> 1:True:10,12:158,26
> 2:False:11,17:158,27
> 3:False:10,15:158,26
> 4:False:11,15:158,27
> 5:False:11,21:158,27
rovers-optimal-old-noisy/100/rovers_noisy_p03_hyp-3_full_1.tar.bz2:0.481410980225:0.006484711:0.49
> 0:False:10,19:158,26
> 1:False:10,16:158,26
> 2:True:11,12:158,27
> 3:False:10,16:158,26
> 4:False:11,20:158,27
> 5:False:11,18:158,27
rovers-optimal-old-noisy/100/rovers_noisy_p03_hyp-3_full_2.tar.bz2:0.486179113388:0.00633654:0.48
> 0:False:10,19:160,28
> 1:False:10,15:160,28
> 2:True:11,12:160,29
> 3:False:10,16:160,28
> 4:False:11,19:160,29
> 5:False:11,18:160,29
rovers-optimal-old-noisy/100/rovers_noisy_p03_hyp-3_full_3.tar.bz2:0.481775045395:0.006447731:0.48
> 0:False:10,18:160,28
> 1:False:10,16:160,28
> 2:True:11,12:160,29
> 3:False:10,15:160,28
> 4:False:11,20:160,29
> 5:False:11,18:160,29
rovers-optimal-old-noisy/100/rovers_noisy_p03_hyp-4_full_1.tar.bz2:0.483731985092:0.00664699:0.49
> 0:False:10,14:157,25
> 1:False:10,15:157,25
> 2:False:11,17:157,26
> 3:True:10,11:157,25
> 4:False:11,17:157,26
> 5:False:11,21:157,26
rovers-optimal-old-noisy/100/rovers_noisy_p03_hyp-4_full_2.tar.bz2:0.485342025757:0.00639074:0.49
> 0:False:10,15:157,25
> 1:False:10,15:157,25
> 2:False:11,17:157,26
> 3:True:10,11:157,25
> 4:False:11,18:157,26
> 5:False:11,20:157,26
rovers-optimal-old-noisy/100/rovers_noisy_p03_hyp-4_full_3.tar.bz2:0.48193192482:0.00639535:0.48
> 0:False:10,15:157,25
> 1:False:10,14:157,25
> 2:False:11,16:157,26
> 3:True:10,11:157,25
> 4:False:11,18:157,26
> 5:False:11,21:157,26
