rovers-optimal/10/rovers_p01_hyp-1_10_1.tar.bz2:2.01763606071:0.0625:1.78
> (communicated_image_data objective0 high_res),(communicated_soil_data waypoint3),(communicated_rock_data waypoint1):True:3.0,3.0:95.0,17.0
> (communicated_soil_data waypoint2),(communicated_image_data objective1 high_res),(communicated_rock_data waypoint1):True:3.0,3.0:93.0,15.0
> (communicated_rock_data waypoint3),(communicated_image_data objective2 high_res),(communicated_soil_data waypoint3):False:3.0,4.0:95.0,17.0
> (communicated_soil_data waypoint2),(communicated_image_data objective0 low_res),(communicated_rock_data waypoint1):True:3.0,3.0:93.0,15.0
> (communicated_soil_data waypoint2),(communicated_rock_data waypoint3),(communicated_image_data objective1 low_res):False:3.0,4.0:93.0,15.0
> (communicated_soil_data waypoint2),(communicated_image_data objective2 high_res),(communicated_rock_data waypoint1):True:3.0,3.0:93.0,15.0
rovers-optimal/10/rovers_p01_hyp-2_10_1.tar.bz2:1.9627301693:0.015625:1.61
> (communicated_image_data objective0 high_res),(communicated_soil_data waypoint3),(communicated_rock_data waypoint1):True:3.0,4.0:95.0,17.0
> (communicated_soil_data waypoint2),(communicated_image_data objective1 high_res),(communicated_rock_data waypoint1):True:3.0,4.0:93.0,15.0
> (communicated_rock_data waypoint3),(communicated_image_data objective2 high_res),(communicated_soil_data waypoint3):True:3.0,4.0:95.0,17.0
> (communicated_soil_data waypoint2),(communicated_image_data objective0 low_res),(communicated_rock_data waypoint1):True:3.0,4.0:93.0,15.0
> (communicated_soil_data waypoint2),(communicated_rock_data waypoint3),(communicated_image_data objective1 low_res):True:3.0,4.0:93.0,15.0
> (communicated_soil_data waypoint2),(communicated_image_data objective2 high_res),(communicated_rock_data waypoint1):True:3.0,4.0:93.0,15.0
rovers-optimal/10/rovers_p02_hyp-1_10_1.tar.bz2:2.00135207176:0.046875:1.77
> (communicated_image_data objective1 high_res),(communicated_soil_data waypoint3),(communicated_image_data objective0 low_res),(communicated_rock_data waypoint1):False:4.0,6.0:161.0,27.0
> (communicated_soil_data waypoint2),(communicated_image_data objective1 high_res),(communicated_image_data objective2 high_res),(communicated_rock_data waypoint0):False:4.0,5.0:161.0,27.0
> (communicated_image_data objective0 high_res),(communicated_image_data objective2 high_res),(communicated_soil_data waypoint3),(communicated_rock_data waypoint0):False:4.0,5.0:161.0,27.0
> (communicated_image_data objective0 high_res),(communicated_soil_data waypoint3),(communicated_soil_data waypoint1),(communicated_image_data objective2 low_res):False:4.0,5.0:162.0,28.0
> (communicated_soil_data waypoint2),(communicated_image_data objective1 high_res),(communicated_image_data objective2 high_res),(communicated_rock_data waypoint1):False:4.0,6.0:161.0,27.0
> (communicated_image_data objective0 high_res),(communicated_image_data objective2 high_res),(communicated_rock_data waypoint0),(communicated_soil_data waypoint1):True:4.0,4.0:161.0,27.0
rovers-optimal/10/rovers_p02_hyp-2_10_1.tar.bz2:2.00873804092:0.0625:1.8
> (communicated_image_data objective1 high_res),(communicated_soil_data waypoint3),(communicated_image_data objective0 low_res),(communicated_rock_data waypoint1):True:4.0,6.0:161.0,27.0
> (communicated_soil_data waypoint2),(communicated_image_data objective1 high_res),(communicated_image_data objective2 high_res),(communicated_rock_data waypoint0):True:4.0,6.0:161.0,27.0
> (communicated_image_data objective0 high_res),(communicated_image_data objective2 high_res),(communicated_soil_data waypoint3),(communicated_rock_data waypoint0):True:4.0,6.0:161.0,27.0
> (communicated_image_data objective0 high_res),(communicated_soil_data waypoint3),(communicated_soil_data waypoint1),(communicated_image_data objective2 low_res):True:4.0,6.0:162.0,28.0
> (communicated_soil_data waypoint2),(communicated_image_data objective1 high_res),(communicated_image_data objective2 high_res),(communicated_rock_data waypoint1):True:4.0,6.0:161.0,27.0
> (communicated_image_data objective0 high_res),(communicated_image_data objective2 high_res),(communicated_rock_data waypoint0),(communicated_soil_data waypoint1):True:4.0,6.0:161.0,27.0
rovers-optimal/10/rovers_p03_hyp-1_10_1.tar.bz2:2.21417379379:0.015625:1.88
> (communicated_soil_data waypoint2),(communicated_image_data objective1 high_res),(communicated_image_data objective2 high_res),(communicated_rock_data waypoint0):False:4.0,6.0:161.0,27.0
> (communicated_image_data objective0 high_res),(communicated_image_data objective1 high_res),(communicated_rock_data waypoint0),(communicated_soil_data waypoint1):False:4.0,6.0:161.0,27.0
> (communicated_image_data objective2 low_res),(communicated_rock_data waypoint0),(communicated_soil_data waypoint1),(communicated_image_data objective0 low_res):True:4.0,5.0:161.0,27.0
> (communicated_image_data objective2 high_res),(communicated_soil_data waypoint3),(communicated_rock_data waypoint0),(communicated_image_data objective0 low_res):False:4.0,6.0:161.0,27.0
> (communicated_soil_data waypoint2),(communicated_image_data objective0 high_res),(communicated_image_data objective1 high_res),(communicated_rock_data waypoint1):False:4.0,6.0:161.0,27.0
> (communicated_image_data objective1 low_res),(communicated_soil_data waypoint3),(communicated_image_data objective2 low_res),(communicated_rock_data waypoint1):True:4.0,5.0:161.0,27.0
rovers-optimal/10/rovers_p03_hyp-2_10_1.tar.bz2:2.19315505028:0.09375:2.04
> (communicated_soil_data waypoint2),(communicated_image_data objective1 high_res),(communicated_image_data objective2 high_res),(communicated_rock_data waypoint0):True:4.0,5.0:161.0,27.0
> (communicated_image_data objective0 high_res),(communicated_image_data objective1 high_res),(communicated_rock_data waypoint0),(communicated_soil_data waypoint1):True:4.0,5.0:161.0,27.0
> (communicated_image_data objective2 low_res),(communicated_rock_data waypoint0),(communicated_soil_data waypoint1),(communicated_image_data objective0 low_res):True:4.0,5.0:161.0,27.0
> (communicated_image_data objective2 high_res),(communicated_soil_data waypoint3),(communicated_rock_data waypoint0),(communicated_image_data objective0 low_res):True:4.0,5.0:161.0,27.0
> (communicated_soil_data waypoint2),(communicated_image_data objective0 high_res),(communicated_image_data objective1 high_res),(communicated_rock_data waypoint1):False:4.0,6.0:161.0,27.0
> (communicated_image_data objective1 low_res),(communicated_soil_data waypoint3),(communicated_image_data objective2 low_res),(communicated_rock_data waypoint1):False:4.0,6.0:161.0,27.0
rovers-optimal/30/rovers_p01_hyp-1_30_1.tar.bz2:2.13191390038:0.046875:1.77
> (communicated_image_data objective0 high_res),(communicated_soil_data waypoint3),(communicated_rock_data waypoint1):True:3.0,6.0:97.0,19.0
> (communicated_soil_data waypoint2),(communicated_image_data objective1 high_res),(communicated_rock_data waypoint1):True:3.0,6.0:95.0,17.0
> (communicated_rock_data waypoint3),(communicated_image_data objective2 high_res),(communicated_soil_data waypoint3):True:3.0,6.0:97.0,19.0
> (communicated_soil_data waypoint2),(communicated_image_data objective0 low_res),(communicated_rock_data waypoint1):True:3.0,6.0:95.0,17.0
> (communicated_soil_data waypoint2),(communicated_rock_data waypoint3),(communicated_image_data objective1 low_res):True:3.0,6.0:95.0,17.0
> (communicated_soil_data waypoint2),(communicated_image_data objective2 high_res),(communicated_rock_data waypoint1):True:3.0,6.0:95.0,17.0
rovers-optimal/30/rovers_p01_hyp-2_30_1.tar.bz2:2.14966607094:0.09375:1.89
> (communicated_image_data objective0 high_res),(communicated_soil_data waypoint3),(communicated_rock_data waypoint1):False:3.0,6.0:97.0,19.0
> (communicated_soil_data waypoint2),(communicated_image_data objective1 high_res),(communicated_rock_data waypoint1):True:3.0,4.0:95.0,17.0
> (communicated_rock_data waypoint3),(communicated_image_data objective2 high_res),(communicated_soil_data waypoint3):False:3.0,6.0:97.0,19.0
> (communicated_soil_data waypoint2),(communicated_image_data objective0 low_res),(communicated_rock_data waypoint1):False:3.0,5.0:95.0,17.0
> (communicated_soil_data waypoint2),(communicated_rock_data waypoint3),(communicated_image_data objective1 low_res):False:3.0,5.0:95.0,17.0
> (communicated_soil_data waypoint2),(communicated_image_data objective2 high_res),(communicated_rock_data waypoint1):False:3.0,5.0:95.0,17.0
rovers-optimal/30/rovers_p02_hyp-1_30_1.tar.bz2:2.14418506622:0.078125:1.93
> (communicated_image_data objective1 high_res),(communicated_soil_data waypoint3),(communicated_image_data objective0 low_res),(communicated_rock_data waypoint1):False:4.0,8.0:163.0,29.0
> (communicated_soil_data waypoint2),(communicated_image_data objective1 high_res),(communicated_image_data objective2 high_res),(communicated_rock_data waypoint0):False:4.0,6.0:163.0,29.0
> (communicated_image_data objective0 high_res),(communicated_image_data objective2 high_res),(communicated_soil_data waypoint3),(communicated_rock_data waypoint0):False:4.0,6.0:163.0,29.0
> (communicated_image_data objective0 high_res),(communicated_soil_data waypoint3),(communicated_soil_data waypoint1),(communicated_image_data objective2 low_res):False:4.0,7.0:164.0,30.0
> (communicated_soil_data waypoint2),(communicated_image_data objective1 high_res),(communicated_image_data objective2 high_res),(communicated_rock_data waypoint1):False:4.0,7.0:163.0,29.0
> (communicated_image_data objective0 high_res),(communicated_image_data objective2 high_res),(communicated_rock_data waypoint0),(communicated_soil_data waypoint1):True:4.0,5.0:163.0,29.0
rovers-optimal/30/rovers_p02_hyp-2_30_1.tar.bz2:1.91705203056:0.0625:1.72
> (communicated_image_data objective1 high_res),(communicated_soil_data waypoint3),(communicated_image_data objective0 low_res),(communicated_rock_data waypoint1):False:4.0,7.0:163.0,29.0
> (communicated_soil_data waypoint2),(communicated_image_data objective1 high_res),(communicated_image_data objective2 high_res),(communicated_rock_data waypoint0):True:4.0,6.0:163.0,29.0
> (communicated_image_data objective0 high_res),(communicated_image_data objective2 high_res),(communicated_soil_data waypoint3),(communicated_rock_data waypoint0):False:4.0,7.0:163.0,29.0
> (communicated_image_data objective0 high_res),(communicated_soil_data waypoint3),(communicated_soil_data waypoint1),(communicated_image_data objective2 low_res):False:4.0,8.0:164.0,30.0
> (communicated_soil_data waypoint2),(communicated_image_data objective1 high_res),(communicated_image_data objective2 high_res),(communicated_rock_data waypoint1):True:4.0,6.0:163.0,29.0
> (communicated_image_data objective0 high_res),(communicated_image_data objective2 high_res),(communicated_rock_data waypoint0),(communicated_soil_data waypoint1):False:4.0,7.0:163.0,29.0
rovers-optimal/30/rovers_p03_hyp-1_30_1.tar.bz2:1.91767096519:0.0625:1.68
> (communicated_soil_data waypoint2),(communicated_image_data objective1 high_res),(communicated_image_data objective2 high_res),(communicated_rock_data waypoint0):False:4.0,8.0:163.0,29.0
> (communicated_image_data objective0 high_res),(communicated_image_data objective1 high_res),(communicated_rock_data waypoint0),(communicated_soil_data waypoint1):False:4.0,8.0:163.0,29.0
> (communicated_image_data objective2 low_res),(communicated_rock_data waypoint0),(communicated_soil_data waypoint1),(communicated_image_data objective0 low_res):True:4.0,7.0:163.0,29.0
> (communicated_image_data objective2 high_res),(communicated_soil_data waypoint3),(communicated_rock_data waypoint0),(communicated_image_data objective0 low_res):False:4.0,8.0:163.0,29.0
> (communicated_soil_data waypoint2),(communicated_image_data objective0 high_res),(communicated_image_data objective1 high_res),(communicated_rock_data waypoint1):False:4.0,8.0:163.0,29.0
> (communicated_image_data objective1 low_res),(communicated_soil_data waypoint3),(communicated_image_data objective2 low_res),(communicated_rock_data waypoint1):True:4.0,7.0:163.0,29.0
rovers-optimal/30/rovers_p03_hyp-2_30_1.tar.bz2:2.02866101265:0.078125:1.82
> (communicated_soil_data waypoint2),(communicated_image_data objective1 high_res),(communicated_image_data objective2 high_res),(communicated_rock_data waypoint0):True:4.0,7.0:163.0,29.0
> (communicated_image_data objective0 high_res),(communicated_image_data objective1 high_res),(communicated_rock_data waypoint0),(communicated_soil_data waypoint1):True:4.0,7.0:163.0,29.0
> (communicated_image_data objective2 low_res),(communicated_rock_data waypoint0),(communicated_soil_data waypoint1),(communicated_image_data objective0 low_res):False:4.0,8.0:163.0,29.0
> (communicated_image_data objective2 high_res),(communicated_soil_data waypoint3),(communicated_rock_data waypoint0),(communicated_image_data objective0 low_res):False:4.0,8.0:163.0,29.0
> (communicated_soil_data waypoint2),(communicated_image_data objective0 high_res),(communicated_image_data objective1 high_res),(communicated_rock_data waypoint1):True:4.0,7.0:163.0,29.0
> (communicated_image_data objective1 low_res),(communicated_soil_data waypoint3),(communicated_image_data objective2 low_res),(communicated_rock_data waypoint1):False:4.0,8.0:163.0,29.0
rovers-optimal/50/rovers_p01_hyp-1_50_1.tar.bz2:1.94918608665:0.078125:1.8
> (communicated_image_data objective0 high_res),(communicated_soil_data waypoint3),(communicated_rock_data waypoint1):True:3.0,5.0:98.0,20.0
> (communicated_soil_data waypoint2),(communicated_image_data objective1 high_res),(communicated_rock_data waypoint1):False:3.0,6.0:96.0,18.0
> (communicated_rock_data waypoint3),(communicated_image_data objective2 high_res),(communicated_soil_data waypoint3):False:3.0,6.0:98.0,20.0
> (communicated_soil_data waypoint2),(communicated_image_data objective0 low_res),(communicated_rock_data waypoint1):False:3.0,6.0:96.0,18.0
> (communicated_soil_data waypoint2),(communicated_rock_data waypoint3),(communicated_image_data objective1 low_res):False:3.0,7.0:96.0,18.0
> (communicated_soil_data waypoint2),(communicated_image_data objective2 high_res),(communicated_rock_data waypoint1):False:3.0,6.0:96.0,18.0
rovers-optimal/50/rovers_p01_hyp-2_50_1.tar.bz2:2.12286996841:0.0625:1.75
> (communicated_image_data objective0 high_res),(communicated_soil_data waypoint3),(communicated_rock_data waypoint1):False:3.0,7.0:99.0,21.0
> (communicated_soil_data waypoint2),(communicated_image_data objective1 high_res),(communicated_rock_data waypoint1):True:3.0,6.0:97.0,19.0
> (communicated_rock_data waypoint3),(communicated_image_data objective2 high_res),(communicated_soil_data waypoint3):False:3.0,8.0:99.0,21.0
> (communicated_soil_data waypoint2),(communicated_image_data objective0 low_res),(communicated_rock_data waypoint1):True:3.0,6.0:97.0,19.0
> (communicated_soil_data waypoint2),(communicated_rock_data waypoint3),(communicated_image_data objective1 low_res):False:3.0,7.0:97.0,19.0
> (communicated_soil_data waypoint2),(communicated_image_data objective2 high_res),(communicated_rock_data waypoint1):True:3.0,6.0:97.0,19.0
rovers-optimal/50/rovers_p02_hyp-1_50_1.tar.bz2:2.25723314285:0.0625:1.94
> (communicated_image_data objective1 high_res),(communicated_soil_data waypoint3),(communicated_image_data objective0 low_res),(communicated_rock_data waypoint1):False:4.0,10.0:165.0,31.0
> (communicated_soil_data waypoint2),(communicated_image_data objective1 high_res),(communicated_image_data objective2 high_res),(communicated_rock_data waypoint0):False:4.0,9.0:165.0,31.0
> (communicated_image_data objective0 high_res),(communicated_image_data objective2 high_res),(communicated_soil_data waypoint3),(communicated_rock_data waypoint0):False:4.0,8.0:165.0,31.0
> (communicated_image_data objective0 high_res),(communicated_soil_data waypoint3),(communicated_soil_data waypoint1),(communicated_image_data objective2 low_res):False:4.0,8.0:166.0,32.0
> (communicated_soil_data waypoint2),(communicated_image_data objective1 high_res),(communicated_image_data objective2 high_res),(communicated_rock_data waypoint1):False:4.0,10.0:165.0,31.0
> (communicated_image_data objective0 high_res),(communicated_image_data objective2 high_res),(communicated_rock_data waypoint0),(communicated_soil_data waypoint1):True:4.0,7.0:165.0,31.0
rovers-optimal/50/rovers_p02_hyp-2_50_1.tar.bz2:2.06343603134:0.046875:1.78
> (communicated_image_data objective1 high_res),(communicated_soil_data waypoint3),(communicated_image_data objective0 low_res),(communicated_rock_data waypoint1):False:4.0,10.0:166.0,32.0
> (communicated_soil_data waypoint2),(communicated_image_data objective1 high_res),(communicated_image_data objective2 high_res),(communicated_rock_data waypoint0):False:4.0,10.0:166.0,32.0
> (communicated_image_data objective0 high_res),(communicated_image_data objective2 high_res),(communicated_soil_data waypoint3),(communicated_rock_data waypoint0):False:4.0,10.0:166.0,32.0
> (communicated_image_data objective0 high_res),(communicated_soil_data waypoint3),(communicated_soil_data waypoint1),(communicated_image_data objective2 low_res):False:4.0,11.0:167.0,33.0
> (communicated_soil_data waypoint2),(communicated_image_data objective1 high_res),(communicated_image_data objective2 high_res),(communicated_rock_data waypoint1):True:4.0,9.0:166.0,32.0
> (communicated_image_data objective0 high_res),(communicated_image_data objective2 high_res),(communicated_rock_data waypoint0),(communicated_soil_data waypoint1):False:4.0,10.0:166.0,32.0
rovers-optimal/50/rovers_p03_hyp-1_50_1.tar.bz2:1.80805110931:0.0625:1.6
> (communicated_soil_data waypoint2),(communicated_image_data objective1 high_res),(communicated_image_data objective2 high_res),(communicated_rock_data waypoint0):False:4.0,10.0:165.0,31.0
> (communicated_image_data objective0 high_res),(communicated_image_data objective1 high_res),(communicated_rock_data waypoint0),(communicated_soil_data waypoint1):False:4.0,9.0:165.0,31.0
> (communicated_image_data objective2 low_res),(communicated_rock_data waypoint0),(communicated_soil_data waypoint1),(communicated_image_data objective0 low_res):True:4.0,7.0:165.0,31.0
> (communicated_image_data objective2 high_res),(communicated_soil_data waypoint3),(communicated_rock_data waypoint0),(communicated_image_data objective0 low_res):False:4.0,9.0:165.0,31.0
> (communicated_soil_data waypoint2),(communicated_image_data objective0 high_res),(communicated_image_data objective1 high_res),(communicated_rock_data waypoint1):False:4.0,10.0:165.0,31.0
> (communicated_image_data objective1 low_res),(communicated_soil_data waypoint3),(communicated_image_data objective2 low_res),(communicated_rock_data waypoint1):False:4.0,9.0:165.0,31.0
rovers-optimal/50/rovers_p03_hyp-2_50_1.tar.bz2:1.57383704185:0.0625:1.39
> (communicated_soil_data waypoint2),(communicated_image_data objective1 high_res),(communicated_image_data objective2 high_res),(communicated_rock_data waypoint0):True:4.0,8.0:165.0,31.0
> (communicated_image_data objective0 high_res),(communicated_image_data objective1 high_res),(communicated_rock_data waypoint0),(communicated_soil_data waypoint1):False:4.0,9.0:165.0,31.0
> (communicated_image_data objective2 low_res),(communicated_rock_data waypoint0),(communicated_soil_data waypoint1),(communicated_image_data objective0 low_res):False:4.0,9.0:165.0,31.0
> (communicated_image_data objective2 high_res),(communicated_soil_data waypoint3),(communicated_rock_data waypoint0),(communicated_image_data objective0 low_res):False:4.0,9.0:165.0,31.0
> (communicated_soil_data waypoint2),(communicated_image_data objective0 high_res),(communicated_image_data objective1 high_res),(communicated_rock_data waypoint1):False:4.0,9.0:165.0,31.0
> (communicated_image_data objective1 low_res),(communicated_soil_data waypoint3),(communicated_image_data objective2 low_res),(communicated_rock_data waypoint1):False:4.0,10.0:165.0,31.0
rovers-optimal/70/rovers_p01_hyp-1_70_1.tar.bz2:1.72316193581:0.046875:1.23
> (communicated_image_data objective0 high_res),(communicated_soil_data waypoint3),(communicated_rock_data waypoint1):True:3.0,6.0:100.0,22.0
> (communicated_soil_data waypoint2),(communicated_image_data objective1 high_res),(communicated_rock_data waypoint1):False:3.0,8.0:98.0,20.0
> (communicated_rock_data waypoint3),(communicated_image_data objective2 high_res),(communicated_soil_data waypoint3):False:3.0,8.0:100.0,22.0
> (communicated_soil_data waypoint2),(communicated_image_data objective0 low_res),(communicated_rock_data waypoint1):False:3.0,8.0:98.0,20.0
> (communicated_soil_data waypoint2),(communicated_rock_data waypoint3),(communicated_image_data objective1 low_res):False:3.0,9.0:98.0,20.0
> (communicated_soil_data waypoint2),(communicated_image_data objective2 high_res),(communicated_rock_data waypoint1):False:3.0,8.0:98.0,20.0
rovers-optimal/70/rovers_p01_hyp-2_70_1.tar.bz2:1.40313982964:0.0625:1.22
> (communicated_image_data objective0 high_res),(communicated_soil_data waypoint3),(communicated_rock_data waypoint1):False:3.0,10.0:101.0,23.0
> (communicated_soil_data waypoint2),(communicated_image_data objective1 high_res),(communicated_rock_data waypoint1):True:3.0,8.0:99.0,21.0
> (communicated_rock_data waypoint3),(communicated_image_data objective2 high_res),(communicated_soil_data waypoint3):False:3.0,10.0:101.0,23.0
> (communicated_soil_data waypoint2),(communicated_image_data objective0 low_res),(communicated_rock_data waypoint1):False:3.0,9.0:99.0,21.0
> (communicated_soil_data waypoint2),(communicated_rock_data waypoint3),(communicated_image_data objective1 low_res):False:3.0,9.0:99.0,21.0
> (communicated_soil_data waypoint2),(communicated_image_data objective2 high_res),(communicated_rock_data waypoint1):False:3.0,9.0:99.0,21.0
rovers-optimal/70/rovers_p02_hyp-1_70_1.tar.bz2:1.46220493317:0.0625:1.32
> (communicated_image_data objective1 high_res),(communicated_soil_data waypoint3),(communicated_image_data objective0 low_res),(communicated_rock_data waypoint1):False:4.0,12.0:167.0,33.0
> (communicated_soil_data waypoint2),(communicated_image_data objective1 high_res),(communicated_image_data objective2 high_res),(communicated_rock_data waypoint0):False:4.0,11.0:167.0,33.0
> (communicated_image_data objective0 high_res),(communicated_image_data objective2 high_res),(communicated_soil_data waypoint3),(communicated_rock_data waypoint0):False:4.0,11.0:167.0,33.0
> (communicated_image_data objective0 high_res),(communicated_soil_data waypoint3),(communicated_soil_data waypoint1),(communicated_image_data objective2 low_res):False:4.0,11.0:168.0,34.0
> (communicated_soil_data waypoint2),(communicated_image_data objective1 high_res),(communicated_image_data objective2 high_res),(communicated_rock_data waypoint1):False:4.0,11.0:167.0,33.0
> (communicated_image_data objective0 high_res),(communicated_image_data objective2 high_res),(communicated_rock_data waypoint0),(communicated_soil_data waypoint1):True:4.0,10.0:167.0,33.0
rovers-optimal/70/rovers_p02_hyp-2_70_1.tar.bz2:1.47555398941:0.078125:1.24
> (communicated_image_data objective1 high_res),(communicated_soil_data waypoint3),(communicated_image_data objective0 low_res),(communicated_rock_data waypoint1):False:4.0,12.0:169.0,35.0
> (communicated_soil_data waypoint2),(communicated_image_data objective1 high_res),(communicated_image_data objective2 high_res),(communicated_rock_data waypoint0):False:4.0,12.0:169.0,35.0
> (communicated_image_data objective0 high_res),(communicated_image_data objective2 high_res),(communicated_soil_data waypoint3),(communicated_rock_data waypoint0):False:4.0,14.0:169.0,35.0
> (communicated_image_data objective0 high_res),(communicated_soil_data waypoint3),(communicated_soil_data waypoint1),(communicated_image_data objective2 low_res):False:4.0,14.0:170.0,36.0
> (communicated_soil_data waypoint2),(communicated_image_data objective1 high_res),(communicated_image_data objective2 high_res),(communicated_rock_data waypoint1):True:4.0,11.0:169.0,35.0
> (communicated_image_data objective0 high_res),(communicated_image_data objective2 high_res),(communicated_rock_data waypoint0),(communicated_soil_data waypoint1):False:4.0,14.0:169.0,35.0
rovers-optimal/70/rovers_p03_hyp-1_70_1.tar.bz2:1.66970896721:0.03125:1.27
> (communicated_soil_data waypoint2),(communicated_image_data objective1 high_res),(communicated_image_data objective2 high_res),(communicated_rock_data waypoint0):False:4.0,11.0:167.0,33.0
> (communicated_image_data objective0 high_res),(communicated_image_data objective1 high_res),(communicated_rock_data waypoint0),(communicated_soil_data waypoint1):False:4.0,10.0:167.0,33.0
> (communicated_image_data objective2 low_res),(communicated_rock_data waypoint0),(communicated_soil_data waypoint1),(communicated_image_data objective0 low_res):True:4.0,9.0:167.0,33.0
> (communicated_image_data objective2 high_res),(communicated_soil_data waypoint3),(communicated_rock_data waypoint0),(communicated_image_data objective0 low_res):False:4.0,10.0:167.0,33.0
> (communicated_soil_data waypoint2),(communicated_image_data objective0 high_res),(communicated_image_data objective1 high_res),(communicated_rock_data waypoint1):False:4.0,12.0:167.0,33.0
> (communicated_image_data objective1 low_res),(communicated_soil_data waypoint3),(communicated_image_data objective2 low_res),(communicated_rock_data waypoint1):False:4.0,12.0:167.0,33.0
rovers-optimal/70/rovers_p03_hyp-2_70_1.tar.bz2:1.53317308426:0.046875:1.36
> (communicated_soil_data waypoint2),(communicated_image_data objective1 high_res),(communicated_image_data objective2 high_res),(communicated_rock_data waypoint0):True:4.0,11.0:168.0,34.0
> (communicated_image_data objective0 high_res),(communicated_image_data objective1 high_res),(communicated_rock_data waypoint0),(communicated_soil_data waypoint1):True:4.0,11.0:168.0,34.0
> (communicated_image_data objective2 low_res),(communicated_rock_data waypoint0),(communicated_soil_data waypoint1),(communicated_image_data objective0 low_res):False:4.0,12.0:168.0,34.0
> (communicated_image_data objective2 high_res),(communicated_soil_data waypoint3),(communicated_rock_data waypoint0),(communicated_image_data objective0 low_res):False:4.0,12.0:168.0,34.0
> (communicated_soil_data waypoint2),(communicated_image_data objective0 high_res),(communicated_image_data objective1 high_res),(communicated_rock_data waypoint1):False:4.0,12.0:168.0,34.0
> (communicated_image_data objective1 low_res),(communicated_soil_data waypoint3),(communicated_image_data objective2 low_res),(communicated_rock_data waypoint1):False:4.0,13.0:168.0,34.0
rovers-optimal/100/rovers_p01_hyp-1_full.tar.bz2:1.44281697273:0.0625:1.22
> (communicated_image_data objective0 high_res),(communicated_soil_data waypoint3),(communicated_rock_data waypoint1):True:3.0,8.0:102.0,24.0
> (communicated_soil_data waypoint2),(communicated_image_data objective1 high_res),(communicated_rock_data waypoint1):False:3.0,10.0:100.0,22.0
> (communicated_rock_data waypoint3),(communicated_image_data objective2 high_res),(communicated_soil_data waypoint3):False:3.0,10.0:102.0,24.0
> (communicated_soil_data waypoint2),(communicated_image_data objective0 low_res),(communicated_rock_data waypoint1):False:3.0,10.0:100.0,22.0
> (communicated_soil_data waypoint2),(communicated_rock_data waypoint3),(communicated_image_data objective1 low_res):False:3.0,11.0:100.0,22.0
> (communicated_soil_data waypoint2),(communicated_image_data objective2 high_res),(communicated_rock_data waypoint1):False:3.0,10.0:100.0,22.0
rovers-optimal/100/rovers_p01_hyp-2_full.tar.bz2:1.54302692413:0.046875:1.26
> (communicated_image_data objective0 high_res),(communicated_soil_data waypoint3),(communicated_rock_data waypoint1):False:3.0,11.0:103.0,25.0
> (communicated_soil_data waypoint2),(communicated_image_data objective1 high_res),(communicated_rock_data waypoint1):True:3.0,9.0:101.0,23.0
> (communicated_rock_data waypoint3),(communicated_image_data objective2 high_res),(communicated_soil_data waypoint3):False:3.0,12.0:103.0,25.0
> (communicated_soil_data waypoint2),(communicated_image_data objective0 low_res),(communicated_rock_data waypoint1):False:3.0,10.0:101.0,23.0
> (communicated_soil_data waypoint2),(communicated_rock_data waypoint3),(communicated_image_data objective1 low_res):False:3.0,11.0:101.0,23.0
> (communicated_soil_data waypoint2),(communicated_image_data objective2 high_res),(communicated_rock_data waypoint1):False:3.0,10.0:101.0,23.0
rovers-optimal/100/rovers_p02_hyp-1_full.tar.bz2:1.49273300171:0.046875:1.3
> (communicated_image_data objective1 high_res),(communicated_soil_data waypoint3),(communicated_image_data objective0 low_res),(communicated_rock_data waypoint1):False:4.0,15.0:170.0,36.0
> (communicated_soil_data waypoint2),(communicated_image_data objective1 high_res),(communicated_image_data objective2 high_res),(communicated_rock_data waypoint0):False:4.0,13.0:170.0,36.0
> (communicated_image_data objective0 high_res),(communicated_image_data objective2 high_res),(communicated_soil_data waypoint3),(communicated_rock_data waypoint0):False:4.0,12.0:170.0,36.0
> (communicated_image_data objective0 high_res),(communicated_soil_data waypoint3),(communicated_soil_data waypoint1),(communicated_image_data objective2 low_res):False:4.0,13.0:171.0,37.0
> (communicated_soil_data waypoint2),(communicated_image_data objective1 high_res),(communicated_image_data objective2 high_res),(communicated_rock_data waypoint1):False:4.0,14.0:170.0,36.0
> (communicated_image_data objective0 high_res),(communicated_image_data objective2 high_res),(communicated_rock_data waypoint0),(communicated_soil_data waypoint1):True:4.0,11.0:170.0,36.0
rovers-optimal/100/rovers_p02_hyp-2_full.tar.bz2:1.46862912178:0.046875:1.32
> (communicated_image_data objective1 high_res),(communicated_soil_data waypoint3),(communicated_image_data objective0 low_res),(communicated_rock_data waypoint1):False:4.0,15.0:172.0,38.0
> (communicated_soil_data waypoint2),(communicated_image_data objective1 high_res),(communicated_image_data objective2 high_res),(communicated_rock_data waypoint0):False:4.0,14.0:172.0,38.0
> (communicated_image_data objective0 high_res),(communicated_image_data objective2 high_res),(communicated_soil_data waypoint3),(communicated_rock_data waypoint0):False:4.0,16.0:172.0,38.0
> (communicated_image_data objective0 high_res),(communicated_soil_data waypoint3),(communicated_soil_data waypoint1),(communicated_image_data objective2 low_res):False:4.0,17.0:173.0,39.0
> (communicated_soil_data waypoint2),(communicated_image_data objective1 high_res),(communicated_image_data objective2 high_res),(communicated_rock_data waypoint1):True:4.0,13.0:172.0,38.0
> (communicated_image_data objective0 high_res),(communicated_image_data objective2 high_res),(communicated_rock_data waypoint0),(communicated_soil_data waypoint1):False:4.0,16.0:172.0,38.0
rovers-optimal/100/rovers_p03_hyp-1_full.tar.bz2:1.505423069:0.03125:1.22
> (communicated_soil_data waypoint2),(communicated_image_data objective1 high_res),(communicated_image_data objective2 high_res),(communicated_rock_data waypoint0):False:4.0,14.0:169.0,35.0
> (communicated_image_data objective0 high_res),(communicated_image_data objective1 high_res),(communicated_rock_data waypoint0),(communicated_soil_data waypoint1):False:4.0,13.0:169.0,35.0
> (communicated_image_data objective2 low_res),(communicated_rock_data waypoint0),(communicated_soil_data waypoint1),(communicated_image_data objective0 low_res):True:4.0,11.0:169.0,35.0
> (communicated_image_data objective2 high_res),(communicated_soil_data waypoint3),(communicated_rock_data waypoint0),(communicated_image_data objective0 low_res):False:4.0,13.0:169.0,35.0
> (communicated_soil_data waypoint2),(communicated_image_data objective0 high_res),(communicated_image_data objective1 high_res),(communicated_rock_data waypoint1):False:4.0,15.0:169.0,35.0
> (communicated_image_data objective1 low_res),(communicated_soil_data waypoint3),(communicated_image_data objective2 low_res),(communicated_rock_data waypoint1):False:4.0,14.0:169.0,35.0
rovers-optimal/100/rovers_p03_hyp-2_full.tar.bz2:1.48378300667:0.03125:1.24
> (communicated_soil_data waypoint2),(communicated_image_data objective1 high_res),(communicated_image_data objective2 high_res),(communicated_rock_data waypoint0):True:4.0,12.0:171.0,37.0
> (communicated_image_data objective0 high_res),(communicated_image_data objective1 high_res),(communicated_rock_data waypoint0),(communicated_soil_data waypoint1):False:4.0,14.0:171.0,37.0
> (communicated_image_data objective2 low_res),(communicated_rock_data waypoint0),(communicated_soil_data waypoint1),(communicated_image_data objective0 low_res):False:4.0,15.0:171.0,37.0
> (communicated_image_data objective2 high_res),(communicated_soil_data waypoint3),(communicated_rock_data waypoint0),(communicated_image_data objective0 low_res):False:4.0,14.0:171.0,37.0
> (communicated_soil_data waypoint2),(communicated_image_data objective0 high_res),(communicated_image_data objective1 high_res),(communicated_rock_data waypoint1):False:4.0,14.0:171.0,37.0
> (communicated_image_data objective1 low_res),(communicated_soil_data waypoint3),(communicated_image_data objective2 low_res),(communicated_rock_data waypoint1):False:4.0,16.0:171.0,37.0
