rovers-optimal-old-noisy/10/rovers_noisy_p01_hyp-1_10_1.tar.bz2:0.64413189888:0.0686791:0.64
> 0:True:6,7:8177,893
> 1:True:6,7:8177,893
> 2:True:6,7:8177,893
> 3:True:6,7:8177,893
> 4:True:7,8:8177,893
> 5:True:7,8:8177,893
rovers-optimal-old-noisy/10/rovers_noisy_p01_hyp-1_10_2.tar.bz2:0.646680116653:0.06024918:0.65
> 0:True:6,7:8177,893
> 1:True:6,7:8177,893
> 2:True:6,7:8177,893
> 3:True:6,7:8177,893
> 4:True:7,8:8177,893
> 5:True:7,8:8177,893
rovers-optimal-old-noisy/10/rovers_noisy_p01_hyp-1_10_3.tar.bz2:0.658418178558:0.06254102:0.67
> 0:True:6,7:8177,893
> 1:True:6,7:8177,893
> 2:True:6,7:8177,893
> 3:False:6,9:8177,893
> 4:True:7,8:8177,893
> 5:False:7,9:8177,893
rovers-optimal-old-noisy/10/rovers_noisy_p01_hyp-2_10_1.tar.bz2:0.659680843353:0.06371861:0.66
> 0:False:6,7:8177,893
> 1:False:6,7:8177,893
> 2:False:6,7:8177,893
> 3:False:6,7:8177,893
> 4:True:7,7:8177,893
> 5:True:7,7:8177,893
rovers-optimal-old-noisy/10/rovers_noisy_p01_hyp-2_10_2.tar.bz2:0.655048847198:0.05946959:0.66
> 0:False:6,7:8177,893
> 1:False:6,7:8177,893
> 2:False:6,7:8177,893
> 3:False:6,7:8177,893
> 4:True:7,7:8177,893
> 5:True:7,7:8177,893
rovers-optimal-old-noisy/10/rovers_noisy_p01_hyp-2_10_3.tar.bz2:0.637622117996:0.06434324:0.63
> 0:True:6,7:8177,893
> 1:True:6,7:8177,893
> 2:True:6,7:8177,893
> 3:False:6,9:8177,893
> 4:True:7,8:8177,893
> 5:False:7,9:8177,893
rovers-optimal-old-noisy/10/rovers_noisy_p01_hyp-3_10_1.tar.bz2:0.634538173676:0.06158541:0.63
> 0:True:6,7:8177,893
> 1:True:6,7:8177,893
> 2:True:6,7:8177,893
> 3:False:6,9:8177,893
> 4:True:7,8:8177,893
> 5:False:7,9:8177,893
rovers-optimal-old-noisy/10/rovers_noisy_p01_hyp-3_10_2.tar.bz2:0.63698887825:0.05417614:0.64
> 0:False:6,7:8177,893
> 1:False:6,7:8177,893
> 2:False:6,7:8177,893
> 3:False:6,7:8177,893
> 4:True:7,7:8177,893
> 5:True:7,7:8177,893
rovers-optimal-old-noisy/10/rovers_noisy_p01_hyp-3_10_3.tar.bz2:0.630191087723:0.0587638:0.63
> 0:False:6,7:8178,896
> 1:False:6,7:8178,896
> 2:False:6,7:8178,896
> 3:False:6,7:8178,896
> 4:True:7,7:8178,896
> 5:True:7,7:8178,896
rovers-optimal-old-noisy/10/rovers_noisy_p01_hyp-4_10_1.tar.bz2:0.638908863068:0.06464841:0.63
> 0:False:6,8:8178,896
> 1:False:6,8:8178,896
> 2:True:6,7:8178,896
> 3:True:6,7:8178,896
> 4:False:7,9:8178,896
> 5:False:7,9:8178,896
rovers-optimal-old-noisy/10/rovers_noisy_p01_hyp-4_10_2.tar.bz2:0.650707006454:0.06263653:0.65
> 0:False:6,9:8178,896
> 1:False:6,9:8178,896
> 2:True:6,7:8178,896
> 3:True:6,7:8178,896
> 4:True:7,8:8178,896
> 5:False:7,9:8178,896
rovers-optimal-old-noisy/10/rovers_noisy_p01_hyp-4_10_3.tar.bz2:0.637576818466:0.0547625:0.65
> 0:False:6,9:8177,893
> 1:False:6,9:8177,893
> 2:True:6,7:8177,893
> 3:True:6,7:8177,893
> 4:False:7,10:8177,893
> 5:False:7,10:8177,893
rovers-optimal-old-noisy/10/rovers_noisy_p02_hyp-1_10_1.tar.bz2:0.760316848755:0.0963791:0.76
> 0:True:7,10:16055,1478
> 1:False:7,11:16055,1478
> 2:True:8,11:16055,1478
> 3:False:7,11:16055,1478
> 4:True:8,11:16055,1478
> 5:True:7,10:16055,1478
rovers-optimal-old-noisy/10/rovers_noisy_p02_hyp-1_10_2.tar.bz2:0.778276920319:0.1041708:0.78
> 0:False:7,8:16055,1478
> 1:False:7,10:16055,1478
> 2:True:8,8:16055,1478
> 3:False:7,8:16055,1478
> 4:False:8,10:16055,1478
> 5:False:7,10:16055,1478
rovers-optimal-old-noisy/10/rovers_noisy_p02_hyp-1_10_3.tar.bz2:0.74372792244:0.0909543:0.74
> 0:True:7,10:16055,1478
> 1:True:7,10:16055,1478
> 2:True:8,11:16055,1478
> 3:True:7,10:16055,1478
> 4:True:8,11:16055,1478
> 5:True:7,10:16055,1478
rovers-optimal-old-noisy/10/rovers_noisy_p02_hyp-2_10_1.tar.bz2:0.744955062866:0.0890792:0.75
> 0:False:7,10:16054,1475
> 1:False:7,10:16054,1475
> 2:True:8,10:16054,1475
> 3:False:7,10:16054,1475
> 4:True:8,10:16054,1475
> 5:False:7,10:16054,1475
rovers-optimal-old-noisy/10/rovers_noisy_p02_hyp-2_10_2.tar.bz2:0.747454166412:0.0975679:0.74
> 0:False:7,11:16055,1478
> 1:False:7,10:16055,1478
> 2:False:8,11:16055,1478
> 3:False:7,11:16055,1478
> 4:True:8,10:16055,1478
> 5:False:7,11:16055,1478
rovers-optimal-old-noisy/10/rovers_noisy_p02_hyp-2_10_3.tar.bz2:0.754322052002:0.098062:0.76
> 0:False:7,10:16055,1478
> 1:False:7,10:16055,1478
> 2:True:8,10:16055,1478
> 3:False:7,10:16055,1478
> 4:True:8,10:16055,1478
> 5:False:7,10:16055,1478
rovers-optimal-old-noisy/10/rovers_noisy_p02_hyp-3_10_1.tar.bz2:0.743878126144:0.0814238:0.75
> 0:False:7,10:16054,1475
> 1:False:7,12:16054,1475
> 2:True:8,10:16054,1475
> 3:False:7,10:16054,1475
> 4:False:8,12:16054,1475
> 5:False:7,11:16054,1475
rovers-optimal-old-noisy/10/rovers_noisy_p02_hyp-3_10_2.tar.bz2:0.749627113342:0.0957658:0.74
> 0:False:7,11:16055,1478
> 1:False:7,11:16055,1478
> 2:True:8,11:16055,1478
> 3:False:7,11:16055,1478
> 4:True:8,11:16055,1478
> 5:False:7,11:16055,1478
rovers-optimal-old-noisy/10/rovers_noisy_p02_hyp-3_10_3.tar.bz2:0.75280380249:0.0854214:0.75
> 0:False:7,10:16054,1475
> 1:False:7,11:16054,1475
> 2:True:8,10:16054,1475
> 3:False:7,11:16054,1475
> 4:False:8,11:16054,1475
> 5:False:7,10:16054,1475
rovers-optimal-old-noisy/10/rovers_noisy_p02_hyp-4_10_1.tar.bz2:0.755803108215:0.0973587:0.75
> 0:False:7,9:16054,1475
> 1:False:7,9:16054,1475
> 2:True:8,9:16054,1475
> 3:False:7,9:16054,1475
> 4:True:8,9:16054,1475
> 5:True:7,8:16054,1475
rovers-optimal-old-noisy/10/rovers_noisy_p02_hyp-4_10_2.tar.bz2:0.75563788414:0.0934779:0.76
> 0:False:7,10:16054,1475
> 1:True:7,9:16054,1475
> 2:False:8,11:16054,1475
> 3:True:7,9:16054,1475
> 4:True:8,10:16054,1475
> 5:False:7,11:16054,1475
rovers-optimal-old-noisy/10/rovers_noisy_p02_hyp-4_10_3.tar.bz2:0.778393030167:0.0956416:0.78
> 0:False:7,11:16055,1478
> 1:True:7,10:16055,1478
> 2:True:8,11:16055,1478
> 3:True:7,10:16055,1478
> 4:True:8,11:16055,1478
> 5:False:7,11:16055,1478
rovers-optimal-old-noisy/10/rovers_noisy_p03_hyp-1_10_1.tar.bz2:0.762173175812:0.0967795:0.77
> 0:True:7,9:16055,1478
> 1:False:7,12:16055,1478
> 2:False:7,12:16055,1478
> 3:False:7,11:16055,1478
> 4:False:8,13:16055,1478
> 5:False:8,11:16055,1478
rovers-optimal-old-noisy/10/rovers_noisy_p03_hyp-1_10_2.tar.bz2:0.757014989853:0.0939587:0.76
> 0:False:7,9:16055,1478
> 1:False:7,10:16055,1478
> 2:False:7,10:16055,1478
> 3:False:7,10:16055,1478
> 4:True:8,9:16055,1478
> 5:False:8,11:16055,1478
rovers-optimal-old-noisy/10/rovers_noisy_p03_hyp-1_10_3.tar.bz2:0.753999948502:0.0940451:0.75
> 0:True:7,9:16055,1478
> 1:True:7,9:16055,1478
> 2:False:7,10:16055,1478
> 3:True:7,9:16055,1478
> 4:True:8,10:16055,1478
> 5:False:8,11:16055,1478
rovers-optimal-old-noisy/10/rovers_noisy_p03_hyp-2_10_1.tar.bz2:0.777420043945:0.0961365:0.78
> 0:False:7,10:16055,1478
> 1:True:7,9:16055,1478
> 2:True:7,9:16055,1478
> 3:False:7,10:16055,1478
> 4:True:8,10:16055,1478
> 5:True:8,10:16055,1478
rovers-optimal-old-noisy/10/rovers_noisy_p03_hyp-2_10_2.tar.bz2:0.768575906754:0.0964301:0.77
> 0:False:7,9:16055,1478
> 1:False:7,9:16055,1478
> 2:False:7,11:16055,1478
> 3:False:7,9:16055,1478
> 4:True:8,9:16055,1478
> 5:False:8,11:16055,1478
rovers-optimal-old-noisy/10/rovers_noisy_p03_hyp-2_10_3.tar.bz2:0.769982099533:0.0885427:0.77
> 0:True:7,7:16054,1475
> 1:True:7,7:16054,1475
> 2:False:7,9:16054,1475
> 3:True:7,7:16054,1475
> 4:True:8,8:16054,1475
> 5:False:8,10:16054,1475
rovers-optimal-old-noisy/10/rovers_noisy_p03_hyp-3_10_1.tar.bz2:0.757298946381:0.0896958:0.76
> 0:False:7,13:16055,1478
> 1:True:7,10:16055,1478
> 2:True:7,10:16055,1478
> 3:False:7,11:16055,1478
> 4:False:8,13:16055,1478
> 5:False:8,12:16055,1478
rovers-optimal-old-noisy/10/rovers_noisy_p03_hyp-3_10_2.tar.bz2:0.767304897308:0.0939294:0.77
> 0:True:7,10:16054,1475
> 1:True:7,10:16054,1475
> 2:True:7,10:16054,1475
> 3:True:7,10:16054,1475
> 4:True:8,11:16054,1475
> 5:True:8,11:16054,1475
rovers-optimal-old-noisy/10/rovers_noisy_p03_hyp-3_10_3.tar.bz2:0.788661003113:0.0966459:0.79
> 0:False:7,10:16055,1478
> 1:False:7,10:16055,1478
> 2:True:7,8:16055,1478
> 3:False:7,10:16055,1478
> 4:False:8,10:16055,1478
> 5:True:8,9:16055,1478
rovers-optimal-old-noisy/10/rovers_noisy_p03_hyp-4_10_1.tar.bz2:0.78866481781:0.0997159:0.79
> 0:False:7,8:16055,1478
> 1:False:7,8:16055,1478
> 2:False:7,9:16055,1478
> 3:False:7,8:16055,1478
> 4:True:8,8:16055,1478
> 5:False:8,9:16055,1478
rovers-optimal-old-noisy/10/rovers_noisy_p03_hyp-4_10_2.tar.bz2:0.74956703186:0.0909979:0.74
> 0:True:7,10:16054,1475
> 1:False:7,11:16054,1475
> 2:False:7,11:16054,1475
> 3:True:7,10:16054,1475
> 4:False:8,12:16054,1475
> 5:False:8,12:16054,1475
rovers-optimal-old-noisy/10/rovers_noisy_p03_hyp-4_10_3.tar.bz2:0.756974935532:0.087552:0.75
> 0:False:7,10:16054,1475
> 1:False:7,10:16054,1475
> 2:True:7,9:16054,1475
> 3:True:7,9:16054,1475
> 4:False:8,11:16054,1475
> 5:False:8,11:16054,1475
rovers-optimal-old-noisy/30/rovers_noisy_p01_hyp-1_30_1.tar.bz2:0.66589307785:0.0727878:0.66
> 0:True:6,8:8180,902
> 1:False:6,11:8180,902
> 2:False:6,11:8180,902
> 3:False:6,10:8180,902
> 4:False:7,12:8180,902
> 5:False:7,12:8180,902
rovers-optimal-old-noisy/30/rovers_noisy_p01_hyp-1_30_2.tar.bz2:0.662400960922:0.0652927:0.66
> 0:True:6,8:8180,902
> 1:False:6,10:8180,902
> 2:False:6,10:8180,902
> 3:False:6,10:8180,902
> 4:False:7,11:8180,902
> 5:False:7,11:8180,902
rovers-optimal-old-noisy/30/rovers_noisy_p01_hyp-1_30_3.tar.bz2:0.659375905991:0.05976133:0.65
> 0:True:6,8:8180,902
> 1:False:6,9:8180,902
> 2:False:6,9:8180,902
> 3:False:6,9:8180,902
> 4:False:7,10:8180,902
> 5:False:7,10:8180,902
rovers-optimal-old-noisy/30/rovers_noisy_p01_hyp-2_30_1.tar.bz2:0.665831804276:0.0568309:0.67
> 0:False:6,10:8179,899
> 1:True:6,8:8179,899
> 2:False:6,9:8179,899
> 3:False:6,11:8179,899
> 4:False:7,10:8179,899
> 5:False:7,12:8179,899
rovers-optimal-old-noisy/30/rovers_noisy_p01_hyp-2_30_2.tar.bz2:0.627331972122:0.05528596:0.63
> 0:False:6,9:8179,899
> 1:True:6,8:8179,899
> 2:False:6,9:8179,899
> 3:False:6,9:8179,899
> 4:False:7,10:8179,899
> 5:False:7,10:8179,899
rovers-optimal-old-noisy/30/rovers_noisy_p01_hyp-2_30_3.tar.bz2:0.651251077652:0.06410999:0.66
> 0:True:6,7:8180,902
> 1:True:6,7:8180,902
> 2:True:6,7:8180,902
> 3:False:6,9:8180,902
> 4:True:7,8:8180,902
> 5:False:7,9:8180,902
rovers-optimal-old-noisy/30/rovers_noisy_p01_hyp-3_30_1.tar.bz2:0.660705089569:0.071273:0.66
> 0:False:6,10:8180,902
> 1:False:6,9:8180,902
> 2:True:6,8:8180,902
> 3:False:6,9:8180,902
> 4:False:7,10:8180,902
> 5:False:7,11:8180,902
rovers-optimal-old-noisy/30/rovers_noisy_p01_hyp-3_30_2.tar.bz2:0.632760047913:0.04929981:0.63
> 0:True:6,8:8179,899
> 1:True:6,8:8179,899
> 2:True:6,8:8179,899
> 3:True:6,8:8179,899
> 4:True:7,9:8179,899
> 5:True:7,9:8179,899
rovers-optimal-old-noisy/30/rovers_noisy_p01_hyp-3_30_3.tar.bz2:0.648706912994:0.07032718:0.64
> 0:False:6,11:8180,902
> 1:False:6,10:8180,902
> 2:True:6,9:8180,902
> 3:False:6,11:8180,902
> 4:False:7,11:8180,902
> 5:False:7,11:8180,902
rovers-optimal-old-noisy/30/rovers_noisy_p01_hyp-4_30_1.tar.bz2:0.63933300972:0.0657927:0.63
> 0:False:6,10:8180,902
> 1:False:6,12:8180,902
> 2:False:6,10:8180,902
> 3:True:6,8:8180,902
> 4:False:7,12:8180,902
> 5:False:7,12:8180,902
rovers-optimal-old-noisy/30/rovers_noisy_p01_hyp-4_30_2.tar.bz2:0.652570962906:0.06690922:0.65
> 0:False:6,9:8180,902
> 1:False:6,9:8180,902
> 2:False:6,9:8180,902
> 3:True:6,8:8180,902
> 4:False:7,10:8180,902
> 5:True:7,9:8180,902
rovers-optimal-old-noisy/30/rovers_noisy_p01_hyp-4_30_3.tar.bz2:0.654919862747:0.0656034:0.65
> 0:True:6,8:8180,902
> 1:False:6,9:8180,902
> 2:True:6,8:8180,902
> 3:True:6,8:8180,902
> 4:False:7,10:8180,902
> 5:False:7,10:8180,902
rovers-optimal-old-noisy/30/rovers_noisy_p02_hyp-1_30_1.tar.bz2:0.765941858292:0.0937667:0.76
> 0:True:7,11:16057,1484
> 1:False:7,14:16057,1484
> 2:False:8,13:16057,1484
> 3:False:7,13:16057,1484
> 4:False:8,15:16057,1484
> 5:False:7,13:16057,1484
rovers-optimal-old-noisy/30/rovers_noisy_p02_hyp-1_30_2.tar.bz2:0.778476953506:0.0904257:0.77
> 0:False:7,11:16056,1481
> 1:False:7,13:16056,1481
> 2:True:8,11:16056,1481
> 3:False:7,12:16056,1481
> 4:False:8,14:16056,1481
> 5:False:7,12:16056,1481
rovers-optimal-old-noisy/30/rovers_noisy_p02_hyp-1_30_3.tar.bz2:0.766330003738:0.1055813:0.77
> 0:True:7,9:16057,1484
> 1:False:7,11:16057,1484
> 2:True:8,10:16057,1484
> 3:True:7,9:16057,1484
> 4:False:8,13:16057,1484
> 5:False:7,11:16057,1484
rovers-optimal-old-noisy/30/rovers_noisy_p02_hyp-2_30_1.tar.bz2:0.767651796341:0.0999156:0.76
> 0:False:7,16:16057,1484
> 1:False:7,13:16057,1484
> 2:False:8,16:16057,1484
> 3:False:7,14:16057,1484
> 4:True:8,13:16057,1484
> 5:False:7,16:16057,1484
rovers-optimal-old-noisy/30/rovers_noisy_p02_hyp-2_30_2.tar.bz2:0.76077413559:0.0981074:0.76
> 0:False:7,13:16056,1481
> 1:True:7,11:16056,1481
> 2:False:8,13:16056,1481
> 3:False:7,13:16056,1481
> 4:True:8,12:16056,1481
> 5:False:7,13:16056,1481
rovers-optimal-old-noisy/30/rovers_noisy_p02_hyp-2_30_3.tar.bz2:0.746773004532:0.0964479:0.75
> 0:False:7,12:16057,1484
> 1:True:7,10:16057,1484
> 2:False:8,13:16057,1484
> 3:False:7,12:16057,1484
> 4:False:8,12:16057,1484
> 5:False:7,14:16057,1484
rovers-optimal-old-noisy/30/rovers_noisy_p02_hyp-3_30_1.tar.bz2:0.742329120636:0.0999773:0.75
> 0:False:7,10:16057,1484
> 1:False:7,10:16057,1484
> 2:True:8,10:16057,1484
> 3:False:7,10:16057,1484
> 4:False:8,12:16057,1484
> 5:False:7,11:16057,1484
rovers-optimal-old-noisy/30/rovers_noisy_p02_hyp-3_30_2.tar.bz2:0.772670984268:0.1011269:0.77
> 0:False:7,11:16057,1484
> 1:False:7,12:16057,1484
> 2:True:8,11:16057,1484
> 3:False:7,11:16057,1484
> 4:False:8,12:16057,1484
> 5:False:7,11:16057,1484
rovers-optimal-old-noisy/30/rovers_noisy_p02_hyp-3_30_3.tar.bz2:0.761452913284:0.0868394:0.77
> 0:False:7,10:16056,1481
> 1:False:7,11:16056,1481
> 2:True:8,10:16056,1481
> 3:False:7,11:16056,1481
> 4:False:8,11:16056,1481
> 5:False:7,10:16056,1481
rovers-optimal-old-noisy/30/rovers_noisy_p02_hyp-4_30_1.tar.bz2:0.777454137802:0.0950396:0.78
> 0:False:7,12:16057,1484
> 1:False:7,12:16057,1484
> 2:True:8,12:16057,1484
> 3:False:7,12:16057,1484
> 4:True:8,12:16057,1484
> 5:False:7,12:16057,1484
rovers-optimal-old-noisy/30/rovers_noisy_p02_hyp-4_30_2.tar.bz2:0.755038976669:0.0884502:0.76
> 0:False:7,12:16056,1481
> 1:False:7,11:16056,1481
> 2:False:8,13:16056,1481
> 3:False:7,11:16056,1481
> 4:True:8,11:16056,1481
> 5:False:7,12:16056,1481
rovers-optimal-old-noisy/30/rovers_noisy_p02_hyp-4_30_3.tar.bz2:0.756642818451:0.09637:0.76
> 0:False:7,13:16057,1484
> 1:False:7,13:16057,1484
> 2:False:8,14:16057,1484
> 3:True:7,12:16057,1484
> 4:False:8,16:16057,1484
> 5:False:7,16:16057,1484
rovers-optimal-old-noisy/30/rovers_noisy_p03_hyp-1_30_1.tar.bz2:0.754662036896:0.0975242:0.76
> 0:False:7,10:16057,1484
> 1:False:7,9:16057,1484
> 2:False:7,11:16057,1484
> 3:False:7,10:16057,1484
> 4:True:8,9:16057,1484
> 5:False:8,12:16057,1484
rovers-optimal-old-noisy/30/rovers_noisy_p03_hyp-1_30_2.tar.bz2:0.722219944:0.0858883:0.73
> 0:True:7,10:16056,1481
> 1:False:7,13:16056,1481
> 2:False:7,14:16056,1481
> 3:False:7,11:16056,1481
> 4:False:8,12:16056,1481
> 5:False:8,15:16056,1481
rovers-optimal-old-noisy/30/rovers_noisy_p03_hyp-1_30_3.tar.bz2:0.780849933624:0.0993843:0.79
> 0:True:7,10:16056,1481
> 1:False:7,11:16056,1481
> 2:False:7,13:16056,1481
> 3:False:7,11:16056,1481
> 4:True:8,11:16056,1481
> 5:False:8,12:16056,1481
rovers-optimal-old-noisy/30/rovers_noisy_p03_hyp-2_30_1.tar.bz2:0.768705129623:0.0926083:0.76
> 0:False:7,14:16056,1481
> 1:True:7,12:16056,1481
> 2:False:7,14:16056,1481
> 3:False:7,13:16056,1481
> 4:True:8,13:16056,1481
> 5:False:8,15:16056,1481
rovers-optimal-old-noisy/30/rovers_noisy_p03_hyp-2_30_2.tar.bz2:0.752018928528:0.0867921:0.75
> 0:False:7,10:16056,1481
> 1:False:7,10:16056,1481
> 2:False:7,12:16056,1481
> 3:False:7,10:16056,1481
> 4:True:8,10:16056,1481
> 5:False:8,12:16056,1481
rovers-optimal-old-noisy/30/rovers_noisy_p03_hyp-2_30_3.tar.bz2:0.750732898712:0.0919075:0.76
> 0:False:7,14:16056,1481
> 1:True:7,12:16056,1481
> 2:False:7,13:16056,1481
> 3:False:7,13:16056,1481
> 4:False:8,14:16056,1481
> 5:False:8,15:16056,1481
rovers-optimal-old-noisy/30/rovers_noisy_p03_hyp-3_30_1.tar.bz2:0.752506971359:0.1024346:0.75
> 0:False:7,12:16056,1481
> 1:False:7,12:16056,1481
> 2:True:7,11:16056,1481
> 3:False:7,12:16056,1481
> 4:True:8,12:16056,1481
> 5:True:8,12:16056,1481
rovers-optimal-old-noisy/30/rovers_noisy_p03_hyp-3_30_2.tar.bz2:0.77056312561:0.1005941:0.78
> 0:False:7,13:16057,1484
> 1:True:7,11:16057,1484
> 2:True:7,11:16057,1484
> 3:False:7,12:16057,1484
> 4:False:8,13:16057,1484
> 5:False:8,13:16057,1484
rovers-optimal-old-noisy/30/rovers_noisy_p03_hyp-3_30_3.tar.bz2:0.748792886734:0.0909783:0.75
> 0:False:7,13:16056,1481
> 1:True:7,11:16056,1481
> 2:True:7,11:16056,1481
> 3:False:7,13:16056,1481
> 4:False:8,13:16056,1481
> 5:False:8,13:16056,1481
rovers-optimal-old-noisy/30/rovers_noisy_p03_hyp-4_30_1.tar.bz2:0.76805305481:0.0963517:0.77
> 0:False:7,11:16057,1484
> 1:True:7,10:16057,1484
> 2:False:7,11:16057,1484
> 3:True:7,10:16057,1484
> 4:True:8,11:16057,1484
> 5:False:8,12:16057,1484
rovers-optimal-old-noisy/30/rovers_noisy_p03_hyp-4_30_2.tar.bz2:0.767210960388:0.0984145:0.77
> 0:True:7,10:16057,1484
> 1:False:7,11:16057,1484
> 2:False:7,12:16057,1484
> 3:True:7,10:16057,1484
> 4:False:8,12:16057,1484
> 5:False:8,13:16057,1484
rovers-optimal-old-noisy/30/rovers_noisy_p03_hyp-4_30_3.tar.bz2:0.754109144211:0.0992243:0.75
> 0:True:7,10:16057,1484
> 1:False:7,12:16057,1484
> 2:False:7,12:16057,1484
> 3:True:7,10:16057,1484
> 4:False:8,12:16057,1484
> 5:False:8,12:16057,1484
rovers-optimal-old-noisy/50/rovers_noisy_p01_hyp-1_50_1.tar.bz2:0.642871141434:0.07275921:0.64
> 0:True:6,8:8181,905
> 1:True:6,8:8181,905
> 2:True:6,8:8181,905
> 3:False:6,10:8181,905
> 4:True:7,9:8181,905
> 5:False:7,10:8181,905
rovers-optimal-old-noisy/50/rovers_noisy_p01_hyp-1_50_2.tar.bz2:0.643319129944:0.05514475:0.65
> 3:True:6,10:8181,905
> 5:False:7,13:8181,905
rovers-optimal-old-noisy/50/rovers_noisy_p01_hyp-1_50_3.tar.bz2:0.655852079391:0.0727905:0.66
> 0:True:6,8:8181,905
> 1:False:6,10:8181,905
> 2:False:6,10:8181,905
> 3:False:6,10:8181,905
> 4:False:7,11:8181,905
> 5:False:7,12:8181,905
rovers-optimal-old-noisy/50/rovers_noisy_p01_hyp-2_50_1.tar.bz2:0.657915830612:0.06516544:0.66
> 0:False:6,10:8182,908
> 1:True:6,8:8182,908
> 2:True:6,8:8182,908
> 3:False:6,10:8182,908
> 4:True:7,9:8182,908
> 5:False:7,10:8182,908
rovers-optimal-old-noisy/50/rovers_noisy_p01_hyp-2_50_2.tar.bz2:0.665989160538:0.06997021:0.66
> 0:False:6,10:8182,908
> 1:True:6,8:8182,908
> 2:False:6,9:8182,908
> 3:False:6,11:8182,908
> 4:True:7,9:8182,908
> 5:False:7,11:8182,908
rovers-optimal-old-noisy/50/rovers_noisy_p01_hyp-2_50_3.tar.bz2:0.663054943085:0.06778299:0.66
> 0:False:6,11:8182,908
> 1:True:6,8:8182,908
> 2:False:6,9:8182,908
> 3:False:6,11:8182,908
> 4:False:7,11:8182,908
> 5:False:7,12:8182,908
rovers-optimal-old-noisy/50/rovers_noisy_p01_hyp-3_50_1.tar.bz2:0.644849061966:0.06303843:0.64
> 0:False:6,9:8181,905
> 1:False:6,9:8181,905
> 2:True:6,8:8181,905
> 3:False:6,9:8181,905
> 4:True:7,9:8181,905
> 5:False:7,10:8181,905
rovers-optimal-old-noisy/50/rovers_noisy_p01_hyp-3_50_2.tar.bz2:0.649459838867:0.06870304:0.65
> 0:False:6,11:8182,908
> 1:False:6,9:8182,908
> 2:True:6,8:8182,908
> 3:False:6,10:8182,908
> 4:False:7,10:8182,908
> 5:False:7,11:8182,908
rovers-optimal-old-noisy/50/rovers_noisy_p01_hyp-3_50_3.tar.bz2:0.659524917603:0.06617002:0.66
> 0:False:6,11:8182,908
> 1:False:6,9:8182,908
> 2:True:6,8:8182,908
> 3:False:6,11:8182,908
> 4:False:7,10:8182,908
> 5:False:7,12:8182,908
rovers-optimal-old-noisy/50/rovers_noisy_p01_hyp-4_50_1.tar.bz2:0.63473200798:0.05336939:0.63
> 0:False:6,9:8180,902
> 1:False:6,11:8180,902
> 2:False:6,11:8180,902
> 3:True:6,8:8180,902
> 4:False:7,11:8180,902
> 5:False:7,10:8180,902
rovers-optimal-old-noisy/50/rovers_noisy_p01_hyp-4_50_2.tar.bz2:0.669243812561:0.06703005:0.67
> 0:False:6,10:8180,902
> 1:False:6,11:8180,902
> 2:False:6,11:8180,902
> 3:True:6,8:8180,902
> 4:False:7,12:8180,902
> 5:False:7,11:8180,902
rovers-optimal-old-noisy/50/rovers_noisy_p01_hyp-4_50_3.tar.bz2:0.647890806198:0.05856774:0.64
> 0:False:6,9:8180,902
> 1:False:6,9:8180,902
> 2:False:6,9:8180,902
> 3:True:6,8:8180,902
> 4:False:7,10:8180,902
> 5:False:7,10:8180,902
rovers-optimal-old-noisy/50/rovers_noisy_p02_hyp-1_50_1.tar.bz2:0.775326967239:0.1028066:0.78
> 0:True:7,11:16059,1490
> 1:False:7,13:16059,1490
> 2:False:8,13:16059,1490
> 3:False:7,13:16059,1490
> 4:False:8,15:16059,1490
> 5:False:7,13:16059,1490
rovers-optimal-old-noisy/50/rovers_noisy_p02_hyp-1_50_2.tar.bz2:0.766360998154:0.0919461:0.76
> 0:True:7,11:16058,1487
> 1:False:7,15:16058,1487
> 2:True:8,12:16058,1487
> 3:False:7,13:16058,1487
> 4:False:8,15:16058,1487
> 5:False:7,13:16058,1487
rovers-optimal-old-noisy/50/rovers_noisy_p02_hyp-1_50_3.tar.bz2:0.764392137527:0.1061035:0.76
> 0:True:7,11:16060,1493
> 1:False:7,13:16060,1493
> 2:False:8,13:16060,1493
> 3:False:7,13:16060,1493
> 4:False:8,14:16060,1493
> 5:False:7,12:16060,1493
rovers-optimal-old-noisy/50/rovers_noisy_p02_hyp-2_50_1.tar.bz2:0.775260210037:0.1057721:0.78
> 0:False:7,15:16061,1496
> 1:False:7,13:16061,1496
> 2:False:8,15:16061,1496
> 3:False:7,13:16061,1496
> 4:True:8,13:16061,1496
> 5:False:7,14:16061,1496
rovers-optimal-old-noisy/50/rovers_noisy_p02_hyp-2_50_2.tar.bz2:0.787428855896:0.114463:0.8
> 0:False:7,17:16061,1496
> 1:True:7,13:16061,1496
> 2:False:8,17:16061,1496
> 3:False:7,15:16061,1496
> 4:True:8,14:16061,1496
> 5:False:7,17:16061,1496
rovers-optimal-old-noisy/50/rovers_noisy_p02_hyp-2_50_3.tar.bz2:0.758969783783:0.0942108:0.76
> 0:False:7,15:16059,1490
> 1:True:7,12:16059,1490
> 2:False:8,15:16059,1490
> 3:False:7,14:16059,1490
> 4:False:8,14:16059,1490
> 5:False:7,16:16059,1490
rovers-optimal-old-noisy/50/rovers_noisy_p02_hyp-3_50_1.tar.bz2:0.776016950607:0.0953097:0.77
> 0:False:7,12:16061,1496
> 1:False:7,14:16061,1496
> 2:True:8,12:16061,1496
> 3:False:7,13:16061,1496
> 4:False:8,15:16061,1496
> 5:False:7,13:16061,1496
rovers-optimal-old-noisy/50/rovers_noisy_p02_hyp-3_50_2.tar.bz2:0.77848482132:0.1025292:0.78
> 0:False:7,13:16060,1493
> 1:False:7,16:16060,1493
> 2:True:8,12:16060,1493
> 3:False:7,14:16060,1493
> 4:False:8,16:16060,1493
> 5:False:7,14:16060,1493
rovers-optimal-old-noisy/50/rovers_noisy_p02_hyp-3_50_3.tar.bz2:0.749521970749:0.09811:0.74
> 0:False:7,14:16059,1490
> 1:False:7,17:16059,1490
> 2:True:8,12:16059,1490
> 3:False:7,15:16059,1490
> 4:False:8,16:16059,1490
> 5:False:7,14:16059,1490
rovers-optimal-old-noisy/50/rovers_noisy_p02_hyp-4_50_1.tar.bz2:0.74925994873:0.1004504:0.75
> 0:False:7,12:16060,1493
> 1:False:7,13:16060,1493
> 2:True:8,12:16060,1493
> 3:True:7,11:16060,1493
> 4:False:8,13:16060,1493
> 5:False:7,13:16060,1493
rovers-optimal-old-noisy/50/rovers_noisy_p02_hyp-4_50_2.tar.bz2:0.773108959198:0.1036699:0.77
> 0:True:7,13:16060,1493
> 1:True:7,13:16060,1493
> 2:True:8,14:16060,1493
> 3:True:7,13:16060,1493
> 4:False:8,15:16060,1493
> 5:False:7,14:16060,1493
rovers-optimal-old-noisy/50/rovers_noisy_p02_hyp-4_50_3.tar.bz2:0.76514005661:0.0966404:0.76
rovers-optimal-old-noisy/50/rovers_noisy_p03_hyp-1_50_1.tar.bz2:0.767147064209:0.1008855:0.78
> 0:True:7,11:16059,1490
> 1:False:7,13:16059,1490
> 2:False:7,14:16059,1490
> 3:False:7,12:16059,1490
> 4:False:8,13:16059,1490
> 5:False:8,14:16059,1490
rovers-optimal-old-noisy/50/rovers_noisy_p03_hyp-1_50_2.tar.bz2:0.780086040497:0.100583:0.78
> 0:True:7,10:16059,1490
> 1:False:7,13:16059,1490
> 2:False:7,15:16059,1490
> 3:False:7,12:16059,1490
> 4:False:8,13:16059,1490
> 5:False:8,15:16059,1490
rovers-optimal-old-noisy/50/rovers_noisy_p03_hyp-1_50_3.tar.bz2:0.762111902237:0.1018324:0.76
> 0:True:7,11:16059,1490
> 1:False:7,13:16059,1490
> 2:False:7,13:16059,1490
> 3:False:7,13:16059,1490
> 4:True:8,12:16059,1490
> 5:False:8,13:16059,1490
rovers-optimal-old-noisy/50/rovers_noisy_p03_hyp-2_50_1.tar.bz2:0.744218826294:0.0895567:0.75
> 0:False:7,14:16058,1487
> 1:True:7,12:16058,1487
> 2:False:7,14:16058,1487
> 3:False:7,13:16058,1487
> 4:False:8,15:16058,1487
> 5:False:8,17:16058,1487
rovers-optimal-old-noisy/50/rovers_noisy_p03_hyp-2_50_2.tar.bz2:0.768593072891:0.1073264:0.77
> 0:False:7,15:16059,1490
> 1:True:7,12:16059,1490
> 2:False:7,15:16059,1490
> 3:False:7,15:16059,1490
> 4:False:8,14:16059,1490
> 5:False:8,17:16059,1490
rovers-optimal-old-noisy/50/rovers_noisy_p03_hyp-2_50_3.tar.bz2:0.756268024445:0.0982838:0.76
> 0:False:7,13:16058,1487
> 1:True:7,12:16058,1487
> 2:False:7,15:16058,1487
> 3:False:7,13:16058,1487
> 4:True:8,13:16058,1487
> 5:False:8,16:16058,1487
rovers-optimal-old-noisy/50/rovers_noisy_p03_hyp-3_50_1.tar.bz2:0.766539096832:0.1105023:0.77
> 0:False:7,14:16060,1493
> 1:True:7,13:16060,1493
> 2:True:7,13:16060,1493
> 3:False:7,14:16060,1493
> 4:True:8,14:16060,1493
> 5:True:8,14:16060,1493
rovers-optimal-old-noisy/50/rovers_noisy_p03_hyp-3_50_2.tar.bz2:0.762942075729:0.1088066:0.76
> 0:False:7,15:16060,1493
> 1:False:7,15:16060,1493
> 2:True:7,13:16060,1493
> 3:False:7,14:16060,1493
> 4:False:8,15:16060,1493
> 5:False:8,15:16060,1493
rovers-optimal-old-noisy/50/rovers_noisy_p03_hyp-3_50_3.tar.bz2:0.758097887039:0.0995004:0.76
rovers-optimal-old-noisy/50/rovers_noisy_p03_hyp-4_50_1.tar.bz2:0.769176006317:0.1039135:0.77
> 0:False:7,12:16059,1490
> 1:False:7,12:16059,1490
> 2:False:7,13:16059,1490
> 3:True:7,10:16059,1490
> 4:False:8,13:16059,1490
> 5:False:8,15:16059,1490
rovers-optimal-old-noisy/50/rovers_noisy_p03_hyp-4_50_2.tar.bz2:0.764995098114:0.1007358:0.76
> 0:False:7,13:16060,1493
> 1:False:7,14:16060,1493
> 2:False:7,14:16060,1493
> 3:True:7,11:16060,1493
> 4:False:8,15:16060,1493
> 5:False:8,16:16060,1493
rovers-optimal-old-noisy/50/rovers_noisy_p03_hyp-4_50_3.tar.bz2:0.768756151199:0.1050663:0.77
> 0:False:7,13:16059,1490
> 1:False:7,13:16059,1490
> 2:False:7,12:16059,1490
> 3:True:7,11:16059,1490
> 4:False:8,14:16059,1490
> 5:False:8,15:16059,1490
rovers-optimal-old-noisy/70/rovers_noisy_p01_hyp-1_70_1.tar.bz2:0.660644054413:0.0732527:0.67
> 0:True:6,8:8183,911
> 1:False:6,12:8183,911
> 2:False:6,12:8183,911
> 3:False:6,11:8183,911
> 4:False:7,13:8183,911
> 5:False:7,14:8183,911
rovers-optimal-old-noisy/70/rovers_noisy_p01_hyp-1_70_2.tar.bz2:0.641215085983:0.06006585:0.64
> 0:True:6,8:8182,908
> 1:False:6,11:8182,908
> 2:False:6,11:8182,908
> 3:False:6,11:8182,908
> 4:False:7,12:8182,908
> 5:False:7,13:8182,908
rovers-optimal-old-noisy/70/rovers_noisy_p01_hyp-1_70_3.tar.bz2:0.636295795441:0.06344693:0.63
> 0:True:6,9:8183,911
> 1:False:6,11:8183,911
> 2:False:6,11:8183,911
> 3:False:6,11:8183,911
> 4:False:7,12:8183,911
> 5:False:7,14:8183,911
rovers-optimal-old-noisy/70/rovers_noisy_p01_hyp-2_70_1.tar.bz2:0.65749001503:0.07123381:0.66
> 0:False:6,11:8184,914
> 1:True:6,9:8184,914
> 2:False:6,11:8184,914
> 3:False:6,13:8184,914
> 4:False:7,12:8184,914
> 5:False:7,13:8184,914
rovers-optimal-old-noisy/70/rovers_noisy_p01_hyp-2_70_2.tar.bz2:0.641460180283:0.06882163:0.65
> 0:False:6,13:8184,914
> 1:True:6,9:8184,914
> 2:False:6,11:8184,914
> 3:False:6,13:8184,914
> 4:False:7,11:8184,914
> 5:False:7,13:8184,914
rovers-optimal-old-noisy/70/rovers_noisy_p01_hyp-2_70_3.tar.bz2:0.645899057388:0.06699084:0.64
> 0:False:6,11:8184,914
> 1:True:6,9:8184,914
> 2:False:6,10:8184,914
> 3:False:6,12:8184,914
> 4:False:7,11:8184,914
> 5:False:7,13:8184,914
rovers-optimal-old-noisy/70/rovers_noisy_p01_hyp-3_70_1.tar.bz2:0.649994134903:0.069035:0.65
> 0:False:6,12:8184,914
> 1:False:6,12:8184,914
> 2:True:6,10:8184,914
> 3:False:6,11:8184,914
> 4:False:7,12:8184,914
> 5:False:7,13:8184,914
rovers-optimal-old-noisy/70/rovers_noisy_p01_hyp-3_70_2.tar.bz2:0.646185874939:0.06602871:0.65
> 0:False:6,11:8184,914
> 1:False:6,11:8184,914
> 2:True:6,9:8184,914
> 3:False:6,11:8184,914
> 4:False:7,11:8184,914
> 5:False:7,13:8184,914
rovers-optimal-old-noisy/70/rovers_noisy_p01_hyp-3_70_3.tar.bz2:0.642977952957:0.05883515:0.65
> 0:False:6,13:8183,911
> 1:False:6,11:8183,911
> 2:True:6,9:8183,911
> 3:False:6,13:8183,911
> 4:False:7,12:8183,911
> 5:False:7,14:8183,911
rovers-optimal-old-noisy/70/rovers_noisy_p01_hyp-4_70_1.tar.bz2:0.637786865234:0.05812353:0.64
> 0:False:6,12:8182,908
> 1:False:6,12:8182,908
> 2:False:6,11:8182,908
> 3:True:6,8:8182,908
> 4:False:7,13:8182,908
> 5:False:7,12:8182,908
rovers-optimal-old-noisy/70/rovers_noisy_p01_hyp-4_70_2.tar.bz2:0.649493932724:0.074482:0.66
> 0:False:6,11:8183,911
> 1:False:6,12:8183,911
> 2:False:6,12:8183,911
> 3:True:6,8:8183,911
> 4:False:7,12:8183,911
> 5:False:7,12:8183,911
rovers-optimal-old-noisy/70/rovers_noisy_p01_hyp-4_70_3.tar.bz2:0.652348041534:0.06521712:0.65
> 0:False:6,11:8184,914
> 1:False:6,11:8184,914
> 2:False:6,11:8184,914
> 3:True:6,8:8184,914
> 4:False:7,13:8184,914
> 5:False:7,12:8184,914
rovers-optimal-old-noisy/70/rovers_noisy_p02_hyp-1_70_1.tar.bz2:0.759360074997:0.0966943:0.77
> 0:True:7,11:16061,1496
> 1:False:7,16:16061,1496
> 2:False:8,13:16061,1496
> 3:False:7,14:16061,1496
> 4:False:8,18:16061,1496
> 5:False:7,15:16061,1496
rovers-optimal-old-noisy/70/rovers_noisy_p02_hyp-1_70_2.tar.bz2:0.783402919769:0.1068833:0.79
> 0:True:7,11:16062,1499
> 1:False:7,15:16062,1499
> 2:False:8,13:16062,1499
> 3:False:7,14:16062,1499
> 4:False:8,17:16062,1499
> 5:False:7,14:16062,1499
rovers-optimal-old-noisy/70/rovers_noisy_p02_hyp-1_70_3.tar.bz2:0.767492055893:0.1058882:0.77
> 0:True:7,11:16062,1499
> 1:False:7,15:16062,1499
> 2:True:8,12:16062,1499
> 3:False:7,13:16062,1499
> 4:False:8,16:16062,1499
> 5:False:7,14:16062,1499
rovers-optimal-old-noisy/70/rovers_noisy_p02_hyp-2_70_1.tar.bz2:0.780052900314:0.1070496:0.78
> 0:False:7,16:16064,1505
> 1:True:7,13:16064,1505
> 2:False:8,16:16064,1505
> 3:False:7,14:16064,1505
> 4:False:8,15:16064,1505
> 5:False:7,17:16064,1505
rovers-optimal-old-noisy/70/rovers_noisy_p02_hyp-2_70_2.tar.bz2:0.768187046051:0.1075426:0.77
> 0:False:7,17:16063,1502
> 1:True:7,13:16063,1502
> 2:False:8,17:16063,1502
> 3:False:7,14:16063,1502
> 4:False:8,15:16063,1502
> 5:False:7,18:16063,1502
rovers-optimal-old-noisy/70/rovers_noisy_p02_hyp-2_70_3.tar.bz2:0.760352134705:0.1092041:0.76
> 0:False:7,16:16064,1505
> 1:True:7,13:16064,1505
> 2:False:8,16:16064,1505
> 3:True:7,13:16064,1505
> 4:False:8,15:16064,1505
> 5:False:7,17:16064,1505
rovers-optimal-old-noisy/70/rovers_noisy_p02_hyp-3_70_1.tar.bz2:0.766268968582:0.1056972:0.77
> 0:False:7,12:16064,1505
> 1:False:7,14:16064,1505
> 2:True:8,12:16064,1505
> 3:False:7,12:16064,1505
> 4:False:8,15:16064,1505
> 5:False:7,15:16064,1505
rovers-optimal-old-noisy/70/rovers_noisy_p02_hyp-3_70_2.tar.bz2:0.762053012848:0.1012205:0.76
> 0:False:7,12:16064,1505
> 1:False:7,14:16064,1505
> 2:True:8,12:16064,1505
> 3:False:7,12:16064,1505
> 4:False:8,15:16064,1505
> 5:False:7,14:16064,1505
rovers-optimal-old-noisy/70/rovers_noisy_p02_hyp-3_70_3.tar.bz2:0.773120164871:0.0997862:0.78
> 0:False:7,12:16064,1505
> 1:False:7,15:16064,1505
> 2:True:8,11:16064,1505
> 3:False:7,14:16064,1505
> 4:False:8,14:16064,1505
> 5:False:7,12:16064,1505
rovers-optimal-old-noisy/70/rovers_noisy_p02_hyp-4_70_1.tar.bz2:0.79193687439:0.1105899:0.79
> 0:False:7,13:16063,1502
> 1:True:7,12:16063,1502
> 2:True:8,13:16063,1502
> 3:True:7,12:16063,1502
> 4:False:8,15:16063,1502
> 5:False:7,15:16063,1502
rovers-optimal-old-noisy/70/rovers_noisy_p02_hyp-4_70_2.tar.bz2:0.783288955688:0.1051908:0.77
> 0:False:7,12:16062,1499
> 1:False:7,12:16062,1499
> 2:True:8,12:16062,1499
> 3:True:7,11:16062,1499
> 4:False:8,15:16062,1499
> 5:False:7,14:16062,1499
rovers-optimal-old-noisy/70/rovers_noisy_p02_hyp-4_70_3.tar.bz2:0.794391870499:0.113722:0.8
> 0:False:7,14:16063,1502
> 1:True:7,12:16063,1502
> 2:False:8,14:16063,1502
> 3:True:7,12:16063,1502
> 4:True:8,13:16063,1502
> 5:False:7,14:16063,1502
rovers-optimal-old-noisy/70/rovers_noisy_p03_hyp-1_70_1.tar.bz2:0.781342029572:0.1081199:0.78
> 0:True:7,11:16060,1493
> 1:False:7,16:16060,1493
> 2:False:7,18:16060,1493
> 3:False:7,15:16060,1493
> 4:False:8,15:16060,1493
> 5:False:8,17:16060,1493
rovers-optimal-old-noisy/70/rovers_noisy_p03_hyp-1_70_2.tar.bz2:0.772077083588:0.0982605:0.77
> 0:True:7,10:16061,1496
> 1:False:7,14:16061,1496
> 2:False:7,17:16061,1496
> 3:False:7,13:16061,1496
> 4:False:8,14:16061,1496
> 5:False:8,16:16061,1496
rovers-optimal-old-noisy/70/rovers_noisy_p03_hyp-1_70_3.tar.bz2:0.782659053802:0.0998101:0.77
> 0:True:7,11:16062,1499
> 1:False:7,14:16062,1499
> 2:False:7,15:16062,1499
> 3:False:7,14:16062,1499
> 4:False:8,14:16062,1499
> 5:False:8,15:16062,1499
rovers-optimal-old-noisy/70/rovers_noisy_p03_hyp-2_70_1.tar.bz2:0.766175031662:0.1040941:0.77
> 0:False:7,12:16063,1502
> 1:False:7,12:16063,1502
> 2:False:7,14:16063,1502
> 3:False:7,12:16063,1502
> 4:True:8,12:16063,1502
> 5:False:8,15:16063,1502
rovers-optimal-old-noisy/70/rovers_noisy_p03_hyp-2_70_2.tar.bz2:0.785716056824:0.1026159:0.78
> 0:False:7,14:16063,1502
> 1:True:7,11:16063,1502
> 2:False:7,12:16063,1502
> 3:False:7,12:16063,1502
> 4:False:8,14:16063,1502
> 5:False:8,15:16063,1502
rovers-optimal-old-noisy/70/rovers_noisy_p03_hyp-2_70_3.tar.bz2:0.763115882874:0.0957519:0.77
rovers-optimal-old-noisy/70/rovers_noisy_p03_hyp-3_70_1.tar.bz2:0.768805027008:0.1178762:0.76
> 0:False:7,16:16063,1502
> 1:True:7,13:16063,1502
> 2:True:7,13:16063,1502
> 3:True:7,13:16063,1502
> 4:False:8,16:16063,1502
> 5:False:8,15:16063,1502
rovers-optimal-old-noisy/70/rovers_noisy_p03_hyp-3_70_2.tar.bz2:0.770206928253:0.1052647:0.78
> 0:False:7,16:16064,1505
> 1:False:7,15:16064,1505
> 2:True:7,12:16064,1505
> 3:False:7,14:16064,1505
> 4:False:8,16:16064,1505
> 5:False:8,15:16064,1505
rovers-optimal-old-noisy/70/rovers_noisy_p03_hyp-3_70_3.tar.bz2:0.773365974426:0.1091943:0.77
> 0:False:7,17:16064,1505
> 1:False:7,15:16064,1505
> 2:True:7,13:16064,1505
> 3:False:7,15:16064,1505
> 4:False:8,17:16064,1505
> 5:False:8,16:16064,1505
rovers-optimal-old-noisy/70/rovers_noisy_p03_hyp-4_70_1.tar.bz2:0.769021034241:0.1077246:0.77
> 0:False:7,14:16062,1499
> 1:False:7,13:16062,1499
> 2:False:7,14:16062,1499
> 3:True:7,12:16062,1499
> 4:False:8,14:16062,1499
> 5:False:8,16:16062,1499
rovers-optimal-old-noisy/70/rovers_noisy_p03_hyp-4_70_2.tar.bz2:0.769553899765:0.1048003:0.77
> 0:False:7,13:16061,1496
> 1:False:7,14:16061,1496
> 2:False:7,14:16061,1496
> 3:True:7,11:16061,1496
> 4:False:8,15:16061,1496
> 5:False:8,16:16061,1496
rovers-optimal-old-noisy/70/rovers_noisy_p03_hyp-4_70_3.tar.bz2:0.765144109726:0.1046879:0.77
> 0:False:7,13:16062,1499
> 1:False:7,13:16062,1499
> 2:False:7,13:16062,1499
> 3:True:7,12:16062,1499
> 4:False:8,14:16062,1499
> 5:False:8,15:16062,1499
rovers-optimal-old-noisy/100/rovers_noisy_p01_hyp-1_full_1.tar.bz2:0.645351886749:0.07009527:0.64
> 0:True:6,8:8186,920
> 1:False:6,12:8186,920
> 2:False:6,12:8186,920
> 3:False:6,12:8186,920
> 4:False:7,13:8186,920
> 5:False:7,14:8186,920
rovers-optimal-old-noisy/100/rovers_noisy_p01_hyp-1_full_2.tar.bz2:0.639716148376:0.0638214:0.63
> 0:True:6,8:8184,914
> 1:False:6,12:8184,914
> 2:False:6,12:8184,914
> 3:False:6,12:8184,914
> 4:False:7,13:8184,914
> 5:False:7,14:8184,914
rovers-optimal-old-noisy/100/rovers_noisy_p01_hyp-1_full_3.tar.bz2:0.642762899399:0.05994083:0.64
> 0:True:6,8:8184,914
> 1:False:6,12:8184,914
> 2:False:6,12:8184,914
> 3:False:6,12:8184,914
> 4:False:7,13:8184,914
> 5:False:7,14:8184,914
rovers-optimal-old-noisy/100/rovers_noisy_p01_hyp-2_full_1.tar.bz2:0.648198843002:0.06596617:0.65
> 0:False:6,12:8185,917
> 1:True:6,8:8185,917
> 2:False:6,10:8185,917
> 3:False:6,13:8185,917
> 4:False:7,11:8185,917
> 5:False:7,13:8185,917
rovers-optimal-old-noisy/100/rovers_noisy_p01_hyp-2_full_2.tar.bz2:0.644343137741:0.07037108:0.65
> 0:False:6,12:8187,923
> 1:True:6,8:8187,923
> 2:False:6,10:8187,923
> 3:False:6,13:8187,923
> 4:False:7,11:8187,923
> 5:False:7,13:8187,923
rovers-optimal-old-noisy/100/rovers_noisy_p01_hyp-2_full_3.tar.bz2:0.649821043015:0.06414089:0.65
> 0:False:6,12:8186,920
> 1:True:6,8:8186,920
> 2:False:6,10:8186,920
> 3:False:6,13:8186,920
> 4:False:7,11:8186,920
> 5:False:7,13:8186,920
rovers-optimal-old-noisy/100/rovers_noisy_p01_hyp-3_full_1.tar.bz2:0.6571829319:0.0744791:0.66
> 0:False:6,12:8187,923
> 1:False:6,11:8187,923
> 2:True:6,9:8187,923
> 3:False:6,12:8187,923
> 4:False:7,11:8187,923
> 5:False:7,13:8187,923
rovers-optimal-old-noisy/100/rovers_noisy_p01_hyp-3_full_2.tar.bz2:0.645489931107:0.0655646:0.64
> 0:False:6,12:8185,917
> 1:False:6,10:8185,917
> 2:True:6,8:8185,917
> 3:False:6,12:8185,917
> 4:False:7,11:8185,917
> 5:False:7,13:8185,917
rovers-optimal-old-noisy/100/rovers_noisy_p01_hyp-3_full_3.tar.bz2:0.660224914551:0.0789878:0.67
> 0:False:6,12:8187,923
> 1:False:6,11:8187,923
> 2:True:6,9:8187,923
> 3:False:6,12:8187,923
> 4:False:7,11:8187,923
> 5:False:7,13:8187,923
rovers-optimal-old-noisy/100/rovers_noisy_p01_hyp-4_full_1.tar.bz2:0.653949022293:0.0757138:0.66
> 0:False:6,12:8186,920
> 1:False:6,13:8186,920
> 2:False:6,12:8186,920
> 3:True:6,8:8186,920
> 4:False:7,14:8186,920
> 5:False:7,12:8186,920
rovers-optimal-old-noisy/100/rovers_noisy_p01_hyp-4_full_2.tar.bz2:0.649930953979:0.07176973:0.64
> 0:False:6,12:8185,917
> 1:False:6,13:8185,917
> 2:False:6,12:8185,917
> 3:True:6,8:8185,917
> 4:False:7,14:8185,917
> 5:False:7,13:8185,917
rovers-optimal-old-noisy/100/rovers_noisy_p01_hyp-4_full_3.tar.bz2:0.648767948151:0.06199114:0.65
> 0:False:6,12:8186,920
> 1:False:6,13:8186,920
> 2:False:6,12:8186,920
> 3:True:6,8:8186,920
> 4:False:7,14:8186,920
> 5:False:7,13:8186,920
rovers-optimal-old-noisy/100/rovers_noisy_p02_hyp-1_full_1.tar.bz2:0.772013187408:0.1072031:0.77
> 0:True:7,11:16065,1508
> 1:False:7,16:16065,1508
> 2:False:8,13:16065,1508
> 3:False:7,14:16065,1508
> 4:False:8,18:16065,1508
> 5:False:7,15:16065,1508
rovers-optimal-old-noisy/100/rovers_noisy_p02_hyp-1_full_2.tar.bz2:0.750066995621:0.1051228:0.75
> 0:True:7,12:16066,1511
> 1:False:7,17:16066,1511
> 2:False:8,14:16066,1511
> 3:False:7,15:16066,1511
> 4:False:8,18:16066,1511
> 5:False:7,15:16066,1511
rovers-optimal-old-noisy/100/rovers_noisy_p02_hyp-1_full_3.tar.bz2:0.764177083969:0.1057728:0.77
> 0:True:7,11:16065,1508
> 1:False:7,16:16065,1508
> 2:False:8,13:16065,1508
> 3:False:7,14:16065,1508
> 4:False:8,18:16065,1508
> 5:False:7,15:16065,1508
rovers-optimal-old-noisy/100/rovers_noisy_p02_hyp-2_full_1.tar.bz2:0.778892993927:0.1108712:0.78
> 0:False:7,17:16067,1514
> 1:True:7,13:16067,1514
> 2:False:8,17:16067,1514
> 3:False:7,14:16067,1514
> 4:False:8,15:16067,1514
> 5:False:7,18:16067,1514
rovers-optimal-old-noisy/100/rovers_noisy_p02_hyp-2_full_2.tar.bz2:0.769226074219:0.1040011:0.77
> 0:False:7,16:16068,1517
> 1:True:7,13:16068,1517
> 2:False:8,17:16068,1517
> 3:False:7,14:16068,1517
> 4:False:8,16:16068,1517
> 5:False:7,18:16068,1517
rovers-optimal-old-noisy/100/rovers_noisy_p02_hyp-2_full_3.tar.bz2:0.756288051605:0.1026005:0.76
> 0:False:7,17:16067,1514
> 1:True:7,13:16067,1514
> 2:False:8,17:16067,1514
> 3:False:7,14:16067,1514
> 4:False:8,15:16067,1514
> 5:False:7,18:16067,1514
rovers-optimal-old-noisy/100/rovers_noisy_p02_hyp-3_full_1.tar.bz2:0.772730827332:0.1168972:0.76
> 0:False:7,14:16068,1517
> 1:False:7,18:16068,1517
> 2:True:8,13:16068,1517
> 3:False:7,16:16068,1517
> 4:False:8,18:16068,1517
> 5:False:7,16:16068,1517
rovers-optimal-old-noisy/100/rovers_noisy_p02_hyp-3_full_2.tar.bz2:0.752184867859:0.1063982:0.76
> 0:False:7,14:16066,1511
> 1:False:7,17:16066,1511
> 2:True:8,12:16066,1511
> 3:False:7,15:16066,1511
> 4:False:8,17:16066,1511
> 5:False:7,15:16066,1511
rovers-optimal-old-noisy/100/rovers_noisy_p02_hyp-3_full_3.tar.bz2:0.76490187645:0.1022991:0.76
> 0:False:7,14:16066,1511
> 1:False:7,17:16066,1511
> 2:True:8,12:16066,1511
> 3:False:7,15:16066,1511
> 4:False:8,17:16066,1511
> 5:False:7,15:16066,1511
rovers-optimal-old-noisy/100/rovers_noisy_p02_hyp-4_full_1.tar.bz2:0.760267019272:0.1080619:0.76
> 0:False:7,15:16067,1514
> 1:False:7,15:16067,1514
> 2:False:8,16:16067,1514
> 3:True:7,13:16067,1514
> 4:False:8,18:16067,1514
> 5:False:7,18:16067,1514
rovers-optimal-old-noisy/100/rovers_noisy_p02_hyp-4_full_2.tar.bz2:0.76011300087:0.1091478:0.76
> 0:False:7,15:16067,1514
> 1:False:7,14:16067,1514
> 2:False:8,15:16067,1514
> 3:True:7,12:16067,1514
> 4:False:8,17:16067,1514
> 5:False:7,18:16067,1514
rovers-optimal-old-noisy/100/rovers_noisy_p02_hyp-4_full_3.tar.bz2:0.777307987213:0.106216:0.78
> 0:False:7,15:16066,1511
> 1:False:7,15:16066,1511
> 2:False:8,16:16066,1511
> 3:True:7,13:16066,1511
> 4:False:8,18:16066,1511
> 5:False:7,18:16066,1511
rovers-optimal-old-noisy/100/rovers_noisy_p03_hyp-1_full_1.tar.bz2:0.746237039566:0.0995385:0.74
> 0:True:7,11:16064,1505
> 1:False:7,16:16064,1505
> 2:False:7,18:16064,1505
> 3:False:7,15:16064,1505
> 4:False:8,15:16064,1505
> 5:False:8,17:16064,1505
rovers-optimal-old-noisy/100/rovers_noisy_p03_hyp-1_full_2.tar.bz2:0.775696992874:0.1046099:0.78
> 0:True:7,12:16064,1505
> 1:False:7,16:16064,1505
> 2:False:7,18:16064,1505
> 3:False:7,15:16064,1505
> 4:False:8,15:16064,1505
> 5:False:8,17:16064,1505
rovers-optimal-old-noisy/100/rovers_noisy_p03_hyp-1_full_3.tar.bz2:0.760362863541:0.09553:0.76
> 1:False:7,17:16064,1505
> 2:False:7,18:16064,1505
> 4:True:8,16:16064,1505
> 5:False:8,17:16064,1505
rovers-optimal-old-noisy/100/rovers_noisy_p03_hyp-2_full_1.tar.bz2:0.760013103485:0.1072614:0.76
> 0:False:7,16:16065,1508
> 1:True:7,12:16065,1508
> 2:False:7,16:16065,1508
> 3:False:7,15:16065,1508
> 4:False:8,15:16065,1508
> 5:False:8,18:16065,1508
rovers-optimal-old-noisy/100/rovers_noisy_p03_hyp-2_full_2.tar.bz2:0.778709888458:0.1082913:0.78
> 0:False:7,16:16067,1514
> 1:True:7,13:16067,1514
> 2:False:7,16:16067,1514
> 3:False:7,15:16067,1514
> 4:False:8,16:16067,1514
> 5:False:8,18:16067,1514
rovers-optimal-old-noisy/100/rovers_noisy_p03_hyp-2_full_3.tar.bz2:0.758921146393:0.0911108:0.77
rovers-optimal-old-noisy/100/rovers_noisy_p03_hyp-3_full_1.tar.bz2:0.777605056763:0.1133186:0.77
> 0:False:7,18:16066,1511
> 1:False:7,15:16066,1511
> 2:True:7,13:16066,1511
> 3:False:7,15:16066,1511
> 4:False:8,18:16066,1511
> 5:False:8,17:16066,1511
rovers-optimal-old-noisy/100/rovers_noisy_p03_hyp-3_full_2.tar.bz2:0.768821954727:0.1051756:0.77
> 0:False:7,18:16068,1517
> 1:False:7,15:16068,1517
> 2:True:7,14:16068,1517
> 3:False:7,15:16068,1517
> 4:False:8,18:16068,1517
> 5:False:8,17:16068,1517
rovers-optimal-old-noisy/100/rovers_noisy_p03_hyp-3_full_3.tar.bz2:0.77996301651:0.1214993:0.78
> 0:False:7,17:16068,1517
> 1:False:7,15:16068,1517
> 2:True:7,13:16068,1517
> 3:False:7,15:16068,1517
> 4:False:8,18:16068,1517
> 5:False:8,17:16068,1517
rovers-optimal-old-noisy/100/rovers_noisy_p03_hyp-4_full_1.tar.bz2:0.774556875229:0.1061956:0.78
> 0:False:7,14:16065,1508
> 1:False:7,15:16065,1508
> 2:False:7,15:16065,1508
> 3:True:7,12:16065,1508
> 4:False:8,16:16065,1508
> 5:False:8,18:16065,1508
rovers-optimal-old-noisy/100/rovers_noisy_p03_hyp-4_full_2.tar.bz2:0.75463104248:0.1011956:0.75
> 0:False:7,15:16065,1508
> 1:False:7,15:16065,1508
> 2:False:7,15:16065,1508
> 3:True:7,12:16065,1508
> 4:False:8,16:16065,1508
> 5:False:8,18:16065,1508
rovers-optimal-old-noisy/100/rovers_noisy_p03_hyp-4_full_3.tar.bz2:0.759279966354:0.1008176:0.77
> 0:False:7,14:16065,1508
> 1:False:7,15:16065,1508
> 2:False:7,15:16065,1508
> 3:True:7,11:16065,1508
> 4:False:8,16:16065,1508
> 5:False:8,18:16065,1508
