rovers-optimal-old-noisy/10/rovers_noisy_p01_hyp-1_10_1.tar.bz2:0.453572034836:0.005315711:0.46
> 0:True:8,8:88,13
> 1:True:8,8:88,13
> 2:True:8,8:88,13
> 3:True:8,8:88,13
> 4:False:8,9:88,13
> 5:False:9,10:88,14
rovers-optimal-old-noisy/10/rovers_noisy_p01_hyp-1_10_2.tar.bz2:0.454089164734:0.005395298:0.46
> 0:True:8,8:88,12
> 1:False:8,9:88,12
> 2:False:8,9:88,12
> 3:True:8,8:88,12
> 4:False:8,9:88,12
> 5:False:9,10:88,13
rovers-optimal-old-noisy/10/rovers_noisy_p01_hyp-1_10_3.tar.bz2:0.453114032745:0.005692996:0.46
> 0:True:8,8:88,14
> 1:True:8,8:88,14
> 2:True:8,8:88,14
> 3:False:8,10:88,14
> 4:True:8,8:88,14
> 5:False:9,11:88,15
rovers-optimal-old-noisy/10/rovers_noisy_p01_hyp-2_10_1.tar.bz2:0.454522132874:0.005248955:0.45
> 0:True:8,8:88,12
> 1:True:8,8:88,12
> 2:True:8,8:88,12
> 3:True:8,8:88,12
> 4:True:8,8:88,12
> 5:True:9,9:88,13
rovers-optimal-old-noisy/10/rovers_noisy_p01_hyp-2_10_2.tar.bz2:0.454051017761:0.005512209:0.45
> 0:True:8,8:88,12
> 1:True:8,8:88,12
> 2:True:8,8:88,12
> 3:True:8,8:88,12
> 4:True:8,8:88,12
> 5:True:9,9:88,13
rovers-optimal-old-noisy/10/rovers_noisy_p01_hyp-2_10_3.tar.bz2:0.455233097076:0.005456553:0.46
> 0:True:8,8:88,14
> 1:True:8,8:88,14
> 2:True:8,8:88,14
> 3:False:8,10:88,14
> 4:True:8,8:88,14
> 5:False:9,11:88,15
rovers-optimal-old-noisy/10/rovers_noisy_p01_hyp-3_10_1.tar.bz2:0.455296039581:0.005743291:0.46
> 0:True:8,8:88,14
> 1:True:8,8:88,14
> 2:True:8,8:88,14
> 3:False:8,10:88,14
> 4:True:8,8:88,14
> 5:False:9,11:88,15
rovers-optimal-old-noisy/10/rovers_noisy_p01_hyp-3_10_2.tar.bz2:0.449767827988:0.005216905:0.44
> 0:True:8,8:88,12
> 1:True:8,8:88,12
> 2:True:8,8:88,12
> 3:True:8,8:88,12
> 4:True:8,8:88,12
> 5:True:9,9:88,13
rovers-optimal-old-noisy/10/rovers_noisy_p01_hyp-3_10_3.tar.bz2:0.451586961746:0.005812523:0.44
> 0:False:8,10:90,17
> 1:False:8,10:90,17
> 2:True:8,9:90,17
> 3:True:8,9:90,17
> 4:False:8,11:90,17
> 5:False:9,12:90,18
rovers-optimal-old-noisy/10/rovers_noisy_p01_hyp-4_10_1.tar.bz2:0.455847978592:0.005850619:0.46
> 0:True:8,9:90,17
> 1:False:8,10:90,17
> 2:True:8,9:90,17
> 3:True:8,9:90,17
> 4:False:8,11:90,17
> 5:False:9,12:90,18
rovers-optimal-old-noisy/10/rovers_noisy_p01_hyp-4_10_2.tar.bz2:0.455456972122:0.006100989:0.45
> 0:False:8,14:90,20
> 1:False:8,14:90,20
> 2:True:8,12:90,20
> 3:True:8,12:90,20
> 4:True:8,12:90,20
> 5:False:9,14:90,21
rovers-optimal-old-noisy/10/rovers_noisy_p01_hyp-4_10_3.tar.bz2:0.456922054291:0.005279543:0.46
> 0:False:8,10:88,15
> 1:False:8,10:88,15
> 2:True:8,8:88,15
> 3:True:8,8:88,15
> 4:False:8,11:88,15
> 5:False:9,12:88,16
rovers-optimal-old-noisy/10/rovers_noisy_p02_hyp-1_10_1.tar.bz2:0.480310916901:0.00717023:0.47
> 0:True:10,13:150,22
> 1:False:11,16:150,23
> 2:True:11,14:150,23
> 3:False:10,14:150,22
> 4:False:11,16:150,23
> 5:False:10,14:150,22
rovers-optimal-old-noisy/10/rovers_noisy_p02_hyp-1_10_2.tar.bz2:0.478127002716:0.00723719:0.48
> 0:True:10,12:150,21
> 1:False:11,14:150,22
> 2:True:11,13:150,22
> 3:True:10,12:150,21
> 4:False:11,14:150,22
> 5:False:10,14:150,21
rovers-optimal-old-noisy/10/rovers_noisy_p02_hyp-1_10_3.tar.bz2:0.482264041901:0.00758907:0.49
> 0:True:10,13:150,23
> 1:False:11,15:150,24
> 2:True:11,14:150,24
> 3:True:10,13:150,23
> 4:True:11,14:150,24
> 5:False:10,15:150,23
rovers-optimal-old-noisy/10/rovers_noisy_p02_hyp-2_10_1.tar.bz2:0.477927207947:0.0069853:0.48
> 0:False:10,12:148,18
> 1:True:11,11:148,19
> 2:False:11,13:148,19
> 3:False:10,12:148,18
> 4:True:11,11:148,19
> 5:False:10,12:148,18
rovers-optimal-old-noisy/10/rovers_noisy_p02_hyp-2_10_2.tar.bz2:0.480932950974:0.00739787:0.48
> 0:False:10,15:150,24
> 1:True:11,11:150,25
> 2:False:11,16:150,25
> 3:False:10,13:150,24
> 4:False:11,13:150,25
> 5:False:10,15:150,24
rovers-optimal-old-noisy/10/rovers_noisy_p02_hyp-2_10_3.tar.bz2:0.481962919235:0.0075232:0.48
> 0:False:10,13:150,22
> 1:True:11,13:150,23
> 2:False:11,14:150,23
> 3:False:10,13:150,22
> 4:True:11,13:150,23
> 5:False:10,14:150,22
rovers-optimal-old-noisy/10/rovers_noisy_p02_hyp-3_10_1.tar.bz2:0.479687929153:0.00704082:0.48
> 0:False:10,12:148,19
> 1:False:11,15:148,20
> 2:True:11,11:148,20
> 3:False:10,12:148,19
> 4:False:11,13:148,20
> 5:False:10,12:148,19
rovers-optimal-old-noisy/10/rovers_noisy_p02_hyp-3_10_2.tar.bz2:0.483716011047:0.00720034:0.47
> 0:False:10,14:150,23
> 1:False:11,15:150,24
> 2:True:11,13:150,24
> 3:False:10,14:150,23
> 4:False:11,14:150,24
> 5:False:10,14:150,23
rovers-optimal-old-noisy/10/rovers_noisy_p02_hyp-3_10_3.tar.bz2:0.479192018509:0.00704882:0.48
> 0:False:10,11:148,19
> 1:False:11,15:148,20
> 2:True:11,11:148,20
> 3:False:10,13:148,19
> 4:False:11,14:148,20
> 5:False:10,11:148,19
rovers-optimal-old-noisy/10/rovers_noisy_p02_hyp-4_10_1.tar.bz2:0.480610847473:0.00695094:0.49
> 0:True:10,10:148,17
> 1:True:11,11:148,18
> 2:True:11,11:148,18
> 3:True:10,10:148,17
> 4:True:11,11:148,18
> 5:True:10,10:148,17
rovers-optimal-old-noisy/10/rovers_noisy_p02_hyp-4_10_2.tar.bz2:0.482988119125:0.00700693:0.49
> 0:False:10,12:148,18
> 1:False:11,12:148,19
> 2:False:11,13:148,19
> 3:True:10,10:148,18
> 4:False:11,12:148,19
> 5:False:10,13:148,18
rovers-optimal-old-noisy/10/rovers_noisy_p02_hyp-4_10_3.tar.bz2:0.480581998825:0.00744978:0.47
> 0:False:10,14:150,24
> 1:True:11,14:150,25
> 2:False:11,15:150,25
> 3:False:10,14:150,24
> 4:False:11,16:150,25
> 5:False:10,16:150,24
rovers-optimal-old-noisy/10/rovers_noisy_p03_hyp-1_10_1.tar.bz2:0.483479976654:0.00755004:0.48
> 0:True:10,12:150,25
> 1:False:10,16:150,25
> 2:False:11,17:150,26
> 3:False:10,13:150,25
> 4:False:11,17:150,26
> 5:False:11,17:150,26
rovers-optimal-old-noisy/10/rovers_noisy_p03_hyp-1_10_2.tar.bz2:0.480815172195:0.00752743:0.48
> 0:True:10,11:150,22
> 1:False:10,13:150,22
> 2:False:11,15:150,23
> 3:False:10,13:150,22
> 4:True:11,12:150,23
> 5:False:11,15:150,23
rovers-optimal-old-noisy/10/rovers_noisy_p03_hyp-1_10_3.tar.bz2:0.480283975601:0.0072968:0.49
> 0:False:10,12:150,21
> 1:False:10,13:150,21
> 2:False:11,16:150,22
> 3:True:10,11:150,21
> 4:False:11,14:150,22
> 5:False:11,16:150,22
rovers-optimal-old-noisy/10/rovers_noisy_p03_hyp-2_10_1.tar.bz2:0.478590011597:0.00746575:0.48
> 0:False:10,12:150,23
> 1:True:10,11:150,23
> 2:True:11,12:150,24
> 3:False:10,12:150,23
> 4:False:11,13:150,24
> 5:False:11,14:150,24
rovers-optimal-old-noisy/10/rovers_noisy_p03_hyp-2_10_2.tar.bz2:0.476032018661:0.00714263:0.48
> 0:False:10,11:150,21
> 1:False:10,11:150,21
> 2:False:11,15:150,22
> 3:True:10,10:150,21
> 4:False:11,13:150,22
> 5:False:11,16:150,22
rovers-optimal-old-noisy/10/rovers_noisy_p03_hyp-2_10_3.tar.bz2:0.478238105774:0.00687903:0.48
> 0:True:10,10:148,17
> 1:True:10,10:148,17
> 2:False:11,13:148,18
> 3:True:10,10:148,17
> 4:True:11,11:148,18
> 5:False:11,13:148,18
rovers-optimal-old-noisy/10/rovers_noisy_p03_hyp-3_10_1.tar.bz2:0.478433847427:0.00757636:0.47
> 0:False:10,16:150,27
> 1:False:10,13:150,27
> 2:True:11,13:150,28
> 3:False:10,14:150,27
> 4:False:11,17:150,28
> 5:False:11,15:150,28
rovers-optimal-old-noisy/10/rovers_noisy_p03_hyp-3_10_2.tar.bz2:0.476348161697:0.00700387:0.48
> 0:False:10,11:148,20
> 1:False:10,11:148,20
> 2:False:11,12:148,21
> 3:True:10,10:148,20
> 4:False:11,12:148,21
> 5:False:11,13:148,21
rovers-optimal-old-noisy/10/rovers_noisy_p03_hyp-3_10_3.tar.bz2:0.481184005737:0.00739738:0.48
> 0:False:10,15:150,23
> 1:False:10,14:150,23
> 2:True:11,13:150,24
> 3:False:10,14:150,23
> 4:False:11,15:150,24
> 5:True:11,13:150,24
rovers-optimal-old-noisy/10/rovers_noisy_p03_hyp-4_10_1.tar.bz2:0.47963809967:0.00735744:0.48
> 0:True:10,10:150,19
> 1:True:10,10:150,19
> 2:False:11,14:150,20
> 3:True:10,10:150,19
> 4:True:11,11:150,20
> 5:False:11,14:150,20
rovers-optimal-old-noisy/10/rovers_noisy_p03_hyp-4_10_2.tar.bz2:0.478451013565:0.00702763:0.49
> 0:False:10,11:148,20
> 1:False:10,12:148,20
> 2:False:11,14:148,21
> 3:True:10,10:148,20
> 4:False:11,14:148,21
> 5:False:11,15:148,21
rovers-optimal-old-noisy/10/rovers_noisy_p03_hyp-4_10_3.tar.bz2:0.479747056961:0.00696177:0.48
> 0:False:10,12:148,18
> 1:False:10,12:148,18
> 2:False:11,12:148,19
> 3:True:10,10:148,18
> 4:False:11,13:148,19
> 5:False:11,14:148,19
rovers-optimal-old-noisy/30/rovers_noisy_p01_hyp-1_30_1.tar.bz2:0.450315952301:0.006284349:0.46
> 0:True:8,11:94,25
> 1:False:8,15:94,25
> 2:False:8,15:94,25
> 3:False:8,13:94,25
> 4:False:8,15:94,25
> 5:False:9,14:94,26
rovers-optimal-old-noisy/30/rovers_noisy_p01_hyp-1_30_2.tar.bz2:0.453663110733:0.006386601:0.45
> 0:True:8,9:94,25
> 1:False:8,12:94,25
> 2:False:8,12:94,25
> 3:False:8,12:94,25
> 4:False:8,13:94,25
> 5:False:9,15:94,26
rovers-optimal-old-noisy/30/rovers_noisy_p01_hyp-1_30_3.tar.bz2:0.454035043716:0.00645588:0.46
> 0:True:8,9:94,23
> 1:False:8,12:94,23
> 2:False:8,12:94,23
> 3:False:8,10:94,23
> 4:False:8,13:94,23
> 5:False:9,14:94,24
rovers-optimal-old-noisy/30/rovers_noisy_p01_hyp-2_30_1.tar.bz2:0.456711053848:0.005948312:0.46
> 0:False:8,10:92,20
> 1:True:8,8:92,20
> 2:False:8,9:92,20
> 3:False:8,12:92,20
> 4:False:8,10:92,20
> 5:False:9,13:92,21
rovers-optimal-old-noisy/30/rovers_noisy_p01_hyp-2_30_2.tar.bz2:0.454428911209:0.006146185:0.46
> 0:False:8,9:92,19
> 1:True:8,8:92,19
> 2:False:8,9:92,19
> 3:False:8,10:92,19
> 4:False:8,10:92,19
> 5:False:9,12:92,20
rovers-optimal-old-noisy/30/rovers_noisy_p01_hyp-2_30_3.tar.bz2:0.454728126526:0.00644878:0.45
> 0:True:8,9:94,23
> 1:True:8,9:94,23
> 2:True:8,9:94,23
> 3:False:8,11:94,23
> 4:False:8,10:94,23
> 5:False:9,13:94,24
rovers-optimal-old-noisy/30/rovers_noisy_p01_hyp-3_30_1.tar.bz2:0.452314138412:0.0064917:0.46
> 0:False:8,11:94,23
> 1:False:8,10:94,23
> 2:True:8,8:94,23
> 3:False:8,10:94,23
> 4:False:8,11:94,23
> 5:False:9,13:94,24
rovers-optimal-old-noisy/30/rovers_noisy_p01_hyp-3_30_2.tar.bz2:0.454715013504:0.006145424:0.45
> 0:False:8,9:92,17
> 1:True:8,8:92,17
> 2:True:8,8:92,17
> 3:False:8,9:92,17
> 4:False:8,9:92,17
> 5:False:9,10:92,18
rovers-optimal-old-noisy/30/rovers_noisy_p01_hyp-3_30_3.tar.bz2:0.454442977905:0.0064501:0.46
> 0:False:8,14:94,26
> 1:False:8,12:94,26
> 2:True:8,11:94,26
> 3:False:8,13:94,26
> 4:False:8,13:94,26
> 5:False:9,14:94,27
rovers-optimal-old-noisy/30/rovers_noisy_p01_hyp-4_30_1.tar.bz2:0.453364849091:0.006319437:0.45
> 0:False:8,14:94,25
> 1:False:8,16:94,25
> 2:False:8,14:94,25
> 3:True:8,11:94,25
> 4:False:8,15:94,25
> 5:False:9,15:94,26
rovers-optimal-old-noisy/30/rovers_noisy_p01_hyp-4_30_2.tar.bz2:0.455753803253:0.006368288:0.46
> 0:False:8,13:94,23
> 1:False:8,13:94,23
> 2:False:8,13:94,23
> 3:True:8,11:94,23
> 4:False:8,14:94,23
> 5:False:9,13:94,24
rovers-optimal-old-noisy/30/rovers_noisy_p01_hyp-4_30_3.tar.bz2:0.456065893173:0.00631905:0.45
> 0:False:8,11:94,22
> 1:False:8,12:94,22
> 2:False:8,11:94,22
> 3:True:8,10:94,22
> 4:False:8,13:94,22
> 5:False:9,14:94,23
rovers-optimal-old-noisy/30/rovers_noisy_p02_hyp-1_30_1.tar.bz2:0.481231927872:0.00839755:0.48
> 0:True:10,14:154,30
> 1:False:11,17:154,31
> 2:False:11,17:154,31
> 3:True:10,14:154,30
> 4:False:11,20:154,31
> 5:False:10,17:154,30
rovers-optimal-old-noisy/30/rovers_noisy_p02_hyp-1_30_2.tar.bz2:0.480704069138:0.00769623:0.48
> 0:True:10,11:152,25
> 1:False:11,16:152,26
> 2:True:11,12:152,26
> 3:False:10,13:152,25
> 4:False:11,17:152,26
> 5:False:10,14:152,25
rovers-optimal-old-noisy/30/rovers_noisy_p02_hyp-1_30_3.tar.bz2:0.479740858078:0.00838487:0.49
> 0:True:10,10:154,30
> 1:False:11,16:154,31
> 2:True:11,11:154,31
> 3:False:10,12:154,30
> 4:False:11,18:154,31
> 5:False:10,15:154,30
rovers-optimal-old-noisy/30/rovers_noisy_p02_hyp-2_30_1.tar.bz2:0.47850394249:0.00841817:0.48
> 0:False:10,18:154,34
> 1:True:11,15:154,35
> 2:False:11,19:154,35
> 3:False:10,17:154,34
> 4:False:11,17:154,35
> 5:False:10,20:154,34
rovers-optimal-old-noisy/30/rovers_noisy_p02_hyp-2_30_2.tar.bz2:0.484156131744:0.00791208:0.49
> 0:False:10,13:152,27
> 1:True:11,12:152,28
> 2:False:11,14:152,28
> 3:False:10,13:152,27
> 4:False:11,13:152,28
> 5:False:10,15:152,27
rovers-optimal-old-noisy/30/rovers_noisy_p02_hyp-2_30_3.tar.bz2:0.48096704483:0.00840222:0.48
> 0:False:10,16:154,32
> 1:True:11,14:154,33
> 2:False:11,17:154,33
> 3:False:10,16:154,32
> 4:False:11,17:154,33
> 5:False:10,19:154,32
rovers-optimal-old-noisy/30/rovers_noisy_p02_hyp-3_30_1.tar.bz2:0.481215000153:0.00839669:0.49
> 0:False:10,14:154,29
> 1:False:11,16:154,30
> 2:True:11,14:154,30
> 3:False:10,14:154,29
> 4:False:11,17:154,30
> 5:False:10,16:154,29
rovers-optimal-old-noisy/30/rovers_noisy_p02_hyp-3_30_2.tar.bz2:0.481010198593:0.00799887:0.48
> 0:False:10,13:154,26
> 1:False:11,16:154,27
> 2:True:11,13:154,27
> 3:False:10,13:154,26
> 4:False:11,16:154,27
> 5:False:10,15:154,26
rovers-optimal-old-noisy/30/rovers_noisy_p02_hyp-3_30_3.tar.bz2:0.481168031693:0.00760141:0.49
> 0:False:10,11:152,22
> 1:False:11,14:152,23
> 2:True:11,11:152,23
> 3:False:10,12:152,22
> 4:False:11,13:152,23
> 5:False:10,11:152,22
rovers-optimal-old-noisy/30/rovers_noisy_p02_hyp-4_30_1.tar.bz2:0.479146003723:0.00833518:0.48
> 0:True:10,13:154,29
> 1:True:11,14:154,30
> 2:True:11,14:154,30
> 3:True:10,13:154,29
> 4:False:11,17:154,30
> 5:False:10,16:154,29
rovers-optimal-old-noisy/30/rovers_noisy_p02_hyp-4_30_2.tar.bz2:0.480648994446:0.00781595:0.47
> 0:False:10,13:152,26
> 1:True:11,13:152,27
> 2:False:11,14:152,27
> 3:True:10,12:152,26
> 4:False:11,14:152,27
> 5:False:10,14:152,26
rovers-optimal-old-noisy/30/rovers_noisy_p02_hyp-4_30_3.tar.bz2:0.484225988388:0.00854645:0.48
> 0:False:10,16:154,34
> 1:False:11,16:154,35
> 2:False:11,17:154,35
> 3:True:10,13:154,34
> 4:False:11,21:154,35
> 5:False:10,21:154,34
rovers-optimal-old-noisy/30/rovers_noisy_p03_hyp-1_30_1.tar.bz2:0.479119062424:0.00806183:0.47
> 0:True:10,11:154,25
> 1:True:10,11:154,25
> 2:False:11,16:154,26
> 3:True:10,11:154,25
> 4:True:11,12:154,26
> 5:False:11,16:154,26
rovers-optimal-old-noisy/30/rovers_noisy_p03_hyp-1_30_2.tar.bz2:0.475416898727:0.00774601:0.48
> 0:True:10,10:152,26
> 1:False:10,14:152,26
> 2:False:11,18:152,27
> 3:False:10,12:152,26
> 4:False:11,13:152,27
> 5:False:11,18:152,27
rovers-optimal-old-noisy/30/rovers_noisy_p03_hyp-1_30_3.tar.bz2:0.481562852859:0.00787288:0.48
> 0:True:10,10:152,24
> 1:False:10,13:152,24
> 2:False:11,16:152,25
> 3:False:10,13:152,24
> 4:False:11,13:152,25
> 5:False:11,14:152,25
rovers-optimal-old-noisy/30/rovers_noisy_p03_hyp-2_30_1.tar.bz2:0.480790138245:0.00804228:0.49
> 0:False:10,15:152,28
> 1:True:10,12:152,28
> 2:False:11,16:152,29
> 3:False:10,13:152,28
> 4:False:11,14:152,29
> 5:False:11,18:152,29
rovers-optimal-old-noisy/30/rovers_noisy_p03_hyp-2_30_2.tar.bz2:0.482957839966:0.00790249:0.49
> 0:False:10,11:152,22
> 1:True:10,10:152,22
> 2:False:11,14:152,23
> 3:True:10,10:152,22
> 4:False:11,12:152,23
> 5:False:11,15:152,23
rovers-optimal-old-noisy/30/rovers_noisy_p03_hyp-2_30_3.tar.bz2:0.477761983871:0.00799374:0.48
> 0:False:10,15:152,28
> 1:True:10,12:152,28
> 2:False:11,14:152,29
> 3:False:10,13:152,28
> 4:False:11,15:152,29
> 5:False:11,17:152,29
rovers-optimal-old-noisy/30/rovers_noisy_p03_hyp-3_30_1.tar.bz2:0.482450008392:0.00765938:0.48
> 0:False:10,13:152,25
> 1:False:10,13:152,25
> 2:True:11,12:152,26
> 3:False:10,12:152,25
> 4:False:11,14:152,26
> 5:False:11,13:152,26
rovers-optimal-old-noisy/30/rovers_noisy_p03_hyp-3_30_2.tar.bz2:0.480679988861:0.00837805:0.49
> 0:False:10,17:154,32
> 1:False:10,15:154,32
> 2:True:11,14:154,33
> 3:False:10,16:154,32
> 4:False:11,18:154,33
> 5:False:11,18:154,33
rovers-optimal-old-noisy/30/rovers_noisy_p03_hyp-3_30_3.tar.bz2:0.478713035583:0.0077217:0.48
> 0:False:10,14:152,28
> 1:False:10,12:152,28
> 2:True:11,12:152,29
> 3:False:10,13:152,28
> 4:False:11,15:152,29
> 5:False:11,15:152,29
rovers-optimal-old-noisy/30/rovers_noisy_p03_hyp-4_30_1.tar.bz2:0.482532024384:0.00786523:0.49
> 0:False:10,14:154,26
> 1:True:10,12:154,26
> 2:False:11,16:154,27
> 3:False:10,13:154,26
> 4:False:11,14:154,27
> 5:False:11,17:154,27
rovers-optimal-old-noisy/30/rovers_noisy_p03_hyp-4_30_2.tar.bz2:0.482288122177:0.00823293:0.49
> 0:False:10,12:154,29
> 1:False:10,13:154,29
> 2:False:11,16:154,30
> 3:True:10,10:154,29
> 4:False:11,15:154,30
> 5:False:11,18:154,30
rovers-optimal-old-noisy/30/rovers_noisy_p03_hyp-4_30_3.tar.bz2:0.477474927902:0.00821825:0.48
> 0:True:10,12:154,29
> 1:False:10,15:154,29
> 2:False:11,16:154,30
> 3:False:10,13:154,29
> 4:False:11,16:154,30
> 5:False:11,17:154,30
rovers-optimal-old-noisy/50/rovers_noisy_p01_hyp-1_50_1.tar.bz2:0.456362962723:0.00660601:0.46
> 0:True:8,9:96,26
> 1:False:8,10:96,26
> 2:False:8,10:96,26
> 3:False:8,12:96,26
> 4:False:8,11:96,26
> 5:False:9,14:96,27
rovers-optimal-old-noisy/50/rovers_noisy_p01_hyp-1_50_2.tar.bz2:0.45560002327:0.00687548:0.46
> 0:True:8,9:96,28
> 1:False:8,13:96,28
> 2:False:8,13:96,28
> 3:False:8,13:96,28
> 4:False:8,14:96,28
> 5:False:9,17:96,29
rovers-optimal-old-noisy/50/rovers_noisy_p01_hyp-1_50_3.tar.bz2:0.4581990242:0.0065771:0.47
> 0:True:8,10:96,27
> 1:False:8,12:96,27
> 2:False:8,11:96,27
> 3:False:8,11:96,27
> 4:False:8,13:96,27
> 5:False:9,16:96,28
rovers-optimal-old-noisy/50/rovers_noisy_p01_hyp-2_50_1.tar.bz2:0.455579996109:0.00700613:0.45
> 0:False:8,14:98,30
> 1:True:8,11:98,30
> 2:False:8,12:98,30
> 3:False:8,15:98,30
> 4:True:8,11:98,30
> 5:False:9,13:98,31
rovers-optimal-old-noisy/50/rovers_noisy_p01_hyp-2_50_2.tar.bz2:0.453409910202:0.00690146:0.44
> 0:False:8,14:98,32
> 1:True:8,11:98,32
> 2:False:8,12:98,32
> 3:False:8,16:98,32
> 4:False:8,13:98,32
> 5:False:9,16:98,33
rovers-optimal-old-noisy/50/rovers_noisy_p01_hyp-2_50_3.tar.bz2:0.454994916916:0.00729966:0.45
> 0:False:8,14:98,33
> 1:True:8,10:98,33
> 2:False:8,11:98,33
> 3:False:8,15:98,33
> 4:False:8,13:98,33
> 5:False:9,16:98,34
rovers-optimal-old-noisy/50/rovers_noisy_p01_hyp-3_50_1.tar.bz2:0.454486846924:0.00674852:0.45
> 0:False:8,12:96,25
> 1:False:8,11:96,25
> 2:True:8,9:96,25
> 3:False:8,11:96,25
> 4:False:8,12:96,25
> 5:False:9,14:96,26
rovers-optimal-old-noisy/50/rovers_noisy_p01_hyp-3_50_2.tar.bz2:0.456502914429:0.00724989:0.46
> 0:False:8,16:98,34
> 1:False:8,14:98,34
> 2:True:8,12:98,34
> 3:False:8,16:98,34
> 4:False:8,14:98,34
> 5:False:9,16:98,35
rovers-optimal-old-noisy/50/rovers_noisy_p01_hyp-3_50_3.tar.bz2:0.454841852188:0.0071724:0.44
> 0:False:8,15:98,34
> 1:False:8,13:98,34
> 2:True:8,11:98,34
> 3:False:8,15:98,34
> 4:False:8,14:98,34
> 5:False:9,17:98,35
rovers-optimal-old-noisy/50/rovers_noisy_p01_hyp-4_50_1.tar.bz2:0.455484867096:0.006407945:0.46
> 0:False:8,10:94,22
> 1:False:8,12:94,22
> 2:False:8,12:94,22
> 3:True:8,8:94,22
> 4:False:8,12:94,22
> 5:False:9,11:94,23
rovers-optimal-old-noisy/50/rovers_noisy_p01_hyp-4_50_2.tar.bz2:0.454267978668:0.006359451:0.46
> 0:False:8,10:94,21
> 1:False:8,12:94,21
> 2:False:8,12:94,21
> 3:True:8,8:94,21
> 4:False:8,13:94,21
> 5:False:9,12:94,22
rovers-optimal-old-noisy/50/rovers_noisy_p01_hyp-4_50_3.tar.bz2:0.452178955078:0.006153646:0.45
> 0:False:8,9:94,19
> 1:False:8,10:94,19
> 2:False:8,9:94,19
> 3:True:8,8:94,19
> 4:False:8,11:94,19
> 5:False:9,12:94,20
rovers-optimal-old-noisy/50/rovers_noisy_p02_hyp-1_50_1.tar.bz2:0.483979225159:0.00910873:0.49
> 0:True:10,14:158,38
> 1:False:11,18:158,39
> 2:False:11,17:158,39
> 3:False:10,16:158,38
> 4:False:11,20:158,39
> 5:False:10,17:158,38
rovers-optimal-old-noisy/50/rovers_noisy_p02_hyp-1_50_2.tar.bz2:0.48015999794:0.00850366:0.48
> 0:True:10,11:156,29
> 1:False:11,18:156,30
> 2:False:11,13:156,30
> 3:False:10,14:156,29
> 4:False:11,18:156,30
> 5:False:10,14:156,29
rovers-optimal-old-noisy/50/rovers_noisy_p02_hyp-1_50_3.tar.bz2:0.482367038727:0.0095947:0.48
> 0:True:10,14:160,41
> 1:False:11,19:160,42
> 2:False:11,17:160,42
> 3:False:10,18:160,41
> 4:False:11,21:160,42
> 5:False:10,17:160,41
rovers-optimal-old-noisy/50/rovers_noisy_p02_hyp-2_50_1.tar.bz2:0.483247995377:0.00973322:0.49
> 0:False:10,17:162,44
> 1:True:11,15:162,45
> 2:False:11,17:162,45
> 3:False:10,16:162,44
> 4:False:11,17:162,45
> 5:False:10,19:162,44
rovers-optimal-old-noisy/50/rovers_noisy_p02_hyp-2_50_2.tar.bz2:0.482862949371:0.00982894:0.49
> 0:False:10,21:162,49
> 1:True:11,17:162,50
> 2:False:11,22:162,50
> 3:False:10,19:162,49
> 4:False:11,20:162,50
> 5:False:10,23:162,49
rovers-optimal-old-noisy/50/rovers_noisy_p02_hyp-2_50_3.tar.bz2:0.48330283165:0.0090486:0.48
> 0:False:10,15:158,36
> 1:True:11,12:158,37
> 2:False:11,16:158,37
> 3:False:10,14:158,36
> 4:False:11,15:158,37
> 5:False:10,18:158,36
rovers-optimal-old-noisy/50/rovers_noisy_p02_hyp-3_50_1.tar.bz2:0.483366012573:0.00986682:0.49
> 0:False:10,16:162,43
> 1:False:11,20:162,44
> 2:True:11,15:162,44
> 3:False:10,17:162,43
> 4:False:11,20:162,44
> 5:False:10,18:162,43
rovers-optimal-old-noisy/50/rovers_noisy_p02_hyp-3_50_2.tar.bz2:0.487111091614:0.00948172:0.48
> 0:False:10,16:160,40
> 1:False:11,21:160,41
> 2:True:11,15:160,41
> 3:False:10,17:160,40
> 4:False:11,20:160,41
> 5:False:10,18:160,40
rovers-optimal-old-noisy/50/rovers_noisy_p02_hyp-3_50_3.tar.bz2:0.482620954514:0.00916901:0.49
> 0:False:10,14:158,37
> 1:False:11,20:158,38
> 2:True:11,12:158,38
> 3:False:10,16:158,37
> 4:False:11,18:158,38
> 5:False:10,15:158,37
rovers-optimal-old-noisy/50/rovers_noisy_p02_hyp-4_50_1.tar.bz2:0.484338998795:0.00934478:0.49
> 0:True:10,15:160,37
> 1:False:11,17:160,38
> 2:True:11,16:160,38
> 3:True:10,15:160,37
> 4:False:11,19:160,38
> 5:False:10,19:160,37
rovers-optimal-old-noisy/50/rovers_noisy_p02_hyp-4_50_2.tar.bz2:0.483892917633:0.0092673:0.49
> 0:False:10,17:160,42
> 1:True:11,17:160,43
> 2:False:11,18:160,43
> 3:True:10,16:160,42
> 4:False:11,21:160,43
> 5:False:10,20:160,42
rovers-optimal-old-noisy/50/rovers_noisy_p02_hyp-4_50_3.tar.bz2:0.485457897186:0.00977969:0.49
> 0:True:10,13:160,43
> 1:False:11,15:160,44
> 2:True:11,14:160,44
> 3:True:10,13:160,43
> 4:False:11,18:160,44
> 5:False:10,17:160,43
rovers-optimal-old-noisy/50/rovers_noisy_p03_hyp-1_50_1.tar.bz2:0.48232793808:0.00889958:0.48
> 0:True:10,12:158,32
> 1:False:10,16:158,32
> 2:False:11,19:158,33
> 3:False:10,14:158,32
> 4:False:11,16:158,33
> 5:False:11,18:158,33
rovers-optimal-old-noisy/50/rovers_noisy_p03_hyp-1_50_2.tar.bz2:0.480408906937:0.00890151:0.48
> 0:True:10,13:158,35
> 1:False:10,16:158,35
> 2:False:11,20:158,36
> 3:False:10,14:158,35
> 4:False:11,17:158,36
> 5:False:11,20:158,36
rovers-optimal-old-noisy/50/rovers_noisy_p03_hyp-1_50_3.tar.bz2:0.481495857239:0.00899293:0.48
> 0:True:10,15:158,34
> 1:False:10,19:158,34
> 2:False:11,18:158,35
> 3:False:10,19:158,34
> 4:False:11,18:158,35
> 5:True:11,16:158,35
rovers-optimal-old-noisy/50/rovers_noisy_p03_hyp-2_50_1.tar.bz2:0.482146978378:0.00876734:0.48
> 0:False:10,15:156,35
> 1:True:10,12:156,35
> 2:False:11,15:156,36
> 3:False:10,13:156,35
> 4:False:11,16:156,36
> 5:False:11,19:156,36
rovers-optimal-old-noisy/50/rovers_noisy_p03_hyp-2_50_2.tar.bz2:0.479411840439:0.00913993:0.48
> 0:False:10,18:158,36
> 1:True:10,14:158,36
> 2:False:11,18:158,37
> 3:False:10,17:158,36
> 4:False:11,17:158,37
> 5:False:11,21:158,37
rovers-optimal-old-noisy/50/rovers_noisy_p03_hyp-2_50_3.tar.bz2:0.477562189102:0.00848707:0.47
> 0:False:10,14:156,31
> 1:True:10,12:156,31
> 2:False:11,16:156,32
> 3:False:10,13:156,31
> 4:False:11,14:156,32
> 5:False:11,18:156,32
rovers-optimal-old-noisy/50/rovers_noisy_p03_hyp-3_50_1.tar.bz2:0.4749751091:0.0089667:0.47
> 0:False:10,17:160,37
> 1:False:10,16:160,37
> 2:True:11,15:160,38
> 3:False:10,16:160,37
> 4:False:11,18:160,38
> 5:False:11,17:160,38
rovers-optimal-old-noisy/50/rovers_noisy_p03_hyp-3_50_2.tar.bz2:0.485464811325:0.00950189:0.49
> 0:False:10,18:160,43
> 1:False:10,18:160,43
> 2:True:11,15:160,44
> 3:False:10,17:160,43
> 4:False:11,19:160,44
> 5:False:11,18:160,44
rovers-optimal-old-noisy/50/rovers_noisy_p03_hyp-3_50_3.tar.bz2:0.479244947433:0.0098841:0.49
> 0:False:10,19:162,45
> 1:True:10,16:162,45
> 2:True:11,17:162,46
> 3:False:10,17:162,45
> 4:False:11,18:162,46
> 5:False:11,20:162,46
rovers-optimal-old-noisy/50/rovers_noisy_p03_hyp-4_50_1.tar.bz2:0.479135990143:0.0086992:0.48
> 0:False:10,14:158,33
> 1:False:10,15:158,33
> 2:False:11,18:158,34
> 3:True:10,12:158,33
> 4:False:11,16:158,34
> 5:False:11,20:158,34
rovers-optimal-old-noisy/50/rovers_noisy_p03_hyp-4_50_2.tar.bz2:0.475774049759:0.0092811:0.48
> 0:False:10,17:160,39
> 1:False:10,19:160,39
> 2:False:11,19:160,40
> 3:True:10,15:160,39
> 4:False:11,20:160,40
> 5:False:11,22:160,40
rovers-optimal-old-noisy/50/rovers_noisy_p03_hyp-4_50_3.tar.bz2:0.480930089951:0.00903118:0.48
> 0:False:10,15:158,37
> 1:False:10,16:158,37
> 2:False:11,16:158,38
> 3:True:10,13:158,37
> 4:False:11,17:158,38
> 5:False:11,20:158,38
rovers-optimal-old-noisy/70/rovers_noisy_p01_hyp-1_70_1.tar.bz2:0.453688144684:0.0074133:0.46
> 0:True:8,12:100,34
> 1:False:8,16:100,34
> 2:False:8,16:100,34
> 3:False:8,15:100,34
> 4:False:8,16:100,34
> 5:False:9,15:100,35
rovers-optimal-old-noisy/70/rovers_noisy_p01_hyp-1_70_2.tar.bz2:0.457113027573:0.0069588:0.46
> 0:True:8,8:98,28
> 1:False:8,11:98,28
> 2:False:8,11:98,28
> 3:False:8,11:98,28
> 4:False:8,12:98,28
> 5:False:9,15:98,29
rovers-optimal-old-noisy/70/rovers_noisy_p01_hyp-1_70_3.tar.bz2:0.454526185989:0.00730831:0.46
> 0:True:8,10:100,34
> 1:False:8,13:100,34
> 2:False:8,13:100,34
> 3:False:8,13:100,34
> 4:False:8,14:100,34
> 5:False:9,17:100,35
rovers-optimal-old-noisy/70/rovers_noisy_p01_hyp-2_70_1.tar.bz2:0.45773601532:0.00747033:0.47
> 0:False:8,14:102,35
> 1:True:8,11:102,35
> 2:False:8,13:102,35
> 3:False:8,16:102,35
> 4:False:8,14:102,35
> 5:False:9,17:102,36
rovers-optimal-old-noisy/70/rovers_noisy_p01_hyp-2_70_2.tar.bz2:0.455225944519:0.00760594:0.46
> 0:False:8,16:102,36
> 1:True:8,12:102,36
> 2:False:8,14:102,36
> 3:False:8,17:102,36
> 4:False:8,13:102,36
> 5:False:9,15:102,37
rovers-optimal-old-noisy/70/rovers_noisy_p01_hyp-2_70_3.tar.bz2:0.454797029495:0.00725435:0.45
> 0:False:8,13:102,34
> 1:True:8,11:102,34
> 2:False:8,12:102,34
> 3:False:8,15:102,34
> 4:False:8,12:102,34
> 5:False:9,14:102,35
rovers-optimal-old-noisy/70/rovers_noisy_p01_hyp-3_70_1.tar.bz2:0.451755046844:0.0073816:0.46
> 0:False:8,13:102,36
> 1:False:8,12:102,36
> 2:True:8,10:102,36
> 3:False:8,12:102,36
> 4:False:8,13:102,36
> 5:False:9,15:102,37
rovers-optimal-old-noisy/70/rovers_noisy_p01_hyp-3_70_2.tar.bz2:0.453861951828:0.00730227:0.46
> 0:False:8,13:102,38
> 1:False:8,11:102,38
> 2:True:8,9:102,38
> 3:False:8,13:102,38
> 4:False:8,12:102,38
> 5:False:9,15:102,39
rovers-optimal-old-noisy/70/rovers_noisy_p01_hyp-3_70_3.tar.bz2:0.45680809021:0.00734105:0.45
> 0:False:8,13:100,35
> 1:False:8,11:100,35
> 2:True:8,9:100,35
> 3:False:8,13:100,35
> 4:False:8,12:100,35
> 5:False:9,15:100,36
rovers-optimal-old-noisy/70/rovers_noisy_p01_hyp-4_70_1.tar.bz2:0.453500032425:0.00653408:0.45
> 0:False:8,12:98,29
> 1:False:8,13:98,29
> 2:False:8,11:98,29
> 3:True:8,8:98,29
> 4:False:8,14:98,29
> 5:False:9,13:98,30
rovers-optimal-old-noisy/70/rovers_noisy_p01_hyp-4_70_2.tar.bz2:0.457677841187:0.00709059:0.46
> 0:False:8,14:100,30
> 1:False:8,16:100,30
> 2:False:8,15:100,30
> 3:True:8,11:100,30
> 4:False:8,14:100,30
> 5:False:9,15:100,31
rovers-optimal-old-noisy/70/rovers_noisy_p01_hyp-4_70_3.tar.bz2:0.455774068832:0.00760473:0.45
> 0:False:8,15:102,38
> 1:False:8,15:102,38
> 2:False:8,15:102,38
> 3:True:8,11:102,38
> 4:False:8,18:102,38
> 5:False:9,17:102,39
rovers-optimal-old-noisy/70/rovers_noisy_p02_hyp-1_70_1.tar.bz2:0.484189987183:0.00987107:0.5
> 0:True:10,13:162,41
> 1:False:11,20:162,42
> 2:False:11,16:162,42
> 3:False:10,16:162,41
> 4:False:11,22:162,42
> 5:False:10,18:162,41
rovers-optimal-old-noisy/70/rovers_noisy_p02_hyp-1_70_2.tar.bz2:0.477267026901:0.0108833:0.48
> 0:True:10,14:164,47
> 1:False:11,21:164,48
> 2:False:11,17:164,48
> 3:False:10,18:164,47
> 4:False:11,22:164,48
> 5:False:10,19:164,47
rovers-optimal-old-noisy/70/rovers_noisy_p02_hyp-1_70_3.tar.bz2:0.482789993286:0.00994144:0.48
> 0:True:10,15:164,43
> 1:False:11,22:164,44
> 2:False:11,17:164,44
> 3:False:10,18:164,43
> 4:False:11,23:164,44
> 5:False:10,19:164,43
rovers-optimal-old-noisy/70/rovers_noisy_p02_hyp-2_70_1.tar.bz2:0.484555959702:0.01117228:0.48
> 0:False:10,20:168,60
> 1:True:11,16:168,61
> 2:False:11,21:168,61
> 3:False:10,18:168,60
> 4:False:11,21:168,61
> 5:False:10,23:168,60
rovers-optimal-old-noisy/70/rovers_noisy_p02_hyp-2_70_2.tar.bz2:0.478458881378:0.01068068:0.48
> 0:False:10,19:166,57
> 1:True:11,14:166,58
> 2:False:11,20:166,58
> 3:False:10,16:166,57
> 4:False:11,19:166,58
> 5:False:10,22:166,57
rovers-optimal-old-noisy/70/rovers_noisy_p02_hyp-2_70_3.tar.bz2:0.482270956039:0.01110414:0.48
> 0:False:10,21:168,59
> 1:True:11,17:168,60
> 2:False:11,22:168,60
> 3:False:10,18:168,59
> 4:False:11,22:168,60
> 5:False:10,24:168,59
rovers-optimal-old-noisy/70/rovers_noisy_p02_hyp-3_70_1.tar.bz2:0.486279964447:0.01105421:0.47
> 0:False:10,17:168,54
> 1:False:11,21:168,55
> 2:True:11,16:168,55
> 3:False:10,17:168,54
> 4:False:11,21:168,55
> 5:False:10,20:168,54
rovers-optimal-old-noisy/70/rovers_noisy_p02_hyp-3_70_2.tar.bz2:0.483929872513:0.01089097:0.49
> 0:False:10,17:168,52
> 1:False:11,22:168,53
> 2:True:11,16:168,53
> 3:False:10,18:168,52
> 4:False:11,21:168,53
> 5:False:10,19:168,52
rovers-optimal-old-noisy/70/rovers_noisy_p02_hyp-3_70_3.tar.bz2:0.483941078186:0.0106787:0.49
> 0:False:10,16:168,50
> 1:False:11,20:168,51
> 2:True:11,14:168,51
> 3:False:10,17:168,50
> 4:False:11,18:168,51
> 5:False:10,17:168,50
rovers-optimal-old-noisy/70/rovers_noisy_p02_hyp-4_70_1.tar.bz2:0.483537197113:0.01066594:0.48
> 0:True:10,15:166,54
> 1:False:11,18:166,55
> 2:False:11,18:166,55
> 3:True:10,15:166,54
> 4:False:11,23:166,55
> 5:False:10,20:166,54
rovers-optimal-old-noisy/70/rovers_noisy_p02_hyp-4_70_2.tar.bz2:0.485035896301:0.0104069:0.49
> 0:False:10,17:164,51
> 1:False:11,16:164,52
> 2:False:11,18:164,52
> 3:True:10,14:164,51
> 4:False:11,21:164,52
> 5:False:10,21:164,51
rovers-optimal-old-noisy/70/rovers_noisy_p02_hyp-4_70_3.tar.bz2:0.487528085709:0.01075615:0.48
> 0:False:10,20:166,53
> 1:True:11,17:166,54
> 2:False:11,21:166,54
> 3:False:10,17:166,53
> 4:False:11,20:166,54
> 5:False:10,23:166,53
rovers-optimal-old-noisy/70/rovers_noisy_p03_hyp-1_70_1.tar.bz2:0.483001947403:0.00948616:0.49
> 0:True:10,14:160,39
> 1:False:10,20:160,39
> 2:False:11,24:160,40
> 3:False:10,18:160,39
> 4:False:11,18:160,40
> 5:False:11,21:160,40
rovers-optimal-old-noisy/70/rovers_noisy_p03_hyp-1_70_2.tar.bz2:0.481076002121:0.00958472:0.48
> 0:True:10,12:162,40
> 1:False:10,17:162,40
> 2:False:11,22:162,41
> 3:False:10,16:162,40
> 4:False:11,16:162,41
> 5:False:11,20:162,41
rovers-optimal-old-noisy/70/rovers_noisy_p03_hyp-1_70_3.tar.bz2:0.485023021698:0.00993311:0.48
> 0:True:10,15:164,44
> 1:False:10,18:164,44
> 2:False:11,21:164,45
> 3:False:10,18:164,44
> 4:False:11,20:164,45
> 5:False:11,22:164,45
rovers-optimal-old-noisy/70/rovers_noisy_p03_hyp-2_70_1.tar.bz2:0.485601902008:0.01055994:0.48
> 0:False:10,18:166,50
> 1:True:10,16:166,50
> 2:False:11,21:166,51
> 3:False:10,18:166,50
> 4:True:11,17:166,51
> 5:False:11,23:166,51
rovers-optimal-old-noisy/70/rovers_noisy_p03_hyp-2_70_2.tar.bz2:0.483196020126:0.01050555:0.48
> 0:False:10,20:166,51
> 1:True:10,16:166,51
> 2:False:11,20:166,52
> 3:False:10,18:166,51
> 4:True:11,17:166,52
> 5:False:11,21:166,52
rovers-optimal-old-noisy/70/rovers_noisy_p03_hyp-2_70_3.tar.bz2:0.480555057526:0.01042668:0.48
> 0:False:10,20:166,52
> 1:True:10,16:166,52
> 2:False:11,19:166,53
> 3:False:10,18:166,52
> 4:False:11,20:166,53
> 5:False:11,23:166,53
rovers-optimal-old-noisy/70/rovers_noisy_p03_hyp-3_70_1.tar.bz2:0.477782011032:0.01061009:0.48
> 0:False:10,21:166,55
> 1:False:10,18:166,55
> 2:True:11,14:166,56
> 3:False:10,18:166,55
> 4:False:11,22:166,56
> 5:False:11,20:166,56
rovers-optimal-old-noisy/70/rovers_noisy_p03_hyp-3_70_2.tar.bz2:0.486238002777:0.01092582:0.49
> 0:False:10,19:168,54
> 1:False:10,18:168,54
> 2:True:11,15:168,55
> 3:False:10,18:168,54
> 4:False:11,21:168,55
> 5:False:11,19:168,55
rovers-optimal-old-noisy/70/rovers_noisy_p03_hyp-3_70_3.tar.bz2:0.484255075455:0.01105914:0.49
> 0:False:10,23:168,56
> 1:False:10,19:168,56
> 2:True:11,16:168,57
> 3:False:10,20:168,56
> 4:False:11,23:168,57
> 5:False:11,22:168,57
rovers-optimal-old-noisy/70/rovers_noisy_p03_hyp-4_70_1.tar.bz2:0.482149124146:0.01023954:0.48
> 0:False:10,18:164,45
> 1:False:10,16:164,45
> 2:False:11,19:164,46
> 3:True:10,15:164,45
> 4:False:11,18:164,46
> 5:False:11,22:164,46
rovers-optimal-old-noisy/70/rovers_noisy_p03_hyp-4_70_2.tar.bz2:0.484865188599:0.00964326:0.48
> 0:False:10,15:162,41
> 1:False:10,17:162,41
> 2:False:11,17:162,42
> 3:True:10,13:162,41
> 4:False:11,19:162,42
> 5:False:11,19:162,42
rovers-optimal-old-noisy/70/rovers_noisy_p03_hyp-4_70_3.tar.bz2:0.480302095413:0.01018174:0.48
> 0:False:10,17:164,45
> 1:False:10,18:164,45
> 2:False:11,18:164,46
> 3:True:10,15:164,45
> 4:False:11,20:164,46
> 5:False:11,22:164,46
rovers-optimal-old-noisy/100/rovers_noisy_p01_hyp-1_full_1.tar.bz2:0.45473408699:0.00781568:0.46
> 0:True:8,12:106,44
> 1:False:8,16:106,44
> 2:False:8,16:106,44
> 3:False:8,14:106,44
> 4:False:8,17:106,44
> 5:False:9,18:106,45
rovers-optimal-old-noisy/100/rovers_noisy_p01_hyp-1_full_2.tar.bz2:0.454359054565:0.00736787:0.45
> 0:True:8,8:102,36
> 1:False:8,12:102,36
> 2:False:8,12:102,36
> 3:False:8,12:102,36
> 4:False:8,13:102,36
> 5:False:9,16:102,37
rovers-optimal-old-noisy/100/rovers_noisy_p01_hyp-1_full_3.tar.bz2:0.457585811615:0.00716857:0.45
> 0:True:8,8:102,36
> 1:False:8,12:102,36
> 2:False:8,12:102,36
> 3:False:8,12:102,36
> 4:False:8,13:102,36
> 5:False:9,16:102,37
rovers-optimal-old-noisy/100/rovers_noisy_p01_hyp-2_full_1.tar.bz2:0.456044912338:0.00779184:0.45
> 0:False:8,13:104,40
> 1:True:8,9:104,40
> 2:False:8,11:104,40
> 3:False:8,15:104,40
> 4:False:8,12:104,40
> 5:False:9,15:104,41
rovers-optimal-old-noisy/100/rovers_noisy_p01_hyp-2_full_2.tar.bz2:0.455457925797:0.00812555:0.46
> 0:False:8,19:108,48
> 1:True:8,15:108,48
> 2:False:8,17:108,48
> 3:False:8,20:108,48
> 4:False:8,17:108,48
> 5:False:9,18:108,49
rovers-optimal-old-noisy/100/rovers_noisy_p01_hyp-2_full_3.tar.bz2:0.456238985062:0.00811308:0.45
> 0:False:8,17:106,45
> 1:True:8,13:106,45
> 2:False:8,15:106,45
> 3:False:8,19:106,45
> 4:False:8,15:106,45
> 5:False:9,17:106,46
rovers-optimal-old-noisy/100/rovers_noisy_p01_hyp-3_full_1.tar.bz2:0.455801010132:0.00838631:0.46
> 0:False:8,18:108,48
> 1:False:8,16:108,48
> 2:True:8,14:108,48
> 3:False:8,18:108,48
> 4:False:8,16:108,48
> 5:False:9,18:108,49
rovers-optimal-old-noisy/100/rovers_noisy_p01_hyp-3_full_2.tar.bz2:0.455808877945:0.00773416:0.46
> 0:False:8,13:104,40
> 1:False:8,11:104,40
> 2:True:8,9:104,40
> 3:False:8,13:104,40
> 4:False:8,12:104,40
> 5:False:9,15:104,41
rovers-optimal-old-noisy/100/rovers_noisy_p01_hyp-3_full_3.tar.bz2:0.460294008255:0.00853891:0.46
> 0:False:8,18:108,49
> 1:False:8,16:108,49
> 2:True:8,14:108,49
> 3:False:8,18:108,49
> 4:False:8,16:108,49
> 5:False:9,18:108,50
rovers-optimal-old-noisy/100/rovers_noisy_p01_hyp-4_full_1.tar.bz2:0.456922054291:0.00784785:0.45
> 0:False:8,15:106,40
> 1:False:8,17:106,40
> 2:False:8,15:106,40
> 3:True:8,11:106,40
> 4:False:8,17:106,40
> 5:False:9,16:106,41
rovers-optimal-old-noisy/100/rovers_noisy_p01_hyp-4_full_2.tar.bz2:0.455194950104:0.00759784:0.45
> 0:False:8,13:104,39
> 1:False:8,17:104,39
> 2:False:8,15:104,39
> 3:True:8,11:104,39
> 4:False:8,18:104,39
> 5:False:9,17:104,40
rovers-optimal-old-noisy/100/rovers_noisy_p01_hyp-4_full_3.tar.bz2:0.457816123962:0.0080298:0.46
> 0:False:8,19:106,44
> 1:False:8,20:106,44
> 2:False:8,19:106,44
> 3:True:8,15:106,44
> 4:False:8,21:106,44
> 5:False:9,17:106,45
rovers-optimal-old-noisy/100/rovers_noisy_p02_hyp-1_full_1.tar.bz2:0.483295917511:0.01132081:0.48
> 0:True:10,16:170,57
> 1:False:11,23:170,58
> 2:False:11,18:170,58
> 3:False:10,20:170,57
> 4:False:11,24:170,58
> 5:False:10,20:170,57
rovers-optimal-old-noisy/100/rovers_noisy_p02_hyp-1_full_2.tar.bz2:0.48331284523:0.01167743:0.48
> 0:False:10,19:172,61
> 1:False:11,25:172,62
> 2:True:11,19:172,62
> 3:False:10,22:172,61
> 4:False:11,22:172,62
> 5:False:10,21:172,61
rovers-optimal-old-noisy/100/rovers_noisy_p02_hyp-1_full_3.tar.bz2:0.478639125824:0.01122595:0.48
> 0:True:10,16:170,56
> 1:False:11,22:170,57
> 2:False:11,18:170,57
> 3:False:10,19:170,56
> 4:False:11,24:170,57
> 5:False:10,20:170,56
rovers-optimal-old-noisy/100/rovers_noisy_p02_hyp-2_full_1.tar.bz2:0.484867095947:0.01234291:0.48
> 0:False:10,22:174,68
> 1:True:11,17:174,69
> 2:False:11,23:174,69
> 3:False:10,19:174,68
> 4:False:11,22:174,69
> 5:False:10,25:174,68
rovers-optimal-old-noisy/100/rovers_noisy_p02_hyp-2_full_2.tar.bz2:0.485515117645:0.0126644:0.5
> 0:False:10,23:176,76
> 1:True:11,19:176,77
> 2:False:11,23:176,77
> 3:False:10,21:176,76
> 4:False:11,23:176,77
> 5:False:10,25:176,76
rovers-optimal-old-noisy/100/rovers_noisy_p02_hyp-2_full_3.tar.bz2:0.485236883163:0.01227604:0.49
> 0:False:10,21:174,67
> 1:True:11,16:174,68
> 2:False:11,22:174,68
> 3:False:10,18:174,67
> 4:False:11,21:174,68
> 5:False:10,24:174,67
rovers-optimal-old-noisy/100/rovers_noisy_p02_hyp-3_full_1.tar.bz2:0.487236022949:0.01252681:0.48
> 0:False:10,20:176,65
> 1:False:11,24:176,66
> 2:True:11,18:176,66
> 3:False:10,21:176,65
> 4:False:11,23:176,66
> 5:False:10,22:176,65
rovers-optimal-old-noisy/100/rovers_noisy_p02_hyp-3_full_2.tar.bz2:0.483724832535:0.01177746:0.48
> 0:False:10,18:172,61
> 1:False:11,23:172,62
> 2:True:11,16:172,62
> 3:False:10,19:172,61
> 4:False:11,22:172,62
> 5:False:10,20:172,61
rovers-optimal-old-noisy/100/rovers_noisy_p02_hyp-3_full_3.tar.bz2:0.483763933182:0.01162712:0.49
> 0:False:10,16:172,58
> 1:False:11,22:172,59
> 2:True:11,14:172,59
> 3:False:10,18:172,58
> 4:False:11,21:172,59
> 5:False:10,18:172,58
rovers-optimal-old-noisy/100/rovers_noisy_p02_hyp-4_full_1.tar.bz2:0.486097097397:0.01217362:0.49
> 0:False:10,21:174,66
> 1:False:11,21:174,67
> 2:False:11,22:174,67
> 3:True:10,18:174,66
> 4:False:11,25:174,67
> 5:False:10,26:174,66
rovers-optimal-old-noisy/100/rovers_noisy_p02_hyp-4_full_2.tar.bz2:0.486734867096:0.01209995:0.49
> 0:False:10,20:174,66
> 1:False:11,19:174,67
> 2:False:11,21:174,67
> 3:True:10,17:174,66
> 4:False:11,24:174,67
> 5:False:10,23:174,66
rovers-optimal-old-noisy/100/rovers_noisy_p02_hyp-4_full_3.tar.bz2:0.486597776413:0.01170162:0.48
> 0:False:10,17:172,61
> 1:False:11,17:172,62
> 2:False:11,18:172,62
> 3:True:10,14:172,61
> 4:False:11,22:172,62
> 5:False:10,22:172,61
rovers-optimal-old-noisy/100/rovers_noisy_p03_hyp-1_full_1.tar.bz2:0.480142831802:0.01057033:0.48
> 0:True:10,15:168,49
> 1:False:10,21:168,49
> 2:False:11,24:168,50
> 3:False:10,18:168,49
> 4:False:11,20:168,50
> 5:False:11,23:168,50
rovers-optimal-old-noisy/100/rovers_noisy_p03_hyp-1_full_2.tar.bz2:0.485001087189:0.01068816:0.48
> 0:True:10,16:168,51
> 1:False:10,21:168,51
> 2:False:11,25:168,52
> 3:False:10,20:168,51
> 4:False:11,20:168,52
> 5:False:11,23:168,52
rovers-optimal-old-noisy/100/rovers_noisy_p03_hyp-1_full_3.tar.bz2:0.48673081398:0.01091833:0.5
> 0:True:10,14:168,51
> 1:False:10,20:168,51
> 2:False:11,23:168,52
> 3:False:10,18:168,51
> 4:False:11,19:168,52
> 5:False:11,21:168,52
rovers-optimal-old-noisy/100/rovers_noisy_p03_hyp-2_full_1.tar.bz2:0.479973077774:0.01120424:0.48
> 0:False:10,17:170,58
> 1:True:10,14:170,58
> 2:False:11,19:170,59
> 3:False:10,17:170,58
> 4:False:11,18:170,59
> 5:False:11,22:170,59
rovers-optimal-old-noisy/100/rovers_noisy_p03_hyp-2_full_2.tar.bz2:0.482961893082:0.01214477:0.48
> 0:False:10,19:174,66
> 1:True:10,17:174,66
> 2:False:11,21:174,67
> 3:False:10,19:174,66
> 4:False:11,21:174,67
> 5:False:11,23:174,67
rovers-optimal-old-noisy/100/rovers_noisy_p03_hyp-2_full_3.tar.bz2:0.483678102493:0.0117925:0.48
> 0:False:10,20:172,63
> 1:True:10,16:172,63
> 2:False:11,21:172,64
> 3:False:10,19:172,63
> 4:False:11,19:172,64
> 5:False:11,25:172,64
rovers-optimal-old-noisy/100/rovers_noisy_p03_hyp-3_full_1.tar.bz2:0.483155012131:0.01158425:0.49
> 0:False:10,21:172,65
> 1:False:10,18:172,65
> 2:True:11,14:172,66
> 3:False:10,18:172,65
> 4:False:11,22:172,66
> 5:False:11,20:172,66
rovers-optimal-old-noisy/100/rovers_noisy_p03_hyp-3_full_2.tar.bz2:0.487586021423:0.01267225:0.48
> 0:False:10,25:176,74
> 1:False:10,20:176,74
> 2:True:11,18:176,75
> 3:False:10,22:176,74
> 4:False:11,24:176,75
> 5:False:11,24:176,75
rovers-optimal-old-noisy/100/rovers_noisy_p03_hyp-3_full_3.tar.bz2:0.489377975464:0.01274362:0.5
> 0:False:10,23:176,73
> 1:False:10,22:176,73
> 2:True:11,18:176,74
> 3:False:10,20:176,73
> 4:False:11,26:176,74
> 5:False:11,24:176,74
rovers-optimal-old-noisy/100/rovers_noisy_p03_hyp-4_full_1.tar.bz2:0.483834028244:0.01121147:0.48
> 0:False:10,17:170,55
> 1:False:10,18:170,55
> 2:False:11,20:170,56
> 3:True:10,14:170,55
> 4:False:11,19:170,56
> 5:False:11,23:170,56
rovers-optimal-old-noisy/100/rovers_noisy_p03_hyp-4_full_2.tar.bz2:0.485316991806:0.01137785:0.49
> 0:False:10,18:170,55
> 1:False:10,18:170,55
> 2:False:11,20:170,56
> 3:True:10,14:170,55
> 4:False:11,21:170,56
> 5:False:11,23:170,56
rovers-optimal-old-noisy/100/rovers_noisy_p03_hyp-4_full_3.tar.bz2:0.482574939728:0.01126173:0.48
> 0:False:10,18:170,57
> 1:False:10,17:170,57
> 2:False:11,18:170,58
> 3:True:10,15:170,57
> 4:False:11,21:170,58
> 5:False:11,24:170,58
