rovers-optimal-old-noisy/10/rovers_noisy_p01_hyp-1_10_1.tar.bz2:0.482506036758:0.02890355:0.48
> 0:True:7,8:187,134
> 1:True:7,8:155,104
> 2:True:7,8:156,105
> 3:True:7,8:186,133
> 4:True:7,8:149,98
> 5:True:7,8:147,96
rovers-optimal-old-noisy/10/rovers_noisy_p01_hyp-1_10_2.tar.bz2:0.481624126434:0.0287075:0.48
> 0:True:7,7:187,134
> 1:False:7,8:155,104
> 2:False:7,8:156,105
> 3:True:7,7:186,133
> 4:False:7,8:149,98
> 5:False:7,8:147,96
rovers-optimal-old-noisy/10/rovers_noisy_p01_hyp-1_10_3.tar.bz2:0.483636140823:0.02849899:0.49
> 0:True:7,7:187,134
> 1:True:7,7:155,104
> 2:True:7,7:156,105
> 3:False:7,8:186,133
> 4:True:7,7:149,98
> 5:False:7,8:147,96
rovers-optimal-old-noisy/10/rovers_noisy_p01_hyp-2_10_1.tar.bz2:0.483430147171:0.02965478:0.48
> 0:True:7,7:187,134
> 1:True:7,7:155,104
> 2:True:7,7:156,105
> 3:True:7,7:186,133
> 4:True:7,7:149,98
> 5:True:7,7:147,96
rovers-optimal-old-noisy/10/rovers_noisy_p01_hyp-2_10_2.tar.bz2:0.483762979507:0.02967321:0.49
> 0:True:7,7:187,134
> 1:True:7,7:155,104
> 2:True:7,7:156,105
> 3:True:7,7:186,133
> 4:True:7,7:149,98
> 5:True:7,7:147,96
rovers-optimal-old-noisy/10/rovers_noisy_p01_hyp-2_10_3.tar.bz2:0.478600978851:0.02841169:0.48
> 0:True:7,7:187,134
> 1:True:7,7:155,104
> 2:True:7,7:156,105
> 3:False:7,8:186,133
> 4:True:7,7:149,98
> 5:False:7,8:147,96
rovers-optimal-old-noisy/10/rovers_noisy_p01_hyp-3_10_1.tar.bz2:0.482111930847:0.02882526:0.49
> 0:True:7,7:187,134
> 1:True:7,7:155,104
> 2:True:7,7:156,105
> 3:False:7,8:186,133
> 4:True:7,7:149,98
> 5:False:7,8:147,96
rovers-optimal-old-noisy/10/rovers_noisy_p01_hyp-3_10_2.tar.bz2:0.48271894455:0.02959707:0.48
> 0:True:7,7:187,134
> 1:True:7,7:155,104
> 2:True:7,7:156,105
> 3:True:7,7:186,133
> 4:True:7,7:149,98
> 5:True:7,7:147,96
rovers-optimal-old-noisy/10/rovers_noisy_p01_hyp-3_10_3.tar.bz2:0.482136011124:0.02958014:0.48
> 0:True:7,7:188,135
> 1:True:7,7:156,105
> 2:True:7,7:157,106
> 3:True:7,7:187,134
> 4:True:7,7:150,99
> 5:True:7,7:148,97
rovers-optimal-old-noisy/10/rovers_noisy_p01_hyp-4_10_1.tar.bz2:0.483167886734:0.03041777:0.48
> 0:True:7,7:188,135
> 1:False:7,8:156,105
> 2:True:7,7:157,106
> 3:True:7,7:187,134
> 4:False:7,8:150,99
> 5:False:7,8:148,97
rovers-optimal-old-noisy/10/rovers_noisy_p01_hyp-4_10_2.tar.bz2:0.481129169464:0.02922579:0.49
> 0:False:7,8:188,135
> 1:False:7,8:156,105
> 2:True:7,7:157,106
> 3:True:7,7:187,134
> 4:False:7,8:150,99
> 5:False:7,8:148,97
rovers-optimal-old-noisy/10/rovers_noisy_p01_hyp-4_10_3.tar.bz2:0.486499071121:0.02867885:0.47
> 0:False:7,8:187,134
> 1:False:7,8:155,104
> 2:True:7,7:156,105
> 3:True:7,7:186,133
> 4:False:7,8:149,98
> 5:False:7,8:147,96
rovers-optimal-old-noisy/10/rovers_noisy_p02_hyp-1_10_1.tar.bz2:0.52380490303:0.04606985:0.53
> 0:True:8,9:384,251
> 1:False:8,10:378,248
> 2:True:8,9:384,251
> 3:False:8,10:378,248
> 4:False:8,10:376,247
> 5:True:8,9:387,257
rovers-optimal-old-noisy/10/rovers_noisy_p02_hyp-1_10_2.tar.bz2:0.523869037628:0.0451321:0.52
> 0:True:8,9:384,251
> 1:False:8,10:378,248
> 2:True:8,9:384,251
> 3:True:8,9:378,248
> 4:False:8,10:376,247
> 5:False:8,10:387,257
rovers-optimal-old-noisy/10/rovers_noisy_p02_hyp-1_10_3.tar.bz2:0.525074958801:0.04630245:0.52
> 0:True:8,9:384,251
> 1:True:8,9:378,248
> 2:True:8,9:384,251
> 3:True:8,9:378,248
> 4:True:8,9:376,247
> 5:False:8,10:387,257
rovers-optimal-old-noisy/10/rovers_noisy_p02_hyp-2_10_1.tar.bz2:0.527453899384:0.05036622:0.53
> 0:False:8,11:383,250
> 1:True:8,10:377,247
> 2:False:8,11:383,250
> 3:False:8,11:377,247
> 4:True:8,10:375,246
> 5:False:8,11:386,256
rovers-optimal-old-noisy/10/rovers_noisy_p02_hyp-2_10_2.tar.bz2:0.52729511261:0.04576101:0.54
> 0:False:8,10:384,251
> 1:True:8,9:378,248
> 2:False:8,10:384,251
> 3:True:8,9:378,248
> 4:False:8,10:376,247
> 5:False:8,10:387,257
rovers-optimal-old-noisy/10/rovers_noisy_p02_hyp-2_10_3.tar.bz2:0.522920131683:0.04511324:0.51
> 0:False:8,10:384,251
> 1:True:8,9:378,248
> 2:False:8,10:384,251
> 3:False:8,10:378,248
> 4:True:8,9:376,247
> 5:False:8,10:387,257
rovers-optimal-old-noisy/10/rovers_noisy_p02_hyp-3_10_1.tar.bz2:0.524492025375:0.04422315:0.52
> 0:False:8,9:383,250
> 1:False:8,10:377,247
> 2:True:8,8:383,250
> 3:False:8,9:377,247
> 4:False:8,9:375,246
> 5:False:8,9:386,256
rovers-optimal-old-noisy/10/rovers_noisy_p02_hyp-3_10_2.tar.bz2:0.523805856705:0.04555476:0.53
> 0:False:8,9:384,251
> 1:False:8,9:378,248
> 2:True:8,8:384,251
> 3:False:8,9:378,248
> 4:False:8,9:376,247
> 5:False:8,9:387,257
rovers-optimal-old-noisy/10/rovers_noisy_p02_hyp-3_10_3.tar.bz2:0.531671047211:0.05003684:0.53
> 0:True:8,10:383,250
> 1:False:8,11:377,247
> 2:True:8,10:383,250
> 3:False:8,11:377,247
> 4:False:8,11:375,246
> 5:True:8,10:386,256
rovers-optimal-old-noisy/10/rovers_noisy_p02_hyp-4_10_1.tar.bz2:0.530030965805:0.05095007:0.53
> 0:True:8,10:383,250
> 1:True:8,10:377,247
> 2:True:8,10:383,250
> 3:True:8,10:377,247
> 4:True:8,10:375,246
> 5:True:8,10:386,256
rovers-optimal-old-noisy/10/rovers_noisy_p02_hyp-4_10_2.tar.bz2:0.523781061172:0.04414938:0.52
> 0:False:8,9:383,250
> 1:False:8,9:377,247
> 2:False:8,9:383,250
> 3:True:8,8:377,247
> 4:False:8,9:375,246
> 5:False:8,10:386,256
rovers-optimal-old-noisy/10/rovers_noisy_p02_hyp-4_10_3.tar.bz2:0.527386903763:0.04643869:0.53
> 0:False:8,9:384,251
> 1:True:8,8:378,248
> 2:False:8,9:384,251
> 3:True:8,8:378,248
> 4:False:8,9:376,247
> 5:False:8,10:387,257
rovers-optimal-old-noisy/10/rovers_noisy_p03_hyp-1_10_1.tar.bz2:0.520545959473:0.04444724:0.52
> 0:True:8,9:370,244
> 1:True:8,9:378,248
> 2:True:8,9:384,251
> 3:True:8,9:384,251
> 4:False:8,10:376,247
> 5:True:8,9:366,242
rovers-optimal-old-noisy/10/rovers_noisy_p03_hyp-1_10_2.tar.bz2:0.527276039124:0.04553094:0.53
> 0:True:8,8:370,244
> 1:False:8,10:378,248
> 2:False:8,10:384,251
> 3:False:8,10:384,251
> 4:True:8,8:376,247
> 5:False:8,10:366,242
rovers-optimal-old-noisy/10/rovers_noisy_p03_hyp-1_10_3.tar.bz2:0.520432949066:0.044155:0.53
> 0:True:8,9:370,244
> 1:True:8,9:378,248
> 2:False:8,10:384,251
> 3:True:8,9:384,251
> 4:True:8,9:376,247
> 5:False:8,10:366,242
rovers-optimal-old-noisy/10/rovers_noisy_p03_hyp-2_10_1.tar.bz2:0.522302865982:0.04559702:0.52
> 0:False:8,10:370,244
> 1:False:8,9:378,248
> 2:True:8,8:384,251
> 3:False:8,9:384,251
> 4:False:8,10:376,247
> 5:False:8,10:366,242
rovers-optimal-old-noisy/10/rovers_noisy_p03_hyp-2_10_2.tar.bz2:0.522984981537:0.04538893:0.52
> 0:True:8,8:370,244
> 1:True:8,8:378,248
> 2:False:8,9:384,251
> 3:True:8,8:384,251
> 4:False:8,9:376,247
> 5:False:8,10:366,242
rovers-optimal-old-noisy/10/rovers_noisy_p03_hyp-2_10_3.tar.bz2:0.525480985641:0.04479752:0.52
> 0:True:8,8:369,243
> 1:True:8,8:377,247
> 2:False:8,10:383,250
> 3:True:8,8:383,250
> 4:True:8,8:375,246
> 5:False:8,10:365,241
rovers-optimal-old-noisy/10/rovers_noisy_p03_hyp-3_10_1.tar.bz2:0.521648168564:0.04460316:0.53
> 0:False:8,10:370,244
> 1:True:8,9:378,248
> 2:True:8,9:384,251
> 3:True:8,9:384,251
> 4:False:8,10:376,247
> 5:True:8,9:366,242
rovers-optimal-old-noisy/10/rovers_noisy_p03_hyp-3_10_2.tar.bz2:0.532274007797:0.05048549:0.53
> 0:False:8,11:369,243
> 1:True:8,10:377,247
> 2:True:8,10:383,250
> 3:True:8,10:383,250
> 4:False:8,11:375,246
> 5:False:8,11:365,241
rovers-optimal-old-noisy/10/rovers_noisy_p03_hyp-3_10_3.tar.bz2:0.521940946579:0.04501255:0.52
> 0:False:8,10:370,244
> 1:False:8,10:378,248
> 2:True:8,9:384,251
> 3:False:8,10:384,251
> 4:False:8,10:376,247
> 5:True:8,9:366,242
rovers-optimal-old-noisy/10/rovers_noisy_p03_hyp-4_10_1.tar.bz2:0.525314807892:0.0455991:0.53
> 0:True:8,9:370,244
> 1:True:8,9:378,248
> 2:False:8,10:384,251
> 3:True:8,9:384,251
> 4:True:8,9:376,247
> 5:False:8,10:366,242
rovers-optimal-old-noisy/10/rovers_noisy_p03_hyp-4_10_2.tar.bz2:0.526859045029:0.04549577:0.53
> 0:False:8,10:369,243
> 1:True:8,9:377,247
> 2:True:8,9:383,250
> 3:True:8,9:383,250
> 4:False:8,10:375,246
> 5:False:8,10:365,241
rovers-optimal-old-noisy/10/rovers_noisy_p03_hyp-4_10_3.tar.bz2:0.529856920242:0.04984485:0.53
> 0:False:8,10:369,243
> 1:False:8,10:377,247
> 2:True:8,9:383,250
> 3:True:8,9:383,250
> 4:False:8,10:375,246
> 5:False:8,10:365,241
rovers-optimal-old-noisy/30/rovers_noisy_p01_hyp-1_30_1.tar.bz2:0.48176908493:0.02919926:0.47
> 0:True:7,8:190,137
> 1:False:7,10:158,107
> 2:False:7,10:159,108
> 3:False:7,9:189,136
> 4:False:7,10:152,101
> 5:False:7,9:150,99
rovers-optimal-old-noisy/30/rovers_noisy_p01_hyp-1_30_2.tar.bz2:0.483510017395:0.03076337:0.48
> 0:True:7,7:190,137
> 1:False:7,9:158,107
> 2:False:7,9:159,108
> 3:False:7,9:189,136
> 4:False:7,9:152,101
> 5:False:7,10:150,99
rovers-optimal-old-noisy/30/rovers_noisy_p01_hyp-1_30_3.tar.bz2:0.47891497612:0.02893967:0.48
> 0:True:7,7:190,137
> 1:False:7,9:158,107
> 2:False:7,9:159,108
> 3:False:7,8:189,136
> 4:False:7,9:152,101
> 5:False:7,9:150,99
rovers-optimal-old-noisy/30/rovers_noisy_p01_hyp-2_30_1.tar.bz2:0.481204032898:0.02883559:0.49
> 0:False:7,9:189,136
> 1:True:7,7:157,106
> 2:False:7,8:158,107
> 3:False:7,10:188,135
> 4:False:7,8:151,100
> 5:False:7,9:149,98
rovers-optimal-old-noisy/30/rovers_noisy_p01_hyp-2_30_2.tar.bz2:0.481937170029:0.02957293:0.48
> 0:False:7,8:189,136
> 1:True:7,7:157,106
> 2:False:7,8:158,107
> 3:False:7,9:188,135
> 4:False:7,8:151,100
> 5:False:7,9:149,98
rovers-optimal-old-noisy/30/rovers_noisy_p01_hyp-2_30_3.tar.bz2:0.479654073715:0.02924254:0.48
> 0:True:7,7:190,137
> 1:True:7,7:158,107
> 2:True:7,7:159,108
> 3:False:7,9:189,136
> 4:True:7,7:152,101
> 5:False:7,9:150,99
rovers-optimal-old-noisy/30/rovers_noisy_p01_hyp-3_30_1.tar.bz2:0.483491897583:0.02919078:0.49
> 0:False:7,9:190,137
> 1:False:7,8:158,107
> 2:True:7,7:159,108
> 3:False:7,8:189,136
> 4:False:7,8:152,101
> 5:False:7,9:150,99
rovers-optimal-old-noisy/30/rovers_noisy_p01_hyp-3_30_2.tar.bz2:0.485013008118:0.02966231:0.48
> 0:False:7,9:189,136
> 1:True:7,8:157,106
> 2:True:7,8:158,107
> 3:False:7,9:188,135
> 4:True:7,8:151,100
> 5:True:7,8:149,98
rovers-optimal-old-noisy/30/rovers_noisy_p01_hyp-3_30_3.tar.bz2:0.480747938156:0.03002741:0.48
> 0:False:7,10:190,137
> 1:False:7,9:158,107
> 2:True:7,8:159,108
> 3:False:7,9:189,136
> 4:False:7,9:152,101
> 5:False:7,9:150,99
rovers-optimal-old-noisy/30/rovers_noisy_p01_hyp-4_30_1.tar.bz2:0.485694885254:0.02899363:0.5
> 0:False:7,9:190,137
> 1:False:7,10:158,107
> 2:False:7,9:159,108
> 3:True:7,7:189,136
> 4:False:7,9:152,101
> 5:False:7,9:150,99
rovers-optimal-old-noisy/30/rovers_noisy_p01_hyp-4_30_2.tar.bz2:0.482221126556:0.0295122:0.48
> 0:False:7,9:190,137
> 1:False:7,9:158,107
> 2:False:7,9:159,108
> 3:True:7,8:189,136
> 4:False:7,9:152,101
> 5:True:7,8:150,99
rovers-optimal-old-noisy/30/rovers_noisy_p01_hyp-4_30_3.tar.bz2:0.483360052109:0.02983758:0.47
> 0:False:7,9:190,137
> 1:False:7,10:158,107
> 2:False:7,9:159,108
> 3:True:7,8:189,136
> 4:False:7,10:152,101
> 5:False:7,10:150,99
rovers-optimal-old-noisy/30/rovers_noisy_p02_hyp-1_30_1.tar.bz2:0.526337862015:0.04667463:0.53
> 0:True:8,9:386,253
> 1:False:8,11:380,250
> 2:True:8,9:386,253
> 3:False:8,10:380,250
> 4:False:8,12:378,249
> 5:False:8,11:389,259
rovers-optimal-old-noisy/30/rovers_noisy_p02_hyp-1_30_2.tar.bz2:0.525136947632:0.04468106:0.52
> 0:True:8,8:385,252
> 1:False:8,11:379,249
> 2:True:8,8:385,252
> 3:False:8,10:379,249
> 4:False:8,12:377,248
> 5:False:8,10:388,258
rovers-optimal-old-noisy/30/rovers_noisy_p02_hyp-1_30_3.tar.bz2:0.52586722374:0.04602216:0.53
> 0:True:8,8:386,253
> 1:False:8,11:380,250
> 2:True:8,8:386,253
> 3:False:8,9:380,250
> 4:False:8,12:378,249
> 5:False:8,11:389,259
rovers-optimal-old-noisy/30/rovers_noisy_p02_hyp-2_30_1.tar.bz2:0.528178930283:0.04626415:0.53
> 0:False:8,11:386,253
> 1:True:8,10:380,250
> 2:False:8,11:386,253
> 3:True:8,10:380,250
> 4:False:8,11:378,249
> 5:False:8,12:389,259
rovers-optimal-old-noisy/30/rovers_noisy_p02_hyp-2_30_2.tar.bz2:0.529456853867:0.04957725:0.53
> 0:False:8,12:385,252
> 1:True:8,11:379,249
> 2:False:8,12:385,252
> 3:False:8,12:379,249
> 4:False:8,12:377,248
> 5:False:8,13:388,258
rovers-optimal-old-noisy/30/rovers_noisy_p02_hyp-2_30_3.tar.bz2:0.526731014252:0.04665959:0.53
> 0:False:8,11:386,253
> 1:True:8,9:380,250
> 2:False:8,11:386,253
> 3:False:8,10:380,250
> 4:False:8,10:378,249
> 5:False:8,12:389,259
rovers-optimal-old-noisy/30/rovers_noisy_p02_hyp-3_30_1.tar.bz2:0.524680137634:0.04709782:0.52
> 0:True:8,11:386,253
> 1:True:8,11:380,250
> 2:True:8,11:386,253
> 3:True:8,11:380,250
> 4:False:8,12:378,249
> 5:False:8,12:389,259
rovers-optimal-old-noisy/30/rovers_noisy_p02_hyp-3_30_2.tar.bz2:0.527447938919:0.04724431:0.53
> 0:True:8,11:386,253
> 1:False:8,12:380,250
> 2:True:8,11:386,253
> 3:True:8,11:380,250
> 4:False:8,13:378,249
> 5:False:8,13:389,259
rovers-optimal-old-noisy/30/rovers_noisy_p02_hyp-3_30_3.tar.bz2:0.531888961792:0.05027382:0.53
> 0:True:8,11:385,252
> 1:False:8,12:379,249
> 2:True:8,11:385,252
> 3:False:8,12:379,249
> 4:False:8,12:377,248
> 5:True:8,11:388,258
rovers-optimal-old-noisy/30/rovers_noisy_p02_hyp-4_30_1.tar.bz2:0.526835918427:0.0463931:0.52
> 0:False:8,11:386,253
> 1:True:8,10:380,250
> 2:False:8,11:386,253
> 3:True:8,10:380,250
> 4:False:8,11:378,249
> 5:False:8,12:389,259
rovers-optimal-old-noisy/30/rovers_noisy_p02_hyp-4_30_2.tar.bz2:0.52890920639:0.04937035:0.54
> 0:False:8,13:385,252
> 1:True:8,11:379,249
> 2:False:8,13:385,252
> 3:True:8,11:379,249
> 4:True:8,11:377,248
> 5:False:8,13:388,258
rovers-optimal-old-noisy/30/rovers_noisy_p02_hyp-4_30_3.tar.bz2:0.523002147675:0.04539787:0.52
> 0:False:8,10:386,253
> 1:False:8,10:380,250
> 2:False:8,10:386,253
> 3:True:8,9:380,250
> 4:False:8,11:378,249
> 5:False:8,12:389,259
rovers-optimal-old-noisy/30/rovers_noisy_p03_hyp-1_30_1.tar.bz2:0.525406122208:0.04573417:0.52
> 0:True:8,9:372,246
> 1:True:8,9:380,250
> 2:False:8,12:386,253
> 3:True:8,9:386,253
> 4:True:8,9:378,249
> 5:False:8,12:368,244
rovers-optimal-old-noisy/30/rovers_noisy_p03_hyp-1_30_2.tar.bz2:0.523823976517:0.04437808:0.53
> 0:True:8,9:371,245
> 1:False:8,11:379,249
> 2:False:8,12:385,252
> 3:False:8,10:385,252
> 4:False:8,10:377,248
> 5:False:8,12:367,243
rovers-optimal-old-noisy/30/rovers_noisy_p03_hyp-1_30_3.tar.bz2:0.525895118713:0.04502649:0.53
> 0:True:8,9:371,245
> 1:False:8,11:379,249
> 2:False:8,12:385,252
> 3:False:8,11:385,252
> 4:False:8,10:377,248
> 5:False:8,11:367,243
rovers-optimal-old-noisy/30/rovers_noisy_p03_hyp-2_30_1.tar.bz2:0.526252031326:0.044774:0.54
> 0:False:8,11:371,245
> 1:True:8,9:379,249
> 2:False:8,11:385,252
> 3:False:8,10:385,252
> 4:False:8,10:377,248
> 5:False:8,12:367,243
rovers-optimal-old-noisy/30/rovers_noisy_p03_hyp-2_30_2.tar.bz2:0.533664226532:0.05004233:0.53
> 0:False:8,10:371,245
> 1:True:8,9:379,249
> 2:False:8,11:385,252
> 3:True:8,9:385,252
> 4:False:8,10:377,248
> 5:False:8,12:367,243
rovers-optimal-old-noisy/30/rovers_noisy_p03_hyp-2_30_3.tar.bz2:0.523355960846:0.0445392:0.52
> 0:False:8,12:371,245
> 1:True:8,8:379,249
> 2:False:8,9:385,252
> 3:False:8,10:385,252
> 4:False:8,11:377,248
> 5:False:8,12:367,243
rovers-optimal-old-noisy/30/rovers_noisy_p03_hyp-3_30_1.tar.bz2:0.53350186348:0.05120781:0.53
> 0:False:8,13:371,245
> 1:False:8,12:379,249
> 2:True:8,11:385,252
> 3:False:8,12:385,252
> 4:False:8,13:377,248
> 5:False:8,12:367,243
rovers-optimal-old-noisy/30/rovers_noisy_p03_hyp-3_30_2.tar.bz2:0.522966861725:0.04486719:0.52
> 0:False:8,12:372,246
> 1:False:8,11:380,250
> 2:True:8,10:386,253
> 3:False:8,11:386,253
> 4:False:8,12:378,249
> 5:False:8,12:368,244
rovers-optimal-old-noisy/30/rovers_noisy_p03_hyp-3_30_3.tar.bz2:0.52392411232:0.05028242:0.52
> 0:False:8,12:371,245
> 1:True:8,10:379,249
> 2:True:8,10:385,252
> 3:False:8,11:385,252
> 4:False:8,12:377,248
> 5:False:8,12:367,243
rovers-optimal-old-noisy/30/rovers_noisy_p03_hyp-4_30_1.tar.bz2:0.525798082352:0.04583671:0.53
> 0:False:8,11:372,246
> 1:True:8,9:380,250
> 2:False:8,11:386,253
> 3:False:8,10:386,253
> 4:False:8,10:378,249
> 5:False:8,12:368,244
rovers-optimal-old-noisy/30/rovers_noisy_p03_hyp-4_30_2.tar.bz2:0.528098106384:0.04721302:0.53
> 0:False:8,10:372,246
> 1:False:8,10:380,250
> 2:False:8,10:386,253
> 3:True:8,8:386,253
> 4:False:8,11:378,249
> 5:False:8,12:368,244
rovers-optimal-old-noisy/30/rovers_noisy_p03_hyp-4_30_3.tar.bz2:0.528805017471:0.04624689:0.52
> 0:True:8,9:372,246
> 1:False:8,12:380,250
> 2:False:8,11:386,253
> 3:True:8,9:386,253
> 4:False:8,12:378,249
> 5:False:8,11:368,244
rovers-optimal-old-noisy/50/rovers_noisy_p01_hyp-1_50_1.tar.bz2:0.481807947159:0.02952841:0.48
> 0:True:7,7:191,138
> 1:False:7,8:159,108
> 2:False:7,8:160,109
> 3:False:7,10:190,137
> 4:False:7,8:153,102
> 5:False:7,10:151,100
rovers-optimal-old-noisy/50/rovers_noisy_p01_hyp-1_50_2.tar.bz2:0.485490083694:0.02963764:0.5
> 0:True:7,7:191,138
> 1:False:7,9:159,108
> 2:False:7,9:160,109
> 3:False:7,9:190,137
> 4:False:7,9:153,102
> 5:False:7,10:151,100
rovers-optimal-old-noisy/50/rovers_noisy_p01_hyp-1_50_3.tar.bz2:0.485850095749:0.02972123:0.48
> 0:True:7,8:191,138
> 1:False:7,9:159,108
> 2:True:7,8:160,109
> 3:True:7,8:190,137
> 4:False:7,9:153,102
> 5:False:7,10:151,100
rovers-optimal-old-noisy/50/rovers_noisy_p01_hyp-2_50_1.tar.bz2:0.483375072479:0.02983213:0.48
> 0:False:7,10:192,139
> 1:True:7,7:160,109
> 2:False:7,8:161,110
> 3:False:7,11:191,138
> 4:True:7,7:154,103
> 5:False:7,9:152,101
rovers-optimal-old-noisy/50/rovers_noisy_p01_hyp-2_50_2.tar.bz2:0.484205007553:0.02937682:0.48
> 0:False:7,9:192,139
> 1:True:7,7:160,109
> 2:False:7,8:161,110
> 3:False:7,10:191,138
> 4:False:7,8:154,103
> 5:False:7,9:152,101
rovers-optimal-old-noisy/50/rovers_noisy_p01_hyp-2_50_3.tar.bz2:0.48397397995:0.02975134:0.47
> 0:False:7,10:192,139
> 1:True:7,7:160,109
> 2:False:7,8:161,110
> 3:False:7,10:191,138
> 4:False:7,9:154,103
> 5:False:7,10:152,101
rovers-optimal-old-noisy/50/rovers_noisy_p01_hyp-3_50_1.tar.bz2:0.483606815338:0.02983993:0.49
> 0:False:7,9:191,138
> 1:False:7,8:159,108
> 2:True:7,7:160,109
> 3:False:7,9:190,137
> 4:False:7,8:153,102
> 5:False:7,9:151,100
rovers-optimal-old-noisy/50/rovers_noisy_p01_hyp-3_50_2.tar.bz2:0.483480930328:0.03009737:0.48
> 0:False:7,10:192,139
> 1:False:7,8:160,109
> 2:True:7,7:161,110
> 3:False:7,9:191,138
> 4:False:7,8:154,103
> 5:False:7,9:152,101
rovers-optimal-old-noisy/50/rovers_noisy_p01_hyp-3_50_3.tar.bz2:0.481091976166:0.0295602:0.48
> 0:False:7,10:192,139
> 1:False:7,9:160,109
> 2:True:7,8:161,110
> 3:False:7,10:191,138
> 4:False:7,9:154,103
> 5:False:7,10:152,101
rovers-optimal-old-noisy/50/rovers_noisy_p01_hyp-4_50_1.tar.bz2:0.48078584671:0.02863832:0.48
> 0:False:7,9:190,137
> 1:False:7,11:158,107
> 2:False:7,11:159,108
> 3:True:7,7:189,136
> 4:False:7,11:152,101
> 5:False:7,9:150,99
rovers-optimal-old-noisy/50/rovers_noisy_p01_hyp-4_50_2.tar.bz2:0.480957984924:0.0283463:0.49
> 0:False:7,9:190,137
> 1:False:7,10:158,107
> 2:False:7,10:159,108
> 3:True:7,8:189,136
> 4:False:7,10:152,101
> 5:False:7,9:150,99
rovers-optimal-old-noisy/50/rovers_noisy_p01_hyp-4_50_3.tar.bz2:0.477970838547:0.028126:0.47
> 0:False:7,9:190,137
> 1:False:7,10:158,107
> 2:False:7,9:159,108
> 3:True:7,8:189,136
> 4:False:7,10:152,101
> 5:False:7,10:150,99
rovers-optimal-old-noisy/50/rovers_noisy_p02_hyp-1_50_1.tar.bz2:0.52827000618:0.04669843:0.52
> 0:True:8,10:388,255
> 1:False:8,13:382,252
> 2:False:8,12:388,255
> 3:False:8,13:382,252
> 4:False:8,14:380,251
> 5:False:8,12:391,261
rovers-optimal-old-noisy/50/rovers_noisy_p02_hyp-1_50_2.tar.bz2:0.523869991302:0.04509633:0.52
> 0:True:8,10:387,254
> 1:False:8,14:381,251
> 2:False:8,11:387,254
> 3:False:8,12:381,251
> 4:False:8,14:379,250
> 5:False:8,12:390,260
rovers-optimal-old-noisy/50/rovers_noisy_p02_hyp-1_50_3.tar.bz2:0.525551080704:0.04619795:0.53
> 0:True:8,10:389,256
> 1:False:8,13:383,253
> 2:False:8,12:389,256
> 3:False:8,13:383,253
> 4:False:8,14:381,252
> 5:False:8,11:392,262
rovers-optimal-old-noisy/50/rovers_noisy_p02_hyp-2_50_1.tar.bz2:0.528107881546:0.04675716:0.53
> 0:False:8,14:390,257
> 1:True:8,12:384,254
> 2:False:8,14:390,257
> 3:False:8,13:384,254
> 4:False:8,13:382,253
> 5:False:8,15:393,263
rovers-optimal-old-noisy/50/rovers_noisy_p02_hyp-2_50_2.tar.bz2:0.527303934097:0.04663181:0.53
> 0:False:8,14:390,257
> 1:True:8,10:384,254
> 2:False:8,14:390,257
> 3:False:8,11:384,254
> 4:False:8,12:382,253
> 5:False:8,15:393,263
rovers-optimal-old-noisy/50/rovers_noisy_p02_hyp-2_50_3.tar.bz2:0.528887033463:0.04875152:0.53
> 0:False:8,14:388,255
> 1:True:8,12:382,252
> 2:False:8,14:388,255
> 3:False:8,13:382,252
> 4:False:8,13:380,251
> 5:False:8,15:391,261
rovers-optimal-old-noisy/50/rovers_noisy_p02_hyp-3_50_1.tar.bz2:0.52598285675:0.04651394:0.53
> 0:False:8,12:390,257
> 1:False:8,14:384,254
> 2:True:8,11:390,257
> 3:False:8,13:384,254
> 4:False:8,14:382,253
> 5:False:8,13:393,263
rovers-optimal-old-noisy/50/rovers_noisy_p02_hyp-3_50_2.tar.bz2:0.530725002289:0.04710765:0.53
> 0:False:8,11:389,256
> 1:False:8,14:383,253
> 2:True:8,10:389,256
> 3:False:8,12:383,253
> 4:False:8,14:381,252
> 5:False:8,13:392,262
rovers-optimal-old-noisy/50/rovers_noisy_p02_hyp-3_50_3.tar.bz2:0.526696920395:0.04531469:0.53
> 0:False:8,11:388,255
> 1:False:8,14:382,252
> 2:True:8,10:388,255
> 3:False:8,12:382,252
> 4:False:8,14:380,251
> 5:False:8,13:391,261
rovers-optimal-old-noisy/50/rovers_noisy_p02_hyp-4_50_1.tar.bz2:0.528661966324:0.04623724:0.53
> 0:False:8,11:389,256
> 1:False:8,12:383,253
> 2:False:8,11:389,256
> 3:True:8,10:383,253
> 4:False:8,13:381,252
> 5:False:8,14:392,262
rovers-optimal-old-noisy/50/rovers_noisy_p02_hyp-4_50_2.tar.bz2:0.526206016541:0.04675115:0.52
> 0:False:8,13:389,256
> 1:True:8,11:383,253
> 2:False:8,13:389,256
> 3:True:8,11:383,253
> 4:False:8,13:381,252
> 5:False:8,14:392,262
rovers-optimal-old-noisy/50/rovers_noisy_p02_hyp-4_50_3.tar.bz2:0.528275966644:0.04709083:0.53
> 0:False:8,11:389,256
> 1:False:8,11:383,253
> 2:False:8,11:389,256
> 3:True:8,10:383,253
> 4:False:8,13:381,252
> 5:False:8,14:392,262
rovers-optimal-old-noisy/50/rovers_noisy_p03_hyp-1_50_1.tar.bz2:0.52573299408:0.04613675:0.52
> 0:True:8,10:374,248
> 1:False:8,13:382,252
> 2:False:8,14:388,255
> 3:False:8,12:388,255
> 4:False:8,12:380,251
> 5:False:8,13:370,246
rovers-optimal-old-noisy/50/rovers_noisy_p03_hyp-1_50_2.tar.bz2:0.526489973068:0.04606763:0.53
> 0:True:8,9:374,248
> 1:False:8,12:382,252
> 2:False:8,14:388,255
> 3:False:8,11:388,255
> 4:False:8,11:380,251
> 5:False:8,13:370,246
rovers-optimal-old-noisy/50/rovers_noisy_p03_hyp-1_50_3.tar.bz2:0.525499105453:0.04619945:0.52
> 0:True:8,11:374,248
> 1:False:8,14:382,252
> 2:False:8,14:388,255
> 3:False:8,14:388,255
> 4:False:8,12:380,251
> 5:False:8,13:370,246
rovers-optimal-old-noisy/50/rovers_noisy_p03_hyp-2_50_1.tar.bz2:0.525546789169:0.04468006:0.53
> 0:False:8,13:373,247
> 1:True:8,10:381,251
> 2:False:8,11:387,254
> 3:False:8,11:387,254
> 4:False:8,13:379,250
> 5:False:8,14:369,245
rovers-optimal-old-noisy/50/rovers_noisy_p03_hyp-2_50_2.tar.bz2:0.525254964828:0.04523336:0.53
> 0:False:8,13:374,248
> 1:True:8,11:382,252
> 2:False:8,13:388,255
> 3:False:8,12:388,255
> 4:False:8,12:380,251
> 5:False:8,14:370,246
rovers-optimal-old-noisy/50/rovers_noisy_p03_hyp-2_50_3.tar.bz2:0.52911400795:0.04997629:0.53
> 0:False:8,12:373,247
> 1:True:8,9:381,251
> 2:False:8,12:387,254
> 3:False:8,11:387,254
> 4:False:8,11:379,250
> 5:False:8,14:369,245
rovers-optimal-old-noisy/50/rovers_noisy_p03_hyp-3_50_1.tar.bz2:0.526504993439:0.04694159:0.53
> 0:False:8,15:375,249
> 1:False:8,13:383,253
> 2:True:8,12:389,256
> 3:False:8,14:389,256
> 4:False:8,15:381,252
> 5:False:8,14:371,247
rovers-optimal-old-noisy/50/rovers_noisy_p03_hyp-3_50_2.tar.bz2:0.525265216827:0.04774929:0.53
> 0:False:8,14:375,249
> 1:False:8,14:383,253
> 2:True:8,11:389,256
> 3:False:8,13:389,256
> 4:False:8,14:381,252
> 5:False:8,13:371,247
rovers-optimal-old-noisy/50/rovers_noisy_p03_hyp-3_50_3.tar.bz2:0.529083967209:0.04704762:0.53
> 0:False:8,15:376,250
> 1:True:8,13:384,254
> 2:True:8,13:390,257
> 3:True:8,13:390,257
> 4:False:8,14:382,253
> 5:False:8,15:372,248
rovers-optimal-old-noisy/50/rovers_noisy_p03_hyp-4_50_1.tar.bz2:0.529278993607:0.0458143:0.52
> 0:False:8,12:374,248
> 1:False:8,12:382,252
> 2:False:8,12:388,255
> 3:True:8,10:388,255
> 4:False:8,12:380,251
> 5:False:8,14:370,246
rovers-optimal-old-noisy/50/rovers_noisy_p03_hyp-4_50_2.tar.bz2:0.525126934052:0.04530768:0.52
> 0:False:8,12:375,249
> 1:False:8,12:383,253
> 2:False:8,12:389,256
> 3:True:8,10:389,256
> 4:False:8,13:381,252
> 5:False:8,14:371,247
rovers-optimal-old-noisy/50/rovers_noisy_p03_hyp-4_50_3.tar.bz2:0.530673027039:0.0465793:0.54
> 0:False:8,12:374,248
> 1:False:8,13:382,252
> 2:False:8,11:388,255
> 3:True:8,10:388,255
> 4:False:8,13:380,251
> 5:False:8,14:370,246
rovers-optimal-old-noisy/70/rovers_noisy_p01_hyp-1_70_1.tar.bz2:0.483156919479:0.02884807:0.48
> 0:True:7,7:193,140
> 1:False:7,11:161,110
> 2:False:7,11:162,111
> 3:False:7,10:192,139
> 4:False:7,11:155,104
> 5:False:7,12:153,102
rovers-optimal-old-noisy/70/rovers_noisy_p01_hyp-1_70_2.tar.bz2:0.481587171555:0.02875731:0.48
> 0:True:7,8:192,139
> 1:False:7,11:160,109
> 2:False:7,11:161,110
> 3:False:7,10:191,138
> 4:False:7,11:154,103
> 5:False:7,12:152,101
rovers-optimal-old-noisy/70/rovers_noisy_p01_hyp-1_70_3.tar.bz2:0.480377912521:0.02917073:0.48
> 0:True:7,8:193,140
> 1:False:7,11:161,110
> 2:False:7,11:162,111
> 3:False:7,11:192,139
> 4:False:7,11:155,104
> 5:False:7,13:153,102
rovers-optimal-old-noisy/70/rovers_noisy_p01_hyp-2_70_1.tar.bz2:0.4813580513:0.0295544:0.48
> 0:False:7,11:194,141
> 1:True:7,9:162,111
> 2:False:7,10:163,112
> 3:False:7,13:193,140
> 4:False:7,10:156,105
> 5:False:7,12:154,103
rovers-optimal-old-noisy/70/rovers_noisy_p01_hyp-2_70_2.tar.bz2:0.482871055603:0.02934002:0.48
> 0:False:7,12:194,141
> 1:True:7,9:162,111
> 2:False:7,10:163,112
> 3:False:7,13:193,140
> 4:True:7,9:156,105
> 5:False:7,11:154,103
rovers-optimal-old-noisy/70/rovers_noisy_p01_hyp-2_70_3.tar.bz2:0.482208013535:0.02955259:0.49
> 0:False:7,11:194,141
> 1:True:7,9:162,111
> 2:False:7,10:163,112
> 3:False:7,13:193,140
> 4:False:7,10:156,105
> 5:False:7,12:154,103
rovers-optimal-old-noisy/70/rovers_noisy_p01_hyp-3_70_1.tar.bz2:0.481435060501:0.02988371:0.49
> 0:False:7,12:194,141
> 1:False:7,11:162,111
> 2:True:7,9:163,112
> 3:False:7,11:193,140
> 4:False:7,11:156,105
> 5:False:7,12:154,103
rovers-optimal-old-noisy/70/rovers_noisy_p01_hyp-3_70_2.tar.bz2:0.485800981522:0.02985983:0.49
> 0:False:7,11:194,141
> 1:False:7,10:162,111
> 2:True:7,8:163,112
> 3:False:7,11:193,140
> 4:False:7,10:156,105
> 5:False:7,12:154,103
rovers-optimal-old-noisy/70/rovers_noisy_p01_hyp-3_70_3.tar.bz2:0.481529951096:0.02864226:0.48
> 0:False:7,11:193,140
> 1:False:7,10:161,110
> 2:True:7,8:162,111
> 3:False:7,11:192,139
> 4:False:7,10:155,104
> 5:False:7,12:153,102
rovers-optimal-old-noisy/70/rovers_noisy_p01_hyp-4_70_1.tar.bz2:0.481613874435:0.02872358:0.48
> 0:False:7,12:192,139
> 1:False:7,13:160,109
> 2:False:7,11:161,110
> 3:True:7,8:191,138
> 4:False:7,13:154,103
> 5:False:7,11:152,101
rovers-optimal-old-noisy/70/rovers_noisy_p01_hyp-4_70_2.tar.bz2:0.483396053314:0.02930669:0.48
> 0:False:7,10:193,140
> 1:False:7,12:161,110
> 2:False:7,11:162,111
> 3:True:7,8:192,139
> 4:False:7,11:155,104
> 5:False:7,11:153,102
rovers-optimal-old-noisy/70/rovers_noisy_p01_hyp-4_70_3.tar.bz2:0.480892896652:0.02915856:0.48
> 0:False:7,11:194,141
> 1:False:7,11:162,111
> 2:False:7,10:163,112
> 3:True:7,8:193,140
> 4:False:7,12:156,105
> 5:False:7,11:154,103
rovers-optimal-old-noisy/70/rovers_noisy_p02_hyp-1_70_1.tar.bz2:0.527503967285:0.04686874:0.52
> 0:True:8,11:390,257
> 1:False:8,14:384,254
> 2:False:8,12:390,257
> 3:False:8,13:384,254
> 4:False:8,15:382,253
> 5:False:8,13:393,263
rovers-optimal-old-noisy/70/rovers_noisy_p02_hyp-1_70_2.tar.bz2:0.527485132217:0.04719935:0.53
> 0:True:8,10:391,258
> 1:False:8,15:385,255
> 2:False:8,12:391,258
> 3:False:8,14:385,255
> 4:False:8,15:383,254
> 5:False:8,13:394,264
rovers-optimal-old-noisy/70/rovers_noisy_p02_hyp-1_70_3.tar.bz2:0.523778915405:0.0458348:0.52
> 0:True:8,10:391,258
> 1:False:8,15:385,255
> 2:False:8,11:391,258
> 3:False:8,13:385,255
> 4:False:8,16:383,254
> 5:False:8,13:394,264
rovers-optimal-old-noisy/70/rovers_noisy_p02_hyp-2_70_1.tar.bz2:0.529138088226:0.04635051:0.54
> 0:False:8,16:393,260
> 1:True:8,12:387,257
> 2:False:8,16:393,260
> 3:False:8,13:387,257
> 4:False:8,15:385,256
> 5:False:8,17:396,266
rovers-optimal-old-noisy/70/rovers_noisy_p02_hyp-2_70_2.tar.bz2:0.527364015579:0.04646463:0.53
> 0:False:8,16:392,259
> 1:True:8,11:386,256
> 2:False:8,16:392,259
> 3:False:8,13:386,256
> 4:False:8,14:384,255
> 5:False:8,17:395,265
rovers-optimal-old-noisy/70/rovers_noisy_p02_hyp-2_70_3.tar.bz2:0.527365922928:0.04702296:0.52
> 0:False:8,15:393,260
> 1:True:8,11:387,257
> 2:False:8,15:393,260
> 3:False:8,12:387,257
> 4:False:8,15:385,256
> 5:False:8,17:396,266
rovers-optimal-old-noisy/70/rovers_noisy_p02_hyp-3_70_1.tar.bz2:0.528908967972:0.04644716:0.53
> 0:False:8,13:393,260
> 1:False:8,15:387,257
> 2:True:8,12:393,260
> 3:False:8,13:387,257
> 4:False:8,15:385,256
> 5:False:8,15:396,266
rovers-optimal-old-noisy/70/rovers_noisy_p02_hyp-3_70_2.tar.bz2:0.526239871979:0.04653192:0.53
> 0:True:8,12:393,260
> 1:False:8,15:387,257
> 2:True:8,12:393,260
> 3:False:8,13:387,257
> 4:False:8,16:385,256
> 5:False:8,15:396,266
rovers-optimal-old-noisy/70/rovers_noisy_p02_hyp-3_70_3.tar.bz2:0.52898812294:0.04723796:0.53
> 0:False:8,12:393,260
> 1:False:8,15:387,257
> 2:True:8,10:393,260
> 3:False:8,13:387,257
> 4:False:8,14:385,256
> 5:False:8,13:396,266
rovers-optimal-old-noisy/70/rovers_noisy_p02_hyp-4_70_1.tar.bz2:0.525598049164:0.04676276:0.52
> 0:False:8,13:392,259
> 1:False:8,12:386,256
> 2:False:8,14:392,259
> 3:True:8,11:386,256
> 4:False:8,15:384,255
> 5:False:8,15:395,265
rovers-optimal-old-noisy/70/rovers_noisy_p02_hyp-4_70_2.tar.bz2:0.528789997101:0.04660734:0.52
> 0:False:8,13:391,258
> 1:False:8,11:385,255
> 2:False:8,13:391,258
> 3:True:8,10:385,255
> 4:False:8,15:383,254
> 5:False:8,16:394,264
rovers-optimal-old-noisy/70/rovers_noisy_p02_hyp-4_70_3.tar.bz2:0.525552034378:0.0459735:0.51
> 0:False:8,15:392,259
> 1:True:8,11:386,256
> 2:False:8,15:392,259
> 3:True:8,11:386,256
> 4:False:8,13:384,255
> 5:False:8,16:395,265
rovers-optimal-old-noisy/70/rovers_noisy_p03_hyp-1_70_1.tar.bz2:0.526434898376:0.04630155:0.53
> 0:True:8,11:375,249
> 1:False:8,14:383,253
> 2:False:8,16:389,256
> 3:False:8,14:389,256
> 4:False:8,12:381,252
> 5:False:8,15:371,247
rovers-optimal-old-noisy/70/rovers_noisy_p03_hyp-1_70_2.tar.bz2:0.52726984024:0.04626385:0.53
> 0:True:8,10:376,250
> 1:False:8,13:384,254
> 2:False:8,16:390,257
> 3:False:8,13:390,257
> 4:False:8,12:382,253
> 5:False:8,14:372,248
rovers-optimal-old-noisy/70/rovers_noisy_p03_hyp-1_70_3.tar.bz2:0.525943994522:0.04599093:0.53
> 0:True:8,10:377,251
> 1:False:8,14:385,255
> 2:False:8,15:391,258
> 3:False:8,14:391,258
> 4:False:8,13:383,254
> 5:False:8,14:373,249
rovers-optimal-old-noisy/70/rovers_noisy_p03_hyp-2_70_1.tar.bz2:0.528043985367:0.04550302:0.53
> 0:False:8,13:378,252
> 1:True:8,11:386,256
> 2:False:8,14:392,259
> 3:False:8,13:392,259
> 4:False:8,12:384,255
> 5:False:8,16:374,250
rovers-optimal-old-noisy/70/rovers_noisy_p03_hyp-2_70_2.tar.bz2:0.529714822769:0.04633615:0.53
> 0:False:8,15:378,252
> 1:True:8,10:386,256
> 2:False:8,12:392,259
> 3:False:8,13:392,259
> 4:False:8,13:384,255
> 5:False:8,15:374,250
rovers-optimal-old-noisy/70/rovers_noisy_p03_hyp-2_70_3.tar.bz2:0.523944139481:0.04658862:0.52
> 0:False:8,15:378,252
> 1:True:8,11:386,256
> 2:False:8,13:392,259
> 3:False:8,14:392,259
> 4:False:8,14:384,255
> 5:False:8,16:374,250
rovers-optimal-old-noisy/70/rovers_noisy_p03_hyp-3_70_1.tar.bz2:0.527944087982:0.04779447:0.53
> 0:False:8,17:378,252
> 1:False:8,14:386,256
> 2:True:8,12:392,259
> 3:False:8,14:392,259
> 4:False:8,17:384,255
> 5:False:8,16:374,250
rovers-optimal-old-noisy/70/rovers_noisy_p03_hyp-3_70_2.tar.bz2:0.528036117554:0.04594669:0.53
> 0:False:8,16:379,253
> 1:False:8,16:387,257
> 2:True:8,12:393,260
> 3:False:8,14:393,260
> 4:False:8,17:385,256
> 5:False:8,15:375,251
rovers-optimal-old-noisy/70/rovers_noisy_p03_hyp-3_70_3.tar.bz2:0.528440952301:0.04639727:0.53
> 0:False:8,16:379,253
> 1:False:8,14:387,257
> 2:True:8,11:393,260
> 3:False:8,14:393,260
> 4:False:8,15:385,256
> 5:False:8,15:375,251
rovers-optimal-old-noisy/70/rovers_noisy_p03_hyp-4_70_1.tar.bz2:0.525192975998:0.04610497:0.53
> 0:False:8,13:377,251
> 1:False:8,11:385,255
> 2:False:8,13:391,258
> 3:True:8,10:391,258
> 4:False:8,13:383,254
> 5:False:8,15:373,249
rovers-optimal-old-noisy/70/rovers_noisy_p03_hyp-4_70_2.tar.bz2:0.525816202164:0.04657527:0.52
> 0:False:8,12:376,250
> 1:False:8,14:384,254
> 2:False:8,13:390,257
> 3:True:8,10:390,257
> 4:False:8,15:382,253
> 5:False:8,15:372,248
rovers-optimal-old-noisy/70/rovers_noisy_p03_hyp-4_70_3.tar.bz2:0.525069952011:0.04627659:0.52
> 0:False:8,13:377,251
> 1:False:8,13:385,255
> 2:False:8,13:391,258
> 3:True:8,11:391,258
> 4:False:8,15:383,254
> 5:False:8,15:373,249
rovers-optimal-old-noisy/100/rovers_noisy_p01_hyp-1_full_1.tar.bz2:0.482800006866:0.0293174:0.49
> 0:True:7,8:196,143
> 1:False:7,12:164,113
> 2:False:7,12:165,114
> 3:False:7,11:195,142
> 4:False:7,12:158,107
> 5:False:7,13:156,105
rovers-optimal-old-noisy/100/rovers_noisy_p01_hyp-1_full_2.tar.bz2:0.482532024384:0.02850806:0.49
> 0:True:7,8:194,141
> 1:False:7,12:162,111
> 2:False:7,12:163,112
> 3:False:7,12:193,140
> 4:False:7,12:156,105
> 5:False:7,14:154,103
rovers-optimal-old-noisy/100/rovers_noisy_p01_hyp-1_full_3.tar.bz2:0.482095003128:0.02881228:0.48
> 0:True:7,8:194,141
> 1:False:7,12:162,111
> 2:False:7,12:163,112
> 3:False:7,12:193,140
> 4:False:7,12:156,105
> 5:False:7,14:154,103
rovers-optimal-old-noisy/100/rovers_noisy_p01_hyp-2_full_1.tar.bz2:0.483639001846:0.02987909:0.47
> 0:False:7,12:195,142
> 1:True:7,8:163,112
> 2:False:7,10:164,113
> 3:False:7,14:194,141
> 4:False:7,10:157,106
> 5:False:7,12:155,104
rovers-optimal-old-noisy/100/rovers_noisy_p01_hyp-2_full_2.tar.bz2:0.484291791916:0.0294361:0.48
> 0:False:7,12:197,144
> 1:True:7,8:165,114
> 2:False:7,10:166,115
> 3:False:7,13:196,143
> 4:False:7,10:159,108
> 5:False:7,11:157,106
rovers-optimal-old-noisy/100/rovers_noisy_p01_hyp-2_full_3.tar.bz2:0.483697891235:0.02938086:0.48
> 0:False:7,12:196,143
> 1:True:7,8:164,113
> 2:False:7,10:165,114
> 3:False:7,14:195,142
> 4:False:7,10:158,107
> 5:False:7,12:156,105
rovers-optimal-old-noisy/100/rovers_noisy_p01_hyp-3_full_1.tar.bz2:0.48354101181:0.03003466:0.48
> 0:False:7,12:197,144
> 1:False:7,10:165,114
> 2:True:7,8:166,115
> 3:False:7,12:196,143
> 4:False:7,10:159,108
> 5:False:7,12:157,106
rovers-optimal-old-noisy/100/rovers_noisy_p01_hyp-3_full_2.tar.bz2:0.482932090759:0.03015215:0.48
> 0:False:7,12:195,142
> 1:False:7,10:163,112
> 2:True:7,8:164,113
> 3:False:7,12:194,141
> 4:False:7,10:157,106
> 5:False:7,12:155,104
rovers-optimal-old-noisy/100/rovers_noisy_p01_hyp-3_full_3.tar.bz2:0.484311819077:0.03003837:0.49
> 0:False:7,12:197,144
> 1:False:7,10:165,114
> 2:True:7,8:166,115
> 3:False:7,12:196,143
> 4:False:7,10:159,108
> 5:False:7,12:157,106
rovers-optimal-old-noisy/100/rovers_noisy_p01_hyp-4_full_1.tar.bz2:0.484544992447:0.02905473:0.48
> 0:False:7,12:196,143
> 1:False:7,14:164,113
> 2:False:7,12:165,114
> 3:True:7,8:195,142
> 4:False:7,14:158,107
> 5:False:7,12:156,105
rovers-optimal-old-noisy/100/rovers_noisy_p01_hyp-4_full_2.tar.bz2:0.483478069305:0.03016052:0.48
> 0:False:7,12:195,142
> 1:False:7,14:163,112
> 2:False:7,12:164,113
> 3:True:7,8:194,141
> 4:False:7,14:157,106
> 5:False:7,12:155,104
rovers-optimal-old-noisy/100/rovers_noisy_p01_hyp-4_full_3.tar.bz2:0.481947183609:0.02943683:0.49
> 0:False:7,12:196,143
> 1:False:7,13:164,113
> 2:False:7,12:165,114
> 3:True:7,8:195,142
> 4:False:7,14:158,107
> 5:False:7,11:156,105
rovers-optimal-old-noisy/100/rovers_noisy_p02_hyp-1_full_1.tar.bz2:0.531522035599:0.04774994:0.53
> 0:True:8,11:394,261
> 1:False:8,17:388,258
> 2:False:8,13:394,261
> 3:False:8,15:388,258
> 4:False:8,19:386,257
> 5:False:8,15:397,267
rovers-optimal-old-noisy/100/rovers_noisy_p02_hyp-1_full_2.tar.bz2:0.525796175003:0.04676412:0.52
> 0:True:8,11:395,262
> 1:False:8,17:389,259
> 2:False:8,13:395,262
> 3:False:8,15:389,259
> 4:False:8,18:387,258
> 5:False:8,15:398,268
rovers-optimal-old-noisy/100/rovers_noisy_p02_hyp-1_full_3.tar.bz2:0.527116060257:0.04695206:0.53
> 0:True:8,11:394,261
> 1:False:8,16:388,258
> 2:False:8,13:394,261
> 3:False:8,14:388,258
> 4:False:8,18:386,257
> 5:False:8,15:397,267
rovers-optimal-old-noisy/100/rovers_noisy_p02_hyp-2_full_1.tar.bz2:0.529589176178:0.04724734:0.53
> 0:False:8,18:396,263
> 1:True:8,12:390,260
> 2:False:8,18:396,263
> 3:False:8,14:390,260
> 4:False:8,16:388,259
> 5:False:8,20:399,269
rovers-optimal-old-noisy/100/rovers_noisy_p02_hyp-2_full_2.tar.bz2:0.52861905098:0.04809336:0.54
> 0:False:8,17:397,264
> 1:True:8,12:391,261
> 2:False:8,17:397,264
> 3:False:8,14:391,261
> 4:False:8,16:389,260
> 5:False:8,19:400,270
rovers-optimal-old-noisy/100/rovers_noisy_p02_hyp-2_full_3.tar.bz2:0.52875494957:0.04713965:0.53
> 0:False:8,17:396,263
> 1:True:8,12:390,260
> 2:False:8,17:396,263
> 3:False:8,14:390,260
> 4:False:8,16:388,259
> 5:False:8,19:399,269
rovers-optimal-old-noisy/100/rovers_noisy_p02_hyp-3_full_1.tar.bz2:0.526467084885:0.04734297:0.52
> 0:False:8,14:397,264
> 1:False:8,17:391,261
> 2:True:8,12:397,264
> 3:False:8,15:391,261
> 4:False:8,17:389,260
> 5:False:8,16:400,270
rovers-optimal-old-noisy/100/rovers_noisy_p02_hyp-3_full_2.tar.bz2:0.529361963272:0.04798466:0.53
> 0:False:8,14:395,262
> 1:False:8,18:389,259
> 2:True:8,12:395,262
> 3:False:8,16:389,259
> 4:False:8,18:387,258
> 5:False:8,16:398,268
rovers-optimal-old-noisy/100/rovers_noisy_p02_hyp-3_full_3.tar.bz2:0.531016111374:0.04774722:0.53
> 0:False:8,14:395,262
> 1:False:8,18:389,259
> 2:True:8,12:395,262
> 3:False:8,16:389,259
> 4:False:8,18:387,258
> 5:False:8,16:398,268
rovers-optimal-old-noisy/100/rovers_noisy_p02_hyp-4_full_1.tar.bz2:0.527375936508:0.04642787:0.53
> 0:False:8,16:396,263
> 1:False:8,14:390,260
> 2:False:8,16:396,263
> 3:True:8,12:390,260
> 4:False:8,17:388,259
> 5:False:8,20:399,269
rovers-optimal-old-noisy/100/rovers_noisy_p02_hyp-4_full_2.tar.bz2:0.522958040237:0.04681065:0.53
> 0:False:8,16:396,263
> 1:False:8,14:390,260
> 2:False:8,16:396,263
> 3:True:8,12:390,260
> 4:False:8,18:388,259
> 5:False:8,19:399,269
rovers-optimal-old-noisy/100/rovers_noisy_p02_hyp-4_full_3.tar.bz2:0.52624797821:0.04691912:0.52
> 0:False:8,16:395,262
> 1:False:8,14:389,259
> 2:False:8,16:395,262
> 3:True:8,12:389,259
> 4:False:8,18:387,258
> 5:False:8,20:398,268
rovers-optimal-old-noisy/100/rovers_noisy_p03_hyp-1_full_1.tar.bz2:0.526790857315:0.04639328:0.53
> 0:True:8,11:379,253
> 1:False:8,17:387,257
> 2:False:8,18:393,260
> 3:False:8,14:393,260
> 4:False:8,15:385,256
> 5:False:8,17:375,251
rovers-optimal-old-noisy/100/rovers_noisy_p03_hyp-1_full_2.tar.bz2:0.524786949158:0.04607219:0.52
> 0:True:8,11:379,253
> 1:False:8,16:387,257
> 2:False:8,19:393,260
> 3:False:8,15:393,260
> 4:False:8,14:385,256
> 5:False:8,17:375,251
rovers-optimal-old-noisy/100/rovers_noisy_p03_hyp-1_full_3.tar.bz2:0.527771949768:0.04694313:0.52
> 0:True:8,11:379,253
> 1:False:8,17:387,257
> 2:False:8,19:393,260
> 3:False:8,15:393,260
> 4:False:8,15:385,256
> 5:False:8,17:375,251
rovers-optimal-old-noisy/100/rovers_noisy_p03_hyp-2_full_1.tar.bz2:0.529898881912:0.04764342:0.53
> 0:False:8,17:380,254
> 1:True:8,12:388,258
> 2:False:8,16:394,261
> 3:False:8,16:394,261
> 4:False:8,16:386,257
> 5:False:8,19:376,252
rovers-optimal-old-noisy/100/rovers_noisy_p03_hyp-2_full_2.tar.bz2:0.528058052063:0.04727984:0.52
> 0:False:8,16:382,256
> 1:True:8,12:390,260
> 2:False:8,16:396,263
> 3:False:8,15:396,263
> 4:False:8,16:388,259
> 5:False:8,18:378,254
rovers-optimal-old-noisy/100/rovers_noisy_p03_hyp-2_full_3.tar.bz2:0.526878833771:0.0462866:0.53
> 0:False:8,17:381,255
> 1:True:8,12:389,259
> 2:False:8,16:395,262
> 3:False:8,16:395,262
> 4:False:8,15:387,258
> 5:False:8,20:377,253
rovers-optimal-old-noisy/100/rovers_noisy_p03_hyp-3_full_1.tar.bz2:0.531243085861:0.04779508:0.53
> 0:False:8,20:381,255
> 1:False:8,16:389,259
> 2:True:8,12:395,262
> 3:False:8,16:395,262
> 4:False:8,20:387,258
> 5:False:8,18:377,253
rovers-optimal-old-noisy/100/rovers_noisy_p03_hyp-3_full_2.tar.bz2:0.525436162949:0.0465251:0.52
> 0:False:8,20:383,257
> 1:False:8,15:391,261
> 2:True:8,12:397,264
> 3:False:8,16:397,264
> 4:False:8,19:389,260
> 5:False:8,18:379,255
rovers-optimal-old-noisy/100/rovers_noisy_p03_hyp-3_full_3.tar.bz2:0.526713848114:0.04735584:0.53
> 0:False:8,18:383,257
> 1:False:8,16:391,261
> 2:True:8,12:397,264
> 3:False:8,15:397,264
> 4:False:8,19:389,260
> 5:False:8,18:379,255
rovers-optimal-old-noisy/100/rovers_noisy_p03_hyp-4_full_1.tar.bz2:0.527248859406:0.04594146:0.53
> 0:False:8,14:380,254
> 1:False:8,15:388,258
> 2:False:8,15:394,261
> 3:True:8,11:394,261
> 4:False:8,16:386,257
> 5:False:8,19:376,252
rovers-optimal-old-noisy/100/rovers_noisy_p03_hyp-4_full_2.tar.bz2:0.527543067932:0.04671542:0.53
> 0:False:8,15:380,254
> 1:False:8,15:388,258
> 2:False:8,15:394,261
> 3:True:8,11:394,261
> 4:False:8,17:386,257
> 5:False:8,18:376,252
rovers-optimal-old-noisy/100/rovers_noisy_p03_hyp-4_full_3.tar.bz2:0.527410984039:0.04610047:0.53
> 0:False:8,14:380,254
> 1:False:8,14:388,258
> 2:False:8,14:394,261
> 3:True:8,11:394,261
> 4:False:8,16:386,257
> 5:False:8,19:376,252
