rovers-optimal/10/rovers_p01_hyp-1_10_1.tar.bz2:1.52184414864:0.078125:1.32
> (communicated_image_data objective0 high_res),(communicated_soil_data waypoint3),(communicated_rock_data waypoint1):True:3.0,3.0:103.0,17.0
> (communicated_soil_data waypoint2),(communicated_image_data objective1 high_res),(communicated_rock_data waypoint1):True:3.0,3.0:99.0,15.0
> (communicated_rock_data waypoint3),(communicated_image_data objective2 high_res),(communicated_soil_data waypoint3):False:3.0,4.0:103.0,17.0
> (communicated_soil_data waypoint2),(communicated_image_data objective0 low_res),(communicated_rock_data waypoint1):True:3.0,3.0:99.0,15.0
> (communicated_soil_data waypoint2),(communicated_rock_data waypoint3),(communicated_image_data objective1 low_res):False:3.0,4.0:99.0,15.0
> (communicated_soil_data waypoint2),(communicated_image_data objective2 high_res),(communicated_rock_data waypoint1):True:3.0,3.0:99.0,15.0
rovers-optimal/10/rovers_p01_hyp-2_10_1.tar.bz2:1.42530989647:0.046875:1.28
> (communicated_image_data objective0 high_res),(communicated_soil_data waypoint3),(communicated_rock_data waypoint1):True:3.0,5.0:108.0,24.0
> (communicated_soil_data waypoint2),(communicated_image_data objective1 high_res),(communicated_rock_data waypoint1):True:3.0,5.0:104.0,22.0
> (communicated_rock_data waypoint3),(communicated_image_data objective2 high_res),(communicated_soil_data waypoint3):True:3.0,5.0:108.0,24.0
> (communicated_soil_data waypoint2),(communicated_image_data objective0 low_res),(communicated_rock_data waypoint1):True:3.0,5.0:104.0,22.0
> (communicated_soil_data waypoint2),(communicated_rock_data waypoint3),(communicated_image_data objective1 low_res):True:3.0,5.0:104.0,22.0
> (communicated_soil_data waypoint2),(communicated_image_data objective2 high_res),(communicated_rock_data waypoint1):True:3.0,5.0:104.0,22.0
rovers-optimal/10/rovers_p02_hyp-1_10_1.tar.bz2:1.53051900864:0.078125:1.25
> (communicated_image_data objective1 high_res),(communicated_soil_data waypoint3),(communicated_image_data objective0 low_res),(communicated_rock_data waypoint1):False:4.0,6.0:176.0,27.0
> (communicated_soil_data waypoint2),(communicated_image_data objective1 high_res),(communicated_image_data objective2 high_res),(communicated_rock_data waypoint0):False:4.0,5.0:176.0,27.0
> (communicated_image_data objective0 high_res),(communicated_image_data objective2 high_res),(communicated_soil_data waypoint3),(communicated_rock_data waypoint0):False:4.0,5.0:176.0,27.0
> (communicated_image_data objective0 high_res),(communicated_soil_data waypoint3),(communicated_soil_data waypoint1),(communicated_image_data objective2 low_res):False:4.0,5.0:178.0,28.0
> (communicated_soil_data waypoint2),(communicated_image_data objective1 high_res),(communicated_image_data objective2 high_res),(communicated_rock_data waypoint1):False:4.0,6.0:176.0,27.0
> (communicated_image_data objective0 high_res),(communicated_image_data objective2 high_res),(communicated_rock_data waypoint0),(communicated_soil_data waypoint1):True:4.0,4.0:176.0,27.0
rovers-optimal/10/rovers_p02_hyp-2_10_1.tar.bz2:1.46078896523:0.046875:1.17
> (communicated_image_data objective1 high_res),(communicated_soil_data waypoint3),(communicated_image_data objective0 low_res),(communicated_rock_data waypoint1):True:4.0,7.0:176.0,29.0
> (communicated_soil_data waypoint2),(communicated_image_data objective1 high_res),(communicated_image_data objective2 high_res),(communicated_rock_data waypoint0):True:4.0,7.0:176.0,29.0
> (communicated_image_data objective0 high_res),(communicated_image_data objective2 high_res),(communicated_soil_data waypoint3),(communicated_rock_data waypoint0):True:4.0,7.0:176.0,29.0
> (communicated_image_data objective0 high_res),(communicated_soil_data waypoint3),(communicated_soil_data waypoint1),(communicated_image_data objective2 low_res):True:4.0,7.0:178.0,30.0
> (communicated_soil_data waypoint2),(communicated_image_data objective1 high_res),(communicated_image_data objective2 high_res),(communicated_rock_data waypoint1):True:4.0,7.0:176.0,29.0
> (communicated_image_data objective0 high_res),(communicated_image_data objective2 high_res),(communicated_rock_data waypoint0),(communicated_soil_data waypoint1):True:4.0,7.0:176.0,29.0
rovers-optimal/10/rovers_p03_hyp-1_10_1.tar.bz2:1.46963405609:0.09375:1.27
> (communicated_soil_data waypoint2),(communicated_image_data objective1 high_res),(communicated_image_data objective2 high_res),(communicated_rock_data waypoint0):False:4.0,6.0:176.0,29.0
> (communicated_image_data objective0 high_res),(communicated_image_data objective1 high_res),(communicated_rock_data waypoint0),(communicated_soil_data waypoint1):False:4.0,6.0:176.0,29.0
> (communicated_image_data objective2 low_res),(communicated_rock_data waypoint0),(communicated_soil_data waypoint1),(communicated_image_data objective0 low_res):True:4.0,5.0:176.0,29.0
> (communicated_image_data objective2 high_res),(communicated_soil_data waypoint3),(communicated_rock_data waypoint0),(communicated_image_data objective0 low_res):False:4.0,6.0:176.0,29.0
> (communicated_soil_data waypoint2),(communicated_image_data objective0 high_res),(communicated_image_data objective1 high_res),(communicated_rock_data waypoint1):False:4.0,6.0:176.0,29.0
> (communicated_image_data objective1 low_res),(communicated_soil_data waypoint3),(communicated_image_data objective2 low_res),(communicated_rock_data waypoint1):True:4.0,5.0:176.0,29.0
rovers-optimal/10/rovers_p03_hyp-2_10_1.tar.bz2:1.55191206932:0.09375:1.16
> (communicated_soil_data waypoint2),(communicated_image_data objective1 high_res),(communicated_image_data objective2 high_res),(communicated_rock_data waypoint0):True:4.0,5.0:176.0,29.0
> (communicated_image_data objective0 high_res),(communicated_image_data objective1 high_res),(communicated_rock_data waypoint0),(communicated_soil_data waypoint1):True:4.0,5.0:176.0,29.0
> (communicated_image_data objective2 low_res),(communicated_rock_data waypoint0),(communicated_soil_data waypoint1),(communicated_image_data objective0 low_res):True:4.0,5.0:176.0,29.0
> (communicated_image_data objective2 high_res),(communicated_soil_data waypoint3),(communicated_rock_data waypoint0),(communicated_image_data objective0 low_res):True:4.0,5.0:176.0,29.0
> (communicated_soil_data waypoint2),(communicated_image_data objective0 high_res),(communicated_image_data objective1 high_res),(communicated_rock_data waypoint1):False:4.0,6.0:176.0,29.0
> (communicated_image_data objective1 low_res),(communicated_soil_data waypoint3),(communicated_image_data objective2 low_res),(communicated_rock_data waypoint1):False:4.0,6.0:176.0,29.0
rovers-optimal/30/rovers_p01_hyp-1_30_1.tar.bz2:1.52702593803:0.125:1.23
> (communicated_image_data objective0 high_res),(communicated_soil_data waypoint3),(communicated_rock_data waypoint1):True:3.0,7.0:133.0,61.0
> (communicated_soil_data waypoint2),(communicated_image_data objective1 high_res),(communicated_rock_data waypoint1):True:3.0,7.0:129.0,59.0
> (communicated_rock_data waypoint3),(communicated_image_data objective2 high_res),(communicated_soil_data waypoint3):True:3.0,7.0:133.0,61.0
> (communicated_soil_data waypoint2),(communicated_image_data objective0 low_res),(communicated_rock_data waypoint1):True:3.0,7.0:129.0,59.0
> (communicated_soil_data waypoint2),(communicated_rock_data waypoint3),(communicated_image_data objective1 low_res):True:3.0,7.0:129.0,59.0
> (communicated_soil_data waypoint2),(communicated_image_data objective2 high_res),(communicated_rock_data waypoint1):True:3.0,7.0:129.0,59.0
rovers-optimal/30/rovers_p01_hyp-2_30_1.tar.bz2:1.4773068428:0.09375:1.3
> (communicated_image_data objective0 high_res),(communicated_soil_data waypoint3),(communicated_rock_data waypoint1):False:3.0,7.0:119.0,39.0
> (communicated_soil_data waypoint2),(communicated_image_data objective1 high_res),(communicated_rock_data waypoint1):True:3.0,5.0:115.0,37.0
> (communicated_rock_data waypoint3),(communicated_image_data objective2 high_res),(communicated_soil_data waypoint3):False:3.0,7.0:119.0,39.0
> (communicated_soil_data waypoint2),(communicated_image_data objective0 low_res),(communicated_rock_data waypoint1):False:3.0,6.0:115.0,37.0
> (communicated_soil_data waypoint2),(communicated_rock_data waypoint3),(communicated_image_data objective1 low_res):False:3.0,6.0:115.0,37.0
> (communicated_soil_data waypoint2),(communicated_image_data objective2 high_res),(communicated_rock_data waypoint1):False:3.0,6.0:115.0,37.0
rovers-optimal/30/rovers_p02_hyp-1_30_1.tar.bz2:1.59045696259:0.078125:1.26
> (communicated_image_data objective1 high_res),(communicated_soil_data waypoint3),(communicated_image_data objective0 low_res),(communicated_rock_data waypoint1):False:4.0,8.0:178.0,29.0
> (communicated_soil_data waypoint2),(communicated_image_data objective1 high_res),(communicated_image_data objective2 high_res),(communicated_rock_data waypoint0):False:4.0,6.0:178.0,29.0
> (communicated_image_data objective0 high_res),(communicated_image_data objective2 high_res),(communicated_soil_data waypoint3),(communicated_rock_data waypoint0):False:4.0,6.0:178.0,29.0
> (communicated_image_data objective0 high_res),(communicated_soil_data waypoint3),(communicated_soil_data waypoint1),(communicated_image_data objective2 low_res):False:4.0,7.0:180.0,30.0
> (communicated_soil_data waypoint2),(communicated_image_data objective1 high_res),(communicated_image_data objective2 high_res),(communicated_rock_data waypoint1):False:4.0,7.0:178.0,29.0
> (communicated_image_data objective0 high_res),(communicated_image_data objective2 high_res),(communicated_rock_data waypoint0),(communicated_soil_data waypoint1):True:4.0,5.0:178.0,29.0
rovers-optimal/30/rovers_p02_hyp-2_30_1.tar.bz2:1.49997401237:0.109375:1.39
> (communicated_image_data objective1 high_res),(communicated_soil_data waypoint3),(communicated_image_data objective0 low_res),(communicated_rock_data waypoint1):False:4.0,9.0:189.0,48.0
> (communicated_soil_data waypoint2),(communicated_image_data objective1 high_res),(communicated_image_data objective2 high_res),(communicated_rock_data waypoint0):True:4.0,8.0:189.0,48.0
> (communicated_image_data objective0 high_res),(communicated_image_data objective2 high_res),(communicated_soil_data waypoint3),(communicated_rock_data waypoint0):False:4.0,9.0:189.0,48.0
> (communicated_image_data objective0 high_res),(communicated_soil_data waypoint3),(communicated_soil_data waypoint1),(communicated_image_data objective2 low_res):False:4.0,10.0:191.0,49.0
> (communicated_soil_data waypoint2),(communicated_image_data objective1 high_res),(communicated_image_data objective2 high_res),(communicated_rock_data waypoint1):True:4.0,8.0:189.0,48.0
> (communicated_image_data objective0 high_res),(communicated_image_data objective2 high_res),(communicated_rock_data waypoint0),(communicated_soil_data waypoint1):False:4.0,9.0:189.0,48.0
rovers-optimal/30/rovers_p03_hyp-1_30_1.tar.bz2:1.50064396858:0.109375:1.33
> (communicated_soil_data waypoint2),(communicated_image_data objective1 high_res),(communicated_image_data objective2 high_res),(communicated_rock_data waypoint0):False:4.0,8.0:192.0,51.0
> (communicated_image_data objective0 high_res),(communicated_image_data objective1 high_res),(communicated_rock_data waypoint0),(communicated_soil_data waypoint1):False:4.0,8.0:192.0,51.0
> (communicated_image_data objective2 low_res),(communicated_rock_data waypoint0),(communicated_soil_data waypoint1),(communicated_image_data objective0 low_res):True:4.0,7.0:192.0,51.0
> (communicated_image_data objective2 high_res),(communicated_soil_data waypoint3),(communicated_rock_data waypoint0),(communicated_image_data objective0 low_res):False:4.0,8.0:192.0,51.0
> (communicated_soil_data waypoint2),(communicated_image_data objective0 high_res),(communicated_image_data objective1 high_res),(communicated_rock_data waypoint1):False:4.0,8.0:192.0,51.0
> (communicated_image_data objective1 low_res),(communicated_soil_data waypoint3),(communicated_image_data objective2 low_res),(communicated_rock_data waypoint1):True:4.0,7.0:192.0,51.0
rovers-optimal/30/rovers_p03_hyp-2_30_1.tar.bz2:1.61220216751:0.109375:1.27
> (communicated_soil_data waypoint2),(communicated_image_data objective1 high_res),(communicated_image_data objective2 high_res),(communicated_rock_data waypoint0):True:4.0,8.0:186.0,45.0
> (communicated_image_data objective0 high_res),(communicated_image_data objective1 high_res),(communicated_rock_data waypoint0),(communicated_soil_data waypoint1):True:4.0,8.0:186.0,45.0
> (communicated_image_data objective2 low_res),(communicated_rock_data waypoint0),(communicated_soil_data waypoint1),(communicated_image_data objective0 low_res):False:4.0,9.0:186.0,45.0
> (communicated_image_data objective2 high_res),(communicated_soil_data waypoint3),(communicated_rock_data waypoint0),(communicated_image_data objective0 low_res):False:4.0,9.0:186.0,45.0
> (communicated_soil_data waypoint2),(communicated_image_data objective0 high_res),(communicated_image_data objective1 high_res),(communicated_rock_data waypoint1):True:4.0,8.0:186.0,45.0
> (communicated_image_data objective1 low_res),(communicated_soil_data waypoint3),(communicated_image_data objective2 low_res),(communicated_rock_data waypoint1):False:4.0,9.0:186.0,45.0
rovers-optimal/50/rovers_p01_hyp-1_50_1.tar.bz2:1.42478299141:0.109375:1.22
> (communicated_image_data objective0 high_res),(communicated_soil_data waypoint3),(communicated_rock_data waypoint1):True:3.0,5.0:111.0,29.0
> (communicated_soil_data waypoint2),(communicated_image_data objective1 high_res),(communicated_rock_data waypoint1):False:3.0,6.0:107.0,27.0
> (communicated_rock_data waypoint3),(communicated_image_data objective2 high_res),(communicated_soil_data waypoint3):False:3.0,6.0:111.0,29.0
> (communicated_soil_data waypoint2),(communicated_image_data objective0 low_res),(communicated_rock_data waypoint1):False:3.0,6.0:107.0,27.0
> (communicated_soil_data waypoint2),(communicated_rock_data waypoint3),(communicated_image_data objective1 low_res):False:3.0,7.0:107.0,27.0
> (communicated_soil_data waypoint2),(communicated_image_data objective2 high_res),(communicated_rock_data waypoint1):False:3.0,6.0:107.0,27.0
rovers-optimal/50/rovers_p01_hyp-2_50_1.tar.bz2:1.39250802994:0.0625:1.24
> (communicated_image_data objective0 high_res),(communicated_soil_data waypoint3),(communicated_rock_data waypoint1):False:3.0,7.0:107.0,23.0
> (communicated_soil_data waypoint2),(communicated_image_data objective1 high_res),(communicated_rock_data waypoint1):True:3.0,6.0:103.0,21.0
> (communicated_rock_data waypoint3),(communicated_image_data objective2 high_res),(communicated_soil_data waypoint3):False:3.0,8.0:107.0,23.0
> (communicated_soil_data waypoint2),(communicated_image_data objective0 low_res),(communicated_rock_data waypoint1):True:3.0,6.0:103.0,21.0
> (communicated_soil_data waypoint2),(communicated_rock_data waypoint3),(communicated_image_data objective1 low_res):False:3.0,7.0:103.0,21.0
> (communicated_soil_data waypoint2),(communicated_image_data objective2 high_res),(communicated_rock_data waypoint1):True:3.0,6.0:103.0,21.0
rovers-optimal/50/rovers_p02_hyp-1_50_1.tar.bz2:1.63046503067:0.109375:1.29
> (communicated_image_data objective1 high_res),(communicated_soil_data waypoint3),(communicated_image_data objective0 low_res),(communicated_rock_data waypoint1):False:4.0,10.0:194.0,53.0
> (communicated_soil_data waypoint2),(communicated_image_data objective1 high_res),(communicated_image_data objective2 high_res),(communicated_rock_data waypoint0):False:4.0,9.0:194.0,53.0
> (communicated_image_data objective0 high_res),(communicated_image_data objective2 high_res),(communicated_soil_data waypoint3),(communicated_rock_data waypoint0):False:4.0,8.0:194.0,53.0
> (communicated_image_data objective0 high_res),(communicated_soil_data waypoint3),(communicated_soil_data waypoint1),(communicated_image_data objective2 low_res):False:4.0,8.0:196.0,54.0
> (communicated_soil_data waypoint2),(communicated_image_data objective1 high_res),(communicated_image_data objective2 high_res),(communicated_rock_data waypoint1):False:4.0,10.0:194.0,53.0
> (communicated_image_data objective0 high_res),(communicated_image_data objective2 high_res),(communicated_rock_data waypoint0),(communicated_soil_data waypoint1):True:4.0,7.0:194.0,53.0
rovers-optimal/50/rovers_p02_hyp-2_50_1.tar.bz2:1.5641810894:0.109375:1.34
> (communicated_image_data objective1 high_res),(communicated_soil_data waypoint3),(communicated_image_data objective0 low_res),(communicated_rock_data waypoint1):False:4.0,11.0:195.0,58.0
> (communicated_soil_data waypoint2),(communicated_image_data objective1 high_res),(communicated_image_data objective2 high_res),(communicated_rock_data waypoint0):False:4.0,11.0:195.0,58.0
> (communicated_image_data objective0 high_res),(communicated_image_data objective2 high_res),(communicated_soil_data waypoint3),(communicated_rock_data waypoint0):False:4.0,11.0:195.0,58.0
> (communicated_image_data objective0 high_res),(communicated_soil_data waypoint3),(communicated_soil_data waypoint1),(communicated_image_data objective2 low_res):False:4.0,12.0:197.0,59.0
> (communicated_soil_data waypoint2),(communicated_image_data objective1 high_res),(communicated_image_data objective2 high_res),(communicated_rock_data waypoint1):True:4.0,10.0:195.0,58.0
> (communicated_image_data objective0 high_res),(communicated_image_data objective2 high_res),(communicated_rock_data waypoint0),(communicated_soil_data waypoint1):False:4.0,11.0:195.0,58.0
rovers-optimal/50/rovers_p03_hyp-1_50_1.tar.bz2:1.5309741497:0.109375:1.27
> (communicated_soil_data waypoint2),(communicated_image_data objective1 high_res),(communicated_image_data objective2 high_res),(communicated_rock_data waypoint0):False:4.0,11.0:214.0,77.0
> (communicated_image_data objective0 high_res),(communicated_image_data objective1 high_res),(communicated_rock_data waypoint0),(communicated_soil_data waypoint1):False:4.0,10.0:214.0,77.0
> (communicated_image_data objective2 low_res),(communicated_rock_data waypoint0),(communicated_soil_data waypoint1),(communicated_image_data objective0 low_res):True:4.0,8.0:214.0,77.0
> (communicated_image_data objective2 high_res),(communicated_soil_data waypoint3),(communicated_rock_data waypoint0),(communicated_image_data objective0 low_res):False:4.0,10.0:214.0,77.0
> (communicated_soil_data waypoint2),(communicated_image_data objective0 high_res),(communicated_image_data objective1 high_res),(communicated_rock_data waypoint1):False:4.0,11.0:214.0,77.0
> (communicated_image_data objective1 low_res),(communicated_soil_data waypoint3),(communicated_image_data objective2 low_res),(communicated_rock_data waypoint1):False:4.0,10.0:214.0,77.0
rovers-optimal/50/rovers_p03_hyp-2_50_1.tar.bz2:1.63225197792:0.125:1.25
> (communicated_soil_data waypoint2),(communicated_image_data objective1 high_res),(communicated_image_data objective2 high_res),(communicated_rock_data waypoint0):True:4.0,9.0:202.0,67.0
> (communicated_image_data objective0 high_res),(communicated_image_data objective1 high_res),(communicated_rock_data waypoint0),(communicated_soil_data waypoint1):False:4.0,10.0:202.0,67.0
> (communicated_image_data objective2 low_res),(communicated_rock_data waypoint0),(communicated_soil_data waypoint1),(communicated_image_data objective0 low_res):False:4.0,10.0:202.0,67.0
> (communicated_image_data objective2 high_res),(communicated_soil_data waypoint3),(communicated_rock_data waypoint0),(communicated_image_data objective0 low_res):False:4.0,10.0:202.0,67.0
> (communicated_soil_data waypoint2),(communicated_image_data objective0 high_res),(communicated_image_data objective1 high_res),(communicated_rock_data waypoint1):False:4.0,10.0:202.0,67.0
> (communicated_image_data objective1 low_res),(communicated_soil_data waypoint3),(communicated_image_data objective2 low_res),(communicated_rock_data waypoint1):False:4.0,11.0:202.0,67.0
rovers-optimal/70/rovers_p01_hyp-1_70_1.tar.bz2:1.44658303261:0.09375:1.27
> (communicated_image_data objective0 high_res),(communicated_soil_data waypoint3),(communicated_rock_data waypoint1):True:3.0,7.0:131.0,57.0
> (communicated_soil_data waypoint2),(communicated_image_data objective1 high_res),(communicated_rock_data waypoint1):False:3.0,9.0:127.0,55.0
> (communicated_rock_data waypoint3),(communicated_image_data objective2 high_res),(communicated_soil_data waypoint3):False:3.0,9.0:131.0,57.0
> (communicated_soil_data waypoint2),(communicated_image_data objective0 low_res),(communicated_rock_data waypoint1):False:3.0,9.0:127.0,55.0
> (communicated_soil_data waypoint2),(communicated_rock_data waypoint3),(communicated_image_data objective1 low_res):False:3.0,10.0:127.0,55.0
> (communicated_soil_data waypoint2),(communicated_image_data objective2 high_res),(communicated_rock_data waypoint1):False:3.0,9.0:127.0,55.0
rovers-optimal/70/rovers_p01_hyp-2_70_1.tar.bz2:1.46421384811:0.09375:1.26
> (communicated_image_data objective0 high_res),(communicated_soil_data waypoint3),(communicated_rock_data waypoint1):False:3.0,10.0:128.0,52.0
> (communicated_soil_data waypoint2),(communicated_image_data objective1 high_res),(communicated_rock_data waypoint1):True:3.0,8.0:124.0,50.0
> (communicated_rock_data waypoint3),(communicated_image_data objective2 high_res),(communicated_soil_data waypoint3):False:3.0,10.0:128.0,52.0
> (communicated_soil_data waypoint2),(communicated_image_data objective0 low_res),(communicated_rock_data waypoint1):False:3.0,9.0:124.0,50.0
> (communicated_soil_data waypoint2),(communicated_rock_data waypoint3),(communicated_image_data objective1 low_res):False:3.0,9.0:124.0,50.0
> (communicated_soil_data waypoint2),(communicated_image_data objective2 high_res),(communicated_rock_data waypoint1):False:3.0,9.0:124.0,50.0
rovers-optimal/70/rovers_p02_hyp-1_70_1.tar.bz2:1.5583820343:0.15625:1.36
> (communicated_image_data objective1 high_res),(communicated_soil_data waypoint3),(communicated_image_data objective0 low_res),(communicated_rock_data waypoint1):False:4.0,12.0:214.0,77.0
> (communicated_soil_data waypoint2),(communicated_image_data objective1 high_res),(communicated_image_data objective2 high_res),(communicated_rock_data waypoint0):False:4.0,11.0:214.0,77.0
> (communicated_image_data objective0 high_res),(communicated_image_data objective2 high_res),(communicated_soil_data waypoint3),(communicated_rock_data waypoint0):False:4.0,11.0:214.0,77.0
> (communicated_image_data objective0 high_res),(communicated_soil_data waypoint3),(communicated_soil_data waypoint1),(communicated_image_data objective2 low_res):False:4.0,11.0:216.0,78.0
> (communicated_soil_data waypoint2),(communicated_image_data objective1 high_res),(communicated_image_data objective2 high_res),(communicated_rock_data waypoint1):False:4.0,11.0:214.0,77.0
> (communicated_image_data objective0 high_res),(communicated_image_data objective2 high_res),(communicated_rock_data waypoint0),(communicated_soil_data waypoint1):True:4.0,10.0:214.0,77.0
rovers-optimal/70/rovers_p02_hyp-2_70_1.tar.bz2:1.58082103729:0.125:1.25
> (communicated_image_data objective1 high_res),(communicated_soil_data waypoint3),(communicated_image_data objective0 low_res),(communicated_rock_data waypoint1):False:4.0,13.0:198.0,62.0
> (communicated_soil_data waypoint2),(communicated_image_data objective1 high_res),(communicated_image_data objective2 high_res),(communicated_rock_data waypoint0):False:4.0,13.0:198.0,62.0
> (communicated_image_data objective0 high_res),(communicated_image_data objective2 high_res),(communicated_soil_data waypoint3),(communicated_rock_data waypoint0):False:4.0,15.0:198.0,62.0
> (communicated_image_data objective0 high_res),(communicated_soil_data waypoint3),(communicated_soil_data waypoint1),(communicated_image_data objective2 low_res):False:4.0,15.0:200.0,63.0
> (communicated_soil_data waypoint2),(communicated_image_data objective1 high_res),(communicated_image_data objective2 high_res),(communicated_rock_data waypoint1):True:4.0,12.0:198.0,62.0
> (communicated_image_data objective0 high_res),(communicated_image_data objective2 high_res),(communicated_rock_data waypoint0),(communicated_soil_data waypoint1):False:4.0,15.0:198.0,62.0
rovers-optimal/70/rovers_p03_hyp-1_70_1.tar.bz2:1.54390001297:0.125:1.37
> (communicated_soil_data waypoint2),(communicated_image_data objective1 high_res),(communicated_image_data objective2 high_res),(communicated_rock_data waypoint0):False:4.0,12.0:201.0,62.0
> (communicated_image_data objective0 high_res),(communicated_image_data objective1 high_res),(communicated_rock_data waypoint0),(communicated_soil_data waypoint1):False:4.0,11.0:201.0,62.0
> (communicated_image_data objective2 low_res),(communicated_rock_data waypoint0),(communicated_soil_data waypoint1),(communicated_image_data objective0 low_res):True:4.0,10.0:201.0,62.0
> (communicated_image_data objective2 high_res),(communicated_soil_data waypoint3),(communicated_rock_data waypoint0),(communicated_image_data objective0 low_res):False:4.0,11.0:201.0,62.0
> (communicated_soil_data waypoint2),(communicated_image_data objective0 high_res),(communicated_image_data objective1 high_res),(communicated_rock_data waypoint1):False:4.0,13.0:201.0,62.0
> (communicated_image_data objective1 low_res),(communicated_soil_data waypoint3),(communicated_image_data objective2 low_res),(communicated_rock_data waypoint1):False:4.0,13.0:201.0,62.0
rovers-optimal/70/rovers_p03_hyp-2_70_1.tar.bz2:1.55598783493:0.140625:1.37
> (communicated_soil_data waypoint2),(communicated_image_data objective1 high_res),(communicated_image_data objective2 high_res),(communicated_rock_data waypoint0):True:4.0,11.0:208.0,76.0
> (communicated_image_data objective0 high_res),(communicated_image_data objective1 high_res),(communicated_rock_data waypoint0),(communicated_soil_data waypoint1):True:4.0,11.0:208.0,76.0
> (communicated_image_data objective2 low_res),(communicated_rock_data waypoint0),(communicated_soil_data waypoint1),(communicated_image_data objective0 low_res):False:4.0,12.0:208.0,76.0
> (communicated_image_data objective2 high_res),(communicated_soil_data waypoint3),(communicated_rock_data waypoint0),(communicated_image_data objective0 low_res):False:4.0,12.0:208.0,76.0
> (communicated_soil_data waypoint2),(communicated_image_data objective0 high_res),(communicated_image_data objective1 high_res),(communicated_rock_data waypoint1):False:4.0,12.0:208.0,76.0
> (communicated_image_data objective1 low_res),(communicated_soil_data waypoint3),(communicated_image_data objective2 low_res),(communicated_rock_data waypoint1):False:4.0,13.0:208.0,76.0
rovers-optimal/100/rovers_p01_hyp-1_full.tar.bz2:1.61774516106:0.125:1.24
> (communicated_image_data objective0 high_res),(communicated_soil_data waypoint3),(communicated_rock_data waypoint1):True:3.0,8.0:138.0,68.0
> (communicated_soil_data waypoint2),(communicated_image_data objective1 high_res),(communicated_rock_data waypoint1):False:3.0,10.0:134.0,66.0
> (communicated_rock_data waypoint3),(communicated_image_data objective2 high_res),(communicated_soil_data waypoint3):False:3.0,10.0:138.0,68.0
> (communicated_soil_data waypoint2),(communicated_image_data objective0 low_res),(communicated_rock_data waypoint1):False:3.0,10.0:134.0,66.0
> (communicated_soil_data waypoint2),(communicated_rock_data waypoint3),(communicated_image_data objective1 low_res):False:3.0,11.0:134.0,66.0
> (communicated_soil_data waypoint2),(communicated_image_data objective2 high_res),(communicated_rock_data waypoint1):False:3.0,10.0:134.0,66.0
rovers-optimal/100/rovers_p01_hyp-2_full.tar.bz2:1.51361513138:0.09375:1.25
> (communicated_image_data objective0 high_res),(communicated_soil_data waypoint3),(communicated_rock_data waypoint1):False:3.0,11.0:142.0,70.0
> (communicated_soil_data waypoint2),(communicated_image_data objective1 high_res),(communicated_rock_data waypoint1):True:3.0,9.0:138.0,68.0
> (communicated_rock_data waypoint3),(communicated_image_data objective2 high_res),(communicated_soil_data waypoint3):False:3.0,12.0:142.0,70.0
> (communicated_soil_data waypoint2),(communicated_image_data objective0 low_res),(communicated_rock_data waypoint1):False:3.0,10.0:138.0,68.0
> (communicated_soil_data waypoint2),(communicated_rock_data waypoint3),(communicated_image_data objective1 low_res):False:3.0,11.0:138.0,68.0
> (communicated_soil_data waypoint2),(communicated_image_data objective2 high_res),(communicated_rock_data waypoint1):False:3.0,10.0:138.0,68.0
rovers-optimal/100/rovers_p02_hyp-1_full.tar.bz2:1.51626896858:0.109375:1.34
> (communicated_image_data objective1 high_res),(communicated_soil_data waypoint3),(communicated_image_data objective0 low_res),(communicated_rock_data waypoint1):False:4.0,15.0:231.0,100.0
> (communicated_soil_data waypoint2),(communicated_image_data objective1 high_res),(communicated_image_data objective2 high_res),(communicated_rock_data waypoint0):False:4.0,13.0:231.0,100.0
> (communicated_image_data objective0 high_res),(communicated_image_data objective2 high_res),(communicated_soil_data waypoint3),(communicated_rock_data waypoint0):False:4.0,12.0:231.0,100.0
> (communicated_image_data objective0 high_res),(communicated_soil_data waypoint3),(communicated_soil_data waypoint1),(communicated_image_data objective2 low_res):False:4.0,13.0:233.0,101.0
> (communicated_soil_data waypoint2),(communicated_image_data objective1 high_res),(communicated_image_data objective2 high_res),(communicated_rock_data waypoint1):False:4.0,14.0:231.0,100.0
> (communicated_image_data objective0 high_res),(communicated_image_data objective2 high_res),(communicated_rock_data waypoint0),(communicated_soil_data waypoint1):True:4.0,11.0:231.0,100.0
rovers-optimal/100/rovers_p02_hyp-2_full.tar.bz2:1.51479005814:0.171875:1.25
> (communicated_image_data objective1 high_res),(communicated_soil_data waypoint3),(communicated_image_data objective0 low_res),(communicated_rock_data waypoint1):False:4.0,15.0:209.0,81.0
> (communicated_soil_data waypoint2),(communicated_image_data objective1 high_res),(communicated_image_data objective2 high_res),(communicated_rock_data waypoint0):False:4.0,14.0:209.0,81.0
> (communicated_image_data objective0 high_res),(communicated_image_data objective2 high_res),(communicated_soil_data waypoint3),(communicated_rock_data waypoint0):False:4.0,16.0:209.0,81.0
> (communicated_image_data objective0 high_res),(communicated_soil_data waypoint3),(communicated_soil_data waypoint1),(communicated_image_data objective2 low_res):False:4.0,17.0:211.0,82.0
> (communicated_soil_data waypoint2),(communicated_image_data objective1 high_res),(communicated_image_data objective2 high_res),(communicated_rock_data waypoint1):True:4.0,13.0:209.0,81.0
> (communicated_image_data objective0 high_res),(communicated_image_data objective2 high_res),(communicated_rock_data waypoint0),(communicated_soil_data waypoint1):False:4.0,16.0:209.0,81.0
rovers-optimal/100/rovers_p03_hyp-1_full.tar.bz2:1.63864588737:0.140625:1.27
> (communicated_soil_data waypoint2),(communicated_image_data objective1 high_res),(communicated_image_data objective2 high_res),(communicated_rock_data waypoint0):False:4.0,14.0:223.0,90.0
> (communicated_image_data objective0 high_res),(communicated_image_data objective1 high_res),(communicated_rock_data waypoint0),(communicated_soil_data waypoint1):False:4.0,13.0:223.0,90.0
> (communicated_image_data objective2 low_res),(communicated_rock_data waypoint0),(communicated_soil_data waypoint1),(communicated_image_data objective0 low_res):True:4.0,11.0:223.0,90.0
> (communicated_image_data objective2 high_res),(communicated_soil_data waypoint3),(communicated_rock_data waypoint0),(communicated_image_data objective0 low_res):False:4.0,13.0:223.0,90.0
> (communicated_soil_data waypoint2),(communicated_image_data objective0 high_res),(communicated_image_data objective1 high_res),(communicated_rock_data waypoint1):False:4.0,15.0:223.0,90.0
> (communicated_image_data objective1 low_res),(communicated_soil_data waypoint3),(communicated_image_data objective2 low_res),(communicated_rock_data waypoint1):False:4.0,14.0:223.0,90.0
rovers-optimal/100/rovers_p03_hyp-2_full.tar.bz2:1.52120685577:0.140625:1.29
> (communicated_soil_data waypoint2),(communicated_image_data objective1 high_res),(communicated_image_data objective2 high_res),(communicated_rock_data waypoint0):True:4.0,12.0:216.0,86.0
> (communicated_image_data objective0 high_res),(communicated_image_data objective1 high_res),(communicated_rock_data waypoint0),(communicated_soil_data waypoint1):False:4.0,14.0:216.0,86.0
> (communicated_image_data objective2 low_res),(communicated_rock_data waypoint0),(communicated_soil_data waypoint1),(communicated_image_data objective0 low_res):False:4.0,15.0:216.0,86.0
> (communicated_image_data objective2 high_res),(communicated_soil_data waypoint3),(communicated_rock_data waypoint0),(communicated_image_data objective0 low_res):False:4.0,14.0:216.0,86.0
> (communicated_soil_data waypoint2),(communicated_image_data objective0 high_res),(communicated_image_data objective1 high_res),(communicated_rock_data waypoint1):False:4.0,14.0:216.0,86.0
> (communicated_image_data objective1 low_res),(communicated_soil_data waypoint3),(communicated_image_data objective2 low_res),(communicated_rock_data waypoint1):False:4.0,16.0:216.0,86.0
