rovers-optimal-old-noisy/10/rovers_noisy_p01_hyp-1_10_1.tar.bz2:0.471149921417:0.00677091:0.47
> 0:True:8,8:87,62
> 1:True:9,9:87,62
> 2:True:9,9:87,62
> 3:True:8,8:87,62
> 4:False:9,10:87,62
> 5:False:10,11:87,63
rovers-optimal-old-noisy/10/rovers_noisy_p01_hyp-1_10_2.tar.bz2:0.46965098381:0.00683305:0.47
> 0:True:8,8:87,61
> 1:False:9,10:87,61
> 2:False:9,10:87,61
> 3:True:8,8:87,61
> 4:False:9,10:87,61
> 5:False:10,11:87,62
rovers-optimal-old-noisy/10/rovers_noisy_p01_hyp-1_10_3.tar.bz2:0.47262597084:0.00712661:0.47
> 0:True:8,8:87,63
> 1:True:9,9:87,63
> 2:True:9,9:87,63
> 3:False:8,11:87,63
> 4:True:9,9:87,63
> 5:False:10,13:87,64
rovers-optimal-old-noisy/10/rovers_noisy_p01_hyp-2_10_1.tar.bz2:0.470814943314:0.00682301:0.48
> 0:True:8,8:87,61
> 1:True:9,9:87,61
> 2:True:9,9:87,61
> 3:True:8,8:87,61
> 4:True:9,9:87,61
> 5:True:10,10:87,62
rovers-optimal-old-noisy/10/rovers_noisy_p01_hyp-2_10_2.tar.bz2:0.472096920013:0.00703765:0.47
> 0:True:8,8:87,61
> 1:True:9,9:87,61
> 2:True:9,9:87,61
> 3:True:8,8:87,61
> 4:True:9,9:87,61
> 5:True:10,10:87,62
rovers-optimal-old-noisy/10/rovers_noisy_p01_hyp-2_10_3.tar.bz2:0.472874879837:0.00693418:0.48
> 0:True:8,8:87,63
> 1:True:9,9:87,63
> 2:True:9,9:87,63
> 3:False:8,11:87,63
> 4:True:9,9:87,63
> 5:False:10,13:87,64
rovers-optimal-old-noisy/10/rovers_noisy_p01_hyp-3_10_1.tar.bz2:0.472678899765:0.00688461:0.47
> 0:True:8,8:87,63
> 1:True:9,9:87,63
> 2:True:9,9:87,63
> 3:False:8,11:87,63
> 4:True:9,9:87,63
> 5:False:10,13:87,64
rovers-optimal-old-noisy/10/rovers_noisy_p01_hyp-3_10_2.tar.bz2:0.471429824829:0.00680067:0.46
> 0:True:8,8:87,61
> 1:True:9,9:87,61
> 2:True:9,9:87,61
> 3:True:8,8:87,61
> 4:True:9,9:87,61
> 5:True:10,10:87,62
rovers-optimal-old-noisy/10/rovers_noisy_p01_hyp-3_10_3.tar.bz2:0.472729921341:0.0073809:0.47
> 0:True:8,8:88,65
> 1:True:9,9:88,65
> 2:True:9,9:88,65
> 3:True:8,8:88,65
> 4:True:9,9:88,65
> 5:True:10,10:88,66
rovers-optimal-old-noisy/10/rovers_noisy_p01_hyp-4_10_1.tar.bz2:0.472228050232:0.00760913:0.48
> 0:True:8,8:88,65
> 1:False:9,11:88,65
> 2:True:9,9:88,65
> 3:True:8,8:88,65
> 4:False:9,11:88,65
> 5:False:10,12:88,66
rovers-optimal-old-noisy/10/rovers_noisy_p01_hyp-4_10_2.tar.bz2:0.474412918091:0.00767193:0.48
> 0:False:8,11:88,68
> 1:False:9,12:88,68
> 2:True:9,9:88,68
> 3:True:8,8:88,68
> 4:False:9,10:88,68
> 5:False:10,13:88,69
rovers-optimal-old-noisy/10/rovers_noisy_p01_hyp-4_10_3.tar.bz2:0.470435142517:0.00717017:0.48
> 0:False:8,11:87,64
> 1:False:9,12:87,64
> 2:True:9,9:87,64
> 3:True:8,8:87,64
> 4:False:9,12:87,64
> 5:False:10,13:87,65
rovers-optimal-old-noisy/10/rovers_noisy_p02_hyp-1_10_1.tar.bz2:0.496515035629:0.0094459:0.5
> 0:False:10,11:147,78
> 1:False:13,15:147,79
> 2:True:12,12:147,79
> 3:False:10,12:147,78
> 4:False:13,15:147,79
> 5:True:13,13:147,78
rovers-optimal-old-noisy/10/rovers_noisy_p02_hyp-1_10_2.tar.bz2:0.499586105347:0.00961902:0.5
> 0:True:10,10:147,77
> 1:False:13,15:147,78
> 2:True:12,12:147,78
> 3:True:10,10:147,77
> 4:False:13,15:147,78
> 5:False:13,15:147,77
rovers-optimal-old-noisy/10/rovers_noisy_p02_hyp-1_10_3.tar.bz2:0.498263120651:0.00956064:0.5
> 0:False:10,11:147,79
> 1:True:13,13:147,80
> 2:True:12,12:147,80
> 3:False:10,11:147,79
> 4:False:13,14:147,80
> 5:False:13,15:147,79
rovers-optimal-old-noisy/10/rovers_noisy_p02_hyp-2_10_1.tar.bz2:0.498054981232:0.00874432:0.5
> 0:False:10,13:146,75
> 1:True:13,13:146,76
> 2:False:12,15:146,76
> 3:False:10,13:146,75
> 4:True:13,13:146,76
> 5:False:13,15:146,75
rovers-optimal-old-noisy/10/rovers_noisy_p02_hyp-2_10_2.tar.bz2:0.499231815338:0.00932977:0.5
> 0:False:10,13:147,80
> 1:True:13,13:147,81
> 2:False:12,15:147,81
> 3:True:10,10:147,80
> 4:True:13,13:147,81
> 5:False:13,16:147,80
rovers-optimal-old-noisy/10/rovers_noisy_p02_hyp-2_10_3.tar.bz2:0.498126029968:0.0093766:0.5
> 0:False:10,12:147,78
> 1:True:13,13:147,79
> 2:False:12,14:147,79
> 3:False:10,12:147,78
> 4:True:13,13:147,79
> 5:False:13,15:147,78
rovers-optimal-old-noisy/10/rovers_noisy_p02_hyp-3_10_1.tar.bz2:0.49665594101:0.00872765:0.49
> 0:False:10,14:146,76
> 1:False:13,20:146,77
> 2:True:12,12:146,77
> 3:False:10,14:146,76
> 4:False:13,16:146,77
> 5:False:13,15:146,76
rovers-optimal-old-noisy/10/rovers_noisy_p02_hyp-3_10_2.tar.bz2:0.495805978775:0.00921892:0.5
> 0:False:10,12:147,79
> 1:False:13,14:147,80
> 2:True:12,12:147,80
> 3:False:10,12:147,79
> 4:False:13,14:147,80
> 5:False:13,15:147,79
rovers-optimal-old-noisy/10/rovers_noisy_p02_hyp-3_10_3.tar.bz2:0.500513076782:0.00868932:0.49
> 0:False:10,12:146,76
> 1:False:13,18:146,77
> 2:True:12,12:146,77
> 3:False:10,15:146,76
> 4:False:13,16:146,77
> 5:True:13,13:146,76
rovers-optimal-old-noisy/10/rovers_noisy_p02_hyp-4_10_1.tar.bz2:0.498445987701:0.00866314:0.5
> 0:True:10,10:146,74
> 1:True:13,13:146,75
> 2:True:12,12:146,75
> 3:True:10,10:146,74
> 4:True:13,13:146,75
> 5:True:13,13:146,74
rovers-optimal-old-noisy/10/rovers_noisy_p02_hyp-4_10_2.tar.bz2:0.495980978012:0.00850402:0.5
> 0:False:10,13:146,75
> 1:False:13,15:146,76
> 2:False:12,15:146,76
> 3:True:10,11:146,75
> 4:False:13,15:146,76
> 5:False:13,17:146,75
rovers-optimal-old-noisy/10/rovers_noisy_p02_hyp-4_10_3.tar.bz2:0.501204013824:0.00983595:0.51
> 0:False:10,12:147,80
> 1:True:13,13:147,81
> 2:False:12,14:147,81
> 3:False:10,12:147,80
> 4:False:13,15:147,81
> 5:False:13,17:147,80
rovers-optimal-old-noisy/10/rovers_noisy_p03_hyp-1_10_1.tar.bz2:0.499471902847:0.00944777:0.5
> 0:True:10,10:147,81
> 1:False:10,15:147,81
> 2:False:13,16:147,82
> 3:True:10,10:147,81
> 4:False:12,17:147,82
> 5:False:13,16:147,82
rovers-optimal-old-noisy/10/rovers_noisy_p03_hyp-1_10_2.tar.bz2:0.496479034424:0.00981663:0.5
> 0:False:10,11:147,78
> 1:False:10,12:147,78
> 2:False:13,16:147,79
> 3:False:10,12:147,78
> 4:True:12,12:147,79
> 5:False:13,16:147,79
rovers-optimal-old-noisy/10/rovers_noisy_p03_hyp-1_10_3.tar.bz2:0.501666069031:0.00927604:0.5
> 0:True:10,10:147,77
> 1:False:10,12:147,77
> 2:False:13,17:147,78
> 3:True:10,10:147,77
> 4:False:12,14:147,78
> 5:False:13,17:147,78
rovers-optimal-old-noisy/10/rovers_noisy_p03_hyp-2_10_1.tar.bz2:0.499763011932:0.00947617:0.5
> 0:False:10,12:147,79
> 1:True:10,10:147,79
> 2:True:13,13:147,80
> 3:False:10,12:147,79
> 4:False:12,14:147,80
> 5:False:13,15:147,80
rovers-optimal-old-noisy/10/rovers_noisy_p03_hyp-2_10_2.tar.bz2:0.500712871552:0.00931172:0.5
> 0:True:10,10:147,77
> 1:False:10,11:147,77
> 2:False:13,15:147,78
> 3:True:10,10:147,77
> 4:False:12,14:147,78
> 5:False:13,17:147,78
rovers-optimal-old-noisy/10/rovers_noisy_p03_hyp-2_10_3.tar.bz2:0.496482133865:0.00857523:0.5
> 0:True:10,10:146,74
> 1:True:10,10:146,74
> 2:False:13,16:146,75
> 3:True:10,10:146,74
> 4:True:12,12:146,75
> 5:False:13,16:146,75
rovers-optimal-old-noisy/10/rovers_noisy_p03_hyp-3_10_1.tar.bz2:0.500830888748:0.00976627:0.51
> 0:False:10,16:147,83
> 1:False:10,12:147,83
> 2:True:13,13:147,84
> 3:False:10,13:147,83
> 4:False:12,18:147,84
> 5:False:13,16:147,84
rovers-optimal-old-noisy/10/rovers_noisy_p03_hyp-3_10_2.tar.bz2:0.498816013336:0.00862138:0.49
> 0:False:10,12:146,77
> 1:False:10,12:146,77
> 2:True:13,13:146,78
> 3:True:10,10:146,77
> 4:False:12,14:146,78
> 5:False:13,15:146,78
rovers-optimal-old-noisy/10/rovers_noisy_p03_hyp-3_10_3.tar.bz2:0.497640132904:0.00977455:0.49
> 0:False:10,14:147,79
> 1:False:10,14:147,79
> 2:True:13,13:147,80
> 3:False:10,14:147,79
> 4:False:12,16:147,80
> 5:True:13,13:147,80
rovers-optimal-old-noisy/10/rovers_noisy_p03_hyp-4_10_1.tar.bz2:0.498827934265:0.00925857:0.5
> 0:True:10,10:147,75
> 1:True:10,10:147,75
> 2:True:13,13:147,76
> 3:True:10,10:147,75
> 4:True:12,12:147,76
> 5:True:13,13:147,76
rovers-optimal-old-noisy/10/rovers_noisy_p03_hyp-4_10_2.tar.bz2:0.496349811554:0.00863635:0.49
> 0:False:10,12:146,77
> 1:False:10,14:146,77
> 2:False:13,16:146,78
> 3:True:10,10:146,77
> 4:False:12,17:146,78
> 5:False:13,18:146,78
rovers-optimal-old-noisy/10/rovers_noisy_p03_hyp-4_10_3.tar.bz2:0.497344970703:0.00858872:0.5
> 0:False:10,13:146,75
> 1:False:10,13:146,75
> 2:True:13,13:146,76
> 3:False:10,11:146,75
> 4:False:12,15:146,76
> 5:False:13,16:146,76
rovers-optimal-old-noisy/30/rovers_noisy_p01_hyp-1_30_1.tar.bz2:0.473956108093:0.00829771:0.48
> 0:True:8,8:90,71
> 1:False:9,14:90,71
> 2:False:9,14:90,71
> 3:False:8,11:90,71
> 4:False:9,14:90,71
> 5:False:10,13:90,72
rovers-optimal-old-noisy/30/rovers_noisy_p01_hyp-1_30_2.tar.bz2:0.474046945572:0.00844406:0.47
> 0:True:8,8:90,71
> 1:False:9,12:90,71
> 2:False:9,12:90,71
> 3:False:8,13:90,71
> 4:False:9,12:90,71
> 5:False:10,15:90,72
rovers-optimal-old-noisy/30/rovers_noisy_p01_hyp-1_30_3.tar.bz2:0.473458051682:0.00798158:0.47
> 0:True:8,8:90,69
> 1:False:9,13:90,69
> 2:False:9,13:90,69
> 3:False:8,10:90,69
> 4:False:9,13:90,69
> 5:False:10,14:90,70
rovers-optimal-old-noisy/30/rovers_noisy_p01_hyp-2_30_1.tar.bz2:0.47496008873:0.00761634:0.47
> 0:False:8,12:89,67
> 1:True:9,9:89,67
> 2:False:9,11:89,67
> 3:False:8,15:89,67
> 4:False:9,11:89,67
> 5:False:10,15:89,68
rovers-optimal-old-noisy/30/rovers_noisy_p01_hyp-2_30_2.tar.bz2:0.471678972244:0.00755082:0.47
> 0:False:8,10:89,66
> 1:True:9,9:89,66
> 2:False:9,11:89,66
> 3:False:8,12:89,66
> 4:False:9,11:89,66
> 5:False:10,14:89,67
rovers-optimal-old-noisy/30/rovers_noisy_p01_hyp-2_30_3.tar.bz2:0.475717782974:0.00820912:0.49
> 0:True:8,8:90,69
> 1:True:9,9:90,69
> 2:True:9,9:90,69
> 3:False:8,11:90,69
> 4:True:9,9:90,69
> 5:False:10,13:90,70
rovers-optimal-old-noisy/30/rovers_noisy_p01_hyp-3_30_1.tar.bz2:0.47348690033:0.00820267:0.47
> 0:False:8,11:90,69
> 1:False:9,11:90,69
> 2:True:9,9:90,69
> 3:False:8,10:90,69
> 4:False:9,11:90,69
> 5:False:10,13:90,70
rovers-optimal-old-noisy/30/rovers_noisy_p01_hyp-3_30_2.tar.bz2:0.468316078186:0.0069914:0.47
> 0:False:8,10:89,64
> 1:True:9,9:89,64
> 2:True:9,9:89,64
> 3:False:8,10:89,64
> 4:False:9,10:89,64
> 5:False:10,11:89,65
rovers-optimal-old-noisy/30/rovers_noisy_p01_hyp-3_30_3.tar.bz2:0.47053194046:0.00815177:0.47
> 0:False:8,13:90,72
> 1:False:9,11:90,72
> 2:True:9,9:90,72
> 3:False:8,11:90,72
> 4:False:9,11:90,72
> 5:False:10,12:90,73
rovers-optimal-old-noisy/30/rovers_noisy_p01_hyp-4_30_1.tar.bz2:0.4712870121:0.00815198:0.47
> 0:False:8,13:90,71
> 1:False:9,16:90,71
> 2:False:9,13:90,71
> 3:True:8,8:90,71
> 4:False:9,14:90,71
> 5:False:10,14:90,72
rovers-optimal-old-noisy/30/rovers_noisy_p01_hyp-4_30_2.tar.bz2:0.472717046738:0.00804778:0.48
> 0:False:8,11:90,69
> 1:False:9,12:90,69
> 2:False:9,12:90,69
> 3:True:8,8:90,69
> 4:False:9,13:90,69
> 5:False:10,11:90,70
rovers-optimal-old-noisy/30/rovers_noisy_p01_hyp-4_30_3.tar.bz2:0.470725059509:0.00784071:0.47
> 0:False:8,10:90,68
> 1:False:9,12:90,68
> 2:False:9,10:90,68
> 3:True:8,8:90,68
> 4:False:9,12:90,68
> 5:False:10,13:90,69
rovers-optimal-old-noisy/30/rovers_noisy_p02_hyp-1_30_1.tar.bz2:0.499119997025:0.01036722:0.51
> 0:True:10,11:149,84
> 1:False:13,17:149,85
> 2:False:12,15:149,85
> 3:False:10,12:149,84
> 4:False:13,22:149,85
> 5:False:13,16:149,84
rovers-optimal-old-noisy/30/rovers_noisy_p02_hyp-1_30_2.tar.bz2:0.49794793129:0.00940923:0.49
> 0:False:10,11:148,80
> 1:False:13,18:148,81
> 2:True:12,12:148,81
> 3:False:10,13:148,80
> 4:False:13,20:148,81
> 5:False:13,16:148,80
rovers-optimal-old-noisy/30/rovers_noisy_p02_hyp-1_30_3.tar.bz2:0.499393224716:0.01043987:0.51
> 0:True:10,10:149,84
> 1:False:13,16:149,85
> 2:True:12,12:149,85
> 3:True:10,10:149,84
> 4:False:13,19:149,85
> 5:False:13,15:149,84
rovers-optimal-old-noisy/30/rovers_noisy_p02_hyp-2_30_1.tar.bz2:0.497365951538:0.01067171:0.5
> 0:False:10,16:149,88
> 1:True:13,13:149,89
> 2:False:12,18:149,89
> 3:False:10,15:149,88
> 4:False:13,16:149,89
> 5:False:13,20:149,88
rovers-optimal-old-noisy/30/rovers_noisy_p02_hyp-2_30_2.tar.bz2:0.500089883804:0.00944641:0.5
> 0:False:10,14:148,82
> 1:True:13,13:148,83
> 2:False:12,16:148,83
> 3:False:10,14:148,82
> 4:False:13,15:148,83
> 5:False:13,18:148,82
rovers-optimal-old-noisy/30/rovers_noisy_p02_hyp-2_30_3.tar.bz2:0.500002145767:0.01044183:0.51
> 0:False:10,15:149,86
> 1:True:13,13:149,87
> 2:False:12,17:149,87
> 3:False:10,15:149,86
> 4:False:13,16:149,87
> 5:False:13,20:149,86
rovers-optimal-old-noisy/30/rovers_noisy_p02_hyp-3_30_1.tar.bz2:0.497283935547:0.01031009:0.49
> 0:False:10,12:149,83
> 1:False:13,15:149,84
> 2:True:12,12:149,84
> 3:False:10,12:149,83
> 4:False:13,16:149,84
> 5:False:13,16:149,83
rovers-optimal-old-noisy/30/rovers_noisy_p02_hyp-3_30_2.tar.bz2:0.500386953354:0.01012979:0.5
> 0:False:10,12:149,80
> 1:False:13,17:149,81
> 2:True:12,12:149,81
> 3:False:10,12:149,80
> 4:False:13,17:149,81
> 5:False:13,16:149,80
rovers-optimal-old-noisy/30/rovers_noisy_p02_hyp-3_30_3.tar.bz2:0.500365972519:0.00925449:0.5
> 0:False:10,12:148,77
> 1:False:13,17:148,78
> 2:True:12,12:148,78
> 3:False:10,14:148,77
> 4:False:13,15:148,78
> 5:True:13,13:148,77
rovers-optimal-old-noisy/30/rovers_noisy_p02_hyp-4_30_1.tar.bz2:0.502043008804:0.01065272:0.5
> 0:False:10,12:149,83
> 1:True:13,13:149,84
> 2:False:12,14:149,84
> 3:False:10,12:149,83
> 4:False:13,17:149,84
> 5:False:13,17:149,83
rovers-optimal-old-noisy/30/rovers_noisy_p02_hyp-4_30_2.tar.bz2:0.496223926544:0.00940637:0.5
> 0:False:10,13:148,81
> 1:True:13,13:148,82
> 2:False:12,15:148,82
> 3:False:10,12:148,81
> 4:False:13,15:148,82
> 5:False:13,16:148,81
rovers-optimal-old-noisy/30/rovers_noisy_p02_hyp-4_30_3.tar.bz2:0.498944044113:0.01091742:0.5
> 0:False:10,16:149,88
> 1:False:13,16:149,89
> 2:False:12,18:149,89
> 3:True:10,12:149,88
> 4:False:13,23:149,89
> 5:False:13,24:149,88
rovers-optimal-old-noisy/30/rovers_noisy_p03_hyp-1_30_1.tar.bz2:0.499396800995:0.01006409:0.5
> 0:True:10,10:149,79
> 1:True:10,10:149,79
> 2:False:13,18:149,80
> 3:True:10,10:149,79
> 4:True:12,12:149,80
> 5:False:13,18:149,80
rovers-optimal-old-noisy/30/rovers_noisy_p03_hyp-1_30_2.tar.bz2:0.499039888382:0.00954742:0.49
> 0:True:10,11:148,81
> 1:False:10,16:148,81
> 2:False:13,22:148,82
> 3:False:10,13:148,81
> 4:False:12,15:148,82
> 5:False:13,22:148,82
rovers-optimal-old-noisy/30/rovers_noisy_p03_hyp-1_30_3.tar.bz2:0.498505115509:0.00922397:0.5
> 0:True:10,11:148,79
> 1:False:10,15:148,79
> 2:False:13,21:148,80
> 3:False:10,15:148,79
> 4:False:12,15:148,80
> 5:False:13,18:148,80
rovers-optimal-old-noisy/30/rovers_noisy_p03_hyp-2_30_1.tar.bz2:0.499196052551:0.00947616:0.5
> 0:False:10,16:148,83
> 1:True:10,12:148,83
> 2:False:13,18:148,84
> 3:False:10,13:148,83
> 4:False:12,15:148,84
> 5:False:13,21:148,84
rovers-optimal-old-noisy/30/rovers_noisy_p03_hyp-2_30_2.tar.bz2:0.50052189827:0.00921834:0.5
> 0:False:10,12:148,77
> 1:False:10,11:148,77
> 2:False:13,16:148,78
> 3:True:10,10:148,77
> 4:False:12,14:148,78
> 5:False:13,18:148,78
rovers-optimal-old-noisy/30/rovers_noisy_p03_hyp-2_30_3.tar.bz2:0.502063989639:0.00960974:0.49
> 0:False:10,17:148,83
> 1:True:10,12:148,83
> 2:True:13,15:148,84
> 3:False:10,14:148,83
> 4:False:12,17:148,84
> 5:False:13,20:148,84
rovers-optimal-old-noisy/30/rovers_noisy_p03_hyp-3_30_1.tar.bz2:0.500048160553:0.00944317:0.5
> 0:False:10,15:148,80
> 1:False:10,15:148,80
> 2:True:13,13:148,81
> 3:False:10,13:148,80
> 4:False:12,17:148,81
> 5:False:13,15:148,81
rovers-optimal-old-noisy/30/rovers_noisy_p03_hyp-3_30_2.tar.bz2:0.499388933182:0.01046142:0.5
> 0:False:10,15:149,86
> 1:False:10,12:149,86
> 2:True:13,13:149,87
> 3:False:10,15:149,86
> 4:False:12,17:149,87
> 5:False:13,18:149,87
rovers-optimal-old-noisy/30/rovers_noisy_p03_hyp-3_30_3.tar.bz2:0.499628067017:0.00947531:0.5
> 0:False:10,16:148,83
> 1:False:10,13:148,83
> 2:True:13,13:148,84
> 3:False:10,14:148,83
> 4:False:12,18:148,84
> 5:False:13,18:148,84
rovers-optimal-old-noisy/30/rovers_noisy_p03_hyp-4_30_1.tar.bz2:0.499980926514:0.01020344:0.5
> 0:False:10,12:149,80
> 1:False:10,11:149,80
> 2:False:13,15:149,81
> 3:False:10,11:149,80
> 4:True:12,12:149,81
> 5:False:13,17:149,81
rovers-optimal-old-noisy/30/rovers_noisy_p03_hyp-4_30_2.tar.bz2:0.496963024139:0.01017293:0.5
> 0:False:10,12:149,83
> 1:False:10,14:149,83
> 2:False:13,16:149,84
> 3:True:10,10:149,83
> 4:False:12,17:149,84
> 5:False:13,20:149,84
rovers-optimal-old-noisy/30/rovers_noisy_p03_hyp-4_30_3.tar.bz2:0.496068954468:0.01005098:0.5
> 0:True:10,10:149,83
> 1:False:10,15:149,83
> 2:False:13,16:149,84
> 3:False:10,11:149,83
> 4:False:12,17:149,84
> 5:False:13,18:149,84
rovers-optimal-old-noisy/50/rovers_noisy_p01_hyp-1_50_1.tar.bz2:0.473088026047:0.00822458:0.48
> 0:True:8,8:91,71
> 1:False:9,10:91,71
> 2:False:9,10:91,71
> 3:False:8,12:91,71
> 4:False:9,10:91,71
> 5:False:10,14:91,72
rovers-optimal-old-noisy/50/rovers_noisy_p01_hyp-1_50_2.tar.bz2:0.472987890244:0.00830074:0.47
> 0:True:8,8:91,73
> 1:False:9,13:91,73
> 2:False:9,13:91,73
> 3:False:8,13:91,73
> 4:False:9,13:91,73
> 5:False:10,17:91,74
rovers-optimal-old-noisy/50/rovers_noisy_p01_hyp-1_50_3.tar.bz2:0.472672939301:0.00832879:0.47
> 0:True:8,8:91,72
> 1:False:9,11:91,72
> 2:False:9,10:91,72
> 3:False:8,9:91,72
> 4:False:9,12:91,72
> 5:False:10,15:91,73
rovers-optimal-old-noisy/50/rovers_noisy_p01_hyp-2_50_1.tar.bz2:0.473332881927:0.00886288:0.46
> 0:False:8,11:92,74
> 1:True:9,9:92,74
> 2:True:9,9:92,74
> 3:False:8,13:92,74
> 4:False:9,10:92,74
> 5:False:10,12:92,75
rovers-optimal-old-noisy/50/rovers_noisy_p01_hyp-2_50_2.tar.bz2:0.47460603714:0.0089098:0.47
> 0:False:8,11:92,76
> 1:True:9,9:92,76
> 2:True:9,9:92,76
> 3:False:8,13:92,76
> 4:True:9,9:92,76
> 5:False:10,12:92,77
rovers-optimal-old-noisy/50/rovers_noisy_p01_hyp-2_50_3.tar.bz2:0.471909999847:0.00889338:0.47
> 0:False:8,12:92,77
> 1:True:9,9:92,77
> 2:True:9,9:92,77
> 3:False:8,12:92,77
> 4:False:9,11:92,77
> 5:False:10,13:92,78
rovers-optimal-old-noisy/50/rovers_noisy_p01_hyp-3_50_1.tar.bz2:0.474447965622:0.00843048:0.48
> 0:False:8,10:91,70
> 1:True:9,9:91,70
> 2:True:9,9:91,70
> 3:False:8,10:91,70
> 4:True:9,9:91,70
> 5:False:10,12:91,71
rovers-optimal-old-noisy/50/rovers_noisy_p01_hyp-3_50_2.tar.bz2:0.474240064621:0.0090215:0.48
> 0:False:8,13:92,78
> 1:False:9,11:92,78
> 2:True:9,9:92,78
> 3:False:8,11:92,78
> 4:False:9,11:92,78
> 5:False:10,13:92,79
rovers-optimal-old-noisy/50/rovers_noisy_p01_hyp-3_50_3.tar.bz2:0.470700025558:0.00900433:0.47
> 0:False:8,11:92,78
> 1:True:9,9:92,78
> 2:True:9,9:92,78
> 3:False:8,11:92,78
> 4:False:9,10:92,78
> 5:False:10,13:92,79
rovers-optimal-old-noisy/50/rovers_noisy_p01_hyp-4_50_1.tar.bz2:0.472255945206:0.00764735:0.47
> 0:False:8,11:90,68
> 1:False:9,14:90,68
> 2:False:9,14:90,68
> 3:True:8,8:90,68
> 4:False:9,14:90,68
> 5:False:10,12:90,69
rovers-optimal-old-noisy/50/rovers_noisy_p01_hyp-4_50_2.tar.bz2:0.470660924911:0.00742515:0.47
> 0:False:8,11:90,67
> 1:False:9,14:90,67
> 2:False:9,14:90,67
> 3:True:8,8:90,67
> 4:False:9,15:90,67
> 5:False:10,13:90,68
rovers-optimal-old-noisy/50/rovers_noisy_p01_hyp-4_50_3.tar.bz2:0.47166800499:0.00732398:0.47
> 0:False:8,10:90,65
> 1:False:9,12:90,65
> 2:False:9,10:90,65
> 3:True:8,8:90,65
> 4:False:9,12:90,65
> 5:False:10,13:90,66
rovers-optimal-old-noisy/50/rovers_noisy_p02_hyp-1_50_1.tar.bz2:0.500713825226:0.01134606:0.5
> 0:True:10,11:151,90
> 1:False:13,18:151,91
> 2:False:12,15:151,91
> 3:False:10,15:151,90
> 4:False:13,21:151,91
> 5:False:13,16:151,90
rovers-optimal-old-noisy/50/rovers_noisy_p02_hyp-1_50_2.tar.bz2:0.498543024063:0.0102011:0.5
> 0:True:10,11:150,82
> 1:False:13,21:150,83
> 2:False:12,14:150,83
> 3:False:10,15:150,82
> 4:False:13,21:150,83
> 5:False:13,15:150,82
rovers-optimal-old-noisy/50/rovers_noisy_p02_hyp-1_50_3.tar.bz2:0.499836921692:0.01159032:0.5
> 0:True:10,11:152,92
> 1:False:13,18:152,93
> 2:False:12,15:152,93
> 3:False:10,15:152,92
> 4:False:13,20:152,93
> 5:False:13,15:152,92
rovers-optimal-old-noisy/50/rovers_noisy_p02_hyp-2_50_1.tar.bz2:0.501577854156:0.01232639:0.5
> 0:False:10,15:153,94
> 1:True:13,13:153,95
> 2:False:12,16:153,95
> 3:False:10,14:153,94
> 4:False:13,14:153,95
> 5:False:13,18:153,94
rovers-optimal-old-noisy/50/rovers_noisy_p02_hyp-2_50_2.tar.bz2:0.502449989319:0.01216535:0.5
> 0:False:10,19:153,99
> 1:True:13,13:153,100
> 2:False:12,21:153,100
> 3:False:10,16:153,99
> 4:False:13,19:153,100
> 5:False:13,23:153,99
rovers-optimal-old-noisy/50/rovers_noisy_p02_hyp-2_50_3.tar.bz2:0.497986078262:0.010548:0.49
> 0:False:10,17:151,88
> 1:True:13,13:151,89
> 2:False:12,19:151,89
> 3:False:10,16:151,88
> 4:False:13,18:151,89
> 5:False:13,22:151,88
rovers-optimal-old-noisy/50/rovers_noisy_p02_hyp-3_50_1.tar.bz2:0.499840021133:0.01199272:0.5
> 0:False:10,14:153,93
> 1:False:13,21:153,94
> 2:True:12,12:153,94
> 3:False:10,16:153,93
> 4:False:13,20:153,94
> 5:False:13,17:153,93
rovers-optimal-old-noisy/50/rovers_noisy_p02_hyp-3_50_2.tar.bz2:0.498514890671:0.01147988:0.51
> 0:False:10,14:152,91
> 1:False:13,22:152,92
> 2:True:12,12:152,92
> 3:False:10,16:152,91
> 4:False:13,20:152,92
> 5:False:13,17:152,91
rovers-optimal-old-noisy/50/rovers_noisy_p02_hyp-3_50_3.tar.bz2:0.500899076462:0.01068157:0.49
> 0:False:10,15:151,89
> 1:False:13,24:151,90
> 2:True:12,12:151,90
> 3:False:10,18:151,89
> 4:False:13,21:151,90
> 5:False:13,17:151,89
rovers-optimal-old-noisy/50/rovers_noisy_p02_hyp-4_50_1.tar.bz2:0.499337911606:0.01159565:0.5
> 0:True:10,12:152,88
> 1:True:13,15:152,89
> 2:True:12,14:152,89
> 3:True:10,12:152,88
> 4:False:13,18:152,89
> 5:False:13,18:152,88
rovers-optimal-old-noisy/50/rovers_noisy_p02_hyp-4_50_2.tar.bz2:0.501539945602:0.01204709:0.5
> 0:False:10,14:152,93
> 1:True:13,13:152,94
> 2:False:12,16:152,94
> 3:False:10,12:152,93
> 4:False:13,20:152,94
> 5:False:13,20:152,93
rovers-optimal-old-noisy/50/rovers_noisy_p02_hyp-4_50_3.tar.bz2:0.502422094345:0.01192091:0.51
> 0:True:10,10:152,94
> 1:True:13,13:152,95
> 2:True:12,12:152,95
> 3:True:10,10:152,94
> 4:False:13,18:152,95
> 5:False:13,17:152,94
rovers-optimal-old-noisy/50/rovers_noisy_p03_hyp-1_50_1.tar.bz2:0.502804994583:0.0108115:0.51
> 0:True:10,11:151,84
> 1:False:10,17:151,84
> 2:False:13,22:151,85
> 3:False:10,14:151,84
> 4:False:12,17:151,85
> 5:False:13,20:151,85
rovers-optimal-old-noisy/50/rovers_noisy_p03_hyp-1_50_2.tar.bz2:0.501691102982:0.01097483:0.5
> 0:True:10,11:151,87
> 1:False:10,17:151,87
> 2:False:13,23:151,88
> 3:False:10,14:151,87
> 4:False:12,17:151,88
> 5:False:13,21:151,88
rovers-optimal-old-noisy/50/rovers_noisy_p03_hyp-1_50_3.tar.bz2:0.49970293045:0.01110076:0.5
> 0:True:10,11:151,86
> 1:False:10,15:151,86
> 2:False:13,16:151,87
> 3:False:10,15:151,86
> 4:False:12,14:151,87
> 5:True:13,14:151,87
rovers-optimal-old-noisy/50/rovers_noisy_p03_hyp-2_50_1.tar.bz2:0.502876996994:0.01043415:0.5
> 0:False:10,16:150,88
> 1:True:10,12:150,88
> 2:False:13,16:150,89
> 3:False:10,14:150,88
> 4:False:12,18:150,89
> 5:False:13,22:150,89
rovers-optimal-old-noisy/50/rovers_noisy_p03_hyp-2_50_2.tar.bz2:0.500365018845:0.01099235:0.49
> 0:False:10,17:151,88
> 1:True:10,12:151,88
> 2:False:13,17:151,89
> 3:False:10,15:151,88
> 4:False:12,16:151,89
> 5:False:13,22:151,89
rovers-optimal-old-noisy/50/rovers_noisy_p03_hyp-2_50_3.tar.bz2:0.498995065689:0.01021183:0.51
> 0:False:10,16:150,84
> 1:True:10,12:150,84
> 2:False:13,18:150,85
> 3:False:10,14:150,84
> 4:False:12,16:150,85
> 5:False:13,22:150,85
rovers-optimal-old-noisy/50/rovers_noisy_p03_hyp-3_50_1.tar.bz2:0.504070043564:0.01155515:0.5
> 0:False:10,17:152,88
> 1:False:10,15:152,88
> 2:True:13,13:152,89
> 3:False:10,16:152,88
> 4:False:12,19:152,89
> 5:False:13,17:152,89
rovers-optimal-old-noisy/50/rovers_noisy_p03_hyp-3_50_2.tar.bz2:0.502175807953:0.01181123:0.5
> 0:False:10,19:152,94
> 1:False:10,18:152,94
> 2:True:13,13:152,95
> 3:False:10,16:152,94
> 4:False:12,21:152,95
> 5:False:13,18:152,95
rovers-optimal-old-noisy/50/rovers_noisy_p03_hyp-3_50_3.tar.bz2:0.499961853027:0.01221134:0.5
> 0:False:10,15:153,95
> 1:False:10,13:153,95
> 2:True:13,13:153,96
> 3:False:10,13:153,95
> 4:False:12,15:153,96
> 5:False:13,17:153,96
rovers-optimal-old-noisy/50/rovers_noisy_p03_hyp-4_50_1.tar.bz2:0.503119945526:0.01102634:0.5
> 0:False:10,13:151,85
> 1:False:10,13:151,85
> 2:False:13,18:151,86
> 3:True:10,11:151,85
> 4:False:12,15:151,86
> 5:False:13,21:151,86
rovers-optimal-old-noisy/50/rovers_noisy_p03_hyp-4_50_2.tar.bz2:0.501228809357:0.01148489:0.5
> 0:False:10,13:152,90
> 1:False:10,16:152,90
> 2:False:13,17:152,91
> 3:True:10,11:152,90
> 4:False:12,18:152,91
> 5:False:13,21:152,91
rovers-optimal-old-noisy/50/rovers_noisy_p03_hyp-4_50_3.tar.bz2:0.500919103622:0.01128696:0.51
> 0:False:10,14:151,89
> 1:False:10,16:151,89
> 2:False:13,15:151,90
> 3:True:10,11:151,89
> 4:False:12,17:151,90
> 5:False:13,21:151,90
rovers-optimal-old-noisy/70/rovers_noisy_p01_hyp-1_70_1.tar.bz2:0.472372055054:0.00880955:0.48
> 0:True:8,8:93,77
> 1:False:9,14:93,77
> 2:False:9,14:93,77
> 3:False:8,13:93,77
> 4:False:9,14:93,77
> 5:False:10,15:93,78
rovers-optimal-old-noisy/70/rovers_noisy_p01_hyp-1_70_2.tar.bz2:0.471970081329:0.00814868:0.47
> 0:True:8,8:92,72
> 1:False:9,13:92,72
> 2:False:9,13:92,72
> 3:False:8,13:92,72
> 4:False:9,13:92,72
> 5:False:10,17:92,73
rovers-optimal-old-noisy/70/rovers_noisy_p01_hyp-1_70_3.tar.bz2:0.471234083176:0.00898977:0.47
> 0:True:8,8:93,77
> 1:False:9,13:93,77
> 2:False:9,13:93,77
> 3:False:8,13:93,77
> 4:False:9,13:93,77
> 5:False:10,17:93,78
rovers-optimal-old-noisy/70/rovers_noisy_p01_hyp-2_70_1.tar.bz2:0.474692106247:0.00947491:0.48
> 0:False:8,13:94,77
> 1:True:9,9:94,77
> 2:False:9,12:94,77
> 3:False:8,16:94,77
> 4:False:9,12:94,77
> 5:False:10,16:94,78
rovers-optimal-old-noisy/70/rovers_noisy_p01_hyp-2_70_2.tar.bz2:0.474213838577:0.00922729:0.47
> 0:False:8,14:94,78
> 1:True:9,9:94,78
> 2:False:9,12:94,78
> 3:False:8,16:94,78
> 4:False:9,11:94,78
> 5:False:10,15:94,79
rovers-optimal-old-noisy/70/rovers_noisy_p01_hyp-2_70_3.tar.bz2:0.475702047348:0.00923855:0.48
> 0:False:8,12:94,76
> 1:True:9,9:94,76
> 2:False:9,11:94,76
> 3:False:8,15:94,76
> 4:False:9,11:94,76
> 5:False:10,14:94,77
rovers-optimal-old-noisy/70/rovers_noisy_p01_hyp-3_70_1.tar.bz2:0.474154949188:0.00946924:0.48
> 0:False:8,13:94,78
> 1:False:9,12:94,78
> 2:True:9,9:94,78
> 3:False:8,12:94,78
> 4:False:9,12:94,78
> 5:False:10,15:94,79
rovers-optimal-old-noisy/70/rovers_noisy_p01_hyp-3_70_2.tar.bz2:0.476382017136:0.00967551:0.47
> 0:False:8,13:94,80
> 1:False:9,12:94,80
> 2:True:9,9:94,80
> 3:False:8,13:94,80
> 4:False:9,12:94,80
> 5:False:10,16:94,81
rovers-optimal-old-noisy/70/rovers_noisy_p01_hyp-3_70_3.tar.bz2:0.473145008087:0.00855057:0.47
> 0:False:8,14:93,78
> 1:False:9,12:93,78
> 2:True:9,9:93,78
> 3:False:8,14:93,78
> 4:False:9,12:93,78
> 5:False:10,16:93,79
rovers-optimal-old-noisy/70/rovers_noisy_p01_hyp-4_70_1.tar.bz2:0.470772981644:0.0080708:0.47
> 0:False:8,14:92,73
> 1:False:9,16:92,73
> 2:False:9,13:92,73
> 3:True:8,8:92,73
> 4:False:9,16:92,73
> 5:False:10,14:92,74
rovers-optimal-old-noisy/70/rovers_noisy_p01_hyp-4_70_2.tar.bz2:0.474450111389:0.00885025:0.47
> 0:False:8,13:93,73
> 1:False:9,16:93,73
> 2:False:9,14:93,73
> 3:True:8,8:93,73
> 4:False:9,13:93,73
> 5:False:10,14:93,74
rovers-optimal-old-noisy/70/rovers_noisy_p01_hyp-4_70_3.tar.bz2:0.477293968201:0.0096279:0.48
> 0:False:8,14:94,80
> 1:False:9,14:94,80
> 2:False:9,14:94,80
> 3:True:8,8:94,80
> 4:False:9,17:94,80
> 5:False:10,15:94,81
rovers-optimal-old-noisy/70/rovers_noisy_p02_hyp-1_70_1.tar.bz2:0.502302885056:0.01205939:0.51
> 0:True:10,11:153,91
> 1:False:13,19:153,92
> 2:False:12,14:153,92
> 3:False:10,14:153,91
> 4:False:13,22:153,92
> 5:False:13,17:153,91
rovers-optimal-old-noisy/70/rovers_noisy_p02_hyp-1_70_2.tar.bz2:0.501528024673:0.01270673:0.49
> 0:True:10,11:154,96
> 1:False:13,19:154,97
> 2:False:12,15:154,97
> 3:False:10,16:154,96
> 4:False:13,21:154,97
> 5:False:13,17:154,96
rovers-optimal-old-noisy/70/rovers_noisy_p02_hyp-1_70_3.tar.bz2:0.505388975143:0.01258711:0.5
> 0:True:10,11:154,92
> 1:False:13,20:154,93
> 2:False:12,14:154,93
> 3:False:10,15:154,92
> 4:False:13,22:154,93
> 5:False:13,17:154,92
rovers-optimal-old-noisy/70/rovers_noisy_p02_hyp-2_70_1.tar.bz2:0.503670930862:0.01403331:0.5
> 0:False:10,17:156,107
> 1:True:13,13:156,108
> 2:False:12,19:156,108
> 3:False:10,14:156,107
> 4:False:13,19:156,108
> 5:False:13,22:156,107
rovers-optimal-old-noisy/70/rovers_noisy_p02_hyp-2_70_2.tar.bz2:0.502633094788:0.01357967:0.5
> 0:False:10,19:155,105
> 1:True:13,13:155,106
> 2:False:12,21:155,106
> 3:False:10,15:155,105
> 4:False:13,20:155,106
> 5:False:13,24:155,105
rovers-optimal-old-noisy/70/rovers_noisy_p02_hyp-2_70_3.tar.bz2:0.500323057175:0.01359625:0.5
> 0:False:10,17:156,106
> 1:True:13,13:156,107
> 2:False:12,19:156,107
> 3:False:10,13:156,106
> 4:False:13,20:156,107
> 5:False:13,23:156,106
rovers-optimal-old-noisy/70/rovers_noisy_p02_hyp-3_70_1.tar.bz2:0.504966020584:0.0138459:0.51
> 0:False:10,13:156,101
> 1:False:13,17:156,102
> 2:True:12,12:156,102
> 3:False:10,13:156,101
> 4:False:13,18:156,102
> 5:False:13,16:156,101
rovers-optimal-old-noisy/70/rovers_noisy_p02_hyp-3_70_2.tar.bz2:0.501874923706:0.01340629:0.51
> 0:False:10,12:156,99
> 1:False:13,18:156,100
> 2:True:12,12:156,100
> 3:False:10,13:156,99
> 4:False:13,18:156,100
> 5:False:13,16:156,99
rovers-optimal-old-noisy/70/rovers_noisy_p02_hyp-3_70_3.tar.bz2:0.502567052841:0.01341378:0.51
> 0:False:10,13:156,97
> 1:False:13,19:156,98
> 2:True:12,12:156,98
> 3:False:10,15:156,97
> 4:False:13,16:156,98
> 5:False:13,15:156,97
rovers-optimal-old-noisy/70/rovers_noisy_p02_hyp-4_70_1.tar.bz2:0.499343156815:0.01312678:0.5
> 0:False:10,12:155,102
> 1:True:13,13:155,103
> 2:False:12,16:155,103
> 3:False:10,11:155,102
> 4:False:13,20:155,103
> 5:False:13,19:155,102
rovers-optimal-old-noisy/70/rovers_noisy_p02_hyp-4_70_2.tar.bz2:0.50418305397:0.01286627:0.5
> 0:False:10,13:154,100
> 1:True:13,13:154,101
> 2:False:12,15:154,101
> 3:True:10,10:154,100
> 4:False:13,21:154,101
> 5:False:13,20:154,100
rovers-optimal-old-noisy/70/rovers_noisy_p02_hyp-4_70_3.tar.bz2:0.502416133881:0.01333591:0.51
> 0:False:10,15:155,101
> 1:True:13,13:155,102
> 2:False:12,17:155,102
> 3:False:10,12:155,101
> 4:False:13,17:155,102
> 5:False:13,19:155,101
rovers-optimal-old-noisy/70/rovers_noisy_p03_hyp-1_70_1.tar.bz2:0.503431081772:0.01152844:0.5
> 0:True:10,11:152,90
> 1:False:10,19:152,90
> 2:False:13,25:152,91
> 3:False:10,16:152,90
> 4:False:12,17:152,91
> 5:False:13,21:152,91
rovers-optimal-old-noisy/70/rovers_noisy_p03_hyp-1_70_2.tar.bz2:0.503281116486:0.01202259:0.51
> 0:True:10,11:153,90
> 1:False:10,16:153,90
> 2:False:13,24:153,91
> 3:False:10,15:153,90
> 4:False:12,17:153,91
> 5:False:13,21:153,91
rovers-optimal-old-noisy/70/rovers_noisy_p03_hyp-1_70_3.tar.bz2:0.499201059341:0.01214104:0.49
> 0:True:10,11:154,93
> 1:False:10,16:154,93
> 2:False:13,21:154,94
> 3:False:10,16:154,93
> 4:False:12,17:154,94
> 5:False:13,20:154,94
rovers-optimal-old-noisy/70/rovers_noisy_p03_hyp-2_70_1.tar.bz2:0.502214193344:0.0128725:0.51
> 0:False:10,14:155,98
> 1:True:10,11:155,98
> 2:False:13,16:155,99
> 3:False:10,13:155,98
> 4:False:12,14:155,99
> 5:False:13,20:155,99
rovers-optimal-old-noisy/70/rovers_noisy_p03_hyp-2_70_2.tar.bz2:0.505354881287:0.01332863:0.5
> 0:False:10,16:155,99
> 1:True:10,12:155,99
> 2:True:13,15:155,100
> 3:False:10,13:155,99
> 4:False:12,15:155,100
> 5:False:13,19:155,100
rovers-optimal-old-noisy/70/rovers_noisy_p03_hyp-2_70_3.tar.bz2:0.502599954605:0.01280336:0.51
> 0:False:10,15:155,100
> 1:True:10,11:155,100
> 2:False:13,15:155,101
> 3:False:10,14:155,100
> 4:False:12,16:155,101
> 5:False:13,20:155,101
rovers-optimal-old-noisy/70/rovers_noisy_p03_hyp-3_70_1.tar.bz2:0.502269983292:0.01315973:0.51
> 0:False:10,18:155,103
> 1:False:10,14:155,103
> 2:True:13,13:155,104
> 3:False:10,14:155,103
> 4:False:12,20:155,104
> 5:False:13,17:155,104
rovers-optimal-old-noisy/70/rovers_noisy_p03_hyp-3_70_2.tar.bz2:0.504127979279:0.01331035:0.51
> 0:False:10,17:156,101
> 1:False:10,15:156,101
> 2:True:13,13:156,102
> 3:False:10,16:156,101
> 4:False:12,20:156,102
> 5:False:13,17:156,102
rovers-optimal-old-noisy/70/rovers_noisy_p03_hyp-3_70_3.tar.bz2:0.504316091537:0.013611:0.5
> 0:False:10,20:156,103
> 1:False:10,16:156,103
> 2:True:13,13:156,104
> 3:False:10,18:156,103
> 4:False:12,21:156,104
> 5:False:13,19:156,104
rovers-optimal-old-noisy/70/rovers_noisy_p03_hyp-4_70_1.tar.bz2:0.50198507309:0.01258512:0.51
> 0:False:10,15:154,94
> 1:False:10,14:154,94
> 2:False:13,18:154,95
> 3:True:10,11:154,94
> 4:False:12,17:154,95
> 5:False:13,21:154,95
rovers-optimal-old-noisy/70/rovers_noisy_p03_hyp-4_70_2.tar.bz2:0.500195026398:0.01185488:0.5
> 0:False:10,15:153,91
> 1:False:10,17:153,91
> 2:False:13,18:153,92
> 3:True:10,11:153,91
> 4:False:12,20:153,92
> 5:False:13,21:153,92
rovers-optimal-old-noisy/70/rovers_noisy_p03_hyp-4_70_3.tar.bz2:0.50130200386:0.01246369:0.5
> 0:False:10,13:154,94
> 1:False:10,15:154,94
> 2:False:13,17:154,95
> 3:True:10,11:154,94
> 4:False:12,19:154,95
> 5:False:13,20:154,95
rovers-optimal-old-noisy/100/rovers_noisy_p01_hyp-1_full_1.tar.bz2:0.477651834488:0.01038957:0.48
> 0:True:8,8:96,84
> 1:False:9,14:96,84
> 2:False:9,14:96,84
> 3:False:8,14:96,84
> 4:False:9,14:96,84
> 5:False:10,18:96,85
rovers-optimal-old-noisy/100/rovers_noisy_p01_hyp-1_full_2.tar.bz2:0.477195978165:0.00883324:0.48
> 0:True:8,8:94,78
> 1:False:9,14:94,78
> 2:False:9,14:94,78
> 3:False:8,14:94,78
> 4:False:9,14:94,78
> 5:False:10,18:94,79
rovers-optimal-old-noisy/100/rovers_noisy_p01_hyp-1_full_3.tar.bz2:0.473867177963:0.0085882:0.48
> 0:True:8,8:94,78
> 1:False:9,14:94,78
> 2:False:9,14:94,78
> 3:False:8,14:94,78
> 4:False:9,14:94,78
> 5:False:10,18:94,79
rovers-optimal-old-noisy/100/rovers_noisy_p01_hyp-2_full_1.tar.bz2:0.47461605072:0.01005099:0.48
> 0:False:8,13:95,81
> 1:True:9,9:95,81
> 2:False:9,11:95,81
> 3:False:8,16:95,81
> 4:False:9,11:95,81
> 5:False:10,15:95,82
rovers-optimal-old-noisy/100/rovers_noisy_p01_hyp-2_full_2.tar.bz2:0.475368976593:0.01075957:0.48
> 0:False:8,13:97,87
> 1:True:9,9:97,87
> 2:False:9,11:97,87
> 3:False:8,16:97,87
> 4:False:9,11:97,87
> 5:False:10,15:97,88
rovers-optimal-old-noisy/100/rovers_noisy_p01_hyp-2_full_3.tar.bz2:0.477834939957:0.01045265:0.48
> 0:False:8,13:96,85
> 1:True:9,9:96,85
> 2:False:9,11:96,85
> 3:False:8,16:96,85
> 4:False:9,11:96,85
> 5:False:10,15:96,86
rovers-optimal-old-noisy/100/rovers_noisy_p01_hyp-3_full_1.tar.bz2:0.47714304924:0.01084055:0.48
> 0:False:8,13:97,87
> 1:False:9,11:97,87
> 2:True:9,9:97,87
> 3:False:8,13:97,87
> 4:False:9,11:97,87
> 5:False:10,15:97,88
rovers-optimal-old-noisy/100/rovers_noisy_p01_hyp-3_full_2.tar.bz2:0.475251913071:0.01002494:0.48
> 0:False:8,13:95,81
> 1:False:9,11:95,81
> 2:True:9,9:95,81
> 3:False:8,13:95,81
> 4:False:9,11:95,81
> 5:False:10,15:95,82
rovers-optimal-old-noisy/100/rovers_noisy_p01_hyp-3_full_3.tar.bz2:0.475743055344:0.0107011:0.48
> 0:False:8,13:97,88
> 1:False:9,11:97,88
> 2:True:9,9:97,88
> 3:False:8,13:97,88
> 4:False:9,11:97,88
> 5:False:10,15:97,89
rovers-optimal-old-noisy/100/rovers_noisy_p01_hyp-4_full_1.tar.bz2:0.475116968155:0.0100482:0.47
> 0:False:8,14:96,80
> 1:False:9,17:96,80
> 2:False:9,14:96,80
> 3:True:8,8:96,80
> 4:False:9,16:96,80
> 5:False:10,14:96,81
rovers-optimal-old-noisy/100/rovers_noisy_p01_hyp-4_full_2.tar.bz2:0.474235057831:0.00954351:0.48
> 0:False:8,14:95,80
> 1:False:9,17:95,80
> 2:False:9,14:95,80
> 3:True:8,8:95,80
> 4:False:9,17:95,80
> 5:False:10,15:95,81
rovers-optimal-old-noisy/100/rovers_noisy_p01_hyp-4_full_3.tar.bz2:0.47632598877:0.01019591:0.47
> 0:False:8,14:96,84
> 1:False:9,17:96,84
> 2:False:9,14:96,84
> 3:True:8,8:96,84
> 4:False:9,17:96,84
> 5:False:10,14:96,85
rovers-optimal-old-noisy/100/rovers_noisy_p02_hyp-1_full_1.tar.bz2:0.505035161972:0.01416323:0.51
> 0:True:10,11:157,103
> 1:False:13,22:157,104
> 2:False:12,15:157,104
> 3:False:10,16:157,103
> 4:False:13,25:157,104
> 5:False:13,18:157,103
rovers-optimal-old-noisy/100/rovers_noisy_p02_hyp-1_full_2.tar.bz2:0.506485939026:0.01453757:0.5
> 0:True:10,11:158,106
> 1:False:13,22:158,107
> 2:False:12,15:158,107
> 3:False:10,16:158,106
> 4:False:13,22:158,107
> 5:False:13,18:158,106
rovers-optimal-old-noisy/100/rovers_noisy_p02_hyp-1_full_3.tar.bz2:0.505334854126:0.01426164:0.51
> 0:True:10,11:157,102
> 1:False:13,21:157,103
> 2:False:12,15:157,103
> 3:False:10,16:157,102
> 4:False:13,24:157,103
> 5:False:13,18:157,102
rovers-optimal-old-noisy/100/rovers_noisy_p02_hyp-2_full_1.tar.bz2:0.501860141754:0.01492189:0.5
> 0:False:10,19:159,112
> 1:True:13,13:159,113
> 2:False:12,21:159,113
> 3:False:10,15:159,112
> 4:False:13,20:159,113
> 5:False:13,24:159,112
rovers-optimal-old-noisy/100/rovers_noisy_p02_hyp-2_full_2.tar.bz2:0.506114959717:0.01556674:0.5
> 0:False:10,19:160,119
> 1:True:13,13:160,120
> 2:False:12,21:160,120
> 3:False:10,15:160,119
> 4:False:13,20:160,120
> 5:False:13,24:160,119
rovers-optimal-old-noisy/100/rovers_noisy_p02_hyp-2_full_3.tar.bz2:0.505753040314:0.0149873:0.51
> 0:False:10,19:159,111
> 1:True:13,13:159,112
> 2:False:12,21:159,112
> 3:False:10,15:159,111
> 4:False:13,20:159,112
> 5:False:13,24:159,111
rovers-optimal-old-noisy/100/rovers_noisy_p02_hyp-3_full_1.tar.bz2:0.505668878555:0.01551843:0.5
> 0:False:10,15:160,108
> 1:False:13,21:160,109
> 2:True:12,12:160,109
> 3:False:10,16:160,108
> 4:False:13,20:160,109
> 5:False:13,18:160,108
rovers-optimal-old-noisy/100/rovers_noisy_p02_hyp-3_full_2.tar.bz2:0.503926992416:0.01431429:0.51
> 0:False:10,15:158,106
> 1:False:13,23:158,107
> 2:True:12,12:158,107
> 3:False:10,17:158,106
> 4:False:13,21:158,107
> 5:False:13,18:158,106
rovers-optimal-old-noisy/100/rovers_noisy_p02_hyp-3_full_3.tar.bz2:0.505938053131:0.01437282:0.51
> 0:False:10,14:158,103
> 1:False:13,21:158,104
> 2:True:12,12:158,104
> 3:False:10,16:158,103
> 4:False:13,20:158,104
> 5:False:13,17:158,103
rovers-optimal-old-noisy/100/rovers_noisy_p02_hyp-4_full_1.tar.bz2:0.505764961243:0.01450191:0.5
> 0:False:10,16:159,110
> 1:False:13,16:159,111
> 2:False:12,18:159,111
> 3:True:10,12:159,110
> 4:False:13,24:159,111
> 5:False:13,24:159,110
rovers-optimal-old-noisy/100/rovers_noisy_p02_hyp-4_full_2.tar.bz2:0.505586862564:0.01511885:0.51
> 0:False:10,16:159,110
> 1:True:13,15:159,111
> 2:False:12,18:159,111
> 3:True:10,12:159,110
> 4:False:13,23:159,111
> 5:False:13,22:159,110
rovers-optimal-old-noisy/100/rovers_noisy_p02_hyp-4_full_3.tar.bz2:0.502811193466:0.014656:0.5
> 0:False:10,16:158,106
> 1:True:13,15:158,107
> 2:False:12,18:158,107
> 3:True:10,12:158,106
> 4:False:13,23:158,107
> 5:False:13,24:158,106
rovers-optimal-old-noisy/100/rovers_noisy_p03_hyp-1_full_1.tar.bz2:0.50538110733:0.01329114:0.51
> 0:True:10,11:156,96
> 1:False:10,19:156,96
> 2:False:13,24:156,97
> 3:False:10,16:156,96
> 4:False:12,18:156,97
> 5:False:13,22:156,97
rovers-optimal-old-noisy/100/rovers_noisy_p03_hyp-1_full_2.tar.bz2:0.503261089325:0.01341394:0.51
> 0:True:10,11:156,98
> 1:False:10,18:156,98
> 2:False:13,25:156,99
> 3:False:10,16:156,98
> 4:False:12,17:156,99
> 5:False:13,22:156,99
rovers-optimal-old-noisy/100/rovers_noisy_p03_hyp-1_full_3.tar.bz2:0.501013040543:0.01347555:0.5
> 0:True:10,11:156,98
> 1:False:10,19:156,98
> 2:False:13,24:156,99
> 3:False:10,16:156,98
> 4:False:12,18:156,99
> 5:False:13,21:156,99
rovers-optimal-old-noisy/100/rovers_noisy_p03_hyp-2_full_1.tar.bz2:0.502287149429:0.0136778:0.5
> 0:False:10,18:157,104
> 1:True:10,12:157,104
> 2:False:13,19:157,105
> 3:False:10,16:157,104
> 4:False:12,18:157,105
> 5:False:13,25:157,105
rovers-optimal-old-noisy/100/rovers_noisy_p03_hyp-2_full_2.tar.bz2:0.50470495224:0.01486762:0.5
> 0:False:10,16:159,110
> 1:True:10,12:159,110
> 2:False:13,19:159,111
> 3:False:10,15:159,110
> 4:False:12,18:159,111
> 5:False:13,24:159,111
rovers-optimal-old-noisy/100/rovers_noisy_p03_hyp-2_full_3.tar.bz2:0.507757902145:0.01468089:0.51
> 0:False:10,19:158,108
> 1:True:10,12:158,108
> 2:False:13,19:158,109
> 3:False:10,16:158,108
> 4:False:12,18:158,109
> 5:False:13,25:158,109
rovers-optimal-old-noisy/100/rovers_noisy_p03_hyp-3_full_1.tar.bz2:0.50590801239:0.01479595:0.51
> 0:False:10,21:158,110
> 1:False:10,17:158,110
> 2:True:13,13:158,111
> 3:False:10,17:158,110
> 4:False:12,23:158,111
> 5:False:13,20:158,111
rovers-optimal-old-noisy/100/rovers_noisy_p03_hyp-3_full_2.tar.bz2:0.507129907608:0.01578689:0.5
> 0:False:10,21:160,117
> 1:False:10,16:160,117
> 2:True:13,13:160,118
> 3:False:10,17:160,117
> 4:False:12,22:160,118
> 5:False:13,20:160,118
rovers-optimal-old-noisy/100/rovers_noisy_p03_hyp-3_full_3.tar.bz2:0.507083892822:0.01586035:0.51
> 0:False:10,20:160,116
> 1:False:10,18:160,116
> 2:True:13,13:160,117
> 3:False:10,16:160,116
> 4:False:12,24:160,117
> 5:False:13,21:160,117
rovers-optimal-old-noisy/100/rovers_noisy_p03_hyp-4_full_1.tar.bz2:0.500399112701:0.01366045:0.51
> 0:False:10,16:157,101
> 1:False:10,17:157,101
> 2:False:13,19:157,102
> 3:True:10,11:157,101
> 4:False:12,20:157,102
> 5:False:13,25:157,102
rovers-optimal-old-noisy/100/rovers_noisy_p03_hyp-4_full_2.tar.bz2:0.504163980484:0.01385333:0.5
> 0:False:10,16:157,101
> 1:False:10,17:157,101
> 2:False:13,19:157,102
> 3:True:10,11:157,101
> 4:False:12,21:157,102
> 5:False:13,24:157,102
rovers-optimal-old-noisy/100/rovers_noisy_p03_hyp-4_full_3.tar.bz2:0.504224061966:0.01394133:0.5
> 0:False:10,16:157,103
> 1:False:10,17:157,103
> 2:False:13,18:157,104
> 3:True:10,11:157,103
> 4:False:12,21:157,104
> 5:False:13,25:157,104
