rovers-suboptimal/10/rovers_p01_hyp-1_10_1.tar.bz2:0.6946139335632324:0.0750328:0.6899999999999977
> 0:True:8,8:8177,893,0
> 1:True:8,8:8177,893,0
> 2:True:8,8:8177,893,0
> 3:False:8,9:8177,893,0
> 4:False:8,9:8177,893,0
> 5:False:9,11:8177,893,0
rovers-suboptimal/10/rovers_p01_hyp-1_10_2.tar.bz2:0.6797070503234863:0.07335200000000001:0.6900000000000546
> 0:True:8,8:8177,893,0
> 1:True:8,8:8177,893,0
> 2:True:8,8:8177,893,0
> 3:False:8,11:8177,893,0
> 4:True:8,8:8177,893,0
> 5:False:9,12:8177,893,0
rovers-suboptimal/10/rovers_p01_hyp-1_10_3.tar.bz2:0.692549467086792:0.07453989999999999:0.6899999999999977
> 0:True:8,8:8177,893,0
> 1:False:8,9:8177,893,0
> 2:False:8,9:8177,893,0
> 3:True:8,8:8177,893,0
> 4:False:8,9:8177,893,0
> 5:False:9,10:8177,893,0
rovers-suboptimal/10/rovers_p01_hyp-2_10_1.tar.bz2:0.7000691890716553:0.07396754:0.6899999999999409
> 0:True:8,9:8178,896,0
> 1:True:8,9:8178,896,0
> 2:True:8,9:8178,896,0
> 3:False:8,10:8178,896,0
> 4:False:8,10:8178,896,0
> 5:False:9,12:8178,896,0
rovers-suboptimal/10/rovers_p01_hyp-2_10_2.tar.bz2:0.6969985961914062:0.07271479:0.6999999999999886
> 0:True:8,8:8178,896,0
> 1:True:8,8:8178,896,0
> 2:True:8,8:8178,896,0
> 3:False:8,10:8178,896,0
> 4:False:8,9:8178,896,0
> 5:False:9,12:8178,896,0
rovers-suboptimal/10/rovers_p01_hyp-2_10_3.tar.bz2:0.6824765205383301:0.077318:0.6800000000000068
> 0:False:8,10:8178,896,0
> 1:True:8,9:8178,896,0
> 2:False:8,10:8178,896,0
> 3:False:8,11:8178,896,0
> 4:False:8,11:8178,896,0
> 5:False:9,13:8178,896,0
rovers-suboptimal/10/rovers_p01_hyp-3_10_1.tar.bz2:0.6766161918640137:0.0702961:0.6700000000000159
> 0:False:8,10:8178,896,0
> 1:True:8,8:8178,896,0
> 2:True:8,8:8178,896,0
> 3:False:8,12:8178,896,0
> 4:True:8,8:8178,896,0
> 5:False:9,11:8178,896,0
rovers-suboptimal/10/rovers_p01_hyp-3_10_2.tar.bz2:0.6846537590026855:0.0741452:0.6800000000000068
> 0:True:8,9:8178,896,0
> 1:True:8,9:8178,896,0
> 2:True:8,9:8178,896,0
> 3:False:8,12:8178,896,0
> 4:True:8,9:8178,896,0
> 5:False:9,13:8178,896,0
rovers-suboptimal/10/rovers_p01_hyp-3_10_3.tar.bz2:0.7007899284362793:0.0779974:0.6999999999999886
> 0:False:8,10:8178,896,0
> 1:False:8,10:8178,896,0
> 2:True:8,8:8178,896,0
> 3:False:8,10:8178,896,0
> 4:False:8,11:8178,896,0
> 5:False:9,14:8178,896,0
rovers-suboptimal/10/rovers_p01_hyp-4_10_1.tar.bz2:0.6859793663024902:0.06916367:0.6800000000000068
> 0:True:8,8:8177,893,0
> 1:True:8,8:8177,893,0
> 2:True:8,8:8177,893,0
> 3:True:8,8:8177,893,0
> 4:False:8,9:8177,893,0
> 5:False:9,10:8177,893,0
rovers-suboptimal/10/rovers_p01_hyp-4_10_2.tar.bz2:0.6927416324615479:0.07869119999999999:0.6900000000000546
> 0:True:8,8:8177,893,0
> 1:True:8,8:8177,893,0
> 2:True:8,8:8177,893,0
> 3:True:8,8:8177,893,0
> 4:False:8,9:8177,893,0
> 5:False:9,10:8177,893,0
rovers-suboptimal/10/rovers_p01_hyp-4_10_3.tar.bz2:0.7023029327392578:0.07458759999999999:0.6999999999999886
> 0:False:8,9:8177,893,0
> 1:False:8,9:8177,893,0
> 2:False:8,9:8177,893,0
> 3:True:8,8:8177,893,0
> 4:False:8,9:8177,893,0
> 5:True:9,9:8177,893,0
rovers-suboptimal/10/rovers_p02_hyp-1_10_1.tar.bz2:0.8477029800415039:0.1471529:0.8500000000000227
> 0:True:10,10:16054,1475,0
> 1:False:12,14:16054,1475,0
> 2:True:11,11:16054,1475,0
> 3:True:11,11:16054,1475,0
> 4:False:12,15:16054,1475,0
> 5:False:11,14:16054,1475,0
rovers-suboptimal/10/rovers_p02_hyp-1_10_2.tar.bz2:0.8452022075653076:0.14715620000000001:0.839999999999975
> 0:True:10,10:16054,1475,0
> 1:False:12,16:16054,1475,0
> 2:True:11,11:16054,1475,0
> 3:False:11,13:16054,1475,0
> 4:False:12,16:16054,1475,0
> 5:False:11,13:16054,1475,0
rovers-suboptimal/10/rovers_p02_hyp-1_10_3.tar.bz2:0.8494963645935059:0.1537744:0.8500000000000227
> 0:True:10,10:16054,1475,0
> 1:False:12,14:16054,1475,0
> 2:False:11,13:16054,1475,0
> 3:False:11,13:16054,1475,0
> 4:False:12,14:16054,1475,0
> 5:True:11,11:16054,1475,0
rovers-suboptimal/10/rovers_p02_hyp-2_10_1.tar.bz2:0.8707404136657715:0.1462903:0.8700000000000045
> 0:False:10,14:16054,1475,0
> 1:True:12,13:16054,1475,0
> 2:False:11,15:16054,1475,0
> 3:False:11,13:16054,1475,0
> 4:False:12,14:16054,1475,0
> 5:False:11,15:16054,1475,0
rovers-suboptimal/10/rovers_p02_hyp-2_10_2.tar.bz2:0.8719851970672607:0.1455647:0.8700000000000045
> 0:False:10,12:16054,1475,0
> 1:True:12,12:16054,1475,0
> 2:False:11,13:16054,1475,0
> 3:False:11,12:16054,1475,0
> 4:True:12,12:16054,1475,0
> 5:False:11,13:16054,1475,0
rovers-suboptimal/10/rovers_p02_hyp-2_10_3.tar.bz2:0.8361697196960449:0.1452521:0.839999999999975
> 0:False:10,11:16054,1475,0
> 1:True:12,12:16054,1475,0
> 2:False:11,12:16054,1475,0
> 3:True:11,11:16054,1475,0
> 4:False:12,13:16054,1475,0
> 5:False:11,12:16054,1475,0
rovers-suboptimal/10/rovers_p02_hyp-3_10_1.tar.bz2:0.8385195732116699:0.1505424:0.8400000000000318
> 0:False:10,13:16054,1475,0
> 1:False:12,15:16054,1475,0
> 2:True:11,11:16054,1475,0
> 3:False:11,14:16054,1475,0
> 4:True:12,12:16054,1475,0
> 5:True:11,11:16054,1475,0
rovers-suboptimal/10/rovers_p02_hyp-3_10_2.tar.bz2:0.8435924053192139:0.1387962:0.8299999999999841
> 0:False:10,11:16054,1475,0
> 1:False:12,13:16054,1475,0
> 2:True:11,11:16054,1475,0
> 3:False:11,12:16054,1475,0
> 4:True:12,12:16054,1475,0
> 5:True:11,11:16054,1475,0
rovers-suboptimal/10/rovers_p02_hyp-3_10_3.tar.bz2:0.8471670150756836:0.1470185:0.8500000000000227
> 0:False:10,13:16054,1475,0
> 1:False:12,15:16054,1475,0
> 2:True:11,13:16054,1475,0
> 3:False:11,14:16054,1475,0
> 4:True:12,14:16054,1475,0
> 5:True:11,13:16054,1475,0
rovers-suboptimal/10/rovers_p02_hyp-4_10_1.tar.bz2:0.852902889251709:0.15078239999999998:0.8600000000000136
> 0:False:10,14:16054,1475,0
> 1:True:12,12:16054,1475,0
> 2:False:11,15:16054,1475,0
> 3:True:11,11:16054,1475,0
> 4:False:12,15:16054,1475,0
> 5:False:11,15:16054,1475,0
rovers-suboptimal/10/rovers_p02_hyp-4_10_2.tar.bz2:0.8663158416748047:0.16832819999999998:0.8700000000000045
> 0:True:10,12:16054,1475,1
> 1:True:12,14:16054,1475,1
> 2:True:11,13:16054,1475,1
> 3:True:11,13:16054,1475,1
> 4:True:12,14:16054,1475,1
> 5:True:11,13:16054,1475,1
rovers-suboptimal/10/rovers_p02_hyp-4_10_3.tar.bz2:0.8301205635070801:0.141926:0.839999999999975
> 0:False:10,12:16054,1475,0
> 1:True:12,13:16054,1475,0
> 2:False:11,13:16054,1475,0
> 3:True:11,12:16054,1475,0
> 4:False:12,14:16054,1475,0
> 5:False:11,13:16054,1475,0
rovers-suboptimal/10/rovers_p03_hyp-1_10_1.tar.bz2:0.8376672267913818:0.1449109:0.839999999999975
> 0:True:10,10:16054,1475,0
> 1:True:11,11:16054,1475,0
> 2:False:12,13:16054,1475,0
> 3:True:10,10:16054,1475,0
> 4:True:11,11:16054,1475,0
> 5:False:12,13:16054,1475,0
rovers-suboptimal/10/rovers_p03_hyp-1_10_2.tar.bz2:0.85793137550354:0.1619733:0.8600000000000136
> 0:True:10,10:16054,1475,1
> 1:True:11,11:16054,1475,1
> 2:False:12,14:16054,1475,1
> 3:True:10,10:16054,1475,1
> 4:True:11,11:16054,1475,1
> 5:False:12,14:16054,1475,1
rovers-suboptimal/10/rovers_p03_hyp-1_10_3.tar.bz2:0.823887825012207:0.1396302:0.8300000000000409
> 0:True:10,10:16054,1475,0
> 1:False:11,12:16054,1475,0
> 2:False:12,15:16054,1475,0
> 3:True:10,10:16054,1475,0
> 4:False:11,12:16054,1475,0
> 5:False:12,15:16054,1475,0
rovers-suboptimal/10/rovers_p03_hyp-2_10_1.tar.bz2:0.8430109024047852:0.157573:0.839999999999975
> 0:False:10,12:16054,1475,0
> 1:True:11,12:16054,1475,0
> 2:True:12,13:16054,1475,0
> 3:False:10,12:16054,1475,0
> 4:False:11,13:16054,1475,0
> 5:False:12,14:16054,1475,0
rovers-suboptimal/10/rovers_p03_hyp-2_10_2.tar.bz2:0.8368332386016846:0.1492715:0.8299999999999841
> 0:False:10,13:16054,1475,0
> 1:True:11,11:16054,1475,0
> 2:False:12,13:16054,1475,0
> 3:False:10,13:16054,1475,0
> 4:False:11,14:16054,1475,0
> 5:False:12,16:16054,1475,0
rovers-suboptimal/10/rovers_p03_hyp-2_10_3.tar.bz2:0.8340568542480469:0.1416198:0.8299999999999841
> 0:False:10,14:16054,1475,0
> 1:True:11,11:16054,1475,0
> 2:True:12,12:16054,1475,0
> 3:False:10,12:16054,1475,0
> 4:False:11,15:16054,1475,0
> 5:False:12,16:16054,1475,0
rovers-suboptimal/10/rovers_p03_hyp-3_10_1.tar.bz2:0.8660058975219727:0.1476527:0.8600000000000136
> 0:False:10,13:16054,1475,0
> 1:False:11,14:16054,1475,0
> 2:True:12,13:16054,1475,0
> 3:False:10,12:16054,1475,0
> 4:False:11,14:16054,1475,0
> 5:False:12,14:16054,1475,0
rovers-suboptimal/10/rovers_p03_hyp-3_10_2.tar.bz2:0.8456470966339111:0.15121769999999998:0.8400000000000318
> 0:False:10,13:16054,1475,0
> 1:True:11,11:16054,1475,0
> 2:True:12,12:16054,1475,0
> 3:False:10,13:16054,1475,0
> 4:False:11,14:16054,1475,0
> 5:False:12,15:16054,1475,0
rovers-suboptimal/10/rovers_p03_hyp-3_10_3.tar.bz2:0.8455245494842529:0.13536979999999998:0.8500000000000227
> 0:False:10,11:16054,1475,0
> 1:True:11,11:16054,1475,0
> 2:True:12,12:16054,1475,0
> 3:False:10,11:16054,1475,0
> 4:False:11,12:16054,1475,0
> 5:False:12,13:16054,1475,0
rovers-suboptimal/10/rovers_p03_hyp-4_10_1.tar.bz2:0.8307244777679443:0.1370934:0.8299999999999272
> 0:False:10,11:16054,1475,0
> 1:False:11,12:16054,1475,0
> 2:True:12,12:16054,1475,0
> 3:True:10,10:16054,1475,0
> 4:False:11,12:16054,1475,0
> 5:False:12,13:16054,1475,0
rovers-suboptimal/10/rovers_p03_hyp-4_10_2.tar.bz2:0.8489582538604736:0.15492:0.8400000000000318
> 0:False:10,11:16054,1475,0
> 1:False:11,13:16054,1475,0
> 2:False:12,13:16054,1475,0
> 3:True:10,10:16054,1475,0
> 4:False:11,13:16054,1475,0
> 5:False:12,14:16054,1475,0
rovers-suboptimal/10/rovers_p03_hyp-4_10_3.tar.bz2:0.8629531860351562:0.1582899:0.8600000000000136
> 0:False:10,12:16054,1475,0
> 1:False:11,15:16054,1475,0
> 2:False:12,14:16054,1475,0
> 3:True:10,10:16054,1475,0
> 4:False:11,15:16054,1475,0
> 5:False:12,16:16054,1475,0
rovers-suboptimal/30/rovers_p01_hyp-1_30_1.tar.bz2:0.6636865139007568:0.06950053:0.6599999999999682
> 0:True:8,8:8179,899,0
> 1:False:8,10:8179,899,0
> 2:False:8,10:8179,899,0
> 3:False:8,13:8179,899,0
> 4:False:8,11:8179,899,0
> 5:False:9,15:8179,899,0
rovers-suboptimal/30/rovers_p01_hyp-1_30_2.tar.bz2:0.6845722198486328:0.0694132:0.6800000000000068
> 0:True:8,8:8179,899,0
> 1:False:8,11:8179,899,0
> 2:False:8,11:8179,899,0
> 3:False:8,13:8179,899,0
> 4:False:8,12:8179,899,0
> 5:False:9,16:8179,899,0
rovers-suboptimal/30/rovers_p01_hyp-1_30_3.tar.bz2:0.6810092926025391:0.07334979999999999:0.67999999999995
> 0:True:8,8:8179,899,0
> 1:False:8,11:8179,899,0
> 2:False:8,11:8179,899,0
> 3:False:8,10:8179,899,0
> 4:False:8,12:8179,899,0
> 5:False:9,14:8179,899,0
rovers-suboptimal/30/rovers_p01_hyp-2_30_1.tar.bz2:0.6958127021789551:0.0706483:0.6900000000000546
> 0:False:8,12:8180,902,0
> 1:True:8,9:8180,902,0
> 2:False:8,10:8180,902,0
> 3:False:8,15:8180,902,0
> 4:False:8,11:8180,902,0
> 5:False:9,15:8180,902,0
rovers-suboptimal/30/rovers_p01_hyp-2_30_2.tar.bz2:0.7150211334228516:0.07830265:0.7200000000000273
> 0:False:8,11:8180,902,0
> 1:True:8,9:8180,902,0
> 2:False:8,11:8180,902,0
> 3:False:8,13:8180,902,0
> 4:False:8,12:8180,902,0
> 5:False:9,15:8180,902,0
rovers-suboptimal/30/rovers_p01_hyp-2_30_3.tar.bz2:0.687319278717041:0.07499349:0.67999999999995
> 0:False:8,10:8180,902,0
> 1:True:8,8:8180,902,0
> 2:True:8,8:8180,902,0
> 3:False:8,13:8180,902,0
> 4:False:8,9:8180,902,0
> 5:False:9,13:8180,902,0
rovers-suboptimal/30/rovers_p01_hyp-3_30_1.tar.bz2:0.6944267749786377:0.0747097:0.6899999999999409
> 0:False:8,10:8180,902,0
> 1:False:8,10:8180,902,0
> 2:True:8,9:8180,902,0
> 3:False:8,12:8180,902,0
> 4:False:8,11:8180,902,0
> 5:False:9,15:8180,902,0
rovers-suboptimal/30/rovers_p01_hyp-3_30_2.tar.bz2:0.6983258724212646:0.0788843:0.7000000000000455
> 0:False:8,11:8180,902,0
> 1:True:8,9:8180,902,0
> 2:True:8,9:8180,902,0
> 3:False:8,13:8180,902,0
> 4:True:8,9:8180,902,0
> 5:False:9,12:8180,902,0
rovers-suboptimal/30/rovers_p01_hyp-3_30_3.tar.bz2:0.6954190731048584:0.0760477:0.6999999999999886
> 0:False:8,12:8180,902,1
> 1:False:8,11:8180,902,0
> 2:True:8,9:8180,902,0
> 3:False:8,10:8180,902,0
> 4:False:8,12:8180,902,0
> 5:False:9,14:8180,902,0
rovers-suboptimal/30/rovers_p01_hyp-4_30_1.tar.bz2:0.6847643852233887:0.0732459:0.6800000000000068
> 0:False:8,11:8179,899,0
> 1:False:8,11:8179,899,0
> 2:False:8,11:8179,899,0
> 3:True:8,8:8179,899,0
> 4:False:8,11:8179,899,0
> 5:True:9,9:8179,899,0
rovers-suboptimal/30/rovers_p01_hyp-4_30_2.tar.bz2:0.6880242824554443:0.0780316:0.6899999999999977
> 0:False:8,9:8179,899,0
> 1:False:8,11:8179,899,0
> 2:False:8,11:8179,899,0
> 3:True:8,8:8179,899,0
> 4:False:8,12:8179,899,0
> 5:False:9,12:8179,899,0
rovers-suboptimal/30/rovers_p01_hyp-4_30_3.tar.bz2:0.7029931545257568:0.07367621:0.7000000000000455
> 0:False:8,11:8179,899,0
> 1:False:8,11:8179,899,0
> 2:False:8,11:8179,899,0
> 3:True:8,8:8179,899,0
> 4:False:8,11:8179,899,0
> 5:True:9,9:8179,899,0
rovers-suboptimal/30/rovers_p02_hyp-1_30_1.tar.bz2:0.8694238662719727:0.15912520000000002:0.8600000000000136
> 0:True:10,11:16056,1481,0
> 1:False:12,15:16056,1481,0
> 2:True:11,12:16056,1481,0
> 3:True:11,12:16056,1481,0
> 4:False:12,17:16056,1481,0
> 5:False:11,16:16056,1481,0
rovers-suboptimal/30/rovers_p02_hyp-1_30_2.tar.bz2:0.8402159214019775:0.1368909:0.839999999999975
> 0:True:10,11:16056,1481,0
> 1:False:12,14:16056,1481,0
> 2:True:11,12:16056,1481,0
> 3:True:11,12:16056,1481,0
> 4:False:12,15:16056,1481,0
> 5:False:11,14:16056,1481,0
rovers-suboptimal/30/rovers_p02_hyp-1_30_3.tar.bz2:0.8620889186859131:0.14530990000000002:0.8700000000000045
> 0:True:10,11:16056,1481,0
> 1:False:12,17:16056,1481,0
> 2:True:11,12:16056,1481,0
> 3:False:11,14:16056,1481,0
> 4:False:12,19:16056,1481,0
> 5:False:11,16:16056,1481,0
rovers-suboptimal/30/rovers_p02_hyp-2_30_1.tar.bz2:0.837914228439331:0.1437163:0.8299999999999841
> 0:False:10,16:16057,1484,0
> 1:True:12,14:16057,1484,0
> 2:False:11,17:16057,1484,0
> 3:False:11,15:16057,1484,0
> 4:False:12,18:16057,1484,0
> 5:False:11,19:16057,1484,0
rovers-suboptimal/30/rovers_p02_hyp-2_30_2.tar.bz2:0.8445501327514648:0.142717:0.8500000000000227
> 0:False:10,19:16058,1487,0
> 1:True:12,14:16058,1487,0
> 2:False:11,20:16058,1487,0
> 3:False:11,15:16058,1487,0
> 4:False:12,18:16058,1487,0
> 5:False:11,21:16058,1487,0
rovers-suboptimal/30/rovers_p02_hyp-2_30_3.tar.bz2:0.850553035736084:0.1454718:0.8499999999999659
> 0:False:10,14:16057,1484,0
> 1:True:12,14:16057,1484,0
> 2:False:11,15:16057,1484,0
> 3:False:11,14:16057,1484,0
> 4:False:12,16:16057,1484,0
> 5:False:11,16:16057,1484,0
rovers-suboptimal/30/rovers_p02_hyp-3_30_1.tar.bz2:0.8457300662994385:0.1408142:0.8500000000000227
> 0:False:10,13:16058,1487,0
> 1:False:12,19:16058,1487,0
> 2:True:11,13:16058,1487,0
> 3:False:11,16:16058,1487,0
> 4:False:12,20:16058,1487,0
> 5:False:11,17:16058,1487,0
rovers-suboptimal/30/rovers_p02_hyp-3_30_2.tar.bz2:0.852435827255249:0.1427931:0.8499999999999659
> 0:False:10,13:16057,1484,0
> 1:False:12,15:16057,1484,0
> 2:True:11,13:16057,1484,0
> 3:False:11,14:16057,1484,0
> 4:False:12,16:16057,1484,0
> 5:False:11,15:16057,1484,0
rovers-suboptimal/30/rovers_p02_hyp-3_30_3.tar.bz2:0.8492705821990967:0.1458991:0.8500000000000227
> 0:False:10,13:16058,1487,0
> 1:False:12,18:16058,1487,0
> 2:True:11,12:16058,1487,0
> 3:False:11,15:16058,1487,0
> 4:False:12,16:16058,1487,0
> 5:False:11,14:16058,1487,0
rovers-suboptimal/30/rovers_p02_hyp-4_30_1.tar.bz2:0.8525409698486328:0.1485096:0.8499999999999659
> 0:False:10,13:16057,1484,0
> 1:True:12,14:16057,1484,0
> 2:False:11,14:16057,1484,0
> 3:True:11,13:16057,1484,0
> 4:False:12,16:16057,1484,0
> 5:False:11,15:16057,1484,0
rovers-suboptimal/30/rovers_p02_hyp-4_30_2.tar.bz2:0.8337216377258301:0.143525:0.8300000000000409
> 0:False:10,16:16057,1484,1
> 1:True:12,15:16057,1484,1
> 2:False:11,17:16057,1484,1
> 3:True:11,14:16057,1484,1
> 4:False:12,18:16057,1484,1
> 5:False:11,19:16057,1484,1
rovers-suboptimal/30/rovers_p02_hyp-4_30_3.tar.bz2:0.8506193161010742:0.1490124:0.839999999999975
> 0:False:10,15:16057,1484,0
> 1:True:12,14:16057,1484,0
> 2:False:11,16:16057,1484,0
> 3:True:11,13:16057,1484,0
> 4:False:12,17:16057,1484,0
> 5:False:11,16:16057,1484,0
rovers-suboptimal/30/rovers_p03_hyp-1_30_1.tar.bz2:0.8252699375152588:0.13409269999999998:0.8299999999999841
> 0:True:10,10:16056,1481,0
> 1:False:11,14:16056,1481,0
> 2:False:12,15:16056,1481,0
> 3:False:10,13:16056,1481,0
> 4:False:11,13:16056,1481,0
> 5:False:12,13:16056,1481,0
rovers-suboptimal/30/rovers_p03_hyp-1_30_2.tar.bz2:0.85410475730896:0.14192760000000001:0.8600000000000136
> 0:True:10,10:16056,1481,0
> 1:False:11,13:16056,1481,0
> 2:False:12,14:16056,1481,0
> 3:False:10,11:16056,1481,0
> 4:False:11,12:16056,1481,0
> 5:False:12,14:16056,1481,0
rovers-suboptimal/30/rovers_p03_hyp-1_30_3.tar.bz2:0.8575513362884521:0.14431380000000002:0.8500000000000227
> 0:True:10,10:16056,1481,0
> 1:False:11,17:16056,1481,0
> 2:False:12,18:16056,1481,0
> 3:False:10,14:16056,1481,0
> 4:False:11,15:16056,1481,0
> 5:False:12,16:16056,1481,0
rovers-suboptimal/30/rovers_p03_hyp-2_30_1.tar.bz2:0.8353474140167236:0.1391837:0.8299999999999841
> 0:False:10,16:16057,1484,0
> 1:True:11,12:16057,1484,0
> 2:False:12,17:16057,1484,0
> 3:False:10,14:16057,1484,0
> 4:False:11,15:16057,1484,0
> 5:False:12,20:16057,1484,0
rovers-suboptimal/30/rovers_p03_hyp-2_30_2.tar.bz2:0.8479158878326416:0.1465064:0.8600000000000705
> 0:False:10,16:16057,1484,0
> 1:True:11,13:16057,1484,0
> 2:False:12,16:16057,1484,0
> 3:False:10,15:16057,1484,0
> 4:False:11,15:16057,1484,0
> 5:False:12,18:16057,1484,0
rovers-suboptimal/30/rovers_p03_hyp-2_30_3.tar.bz2:0.850532054901123:0.1386017:0.839999999999975
> 0:False:10,15:16057,1484,0
> 1:True:11,12:16057,1484,0
> 2:False:12,16:16057,1484,0
> 3:False:10,15:16057,1484,0
> 4:False:11,15:16057,1484,0
> 5:False:12,19:16057,1484,0
rovers-suboptimal/30/rovers_p03_hyp-3_30_1.tar.bz2:0.8489501476287842:0.1422394:0.8499999999999659
> 0:False:10,16:16058,1487,1
> 1:False:11,14:16058,1487,1
> 2:True:12,14:16058,1487,1
> 3:False:10,14:16058,1487,1
> 4:False:11,17:16058,1487,1
> 5:False:12,17:16058,1487,1
rovers-suboptimal/30/rovers_p03_hyp-3_30_2.tar.bz2:0.8613157272338867:0.1392574:0.8599999999999568
> 0:False:10,17:16058,1487,0
> 1:False:11,16:16058,1487,0
> 2:True:12,14:16058,1487,0
> 3:False:10,16:16058,1487,0
> 4:False:11,18:16058,1487,0
> 5:False:12,16:16058,1487,0
rovers-suboptimal/30/rovers_p03_hyp-3_30_3.tar.bz2:0.8440651893615723:0.1438006:0.8400000000000318
> 0:False:10,18:16058,1487,0
> 1:False:11,14:16058,1487,0
> 2:True:12,13:16058,1487,0
> 3:False:10,15:16058,1487,0
> 4:False:11,19:16058,1487,0
> 5:False:12,19:16058,1487,0
rovers-suboptimal/30/rovers_p03_hyp-4_30_1.tar.bz2:0.8299005031585693:0.1412494:0.8300000000000409
> 0:False:10,12:16056,1481,1
> 1:False:11,13:16056,1481,1
> 2:False:12,15:16056,1481,1
> 3:True:10,11:16056,1481,1
> 4:False:11,13:16056,1481,1
> 5:False:12,16:16056,1481,1
rovers-suboptimal/30/rovers_p03_hyp-4_30_2.tar.bz2:0.8422327041625977:0.14547939999999998:0.8299999999999841
> 0:False:10,14:16056,1481,1
> 1:False:11,15:16056,1481,1
> 2:True:12,14:16056,1481,1
> 3:True:10,12:16056,1481,1
> 4:False:11,15:16056,1481,1
> 5:False:12,16:16056,1481,1
rovers-suboptimal/30/rovers_p03_hyp-4_30_3.tar.bz2:0.8316752910614014:0.13976419999999998:0.8299999999999841
> 0:False:10,12:16056,1481,0
> 1:False:11,13:16056,1481,0
> 2:False:12,14:16056,1481,0
> 3:True:10,11:16056,1481,0
> 4:False:11,13:16056,1481,0
> 5:False:12,15:16056,1481,0
rovers-suboptimal/50/rovers_p01_hyp-1_50_1.tar.bz2:0.6887180805206299:0.08017919999999999:0.67999999999995
> 0:True:8,9:8181,905,0
> 1:False:8,10:8181,905,0
> 2:False:8,10:8181,905,0
> 3:False:8,12:8181,905,0
> 4:False:8,10:8181,905,0
> 5:False:9,14:8181,905,0
rovers-suboptimal/50/rovers_p01_hyp-1_50_2.tar.bz2:0.6813104152679443:0.0708744:0.6700000000000159
> 0:True:8,9:8181,905,0
> 1:False:8,11:8181,905,0
> 2:False:8,11:8181,905,0
> 3:False:8,11:8181,905,0
> 4:False:8,12:8181,905,0
> 5:False:9,15:8181,905,0
rovers-suboptimal/50/rovers_p01_hyp-1_50_3.tar.bz2:0.6937882900238037:0.07315390000000001:0.6899999999999977
> 0:True:8,8:8181,905,0
> 1:False:8,11:8181,905,0
> 2:False:8,11:8181,905,0
> 3:False:8,13:8181,905,0
> 4:False:8,12:8181,905,0
> 5:False:9,16:8181,905,0
rovers-suboptimal/50/rovers_p01_hyp-2_50_1.tar.bz2:0.6910459995269775:0.07255249:0.6900000000000546
> 0:False:8,14:8182,908,0
> 1:True:8,10:8182,908,0
> 2:False:8,12:8182,908,0
> 3:False:8,15:8182,908,0
> 4:False:8,13:8182,908,0
> 5:False:9,15:8182,908,0
rovers-suboptimal/50/rovers_p01_hyp-2_50_2.tar.bz2:0.7029507160186768:0.0676852:0.6999999999999886
> 0:False:8,13:8182,908,1
> 1:True:8,10:8182,908,1
> 2:False:8,11:8182,908,1
> 3:False:8,16:8182,908,1
> 4:False:8,12:8182,908,1
> 5:False:9,16:8182,908,1
rovers-suboptimal/50/rovers_p01_hyp-2_50_3.tar.bz2:0.6918318271636963:0.07543667:0.6999999999999886
> 0:False:8,10:8182,908,0
> 1:True:8,8:8182,908,0
> 2:False:8,9:8182,908,0
> 3:False:8,13:8182,908,0
> 4:False:8,10:8182,908,0
> 5:False:9,14:8182,908,0
rovers-suboptimal/50/rovers_p01_hyp-3_50_1.tar.bz2:0.6928524971008301:0.0801674:0.6999999999999886
> 0:False:8,13:8182,908,1
> 1:True:8,11:8182,908,1
> 2:True:8,11:8182,908,1
> 3:False:8,16:8182,908,1
> 4:False:8,12:8182,908,1
> 5:False:9,16:8182,908,1
rovers-suboptimal/50/rovers_p01_hyp-3_50_2.tar.bz2:0.6903862953186035:0.06845941999999999:0.6899999999999977
> 0:False:8,13:8181,905,0
> 1:False:8,11:8181,905,0
> 2:True:8,9:8181,905,0
> 3:False:8,13:8181,905,0
> 4:False:8,12:8181,905,0
> 5:False:9,15:8181,905,0
rovers-suboptimal/50/rovers_p01_hyp-3_50_3.tar.bz2:0.7039840221405029:0.0776183:0.7099999999999795
> 0:False:8,14:8182,908,0
> 1:False:8,12:8182,908,0
> 2:True:8,10:8182,908,0
> 3:False:8,13:8182,908,0
> 4:False:8,13:8182,908,0
> 5:False:9,15:8182,908,0
rovers-suboptimal/50/rovers_p01_hyp-4_50_1.tar.bz2:0.6674718856811523:0.0734114:0.6700000000000728
> 0:False:8,13:8181,905,0
> 1:False:8,15:8181,905,0
> 2:False:8,13:8181,905,0
> 3:True:8,8:8181,905,0
> 4:False:8,16:8181,905,0
> 5:False:9,14:8181,905,0
rovers-suboptimal/50/rovers_p01_hyp-4_50_2.tar.bz2:0.6833536624908447:0.07661269999999999:0.6800000000000068
> 0:False:8,13:8180,902,1
> 1:False:8,15:8180,902,1
> 2:False:8,14:8180,902,1
> 3:True:8,9:8180,902,1
> 4:False:8,16:8180,902,1
> 5:False:9,14:8180,902,1
rovers-suboptimal/50/rovers_p01_hyp-4_50_3.tar.bz2:0.6969707012176514:0.07959934:0.6899999999999977
> 0:False:8,12:8181,905,0
> 1:False:8,13:8181,905,0
> 2:False:8,11:8181,905,0
> 3:True:8,8:8181,905,0
> 4:False:8,14:8181,905,0
> 5:False:9,13:8181,905,0
rovers-suboptimal/50/rovers_p02_hyp-1_50_1.tar.bz2:0.8344709873199463:0.1409576:0.8300000000000409
> 0:True:10,12:16058,1487,0
> 1:False:12,18:16058,1487,0
> 2:False:11,14:16058,1487,0
> 3:False:11,15:16058,1487,0
> 4:False:12,18:16058,1487,0
> 5:False:11,15:16058,1487,0
rovers-suboptimal/50/rovers_p02_hyp-1_50_2.tar.bz2:0.8722939491271973:0.1503083:0.8699999999999477
> 0:True:10,11:16059,1490,0
> 1:False:12,18:16059,1490,0
> 2:False:11,13:16059,1490,0
> 3:False:11,15:16059,1490,0
> 4:False:12,18:16059,1490,0
> 5:False:11,14:16059,1490,0
rovers-suboptimal/50/rovers_p02_hyp-1_50_3.tar.bz2:0.8631832599639893:0.1463663:0.8599999999999568
> 0:True:10,12:16059,1490,0
> 1:False:12,16:16059,1490,0
> 2:True:11,13:16059,1490,0
> 3:False:11,14:16059,1490,0
> 4:False:12,18:16059,1490,0
> 5:False:11,16:16059,1490,0
rovers-suboptimal/50/rovers_p02_hyp-2_50_1.tar.bz2:0.8491156101226807:0.1431577:0.8500000000000227
> 0:False:10,18:16060,1493,1
> 1:True:12,14:16060,1493,1
> 2:False:11,19:16060,1493,1
> 3:False:11,15:16060,1493,1
> 4:False:12,19:16060,1493,1
> 5:False:11,21:16060,1493,1
rovers-suboptimal/50/rovers_p02_hyp-2_50_2.tar.bz2:0.8368170261383057:0.1432255:0.8299999999999841
> 0:False:10,17:16060,1493,1
> 1:True:12,13:16060,1493,1
> 2:False:11,18:16060,1493,1
> 3:False:11,15:16060,1493,1
> 4:False:12,18:16060,1493,1
> 5:False:11,20:16060,1493,1
rovers-suboptimal/50/rovers_p02_hyp-2_50_3.tar.bz2:0.8760125637054443:0.14895770000000003:0.8700000000000045
> 0:False:10,18:16060,1493,0
> 1:True:12,15:16060,1493,0
> 2:False:11,19:16060,1493,0
> 3:False:11,15:16060,1493,0
> 4:False:12,20:16060,1493,0
> 5:False:11,21:16060,1493,0
rovers-suboptimal/50/rovers_p02_hyp-3_50_1.tar.bz2:0.8337945938110352:0.1428853:0.8299999999999841
> 0:False:10,15:16060,1493,1
> 1:False:12,19:16060,1493,1
> 2:True:11,14:16060,1493,1
> 3:False:11,18:16060,1493,1
> 4:False:12,19:16060,1493,1
> 5:False:11,16:16060,1493,1
rovers-suboptimal/50/rovers_p02_hyp-3_50_2.tar.bz2:0.8576641082763672:0.14651579999999997:0.8599999999999568
> 0:False:10,17:16060,1493,1
> 1:False:12,19:16060,1493,1
> 2:True:11,15:16060,1493,1
> 3:False:11,18:16060,1493,1
> 4:False:12,17:16060,1493,1
> 5:False:11,16:16060,1493,1
rovers-suboptimal/50/rovers_p02_hyp-3_50_3.tar.bz2:0.841022253036499:0.1389869:0.8400000000000318
> 0:False:10,16:16060,1493,1
> 1:False:12,21:16060,1493,1
> 2:True:11,15:16060,1493,1
> 3:False:11,19:16060,1493,1
> 4:False:12,21:16060,1493,1
> 5:False:11,18:16060,1493,1
rovers-suboptimal/50/rovers_p02_hyp-4_50_1.tar.bz2:0.8321738243103027:0.1381724:0.8299999999999841
> 0:False:10,16:16060,1493,0
> 1:True:12,14:16060,1493,0
> 2:False:11,17:16060,1493,0
> 3:True:11,13:16060,1493,0
> 4:False:12,17:16060,1493,0
> 5:False:11,18:16060,1493,0
rovers-suboptimal/50/rovers_p02_hyp-4_50_2.tar.bz2:0.8649125099182129:0.1529984:0.8599999999999568
> 0:False:10,15:16060,1493,0
> 1:False:12,15:16060,1493,0
> 2:False:11,16:16060,1493,0
> 3:True:11,12:16060,1493,0
> 4:False:12,17:16060,1493,0
> 5:False:11,18:16060,1493,0
rovers-suboptimal/50/rovers_p02_hyp-4_50_3.tar.bz2:0.8501160144805908:0.1558304:0.8600000000000136
> 0:False:10,15:16059,1490,0
> 1:False:12,15:16059,1490,0
> 2:False:11,16:16059,1490,0
> 3:True:11,13:16059,1490,0
> 4:False:12,18:16059,1490,0
> 5:False:11,17:16059,1490,0
rovers-suboptimal/50/rovers_p03_hyp-1_50_1.tar.bz2:0.8262760639190674:0.13605029999999999:0.8299999999999841
> 0:True:10,11:16058,1487,2
> 1:False:11,16:16058,1487,2
> 2:False:12,19:16058,1487,2
> 3:False:10,13:16058,1487,2
> 4:False:11,14:16058,1487,2
> 5:False:12,19:16058,1487,2
rovers-suboptimal/50/rovers_p03_hyp-1_50_2.tar.bz2:0.8364434242248535:0.14159549999999999:0.8300000000000409
> 0:True:10,12:16058,1487,1
> 1:False:11,15:16058,1487,1
> 2:False:12,18:16058,1487,1
> 3:True:10,12:16058,1487,1
> 4:False:11,15:16058,1487,1
> 5:False:12,18:16058,1487,1
rovers-suboptimal/50/rovers_p03_hyp-1_50_3.tar.bz2:0.8782460689544678:0.151221:0.8700000000000045
> 0:True:10,12:16059,1490,1
> 1:False:11,16:16059,1490,1
> 2:False:12,18:16059,1490,1
> 3:False:10,13:16059,1490,1
> 4:False:11,15:16059,1490,1
> 5:False:12,18:16059,1490,1
rovers-suboptimal/50/rovers_p03_hyp-2_50_1.tar.bz2:0.8466014862060547:0.1380423:0.849999999999909
> 0:False:10,17:16059,1490,0
> 1:True:11,13:16059,1490,0
> 2:False:12,18:16059,1490,0
> 3:False:10,17:16059,1490,0
> 4:False:11,16:16059,1490,0
> 5:False:12,21:16059,1490,0
rovers-suboptimal/50/rovers_p03_hyp-2_50_2.tar.bz2:0.8357534408569336:0.1399247:0.8300000000000409
> 0:False:10,18:16059,1490,0
> 1:True:11,14:16059,1490,0
> 2:False:12,17:16059,1490,0
> 3:False:10,17:16059,1490,0
> 4:False:11,17:16059,1490,0
> 5:False:12,20:16059,1490,0
rovers-suboptimal/50/rovers_p03_hyp-2_50_3.tar.bz2:0.8333404064178467:0.14404250000000002:0.8300000000000409
> 0:False:10,19:16059,1490,2
> 1:True:11,15:16059,1490,2
> 2:False:12,18:16059,1490,2
> 3:False:10,17:16059,1490,2
> 4:False:11,18:16059,1490,2
> 5:False:12,21:16059,1490,2
rovers-suboptimal/50/rovers_p03_hyp-3_50_1.tar.bz2:0.8346447944641113:0.1433364:0.8299999999999272
> 0:False:10,19:16060,1493,1
> 1:False:11,17:16060,1493,1
> 2:True:12,14:16060,1493,1
> 3:False:10,17:16060,1493,1
> 4:False:11,20:16060,1493,1
> 5:False:12,19:16060,1493,1
rovers-suboptimal/50/rovers_p03_hyp-3_50_2.tar.bz2:0.839287519454956:0.1417177:0.8400000000000318
> 0:False:10,19:16060,1493,0
> 1:False:11,17:16060,1493,0
> 2:True:12,14:16060,1493,0
> 3:False:10,16:16060,1493,0
> 4:False:11,20:16060,1493,0
> 5:False:12,18:16060,1493,0
rovers-suboptimal/50/rovers_p03_hyp-3_50_3.tar.bz2:0.8453645706176758:0.1411268:0.8500000000000227
> 0:False:10,21:16061,1496,1
> 1:False:11,17:16061,1496,1
> 2:True:12,15:16061,1496,1
> 3:False:10,17:16061,1496,1
> 4:False:11,22:16061,1496,1
> 5:False:12,22:16061,1496,1
rovers-suboptimal/50/rovers_p03_hyp-4_50_1.tar.bz2:0.8297173976898193:0.1337643:0.8299999999999841
> 0:False:10,15:16059,1490,0
> 1:False:11,16:16059,1490,0
> 2:False:12,17:16059,1490,0
> 3:True:10,12:16059,1490,0
> 4:False:11,17:16059,1490,0
> 5:False:12,20:16059,1490,0
rovers-suboptimal/50/rovers_p03_hyp-4_50_2.tar.bz2:0.851442813873291:0.14075929999999998:0.8500000000000227
> 0:False:10,16:16058,1487,0
> 1:False:11,16:16058,1487,0
> 2:False:12,15:16058,1487,0
> 3:True:10,12:16058,1487,0
> 4:False:11,18:16058,1487,0
> 5:False:12,19:16058,1487,0
rovers-suboptimal/50/rovers_p03_hyp-4_50_3.tar.bz2:0.8461394309997559:0.1477967:0.839999999999975
> 0:False:10,14:16059,1490,0
> 1:False:11,15:16059,1490,0
> 2:False:12,16:16059,1490,0
> 3:True:10,12:16059,1490,0
> 4:False:11,17:16059,1490,0
> 5:False:12,18:16059,1490,0
rovers-suboptimal/70/rovers_p01_hyp-1_70_1.tar.bz2:0.7053241729736328:0.07414079999999999:0.7100000000000364
> 0:True:8,10:8182,908,1
> 1:False:8,12:8182,908,1
> 2:False:8,12:8182,908,1
> 3:False:8,13:8182,908,1
> 4:False:8,12:8182,908,1
> 5:False:9,16:8182,908,1
rovers-suboptimal/70/rovers_p01_hyp-1_70_2.tar.bz2:0.7026042938232422:0.07949400000000001:0.7000000000000455
> 0:True:8,10:8183,911,1
> 1:False:8,13:8183,911,1
> 2:False:8,13:8183,911,1
> 3:False:8,14:8183,911,1
> 4:False:8,14:8183,911,1
> 5:False:9,18:8183,911,1
rovers-suboptimal/70/rovers_p01_hyp-1_70_3.tar.bz2:0.6915724277496338:0.0742025:0.6899999999999977
> 0:True:8,9:8183,911,0
> 1:False:8,13:8183,911,0
> 2:False:8,13:8183,911,0
> 3:False:8,13:8183,911,0
> 4:False:8,14:8183,911,0
> 5:False:9,17:8183,911,0
rovers-suboptimal/70/rovers_p01_hyp-2_70_1.tar.bz2:0.6853466033935547:0.0811035:0.6800000000000068
> 0:False:8,14:8184,914,1
> 1:True:8,11:8184,914,1
> 2:False:8,13:8184,914,1
> 3:False:8,16:8184,914,1
> 4:False:8,14:8184,914,1
> 5:False:9,17:8184,914,1
rovers-suboptimal/70/rovers_p01_hyp-2_70_2.tar.bz2:0.6812217235565186:0.07265135:0.6899999999999409
> 0:False:8,14:8183,911,1
> 1:True:8,10:8183,911,1
> 2:False:8,12:8183,911,1
> 3:False:8,17:8183,911,1
> 4:False:8,13:8183,911,1
> 5:False:9,17:8183,911,1
rovers-suboptimal/70/rovers_p01_hyp-2_70_3.tar.bz2:0.6998107433319092:0.0778424:0.7000000000000455
> 0:False:8,13:8184,914,1
> 1:True:8,11:8184,914,1
> 2:True:8,11:8184,914,1
> 3:False:8,16:8184,914,1
> 4:False:8,12:8184,914,1
> 5:False:9,16:8184,914,1
rovers-suboptimal/70/rovers_p01_hyp-3_70_1.tar.bz2:0.702603816986084:0.077144:0.6999999999999886
> 0:False:8,14:8184,914,0
> 1:False:8,12:8184,914,0
> 2:True:8,10:8184,914,0
> 3:False:8,15:8184,914,0
> 4:False:8,13:8184,914,0
> 5:False:9,17:8184,914,0
rovers-suboptimal/70/rovers_p01_hyp-3_70_2.tar.bz2:0.6896932125091553:0.07065697:0.6800000000000068
> 0:False:8,15:8183,911,1
> 1:False:8,13:8183,911,1
> 2:True:8,11:8183,911,1
> 3:False:8,14:8183,911,1
> 4:False:8,14:8183,911,1
> 5:False:9,16:8183,911,1
rovers-suboptimal/70/rovers_p01_hyp-3_70_3.tar.bz2:0.6944468021392822:0.07758055:0.6899999999999977
> 0:False:8,14:8183,911,1
> 1:False:8,13:8183,911,1
> 2:True:8,11:8183,911,1
> 3:False:8,13:8183,911,1
> 4:False:8,14:8183,911,1
> 5:False:9,16:8183,911,1
rovers-suboptimal/70/rovers_p01_hyp-4_70_1.tar.bz2:0.7005584239959717:0.0830132:0.6999999999999886
> 0:False:8,13:8183,911,0
> 1:False:8,15:8183,911,0
> 2:False:8,13:8183,911,0
> 3:True:8,8:8183,911,0
> 4:False:8,16:8183,911,0
> 5:False:9,14:8183,911,0
rovers-suboptimal/70/rovers_p01_hyp-4_70_2.tar.bz2:0.6834850311279297:0.07303656:0.6800000000000068
> 0:False:8,14:8183,911,1
> 1:False:8,15:8183,911,1
> 2:False:8,13:8183,911,1
> 3:True:8,10:8183,911,1
> 4:False:8,16:8183,911,1
> 5:False:9,15:8183,911,1
rovers-suboptimal/70/rovers_p01_hyp-4_70_3.tar.bz2:0.7055511474609375:0.0727825:0.7000000000000455
> 0:False:8,12:8183,911,0
> 1:False:8,14:8183,911,0
> 2:False:8,13:8183,911,0
> 3:True:8,8:8183,911,0
> 4:False:8,15:8183,911,0
> 5:False:9,13:8183,911,0
rovers-suboptimal/70/rovers_p02_hyp-1_70_1.tar.bz2:0.8389804363250732:0.1377287:0.8299999999999841
> 0:True:10,13:16061,1496,0
> 1:False:12,20:16061,1496,0
> 2:False:11,16:16061,1496,0
> 3:False:11,17:16061,1496,0
> 4:False:12,22:16061,1496,0
> 5:False:11,18:16061,1496,0
rovers-suboptimal/70/rovers_p02_hyp-1_70_2.tar.bz2:0.8255863189697266:0.1435707:0.82000000000005
> 0:True:10,13:16061,1496,0
> 1:False:12,19:16061,1496,0
> 2:True:11,14:16061,1496,0
> 3:False:11,16:16061,1496,0
> 4:False:12,21:16061,1496,0
> 5:False:11,18:16061,1496,0
rovers-suboptimal/70/rovers_p02_hyp-1_70_3.tar.bz2:0.8349659442901611:0.1372168:0.8299999999999841
> 0:True:10,12:16061,1496,0
> 1:False:12,19:16061,1496,0
> 2:False:11,14:16061,1496,0
> 3:False:11,16:16061,1496,0
> 4:False:12,21:16061,1496,0
> 5:False:11,17:16061,1496,0
rovers-suboptimal/70/rovers_p02_hyp-2_70_1.tar.bz2:0.8453717231750488:0.1485145:0.8500000000000227
> 0:False:10,21:16064,1505,1
> 1:True:12,15:16064,1505,1
> 2:False:11,22:16064,1505,1
> 3:False:11,17:16064,1505,1
> 4:False:12,20:16064,1505,1
> 5:False:11,24:16064,1505,1
rovers-suboptimal/70/rovers_p02_hyp-2_70_2.tar.bz2:0.8553857803344727:0.146002:0.8499999999999659
> 0:False:10,20:16063,1502,0
> 1:True:12,14:16063,1502,0
> 2:False:11,21:16063,1502,0
> 3:False:11,16:16063,1502,0
> 4:False:12,19:16063,1502,0
> 5:False:11,23:16063,1502,0
rovers-suboptimal/70/rovers_p02_hyp-2_70_3.tar.bz2:0.8429291248321533:0.14205800000000002:0.8500000000000227
> 0:False:10,19:16063,1502,1
> 1:True:12,15:16063,1502,1
> 2:False:11,20:16063,1502,1
> 3:False:11,17:16063,1502,1
> 4:False:12,19:16063,1502,1
> 5:False:11,22:16063,1502,1
rovers-suboptimal/70/rovers_p02_hyp-3_70_1.tar.bz2:0.8340935707092285:0.1364257:0.8300000000000409
> 0:False:10,15:16062,1499,1
> 1:False:12,20:16062,1499,1
> 2:True:11,15:16062,1499,1
> 3:False:11,17:16062,1499,1
> 4:False:12,21:16062,1499,1
> 5:False:11,19:16062,1499,1
rovers-suboptimal/70/rovers_p02_hyp-3_70_2.tar.bz2:0.8514094352722168:0.14000970000000001:0.8399999999999181
> 0:False:10,18:16062,1499,2
> 1:False:12,22:16062,1499,2
> 2:True:11,16:16062,1499,2
> 3:False:11,20:16062,1499,2
> 4:False:12,21:16062,1499,2
> 5:False:11,19:16062,1499,2
rovers-suboptimal/70/rovers_p02_hyp-3_70_3.tar.bz2:0.8344440460205078:0.14275190000000001:0.8299999999999272
> 0:False:10,17:16062,1499,1
> 1:False:12,21:16062,1499,1
> 2:True:11,15:16062,1499,1
> 3:False:11,20:16062,1499,1
> 4:False:12,20:16062,1499,1
> 5:False:11,17:16062,1499,1
rovers-suboptimal/70/rovers_p02_hyp-4_70_1.tar.bz2:0.85835862159729:0.1466053:0.8600000000000136
> 0:False:10,16:16063,1502,1
> 1:False:12,18:16063,1502,1
> 2:False:11,17:16063,1502,1
> 3:True:11,15:16063,1502,1
> 4:False:12,21:16063,1502,1
> 5:False:11,21:16063,1502,1
rovers-suboptimal/70/rovers_p02_hyp-4_70_2.tar.bz2:0.871675968170166:0.1516885:0.8599999999999568
> 0:False:10,19:16062,1499,1
> 1:False:12,19:16062,1499,1
> 2:False:11,20:16062,1499,1
> 3:True:11,16:16062,1499,1
> 4:False:12,24:16062,1499,1
> 5:False:11,24:16062,1499,1
rovers-suboptimal/70/rovers_p02_hyp-4_70_3.tar.bz2:0.8784818649291992:0.1466386:0.8800000000000523
> 0:False:10,18:16063,1502,0
> 1:False:12,17:16063,1502,0
> 2:False:11,19:16063,1502,0
> 3:True:11,14:16063,1502,0
> 4:False:12,21:16063,1502,0
> 5:False:11,22:16063,1502,0
rovers-suboptimal/70/rovers_p03_hyp-1_70_1.tar.bz2:0.8364965915679932:0.1319161:0.8299999999999841
> 0:True:10,12:16060,1493,2
> 1:False:11,17:16060,1493,2
> 2:False:12,20:16060,1493,2
> 3:False:10,16:16060,1493,2
> 4:False:11,15:16060,1493,2
> 5:False:12,18:16060,1493,2
rovers-suboptimal/70/rovers_p03_hyp-1_70_2.tar.bz2:0.8197405338287354:0.13374729999999999:0.8199999999999932
> 0:True:10,13:16060,1493,2
> 1:False:11,18:16060,1493,2
> 2:False:12,20:16060,1493,2
> 3:False:10,15:16060,1493,2
> 4:False:11,17:16060,1493,2
> 5:False:12,19:16060,1493,2
rovers-suboptimal/70/rovers_p03_hyp-1_70_3.tar.bz2:0.8365819454193115:0.1403806:0.8300000000000409
> 0:True:10,13:16060,1493,2
> 1:False:11,20:16060,1493,2
> 2:False:12,23:16060,1493,2
> 3:False:10,17:16060,1493,2
> 4:False:11,18:16060,1493,2
> 5:False:12,21:16060,1493,2
rovers-suboptimal/70/rovers_p03_hyp-2_70_1.tar.bz2:0.8260648250579834:0.1364642:0.8299999999999841
> 0:False:10,19:16062,1499,1
> 1:True:11,16:16062,1499,1
> 2:False:12,20:16062,1499,1
> 3:False:10,17:16062,1499,1
> 4:False:11,19:16062,1499,1
> 5:False:12,23:16062,1499,1
rovers-suboptimal/70/rovers_p03_hyp-2_70_2.tar.bz2:0.8342723846435547:0.1445339:0.8400000000000318
> 0:False:10,21:16063,1502,1
> 1:True:11,15:16063,1502,1
> 2:False:12,20:16063,1502,1
> 3:False:10,19:16063,1502,1
> 4:False:11,20:16063,1502,1
> 5:False:12,25:16063,1502,1
rovers-suboptimal/70/rovers_p03_hyp-2_70_3.tar.bz2:0.8538548946380615:0.1470283:0.8499999999999659
> 0:False:10,21:16064,1505,1
> 1:True:11,15:16064,1505,1
> 2:False:12,20:16064,1505,1
> 3:False:10,19:16064,1505,1
> 4:False:11,20:16064,1505,1
> 5:False:12,25:16064,1505,1
rovers-suboptimal/70/rovers_p03_hyp-3_70_1.tar.bz2:0.8390693664550781:0.1389434:0.839999999999975
> 0:False:10,22:16063,1502,2
> 1:False:11,19:16063,1502,2
> 2:True:12,17:16063,1502,2
> 3:False:10,21:16063,1502,2
> 4:False:11,23:16063,1502,2
> 5:False:12,21:16063,1502,2
rovers-suboptimal/70/rovers_p03_hyp-3_70_2.tar.bz2:0.8409266471862793:0.1408373:0.8500000000000796
> 0:False:10,23:16063,1502,2
> 1:False:11,19:16063,1502,2
> 2:True:12,17:16063,1502,2
> 3:False:10,21:16063,1502,2
> 4:False:11,24:16063,1502,2
> 5:False:12,22:16063,1502,2
rovers-suboptimal/70/rovers_p03_hyp-3_70_3.tar.bz2:0.8388223648071289:0.1366562:0.839999999999975
> 0:False:10,21:16063,1502,1
> 1:False:11,18:16063,1502,1
> 2:True:12,16:16063,1502,1
> 3:False:10,18:16063,1502,1
> 4:False:11,22:16063,1502,1
> 5:False:12,22:16063,1502,1
rovers-suboptimal/70/rovers_p03_hyp-4_70_1.tar.bz2:0.8645713329315186:0.1431696:0.8700000000000045
> 0:False:10,16:16062,1499,0
> 1:False:11,17:16062,1499,0
> 2:False:12,18:16062,1499,0
> 3:True:10,12:16062,1499,0
> 4:False:11,19:16062,1499,0
> 5:False:12,22:16062,1499,0
rovers-suboptimal/70/rovers_p03_hyp-4_70_2.tar.bz2:0.8367130756378174:0.13970719999999998:0.839999999999975
> 0:False:10,15:16061,1496,0
> 1:False:11,16:16061,1496,0
> 2:False:12,18:16061,1496,0
> 3:True:10,12:16061,1496,0
> 4:False:11,18:16061,1496,0
> 5:False:12,21:16061,1496,0
rovers-suboptimal/70/rovers_p03_hyp-4_70_3.tar.bz2:0.8516635894775391:0.1502371:0.8500000000000227
> 0:False:10,15:16062,1499,0
> 1:False:11,16:16062,1499,0
> 2:False:12,18:16062,1499,0
> 3:True:10,12:16062,1499,0
> 4:False:11,18:16062,1499,0
> 5:False:12,21:16062,1499,0
rovers-suboptimal/100/rovers_p01_hyp-1_full.tar.bz2:0.6862139701843262:0.07212948999999999:0.6800000000000068
> 0:True:8,10:8185,917,1
> 1:False:8,14:8185,917,1
> 2:False:8,14:8185,917,1
> 3:False:8,15:8185,917,1
> 4:False:8,15:8185,917,1
> 5:False:9,19:8185,917,1
rovers-suboptimal/100/rovers_p01_hyp-2_full.tar.bz2:0.7007174491882324:0.07533715:0.6899999999999977
> 0:False:8,15:8186,920,1
> 1:True:8,11:8186,920,1
> 2:False:8,13:8186,920,1
> 3:False:8,18:8186,920,1
> 4:False:8,14:8186,920,1
> 5:False:9,18:8186,920,1
rovers-suboptimal/100/rovers_p01_hyp-3_full.tar.bz2:0.6983931064605713:0.076637:0.6899999999999977
> 0:False:8,15:8186,920,1
> 1:False:8,13:8186,920,1
> 2:True:8,11:8186,920,1
> 3:False:8,16:8186,920,1
> 4:False:8,14:8186,920,1
> 5:False:9,18:8186,920,1
rovers-suboptimal/100/rovers_p01_hyp-4_full.tar.bz2:0.686279296875:0.0725557:0.6800000000000068
> 0:False:8,15:8185,917,1
> 1:False:8,17:8185,917,1
> 2:False:8,15:8185,917,1
> 3:True:8,10:8185,917,1
> 4:False:8,18:8185,917,1
> 5:False:9,16:8185,917,1
rovers-suboptimal/100/rovers_p02_hyp-1_full.tar.bz2:0.8411083221435547:0.1481216:0.8400000000000318
> 0:True:10,13:16064,1505,0
> 1:False:12,21:16064,1505,0
> 2:False:11,16:16064,1505,0
> 3:False:11,18:16064,1505,0
> 4:False:12,23:16064,1505,0
> 5:False:11,18:16064,1505,0
rovers-suboptimal/100/rovers_p02_hyp-2_full.tar.bz2:0.8328602313995361:0.14489:0.839999999999975
> 0:False:10,23:16067,1514,1
> 1:True:12,17:16067,1514,1
> 2:False:11,24:16067,1514,1
> 3:False:11,19:16067,1514,1
> 4:False:12,22:16067,1514,1
> 5:False:11,26:16067,1514,1
rovers-suboptimal/100/rovers_p02_hyp-3_full.tar.bz2:0.8573892116546631:0.1479601:0.8400000000000318
> 0:False:10,19:16066,1511,2
> 1:False:12,25:16066,1511,3
> 2:True:11,17:16066,1511,2
> 3:False:11,22:16066,1511,3
> 4:False:12,24:16066,1511,2
> 5:False:11,21:16066,1511,2
rovers-suboptimal/100/rovers_p02_hyp-4_full.tar.bz2:0.8446004390716553:0.14155810000000002:0.8500000000000227
> 0:False:10,20:16066,1511,1
> 1:False:12,19:16066,1511,1
> 2:False:11,21:16066,1511,1
> 3:True:11,16:16066,1511,1
> 4:False:12,24:16066,1511,1
> 5:False:11,25:16066,1511,1
rovers-suboptimal/100/rovers_p03_hyp-1_full.tar.bz2:0.8491940498352051:0.1406126:0.8499999999999659
> 0:True:10,13:16063,1502,2
> 1:False:11,20:16063,1502,2
> 2:False:12,23:16063,1502,2
> 3:False:10,17:16063,1502,2
> 4:False:11,18:16063,1502,2
> 5:False:12,21:16063,1502,2
rovers-suboptimal/100/rovers_p03_hyp-2_full.tar.bz2:0.8349545001983643:0.1403637:0.8400000000000318
> 0:False:10,22:16066,1511,1
> 1:True:11,16:16066,1511,1
> 2:False:12,21:16066,1511,1
> 3:False:10,20:16066,1511,1
> 4:False:11,21:16066,1511,1
> 5:False:12,26:16066,1511,1
rovers-suboptimal/100/rovers_p03_hyp-3_full.tar.bz2:0.8435542583465576:0.1414655:0.839999999999975
> 0:False:10,25:16067,1514,1
> 1:False:11,21:16067,1514,1
> 2:True:12,17:16067,1514,1
> 3:False:10,21:16067,1514,1
> 4:False:11,26:16067,1514,1
> 5:False:12,24:16067,1514,1
rovers-suboptimal/100/rovers_p03_hyp-4_full.tar.bz2:0.8504374027252197:0.14716630000000003:0.8399999999999181
> 0:False:10,17:16064,1505,0
> 1:False:11,18:16064,1505,0
> 2:False:12,19:16064,1505,0
> 3:True:10,13:16064,1505,0
> 4:False:11,20:16064,1505,0
> 5:False:12,23:16064,1505,0
