rovers-suboptimal-old-noisy/10/rovers_noisy_p01_hyp-1_10_1.tar.bz2:0.465451002121:0.00704568:0.47
> 0:True:8,8:87,64
> 1:False:9,12:87,64
> 2:False:9,12:87,64
> 3:False:8,11:87,64
> 4:False:9,12:87,64
> 5:False:10,13:87,65
rovers-suboptimal-old-noisy/10/rovers_noisy_p01_hyp-1_10_2.tar.bz2:0.464134931564:0.00735392:0.46
> 0:True:8,8:88,66
> 1:True:9,9:88,66
> 2:True:9,9:88,66
> 3:True:8,8:88,66
> 4:False:9,10:88,66
> 5:False:10,11:88,67
rovers-suboptimal-old-noisy/10/rovers_noisy_p01_hyp-1_10_3.tar.bz2:0.467133998871:0.00716201:0.48
> 0:True:8,8:88,64
> 1:True:9,9:88,64
> 2:True:9,9:88,64
> 3:False:8,10:88,64
> 4:True:9,9:88,64
> 5:True:10,10:88,65
rovers-suboptimal-old-noisy/10/rovers_noisy_p01_hyp-2_10_1.tar.bz2:0.461725950241:0.00788266:0.46
> 0:False:8,11:89,69
> 1:True:9,9:89,69
> 2:False:9,11:89,69
> 3:False:8,11:89,69
> 4:False:9,12:89,69
> 5:False:10,13:89,70
rovers-suboptimal-old-noisy/10/rovers_noisy_p01_hyp-2_10_2.tar.bz2:0.467000961304:0.0077525:0.47
> 0:True:8,8:89,67
> 1:True:9,9:89,67
> 2:True:9,9:89,67
> 3:True:8,8:89,67
> 4:False:9,10:89,67
> 5:False:10,11:89,68
rovers-suboptimal-old-noisy/10/rovers_noisy_p01_hyp-2_10_3.tar.bz2:0.466397047043:0.00797148:0.47
> 0:False:8,10:89,70
> 1:True:9,9:89,70
> 2:False:9,11:89,70
> 3:False:8,12:89,70
> 4:False:9,11:89,70
> 5:False:10,14:89,71
rovers-suboptimal-old-noisy/10/rovers_noisy_p01_hyp-3_10_1.tar.bz2:0.466645956039:0.00715552:0.46
> 0:False:8,10:88,66
> 1:False:9,11:88,66
> 2:True:9,9:88,66
> 3:False:8,11:88,66
> 4:False:9,11:88,66
> 5:False:10,15:88,67
rovers-suboptimal-old-noisy/10/rovers_noisy_p01_hyp-3_10_2.tar.bz2:0.465517997742:0.0075346:0.47
> 0:False:8,9:89,66
> 1:True:9,9:89,66
> 2:True:9,9:89,66
> 3:False:8,9:89,66
> 4:True:9,9:89,66
> 5:True:10,10:89,67
rovers-suboptimal-old-noisy/10/rovers_noisy_p01_hyp-3_10_3.tar.bz2:0.465988874435:0.00776717:0.46
> 0:False:8,11:89,68
> 1:True:9,9:89,68
> 2:True:9,9:89,68
> 3:False:8,13:89,68
> 4:True:9,9:89,68
> 5:False:10,12:89,69
rovers-suboptimal-old-noisy/10/rovers_noisy_p01_hyp-4_10_1.tar.bz2:0.467516183853:0.00712617:0.47
> 0:True:8,8:88,63
> 1:True:9,9:88,63
> 2:True:9,9:88,63
> 3:True:8,8:88,63
> 4:True:9,9:88,63
> 5:True:10,10:88,64
rovers-suboptimal-old-noisy/10/rovers_noisy_p01_hyp-4_10_2.tar.bz2:0.464434862137:0.00694025:0.46
> 0:True:8,8:87,61
> 1:False:9,10:87,61
> 2:False:9,10:87,61
> 3:True:8,8:87,61
> 4:False:9,10:87,61
> 5:False:10,11:87,62
rovers-suboptimal-old-noisy/10/rovers_noisy_p01_hyp-4_10_3.tar.bz2:0.462626934052:0.00688528:0.46
> 0:True:8,8:87,61
> 1:True:9,9:87,61
> 2:True:9,9:87,61
> 3:True:8,8:87,61
> 4:True:9,9:87,61
> 5:True:10,10:87,62
rovers-suboptimal-old-noisy/10/rovers_noisy_p02_hyp-1_10_1.tar.bz2:0.492293119431:0.00938539:0.49
> 0:True:10,10:147,77
> 1:True:13,13:147,78
> 2:True:12,12:147,78
> 3:True:10,10:147,77
> 4:False:13,15:147,78
> 5:False:13,14:147,77
rovers-suboptimal-old-noisy/10/rovers_noisy_p02_hyp-1_10_2.tar.bz2:0.489630937576:0.0094316:0.49
> 0:True:10,10:147,77
> 1:False:13,16:147,78
> 2:True:12,12:147,78
> 3:True:10,10:147,77
> 4:True:13,13:147,78
> 5:False:13,15:147,77
rovers-suboptimal-old-noisy/10/rovers_noisy_p02_hyp-1_10_3.tar.bz2:0.489821910858:0.00924138:0.48
> 0:True:10,10:147,77
> 1:False:13,16:147,78
> 2:True:12,12:147,78
> 3:True:10,10:147,77
> 4:False:13,16:147,78
> 5:True:13,13:147,77
rovers-suboptimal-old-noisy/10/rovers_noisy_p02_hyp-2_10_1.tar.bz2:0.495965003967:0.00941946:0.5
> 0:False:10,13:147,79
> 1:True:13,13:147,80
> 2:False:12,15:147,80
> 3:True:10,10:147,79
> 4:False:13,16:147,80
> 5:False:13,16:147,79
rovers-suboptimal-old-noisy/10/rovers_noisy_p02_hyp-2_10_2.tar.bz2:0.492317914963:0.00957911:0.49
> 0:False:10,13:147,82
> 1:True:13,13:147,83
> 2:True:12,12:147,83
> 3:True:10,10:147,82
> 4:False:13,16:147,83
> 5:False:13,16:147,82
rovers-suboptimal-old-noisy/10/rovers_noisy_p02_hyp-2_10_3.tar.bz2:0.489794015884:0.00873959:0.49
> 0:False:10,11:146,76
> 1:True:13,13:146,77
> 2:False:12,13:146,77
> 3:False:10,11:146,76
> 4:False:13,15:146,77
> 5:False:13,16:146,76
rovers-suboptimal-old-noisy/10/rovers_noisy_p02_hyp-3_10_1.tar.bz2:0.489629030228:0.0091719:0.49
> 0:False:10,11:147,78
> 1:False:13,16:147,79
> 2:True:12,12:147,79
> 3:False:10,13:147,78
> 4:False:13,16:147,79
> 5:True:13,13:147,78
rovers-suboptimal-old-noisy/10/rovers_noisy_p02_hyp-3_10_2.tar.bz2:0.48961520195:0.00851877:0.49
> 0:True:10,12:146,75
> 1:False:13,17:146,76
> 2:True:12,14:146,76
> 3:False:10,14:146,75
> 4:False:13,17:146,76
> 5:True:13,15:146,75
rovers-suboptimal-old-noisy/10/rovers_noisy_p02_hyp-3_10_3.tar.bz2:0.492301940918:0.00972451:0.49
> 0:False:10,13:147,80
> 1:False:13,15:147,81
> 2:True:12,13:147,81
> 3:False:10,13:147,80
> 4:True:13,14:147,81
> 5:True:13,14:147,80
rovers-suboptimal-old-noisy/10/rovers_noisy_p02_hyp-4_10_1.tar.bz2:0.488806962967:0.00942774:0.49
> 0:False:10,11:147,78
> 1:True:13,13:147,79
> 2:True:12,12:147,79
> 3:False:10,11:147,78
> 4:True:13,13:147,79
> 5:True:13,13:147,78
rovers-suboptimal-old-noisy/10/rovers_noisy_p02_hyp-4_10_2.tar.bz2:0.490549087524:0.00920987:0.49
> 0:False:10,12:147,78
> 1:True:13,13:147,79
> 2:False:12,14:147,79
> 3:False:10,12:147,78
> 4:False:13,15:147,79
> 5:False:13,15:147,78
rovers-suboptimal-old-noisy/10/rovers_noisy_p02_hyp-4_10_3.tar.bz2:0.489918231964:0.00849427:0.49
> 0:True:10,12:146,76
> 1:True:13,15:146,77
> 2:True:12,14:146,77
> 3:True:10,12:146,76
> 4:True:13,15:146,77
> 5:True:13,15:146,76
rovers-suboptimal-old-noisy/10/rovers_noisy_p03_hyp-1_10_1.tar.bz2:0.484647989273:0.00931535:0.49
> 0:False:10,11:147,77
> 1:False:10,12:147,77
> 2:True:13,13:147,78
> 3:False:10,11:147,77
> 4:True:12,12:147,78
> 5:False:13,15:147,78
rovers-suboptimal-old-noisy/10/rovers_noisy_p03_hyp-1_10_2.tar.bz2:0.489120006561:0.00874582:0.49
> 0:True:10,10:146,76
> 1:False:10,13:146,76
> 2:False:13,19:146,77
> 3:True:10,10:146,76
> 4:False:12,15:146,77
> 5:False:13,19:146,77
rovers-suboptimal-old-noisy/10/rovers_noisy_p03_hyp-1_10_3.tar.bz2:0.489945888519:0.00861291:0.49
> 0:True:10,10:146,76
> 1:False:10,13:146,76
> 2:False:13,16:146,77
> 3:True:10,10:146,76
> 4:False:12,15:146,77
> 5:False:13,16:146,77
rovers-suboptimal-old-noisy/10/rovers_noisy_p03_hyp-2_10_1.tar.bz2:0.490947961807:0.00938437:0.5
> 0:True:10,10:147,76
> 1:True:10,10:147,76
> 2:False:13,16:147,77
> 3:True:10,10:147,76
> 4:True:12,12:147,77
> 5:False:13,15:147,77
rovers-suboptimal-old-noisy/10/rovers_noisy_p03_hyp-2_10_2.tar.bz2:0.489597082138:0.0092499:0.49
> 0:False:10,13:147,79
> 1:True:10,10:147,79
> 2:False:13,15:147,80
> 3:False:10,13:147,79
> 4:False:12,15:147,80
> 5:False:13,15:147,80
rovers-suboptimal-old-noisy/10/rovers_noisy_p03_hyp-2_10_3.tar.bz2:0.494189023972:0.0096659:0.5
> 0:False:10,15:147,81
> 1:False:10,12:147,81
> 2:True:13,13:147,82
> 3:False:10,11:147,81
> 4:False:12,14:147,82
> 5:False:13,18:147,82
rovers-suboptimal-old-noisy/10/rovers_noisy_p03_hyp-3_10_1.tar.bz2:0.495523929596:0.00952746:0.49
> 0:False:10,15:147,79
> 1:False:10,13:147,79
> 2:True:13,13:147,80
> 3:False:10,15:147,79
> 4:False:12,17:147,80
> 5:True:13,13:147,80
rovers-suboptimal-old-noisy/10/rovers_noisy_p03_hyp-3_10_2.tar.bz2:0.492559909821:0.00858843:0.5
> 0:False:10,14:146,77
> 1:False:10,14:146,77
> 2:True:13,13:146,78
> 3:False:10,13:146,77
> 4:False:12,16:146,78
> 5:False:13,16:146,78
rovers-suboptimal-old-noisy/10/rovers_noisy_p03_hyp-3_10_3.tar.bz2:0.491613864899:0.008434:0.48
> 0:True:10,10:146,74
> 1:True:10,10:146,74
> 2:True:13,13:146,75
> 3:True:10,10:146,74
> 4:True:12,12:146,75
> 5:True:13,13:146,75
rovers-suboptimal-old-noisy/10/rovers_noisy_p03_hyp-4_10_1.tar.bz2:0.491587162018:0.00953654:0.5
> 0:False:10,15:147,81
> 1:False:10,14:147,81
> 2:True:13,13:147,82
> 3:False:10,11:147,81
> 4:False:12,17:147,82
> 5:False:13,18:147,82
rovers-suboptimal-old-noisy/10/rovers_noisy_p03_hyp-4_10_2.tar.bz2:0.491538047791:0.00985922:0.49
> 0:False:10,12:147,78
> 1:False:10,11:147,78
> 2:True:13,13:147,79
> 3:True:10,10:147,78
> 4:False:12,14:147,79
> 5:False:13,15:147,79
rovers-suboptimal-old-noisy/10/rovers_noisy_p03_hyp-4_10_3.tar.bz2:0.491618871689:0.00867265:0.49
> 0:True:10,10:146,74
> 1:False:10,12:146,74
> 2:False:13,15:146,75
> 3:True:10,10:146,74
> 4:False:12,14:146,75
> 5:False:13,15:146,75
rovers-suboptimal-old-noisy/30/rovers_noisy_p01_hyp-1_30_1.tar.bz2:0.466536045074:0.00816851:0.47
> 0:True:8,8:90,67
> 1:True:9,9:90,67
> 2:True:9,9:90,67
> 3:False:8,10:90,67
> 4:False:9,10:90,67
> 5:False:10,12:90,68
rovers-suboptimal-old-noisy/30/rovers_noisy_p01_hyp-1_30_2.tar.bz2:0.464776039124:0.00807505:0.47
> 0:True:8,8:90,70
> 1:False:9,12:90,70
> 2:False:9,12:90,70
> 3:False:8,13:90,70
> 4:False:9,12:90,70
> 5:False:10,15:90,71
rovers-suboptimal-old-noisy/30/rovers_noisy_p01_hyp-1_30_3.tar.bz2:0.463611125946:0.00787449:0.46
> 0:True:8,8:90,68
> 1:False:9,10:90,68
> 2:False:9,10:90,68
> 3:False:8,10:90,68
> 4:False:9,11:90,68
> 5:False:10,13:90,69
rovers-suboptimal-old-noisy/30/rovers_noisy_p01_hyp-2_30_1.tar.bz2:0.468044042587:0.00821776:0.46
> 0:False:8,10:91,71
> 1:True:9,10:91,71
> 2:True:9,10:91,71
> 3:False:8,12:91,71
> 4:True:9,10:91,71
> 5:False:10,13:91,72
rovers-suboptimal-old-noisy/30/rovers_noisy_p01_hyp-2_30_2.tar.bz2:0.46683216095:0.00861602:0.46
> 0:False:8,12:91,74
> 1:True:9,10:91,74
> 2:False:9,12:91,74
> 3:False:8,14:91,74
> 4:False:9,12:91,74
> 5:False:10,16:91,75
rovers-suboptimal-old-noisy/30/rovers_noisy_p01_hyp-2_30_3.tar.bz2:0.46533703804:0.0085066:0.45
> 0:False:8,10:91,73
> 1:True:9,9:91,73
> 2:False:9,11:91,73
> 3:False:8,13:91,73
> 4:False:9,11:91,73
> 5:False:10,15:91,74
rovers-suboptimal-old-noisy/30/rovers_noisy_p01_hyp-3_30_1.tar.bz2:0.46254992485:0.00822172:0.46
> 0:False:8,12:91,72
> 1:False:9,11:91,72
> 2:True:9,9:91,72
> 3:False:8,13:91,72
> 4:False:9,11:91,72
> 5:False:10,14:91,73
rovers-suboptimal-old-noisy/30/rovers_noisy_p01_hyp-3_30_2.tar.bz2:0.46263718605:0.00746973:0.46
> 0:False:8,13:90,67
> 1:False:9,12:90,67
> 2:True:9,10:90,67
> 3:False:8,11:90,67
> 4:False:9,12:90,67
> 5:False:10,13:90,68
rovers-suboptimal-old-noisy/30/rovers_noisy_p01_hyp-3_30_3.tar.bz2:0.469793081284:0.00775196:0.47
> 0:False:8,13:90,67
> 1:False:9,12:90,67
> 2:True:9,10:90,67
> 3:False:8,11:90,67
> 4:False:9,12:90,67
> 5:False:10,13:90,68
rovers-suboptimal-old-noisy/30/rovers_noisy_p01_hyp-4_30_1.tar.bz2:0.465070962906:0.00792401:0.47
> 0:False:8,12:90,69
> 1:False:9,13:90,69
> 2:False:9,11:90,69
> 3:True:8,8:90,69
> 4:False:9,13:90,69
> 5:False:10,12:90,70
rovers-suboptimal-old-noisy/30/rovers_noisy_p01_hyp-4_30_2.tar.bz2:0.466206073761:0.00763661:0.46
> 0:False:8,11:89,67
> 1:False:9,12:89,67
> 2:True:9,9:89,67
> 3:True:8,8:89,67
> 4:False:9,12:89,67
> 5:False:10,13:89,68
rovers-suboptimal-old-noisy/30/rovers_noisy_p01_hyp-4_30_3.tar.bz2:0.466920137405:0.00735512:0.47
> 0:False:8,13:88,64
> 1:False:9,14:88,64
> 2:False:9,14:88,64
> 3:True:8,10:88,64
> 4:False:9,14:88,64
> 5:True:10,12:88,65
rovers-suboptimal-old-noisy/30/rovers_noisy_p02_hyp-1_30_1.tar.bz2:0.491922855377:0.01059098:0.5
> 0:False:10,11:149,84
> 1:False:13,16:149,85
> 2:True:12,12:149,85
> 3:False:10,13:149,84
> 4:False:13,18:149,85
> 5:True:13,13:149,84
rovers-suboptimal-old-noisy/30/rovers_noisy_p02_hyp-1_30_2.tar.bz2:0.492737054825:0.01085676:0.49
> 0:True:10,10:149,85
> 1:False:13,16:149,86
> 2:False:12,15:149,86
> 3:False:10,13:149,85
> 4:False:13,19:149,86
> 5:False:13,16:149,85
rovers-suboptimal-old-noisy/30/rovers_noisy_p02_hyp-1_30_3.tar.bz2:0.492210865021:0.0095515:0.5
> 0:True:10,12:148,78
> 1:False:13,17:148,79
> 2:False:12,16:148,79
> 3:False:10,14:148,78
> 4:False:13,17:148,79
> 5:True:13,15:148,78
rovers-suboptimal-old-noisy/30/rovers_noisy_p02_hyp-2_30_1.tar.bz2:0.4940969944:0.01205786:0.5
> 0:False:10,14:152,96
> 1:True:13,13:152,97
> 2:False:12,16:152,97
> 3:False:10,11:152,96
> 4:False:13,18:152,97
> 5:False:13,19:152,96
rovers-suboptimal-old-noisy/30/rovers_noisy_p02_hyp-2_30_2.tar.bz2:0.48966383934:0.0116784:0.48
> 0:False:10,14:152,93
> 1:True:13,13:152,94
> 2:False:12,18:152,94
> 3:False:10,16:152,93
> 4:True:13,13:152,94
> 5:False:13,18:152,93
rovers-suboptimal-old-noisy/30/rovers_noisy_p02_hyp-2_30_3.tar.bz2:0.489737987518:0.01154631:0.49
> 0:False:10,13:152,91
> 1:True:13,14:152,92
> 2:False:12,15:152,92
> 3:False:10,13:152,91
> 4:False:13,17:152,92
> 5:False:13,16:152,91
rovers-suboptimal-old-noisy/30/rovers_noisy_p02_hyp-3_30_1.tar.bz2:0.492755889893:0.01122794:0.49
> 0:False:10,15:151,90
> 1:False:13,18:151,91
> 2:True:12,12:151,91
> 3:False:10,15:151,90
> 4:True:13,13:151,91
> 5:True:13,13:151,90
rovers-suboptimal-old-noisy/30/rovers_noisy_p02_hyp-3_30_2.tar.bz2:0.488752126694:0.01104325:0.48
> 0:False:10,17:151,88
> 1:False:13,19:151,89
> 2:True:12,15:151,89
> 3:False:10,17:151,88
> 4:True:13,16:151,89
> 5:True:13,16:151,88
rovers-suboptimal-old-noisy/30/rovers_noisy_p02_hyp-3_30_3.tar.bz2:0.488118886948:0.01166403:0.49
> 0:False:10,16:152,90
> 1:False:13,23:152,91
> 2:True:12,14:152,91
> 3:False:10,18:152,90
> 4:False:13,17:152,91
> 5:False:13,17:152,90
rovers-suboptimal-old-noisy/30/rovers_noisy_p02_hyp-4_30_1.tar.bz2:0.493551015854:0.01085339:0.49
> 0:False:10,11:150,85
> 1:True:13,13:150,86
> 2:False:12,13:150,86
> 3:False:10,11:150,85
> 4:False:13,17:150,86
> 5:False:13,16:150,85
rovers-suboptimal-old-noisy/30/rovers_noisy_p02_hyp-4_30_2.tar.bz2:0.492229938507:0.01080033:0.49
> 0:True:10,10:150,87
> 1:True:13,13:150,88
> 2:True:12,12:150,88
> 3:True:10,10:150,87
> 4:False:13,18:150,88
> 5:False:13,17:150,87
rovers-suboptimal-old-noisy/30/rovers_noisy_p02_hyp-4_30_3.tar.bz2:0.493135213852:0.01064332:0.49
> 0:True:10,12:150,83
> 1:True:13,15:150,84
> 2:True:12,14:150,84
> 3:True:10,12:150,83
> 4:True:13,15:150,84
> 5:False:13,16:150,83
rovers-suboptimal-old-noisy/30/rovers_noisy_p03_hyp-1_30_1.tar.bz2:0.489981174469:0.01025673:0.49
> 0:True:10,12:149,81
> 1:False:10,15:149,81
> 2:False:13,18:149,82
> 3:False:10,15:149,81
> 4:True:12,14:149,82
> 5:False:13,18:149,82
rovers-suboptimal-old-noisy/30/rovers_noisy_p03_hyp-1_30_2.tar.bz2:0.48775100708:0.00921274:0.49
> 0:True:10,10:148,79
> 1:False:10,15:148,79
> 2:False:13,18:148,80
> 3:False:10,12:148,79
> 4:False:12,17:148,80
> 5:False:13,16:148,80
rovers-suboptimal-old-noisy/30/rovers_noisy_p03_hyp-1_30_3.tar.bz2:0.492511987686:0.00929357:0.5
> 0:True:10,11:148,79
> 1:False:10,17:148,79
> 2:False:13,20:148,80
> 3:False:10,15:148,79
> 4:False:12,16:148,80
> 5:False:13,18:148,80
rovers-suboptimal-old-noisy/30/rovers_noisy_p03_hyp-2_30_1.tar.bz2:0.49392080307:0.00994217:0.49
> 0:False:10,12:149,80
> 1:False:10,11:149,80
> 2:False:13,15:149,81
> 3:True:10,10:149,80
> 4:False:12,14:149,81
> 5:False:13,18:149,81
rovers-suboptimal-old-noisy/30/rovers_noisy_p03_hyp-2_30_2.tar.bz2:0.492400169373:0.01001129:0.5
> 0:False:10,12:148,80
> 1:True:10,11:148,80
> 2:True:13,14:148,81
> 3:False:10,12:148,80
> 4:False:12,14:148,81
> 5:False:13,15:148,81
rovers-suboptimal-old-noisy/30/rovers_noisy_p03_hyp-2_30_3.tar.bz2:0.49259018898:0.01101553:0.5
> 0:False:10,15:150,89
> 1:True:10,10:150,89
> 2:False:13,16:150,90
> 3:False:10,15:150,89
> 4:False:12,14:150,90
> 5:False:13,19:150,90
rovers-suboptimal-old-noisy/30/rovers_noisy_p03_hyp-3_30_1.tar.bz2:0.491775989532:0.01161505:0.49
> 0:False:10,15:152,93
> 1:False:10,15:152,93
> 2:True:13,16:152,94
> 3:False:10,14:152,93
> 4:False:12,19:152,94
> 5:False:13,22:152,94
rovers-suboptimal-old-noisy/30/rovers_noisy_p03_hyp-3_30_2.tar.bz2:0.493968963623:0.01175651:0.5
> 0:False:10,16:152,93
> 1:False:10,15:152,93
> 2:True:13,15:152,94
> 3:False:10,14:152,93
> 4:False:12,18:152,94
> 5:False:13,18:152,94
rovers-suboptimal-old-noisy/30/rovers_noisy_p03_hyp-3_30_3.tar.bz2:0.488754034042:0.01150522:0.49
> 0:False:10,17:152,91
> 1:False:10,15:152,91
> 2:True:13,13:152,92
> 3:False:10,15:152,91
> 4:False:12,19:152,92
> 5:False:13,19:152,92
rovers-suboptimal-old-noisy/30/rovers_noisy_p03_hyp-4_30_1.tar.bz2:0.493713855743:0.00939432:0.5
> 0:False:10,15:148,80
> 1:False:10,14:148,80
> 2:False:13,16:148,81
> 3:True:10,11:148,80
> 4:False:12,17:148,81
> 5:False:13,21:148,81
rovers-suboptimal-old-noisy/30/rovers_noisy_p03_hyp-4_30_2.tar.bz2:0.488180875778:0.00957031:0.48
> 0:False:10,16:148,81
> 1:False:10,16:148,81
> 2:False:13,17:148,82
> 3:True:10,11:148,81
> 4:False:12,20:148,82
> 5:False:13,23:148,82
rovers-suboptimal-old-noisy/30/rovers_noisy_p03_hyp-4_30_3.tar.bz2:0.489264011383:0.01020652:0.49
> 0:True:10,10:149,81
> 1:False:10,13:149,81
> 2:False:13,16:149,82
> 3:True:10,10:149,81
> 4:False:12,15:149,82
> 5:False:13,15:149,82
rovers-suboptimal-old-noisy/50/rovers_noisy_p01_hyp-1_50_1.tar.bz2:0.464733123779:0.0090811:0.46
> 0:True:8,8:92,77
> 1:False:9,12:92,77
> 2:False:9,12:92,77
> 3:False:8,11:92,77
> 4:False:9,12:92,77
> 5:False:10,14:92,78
rovers-suboptimal-old-noisy/50/rovers_noisy_p01_hyp-1_50_2.tar.bz2:0.463374853134:0.00838782:0.46
> 0:True:8,8:92,71
> 1:True:9,9:92,71
> 2:True:9,9:92,71
> 3:False:8,9:92,71
> 4:False:9,10:92,71
> 5:False:10,13:92,72
rovers-suboptimal-old-noisy/50/rovers_noisy_p01_hyp-1_50_3.tar.bz2:0.465808153152:0.00803094:0.47
> 0:True:8,8:91,72
> 1:False:9,12:91,72
> 2:False:9,12:91,72
> 3:False:8,12:91,72
> 4:False:9,12:91,72
> 5:False:10,16:91,73
rovers-suboptimal-old-noisy/50/rovers_noisy_p01_hyp-2_50_1.tar.bz2:0.470277070999:0.00834247:0.47
> 0:False:8,14:92,73
> 1:True:9,11:92,73
> 2:False:9,13:92,73
> 3:False:8,17:92,73
> 4:False:9,13:92,73
> 5:False:10,14:92,74
rovers-suboptimal-old-noisy/50/rovers_noisy_p01_hyp-2_50_2.tar.bz2:0.469091176987:0.00970413:0.47
> 0:False:8,14:94,85
> 1:True:9,9:94,85
> 2:False:9,12:94,85
> 3:False:8,16:94,85
> 4:False:9,12:94,85
> 5:False:10,15:94,86
rovers-suboptimal-old-noisy/50/rovers_noisy_p01_hyp-2_50_3.tar.bz2:0.461935997009:0.00888322:0.46
> 0:False:8,13:93,78
> 1:True:9,9:93,78
> 2:False:9,12:93,78
> 3:False:8,16:93,78
> 4:False:9,12:93,78
> 5:False:10,15:93,79
rovers-suboptimal-old-noisy/50/rovers_noisy_p01_hyp-3_50_1.tar.bz2:0.463500976562:0.00883666:0.47
> 0:False:8,14:93,77
> 1:False:9,12:93,77
> 2:True:9,10:93,77
> 3:False:8,14:93,77
> 4:False:9,12:93,77
> 5:False:10,15:93,78
rovers-suboptimal-old-noisy/50/rovers_noisy_p01_hyp-3_50_2.tar.bz2:0.466861009598:0.00875278:0.46
> 0:False:8,14:93,75
> 1:True:9,10:93,75
> 2:True:9,10:93,75
> 3:False:8,12:93,75
> 4:False:9,12:93,75
> 5:False:10,13:93,76
rovers-suboptimal-old-noisy/50/rovers_noisy_p01_hyp-3_50_3.tar.bz2:0.468789100647:0.00936016:0.47
> 0:False:8,12:94,80
> 1:False:9,13:94,80
> 2:True:9,10:94,80
> 3:False:8,11:94,80
> 4:False:9,13:94,80
> 5:False:10,14:94,81
rovers-suboptimal-old-noisy/50/rovers_noisy_p01_hyp-4_50_1.tar.bz2:0.462361097336:0.00818773:0.47
> 0:False:8,11:91,72
> 1:False:9,14:91,72
> 2:False:9,14:91,72
> 3:True:8,8:91,72
> 4:False:9,14:91,72
> 5:True:10,10:91,73
rovers-suboptimal-old-noisy/50/rovers_noisy_p01_hyp-4_50_2.tar.bz2:0.464887142181:0.00818178:0.46
> 0:False:8,11:91,71
> 1:False:9,14:91,71
> 2:False:9,11:91,71
> 3:True:8,8:91,71
> 4:False:9,14:91,71
> 5:False:10,13:91,72
rovers-suboptimal-old-noisy/50/rovers_noisy_p01_hyp-4_50_3.tar.bz2:0.462338924408:0.00862688:0.47
> 0:False:8,12:92,73
> 1:False:9,13:92,73
> 2:False:9,10:92,73
> 3:True:8,8:92,73
> 4:False:9,12:92,73
> 5:False:10,13:92,74
rovers-suboptimal-old-noisy/50/rovers_noisy_p02_hyp-1_50_1.tar.bz2:0.494245052338:0.01203346:0.5
> 0:True:10,11:153,93
> 1:False:13,18:153,94
> 2:False:12,15:153,94
> 3:False:10,14:153,93
> 4:False:13,23:153,94
> 5:False:13,16:153,93
rovers-suboptimal-old-noisy/50/rovers_noisy_p02_hyp-1_50_2.tar.bz2:0.495356082916:0.01204728:0.5
> 0:False:10,11:153,92
> 1:False:13,19:153,93
> 2:True:12,12:153,93
> 3:False:10,13:153,92
> 4:False:13,19:153,93
> 5:False:13,14:153,92
rovers-suboptimal-old-noisy/50/rovers_noisy_p02_hyp-1_50_3.tar.bz2:0.492220878601:0.01167475:0.48
> 0:True:10,12:152,89
> 1:False:13,20:152,90
> 2:True:12,14:152,90
> 3:False:10,15:152,89
> 4:False:13,23:152,90
> 5:False:13,19:152,89
rovers-suboptimal-old-noisy/50/rovers_noisy_p02_hyp-2_50_1.tar.bz2:0.494354963303:0.01251955:0.49
> 0:False:10,16:154,94
> 1:True:13,13:154,95
> 2:False:12,18:154,95
> 3:False:10,15:154,94
> 4:False:13,16:154,95
> 5:False:13,19:154,94
rovers-suboptimal-old-noisy/50/rovers_noisy_p02_hyp-2_50_2.tar.bz2:0.494709968567:0.01257649:0.49
> 0:False:10,15:154,99
> 1:True:13,13:154,100
> 2:False:12,17:154,100
> 3:False:10,12:154,99
> 4:False:13,19:154,100
> 5:False:13,21:154,99
rovers-suboptimal-old-noisy/50/rovers_noisy_p02_hyp-2_50_3.tar.bz2:0.49934887886:0.01221805:0.5
> 0:False:10,16:153,97
> 1:True:13,13:153,98
> 2:False:12,18:153,98
> 3:False:10,13:153,97
> 4:False:13,19:153,98
> 5:False:13,22:153,97
rovers-suboptimal-old-noisy/50/rovers_noisy_p02_hyp-3_50_1.tar.bz2:0.496741056442:0.01270322:0.5
> 0:False:10,16:154,96
> 1:False:13,24:154,97
> 2:True:12,14:154,97
> 3:False:10,18:154,96
> 4:False:13,22:154,97
> 5:False:13,19:154,96
rovers-suboptimal-old-noisy/50/rovers_noisy_p02_hyp-3_50_2.tar.bz2:0.49697303772:0.0124723:0.5
> 0:False:10,15:154,95
> 1:False:13,22:154,96
> 2:True:12,13:154,96
> 3:False:10,17:154,95
> 4:False:13,18:154,96
> 5:False:13,16:154,95
rovers-suboptimal-old-noisy/50/rovers_noisy_p02_hyp-3_50_3.tar.bz2:0.496056079865:0.01297011:0.5
> 0:False:10,14:155,97
> 1:False:13,21:155,98
> 2:True:12,13:155,98
> 3:False:10,16:155,97
> 4:False:13,19:155,98
> 5:False:13,15:155,97
rovers-suboptimal-old-noisy/50/rovers_noisy_p02_hyp-4_50_1.tar.bz2:0.493813037872:0.01228217:0.49
> 0:True:10,13:154,95
> 1:False:13,17:154,96
> 2:True:12,15:154,96
> 3:True:10,13:154,95
> 4:False:13,21:154,96
> 5:False:13,19:154,95
rovers-suboptimal-old-noisy/50/rovers_noisy_p02_hyp-4_50_2.tar.bz2:0.494384050369:0.01164658:0.49
> 0:False:10,16:152,93
> 1:True:13,16:152,94
> 2:False:12,18:152,94
> 3:True:10,13:152,93
> 4:False:13,23:152,94
> 5:False:13,23:152,93
rovers-suboptimal-old-noisy/50/rovers_noisy_p02_hyp-4_50_3.tar.bz2:0.493470191956:0.01247017:0.49
> 0:False:10,15:154,97
> 1:True:13,15:154,98
> 2:False:12,17:154,98
> 3:True:10,12:154,97
> 4:False:13,23:154,98
> 5:False:13,22:154,97
rovers-suboptimal-old-noisy/50/rovers_noisy_p03_hyp-1_50_1.tar.bz2:0.494470119476:0.01084673:0.49
> 0:True:10,12:151,83
> 1:False:10,16:151,83
> 2:False:13,21:151,84
> 3:False:10,14:151,83
> 4:False:12,18:151,84
> 5:False:13,17:151,84
rovers-suboptimal-old-noisy/50/rovers_noisy_p03_hyp-1_50_2.tar.bz2:0.495009899139:0.01129683:0.51
> 0:True:10,11:152,89
> 1:False:10,19:152,89
> 2:False:13,24:152,90
> 3:False:10,16:152,89
> 4:False:12,18:152,90
> 5:False:13,21:152,90
rovers-suboptimal-old-noisy/50/rovers_noisy_p03_hyp-1_50_3.tar.bz2:0.495427131653:0.0114578:0.49
> 0:True:10,11:152,88
> 1:False:10,17:152,88
> 2:False:13,22:152,89
> 3:False:10,15:152,88
> 4:False:12,16:152,89
> 5:False:13,19:152,89
rovers-suboptimal-old-noisy/50/rovers_noisy_p03_hyp-2_50_1.tar.bz2:0.495022058487:0.01196175:0.49
> 0:False:10,18:153,92
> 1:True:10,14:153,92
> 2:False:13,19:153,93
> 3:False:10,16:153,92
> 4:False:12,18:153,93
> 5:False:13,23:153,93
rovers-suboptimal-old-noisy/50/rovers_noisy_p03_hyp-2_50_2.tar.bz2:0.490898132324:0.01214766:0.49
> 0:False:10,17:153,96
> 1:True:10,14:153,96
> 2:False:13,21:153,97
> 3:False:10,17:153,96
> 4:True:12,16:153,97
> 5:False:13,23:153,97
rovers-suboptimal-old-noisy/50/rovers_noisy_p03_hyp-2_50_3.tar.bz2:0.494693040848:0.01170822:0.49
> 0:False:10,20:152,92
> 1:True:10,15:152,92
> 2:False:13,20:152,93
> 3:False:10,17:152,92
> 4:False:12,19:152,93
> 5:False:13,24:152,93
rovers-suboptimal-old-noisy/50/rovers_noisy_p03_hyp-3_50_1.tar.bz2:0.497506141663:0.01161226:0.5
> 0:False:10,18:153,92
> 1:False:10,15:153,92
> 2:True:13,14:153,93
> 3:False:10,18:153,92
> 4:False:12,20:153,93
> 5:False:13,18:153,93
rovers-suboptimal-old-noisy/50/rovers_noisy_p03_hyp-3_50_2.tar.bz2:0.492438077927:0.01252608:0.49
> 0:False:10,20:154,96
> 1:False:10,18:154,96
> 2:True:13,14:154,97
> 3:False:10,18:154,96
> 4:False:12,22:154,97
> 5:False:13,19:154,97
rovers-suboptimal-old-noisy/50/rovers_noisy_p03_hyp-3_50_3.tar.bz2:0.495919942856:0.0130916:0.5
> 0:False:10,20:154,102
> 1:False:10,16:154,102
> 2:True:13,14:154,103
> 3:False:10,16:154,102
> 4:False:12,20:154,103
> 5:False:13,20:154,103
rovers-suboptimal-old-noisy/50/rovers_noisy_p03_hyp-4_50_1.tar.bz2:0.493656158447:0.01174212:0.49
> 0:False:10,13:153,91
> 1:False:10,15:153,91
> 2:False:13,18:153,92
> 3:True:10,11:153,91
> 4:False:12,16:153,92
> 5:False:13,22:153,92
rovers-suboptimal-old-noisy/50/rovers_noisy_p03_hyp-4_50_2.tar.bz2:0.489890813828:0.01099257:0.49
> 0:False:10,17:151,85
> 1:False:10,17:151,85
> 2:False:13,19:151,86
> 3:True:10,13:151,85
> 4:False:12,21:151,86
> 5:False:13,24:151,86
rovers-suboptimal-old-noisy/50/rovers_noisy_p03_hyp-4_50_3.tar.bz2:0.497456073761:0.01156873:0.5
> 0:False:10,14:152,90
> 1:False:10,16:152,90
> 2:False:13,17:152,91
> 3:True:10,13:152,90
> 4:False:12,19:152,91
> 5:False:13,20:152,91
rovers-suboptimal-old-noisy/70/rovers_noisy_p01_hyp-1_70_1.tar.bz2:0.466671943665:0.00932887:0.46
> 0:True:8,9:94,79
> 1:False:9,15:94,79
> 2:False:9,15:94,79
> 3:False:8,14:94,79
> 4:False:9,15:94,79
> 5:False:10,16:94,80
rovers-suboptimal-old-noisy/70/rovers_noisy_p01_hyp-1_70_2.tar.bz2:0.465940952301:0.00819347:0.47
> 0:True:8,10:92,72
> 1:False:9,15:92,72
> 2:False:9,15:92,72
> 3:False:8,15:92,72
> 4:False:9,15:92,72
> 5:False:10,19:92,73
rovers-suboptimal-old-noisy/70/rovers_noisy_p01_hyp-1_70_3.tar.bz2:0.464444875717:0.00833063:0.47
> 0:True:8,9:93,75
> 1:False:9,15:93,75
> 2:False:9,15:93,75
> 3:False:8,15:93,75
> 4:False:9,15:93,75
> 5:False:10,19:93,76
rovers-suboptimal-old-noisy/70/rovers_noisy_p01_hyp-2_70_1.tar.bz2:0.467731952667:0.0094021:0.47
> 0:False:8,16:94,82
> 1:True:9,11:94,82
> 2:False:9,14:94,82
> 3:False:8,19:94,82
> 4:False:9,14:94,82
> 5:False:10,18:94,83
rovers-suboptimal-old-noisy/70/rovers_noisy_p01_hyp-2_70_2.tar.bz2:0.469053983688:0.01012681:0.47
> 0:False:8,14:96,83
> 1:True:9,10:96,83
> 2:False:9,12:96,83
> 3:False:8,16:96,83
> 4:False:9,12:96,83
> 5:False:10,16:96,84
rovers-suboptimal-old-noisy/70/rovers_noisy_p01_hyp-2_70_3.tar.bz2:0.469096183777:0.00842743:0.47
> 0:False:8,15:93,74
> 1:True:9,11:93,74
> 2:False:9,13:93,74
> 3:False:8,17:93,74
> 4:False:9,13:93,74
> 5:False:10,16:93,75
rovers-suboptimal-old-noisy/70/rovers_noisy_p01_hyp-3_70_1.tar.bz2:0.465487003326:0.00957693:0.46
> 0:False:8,13:95,80
> 1:False:9,13:95,80
> 2:True:9,10:95,80
> 3:False:8,14:95,80
> 4:False:9,13:95,80
> 5:False:10,16:95,81
rovers-suboptimal-old-noisy/70/rovers_noisy_p01_hyp-3_70_2.tar.bz2:0.468400001526:0.00886716:0.47
> 0:False:8,15:94,78
> 1:False:9,13:94,78
> 2:True:9,10:94,78
> 3:False:8,15:94,78
> 4:False:9,13:94,78
> 5:False:10,17:94,79
rovers-suboptimal-old-noisy/70/rovers_noisy_p01_hyp-3_70_3.tar.bz2:0.466141939163:0.00917153:0.47
> 0:False:8,15:94,78
> 1:False:9,13:94,78
> 2:True:9,11:94,78
> 3:False:8,15:94,78
> 4:False:9,13:94,78
> 5:False:10,16:94,79
rovers-suboptimal-old-noisy/70/rovers_noisy_p01_hyp-4_70_1.tar.bz2:0.465833187103:0.00923527:0.47
> 0:False:8,14:94,77
> 1:False:9,17:94,77
> 2:False:9,14:94,77
> 3:True:8,8:94,77
> 4:False:9,17:94,77
> 5:False:10,15:94,78
rovers-suboptimal-old-noisy/70/rovers_noisy_p01_hyp-4_70_2.tar.bz2:0.467824220657:0.00833676:0.46
> 0:False:8,16:92,73
> 1:False:9,18:92,73
> 2:False:9,15:92,73
> 3:True:8,10:92,73
> 4:False:9,18:92,73
> 5:False:10,16:92,74
rovers-suboptimal-old-noisy/70/rovers_noisy_p01_hyp-4_70_3.tar.bz2:0.467419862747:0.00915077:0.47
> 0:False:8,12:94,77
> 1:False:9,16:94,77
> 2:False:9,14:94,77
> 3:True:8,10:94,77
> 4:False:9,16:94,77
> 5:False:10,15:94,78
rovers-suboptimal-old-noisy/70/rovers_noisy_p02_hyp-1_70_1.tar.bz2:0.493641853333:0.01309598:0.49
> 0:True:10,12:155,96
> 1:False:13,21:155,97
> 2:False:12,16:155,97
> 3:False:10,16:155,96
> 4:False:13,20:155,97
> 5:False:13,17:155,96
rovers-suboptimal-old-noisy/70/rovers_noisy_p02_hyp-1_70_2.tar.bz2:0.492481946945:0.01289682:0.49
> 0:True:10,12:155,97
> 1:False:13,21:155,98
> 2:True:12,14:155,98
> 3:False:10,17:155,97
> 4:False:13,21:155,98
> 5:True:13,15:155,97
rovers-suboptimal-old-noisy/70/rovers_noisy_p02_hyp-1_70_3.tar.bz2:0.495913028717:0.01254294:0.49
> 0:True:10,12:154,91
> 1:False:13,21:154,92
> 2:True:12,14:154,92
> 3:False:10,15:154,91
> 4:False:13,23:154,92
> 5:False:13,17:154,91
rovers-suboptimal-old-noisy/70/rovers_noisy_p02_hyp-2_70_1.tar.bz2:0.49799990654:0.01403388:0.5
> 0:False:10,21:158,105
> 1:True:13,15:158,106
> 2:False:12,23:158,106
> 3:False:10,18:158,105
> 4:False:13,20:158,106
> 5:False:13,23:158,105
rovers-suboptimal-old-noisy/70/rovers_noisy_p02_hyp-2_70_2.tar.bz2:0.494583845139:0.01275435:0.5
> 0:False:10,22:155,99
> 1:True:13,17:155,100
> 2:False:12,24:155,100
> 3:False:10,20:155,99
> 4:False:13,24:155,100
> 5:False:13,26:155,99
rovers-suboptimal-old-noisy/70/rovers_noisy_p02_hyp-2_70_3.tar.bz2:0.497980833054:0.01466515:0.5
> 0:False:10,20:159,112
> 1:True:13,16:159,113
> 2:False:12,22:159,113
> 3:False:10,17:159,112
> 4:False:13,21:159,113
> 5:False:13,24:159,112
rovers-suboptimal-old-noisy/70/rovers_noisy_p02_hyp-3_70_1.tar.bz2:0.498500823975:0.01474749:0.5
> 0:False:10,17:158,110
> 1:False:13,25:158,111
> 2:True:12,14:158,111
> 3:False:10,19:158,110
> 4:False:13,23:158,111
> 5:False:13,20:158,110
rovers-suboptimal-old-noisy/70/rovers_noisy_p02_hyp-3_70_2.tar.bz2:0.494646072388:0.01320442:0.5
> 0:False:10,19:156,101
> 1:False:13,24:156,102
> 2:True:12,16:156,102
> 3:False:10,19:156,101
> 4:False:13,25:156,102
> 5:False:13,22:156,101
rovers-suboptimal-old-noisy/70/rovers_noisy_p02_hyp-3_70_3.tar.bz2:0.495084762573:0.01344798:0.49
> 0:False:10,19:156,100
> 1:False:13,24:156,101
> 2:True:12,16:156,101
> 3:False:10,19:156,100
> 4:False:13,22:156,101
> 5:False:13,21:156,100
rovers-suboptimal-old-noisy/70/rovers_noisy_p02_hyp-4_70_1.tar.bz2:0.496604919434:0.01369117:0.51
> 0:False:10,19:156,103
> 1:False:13,19:156,104
> 2:False:12,20:156,104
> 3:True:10,15:156,103
> 4:False:13,26:156,104
> 5:False:13,26:156,103
rovers-suboptimal-old-noisy/70/rovers_noisy_p02_hyp-4_70_2.tar.bz2:0.493918180466:0.01301191:0.49
> 0:False:10,18:156,99
> 1:False:13,20:156,100
> 2:False:12,20:156,100
> 3:True:10,16:156,99
> 4:False:13,26:156,100
> 5:False:13,23:156,99
rovers-suboptimal-old-noisy/70/rovers_noisy_p02_hyp-4_70_3.tar.bz2:0.497122049332:0.01403734:0.5
> 0:False:10,15:158,107
> 1:False:13,18:158,108
> 2:False:12,19:158,108
> 3:True:10,14:158,107
> 4:False:13,23:158,108
> 5:False:13,22:158,107
rovers-suboptimal-old-noisy/70/rovers_noisy_p03_hyp-1_70_1.tar.bz2:0.495218038559:0.01180942:0.51
> 0:True:10,11:153,88
> 1:False:10,16:153,88
> 2:False:13,22:153,89
> 3:False:10,13:153,88
> 4:False:12,15:153,89
> 5:False:13,22:153,89
rovers-suboptimal-old-noisy/70/rovers_noisy_p03_hyp-1_70_2.tar.bz2:0.492687225342:0.01184894:0.49
> 0:True:10,11:153,88
> 1:False:10,16:153,88
> 2:False:13,22:153,89
> 3:False:10,13:153,88
> 4:False:12,18:153,89
> 5:False:13,19:153,89
rovers-suboptimal-old-noisy/70/rovers_noisy_p03_hyp-1_70_3.tar.bz2:0.493526935577:0.0128312:0.5
> 0:True:10,11:155,95
> 1:False:10,18:155,95
> 2:False:13,22:155,96
> 3:False:10,14:155,95
> 4:False:12,18:155,96
> 5:False:13,21:155,96
rovers-suboptimal-old-noisy/70/rovers_noisy_p03_hyp-2_70_1.tar.bz2:0.494225025177:0.01338285:0.5
> 0:False:10,18:157,102
> 1:True:10,15:157,102
> 2:True:13,18:157,103
> 3:False:10,16:157,102
> 4:False:12,19:157,103
> 5:False:13,22:157,103
rovers-suboptimal-old-noisy/70/rovers_noisy_p03_hyp-2_70_2.tar.bz2:0.490661144257:0.0131044:0.49
> 0:False:10,23:156,105
> 1:True:10,16:156,105
> 2:False:13,22:156,106
> 3:False:10,20:156,105
> 4:False:12,22:156,106
> 5:False:13,28:156,106
rovers-suboptimal-old-noisy/70/rovers_noisy_p03_hyp-2_70_3.tar.bz2:0.494271039963:0.01364637:0.5
> 0:False:10,23:157,103
> 1:True:10,16:157,103
> 2:False:13,20:157,104
> 3:False:10,20:157,103
> 4:False:12,22:157,104
> 5:False:13,26:157,104
rovers-suboptimal-old-noisy/70/rovers_noisy_p03_hyp-3_70_1.tar.bz2:0.496039152145:0.01436761:0.5
> 0:False:10,22:158,107
> 1:False:10,18:158,107
> 2:True:13,15:158,108
> 3:False:10,20:158,107
> 4:False:12,24:158,108
> 5:False:13,21:158,108
rovers-suboptimal-old-noisy/70/rovers_noisy_p03_hyp-3_70_2.tar.bz2:0.49226808548:0.01368461:0.49
> 0:False:10,24:157,107
> 1:False:10,21:157,107
> 2:True:13,16:157,108
> 3:False:10,20:157,107
> 4:False:12,26:157,108
> 5:False:13,22:157,108
rovers-suboptimal-old-noisy/70/rovers_noisy_p03_hyp-3_70_3.tar.bz2:0.496476888657:0.01507387:0.51
> 0:False:10,23:159,114
> 1:False:10,19:159,114
> 2:True:13,14:159,115
> 3:False:10,19:159,114
> 4:False:12,25:159,115
> 5:False:13,22:159,115
rovers-suboptimal-old-noisy/70/rovers_noisy_p03_hyp-4_70_1.tar.bz2:0.492635965347:0.01265806:0.49
> 0:False:10,15:154,94
> 1:False:10,16:154,94
> 2:False:13,16:154,95
> 3:True:10,12:154,94
> 4:False:12,19:154,95
> 5:False:13,21:154,95
rovers-suboptimal-old-noisy/70/rovers_noisy_p03_hyp-4_70_2.tar.bz2:0.496261835098:0.01239484:0.5
> 0:False:10,15:154,91
> 1:False:10,16:154,91
> 2:False:13,18:154,92
> 3:True:10,11:154,91
> 4:False:12,19:154,92
> 5:False:13,21:154,92
rovers-suboptimal-old-noisy/70/rovers_noisy_p03_hyp-4_70_3.tar.bz2:0.491545915604:0.01231684:0.49
> 0:False:10,15:153,92
> 1:False:10,16:153,92
> 2:False:13,20:153,93
> 3:True:10,12:153,92
> 4:False:12,20:153,93
> 5:False:13,24:153,93
rovers-suboptimal-old-noisy/100/rovers_noisy_p01_hyp-1_full_1.tar.bz2:0.467392921448:0.01059863:0.47
> 0:True:8,9:97,86
> 1:False:9,15:97,86
> 2:False:9,15:97,86
> 3:False:8,15:97,86
> 4:False:9,14:97,86
> 5:False:10,19:97,87
rovers-suboptimal-old-noisy/100/rovers_noisy_p01_hyp-1_full_2.tar.bz2:0.469873905182:0.01020329:0.47
> 0:True:8,9:96,83
> 1:False:9,15:96,83
> 2:False:9,15:96,83
> 3:False:8,15:96,83
> 4:False:9,15:96,83
> 5:False:10,19:96,84
rovers-suboptimal-old-noisy/100/rovers_noisy_p01_hyp-1_full_3.tar.bz2:0.468158006668:0.01018162:0.47
> 0:True:8,9:96,84
> 1:False:9,15:96,84
> 2:False:9,15:96,84
> 3:False:8,15:96,84
> 4:False:9,15:96,84
> 5:False:10,19:96,85
rovers-suboptimal-old-noisy/100/rovers_noisy_p01_hyp-2_full_1.tar.bz2:0.466820955276:0.01071615:0.46
> 0:False:8,16:98,91
> 1:True:9,11:98,91
> 2:False:9,14:98,91
> 3:False:8,19:98,91
> 4:False:9,14:98,91
> 5:False:10,18:98,92
rovers-suboptimal-old-noisy/100/rovers_noisy_p01_hyp-2_full_2.tar.bz2:0.469367027283:0.00982024:0.47
> 0:False:8,16:96,83
> 1:True:9,11:96,83
> 2:False:9,14:96,83
> 3:False:8,19:96,83
> 4:False:9,14:96,83
> 5:False:10,18:96,84
rovers-suboptimal-old-noisy/100/rovers_noisy_p01_hyp-2_full_3.tar.bz2:0.46616101265:0.01056715:0.46
> 0:False:8,16:97,86
> 1:True:9,11:97,86
> 2:False:9,14:97,86
> 3:False:8,19:97,86
> 4:False:9,14:97,86
> 5:False:10,18:97,87
rovers-suboptimal-old-noisy/100/rovers_noisy_p01_hyp-3_full_1.tar.bz2:0.46834397316:0.01046564:0.48
> 0:False:8,15:98,91
> 1:False:9,14:98,91
> 2:True:9,11:98,91
> 3:False:8,16:98,91
> 4:False:9,14:98,91
> 5:False:10,18:98,92
rovers-suboptimal-old-noisy/100/rovers_noisy_p01_hyp-3_full_2.tar.bz2:0.469227075577:0.00916571:0.47
> 0:False:8,16:96,83
> 1:False:9,14:96,83
> 2:True:9,11:96,83
> 3:False:8,16:96,83
> 4:False:9,14:96,83
> 5:False:10,18:96,84
rovers-suboptimal-old-noisy/100/rovers_noisy_p01_hyp-3_full_3.tar.bz2:0.469470024109:0.01022615:0.47
> 0:False:8,16:97,86
> 1:False:9,14:97,86
> 2:True:9,11:97,86
> 3:False:8,16:97,86
> 4:False:9,13:97,86
> 5:False:10,18:97,87
rovers-suboptimal-old-noisy/100/rovers_noisy_p01_hyp-4_full_1.tar.bz2:0.468109130859:0.0105828:0.47
> 0:False:8,15:97,84
> 1:False:9,18:97,84
> 2:False:9,15:97,84
> 3:True:8,9:97,84
> 4:False:9,18:97,84
> 5:False:10,16:97,85
rovers-suboptimal-old-noisy/100/rovers_noisy_p01_hyp-4_full_2.tar.bz2:0.469259023666:0.01055751:0.46
> 0:False:8,15:97,84
> 1:False:9,18:97,84
> 2:False:9,15:97,84
> 3:True:8,9:97,84
> 4:False:9,18:97,84
> 5:False:10,16:97,85
rovers-suboptimal-old-noisy/100/rovers_noisy_p01_hyp-4_full_3.tar.bz2:0.469170093536:0.01018355:0.47
> 0:False:8,15:96,80
> 1:False:9,18:96,80
> 2:False:9,15:96,80
> 3:True:8,9:96,80
> 4:False:9,17:96,80
> 5:False:10,15:96,81
rovers-suboptimal-old-noisy/100/rovers_noisy_p02_hyp-1_full_1.tar.bz2:0.496267795563:0.01494998:0.49
> 0:True:10,12:159,106
> 1:False:13,20:159,107
> 2:False:12,15:159,107
> 3:False:10,16:159,106
> 4:False:13,24:159,107
> 5:False:13,18:159,106
rovers-suboptimal-old-noisy/100/rovers_noisy_p02_hyp-1_full_2.tar.bz2:0.493595123291:0.01429904:0.5
> 0:True:10,12:158,103
> 1:False:13,21:158,104
> 2:False:12,16:158,104
> 3:False:10,16:158,103
> 4:False:13,25:158,104
> 5:False:13,19:158,103
rovers-suboptimal-old-noisy/100/rovers_noisy_p02_hyp-1_full_3.tar.bz2:0.495452165604:0.01492797:0.5
> 0:True:10,12:159,106
> 1:False:13,23:159,107
> 2:False:12,16:159,107
> 3:False:10,17:159,106
> 4:False:13,24:159,107
> 5:False:13,19:159,106
rovers-suboptimal-old-noisy/100/rovers_noisy_p02_hyp-2_full_1.tar.bz2:0.496460914612:0.0148069:0.49
> 0:False:10,23:159,111
> 1:True:13,16:159,112
> 2:False:12,25:159,112
> 3:False:10,19:159,111
> 4:False:13,24:159,112
> 5:False:13,28:159,111
rovers-suboptimal-old-noisy/100/rovers_noisy_p02_hyp-2_full_2.tar.bz2:0.498221158981:0.01693801:0.5
> 0:False:10,23:163,125
> 1:True:13,16:163,126
> 2:False:12,25:163,126
> 3:False:10,19:163,125
> 4:False:13,22:163,126
> 5:False:13,28:163,125
rovers-suboptimal-old-noisy/100/rovers_noisy_p02_hyp-2_full_3.tar.bz2:0.496897220612:0.0158535:0.51
> 0:False:10,23:161,116
> 1:True:13,16:161,117
> 2:False:12,25:161,117
> 3:False:10,19:161,116
> 4:False:13,24:161,117
> 5:False:13,28:161,116
rovers-suboptimal-old-noisy/100/rovers_noisy_p02_hyp-3_full_1.tar.bz2:0.500002861023:0.01581419:0.5
> 0:False:10,19:161,114
> 1:False:13,27:161,115
> 2:True:12,16:161,115
> 3:False:10,21:161,114
> 4:False:13,23:161,115
> 5:False:13,22:161,114
rovers-suboptimal-old-noisy/100/rovers_noisy_p02_hyp-3_full_2.tar.bz2:0.494450092316:0.01574806:0.5
> 0:False:10,19:161,116
> 1:False:13,26:161,117
> 2:True:12,16:161,117
> 3:False:10,21:161,116
> 4:False:13,24:161,117
> 5:False:13,21:161,116
rovers-suboptimal-old-noisy/100/rovers_noisy_p02_hyp-3_full_3.tar.bz2:0.496299028397:0.01637782:0.49
> 0:False:10,19:162,118
> 1:False:13,27:162,119
> 2:True:12,16:162,119
> 3:False:10,21:162,118
> 4:False:13,25:162,119
> 5:False:13,20:162,118
rovers-suboptimal-old-noisy/100/rovers_noisy_p02_hyp-4_full_1.tar.bz2:0.495733976364:0.0150213:0.5
> 0:False:10,20:160,111
> 1:True:13,19:160,112
> 2:False:12,22:160,112
> 3:True:10,16:160,111
> 4:False:13,26:160,112
> 5:False:13,28:160,111
rovers-suboptimal-old-noisy/100/rovers_noisy_p02_hyp-4_full_2.tar.bz2:0.500261068344:0.0154552:0.5
> 0:False:10,20:160,112
> 1:False:13,20:160,113
> 2:False:12,20:160,113
> 3:True:10,16:160,112
> 4:False:13,26:160,113
> 5:False:13,26:160,112
rovers-suboptimal-old-noisy/100/rovers_noisy_p02_hyp-4_full_3.tar.bz2:0.49841094017:0.01624995:0.5
> 0:False:10,20:162,118
> 1:False:13,20:162,119
> 2:False:12,22:162,119
> 3:True:10,16:162,118
> 4:False:13,28:162,119
> 5:False:13,28:162,118
rovers-suboptimal-old-noisy/100/rovers_noisy_p03_hyp-1_full_1.tar.bz2:0.497385025024:0.01424107:0.51
> 0:True:10,12:158,101
> 1:False:10,19:158,101
> 2:False:13,23:158,102
> 3:False:10,16:158,101
> 4:False:12,19:158,102
> 5:False:13,21:158,102
rovers-suboptimal-old-noisy/100/rovers_noisy_p03_hyp-1_full_2.tar.bz2:0.495209932327:0.01329274:0.5
> 0:True:10,12:156,95
> 1:False:10,20:156,95
> 2:False:13,26:156,96
> 3:False:10,17:156,95
> 4:False:12,19:156,96
> 5:False:13,23:156,96
rovers-suboptimal-old-noisy/100/rovers_noisy_p03_hyp-1_full_3.tar.bz2:0.496901035309:0.0143103:0.49
> 0:True:10,12:158,104
> 1:False:10,18:158,104
> 2:False:13,24:158,105
> 3:False:10,16:158,104
> 4:False:12,19:158,105
> 5:False:13,22:158,105
rovers-suboptimal-old-noisy/100/rovers_noisy_p03_hyp-2_full_1.tar.bz2:0.498360157013:0.01547279:0.49
> 0:False:10,22:161,114
> 1:True:10,16:161,114
> 2:False:13,20:161,115
> 3:False:10,20:161,114
> 4:False:12,22:161,115
> 5:False:13,27:161,115
rovers-suboptimal-old-noisy/100/rovers_noisy_p03_hyp-2_full_2.tar.bz2:0.491400003433:0.01282177:0.5
> 0:False:10,23:158,106
> 1:True:10,16:158,106
> 2:False:13,23:158,107
> 3:False:10,20:158,106
> 4:False:12,22:158,107
> 5:False:13,29:158,107
rovers-suboptimal-old-noisy/100/rovers_noisy_p03_hyp-2_full_3.tar.bz2:0.499264955521:0.01529913:0.5
> 0:False:10,23:160,113
> 1:True:10,16:160,113
> 2:False:13,22:160,114
> 3:False:10,20:160,113
> 4:False:12,22:160,114
> 5:False:13,29:160,114
rovers-suboptimal-old-noisy/100/rovers_noisy_p03_hyp-3_full_1.tar.bz2:0.501611948013:0.01597843:0.5
> 0:False:10,26:161,118
> 1:False:10,22:161,118
> 2:True:13,16:161,119
> 3:False:10,22:161,118
> 4:False:12,28:161,119
> 5:False:13,25:161,119
rovers-suboptimal-old-noisy/100/rovers_noisy_p03_hyp-3_full_2.tar.bz2:0.499763965607:0.0159476:0.51
> 0:False:10,24:161,114
> 1:False:10,20:161,114
> 2:True:13,16:161,115
> 3:False:10,20:161,114
> 4:False:12,26:161,115
> 5:False:13,25:161,115
rovers-suboptimal-old-noisy/100/rovers_noisy_p03_hyp-3_full_3.tar.bz2:0.500436067581:0.01696724:0.5
> 0:False:10,25:163,124
> 1:False:10,20:163,124
> 2:True:13,16:163,125
> 3:False:10,21:163,124
> 4:False:12,25:163,125
> 5:False:13,24:163,125
rovers-suboptimal-old-noisy/100/rovers_noisy_p03_hyp-4_full_1.tar.bz2:0.495521068573:0.01475795:0.49
> 0:False:10,16:159,105
> 1:False:10,16:159,105
> 2:False:13,19:159,106
> 3:True:10,12:159,105
> 4:False:12,19:159,106
> 5:False:13,22:159,106
rovers-suboptimal-old-noisy/100/rovers_noisy_p03_hyp-4_full_2.tar.bz2:0.497597932816:0.01473652:0.5
> 0:False:10,17:159,107
> 1:False:10,17:159,107
> 2:False:13,18:159,108
> 3:True:10,12:159,107
> 4:False:12,22:159,108
> 5:False:13,24:159,108
rovers-suboptimal-old-noisy/100/rovers_noisy_p03_hyp-4_full_3.tar.bz2:0.497142076492:0.01419857:0.5
> 0:False:10,15:157,101
> 1:False:10,18:157,101
> 2:False:13,20:157,102
> 3:True:10,12:157,101
> 4:False:12,22:157,102
> 5:False:13,25:157,102
