rovers-suboptimal-old-noisy/10/rovers_noisy_p01_hyp-1_10_1.tar.bz2:0.570657014847:0.06306354:0.56
> 0:True:8,8:8177,893
> 1:False:8,10:8177,893
> 2:False:8,10:8177,893
> 3:False:8,11:8177,893
> 4:False:8,11:8177,893
> 5:False:9,13:8177,893
rovers-suboptimal-old-noisy/10/rovers_noisy_p01_hyp-1_10_2.tar.bz2:0.568114995956:0.06289822:0.57
> 0:True:8,8:8178,895
> 1:True:8,8:8178,895
> 2:True:8,8:8178,895
> 3:False:8,9:8178,895
> 4:False:8,9:8178,895
> 5:False:9,11:8178,895
rovers-suboptimal-old-noisy/10/rovers_noisy_p01_hyp-1_10_3.tar.bz2:0.572817087173:0.06522932:0.57
> 0:True:8,8:8178,895
> 1:True:8,8:8178,895
> 2:True:8,8:8178,895
> 3:False:8,10:8178,895
> 4:True:8,8:8178,895
> 5:True:9,9:8178,895
rovers-suboptimal-old-noisy/10/rovers_noisy_p01_hyp-2_10_1.tar.bz2:0.572269916534:0.06598345:0.57
> 0:False:8,10:8179,897
> 1:True:8,8:8179,897
> 2:False:8,9:8179,897
> 3:False:8,11:8179,897
> 4:False:8,10:8179,897
> 5:False:9,11:8179,897
rovers-suboptimal-old-noisy/10/rovers_noisy_p01_hyp-2_10_2.tar.bz2:0.568726062775:0.06431477:0.58
> 0:True:8,8:8179,897
> 1:True:8,8:8179,897
> 2:True:8,8:8179,897
> 3:False:8,9:8179,897
> 4:False:8,9:8179,897
> 5:False:9,11:8179,897
rovers-suboptimal-old-noisy/10/rovers_noisy_p01_hyp-2_10_3.tar.bz2:0.570245027542:0.06478406:0.56
> 0:False:8,10:8179,897
> 1:True:8,8:8179,897
> 2:False:8,10:8179,897
> 3:False:8,12:8179,897
> 4:False:8,11:8179,897
> 5:False:9,14:8179,897
rovers-suboptimal-old-noisy/10/rovers_noisy_p01_hyp-3_10_1.tar.bz2:0.569415092468:0.0640083:0.57
> 0:False:8,9:8178,895
> 1:False:8,9:8178,895
> 2:True:8,8:8178,895
> 3:False:8,11:8178,895
> 4:False:8,10:8178,895
> 5:False:9,14:8178,895
rovers-suboptimal-old-noisy/10/rovers_noisy_p01_hyp-3_10_2.tar.bz2:0.574459075928:0.06640272:0.58
> 0:False:8,9:8179,897
> 1:True:8,8:8179,897
> 2:True:8,8:8179,897
> 3:False:8,10:8179,897
> 4:True:8,8:8179,897
> 5:False:9,10:8179,897
rovers-suboptimal-old-noisy/10/rovers_noisy_p01_hyp-3_10_3.tar.bz2:0.571086168289:0.06387722:0.57
> 0:False:8,10:8179,897
> 1:True:8,8:8179,897
> 2:True:8,8:8179,897
> 3:False:8,11:8179,897
> 4:True:8,8:8179,897
> 5:False:9,11:8179,897
rovers-suboptimal-old-noisy/10/rovers_noisy_p01_hyp-4_10_1.tar.bz2:0.567071199417:0.06370083:0.56
> 0:False:8,9:8178,895
> 1:False:8,9:8178,895
> 2:False:8,9:8178,895
> 3:True:8,8:8178,895
> 4:False:8,9:8178,895
> 5:True:9,9:8178,895
rovers-suboptimal-old-noisy/10/rovers_noisy_p01_hyp-4_10_2.tar.bz2:0.56725692749:0.06212496:0.57
> 0:True:8,8:8177,893
> 1:False:8,9:8177,893
> 2:False:8,9:8177,893
> 3:True:8,8:8177,893
> 4:False:8,9:8177,893
> 5:False:9,10:8177,893
rovers-suboptimal-old-noisy/10/rovers_noisy_p01_hyp-4_10_3.tar.bz2:0.566385030746:0.0629855:0.57
> 0:False:8,9:8177,893
> 1:False:8,9:8177,893
> 2:False:8,9:8177,893
> 3:True:8,8:8177,893
> 4:False:8,9:8177,893
> 5:True:9,9:8177,893
rovers-suboptimal-old-noisy/10/rovers_noisy_p02_hyp-1_10_1.tar.bz2:0.739670038223:0.1526689:0.74
> 0:True:10,10:16055,1476
> 1:False:12,13:16055,1476
> 2:True:11,11:16055,1476
> 3:True:11,11:16055,1476
> 4:False:12,13:16055,1476
> 5:False:11,12:16055,1476
rovers-suboptimal-old-noisy/10/rovers_noisy_p02_hyp-1_10_2.tar.bz2:0.725450992584:0.1388562:0.72
> 0:True:10,10:16055,1476
> 1:False:12,14:16055,1476
> 2:True:11,11:16055,1476
> 3:True:11,11:16055,1476
> 4:True:12,12:16055,1476
> 5:False:11,13:16055,1476
rovers-suboptimal-old-noisy/10/rovers_noisy_p02_hyp-1_10_3.tar.bz2:0.732866048813:0.1468285:0.74
> 0:True:10,10:16055,1476
> 1:False:12,14:16055,1476
> 2:True:11,11:16055,1476
> 3:True:11,11:16055,1476
> 4:False:12,14:16055,1476
> 5:True:11,11:16055,1476
rovers-suboptimal-old-noisy/10/rovers_noisy_p02_hyp-2_10_1.tar.bz2:0.735773086548:0.1503215:0.73
> 0:False:10,12:16055,1476
> 1:True:12,12:16055,1476
> 2:False:11,13:16055,1476
> 3:True:11,11:16055,1476
> 4:False:12,15:16055,1476
> 5:False:11,14:16055,1476
rovers-suboptimal-old-noisy/10/rovers_noisy_p02_hyp-2_10_2.tar.bz2:0.727063179016:0.1390405:0.73
> 0:False:10,13:16055,1476
> 1:True:12,12:16055,1476
> 2:False:11,12:16055,1476
> 3:True:11,11:16055,1476
> 4:False:12,15:16055,1476
> 5:False:11,14:16055,1476
rovers-suboptimal-old-noisy/10/rovers_noisy_p02_hyp-2_10_3.tar.bz2:0.71795797348:0.1334608:0.72
> 0:False:10,12:16054,1474
> 1:True:12,12:16054,1474
> 2:False:11,13:16054,1474
> 3:False:11,12:16054,1474
> 4:False:12,14:16054,1474
> 5:False:11,14:16054,1474
rovers-suboptimal-old-noisy/10/rovers_noisy_p02_hyp-3_10_1.tar.bz2:0.727572917938:0.1400704:0.73
> 0:True:10,10:16055,1476
> 1:False:12,14:16055,1476
> 2:True:11,11:16055,1476
> 3:False:11,13:16055,1476
> 4:False:12,14:16055,1476
> 5:True:11,11:16055,1476
rovers-suboptimal-old-noisy/10/rovers_noisy_p02_hyp-3_10_2.tar.bz2:0.726023197174:0.1425145:0.73
> 0:True:10,11:16054,1474
> 1:False:12,14:16054,1474
> 2:True:11,12:16054,1474
> 3:False:11,13:16054,1474
> 4:False:12,14:16054,1474
> 5:True:11,12:16054,1474
rovers-suboptimal-old-noisy/10/rovers_noisy_p02_hyp-3_10_3.tar.bz2:0.721922874451:0.1389316:0.72
> 0:False:10,12:16055,1476
> 1:False:12,14:16055,1476
> 2:True:11,12:16055,1476
> 3:False:11,13:16055,1476
> 4:True:12,13:16055,1476
> 5:True:11,12:16055,1476
rovers-suboptimal-old-noisy/10/rovers_noisy_p02_hyp-4_10_1.tar.bz2:0.726212978363:0.1394073:0.73
> 0:False:10,12:16055,1476
> 1:True:12,13:16055,1476
> 2:False:11,13:16055,1476
> 3:True:11,12:16055,1476
> 4:True:12,13:16055,1476
> 5:False:11,13:16055,1476
rovers-suboptimal-old-noisy/10/rovers_noisy_p02_hyp-4_10_2.tar.bz2:0.729390859604:0.1424914:0.72
> 0:False:10,11:16055,1476
> 1:True:12,12:16055,1476
> 2:False:11,12:16055,1476
> 3:True:11,11:16055,1476
> 4:False:12,13:16055,1476
> 5:False:11,12:16055,1476
rovers-suboptimal-old-noisy/10/rovers_noisy_p02_hyp-4_10_3.tar.bz2:0.731677055359:0.1482333:0.73
> 0:False:10,13:16054,1474
> 1:True:12,14:16054,1474
> 2:False:11,14:16054,1474
> 3:True:11,13:16054,1474
> 4:False:12,15:16054,1474
> 5:False:11,14:16054,1474
rovers-suboptimal-old-noisy/10/rovers_noisy_p03_hyp-1_10_1.tar.bz2:0.71484208107:0.1304619:0.72
> 0:True:10,10:16055,1476
> 1:False:11,12:16055,1476
> 2:True:12,12:16055,1476
> 3:True:10,10:16055,1476
> 4:True:11,11:16055,1476
> 5:False:12,13:16055,1476
rovers-suboptimal-old-noisy/10/rovers_noisy_p03_hyp-1_10_2.tar.bz2:0.717967033386:0.1340573:0.72
> 0:True:10,10:16054,1474
> 1:False:11,13:16054,1474
> 2:False:12,16:16054,1474
> 3:True:10,10:16054,1474
> 4:False:11,13:16054,1474
> 5:False:12,16:16054,1474
rovers-suboptimal-old-noisy/10/rovers_noisy_p03_hyp-1_10_3.tar.bz2:0.721693992615:0.1359156:0.71
> 0:True:10,10:16054,1474
> 1:False:11,13:16054,1474
> 2:False:12,14:16054,1474
> 3:True:10,10:16054,1474
> 4:False:11,13:16054,1474
> 5:False:12,14:16054,1474
rovers-suboptimal-old-noisy/10/rovers_noisy_p03_hyp-2_10_1.tar.bz2:0.719691991806:0.1354724:0.72
> 0:True:10,10:16055,1476
> 1:True:11,11:16055,1476
> 2:False:12,14:16055,1476
> 3:True:10,10:16055,1476
> 4:True:11,11:16055,1476
> 5:False:12,13:16055,1476
rovers-suboptimal-old-noisy/10/rovers_noisy_p03_hyp-2_10_2.tar.bz2:0.723670005798:0.1387687:0.73
> 0:False:10,12:16055,1476
> 1:True:11,11:16055,1476
> 2:False:12,13:16055,1476
> 3:False:10,12:16055,1476
> 4:False:11,13:16055,1476
> 5:False:12,13:16055,1476
rovers-suboptimal-old-noisy/10/rovers_noisy_p03_hyp-2_10_3.tar.bz2:0.725630044937:0.1400165:0.73
> 0:False:10,14:16055,1476
> 1:True:11,12:16055,1476
> 2:True:12,13:16055,1476
> 3:True:10,11:16055,1476
> 4:False:11,14:16055,1476
> 5:False:12,16:16055,1476
rovers-suboptimal-old-noisy/10/rovers_noisy_p03_hyp-3_10_1.tar.bz2:0.723873853683:0.1381714:0.72
> 0:False:10,13:16055,1476
> 1:False:11,13:16055,1476
> 2:True:12,12:16055,1476
> 3:False:10,13:16055,1476
> 4:False:11,14:16055,1476
> 5:True:12,12:16055,1476
rovers-suboptimal-old-noisy/10/rovers_noisy_p03_hyp-3_10_2.tar.bz2:0.727946996689:0.1403558:0.73
> 0:False:10,14:16054,1474
> 1:False:11,14:16054,1474
> 2:True:12,12:16054,1474
> 3:False:10,12:16054,1474
> 4:False:11,15:16054,1474
> 5:False:12,15:16054,1474
rovers-suboptimal-old-noisy/10/rovers_noisy_p03_hyp-3_10_3.tar.bz2:0.728397846222:0.1413496:0.73
> 0:False:10,11:16054,1474
> 1:True:11,11:16054,1474
> 2:True:12,12:16054,1474
> 3:False:10,11:16054,1474
> 4:False:11,12:16054,1474
> 5:False:12,13:16054,1474
rovers-suboptimal-old-noisy/10/rovers_noisy_p03_hyp-4_10_1.tar.bz2:0.722053050995:0.1356748:0.72
> 0:False:10,14:16055,1476
> 1:False:11,14:16055,1476
> 2:True:12,13:16055,1476
> 3:True:10,11:16055,1476
> 4:False:11,15:16055,1476
> 5:False:12,16:16055,1476
rovers-suboptimal-old-noisy/10/rovers_noisy_p03_hyp-4_10_2.tar.bz2:0.717295885086:0.1325497:0.72
> 0:False:10,11:16055,1476
> 1:True:11,11:16055,1476
> 2:True:12,12:16055,1476
> 3:True:10,10:16055,1476
> 4:False:11,12:16055,1476
> 5:False:12,13:16055,1476
rovers-suboptimal-old-noisy/10/rovers_noisy_p03_hyp-4_10_3.tar.bz2:0.722609996796:0.1364893:0.71
> 0:True:10,10:16054,1474
> 1:False:11,12:16054,1474
> 2:False:12,13:16054,1474
> 3:True:10,10:16054,1474
> 4:False:11,12:16054,1474
> 5:False:12,13:16054,1474
rovers-suboptimal-old-noisy/30/rovers_noisy_p01_hyp-1_30_1.tar.bz2:0.569171905518:0.06346846:0.57
> 0:True:8,8:8180,899
> 1:True:8,8:8180,899
> 2:True:8,8:8180,899
> 3:False:8,10:8180,899
> 4:False:8,9:8180,899
> 5:False:9,12:8180,899
rovers-suboptimal-old-noisy/30/rovers_noisy_p01_hyp-1_30_2.tar.bz2:0.571789979935:0.06756216:0.58
> 0:True:8,8:8180,899
> 1:False:8,10:8180,899
> 2:False:8,10:8180,899
> 3:False:8,10:8180,899
> 4:False:8,11:8180,899
> 5:False:9,13:8180,899
rovers-suboptimal-old-noisy/30/rovers_noisy_p01_hyp-1_30_3.tar.bz2:0.568554162979:0.06292084:0.57
> 0:True:8,8:8180,899
> 1:False:8,9:8180,899
> 2:False:8,9:8180,899
> 3:False:8,10:8180,899
> 4:False:8,10:8180,899
> 5:False:9,13:8180,899
rovers-suboptimal-old-noisy/30/rovers_noisy_p01_hyp-2_30_1.tar.bz2:0.573268890381:0.06536886:0.58
> 0:True:8,10:8181,901
> 1:True:8,10:8181,901
> 2:True:8,10:8181,901
> 3:False:8,12:8181,901
> 4:True:8,10:8181,901
> 5:False:9,14:8181,901
rovers-suboptimal-old-noisy/30/rovers_noisy_p01_hyp-2_30_2.tar.bz2:0.576678991318:0.06850301:0.57
> 0:False:8,11:8181,901
> 1:True:8,10:8181,901
> 2:False:8,11:8181,901
> 3:False:8,14:8181,901
> 4:False:8,12:8181,901
> 5:False:9,16:8181,901
rovers-suboptimal-old-noisy/30/rovers_noisy_p01_hyp-2_30_3.tar.bz2:0.573199987411:0.06593794:0.57
> 0:False:8,9:8181,901
> 1:True:8,8:8181,901
> 2:False:8,9:8181,901
> 3:False:8,12:8181,901
> 4:False:8,10:8181,901
> 5:False:9,14:8181,901
rovers-suboptimal-old-noisy/30/rovers_noisy_p01_hyp-3_30_1.tar.bz2:0.5680539608:0.06452039:0.57
> 0:False:8,11:8181,901
> 1:False:8,9:8181,901
> 2:True:8,8:8181,901
> 3:False:8,11:8181,901
> 4:False:8,10:8181,901
> 5:False:9,13:8181,901
rovers-suboptimal-old-noisy/30/rovers_noisy_p01_hyp-3_30_2.tar.bz2:0.569360017776:0.06342713:0.57
> 0:False:8,11:8180,899
> 1:False:8,10:8180,899
> 2:True:8,9:8180,899
> 3:False:8,11:8180,899
> 4:False:8,11:8180,899
> 5:False:9,13:8180,899
rovers-suboptimal-old-noisy/30/rovers_noisy_p01_hyp-3_30_3.tar.bz2:0.569226980209:0.0630653:0.57
> 0:False:8,11:8180,899
> 1:False:8,10:8180,899
> 2:True:8,9:8180,899
> 3:False:8,11:8180,899
> 4:False:8,11:8180,899
> 5:False:9,13:8180,899
rovers-suboptimal-old-noisy/30/rovers_noisy_p01_hyp-4_30_1.tar.bz2:0.56800699234:0.06357563:0.57
> 0:False:8,11:8180,899
> 1:False:8,11:8180,899
> 2:False:8,10:8180,899
> 3:True:8,8:8180,899
> 4:False:8,12:8180,899
> 5:False:9,11:8180,899
rovers-suboptimal-old-noisy/30/rovers_noisy_p01_hyp-4_30_2.tar.bz2:0.568768978119:0.06320892:0.57
> 0:False:8,11:8179,897
> 1:False:8,11:8179,897
> 2:False:8,9:8179,897
> 3:True:8,8:8179,897
> 4:False:8,12:8179,897
> 5:False:9,12:8179,897
rovers-suboptimal-old-noisy/30/rovers_noisy_p01_hyp-4_30_3.tar.bz2:0.568588018417:0.06238846:0.57
> 0:False:8,12:8178,895
> 1:False:8,12:8178,895
> 2:False:8,12:8178,895
> 3:True:8,9:8178,895
> 4:False:8,12:8178,895
> 5:True:9,10:8178,895
rovers-suboptimal-old-noisy/30/rovers_noisy_p02_hyp-1_30_1.tar.bz2:0.720714092255:0.1336446:0.73
> 0:True:10,11:16057,1480
> 1:False:12,15:16057,1480
> 2:True:11,12:16057,1480
> 3:False:11,14:16057,1480
> 4:False:12,16:16057,1480
> 5:True:11,12:16057,1480
rovers-suboptimal-old-noisy/30/rovers_noisy_p02_hyp-1_30_2.tar.bz2:0.724055051804:0.1350689:0.72
> 0:True:10,10:16057,1480
> 1:False:12,14:16057,1480
> 2:False:11,13:16057,1480
> 3:False:11,13:16057,1480
> 4:False:12,16:16057,1480
> 5:False:11,13:16057,1480
rovers-suboptimal-old-noisy/30/rovers_noisy_p02_hyp-1_30_3.tar.bz2:0.725016117096:0.1363569:0.72
> 0:True:10,12:16056,1478
> 1:False:12,15:16056,1478
> 2:False:11,14:16056,1478
> 3:False:11,14:16056,1478
> 4:False:12,15:16056,1478
> 5:True:11,13:16056,1478
rovers-suboptimal-old-noisy/30/rovers_noisy_p02_hyp-2_30_1.tar.bz2:0.726362943649:0.1391056:0.74
> 0:False:10,14:16060,1486
> 1:True:12,12:16060,1486
> 2:False:11,15:16060,1486
> 3:False:11,12:16060,1486
> 4:False:12,17:16060,1486
> 5:False:11,16:16060,1486
rovers-suboptimal-old-noisy/30/rovers_noisy_p02_hyp-2_30_2.tar.bz2:0.724366903305:0.1368532:0.72
> 0:False:10,14:16060,1486
> 1:False:12,13:16060,1486
> 2:False:11,17:16060,1486
> 3:False:11,15:16060,1486
> 4:True:12,12:16060,1486
> 5:False:11,16:16060,1486
rovers-suboptimal-old-noisy/30/rovers_noisy_p02_hyp-2_30_3.tar.bz2:0.721918106079:0.1352061:0.73
> 0:False:10,14:16060,1486
> 1:True:12,14:16060,1486
> 2:False:11,15:16060,1486
> 3:False:11,14:16060,1486
> 4:False:12,17:16060,1486
> 5:False:11,15:16060,1486
rovers-suboptimal-old-noisy/30/rovers_noisy_p02_hyp-3_30_1.tar.bz2:0.722630977631:0.1363817:0.73
> 0:False:10,14:16059,1484
> 1:False:12,16:16059,1484
> 2:True:11,12:16059,1484
> 3:False:11,15:16059,1484
> 4:True:12,13:16059,1484
> 5:True:11,12:16059,1484
rovers-suboptimal-old-noisy/30/rovers_noisy_p02_hyp-3_30_2.tar.bz2:0.742058992386:0.1520078:0.74
> 0:False:10,14:16059,1484
> 1:False:12,16:16059,1484
> 2:True:11,13:16059,1484
> 3:False:11,15:16059,1484
> 4:False:12,15:16059,1484
> 5:True:11,13:16059,1484
rovers-suboptimal-old-noisy/30/rovers_noisy_p02_hyp-3_30_3.tar.bz2:0.727005004883:0.1400585:0.72
> 0:False:10,13:16060,1486
> 1:False:12,17:16060,1486
> 2:True:11,12:16060,1486
> 3:False:11,15:16060,1486
> 4:False:12,14:16060,1486
> 5:False:11,14:16060,1486
rovers-suboptimal-old-noisy/30/rovers_noisy_p02_hyp-4_30_1.tar.bz2:0.728046178818:0.1398018:0.72
> 0:False:10,12:16058,1482
> 1:False:12,13:16058,1482
> 2:False:11,13:16058,1482
> 3:True:11,11:16058,1482
> 4:False:12,14:16058,1482
> 5:False:11,14:16058,1482
rovers-suboptimal-old-noisy/30/rovers_noisy_p02_hyp-4_30_2.tar.bz2:0.728945016861:0.1435351:0.72
> 0:False:10,11:16058,1482
> 1:True:12,12:16058,1482
> 2:False:11,12:16058,1482
> 3:True:11,11:16058,1482
> 4:False:12,16:16058,1482
> 5:False:11,15:16058,1482
rovers-suboptimal-old-noisy/30/rovers_noisy_p02_hyp-4_30_3.tar.bz2:0.734288930893:0.1464391:0.73
> 0:False:10,12:16058,1482
> 1:False:12,13:16058,1482
> 2:False:11,13:16058,1482
> 3:True:11,11:16058,1482
> 4:False:12,14:16058,1482
> 5:False:11,14:16058,1482
rovers-suboptimal-old-noisy/30/rovers_noisy_p03_hyp-1_30_1.tar.bz2:0.725750923157:0.1406004:0.73
> 0:True:10,11:16057,1480
> 1:False:11,14:16057,1480
> 2:False:12,15:16057,1480
> 3:False:10,13:16057,1480
> 4:True:11,12:16057,1480
> 5:False:12,15:16057,1480
rovers-suboptimal-old-noisy/30/rovers_noisy_p03_hyp-1_30_2.tar.bz2:0.728208065033:0.1409485:0.72
> 0:True:10,10:16056,1478
> 1:False:11,14:16056,1478
> 2:False:12,15:16056,1478
> 3:False:10,11:16056,1478
> 4:False:11,14:16056,1478
> 5:False:12,14:16056,1478
rovers-suboptimal-old-noisy/30/rovers_noisy_p03_hyp-1_30_3.tar.bz2:0.726224899292:0.1377002:0.73
> 0:True:10,10:16056,1478
> 1:False:11,15:16056,1478
> 2:False:12,16:16056,1478
> 3:False:10,13:16056,1478
> 4:False:11,13:16056,1478
> 5:False:12,15:16056,1478
rovers-suboptimal-old-noisy/30/rovers_noisy_p03_hyp-2_30_1.tar.bz2:0.72487282753:0.1391515:0.73
> 0:False:10,11:16057,1480
> 1:True:11,11:16057,1480
> 2:False:12,13:16057,1480
> 3:True:10,10:16057,1480
> 4:False:11,12:16057,1480
> 5:False:12,15:16057,1480
rovers-suboptimal-old-noisy/30/rovers_noisy_p03_hyp-2_30_2.tar.bz2:0.726707935333:0.141804:0.73
> 0:False:10,13:16056,1478
> 1:True:11,12:16056,1478
> 2:True:12,13:16056,1478
> 3:False:10,13:16056,1478
> 4:False:11,14:16056,1478
> 5:False:12,15:16056,1478
rovers-suboptimal-old-noisy/30/rovers_noisy_p03_hyp-2_30_3.tar.bz2:0.721212148666:0.1349721:0.71
> 0:False:10,13:16058,1482
> 1:True:11,11:16058,1482
> 2:False:12,14:16058,1482
> 3:False:10,14:16058,1482
> 4:False:11,13:16058,1482
> 5:False:12,17:16058,1482
rovers-suboptimal-old-noisy/30/rovers_noisy_p03_hyp-3_30_1.tar.bz2:0.726693868637:0.1409648:0.73
> 0:False:10,15:16060,1486
> 1:False:11,15:16060,1486
> 2:True:12,14:16060,1486
> 3:False:10,13:16060,1486
> 4:False:11,16:16060,1486
> 5:False:12,18:16060,1486
rovers-suboptimal-old-noisy/30/rovers_noisy_p03_hyp-3_30_2.tar.bz2:0.714574098587:0.130617:0.71
> 0:False:10,15:16060,1486
> 1:False:11,14:16060,1486
> 2:True:12,14:16060,1486
> 3:False:10,14:16060,1486
> 4:False:11,16:16060,1486
> 5:False:12,17:16060,1486
rovers-suboptimal-old-noisy/30/rovers_noisy_p03_hyp-3_30_3.tar.bz2:0.714243173599:0.1292143:0.72
> 0:False:10,16:16060,1486
> 1:False:11,14:16060,1486
> 2:True:12,13:16060,1486
> 3:False:10,14:16060,1486
> 4:False:11,17:16060,1486
> 5:False:12,17:16060,1486
rovers-suboptimal-old-noisy/30/rovers_noisy_p03_hyp-4_30_1.tar.bz2:0.713348865509:0.1272056:0.72
> 0:False:10,14:16056,1478
> 1:False:11,14:16056,1478
> 2:False:12,15:16056,1478
> 3:True:10,11:16056,1478
> 4:False:11,15:16056,1478
> 5:False:12,18:16056,1478
rovers-suboptimal-old-noisy/30/rovers_noisy_p03_hyp-4_30_2.tar.bz2:0.720584154129:0.1341142:0.72
> 0:False:10,15:16056,1478
> 1:False:11,15:16056,1478
> 2:False:12,15:16056,1478
> 3:True:10,11:16056,1478
> 4:False:11,17:16056,1478
> 5:False:12,19:16056,1478
rovers-suboptimal-old-noisy/30/rovers_noisy_p03_hyp-4_30_3.tar.bz2:0.719686031342:0.1293294:0.72
> 0:True:10,10:16057,1480
> 1:False:11,13:16057,1480
> 2:False:12,14:16057,1480
> 3:True:10,10:16057,1480
> 4:False:11,13:16057,1480
> 5:False:12,13:16057,1480
rovers-suboptimal-old-noisy/50/rovers_noisy_p01_hyp-1_50_1.tar.bz2:0.575089931488:0.06861917:0.57
> 0:True:8,8:8182,903
> 1:False:8,10:8182,903
> 2:False:8,10:8182,903
> 3:False:8,11:8182,903
> 4:False:8,11:8182,903
> 5:False:9,14:8182,903
rovers-suboptimal-old-noisy/50/rovers_noisy_p01_hyp-1_50_2.tar.bz2:0.572678804398:0.06580068:0.56
> 0:True:8,8:8182,903
> 1:True:8,8:8182,903
> 2:True:8,8:8182,903
> 3:False:8,10:8182,903
> 4:False:8,9:8182,903
> 5:False:9,12:8182,903
rovers-suboptimal-old-noisy/50/rovers_noisy_p01_hyp-1_50_3.tar.bz2:0.571674823761:0.0691377:0.57
> 0:True:8,8:8181,901
> 1:False:8,11:8181,901
> 2:False:8,11:8181,901
> 3:False:8,12:8181,901
> 4:False:8,11:8181,901
> 5:False:9,15:8181,901
rovers-suboptimal-old-noisy/50/rovers_noisy_p01_hyp-2_50_1.tar.bz2:0.575916051865:0.0691457:0.58
> 0:False:8,11:8182,903
> 1:True:8,9:8182,903
> 2:False:8,10:8182,903
> 3:False:8,14:8182,903
> 4:False:8,11:8182,903
> 5:False:9,13:8182,903
rovers-suboptimal-old-noisy/50/rovers_noisy_p01_hyp-2_50_2.tar.bz2:0.580507993698:0.0695481:0.58
> 0:False:8,13:8184,907
> 1:True:8,9:8184,907
> 2:False:8,11:8184,907
> 3:False:8,14:8184,907
> 4:False:8,12:8184,907
> 5:False:9,15:8184,907
rovers-suboptimal-old-noisy/50/rovers_noisy_p01_hyp-2_50_3.tar.bz2:0.577899932861:0.06779835:0.58
> 0:False:8,12:8183,905
> 1:True:8,9:8183,905
> 2:False:8,11:8183,905
> 3:False:8,15:8183,905
> 4:False:8,12:8183,905
> 5:False:9,15:8183,905
rovers-suboptimal-old-noisy/50/rovers_noisy_p01_hyp-3_50_1.tar.bz2:0.57843708992:0.06845677:0.58
> 0:False:8,12:8183,905
> 1:False:8,10:8183,905
> 2:True:8,9:8183,905
> 3:False:8,13:8183,905
> 4:False:8,11:8183,905
> 5:False:9,14:8183,905
rovers-suboptimal-old-noisy/50/rovers_noisy_p01_hyp-3_50_2.tar.bz2:0.578530073166:0.06627468:0.57
> 0:False:8,13:8183,905
> 1:True:8,10:8183,905
> 2:True:8,10:8183,905
> 3:False:8,13:8183,905
> 4:False:8,12:8183,905
> 5:False:9,14:8183,905
rovers-suboptimal-old-noisy/50/rovers_noisy_p01_hyp-3_50_3.tar.bz2:0.580672979355:0.06889449:0.58
> 0:False:8,11:8184,907
> 1:False:8,11:8184,907
> 2:True:8,9:8184,907
> 3:False:8,11:8184,907
> 4:False:8,12:8184,907
> 5:False:9,14:8184,907
rovers-suboptimal-old-noisy/50/rovers_noisy_p01_hyp-4_50_1.tar.bz2:0.582916975021:0.0703527:0.58
> 0:False:8,11:8181,901
> 1:False:8,12:8181,901
> 2:False:8,12:8181,901
> 3:True:8,8:8181,901
> 4:False:8,12:8181,901
> 5:True:9,9:8181,901
rovers-suboptimal-old-noisy/50/rovers_noisy_p01_hyp-4_50_2.tar.bz2:0.580982923508:0.07000605:0.58
> 0:False:8,11:8181,901
> 1:False:8,12:8181,901
> 2:False:8,10:8181,901
> 3:True:8,8:8181,901
> 4:False:8,13:8181,901
> 5:False:9,12:8181,901
rovers-suboptimal-old-noisy/50/rovers_noisy_p01_hyp-4_50_3.tar.bz2:0.580103158951:0.0691601:0.58
> 0:False:8,12:8182,903
> 1:False:8,12:8182,903
> 2:False:8,10:8182,903
> 3:True:8,8:8182,903
> 4:False:8,11:8182,903
> 5:False:9,11:8182,903
rovers-suboptimal-old-noisy/50/rovers_noisy_p02_hyp-1_50_1.tar.bz2:0.729985952377:0.13802:0.73
> 0:True:10,11:16061,1488
> 1:False:12,16:16061,1488
> 2:False:11,14:16061,1488
> 3:False:11,14:16061,1488
> 4:False:12,19:16061,1488
> 5:False:11,14:16061,1488
rovers-suboptimal-old-noisy/50/rovers_noisy_p02_hyp-1_50_2.tar.bz2:0.729821920395:0.1372035:0.72
> 0:True:10,11:16061,1488
> 1:False:12,17:16061,1488
> 2:True:11,12:16061,1488
> 3:False:11,14:16061,1488
> 4:False:12,17:16061,1488
> 5:False:11,13:16061,1488
rovers-suboptimal-old-noisy/50/rovers_noisy_p02_hyp-1_50_3.tar.bz2:0.736120939255:0.1452702:0.74
> 0:True:10,12:16060,1486
> 1:False:12,17:16060,1486
> 2:True:11,13:16060,1486
> 3:False:11,15:16060,1486
> 4:False:12,19:16060,1486
> 5:False:11,16:16060,1486
rovers-suboptimal-old-noisy/50/rovers_noisy_p02_hyp-2_50_1.tar.bz2:0.730854034424:0.1357352:0.73
> 0:False:10,16:16062,1490
> 1:True:12,12:16062,1490
> 2:False:11,17:16062,1490
> 3:False:11,14:16062,1490
> 4:False:12,14:16062,1490
> 5:False:11,18:16062,1490
rovers-suboptimal-old-noisy/50/rovers_noisy_p02_hyp-2_50_2.tar.bz2:0.734687805176:0.1408077:0.73
> 0:False:10,15:16062,1490
> 1:True:12,12:16062,1490
> 2:False:11,16:16062,1490
> 3:False:11,13:16062,1490
> 4:False:12,16:16062,1490
> 5:False:11,19:16062,1490
rovers-suboptimal-old-noisy/50/rovers_noisy_p02_hyp-2_50_3.tar.bz2:0.729798078537:0.1375521:0.74
> 0:False:10,15:16061,1488
> 1:True:12,12:16061,1488
> 2:False:11,16:16061,1488
> 3:False:11,13:16061,1488
> 4:False:12,17:16061,1488
> 5:False:11,18:16061,1488
rovers-suboptimal-old-noisy/50/rovers_noisy_p02_hyp-3_50_1.tar.bz2:0.74156999588:0.150641:0.74
> 0:False:10,15:16062,1490
> 1:False:12,19:16062,1490
> 2:True:11,14:16062,1490
> 3:False:11,16:16062,1490
> 4:False:12,18:16062,1490
> 5:False:11,16:16062,1490
rovers-suboptimal-old-noisy/50/rovers_noisy_p02_hyp-3_50_2.tar.bz2:0.739097833633:0.1440747:0.74
> 0:False:10,13:16062,1490
> 1:False:12,19:16062,1490
> 2:True:11,12:16062,1490
> 3:False:11,16:16062,1490
> 4:False:12,16:16062,1490
> 5:False:11,13:16062,1490
rovers-suboptimal-old-noisy/50/rovers_noisy_p02_hyp-3_50_3.tar.bz2:0.731519937515:0.1361835:0.73
> 0:False:10,14:16063,1492
> 1:False:12,17:16063,1492
> 2:True:11,13:16063,1492
> 3:False:11,15:16063,1492
> 4:False:12,17:16063,1492
> 5:False:11,14:16063,1492
rovers-suboptimal-old-noisy/50/rovers_noisy_p02_hyp-4_50_1.tar.bz2:0.729331016541:0.1362963:0.73
> 0:False:10,13:16062,1490
> 1:False:12,16:16062,1490
> 2:False:11,14:16062,1490
> 3:True:11,13:16062,1490
> 4:False:12,18:16062,1490
> 5:False:11,17:16062,1490
rovers-suboptimal-old-noisy/50/rovers_noisy_p02_hyp-4_50_2.tar.bz2:0.734033823013:0.1447086:0.73
> 0:False:10,15:16060,1486
> 1:False:12,15:16060,1486
> 2:False:11,16:16060,1486
> 3:True:11,13:16060,1486
> 4:False:12,19:16060,1486
> 5:False:11,19:16060,1486
rovers-suboptimal-old-noisy/50/rovers_noisy_p02_hyp-4_50_3.tar.bz2:0.727294921875:0.1369205:0.72
> 0:False:10,14:16062,1490
> 1:False:12,14:16062,1490
> 2:False:11,15:16062,1490
> 3:True:11,12:16062,1490
> 4:False:12,19:16062,1490
> 5:False:11,18:16062,1490
rovers-suboptimal-old-noisy/50/rovers_noisy_p03_hyp-1_50_1.tar.bz2:0.730643033981:0.1394864:0.74
> 0:True:10,12:16059,1484
> 1:False:11,15:16059,1484
> 2:False:12,17:16059,1484
> 3:False:10,13:16059,1484
> 4:False:11,15:16059,1484
> 5:False:12,16:16059,1484
rovers-suboptimal-old-noisy/50/rovers_noisy_p03_hyp-1_50_2.tar.bz2:0.734167814255:0.1407462:0.74
> 0:True:10,10:16060,1486
> 1:False:11,17:16060,1486
> 2:False:12,19:16060,1486
> 3:False:10,14:16060,1486
> 4:False:11,15:16060,1486
> 5:False:12,17:16060,1486
rovers-suboptimal-old-noisy/50/rovers_noisy_p03_hyp-1_50_3.tar.bz2:0.722778081894:0.131482:0.72
> 0:True:10,11:16060,1486
> 1:False:11,18:16060,1486
> 2:False:12,20:16060,1486
> 3:False:10,15:16060,1486
> 4:False:11,16:16060,1486
> 5:False:12,18:16060,1486
rovers-suboptimal-old-noisy/50/rovers_noisy_p03_hyp-2_50_1.tar.bz2:0.722669124603:0.1307914:0.72
> 0:False:10,16:16061,1488
> 1:True:11,13:16061,1488
> 2:False:12,16:16061,1488
> 3:False:10,15:16061,1488
> 4:False:11,16:16061,1488
> 5:False:12,19:16061,1488
rovers-suboptimal-old-noisy/50/rovers_noisy_p03_hyp-2_50_2.tar.bz2:0.729679822922:0.1360449:0.73
> 0:False:10,15:16061,1488
> 1:True:11,13:16061,1488
> 2:False:12,18:16061,1488
> 3:False:10,15:16061,1488
> 4:False:11,14:16061,1488
> 5:False:12,19:16061,1488
rovers-suboptimal-old-noisy/50/rovers_noisy_p03_hyp-2_50_3.tar.bz2:0.735389947891:0.1441271:0.74
> 0:False:10,18:16060,1486
> 1:True:11,14:16060,1486
> 2:False:12,17:16060,1486
> 3:False:10,16:16060,1486
> 4:False:11,18:16060,1486
> 5:False:12,21:16060,1486
rovers-suboptimal-old-noisy/50/rovers_noisy_p03_hyp-3_50_1.tar.bz2:0.724945068359:0.1338155:0.74
> 0:False:10,17:16061,1488
> 1:False:11,15:16061,1488
> 2:True:12,14:16061,1488
> 3:False:10,17:16061,1488
> 4:False:11,18:16061,1488
> 5:False:12,17:16061,1488
rovers-suboptimal-old-noisy/50/rovers_noisy_p03_hyp-3_50_2.tar.bz2:0.73063492775:0.1390873:0.73
> 0:False:10,18:16062,1490
> 1:False:11,16:16062,1490
> 2:True:12,14:16062,1490
> 3:False:10,17:16062,1490
> 4:False:11,19:16062,1490
> 5:False:12,17:16062,1490
rovers-suboptimal-old-noisy/50/rovers_noisy_p03_hyp-3_50_3.tar.bz2:0.726027965546:0.1359523:0.73
> 0:False:10,19:16062,1490
> 1:False:11,15:16062,1490
> 2:True:12,14:16062,1490
> 3:False:10,15:16062,1490
> 4:False:11,19:16062,1490
> 5:False:12,19:16062,1490
rovers-suboptimal-old-noisy/50/rovers_noisy_p03_hyp-4_50_1.tar.bz2:0.72013092041:0.1289463:0.72
> 0:False:10,12:16061,1488
> 1:False:11,14:16061,1488
> 2:False:12,16:16061,1488
> 3:True:10,11:16061,1488
> 4:False:11,14:16061,1488
> 5:False:12,18:16061,1488
rovers-suboptimal-old-noisy/50/rovers_noisy_p03_hyp-4_50_2.tar.bz2:0.737807035446:0.1465773:0.74
> 0:False:10,15:16059,1484
> 1:False:11,15:16059,1484
> 2:False:12,16:16059,1484
> 3:True:10,12:16059,1484
> 4:False:11,17:16059,1484
> 5:False:12,19:16059,1484
rovers-suboptimal-old-noisy/50/rovers_noisy_p03_hyp-4_50_3.tar.bz2:0.726505994797:0.1376993:0.73
> 0:False:10,14:16060,1486
> 1:False:11,16:16060,1486
> 2:False:12,16:16060,1486
> 3:True:10,13:16060,1486
> 4:False:11,16:16060,1486
> 5:False:12,18:16060,1486
rovers-suboptimal-old-noisy/70/rovers_noisy_p01_hyp-1_70_1.tar.bz2:0.585167884827:0.0728515:0.59
> 0:True:8,9:8184,907
> 1:False:8,13:8184,907
> 2:False:8,13:8184,907
> 3:False:8,13:8184,907
> 4:False:8,14:8184,907
> 5:False:9,16:8184,907
rovers-suboptimal-old-noisy/70/rovers_noisy_p01_hyp-1_70_2.tar.bz2:0.572625875473:0.0618903:0.57
> 0:True:8,9:8182,903
> 1:False:8,12:8182,903
> 2:False:8,12:8182,903
> 3:False:8,13:8182,903
> 4:False:8,13:8182,903
> 5:False:9,17:8182,903
rovers-suboptimal-old-noisy/70/rovers_noisy_p01_hyp-1_70_3.tar.bz2:0.574764966965:0.06191369:0.58
> 0:True:8,9:8183,905
> 1:False:8,13:8183,905
> 2:False:8,13:8183,905
> 3:False:8,14:8183,905
> 4:False:8,14:8183,905
> 5:False:9,18:8183,905
rovers-suboptimal-old-noisy/70/rovers_noisy_p01_hyp-2_70_1.tar.bz2:0.584312915802:0.0721884:0.58
> 0:False:8,13:8184,907
> 1:True:8,10:8184,907
> 2:False:8,12:8184,907
> 3:False:8,15:8184,907
> 4:False:8,13:8184,907
> 5:False:9,17:8184,907
rovers-suboptimal-old-noisy/70/rovers_noisy_p01_hyp-2_70_2.tar.bz2:0.578564167023:0.06734742:0.58
> 0:False:8,12:8186,911
> 1:True:8,10:8186,911
> 2:False:8,11:8186,911
> 3:False:8,15:8186,911
> 4:False:8,12:8186,911
> 5:False:9,16:8186,911
rovers-suboptimal-old-noisy/70/rovers_noisy_p01_hyp-2_70_3.tar.bz2:0.572308778763:0.06344332:0.57
> 0:False:8,14:8183,905
> 1:True:8,11:8183,905
> 2:False:8,12:8183,905
> 3:False:8,16:8183,905
> 4:False:8,13:8183,905
> 5:False:9,16:8183,905
rovers-suboptimal-old-noisy/70/rovers_noisy_p01_hyp-3_70_1.tar.bz2:0.576971054077:0.06724215:0.58
> 0:False:8,13:8185,909
> 1:False:8,12:8185,909
> 2:True:8,10:8185,909
> 3:False:8,14:8185,909
> 4:False:8,13:8185,909
> 5:False:9,15:8185,909
rovers-suboptimal-old-noisy/70/rovers_noisy_p01_hyp-3_70_2.tar.bz2:0.574525117874:0.06341474:0.57
> 0:False:8,14:8184,907
> 1:False:8,12:8184,907
> 2:True:8,10:8184,907
> 3:False:8,15:8184,907
> 4:False:8,13:8184,907
> 5:False:9,17:8184,907
rovers-suboptimal-old-noisy/70/rovers_noisy_p01_hyp-3_70_3.tar.bz2:0.581259012222:0.0689803:0.59
> 0:False:8,14:8184,907
> 1:False:8,12:8184,907
> 2:True:8,11:8184,907
> 3:False:8,15:8184,907
> 4:False:8,13:8184,907
> 5:False:9,16:8184,907
rovers-suboptimal-old-noisy/70/rovers_noisy_p01_hyp-4_70_1.tar.bz2:0.580717086792:0.0681831:0.58
> 0:False:8,12:8184,907
> 1:False:8,14:8184,907
> 2:False:8,12:8184,907
> 3:True:8,8:8184,907
> 4:False:8,15:8184,907
> 5:False:9,14:8184,907
rovers-suboptimal-old-noisy/70/rovers_noisy_p01_hyp-4_70_2.tar.bz2:0.576162815094:0.06419747:0.56
> 0:False:8,15:8182,903
> 1:False:8,16:8182,903
> 2:False:8,14:8182,903
> 3:True:8,10:8182,903
> 4:False:8,17:8182,903
> 5:False:9,15:8182,903
rovers-suboptimal-old-noisy/70/rovers_noisy_p01_hyp-4_70_3.tar.bz2:0.585211992264:0.0732117:0.59
> 0:False:8,12:8184,907
> 1:False:8,14:8184,907
> 2:False:8,13:8184,907
> 3:True:8,10:8184,907
> 4:False:8,15:8184,907
> 5:False:9,14:8184,907
rovers-suboptimal-old-noisy/70/rovers_noisy_p02_hyp-1_70_1.tar.bz2:0.738008022308:0.1455739:0.74
> 0:True:10,12:16063,1492
> 1:False:12,19:16063,1492
> 2:False:11,15:16063,1492
> 3:False:11,17:16063,1492
> 4:False:12,18:16063,1492
> 5:False:11,14:16063,1492
rovers-suboptimal-old-noisy/70/rovers_noisy_p02_hyp-1_70_2.tar.bz2:0.744209051132:0.1524721:0.74
> 0:True:10,12:16063,1492
> 1:False:12,19:16063,1492
> 2:False:11,14:16063,1492
> 3:False:11,17:16063,1492
> 4:False:12,18:16063,1492
> 5:True:11,13:16063,1492
rovers-suboptimal-old-noisy/70/rovers_noisy_p02_hyp-1_70_3.tar.bz2:0.733777999878:0.1410722:0.73
> 0:True:10,12:16062,1490
> 1:False:12,19:16062,1490
> 2:False:11,14:16062,1490
> 3:False:11,16:16062,1490
> 4:False:12,19:16062,1490
> 5:False:11,15:16062,1490
rovers-suboptimal-old-noisy/70/rovers_noisy_p02_hyp-2_70_1.tar.bz2:0.727728843689:0.1362262:0.72
> 0:False:10,19:16066,1498
> 1:True:12,15:16066,1498
> 2:False:11,20:16066,1498
> 3:False:11,17:16066,1498
> 4:False:12,18:16066,1498
> 5:False:11,20:16066,1498
rovers-suboptimal-old-noisy/70/rovers_noisy_p02_hyp-2_70_2.tar.bz2:0.737883806229:0.1453818:0.73
> 0:False:10,19:16063,1492
> 1:True:12,16:16063,1492
> 2:False:11,20:16063,1492
> 3:False:11,18:16063,1492
> 4:False:12,20:16063,1492
> 5:False:11,21:16063,1492
rovers-suboptimal-old-noisy/70/rovers_noisy_p02_hyp-2_70_3.tar.bz2:0.731703996658:0.1392275:0.73
> 0:False:10,18:16067,1500
> 1:True:12,15:16067,1500
> 2:False:11,19:16067,1500
> 3:False:11,16:16067,1500
> 4:False:12,20:16067,1500
> 5:False:11,20:16067,1500
rovers-suboptimal-old-noisy/70/rovers_noisy_p02_hyp-3_70_1.tar.bz2:0.735243082047:0.1426075:0.73
> 0:False:10,16:16066,1498
> 1:False:12,22:16066,1498
> 2:True:11,14:16066,1498
> 3:False:11,19:16066,1498
> 4:False:12,21:16066,1498
> 5:False:11,18:16066,1498
rovers-suboptimal-old-noisy/70/rovers_noisy_p02_hyp-3_70_2.tar.bz2:0.734222888947:0.1418151:0.73
> 0:False:10,17:16064,1494
> 1:False:12,20:16064,1494
> 2:True:11,15:16064,1494
> 3:False:11,18:16064,1494
> 4:False:12,21:16064,1494
> 5:False:11,19:16064,1494
rovers-suboptimal-old-noisy/70/rovers_noisy_p02_hyp-3_70_3.tar.bz2:0.733488082886:0.1394938:0.74
> 0:False:10,17:16064,1494
> 1:False:12,20:16064,1494
> 2:True:11,15:16064,1494
> 3:False:11,17:16064,1494
> 4:False:12,19:16064,1494
> 5:False:11,18:16064,1494
rovers-suboptimal-old-noisy/70/rovers_noisy_p02_hyp-4_70_1.tar.bz2:0.735414028168:0.1443299:0.73
> 0:False:10,19:16064,1494
> 1:False:12,18:16064,1494
> 2:False:11,20:16064,1494
> 3:True:11,15:16064,1494
> 4:False:12,23:16064,1494
> 5:False:11,24:16064,1494
rovers-suboptimal-old-noisy/70/rovers_noisy_p02_hyp-4_70_2.tar.bz2:0.728641986847:0.1371803:0.73
> 0:False:10,17:16064,1494
> 1:False:12,18:16064,1494
> 2:False:11,18:16064,1494
> 3:True:11,15:16064,1494
> 4:False:12,21:16064,1494
> 5:False:11,20:16064,1494
rovers-suboptimal-old-noisy/70/rovers_noisy_p02_hyp-4_70_3.tar.bz2:0.732158899307:0.1417885:0.73
> 0:False:10,15:16066,1498
> 1:False:12,17:16066,1498
> 2:False:11,17:16066,1498
> 3:True:11,14:16066,1498
> 4:False:12,20:16066,1498
> 5:False:11,20:16066,1498
rovers-suboptimal-old-noisy/70/rovers_noisy_p03_hyp-1_70_1.tar.bz2:0.728923082352:0.1386128:0.74
> 0:True:10,11:16061,1488
> 1:False:11,16:16061,1488
> 2:False:12,19:16061,1488
> 3:False:10,13:16061,1488
> 4:False:11,14:16061,1488
> 5:False:12,19:16061,1488
rovers-suboptimal-old-noisy/70/rovers_noisy_p03_hyp-1_70_2.tar.bz2:0.735914945602:0.1462357:0.73
> 0:True:10,11:16061,1488
> 1:False:11,16:16061,1488
> 2:False:12,19:16061,1488
> 3:False:10,13:16061,1488
> 4:False:11,16:16061,1488
> 5:False:12,17:16061,1488
rovers-suboptimal-old-noisy/70/rovers_noisy_p03_hyp-1_70_3.tar.bz2:0.737473964691:0.1433582:0.74
> 0:True:10,10:16063,1492
> 1:False:11,16:16063,1492
> 2:False:12,18:16063,1492
> 3:False:10,13:16063,1492
> 4:False:11,15:16063,1492
> 5:False:12,17:16063,1492
rovers-suboptimal-old-noisy/70/rovers_noisy_p03_hyp-2_70_1.tar.bz2:0.723066091537:0.1321946:0.72
> 0:False:10,18:16065,1496
> 1:True:11,15:16065,1496
> 2:False:12,17:16065,1496
> 3:False:10,16:16065,1496
> 4:False:11,19:16065,1496
> 5:False:12,21:16065,1496
rovers-suboptimal-old-noisy/70/rovers_noisy_p03_hyp-2_70_2.tar.bz2:0.736555814743:0.1463605:0.74
> 0:False:10,22:16064,1494
> 1:True:11,16:16064,1494
> 2:False:12,20:16064,1494
> 3:False:10,20:16064,1494
> 4:False:11,21:16064,1494
> 5:False:12,25:16064,1494
rovers-suboptimal-old-noisy/70/rovers_noisy_p03_hyp-2_70_3.tar.bz2:0.725234985352:0.1354723:0.72
> 0:False:10,19:16065,1496
> 1:True:11,14:16065,1496
> 2:False:12,17:16065,1496
> 3:False:10,18:16065,1496
> 4:False:11,19:16065,1496
> 5:False:12,22:16065,1496
rovers-suboptimal-old-noisy/70/rovers_noisy_p03_hyp-3_70_1.tar.bz2:0.726465940475:0.134314:0.72
> 0:False:10,20:16066,1498
> 1:False:11,17:16066,1498
> 2:True:12,15:16066,1498
> 3:False:10,19:16066,1498
> 4:False:11,21:16066,1498
> 5:False:12,19:16066,1498
rovers-suboptimal-old-noisy/70/rovers_noisy_p03_hyp-3_70_2.tar.bz2:0.730738162994:0.1363738:0.73
> 0:False:10,22:16065,1496
> 1:False:11,18:16065,1496
> 2:True:12,15:16065,1496
> 3:False:10,18:16065,1496
> 4:False:11,23:16065,1496
> 5:False:12,20:16065,1496
rovers-suboptimal-old-noisy/70/rovers_noisy_p03_hyp-3_70_3.tar.bz2:0.725103139877:0.1346579:0.73
> 0:False:10,21:16067,1500
> 1:False:11,18:16067,1500
> 2:True:12,14:16067,1500
> 3:False:10,18:16067,1500
> 4:False:11,22:16067,1500
> 5:False:12,20:16067,1500
rovers-suboptimal-old-noisy/70/rovers_noisy_p03_hyp-4_70_1.tar.bz2:0.724721908569:0.1344409:0.73
> 0:False:10,15:16062,1490
> 1:False:11,16:16062,1490
> 2:False:12,16:16062,1490
> 3:True:10,12:16062,1490
> 4:False:11,17:16062,1490
> 5:False:12,19:16062,1490
rovers-suboptimal-old-noisy/70/rovers_noisy_p03_hyp-4_70_2.tar.bz2:0.728384017944:0.1355716:0.73
> 0:False:10,14:16062,1490
> 1:False:11,15:16062,1490
> 2:False:12,16:16062,1490
> 3:True:10,11:16062,1490
> 4:False:11,16:16062,1490
> 5:False:12,18:16062,1490
rovers-suboptimal-old-noisy/70/rovers_noisy_p03_hyp-4_70_3.tar.bz2:0.741214990616:0.1484408:0.74
> 0:False:10,14:16061,1488
> 1:False:11,15:16061,1488
> 2:False:12,18:16061,1488
> 3:True:10,12:16061,1488
> 4:False:11,17:16061,1488
> 5:False:12,20:16061,1488
rovers-suboptimal-old-noisy/100/rovers_noisy_p01_hyp-1_full_1.tar.bz2:0.585000991821:0.0710542:0.58
> 0:True:8,9:8187,913
> 1:False:8,13:8187,913
> 2:False:8,13:8187,913
> 3:False:8,14:8187,913
> 4:False:8,13:8187,913
> 5:False:9,18:8187,913
rovers-suboptimal-old-noisy/100/rovers_noisy_p01_hyp-1_full_2.tar.bz2:0.585089206696:0.0713551:0.59
> 0:True:8,9:8186,911
> 1:False:8,13:8186,911
> 2:False:8,13:8186,911
> 3:False:8,14:8186,911
> 4:False:8,14:8186,911
> 5:False:9,17:8186,911
rovers-suboptimal-old-noisy/100/rovers_noisy_p01_hyp-1_full_3.tar.bz2:0.588449001312:0.0724305:0.58
> 0:True:8,9:8186,911
> 1:False:8,13:8186,911
> 2:False:8,13:8186,911
> 3:False:8,13:8186,911
> 4:False:8,14:8186,911
> 5:False:9,17:8186,911
rovers-suboptimal-old-noisy/100/rovers_noisy_p01_hyp-2_full_1.tar.bz2:0.584630966187:0.0729611:0.59
> 0:False:8,15:8188,915
> 1:True:8,11:8188,915
> 2:False:8,13:8188,915
> 3:False:8,18:8188,915
> 4:False:8,14:8188,915
> 5:False:9,18:8188,915
rovers-suboptimal-old-noisy/100/rovers_noisy_p01_hyp-2_full_2.tar.bz2:0.582197904587:0.0710014:0.58
> 0:False:8,15:8186,911
> 1:True:8,11:8186,911
> 2:False:8,13:8186,911
> 3:False:8,18:8186,911
> 4:False:8,14:8186,911
> 5:False:9,18:8186,911
rovers-suboptimal-old-noisy/100/rovers_noisy_p01_hyp-2_full_3.tar.bz2:0.582990884781:0.0715975:0.59
> 0:False:8,15:8187,913
> 1:True:8,11:8187,913
> 2:False:8,13:8187,913
> 3:False:8,18:8187,913
> 4:False:8,14:8187,913
> 5:False:9,18:8187,913
rovers-suboptimal-old-noisy/100/rovers_noisy_p01_hyp-3_full_1.tar.bz2:0.583711862564:0.0736351:0.58
> 0:False:8,14:8188,915
> 1:False:8,13:8188,915
> 2:True:8,11:8188,915
> 3:False:8,16:8188,915
> 4:False:8,14:8188,915
> 5:False:9,18:8188,915
rovers-suboptimal-old-noisy/100/rovers_noisy_p01_hyp-3_full_2.tar.bz2:0.574364900589:0.06255098:0.56
> 0:False:8,15:8186,911
> 1:False:8,13:8186,911
> 2:True:8,11:8186,911
> 3:False:8,16:8186,911
> 4:False:8,14:8186,911
> 5:False:9,18:8186,911
rovers-suboptimal-old-noisy/100/rovers_noisy_p01_hyp-3_full_3.tar.bz2:0.588834047318:0.0738447:0.59
> 0:False:8,15:8187,913
> 1:False:8,13:8187,913
> 2:True:8,11:8187,913
> 3:False:8,16:8187,913
> 4:False:8,13:8187,913
> 5:False:9,18:8187,913
rovers-suboptimal-old-noisy/100/rovers_noisy_p01_hyp-4_full_1.tar.bz2:0.586277961731:0.0730467:0.59
> 0:False:8,14:8187,913
> 1:False:8,16:8187,913
> 2:False:8,14:8187,913
> 3:True:8,9:8187,913
> 4:False:8,17:8187,913
> 5:False:9,15:8187,913
rovers-suboptimal-old-noisy/100/rovers_noisy_p01_hyp-4_full_2.tar.bz2:0.582473993301:0.070436:0.59
> 0:False:8,14:8187,913
> 1:False:8,16:8187,913
> 2:False:8,14:8187,913
> 3:True:8,9:8187,913
> 4:False:8,17:8187,913
> 5:False:9,15:8187,913
rovers-suboptimal-old-noisy/100/rovers_noisy_p01_hyp-4_full_3.tar.bz2:0.585213899612:0.0707865:0.58
> 0:False:8,14:8186,911
> 1:False:8,16:8186,911
> 2:False:8,14:8186,911
> 3:True:8,9:8186,911
> 4:False:8,17:8186,911
> 5:False:9,14:8186,911
rovers-suboptimal-old-noisy/100/rovers_noisy_p02_hyp-1_full_1.tar.bz2:0.739080190659:0.144507:0.75
> 0:True:10,12:16067,1500
> 1:False:12,19:16067,1500
> 2:False:11,15:16067,1500
> 3:False:11,16:16067,1500
> 4:False:12,22:16067,1500
> 5:False:11,17:16067,1500
rovers-suboptimal-old-noisy/100/rovers_noisy_p02_hyp-1_full_2.tar.bz2:0.735055923462:0.1433764:0.73
> 0:True:10,12:16066,1498
> 1:False:12,20:16066,1498
> 2:False:11,15:16066,1498
> 3:False:11,17:16066,1498
> 4:False:12,22:16066,1498
> 5:False:11,17:16066,1498
rovers-suboptimal-old-noisy/100/rovers_noisy_p02_hyp-1_full_3.tar.bz2:0.737799167633:0.1451316:0.73
> 0:True:10,12:16067,1500
> 1:False:12,20:16067,1500
> 2:False:11,15:16067,1500
> 3:False:11,17:16067,1500
> 4:False:12,21:16067,1500
> 5:False:11,17:16067,1500
rovers-suboptimal-old-noisy/100/rovers_noisy_p02_hyp-2_full_1.tar.bz2:0.73196387291:0.1391535:0.72
> 0:False:10,22:16067,1500
> 1:True:12,16:16067,1500
> 2:False:11,23:16067,1500
> 3:False:11,18:16067,1500
> 4:False:12,21:16067,1500
> 5:False:11,25:16067,1500
rovers-suboptimal-old-noisy/100/rovers_noisy_p02_hyp-2_full_2.tar.bz2:0.736508131027:0.1426459:0.73
> 0:False:10,21:16071,1508
> 1:True:12,16:16071,1508
> 2:False:11,22:16071,1508
> 3:False:11,18:16071,1508
> 4:False:12,20:16071,1508
> 5:False:11,24:16071,1508
rovers-suboptimal-old-noisy/100/rovers_noisy_p02_hyp-2_full_3.tar.bz2:0.731019020081:0.1399864:0.73
> 0:False:10,22:16069,1504
> 1:True:12,16:16069,1504
> 2:False:11,23:16069,1504
> 3:False:11,18:16069,1504
> 4:False:12,21:16069,1504
> 5:False:11,25:16069,1504
rovers-suboptimal-old-noisy/100/rovers_noisy_p02_hyp-3_full_1.tar.bz2:0.739598989487:0.1480587:0.74
> 0:False:10,18:16069,1504
> 1:False:12,24:16069,1504
> 2:True:11,16:16069,1504
> 3:False:11,21:16069,1504
> 4:False:12,22:16069,1504
> 5:False:11,20:16069,1504
rovers-suboptimal-old-noisy/100/rovers_noisy_p02_hyp-3_full_2.tar.bz2:0.739459037781:0.1473301:0.74
> 0:False:10,18:16069,1504
> 1:False:12,24:16069,1504
> 2:True:11,16:16069,1504
> 3:False:11,21:16069,1504
> 4:False:12,23:16069,1504
> 5:False:11,20:16069,1504
rovers-suboptimal-old-noisy/100/rovers_noisy_p02_hyp-3_full_3.tar.bz2:0.74161696434:0.1474803:0.74
> 0:False:10,18:16070,1506
> 1:False:12,24:16070,1506
> 2:True:11,16:16070,1506
> 3:False:11,21:16070,1506
> 4:False:12,23:16070,1506
> 5:False:11,19:16070,1506
rovers-suboptimal-old-noisy/100/rovers_noisy_p02_hyp-4_full_1.tar.bz2:0.735323905945:0.1389629:0.74
> 0:False:10,20:16068,1502
> 1:False:12,18:16068,1502
> 2:False:11,21:16068,1502
> 3:True:11,16:16068,1502
> 4:False:12,23:16068,1502
> 5:False:11,25:16068,1502
rovers-suboptimal-old-noisy/100/rovers_noisy_p02_hyp-4_full_2.tar.bz2:0.733365058899:0.1402414:0.73
> 0:False:10,20:16068,1502
> 1:False:12,19:16068,1502
> 2:False:11,20:16068,1502
> 3:True:11,16:16068,1502
> 4:False:12,23:16068,1502
> 5:False:11,24:16068,1502
rovers-suboptimal-old-noisy/100/rovers_noisy_p02_hyp-4_full_3.tar.bz2:0.734257936478:0.1413555:0.74
> 0:False:10,20:16070,1506
> 1:False:12,19:16070,1506
> 2:False:11,21:16070,1506
> 3:True:11,16:16070,1506
> 4:False:12,24:16070,1506
> 5:False:11,25:16070,1506
rovers-suboptimal-old-noisy/100/rovers_noisy_p03_hyp-1_full_1.tar.bz2:0.740035057068:0.1487764:0.73
> 0:True:10,12:16066,1498
> 1:False:11,19:16066,1498
> 2:False:12,21:16066,1498
> 3:False:10,16:16066,1498
> 4:False:11,17:16066,1498
> 5:False:12,19:16066,1498
rovers-suboptimal-old-noisy/100/rovers_noisy_p03_hyp-1_full_2.tar.bz2:0.732893943787:0.1404407:0.73
> 0:True:10,12:16064,1494
> 1:False:11,19:16064,1494
> 2:False:12,22:16064,1494
> 3:False:10,16:16064,1494
> 4:False:11,17:16064,1494
> 5:False:12,20:16064,1494
rovers-suboptimal-old-noisy/100/rovers_noisy_p03_hyp-1_full_3.tar.bz2:0.738574028015:0.1437116:0.73
> 0:True:10,12:16066,1498
> 1:False:11,19:16066,1498
> 2:False:12,22:16066,1498
> 3:False:10,16:16066,1498
> 4:False:11,17:16066,1498
> 5:False:12,20:16066,1498
rovers-suboptimal-old-noisy/100/rovers_noisy_p03_hyp-2_full_1.tar.bz2:0.726677179337:0.1356484:0.72
> 0:False:10,21:16069,1504
> 1:True:11,16:16069,1504
> 2:False:12,19:16069,1504
> 3:False:10,19:16069,1504
> 4:False:11,21:16069,1504
> 5:False:12,24:16069,1504
rovers-suboptimal-old-noisy/100/rovers_noisy_p03_hyp-2_full_2.tar.bz2:0.723257064819:0.131343:0.72
> 0:False:10,22:16066,1498
> 1:True:11,16:16066,1498
> 2:False:12,21:16066,1498
> 3:False:10,20:16066,1498
> 4:False:11,21:16066,1498
> 5:False:12,26:16066,1498
rovers-suboptimal-old-noisy/100/rovers_noisy_p03_hyp-2_full_3.tar.bz2:0.727722883224:0.13648:0.72
> 0:False:10,22:16068,1502
> 1:True:11,16:16068,1502
> 2:False:12,20:16068,1502
> 3:False:10,19:16068,1502
> 4:False:11,21:16068,1502
> 5:False:12,26:16068,1502
rovers-suboptimal-old-noisy/100/rovers_noisy_p03_hyp-3_full_1.tar.bz2:0.726983070374:0.1354301:0.73
> 0:False:10,24:16069,1504
> 1:False:11,20:16069,1504
> 2:True:12,16:16069,1504
> 3:False:10,20:16069,1504
> 4:False:11,25:16069,1504
> 5:False:12,23:16069,1504
rovers-suboptimal-old-noisy/100/rovers_noisy_p03_hyp-3_full_2.tar.bz2:0.726626157761:0.1353748:0.73
> 0:False:10,23:16069,1504
> 1:False:11,19:16069,1504
> 2:True:12,16:16069,1504
> 3:False:10,19:16069,1504
> 4:False:11,24:16069,1504
> 5:False:12,23:16069,1504
rovers-suboptimal-old-noisy/100/rovers_noisy_p03_hyp-3_full_3.tar.bz2:0.733244180679:0.1396654:0.74
> 0:False:10,24:16071,1508
> 1:False:11,19:16071,1508
> 2:True:12,16:16071,1508
> 3:False:10,20:16071,1508
> 4:False:11,24:16071,1508
> 5:False:12,23:16071,1508
rovers-suboptimal-old-noisy/100/rovers_noisy_p03_hyp-4_full_1.tar.bz2:0.738030910492:0.145202:0.74
> 0:False:10,16:16067,1500
> 1:False:11,17:16067,1500
> 2:False:12,18:16067,1500
> 3:True:10,12:16067,1500
> 4:False:11,19:16067,1500
> 5:False:12,21:16067,1500
rovers-suboptimal-old-noisy/100/rovers_noisy_p03_hyp-4_full_2.tar.bz2:0.74160194397:0.1471831:0.75
> 0:False:10,16:16067,1500
> 1:False:11,16:16067,1500
> 2:False:12,17:16067,1500
> 3:True:10,12:16067,1500
> 4:False:11,19:16067,1500
> 5:False:12,21:16067,1500
rovers-suboptimal-old-noisy/100/rovers_noisy_p03_hyp-4_full_3.tar.bz2:0.728611946106:0.1354308:0.72
> 0:False:10,16:16065,1496
> 1:False:11,17:16065,1496
> 2:False:12,18:16065,1496
> 3:True:10,12:16065,1496
> 4:False:11,19:16065,1496
> 5:False:12,22:16065,1496
