rovers-optimal/10/rovers_p01_hyp-1_10_1.tar.bz2:1.37381696701:0.03125:1.14
> (communicated_image_data objective0 high_res),(communicated_soil_data waypoint3),(communicated_rock_data waypoint1):True:3.0,3.0:397.0,373.0
> (communicated_soil_data waypoint2),(communicated_image_data objective1 high_res),(communicated_rock_data waypoint1):True:3.0,3.0:395.0,371.0
> (communicated_rock_data waypoint3),(communicated_image_data objective2 high_res),(communicated_soil_data waypoint3):False:3.0,4.0:397.0,373.0
> (communicated_soil_data waypoint2),(communicated_image_data objective0 low_res),(communicated_rock_data waypoint1):True:3.0,3.0:395.0,371.0
> (communicated_soil_data waypoint2),(communicated_rock_data waypoint3),(communicated_image_data objective1 low_res):False:3.0,4.0:395.0,371.0
> (communicated_soil_data waypoint2),(communicated_image_data objective2 high_res),(communicated_rock_data waypoint1):True:3.0,3.0:395.0,371.0
rovers-optimal/10/rovers_p01_hyp-2_10_1.tar.bz2:1.39625310898:0.0625:1.24
> (communicated_image_data objective0 high_res),(communicated_soil_data waypoint3),(communicated_rock_data waypoint1):True:3.0,5.0:397.0,373.0
> (communicated_soil_data waypoint2),(communicated_image_data objective1 high_res),(communicated_rock_data waypoint1):True:3.0,5.0:395.0,371.0
> (communicated_rock_data waypoint3),(communicated_image_data objective2 high_res),(communicated_soil_data waypoint3):True:3.0,5.0:397.0,373.0
> (communicated_soil_data waypoint2),(communicated_image_data objective0 low_res),(communicated_rock_data waypoint1):True:3.0,5.0:395.0,371.0
> (communicated_soil_data waypoint2),(communicated_rock_data waypoint3),(communicated_image_data objective1 low_res):True:3.0,5.0:395.0,371.0
> (communicated_soil_data waypoint2),(communicated_image_data objective2 high_res),(communicated_rock_data waypoint1):True:3.0,5.0:395.0,371.0
rovers-optimal/10/rovers_p02_hyp-1_10_1.tar.bz2:1.5149140358:0.0625:1.2
> (communicated_image_data objective1 high_res),(communicated_soil_data waypoint3),(communicated_image_data objective0 low_res),(communicated_rock_data waypoint1):False:4.0,6.0:804.0,708.0
> (communicated_soil_data waypoint2),(communicated_image_data objective1 high_res),(communicated_image_data objective2 high_res),(communicated_rock_data waypoint0):False:4.0,5.0:804.0,708.0
> (communicated_image_data objective0 high_res),(communicated_image_data objective2 high_res),(communicated_soil_data waypoint3),(communicated_rock_data waypoint0):False:4.0,5.0:804.0,708.0
> (communicated_image_data objective0 high_res),(communicated_soil_data waypoint3),(communicated_soil_data waypoint1),(communicated_image_data objective2 low_res):False:4.0,5.0:805.0,709.0
> (communicated_soil_data waypoint2),(communicated_image_data objective1 high_res),(communicated_image_data objective2 high_res),(communicated_rock_data waypoint1):False:4.0,6.0:804.0,708.0
> (communicated_image_data objective0 high_res),(communicated_image_data objective2 high_res),(communicated_rock_data waypoint0),(communicated_soil_data waypoint1):True:4.0,4.0:804.0,708.0
rovers-optimal/10/rovers_p02_hyp-2_10_1.tar.bz2:1.40022802353:0.046875:1.21
> (communicated_image_data objective1 high_res),(communicated_soil_data waypoint3),(communicated_image_data objective0 low_res),(communicated_rock_data waypoint1):True:4.0,7.0:804.0,708.0
> (communicated_soil_data waypoint2),(communicated_image_data objective1 high_res),(communicated_image_data objective2 high_res),(communicated_rock_data waypoint0):True:4.0,7.0:804.0,708.0
> (communicated_image_data objective0 high_res),(communicated_image_data objective2 high_res),(communicated_soil_data waypoint3),(communicated_rock_data waypoint0):True:4.0,7.0:804.0,708.0
> (communicated_image_data objective0 high_res),(communicated_soil_data waypoint3),(communicated_soil_data waypoint1),(communicated_image_data objective2 low_res):True:4.0,7.0:805.0,709.0
> (communicated_soil_data waypoint2),(communicated_image_data objective1 high_res),(communicated_image_data objective2 high_res),(communicated_rock_data waypoint1):True:4.0,7.0:804.0,708.0
> (communicated_image_data objective0 high_res),(communicated_image_data objective2 high_res),(communicated_rock_data waypoint0),(communicated_soil_data waypoint1):True:4.0,7.0:804.0,708.0
rovers-optimal/10/rovers_p03_hyp-1_10_1.tar.bz2:1.46170687675:0.0625:1.27
> (communicated_soil_data waypoint2),(communicated_image_data objective1 high_res),(communicated_image_data objective2 high_res),(communicated_rock_data waypoint0):False:4.0,6.0:804.0,708.0
> (communicated_image_data objective0 high_res),(communicated_image_data objective1 high_res),(communicated_rock_data waypoint0),(communicated_soil_data waypoint1):False:4.0,6.0:804.0,708.0
> (communicated_image_data objective2 low_res),(communicated_rock_data waypoint0),(communicated_soil_data waypoint1),(communicated_image_data objective0 low_res):True:4.0,5.0:804.0,708.0
> (communicated_image_data objective2 high_res),(communicated_soil_data waypoint3),(communicated_rock_data waypoint0),(communicated_image_data objective0 low_res):False:4.0,6.0:804.0,708.0
> (communicated_soil_data waypoint2),(communicated_image_data objective0 high_res),(communicated_image_data objective1 high_res),(communicated_rock_data waypoint1):False:4.0,6.0:804.0,708.0
> (communicated_image_data objective1 low_res),(communicated_soil_data waypoint3),(communicated_image_data objective2 low_res),(communicated_rock_data waypoint1):True:4.0,5.0:804.0,708.0
rovers-optimal/10/rovers_p03_hyp-2_10_1.tar.bz2:1.56405711174:0.09375:1.24
> (communicated_soil_data waypoint2),(communicated_image_data objective1 high_res),(communicated_image_data objective2 high_res),(communicated_rock_data waypoint0):True:4.0,5.0:804.0,708.0
> (communicated_image_data objective0 high_res),(communicated_image_data objective1 high_res),(communicated_rock_data waypoint0),(communicated_soil_data waypoint1):True:4.0,5.0:804.0,708.0
> (communicated_image_data objective2 low_res),(communicated_rock_data waypoint0),(communicated_soil_data waypoint1),(communicated_image_data objective0 low_res):True:4.0,5.0:804.0,708.0
> (communicated_image_data objective2 high_res),(communicated_soil_data waypoint3),(communicated_rock_data waypoint0),(communicated_image_data objective0 low_res):True:4.0,5.0:804.0,708.0
> (communicated_soil_data waypoint2),(communicated_image_data objective0 high_res),(communicated_image_data objective1 high_res),(communicated_rock_data waypoint1):False:4.0,6.0:804.0,708.0
> (communicated_image_data objective1 low_res),(communicated_soil_data waypoint3),(communicated_image_data objective2 low_res),(communicated_rock_data waypoint1):False:4.0,6.0:804.0,708.0
rovers-optimal/30/rovers_p01_hyp-1_30_1.tar.bz2:1.33813881874:0.03125:1.1
> (communicated_image_data objective0 high_res),(communicated_soil_data waypoint3),(communicated_rock_data waypoint1):True:3.0,7.0:399.0,375.0
> (communicated_soil_data waypoint2),(communicated_image_data objective1 high_res),(communicated_rock_data waypoint1):True:3.0,7.0:397.0,373.0
> (communicated_rock_data waypoint3),(communicated_image_data objective2 high_res),(communicated_soil_data waypoint3):True:3.0,7.0:399.0,375.0
> (communicated_soil_data waypoint2),(communicated_image_data objective0 low_res),(communicated_rock_data waypoint1):True:3.0,7.0:397.0,373.0
> (communicated_soil_data waypoint2),(communicated_rock_data waypoint3),(communicated_image_data objective1 low_res):True:3.0,7.0:397.0,373.0
> (communicated_soil_data waypoint2),(communicated_image_data objective2 high_res),(communicated_rock_data waypoint1):True:3.0,7.0:397.0,373.0
rovers-optimal/30/rovers_p01_hyp-2_30_1.tar.bz2:1.45605492592:0.046875:1.2
> (communicated_image_data objective0 high_res),(communicated_soil_data waypoint3),(communicated_rock_data waypoint1):False:3.0,6.0:399.0,375.0
> (communicated_soil_data waypoint2),(communicated_image_data objective1 high_res),(communicated_rock_data waypoint1):True:3.0,4.0:397.0,373.0
> (communicated_rock_data waypoint3),(communicated_image_data objective2 high_res),(communicated_soil_data waypoint3):False:3.0,6.0:399.0,375.0
> (communicated_soil_data waypoint2),(communicated_image_data objective0 low_res),(communicated_rock_data waypoint1):False:3.0,5.0:397.0,373.0
> (communicated_soil_data waypoint2),(communicated_rock_data waypoint3),(communicated_image_data objective1 low_res):False:3.0,5.0:397.0,373.0
> (communicated_soil_data waypoint2),(communicated_image_data objective2 high_res),(communicated_rock_data waypoint1):False:3.0,5.0:397.0,373.0
rovers-optimal/30/rovers_p02_hyp-1_30_1.tar.bz2:1.53712415695:0.046875:1.43
> (communicated_image_data objective1 high_res),(communicated_soil_data waypoint3),(communicated_image_data objective0 low_res),(communicated_rock_data waypoint1):False:4.0,8.0:806.0,710.0
> (communicated_soil_data waypoint2),(communicated_image_data objective1 high_res),(communicated_image_data objective2 high_res),(communicated_rock_data waypoint0):False:4.0,6.0:806.0,710.0
> (communicated_image_data objective0 high_res),(communicated_image_data objective2 high_res),(communicated_soil_data waypoint3),(communicated_rock_data waypoint0):False:4.0,6.0:806.0,710.0
> (communicated_image_data objective0 high_res),(communicated_soil_data waypoint3),(communicated_soil_data waypoint1),(communicated_image_data objective2 low_res):False:4.0,7.0:807.0,711.0
> (communicated_soil_data waypoint2),(communicated_image_data objective1 high_res),(communicated_image_data objective2 high_res),(communicated_rock_data waypoint1):False:4.0,7.0:806.0,710.0
> (communicated_image_data objective0 high_res),(communicated_image_data objective2 high_res),(communicated_rock_data waypoint0),(communicated_soil_data waypoint1):True:4.0,5.0:806.0,710.0
rovers-optimal/30/rovers_p02_hyp-2_30_1.tar.bz2:1.55007696152:0.046875:1.32
> (communicated_image_data objective1 high_res),(communicated_soil_data waypoint3),(communicated_image_data objective0 low_res),(communicated_rock_data waypoint1):False:4.0,8.0:806.0,710.0
> (communicated_soil_data waypoint2),(communicated_image_data objective1 high_res),(communicated_image_data objective2 high_res),(communicated_rock_data waypoint0):True:4.0,7.0:806.0,710.0
> (communicated_image_data objective0 high_res),(communicated_image_data objective2 high_res),(communicated_soil_data waypoint3),(communicated_rock_data waypoint0):False:4.0,8.0:806.0,710.0
> (communicated_image_data objective0 high_res),(communicated_soil_data waypoint3),(communicated_soil_data waypoint1),(communicated_image_data objective2 low_res):False:4.0,9.0:807.0,711.0
> (communicated_soil_data waypoint2),(communicated_image_data objective1 high_res),(communicated_image_data objective2 high_res),(communicated_rock_data waypoint1):True:4.0,7.0:806.0,710.0
> (communicated_image_data objective0 high_res),(communicated_image_data objective2 high_res),(communicated_rock_data waypoint0),(communicated_soil_data waypoint1):False:4.0,8.0:806.0,710.0
rovers-optimal/30/rovers_p03_hyp-1_30_1.tar.bz2:1.55915403366:0.0625:1.34
> (communicated_soil_data waypoint2),(communicated_image_data objective1 high_res),(communicated_image_data objective2 high_res),(communicated_rock_data waypoint0):False:4.0,8.0:806.0,710.0
> (communicated_image_data objective0 high_res),(communicated_image_data objective1 high_res),(communicated_rock_data waypoint0),(communicated_soil_data waypoint1):False:4.0,8.0:806.0,710.0
> (communicated_image_data objective2 low_res),(communicated_rock_data waypoint0),(communicated_soil_data waypoint1),(communicated_image_data objective0 low_res):True:4.0,7.0:806.0,710.0
> (communicated_image_data objective2 high_res),(communicated_soil_data waypoint3),(communicated_rock_data waypoint0),(communicated_image_data objective0 low_res):False:4.0,8.0:806.0,710.0
> (communicated_soil_data waypoint2),(communicated_image_data objective0 high_res),(communicated_image_data objective1 high_res),(communicated_rock_data waypoint1):False:4.0,8.0:806.0,710.0
> (communicated_image_data objective1 low_res),(communicated_soil_data waypoint3),(communicated_image_data objective2 low_res),(communicated_rock_data waypoint1):True:4.0,7.0:806.0,710.0
rovers-optimal/30/rovers_p03_hyp-2_30_1.tar.bz2:1.44648599625:0.03125:1.22
> (communicated_soil_data waypoint2),(communicated_image_data objective1 high_res),(communicated_image_data objective2 high_res),(communicated_rock_data waypoint0):True:4.0,8.0:806.0,710.0
> (communicated_image_data objective0 high_res),(communicated_image_data objective1 high_res),(communicated_rock_data waypoint0),(communicated_soil_data waypoint1):True:4.0,8.0:806.0,710.0
> (communicated_image_data objective2 low_res),(communicated_rock_data waypoint0),(communicated_soil_data waypoint1),(communicated_image_data objective0 low_res):False:4.0,9.0:806.0,710.0
> (communicated_image_data objective2 high_res),(communicated_soil_data waypoint3),(communicated_rock_data waypoint0),(communicated_image_data objective0 low_res):False:4.0,9.0:806.0,710.0
> (communicated_soil_data waypoint2),(communicated_image_data objective0 high_res),(communicated_image_data objective1 high_res),(communicated_rock_data waypoint1):True:4.0,8.0:806.0,710.0
> (communicated_image_data objective1 low_res),(communicated_soil_data waypoint3),(communicated_image_data objective2 low_res),(communicated_rock_data waypoint1):False:4.0,9.0:806.0,710.0
rovers-optimal/50/rovers_p01_hyp-1_50_1.tar.bz2:1.41713094711:0.0:1.21
> (communicated_image_data objective0 high_res),(communicated_soil_data waypoint3),(communicated_rock_data waypoint1):True:3.0,6.0:400.0,376.0
> (communicated_soil_data waypoint2),(communicated_image_data objective1 high_res),(communicated_rock_data waypoint1):False:3.0,7.0:398.0,374.0
> (communicated_rock_data waypoint3),(communicated_image_data objective2 high_res),(communicated_soil_data waypoint3):False:3.0,7.0:400.0,376.0
> (communicated_soil_data waypoint2),(communicated_image_data objective0 low_res),(communicated_rock_data waypoint1):False:3.0,7.0:398.0,374.0
> (communicated_soil_data waypoint2),(communicated_rock_data waypoint3),(communicated_image_data objective1 low_res):False:3.0,8.0:398.0,374.0
> (communicated_soil_data waypoint2),(communicated_image_data objective2 high_res),(communicated_rock_data waypoint1):False:3.0,7.0:398.0,374.0
rovers-optimal/50/rovers_p01_hyp-2_50_1.tar.bz2:1.36314201355:0.015625:1.17
> (communicated_image_data objective0 high_res),(communicated_soil_data waypoint3),(communicated_rock_data waypoint1):False:3.0,8.0:401.0,377.0
> (communicated_soil_data waypoint2),(communicated_image_data objective1 high_res),(communicated_rock_data waypoint1):True:3.0,7.0:399.0,375.0
> (communicated_rock_data waypoint3),(communicated_image_data objective2 high_res),(communicated_soil_data waypoint3):False:3.0,9.0:401.0,377.0
> (communicated_soil_data waypoint2),(communicated_image_data objective0 low_res),(communicated_rock_data waypoint1):True:3.0,7.0:399.0,375.0
> (communicated_soil_data waypoint2),(communicated_rock_data waypoint3),(communicated_image_data objective1 low_res):False:3.0,8.0:399.0,375.0
> (communicated_soil_data waypoint2),(communicated_image_data objective2 high_res),(communicated_rock_data waypoint1):True:3.0,7.0:399.0,375.0
rovers-optimal/50/rovers_p02_hyp-1_50_1.tar.bz2:1.42887997627:0.03125:1.27
> (communicated_image_data objective1 high_res),(communicated_soil_data waypoint3),(communicated_image_data objective0 low_res),(communicated_rock_data waypoint1):False:4.0,10.0:808.0,712.0
> (communicated_soil_data waypoint2),(communicated_image_data objective1 high_res),(communicated_image_data objective2 high_res),(communicated_rock_data waypoint0):False:4.0,9.0:808.0,712.0
> (communicated_image_data objective0 high_res),(communicated_image_data objective2 high_res),(communicated_soil_data waypoint3),(communicated_rock_data waypoint0):False:4.0,8.0:808.0,712.0
> (communicated_image_data objective0 high_res),(communicated_soil_data waypoint3),(communicated_soil_data waypoint1),(communicated_image_data objective2 low_res):False:4.0,8.0:809.0,713.0
> (communicated_soil_data waypoint2),(communicated_image_data objective1 high_res),(communicated_image_data objective2 high_res),(communicated_rock_data waypoint1):False:4.0,10.0:808.0,712.0
> (communicated_image_data objective0 high_res),(communicated_image_data objective2 high_res),(communicated_rock_data waypoint0),(communicated_soil_data waypoint1):True:4.0,7.0:808.0,712.0
rovers-optimal/50/rovers_p02_hyp-2_50_1.tar.bz2:1.51992297173:0.046875:1.19
> (communicated_image_data objective1 high_res),(communicated_soil_data waypoint3),(communicated_image_data objective0 low_res),(communicated_rock_data waypoint1):False:4.0,11.0:809.0,713.0
> (communicated_soil_data waypoint2),(communicated_image_data objective1 high_res),(communicated_image_data objective2 high_res),(communicated_rock_data waypoint0):False:4.0,11.0:809.0,713.0
> (communicated_image_data objective0 high_res),(communicated_image_data objective2 high_res),(communicated_soil_data waypoint3),(communicated_rock_data waypoint0):False:4.0,11.0:809.0,713.0
> (communicated_image_data objective0 high_res),(communicated_soil_data waypoint3),(communicated_soil_data waypoint1),(communicated_image_data objective2 low_res):False:4.0,12.0:810.0,714.0
> (communicated_soil_data waypoint2),(communicated_image_data objective1 high_res),(communicated_image_data objective2 high_res),(communicated_rock_data waypoint1):True:4.0,10.0:809.0,713.0
> (communicated_image_data objective0 high_res),(communicated_image_data objective2 high_res),(communicated_rock_data waypoint0),(communicated_soil_data waypoint1):False:4.0,11.0:809.0,713.0
rovers-optimal/50/rovers_p03_hyp-1_50_1.tar.bz2:1.37277603149:0.015625:1.2
> (communicated_soil_data waypoint2),(communicated_image_data objective1 high_res),(communicated_image_data objective2 high_res),(communicated_rock_data waypoint0):False:4.0,10.0:808.0,712.0
> (communicated_image_data objective0 high_res),(communicated_image_data objective1 high_res),(communicated_rock_data waypoint0),(communicated_soil_data waypoint1):False:4.0,9.0:808.0,712.0
> (communicated_image_data objective2 low_res),(communicated_rock_data waypoint0),(communicated_soil_data waypoint1),(communicated_image_data objective0 low_res):True:4.0,7.0:808.0,712.0
> (communicated_image_data objective2 high_res),(communicated_soil_data waypoint3),(communicated_rock_data waypoint0),(communicated_image_data objective0 low_res):False:4.0,9.0:808.0,712.0
> (communicated_soil_data waypoint2),(communicated_image_data objective0 high_res),(communicated_image_data objective1 high_res),(communicated_rock_data waypoint1):False:4.0,10.0:808.0,712.0
> (communicated_image_data objective1 low_res),(communicated_soil_data waypoint3),(communicated_image_data objective2 low_res),(communicated_rock_data waypoint1):False:4.0,9.0:808.0,712.0
rovers-optimal/50/rovers_p03_hyp-2_50_1.tar.bz2:1.45359110832:0.046875:1.27
> (communicated_soil_data waypoint2),(communicated_image_data objective1 high_res),(communicated_image_data objective2 high_res),(communicated_rock_data waypoint0):True:4.0,8.0:808.0,712.0
> (communicated_image_data objective0 high_res),(communicated_image_data objective1 high_res),(communicated_rock_data waypoint0),(communicated_soil_data waypoint1):False:4.0,9.0:808.0,712.0
> (communicated_image_data objective2 low_res),(communicated_rock_data waypoint0),(communicated_soil_data waypoint1),(communicated_image_data objective0 low_res):False:4.0,9.0:808.0,712.0
> (communicated_image_data objective2 high_res),(communicated_soil_data waypoint3),(communicated_rock_data waypoint0),(communicated_image_data objective0 low_res):False:4.0,9.0:808.0,712.0
> (communicated_soil_data waypoint2),(communicated_image_data objective0 high_res),(communicated_image_data objective1 high_res),(communicated_rock_data waypoint1):False:4.0,9.0:808.0,712.0
> (communicated_image_data objective1 low_res),(communicated_soil_data waypoint3),(communicated_image_data objective2 low_res),(communicated_rock_data waypoint1):False:4.0,10.0:808.0,712.0
rovers-optimal/70/rovers_p01_hyp-1_70_1.tar.bz2:1.49317789078:0.0625:1.18
> (communicated_image_data objective0 high_res),(communicated_soil_data waypoint3),(communicated_rock_data waypoint1):True:3.0,6.0:402.0,378.0
> (communicated_soil_data waypoint2),(communicated_image_data objective1 high_res),(communicated_rock_data waypoint1):False:3.0,8.0:400.0,376.0
> (communicated_rock_data waypoint3),(communicated_image_data objective2 high_res),(communicated_soil_data waypoint3):False:3.0,8.0:402.0,378.0
> (communicated_soil_data waypoint2),(communicated_image_data objective0 low_res),(communicated_rock_data waypoint1):False:3.0,8.0:400.0,376.0
> (communicated_soil_data waypoint2),(communicated_rock_data waypoint3),(communicated_image_data objective1 low_res):False:3.0,9.0:400.0,376.0
> (communicated_soil_data waypoint2),(communicated_image_data objective2 high_res),(communicated_rock_data waypoint1):False:3.0,8.0:400.0,376.0
rovers-optimal/70/rovers_p01_hyp-2_70_1.tar.bz2:1.35101413727:0.0:1.11
> (communicated_image_data objective0 high_res),(communicated_soil_data waypoint3),(communicated_rock_data waypoint1):False:3.0,10.0:403.0,379.0
> (communicated_soil_data waypoint2),(communicated_image_data objective1 high_res),(communicated_rock_data waypoint1):True:3.0,8.0:401.0,377.0
> (communicated_rock_data waypoint3),(communicated_image_data objective2 high_res),(communicated_soil_data waypoint3):False:3.0,10.0:403.0,379.0
> (communicated_soil_data waypoint2),(communicated_image_data objective0 low_res),(communicated_rock_data waypoint1):False:3.0,9.0:401.0,377.0
> (communicated_soil_data waypoint2),(communicated_rock_data waypoint3),(communicated_image_data objective1 low_res):False:3.0,9.0:401.0,377.0
> (communicated_soil_data waypoint2),(communicated_image_data objective2 high_res),(communicated_rock_data waypoint1):False:3.0,9.0:401.0,377.0
rovers-optimal/70/rovers_p02_hyp-1_70_1.tar.bz2:1.38727903366:0.03125:1.22
> (communicated_image_data objective1 high_res),(communicated_soil_data waypoint3),(communicated_image_data objective0 low_res),(communicated_rock_data waypoint1):False:4.0,12.0:810.0,714.0
> (communicated_soil_data waypoint2),(communicated_image_data objective1 high_res),(communicated_image_data objective2 high_res),(communicated_rock_data waypoint0):False:4.0,11.0:810.0,714.0
> (communicated_image_data objective0 high_res),(communicated_image_data objective2 high_res),(communicated_soil_data waypoint3),(communicated_rock_data waypoint0):False:4.0,11.0:810.0,714.0
> (communicated_image_data objective0 high_res),(communicated_soil_data waypoint3),(communicated_soil_data waypoint1),(communicated_image_data objective2 low_res):False:4.0,11.0:811.0,715.0
> (communicated_soil_data waypoint2),(communicated_image_data objective1 high_res),(communicated_image_data objective2 high_res),(communicated_rock_data waypoint1):False:4.0,11.0:810.0,714.0
> (communicated_image_data objective0 high_res),(communicated_image_data objective2 high_res),(communicated_rock_data waypoint0),(communicated_soil_data waypoint1):True:4.0,10.0:810.0,714.0
rovers-optimal/70/rovers_p02_hyp-2_70_1.tar.bz2:1.47157001495:0.078125:1.4
> (communicated_image_data objective1 high_res),(communicated_soil_data waypoint3),(communicated_image_data objective0 low_res),(communicated_rock_data waypoint1):False:4.0,12.0:812.0,716.0
> (communicated_soil_data waypoint2),(communicated_image_data objective1 high_res),(communicated_image_data objective2 high_res),(communicated_rock_data waypoint0):False:4.0,12.0:812.0,716.0
> (communicated_image_data objective0 high_res),(communicated_image_data objective2 high_res),(communicated_soil_data waypoint3),(communicated_rock_data waypoint0):False:4.0,14.0:812.0,716.0
> (communicated_image_data objective0 high_res),(communicated_soil_data waypoint3),(communicated_soil_data waypoint1),(communicated_image_data objective2 low_res):False:4.0,14.0:813.0,717.0
> (communicated_soil_data waypoint2),(communicated_image_data objective1 high_res),(communicated_image_data objective2 high_res),(communicated_rock_data waypoint1):True:4.0,11.0:812.0,716.0
> (communicated_image_data objective0 high_res),(communicated_image_data objective2 high_res),(communicated_rock_data waypoint0),(communicated_soil_data waypoint1):False:4.0,14.0:812.0,716.0
rovers-optimal/70/rovers_p03_hyp-1_70_1.tar.bz2:1.46765995026:0.046875:1.23
> (communicated_soil_data waypoint2),(communicated_image_data objective1 high_res),(communicated_image_data objective2 high_res),(communicated_rock_data waypoint0):False:4.0,12.0:810.0,714.0
> (communicated_image_data objective0 high_res),(communicated_image_data objective1 high_res),(communicated_rock_data waypoint0),(communicated_soil_data waypoint1):False:4.0,11.0:810.0,714.0
> (communicated_image_data objective2 low_res),(communicated_rock_data waypoint0),(communicated_soil_data waypoint1),(communicated_image_data objective0 low_res):True:4.0,10.0:810.0,714.0
> (communicated_image_data objective2 high_res),(communicated_soil_data waypoint3),(communicated_rock_data waypoint0),(communicated_image_data objective0 low_res):False:4.0,11.0:810.0,714.0
> (communicated_soil_data waypoint2),(communicated_image_data objective0 high_res),(communicated_image_data objective1 high_res),(communicated_rock_data waypoint1):False:4.0,13.0:810.0,714.0
> (communicated_image_data objective1 low_res),(communicated_soil_data waypoint3),(communicated_image_data objective2 low_res),(communicated_rock_data waypoint1):False:4.0,13.0:810.0,714.0
rovers-optimal/70/rovers_p03_hyp-2_70_1.tar.bz2:1.45850801468:0.0625:1.29
> (communicated_soil_data waypoint2),(communicated_image_data objective1 high_res),(communicated_image_data objective2 high_res),(communicated_rock_data waypoint0):True:4.0,11.0:811.0,715.0
> (communicated_image_data objective0 high_res),(communicated_image_data objective1 high_res),(communicated_rock_data waypoint0),(communicated_soil_data waypoint1):True:4.0,11.0:811.0,715.0
> (communicated_image_data objective2 low_res),(communicated_rock_data waypoint0),(communicated_soil_data waypoint1),(communicated_image_data objective0 low_res):False:4.0,12.0:811.0,715.0
> (communicated_image_data objective2 high_res),(communicated_soil_data waypoint3),(communicated_rock_data waypoint0),(communicated_image_data objective0 low_res):False:4.0,12.0:811.0,715.0
> (communicated_soil_data waypoint2),(communicated_image_data objective0 high_res),(communicated_image_data objective1 high_res),(communicated_rock_data waypoint1):False:4.0,12.0:811.0,715.0
> (communicated_image_data objective1 low_res),(communicated_soil_data waypoint3),(communicated_image_data objective2 low_res),(communicated_rock_data waypoint1):False:4.0,13.0:811.0,715.0
rovers-optimal/100/rovers_p01_hyp-1_full.tar.bz2:1.46519589424:0.03125:1.15
> (communicated_image_data objective0 high_res),(communicated_soil_data waypoint3),(communicated_rock_data waypoint1):True:3.0,8.0:404.0,380.0
> (communicated_soil_data waypoint2),(communicated_image_data objective1 high_res),(communicated_rock_data waypoint1):False:3.0,10.0:402.0,378.0
> (communicated_rock_data waypoint3),(communicated_image_data objective2 high_res),(communicated_soil_data waypoint3):False:3.0,10.0:404.0,380.0
> (communicated_soil_data waypoint2),(communicated_image_data objective0 low_res),(communicated_rock_data waypoint1):False:3.0,10.0:402.0,378.0
> (communicated_soil_data waypoint2),(communicated_rock_data waypoint3),(communicated_image_data objective1 low_res):False:3.0,11.0:402.0,378.0
> (communicated_soil_data waypoint2),(communicated_image_data objective2 high_res),(communicated_rock_data waypoint1):False:3.0,10.0:402.0,378.0
rovers-optimal/100/rovers_p01_hyp-2_full.tar.bz2:1.43925595284:0.03125:1.16
> (communicated_image_data objective0 high_res),(communicated_soil_data waypoint3),(communicated_rock_data waypoint1):False:3.0,11.0:405.0,381.0
> (communicated_soil_data waypoint2),(communicated_image_data objective1 high_res),(communicated_rock_data waypoint1):True:3.0,9.0:403.0,379.0
> (communicated_rock_data waypoint3),(communicated_image_data objective2 high_res),(communicated_soil_data waypoint3):False:3.0,12.0:405.0,381.0
> (communicated_soil_data waypoint2),(communicated_image_data objective0 low_res),(communicated_rock_data waypoint1):False:3.0,10.0:403.0,379.0
> (communicated_soil_data waypoint2),(communicated_rock_data waypoint3),(communicated_image_data objective1 low_res):False:3.0,11.0:403.0,379.0
> (communicated_soil_data waypoint2),(communicated_image_data objective2 high_res),(communicated_rock_data waypoint1):False:3.0,10.0:403.0,379.0
rovers-optimal/100/rovers_p02_hyp-1_full.tar.bz2:1.42751812935:0.046875:1.15
> (communicated_image_data objective1 high_res),(communicated_soil_data waypoint3),(communicated_image_data objective0 low_res),(communicated_rock_data waypoint1):False:4.0,15.0:813.0,717.0
> (communicated_soil_data waypoint2),(communicated_image_data objective1 high_res),(communicated_image_data objective2 high_res),(communicated_rock_data waypoint0):False:4.0,13.0:813.0,717.0
> (communicated_image_data objective0 high_res),(communicated_image_data objective2 high_res),(communicated_soil_data waypoint3),(communicated_rock_data waypoint0):False:4.0,12.0:813.0,717.0
> (communicated_image_data objective0 high_res),(communicated_soil_data waypoint3),(communicated_soil_data waypoint1),(communicated_image_data objective2 low_res):False:4.0,13.0:814.0,718.0
> (communicated_soil_data waypoint2),(communicated_image_data objective1 high_res),(communicated_image_data objective2 high_res),(communicated_rock_data waypoint1):False:4.0,14.0:813.0,717.0
> (communicated_image_data objective0 high_res),(communicated_image_data objective2 high_res),(communicated_rock_data waypoint0),(communicated_soil_data waypoint1):True:4.0,11.0:813.0,717.0
rovers-optimal/100/rovers_p02_hyp-2_full.tar.bz2:1.41367602348:0.046875:1.24
> (communicated_image_data objective1 high_res),(communicated_soil_data waypoint3),(communicated_image_data objective0 low_res),(communicated_rock_data waypoint1):False:4.0,15.0:815.0,719.0
> (communicated_soil_data waypoint2),(communicated_image_data objective1 high_res),(communicated_image_data objective2 high_res),(communicated_rock_data waypoint0):False:4.0,14.0:815.0,719.0
> (communicated_image_data objective0 high_res),(communicated_image_data objective2 high_res),(communicated_soil_data waypoint3),(communicated_rock_data waypoint0):False:4.0,16.0:815.0,719.0
> (communicated_image_data objective0 high_res),(communicated_soil_data waypoint3),(communicated_soil_data waypoint1),(communicated_image_data objective2 low_res):False:4.0,17.0:816.0,720.0
> (communicated_soil_data waypoint2),(communicated_image_data objective1 high_res),(communicated_image_data objective2 high_res),(communicated_rock_data waypoint1):True:4.0,13.0:815.0,719.0
> (communicated_image_data objective0 high_res),(communicated_image_data objective2 high_res),(communicated_rock_data waypoint0),(communicated_soil_data waypoint1):False:4.0,16.0:815.0,719.0
rovers-optimal/100/rovers_p03_hyp-1_full.tar.bz2:1.41120696068:0.046875:1.25
> (communicated_soil_data waypoint2),(communicated_image_data objective1 high_res),(communicated_image_data objective2 high_res),(communicated_rock_data waypoint0):False:4.0,14.0:812.0,716.0
> (communicated_image_data objective0 high_res),(communicated_image_data objective1 high_res),(communicated_rock_data waypoint0),(communicated_soil_data waypoint1):False:4.0,13.0:812.0,716.0
> (communicated_image_data objective2 low_res),(communicated_rock_data waypoint0),(communicated_soil_data waypoint1),(communicated_image_data objective0 low_res):True:4.0,11.0:812.0,716.0
> (communicated_image_data objective2 high_res),(communicated_soil_data waypoint3),(communicated_rock_data waypoint0),(communicated_image_data objective0 low_res):False:4.0,13.0:812.0,716.0
> (communicated_soil_data waypoint2),(communicated_image_data objective0 high_res),(communicated_image_data objective1 high_res),(communicated_rock_data waypoint1):False:4.0,15.0:812.0,716.0
> (communicated_image_data objective1 low_res),(communicated_soil_data waypoint3),(communicated_image_data objective2 low_res),(communicated_rock_data waypoint1):False:4.0,14.0:812.0,716.0
rovers-optimal/100/rovers_p03_hyp-2_full.tar.bz2:1.44958996773:0.03125:1.22
> (communicated_soil_data waypoint2),(communicated_image_data objective1 high_res),(communicated_image_data objective2 high_res),(communicated_rock_data waypoint0):True:4.0,12.0:814.0,718.0
> (communicated_image_data objective0 high_res),(communicated_image_data objective1 high_res),(communicated_rock_data waypoint0),(communicated_soil_data waypoint1):False:4.0,14.0:814.0,718.0
> (communicated_image_data objective2 low_res),(communicated_rock_data waypoint0),(communicated_soil_data waypoint1),(communicated_image_data objective0 low_res):False:4.0,15.0:814.0,718.0
> (communicated_image_data objective2 high_res),(communicated_soil_data waypoint3),(communicated_rock_data waypoint0),(communicated_image_data objective0 low_res):False:4.0,14.0:814.0,718.0
> (communicated_soil_data waypoint2),(communicated_image_data objective0 high_res),(communicated_image_data objective1 high_res),(communicated_rock_data waypoint1):False:4.0,14.0:814.0,718.0
> (communicated_image_data objective1 low_res),(communicated_soil_data waypoint3),(communicated_image_data objective2 low_res),(communicated_rock_data waypoint1):False:4.0,16.0:814.0,718.0
