rovers-suboptimal-old-noisy/10/rovers_noisy_p01_hyp-1_10_1.tar.bz2:0.615338087082:0.04660397:0.62
> 0:True:6,7:8177,893,0
> 1:True:6,7:8177,893,0
> 2:True:6,7:8177,893,0
> 3:True:6,7:8177,893,0
> 4:True:7,8:8177,893,0
> 5:True:7,8:8177,893,0
rovers-suboptimal-old-noisy/10/rovers_noisy_p01_hyp-1_10_2.tar.bz2:0.632735013962:0.05004404:0.63
> 0:True:6,7:8178,896,1
> 1:True:6,7:8178,896,1
> 2:True:6,7:8178,896,1
> 3:True:6,7:8178,896,1
> 4:True:7,8:8178,896,1
> 5:True:7,8:8178,896,1
rovers-suboptimal-old-noisy/10/rovers_noisy_p01_hyp-1_10_3.tar.bz2:0.624464988708:0.05166588:0.63
> 0:False:6,7:8178,896,1
> 1:False:6,7:8178,896,1
> 2:False:6,7:8178,896,1
> 3:False:6,7:8178,896,0
> 4:True:7,7:8178,896,1
> 5:True:7,7:8178,896,0
rovers-suboptimal-old-noisy/10/rovers_noisy_p01_hyp-2_10_1.tar.bz2:0.622375965118:0.05270512:0.62
> 0:False:6,8:8179,899,1
> 1:True:6,7:8179,899,2
> 2:True:6,7:8179,899,1
> 3:False:6,8:8179,899,1
> 4:True:7,8:8179,899,1
> 5:True:7,8:8179,899,1
rovers-suboptimal-old-noisy/10/rovers_noisy_p01_hyp-2_10_2.tar.bz2:0.63588809967:0.04426548:0.64
> 0:True:6,7:8179,899,1
> 1:True:6,7:8179,899,1
> 2:True:6,7:8179,899,1
> 3:True:6,7:8179,899,1
> 4:True:7,8:8179,899,1
> 5:True:7,8:8179,899,1
rovers-suboptimal-old-noisy/10/rovers_noisy_p01_hyp-2_10_3.tar.bz2:0.619458913803:0.04455967:0.63
> 0:False:6,8:8179,899,1
> 1:True:6,7:8179,899,2
> 2:False:6,8:8179,899,1
> 3:False:6,8:8179,899,1
> 4:True:7,8:8179,899,1
> 5:False:7,9:8179,899,1
rovers-suboptimal-old-noisy/10/rovers_noisy_p01_hyp-3_10_1.tar.bz2:0.637565135956:0.05314784:0.64
> 0:False:6,8:8178,896,0
> 1:False:6,8:8178,896,0
> 2:True:6,7:8178,896,1
> 3:False:6,8:8178,896,1
> 4:True:7,8:8178,896,0
> 5:False:7,9:8178,896,0
rovers-suboptimal-old-noisy/10/rovers_noisy_p01_hyp-3_10_2.tar.bz2:0.642800807953:0.05474106:0.64
> 0:False:6,8:8179,899,1
> 1:True:6,7:8179,899,1
> 2:True:6,7:8179,899,1
> 3:False:6,8:8179,899,1
> 4:True:7,8:8179,899,1
> 5:True:7,8:8179,899,1
rovers-suboptimal-old-noisy/10/rovers_noisy_p01_hyp-3_10_3.tar.bz2:0.645704984665:0.05310414:0.65
> 0:False:6,8:8179,899,1
> 1:True:6,7:8179,899,1
> 2:True:6,7:8179,899,1
> 3:False:6,8:8179,899,1
> 4:True:7,8:8179,899,1
> 5:True:7,8:8179,899,0
rovers-suboptimal-old-noisy/10/rovers_noisy_p01_hyp-4_10_1.tar.bz2:0.642298936844:0.0502924:0.63
> 0:False:6,7:8178,896,0
> 1:False:6,7:8178,896,0
> 2:False:6,7:8178,896,0
> 3:False:6,7:8178,896,0
> 4:True:7,7:8178,896,0
> 5:True:7,7:8178,896,0
rovers-suboptimal-old-noisy/10/rovers_noisy_p01_hyp-4_10_2.tar.bz2:0.62233710289:0.0532719:0.62
> 0:True:6,7:8177,893,0
> 1:True:6,7:8177,893,0
> 2:True:6,7:8177,893,0
> 3:True:6,7:8177,893,0
> 4:True:7,8:8177,893,0
> 5:True:7,8:8177,893,0
rovers-suboptimal-old-noisy/10/rovers_noisy_p01_hyp-4_10_3.tar.bz2:0.625349998474:0.05474203:0.63
> 0:False:6,7:8177,893,0
> 1:False:6,7:8177,893,0
> 2:False:6,7:8177,893,0
> 3:False:6,7:8177,893,0
> 4:True:7,7:8177,893,0
> 5:True:7,7:8177,893,0
rovers-suboptimal-old-noisy/10/rovers_noisy_p02_hyp-1_10_1.tar.bz2:0.722787857056:0.071632:0.72
> 0:False:7,8:16055,1478,0
> 1:False:7,9:16055,1478,2
> 2:True:8,8:16055,1478,0
> 3:False:7,8:16055,1478,0
> 4:False:8,10:16055,1478,1
> 5:False:7,9:16055,1478,2
rovers-suboptimal-old-noisy/10/rovers_noisy_p02_hyp-1_10_2.tar.bz2:0.739066123962:0.0742994:0.73
> 0:False:7,8:16055,1478,1
> 1:False:7,9:16055,1478,1
> 2:True:8,8:16055,1478,1
> 3:False:7,8:16055,1478,1
> 4:False:8,9:16055,1478,1
> 5:False:7,9:16055,1478,1
rovers-suboptimal-old-noisy/10/rovers_noisy_p02_hyp-1_10_3.tar.bz2:0.75933098793:0.0802395:0.77
> 0:False:7,8:16055,1478,1
> 1:False:7,9:16055,1478,0
> 2:True:8,8:16055,1478,1
> 3:False:7,8:16055,1478,1
> 4:False:8,9:16055,1478,0
> 5:False:7,8:16055,1478,1
rovers-suboptimal-old-noisy/10/rovers_noisy_p02_hyp-2_10_1.tar.bz2:0.730870008469:0.0757369:0.74
> 0:False:7,9:16055,1478,1
> 1:False:7,9:16055,1478,2
> 2:True:8,9:16055,1478,1
> 3:False:7,9:16055,1478,2
> 4:True:8,9:16055,1478,1
> 5:False:7,9:16055,1478,1
rovers-suboptimal-old-noisy/10/rovers_noisy_p02_hyp-2_10_2.tar.bz2:0.746671915054:0.0811669:0.74
> 0:False:7,9:16055,1478,2
> 1:False:7,9:16055,1478,2
> 2:True:8,9:16055,1478,2
> 3:False:7,9:16055,1478,2
> 4:True:8,9:16055,1478,1
> 5:False:7,9:16055,1478,1
rovers-suboptimal-old-noisy/10/rovers_noisy_p02_hyp-2_10_3.tar.bz2:0.734521150589:0.0748216:0.74
> 0:False:7,9:16054,1475,1
> 1:False:7,9:16054,1475,1
> 2:True:8,9:16054,1475,1
> 3:False:7,9:16054,1475,1
> 4:True:8,9:16054,1475,0
> 5:False:7,9:16054,1475,0
rovers-suboptimal-old-noisy/10/rovers_noisy_p02_hyp-3_10_1.tar.bz2:0.739990949631:0.0811437:0.74
> 0:False:7,9:16055,1478,2
> 1:False:7,9:16055,1478,1
> 2:True:8,9:16055,1478,2
> 3:False:7,9:16055,1478,1
> 4:True:8,9:16055,1478,1
> 5:False:7,9:16055,1478,2
rovers-suboptimal-old-noisy/10/rovers_noisy_p02_hyp-3_10_2.tar.bz2:0.760997772217:0.0835026:0.76
> 0:True:7,9:16054,1475,1
> 1:True:7,9:16054,1475,0
> 2:True:8,10:16054,1475,1
> 3:True:7,9:16054,1475,0
> 4:True:8,10:16054,1475,0
> 5:True:7,9:16054,1475,1
rovers-suboptimal-old-noisy/10/rovers_noisy_p02_hyp-3_10_3.tar.bz2:0.762771129608:0.0785457:0.76
> 0:False:7,9:16055,1478,2
> 1:False:7,9:16055,1478,1
> 2:True:8,9:16055,1478,2
> 3:False:7,9:16055,1478,1
> 4:True:8,9:16055,1478,1
> 5:False:7,9:16055,1478,2
rovers-suboptimal-old-noisy/10/rovers_noisy_p02_hyp-4_10_1.tar.bz2:0.731553077698:0.0702276:0.73
> 0:False:7,9:16055,1478,1
> 1:False:7,9:16055,1478,1
> 2:True:8,9:16055,1478,1
> 3:False:7,9:16055,1478,1
> 4:True:8,9:16055,1478,1
> 5:False:7,9:16055,1478,2
rovers-suboptimal-old-noisy/10/rovers_noisy_p02_hyp-4_10_2.tar.bz2:0.757297992706:0.0754153:0.75
> 0:False:7,9:16055,1478,1
> 1:False:7,9:16055,1478,1
> 2:True:8,9:16055,1478,1
> 3:False:7,9:16055,1478,1
> 4:True:8,9:16055,1478,1
> 5:False:7,9:16055,1478,1
rovers-suboptimal-old-noisy/10/rovers_noisy_p02_hyp-4_10_3.tar.bz2:0.764907836914:0.077267:0.78
> 0:False:7,9:16054,1475,1
> 1:False:7,9:16054,1475,1
> 2:True:8,9:16054,1475,1
> 3:False:7,9:16054,1475,1
> 4:True:8,9:16054,1475,1
> 5:False:7,9:16054,1475,1
rovers-suboptimal-old-noisy/10/rovers_noisy_p03_hyp-1_10_1.tar.bz2:0.751270055771:0.0810295:0.75
> 0:False:7,9:16055,1478,2
> 1:False:7,9:16055,1478,1
> 2:False:7,9:16055,1478,1
> 3:False:7,9:16055,1478,1
> 4:True:8,9:16055,1478,2
> 5:True:8,9:16055,1478,1
rovers-suboptimal-old-noisy/10/rovers_noisy_p03_hyp-1_10_2.tar.bz2:0.737614154816:0.0753502:0.73
> 0:True:7,8:16054,1475,1
> 1:True:7,8:16054,1475,0
> 2:False:7,9:16054,1475,0
> 3:True:7,8:16054,1475,1
> 4:True:8,9:16054,1475,0
> 5:False:8,10:16054,1475,0
rovers-suboptimal-old-noisy/10/rovers_noisy_p03_hyp-1_10_3.tar.bz2:0.749831199646:0.074007:0.75
> 0:True:7,9:16054,1475,1
> 1:True:7,9:16054,1475,0
> 2:True:7,9:16054,1475,0
> 3:True:7,9:16054,1475,1
> 4:True:8,10:16054,1475,0
> 5:True:8,10:16054,1475,0
rovers-suboptimal-old-noisy/10/rovers_noisy_p03_hyp-2_10_1.tar.bz2:0.738840103149:0.0732288:0.73
> 0:True:7,7:16055,1478,0
> 1:True:7,7:16055,1478,0
> 2:False:7,9:16055,1478,1
> 3:True:7,7:16055,1478,0
> 4:True:8,8:16055,1478,0
> 5:False:8,10:16055,1478,1
rovers-suboptimal-old-noisy/10/rovers_noisy_p03_hyp-2_10_2.tar.bz2:0.764267206192:0.0807416:0.76
> 0:True:7,8:16055,1478,1
> 1:True:7,8:16055,1478,1
> 2:False:7,9:16055,1478,1
> 3:True:7,8:16055,1478,1
> 4:True:8,9:16055,1478,1
> 5:False:8,10:16055,1478,1
rovers-suboptimal-old-noisy/10/rovers_noisy_p03_hyp-2_10_3.tar.bz2:0.745137929916:0.0820821:0.74
> 0:False:7,9:16055,1478,1
> 1:False:7,9:16055,1478,2
> 2:False:7,9:16055,1478,1
> 3:False:7,9:16055,1478,1
> 4:True:8,9:16055,1478,2
> 5:False:8,10:16055,1478,1
rovers-suboptimal-old-noisy/10/rovers_noisy_p03_hyp-3_10_1.tar.bz2:0.751882076263:0.0744471:0.75
> 0:False:7,9:16055,1478,1
> 1:False:7,9:16055,1478,1
> 2:True:7,8:16055,1478,2
> 3:False:7,9:16055,1478,1
> 4:False:8,10:16055,1478,1
> 5:True:8,9:16055,1478,2
rovers-suboptimal-old-noisy/10/rovers_noisy_p03_hyp-3_10_2.tar.bz2:0.739119052887:0.0756343:0.73
> 0:False:7,9:16054,1475,0
> 1:False:7,9:16054,1475,0
> 2:False:7,9:16054,1475,1
> 3:False:7,9:16054,1475,1
> 4:True:8,9:16054,1475,0
> 5:True:8,9:16054,1475,0
rovers-suboptimal-old-noisy/10/rovers_noisy_p03_hyp-3_10_3.tar.bz2:0.734597921371:0.0737687:0.73
> 0:False:7,9:16054,1475,1
> 1:False:7,9:16054,1475,1
> 2:False:7,9:16054,1475,1
> 3:False:7,9:16054,1475,1
> 4:True:8,9:16054,1475,1
> 5:True:8,9:16054,1475,1
rovers-suboptimal-old-noisy/10/rovers_noisy_p03_hyp-4_10_1.tar.bz2:0.749577999115:0.0750635:0.74
> 0:True:7,9:16055,1478,0
> 1:True:7,9:16055,1478,1
> 2:True:7,9:16055,1478,2
> 3:True:7,9:16055,1478,2
> 4:True:8,10:16055,1478,1
> 5:True:8,10:16055,1478,0
rovers-suboptimal-old-noisy/10/rovers_noisy_p03_hyp-4_10_2.tar.bz2:0.726602077484:0.0782177:0.72
> 0:False:7,9:16055,1478,2
> 1:True:7,8:16055,1478,2
> 2:True:7,8:16055,1478,2
> 3:True:7,8:16055,1478,2
> 4:True:8,9:16055,1478,2
> 5:True:8,9:16055,1478,2
rovers-suboptimal-old-noisy/10/rovers_noisy_p03_hyp-4_10_3.tar.bz2:0.734214067459:0.078947:0.74
> 0:False:7,9:16054,1475,1
> 1:False:7,9:16054,1475,0
> 2:False:7,9:16054,1475,0
> 3:False:7,9:16054,1475,1
> 4:True:8,9:16054,1475,0
> 5:True:8,9:16054,1475,0
rovers-suboptimal-old-noisy/30/rovers_noisy_p01_hyp-1_30_1.tar.bz2:0.627323150635:0.05385708:0.63
> 0:True:6,7:8180,902,3
> 1:False:6,8:8180,902,1
> 2:False:6,8:8180,902,2
> 3:False:6,8:8180,902,2
> 4:False:7,9:8180,902,1
> 5:False:7,9:8180,902,2
rovers-suboptimal-old-noisy/30/rovers_noisy_p01_hyp-1_30_2.tar.bz2:0.650474071503:0.05602602:0.65
> 0:True:6,7:8180,902,3
> 1:False:6,8:8180,902,1
> 2:False:6,8:8180,902,1
> 3:False:6,8:8180,902,1
> 4:False:7,9:8180,902,1
> 5:False:7,9:8180,902,1
rovers-suboptimal-old-noisy/30/rovers_noisy_p01_hyp-1_30_3.tar.bz2:0.643841028214:0.04887002:0.65
> 0:True:6,8:8180,902,3
> 1:True:6,8:8180,902,3
> 2:True:6,8:8180,902,3
> 3:True:6,8:8180,902,3
> 4:True:7,9:8180,902,3
> 5:False:7,10:8180,902,3
rovers-suboptimal-old-noisy/30/rovers_noisy_p01_hyp-2_30_1.tar.bz2:0.645737171173:0.05263405:0.64
> 0:True:6,9:8181,905,3
> 1:True:6,9:8181,905,3
> 2:True:6,9:8181,905,3
> 3:False:6,10:8181,905,2
> 4:True:7,10:8181,905,3
> 5:True:7,10:8181,905,2
rovers-suboptimal-old-noisy/30/rovers_noisy_p01_hyp-2_30_2.tar.bz2:0.637109041214:0.04382787:0.64
> 0:False:6,10:8181,905,2
> 1:True:6,9:8181,905,3
> 2:False:6,10:8181,905,2
> 3:False:6,10:8181,905,3
> 4:True:7,10:8181,905,3
> 5:False:7,11:8181,905,3
rovers-suboptimal-old-noisy/30/rovers_noisy_p01_hyp-2_30_3.tar.bz2:0.651600837708:0.04946797:0.65
> 0:True:6,8:8181,905,0
> 1:True:6,8:8181,905,0
> 2:True:6,8:8181,905,0
> 3:False:6,10:8181,905,2
> 4:True:7,9:8181,905,1
> 5:False:7,10:8181,905,3
rovers-suboptimal-old-noisy/30/rovers_noisy_p01_hyp-3_30_1.tar.bz2:0.66007900238:0.04699092:0.66
> 0:False:6,9:8181,905,3
> 1:False:6,9:8181,905,3
> 2:True:6,8:8181,905,4
> 3:False:6,9:8181,905,4
> 4:False:7,10:8181,905,3
> 5:False:7,10:8181,905,3
rovers-suboptimal-old-noisy/30/rovers_noisy_p01_hyp-3_30_2.tar.bz2:0.623023033142:0.04903052:0.62
> 0:False:6,10:8180,902,2
> 1:True:6,9:8180,902,1
> 2:True:6,9:8180,902,2
> 3:True:6,9:8180,902,2
> 4:True:7,10:8180,902,1
> 5:True:7,10:8180,902,1
rovers-suboptimal-old-noisy/30/rovers_noisy_p01_hyp-3_30_3.tar.bz2:0.628235816956:0.04920869:0.62
> 0:False:6,10:8180,902,2
> 1:True:6,9:8180,902,1
> 2:True:6,9:8180,902,2
> 3:True:6,9:8180,902,2
> 4:True:7,10:8180,902,1
> 5:True:7,10:8180,902,1
rovers-suboptimal-old-noisy/30/rovers_noisy_p01_hyp-4_30_1.tar.bz2:0.625563144684:0.04588986:0.62
> 0:False:6,9:8180,902,1
> 1:False:6,9:8180,902,2
> 2:True:6,8:8180,902,2
> 3:True:6,8:8180,902,2
> 4:True:7,9:8180,902,2
> 5:True:7,9:8180,902,2
rovers-suboptimal-old-noisy/30/rovers_noisy_p01_hyp-4_30_2.tar.bz2:0.613805055618:0.05068577:0.61
> 0:False:6,9:8179,899,1
> 1:False:6,9:8179,899,1
> 2:True:6,8:8179,899,2
> 3:True:6,8:8179,899,2
> 4:True:7,9:8179,899,1
> 5:True:7,9:8179,899,0
rovers-suboptimal-old-noisy/30/rovers_noisy_p01_hyp-4_30_3.tar.bz2:0.627472877502:0.04801216:0.62
> 0:False:6,9:8178,896,0
> 1:False:6,9:8178,896,0
> 2:False:6,9:8178,896,0
> 3:True:6,8:8178,896,1
> 4:True:7,9:8178,896,0
> 5:True:7,9:8178,896,1
rovers-suboptimal-old-noisy/30/rovers_noisy_p02_hyp-1_30_1.tar.bz2:0.74539399147:0.080715:0.74
> 0:True:7,10:16057,1484,4
> 1:False:7,11:16057,1484,4
> 2:True:8,11:16057,1484,4
> 3:False:7,11:16057,1484,4
> 4:True:8,11:16057,1484,3
> 5:True:7,10:16057,1484,1
rovers-suboptimal-old-noisy/30/rovers_noisy_p02_hyp-1_30_2.tar.bz2:0.730470895767:0.0735564:0.73
> 0:True:7,10:16057,1484,4
> 1:False:7,11:16057,1484,4
> 2:True:8,11:16057,1484,4
> 3:False:7,11:16057,1484,4
> 4:False:8,12:16057,1484,3
> 5:True:7,10:16057,1484,3
rovers-suboptimal-old-noisy/30/rovers_noisy_p02_hyp-1_30_3.tar.bz2:0.741730928421:0.0762457:0.73
> 0:False:7,11:16056,1481,3
> 1:False:7,11:16056,1481,3
> 2:True:8,11:16056,1481,3
> 3:False:7,11:16056,1481,3
> 4:True:8,11:16056,1481,3
> 5:True:7,10:16056,1481,3
rovers-suboptimal-old-noisy/30/rovers_noisy_p02_hyp-2_30_1.tar.bz2:0.727972984314:0.0728011:0.73
> 0:False:7,12:16060,1493,7
> 1:True:7,11:16060,1493,7
> 2:True:8,12:16060,1493,7
> 3:True:7,11:16060,1493,7
> 4:False:8,13:16060,1493,6
> 5:False:7,12:16060,1493,6
rovers-suboptimal-old-noisy/30/rovers_noisy_p02_hyp-2_30_2.tar.bz2:0.736703872681:0.081756:0.74
> 0:False:7,12:16060,1493,7
> 1:False:7,11:16060,1493,1
> 2:False:8,12:16060,1493,7
> 3:False:7,12:16060,1493,7
> 4:True:8,11:16060,1493,1
> 5:False:7,12:16060,1493,6
rovers-suboptimal-old-noisy/30/rovers_noisy_p02_hyp-2_30_3.tar.bz2:0.739225149155:0.0786104:0.74
> 0:False:7,12:16060,1493,5
> 1:False:7,12:16060,1493,5
> 2:True:8,12:16060,1493,5
> 3:False:7,12:16060,1493,5
> 4:False:8,13:16060,1493,4
> 5:False:7,12:16060,1493,5
rovers-suboptimal-old-noisy/30/rovers_noisy_p02_hyp-3_30_1.tar.bz2:0.73091006279:0.0795664:0.73
> 0:False:7,13:16059,1490,6
> 1:False:7,13:16059,1490,6
> 2:True:8,11:16059,1490,6
> 3:False:7,13:16059,1490,6
> 4:True:8,11:16059,1490,6
> 5:True:7,10:16059,1490,6
rovers-suboptimal-old-noisy/30/rovers_noisy_p02_hyp-3_30_2.tar.bz2:0.72429394722:0.0750636:0.73
> 0:False:7,13:16059,1490,6
> 1:False:7,13:16059,1490,5
> 2:True:8,12:16059,1490,6
> 3:False:7,13:16059,1490,5
> 4:False:8,13:16059,1490,5
> 5:False:7,12:16059,1490,6
rovers-suboptimal-old-noisy/30/rovers_noisy_p02_hyp-3_30_3.tar.bz2:0.732064008713:0.0693272:0.73
> 0:False:7,12:16060,1493,7
> 1:False:7,13:16060,1493,5
> 2:True:8,12:16060,1493,6
> 3:False:7,12:16060,1493,6
> 4:True:8,12:16060,1493,6
> 5:False:7,12:16060,1493,6
rovers-suboptimal-old-noisy/30/rovers_noisy_p02_hyp-4_30_1.tar.bz2:0.738950967789:0.0792927:0.74
> 0:False:7,10:16058,1487,5
> 1:False:7,10:16058,1487,4
> 2:True:8,10:16058,1487,5
> 3:True:7,9:16058,1487,1
> 4:False:8,11:16058,1487,3
> 5:False:7,11:16058,1487,3
rovers-suboptimal-old-noisy/30/rovers_noisy_p02_hyp-4_30_2.tar.bz2:0.753017902374:0.0819758:0.76
> 0:True:7,9:16058,1487,5
> 1:False:7,10:16058,1487,5
> 2:True:8,10:16058,1487,5
> 3:True:7,9:16058,1487,5
> 4:False:8,11:16058,1487,4
> 5:False:7,10:16058,1487,4
rovers-suboptimal-old-noisy/30/rovers_noisy_p02_hyp-4_30_3.tar.bz2:0.745558023453:0.0740212:0.74
> 0:False:7,10:16058,1487,3
> 1:False:7,11:16058,1487,5
> 2:True:8,10:16058,1487,3
> 3:False:7,10:16058,1487,4
> 4:False:8,11:16058,1487,5
> 5:False:7,10:16058,1487,4
rovers-suboptimal-old-noisy/30/rovers_noisy_p03_hyp-1_30_1.tar.bz2:0.732398033142:0.0740294:0.72
> 0:True:7,10:16057,1484,4
> 1:False:7,11:16057,1484,3
> 2:False:7,11:16057,1484,3
> 3:False:7,11:16057,1484,3
> 4:True:8,11:16057,1484,4
> 5:True:8,11:16057,1484,3
rovers-suboptimal-old-noisy/30/rovers_noisy_p03_hyp-1_30_2.tar.bz2:0.735092163086:0.0787367:0.74
> 0:True:7,10:16056,1481,3
> 1:False:7,11:16056,1481,2
> 2:False:7,11:16056,1481,2
> 3:True:7,10:16056,1481,2
> 4:False:8,12:16056,1481,2
> 5:True:8,11:16056,1481,3
rovers-suboptimal-old-noisy/30/rovers_noisy_p03_hyp-1_30_3.tar.bz2:0.739300012589:0.0776985:0.74
> 0:True:7,10:16056,1481,3
> 1:False:7,11:16056,1481,2
> 2:False:7,11:16056,1481,2
> 3:False:7,11:16056,1481,2
> 4:True:8,11:16056,1481,2
> 5:True:8,11:16056,1481,3
rovers-suboptimal-old-noisy/30/rovers_noisy_p03_hyp-2_30_1.tar.bz2:0.738337993622:0.0758222:0.75
> 0:False:7,10:16057,1484,2
> 1:False:7,10:16057,1484,1
> 2:False:7,11:16057,1484,3
> 3:False:7,10:16057,1484,1
> 4:True:8,10:16057,1484,2
> 5:False:8,11:16057,1484,3
rovers-suboptimal-old-noisy/30/rovers_noisy_p03_hyp-2_30_2.tar.bz2:0.730339050293:0.0807936:0.73
> 0:False:7,11:16056,1481,3
> 1:True:7,10:16056,1481,3
> 2:True:7,10:16056,1481,3
> 3:False:7,11:16056,1481,3
> 4:True:8,11:16056,1481,3
> 5:True:8,11:16056,1481,3
rovers-suboptimal-old-noisy/30/rovers_noisy_p03_hyp-2_30_3.tar.bz2:0.744807958603:0.0794022:0.75
> 0:False:7,10:16058,1487,3
> 1:True:7,9:16058,1487,4
> 2:False:7,11:16058,1487,3
> 3:False:7,10:16058,1487,3
> 4:True:8,10:16058,1487,4
> 5:False:8,12:16058,1487,4
rovers-suboptimal-old-noisy/30/rovers_noisy_p03_hyp-3_30_1.tar.bz2:0.735617160797:0.084507:0.74
> 0:False:7,12:16060,1493,5
> 1:False:7,12:16060,1493,5
> 2:False:7,12:16060,1493,6
> 3:False:7,12:16060,1493,6
> 4:True:8,12:16060,1493,5
> 5:False:8,13:16060,1493,6
rovers-suboptimal-old-noisy/30/rovers_noisy_p03_hyp-3_30_2.tar.bz2:0.732555866241:0.0778746:0.74
> 0:False:7,12:16060,1493,6
> 1:False:7,12:16060,1493,6
> 2:False:7,12:16060,1493,6
> 3:False:7,12:16060,1493,6
> 4:True:8,12:16060,1493,6
> 5:False:8,13:16060,1493,5
rovers-suboptimal-old-noisy/30/rovers_noisy_p03_hyp-3_30_3.tar.bz2:0.740882158279:0.0743076:0.74
> 0:False:7,13:16060,1493,6
> 1:True:7,12:16060,1493,7
> 2:True:7,12:16060,1493,7
> 3:True:7,12:16060,1493,7
> 4:True:8,13:16060,1493,6
> 5:True:8,13:16060,1493,6
rovers-suboptimal-old-noisy/30/rovers_noisy_p03_hyp-4_30_1.tar.bz2:0.731509208679:0.0754818:0.73
> 0:True:7,10:16056,1481,1
> 1:True:7,10:16056,1481,2
> 2:False:7,11:16056,1481,3
> 3:True:7,10:16056,1481,1
> 4:True:8,11:16056,1481,1
> 5:False:8,12:16056,1481,2
rovers-suboptimal-old-noisy/30/rovers_noisy_p03_hyp-4_30_2.tar.bz2:0.732923030853:0.07548:0.73
> 0:True:7,10:16056,1481,2
> 1:True:7,10:16056,1481,3
> 2:False:7,11:16056,1481,3
> 3:True:7,10:16056,1481,3
> 4:True:8,11:16056,1481,2
> 5:False:8,12:16056,1481,2
rovers-suboptimal-old-noisy/30/rovers_noisy_p03_hyp-4_30_3.tar.bz2:0.734652042389:0.0766061:0.73
> 0:True:7,9:16057,1484,1
> 1:False:7,11:16057,1484,4
> 2:False:7,11:16057,1484,4
> 3:True:7,9:16057,1484,1
> 4:False:8,11:16057,1484,4
> 5:False:8,11:16057,1484,4
rovers-suboptimal-old-noisy/50/rovers_noisy_p01_hyp-1_50_1.tar.bz2:0.625825881958:0.0537224:0.63
> 0:True:6,8:8182,908,0
> 1:False:6,9:8182,908,3
> 2:False:6,9:8182,908,3
> 3:False:6,9:8182,908,2
> 4:False:7,10:8182,908,4
> 5:False:7,10:8182,908,4
rovers-suboptimal-old-noisy/50/rovers_noisy_p01_hyp-1_50_2.tar.bz2:0.634804964066:0.0458593:0.63
> 0:False:6,8:8182,908,0
> 1:False:6,8:8182,908,1
> 2:False:6,8:8182,908,1
> 3:False:6,9:8182,908,3
> 4:True:7,8:8182,908,2
> 5:False:7,10:8182,908,2
rovers-suboptimal-old-noisy/50/rovers_noisy_p01_hyp-1_50_3.tar.bz2:0.629062891006:0.05365181:0.63
> 0:True:6,8:8181,905,3
> 1:False:6,9:8181,905,2
> 2:False:6,9:8181,905,2
> 3:False:6,9:8181,905,2
> 4:False:7,10:8181,905,3
> 5:False:7,10:8181,905,3
rovers-suboptimal-old-noisy/50/rovers_noisy_p01_hyp-2_50_1.tar.bz2:0.62251496315:0.05054047:0.62
> 0:False:6,11:8182,908,3
> 1:True:6,9:8182,908,1
> 2:False:6,10:8182,908,3
> 3:False:6,11:8182,908,3
> 4:False:7,11:8182,908,2
> 5:False:7,11:8182,908,3
rovers-suboptimal-old-noisy/50/rovers_noisy_p01_hyp-2_50_2.tar.bz2:0.629423141479:0.04742718:0.62
> 0:False:6,11:8184,914,4
> 1:True:6,9:8184,914,6
> 2:False:6,11:8184,914,5
> 3:False:6,12:8184,914,4
> 4:False:7,12:8184,914,5
> 5:False:7,12:8184,914,5
rovers-suboptimal-old-noisy/50/rovers_noisy_p01_hyp-2_50_3.tar.bz2:0.614609003067:0.04816715:0.62
> 0:False:6,11:8183,911,4
> 1:True:6,9:8183,911,1
> 2:False:6,11:8183,911,4
> 3:False:6,12:8183,911,4
> 4:False:7,12:8183,911,5
> 5:False:7,12:8183,911,4
rovers-suboptimal-old-noisy/50/rovers_noisy_p01_hyp-3_50_1.tar.bz2:0.621347904205:0.04741249:0.62
> 0:False:6,11:8183,911,4
> 1:False:6,10:8183,911,4
> 2:True:6,9:8183,911,0
> 3:False:6,11:8183,911,5
> 4:True:7,10:8183,911,1
> 5:False:7,12:8183,911,4
rovers-suboptimal-old-noisy/50/rovers_noisy_p01_hyp-3_50_2.tar.bz2:0.63080406189:0.05384936:0.63
> 0:False:6,12:8183,911,4
> 1:True:6,10:8183,911,2
> 2:True:6,10:8183,911,3
> 3:False:6,11:8183,911,5
> 4:True:7,11:8183,911,2
> 5:True:7,11:8183,911,2
rovers-suboptimal-old-noisy/50/rovers_noisy_p01_hyp-3_50_3.tar.bz2:0.643170118332:0.04680749:0.63
> 0:False:6,11:8184,914,4
> 1:False:6,11:8184,914,4
> 2:True:6,9:8184,914,1
> 3:False:6,10:8184,914,1
> 4:False:7,12:8184,914,5
> 5:False:7,12:8184,914,5
rovers-suboptimal-old-noisy/50/rovers_noisy_p01_hyp-4_50_1.tar.bz2:0.626847028732:0.0442382:0.62
> 0:False:6,9:8181,905,1
> 1:False:6,10:8181,905,1
> 2:False:6,10:8181,905,1
> 3:False:6,8:8181,905,0
> 4:False:7,10:8181,905,1
> 5:True:7,8:8181,905,1
rovers-suboptimal-old-noisy/50/rovers_noisy_p01_hyp-4_50_2.tar.bz2:0.636476039886:0.05005239:0.63
> 0:False:6,9:8181,905,2
> 1:False:6,10:8181,905,2
> 2:False:6,9:8181,905,3
> 3:True:6,8:8181,905,0
> 4:False:7,10:8181,905,2
> 5:False:7,10:8181,905,1
rovers-suboptimal-old-noisy/50/rovers_noisy_p01_hyp-4_50_3.tar.bz2:0.636778116226:0.05179836:0.63
> 0:False:6,10:8182,908,3
> 1:False:6,10:8182,908,4
> 2:False:6,9:8182,908,5
> 3:True:6,8:8182,908,5
> 4:False:7,10:8182,908,2
> 5:False:7,10:8182,908,2
rovers-suboptimal-old-noisy/50/rovers_noisy_p02_hyp-1_50_1.tar.bz2:0.735138893127:0.0826097:0.73
> 0:True:7,11:16061,1496,1
> 1:False:7,13:16061,1496,7
> 2:False:8,13:16061,1496,5
> 3:False:7,12:16061,1496,6
> 4:False:8,14:16061,1496,7
> 5:False:7,12:16061,1496,2
rovers-suboptimal-old-noisy/50/rovers_noisy_p02_hyp-1_50_2.tar.bz2:0.74410700798:0.0784791:0.74
> 0:False:7,10:16061,1496,3
> 1:False:7,14:16061,1496,6
> 2:True:8,10:16061,1496,3
> 3:False:7,12:16061,1496,5
> 4:False:8,14:16061,1496,6
> 5:False:7,12:16061,1496,4
rovers-suboptimal-old-noisy/50/rovers_noisy_p02_hyp-1_50_3.tar.bz2:0.738743066788:0.0812181:0.73
> 0:True:7,11:16060,1493,3
> 1:False:7,14:16060,1493,7
> 2:True:8,12:16060,1493,3
> 3:False:7,13:16060,1493,6
> 4:False:8,14:16060,1493,6
> 5:False:7,12:16060,1493,3
rovers-suboptimal-old-noisy/50/rovers_noisy_p02_hyp-2_50_1.tar.bz2:0.718379020691:0.0718457:0.71
> 0:False:7,14:16062,1499,8
> 1:True:7,12:16062,1499,4
> 2:False:8,14:16062,1499,8
> 3:False:7,13:16062,1499,9
> 4:True:8,13:16062,1499,4
> 5:False:7,14:16062,1499,8
rovers-suboptimal-old-noisy/50/rovers_noisy_p02_hyp-2_50_2.tar.bz2:0.735800981522:0.0768727:0.73
> 0:False:7,14:16062,1499,9
> 1:True:7,12:16062,1499,8
> 2:False:8,14:16062,1499,9
> 3:True:7,12:16062,1499,9
> 4:False:8,14:16062,1499,8
> 5:False:7,14:16062,1499,8
rovers-suboptimal-old-noisy/50/rovers_noisy_p02_hyp-2_50_3.tar.bz2:0.729860067368:0.0783562:0.73
> 0:False:7,14:16061,1496,7
> 1:True:7,12:16061,1496,2
> 2:False:8,14:16061,1496,7
> 3:True:7,12:16061,1496,2
> 4:False:8,14:16061,1496,6
> 5:False:7,14:16061,1496,6
rovers-suboptimal-old-noisy/50/rovers_noisy_p02_hyp-3_50_1.tar.bz2:0.727386951447:0.080079:0.73
> 0:False:7,13:16062,1499,7
> 1:False:7,15:16062,1499,8
> 2:True:8,12:16062,1499,7
> 3:False:7,13:16062,1499,6
> 4:False:8,15:16062,1499,7
> 5:False:7,14:16062,1499,8
rovers-suboptimal-old-noisy/50/rovers_noisy_p02_hyp-3_50_2.tar.bz2:0.727596998215:0.0771876:0.72
> 0:False:7,13:16062,1499,5
> 1:False:7,15:16062,1499,7
> 2:True:8,12:16062,1499,5
> 3:False:7,14:16062,1499,7
> 4:False:8,14:16062,1499,7
> 5:False:7,13:16062,1499,5
rovers-suboptimal-old-noisy/50/rovers_noisy_p02_hyp-3_50_3.tar.bz2:0.719799995422:0.0745279:0.72
> 0:False:7,13:16063,1502,9
> 1:False:7,14:16063,1502,8
> 2:True:8,13:16063,1502,9
> 3:False:7,13:16063,1502,8
> 4:False:8,14:16063,1502,7
> 5:False:7,13:16063,1502,8
rovers-suboptimal-old-noisy/50/rovers_noisy_p02_hyp-4_50_1.tar.bz2:0.753262996674:0.0834814:0.75
> 0:False:7,12:16062,1499,6
> 1:False:7,14:16062,1499,9
> 2:True:8,12:16062,1499,6
> 3:False:7,12:16062,1499,6
> 4:False:8,15:16062,1499,8
> 5:False:7,14:16062,1499,8
rovers-suboptimal-old-noisy/50/rovers_noisy_p02_hyp-4_50_2.tar.bz2:0.718024969101:0.0702402:0.72
> 0:False:7,13:16060,1493,5
> 1:False:7,13:16060,1493,7
> 2:True:8,13:16060,1493,5
> 3:True:7,12:16060,1493,7
> 4:False:8,15:16060,1493,6
> 5:False:7,14:16060,1493,5
rovers-suboptimal-old-noisy/50/rovers_noisy_p02_hyp-4_50_3.tar.bz2:0.745506048203:0.0770225:0.75
> 0:False:7,13:16062,1499,8
> 1:False:7,13:16062,1499,5
> 2:True:8,13:16062,1499,8
> 3:True:7,12:16062,1499,5
> 4:False:8,14:16062,1499,5
> 5:False:7,14:16062,1499,8
rovers-suboptimal-old-noisy/50/rovers_noisy_p03_hyp-1_50_1.tar.bz2:0.738386154175:0.077372:0.74
> 0:True:7,12:16059,1490,4
> 1:False:7,13:16059,1490,5
> 2:False:7,14:16059,1490,5
> 3:False:7,13:16059,1490,5
> 4:True:8,13:16059,1490,5
> 5:False:8,14:16059,1490,6
rovers-suboptimal-old-noisy/50/rovers_noisy_p03_hyp-1_50_2.tar.bz2:0.738807916641:0.0725222:0.75
> 0:True:7,11:16060,1493,4
> 1:False:7,13:16060,1493,5
> 2:False:7,14:16060,1493,6
> 3:False:7,13:16060,1493,5
> 4:False:8,13:16060,1493,5
> 5:False:8,13:16060,1493,4
rovers-suboptimal-old-noisy/50/rovers_noisy_p03_hyp-1_50_3.tar.bz2:0.742003917694:0.0738694:0.75
> 0:True:7,11:16060,1493,4
> 1:False:7,13:16060,1493,5
> 2:False:7,14:16060,1493,6
> 3:False:7,13:16060,1493,4
> 4:False:8,13:16060,1493,5
> 5:False:8,14:16060,1493,7
rovers-suboptimal-old-noisy/50/rovers_noisy_p03_hyp-2_50_1.tar.bz2:0.75994515419:0.0757314:0.76
> 0:False:7,14:16061,1496,7
> 1:True:7,13:16061,1496,8
> 2:False:7,14:16061,1496,7
> 3:True:7,13:16061,1496,4
> 4:True:8,14:16061,1496,8
> 5:False:8,15:16061,1496,7
rovers-suboptimal-old-noisy/50/rovers_noisy_p03_hyp-2_50_2.tar.bz2:0.73157286644:0.0742177:0.73
> 0:False:7,13:16061,1496,5
> 1:False:7,12:16061,1496,6
> 2:False:7,15:16061,1496,7
> 3:False:7,13:16061,1496,5
> 4:True:8,12:16061,1496,6
> 5:False:8,15:16061,1496,7
rovers-suboptimal-old-noisy/50/rovers_noisy_p03_hyp-2_50_3.tar.bz2:0.753870010376:0.0861169:0.75
> 0:False:7,14:16060,1493,4
> 1:True:7,13:16060,1493,6
> 2:False:7,14:16060,1493,6
> 3:False:7,14:16060,1493,5
> 4:True:8,14:16060,1493,5
> 5:False:8,15:16060,1493,5
rovers-suboptimal-old-noisy/50/rovers_noisy_p03_hyp-3_50_1.tar.bz2:0.745707988739:0.0770827:0.74
> 0:False:7,14:16061,1496,8
> 1:True:7,13:16061,1496,3
> 2:True:7,13:16061,1496,3
> 3:False:7,14:16061,1496,8
> 4:False:8,15:16061,1496,8
> 5:True:8,14:16061,1496,8
rovers-suboptimal-old-noisy/50/rovers_noisy_p03_hyp-3_50_2.tar.bz2:0.728641986847:0.0789188:0.73
> 0:False:7,14:16062,1499,7
> 1:False:7,14:16062,1499,8
> 2:True:7,12:16062,1499,5
> 3:False:7,14:16062,1499,8
> 4:False:8,15:16062,1499,7
> 5:True:8,13:16062,1499,4
rovers-suboptimal-old-noisy/50/rovers_noisy_p03_hyp-3_50_3.tar.bz2:0.732847929001:0.0780943:0.73
> 0:False:7,15:16062,1499,8
> 1:False:7,14:16062,1499,9
> 2:True:7,13:16062,1499,9
> 3:False:7,14:16062,1499,9
> 4:False:8,15:16062,1499,8
> 5:False:8,15:16062,1499,8
rovers-suboptimal-old-noisy/50/rovers_noisy_p03_hyp-4_50_1.tar.bz2:0.731447935104:0.0737092:0.74
> 0:True:7,11:16061,1496,5
> 1:False:7,12:16061,1496,6
> 2:False:7,13:16061,1496,8
> 3:True:7,11:16061,1496,4
> 4:True:8,12:16061,1496,5
> 5:False:8,14:16061,1496,7
rovers-suboptimal-old-noisy/50/rovers_noisy_p03_hyp-4_50_2.tar.bz2:0.727438926697:0.0785662:0.72
> 0:False:7,13:16059,1490,3
> 1:False:7,13:16059,1490,4
> 2:False:7,13:16059,1490,5
> 3:True:7,12:16059,1490,5
> 4:True:8,13:16059,1490,3
> 5:False:8,14:16059,1490,4
rovers-suboptimal-old-noisy/50/rovers_noisy_p03_hyp-4_50_3.tar.bz2:0.727602958679:0.0802962:0.74
> 0:False:7,13:16060,1493,5
> 1:False:7,13:16060,1493,6
> 2:False:7,13:16060,1493,6
> 3:True:7,12:16060,1493,4
> 4:True:8,13:16060,1493,5
> 5:False:8,14:16060,1493,5
rovers-suboptimal-old-noisy/70/rovers_noisy_p01_hyp-1_70_1.tar.bz2:0.634428024292:0.0538327:0.63
> 0:True:6,10:8184,914,4
> 1:False:6,12:8184,914,4
> 2:False:6,12:8184,914,4
> 3:False:6,11:8184,914,3
> 4:False:7,13:8184,914,5
> 5:False:7,13:8184,914,5
rovers-suboptimal-old-noisy/70/rovers_noisy_p01_hyp-1_70_2.tar.bz2:0.622945070267:0.05094545:0.62
> 0:True:6,9:8182,908,1
> 1:False:6,12:8182,908,4
> 2:False:6,12:8182,908,4
> 3:False:6,11:8182,908,3
> 4:False:7,13:8182,908,4
> 5:False:7,13:8182,908,4
rovers-suboptimal-old-noisy/70/rovers_noisy_p01_hyp-1_70_3.tar.bz2:0.634431838989:0.05414359:0.63
> 0:True:6,10:8183,911,5
> 1:False:6,12:8183,911,5
> 2:False:6,12:8183,911,5
> 3:False:6,11:8183,911,3
> 4:False:7,13:8183,911,5
> 5:False:7,13:8183,911,5
rovers-suboptimal-old-noisy/70/rovers_noisy_p01_hyp-2_70_1.tar.bz2:0.623166799545:0.04502801:0.62
> 0:False:6,12:8184,914,5
> 1:True:6,10:8184,914,1
> 2:False:6,12:8184,914,5
> 3:False:6,13:8184,914,6
> 4:False:7,13:8184,914,3
> 5:False:7,14:8184,914,6
rovers-suboptimal-old-noisy/70/rovers_noisy_p01_hyp-2_70_2.tar.bz2:0.634283065796:0.05311161:0.64
> 0:False:6,12:8186,920,5
> 1:True:6,11:8186,920,7
> 2:False:6,12:8186,920,7
> 3:False:6,13:8186,920,6
> 4:True:7,12:8186,920,5
> 5:False:7,14:8186,920,7
rovers-suboptimal-old-noisy/70/rovers_noisy_p01_hyp-2_70_3.tar.bz2:0.634207963943:0.04587778:0.64
> 0:False:6,13:8183,911,5
> 1:True:6,11:8183,911,4
> 2:False:6,12:8183,911,3
> 3:False:6,14:8183,911,5
> 4:True:7,12:8183,911,2
> 5:False:7,13:8183,911,3
rovers-suboptimal-old-noisy/70/rovers_noisy_p01_hyp-3_70_1.tar.bz2:0.644617080688:0.04995157:0.64
> 0:False:6,12:8185,917,6
> 1:False:6,12:8185,917,7
> 2:True:6,11:8185,917,7
> 3:False:6,13:8185,917,7
> 4:True:7,12:8185,917,7
> 5:False:7,13:8185,917,7
rovers-suboptimal-old-noisy/70/rovers_noisy_p01_hyp-3_70_2.tar.bz2:0.64092206955:0.05198501:0.64
> 0:False:6,12:8184,914,6
> 1:False:6,11:8184,914,3
> 2:True:6,10:8184,914,3
> 3:False:6,13:8184,914,7
> 4:True:7,11:8184,914,3
> 5:False:7,13:8184,914,6
rovers-suboptimal-old-noisy/70/rovers_noisy_p01_hyp-3_70_3.tar.bz2:0.629783153534:0.0478364:0.64
> 0:False:6,13:8184,914,6
> 1:False:6,12:8184,914,4
> 2:True:6,11:8184,914,5
> 3:False:6,13:8184,914,6
> 4:True:7,12:8184,914,3
> 5:False:7,13:8184,914,4
rovers-suboptimal-old-noisy/70/rovers_noisy_p01_hyp-4_70_1.tar.bz2:0.625491142273:0.05389833:0.62
> 0:False:6,11:8184,914,3
> 1:False:6,12:8184,914,5
> 2:False:6,11:8184,914,6
> 3:True:6,9:8184,914,1
> 4:False:7,13:8184,914,5
> 5:False:7,13:8184,914,4
rovers-suboptimal-old-noisy/70/rovers_noisy_p01_hyp-4_70_2.tar.bz2:0.632457017899:0.05346092:0.63
> 0:False:6,12:8182,908,4
> 1:False:6,13:8182,908,4
> 2:False:6,12:8182,908,5
> 3:True:6,10:8182,908,2
> 4:False:7,13:8182,908,4
> 5:False:7,12:8182,908,1
rovers-suboptimal-old-noisy/70/rovers_noisy_p01_hyp-4_70_3.tar.bz2:0.641613960266:0.05526679:0.64
> 0:False:6,11:8184,914,4
> 1:False:6,12:8184,914,3
> 2:False:6,12:8184,914,3
> 3:True:6,10:8184,914,1
> 4:False:7,13:8184,914,3
> 5:False:7,13:8184,914,4
rovers-suboptimal-old-noisy/70/rovers_noisy_p02_hyp-1_70_1.tar.bz2:0.736100912094:0.0762984:0.74
> 0:True:7,12:16063,1502,3
> 1:False:7,16:16063,1502,10
> 2:False:8,14:16063,1502,5
> 3:False:7,15:16063,1502,9
> 4:False:8,16:16063,1502,8
> 5:False:7,13:16063,1502,3
rovers-suboptimal-old-noisy/70/rovers_noisy_p02_hyp-1_70_2.tar.bz2:0.741741895676:0.0800891:0.75
> 0:True:7,12:16063,1502,3
> 1:False:7,16:16063,1502,9
> 2:True:8,13:16063,1502,6
> 3:False:7,15:16063,1502,9
> 4:False:8,16:16063,1502,8
> 5:False:7,13:16063,1502,2
rovers-suboptimal-old-noisy/70/rovers_noisy_p02_hyp-1_70_3.tar.bz2:0.74538898468:0.0748749:0.74
> 0:True:7,12:16062,1499,3
> 1:False:7,16:16062,1499,8
> 2:True:8,13:16062,1499,3
> 3:False:7,14:16062,1499,6
> 4:False:8,16:16062,1499,7
> 5:False:7,14:16062,1499,4
rovers-suboptimal-old-noisy/70/rovers_noisy_p02_hyp-2_70_1.tar.bz2:0.723380088806:0.0808456:0.71
> 0:False:7,18:16066,1511,13
> 1:True:7,15:16066,1511,6
> 2:False:8,18:16066,1511,13
> 3:False:7,16:16066,1511,9
> 4:True:8,16:16066,1511,9
> 5:False:7,18:16066,1511,13
rovers-suboptimal-old-noisy/70/rovers_noisy_p02_hyp-2_70_2.tar.bz2:0.736110925674:0.0772959:0.73
> 0:False:7,17:16063,1502,10
> 1:True:7,16:16063,1502,6
> 2:False:8,18:16063,1502,10
> 3:False:7,17:16063,1502,9
> 4:True:8,17:16063,1502,6
> 5:False:7,18:16063,1502,9
rovers-suboptimal-old-noisy/70/rovers_noisy_p02_hyp-2_70_3.tar.bz2:0.750777959824:0.0855135:0.75
> 0:False:7,17:16067,1514,13
> 1:True:7,15:16067,1514,6
> 2:False:8,17:16067,1514,13
> 3:True:7,15:16067,1514,6
> 4:False:8,18:16067,1514,12
> 5:False:7,18:16067,1514,12
rovers-suboptimal-old-noisy/70/rovers_noisy_p02_hyp-3_70_1.tar.bz2:0.728173017502:0.0746318:0.73
> 0:False:7,15:16066,1511,7
> 1:False:7,18:16066,1511,13
> 2:True:8,13:16066,1511,7
> 3:False:7,16:16066,1511,11
> 4:False:8,17:16066,1511,12
> 5:False:7,16:16066,1511,8
rovers-suboptimal-old-noisy/70/rovers_noisy_p02_hyp-3_70_2.tar.bz2:0.740345001221:0.0809418:0.74
> 0:False:7,17:16064,1505,7
> 1:False:7,18:16064,1505,10
> 2:True:8,15:16064,1505,5
> 3:False:7,17:16064,1505,10
> 4:False:8,17:16064,1505,8
> 5:False:7,16:16064,1505,6
rovers-suboptimal-old-noisy/70/rovers_noisy_p02_hyp-3_70_3.tar.bz2:0.732354879379:0.0762411:0.74
> 0:False:7,16:16064,1505,6
> 1:False:7,18:16064,1505,11
> 2:True:8,15:16064,1505,3
> 3:False:7,16:16064,1505,9
> 4:False:8,17:16064,1505,5
> 5:False:7,17:16064,1505,4
rovers-suboptimal-old-noisy/70/rovers_noisy_p02_hyp-4_70_1.tar.bz2:0.731225967407:0.0749879:0.73
> 0:False:7,16:16064,1505,9
> 1:False:7,17:16064,1505,11
> 2:False:8,17:16064,1505,9
> 3:True:7,15:16064,1505,6
> 4:False:8,19:16064,1505,10
> 5:False:7,19:16064,1505,10
rovers-suboptimal-old-noisy/70/rovers_noisy_p02_hyp-4_70_2.tar.bz2:0.732336044312:0.0720153:0.74
> 0:False:7,16:16064,1505,9
> 1:False:7,17:16064,1505,11
> 2:True:8,16:16064,1505,9
> 3:True:7,15:16064,1505,7
> 4:False:8,18:16064,1505,10
> 5:False:7,18:16064,1505,10
rovers-suboptimal-old-noisy/70/rovers_noisy_p02_hyp-4_70_3.tar.bz2:0.735574960709:0.0816624:0.73
> 0:False:7,15:16066,1511,8
> 1:False:7,16:16066,1511,13
> 2:True:8,15:16066,1511,7
> 3:True:7,14:16066,1511,8
> 4:False:8,18:16066,1511,12
> 5:False:7,18:16066,1511,11
rovers-suboptimal-old-noisy/70/rovers_noisy_p03_hyp-1_70_1.tar.bz2:0.728610038757:0.0775738:0.72
> 0:True:7,11:16061,1496,2
> 1:False:7,14:16061,1496,5
> 2:False:7,16:16061,1496,7
> 3:False:7,13:16061,1496,3
> 4:False:8,13:16061,1496,4
> 5:False:8,16:16061,1496,7
rovers-suboptimal-old-noisy/70/rovers_noisy_p03_hyp-1_70_2.tar.bz2:0.727805137634:0.0780913:0.73
> 0:True:7,11:16061,1496,5
> 1:False:7,14:16061,1496,6
> 2:False:7,16:16061,1496,7
> 3:False:7,13:16061,1496,6
> 4:False:8,14:16061,1496,6
> 5:False:8,15:16061,1496,6
rovers-suboptimal-old-noisy/70/rovers_noisy_p03_hyp-1_70_3.tar.bz2:0.726980924606:0.0793367:0.72
> 0:True:7,11:16063,1502,1
> 1:False:7,14:16063,1502,7
> 2:False:7,16:16063,1502,8
> 3:False:7,12:16063,1502,3
> 4:False:8,14:16063,1502,8
> 5:False:8,15:16063,1502,6
rovers-suboptimal-old-noisy/70/rovers_noisy_p03_hyp-2_70_1.tar.bz2:0.7380900383:0.0752896:0.73
> 0:False:7,17:16065,1508,9
> 1:True:7,15:16065,1508,7
> 2:False:7,16:16065,1508,8
> 3:False:7,16:16065,1508,6
> 4:False:8,17:16065,1508,10
> 5:False:8,18:16065,1508,11
rovers-suboptimal-old-noisy/70/rovers_noisy_p03_hyp-2_70_2.tar.bz2:0.725245952606:0.0697083:0.73
> 0:False:7,17:16064,1505,9
> 1:True:7,16:16064,1505,6
> 2:False:7,17:16064,1505,5
> 3:False:7,17:16064,1505,10
> 4:True:8,17:16064,1505,10
> 5:False:8,19:16064,1505,10
rovers-suboptimal-old-noisy/70/rovers_noisy_p03_hyp-2_70_3.tar.bz2:0.757073163986:0.0789406:0.75
> 0:False:7,17:16065,1508,9
> 1:True:7,14:16065,1508,6
> 2:False:7,16:16065,1508,7
> 3:False:7,15:16065,1508,5
> 4:False:8,17:16065,1508,10
> 5:False:8,19:16065,1508,11
rovers-suboptimal-old-noisy/70/rovers_noisy_p03_hyp-3_70_1.tar.bz2:0.742070913315:0.0813522:0.74
> 0:False:7,18:16066,1511,12
> 1:False:7,16:16066,1511,7
> 2:True:7,14:16066,1511,6
> 3:False:7,17:16066,1511,7
> 4:False:8,18:16066,1511,12
> 5:False:8,17:16066,1511,10
rovers-suboptimal-old-noisy/70/rovers_noisy_p03_hyp-3_70_2.tar.bz2:0.740823030472:0.0784394:0.74
> 0:False:7,18:16065,1508,10
> 1:False:7,17:16065,1508,11
> 2:True:7,15:16065,1508,6
> 3:False:7,16:16065,1508,5
> 4:False:8,19:16065,1508,10
> 5:False:8,18:16065,1508,11
rovers-suboptimal-old-noisy/70/rovers_noisy_p03_hyp-3_70_3.tar.bz2:0.775120019913:0.0811338:0.78
> 0:False:7,18:16067,1514,13
> 1:False:7,16:16067,1514,14
> 2:True:7,13:16067,1514,8
> 3:False:7,16:16067,1514,9
> 4:False:8,19:16067,1514,13
> 5:False:8,17:16067,1514,9
rovers-suboptimal-old-noisy/70/rovers_noisy_p03_hyp-4_70_1.tar.bz2:0.732547044754:0.0781882:0.74
> 0:False:7,14:16062,1499,8
> 1:False:7,14:16062,1499,8
> 2:False:7,14:16062,1499,8
> 3:True:7,12:16062,1499,4
> 4:False:8,15:16062,1499,8
> 5:False:8,16:16062,1499,7
rovers-suboptimal-old-noisy/70/rovers_noisy_p03_hyp-4_70_2.tar.bz2:0.729812145233:0.0716283:0.73
> 0:False:7,13:16062,1499,6
> 1:False:7,13:16062,1499,7
> 2:False:7,14:16062,1499,6
> 3:True:7,11:16062,1499,4
> 4:False:8,14:16062,1499,6
> 5:False:8,16:16062,1499,8
rovers-suboptimal-old-noisy/70/rovers_noisy_p03_hyp-4_70_3.tar.bz2:0.720878124237:0.0719273:0.72
> 0:False:7,13:16061,1496,1
> 1:False:7,13:16061,1496,5
> 2:False:7,15:16061,1496,8
> 3:True:7,12:16061,1496,2
> 4:False:8,14:16061,1496,4
> 5:False:8,16:16061,1496,6
rovers-suboptimal-old-noisy/100/rovers_noisy_p01_hyp-1_full_1.tar.bz2:0.626197099686:0.04782894:0.62
> 0:True:6,9:8187,923,1
> 1:False:6,13:8187,923,4
> 2:False:6,13:8187,923,4
> 3:False:6,13:8187,923,6
> 4:False:7,13:8187,923,5
> 5:False:7,15:8187,923,7
rovers-suboptimal-old-noisy/100/rovers_noisy_p01_hyp-1_full_2.tar.bz2:0.655591011047:0.0589583:0.66
> 0:True:6,9:8186,920,1
> 1:False:6,12:8186,920,5
> 2:False:6,12:8186,920,5
> 3:False:6,13:8186,920,6
> 4:False:7,13:8186,920,5
> 5:False:7,15:8186,920,8
rovers-suboptimal-old-noisy/100/rovers_noisy_p01_hyp-1_full_3.tar.bz2:0.628450155258:0.04837344:0.63
> 0:True:6,9:8186,920,1
> 1:False:6,13:8186,920,4
> 2:False:6,13:8186,920,4
> 3:False:6,12:8186,920,7
> 4:False:7,14:8186,920,4
> 5:False:7,15:8186,920,8
rovers-suboptimal-old-noisy/100/rovers_noisy_p01_hyp-2_full_1.tar.bz2:0.643142938614:0.05614479:0.64
> 0:False:6,15:8188,926,5
> 1:True:6,11:8188,926,2
> 2:False:6,13:8188,926,4
> 3:False:6,16:8188,926,9
> 4:False:7,14:8188,926,4
> 5:False:7,16:8188,926,6
rovers-suboptimal-old-noisy/100/rovers_noisy_p01_hyp-2_full_2.tar.bz2:0.633462905884:0.04994917:0.63
> 0:False:6,15:8186,920,5
> 1:True:6,11:8186,920,2
> 2:False:6,13:8186,920,4
> 3:False:6,16:8186,920,8
> 4:False:7,14:8186,920,4
> 5:False:7,16:8186,920,6
rovers-suboptimal-old-noisy/100/rovers_noisy_p01_hyp-2_full_3.tar.bz2:0.655966997147:0.05416247:0.66
> 0:False:6,15:8187,923,5
> 1:True:6,11:8187,923,2
> 2:False:6,13:8187,923,4
> 3:False:6,16:8187,923,8
> 4:False:7,14:8187,923,4
> 5:False:7,16:8187,923,6
rovers-suboptimal-old-noisy/100/rovers_noisy_p01_hyp-3_full_1.tar.bz2:0.637440919876:0.05556295:0.64
> 0:False:6,14:8188,926,6
> 1:False:6,13:8188,926,5
> 2:True:6,11:8188,926,3
> 3:False:6,15:8188,926,6
> 4:False:7,14:8188,926,5
> 5:False:7,16:8188,926,7
rovers-suboptimal-old-noisy/100/rovers_noisy_p01_hyp-3_full_2.tar.bz2:0.625868082047:0.05070161:0.63
> 0:False:6,15:8186,920,5
> 1:False:6,13:8186,920,4
> 2:True:6,11:8186,920,2
> 3:False:6,15:8186,920,5
> 4:False:7,14:8186,920,4
> 5:False:7,16:8186,920,6
rovers-suboptimal-old-noisy/100/rovers_noisy_p01_hyp-3_full_3.tar.bz2:0.629636049271:0.05716058:0.63
> 0:False:6,15:8187,923,6
> 1:False:6,13:8187,923,5
> 2:True:6,11:8187,923,3
> 3:False:6,15:8187,923,6
> 4:False:7,13:8187,923,5
> 5:False:7,16:8187,923,7
rovers-suboptimal-old-noisy/100/rovers_noisy_p01_hyp-4_full_1.tar.bz2:0.650393009186:0.05795366:0.66
> 0:False:6,13:8187,923,6
> 1:False:6,14:8187,923,7
> 2:False:6,13:8187,923,3
> 3:True:6,9:8187,923,1
> 4:False:7,15:8187,923,8
> 5:False:7,14:8187,923,4
rovers-suboptimal-old-noisy/100/rovers_noisy_p01_hyp-4_full_2.tar.bz2:0.633088827133:0.05551563:0.64
> 0:False:6,13:8187,923,5
> 1:False:6,14:8187,923,6
> 2:False:6,13:8187,923,5
> 3:True:6,9:8187,923,1
> 4:False:7,15:8187,923,8
> 5:False:7,14:8187,923,5
rovers-suboptimal-old-noisy/100/rovers_noisy_p01_hyp-4_full_3.tar.bz2:0.655154943466:0.05304737:0.65
> 0:False:6,13:8186,920,5
> 1:False:6,14:8186,920,7
> 2:False:6,13:8186,920,4
> 3:True:6,9:8186,920,1
> 4:False:7,15:8186,920,8
> 5:False:7,13:8186,920,4
rovers-suboptimal-old-noisy/100/rovers_noisy_p02_hyp-1_full_1.tar.bz2:0.738520860672:0.0834925:0.74
> 0:True:7,13:16067,1514,2
> 1:False:7,17:16067,1514,9
> 2:False:8,15:16067,1514,7
> 3:False:7,15:16067,1514,7
> 4:False:8,19:16067,1514,13
> 5:False:7,16:16067,1514,6
rovers-suboptimal-old-noisy/100/rovers_noisy_p02_hyp-1_full_2.tar.bz2:0.737522125244:0.0824847:0.74
> 0:True:7,12:16066,1511,0
> 1:False:7,17:16066,1511,9
> 2:False:8,14:16066,1511,3
> 3:False:7,15:16066,1511,7
> 4:False:8,19:16066,1511,12
> 5:False:7,16:16066,1511,5
rovers-suboptimal-old-noisy/100/rovers_noisy_p02_hyp-1_full_3.tar.bz2:0.738795995712:0.0812161:0.74
> 0:True:7,13:16067,1514,3
> 1:False:7,17:16067,1514,7
> 2:False:8,15:16067,1514,6
> 3:False:7,15:16067,1514,6
> 4:False:8,19:16067,1514,13
> 5:False:7,16:16067,1514,5
rovers-suboptimal-old-noisy/100/rovers_noisy_p02_hyp-2_full_1.tar.bz2:0.72593998909:0.0744417:0.73
> 0:False:7,21:16067,1514,7
> 1:True:7,16:16067,1514,1
> 2:False:8,21:16067,1514,7
> 3:False:7,18:16067,1514,3
> 4:False:8,19:16067,1514,7
> 5:False:7,22:16067,1514,13
rovers-suboptimal-old-noisy/100/rovers_noisy_p02_hyp-2_full_2.tar.bz2:0.75003194809:0.0836703:0.74
> 0:False:7,20:16071,1526,10
> 1:True:7,17:16071,1526,5
> 2:False:8,21:16071,1526,10
> 3:False:7,18:16071,1526,5
> 4:False:8,19:16071,1526,10
> 5:False:7,22:16071,1526,17
rovers-suboptimal-old-noisy/100/rovers_noisy_p02_hyp-2_full_3.tar.bz2:0.74344587326:0.0833354:0.74
> 0:False:7,21:16069,1520,9
> 1:True:7,16:16069,1520,5
> 2:False:8,21:16069,1520,9
> 3:False:7,18:16069,1520,7
> 4:False:8,19:16069,1520,9
> 5:False:7,22:16069,1520,15
rovers-suboptimal-old-noisy/100/rovers_noisy_p02_hyp-3_full_1.tar.bz2:0.741637945175:0.0802019:0.75
> 0:False:7,18:16069,1520,7
> 1:False:7,21:16069,1520,12
> 2:True:8,16:16069,1520,5
> 3:False:7,19:16069,1520,10
> 4:False:8,21:16069,1520,12
> 5:False:7,19:16069,1520,9
rovers-suboptimal-old-noisy/100/rovers_noisy_p02_hyp-3_full_2.tar.bz2:0.735460042953:0.0817915:0.73
> 0:False:7,18:16069,1520,7
> 1:False:7,21:16069,1520,12
> 2:True:8,16:16069,1520,7
> 3:False:7,19:16069,1520,10
> 4:False:8,21:16069,1520,15
> 5:False:7,19:16069,1520,12
rovers-suboptimal-old-noisy/100/rovers_noisy_p02_hyp-3_full_3.tar.bz2:0.756476163864:0.0865317:0.76
> 0:False:7,18:16070,1523,11
> 1:False:7,21:16070,1523,14
> 2:True:8,16:16070,1523,9
> 3:False:7,19:16070,1523,12
> 4:False:8,21:16070,1523,14
> 5:False:7,19:16070,1523,12
rovers-suboptimal-old-noisy/100/rovers_noisy_p02_hyp-4_full_1.tar.bz2:0.734539985657:0.0783787:0.74
> 0:False:7,19:16068,1517,7
> 1:False:7,18:16068,1517,6
> 2:False:8,19:16068,1517,7
> 3:True:7,16:16068,1517,3
> 4:False:8,21:16068,1517,11
> 5:False:7,22:16068,1517,13
rovers-suboptimal-old-noisy/100/rovers_noisy_p02_hyp-4_full_2.tar.bz2:0.745051860809:0.0802568:0.75
> 0:False:7,19:16068,1517,8
> 1:False:7,18:16068,1517,5
> 2:False:8,19:16068,1517,9
> 3:True:7,16:16068,1517,3
> 4:False:8,21:16068,1517,11
> 5:False:7,22:16068,1517,14
rovers-suboptimal-old-noisy/100/rovers_noisy_p02_hyp-4_full_3.tar.bz2:0.756765127182:0.0844651:0.76
> 0:False:7,19:16070,1523,8
> 1:False:7,18:16070,1523,7
> 2:False:8,19:16070,1523,8
> 3:True:7,16:16070,1523,3
> 4:False:8,21:16070,1523,13
> 5:False:7,22:16070,1523,15
rovers-suboptimal-old-noisy/100/rovers_noisy_p03_hyp-1_full_1.tar.bz2:0.729987859726:0.0795263:0.74
> 0:True:7,12:16066,1511,5
> 1:False:7,17:16066,1511,10
> 2:False:7,18:16066,1511,11
> 3:False:7,15:16066,1511,7
> 4:False:8,16:16066,1511,7
> 5:False:8,17:16066,1511,10
rovers-suboptimal-old-noisy/100/rovers_noisy_p03_hyp-1_full_2.tar.bz2:0.738168954849:0.0768436:0.74
> 0:True:7,12:16064,1505,3
> 1:False:7,17:16064,1505,9
> 2:False:7,19:16064,1505,10
> 3:False:7,16:16064,1505,6
> 4:False:8,16:16064,1505,7
> 5:False:8,18:16064,1505,8
rovers-suboptimal-old-noisy/100/rovers_noisy_p03_hyp-1_full_3.tar.bz2:0.750564098358:0.076984:0.75
> 0:True:7,12:16066,1511,3
> 1:False:7,17:16066,1511,10
> 2:False:7,19:16066,1511,12
> 3:False:7,15:16066,1511,7
> 4:False:8,16:16066,1511,8
> 5:False:8,18:16066,1511,10
rovers-suboptimal-old-noisy/100/rovers_noisy_p03_hyp-2_full_1.tar.bz2:0.73478102684:0.0786419:0.74
> 0:False:7,20:16069,1520,12
> 1:True:7,17:16069,1520,7
> 2:False:7,19:16069,1520,8
> 3:False:7,19:16069,1520,9
> 4:False:8,19:16069,1520,8
> 5:False:8,22:16069,1520,15
rovers-suboptimal-old-noisy/100/rovers_noisy_p03_hyp-2_full_2.tar.bz2:0.734071969986:0.0764195:0.72
> 0:False:7,20:16066,1511,10
> 1:True:7,16:16066,1511,2
> 2:False:7,20:16066,1511,6
> 3:False:7,19:16066,1511,7
> 4:False:8,19:16066,1511,7
> 5:False:8,23:16066,1511,12
rovers-suboptimal-old-noisy/100/rovers_noisy_p03_hyp-2_full_3.tar.bz2:0.742688179016:0.0877497:0.74
> 0:False:7,20:16068,1517,11
> 1:True:7,16:16068,1517,3
> 2:False:7,19:16068,1517,7
> 3:False:7,19:16068,1517,8
> 4:False:8,19:16068,1517,7
> 5:False:8,23:16068,1517,13
rovers-suboptimal-old-noisy/100/rovers_noisy_p03_hyp-3_full_1.tar.bz2:0.737961053848:0.0854099:0.73
> 0:False:7,22:16069,1520,15
> 1:False:7,19:16069,1520,9
> 2:True:7,16:16069,1520,2
> 3:False:7,19:16069,1520,4
> 4:False:8,22:16069,1520,15
> 5:False:8,21:16069,1520,11
rovers-suboptimal-old-noisy/100/rovers_noisy_p03_hyp-3_full_2.tar.bz2:0.742531061172:0.0771316:0.74
> 0:False:7,21:16069,1520,15
> 1:False:7,19:16069,1520,9
> 2:True:7,16:16069,1520,5
> 3:False:7,19:16069,1520,6
> 4:False:8,22:16069,1520,15
> 5:False:8,21:16069,1520,11
rovers-suboptimal-old-noisy/100/rovers_noisy_p03_hyp-3_full_3.tar.bz2:0.733994007111:0.0796905:0.73
> 0:False:7,22:16071,1526,17
> 1:False:7,19:16071,1526,11
> 2:True:7,16:16071,1526,10
> 3:False:7,19:16071,1526,17
> 4:False:8,22:16071,1526,17
> 5:False:8,21:16071,1526,13
rovers-suboptimal-old-noisy/100/rovers_noisy_p03_hyp-4_full_1.tar.bz2:0.744670152664:0.0823376:0.75
> 0:False:7,15:16067,1514,9
> 1:False:7,15:16067,1514,8
> 2:False:7,16:16067,1514,8
> 3:True:7,12:16067,1514,1
> 4:False:8,17:16067,1514,11
> 5:False:8,19:16067,1514,13
rovers-suboptimal-old-noisy/100/rovers_noisy_p03_hyp-4_full_2.tar.bz2:0.740082025528:0.0762122:0.74
> 0:False:7,15:16067,1514,6
> 1:False:7,15:16067,1514,8
> 2:False:7,16:16067,1514,6
> 3:True:7,12:16067,1514,2
> 4:False:8,17:16067,1514,11
> 5:False:8,19:16067,1514,13
rovers-suboptimal-old-noisy/100/rovers_noisy_p03_hyp-4_full_3.tar.bz2:0.726280927658:0.0752974:0.72
> 0:False:7,15:16065,1508,4
> 1:False:7,15:16065,1508,6
> 2:False:7,16:16065,1508,4
> 3:True:7,12:16065,1508,1
> 4:False:8,17:16065,1508,9
> 5:False:8,19:16065,1508,11
