rovers-suboptimal-old-noisy/10/rovers_noisy_p01_hyp-1_10_1.tar.bz2:0.452227830887:0.004832904:0.45
> 0:True:8,8:87,11
> 1:False:8,10:87,12
> 2:False:8,10:87,12
> 3:False:8,10:87,12
> 4:False:8,11:87,13
> 5:False:9,12:87,14
rovers-suboptimal-old-noisy/10/rovers_noisy_p01_hyp-1_10_2.tar.bz2:0.450251102448:0.005135662:0.44
> 0:True:8,9:88,13
> 1:True:8,9:88,13
> 2:True:8,9:88,13
> 3:False:8,10:88,14
> 4:False:8,10:88,14
> 5:False:9,12:88,16
rovers-suboptimal-old-noisy/10/rovers_noisy_p01_hyp-1_10_3.tar.bz2:0.454003095627:0.004808859:0.45
> 0:False:8,9:88,13
> 1:False:8,9:88,13
> 2:False:8,9:88,13
> 3:False:8,10:88,13
> 4:False:8,9:88,13
> 5:True:9,9:88,13
rovers-suboptimal-old-noisy/10/rovers_noisy_p01_hyp-2_10_1.tar.bz2:0.455482006073:0.005347819:0.46
> 0:False:8,12:89,16
> 1:True:8,8:89,13
> 2:False:8,10:89,15
> 3:False:8,12:89,16
> 4:False:8,11:89,16
> 5:False:9,12:89,17
rovers-suboptimal-old-noisy/10/rovers_noisy_p01_hyp-2_10_2.tar.bz2:0.454608917236:0.005099113:0.45
> 0:True:8,9:89,14
> 1:True:8,9:89,14
> 2:True:8,9:89,14
> 3:True:8,9:89,14
> 4:False:8,10:89,15
> 5:False:9,11:89,16
rovers-suboptimal-old-noisy/10/rovers_noisy_p01_hyp-2_10_3.tar.bz2:0.452404022217:0.005009495:0.46
> 0:False:8,10:89,15
> 1:True:8,9:89,14
> 2:False:8,10:89,15
> 3:False:8,12:89,16
> 4:False:8,11:89,16
> 5:False:9,14:89,18
rovers-suboptimal-old-noisy/10/rovers_noisy_p01_hyp-3_10_1.tar.bz2:0.454958200455:0.004926259:0.45
> 0:False:8,9:88,12
> 1:False:8,9:88,12
> 2:True:8,8:88,12
> 3:False:8,11:88,14
> 4:False:8,10:88,13
> 5:False:9,14:88,16
rovers-suboptimal-old-noisy/10/rovers_noisy_p01_hyp-3_10_2.tar.bz2:0.456621170044:0.005212748:0.45
> 0:False:8,10:89,14
> 1:True:8,8:89,13
> 2:True:8,8:89,13
> 3:False:8,10:89,14
> 4:True:8,8:89,13
> 5:True:9,9:89,14
rovers-suboptimal-old-noisy/10/rovers_noisy_p01_hyp-3_10_3.tar.bz2:0.453514814377:0.005256108:0.46
> 0:False:8,10:89,14
> 1:True:8,8:89,13
> 2:True:8,8:89,13
> 3:False:8,11:89,14
> 4:False:8,9:89,14
> 5:False:9,11:89,15
rovers-suboptimal-old-noisy/10/rovers_noisy_p01_hyp-4_10_1.tar.bz2:0.452965974808:0.005146493:0.45
> 0:True:8,8:88,12
> 1:True:8,8:88,12
> 2:True:8,8:88,12
> 3:True:8,8:88,12
> 4:False:8,9:88,13
> 5:False:9,10:88,14
rovers-suboptimal-old-noisy/10/rovers_noisy_p01_hyp-4_10_2.tar.bz2:0.453311920166:0.004720134:0.46
> 0:True:8,8:87,11
> 1:False:8,9:87,11
> 2:False:8,9:87,11
> 3:True:8,8:87,11
> 4:False:8,9:87,11
> 5:False:9,10:87,12
rovers-suboptimal-old-noisy/10/rovers_noisy_p01_hyp-4_10_3.tar.bz2:0.452050924301:0.004809501:0.46
> 0:True:8,8:87,11
> 1:True:8,8:87,11
> 2:True:8,8:87,11
> 3:True:8,8:87,11
> 4:True:8,8:87,11
> 5:True:9,9:87,12
rovers-suboptimal-old-noisy/10/rovers_noisy_p02_hyp-1_10_1.tar.bz2:0.481151819229:0.006255207:0.48
> 0:True:10,10:147,15
> 1:True:11,11:147,16
> 2:True:11,11:147,16
> 3:True:10,10:147,15
> 4:False:11,13:147,17
> 5:False:10,12:147,16
rovers-suboptimal-old-noisy/10/rovers_noisy_p02_hyp-1_10_2.tar.bz2:0.484586954117:0.006148521:0.48
> 0:True:10,11:147,16
> 1:False:11,15:147,19
> 2:True:11,12:147,17
> 3:True:10,11:147,16
> 4:True:11,12:147,17
> 5:False:10,14:147,18
rovers-suboptimal-old-noisy/10/rovers_noisy_p02_hyp-1_10_3.tar.bz2:0.480622053146:0.00635752:0.47
> 0:True:10,10:147,15
> 1:False:11,15:147,19
> 2:False:11,12:147,17
> 3:False:10,11:147,16
> 4:False:11,15:147,19
> 5:False:10,11:147,16
rovers-suboptimal-old-noisy/10/rovers_noisy_p02_hyp-2_10_1.tar.bz2:0.478355884552:0.006341835:0.47
> 0:False:10,13:147,17
> 1:False:11,12:147,17
> 2:False:11,14:147,18
> 3:True:10,10:147,15
> 4:False:11,16:147,20
> 5:False:10,15:147,19
rovers-suboptimal-old-noisy/10/rovers_noisy_p02_hyp-2_10_2.tar.bz2:0.481239080429:0.00631817:0.48
> 0:False:10,14:147,18
> 1:False:11,13:147,18
> 2:False:11,13:147,18
> 3:True:10,11:147,16
> 4:False:11,15:147,19
> 5:False:10,14:147,18
rovers-suboptimal-old-noisy/10/rovers_noisy_p02_hyp-2_10_3.tar.bz2:0.482824087143:0.005861433:0.49
> 0:False:10,11:146,14
> 1:True:11,11:146,15
> 2:False:11,12:146,15
> 3:False:10,11:146,14
> 4:False:11,12:146,15
> 5:False:10,12:146,14
rovers-suboptimal-old-noisy/10/rovers_noisy_p02_hyp-3_10_1.tar.bz2:0.479211807251:0.006272446:0.48
> 0:True:10,11:147,16
> 1:False:11,15:147,19
> 2:True:11,12:147,17
> 3:False:10,13:147,17
> 4:False:11,15:147,19
> 5:False:10,12:147,17
rovers-suboptimal-old-noisy/10/rovers_noisy_p02_hyp-3_10_2.tar.bz2:0.48207116127:0.005907433:0.48
> 0:True:10,11:146,14
> 1:False:11,13:146,15
> 2:True:11,12:146,15
> 3:False:10,12:146,14
> 4:False:11,13:146,15
> 5:True:10,11:146,14
rovers-suboptimal-old-noisy/10/rovers_noisy_p02_hyp-3_10_3.tar.bz2:0.48247885704:0.00657768:0.48
> 0:False:10,13:147,17
> 1:False:11,14:147,18
> 2:False:11,13:147,17
> 3:False:10,12:147,16
> 4:True:11,12:147,16
> 5:False:10,13:147,17
rovers-suboptimal-old-noisy/10/rovers_noisy_p02_hyp-4_10_1.tar.bz2:0.478498935699:0.006062262:0.49
> 0:False:10,11:147,15
> 1:True:11,11:147,16
> 2:False:11,12:147,16
> 3:True:10,10:147,15
> 4:False:11,12:147,17
> 5:False:10,12:147,16
rovers-suboptimal-old-noisy/10/rovers_noisy_p02_hyp-4_10_2.tar.bz2:0.485074996948:0.006082459:0.49
> 0:False:10,11:147,15
> 1:True:11,11:147,16
> 2:False:11,12:147,16
> 3:False:10,11:147,15
> 4:False:11,13:147,17
> 5:False:10,12:147,16
rovers-suboptimal-old-noisy/10/rovers_noisy_p02_hyp-4_10_3.tar.bz2:0.478718996048:0.005919646:0.48
> 0:True:10,12:146,14
> 1:True:11,13:146,15
> 2:True:11,13:146,15
> 3:True:10,12:146,14
> 4:True:11,13:146,15
> 5:True:10,12:146,14
rovers-suboptimal-old-noisy/10/rovers_noisy_p03_hyp-1_10_1.tar.bz2:0.481043100357:0.006229898:0.49
> 0:False:10,11:147,16
> 1:False:10,11:147,15
> 2:True:11,11:147,16
> 3:True:10,10:147,15
> 4:True:11,11:147,16
> 5:False:11,13:147,17
rovers-suboptimal-old-noisy/10/rovers_noisy_p03_hyp-1_10_2.tar.bz2:0.479279994965:0.005919958:0.48
> 0:True:10,10:146,14
> 1:False:10,12:146,15
> 2:False:11,16:146,18
> 3:True:10,10:146,14
> 4:False:11,13:146,16
> 5:False:11,16:146,18
rovers-suboptimal-old-noisy/10/rovers_noisy_p03_hyp-1_10_3.tar.bz2:0.478811979294:0.006013542:0.48
> 0:True:10,10:146,14
> 1:False:10,12:146,15
> 2:False:11,14:146,17
> 3:True:10,10:146,14
> 4:False:11,13:146,16
> 5:False:11,14:146,17
rovers-suboptimal-old-noisy/10/rovers_noisy_p03_hyp-2_10_1.tar.bz2:0.477243185043:0.006198397:0.48
> 0:True:10,10:147,15
> 1:True:10,10:147,15
> 2:False:11,13:147,17
> 3:True:10,10:147,15
> 4:True:11,11:147,16
> 5:False:11,12:147,17
rovers-suboptimal-old-noisy/10/rovers_noisy_p03_hyp-2_10_2.tar.bz2:0.480772972107:0.006101895:0.48
> 0:False:10,14:147,18
> 1:True:10,11:147,16
> 2:True:11,12:147,16
> 3:False:10,14:147,18
> 4:False:11,15:147,19
> 5:False:11,15:147,19
rovers-suboptimal-old-noisy/10/rovers_noisy_p03_hyp-2_10_3.tar.bz2:0.479177951813:0.0063124:0.47
> 0:False:10,14:147,17
> 1:True:10,11:147,16
> 2:False:11,13:147,18
> 3:True:10,11:147,16
> 4:False:11,13:147,17
> 5:False:11,16:147,19
rovers-suboptimal-old-noisy/10/rovers_noisy_p03_hyp-3_10_1.tar.bz2:0.480479001999:0.006015198:0.48
> 0:False:10,13:147,16
> 1:False:10,12:147,16
> 2:True:11,11:147,16
> 3:False:10,13:147,16
> 4:False:11,14:147,17
> 5:True:11,11:147,16
rovers-suboptimal-old-noisy/10/rovers_noisy_p03_hyp-3_10_2.tar.bz2:0.479418039322:0.006026393:0.48
> 0:False:10,13:146,16
> 1:False:10,13:146,16
> 2:True:11,11:146,15
> 3:False:10,11:146,15
> 4:False:11,14:146,17
> 5:False:11,14:146,17
rovers-suboptimal-old-noisy/10/rovers_noisy_p03_hyp-3_10_3.tar.bz2:0.478806972504:0.006071434:0.48
> 0:True:10,10:146,14
> 1:True:10,10:146,14
> 2:True:11,11:146,15
> 3:True:10,10:146,14
> 4:True:11,11:146,15
> 5:True:11,11:146,15
rovers-suboptimal-old-noisy/10/rovers_noisy_p03_hyp-4_10_1.tar.bz2:0.482367038727:0.006339254:0.48
> 0:False:10,14:147,17
> 1:False:10,14:147,18
> 2:False:11,14:147,19
> 3:True:10,12:147,17
> 4:False:11,15:147,18
> 5:False:11,16:147,19
rovers-suboptimal-old-noisy/10/rovers_noisy_p03_hyp-4_10_2.tar.bz2:0.480416059494:0.00648953:0.48
> 0:True:10,10:147,15
> 1:True:10,10:147,15
> 2:True:11,11:147,16
> 3:True:10,10:147,15
> 4:True:11,11:147,16
> 5:False:11,12:147,17
rovers-suboptimal-old-noisy/10/rovers_noisy_p03_hyp-4_10_3.tar.bz2:0.477527141571:0.005858013:0.47
> 0:True:10,10:146,14
> 1:False:10,11:146,14
> 2:False:11,12:146,15
> 3:True:10,10:146,14
> 4:False:11,12:146,15
> 5:False:11,12:146,15
rovers-suboptimal-old-noisy/30/rovers_noisy_p01_hyp-1_30_1.tar.bz2:0.452781915665:0.005412972:0.46
> 0:True:8,8:90,14
> 1:True:8,8:90,14
> 2:True:8,8:90,14
> 3:False:8,9:90,14
> 4:False:8,9:90,15
> 5:False:9,11:90,16
rovers-suboptimal-old-noisy/30/rovers_noisy_p01_hyp-1_30_2.tar.bz2:0.454524993896:0.005072866:0.46
> 0:True:8,9:90,15
> 1:False:8,12:90,17
> 2:False:8,12:90,17
> 3:False:8,11:90,16
> 4:False:8,13:90,18
> 5:False:9,15:90,19
rovers-suboptimal-old-noisy/30/rovers_noisy_p01_hyp-1_30_3.tar.bz2:0.452681779861:0.005290762:0.46
> 0:True:8,8:90,14
> 1:False:8,9:90,14
> 2:False:8,9:90,14
> 3:False:8,9:90,14
> 4:False:8,10:90,15
> 5:False:9,12:90,16
rovers-suboptimal-old-noisy/30/rovers_noisy_p01_hyp-2_30_1.tar.bz2:0.453090906143:0.005221824:0.45
> 0:True:8,10:91,15
> 1:True:8,10:91,15
> 2:True:8,10:91,15
> 3:False:8,13:91,17
> 4:False:8,11:91,16
> 5:False:9,15:91,19
rovers-suboptimal-old-noisy/30/rovers_noisy_p01_hyp-2_30_2.tar.bz2:0.451060056686:0.005297195:0.46
> 0:True:8,12:91,16
> 1:True:8,12:91,17
> 2:True:8,12:91,16
> 3:False:8,15:91,18
> 4:False:8,13:91,17
> 5:False:9,17:91,20
rovers-suboptimal-old-noisy/30/rovers_noisy_p01_hyp-2_30_3.tar.bz2:0.456433057785:0.005103742:0.46
> 0:True:8,10:91,16
> 1:True:8,10:91,17
> 2:True:8,10:91,16
> 3:False:8,13:91,18
> 4:False:8,11:91,17
> 5:False:9,15:91,20
rovers-suboptimal-old-noisy/30/rovers_noisy_p01_hyp-3_30_1.tar.bz2:0.452012062073:0.005400227:0.44
> 0:False:8,11:91,16
> 1:False:8,9:91,15
> 2:True:8,8:91,15
> 3:False:8,11:91,16
> 4:False:8,10:91,16
> 5:False:9,12:91,17
rovers-suboptimal-old-noisy/30/rovers_noisy_p01_hyp-3_30_2.tar.bz2:0.451771974564:0.004985651:0.45
> 0:False:8,11:90,14
> 1:False:8,10:90,14
> 2:True:8,9:90,14
> 3:False:8,10:90,14
> 4:False:8,11:90,15
> 5:False:9,12:90,16
rovers-suboptimal-old-noisy/30/rovers_noisy_p01_hyp-3_30_3.tar.bz2:0.451678991318:0.004946809:0.45
> 0:False:8,11:90,14
> 1:False:8,10:90,14
> 2:True:8,9:90,14
> 3:False:8,10:90,14
> 4:False:8,11:90,15
> 5:False:9,12:90,16
rovers-suboptimal-old-noisy/30/rovers_noisy_p01_hyp-4_30_1.tar.bz2:0.453945875168:0.005080208:0.45
> 0:False:8,12:90,16
> 1:False:8,12:90,16
> 2:False:8,11:90,16
> 3:True:8,10:90,16
> 4:False:8,13:90,17
> 5:False:9,13:90,18
rovers-suboptimal-old-noisy/30/rovers_noisy_p01_hyp-4_30_2.tar.bz2:0.453603029251:0.004868262:0.46
> 0:False:8,10:89,14
> 1:False:8,11:89,15
> 2:True:8,8:89,13
> 3:True:8,8:89,13
> 4:False:8,11:89,15
> 5:False:9,12:89,16
rovers-suboptimal-old-noisy/30/rovers_noisy_p01_hyp-4_30_3.tar.bz2:0.450140953064:0.004855597:0.45
> 0:False:8,12:88,14
> 1:False:8,12:88,14
> 2:False:8,12:88,14
> 3:True:8,9:88,12
> 4:False:8,12:88,14
> 5:True:9,10:88,13
rovers-suboptimal-old-noisy/30/rovers_noisy_p02_hyp-1_30_1.tar.bz2:0.477518081665:0.00669366:0.48
> 0:True:10,10:149,17
> 1:False:11,15:149,21
> 2:True:11,11:149,18
> 3:False:10,13:149,19
> 4:False:11,16:149,21
> 5:False:10,11:149,17
rovers-suboptimal-old-noisy/30/rovers_noisy_p02_hyp-1_30_2.tar.bz2:0.479523897171:0.00657597:0.48
> 0:True:10,11:149,18
> 1:False:11,14:149,20
> 2:False:11,14:149,20
> 3:False:10,13:149,19
> 4:False:11,16:149,21
> 5:False:10,13:149,19
rovers-suboptimal-old-noisy/30/rovers_noisy_p02_hyp-1_30_3.tar.bz2:0.476954936981:0.006012762:0.49
> 0:True:10,12:148,16
> 1:False:11,14:148,17
> 2:False:11,14:148,17
> 3:False:10,13:148,16
> 4:False:11,14:148,17
> 5:True:10,12:148,16
rovers-suboptimal-old-noisy/30/rovers_noisy_p02_hyp-2_30_1.tar.bz2:0.478893995285:0.00644808:0.47
> 0:False:10,14:152,23
> 1:True:11,12:152,21
> 2:False:11,15:152,24
> 3:True:10,11:152,21
> 4:False:11,17:152,25
> 5:False:10,17:152,25
rovers-suboptimal-old-noisy/30/rovers_noisy_p02_hyp-2_30_2.tar.bz2:0.478790044785:0.00662123:0.48
> 0:False:10,14:152,23
> 1:True:11,13:152,23
> 2:False:11,17:152,25
> 3:False:10,14:152,23
> 4:False:11,14:152,24
> 5:False:10,17:152,25
rovers-suboptimal-old-noisy/30/rovers_noisy_p02_hyp-2_30_3.tar.bz2:0.481213092804:0.00671183:0.48
> 0:True:10,15:152,23
> 1:True:11,16:152,24
> 2:True:11,16:152,24
> 3:True:10,15:152,23
> 4:False:11,18:152,25
> 5:False:10,16:152,24
rovers-suboptimal-old-noisy/30/rovers_noisy_p02_hyp-3_30_1.tar.bz2:0.481648921967:0.00649223:0.49
> 0:False:10,14:151,21
> 1:False:11,16:151,23
> 2:True:11,12:151,20
> 3:False:10,15:151,22
> 4:False:11,13:151,20
> 5:True:10,11:151,19
rovers-suboptimal-old-noisy/30/rovers_noisy_p02_hyp-3_30_2.tar.bz2:0.480343818665:0.00647725:0.48
> 0:False:10,14:151,20
> 1:False:11,17:151,23
> 2:True:11,13:151,20
> 3:False:10,15:151,21
> 4:False:11,16:151,23
> 5:False:10,13:151,20
rovers-suboptimal-old-noisy/30/rovers_noisy_p02_hyp-3_30_3.tar.bz2:0.478893995285:0.00645432:0.48
> 0:False:10,14:152,22
> 1:False:11,18:152,24
> 2:True:11,13:152,22
> 3:False:10,15:152,22
> 4:False:11,14:152,22
> 5:False:10,14:152,22
rovers-suboptimal-old-noisy/30/rovers_noisy_p02_hyp-4_30_1.tar.bz2:0.477093219757:0.00671836:0.48
> 0:True:10,13:150,21
> 1:True:11,14:150,22
> 2:True:11,14:150,22
> 3:True:10,13:150,21
> 4:False:11,16:150,22
> 5:False:10,16:150,22
rovers-suboptimal-old-noisy/30/rovers_noisy_p02_hyp-4_30_2.tar.bz2:0.480208873749:0.00646791:0.49
> 0:True:10,11:150,19
> 1:True:11,12:150,20
> 2:True:11,12:150,20
> 3:True:10,11:150,19
> 4:False:11,17:150,23
> 5:False:10,17:150,23
rovers-suboptimal-old-noisy/30/rovers_noisy_p02_hyp-4_30_3.tar.bz2:0.480534791946:0.00642232:0.48
> 0:False:10,12:150,19
> 1:False:11,14:150,21
> 2:False:11,13:150,20
> 3:False:10,12:150,19
> 4:True:11,12:150,19
> 5:False:10,14:150,20
rovers-suboptimal-old-noisy/30/rovers_noisy_p03_hyp-1_30_1.tar.bz2:0.48535990715:0.006168832:0.49
> 0:True:10,11:149,17
> 1:False:10,14:149,19
> 2:False:11,16:149,21
> 3:False:10,14:149,19
> 4:True:11,12:149,18
> 5:False:11,16:149,21
rovers-suboptimal-old-noisy/30/rovers_noisy_p03_hyp-1_30_2.tar.bz2:0.481755018234:0.005959425:0.48
> 0:True:10,10:148,16
> 1:False:10,13:148,17
> 2:False:11,15:148,19
> 3:False:10,11:148,16
> 4:False:11,14:148,18
> 5:False:11,14:148,19
rovers-suboptimal-old-noisy/30/rovers_noisy_p03_hyp-1_30_3.tar.bz2:0.479470014572:0.005968678:0.48
> 0:True:10,10:148,16
> 1:False:10,14:148,17
> 2:False:11,16:148,19
> 3:False:10,13:148,17
> 4:False:11,13:148,17
> 5:False:11,15:148,19
rovers-suboptimal-old-noisy/30/rovers_noisy_p03_hyp-2_30_1.tar.bz2:0.480333089828:0.00650124:0.48
> 0:False:10,12:149,18
> 1:True:10,10:149,17
> 2:False:11,14:149,19
> 3:True:10,10:149,17
> 4:False:11,13:149,19
> 5:False:11,16:149,21
rovers-suboptimal-old-noisy/30/rovers_noisy_p03_hyp-2_30_2.tar.bz2:0.48394203186:0.006356543:0.49
> 0:False:10,12:148,16
> 1:True:10,11:148,16
> 2:False:11,13:148,17
> 3:False:10,12:148,16
> 4:False:11,13:148,17
> 5:False:11,14:148,17
rovers-suboptimal-old-noisy/30/rovers_noisy_p03_hyp-2_30_3.tar.bz2:0.482823848724:0.00657754:0.48
> 0:False:10,13:150,21
> 1:True:10,10:150,18
> 2:False:11,14:150,21
> 3:False:10,14:150,21
> 4:False:11,13:150,21
> 5:False:11,17:150,23
rovers-suboptimal-old-noisy/30/rovers_noisy_p03_hyp-3_30_1.tar.bz2:0.480342149734:0.00682884:0.48
> 0:False:10,16:152,24
> 1:False:10,15:152,23
> 2:False:11,16:152,24
> 3:True:10,14:152,23
> 4:False:11,19:152,26
> 5:False:11,21:152,27
rovers-suboptimal-old-noisy/30/rovers_noisy_p03_hyp-3_30_2.tar.bz2:0.480957984924:0.00681442:0.48
> 0:True:10,14:152,23
> 1:False:10,16:152,24
> 2:False:11,16:152,25
> 3:False:10,15:152,24
> 4:True:11,15:152,24
> 5:False:11,17:152,25
rovers-suboptimal-old-noisy/30/rovers_noisy_p03_hyp-3_30_3.tar.bz2:0.480405807495:0.00658141:0.49
> 0:False:10,16:152,23
> 1:False:10,14:152,23
> 2:True:11,12:152,21
> 3:False:10,13:152,21
> 4:False:11,17:152,24
> 5:False:11,17:152,24
rovers-suboptimal-old-noisy/30/rovers_noisy_p03_hyp-4_30_1.tar.bz2:0.479567050934:0.005845308:0.48
> 0:False:10,14:148,18
> 1:False:10,13:148,18
> 2:False:11,13:148,18
> 3:True:10,10:148,16
> 4:False:11,15:148,19
> 5:False:11,18:148,21
rovers-suboptimal-old-noisy/30/rovers_noisy_p03_hyp-4_30_2.tar.bz2:0.480896949768:0.006115799:0.48
> 0:False:10,14:148,18
> 1:False:10,14:148,18
> 2:False:11,13:148,17
> 3:True:10,10:148,16
> 4:False:11,16:148,19
> 5:False:11,18:148,20
rovers-suboptimal-old-noisy/30/rovers_noisy_p03_hyp-4_30_3.tar.bz2:0.478399038315:0.006213466:0.49
> 0:True:10,10:149,17
> 1:False:10,12:149,18
> 2:False:11,14:149,20
> 3:True:10,10:149,17
> 4:False:11,13:149,19
> 5:False:11,13:149,20
rovers-suboptimal-old-noisy/50/rovers_noisy_p01_hyp-1_50_1.tar.bz2:0.451370954514:0.005575484:0.45
> 0:True:8,10:92,18
> 1:True:8,10:92,18
> 2:False:8,12:92,19
> 3:False:8,13:92,20
> 4:False:8,13:92,20
> 5:False:9,16:92,22
rovers-suboptimal-old-noisy/50/rovers_noisy_p01_hyp-1_50_2.tar.bz2:0.453640937805:0.005327471:0.44
> 0:True:8,8:92,16
> 1:False:8,9:92,17
> 2:False:8,9:92,17
> 3:False:8,10:92,18
> 4:False:8,10:92,17
> 5:False:9,13:92,20
rovers-suboptimal-old-noisy/50/rovers_noisy_p01_hyp-1_50_3.tar.bz2:0.454009056091:0.005155437:0.44
> 0:True:8,8:91,15
> 1:False:8,12:91,17
> 2:False:8,12:91,17
> 3:False:8,13:91,18
> 4:False:8,13:91,18
> 5:False:9,17:91,21
rovers-suboptimal-old-noisy/50/rovers_noisy_p01_hyp-2_50_1.tar.bz2:0.454437971115:0.005501077:0.45
> 0:False:8,13:92,18
> 1:True:8,11:92,18
> 2:False:8,12:92,18
> 3:False:8,16:92,20
> 4:False:8,12:92,18
> 5:False:9,14:92,20
rovers-suboptimal-old-noisy/50/rovers_noisy_p01_hyp-2_50_2.tar.bz2:0.454173088074:0.00580647:0.46
> 0:False:8,15:94,22
> 1:True:8,11:94,20
> 2:False:8,13:94,21
> 3:False:8,16:94,22
> 4:False:8,14:94,22
> 5:False:9,16:94,23
rovers-suboptimal-old-noisy/50/rovers_noisy_p01_hyp-2_50_3.tar.bz2:0.454652070999:0.005771343:0.45
> 0:False:8,14:93,20
> 1:True:8,11:93,19
> 2:False:8,13:93,20
> 3:False:8,17:93,22
> 4:False:8,13:93,20
> 5:False:9,16:93,22
rovers-suboptimal-old-noisy/50/rovers_noisy_p01_hyp-3_50_1.tar.bz2:0.451999902725:0.005629394:0.46
> 0:False:8,15:93,21
> 1:False:8,13:93,20
> 2:False:8,12:93,20
> 3:False:8,15:93,21
> 4:True:8,11:93,19
> 5:False:9,14:93,20
rovers-suboptimal-old-noisy/50/rovers_noisy_p01_hyp-3_50_2.tar.bz2:0.454648017883:0.005503402:0.45
> 0:False:8,13:93,18
> 1:True:8,10:93,17
> 2:True:8,10:93,17
> 3:False:8,12:93,18
> 4:False:8,12:93,18
> 5:False:9,13:93,19
rovers-suboptimal-old-noisy/50/rovers_noisy_p01_hyp-3_50_3.tar.bz2:0.457488059998:0.006052108:0.44
> 0:False:8,13:94,21
> 1:False:8,14:94,22
> 2:True:8,12:94,21
> 3:False:8,13:94,21
> 4:False:8,14:94,22
> 5:False:9,14:94,22
rovers-suboptimal-old-noisy/50/rovers_noisy_p01_hyp-4_50_1.tar.bz2:0.456306934357:0.005268452:0.46
> 0:False:8,14:91,20
> 1:False:8,16:91,21
> 2:False:8,16:91,21
> 3:False:8,11:91,18
> 4:False:8,15:91,20
> 5:True:9,10:91,17
rovers-suboptimal-old-noisy/50/rovers_noisy_p01_hyp-4_50_2.tar.bz2:0.455826997757:0.005659218:0.46
> 0:False:8,10:91,16
> 1:False:8,13:91,18
> 2:False:8,10:91,16
> 3:True:8,8:91,15
> 4:False:8,13:91,18
> 5:False:9,13:91,19
rovers-suboptimal-old-noisy/50/rovers_noisy_p01_hyp-4_50_3.tar.bz2:0.456386089325:0.005711229:0.46
> 0:False:8,12:92,18
> 1:False:8,13:92,19
> 2:False:8,10:92,17
> 3:True:8,9:92,17
> 4:False:8,11:92,18
> 5:False:9,12:92,19
rovers-suboptimal-old-noisy/50/rovers_noisy_p02_hyp-1_50_1.tar.bz2:0.480291843414:0.00654008:0.48
> 0:True:10,13:153,24
> 1:False:11,17:153,26
> 2:False:11,16:153,26
> 3:False:10,14:153,24
> 4:False:11,21:153,28
> 5:False:10,16:153,25
rovers-suboptimal-old-noisy/50/rovers_noisy_p02_hyp-1_50_2.tar.bz2:0.481830835342:0.00682147:0.49
> 0:False:10,12:153,23
> 1:False:11,20:153,28
> 2:True:11,12:153,23
> 3:False:10,17:153,26
> 4:False:11,18:153,26
> 5:False:10,12:153,22
rovers-suboptimal-old-noisy/50/rovers_noisy_p02_hyp-1_50_3.tar.bz2:0.477473974228:0.00688033:0.48
> 0:True:10,12:152,21
> 1:False:11,17:152,24
> 2:True:11,13:152,22
> 3:False:10,14:152,22
> 4:False:11,19:152,25
> 5:False:10,16:152,23
rovers-suboptimal-old-noisy/50/rovers_noisy_p02_hyp-2_50_1.tar.bz2:0.482573032379:0.00668077:0.49
> 0:False:10,16:154,25
> 1:True:11,12:154,23
> 2:False:11,17:154,26
> 3:False:10,13:154,24
> 4:False:11,14:154,23
> 5:False:10,18:154,26
rovers-suboptimal-old-noisy/50/rovers_noisy_p02_hyp-2_50_2.tar.bz2:0.482673883438:0.00692203:0.49
> 0:False:10,17:154,27
> 1:True:11,11:154,23
> 2:False:11,18:154,28
> 3:False:10,12:154,24
> 4:False:11,16:154,27
> 5:False:10,21:154,30
rovers-suboptimal-old-noisy/50/rovers_noisy_p02_hyp-2_50_3.tar.bz2:0.478785037994:0.00692254:0.47
> 0:False:10,17:153,26
> 1:True:11,14:153,25
> 2:False:11,18:153,27
> 3:False:10,14:153,24
> 4:False:11,19:153,27
> 5:False:10,20:153,28
rovers-suboptimal-old-noisy/50/rovers_noisy_p02_hyp-3_50_1.tar.bz2:0.480997085571:0.006289514:0.47
> 0:False:10,14:154,23
> 1:False:11,20:154,27
> 2:True:11,13:154,23
> 3:False:10,16:154,24
> 4:False:11,20:154,27
> 5:False:10,17:154,25
rovers-suboptimal-old-noisy/50/rovers_noisy_p02_hyp-3_50_2.tar.bz2:0.479624032974:0.00678259:0.48
> 0:False:10,14:154,24
> 1:False:11,22:154,30
> 2:True:11,12:154,23
> 3:False:10,19:154,28
> 4:False:11,19:154,28
> 5:False:10,15:154,24
rovers-suboptimal-old-noisy/50/rovers_noisy_p02_hyp-3_50_3.tar.bz2:0.480570077896:0.00673622:0.48
> 0:False:10,14:155,25
> 1:False:11,20:155,29
> 2:True:11,13:155,25
> 3:False:10,16:155,26
> 4:False:11,21:155,29
> 5:False:10,17:155,27
rovers-suboptimal-old-noisy/50/rovers_noisy_p02_hyp-4_50_1.tar.bz2:0.483061075211:0.0067897:0.49
> 0:True:10,15:154,25
> 1:False:11,17:154,27
> 2:True:11,16:154,26
> 3:True:10,15:154,25
> 4:False:11,19:154,27
> 5:False:10,19:154,27
rovers-suboptimal-old-noisy/50/rovers_noisy_p02_hyp-4_50_2.tar.bz2:0.480077028275:0.00682112:0.48
> 0:False:10,17:152,24
> 1:False:11,13:152,21
> 2:False:11,18:152,25
> 3:True:10,11:152,20
> 4:False:11,19:152,25
> 5:False:10,20:152,25
rovers-suboptimal-old-noisy/50/rovers_noisy_p02_hyp-4_50_3.tar.bz2:0.483538150787:0.00714673:0.49
> 0:False:10,17:154,28
> 1:False:11,16:154,26
> 2:False:11,18:154,29
> 3:True:10,14:154,25
> 4:False:11,21:154,29
> 5:False:10,21:154,29
rovers-suboptimal-old-noisy/50/rovers_noisy_p03_hyp-1_50_1.tar.bz2:0.479493141174:0.00651526:0.48
> 0:True:10,12:151,19
> 1:False:10,14:151,19
> 2:False:11,17:151,20
> 3:False:10,13:151,19
> 4:False:11,15:151,20
> 5:False:11,15:151,20
rovers-suboptimal-old-noisy/50/rovers_noisy_p03_hyp-1_50_2.tar.bz2:0.484148979187:0.0067822:0.49
> 0:True:10,11:152,21
> 1:False:10,17:152,24
> 2:False:11,20:152,26
> 3:False:10,15:152,23
> 4:False:11,16:152,24
> 5:False:11,19:152,26
rovers-suboptimal-old-noisy/50/rovers_noisy_p03_hyp-1_50_3.tar.bz2:0.481575012207:0.00684119:0.48
> 0:True:10,11:152,21
> 1:False:10,17:152,23
> 2:False:11,20:152,25
> 3:False:10,17:152,24
> 4:False:11,15:152,23
> 5:False:11,19:152,25
rovers-suboptimal-old-noisy/50/rovers_noisy_p03_hyp-2_50_1.tar.bz2:0.480630159378:0.00660473:0.49
> 0:False:10,16:153,22
> 1:True:10,14:153,22
> 2:True:11,15:153,22
> 3:False:10,15:153,22
> 4:False:11,16:153,23
> 5:False:11,17:153,22
rovers-suboptimal-old-noisy/50/rovers_noisy_p03_hyp-2_50_2.tar.bz2:0.479821920395:0.00685068:0.47
> 0:False:10,15:153,22
> 1:True:10,13:153,22
> 2:False:11,18:153,25
> 3:False:10,15:153,22
> 4:True:11,14:153,23
> 5:False:11,19:153,25
rovers-suboptimal-old-noisy/50/rovers_noisy_p03_hyp-2_50_3.tar.bz2:0.483498811722:0.006620386:0.49
> 0:False:10,18:152,22
> 1:True:10,13:152,20
> 2:False:11,16:152,21
> 3:False:10,15:152,20
> 4:False:11,18:152,23
> 5:False:11,21:152,24
rovers-suboptimal-old-noisy/50/rovers_noisy_p03_hyp-3_50_1.tar.bz2:0.478160142899:0.00665128:0.48
> 0:False:10,17:153,24
> 1:False:10,14:153,22
> 2:True:11,14:153,22
> 3:False:10,17:153,24
> 4:False:11,18:153,25
> 5:False:11,17:153,25
rovers-suboptimal-old-noisy/50/rovers_noisy_p03_hyp-3_50_2.tar.bz2:0.479285955429:0.006562237:0.49
> 0:False:10,20:154,27
> 1:False:10,18:154,26
> 2:True:11,16:154,27
> 3:False:10,16:154,25
> 4:False:11,20:154,27
> 5:False:11,20:154,28
rovers-suboptimal-old-noisy/50/rovers_noisy_p03_hyp-3_50_3.tar.bz2:0.48014998436:0.00704705:0.48
> 0:False:10,20:154,28
> 1:False:10,15:154,25
> 2:True:11,14:154,25
> 3:False:10,16:154,26
> 4:False:11,19:154,28
> 5:False:11,20:154,29
rovers-suboptimal-old-noisy/50/rovers_noisy_p03_hyp-4_50_1.tar.bz2:0.480479001999:0.00659592:0.48
> 0:False:10,13:153,22
> 1:False:10,14:153,22
> 2:False:11,17:153,25
> 3:True:10,12:153,22
> 4:False:11,14:153,22
> 5:False:11,17:153,23
rovers-suboptimal-old-noisy/50/rovers_noisy_p03_hyp-4_50_2.tar.bz2:0.47912812233:0.00657662:0.48
> 0:False:10,15:151,21
> 1:False:10,14:151,20
> 2:False:11,14:151,20
> 3:True:10,10:151,19
> 4:False:11,17:151,22
> 5:False:11,19:151,23
rovers-suboptimal-old-noisy/50/rovers_noisy_p03_hyp-4_50_3.tar.bz2:0.483109951019:0.00659917:0.48
> 0:False:10,14:152,22
> 1:False:10,15:152,22
> 2:False:11,17:152,24
> 3:True:10,11:152,20
> 4:False:11,17:152,23
> 5:False:11,19:152,25
rovers-suboptimal-old-noisy/70/rovers_noisy_p01_hyp-1_70_1.tar.bz2:0.455108165741:0.005853894:0.46
> 0:True:8,12:94,21
> 1:False:8,16:94,23
> 2:False:8,16:94,23
> 3:False:8,15:94,22
> 4:False:8,16:94,23
> 5:False:9,15:94,22
rovers-suboptimal-old-noisy/70/rovers_noisy_p01_hyp-1_70_2.tar.bz2:0.449605941772:0.004872176:0.44
> 0:True:8,9:92,16
> 1:False:8,12:92,17
> 2:False:8,12:92,17
> 3:False:8,13:92,18
> 4:False:8,13:92,18
> 5:False:9,17:92,21
rovers-suboptimal-old-noisy/70/rovers_noisy_p01_hyp-1_70_3.tar.bz2:0.454082965851:0.005053318:0.46
> 0:True:8,9:93,17
> 1:False:8,13:93,19
> 2:False:8,13:93,19
> 3:False:8,14:93,20
> 4:False:8,14:93,20
> 5:False:9,18:93,23
rovers-suboptimal-old-noisy/70/rovers_noisy_p01_hyp-2_70_1.tar.bz2:0.452644824982:0.005863735:0.45
> 0:False:8,14:94,21
> 1:True:8,12:94,20
> 2:False:8,14:94,21
> 3:False:8,16:94,22
> 4:False:8,15:94,22
> 5:False:9,18:94,24
rovers-suboptimal-old-noisy/70/rovers_noisy_p01_hyp-2_70_2.tar.bz2:0.457306146622:0.005459011:0.45
> 0:False:8,14:96,22
> 1:True:8,11:96,21
> 2:False:8,12:96,21
> 3:False:8,17:96,24
> 4:False:8,13:96,22
> 5:False:9,16:96,24
rovers-suboptimal-old-noisy/70/rovers_noisy_p01_hyp-2_70_3.tar.bz2:0.453497886658:0.004989177:0.46
> 0:False:8,14:93,18
> 1:True:8,11:93,17
> 2:False:8,12:93,17
> 3:False:8,15:93,18
> 4:False:8,13:93,18
> 5:False:9,15:93,19
rovers-suboptimal-old-noisy/70/rovers_noisy_p01_hyp-3_70_1.tar.bz2:0.456917047501:0.005867659:0.46
> 0:False:8,13:95,21
> 1:False:8,13:95,21
> 2:True:8,10:95,19
> 3:False:8,13:95,20
> 4:False:8,13:95,21
> 5:False:9,15:95,22
rovers-suboptimal-old-noisy/70/rovers_noisy_p01_hyp-3_70_2.tar.bz2:0.453322887421:0.005088413:0.45
> 0:False:8,14:94,20
> 1:False:8,12:94,19
> 2:True:8,10:94,18
> 3:False:8,15:94,21
> 4:False:8,13:94,20
> 5:False:9,17:94,23
rovers-suboptimal-old-noisy/70/rovers_noisy_p01_hyp-3_70_3.tar.bz2:0.455183029175:0.005560178:0.46
> 0:False:8,14:94,19
> 1:False:8,12:94,18
> 2:True:8,11:94,18
> 3:False:8,16:94,21
> 4:False:8,13:94,19
> 5:False:9,17:94,22
rovers-suboptimal-old-noisy/70/rovers_noisy_p01_hyp-4_70_1.tar.bz2:0.457154035568:0.005658475:0.45
> 0:False:8,13:94,21
> 1:False:8,15:94,22
> 2:False:8,13:94,21
> 3:True:8,8:94,18
> 4:False:8,16:94,23
> 5:False:9,14:94,22
rovers-suboptimal-old-noisy/70/rovers_noisy_p01_hyp-4_70_2.tar.bz2:0.45161986351:0.005004825:0.46
> 0:False:8,15:92,19
> 1:False:8,16:92,19
> 2:False:8,14:92,18
> 3:True:8,10:92,16
> 4:False:8,17:92,20
> 5:False:9,15:92,19
rovers-suboptimal-old-noisy/70/rovers_noisy_p01_hyp-4_70_3.tar.bz2:0.455008029938:0.005866594:0.45
> 0:True:8,14:94,21
> 1:False:8,18:94,23
> 2:False:8,16:94,22
> 3:True:8,14:94,22
> 4:False:8,17:94,22
> 5:False:9,16:94,22
rovers-suboptimal-old-noisy/70/rovers_noisy_p02_hyp-1_70_1.tar.bz2:0.479049921036:0.00698813:0.49
> 0:True:10,11:155,23
> 1:False:11,19:155,28
> 2:False:11,14:155,25
> 3:False:10,15:155,25
> 4:False:11,20:155,29
> 5:False:10,16:155,26
rovers-suboptimal-old-noisy/70/rovers_noisy_p02_hyp-1_70_2.tar.bz2:0.480657100677:0.00683:0.48
> 0:True:10,12:155,24
> 1:False:11,20:155,29
> 2:False:11,14:155,26
> 3:False:10,16:155,26
> 4:False:11,21:155,30
> 5:False:10,16:155,27
rovers-suboptimal-old-noisy/70/rovers_noisy_p02_hyp-1_70_3.tar.bz2:0.480716943741:0.00706812:0.47
> 0:True:10,13:154,24
> 1:False:11,20:154,28
> 2:False:11,15:154,25
> 3:False:10,16:154,25
> 4:False:11,20:154,27
> 5:False:10,16:154,25
rovers-suboptimal-old-noisy/70/rovers_noisy_p02_hyp-2_70_1.tar.bz2:0.48379778862:0.00699282:0.49
> 0:False:10,20:158,31
> 1:True:11,17:158,30
> 2:False:11,21:158,32
> 3:False:10,19:158,30
> 4:False:11,20:158,32
> 5:False:10,21:158,32
rovers-suboptimal-old-noisy/70/rovers_noisy_p02_hyp-2_70_2.tar.bz2:0.480370998383:0.00703318:0.48
> 0:False:10,19:155,27
> 1:True:11,17:155,26
> 2:False:11,20:155,28
> 3:False:10,18:155,26
> 4:False:11,21:155,28
> 5:False:10,21:155,28
rovers-suboptimal-old-noisy/70/rovers_noisy_p02_hyp-2_70_3.tar.bz2:0.48622918129:0.007273:0.49
> 0:False:10,21:159,33
> 1:True:11,17:159,32
> 2:False:11,22:159,34
> 3:False:10,18:159,31
> 4:False:11,21:159,34
> 5:False:10,24:159,36
rovers-suboptimal-old-noisy/70/rovers_noisy_p02_hyp-3_70_1.tar.bz2:0.482422113419:0.00710599:0.48
> 0:False:10,18:158,31
> 1:False:11,23:158,34
> 2:True:11,16:158,30
> 3:False:10,21:158,33
> 4:False:11,21:158,32
> 5:False:10,19:158,31
rovers-suboptimal-old-noisy/70/rovers_noisy_p02_hyp-3_70_2.tar.bz2:0.481442928314:0.00703422:0.48
> 0:False:10,18:156,27
> 1:False:11,21:156,29
> 2:True:11,17:156,27
> 3:False:10,18:156,27
> 4:False:11,23:156,30
> 5:False:10,21:156,29
rovers-suboptimal-old-noisy/70/rovers_noisy_p02_hyp-3_70_3.tar.bz2:0.477602958679:0.00715073:0.48
> 0:False:10,17:156,27
> 1:False:11,19:156,29
> 2:True:11,16:156,27
> 3:False:10,16:156,27
> 4:False:11,21:156,30
> 5:False:10,20:156,29
rovers-suboptimal-old-noisy/70/rovers_noisy_p02_hyp-4_70_1.tar.bz2:0.480658054352:0.00709651:0.48
> 0:False:10,19:156,29
> 1:False:11,17:156,27
> 2:False:11,20:156,30
> 3:True:10,14:156,25
> 4:False:11,23:156,31
> 5:False:10,23:156,31
rovers-suboptimal-old-noisy/70/rovers_noisy_p02_hyp-4_70_2.tar.bz2:0.481770992279:0.00699632:0.48
> 0:False:10,17:156,26
> 1:False:11,19:156,29
> 2:False:11,18:156,27
> 3:True:10,16:156,26
> 4:False:11,22:156,28
> 5:False:10,20:156,27
rovers-suboptimal-old-noisy/70/rovers_noisy_p02_hyp-4_70_3.tar.bz2:0.480988025665:0.00728974:0.48
> 0:False:10,17:158,30
> 1:False:11,17:158,28
> 2:False:11,19:158,31
> 3:True:10,13:158,26
> 4:False:11,21:158,32
> 5:False:10,22:158,32
rovers-suboptimal-old-noisy/70/rovers_noisy_p03_hyp-1_70_1.tar.bz2:0.481095075607:0.00675737:0.48
> 0:True:10,11:153,21
> 1:False:10,15:153,23
> 2:False:11,19:153,26
> 3:False:10,13:153,22
> 4:False:11,14:153,23
> 5:False:11,19:153,26
rovers-suboptimal-old-noisy/70/rovers_noisy_p03_hyp-1_70_2.tar.bz2:0.481197118759:0.00658153:0.48
> 0:True:10,11:153,21
> 1:False:10,15:153,23
> 2:False:11,19:153,26
> 3:False:10,13:153,22
> 4:False:11,16:153,24
> 5:False:11,17:153,25
rovers-suboptimal-old-noisy/70/rovers_noisy_p03_hyp-1_70_3.tar.bz2:0.481242895126:0.00688885:0.49
> 0:True:10,12:155,25
> 1:False:10,16:155,27
> 2:False:11,19:155,29
> 3:False:10,14:155,26
> 4:False:11,17:155,28
> 5:False:11,19:155,29
rovers-suboptimal-old-noisy/70/rovers_noisy_p03_hyp-2_70_1.tar.bz2:0.481272935867:0.00699302:0.49
> 0:False:10,20:157,29
> 1:True:10,18:157,28
> 2:True:11,19:157,29
> 3:True:10,18:157,28
> 4:False:11,21:157,30
> 5:False:11,22:157,30
rovers-suboptimal-old-noisy/70/rovers_noisy_p03_hyp-2_70_2.tar.bz2:0.483479976654:0.0068923:0.48
> 0:False:10,25:156,31
> 1:True:10,18:156,27
> 2:False:11,22:156,29
> 3:False:10,23:156,30
> 4:False:11,23:156,31
> 5:False:11,27:156,32
rovers-suboptimal-old-noisy/70/rovers_noisy_p03_hyp-2_70_3.tar.bz2:0.482328891754:0.00695814:0.48
> 0:False:10,20:157,30
> 1:True:10,15:157,26
> 2:False:11,18:157,29
> 3:False:10,19:157,29
> 4:False:11,19:157,31
> 5:False:11,23:157,32
rovers-suboptimal-old-noisy/70/rovers_noisy_p03_hyp-3_70_1.tar.bz2:0.482712030411:0.00705023:0.49
> 0:False:10,20:158,32
> 1:False:10,16:158,28
> 2:True:11,14:158,27
> 3:False:10,18:158,30
> 4:False:11,21:158,32
> 5:False:11,19:158,30
rovers-suboptimal-old-noisy/70/rovers_noisy_p03_hyp-3_70_2.tar.bz2:0.480844020844:0.00692449:0.48
> 0:False:10,24:157,32
> 1:False:10,20:157,29
> 2:True:11,17:157,29
> 3:False:10,20:157,30
> 4:False:11,25:157,33
> 5:False:11,21:157,31
rovers-suboptimal-old-noisy/70/rovers_noisy_p03_hyp-3_70_3.tar.bz2:0.481943845749:0.00700958:0.49
> 0:False:10,22:159,33
> 1:False:10,17:159,30
> 2:True:11,14:159,28
> 3:False:10,18:159,31
> 4:False:11,23:159,34
> 5:False:11,21:159,33
rovers-suboptimal-old-noisy/70/rovers_noisy_p03_hyp-4_70_1.tar.bz2:0.480352878571:0.00681282:0.48
> 0:False:10,17:154,25
> 1:False:10,16:154,25
> 2:False:11,17:154,24
> 3:True:10,13:154,23
> 4:False:11,19:154,26
> 5:False:11,21:154,27
rovers-suboptimal-old-noisy/70/rovers_noisy_p03_hyp-4_70_2.tar.bz2:0.48037481308:0.00695288:0.48
> 0:False:10,14:154,25
> 1:False:10,15:154,25
> 2:False:11,16:154,24
> 3:True:10,12:154,23
> 4:False:11,17:154,26
> 5:False:11,18:154,27
rovers-suboptimal-old-noisy/70/rovers_noisy_p03_hyp-4_70_3.tar.bz2:0.479969978333:0.00668762:0.49
> 0:False:10,15:153,23
> 1:False:10,15:153,23
> 2:False:11,17:153,25
> 3:True:10,11:153,21
> 4:False:11,18:153,25
> 5:False:11,21:153,27
rovers-suboptimal-old-noisy/100/rovers_noisy_p01_hyp-1_full_1.tar.bz2:0.45762181282:0.00587971:0.46
> 0:True:8,12:97,24
> 1:False:8,16:97,26
> 2:False:8,16:97,26
> 3:False:8,16:97,26
> 4:False:8,14:97,25
> 5:False:9,18:97,27
rovers-suboptimal-old-noisy/100/rovers_noisy_p01_hyp-1_full_2.tar.bz2:0.454599142075:0.0060542:0.46
> 0:True:8,10:96,21
> 1:False:8,13:96,23
> 2:False:8,12:96,22
> 3:False:8,15:96,24
> 4:False:8,13:96,23
> 5:False:9,17:96,26
rovers-suboptimal-old-noisy/100/rovers_noisy_p01_hyp-1_full_3.tar.bz2:0.45690703392:0.005800906:0.46
> 0:True:8,11:96,22
> 1:False:8,15:96,24
> 2:False:8,15:96,24
> 3:False:8,13:96,23
> 4:False:8,16:96,25
> 5:False:9,17:96,26
rovers-suboptimal-old-noisy/100/rovers_noisy_p01_hyp-2_full_1.tar.bz2:0.455615997314:0.005761868:0.45
> 0:False:8,17:98,26
> 1:True:8,13:98,24
> 2:False:8,14:98,25
> 3:False:8,19:98,28
> 4:False:8,16:98,26
> 5:False:9,20:98,29
rovers-suboptimal-old-noisy/100/rovers_noisy_p01_hyp-2_full_2.tar.bz2:0.451253890991:0.005702063:0.46
> 0:False:8,15:96,22
> 1:True:8,11:96,20
> 2:False:8,13:96,21
> 3:False:8,18:96,24
> 4:False:8,14:96,22
> 5:False:9,18:96,25
rovers-suboptimal-old-noisy/100/rovers_noisy_p01_hyp-2_full_3.tar.bz2:0.453128099442:0.005475587:0.45
> 0:False:8,16:97,23
> 1:True:8,12:97,22
> 2:False:8,14:97,22
> 3:False:8,19:97,26
> 4:False:8,15:97,23
> 5:False:9,19:97,27
rovers-suboptimal-old-noisy/100/rovers_noisy_p01_hyp-3_full_1.tar.bz2:0.456700801849:0.006043977:0.46
> 0:False:8,15:98,25
> 1:False:8,16:98,26
> 2:True:8,13:98,24
> 3:False:8,18:98,27
> 4:False:8,16:98,26
> 5:False:9,20:98,29
rovers-suboptimal-old-noisy/100/rovers_noisy_p01_hyp-3_full_2.tar.bz2:0.449017047882:0.00514124:0.45
> 0:False:8,15:96,22
> 1:False:8,13:96,21
> 2:True:8,11:96,20
> 3:False:8,16:96,23
> 4:False:8,14:96,22
> 5:False:9,18:96,25
rovers-suboptimal-old-noisy/100/rovers_noisy_p01_hyp-3_full_3.tar.bz2:0.454673051834:0.005841312:0.46
> 0:False:8,17:97,25
> 1:False:8,15:97,24
> 2:True:8,13:97,23
> 3:False:8,18:97,26
> 4:True:8,13:97,23
> 5:False:9,19:97,27
rovers-suboptimal-old-noisy/100/rovers_noisy_p01_hyp-4_full_1.tar.bz2:0.453931093216:0.005739369:0.45
> 0:False:8,17:97,27
> 1:False:8,19:97,28
> 2:False:8,17:97,27
> 3:True:8,12:97,24
> 4:False:8,19:97,28
> 5:False:9,16:97,26
rovers-suboptimal-old-noisy/100/rovers_noisy_p01_hyp-4_full_2.tar.bz2:0.457975149155:0.00571892:0.46
> 0:False:8,16:97,26
> 1:False:8,18:97,27
> 2:False:8,16:97,26
> 3:True:8,11:97,23
> 4:False:8,18:97,27
> 5:False:9,15:97,25
rovers-suboptimal-old-noisy/100/rovers_noisy_p01_hyp-4_full_3.tar.bz2:0.454378843307:0.00577754:0.45
> 0:False:8,15:96,24
> 1:False:8,17:96,25
> 2:False:8,15:96,24
> 3:True:8,10:96,21
> 4:False:8,17:96,26
> 5:False:9,14:96,24
rovers-suboptimal-old-noisy/100/rovers_noisy_p02_hyp-1_full_1.tar.bz2:0.482064962387:0.00737955:0.48
> 0:True:10,14:159,29
> 1:False:11,19:159,32
> 2:False:11,17:159,31
> 3:False:10,16:159,30
> 4:False:11,21:159,33
> 5:False:10,18:159,32
rovers-suboptimal-old-noisy/100/rovers_noisy_p02_hyp-1_full_2.tar.bz2:0.483654022217:0.00721043:0.49
> 0:True:10,13:158,27
> 1:False:11,20:158,31
> 2:False:11,16:158,29
> 3:False:10,17:158,29
> 4:False:11,22:158,32
> 5:False:10,18:158,30
rovers-suboptimal-old-noisy/100/rovers_noisy_p02_hyp-1_full_3.tar.bz2:0.483554840088:0.00726747:0.47
> 0:True:10,13:159,28
> 1:False:11,21:159,33
> 2:False:11,16:159,30
> 3:False:10,17:159,30
> 4:False:11,22:159,34
> 5:False:10,18:159,31
rovers-suboptimal-old-noisy/100/rovers_noisy_p02_hyp-2_full_1.tar.bz2:0.483016967773:0.00742426:0.49
> 0:False:10,22:159,32
> 1:True:11,16:159,28
> 2:False:11,23:159,33
> 3:False:10,18:159,29
> 4:False:11,21:159,32
> 5:False:10,25:159,34
rovers-suboptimal-old-noisy/100/rovers_noisy_p02_hyp-2_full_2.tar.bz2:0.482628107071:0.00749964:0.48
> 0:False:10,22:163,38
> 1:True:11,19:163,37
> 2:False:11,23:163,39
> 3:False:10,21:163,36
> 4:False:11,22:163,38
> 5:False:10,26:163,41
rovers-suboptimal-old-noisy/100/rovers_noisy_p02_hyp-2_full_3.tar.bz2:0.477624177933:0.00720093:0.48
> 0:False:10,22:161,34
> 1:True:11,16:161,30
> 2:False:11,23:161,35
> 3:False:10,18:161,31
> 4:False:11,21:161,34
> 5:False:10,25:161,36
rovers-suboptimal-old-noisy/100/rovers_noisy_p02_hyp-3_full_1.tar.bz2:0.480210065842:0.00733589:0.48
> 0:False:10,21:161,34
> 1:False:11,26:161,37
> 2:True:11,19:161,33
> 3:False:10,24:161,36
> 4:False:11,23:161,35
> 5:False:10,23:161,35
rovers-suboptimal-old-noisy/100/rovers_noisy_p02_hyp-3_full_2.tar.bz2:0.484462022781:0.00747895:0.49
> 0:False:10,20:161,34
> 1:False:11,25:161,37
> 2:True:11,18:161,33
> 3:False:10,23:161,36
> 4:False:11,24:161,35
> 5:False:10,20:161,33
rovers-suboptimal-old-noisy/100/rovers_noisy_p02_hyp-3_full_3.tar.bz2:0.483844041824:0.0075199:0.49
> 0:False:10,20:162,34
> 1:False:11,26:162,39
> 2:True:11,18:162,33
> 3:False:10,23:162,37
> 4:False:11,25:162,38
> 5:False:10,19:162,33
rovers-suboptimal-old-noisy/100/rovers_noisy_p02_hyp-4_full_1.tar.bz2:0.483071088791:0.00737656:0.49
> 0:False:10,22:160,33
> 1:True:11,18:160,30
> 2:False:11,23:160,34
> 3:False:10,18:160,30
> 4:False:11,23:160,34
> 5:False:10,28:160,37
rovers-suboptimal-old-noisy/100/rovers_noisy_p02_hyp-4_full_2.tar.bz2:0.483093976974:0.00754078:0.48
> 0:False:10,21:160,33
> 1:False:11,21:160,33
> 2:False:11,20:160,33
> 3:True:10,18:160,31
> 4:False:11,23:160,34
> 5:False:10,24:160,34
rovers-suboptimal-old-noisy/100/rovers_noisy_p02_hyp-4_full_3.tar.bz2:0.481515884399:0.00749774:0.48
> 0:False:10,23:162,37
> 1:False:11,21:162,36
> 2:False:11,24:162,38
> 3:True:10,19:162,34
> 4:False:11,26:162,38
> 5:False:10,28:162,39
rovers-suboptimal-old-noisy/100/rovers_noisy_p03_hyp-1_full_1.tar.bz2:0.481837034225:0.00707809:0.48
> 0:True:10,14:158,28
> 1:False:10,19:158,31
> 2:False:11,21:158,33
> 3:False:10,17:158,30
> 4:False:11,20:158,32
> 5:False:11,20:158,32
rovers-suboptimal-old-noisy/100/rovers_noisy_p03_hyp-1_full_2.tar.bz2:0.483105182648:0.00689663:0.48
> 0:True:10,13:156,25
> 1:False:10,18:156,27
> 2:False:11,22:156,30
> 3:False:10,17:156,27
> 4:False:11,17:156,27
> 5:False:11,21:156,30
rovers-suboptimal-old-noisy/100/rovers_noisy_p03_hyp-1_full_3.tar.bz2:0.481536865234:0.00712297:0.49
> 0:True:10,13:158,28
> 1:False:10,19:158,30
> 2:False:11,23:158,33
> 3:False:10,17:158,30
> 4:False:11,18:158,30
> 5:False:11,19:158,32
rovers-suboptimal-old-noisy/100/rovers_noisy_p03_hyp-2_full_1.tar.bz2:0.480855941772:0.00737862:0.48
> 0:False:10,22:161,34
> 1:True:10,18:161,32
> 2:False:11,20:161,34
> 3:False:10,21:161,34
> 4:False:11,23:161,36
> 5:False:11,24:161,36
rovers-suboptimal-old-noisy/100/rovers_noisy_p03_hyp-2_full_2.tar.bz2:0.480125904083:0.00631272:0.47
> 0:False:10,22:158,30
> 1:True:10,16:158,26
> 2:False:11,21:158,30
> 3:False:10,20:158,29
> 4:False:11,21:158,31
> 5:False:11,26:158,33
rovers-suboptimal-old-noisy/100/rovers_noisy_p03_hyp-2_full_3.tar.bz2:0.480487108231:0.00712242:0.48
> 0:False:10,24:160,34
> 1:True:10,18:160,30
> 2:False:11,21:160,33
> 3:False:10,20:160,32
> 4:False:11,23:160,34
> 5:False:11,28:160,37
rovers-suboptimal-old-noisy/100/rovers_noisy_p03_hyp-3_full_1.tar.bz2:0.482618093491:0.00719254:0.48
> 0:False:10,25:161,36
> 1:False:10,20:161,32
> 2:True:11,16:161,30
> 3:False:10,20:161,33
> 4:False:11,25:161,36
> 5:False:11,23:161,35
rovers-suboptimal-old-noisy/100/rovers_noisy_p03_hyp-3_full_2.tar.bz2:0.484609127045:0.00728292:0.48
> 0:False:10,24:161,36
> 1:False:10,19:161,32
> 2:True:11,16:161,30
> 3:False:10,19:161,33
> 4:False:11,24:161,36
> 5:False:11,23:161,35
rovers-suboptimal-old-noisy/100/rovers_noisy_p03_hyp-3_full_3.tar.bz2:0.480103969574:0.00721741:0.48
> 0:False:10,26:163,39
> 1:False:10,20:163,35
> 2:True:11,17:163,35
> 3:False:10,21:163,36
> 4:False:11,25:163,39
> 5:False:11,24:163,38
rovers-suboptimal-old-noisy/100/rovers_noisy_p03_hyp-4_full_1.tar.bz2:0.482798099518:0.00733136:0.47
> 0:False:10,18:159,31
> 1:False:10,18:159,31
> 2:False:11,19:159,32
> 3:True:10,14:159,30
> 4:False:11,21:159,33
> 5:False:11,21:159,33
rovers-suboptimal-old-noisy/100/rovers_noisy_p03_hyp-4_full_2.tar.bz2:0.480228900909:0.00730455:0.48
> 0:False:10,18:159,31
> 1:False:10,16:159,30
> 2:False:11,18:159,32
> 3:True:10,14:159,29
> 4:False:11,20:159,32
> 5:False:11,22:159,34
rovers-suboptimal-old-noisy/100/rovers_noisy_p03_hyp-4_full_3.tar.bz2:0.480262041092:0.00689834:0.48
> 0:False:10,15:157,27
> 1:False:10,17:157,28
> 2:False:11,19:157,30
> 3:True:10,13:157,26
> 4:False:11,20:157,30
> 5:False:11,21:157,31
