rovers-suboptimal-old-noisy/10/rovers_noisy_p01_hyp-1_10_1.tar.bz2:0.557411193848:0.04223532:0.55
> 0:True:6,8:8177,943
> 1:False:6,10:8177,943
> 2:False:6,10:8177,943
> 3:False:6,10:8177,943
> 4:False:7,11:8177,943
> 5:False:7,11:8177,943
rovers-suboptimal-old-noisy/10/rovers_noisy_p01_hyp-1_10_2.tar.bz2:0.557610988617:0.0422164:0.56
> 0:True:6,7:8178,945
> 1:True:6,7:8178,945
> 2:True:6,7:8178,945
> 3:True:6,7:8178,945
> 4:True:7,8:8178,945
> 5:True:7,8:8178,945
rovers-suboptimal-old-noisy/10/rovers_noisy_p01_hyp-1_10_3.tar.bz2:0.558108091354:0.04214537:0.55
> 0:False:6,7:8178,945
> 1:False:6,7:8178,945
> 2:False:6,7:8178,945
> 3:False:6,8:8178,945
> 4:True:7,7:8178,945
> 5:False:7,8:8178,945
rovers-suboptimal-old-noisy/10/rovers_noisy_p01_hyp-2_10_1.tar.bz2:0.555213928223:0.04225722:0.56
> 0:False:6,10:8179,947
> 1:True:6,7:8179,947
> 2:False:6,9:8179,947
> 3:False:6,10:8179,947
> 4:False:7,10:8179,947
> 5:False:7,10:8179,947
rovers-suboptimal-old-noisy/10/rovers_noisy_p01_hyp-2_10_2.tar.bz2:0.557044029236:0.04235839:0.56
> 0:True:6,8:8179,947
> 1:True:6,8:8179,947
> 2:True:6,8:8179,947
> 3:True:6,8:8179,947
> 4:True:7,9:8179,947
> 5:True:7,9:8179,947
rovers-suboptimal-old-noisy/10/rovers_noisy_p01_hyp-2_10_3.tar.bz2:0.557525873184:0.04202191:0.56
> 0:False:6,10:8179,947
> 1:True:6,8:8179,947
> 2:False:6,10:8179,947
> 3:False:6,11:8179,947
> 4:False:7,10:8179,947
> 5:False:7,11:8179,947
rovers-suboptimal-old-noisy/10/rovers_noisy_p01_hyp-3_10_1.tar.bz2:0.554481983185:0.04138008:0.55
> 0:False:6,10:8178,945
> 1:False:6,10:8178,945
> 2:True:6,9:8178,945
> 3:False:6,11:8178,945
> 4:False:7,11:8178,945
> 5:False:7,13:8178,945
rovers-suboptimal-old-noisy/10/rovers_noisy_p01_hyp-3_10_2.tar.bz2:0.557784080505:0.04218238:0.55
> 0:False:6,9:8179,947
> 1:True:6,7:8179,947
> 2:True:6,7:8179,947
> 3:False:6,9:8179,947
> 4:True:7,8:8179,947
> 5:True:7,8:8179,947
rovers-suboptimal-old-noisy/10/rovers_noisy_p01_hyp-3_10_3.tar.bz2:0.554675102234:0.0424643:0.56
> 0:False:6,11:8179,947
> 1:False:6,9:8179,947
> 2:False:6,9:8179,947
> 3:False:6,12:8179,947
> 4:True:7,9:8179,947
> 5:False:7,10:8179,947
rovers-suboptimal-old-noisy/10/rovers_noisy_p01_hyp-4_10_1.tar.bz2:0.556927919388:0.04188889:0.55
> 0:True:6,7:8178,945
> 1:True:6,7:8178,945
> 2:True:6,7:8178,945
> 3:True:6,7:8178,945
> 4:True:7,8:8178,945
> 5:True:7,8:8178,945
rovers-suboptimal-old-noisy/10/rovers_noisy_p01_hyp-4_10_2.tar.bz2:0.557181119919:0.04215842:0.56
> 0:True:6,7:8177,943
> 1:True:6,7:8177,943
> 2:True:6,7:8177,943
> 3:True:6,7:8177,943
> 4:True:7,8:8177,943
> 5:True:7,8:8177,943
rovers-suboptimal-old-noisy/10/rovers_noisy_p01_hyp-4_10_3.tar.bz2:0.558038949966:0.04244836:0.55
> 0:True:6,7:8177,943
> 1:True:6,7:8177,943
> 2:True:6,7:8177,943
> 3:True:6,7:8177,943
> 4:True:7,8:8177,943
> 5:True:7,8:8177,943
rovers-suboptimal-old-noisy/10/rovers_noisy_p02_hyp-1_10_1.tar.bz2:0.670400857925:0.0761324:0.67
> 0:True:8,8:16055,1535
> 1:False:8,9:16055,1535
> 2:False:8,9:16055,1535
> 3:True:8,8:16055,1535
> 4:False:8,10:16055,1535
> 5:False:8,10:16055,1535
rovers-suboptimal-old-noisy/10/rovers_noisy_p02_hyp-1_10_2.tar.bz2:0.66662311554:0.0756241:0.67
> 0:True:8,8:16055,1535
> 1:False:8,11:16055,1535
> 2:False:8,9:16055,1535
> 3:True:8,8:16055,1535
> 4:False:8,10:16055,1535
> 5:False:8,10:16055,1535
rovers-suboptimal-old-noisy/10/rovers_noisy_p02_hyp-1_10_3.tar.bz2:0.673141002655:0.0767663:0.68
> 0:True:8,8:16055,1535
> 1:False:8,10:16055,1535
> 2:False:8,9:16055,1535
> 3:True:8,8:16055,1535
> 4:False:8,11:16055,1535
> 5:False:8,9:16055,1535
rovers-suboptimal-old-noisy/10/rovers_noisy_p02_hyp-2_10_1.tar.bz2:0.672579050064:0.0774233:0.66
> 0:False:8,11:16055,1535
> 1:True:8,10:16055,1535
> 2:False:8,11:16055,1535
> 3:True:8,10:16055,1535
> 4:False:8,11:16055,1535
> 5:False:8,11:16055,1535
rovers-suboptimal-old-noisy/10/rovers_noisy_p02_hyp-2_10_2.tar.bz2:0.672262907028:0.0770926:0.67
> 0:False:8,13:16055,1535
> 1:True:8,11:16055,1535
> 2:False:8,12:16055,1535
> 3:True:8,11:16055,1535
> 4:False:8,14:16055,1535
> 5:False:8,13:16055,1535
rovers-suboptimal-old-noisy/10/rovers_noisy_p02_hyp-2_10_3.tar.bz2:0.671542167664:0.0759226:0.67
> 0:True:8,11:16054,1533
> 1:True:8,11:16054,1533
> 2:False:8,12:16054,1533
> 3:True:8,11:16054,1533
> 4:False:8,12:16054,1533
> 5:False:8,12:16054,1533
rovers-suboptimal-old-noisy/10/rovers_noisy_p02_hyp-3_10_1.tar.bz2:0.672963857651:0.0767838:0.68
> 0:False:8,10:16055,1535
> 1:False:8,11:16055,1535
> 2:False:8,10:16055,1535
> 3:False:8,11:16055,1535
> 4:False:8,12:16055,1535
> 5:True:8,9:16055,1535
rovers-suboptimal-old-noisy/10/rovers_noisy_p02_hyp-3_10_2.tar.bz2:0.673748016357:0.076647:0.67
> 0:True:8,11:16054,1533
> 1:False:8,12:16054,1533
> 2:False:8,12:16054,1533
> 3:False:8,12:16054,1533
> 4:False:8,12:16054,1533
> 5:True:8,11:16054,1533
rovers-suboptimal-old-noisy/10/rovers_noisy_p02_hyp-3_10_3.tar.bz2:0.671533107758:0.0767841:0.67
> 0:False:8,11:16055,1535
> 1:False:8,11:16055,1535
> 2:False:8,11:16055,1535
> 3:False:8,11:16055,1535
> 4:False:8,11:16055,1535
> 5:True:8,10:16055,1535
rovers-suboptimal-old-noisy/10/rovers_noisy_p02_hyp-4_10_1.tar.bz2:0.669174909592:0.0764031:0.67
> 0:False:8,10:16055,1535
> 1:True:8,9:16055,1535
> 2:False:8,10:16055,1535
> 3:True:8,9:16055,1535
> 4:False:8,10:16055,1535
> 5:False:8,10:16055,1535
rovers-suboptimal-old-noisy/10/rovers_noisy_p02_hyp-4_10_2.tar.bz2:0.669943094254:0.076619:0.67
> 0:False:8,10:16055,1535
> 1:True:8,9:16055,1535
> 2:False:8,10:16055,1535
> 3:True:8,9:16055,1535
> 4:False:8,10:16055,1535
> 5:False:8,10:16055,1535
rovers-suboptimal-old-noisy/10/rovers_noisy_p02_hyp-4_10_3.tar.bz2:0.672223091125:0.0762797:0.67
> 0:True:8,11:16054,1533
> 1:True:8,11:16054,1533
> 2:False:8,12:16054,1533
> 3:True:8,11:16054,1533
> 4:False:8,12:16054,1533
> 5:True:8,11:16054,1533
rovers-suboptimal-old-noisy/10/rovers_noisy_p03_hyp-1_10_1.tar.bz2:0.673086881638:0.0758485:0.67
> 0:True:8,10:16055,1535
> 1:True:8,10:16055,1535
> 2:True:8,10:16055,1535
> 3:True:8,10:16055,1535
> 4:True:8,10:16055,1535
> 5:False:8,11:16055,1535
rovers-suboptimal-old-noisy/10/rovers_noisy_p03_hyp-1_10_2.tar.bz2:0.668776988983:0.075403:0.67
> 0:True:8,9:16054,1533
> 1:False:8,11:16054,1533
> 2:False:8,13:16054,1533
> 3:True:8,9:16054,1533
> 4:False:8,11:16054,1533
> 5:False:8,14:16054,1533
rovers-suboptimal-old-noisy/10/rovers_noisy_p03_hyp-1_10_3.tar.bz2:0.670803070068:0.0760165:0.67
> 0:True:8,9:16054,1533
> 1:False:8,11:16054,1533
> 2:False:8,11:16054,1533
> 3:True:8,9:16054,1533
> 4:False:8,11:16054,1533
> 5:False:8,11:16054,1533
rovers-suboptimal-old-noisy/10/rovers_noisy_p03_hyp-2_10_1.tar.bz2:0.669708967209:0.0761492:0.67
> 0:True:8,8:16055,1535
> 1:True:8,8:16055,1535
> 2:False:8,10:16055,1535
> 3:True:8,8:16055,1535
> 4:True:8,8:16055,1535
> 5:False:8,11:16055,1535
rovers-suboptimal-old-noisy/10/rovers_noisy_p03_hyp-2_10_2.tar.bz2:0.670825004578:0.0763752:0.67
> 0:True:8,10:16055,1535
> 1:True:8,10:16055,1535
> 2:False:8,11:16055,1535
> 3:True:8,10:16055,1535
> 4:False:8,11:16055,1535
> 5:False:8,11:16055,1535
rovers-suboptimal-old-noisy/10/rovers_noisy_p03_hyp-2_10_3.tar.bz2:0.6725730896:0.0771352:0.67
> 0:False:8,13:16055,1535
> 1:True:8,11:16055,1535
> 2:True:8,11:16055,1535
> 3:True:8,11:16055,1535
> 4:False:8,12:16055,1535
> 5:False:8,13:16055,1535
rovers-suboptimal-old-noisy/10/rovers_noisy_p03_hyp-3_10_1.tar.bz2:0.670876026154:0.0768588:0.68
> 0:False:8,11:16055,1535
> 1:False:8,11:16055,1535
> 2:True:8,10:16055,1535
> 3:False:8,11:16055,1535
> 4:False:8,12:16055,1535
> 5:True:8,10:16055,1535
rovers-suboptimal-old-noisy/10/rovers_noisy_p03_hyp-3_10_2.tar.bz2:0.668571949005:0.0751995:0.66
> 0:False:8,13:16054,1533
> 1:False:8,13:16054,1533
> 2:True:8,11:16054,1533
> 3:True:8,11:16054,1533
> 4:False:8,13:16054,1533
> 5:False:8,13:16054,1533
rovers-suboptimal-old-noisy/10/rovers_noisy_p03_hyp-3_10_3.tar.bz2:0.669518947601:0.0760189:0.68
> 0:True:8,9:16054,1533
> 1:True:8,9:16054,1533
> 2:True:8,9:16054,1533
> 3:True:8,9:16054,1533
> 4:False:8,10:16054,1533
> 5:False:8,10:16054,1533
rovers-suboptimal-old-noisy/10/rovers_noisy_p03_hyp-4_10_1.tar.bz2:0.671566009521:0.0758076:0.67
> 0:False:8,13:16055,1535
> 1:False:8,13:16055,1535
> 2:True:8,11:16055,1535
> 3:True:8,11:16055,1535
> 4:False:8,14:16055,1535
> 5:False:8,14:16055,1535
rovers-suboptimal-old-noisy/10/rovers_noisy_p03_hyp-4_10_2.tar.bz2:0.664050102234:0.0755556:0.66
> 0:False:8,10:16055,1535
> 1:True:8,9:16055,1535
> 2:True:8,9:16055,1535
> 3:True:8,9:16055,1535
> 4:False:8,10:16055,1535
> 5:False:8,10:16055,1535
rovers-suboptimal-old-noisy/10/rovers_noisy_p03_hyp-4_10_3.tar.bz2:0.668982028961:0.0759014:0.66
> 0:True:8,9:16054,1533
> 1:False:8,10:16054,1533
> 2:False:8,10:16054,1533
> 3:True:8,9:16054,1533
> 4:False:8,10:16054,1533
> 5:False:8,10:16054,1533
rovers-suboptimal-old-noisy/30/rovers_noisy_p01_hyp-1_30_1.tar.bz2:0.560558080673:0.0423858:0.56
> 0:True:6,7:8180,949
> 1:False:6,8:8180,949
> 2:False:6,8:8180,949
> 3:False:6,9:8180,949
> 4:False:7,9:8180,949
> 5:False:7,10:8180,949
rovers-suboptimal-old-noisy/30/rovers_noisy_p01_hyp-1_30_2.tar.bz2:0.559638977051:0.04278883:0.56
> 0:True:6,8:8180,949
> 1:False:6,11:8180,949
> 2:False:6,11:8180,949
> 3:False:6,11:8180,949
> 4:False:7,12:8180,949
> 5:False:7,13:8180,949
rovers-suboptimal-old-noisy/30/rovers_noisy_p01_hyp-1_30_3.tar.bz2:0.557784080505:0.04233944:0.55
> 0:True:6,8:8180,949
> 1:False:6,9:8180,949
> 2:False:6,9:8180,949
> 3:False:6,9:8180,949
> 4:False:7,10:8180,949
> 5:False:7,11:8180,949
rovers-suboptimal-old-noisy/30/rovers_noisy_p01_hyp-2_30_1.tar.bz2:0.556940078735:0.04278468:0.56
> 0:True:6,9:8181,951
> 1:True:6,9:8181,951
> 2:True:6,9:8181,951
> 3:False:6,11:8181,951
> 4:True:7,10:8181,951
> 5:False:7,11:8181,951
rovers-suboptimal-old-noisy/30/rovers_noisy_p01_hyp-2_30_2.tar.bz2:0.554297208786:0.04280949:0.56
> 0:False:6,11:8181,951
> 1:True:6,10:8181,951
> 2:False:6,11:8181,951
> 3:False:6,13:8181,951
> 4:False:7,12:8181,951
> 5:False:7,13:8181,951
rovers-suboptimal-old-noisy/30/rovers_noisy_p01_hyp-2_30_3.tar.bz2:0.559191942215:0.04303363:0.56
> 0:False:6,10:8181,951
> 1:True:6,9:8181,951
> 2:False:6,10:8181,951
> 3:False:6,12:8181,951
> 4:False:7,11:8181,951
> 5:False:7,13:8181,951
rovers-suboptimal-old-noisy/30/rovers_noisy_p01_hyp-3_30_1.tar.bz2:0.556915998459:0.04294242:0.56
> 0:False:6,12:8181,951
> 1:False:6,10:8181,951
> 2:True:6,9:8181,951
> 3:False:6,12:8181,951
> 4:False:7,11:8181,951
> 5:False:7,12:8181,951
rovers-suboptimal-old-noisy/30/rovers_noisy_p01_hyp-3_30_2.tar.bz2:0.555639982224:0.04209404:0.56
> 0:False:6,12:8180,949
> 1:False:6,11:8180,949
> 2:True:6,10:8180,949
> 3:False:6,11:8180,949
> 4:True:7,11:8180,949
> 5:True:7,11:8180,949
rovers-suboptimal-old-noisy/30/rovers_noisy_p01_hyp-3_30_3.tar.bz2:0.557750225067:0.04200086:0.56
> 0:False:6,12:8180,949
> 1:False:6,11:8180,949
> 2:True:6,10:8180,949
> 3:False:6,11:8180,949
> 4:True:7,11:8180,949
> 5:True:7,11:8180,949
rovers-suboptimal-old-noisy/30/rovers_noisy_p01_hyp-4_30_1.tar.bz2:0.555687904358:0.04265069:0.56
> 0:False:6,11:8180,949
> 1:False:6,11:8180,949
> 2:False:6,10:8180,949
> 3:True:6,8:8180,949
> 4:False:7,12:8180,949
> 5:False:7,11:8180,949
rovers-suboptimal-old-noisy/30/rovers_noisy_p01_hyp-4_30_2.tar.bz2:0.556984186172:0.04169531:0.56
> 0:False:6,10:8179,947
> 1:False:6,10:8179,947
> 2:True:6,8:8179,947
> 3:True:6,8:8179,947
> 4:False:7,11:8179,947
> 5:False:7,11:8179,947
rovers-suboptimal-old-noisy/30/rovers_noisy_p01_hyp-4_30_3.tar.bz2:0.556751966476:0.04178646:0.56
> 0:False:6,12:8178,945
> 1:False:6,12:8178,945
> 2:False:6,12:8178,945
> 3:True:6,10:8178,945
> 4:False:7,13:8178,945
> 5:True:7,11:8178,945
rovers-suboptimal-old-noisy/30/rovers_noisy_p02_hyp-1_30_1.tar.bz2:0.666985988617:0.0758725:0.66
> 0:True:8,11:16057,1539
> 1:False:8,13:16057,1539
> 2:True:8,11:16057,1539
> 3:False:8,13:16057,1539
> 4:False:8,14:16057,1539
> 5:True:8,11:16057,1539
rovers-suboptimal-old-noisy/30/rovers_noisy_p02_hyp-1_30_2.tar.bz2:0.672730922699:0.0769985:0.66
> 0:True:8,10:16057,1539
> 1:False:8,12:16057,1539
> 2:False:8,12:16057,1539
> 3:False:8,12:16057,1539
> 4:False:8,14:16057,1539
> 5:False:8,12:16057,1539
rovers-suboptimal-old-noisy/30/rovers_noisy_p02_hyp-1_30_3.tar.bz2:0.66801404953:0.0751557:0.66
> 0:True:8,11:16056,1537
> 1:False:8,12:16056,1537
> 2:False:8,13:16056,1537
> 3:False:8,12:16056,1537
> 4:False:8,13:16056,1537
> 5:False:8,12:16056,1537
rovers-suboptimal-old-noisy/30/rovers_noisy_p02_hyp-2_30_1.tar.bz2:0.673741817474:0.0788614:0.67
> 0:False:8,13:16060,1545
> 1:True:8,12:16060,1545
> 2:False:8,14:16060,1545
> 3:True:8,12:16060,1545
> 4:False:8,15:16060,1545
> 5:False:8,15:16060,1545
rovers-suboptimal-old-noisy/30/rovers_noisy_p02_hyp-2_30_2.tar.bz2:0.671921014786:0.077197:0.67
> 0:False:8,14:16060,1545
> 1:True:8,12:16060,1545
> 2:False:8,15:16060,1545
> 3:False:8,14:16060,1545
> 4:True:8,12:16060,1545
> 5:False:8,15:16060,1545
rovers-suboptimal-old-noisy/30/rovers_noisy_p02_hyp-2_30_3.tar.bz2:0.672318935394:0.0772551:0.67
> 0:True:8,13:16060,1545
> 1:True:8,13:16060,1545
> 2:True:8,13:16060,1545
> 3:True:8,13:16060,1545
> 4:False:8,15:16060,1545
> 5:True:8,13:16060,1545
rovers-suboptimal-old-noisy/30/rovers_noisy_p02_hyp-3_30_1.tar.bz2:0.672100067139:0.0763078:0.67
> 0:False:8,13:16059,1543
> 1:False:8,13:16059,1543
> 2:True:8,11:16059,1543
> 3:False:8,13:16059,1543
> 4:True:8,11:16059,1543
> 5:True:8,11:16059,1543
rovers-suboptimal-old-noisy/30/rovers_noisy_p02_hyp-3_30_2.tar.bz2:0.672749996185:0.0767565:0.67
> 0:False:8,15:16059,1543
> 1:False:8,15:16059,1543
> 2:True:8,14:16059,1543
> 3:False:8,15:16059,1543
> 4:True:8,14:16059,1543
> 5:True:8,14:16059,1543
rovers-suboptimal-old-noisy/30/rovers_noisy_p02_hyp-3_30_3.tar.bz2:0.674528837204:0.0780923:0.66
> 0:False:8,14:16060,1545
> 1:False:8,17:16060,1545
> 2:True:8,13:16060,1545
> 3:False:8,15:16060,1545
> 4:False:8,15:16060,1545
> 5:False:8,15:16060,1545
rovers-suboptimal-old-noisy/30/rovers_noisy_p02_hyp-4_30_1.tar.bz2:0.664196968079:0.0759466:0.67
> 0:True:8,10:16058,1541
> 1:False:8,11:16058,1541
> 2:False:8,11:16058,1541
> 3:True:8,10:16058,1541
> 4:False:8,13:16058,1541
> 5:False:8,12:16058,1541
rovers-suboptimal-old-noisy/30/rovers_noisy_p02_hyp-4_30_2.tar.bz2:0.670296192169:0.0773989:0.67
> 0:False:8,10:16058,1541
> 1:False:8,11:16058,1541
> 2:False:8,10:16058,1541
> 3:True:8,9:16058,1541
> 4:False:8,14:16058,1541
> 5:False:8,13:16058,1541
rovers-suboptimal-old-noisy/30/rovers_noisy_p02_hyp-4_30_3.tar.bz2:0.669617891312:0.0762847:0.66
> 0:False:8,11:16058,1541
> 1:False:8,12:16058,1541
> 2:False:8,12:16058,1541
> 3:True:8,10:16058,1541
> 4:False:8,12:16058,1541
> 5:False:8,12:16058,1541
rovers-suboptimal-old-noisy/30/rovers_noisy_p03_hyp-1_30_1.tar.bz2:0.670747995377:0.0772397:0.68
> 0:True:8,11:16057,1539
> 1:False:8,13:16057,1539
> 2:False:8,13:16057,1539
> 3:False:8,13:16057,1539
> 4:False:8,12:16057,1539
> 5:False:8,13:16057,1539
rovers-suboptimal-old-noisy/30/rovers_noisy_p03_hyp-1_30_2.tar.bz2:0.669615030289:0.0757943:0.66
> 0:True:8,10:16056,1537
> 1:False:8,13:16056,1537
> 2:False:8,13:16056,1537
> 3:False:8,11:16056,1537
> 4:False:8,13:16056,1537
> 5:False:8,12:16056,1537
rovers-suboptimal-old-noisy/30/rovers_noisy_p03_hyp-1_30_3.tar.bz2:0.664860010147:0.0744468:0.67
> 0:True:8,11:16056,1537
> 1:False:8,15:16056,1537
> 2:False:8,15:16056,1537
> 3:False:8,14:16056,1537
> 4:False:8,13:16056,1537
> 5:False:8,14:16056,1537
rovers-suboptimal-old-noisy/30/rovers_noisy_p03_hyp-2_30_1.tar.bz2:0.671139955521:0.0761384:0.67
> 0:True:8,10:16057,1539
> 1:True:8,10:16057,1539
> 2:False:8,11:16057,1539
> 3:True:8,10:16057,1539
> 4:False:8,11:16057,1539
> 5:False:8,13:16057,1539
rovers-suboptimal-old-noisy/30/rovers_noisy_p03_hyp-2_30_2.tar.bz2:0.671301841736:0.0764488:0.66
> 0:True:8,11:16056,1537
> 1:True:8,11:16056,1537
> 2:True:8,11:16056,1537
> 3:True:8,11:16056,1537
> 4:True:8,11:16056,1537
> 5:True:8,11:16056,1537
rovers-suboptimal-old-noisy/30/rovers_noisy_p03_hyp-2_30_3.tar.bz2:0.669014930725:0.0770398:0.66
> 0:False:8,12:16058,1541
> 1:True:8,10:16058,1541
> 2:False:8,13:16058,1541
> 3:False:8,12:16058,1541
> 4:False:8,11:16058,1541
> 5:False:8,15:16058,1541
rovers-suboptimal-old-noisy/30/rovers_noisy_p03_hyp-3_30_1.tar.bz2:0.671855926514:0.0771031:0.67
> 0:False:8,14:16060,1545
> 1:False:8,14:16060,1545
> 2:False:8,14:16060,1545
> 3:True:8,12:16060,1545
> 4:False:8,15:16060,1545
> 5:False:8,17:16060,1545
rovers-suboptimal-old-noisy/30/rovers_noisy_p03_hyp-3_30_2.tar.bz2:0.668282032013:0.0767782:0.66
> 0:True:8,14:16060,1545
> 1:True:8,14:16060,1545
> 2:True:8,14:16060,1545
> 3:True:8,14:16060,1545
> 4:False:8,15:16060,1545
> 5:False:8,16:16060,1545
rovers-suboptimal-old-noisy/30/rovers_noisy_p03_hyp-3_30_3.tar.bz2:0.669171094894:0.076201:0.67
> 0:False:8,16:16060,1545
> 1:False:8,14:16060,1545
> 2:True:8,13:16060,1545
> 3:False:8,14:16060,1545
> 4:False:8,16:16060,1545
> 5:False:8,16:16060,1545
rovers-suboptimal-old-noisy/30/rovers_noisy_p03_hyp-4_30_1.tar.bz2:0.669166088104:0.0754553:0.66
> 0:False:8,13:16056,1537
> 1:False:8,13:16056,1537
> 2:False:8,14:16056,1537
> 3:True:8,11:16056,1537
> 4:False:8,14:16056,1537
> 5:False:8,16:16056,1537
rovers-suboptimal-old-noisy/30/rovers_noisy_p03_hyp-4_30_2.tar.bz2:0.668366193771:0.0759333:0.67
> 0:False:8,15:16056,1537
> 1:False:8,14:16056,1537
> 2:False:8,14:16056,1537
> 3:True:8,11:16056,1537
> 4:False:8,16:16056,1537
> 5:False:8,18:16056,1537
rovers-suboptimal-old-noisy/30/rovers_noisy_p03_hyp-4_30_3.tar.bz2:0.667444944382:0.0766426:0.67
> 0:True:8,9:16057,1539
> 1:False:8,11:16057,1539
> 2:False:8,11:16057,1539
> 3:True:8,9:16057,1539
> 4:False:8,11:16057,1539
> 5:False:8,11:16057,1539
rovers-suboptimal-old-noisy/50/rovers_noisy_p01_hyp-1_50_1.tar.bz2:0.556392908096:0.04283575:0.55
> 0:True:6,8:8182,953
> 1:False:6,10:8182,953
> 2:False:6,11:8182,953
> 3:False:6,11:8182,953
> 4:False:7,11:8182,953
> 5:False:7,12:8182,953
rovers-suboptimal-old-noisy/50/rovers_noisy_p01_hyp-1_50_2.tar.bz2:0.557547092438:0.04240219:0.56
> 0:True:6,8:8182,953
> 1:False:6,9:8182,953
> 2:False:6,9:8182,953
> 3:False:6,9:8182,953
> 4:True:7,9:8182,953
> 5:False:7,11:8182,953
rovers-suboptimal-old-noisy/50/rovers_noisy_p01_hyp-1_50_3.tar.bz2:0.559156894684:0.04275344:0.56
> 0:True:6,8:8181,951
> 1:False:6,11:8181,951
> 2:False:6,11:8181,951
> 3:False:6,11:8181,951
> 4:False:7,11:8181,951
> 5:False:7,13:8181,951
rovers-suboptimal-old-noisy/50/rovers_noisy_p01_hyp-2_50_1.tar.bz2:0.558715820312:0.04269281:0.55
> 0:False:6,14:8182,953
> 1:True:6,11:8182,953
> 2:False:6,13:8182,953
> 3:False:6,16:8182,953
> 4:False:7,13:8182,953
> 5:False:7,14:8182,953
rovers-suboptimal-old-noisy/50/rovers_noisy_p01_hyp-2_50_2.tar.bz2:0.557687044144:0.04306922:0.56
> 0:False:6,13:8184,957
> 1:True:6,9:8184,957
> 2:False:6,12:8184,957
> 3:False:6,14:8184,957
> 4:False:7,12:8184,957
> 5:False:7,13:8184,957
rovers-suboptimal-old-noisy/50/rovers_noisy_p01_hyp-2_50_3.tar.bz2:0.552294969559:0.04272135:0.56
> 0:False:6,13:8183,955
> 1:True:6,9:8183,955
> 2:False:6,12:8183,955
> 3:False:6,15:8183,955
> 4:False:7,12:8183,955
> 5:False:7,14:8183,955
rovers-suboptimal-old-noisy/50/rovers_noisy_p01_hyp-3_50_1.tar.bz2:0.559503078461:0.04289763:0.56
> 0:False:6,14:8183,955
> 1:False:6,12:8183,955
> 2:True:6,10:8183,955
> 3:False:6,14:8183,955
> 4:True:7,11:8183,955
> 5:False:7,13:8183,955
rovers-suboptimal-old-noisy/50/rovers_noisy_p01_hyp-3_50_2.tar.bz2:0.556197881699:0.04252807:0.55
> 0:False:6,13:8183,955
> 1:True:6,10:8183,955
> 2:True:6,10:8183,955
> 3:False:6,12:8183,955
> 4:False:7,12:8183,955
> 5:False:7,12:8183,955
rovers-suboptimal-old-noisy/50/rovers_noisy_p01_hyp-3_50_3.tar.bz2:0.557037830353:0.04289332:0.56
> 0:False:6,12:8184,957
> 1:False:6,12:8184,957
> 2:True:6,10:8184,957
> 3:False:6,11:8184,957
> 4:False:7,12:8184,957
> 5:False:7,12:8184,957
rovers-suboptimal-old-noisy/50/rovers_noisy_p01_hyp-4_50_1.tar.bz2:0.555652141571:0.04238357:0.55
> 0:False:6,10:8181,951
> 1:False:6,12:8181,951
> 2:False:6,12:8181,951
> 3:True:6,8:8181,951
> 4:False:7,13:8181,951
> 5:False:7,10:8181,951
rovers-suboptimal-old-noisy/50/rovers_noisy_p01_hyp-4_50_2.tar.bz2:0.557052135468:0.04292914:0.57
> 0:False:6,11:8181,951
> 1:False:6,12:8181,951
> 2:False:6,10:8181,951
> 3:True:6,8:8181,951
> 4:False:7,13:8181,951
> 5:False:7,12:8181,951
rovers-suboptimal-old-noisy/50/rovers_noisy_p01_hyp-4_50_3.tar.bz2:0.557861804962:0.04218579:0.55
> 0:False:6,11:8182,953
> 1:False:6,11:8182,953
> 2:False:6,9:8182,953
> 3:True:6,8:8182,953
> 4:False:7,10:8182,953
> 5:False:7,11:8182,953
rovers-suboptimal-old-noisy/50/rovers_noisy_p02_hyp-1_50_1.tar.bz2:0.667530059814:0.0764903:0.68
> 0:True:8,11:16061,1547
> 1:False:8,16:16061,1547
> 2:False:8,14:16061,1547
> 3:False:8,14:16061,1547
> 4:False:8,18:16061,1547
> 5:False:8,13:16061,1547
rovers-suboptimal-old-noisy/50/rovers_noisy_p02_hyp-1_50_2.tar.bz2:0.674046993256:0.0768163:0.67
> 0:True:8,10:16061,1547
> 1:False:8,15:16061,1547
> 2:False:8,11:16061,1547
> 3:False:8,13:16061,1547
> 4:False:8,16:16061,1547
> 5:False:8,12:16061,1547
rovers-suboptimal-old-noisy/50/rovers_noisy_p02_hyp-1_50_3.tar.bz2:0.670387983322:0.0776678:0.68
> 0:True:8,12:16060,1545
> 1:False:8,16:16060,1545
> 2:False:8,13:16060,1545
> 3:False:8,14:16060,1545
> 4:False:8,18:16060,1545
> 5:False:8,15:16060,1545
rovers-suboptimal-old-noisy/50/rovers_noisy_p02_hyp-2_50_1.tar.bz2:0.672730922699:0.077233:0.68
> 0:False:8,15:16062,1549
> 1:True:8,12:16062,1549
> 2:False:8,15:16062,1549
> 3:False:8,14:16062,1549
> 4:False:8,13:16062,1549
> 5:False:8,15:16062,1549
rovers-suboptimal-old-noisy/50/rovers_noisy_p02_hyp-2_50_2.tar.bz2:0.673382043839:0.0784086:0.67
> 0:False:8,14:16062,1549
> 1:True:8,12:16062,1549
> 2:False:8,15:16062,1549
> 3:True:8,12:16062,1549
> 4:False:8,15:16062,1549
> 5:False:8,17:16062,1549
rovers-suboptimal-old-noisy/50/rovers_noisy_p02_hyp-2_50_3.tar.bz2:0.671616077423:0.0781045:0.67
> 0:False:8,15:16061,1547
> 1:True:8,12:16061,1547
> 2:False:8,16:16061,1547
> 3:False:8,14:16061,1547
> 4:False:8,16:16061,1547
> 5:False:8,18:16061,1547
rovers-suboptimal-old-noisy/50/rovers_noisy_p02_hyp-3_50_1.tar.bz2:0.671170949936:0.0770823:0.67
> 0:False:8,15:16062,1549
> 1:False:8,19:16062,1549
> 2:True:8,14:16062,1549
> 3:False:8,16:16062,1549
> 4:False:8,19:16062,1549
> 5:False:8,17:16062,1549
rovers-suboptimal-old-noisy/50/rovers_noisy_p02_hyp-3_50_2.tar.bz2:0.670118093491:0.0769056:0.67
> 0:False:8,14:16062,1549
> 1:False:8,17:16062,1549
> 2:True:8,12:16062,1549
> 3:False:8,15:16062,1549
> 4:False:8,16:16062,1549
> 5:False:8,14:16062,1549
rovers-suboptimal-old-noisy/50/rovers_noisy_p02_hyp-3_50_3.tar.bz2:0.668784141541:0.0769069:0.67
> 0:False:8,14:16063,1551
> 1:False:8,16:16063,1551
> 2:True:8,13:16063,1551
> 3:False:8,14:16063,1551
> 4:False:8,16:16063,1551
> 5:False:8,14:16063,1551
rovers-suboptimal-old-noisy/50/rovers_noisy_p02_hyp-4_50_1.tar.bz2:0.668981075287:0.0762735:0.67
> 0:False:8,14:16062,1549
> 1:False:8,16:16062,1549
> 2:False:8,15:16062,1549
> 3:True:8,13:16062,1549
> 4:False:8,17:16062,1549
> 5:False:8,16:16062,1549
rovers-suboptimal-old-noisy/50/rovers_noisy_p02_hyp-4_50_2.tar.bz2:0.668334007263:0.0772785:0.67
> 0:False:8,16:16060,1545
> 1:False:8,15:16060,1545
> 2:False:8,16:16060,1545
> 3:True:8,13:16060,1545
> 4:False:8,19:16060,1545
> 5:False:8,19:16060,1545
rovers-suboptimal-old-noisy/50/rovers_noisy_p02_hyp-4_50_3.tar.bz2:0.66789484024:0.0765565:0.67
> 0:False:8,15:16062,1549
> 1:False:8,14:16062,1549
> 2:False:8,15:16062,1549
> 3:True:8,12:16062,1549
> 4:False:8,18:16062,1549
> 5:False:8,17:16062,1549
rovers-suboptimal-old-noisy/50/rovers_noisy_p03_hyp-1_50_1.tar.bz2:0.670830011368:0.0767745:0.68
> 0:True:8,12:16059,1543
> 1:False:8,14:16059,1543
> 2:False:8,15:16059,1543
> 3:False:8,13:16059,1543
> 4:False:8,14:16059,1543
> 5:False:8,14:16059,1543
rovers-suboptimal-old-noisy/50/rovers_noisy_p03_hyp-1_50_2.tar.bz2:0.667865991592:0.0762089:0.67
> 0:True:8,11:16060,1545
> 1:False:8,17:16060,1545
> 2:False:8,18:16060,1545
> 3:False:8,15:16060,1545
> 4:False:8,15:16060,1545
> 5:False:8,17:16060,1545
rovers-suboptimal-old-noisy/50/rovers_noisy_p03_hyp-1_50_3.tar.bz2:0.668169021606:0.0761434:0.67
> 0:True:8,11:16060,1545
> 1:False:8,16:16060,1545
> 2:False:8,18:16060,1545
> 3:False:8,15:16060,1545
> 4:False:8,15:16060,1545
> 5:False:8,16:16060,1545
rovers-suboptimal-old-noisy/50/rovers_noisy_p03_hyp-2_50_1.tar.bz2:0.670742988586:0.0762819:0.67
> 0:False:8,16:16061,1547
> 1:True:8,14:16061,1547
> 2:False:8,17:16061,1547
> 3:False:8,16:16061,1547
> 4:False:8,16:16061,1547
> 5:False:8,19:16061,1547
rovers-suboptimal-old-noisy/50/rovers_noisy_p03_hyp-2_50_2.tar.bz2:0.671848058701:0.0756626:0.67
> 0:False:8,16:16061,1547
> 1:True:8,14:16061,1547
> 2:False:8,18:16061,1547
> 3:False:8,15:16061,1547
> 4:False:8,15:16061,1547
> 5:False:8,19:16061,1547
rovers-suboptimal-old-noisy/50/rovers_noisy_p03_hyp-2_50_3.tar.bz2:0.67263507843:0.0767629:0.68
> 0:False:8,18:16060,1545
> 1:True:8,15:16060,1545
> 2:False:8,18:16060,1545
> 3:False:8,17:16060,1545
> 4:False:8,18:16060,1545
> 5:False:8,20:16060,1545
rovers-suboptimal-old-noisy/50/rovers_noisy_p03_hyp-3_50_1.tar.bz2:0.66840004921:0.0755603:0.67
> 0:False:8,16:16061,1547
> 1:False:8,14:16061,1547
> 2:True:8,13:16061,1547
> 3:False:8,16:16061,1547
> 4:False:8,16:16061,1547
> 5:False:8,15:16061,1547
rovers-suboptimal-old-noisy/50/rovers_noisy_p03_hyp-3_50_2.tar.bz2:0.671439886093:0.0770956:0.68
> 0:False:8,17:16062,1549
> 1:False:8,16:16062,1549
> 2:True:8,13:16062,1549
> 3:False:8,16:16062,1549
> 4:False:8,17:16062,1549
> 5:False:8,15:16062,1549
rovers-suboptimal-old-noisy/50/rovers_noisy_p03_hyp-3_50_3.tar.bz2:0.673043966293:0.0775097:0.67
> 0:False:8,19:16062,1549
> 1:False:8,15:16062,1549
> 2:True:8,14:16062,1549
> 3:False:8,15:16062,1549
> 4:False:8,18:16062,1549
> 5:False:8,18:16062,1549
rovers-suboptimal-old-noisy/50/rovers_noisy_p03_hyp-4_50_1.tar.bz2:0.673094987869:0.0760903:0.67
> 0:False:8,12:16061,1547
> 1:False:8,13:16061,1547
> 2:False:8,15:16061,1547
> 3:True:8,11:16061,1547
> 4:False:8,13:16061,1547
> 5:False:8,17:16061,1547
rovers-suboptimal-old-noisy/50/rovers_noisy_p03_hyp-4_50_2.tar.bz2:0.667428970337:0.0761619:0.67
> 0:False:8,16:16059,1543
> 1:False:8,15:16059,1543
> 2:False:8,16:16059,1543
> 3:True:8,13:16059,1543
> 4:False:8,17:16059,1543
> 5:False:8,19:16059,1543
rovers-suboptimal-old-noisy/50/rovers_noisy_p03_hyp-4_50_3.tar.bz2:0.670384883881:0.0763725:0.66
> 0:False:8,14:16060,1545
> 1:False:8,15:16060,1545
> 2:False:8,15:16060,1545
> 3:True:8,12:16060,1545
> 4:False:8,16:16060,1545
> 5:False:8,17:16060,1545
rovers-suboptimal-old-noisy/70/rovers_noisy_p01_hyp-1_70_1.tar.bz2:0.555786848068:0.04249978:0.55
> 0:True:6,9:8184,957
> 1:False:6,14:8184,957
> 2:False:6,14:8184,957
> 3:False:6,13:8184,957
> 4:False:7,14:8184,957
> 5:False:7,14:8184,957
rovers-suboptimal-old-noisy/70/rovers_noisy_p01_hyp-1_70_2.tar.bz2:0.559930086136:0.04188675:0.57
> 0:True:6,10:8182,953
> 1:False:6,14:8182,953
> 2:False:6,14:8182,953
> 3:False:6,14:8182,953
> 4:False:7,15:8182,953
> 5:False:7,17:8182,953
rovers-suboptimal-old-noisy/70/rovers_noisy_p01_hyp-1_70_3.tar.bz2:0.553352832794:0.04156076:0.54
> 0:True:6,9:8183,955
> 1:False:6,14:8183,955
> 2:False:6,14:8183,955
> 3:False:6,14:8183,955
> 4:False:7,14:8183,955
> 5:False:7,16:8183,955
rovers-suboptimal-old-noisy/70/rovers_noisy_p01_hyp-2_70_1.tar.bz2:0.559129953384:0.04313696:0.57
> 0:False:6,15:8184,957
> 1:True:6,11:8184,957
> 2:False:6,14:8184,957
> 3:False:6,17:8184,957
> 4:False:7,14:8184,957
> 5:False:7,17:8184,957
rovers-suboptimal-old-noisy/70/rovers_noisy_p01_hyp-2_70_2.tar.bz2:0.559896945953:0.04338073:0.56
> 0:False:6,13:8186,961
> 1:True:6,10:8186,961
> 2:False:6,12:8186,961
> 3:False:6,15:8186,961
> 4:False:7,12:8186,961
> 5:False:7,14:8186,961
rovers-suboptimal-old-noisy/70/rovers_noisy_p01_hyp-2_70_3.tar.bz2:0.558226108551:0.04204463:0.56
> 0:False:6,15:8183,955
> 1:True:6,11:8183,955
> 2:False:6,13:8183,955
> 3:False:6,16:8183,955
> 4:False:7,13:8183,955
> 5:False:7,15:8183,955
rovers-suboptimal-old-noisy/70/rovers_noisy_p01_hyp-3_70_1.tar.bz2:0.553895950317:0.04268602:0.57
> 0:False:6,13:8185,959
> 1:False:6,12:8185,959
> 2:True:6,10:8185,959
> 3:False:6,14:8185,959
> 4:False:7,13:8185,959
> 5:False:7,14:8185,959
rovers-suboptimal-old-noisy/70/rovers_noisy_p01_hyp-3_70_2.tar.bz2:0.560477972031:0.04204247:0.56
> 0:False:6,15:8184,957
> 1:False:6,13:8184,957
> 2:True:6,10:8184,957
> 3:False:6,15:8184,957
> 4:False:7,13:8184,957
> 5:False:7,15:8184,957
rovers-suboptimal-old-noisy/70/rovers_noisy_p01_hyp-3_70_3.tar.bz2:0.559752941132:0.04321727:0.56
> 0:False:6,15:8184,957
> 1:False:6,13:8184,957
> 2:True:6,11:8184,957
> 3:False:6,15:8184,957
> 4:False:7,13:8184,957
> 5:False:7,15:8184,957
rovers-suboptimal-old-noisy/70/rovers_noisy_p01_hyp-4_70_1.tar.bz2:0.557507991791:0.0429093:0.55
> 0:False:6,13:8184,957
> 1:False:6,15:8184,957
> 2:False:6,13:8184,957
> 3:True:6,8:8184,957
> 4:False:7,15:8184,957
> 5:False:7,14:8184,957
rovers-suboptimal-old-noisy/70/rovers_noisy_p01_hyp-4_70_2.tar.bz2:0.555613040924:0.04213456:0.55
> 0:False:6,15:8182,953
> 1:False:6,16:8182,953
> 2:False:6,14:8182,953
> 3:True:6,10:8182,953
> 4:False:7,17:8182,953
> 5:False:7,15:8182,953
rovers-suboptimal-old-noisy/70/rovers_noisy_p01_hyp-4_70_3.tar.bz2:0.555913209915:0.0427388:0.56
> 0:False:6,12:8184,957
> 1:False:6,14:8184,957
> 2:False:6,13:8184,957
> 3:True:6,10:8184,957
> 4:False:7,15:8184,957
> 5:False:7,14:8184,957
rovers-suboptimal-old-noisy/70/rovers_noisy_p02_hyp-1_70_1.tar.bz2:0.673800945282:0.0776976:0.67
> 0:True:8,12:16063,1551
> 1:False:8,17:16063,1551
> 2:False:8,14:16063,1551
> 3:False:8,15:16063,1551
> 4:False:8,17:16063,1551
> 5:False:8,14:16063,1551
rovers-suboptimal-old-noisy/70/rovers_noisy_p02_hyp-1_70_2.tar.bz2:0.672372102737:0.0776756:0.68
> 0:True:8,12:16063,1551
> 1:False:8,16:16063,1551
> 2:False:8,13:16063,1551
> 3:False:8,15:16063,1551
> 4:False:8,17:16063,1551
> 5:False:8,13:16063,1551
rovers-suboptimal-old-noisy/70/rovers_noisy_p02_hyp-1_70_3.tar.bz2:0.669664144516:0.0770048:0.66
> 0:True:8,12:16062,1549
> 1:False:8,17:16062,1549
> 2:False:8,13:16062,1549
> 3:False:8,14:16062,1549
> 4:False:8,18:16062,1549
> 5:False:8,14:16062,1549
rovers-suboptimal-old-noisy/70/rovers_noisy_p02_hyp-2_70_1.tar.bz2:0.672161102295:0.0783696:0.68
> 0:False:8,18:16066,1557
> 1:True:8,15:16066,1557
> 2:False:8,19:16066,1557
> 3:False:8,17:16066,1557
> 4:False:8,17:16066,1557
> 5:False:8,18:16066,1557
rovers-suboptimal-old-noisy/70/rovers_noisy_p02_hyp-2_70_2.tar.bz2:0.673390865326:0.0769003:0.67
> 0:False:8,21:16063,1551
> 1:True:8,17:16063,1551
> 2:False:8,21:16063,1551
> 3:False:8,19:16063,1551
> 4:False:8,20:16063,1551
> 5:False:8,21:16063,1551
rovers-suboptimal-old-noisy/70/rovers_noisy_p02_hyp-2_70_3.tar.bz2:0.671902894974:0.0783896:0.67
> 0:False:8,19:16067,1559
> 1:True:8,16:16067,1559
> 2:False:8,20:16067,1559
> 3:False:8,17:16067,1559
> 4:False:8,19:16067,1559
> 5:False:8,21:16067,1559
rovers-suboptimal-old-noisy/70/rovers_noisy_p02_hyp-3_70_1.tar.bz2:0.670167922974:0.0777093:0.67
> 0:False:8,16:16066,1557
> 1:False:8,21:16066,1557
> 2:True:8,14:16066,1557
> 3:False:8,18:16066,1557
> 4:False:8,21:16066,1557
> 5:False:8,18:16066,1557
rovers-suboptimal-old-noisy/70/rovers_noisy_p02_hyp-3_70_2.tar.bz2:0.672399997711:0.0772448:0.67
> 0:False:8,18:16064,1553
> 1:False:8,21:16064,1553
> 2:True:8,16:16064,1553
> 3:False:8,19:16064,1553
> 4:False:8,22:16064,1553
> 5:False:8,20:16064,1553
rovers-suboptimal-old-noisy/70/rovers_noisy_p02_hyp-3_70_3.tar.bz2:0.666647195816:0.0762977:0.66
> 0:False:8,18:16064,1553
> 1:False:8,21:16064,1553
> 2:True:8,16:16064,1553
> 3:False:8,18:16064,1553
> 4:False:8,20:16064,1553
> 5:False:8,19:16064,1553
rovers-suboptimal-old-noisy/70/rovers_noisy_p02_hyp-4_70_1.tar.bz2:0.667653083801:0.0765406:0.67
> 0:False:8,19:16064,1553
> 1:False:8,18:16064,1553
> 2:False:8,19:16064,1553
> 3:True:8,15:16064,1553
> 4:False:8,22:16064,1553
> 5:False:8,22:16064,1553
rovers-suboptimal-old-noisy/70/rovers_noisy_p02_hyp-4_70_2.tar.bz2:0.664932966232:0.0764199:0.66
> 0:False:8,18:16064,1553
> 1:False:8,19:16064,1553
> 2:False:8,18:16064,1553
> 3:True:8,16:16064,1553
> 4:False:8,21:16064,1553
> 5:False:8,20:16064,1553
rovers-suboptimal-old-noisy/70/rovers_noisy_p02_hyp-4_70_3.tar.bz2:0.670078039169:0.0765095:0.67
> 0:False:8,16:16066,1557
> 1:False:8,17:16066,1557
> 2:False:8,17:16066,1557
> 3:True:8,14:16066,1557
> 4:False:8,19:16066,1557
> 5:False:8,20:16066,1557
rovers-suboptimal-old-noisy/70/rovers_noisy_p03_hyp-1_70_1.tar.bz2:0.667754888535:0.0771966:0.66
> 0:True:8,11:16061,1547
> 1:False:8,14:16061,1547
> 2:False:8,17:16061,1547
> 3:False:8,13:16061,1547
> 4:False:8,13:16061,1547
> 5:False:8,17:16061,1547
rovers-suboptimal-old-noisy/70/rovers_noisy_p03_hyp-1_70_2.tar.bz2:0.669271945953:0.0774714:0.67
> 0:True:8,11:16061,1547
> 1:False:8,14:16061,1547
> 2:False:8,17:16061,1547
> 3:False:8,13:16061,1547
> 4:False:8,15:16061,1547
> 5:False:8,16:16061,1547
rovers-suboptimal-old-noisy/70/rovers_noisy_p03_hyp-1_70_3.tar.bz2:0.668771982193:0.0773821:0.67
> 0:True:8,11:16063,1551
> 1:False:8,15:16063,1551
> 2:False:8,17:16063,1551
> 3:False:8,13:16063,1551
> 4:False:8,15:16063,1551
> 5:False:8,17:16063,1551
rovers-suboptimal-old-noisy/70/rovers_noisy_p03_hyp-2_70_1.tar.bz2:0.665539979935:0.0758509:0.67
> 0:False:8,18:16065,1555
> 1:True:8,15:16065,1555
> 2:False:8,17:16065,1555
> 3:False:8,17:16065,1555
> 4:False:8,18:16065,1555
> 5:False:8,20:16065,1555
rovers-suboptimal-old-noisy/70/rovers_noisy_p03_hyp-2_70_2.tar.bz2:0.670675992966:0.0770888:0.67
> 0:False:8,21:16064,1553
> 1:True:8,16:16064,1553
> 2:False:8,20:16064,1553
> 3:False:8,20:16064,1553
> 4:False:8,20:16064,1553
> 5:False:8,24:16064,1553
rovers-suboptimal-old-noisy/70/rovers_noisy_p03_hyp-2_70_3.tar.bz2:0.664937019348:0.0760652:0.67
> 0:False:8,21:16065,1555
> 1:True:8,16:16065,1555
> 2:False:8,19:16065,1555
> 3:False:8,20:16065,1555
> 4:False:8,20:16065,1555
> 5:False:8,23:16065,1555
rovers-suboptimal-old-noisy/70/rovers_noisy_p03_hyp-3_70_1.tar.bz2:0.671543121338:0.0779531:0.67
> 0:False:8,20:16066,1557
> 1:False:8,17:16066,1557
> 2:True:8,15:16066,1557
> 3:False:8,19:16066,1557
> 4:False:8,21:16066,1557
> 5:False:8,19:16066,1557
rovers-suboptimal-old-noisy/70/rovers_noisy_p03_hyp-3_70_2.tar.bz2:0.670299053192:0.077604:0.67
> 0:False:8,22:16065,1555
> 1:False:8,19:16065,1555
> 2:True:8,16:16065,1555
> 3:False:8,19:16065,1555
> 4:False:8,23:16065,1555
> 5:False:8,21:16065,1555
rovers-suboptimal-old-noisy/70/rovers_noisy_p03_hyp-3_70_3.tar.bz2:0.676177978516:0.0786279:0.69
> 0:False:8,20:16067,1559
> 1:False:8,17:16067,1559
> 2:True:8,14:16067,1559
> 3:False:8,17:16067,1559
> 4:False:8,21:16067,1559
> 5:False:8,19:16067,1559
rovers-suboptimal-old-noisy/70/rovers_noisy_p03_hyp-4_70_1.tar.bz2:0.671917915344:0.0760822:0.67
> 0:False:8,14:16062,1549
> 1:False:8,14:16062,1549
> 2:False:8,14:16062,1549
> 3:True:8,12:16062,1549
> 4:False:8,15:16062,1549
> 5:False:8,17:16062,1549
rovers-suboptimal-old-noisy/70/rovers_noisy_p03_hyp-4_70_2.tar.bz2:0.669715881348:0.0760924:0.67
> 0:False:8,14:16062,1549
> 1:False:8,14:16062,1549
> 2:False:8,15:16062,1549
> 3:True:8,11:16062,1549
> 4:False:8,15:16062,1549
> 5:False:8,17:16062,1549
rovers-suboptimal-old-noisy/70/rovers_noisy_p03_hyp-4_70_3.tar.bz2:0.670166015625:0.0766702:0.66
> 0:False:8,14:16061,1547
> 1:False:8,14:16061,1547
> 2:False:8,16:16061,1547
> 3:True:8,12:16061,1547
> 4:False:8,16:16061,1547
> 5:False:8,19:16061,1547
rovers-suboptimal-old-noisy/100/rovers_noisy_p01_hyp-1_full_1.tar.bz2:0.559346914291:0.04335246:0.56
> 0:True:6,9:8187,963
> 1:False:6,14:8187,963
> 2:False:6,14:8187,963
> 3:False:6,14:8187,963
> 4:False:7,14:8187,963
> 5:False:7,16:8187,963
rovers-suboptimal-old-noisy/100/rovers_noisy_p01_hyp-1_full_2.tar.bz2:0.558482885361:0.04345928:0.55
> 0:True:6,9:8186,961
> 1:False:6,13:8186,961
> 2:False:6,13:8186,961
> 3:False:6,14:8186,961
> 4:False:7,14:8186,961
> 5:False:7,15:8186,961
rovers-suboptimal-old-noisy/100/rovers_noisy_p01_hyp-1_full_3.tar.bz2:0.557183980942:0.0433666:0.57
> 0:True:6,9:8186,961
> 1:False:6,14:8186,961
> 2:False:6,14:8186,961
> 3:False:6,13:8186,961
> 4:False:7,14:8186,961
> 5:False:7,15:8186,961
rovers-suboptimal-old-noisy/100/rovers_noisy_p01_hyp-2_full_1.tar.bz2:0.558964014053:0.0434221:0.56
> 0:False:6,16:8188,965
> 1:True:6,11:8188,965
> 2:False:6,14:8188,965
> 3:False:6,18:8188,965
> 4:False:7,14:8188,965
> 5:False:7,17:8188,965
rovers-suboptimal-old-noisy/100/rovers_noisy_p01_hyp-2_full_2.tar.bz2:0.55836391449:0.04302014:0.56
> 0:False:6,15:8186,961
> 1:True:6,11:8186,961
> 2:False:6,13:8186,961
> 3:False:6,17:8186,961
> 4:False:7,14:8186,961
> 5:False:7,16:8186,961
rovers-suboptimal-old-noisy/100/rovers_noisy_p01_hyp-2_full_3.tar.bz2:0.55838394165:0.04332388:0.57
> 0:False:6,16:8187,963
> 1:True:6,11:8187,963
> 2:False:6,14:8187,963
> 3:False:6,18:8187,963
> 4:False:7,14:8187,963
> 5:False:7,17:8187,963
rovers-suboptimal-old-noisy/100/rovers_noisy_p01_hyp-3_full_1.tar.bz2:0.554512023926:0.04337241:0.55
> 0:False:6,15:8188,965
> 1:False:6,14:8188,965
> 2:True:6,11:8188,965
> 3:False:6,16:8188,965
> 4:False:7,14:8188,965
> 5:False:7,17:8188,965
rovers-suboptimal-old-noisy/100/rovers_noisy_p01_hyp-3_full_2.tar.bz2:0.551999092102:0.04203354:0.56
> 0:False:6,16:8186,961
> 1:False:6,14:8186,961
> 2:True:6,11:8186,961
> 3:False:6,16:8186,961
> 4:False:7,14:8186,961
> 5:False:7,17:8186,961
rovers-suboptimal-old-noisy/100/rovers_noisy_p01_hyp-3_full_3.tar.bz2:0.562824010849:0.04304645:0.56
> 0:False:6,16:8187,963
> 1:False:6,14:8187,963
> 2:True:6,11:8187,963
> 3:False:6,16:8187,963
> 4:False:7,13:8187,963
> 5:False:7,17:8187,963
rovers-suboptimal-old-noisy/100/rovers_noisy_p01_hyp-4_full_1.tar.bz2:0.559120893478:0.04347638:0.56
> 0:False:6,13:8187,963
> 1:False:6,15:8187,963
> 2:False:6,13:8187,963
> 3:True:6,9:8187,963
> 4:False:7,16:8187,963
> 5:False:7,14:8187,963
rovers-suboptimal-old-noisy/100/rovers_noisy_p01_hyp-4_full_2.tar.bz2:0.558251857758:0.04342029:0.55
> 0:False:6,14:8187,963
> 1:False:6,16:8187,963
> 2:False:6,14:8187,963
> 3:True:6,9:8187,963
> 4:False:7,16:8187,963
> 5:False:7,14:8187,963
rovers-suboptimal-old-noisy/100/rovers_noisy_p01_hyp-4_full_3.tar.bz2:0.559354066849:0.04293472:0.55
> 0:False:6,14:8186,961
> 1:False:6,16:8186,961
> 2:False:6,14:8186,961
> 3:True:6,9:8186,961
> 4:False:7,15:8186,961
> 5:False:7,14:8186,961
rovers-suboptimal-old-noisy/100/rovers_noisy_p02_hyp-1_full_1.tar.bz2:0.669986963272:0.0768735:0.67
> 0:True:8,12:16067,1559
> 1:False:8,17:16067,1559
> 2:False:8,14:16067,1559
> 3:False:8,15:16067,1559
> 4:False:8,19:16067,1559
> 5:False:8,16:16067,1559
rovers-suboptimal-old-noisy/100/rovers_noisy_p02_hyp-1_full_2.tar.bz2:0.670486927032:0.077695:0.66
> 0:True:8,12:16066,1557
> 1:False:8,18:16066,1557
> 2:False:8,14:16066,1557
> 3:False:8,15:16066,1557
> 4:False:8,20:16066,1557
> 5:False:8,16:16066,1557
rovers-suboptimal-old-noisy/100/rovers_noisy_p02_hyp-1_full_3.tar.bz2:0.673290014267:0.0774912:0.67
> 0:True:8,12:16067,1559
> 1:False:8,18:16067,1559
> 2:False:8,14:16067,1559
> 3:False:8,16:16067,1559
> 4:False:8,20:16067,1559
> 5:False:8,16:16067,1559
rovers-suboptimal-old-noisy/100/rovers_noisy_p02_hyp-2_full_1.tar.bz2:0.672387838364:0.0772678:0.67
> 0:False:8,21:16067,1559
> 1:True:8,16:16067,1559
> 2:False:8,22:16067,1559
> 3:False:8,18:16067,1559
> 4:False:8,20:16067,1559
> 5:False:8,23:16067,1559
rovers-suboptimal-old-noisy/100/rovers_noisy_p02_hyp-2_full_2.tar.bz2:0.674148797989:0.0804938:0.68
> 0:False:8,21:16071,1567
> 1:True:8,16:16071,1567
> 2:False:8,21:16071,1567
> 3:False:8,18:16071,1567
> 4:False:8,19:16071,1567
> 5:False:8,23:16071,1567
rovers-suboptimal-old-noisy/100/rovers_noisy_p02_hyp-2_full_3.tar.bz2:0.670888900757:0.0786549:0.67
> 0:False:8,21:16069,1563
> 1:True:8,16:16069,1563
> 2:False:8,22:16069,1563
> 3:False:8,18:16069,1563
> 4:False:8,20:16069,1563
> 5:False:8,23:16069,1563
rovers-suboptimal-old-noisy/100/rovers_noisy_p02_hyp-3_full_1.tar.bz2:0.670542955399:0.0775146:0.68
> 0:False:8,18:16069,1563
> 1:False:8,22:16069,1563
> 2:True:8,16:16069,1563
> 3:False:8,20:16069,1563
> 4:False:8,22:16069,1563
> 5:False:8,20:16069,1563
rovers-suboptimal-old-noisy/100/rovers_noisy_p02_hyp-3_full_2.tar.bz2:0.673290967941:0.0778297:0.67
> 0:False:8,18:16069,1563
> 1:False:8,22:16069,1563
> 2:True:8,16:16069,1563
> 3:False:8,20:16069,1563
> 4:False:8,22:16069,1563
> 5:False:8,19:16069,1563
rovers-suboptimal-old-noisy/100/rovers_noisy_p02_hyp-3_full_3.tar.bz2:0.673023939133:0.0778917:0.66
> 0:False:8,18:16070,1565
> 1:False:8,22:16070,1565
> 2:True:8,16:16070,1565
> 3:False:8,20:16070,1565
> 4:False:8,22:16070,1565
> 5:False:8,19:16070,1565
rovers-suboptimal-old-noisy/100/rovers_noisy_p02_hyp-4_full_1.tar.bz2:0.67532491684:0.078142:0.67
> 0:False:8,20:16068,1561
> 1:False:8,18:16068,1561
> 2:False:8,20:16068,1561
> 3:True:8,16:16068,1561
> 4:False:8,22:16068,1561
> 5:False:8,24:16068,1561
rovers-suboptimal-old-noisy/100/rovers_noisy_p02_hyp-4_full_2.tar.bz2:0.67140007019:0.0773037:0.68
> 0:False:8,19:16068,1561
> 1:False:8,18:16068,1561
> 2:False:8,19:16068,1561
> 3:True:8,16:16068,1561
> 4:False:8,22:16068,1561
> 5:False:8,22:16068,1561
rovers-suboptimal-old-noisy/100/rovers_noisy_p02_hyp-4_full_3.tar.bz2:0.672003984451:0.0778366:0.67
> 0:False:8,20:16070,1565
> 1:False:8,19:16070,1565
> 2:False:8,20:16070,1565
> 3:True:8,16:16070,1565
> 4:False:8,23:16070,1565
> 5:False:8,24:16070,1565
rovers-suboptimal-old-noisy/100/rovers_noisy_p03_hyp-1_full_1.tar.bz2:0.668751001358:0.0773391:0.66
> 0:True:8,12:16066,1557
> 1:False:8,17:16066,1557
> 2:False:8,19:16066,1557
> 3:False:8,16:16066,1557
> 4:False:8,16:16066,1557
> 5:False:8,18:16066,1557
rovers-suboptimal-old-noisy/100/rovers_noisy_p03_hyp-1_full_2.tar.bz2:0.670793056488:0.0778325:0.67
> 0:True:8,12:16064,1553
> 1:False:8,17:16064,1553
> 2:False:8,20:16064,1553
> 3:False:8,16:16064,1553
> 4:False:8,16:16064,1553
> 5:False:8,18:16064,1553
rovers-suboptimal-old-noisy/100/rovers_noisy_p03_hyp-1_full_3.tar.bz2:0.674278974533:0.0777982:0.67
> 0:True:8,12:16066,1557
> 1:False:8,17:16066,1557
> 2:False:8,19:16066,1557
> 3:False:8,16:16066,1557
> 4:False:8,16:16066,1557
> 5:False:8,18:16066,1557
rovers-suboptimal-old-noisy/100/rovers_noisy_p03_hyp-2_full_1.tar.bz2:0.672698020935:0.0781577:0.67
> 0:False:8,21:16069,1563
> 1:True:8,16:16069,1563
> 2:False:8,19:16069,1563
> 3:False:8,19:16069,1563
> 4:False:8,20:16069,1563
> 5:False:8,23:16069,1563
rovers-suboptimal-old-noisy/100/rovers_noisy_p03_hyp-2_full_2.tar.bz2:0.670879125595:0.0752104:0.67
> 0:False:8,21:16066,1557
> 1:True:8,16:16066,1557
> 2:False:8,21:16066,1557
> 3:False:8,20:16066,1557
> 4:False:8,20:16066,1557
> 5:False:8,25:16066,1557
rovers-suboptimal-old-noisy/100/rovers_noisy_p03_hyp-2_full_3.tar.bz2:0.67395401001:0.0778282:0.66
> 0:False:8,21:16068,1561
> 1:True:8,16:16068,1561
> 2:False:8,20:16068,1561
> 3:False:8,19:16068,1561
> 4:False:8,20:16068,1561
> 5:False:8,25:16068,1561
rovers-suboptimal-old-noisy/100/rovers_noisy_p03_hyp-3_full_1.tar.bz2:0.67364692688:0.0784139:0.68
> 0:False:8,23:16069,1563
> 1:False:8,20:16069,1563
> 2:True:8,16:16069,1563
> 3:False:8,20:16069,1563
> 4:False:8,24:16069,1563
> 5:False:8,22:16069,1563
rovers-suboptimal-old-noisy/100/rovers_noisy_p03_hyp-3_full_2.tar.bz2:0.672340869904:0.0776937:0.67
> 0:False:8,22:16069,1563
> 1:False:8,19:16069,1563
> 2:True:8,16:16069,1563
> 3:False:8,19:16069,1563
> 4:False:8,23:16069,1563
> 5:False:8,22:16069,1563
rovers-suboptimal-old-noisy/100/rovers_noisy_p03_hyp-3_full_3.tar.bz2:0.669642925262:0.0782498:0.67
> 0:False:8,22:16071,1567
> 1:False:8,19:16071,1567
> 2:True:8,16:16071,1567
> 3:False:8,19:16071,1567
> 4:False:8,22:16071,1567
> 5:False:8,21:16071,1567
rovers-suboptimal-old-noisy/100/rovers_noisy_p03_hyp-4_full_1.tar.bz2:0.670970916748:0.076493:0.67
> 0:False:8,15:16067,1559
> 1:False:8,15:16067,1559
> 2:False:8,16:16067,1559
> 3:True:8,12:16067,1559
> 4:False:8,17:16067,1559
> 5:False:8,19:16067,1559
rovers-suboptimal-old-noisy/100/rovers_noisy_p03_hyp-4_full_2.tar.bz2:0.6736972332:0.0779719:0.67
> 0:False:8,16:16067,1559
> 1:False:8,15:16067,1559
> 2:False:8,16:16067,1559
> 3:True:8,12:16067,1559
> 4:False:8,18:16067,1559
> 5:False:8,20:16067,1559
rovers-suboptimal-old-noisy/100/rovers_noisy_p03_hyp-4_full_3.tar.bz2:0.670042037964:0.0771895:0.67
> 0:False:8,15:16065,1555
> 1:False:8,16:16065,1555
> 2:False:8,16:16065,1555
> 3:True:8,12:16065,1555
> 4:False:8,18:16065,1555
> 5:False:8,20:16065,1555
