rovers-optimal-old-noisy/10/rovers_noisy_p01_hyp-1_10_1.tar.bz2:0.543459892273:0.03635567:0.55
> 0:True:6,7:8177,892
> 1:True:6,7:8177,892
> 2:True:6,7:8177,892
> 3:True:6,7:8177,892
> 4:True:7,8:8177,892
> 5:True:7,8:8177,892
rovers-optimal-old-noisy/10/rovers_noisy_p01_hyp-1_10_2.tar.bz2:0.544517040253:0.0363928:0.54
> 0:True:6,7:8177,892
> 1:True:6,7:8177,892
> 2:True:6,7:8177,892
> 3:True:6,7:8177,892
> 4:True:7,8:8177,892
> 5:True:7,8:8177,892
rovers-optimal-old-noisy/10/rovers_noisy_p01_hyp-1_10_3.tar.bz2:0.544807910919:0.03627038:0.54
> 0:True:6,7:8177,892
> 1:True:6,7:8177,892
> 2:True:6,7:8177,892
> 3:False:6,9:8177,892
> 4:True:7,8:8177,892
> 5:False:7,9:8177,892
rovers-optimal-old-noisy/10/rovers_noisy_p01_hyp-2_10_1.tar.bz2:0.546853065491:0.03659434:0.54
> 0:False:6,7:8177,892
> 1:False:6,7:8177,892
> 2:False:6,7:8177,892
> 3:False:6,7:8177,892
> 4:True:7,7:8177,892
> 5:True:7,7:8177,892
rovers-optimal-old-noisy/10/rovers_noisy_p01_hyp-2_10_2.tar.bz2:0.543622016907:0.03642591:0.55
> 0:False:6,7:8177,892
> 1:False:6,7:8177,892
> 2:False:6,7:8177,892
> 3:False:6,7:8177,892
> 4:True:7,7:8177,892
> 5:True:7,7:8177,892
rovers-optimal-old-noisy/10/rovers_noisy_p01_hyp-2_10_3.tar.bz2:0.542018175125:0.03655741:0.54
> 0:True:6,7:8177,892
> 1:True:6,7:8177,892
> 2:True:6,7:8177,892
> 3:False:6,9:8177,892
> 4:True:7,8:8177,892
> 5:False:7,9:8177,892
rovers-optimal-old-noisy/10/rovers_noisy_p01_hyp-3_10_1.tar.bz2:0.54435801506:0.03626714:0.53
> 0:True:6,7:8177,892
> 1:True:6,7:8177,892
> 2:True:6,7:8177,892
> 3:False:6,9:8177,892
> 4:True:7,8:8177,892
> 5:False:7,9:8177,892
rovers-optimal-old-noisy/10/rovers_noisy_p01_hyp-3_10_2.tar.bz2:0.545094966888:0.03663568:0.54
> 0:False:6,7:8177,892
> 1:False:6,7:8177,892
> 2:False:6,7:8177,892
> 3:False:6,7:8177,892
> 4:True:7,7:8177,892
> 5:True:7,7:8177,892
rovers-optimal-old-noisy/10/rovers_noisy_p01_hyp-3_10_3.tar.bz2:0.542077064514:0.0362977:0.55
> 0:True:6,9:8178,893
> 1:True:6,9:8178,893
> 2:True:6,9:8178,893
> 3:True:6,9:8178,893
> 4:True:7,10:8178,893
> 5:True:7,10:8178,893
rovers-optimal-old-noisy/10/rovers_noisy_p01_hyp-4_10_1.tar.bz2:0.539958000183:0.03608581:0.54
> 0:True:6,9:8178,893
> 1:True:6,9:8178,893
> 2:True:6,9:8178,893
> 3:True:6,9:8178,893
> 4:True:7,10:8178,893
> 5:True:7,10:8178,893
rovers-optimal-old-noisy/10/rovers_noisy_p01_hyp-4_10_2.tar.bz2:0.544882059097:0.03637124:0.55
> 0:False:6,12:8178,893
> 1:False:6,12:8178,893
> 2:False:6,11:8178,893
> 3:False:6,11:8178,893
> 4:True:7,11:8178,893
> 5:False:7,12:8178,893
rovers-optimal-old-noisy/10/rovers_noisy_p01_hyp-4_10_3.tar.bz2:0.544065952301:0.03628577:0.54
> 0:False:6,9:8177,892
> 1:False:6,9:8177,892
> 2:True:6,7:8177,892
> 3:True:6,7:8177,892
> 4:False:7,10:8177,892
> 5:False:7,10:8177,892
rovers-optimal-old-noisy/10/rovers_noisy_p02_hyp-1_10_1.tar.bz2:0.653504133224:0.0640624:0.65
> 0:True:7,12:16055,1473
> 1:False:7,13:16055,1473
> 2:True:8,13:16055,1473
> 3:False:7,13:16055,1473
> 4:True:8,13:16055,1473
> 5:True:7,12:16055,1473
rovers-optimal-old-noisy/10/rovers_noisy_p02_hyp-1_10_2.tar.bz2:0.653059005737:0.0637841:0.66
> 0:False:7,10:16055,1473
> 1:False:7,11:16055,1473
> 2:True:8,10:16055,1473
> 3:False:7,10:16055,1473
> 4:False:8,12:16055,1473
> 5:False:7,12:16055,1473
rovers-optimal-old-noisy/10/rovers_noisy_p02_hyp-1_10_3.tar.bz2:0.644384145737:0.0630378:0.65
> 0:False:7,13:16055,1473
> 1:False:7,13:16055,1473
> 2:False:8,13:16055,1473
> 3:False:7,13:16055,1473
> 4:True:8,12:16055,1473
> 5:False:7,13:16055,1473
rovers-optimal-old-noisy/10/rovers_noisy_p02_hyp-2_10_1.tar.bz2:0.65190410614:0.0635724:0.65
> 0:False:7,10:16054,1472
> 1:False:7,10:16054,1472
> 2:True:8,10:16054,1472
> 3:False:7,10:16054,1472
> 4:True:8,10:16054,1472
> 5:False:7,10:16054,1472
rovers-optimal-old-noisy/10/rovers_noisy_p02_hyp-2_10_2.tar.bz2:0.650964021683:0.0636752:0.64
> 0:False:7,13:16055,1473
> 1:True:7,10:16055,1473
> 2:False:8,13:16055,1473
> 3:False:7,12:16055,1473
> 4:False:8,12:16055,1473
> 5:False:7,13:16055,1473
rovers-optimal-old-noisy/10/rovers_noisy_p02_hyp-2_10_3.tar.bz2:0.649055957794:0.0631983:0.65
> 0:False:7,12:16055,1473
> 1:True:7,11:16055,1473
> 2:True:8,12:16055,1473
> 3:False:7,12:16055,1473
> 4:True:8,12:16055,1473
> 5:False:7,12:16055,1473
rovers-optimal-old-noisy/10/rovers_noisy_p02_hyp-3_10_1.tar.bz2:0.650089025497:0.0646685:0.66
> 0:False:7,10:16054,1472
> 1:False:7,12:16054,1472
> 2:True:8,10:16054,1472
> 3:False:7,10:16054,1472
> 4:False:8,12:16054,1472
> 5:False:7,11:16054,1472
rovers-optimal-old-noisy/10/rovers_noisy_p02_hyp-3_10_2.tar.bz2:0.652996063232:0.063673:0.65
> 0:False:7,13:16055,1473
> 1:False:7,13:16055,1473
> 2:True:8,12:16055,1473
> 3:False:7,13:16055,1473
> 4:False:8,13:16055,1473
> 5:False:7,13:16055,1473
rovers-optimal-old-noisy/10/rovers_noisy_p02_hyp-3_10_3.tar.bz2:0.649181842804:0.063654:0.65
> 0:False:7,10:16054,1472
> 1:False:7,11:16054,1472
> 2:True:8,10:16054,1472
> 3:False:7,11:16054,1472
> 4:False:8,11:16054,1472
> 5:False:7,10:16054,1472
rovers-optimal-old-noisy/10/rovers_noisy_p02_hyp-4_10_1.tar.bz2:0.65110206604:0.0641696:0.65
> 0:False:7,9:16054,1472
> 1:False:7,9:16054,1472
> 2:True:8,9:16054,1472
> 3:False:7,9:16054,1472
> 4:True:8,9:16054,1472
> 5:True:7,8:16054,1472
rovers-optimal-old-noisy/10/rovers_noisy_p02_hyp-4_10_2.tar.bz2:0.64953494072:0.0636924:0.65
> 0:False:7,10:16054,1472
> 1:True:7,9:16054,1472
> 2:False:8,11:16054,1472
> 3:True:7,9:16054,1472
> 4:True:8,10:16054,1472
> 5:False:7,11:16054,1472
rovers-optimal-old-noisy/10/rovers_noisy_p02_hyp-4_10_3.tar.bz2:0.648893117905:0.0633937:0.65
> 0:False:7,14:16055,1473
> 1:True:7,13:16055,1473
> 2:True:8,14:16055,1473
> 3:True:7,13:16055,1473
> 4:True:8,14:16055,1473
> 5:False:7,14:16055,1473
rovers-optimal-old-noisy/10/rovers_noisy_p03_hyp-1_10_1.tar.bz2:0.652784824371:0.0640905:0.66
> 0:True:7,12:16055,1473
> 1:False:7,15:16055,1473
> 2:False:7,15:16055,1473
> 3:False:7,13:16055,1473
> 4:False:8,15:16055,1473
> 5:False:8,14:16055,1473
rovers-optimal-old-noisy/10/rovers_noisy_p03_hyp-1_10_2.tar.bz2:0.650949001312:0.0636123:0.65
> 0:True:7,10:16055,1473
> 1:False:7,12:16055,1473
> 2:False:7,12:16055,1473
> 3:False:7,12:16055,1473
> 4:True:8,11:16055,1473
> 5:False:8,12:16055,1473
rovers-optimal-old-noisy/10/rovers_noisy_p03_hyp-1_10_3.tar.bz2:0.649334192276:0.0630778:0.65
> 0:False:7,11:16055,1473
> 1:False:7,12:16055,1473
> 2:False:7,13:16055,1473
> 3:True:7,10:16055,1473
> 4:False:8,12:16055,1473
> 5:False:8,13:16055,1473
rovers-optimal-old-noisy/10/rovers_noisy_p03_hyp-2_10_1.tar.bz2:0.650455951691:0.0636735:0.64
> 0:True:7,11:16055,1473
> 1:True:7,11:16055,1473
> 2:True:7,11:16055,1473
> 3:True:7,11:16055,1473
> 4:True:8,12:16055,1473
> 5:True:8,12:16055,1473
rovers-optimal-old-noisy/10/rovers_noisy_p03_hyp-2_10_2.tar.bz2:0.65156006813:0.0632365:0.66
> 0:False:7,11:16055,1473
> 1:False:7,11:16055,1473
> 2:False:7,13:16055,1473
> 3:True:7,10:16055,1473
> 4:True:8,11:16055,1473
> 5:False:8,13:16055,1473
rovers-optimal-old-noisy/10/rovers_noisy_p03_hyp-2_10_3.tar.bz2:0.651553869247:0.0639685:0.64
> 0:True:7,7:16054,1472
> 1:True:7,7:16054,1472
> 2:False:7,9:16054,1472
> 3:True:7,7:16054,1472
> 4:True:8,8:16054,1472
> 5:False:8,10:16054,1472
rovers-optimal-old-noisy/10/rovers_noisy_p03_hyp-3_10_1.tar.bz2:0.655359983444:0.0640438:0.65
> 0:False:7,15:16055,1473
> 1:True:7,12:16055,1473
> 2:True:7,12:16055,1473
> 3:False:7,13:16055,1473
> 4:False:8,15:16055,1473
> 5:False:8,14:16055,1473
rovers-optimal-old-noisy/10/rovers_noisy_p03_hyp-3_10_2.tar.bz2:0.653620004654:0.0635458:0.66
> 0:True:7,10:16054,1472
> 1:True:7,10:16054,1472
> 2:True:7,10:16054,1472
> 3:True:7,10:16054,1472
> 4:True:8,11:16054,1472
> 5:True:8,11:16054,1472
rovers-optimal-old-noisy/10/rovers_noisy_p03_hyp-3_10_3.tar.bz2:0.653494119644:0.0635302:0.65
> 0:False:7,12:16055,1473
> 1:False:7,12:16055,1473
> 2:False:7,11:16055,1473
> 3:False:7,12:16055,1473
> 4:False:8,13:16055,1473
> 5:True:8,11:16055,1473
rovers-optimal-old-noisy/10/rovers_noisy_p03_hyp-4_10_1.tar.bz2:0.652816057205:0.0641415:0.65
> 0:False:7,9:16055,1473
> 1:False:7,9:16055,1473
> 2:False:7,11:16055,1473
> 3:False:7,9:16055,1473
> 4:True:8,9:16055,1473
> 5:False:8,11:16055,1473
rovers-optimal-old-noisy/10/rovers_noisy_p03_hyp-4_10_2.tar.bz2:0.651594877243:0.063641:0.65
> 0:True:7,10:16054,1472
> 1:False:7,11:16054,1472
> 2:False:7,11:16054,1472
> 3:True:7,10:16054,1472
> 4:False:8,12:16054,1472
> 5:False:8,12:16054,1472
rovers-optimal-old-noisy/10/rovers_noisy_p03_hyp-4_10_3.tar.bz2:0.658123016357:0.0640895:0.66
> 0:False:7,10:16054,1472
> 1:False:7,10:16054,1472
> 2:True:7,9:16054,1472
> 3:True:7,9:16054,1472
> 4:False:8,11:16054,1472
> 5:False:8,11:16054,1472
rovers-optimal-old-noisy/30/rovers_noisy_p01_hyp-1_30_1.tar.bz2:0.546885967255:0.03673787:0.55
> 0:True:6,11:8180,895
> 1:False:6,14:8180,895
> 2:False:6,14:8180,895
> 3:False:6,13:8180,895
> 4:False:7,14:8180,895
> 5:False:7,14:8180,895
rovers-optimal-old-noisy/30/rovers_noisy_p01_hyp-1_30_2.tar.bz2:0.543869018555:0.03628544:0.54
> 0:True:6,9:8180,895
> 1:False:6,11:8180,895
> 2:False:6,11:8180,895
> 3:False:6,11:8180,895
> 4:False:7,12:8180,895
> 5:False:7,13:8180,895
rovers-optimal-old-noisy/30/rovers_noisy_p01_hyp-1_30_3.tar.bz2:0.546643972397:0.03659832:0.54
> 0:True:6,9:8180,895
> 1:False:6,11:8180,895
> 2:False:6,11:8180,895
> 3:False:6,10:8180,895
> 4:False:7,12:8180,895
> 5:False:7,12:8180,895
rovers-optimal-old-noisy/30/rovers_noisy_p01_hyp-2_30_1.tar.bz2:0.54647898674:0.03642352:0.54
> 0:False:6,10:8179,894
> 1:True:6,8:8179,894
> 2:False:6,9:8179,894
> 3:False:6,11:8179,894
> 4:False:7,10:8179,894
> 5:False:7,12:8179,894
rovers-optimal-old-noisy/30/rovers_noisy_p01_hyp-2_30_2.tar.bz2:0.545162916183:0.03617336:0.55
> 0:False:6,9:8179,894
> 1:True:6,8:8179,894
> 2:False:6,9:8179,894
> 3:False:6,9:8179,894
> 4:False:7,10:8179,894
> 5:False:7,10:8179,894
rovers-optimal-old-noisy/30/rovers_noisy_p01_hyp-2_30_3.tar.bz2:0.546883106232:0.0365854:0.54
> 0:True:6,9:8180,895
> 1:True:6,9:8180,895
> 2:True:6,9:8180,895
> 3:False:6,11:8180,895
> 4:True:7,10:8180,895
> 5:False:7,11:8180,895
rovers-optimal-old-noisy/30/rovers_noisy_p01_hyp-3_30_1.tar.bz2:0.543799877167:0.03637031:0.54
> 0:False:6,11:8180,895
> 1:False:6,10:8180,895
> 2:True:6,8:8180,895
> 3:False:6,10:8180,895
> 4:False:7,11:8180,895
> 5:False:7,12:8180,895
rovers-optimal-old-noisy/30/rovers_noisy_p01_hyp-3_30_2.tar.bz2:0.54474902153:0.03609294:0.54
> 0:True:6,8:8179,894
> 1:True:6,8:8179,894
> 2:True:6,8:8179,894
> 3:True:6,8:8179,894
> 4:True:7,9:8179,894
> 5:True:7,9:8179,894
rovers-optimal-old-noisy/30/rovers_noisy_p01_hyp-3_30_3.tar.bz2:0.54491019249:0.0359683:0.55
> 0:False:6,13:8180,895
> 1:False:6,12:8180,895
> 2:True:6,11:8180,895
> 3:False:6,13:8180,895
> 4:False:7,13:8180,895
> 5:False:7,13:8180,895
rovers-optimal-old-noisy/30/rovers_noisy_p01_hyp-4_30_1.tar.bz2:0.545438051224:0.03634147:0.54
> 0:False:6,13:8180,895
> 1:False:6,15:8180,895
> 2:False:6,13:8180,895
> 3:True:6,11:8180,895
> 4:False:7,14:8180,895
> 5:False:7,14:8180,895
rovers-optimal-old-noisy/30/rovers_noisy_p01_hyp-4_30_2.tar.bz2:0.545420885086:0.03636516:0.54
> 0:False:6,12:8180,895
> 1:False:6,12:8180,895
> 2:False:6,12:8180,895
> 3:True:6,10:8180,895
> 4:False:7,13:8180,895
> 5:True:7,11:8180,895
rovers-optimal-old-noisy/30/rovers_noisy_p01_hyp-4_30_3.tar.bz2:0.546175003052:0.03693753:0.55
> 0:False:6,11:8180,895
> 1:False:6,11:8180,895
> 2:False:6,11:8180,895
> 3:True:6,10:8180,895
> 4:False:7,12:8180,895
> 5:False:7,12:8180,895
rovers-optimal-old-noisy/30/rovers_noisy_p02_hyp-1_30_1.tar.bz2:0.64867401123:0.0631433:0.65
> 0:True:7,14:16057,1475
> 1:False:7,16:16057,1475
> 2:False:8,16:16057,1475
> 3:False:7,15:16057,1475
> 4:False:8,18:16057,1475
> 5:False:7,15:16057,1475
rovers-optimal-old-noisy/30/rovers_noisy_p02_hyp-1_30_2.tar.bz2:0.652179956436:0.063807:0.66
> 0:False:7,11:16056,1474
> 1:False:7,13:16056,1474
> 2:True:8,11:16056,1474
> 3:False:7,12:16056,1474
> 4:False:8,14:16056,1474
> 5:False:7,12:16056,1474
rovers-optimal-old-noisy/30/rovers_noisy_p02_hyp-1_30_3.tar.bz2:0.655575037003:0.0646734:0.66
> 0:False:7,10:16057,1475
> 1:False:7,13:16057,1475
> 2:True:8,10:16057,1475
> 3:False:7,11:16057,1475
> 4:False:8,15:16057,1475
> 5:False:7,13:16057,1475
rovers-optimal-old-noisy/30/rovers_noisy_p02_hyp-2_30_1.tar.bz2:0.655166864395:0.0639162:0.66
> 0:False:7,18:16057,1475
> 1:False:7,15:16057,1475
> 2:False:8,18:16057,1475
> 3:False:7,16:16057,1475
> 4:True:8,15:16057,1475
> 5:False:7,18:16057,1475
rovers-optimal-old-noisy/30/rovers_noisy_p02_hyp-2_30_2.tar.bz2:0.652613162994:0.0636167:0.65
> 0:False:7,13:16056,1474
> 1:True:7,11:16056,1474
> 2:False:8,13:16056,1474
> 3:False:7,13:16056,1474
> 4:True:8,12:16056,1474
> 5:False:7,13:16056,1474
rovers-optimal-old-noisy/30/rovers_noisy_p02_hyp-2_30_3.tar.bz2:0.65268611908:0.0634821:0.66
> 0:False:7,16:16057,1475
> 1:True:7,14:16057,1475
> 2:False:8,16:16057,1475
> 3:False:7,15:16057,1475
> 4:True:8,15:16057,1475
> 5:False:7,17:16057,1475
rovers-optimal-old-noisy/30/rovers_noisy_p02_hyp-3_30_1.tar.bz2:0.655518054962:0.0646591:0.66
> 0:False:7,13:16057,1475
> 1:False:7,13:16057,1475
> 2:True:8,13:16057,1475
> 3:False:7,13:16057,1475
> 4:False:8,14:16057,1475
> 5:False:7,14:16057,1475
rovers-optimal-old-noisy/30/rovers_noisy_p02_hyp-3_30_2.tar.bz2:0.652049064636:0.0638749:0.65
> 0:False:7,12:16057,1475
> 1:False:7,13:16057,1475
> 2:True:8,12:16057,1475
> 3:False:7,12:16057,1475
> 4:False:8,14:16057,1475
> 5:False:7,13:16057,1475
rovers-optimal-old-noisy/30/rovers_noisy_p02_hyp-3_30_3.tar.bz2:0.653497934341:0.0640855:0.66
> 0:False:7,10:16056,1474
> 1:False:7,11:16056,1474
> 2:True:8,10:16056,1474
> 3:False:7,11:16056,1474
> 4:False:8,11:16056,1474
> 5:False:7,10:16056,1474
rovers-optimal-old-noisy/30/rovers_noisy_p02_hyp-4_30_1.tar.bz2:0.651280879974:0.063511:0.65
> 0:False:7,13:16057,1475
> 1:False:7,13:16057,1475
> 2:True:8,13:16057,1475
> 3:False:7,13:16057,1475
> 4:False:8,14:16057,1475
> 5:False:7,14:16057,1475
rovers-optimal-old-noisy/30/rovers_noisy_p02_hyp-4_30_2.tar.bz2:0.652037143707:0.0639238:0.65
> 0:False:7,12:16056,1474
> 1:False:7,11:16056,1474
> 2:False:8,13:16056,1474
> 3:False:7,11:16056,1474
> 4:True:8,11:16056,1474
> 5:False:7,12:16056,1474
rovers-optimal-old-noisy/30/rovers_noisy_p02_hyp-4_30_3.tar.bz2:0.653515100479:0.0637657:0.65
> 0:False:7,16:16057,1475
> 1:False:7,15:16057,1475
> 2:False:8,17:16057,1475
> 3:True:7,14:16057,1475
> 4:False:8,18:16057,1475
> 5:False:7,19:16057,1475
rovers-optimal-old-noisy/30/rovers_noisy_p03_hyp-1_30_1.tar.bz2:0.652075052261:0.0635073:0.65
> 0:False:7,11:16057,1475
> 1:False:7,11:16057,1475
> 2:False:7,13:16057,1475
> 3:False:7,11:16057,1475
> 4:True:8,11:16057,1475
> 5:False:8,13:16057,1475
rovers-optimal-old-noisy/30/rovers_noisy_p03_hyp-1_30_2.tar.bz2:0.651974916458:0.0638726:0.65
> 0:True:7,10:16056,1474
> 1:False:7,13:16056,1474
> 2:False:7,14:16056,1474
> 3:False:7,11:16056,1474
> 4:False:8,12:16056,1474
> 5:False:8,15:16056,1474
rovers-optimal-old-noisy/30/rovers_noisy_p03_hyp-1_30_3.tar.bz2:0.651405096054:0.0633679:0.65
> 0:True:7,9:16056,1474
> 1:False:7,11:16056,1474
> 2:False:7,13:16056,1474
> 3:False:7,11:16056,1474
> 4:False:8,11:16056,1474
> 5:False:8,12:16056,1474
rovers-optimal-old-noisy/30/rovers_noisy_p03_hyp-2_30_1.tar.bz2:0.659070968628:0.064189:0.66
> 0:False:7,14:16056,1474
> 1:True:7,12:16056,1474
> 2:False:7,14:16056,1474
> 3:False:7,13:16056,1474
> 4:True:8,13:16056,1474
> 5:False:8,15:16056,1474
rovers-optimal-old-noisy/30/rovers_noisy_p03_hyp-2_30_2.tar.bz2:0.650149106979:0.0633029:0.65
> 0:False:7,10:16056,1474
> 1:False:7,10:16056,1474
> 2:False:7,12:16056,1474
> 3:False:7,10:16056,1474
> 4:True:8,10:16056,1474
> 5:False:8,12:16056,1474
rovers-optimal-old-noisy/30/rovers_noisy_p03_hyp-2_30_3.tar.bz2:0.649003982544:0.0632541:0.64
> 0:False:7,14:16056,1474
> 1:True:7,12:16056,1474
> 2:False:7,13:16056,1474
> 3:False:7,13:16056,1474
> 4:False:8,14:16056,1474
> 5:False:8,15:16056,1474
rovers-optimal-old-noisy/30/rovers_noisy_p03_hyp-3_30_1.tar.bz2:0.652754068375:0.0634466:0.65
> 0:False:7,12:16056,1474
> 1:False:7,12:16056,1474
> 2:True:7,11:16056,1474
> 3:False:7,12:16056,1474
> 4:True:8,12:16056,1474
> 5:True:8,12:16056,1474
rovers-optimal-old-noisy/30/rovers_noisy_p03_hyp-3_30_2.tar.bz2:0.652335166931:0.0634791:0.65
> 0:False:7,16:16057,1475
> 1:False:7,14:16057,1475
> 2:True:7,13:16057,1475
> 3:False:7,14:16057,1475
> 4:False:8,16:16057,1475
> 5:False:8,16:16057,1475
rovers-optimal-old-noisy/30/rovers_noisy_p03_hyp-3_30_3.tar.bz2:0.653555870056:0.063801:0.64
> 0:False:7,13:16056,1474
> 1:True:7,11:16056,1474
> 2:True:7,11:16056,1474
> 3:False:7,13:16056,1474
> 4:False:8,13:16056,1474
> 5:False:8,13:16056,1474
rovers-optimal-old-noisy/30/rovers_noisy_p03_hyp-4_30_1.tar.bz2:0.652016878128:0.0632159:0.65
> 0:False:7,13:16057,1475
> 1:True:7,12:16057,1475
> 2:False:7,13:16057,1475
> 3:True:7,12:16057,1475
> 4:True:8,13:16057,1475
> 5:False:8,14:16057,1475
rovers-optimal-old-noisy/30/rovers_noisy_p03_hyp-4_30_2.tar.bz2:0.656378030777:0.0640002:0.66
> 0:False:7,11:16057,1475
> 1:False:7,12:16057,1475
> 2:False:7,14:16057,1475
> 3:True:7,10:16057,1475
> 4:False:8,13:16057,1475
> 5:False:8,15:16057,1475
rovers-optimal-old-noisy/30/rovers_noisy_p03_hyp-4_30_3.tar.bz2:0.655028104782:0.0639585:0.67
> 0:True:7,13:16057,1475
> 1:False:7,14:16057,1475
> 2:False:7,14:16057,1475
> 3:True:7,13:16057,1475
> 4:False:8,15:16057,1475
> 5:True:8,14:16057,1475
rovers-optimal-old-noisy/50/rovers_noisy_p01_hyp-1_50_1.tar.bz2:0.546740055084:0.03654306:0.55
> 0:True:6,9:8181,896
> 1:False:6,10:8181,896
> 2:False:6,10:8181,896
> 3:False:6,11:8181,896
> 4:False:7,11:8181,896
> 5:False:7,12:8181,896
rovers-optimal-old-noisy/50/rovers_noisy_p01_hyp-1_50_2.tar.bz2:0.545256137848:0.03660601:0.54
> 0:True:6,9:8181,896
> 1:False:6,12:8181,896
> 2:False:6,12:8181,896
> 3:False:6,12:8181,896
> 4:False:7,13:8181,896
> 5:False:7,14:8181,896
rovers-optimal-old-noisy/50/rovers_noisy_p01_hyp-1_50_3.tar.bz2:0.545495986938:0.03644487:0.54
> 0:True:6,10:8181,896
> 1:False:6,12:8181,896
> 2:False:6,11:8181,896
> 3:False:6,11:8181,896
> 4:False:7,13:8181,896
> 5:False:7,14:8181,896
rovers-optimal-old-noisy/50/rovers_noisy_p01_hyp-2_50_1.tar.bz2:0.542845010757:0.03596329:0.55
> 0:False:6,14:8182,897
> 1:False:6,11:8182,897
> 2:False:6,12:8182,897
> 3:False:6,14:8182,897
> 4:True:7,11:8182,897
> 5:False:7,13:8182,897
rovers-optimal-old-noisy/50/rovers_noisy_p01_hyp-2_50_2.tar.bz2:0.544955015182:0.03648163:0.55
> 0:False:6,14:8182,897
> 1:True:6,11:8182,897
> 2:False:6,12:8182,897
> 3:False:6,15:8182,897
> 4:False:7,13:8182,897
> 5:False:7,15:8182,897
rovers-optimal-old-noisy/50/rovers_noisy_p01_hyp-2_50_3.tar.bz2:0.545627832413:0.0363602:0.55
> 0:False:6,14:8182,897
> 1:True:6,10:8182,897
> 2:False:6,11:8182,897
> 3:False:6,15:8182,897
> 4:False:7,13:8182,897
> 5:False:7,15:8182,897
rovers-optimal-old-noisy/50/rovers_noisy_p01_hyp-3_50_1.tar.bz2:0.546979904175:0.0367435:0.55
> 0:False:6,11:8181,896
> 1:False:6,11:8181,896
> 2:True:6,9:8181,896
> 3:False:6,10:8181,896
> 4:False:7,11:8181,896
> 5:False:7,12:8181,896
rovers-optimal-old-noisy/50/rovers_noisy_p01_hyp-3_50_2.tar.bz2:0.543771028519:0.03626245:0.54
> 0:False:6,16:8182,897
> 1:False:6,14:8182,897
> 2:True:6,12:8182,897
> 3:False:6,16:8182,897
> 4:False:7,14:8182,897
> 5:False:7,16:8182,897
rovers-optimal-old-noisy/50/rovers_noisy_p01_hyp-3_50_3.tar.bz2:0.546612977982:0.03614548:0.55
> 0:False:6,15:8182,897
> 1:False:6,13:8182,897
> 2:True:6,11:8182,897
> 3:False:6,15:8182,897
> 4:False:7,14:8182,897
> 5:False:7,16:8182,897
rovers-optimal-old-noisy/50/rovers_noisy_p01_hyp-4_50_1.tar.bz2:0.54562497139:0.03656395:0.55
> 0:False:6,9:8180,895
> 1:False:6,11:8180,895
> 2:False:6,11:8180,895
> 3:True:6,8:8180,895
> 4:False:7,11:8180,895
> 5:False:7,10:8180,895
rovers-optimal-old-noisy/50/rovers_noisy_p01_hyp-4_50_2.tar.bz2:0.544217824936:0.03611863:0.54
> 0:False:6,10:8180,895
> 1:False:6,11:8180,895
> 2:False:6,11:8180,895
> 3:True:6,8:8180,895
> 4:False:7,12:8180,895
> 5:False:7,11:8180,895
rovers-optimal-old-noisy/50/rovers_noisy_p01_hyp-4_50_3.tar.bz2:0.546529054642:0.03662562:0.55
> 0:False:6,9:8180,895
> 1:False:6,9:8180,895
> 2:False:6,9:8180,895
> 3:True:6,8:8180,895
> 4:False:7,10:8180,895
> 5:False:7,10:8180,895
rovers-optimal-old-noisy/50/rovers_noisy_p02_hyp-1_50_1.tar.bz2:0.650593042374:0.0635825:0.65
> 0:True:7,14:16059,1477
> 1:False:7,16:16059,1477
> 2:False:8,16:16059,1477
> 3:False:7,16:16059,1477
> 4:False:8,18:16059,1477
> 5:False:7,15:16059,1477
rovers-optimal-old-noisy/50/rovers_noisy_p02_hyp-1_50_2.tar.bz2:0.650943040848:0.0644084:0.66
> 0:True:7,11:16058,1476
> 1:False:7,15:16058,1476
> 2:True:8,12:16058,1476
> 3:False:7,13:16058,1476
> 4:False:8,15:16058,1476
> 5:False:7,13:16058,1476
rovers-optimal-old-noisy/50/rovers_noisy_p02_hyp-1_50_3.tar.bz2:0.652132034302:0.0641939:0.65
> 0:True:7,14:16060,1478
> 1:False:7,17:16060,1478
> 2:False:8,16:16060,1478
> 3:False:7,17:16060,1478
> 4:False:8,19:16060,1478
> 5:False:7,16:16060,1478
rovers-optimal-old-noisy/50/rovers_noisy_p02_hyp-2_50_1.tar.bz2:0.651433944702:0.0640144:0.66
> 0:False:7,17:16061,1479
> 1:True:7,15:16061,1479
> 2:False:8,17:16061,1479
> 3:True:7,15:16061,1479
> 4:True:8,16:16061,1479
> 5:False:7,18:16061,1479
rovers-optimal-old-noisy/50/rovers_noisy_p02_hyp-2_50_2.tar.bz2:0.651191949844:0.0637047:0.66
> 0:False:7,21:16061,1479
> 1:True:7,17:16061,1479
> 2:False:8,21:16061,1479
> 3:False:7,19:16061,1479
> 4:True:8,18:16061,1479
> 5:False:7,21:16061,1479
rovers-optimal-old-noisy/50/rovers_noisy_p02_hyp-2_50_3.tar.bz2:0.6541659832:0.0638217:0.66
> 0:False:7,15:16059,1477
> 1:True:7,12:16059,1477
> 2:False:8,15:16059,1477
> 3:False:7,14:16059,1477
> 4:False:8,14:16059,1477
> 5:False:7,16:16059,1477
rovers-optimal-old-noisy/50/rovers_noisy_p02_hyp-3_50_1.tar.bz2:0.653450965881:0.0639534:0.65
> 0:False:7,16:16061,1479
> 1:False:7,18:16061,1479
> 2:True:8,16:16061,1479
> 3:False:7,17:16061,1479
> 4:False:8,20:16061,1479
> 5:False:7,18:16061,1479
rovers-optimal-old-noisy/50/rovers_noisy_p02_hyp-3_50_2.tar.bz2:0.650349855423:0.062899:0.64
> 0:False:7,16:16060,1478
> 1:False:7,19:16060,1478
> 2:True:8,15:16060,1478
> 3:False:7,17:16060,1478
> 4:False:8,19:16060,1478
> 5:False:7,17:16060,1478
rovers-optimal-old-noisy/50/rovers_noisy_p02_hyp-3_50_3.tar.bz2:0.649640083313:0.0634587:0.65
> 0:False:7,14:16059,1477
> 1:False:7,17:16059,1477
> 2:True:8,12:16059,1477
> 3:False:7,15:16059,1477
> 4:False:8,16:16059,1477
> 5:False:7,14:16059,1477
rovers-optimal-old-noisy/50/rovers_noisy_p02_hyp-4_50_1.tar.bz2:0.655611038208:0.0637158:0.66
> 0:False:7,15:16060,1478
> 1:False:7,16:16060,1478
> 2:True:8,15:16060,1478
> 3:False:7,15:16060,1478
> 4:False:8,17:16060,1478
> 5:False:7,17:16060,1478
rovers-optimal-old-noisy/50/rovers_noisy_p02_hyp-4_50_2.tar.bz2:0.653800964355:0.0644372:0.65
> 0:True:7,17:16060,1478
> 1:True:7,17:16060,1478
> 2:True:8,18:16060,1478
> 3:True:7,17:16060,1478
> 4:False:8,19:16060,1478
> 5:False:7,18:16060,1478
rovers-optimal-old-noisy/50/rovers_noisy_p02_hyp-4_50_3.tar.bz2:0.652441978455:0.0641308:0.65
> 0:True:7,13:16060,1478
> 1:False:7,14:16060,1478
> 2:True:8,14:16060,1478
> 3:True:7,13:16060,1478
> 4:False:8,16:16060,1478
> 5:False:7,15:16060,1478
rovers-optimal-old-noisy/50/rovers_noisy_p03_hyp-1_50_1.tar.bz2:0.655977010727:0.0641422:0.66
> 0:True:7,12:16059,1477
> 1:False:7,15:16059,1477
> 2:False:7,16:16059,1477
> 3:False:7,14:16059,1477
> 4:False:8,15:16059,1477
> 5:False:8,16:16059,1477
rovers-optimal-old-noisy/50/rovers_noisy_p03_hyp-1_50_2.tar.bz2:0.650624990463:0.0635822:0.65
> 0:True:7,14:16059,1477
> 1:False:7,16:16059,1477
> 2:False:7,18:16059,1477
> 3:True:7,14:16059,1477
> 4:False:8,16:16059,1477
> 5:False:8,18:16059,1477
rovers-optimal-old-noisy/50/rovers_noisy_p03_hyp-1_50_3.tar.bz2:0.646039009094:0.0632061:0.64
> 0:True:7,13:16059,1477
> 1:False:7,16:16059,1477
> 2:False:7,15:16059,1477
> 3:False:7,16:16059,1477
> 4:False:8,15:16059,1477
> 5:True:8,14:16059,1477
rovers-optimal-old-noisy/50/rovers_noisy_p03_hyp-2_50_1.tar.bz2:0.65114402771:0.0632534:0.66
> 0:False:7,14:16058,1476
> 1:True:7,12:16058,1476
> 2:False:7,14:16058,1476
> 3:False:7,13:16058,1476
> 4:False:8,15:16058,1476
> 5:False:8,17:16058,1476
rovers-optimal-old-noisy/50/rovers_noisy_p03_hyp-2_50_2.tar.bz2:0.652096986771:0.0641435:0.65
> 0:False:7,17:16059,1477
> 1:True:7,14:16059,1477
> 2:False:7,17:16059,1477
> 3:False:7,17:16059,1477
> 4:False:8,16:16059,1477
> 5:False:8,19:16059,1477
rovers-optimal-old-noisy/50/rovers_noisy_p03_hyp-2_50_3.tar.bz2:0.650500059128:0.063016:0.65
> 0:False:7,13:16058,1476
> 1:True:7,12:16058,1476
> 2:False:7,15:16058,1476
> 3:False:7,13:16058,1476
> 4:True:8,13:16058,1476
> 5:False:8,16:16058,1476
rovers-optimal-old-noisy/50/rovers_noisy_p03_hyp-3_50_1.tar.bz2:0.649516105652:0.0631092:0.65
> 0:False:7,16:16060,1478
> 1:True:7,15:16060,1478
> 2:True:7,15:16060,1478
> 3:False:7,16:16060,1478
> 4:True:8,16:16060,1478
> 5:True:8,16:16060,1478
rovers-optimal-old-noisy/50/rovers_noisy_p03_hyp-3_50_2.tar.bz2:0.653228998184:0.0635543:0.66
> 0:False:7,17:16060,1478
> 1:False:7,17:16060,1478
> 2:True:7,15:16060,1478
> 3:False:7,16:16060,1478
> 4:False:8,17:16060,1478
> 5:False:8,17:16060,1478
rovers-optimal-old-noisy/50/rovers_noisy_p03_hyp-3_50_3.tar.bz2:0.656375169754:0.0639021:0.66
> 0:False:7,18:16061,1479
> 1:True:7,15:16061,1479
> 2:False:7,16:16061,1479
> 3:False:7,16:16061,1479
> 4:False:8,17:16061,1479
> 5:False:8,18:16061,1479
rovers-optimal-old-noisy/50/rovers_noisy_p03_hyp-4_50_1.tar.bz2:0.650541067123:0.0636112:0.65
> 0:False:7,13:16059,1477
> 1:False:7,14:16059,1477
> 2:False:7,15:16059,1477
> 3:True:7,12:16059,1477
> 4:False:8,15:16059,1477
> 5:False:8,17:16059,1477
rovers-optimal-old-noisy/50/rovers_noisy_p03_hyp-4_50_2.tar.bz2:0.653003931046:0.0637118:0.65
> 0:False:7,17:16060,1478
> 1:False:7,18:16060,1478
> 2:False:7,18:16060,1478
> 3:True:7,15:16060,1478
> 4:False:8,19:16060,1478
> 5:False:8,20:16060,1478
rovers-optimal-old-noisy/50/rovers_noisy_p03_hyp-4_50_3.tar.bz2:0.651118040085:0.063595:0.64
> 0:False:7,15:16059,1477
> 1:False:7,15:16059,1477
> 2:False:7,14:16059,1477
> 3:True:7,13:16059,1477
> 4:False:8,16:16059,1477
> 5:False:8,17:16059,1477
rovers-optimal-old-noisy/70/rovers_noisy_p01_hyp-1_70_1.tar.bz2:0.544492959976:0.0365426:0.54
> 0:True:6,12:8183,898
> 1:False:6,16:8183,898
> 2:False:6,16:8183,898
> 3:False:6,15:8183,898
> 4:False:7,16:8183,898
> 5:False:7,15:8183,898
rovers-optimal-old-noisy/70/rovers_noisy_p01_hyp-1_70_2.tar.bz2:0.54479598999:0.03640167:0.56
> 0:True:6,8:8182,897
> 1:False:6,11:8182,897
> 2:False:6,11:8182,897
> 3:False:6,11:8182,897
> 4:False:7,12:8182,897
> 5:False:7,13:8182,897
rovers-optimal-old-noisy/70/rovers_noisy_p01_hyp-1_70_3.tar.bz2:0.542663097382:0.03581971:0.54
> 0:True:6,10:8183,898
> 1:False:6,13:8183,898
> 2:False:6,13:8183,898
> 3:False:6,13:8183,898
> 4:False:7,14:8183,898
> 5:False:7,15:8183,898
rovers-optimal-old-noisy/70/rovers_noisy_p01_hyp-2_70_1.tar.bz2:0.547019958496:0.03638723:0.55
> 0:False:6,13:8184,899
> 1:True:6,11:8184,899
> 2:False:6,13:8184,899
> 3:False:6,15:8184,899
> 4:False:7,14:8184,899
> 5:False:7,15:8184,899
rovers-optimal-old-noisy/70/rovers_noisy_p01_hyp-2_70_2.tar.bz2:0.547162055969:0.03682834:0.54
> 0:False:6,16:8184,899
> 1:True:6,12:8184,899
> 2:False:6,14:8184,899
> 3:False:6,16:8184,899
> 4:True:7,13:8184,899
> 5:False:7,15:8184,899
rovers-optimal-old-noisy/70/rovers_noisy_p01_hyp-2_70_3.tar.bz2:0.547250986099:0.03618249:0.54
> 0:False:6,13:8184,899
> 1:True:6,11:8184,899
> 2:False:6,12:8184,899
> 3:False:6,14:8184,899
> 4:True:7,12:8184,899
> 5:False:7,14:8184,899
rovers-optimal-old-noisy/70/rovers_noisy_p01_hyp-3_70_1.tar.bz2:0.547726869583:0.03669638:0.54
> 0:False:6,13:8184,899
> 1:False:6,12:8184,899
> 2:True:6,10:8184,899
> 3:False:6,12:8184,899
> 4:False:7,13:8184,899
> 5:False:7,14:8184,899
rovers-optimal-old-noisy/70/rovers_noisy_p01_hyp-3_70_2.tar.bz2:0.544118881226:0.03627983:0.55
> 0:False:6,13:8184,899
> 1:False:6,11:8184,899
> 2:True:6,9:8184,899
> 3:False:6,13:8184,899
> 4:False:7,12:8184,899
> 5:False:7,14:8184,899
rovers-optimal-old-noisy/70/rovers_noisy_p01_hyp-3_70_3.tar.bz2:0.545031785965:0.03637331:0.55
> 0:False:6,13:8183,898
> 1:False:6,11:8183,898
> 2:True:6,9:8183,898
> 3:False:6,13:8183,898
> 4:False:7,12:8183,898
> 5:False:7,14:8183,898
rovers-optimal-old-noisy/70/rovers_noisy_p01_hyp-4_70_1.tar.bz2:0.54568696022:0.03666738:0.54
> 0:False:6,12:8182,897
> 1:False:6,12:8182,897
> 2:False:6,11:8182,897
> 3:True:6,8:8182,897
> 4:False:7,13:8182,897
> 5:False:7,12:8182,897
rovers-optimal-old-noisy/70/rovers_noisy_p01_hyp-4_70_2.tar.bz2:0.544106006622:0.0366429:0.54
> 0:False:6,14:8183,898
> 1:False:6,15:8183,898
> 2:False:6,15:8183,898
> 3:True:6,11:8183,898
> 4:False:7,14:8183,898
> 5:False:7,14:8183,898
rovers-optimal-old-noisy/70/rovers_noisy_p01_hyp-4_70_3.tar.bz2:0.548768997192:0.03650812:0.54
> 0:False:6,14:8184,899
> 1:False:6,14:8184,899
> 2:False:6,14:8184,899
> 3:True:6,11:8184,899
> 4:False:7,17:8184,899
> 5:False:7,15:8184,899
rovers-optimal-old-noisy/70/rovers_noisy_p02_hyp-1_70_1.tar.bz2:0.651036024094:0.0640024:0.65
> 0:True:7,13:16061,1479
> 1:False:7,18:16061,1479
> 2:False:8,15:16061,1479
> 3:False:7,16:16061,1479
> 4:False:8,20:16061,1479
> 5:False:7,17:16061,1479
rovers-optimal-old-noisy/70/rovers_noisy_p02_hyp-1_70_2.tar.bz2:0.656637907028:0.064118:0.66
> 0:True:7,14:16062,1480
> 1:False:7,19:16062,1480
> 2:False:8,16:16062,1480
> 3:False:7,17:16062,1480
> 4:False:8,20:16062,1480
> 5:False:7,18:16062,1480
rovers-optimal-old-noisy/70/rovers_noisy_p02_hyp-1_70_3.tar.bz2:0.652107954025:0.0643667:0.65
> 0:True:7,15:16062,1480
> 1:False:7,19:16062,1480
> 2:True:8,16:16062,1480
> 3:False:7,17:16062,1480
> 4:False:8,20:16062,1480
> 5:False:7,18:16062,1480
rovers-optimal-old-noisy/70/rovers_noisy_p02_hyp-2_70_1.tar.bz2:0.653052806854:0.0638294:0.64
> 0:False:7,20:16064,1482
> 1:True:7,16:16064,1482
> 2:False:8,20:16064,1482
> 3:False:7,18:16064,1482
> 4:False:8,19:16064,1482
> 5:False:7,21:16064,1482
rovers-optimal-old-noisy/70/rovers_noisy_p02_hyp-2_70_2.tar.bz2:0.652724027634:0.0639315:0.65
> 0:False:7,19:16063,1481
> 1:True:7,14:16063,1481
> 2:False:8,19:16063,1481
> 3:False:7,16:16063,1481
> 4:False:8,17:16063,1481
> 5:False:7,20:16063,1481
rovers-optimal-old-noisy/70/rovers_noisy_p02_hyp-2_70_3.tar.bz2:0.647732019424:0.063:0.65
> 0:False:7,21:16064,1482
> 1:True:7,17:16064,1482
> 2:False:8,21:16064,1482
> 3:False:7,18:16064,1482
> 4:False:8,20:16064,1482
> 5:False:7,22:16064,1482
rovers-optimal-old-noisy/70/rovers_noisy_p02_hyp-3_70_1.tar.bz2:0.651654958725:0.064031:0.66
> 0:False:7,16:16064,1482
> 1:False:7,18:16064,1482
> 2:True:8,16:16064,1482
> 3:False:7,16:16064,1482
> 4:False:8,19:16064,1482
> 5:False:7,19:16064,1482
rovers-optimal-old-noisy/70/rovers_noisy_p02_hyp-3_70_2.tar.bz2:0.652508020401:0.0634574:0.66
> 0:False:7,17:16064,1482
> 1:False:7,20:16064,1482
> 2:True:8,16:16064,1482
> 3:False:7,18:16064,1482
> 4:False:8,20:16064,1482
> 5:False:7,19:16064,1482
rovers-optimal-old-noisy/70/rovers_noisy_p02_hyp-3_70_3.tar.bz2:0.653477907181:0.0637511:0.65
> 0:False:7,16:16064,1482
> 1:False:7,19:16064,1482
> 2:True:8,14:16064,1482
> 3:False:7,17:16064,1482
> 4:False:8,17:16064,1482
> 5:False:7,16:16064,1482
rovers-optimal-old-noisy/70/rovers_noisy_p02_hyp-4_70_1.tar.bz2:0.651864051819:0.064035:0.65
> 0:False:7,16:16063,1481
> 1:False:7,17:16063,1481
> 2:False:8,17:16063,1481
> 3:True:7,15:16063,1481
> 4:False:8,20:16063,1481
> 5:False:7,19:16063,1481
rovers-optimal-old-noisy/70/rovers_noisy_p02_hyp-4_70_2.tar.bz2:0.651262998581:0.0637961:0.66
> 0:False:7,17:16062,1480
> 1:False:7,15:16062,1480
> 2:False:8,17:16062,1480
> 3:True:7,14:16062,1480
> 4:False:8,18:16062,1480
> 5:False:7,19:16062,1480
rovers-optimal-old-noisy/70/rovers_noisy_p02_hyp-4_70_3.tar.bz2:0.651547908783:0.0640095:0.65
> 0:False:7,20:16063,1481
> 1:True:7,17:16063,1481
> 2:False:8,20:16063,1481
> 3:True:7,17:16063,1481
> 4:False:8,19:16063,1481
> 5:False:7,21:16063,1481
rovers-optimal-old-noisy/70/rovers_noisy_p03_hyp-1_70_1.tar.bz2:0.652793884277:0.0637421:0.65
> 0:True:7,13:16060,1478
> 1:False:7,18:16060,1478
> 2:False:7,20:16060,1478
> 3:False:7,16:16060,1478
> 4:False:8,16:16060,1478
> 5:False:8,18:16060,1478
rovers-optimal-old-noisy/70/rovers_noisy_p03_hyp-1_70_2.tar.bz2:0.655194044113:0.0638548:0.65
> 0:True:7,12:16061,1479
> 1:False:7,16:16061,1479
> 2:False:7,19:16061,1479
> 3:False:7,15:16061,1479
> 4:False:8,15:16061,1479
> 5:False:8,18:16061,1479
rovers-optimal-old-noisy/70/rovers_noisy_p03_hyp-1_70_3.tar.bz2:0.653660058975:0.063568:0.65
> 0:True:7,15:16062,1480
> 1:False:7,18:16062,1480
> 2:False:7,19:16062,1480
> 3:False:7,18:16062,1480
> 4:False:8,19:16062,1480
> 5:False:8,20:16062,1480
rovers-optimal-old-noisy/70/rovers_noisy_p03_hyp-2_70_1.tar.bz2:0.652325868607:0.0640191:0.65
> 0:False:7,17:16063,1481
> 1:False:7,17:16063,1481
> 2:False:7,20:16063,1481
> 3:False:7,18:16063,1481
> 4:True:8,16:16063,1481
> 5:False:8,21:16063,1481
rovers-optimal-old-noisy/70/rovers_noisy_p03_hyp-2_70_2.tar.bz2:0.649307966232:0.0629999:0.65
> 0:False:7,19:16063,1481
> 1:True:7,16:16063,1481
> 2:False:7,19:16063,1481
> 3:False:7,18:16063,1481
> 4:False:8,18:16063,1481
> 5:False:8,20:16063,1481
rovers-optimal-old-noisy/70/rovers_noisy_p03_hyp-2_70_3.tar.bz2:0.648996114731:0.0638567:0.64
> 0:False:7,20:16063,1481
> 1:True:7,17:16063,1481
> 2:False:7,18:16063,1481
> 3:False:7,18:16063,1481
> 4:False:8,20:16063,1481
> 5:False:8,21:16063,1481
rovers-optimal-old-noisy/70/rovers_noisy_p03_hyp-3_70_1.tar.bz2:0.650082111359:0.0628637:0.66
> 0:False:7,20:16063,1481
> 1:False:7,17:16063,1481
> 2:True:7,14:16063,1481
> 3:False:7,17:16063,1481
> 4:False:8,20:16063,1481
> 5:False:8,19:16063,1481
rovers-optimal-old-noisy/70/rovers_noisy_p03_hyp-3_70_2.tar.bz2:0.650906085968:0.0631833:0.65
> 0:False:7,19:16064,1482
> 1:False:7,18:16064,1482
> 2:True:7,15:16064,1482
> 3:False:7,17:16064,1482
> 4:False:8,19:16064,1482
> 5:False:8,18:16064,1482
rovers-optimal-old-noisy/70/rovers_noisy_p03_hyp-3_70_3.tar.bz2:0.653062820435:0.0634653:0.65
> 0:False:7,22:16064,1482
> 1:False:7,19:16064,1482
> 2:True:7,16:16064,1482
> 3:False:7,19:16064,1482
> 4:False:8,22:16064,1482
> 5:False:8,21:16064,1482
rovers-optimal-old-noisy/70/rovers_noisy_p03_hyp-4_70_1.tar.bz2:0.650131940842:0.0636146:0.66
> 0:False:7,18:16062,1480
> 1:False:7,16:16062,1480
> 2:False:7,18:16062,1480
> 3:True:7,15:16062,1480
> 4:False:8,17:16062,1480
> 5:False:8,20:16062,1480
rovers-optimal-old-noisy/70/rovers_noisy_p03_hyp-4_70_2.tar.bz2:0.650573968887:0.0634102:0.65
> 0:False:7,15:16061,1479
> 1:False:7,16:16061,1479
> 2:False:7,16:16061,1479
> 3:True:7,13:16061,1479
> 4:False:8,17:16061,1479
> 5:False:8,17:16061,1479
rovers-optimal-old-noisy/70/rovers_noisy_p03_hyp-4_70_3.tar.bz2:0.655776977539:0.0638372:0.65
> 0:False:7,18:16062,1480
> 1:False:7,17:16062,1480
> 2:False:7,17:16062,1480
> 3:True:7,15:16062,1480
> 4:False:8,19:16062,1480
> 5:False:8,19:16062,1480
rovers-optimal-old-noisy/100/rovers_noisy_p01_hyp-1_full_1.tar.bz2:0.546904087067:0.03658154:0.54
> 0:True:6,12:8186,901
> 1:False:6,15:8186,901
> 2:False:6,15:8186,901
> 3:False:6,14:8186,901
> 4:False:7,16:8186,901
> 5:False:7,16:8186,901
rovers-optimal-old-noisy/100/rovers_noisy_p01_hyp-1_full_2.tar.bz2:0.546173095703:0.03638161:0.55
> 0:True:6,8:8184,899
> 1:False:6,12:8184,899
> 2:False:6,12:8184,899
> 3:False:6,12:8184,899
> 4:False:7,13:8184,899
> 5:False:7,14:8184,899
rovers-optimal-old-noisy/100/rovers_noisy_p01_hyp-1_full_3.tar.bz2:0.546825885773:0.03644817:0.54
> 0:True:6,8:8184,899
> 1:False:6,12:8184,899
> 2:False:6,12:8184,899
> 3:False:6,12:8184,899
> 4:False:7,13:8184,899
> 5:False:7,14:8184,899
rovers-optimal-old-noisy/100/rovers_noisy_p01_hyp-2_full_1.tar.bz2:0.543941020966:0.03629082:0.54
> 0:False:6,13:8185,900
> 1:True:6,9:8185,900
> 2:False:6,11:8185,900
> 3:False:6,14:8185,900
> 4:False:7,12:8185,900
> 5:False:7,14:8185,900
rovers-optimal-old-noisy/100/rovers_noisy_p01_hyp-2_full_2.tar.bz2:0.545252084732:0.03666308:0.56
> 0:False:6,18:8187,902
> 1:True:6,15:8187,902
> 2:False:6,16:8187,902
> 3:False:6,19:8187,902
> 4:True:7,16:8187,902
> 5:False:7,17:8187,902
rovers-optimal-old-noisy/100/rovers_noisy_p01_hyp-2_full_3.tar.bz2:0.545299053192:0.03643853:0.54
> 0:False:6,16:8186,901
> 1:True:6,13:8186,901
> 2:False:6,15:8186,901
> 3:False:6,18:8186,901
> 4:True:7,14:8186,901
> 5:False:7,16:8186,901
rovers-optimal-old-noisy/100/rovers_noisy_p01_hyp-3_full_1.tar.bz2:0.544891834259:0.03693883:0.54
> 0:False:6,17:8187,902
> 1:False:6,16:8187,902
> 2:True:6,14:8187,902
> 3:False:6,17:8187,902
> 4:True:7,15:8187,902
> 5:False:7,17:8187,902
rovers-optimal-old-noisy/100/rovers_noisy_p01_hyp-3_full_2.tar.bz2:0.54407286644:0.03665501:0.54
> 0:False:6,13:8185,900
> 1:False:6,11:8185,900
> 2:True:6,9:8185,900
> 3:False:6,13:8185,900
> 4:False:7,12:8185,900
> 5:False:7,14:8185,900
rovers-optimal-old-noisy/100/rovers_noisy_p01_hyp-3_full_3.tar.bz2:0.546728849411:0.03663753:0.54
> 0:False:6,18:8187,902
> 1:False:6,16:8187,902
> 2:True:6,14:8187,902
> 3:False:6,18:8187,902
> 4:False:7,16:8187,902
> 5:False:7,18:8187,902
rovers-optimal-old-noisy/100/rovers_noisy_p01_hyp-4_full_1.tar.bz2:0.543985843658:0.03637987:0.55
> 0:False:6,14:8186,901
> 1:False:6,16:8186,901
> 2:False:6,14:8186,901
> 3:True:6,11:8186,901
> 4:False:7,16:8186,901
> 5:False:7,15:8186,901
rovers-optimal-old-noisy/100/rovers_noisy_p01_hyp-4_full_2.tar.bz2:0.546395778656:0.0363443:0.55
> 0:False:6,13:8185,900
> 1:False:6,16:8185,900
> 2:False:6,14:8185,900
> 3:True:6,11:8185,900
> 4:False:7,17:8185,900
> 5:False:7,15:8185,900
rovers-optimal-old-noisy/100/rovers_noisy_p01_hyp-4_full_3.tar.bz2:0.545261144638:0.03647909:0.54
> 0:False:6,18:8186,901
> 1:False:6,19:8186,901
> 2:False:6,18:8186,901
> 3:True:6,15:8186,901
> 4:False:7,19:8186,901
> 5:True:7,16:8186,901
rovers-optimal-old-noisy/100/rovers_noisy_p02_hyp-1_full_1.tar.bz2:0.651194095612:0.0635313:0.66
> 0:True:7,16:16065,1483
> 1:False:7,21:16065,1483
> 2:False:8,18:16065,1483
> 3:False:7,19:16065,1483
> 4:False:8,22:16065,1483
> 5:False:7,19:16065,1483
rovers-optimal-old-noisy/100/rovers_noisy_p02_hyp-1_full_2.tar.bz2:0.653069972992:0.0635381:0.66
> 0:False:7,19:16066,1484
> 1:False:7,24:16066,1484
> 2:True:8,19:16066,1484
> 3:False:7,22:16066,1484
> 4:False:8,22:16066,1484
> 5:False:7,21:16066,1484
rovers-optimal-old-noisy/100/rovers_noisy_p02_hyp-1_full_3.tar.bz2:0.653187036514:0.0634493:0.65
> 0:True:7,16:16065,1483
> 1:False:7,21:16065,1483
> 2:False:8,18:16065,1483
> 3:False:7,19:16065,1483
> 4:False:8,22:16065,1483
> 5:False:7,19:16065,1483
rovers-optimal-old-noisy/100/rovers_noisy_p02_hyp-2_full_1.tar.bz2:0.649747133255:0.0639632:0.66
> 0:False:7,22:16067,1485
> 1:True:7,17:16067,1485
> 2:False:8,22:16067,1485
> 3:False:7,19:16067,1485
> 4:False:8,20:16067,1485
> 5:False:7,23:16067,1485
rovers-optimal-old-noisy/100/rovers_noisy_p02_hyp-2_full_2.tar.bz2:0.654750108719:0.0632577:0.65
> 0:False:7,22:16068,1486
> 1:True:7,19:16068,1486
> 2:False:8,22:16068,1486
> 3:False:7,21:16068,1486
> 4:False:8,22:16068,1486
> 5:False:7,23:16068,1486
rovers-optimal-old-noisy/100/rovers_noisy_p02_hyp-2_full_3.tar.bz2:0.650681018829:0.0628602:0.66
> 0:False:7,20:16067,1485
> 1:True:7,16:16067,1485
> 2:False:8,21:16067,1485
> 3:False:7,18:16067,1485
> 4:False:8,19:16067,1485
> 5:False:7,22:16067,1485
rovers-optimal-old-noisy/100/rovers_noisy_p02_hyp-3_full_1.tar.bz2:0.651404857635:0.0633383:0.64
> 0:False:7,20:16068,1486
> 1:False:7,23:16068,1486
> 2:True:8,18:16068,1486
> 3:False:7,21:16068,1486
> 4:False:8,22:16068,1486
> 5:False:7,21:16068,1486
rovers-optimal-old-noisy/100/rovers_noisy_p02_hyp-3_full_2.tar.bz2:0.653448820114:0.0636783:0.66
> 0:False:7,18:16066,1484
> 1:False:7,21:16066,1484
> 2:True:8,16:16066,1484
> 3:False:7,19:16066,1484
> 4:False:8,21:16066,1484
> 5:False:7,19:16066,1484
rovers-optimal-old-noisy/100/rovers_noisy_p02_hyp-3_full_3.tar.bz2:0.648308038712:0.0628939:0.65
> 0:False:7,16:16066,1484
> 1:False:7,19:16066,1484
> 2:True:8,14:16066,1484
> 3:False:7,17:16066,1484
> 4:False:8,19:16066,1484
> 5:False:7,17:16066,1484
rovers-optimal-old-noisy/100/rovers_noisy_p02_hyp-4_full_1.tar.bz2:0.655637025833:0.0637848:0.65
> 0:False:7,21:16067,1485
> 1:False:7,20:16067,1485
> 2:False:8,21:16067,1485
> 3:True:7,18:16067,1485
> 4:False:8,23:16067,1485
> 5:False:7,24:16067,1485
rovers-optimal-old-noisy/100/rovers_noisy_p02_hyp-4_full_2.tar.bz2:0.654372930527:0.0640559:0.66
> 0:False:7,20:16067,1485
> 1:False:7,19:16067,1485
> 2:False:8,20:16067,1485
> 3:True:7,17:16067,1485
> 4:False:8,22:16067,1485
> 5:False:7,22:16067,1485
rovers-optimal-old-noisy/100/rovers_noisy_p02_hyp-4_full_3.tar.bz2:0.654345989227:0.064403:0.65
> 0:False:7,17:16066,1484
> 1:False:7,16:16066,1484
> 2:False:8,17:16066,1484
> 3:True:7,14:16066,1484
> 4:False:8,19:16066,1484
> 5:False:7,20:16066,1484
rovers-optimal-old-noisy/100/rovers_noisy_p03_hyp-1_full_1.tar.bz2:0.652104854584:0.0635691:0.65
> 0:True:7,14:16064,1482
> 1:False:7,19:16064,1482
> 2:False:7,20:16064,1482
> 3:False:7,17:16064,1482
> 4:False:8,18:16064,1482
> 5:False:8,20:16064,1482
rovers-optimal-old-noisy/100/rovers_noisy_p03_hyp-1_full_2.tar.bz2:0.653331041336:0.0635891:0.66
> 0:True:7,15:16064,1482
> 1:False:7,19:16064,1482
> 2:False:7,21:16064,1482
> 3:False:7,18:16064,1482
> 4:False:8,18:16064,1482
> 5:False:8,20:16064,1482
rovers-optimal-old-noisy/100/rovers_noisy_p03_hyp-1_full_3.tar.bz2:0.651607036591:0.0637986:0.65
> 0:True:7,13:16064,1482
> 1:False:7,18:16064,1482
> 2:False:7,19:16064,1482
> 3:False:7,16:16064,1482
> 4:False:8,17:16064,1482
> 5:False:8,18:16064,1482
rovers-optimal-old-noisy/100/rovers_noisy_p03_hyp-2_full_1.tar.bz2:0.655291795731:0.0644235:0.66
> 0:False:7,17:16065,1483
> 1:True:7,14:16065,1483
> 2:False:7,18:16065,1483
> 3:False:7,17:16065,1483
> 4:False:8,17:16065,1483
> 5:False:8,19:16065,1483
rovers-optimal-old-noisy/100/rovers_noisy_p03_hyp-2_full_2.tar.bz2:0.653738975525:0.0640123:0.66
> 0:False:7,20:16067,1485
> 1:True:7,17:16067,1485
> 2:False:7,20:16067,1485
> 3:False:7,20:16067,1485
> 4:False:8,20:16067,1485
> 5:False:8,22:16067,1485
rovers-optimal-old-noisy/100/rovers_noisy_p03_hyp-2_full_3.tar.bz2:0.653547048569:0.0640076:0.65
> 0:False:7,19:16066,1484
> 1:True:7,16:16066,1484
> 2:False:7,20:16066,1484
> 3:False:7,19:16066,1484
> 4:False:8,18:16066,1484
> 5:False:8,23:16066,1484
rovers-optimal-old-noisy/100/rovers_noisy_p03_hyp-3_full_1.tar.bz2:0.649740934372:0.0629296:0.65
> 0:False:7,20:16066,1484
> 1:False:7,17:16066,1484
> 2:True:7,14:16066,1484
> 3:False:7,17:16066,1484
> 4:False:8,20:16066,1484
> 5:False:8,19:16066,1484
rovers-optimal-old-noisy/100/rovers_noisy_p03_hyp-3_full_2.tar.bz2:0.651496887207:0.0635357:0.66
> 0:False:7,24:16068,1486
> 1:False:7,20:16068,1486
> 2:True:7,18:16068,1486
> 3:False:7,21:16068,1486
> 4:False:8,23:16068,1486
> 5:False:8,23:16068,1486
rovers-optimal-old-noisy/100/rovers_noisy_p03_hyp-3_full_3.tar.bz2:0.6496489048:0.063197:0.65
> 0:False:7,22:16068,1486
> 1:False:7,21:16068,1486
> 2:True:7,18:16068,1486
> 3:False:7,20:16068,1486
> 4:False:8,24:16068,1486
> 5:False:8,23:16068,1486
rovers-optimal-old-noisy/100/rovers_noisy_p03_hyp-4_full_1.tar.bz2:0.653373003006:0.0635097:0.65
> 0:False:7,17:16065,1483
> 1:False:7,17:16065,1483
> 2:False:7,18:16065,1483
> 3:True:7,14:16065,1483
> 4:False:8,18:16065,1483
> 5:False:8,21:16065,1483
rovers-optimal-old-noisy/100/rovers_noisy_p03_hyp-4_full_2.tar.bz2:0.65464091301:0.0640847:0.66
> 0:False:7,17:16065,1483
> 1:False:7,17:16065,1483
> 2:False:7,18:16065,1483
> 3:True:7,14:16065,1483
> 4:False:8,19:16065,1483
> 5:False:8,21:16065,1483
rovers-optimal-old-noisy/100/rovers_noisy_p03_hyp-4_full_3.tar.bz2:0.652828931808:0.063298:0.66
> 0:False:7,18:16065,1483
> 1:False:7,17:16065,1483
> 2:False:7,17:16065,1483
> 3:True:7,15:16065,1483
> 4:False:8,19:16065,1483
> 5:False:8,22:16065,1483
