rovers-suboptimal-old-noisy/10/rovers_noisy_p01_hyp-1_10_1.tar.bz2:0.546706199646:0.03631277:0.55
> 0:True:6,7:8177,893
> 1:False:6,9:8177,893
> 2:False:6,9:8177,893
> 3:False:6,9:8177,893
> 4:False:7,10:8177,893
> 5:False:7,10:8177,893
rovers-suboptimal-old-noisy/10/rovers_noisy_p01_hyp-1_10_2.tar.bz2:0.546283006668:0.03611476:0.54
> 0:True:6,9:8178,895
> 1:True:6,9:8178,895
> 2:True:6,9:8178,895
> 3:True:6,9:8178,895
> 4:True:7,10:8178,895
> 5:True:7,10:8178,895
rovers-suboptimal-old-noisy/10/rovers_noisy_p01_hyp-1_10_3.tar.bz2:0.546380996704:0.03605065:0.55
> 0:False:6,9:8178,895
> 1:False:6,9:8178,895
> 2:False:6,9:8178,895
> 3:False:6,10:8178,895
> 4:True:7,9:8178,895
> 5:True:7,9:8178,895
rovers-suboptimal-old-noisy/10/rovers_noisy_p01_hyp-2_10_1.tar.bz2:0.546277046204:0.0363355:0.54
> 0:False:6,12:8179,897
> 1:True:6,9:8179,897
> 2:False:6,10:8179,897
> 3:False:6,12:8179,897
> 4:False:7,11:8179,897
> 5:False:7,11:8179,897
rovers-suboptimal-old-noisy/10/rovers_noisy_p01_hyp-2_10_2.tar.bz2:0.547842979431:0.03634526:0.54
> 0:True:6,9:8179,897
> 1:True:6,9:8179,897
> 2:True:6,9:8179,897
> 3:True:6,9:8179,897
> 4:True:7,10:8179,897
> 5:True:7,10:8179,897
rovers-suboptimal-old-noisy/10/rovers_noisy_p01_hyp-2_10_3.tar.bz2:0.545034885406:0.0361239:0.55
> 0:False:6,11:8179,897
> 1:True:6,9:8179,897
> 2:False:6,11:8179,897
> 3:False:6,11:8179,897
> 4:False:7,12:8179,897
> 5:False:7,12:8179,897
rovers-suboptimal-old-noisy/10/rovers_noisy_p01_hyp-3_10_1.tar.bz2:0.546732902527:0.03616798:0.55
> 0:False:6,9:8178,895
> 1:False:6,9:8178,895
> 2:True:6,8:8178,895
> 3:False:6,10:8178,895
> 4:False:7,10:8178,895
> 5:False:7,11:8178,895
rovers-suboptimal-old-noisy/10/rovers_noisy_p01_hyp-3_10_2.tar.bz2:0.546691894531:0.03611432:0.54
> 0:False:6,10:8179,897
> 1:False:6,9:8179,897
> 2:False:6,9:8179,897
> 3:False:6,10:8179,897
> 4:True:7,9:8179,897
> 5:True:7,9:8179,897
rovers-suboptimal-old-noisy/10/rovers_noisy_p01_hyp-3_10_3.tar.bz2:0.546155929565:0.03607099:0.55
> 0:False:6,11:8179,897
> 1:True:6,10:8179,897
> 2:True:6,10:8179,897
> 3:False:6,12:8179,897
> 4:True:7,11:8179,897
> 5:True:7,11:8179,897
rovers-suboptimal-old-noisy/10/rovers_noisy_p01_hyp-4_10_1.tar.bz2:0.547542095184:0.03636603:0.55
> 0:True:6,8:8178,895
> 1:True:6,8:8178,895
> 2:True:6,8:8178,895
> 3:True:6,8:8178,895
> 4:True:7,9:8178,895
> 5:True:7,9:8178,895
rovers-suboptimal-old-noisy/10/rovers_noisy_p01_hyp-4_10_2.tar.bz2:0.547405004501:0.03624855:0.54
> 0:True:6,7:8177,893
> 1:True:6,7:8177,893
> 2:True:6,7:8177,893
> 3:True:6,7:8177,893
> 4:True:7,8:8177,893
> 5:True:7,8:8177,893
rovers-suboptimal-old-noisy/10/rovers_noisy_p01_hyp-4_10_3.tar.bz2:0.54475402832:0.03618715:0.56
> 0:False:6,7:8177,893
> 1:False:6,7:8177,893
> 2:False:6,7:8177,893
> 3:False:6,7:8177,893
> 4:True:7,7:8177,893
> 5:True:7,7:8177,893
rovers-suboptimal-old-noisy/10/rovers_noisy_p02_hyp-1_10_1.tar.bz2:0.653996944427:0.0630073:0.65
> 0:False:7,11:16055,1476
> 1:False:7,12:16055,1476
> 2:True:8,11:16055,1476
> 3:False:7,11:16055,1476
> 4:False:8,13:16055,1476
> 5:False:7,12:16055,1476
rovers-suboptimal-old-noisy/10/rovers_noisy_p02_hyp-1_10_2.tar.bz2:0.655772924423:0.0633123:0.65
> 0:False:7,11:16055,1476
> 1:False:7,12:16055,1476
> 2:True:8,11:16055,1476
> 3:False:7,11:16055,1476
> 4:True:8,11:16055,1476
> 5:False:7,13:16055,1476
rovers-suboptimal-old-noisy/10/rovers_noisy_p02_hyp-1_10_3.tar.bz2:0.655559062958:0.0637783:0.66
> 0:True:7,9:16055,1476
> 1:False:7,12:16055,1476
> 2:True:8,10:16055,1476
> 3:False:7,10:16055,1476
> 4:False:8,12:16055,1476
> 5:False:7,10:16055,1476
rovers-suboptimal-old-noisy/10/rovers_noisy_p02_hyp-2_10_1.tar.bz2:0.656291007996:0.0635524:0.66
> 0:False:7,13:16055,1476
> 1:True:7,11:16055,1476
> 2:False:8,13:16055,1476
> 3:True:7,11:16055,1476
> 4:False:8,13:16055,1476
> 5:False:7,13:16055,1476
rovers-suboptimal-old-noisy/10/rovers_noisy_p02_hyp-2_10_2.tar.bz2:0.655677080154:0.0627924:0.66
> 0:False:7,13:16055,1476
> 1:True:7,12:16055,1476
> 2:True:8,13:16055,1476
> 3:True:7,12:16055,1476
> 4:False:8,14:16055,1476
> 5:False:7,14:16055,1476
rovers-suboptimal-old-noisy/10/rovers_noisy_p02_hyp-2_10_3.tar.bz2:0.656693220139:0.0630735:0.65
> 0:False:7,11:16054,1474
> 1:False:7,11:16054,1474
> 2:True:8,11:16054,1474
> 3:False:7,11:16054,1474
> 4:True:8,11:16054,1474
> 5:False:7,11:16054,1474
rovers-suboptimal-old-noisy/10/rovers_noisy_p02_hyp-3_10_1.tar.bz2:0.653547048569:0.0634172:0.65
> 0:False:7,11:16055,1476
> 1:False:7,12:16055,1476
> 2:True:8,11:16055,1476
> 3:False:7,12:16055,1476
> 4:False:8,13:16055,1476
> 5:False:7,11:16055,1476
rovers-suboptimal-old-noisy/10/rovers_noisy_p02_hyp-3_10_2.tar.bz2:0.654906988144:0.0630086:0.66
> 0:True:7,10:16054,1474
> 1:False:7,11:16054,1474
> 2:True:8,11:16054,1474
> 3:False:7,11:16054,1474
> 4:True:8,11:16054,1474
> 5:True:7,10:16054,1474
rovers-suboptimal-old-noisy/10/rovers_noisy_p02_hyp-3_10_3.tar.bz2:0.656076908112:0.0635562:0.66
> 0:False:7,13:16055,1476
> 1:False:7,12:16055,1476
> 2:False:8,13:16055,1476
> 3:False:7,12:16055,1476
> 4:True:8,12:16055,1476
> 5:False:7,12:16055,1476
rovers-suboptimal-old-noisy/10/rovers_noisy_p02_hyp-4_10_1.tar.bz2:0.655723810196:0.0634835:0.65
> 0:False:7,12:16055,1476
> 1:True:7,11:16055,1476
> 2:True:8,12:16055,1476
> 3:True:7,11:16055,1476
> 4:True:8,12:16055,1476
> 5:True:7,11:16055,1476
rovers-suboptimal-old-noisy/10/rovers_noisy_p02_hyp-4_10_2.tar.bz2:0.656888961792:0.0635504:0.66
> 0:True:7,11:16055,1476
> 1:True:7,11:16055,1476
> 2:True:8,12:16055,1476
> 3:True:7,11:16055,1476
> 4:True:8,12:16055,1476
> 5:True:7,11:16055,1476
rovers-suboptimal-old-noisy/10/rovers_noisy_p02_hyp-4_10_3.tar.bz2:0.652887105942:0.0634762:0.65
> 0:False:7,10:16054,1474
> 1:False:7,10:16054,1474
> 2:True:8,10:16054,1474
> 3:False:7,10:16054,1474
> 4:True:8,10:16054,1474
> 5:True:7,9:16054,1474
rovers-suboptimal-old-noisy/10/rovers_noisy_p03_hyp-1_10_1.tar.bz2:0.653249025345:0.0634592:0.66
> 0:True:7,11:16055,1476
> 1:False:7,12:16055,1476
> 2:True:7,11:16055,1476
> 3:True:7,11:16055,1476
> 4:True:8,12:16055,1476
> 5:True:8,12:16055,1476
rovers-suboptimal-old-noisy/10/rovers_noisy_p03_hyp-1_10_2.tar.bz2:0.653878927231:0.0633:0.66
> 0:True:7,9:16054,1474
> 1:False:7,10:16054,1474
> 2:False:7,12:16054,1474
> 3:True:7,9:16054,1474
> 4:True:8,10:16054,1474
> 5:False:8,12:16054,1474
rovers-suboptimal-old-noisy/10/rovers_noisy_p03_hyp-1_10_3.tar.bz2:0.653095006943:0.0631537:0.65
> 0:True:7,9:16054,1474
> 1:False:7,10:16054,1474
> 2:False:7,10:16054,1474
> 3:True:7,9:16054,1474
> 4:True:8,10:16054,1474
> 5:True:8,10:16054,1474
rovers-suboptimal-old-noisy/10/rovers_noisy_p03_hyp-2_10_1.tar.bz2:0.654046058655:0.062643:0.64
> 0:True:7,9:16055,1476
> 1:True:7,9:16055,1476
> 2:False:7,11:16055,1476
> 3:True:7,9:16055,1476
> 4:True:8,10:16055,1476
> 5:False:8,11:16055,1476
rovers-suboptimal-old-noisy/10/rovers_noisy_p03_hyp-2_10_2.tar.bz2:0.654075145721:0.0634611:0.66
> 0:False:7,14:16055,1476
> 1:True:7,12:16055,1476
> 2:False:7,13:16055,1476
> 3:False:7,14:16055,1476
> 4:False:8,14:16055,1476
> 5:False:8,14:16055,1476
rovers-suboptimal-old-noisy/10/rovers_noisy_p03_hyp-2_10_3.tar.bz2:0.656298875809:0.063397:0.64
> 0:False:7,15:16055,1476
> 1:True:7,13:16055,1476
> 2:True:7,13:16055,1476
> 3:True:7,13:16055,1476
> 4:True:8,14:16055,1476
> 5:False:8,15:16055,1476
rovers-suboptimal-old-noisy/10/rovers_noisy_p03_hyp-3_10_1.tar.bz2:0.656620979309:0.0631005:0.66
> 0:False:7,13:16055,1476
> 1:False:7,13:16055,1476
> 2:True:7,12:16055,1476
> 3:False:7,13:16055,1476
> 4:True:8,13:16055,1476
> 5:True:8,13:16055,1476
rovers-suboptimal-old-noisy/10/rovers_noisy_p03_hyp-3_10_2.tar.bz2:0.654095888138:0.0632185:0.65
> 0:False:7,12:16054,1474
> 1:False:7,12:16054,1474
> 2:True:7,10:16054,1474
> 3:True:7,10:16054,1474
> 4:False:8,12:16054,1474
> 5:False:8,12:16054,1474
rovers-suboptimal-old-noisy/10/rovers_noisy_p03_hyp-3_10_3.tar.bz2:0.652890920639:0.0632325:0.65
> 0:False:7,9:16054,1474
> 1:False:7,9:16054,1474
> 2:False:7,9:16054,1474
> 3:False:7,9:16054,1474
> 4:True:8,9:16054,1474
> 5:True:8,9:16054,1474
rovers-suboptimal-old-noisy/10/rovers_noisy_p03_hyp-4_10_1.tar.bz2:0.653458833694:0.0631333:0.66
> 0:False:7,15:16055,1476
> 1:False:7,14:16055,1476
> 2:True:7,13:16055,1476
> 3:True:7,13:16055,1476
> 4:False:8,15:16055,1476
> 5:False:8,15:16055,1476
rovers-suboptimal-old-noisy/10/rovers_noisy_p03_hyp-4_10_2.tar.bz2:0.654956102371:0.0629625:0.65
> 0:False:7,11:16055,1476
> 1:True:7,9:16055,1476
> 2:True:7,9:16055,1476
> 3:True:7,9:16055,1476
> 4:False:8,11:16055,1476
> 5:False:8,11:16055,1476
rovers-suboptimal-old-noisy/10/rovers_noisy_p03_hyp-4_10_3.tar.bz2:0.655421972275:0.0637806:0.65
> 0:False:7,9:16054,1474
> 1:False:7,9:16054,1474
> 2:False:7,9:16054,1474
> 3:False:7,9:16054,1474
> 4:True:8,9:16054,1474
> 5:True:8,9:16054,1474
rovers-suboptimal-old-noisy/30/rovers_noisy_p01_hyp-1_30_1.tar.bz2:0.547282934189:0.03602867:0.55
> 0:True:6,8:8180,899
> 1:False:6,9:8180,899
> 2:False:6,9:8180,899
> 3:False:6,9:8180,899
> 4:False:7,10:8180,899
> 5:False:7,10:8180,899
rovers-suboptimal-old-noisy/30/rovers_noisy_p01_hyp-1_30_2.tar.bz2:0.545266151428:0.03635575:0.54
> 0:True:6,9:8180,899
> 1:False:6,12:8180,899
> 2:False:6,12:8180,899
> 3:False:6,11:8180,899
> 4:False:7,13:8180,899
> 5:False:7,13:8180,899
rovers-suboptimal-old-noisy/30/rovers_noisy_p01_hyp-1_30_3.tar.bz2:0.547461986542:0.03613629:0.55
> 0:True:6,9:8180,899
> 1:False:6,10:8180,899
> 2:False:6,10:8180,899
> 3:False:6,10:8180,899
> 4:False:7,11:8180,899
> 5:False:7,11:8180,899
rovers-suboptimal-old-noisy/30/rovers_noisy_p01_hyp-2_30_1.tar.bz2:0.547493934631:0.03634439:0.55
> 0:True:6,11:8181,901
> 1:True:6,11:8181,901
> 2:True:6,11:8181,901
> 3:False:6,12:8181,901
> 4:True:7,12:8181,901
> 5:False:7,13:8181,901
rovers-suboptimal-old-noisy/30/rovers_noisy_p01_hyp-2_30_2.tar.bz2:0.545152902603:0.03625906:0.54
> 0:True:6,13:8181,901
> 1:True:6,13:8181,901
> 2:True:6,13:8181,901
> 3:False:6,15:8181,901
> 4:True:7,14:8181,901
> 5:False:7,16:8181,901
rovers-suboptimal-old-noisy/30/rovers_noisy_p01_hyp-2_30_3.tar.bz2:0.548034191132:0.03629413:0.54
> 0:True:6,11:8181,901
> 1:True:6,11:8181,901
> 2:True:6,11:8181,901
> 3:False:6,13:8181,901
> 4:True:7,12:8181,901
> 5:False:7,14:8181,901
rovers-suboptimal-old-noisy/30/rovers_noisy_p01_hyp-3_30_1.tar.bz2:0.546794891357:0.03600043:0.56
> 0:False:6,12:8181,901
> 1:False:6,11:8181,901
> 2:True:6,10:8181,901
> 3:False:6,12:8181,901
> 4:False:7,12:8181,901
> 5:False:7,12:8181,901
rovers-suboptimal-old-noisy/30/rovers_noisy_p01_hyp-3_30_2.tar.bz2:0.547426939011:0.03626126:0.55
> 0:False:6,10:8180,899
> 1:False:6,10:8180,899
> 2:True:6,9:8180,899
> 3:False:6,10:8180,899
> 4:False:7,11:8180,899
> 5:False:7,11:8180,899
rovers-suboptimal-old-noisy/30/rovers_noisy_p01_hyp-3_30_3.tar.bz2:0.546103954315:0.03615871:0.54
> 0:False:6,10:8180,899
> 1:False:6,10:8180,899
> 2:True:6,9:8180,899
> 3:False:6,10:8180,899
> 4:False:7,11:8180,899
> 5:False:7,11:8180,899
rovers-suboptimal-old-noisy/30/rovers_noisy_p01_hyp-4_30_1.tar.bz2:0.547493934631:0.03596541:0.55
> 0:False:6,12:8180,899
> 1:False:6,12:8180,899
> 2:True:6,11:8180,899
> 3:True:6,11:8180,899
> 4:False:7,13:8180,899
> 5:True:7,12:8180,899
rovers-suboptimal-old-noisy/30/rovers_noisy_p01_hyp-4_30_2.tar.bz2:0.546227931976:0.03607752:0.55
> 0:False:6,9:8179,897
> 1:False:6,9:8179,897
> 2:True:6,8:8179,897
> 3:True:6,8:8179,897
> 4:False:7,10:8179,897
> 5:False:7,10:8179,897
rovers-suboptimal-old-noisy/30/rovers_noisy_p01_hyp-4_30_3.tar.bz2:0.546842098236:0.03622339:0.55
> 0:False:6,10:8178,895
> 1:False:6,10:8178,895
> 2:False:6,10:8178,895
> 3:True:6,8:8178,895
> 4:False:7,10:8178,895
> 5:True:7,9:8178,895
rovers-suboptimal-old-noisy/30/rovers_noisy_p02_hyp-1_30_1.tar.bz2:0.658232927322:0.0635342:0.66
> 0:False:7,12:16057,1480
> 1:False:7,13:16057,1480
> 2:True:8,12:16057,1480
> 3:False:7,13:16057,1480
> 4:False:8,14:16057,1480
> 5:False:7,12:16057,1480
rovers-suboptimal-old-noisy/30/rovers_noisy_p02_hyp-1_30_2.tar.bz2:0.658159971237:0.0635808:0.66
> 0:True:7,11:16057,1480
> 1:False:7,13:16057,1480
> 2:False:8,13:16057,1480
> 3:False:7,13:16057,1480
> 4:False:8,15:16057,1480
> 5:False:7,13:16057,1480
rovers-suboptimal-old-noisy/30/rovers_noisy_p02_hyp-1_30_3.tar.bz2:0.659140825272:0.0637441:0.66
> 0:True:7,11:16056,1478
> 1:False:7,12:16056,1478
> 2:True:8,12:16056,1478
> 3:False:7,12:16056,1478
> 4:True:8,12:16056,1478
> 5:True:7,11:16056,1478
rovers-suboptimal-old-noisy/30/rovers_noisy_p02_hyp-2_30_1.tar.bz2:0.652992010117:0.0629992:0.65
> 0:False:7,16:16060,1486
> 1:True:7,14:16060,1486
> 2:False:8,16:16060,1486
> 3:True:7,14:16060,1486
> 4:False:8,17:16060,1486
> 5:False:7,17:16060,1486
rovers-suboptimal-old-noisy/30/rovers_noisy_p02_hyp-2_30_2.tar.bz2:0.656949996948:0.063701:0.66
> 0:False:7,17:16060,1486
> 1:True:7,15:16060,1486
> 2:False:8,18:16060,1486
> 3:False:7,17:16060,1486
> 4:True:8,16:16060,1486
> 5:False:7,18:16060,1486
rovers-suboptimal-old-noisy/30/rovers_noisy_p02_hyp-2_30_3.tar.bz2:0.655818939209:0.0631662:0.66
> 0:False:7,17:16060,1486
> 1:False:7,17:16060,1486
> 2:True:8,17:16060,1486
> 3:False:7,17:16060,1486
> 4:False:8,19:16060,1486
> 5:False:7,17:16060,1486
rovers-suboptimal-old-noisy/30/rovers_noisy_p02_hyp-3_30_1.tar.bz2:0.655822038651:0.0637453:0.65
> 0:False:7,14:16059,1484
> 1:False:7,14:16059,1484
> 2:True:8,13:16059,1484
> 3:False:7,14:16059,1484
> 4:True:8,13:16059,1484
> 5:True:7,12:16059,1484
rovers-suboptimal-old-noisy/30/rovers_noisy_p02_hyp-3_30_2.tar.bz2:0.656756877899:0.0632435:0.66
> 0:False:7,16:16059,1484
> 1:False:7,17:16059,1484
> 2:True:8,16:16059,1484
> 3:False:7,17:16059,1484
> 4:False:8,17:16059,1484
> 5:False:7,16:16059,1484
rovers-suboptimal-old-noisy/30/rovers_noisy_p02_hyp-3_30_3.tar.bz2:0.655368089676:0.0632384:0.66
> 0:False:7,17:16060,1486
> 1:False:7,19:16060,1486
> 2:True:8,17:16060,1486
> 3:False:7,17:16060,1486
> 4:False:8,18:16060,1486
> 5:False:7,18:16060,1486
rovers-suboptimal-old-noisy/30/rovers_noisy_p02_hyp-4_30_1.tar.bz2:0.654544115067:0.0628242:0.66
> 0:False:7,15:16058,1482
> 1:False:7,15:16058,1482
> 2:True:8,15:16058,1482
> 3:False:7,15:16058,1482
> 4:False:8,16:16058,1482
> 5:False:7,16:16058,1482
rovers-suboptimal-old-noisy/30/rovers_noisy_p02_hyp-4_30_2.tar.bz2:0.65322303772:0.062934:0.65
> 0:False:7,14:16058,1482
> 1:False:7,15:16058,1482
> 2:True:8,14:16058,1482
> 3:False:7,14:16058,1482
> 4:False:8,17:16058,1482
> 5:False:7,17:16058,1482
rovers-suboptimal-old-noisy/30/rovers_noisy_p02_hyp-4_30_3.tar.bz2:0.655069112778:0.0635738:0.67
> 0:False:7,14:16058,1482
> 1:False:7,14:16058,1482
> 2:False:8,14:16058,1482
> 3:False:7,13:16058,1482
> 4:True:8,13:16058,1482
> 5:False:7,14:16058,1482
rovers-suboptimal-old-noisy/30/rovers_noisy_p03_hyp-1_30_1.tar.bz2:0.654447078705:0.0633662:0.65
> 0:False:7,13:16057,1480
> 1:False:7,14:16057,1480
> 2:False:7,14:16057,1480
> 3:False:7,14:16057,1480
> 4:True:8,13:16057,1480
> 5:False:8,14:16057,1480
rovers-suboptimal-old-noisy/30/rovers_noisy_p03_hyp-1_30_2.tar.bz2:0.656955003738:0.0635217:0.66
> 0:True:7,10:16056,1478
> 1:False:7,12:16056,1478
> 2:False:7,12:16056,1478
> 3:True:7,10:16056,1478
> 4:False:8,12:16056,1478
> 5:False:8,12:16056,1478
rovers-suboptimal-old-noisy/30/rovers_noisy_p03_hyp-1_30_3.tar.bz2:0.654293060303:0.0632946:0.66
> 0:True:7,10:16056,1478
> 1:False:7,13:16056,1478
> 2:False:7,13:16056,1478
> 3:False:7,12:16056,1478
> 4:False:8,12:16056,1478
> 5:False:8,13:16056,1478
rovers-suboptimal-old-noisy/30/rovers_noisy_p03_hyp-2_30_1.tar.bz2:0.656482219696:0.0636961:0.66
> 0:False:7,12:16057,1480
> 1:True:7,11:16057,1480
> 2:False:7,13:16057,1480
> 3:True:7,11:16057,1480
> 4:True:8,12:16057,1480
> 5:False:8,14:16057,1480
rovers-suboptimal-old-noisy/30/rovers_noisy_p03_hyp-2_30_2.tar.bz2:0.657915830612:0.0635696:0.65
> 0:True:7,12:16056,1478
> 1:True:7,12:16056,1478
> 2:True:7,12:16056,1478
> 3:True:7,12:16056,1478
> 4:True:8,13:16056,1478
> 5:True:8,13:16056,1478
rovers-suboptimal-old-noisy/30/rovers_noisy_p03_hyp-2_30_3.tar.bz2:0.65416097641:0.063395:0.66
> 0:False:7,15:16058,1482
> 1:True:7,13:16058,1482
> 2:False:7,15:16058,1482
> 3:False:7,15:16058,1482
> 4:True:8,14:16058,1482
> 5:False:8,17:16058,1482
rovers-suboptimal-old-noisy/30/rovers_noisy_p03_hyp-3_30_1.tar.bz2:0.658775091171:0.0635719:0.65
> 0:False:7,17:16060,1486
> 1:False:7,17:16060,1486
> 2:False:7,17:16060,1486
> 3:True:7,16:16060,1486
> 4:False:8,19:16060,1486
> 5:False:8,20:16060,1486
rovers-suboptimal-old-noisy/30/rovers_noisy_p03_hyp-3_30_2.tar.bz2:0.656111955643:0.0632828:0.66
> 0:False:7,17:16060,1486
> 1:False:7,17:16060,1486
> 2:False:7,17:16060,1486
> 3:False:7,17:16060,1486
> 4:True:8,17:16060,1486
> 5:False:8,18:16060,1486
rovers-suboptimal-old-noisy/30/rovers_noisy_p03_hyp-3_30_3.tar.bz2:0.655566930771:0.0627452:0.66
> 0:False:7,17:16060,1486
> 1:False:7,16:16060,1486
> 2:True:7,15:16060,1486
> 3:True:7,15:16060,1486
> 4:False:8,17:16060,1486
> 5:False:8,17:16060,1486
rovers-suboptimal-old-noisy/30/rovers_noisy_p03_hyp-4_30_1.tar.bz2:0.656239032745:0.0632626:0.66
> 0:False:7,13:16056,1478
> 1:False:7,12:16056,1478
> 2:False:7,13:16056,1478
> 3:True:7,11:16056,1478
> 4:False:8,13:16056,1478
> 5:False:8,15:16056,1478
rovers-suboptimal-old-noisy/30/rovers_noisy_p03_hyp-4_30_2.tar.bz2:0.654196977615:0.0633203:0.66
> 0:False:7,14:16056,1478
> 1:False:7,13:16056,1478
> 2:False:7,12:16056,1478
> 3:True:7,11:16056,1478
> 4:False:8,14:16056,1478
> 5:False:8,15:16056,1478
rovers-suboptimal-old-noisy/30/rovers_noisy_p03_hyp-4_30_3.tar.bz2:0.656130075455:0.0633131:0.65
> 0:True:7,10:16057,1480
> 1:False:7,12:16057,1480
> 2:False:7,12:16057,1480
> 3:True:7,10:16057,1480
> 4:False:8,12:16057,1480
> 5:False:8,12:16057,1480
rovers-suboptimal-old-noisy/50/rovers_noisy_p01_hyp-1_50_1.tar.bz2:0.547919034958:0.03627793:0.55
> 0:True:6,11:8182,903
> 1:False:6,12:8182,903
> 2:False:6,13:8182,903
> 3:False:6,14:8182,903
> 4:False:7,14:8182,903
> 5:False:7,16:8182,903
rovers-suboptimal-old-noisy/50/rovers_noisy_p01_hyp-1_50_2.tar.bz2:0.545512199402:0.03615275:0.54
> 0:True:6,9:8182,903
> 1:False:6,11:8182,903
> 2:False:6,11:8182,903
> 3:False:6,11:8182,903
> 4:False:7,11:8182,903
> 5:False:7,13:8182,903
rovers-suboptimal-old-noisy/50/rovers_noisy_p01_hyp-1_50_3.tar.bz2:0.545101165771:0.03614943:0.54
> 0:True:6,9:8181,901
> 1:False:6,12:8181,901
> 2:False:6,12:8181,901
> 3:False:6,12:8181,901
> 4:False:7,13:8181,901
> 5:False:7,15:8181,901
rovers-suboptimal-old-noisy/50/rovers_noisy_p01_hyp-2_50_1.tar.bz2:0.547227859497:0.03607975:0.55
> 0:False:6,14:8182,903
> 1:True:6,12:8182,903
> 2:False:6,13:8182,903
> 3:False:6,15:8182,903
> 4:True:7,13:8182,903
> 5:False:7,14:8182,903
rovers-suboptimal-old-noisy/50/rovers_noisy_p01_hyp-2_50_2.tar.bz2:0.54699587822:0.03610785:0.54
> 0:False:6,16:8184,907
> 1:True:6,13:8184,907
> 2:False:6,15:8184,907
> 3:False:6,17:8184,907
> 4:False:7,16:8184,907
> 5:False:7,16:8184,907
rovers-suboptimal-old-noisy/50/rovers_noisy_p01_hyp-2_50_3.tar.bz2:0.546842098236:0.03629076:0.55
> 0:False:6,15:8183,905
> 1:True:6,12:8183,905
> 2:False:6,14:8183,905
> 3:False:6,16:8183,905
> 4:False:7,14:8183,905
> 5:False:7,16:8183,905
rovers-suboptimal-old-noisy/50/rovers_noisy_p01_hyp-3_50_1.tar.bz2:0.547059059143:0.03656832:0.55
> 0:False:6,15:8183,905
> 1:False:6,14:8183,905
> 2:False:6,13:8183,905
> 3:False:6,15:8183,905
> 4:True:7,12:8183,905
> 5:False:7,14:8183,905
rovers-suboptimal-old-noisy/50/rovers_noisy_p01_hyp-3_50_2.tar.bz2:0.547369003296:0.03605329:0.55
> 0:False:6,13:8183,905
> 1:True:6,11:8183,905
> 2:True:6,11:8183,905
> 3:False:6,13:8183,905
> 4:False:7,13:8183,905
> 5:False:7,13:8183,905
rovers-suboptimal-old-noisy/50/rovers_noisy_p01_hyp-3_50_3.tar.bz2:0.547462940216:0.03644494:0.54
> 0:False:6,15:8184,907
> 1:False:6,16:8184,907
> 2:True:6,14:8184,907
> 3:False:6,15:8184,907
> 4:False:7,16:8184,907
> 5:False:7,16:8184,907
rovers-suboptimal-old-noisy/50/rovers_noisy_p01_hyp-4_50_1.tar.bz2:0.545949935913:0.03609406:0.55
> 0:False:6,14:8181,901
> 1:False:6,16:8181,901
> 2:False:6,16:8181,901
> 3:False:6,13:8181,901
> 4:False:7,15:8181,901
> 5:True:7,12:8181,901
rovers-suboptimal-old-noisy/50/rovers_noisy_p01_hyp-4_50_2.tar.bz2:0.545474052429:0.03613241:0.55
> 0:False:6,11:8181,901
> 1:False:6,12:8181,901
> 2:False:6,11:8181,901
> 3:True:6,8:8181,901
> 4:False:7,13:8181,901
> 5:False:7,13:8181,901
rovers-suboptimal-old-noisy/50/rovers_noisy_p01_hyp-4_50_3.tar.bz2:0.549009084702:0.03644287:0.55
> 0:False:6,13:8182,903
> 1:False:6,13:8182,903
> 2:False:6,12:8182,903
> 3:True:6,11:8182,903
> 4:False:7,13:8182,903
> 5:False:7,13:8182,903
rovers-suboptimal-old-noisy/50/rovers_noisy_p02_hyp-1_50_1.tar.bz2:0.656639099121:0.063804:0.66
> 0:True:7,16:16061,1488
> 1:False:7,19:16061,1488
> 2:False:8,18:16061,1488
> 3:False:7,18:16061,1488
> 4:False:8,21:16061,1488
> 5:False:7,17:16061,1488
rovers-suboptimal-old-noisy/50/rovers_noisy_p02_hyp-1_50_2.tar.bz2:0.657566070557:0.0635533:0.65
> 0:False:7,14:16061,1488
> 1:False:7,19:16061,1488
> 2:True:8,14:16061,1488
> 3:False:7,17:16061,1488
> 4:False:8,18:16061,1488
> 5:False:7,15:16061,1488
rovers-suboptimal-old-noisy/50/rovers_noisy_p02_hyp-1_50_3.tar.bz2:0.654415845871:0.0636462:0.66
> 0:True:7,13:16060,1486
> 1:False:7,16:16060,1486
> 2:True:8,14:16060,1486
> 3:False:7,15:16060,1486
> 4:False:8,18:16060,1486
> 5:False:7,16:16060,1486
rovers-suboptimal-old-noisy/50/rovers_noisy_p02_hyp-2_50_1.tar.bz2:0.657112836838:0.0635914:0.66
> 0:False:7,18:16062,1490
> 1:True:7,14:16062,1490
> 2:False:8,18:16062,1490
> 3:False:7,16:16062,1490
> 4:True:8,15:16062,1490
> 5:False:7,18:16062,1490
rovers-suboptimal-old-noisy/50/rovers_noisy_p02_hyp-2_50_2.tar.bz2:0.657232046127:0.0632524:0.66
> 0:False:7,19:16062,1490
> 1:True:7,15:16062,1490
> 2:False:8,19:16062,1490
> 3:False:7,16:16062,1490
> 4:False:8,18:16062,1490
> 5:False:7,21:16062,1490
rovers-suboptimal-old-noisy/50/rovers_noisy_p02_hyp-2_50_3.tar.bz2:0.655425071716:0.0636779:0.65
> 0:False:7,18:16061,1488
> 1:True:7,15:16061,1488
> 2:False:8,18:16061,1488
> 3:False:7,17:16061,1488
> 4:False:8,18:16061,1488
> 5:False:7,20:16061,1488
rovers-suboptimal-old-noisy/50/rovers_noisy_p02_hyp-3_50_1.tar.bz2:0.655738115311:0.063285:0.65
> 0:False:7,18:16062,1490
> 1:False:7,21:16062,1490
> 2:True:8,18:16062,1490
> 3:False:7,20:16062,1490
> 4:False:8,22:16062,1490
> 5:False:7,21:16062,1490
rovers-suboptimal-old-noisy/50/rovers_noisy_p02_hyp-3_50_2.tar.bz2:0.656177997589:0.0633533:0.65
> 0:False:7,19:16062,1490
> 1:False:7,22:16062,1490
> 2:True:8,18:16062,1490
> 3:False:7,20:16062,1490
> 4:False:8,21:16062,1490
> 5:False:7,19:16062,1490
rovers-suboptimal-old-noisy/50/rovers_noisy_p02_hyp-3_50_3.tar.bz2:0.658653020859:0.064102:0.67
> 0:False:7,17:16063,1492
> 1:False:7,21:16063,1492
> 2:True:8,17:16063,1492
> 3:False:7,19:16063,1492
> 4:False:8,22:16063,1492
> 5:False:7,19:16063,1492
rovers-suboptimal-old-noisy/50/rovers_noisy_p02_hyp-4_50_1.tar.bz2:0.659913063049:0.0630302:0.66
> 0:False:7,18:16062,1490
> 1:False:7,19:16062,1490
> 2:True:8,18:16062,1490
> 3:True:7,17:16062,1490
> 4:False:8,20:16062,1490
> 5:False:7,19:16062,1490
rovers-suboptimal-old-noisy/50/rovers_noisy_p02_hyp-4_50_2.tar.bz2:0.657034158707:0.0638306:0.66
> 0:False:7,17:16060,1486
> 1:False:7,15:16060,1486
> 2:False:8,17:16060,1486
> 3:True:7,14:16060,1486
> 4:False:8,18:16060,1486
> 5:False:7,19:16060,1486
rovers-suboptimal-old-noisy/50/rovers_noisy_p02_hyp-4_50_3.tar.bz2:0.657725095749:0.063708:0.66
> 0:False:7,19:16062,1490
> 1:False:7,18:16062,1490
> 2:False:8,19:16062,1490
> 3:True:7,17:16062,1490
> 4:False:8,21:16062,1490
> 5:False:7,21:16062,1490
rovers-suboptimal-old-noisy/50/rovers_noisy_p03_hyp-1_50_1.tar.bz2:0.655458927155:0.0632023:0.66
> 0:True:7,14:16059,1484
> 1:False:7,15:16059,1484
> 2:False:7,16:16059,1484
> 3:True:7,14:16059,1484
> 4:True:8,15:16059,1484
> 5:True:8,15:16059,1484
rovers-suboptimal-old-noisy/50/rovers_noisy_p03_hyp-1_50_2.tar.bz2:0.658959150314:0.0636875:0.65
> 0:True:7,14:16060,1486
> 1:False:7,18:16060,1486
> 2:False:7,19:16060,1486
> 3:False:7,16:16060,1486
> 4:False:8,17:16060,1486
> 5:False:8,18:16060,1486
rovers-suboptimal-old-noisy/50/rovers_noisy_p03_hyp-1_50_3.tar.bz2:0.656825065613:0.0635575:0.66
> 0:True:7,15:16060,1486
> 1:False:7,20:16060,1486
> 2:False:7,21:16060,1486
> 3:False:7,18:16060,1486
> 4:False:8,19:16060,1486
> 5:False:8,20:16060,1486
rovers-suboptimal-old-noisy/50/rovers_noisy_p03_hyp-2_50_1.tar.bz2:0.658118963242:0.063353:0.66
> 0:False:7,16:16061,1488
> 1:True:7,15:16061,1488
> 2:False:7,16:16061,1488
> 3:False:7,16:16061,1488
> 4:True:8,16:16061,1488
> 5:False:8,17:16061,1488
rovers-suboptimal-old-noisy/50/rovers_noisy_p03_hyp-2_50_2.tar.bz2:0.65619802475:0.0630211:0.66
> 0:False:7,17:16061,1488
> 1:False:7,16:16061,1488
> 2:False:7,19:16061,1488
> 3:False:7,17:16061,1488
> 4:True:8,16:16061,1488
> 5:False:8,20:16061,1488
rovers-suboptimal-old-noisy/50/rovers_noisy_p03_hyp-2_50_3.tar.bz2:0.656497955322:0.0633853:0.66
> 0:False:7,19:16060,1486
> 1:True:7,17:16060,1486
> 2:False:7,18:16060,1486
> 3:False:7,18:16060,1486
> 4:False:8,19:16060,1486
> 5:False:8,20:16060,1486
rovers-suboptimal-old-noisy/50/rovers_noisy_p03_hyp-3_50_1.tar.bz2:0.656232118607:0.0635631:0.66
> 0:False:7,16:16061,1488
> 1:False:7,15:16061,1488
> 2:True:7,14:16061,1488
> 3:False:7,16:16061,1488
> 4:False:8,16:16061,1488
> 5:False:8,16:16061,1488
rovers-suboptimal-old-noisy/50/rovers_noisy_p03_hyp-3_50_2.tar.bz2:0.656611919403:0.0629934:0.65
> 0:False:7,22:16062,1490
> 1:False:7,22:16062,1490
> 2:True:7,19:16062,1490
> 3:False:7,21:16062,1490
> 4:False:8,23:16062,1490
> 5:False:8,21:16062,1490
rovers-suboptimal-old-noisy/50/rovers_noisy_p03_hyp-3_50_3.tar.bz2:0.654726982117:0.0633783:0.66
> 0:False:7,22:16062,1490
> 1:True:7,18:16062,1490
> 2:True:7,18:16062,1490
> 3:False:7,19:16062,1490
> 4:False:8,21:16062,1490
> 5:False:8,22:16062,1490
rovers-suboptimal-old-noisy/50/rovers_noisy_p03_hyp-4_50_1.tar.bz2:0.659288883209:0.0635938:0.66
> 0:False:7,15:16061,1488
> 1:False:7,15:16061,1488
> 2:False:7,17:16061,1488
> 3:True:7,14:16061,1488
> 4:True:8,15:16061,1488
> 5:False:8,18:16061,1488
rovers-suboptimal-old-noisy/50/rovers_noisy_p03_hyp-4_50_2.tar.bz2:0.657181024551:0.0636101:0.66
> 0:False:7,16:16059,1484
> 1:False:7,15:16059,1484
> 2:False:7,14:16059,1484
> 3:True:7,13:16059,1484
> 4:False:8,16:16059,1484
> 5:False:8,17:16059,1484
rovers-suboptimal-old-noisy/50/rovers_noisy_p03_hyp-4_50_3.tar.bz2:0.657753944397:0.0633613:0.66
> 0:False:7,17:16060,1486
> 1:False:7,18:16060,1486
> 2:False:7,19:16060,1486
> 3:True:7,15:16060,1486
> 4:False:8,19:16060,1486
> 5:False:8,20:16060,1486
rovers-suboptimal-old-noisy/70/rovers_noisy_p01_hyp-1_70_1.tar.bz2:0.548048019409:0.03638385:0.55
> 0:True:6,13:8184,907
> 1:False:6,17:8184,907
> 2:False:6,17:8184,907
> 3:False:6,16:8184,907
> 4:False:7,17:8184,907
> 5:False:7,16:8184,907
rovers-suboptimal-old-noisy/70/rovers_noisy_p01_hyp-1_70_2.tar.bz2:0.549502134323:0.03619818:0.55
> 0:True:6,9:8182,903
> 1:False:6,12:8182,903
> 2:False:6,12:8182,903
> 3:False:6,12:8182,903
> 4:False:7,13:8182,903
> 5:False:7,14:8182,903
rovers-suboptimal-old-noisy/70/rovers_noisy_p01_hyp-1_70_3.tar.bz2:0.548366785049:0.03631108:0.54
> 0:True:6,9:8183,905
> 1:False:6,13:8183,905
> 2:False:6,13:8183,905
> 3:False:6,13:8183,905
> 4:False:7,14:8183,905
> 5:False:7,15:8183,905
rovers-suboptimal-old-noisy/70/rovers_noisy_p01_hyp-2_70_1.tar.bz2:0.549437046051:0.03615642:0.55
> 0:False:6,15:8184,907
> 1:True:6,13:8184,907
> 2:False:6,15:8184,907
> 3:False:6,16:8184,907
> 4:False:7,16:8184,907
> 5:False:7,17:8184,907
rovers-suboptimal-old-noisy/70/rovers_noisy_p01_hyp-2_70_2.tar.bz2:0.545608043671:0.03606443:0.55
> 0:False:6,16:8186,911
> 1:True:6,13:8186,911
> 2:False:6,14:8186,911
> 3:False:6,17:8186,911
> 4:True:7,14:8186,911
> 5:False:7,16:8186,911
rovers-suboptimal-old-noisy/70/rovers_noisy_p01_hyp-2_70_3.tar.bz2:0.548280954361:0.03611301:0.55
> 0:False:6,14:8183,905
> 1:True:6,11:8183,905
> 2:False:6,12:8183,905
> 3:False:6,14:8183,905
> 4:False:7,13:8183,905
> 5:False:7,14:8183,905
rovers-suboptimal-old-noisy/70/rovers_noisy_p01_hyp-3_70_1.tar.bz2:0.548538923264:0.03639576:0.55
> 0:False:6,15:8185,909
> 1:False:6,14:8185,909
> 2:True:6,12:8185,909
> 3:False:6,14:8185,909
> 4:False:7,15:8185,909
> 5:False:7,15:8185,909
rovers-suboptimal-old-noisy/70/rovers_noisy_p01_hyp-3_70_2.tar.bz2:0.547008991241:0.03621678:0.54
> 0:False:6,13:8184,907
> 1:False:6,12:8184,907
> 2:True:6,10:8184,907
> 3:False:6,13:8184,907
> 4:False:7,12:8184,907
> 5:False:7,14:8184,907
rovers-suboptimal-old-noisy/70/rovers_noisy_p01_hyp-3_70_3.tar.bz2:0.549085140228:0.03618984:0.55
> 0:False:6,15:8184,907
> 1:False:6,13:8184,907
> 2:True:6,12:8184,907
> 3:False:6,16:8184,907
> 4:False:7,14:8184,907
> 5:False:7,16:8184,907
rovers-suboptimal-old-noisy/70/rovers_noisy_p01_hyp-4_70_1.tar.bz2:0.548723936081:0.03607871:0.55
> 0:False:6,13:8184,907
> 1:False:6,15:8184,907
> 2:False:6,13:8184,907
> 3:True:6,10:8184,907
> 4:False:7,16:8184,907
> 5:False:7,14:8184,907
rovers-suboptimal-old-noisy/70/rovers_noisy_p01_hyp-4_70_2.tar.bz2:0.54657292366:0.03615213:0.55
> 0:False:6,13:8182,903
> 1:False:6,14:8182,903
> 2:False:6,12:8182,903
> 3:True:6,10:8182,903
> 4:False:7,15:8182,903
> 5:False:7,13:8182,903
rovers-suboptimal-old-noisy/70/rovers_noisy_p01_hyp-4_70_3.tar.bz2:0.547615766525:0.03648467:0.56
> 0:True:6,16:8184,907
> 1:False:6,18:8184,907
> 2:False:6,17:8184,907
> 3:True:6,16:8184,907
> 4:False:7,18:8184,907
> 5:True:7,17:8184,907
rovers-suboptimal-old-noisy/70/rovers_noisy_p02_hyp-1_70_1.tar.bz2:0.654176950455:0.0637723:0.65
> 0:True:7,16:16063,1492
> 1:False:7,20:16063,1492
> 2:True:8,17:16063,1492
> 3:False:7,18:16063,1492
> 4:False:8,22:16063,1492
> 5:False:7,19:16063,1492
rovers-suboptimal-old-noisy/70/rovers_noisy_p02_hyp-1_70_2.tar.bz2:0.656363010406:0.06386:0.66
> 0:True:7,16:16063,1492
> 1:False:7,21:16063,1492
> 2:True:8,17:16063,1492
> 3:False:7,19:16063,1492
> 4:False:8,22:16063,1492
> 5:False:7,19:16063,1492
rovers-suboptimal-old-noisy/70/rovers_noisy_p02_hyp-1_70_3.tar.bz2:0.655592918396:0.0638734:0.66
> 0:True:7,16:16062,1490
> 1:False:7,20:16062,1490
> 2:True:8,17:16062,1490
> 3:False:7,18:16062,1490
> 4:False:8,20:16062,1490
> 5:False:7,18:16062,1490
rovers-suboptimal-old-noisy/70/rovers_noisy_p02_hyp-2_70_1.tar.bz2:0.656985998154:0.0639832:0.65
> 0:False:7,22:16066,1498
> 1:True:7,20:16066,1498
> 2:False:8,22:16066,1498
> 3:False:7,21:16066,1498
> 4:True:8,21:16066,1498
> 5:False:7,22:16066,1498
rovers-suboptimal-old-noisy/70/rovers_noisy_p02_hyp-2_70_2.tar.bz2:0.656505823135:0.0630592:0.66
> 0:False:7,20:16063,1492
> 1:True:7,18:16063,1492
> 2:False:8,21:16063,1492
> 3:False:7,20:16063,1492
> 4:False:8,20:16063,1492
> 5:False:7,21:16063,1492
rovers-suboptimal-old-noisy/70/rovers_noisy_p02_hyp-2_70_3.tar.bz2:0.655976057053:0.063633:0.65
> 0:False:7,23:16067,1500
> 1:True:7,20:16067,1500
> 2:False:8,23:16067,1500
> 3:False:7,22:16067,1500
> 4:False:8,23:16067,1500
> 5:False:7,24:16067,1500
rovers-suboptimal-old-noisy/70/rovers_noisy_p02_hyp-3_70_1.tar.bz2:0.657134056091:0.0633306:0.67
> 0:False:7,22:16066,1498
> 1:False:7,25:16066,1498
> 2:True:8,21:16066,1498
> 3:False:7,23:16066,1498
> 4:False:8,25:16066,1498
> 5:False:7,23:16066,1498
rovers-suboptimal-old-noisy/70/rovers_noisy_p02_hyp-3_70_2.tar.bz2:0.659753084183:0.0637391:0.66
> 0:False:7,20:16064,1494
> 1:False:7,21:16064,1494
> 2:True:8,18:16064,1494
> 3:False:7,19:16064,1494
> 4:False:8,22:16064,1494
> 5:False:7,21:16064,1494
rovers-suboptimal-old-noisy/70/rovers_noisy_p02_hyp-3_70_3.tar.bz2:0.654702186584:0.0633253:0.66
> 0:False:7,21:16064,1494
> 1:False:7,21:16064,1494
> 2:True:8,19:16064,1494
> 3:False:7,19:16064,1494
> 4:False:8,23:16064,1494
> 5:False:7,22:16064,1494
rovers-suboptimal-old-noisy/70/rovers_noisy_p02_hyp-4_70_1.tar.bz2:0.655538797379:0.0633092:0.65
> 0:False:7,20:16064,1494
> 1:False:7,19:16064,1494
> 2:False:8,20:16064,1494
> 3:True:7,17:16064,1494
> 4:False:8,22:16064,1494
> 5:False:7,23:16064,1494
rovers-suboptimal-old-noisy/70/rovers_noisy_p02_hyp-4_70_2.tar.bz2:0.656672000885:0.0635439:0.65
> 0:True:7,19:16064,1494
> 1:False:7,21:16064,1494
> 2:True:8,20:16064,1494
> 3:True:7,19:16064,1494
> 4:False:8,22:16064,1494
> 5:False:7,21:16064,1494
rovers-suboptimal-old-noisy/70/rovers_noisy_p02_hyp-4_70_3.tar.bz2:0.655935049057:0.0639709:0.65
> 0:False:7,20:16066,1498
> 1:False:7,19:16066,1498
> 2:False:8,20:16066,1498
> 3:True:7,17:16066,1498
> 4:False:8,22:16066,1498
> 5:False:7,23:16066,1498
rovers-suboptimal-old-noisy/70/rovers_noisy_p03_hyp-1_70_1.tar.bz2:0.657465934753:0.0636057:0.66
> 0:True:7,13:16061,1488
> 1:False:7,16:16061,1488
> 2:False:7,18:16061,1488
> 3:False:7,15:16061,1488
> 4:False:8,15:16061,1488
> 5:False:8,18:16061,1488
rovers-suboptimal-old-noisy/70/rovers_noisy_p03_hyp-1_70_2.tar.bz2:0.65746307373:0.0635629:0.66
> 0:True:7,12:16061,1488
> 1:False:7,15:16061,1488
> 2:False:7,17:16061,1488
> 3:False:7,14:16061,1488
> 4:False:8,15:16061,1488
> 5:False:8,16:16061,1488
rovers-suboptimal-old-noisy/70/rovers_noisy_p03_hyp-1_70_3.tar.bz2:0.659441947937:0.0635293:0.66
> 0:True:7,14:16063,1492
> 1:False:7,18:16063,1492
> 2:False:7,19:16063,1492
> 3:False:7,16:16063,1492
> 4:False:8,18:16063,1492
> 5:False:8,19:16063,1492
rovers-suboptimal-old-noisy/70/rovers_noisy_p03_hyp-2_70_1.tar.bz2:0.655596971512:0.0635382:0.64
> 0:False:7,22:16065,1496
> 1:True:7,20:16065,1496
> 2:False:7,21:16065,1496
> 3:False:7,21:16065,1496
> 4:False:8,22:16065,1496
> 5:False:8,23:16065,1496
rovers-suboptimal-old-noisy/70/rovers_noisy_p03_hyp-2_70_2.tar.bz2:0.654675960541:0.0632378:0.65
> 0:False:7,25:16064,1494
> 1:True:7,21:16064,1494
> 2:False:7,23:16064,1494
> 3:False:7,24:16064,1494
> 4:False:8,24:16064,1494
> 5:False:8,26:16064,1494
rovers-suboptimal-old-noisy/70/rovers_noisy_p03_hyp-2_70_3.tar.bz2:0.655356884003:0.0635183:0.66
> 0:False:7,21:16065,1496
> 1:True:7,17:16065,1496
> 2:False:7,20:16065,1496
> 3:False:7,20:16065,1496
> 4:False:8,20:16065,1496
> 5:False:8,23:16065,1496
rovers-suboptimal-old-noisy/70/rovers_noisy_p03_hyp-3_70_1.tar.bz2:0.655246019363:0.0627072:0.66
> 0:False:7,22:16066,1498
> 1:False:7,19:16066,1498
> 2:True:7,18:16066,1498
> 3:False:7,21:16066,1498
> 4:False:8,22:16066,1498
> 5:False:8,21:16066,1498
rovers-suboptimal-old-noisy/70/rovers_noisy_p03_hyp-3_70_2.tar.bz2:0.654848098755:0.0630913:0.65
> 0:False:7,24:16065,1496
> 1:False:7,21:16065,1496
> 2:True:7,19:16065,1496
> 3:False:7,21:16065,1496
> 4:False:8,24:16065,1496
> 5:False:8,22:16065,1496
rovers-suboptimal-old-noisy/70/rovers_noisy_p03_hyp-3_70_3.tar.bz2:0.65846991539:0.0641687:0.65
> 0:False:7,23:16067,1500
> 1:False:7,20:16067,1500
> 2:True:7,17:16067,1500
> 3:False:7,20:16067,1500
> 4:False:8,23:16067,1500
> 5:False:8,22:16067,1500
rovers-suboptimal-old-noisy/70/rovers_noisy_p03_hyp-4_70_1.tar.bz2:0.653569936752:0.0635285:0.65
> 0:False:7,18:16062,1490
> 1:False:7,17:16062,1490
> 2:False:7,18:16062,1490
> 3:True:7,15:16062,1490
> 4:False:8,19:16062,1490
> 5:False:8,21:16062,1490
rovers-suboptimal-old-noisy/70/rovers_noisy_p03_hyp-4_70_2.tar.bz2:0.657408952713:0.0634098:0.66
> 0:False:7,16:16062,1490
> 1:False:7,16:16062,1490
> 2:False:7,17:16062,1490
> 3:True:7,14:16062,1490
> 4:False:8,17:16062,1490
> 5:False:8,18:16062,1490
rovers-suboptimal-old-noisy/70/rovers_noisy_p03_hyp-4_70_3.tar.bz2:0.654950857162:0.0635451:0.65
> 0:False:7,16:16061,1488
> 1:False:7,16:16061,1488
> 2:False:7,17:16061,1488
> 3:True:7,13:16061,1488
> 4:False:8,18:16061,1488
> 5:False:8,20:16061,1488
rovers-suboptimal-old-noisy/100/rovers_noisy_p01_hyp-1_full_1.tar.bz2:0.548149108887:0.03641173:0.55
> 0:True:6,15:8187,913
> 1:False:6,19:8187,913
> 2:False:6,19:8187,913
> 3:False:6,19:8187,913
> 4:False:7,17:8187,913
> 5:False:7,20:8187,913
rovers-suboptimal-old-noisy/100/rovers_noisy_p01_hyp-1_full_2.tar.bz2:0.546911001205:0.03620415:0.55
> 0:True:6,13:8186,911
> 1:False:6,15:8186,911
> 2:False:6,15:8186,911
> 3:False:6,16:8186,911
> 4:False:7,16:8186,911
> 5:False:7,17:8186,911
rovers-suboptimal-old-noisy/100/rovers_noisy_p01_hyp-1_full_3.tar.bz2:0.548605918884:0.03623788:0.55
> 0:True:6,13:8186,911
> 1:False:6,16:8186,911
> 2:False:6,16:8186,911
> 3:False:6,15:8186,911
> 4:False:7,17:8186,911
> 5:False:7,17:8186,911
rovers-suboptimal-old-noisy/100/rovers_noisy_p01_hyp-2_full_1.tar.bz2:0.547841072083:0.03629002:0.55
> 0:False:6,19:8188,915
> 1:True:6,15:8188,915
> 2:False:6,16:8188,915
> 3:False:6,20:8188,915
> 4:False:7,18:8188,915
> 5:False:7,20:8188,915
rovers-suboptimal-old-noisy/100/rovers_noisy_p01_hyp-2_full_2.tar.bz2:0.549577951431:0.03624856:0.55
> 0:False:6,16:8186,911
> 1:True:6,12:8186,911
> 2:False:6,14:8186,911
> 3:False:6,17:8186,911
> 4:False:7,15:8186,911
> 5:False:7,17:8186,911
rovers-suboptimal-old-noisy/100/rovers_noisy_p01_hyp-2_full_3.tar.bz2:0.547691106796:0.03618889:0.55
> 0:False:6,17:8187,913
> 1:True:6,13:8187,913
> 2:False:6,15:8187,913
> 3:False:6,18:8187,913
> 4:False:7,16:8187,913
> 5:False:7,18:8187,913
rovers-suboptimal-old-noisy/100/rovers_noisy_p01_hyp-3_full_1.tar.bz2:0.546653032303:0.03627852:0.55
> 0:False:6,18:8188,915
> 1:False:6,18:8188,915
> 2:True:6,16:8188,915
> 3:False:6,19:8188,915
> 4:False:7,19:8188,915
> 5:False:7,20:8188,915
rovers-suboptimal-old-noisy/100/rovers_noisy_p01_hyp-3_full_2.tar.bz2:0.548989057541:0.03614447:0.55
> 0:False:6,15:8186,911
> 1:False:6,13:8186,911
> 2:True:6,11:8186,911
> 3:False:6,15:8186,911
> 4:False:7,14:8186,911
> 5:False:7,16:8186,911
rovers-suboptimal-old-noisy/100/rovers_noisy_p01_hyp-3_full_3.tar.bz2:0.548913002014:0.03653054:0.55
> 0:False:6,18:8187,913
> 1:False:6,16:8187,913
> 2:False:6,14:8187,913
> 3:False:6,18:8187,913
> 4:True:7,14:8187,913
> 5:False:7,18:8187,913
rovers-suboptimal-old-noisy/100/rovers_noisy_p01_hyp-4_full_1.tar.bz2:0.549967050552:0.03648465:0.55
> 0:False:6,19:8187,913
> 1:False:6,20:8187,913
> 2:False:6,19:8187,913
> 3:True:6,16:8187,913
> 4:False:7,20:8187,913
> 5:False:7,19:8187,913
rovers-suboptimal-old-noisy/100/rovers_noisy_p01_hyp-4_full_2.tar.bz2:0.545078039169:0.03641721:0.54
> 0:False:6,18:8187,913
> 1:False:6,19:8187,913
> 2:False:6,18:8187,913
> 3:True:6,14:8187,913
> 4:False:7,19:8187,913
> 5:False:7,18:8187,913
rovers-suboptimal-old-noisy/100/rovers_noisy_p01_hyp-4_full_3.tar.bz2:0.547201871872:0.03625312:0.54
> 0:False:6,16:8186,911
> 1:False:6,17:8186,911
> 2:False:6,16:8186,911
> 3:True:6,12:8186,911
> 4:False:7,17:8186,911
> 5:False:7,16:8186,911
rovers-suboptimal-old-noisy/100/rovers_noisy_p02_hyp-1_full_1.tar.bz2:0.655015945435:0.0632187:0.65
> 0:True:7,19:16067,1500
> 1:False:7,22:16067,1500
> 2:False:8,21:16067,1500
> 3:False:7,21:16067,1500
> 4:False:8,24:16067,1500
> 5:False:7,22:16067,1500
rovers-suboptimal-old-noisy/100/rovers_noisy_p02_hyp-1_full_2.tar.bz2:0.656430006027:0.0631479:0.66
> 0:True:7,17:16066,1498
> 1:False:7,22:16066,1498
> 2:False:8,19:16066,1498
> 3:False:7,20:16066,1498
> 4:False:8,23:16066,1498
> 5:False:7,20:16066,1498
rovers-suboptimal-old-noisy/100/rovers_noisy_p02_hyp-1_full_3.tar.bz2:0.654840946198:0.0635006:0.65
> 0:True:7,17:16067,1500
> 1:False:7,22:16067,1500
> 2:False:8,19:16067,1500
> 3:False:7,20:16067,1500
> 4:False:8,24:16067,1500
> 5:False:7,21:16067,1500
rovers-suboptimal-old-noisy/100/rovers_noisy_p02_hyp-2_full_1.tar.bz2:0.655623197556:0.0635068:0.65
> 0:False:7,22:16067,1500
> 1:True:7,17:16067,1500
> 2:False:8,22:16067,1500
> 3:False:7,19:16067,1500
> 4:False:8,20:16067,1500
> 5:False:7,23:16067,1500
rovers-suboptimal-old-noisy/100/rovers_noisy_p02_hyp-2_full_2.tar.bz2:0.655957937241:0.0639088:0.66
> 0:False:7,28:16071,1508
> 1:True:7,25:16071,1508
> 2:False:8,28:16071,1508
> 3:False:7,26:16071,1508
> 4:True:8,26:16071,1508
> 5:False:7,29:16071,1508
rovers-suboptimal-old-noisy/100/rovers_noisy_p02_hyp-2_full_3.tar.bz2:0.656884908676:0.0632437:0.66
> 0:False:7,24:16069,1504
> 1:True:7,19:16069,1504
> 2:False:8,24:16069,1504
> 3:False:7,21:16069,1504
> 4:False:8,22:16069,1504
> 5:False:7,25:16069,1504
rovers-suboptimal-old-noisy/100/rovers_noisy_p02_hyp-3_full_1.tar.bz2:0.656213998795:0.0639827:0.65
> 0:False:7,25:16069,1504
> 1:False:7,28:16069,1504
> 2:True:8,23:16069,1504
> 3:False:7,26:16069,1504
> 4:False:8,26:16069,1504
> 5:False:7,26:16069,1504
rovers-suboptimal-old-noisy/100/rovers_noisy_p02_hyp-3_full_2.tar.bz2:0.659543991089:0.0636791:0.66
> 0:False:7,25:16069,1504
> 1:False:7,28:16069,1504
> 2:True:8,23:16069,1504
> 3:False:7,26:16069,1504
> 4:False:8,28:16069,1504
> 5:False:7,25:16069,1504
rovers-suboptimal-old-noisy/100/rovers_noisy_p02_hyp-3_full_3.tar.bz2:0.656981229782:0.0632798:0.66
> 0:False:7,25:16070,1506
> 1:False:7,28:16070,1506
> 2:True:8,23:16070,1506
> 3:False:7,26:16070,1506
> 4:False:8,28:16070,1506
> 5:False:7,25:16070,1506
rovers-suboptimal-old-noisy/100/rovers_noisy_p02_hyp-4_full_1.tar.bz2:0.655649900436:0.0632768:0.66
> 0:False:7,25:16068,1502
> 1:True:7,22:16068,1502
> 2:False:8,25:16068,1502
> 3:True:7,22:16068,1502
> 4:False:8,25:16068,1502
> 5:False:7,28:16068,1502
rovers-suboptimal-old-noisy/100/rovers_noisy_p02_hyp-4_full_2.tar.bz2:0.656481981277:0.0634261:0.66
> 0:False:7,23:16068,1502
> 1:False:7,22:16068,1502
> 2:False:8,22:16068,1502
> 3:True:7,20:16068,1502
> 4:False:8,24:16068,1502
> 5:False:7,24:16068,1502
rovers-suboptimal-old-noisy/100/rovers_noisy_p02_hyp-4_full_3.tar.bz2:0.656831026077:0.063628:0.65
> 0:False:7,26:16070,1506
> 1:False:7,25:16070,1506
> 2:False:8,27:16070,1506
> 3:True:7,24:16070,1506
> 4:False:8,28:16070,1506
> 5:False:7,29:16070,1506
rovers-suboptimal-old-noisy/100/rovers_noisy_p03_hyp-1_full_1.tar.bz2:0.656172990799:0.0640484:0.66
> 0:True:7,20:16066,1498
> 1:False:7,23:16066,1498
> 2:False:7,24:16066,1498
> 3:False:7,21:16066,1498
> 4:False:8,23:16066,1498
> 5:False:8,24:16066,1498
rovers-suboptimal-old-noisy/100/rovers_noisy_p03_hyp-1_full_2.tar.bz2:0.657454967499:0.0636008:0.66
> 0:True:7,15:16064,1494
> 1:False:7,20:16064,1494
> 2:False:7,22:16064,1494
> 3:False:7,18:16064,1494
> 4:False:8,19:16064,1494
> 5:False:8,21:16064,1494
rovers-suboptimal-old-noisy/100/rovers_noisy_p03_hyp-1_full_3.tar.bz2:0.657410144806:0.0634919:0.66
> 0:True:7,19:16066,1498
> 1:False:7,23:16066,1498
> 2:False:7,25:16066,1498
> 3:False:7,21:16066,1498
> 4:False:8,22:16066,1498
> 5:False:8,22:16066,1498
rovers-suboptimal-old-noisy/100/rovers_noisy_p03_hyp-2_full_1.tar.bz2:0.657149076462:0.0632641:0.66
> 0:False:7,24:16069,1504
> 1:True:7,21:16069,1504
> 2:False:7,23:16069,1504
> 3:False:7,24:16069,1504
> 4:False:8,24:16069,1504
> 5:False:8,25:16069,1504
rovers-suboptimal-old-noisy/100/rovers_noisy_p03_hyp-2_full_2.tar.bz2:0.655364990234:0.0635486:0.65
> 0:False:7,20:16066,1498
> 1:True:7,16:16066,1498
> 2:False:7,20:16066,1498
> 3:False:7,19:16066,1498
> 4:False:8,19:16066,1498
> 5:False:8,23:16066,1498
rovers-suboptimal-old-noisy/100/rovers_noisy_p03_hyp-2_full_3.tar.bz2:0.657875776291:0.0635915:0.66
> 0:False:7,24:16068,1502
> 1:True:7,20:16068,1502
> 2:False:7,22:16068,1502
> 3:False:7,22:16068,1502
> 4:False:8,23:16068,1502
> 5:False:8,27:16068,1502
rovers-suboptimal-old-noisy/100/rovers_noisy_p03_hyp-3_full_1.tar.bz2:0.659073829651:0.0637759:0.66
> 0:False:7,26:16069,1504
> 1:False:7,23:16069,1504
> 2:True:7,20:16069,1504
> 3:False:7,23:16069,1504
> 4:False:8,26:16069,1504
> 5:False:8,25:16069,1504
rovers-suboptimal-old-noisy/100/rovers_noisy_p03_hyp-3_full_2.tar.bz2:0.654314041138:0.0633473:0.64
> 0:False:7,25:16069,1504
> 1:False:7,23:16069,1504
> 2:True:7,20:16069,1504
> 3:False:7,23:16069,1504
> 4:False:8,26:16069,1504
> 5:False:8,25:16069,1504
rovers-suboptimal-old-noisy/100/rovers_noisy_p03_hyp-3_full_3.tar.bz2:0.655841112137:0.0635422:0.66
> 0:False:7,28:16071,1508
> 1:False:7,25:16071,1508
> 2:True:7,23:16071,1508
> 3:False:7,26:16071,1508
> 4:False:8,28:16071,1508
> 5:False:8,27:16071,1508
rovers-suboptimal-old-noisy/100/rovers_noisy_p03_hyp-4_full_1.tar.bz2:0.655709981918:0.0631155:0.66
> 0:False:7,22:16067,1500
> 1:False:7,22:16067,1500
> 2:False:7,22:16067,1500
> 3:True:7,19:16067,1500
> 4:False:8,24:16067,1500
> 5:False:8,24:16067,1500
rovers-suboptimal-old-noisy/100/rovers_noisy_p03_hyp-4_full_2.tar.bz2:0.653980016708:0.0634334:0.66
> 0:False:7,22:16067,1500
> 1:False:7,22:16067,1500
> 2:False:7,22:16067,1500
> 3:True:7,19:16067,1500
> 4:False:8,24:16067,1500
> 5:False:8,24:16067,1500
rovers-suboptimal-old-noisy/100/rovers_noisy_p03_hyp-4_full_3.tar.bz2:0.656927108765:0.0636346:0.66
> 0:False:7,18:16065,1496
> 1:False:7,19:16065,1496
> 2:False:7,20:16065,1496
> 3:True:7,16:16065,1496
> 4:False:8,21:16065,1496
> 5:False:8,21:16065,1496
