rovers-suboptimal-old-noisy/10/rovers_noisy_p01_hyp-1_10_1.tar.bz2:0.582289934158:0.06922396:0.58
> 0:True:8,8:8177,978
> 1:False:8,10:8177,978
> 2:False:8,10:8177,978
> 3:False:8,11:8177,978
> 4:False:8,11:8177,978
> 5:False:9,13:8177,978
rovers-suboptimal-old-noisy/10/rovers_noisy_p01_hyp-1_10_2.tar.bz2:0.580996990204:0.0681893:0.59
> 0:True:8,8:8178,979
> 1:True:8,8:8178,979
> 2:True:8,8:8178,979
> 3:False:8,9:8178,979
> 4:False:8,9:8178,979
> 5:False:9,11:8178,979
rovers-suboptimal-old-noisy/10/rovers_noisy_p01_hyp-1_10_3.tar.bz2:0.581706047058:0.0704469:0.57
> 0:True:8,8:8178,979
> 1:True:8,8:8178,979
> 2:True:8,8:8178,979
> 3:False:8,10:8178,979
> 4:True:8,8:8178,979
> 5:True:9,9:8178,979
rovers-suboptimal-old-noisy/10/rovers_noisy_p01_hyp-2_10_1.tar.bz2:0.580771923065:0.0700994:0.58
> 0:False:8,10:8179,980
> 1:True:8,8:8179,980
> 2:False:8,9:8179,980
> 3:False:8,11:8179,980
> 4:False:8,10:8179,980
> 5:False:9,11:8179,980
rovers-suboptimal-old-noisy/10/rovers_noisy_p01_hyp-2_10_2.tar.bz2:0.579133987427:0.06876697:0.57
> 0:True:8,8:8179,980
> 1:True:8,8:8179,980
> 2:True:8,8:8179,980
> 3:False:8,9:8179,980
> 4:False:8,9:8179,980
> 5:False:9,11:8179,980
rovers-suboptimal-old-noisy/10/rovers_noisy_p01_hyp-2_10_3.tar.bz2:0.580639839172:0.07020834:0.58
> 0:False:8,10:8179,980
> 1:True:8,8:8179,980
> 2:False:8,10:8179,980
> 3:False:8,12:8179,980
> 4:False:8,11:8179,980
> 5:False:9,14:8179,980
rovers-suboptimal-old-noisy/10/rovers_noisy_p01_hyp-3_10_1.tar.bz2:0.579643964767:0.06895743:0.58
> 0:False:8,9:8178,979
> 1:False:8,9:8178,979
> 2:True:8,8:8178,979
> 3:False:8,11:8178,979
> 4:False:8,10:8178,979
> 5:False:9,14:8178,979
rovers-suboptimal-old-noisy/10/rovers_noisy_p01_hyp-3_10_2.tar.bz2:0.580088853836:0.06903852:0.58
> 0:False:8,9:8179,980
> 1:True:8,8:8179,980
> 2:True:8,8:8179,980
> 3:False:8,10:8179,980
> 4:True:8,8:8179,980
> 5:False:9,10:8179,980
rovers-suboptimal-old-noisy/10/rovers_noisy_p01_hyp-3_10_3.tar.bz2:0.580380916595:0.06964373:0.58
> 0:False:8,10:8179,980
> 1:True:8,8:8179,980
> 2:True:8,8:8179,980
> 3:False:8,11:8179,980
> 4:True:8,8:8179,980
> 5:False:9,11:8179,980
rovers-suboptimal-old-noisy/10/rovers_noisy_p01_hyp-4_10_1.tar.bz2:0.582993984222:0.06987686:0.59
> 0:False:8,9:8178,979
> 1:False:8,9:8178,979
> 2:False:8,9:8178,979
> 3:True:8,8:8178,979
> 4:False:8,9:8178,979
> 5:True:9,9:8178,979
rovers-suboptimal-old-noisy/10/rovers_noisy_p01_hyp-4_10_2.tar.bz2:0.580121994019:0.06824123:0.58
> 0:True:8,8:8177,978
> 1:False:8,9:8177,978
> 2:False:8,9:8177,978
> 3:True:8,8:8177,978
> 4:False:8,9:8177,978
> 5:False:9,10:8177,978
rovers-suboptimal-old-noisy/10/rovers_noisy_p01_hyp-4_10_3.tar.bz2:0.580378055573:0.06918241:0.59
> 0:False:8,9:8177,978
> 1:False:8,9:8177,978
> 2:False:8,9:8177,978
> 3:True:8,8:8177,978
> 4:False:8,9:8177,978
> 5:True:9,9:8177,978
rovers-suboptimal-old-noisy/10/rovers_noisy_p02_hyp-1_10_1.tar.bz2:0.753072977066:0.1594905:0.75
> 0:True:10,10:16055,1617
> 1:False:12,13:16055,1617
> 2:True:11,11:16055,1617
> 3:True:11,11:16055,1617
> 4:False:12,13:16055,1617
> 5:False:11,12:16055,1617
rovers-suboptimal-old-noisy/10/rovers_noisy_p02_hyp-1_10_2.tar.bz2:0.742463111877:0.1513877:0.74
> 0:True:10,10:16055,1617
> 1:False:12,14:16055,1617
> 2:True:11,11:16055,1617
> 3:True:11,11:16055,1617
> 4:True:12,12:16055,1617
> 5:False:11,13:16055,1617
rovers-suboptimal-old-noisy/10/rovers_noisy_p02_hyp-1_10_3.tar.bz2:0.74503993988:0.1538812:0.75
> 0:True:10,10:16055,1617
> 1:False:12,14:16055,1617
> 2:True:11,11:16055,1617
> 3:True:11,11:16055,1617
> 4:False:12,14:16055,1617
> 5:True:11,11:16055,1617
rovers-suboptimal-old-noisy/10/rovers_noisy_p02_hyp-2_10_1.tar.bz2:0.751023054123:0.1604659:0.75
> 0:False:10,12:16055,1617
> 1:True:12,12:16055,1617
> 2:False:11,13:16055,1617
> 3:True:11,11:16055,1617
> 4:False:12,15:16055,1617
> 5:False:11,14:16055,1617
rovers-suboptimal-old-noisy/10/rovers_noisy_p02_hyp-2_10_2.tar.bz2:0.740617990494:0.1496544:0.74
> 0:False:10,13:16055,1617
> 1:True:12,12:16055,1617
> 2:False:11,12:16055,1617
> 3:True:11,11:16055,1617
> 4:False:12,15:16055,1617
> 5:False:11,14:16055,1617
rovers-suboptimal-old-noisy/10/rovers_noisy_p02_hyp-2_10_3.tar.bz2:0.734198093414:0.1420787:0.74
> 0:False:10,12:16054,1616
> 1:True:12,12:16054,1616
> 2:False:11,13:16054,1616
> 3:False:11,12:16054,1616
> 4:False:12,14:16054,1616
> 5:False:11,14:16054,1616
rovers-suboptimal-old-noisy/10/rovers_noisy_p02_hyp-3_10_1.tar.bz2:0.745934963226:0.1518825:0.75
> 0:True:10,10:16055,1617
> 1:False:12,14:16055,1617
> 2:True:11,11:16055,1617
> 3:False:11,13:16055,1617
> 4:False:12,14:16055,1617
> 5:True:11,11:16055,1617
rovers-suboptimal-old-noisy/10/rovers_noisy_p02_hyp-3_10_2.tar.bz2:0.743798017502:0.1508998:0.75
> 0:True:10,11:16054,1616
> 1:False:12,14:16054,1616
> 2:True:11,12:16054,1616
> 3:False:11,13:16054,1616
> 4:False:12,14:16054,1616
> 5:True:11,12:16054,1616
rovers-suboptimal-old-noisy/10/rovers_noisy_p02_hyp-3_10_3.tar.bz2:0.74020409584:0.1495626:0.74
> 0:False:10,12:16055,1617
> 1:False:12,14:16055,1617
> 2:True:11,12:16055,1617
> 3:False:11,13:16055,1617
> 4:True:12,13:16055,1617
> 5:True:11,12:16055,1617
rovers-suboptimal-old-noisy/10/rovers_noisy_p02_hyp-4_10_1.tar.bz2:0.744562864304:0.1537322:0.74
> 0:False:10,12:16055,1617
> 1:True:12,13:16055,1617
> 2:False:11,13:16055,1617
> 3:True:11,12:16055,1617
> 4:True:12,13:16055,1617
> 5:False:11,13:16055,1617
rovers-suboptimal-old-noisy/10/rovers_noisy_p02_hyp-4_10_2.tar.bz2:0.740401983261:0.1506095:0.75
> 0:False:10,11:16055,1617
> 1:True:12,12:16055,1617
> 2:False:11,12:16055,1617
> 3:True:11,11:16055,1617
> 4:False:12,13:16055,1617
> 5:False:11,12:16055,1617
rovers-suboptimal-old-noisy/10/rovers_noisy_p02_hyp-4_10_3.tar.bz2:0.74987411499:0.1582775:0.75
> 0:False:10,13:16054,1616
> 1:True:12,14:16054,1616
> 2:False:11,14:16054,1616
> 3:True:11,13:16054,1616
> 4:False:12,15:16054,1616
> 5:False:11,14:16054,1616
rovers-suboptimal-old-noisy/10/rovers_noisy_p03_hyp-1_10_1.tar.bz2:0.731995820999:0.1425317:0.73
> 0:True:10,10:16055,1617
> 1:False:11,12:16055,1617
> 2:True:12,12:16055,1617
> 3:True:10,10:16055,1617
> 4:True:11,11:16055,1617
> 5:False:12,13:16055,1617
rovers-suboptimal-old-noisy/10/rovers_noisy_p03_hyp-1_10_2.tar.bz2:0.73859500885:0.1449832:0.74
> 0:True:10,10:16054,1616
> 1:False:11,13:16054,1616
> 2:False:12,16:16054,1616
> 3:True:10,10:16054,1616
> 4:False:11,13:16054,1616
> 5:False:12,16:16054,1616
rovers-suboptimal-old-noisy/10/rovers_noisy_p03_hyp-1_10_3.tar.bz2:0.734944105148:0.1452605:0.74
> 0:True:10,10:16054,1616
> 1:False:11,13:16054,1616
> 2:False:12,14:16054,1616
> 3:True:10,10:16054,1616
> 4:False:11,13:16054,1616
> 5:False:12,14:16054,1616
rovers-suboptimal-old-noisy/10/rovers_noisy_p03_hyp-2_10_1.tar.bz2:0.735540151596:0.1481636:0.74
> 0:True:10,10:16055,1617
> 1:True:11,11:16055,1617
> 2:False:12,14:16055,1617
> 3:True:10,10:16055,1617
> 4:True:11,11:16055,1617
> 5:False:12,13:16055,1617
rovers-suboptimal-old-noisy/10/rovers_noisy_p03_hyp-2_10_2.tar.bz2:0.737013101578:0.1496099:0.74
> 0:False:10,12:16055,1617
> 1:True:11,11:16055,1617
> 2:False:12,13:16055,1617
> 3:False:10,12:16055,1617
> 4:False:11,13:16055,1617
> 5:False:12,13:16055,1617
rovers-suboptimal-old-noisy/10/rovers_noisy_p03_hyp-2_10_3.tar.bz2:0.738343954086:0.1496092:0.74
> 0:False:10,14:16055,1617
> 1:True:11,12:16055,1617
> 2:True:12,13:16055,1617
> 3:True:10,11:16055,1617
> 4:False:11,14:16055,1617
> 5:False:12,16:16055,1617
rovers-suboptimal-old-noisy/10/rovers_noisy_p03_hyp-3_10_1.tar.bz2:0.740638017654:0.1492499:0.74
> 0:False:10,13:16055,1617
> 1:False:11,13:16055,1617
> 2:True:12,12:16055,1617
> 3:False:10,13:16055,1617
> 4:False:11,14:16055,1617
> 5:True:12,12:16055,1617
rovers-suboptimal-old-noisy/10/rovers_noisy_p03_hyp-3_10_2.tar.bz2:0.739181041718:0.1498626:0.74
> 0:False:10,14:16054,1616
> 1:False:11,14:16054,1616
> 2:True:12,12:16054,1616
> 3:False:10,12:16054,1616
> 4:False:11,15:16054,1616
> 5:False:12,15:16054,1616
rovers-suboptimal-old-noisy/10/rovers_noisy_p03_hyp-3_10_3.tar.bz2:0.742307901382:0.1504848:0.75
> 0:False:10,11:16054,1616
> 1:True:11,11:16054,1616
> 2:True:12,12:16054,1616
> 3:False:10,11:16054,1616
> 4:False:11,12:16054,1616
> 5:False:12,13:16054,1616
rovers-suboptimal-old-noisy/10/rovers_noisy_p03_hyp-4_10_1.tar.bz2:0.740323066711:0.1457308:0.74
> 0:False:10,14:16055,1617
> 1:False:11,14:16055,1617
> 2:True:12,13:16055,1617
> 3:True:10,11:16055,1617
> 4:False:11,15:16055,1617
> 5:False:12,16:16055,1617
rovers-suboptimal-old-noisy/10/rovers_noisy_p03_hyp-4_10_2.tar.bz2:0.737257003784:0.1438525:0.74
> 0:False:10,11:16055,1617
> 1:True:11,11:16055,1617
> 2:True:12,12:16055,1617
> 3:True:10,10:16055,1617
> 4:False:11,12:16055,1617
> 5:False:12,13:16055,1617
rovers-suboptimal-old-noisy/10/rovers_noisy_p03_hyp-4_10_3.tar.bz2:0.741001844406:0.1462194:0.74
> 0:True:10,10:16054,1616
> 1:False:11,12:16054,1616
> 2:False:12,13:16054,1616
> 3:True:10,10:16054,1616
> 4:False:11,12:16054,1616
> 5:False:12,13:16054,1616
rovers-suboptimal-old-noisy/30/rovers_noisy_p01_hyp-1_30_1.tar.bz2:0.580584049225:0.0685665:0.58
> 0:True:8,8:8180,981
> 1:True:8,8:8180,981
> 2:True:8,8:8180,981
> 3:False:8,10:8180,981
> 4:False:8,9:8180,981
> 5:False:9,12:8180,981
rovers-suboptimal-old-noisy/30/rovers_noisy_p01_hyp-1_30_2.tar.bz2:0.585876226425:0.0730452:0.58
> 0:True:8,8:8180,981
> 1:False:8,10:8180,981
> 2:False:8,10:8180,981
> 3:False:8,10:8180,981
> 4:False:8,11:8180,981
> 5:False:9,13:8180,981
rovers-suboptimal-old-noisy/30/rovers_noisy_p01_hyp-1_30_3.tar.bz2:0.584032058716:0.07024328:0.59
> 0:True:8,8:8180,981
> 1:False:8,9:8180,981
> 2:False:8,9:8180,981
> 3:False:8,10:8180,981
> 4:False:8,10:8180,981
> 5:False:9,13:8180,981
rovers-suboptimal-old-noisy/30/rovers_noisy_p01_hyp-2_30_1.tar.bz2:0.581689119339:0.07083289:0.59
> 0:True:8,10:8181,982
> 1:True:8,10:8181,982
> 2:True:8,10:8181,982
> 3:False:8,12:8181,982
> 4:True:8,10:8181,982
> 5:False:9,14:8181,982
rovers-suboptimal-old-noisy/30/rovers_noisy_p01_hyp-2_30_2.tar.bz2:0.584400177002:0.0719514:0.58
> 0:False:8,11:8181,982
> 1:True:8,10:8181,982
> 2:False:8,11:8181,982
> 3:False:8,14:8181,982
> 4:False:8,12:8181,982
> 5:False:9,16:8181,982
rovers-suboptimal-old-noisy/30/rovers_noisy_p01_hyp-2_30_3.tar.bz2:0.582615852356:0.0710602:0.58
> 0:False:8,9:8181,982
> 1:True:8,8:8181,982
> 2:False:8,9:8181,982
> 3:False:8,12:8181,982
> 4:False:8,10:8181,982
> 5:False:9,14:8181,982
rovers-suboptimal-old-noisy/30/rovers_noisy_p01_hyp-3_30_1.tar.bz2:0.581346988678:0.07063933:0.58
> 0:False:8,11:8181,982
> 1:False:8,9:8181,982
> 2:True:8,8:8181,982
> 3:False:8,11:8181,982
> 4:False:8,10:8181,982
> 5:False:9,13:8181,982
rovers-suboptimal-old-noisy/30/rovers_noisy_p01_hyp-3_30_2.tar.bz2:0.580014944077:0.06874558:0.58
> 0:False:8,11:8180,981
> 1:False:8,10:8180,981
> 2:True:8,9:8180,981
> 3:False:8,11:8180,981
> 4:False:8,11:8180,981
> 5:False:9,13:8180,981
rovers-suboptimal-old-noisy/30/rovers_noisy_p01_hyp-3_30_3.tar.bz2:0.581598997116:0.0683382:0.59
> 0:False:8,11:8180,981
> 1:False:8,10:8180,981
> 2:True:8,9:8180,981
> 3:False:8,11:8180,981
> 4:False:8,11:8180,981
> 5:False:9,13:8180,981
rovers-suboptimal-old-noisy/30/rovers_noisy_p01_hyp-4_30_1.tar.bz2:0.57932806015:0.06954996:0.58
> 0:False:8,11:8180,981
> 1:False:8,11:8180,981
> 2:False:8,10:8180,981
> 3:True:8,8:8180,981
> 4:False:8,12:8180,981
> 5:False:9,11:8180,981
rovers-suboptimal-old-noisy/30/rovers_noisy_p01_hyp-4_30_2.tar.bz2:0.580215930939:0.0689388:0.59
> 0:False:8,11:8179,980
> 1:False:8,11:8179,980
> 2:False:8,9:8179,980
> 3:True:8,8:8179,980
> 4:False:8,12:8179,980
> 5:False:9,12:8179,980
rovers-suboptimal-old-noisy/30/rovers_noisy_p01_hyp-4_30_3.tar.bz2:0.579701900482:0.06839304:0.58
> 0:False:8,12:8178,979
> 1:False:8,12:8178,979
> 2:False:8,12:8178,979
> 3:True:8,9:8178,979
> 4:False:8,12:8178,979
> 5:True:9,10:8178,979
rovers-suboptimal-old-noisy/30/rovers_noisy_p02_hyp-1_30_1.tar.bz2:0.737627029419:0.1453588:0.74
> 0:True:10,11:16057,1619
> 1:False:12,15:16057,1619
> 2:True:11,12:16057,1619
> 3:False:11,14:16057,1619
> 4:False:12,16:16057,1619
> 5:True:11,12:16057,1619
rovers-suboptimal-old-noisy/30/rovers_noisy_p02_hyp-1_30_2.tar.bz2:0.736954927444:0.1450242:0.74
> 0:True:10,10:16057,1619
> 1:False:12,14:16057,1619
> 2:False:11,13:16057,1619
> 3:False:11,13:16057,1619
> 4:False:12,16:16057,1619
> 5:False:11,13:16057,1619
rovers-suboptimal-old-noisy/30/rovers_noisy_p02_hyp-1_30_3.tar.bz2:0.737704992294:0.1442352:0.74
> 0:True:10,12:16056,1618
> 1:False:12,15:16056,1618
> 2:False:11,14:16056,1618
> 3:False:11,14:16056,1618
> 4:False:12,15:16056,1618
> 5:True:11,13:16056,1618
rovers-suboptimal-old-noisy/30/rovers_noisy_p02_hyp-2_30_1.tar.bz2:0.74045085907:0.1484354:0.74
> 0:False:10,14:16060,1622
> 1:True:12,12:16060,1622
> 2:False:11,15:16060,1622
> 3:False:11,12:16060,1622
> 4:False:12,17:16060,1622
> 5:False:11,16:16060,1622
rovers-suboptimal-old-noisy/30/rovers_noisy_p02_hyp-2_30_2.tar.bz2:0.739700078964:0.1491186:0.74
> 0:False:10,14:16060,1622
> 1:False:12,13:16060,1622
> 2:False:11,17:16060,1622
> 3:False:11,15:16060,1622
> 4:True:12,12:16060,1622
> 5:False:11,16:16060,1622
rovers-suboptimal-old-noisy/30/rovers_noisy_p02_hyp-2_30_3.tar.bz2:0.738005161285:0.1462886:0.74
> 0:False:10,14:16060,1622
> 1:True:12,14:16060,1622
> 2:False:11,15:16060,1622
> 3:False:11,14:16060,1622
> 4:False:12,17:16060,1622
> 5:False:11,15:16060,1622
rovers-suboptimal-old-noisy/30/rovers_noisy_p02_hyp-3_30_1.tar.bz2:0.737843036652:0.1454379:0.74
> 0:False:10,14:16059,1621
> 1:False:12,16:16059,1621
> 2:True:11,12:16059,1621
> 3:False:11,15:16059,1621
> 4:True:12,13:16059,1621
> 5:True:11,12:16059,1621
rovers-suboptimal-old-noisy/30/rovers_noisy_p02_hyp-3_30_2.tar.bz2:0.748412847519:0.1566692:0.74
> 0:False:10,14:16059,1621
> 1:False:12,16:16059,1621
> 2:True:11,13:16059,1621
> 3:False:11,15:16059,1621
> 4:False:12,15:16059,1621
> 5:True:11,13:16059,1621
rovers-suboptimal-old-noisy/30/rovers_noisy_p02_hyp-3_30_3.tar.bz2:0.741230964661:0.149856:0.75
> 0:False:10,13:16060,1622
> 1:False:12,17:16060,1622
> 2:True:11,12:16060,1622
> 3:False:11,15:16060,1622
> 4:False:12,14:16060,1622
> 5:False:11,14:16060,1622
rovers-suboptimal-old-noisy/30/rovers_noisy_p02_hyp-4_30_1.tar.bz2:0.741702079773:0.1509149:0.74
> 0:False:10,12:16058,1620
> 1:False:12,13:16058,1620
> 2:False:11,13:16058,1620
> 3:True:11,11:16058,1620
> 4:False:12,14:16058,1620
> 5:False:11,14:16058,1620
rovers-suboptimal-old-noisy/30/rovers_noisy_p02_hyp-4_30_2.tar.bz2:0.743798971176:0.153975:0.74
> 0:False:10,11:16058,1620
> 1:True:12,12:16058,1620
> 2:False:11,12:16058,1620
> 3:True:11,11:16058,1620
> 4:False:12,16:16058,1620
> 5:False:11,15:16058,1620
rovers-suboptimal-old-noisy/30/rovers_noisy_p02_hyp-4_30_3.tar.bz2:0.752434015274:0.1565569:0.75
> 0:False:10,12:16058,1620
> 1:False:12,13:16058,1620
> 2:False:11,13:16058,1620
> 3:True:11,11:16058,1620
> 4:False:12,14:16058,1620
> 5:False:11,14:16058,1620
rovers-suboptimal-old-noisy/30/rovers_noisy_p03_hyp-1_30_1.tar.bz2:0.745278120041:0.1538051:0.75
> 0:True:10,11:16057,1619
> 1:False:11,14:16057,1619
> 2:False:12,15:16057,1619
> 3:False:10,13:16057,1619
> 4:True:11,12:16057,1619
> 5:False:12,15:16057,1619
rovers-suboptimal-old-noisy/30/rovers_noisy_p03_hyp-1_30_2.tar.bz2:0.745661973953:0.1519414:0.74
> 0:True:10,10:16056,1618
> 1:False:11,14:16056,1618
> 2:False:12,15:16056,1618
> 3:False:10,11:16056,1618
> 4:False:11,14:16056,1618
> 5:False:12,14:16056,1618
rovers-suboptimal-old-noisy/30/rovers_noisy_p03_hyp-1_30_3.tar.bz2:0.739212036133:0.1463285:0.73
> 0:True:10,10:16056,1618
> 1:False:11,15:16056,1618
> 2:False:12,16:16056,1618
> 3:False:10,13:16056,1618
> 4:False:11,13:16056,1618
> 5:False:12,15:16056,1618
rovers-suboptimal-old-noisy/30/rovers_noisy_p03_hyp-2_30_1.tar.bz2:0.740874052048:0.1503421:0.73
> 0:False:10,11:16057,1619
> 1:True:11,11:16057,1619
> 2:False:12,13:16057,1619
> 3:True:10,10:16057,1619
> 4:False:11,12:16057,1619
> 5:False:12,15:16057,1619
rovers-suboptimal-old-noisy/30/rovers_noisy_p03_hyp-2_30_2.tar.bz2:0.736166954041:0.1442656:0.74
> 0:False:10,13:16056,1618
> 1:True:11,12:16056,1618
> 2:True:12,13:16056,1618
> 3:False:10,13:16056,1618
> 4:False:11,14:16056,1618
> 5:False:12,15:16056,1618
rovers-suboptimal-old-noisy/30/rovers_noisy_p03_hyp-2_30_3.tar.bz2:0.738788127899:0.14584:0.74
> 0:False:10,13:16058,1620
> 1:True:11,11:16058,1620
> 2:False:12,14:16058,1620
> 3:False:10,14:16058,1620
> 4:False:11,13:16058,1620
> 5:False:12,17:16058,1620
rovers-suboptimal-old-noisy/30/rovers_noisy_p03_hyp-3_30_1.tar.bz2:0.740854978561:0.1499008:0.74
> 0:False:10,15:16060,1622
> 1:False:11,15:16060,1622
> 2:True:12,14:16060,1622
> 3:False:10,13:16060,1622
> 4:False:11,16:16060,1622
> 5:False:12,18:16060,1622
rovers-suboptimal-old-noisy/30/rovers_noisy_p03_hyp-3_30_2.tar.bz2:0.731119155884:0.14094:0.73
> 0:False:10,15:16060,1622
> 1:False:11,14:16060,1622
> 2:True:12,14:16060,1622
> 3:False:10,14:16060,1622
> 4:False:11,16:16060,1622
> 5:False:12,17:16060,1622
rovers-suboptimal-old-noisy/30/rovers_noisy_p03_hyp-3_30_3.tar.bz2:0.73156785965:0.1397672:0.73
> 0:False:10,16:16060,1622
> 1:False:11,14:16060,1622
> 2:True:12,13:16060,1622
> 3:False:10,14:16060,1622
> 4:False:11,17:16060,1622
> 5:False:12,17:16060,1622
rovers-suboptimal-old-noisy/30/rovers_noisy_p03_hyp-4_30_1.tar.bz2:0.730017185211:0.137631:0.73
> 0:False:10,14:16056,1618
> 1:False:11,14:16056,1618
> 2:False:12,15:16056,1618
> 3:True:10,11:16056,1618
> 4:False:11,15:16056,1618
> 5:False:12,18:16056,1618
rovers-suboptimal-old-noisy/30/rovers_noisy_p03_hyp-4_30_2.tar.bz2:0.735999822617:0.1433376:0.73
> 0:False:10,15:16056,1618
> 1:False:11,15:16056,1618
> 2:False:12,15:16056,1618
> 3:True:10,11:16056,1618
> 4:False:11,17:16056,1618
> 5:False:12,19:16056,1618
rovers-suboptimal-old-noisy/30/rovers_noisy_p03_hyp-4_30_3.tar.bz2:0.732319831848:0.140767:0.73
> 0:True:10,10:16057,1619
> 1:False:11,13:16057,1619
> 2:False:12,14:16057,1619
> 3:True:10,10:16057,1619
> 4:False:11,13:16057,1619
> 5:False:12,13:16057,1619
rovers-suboptimal-old-noisy/50/rovers_noisy_p01_hyp-1_50_1.tar.bz2:0.582229137421:0.0735586:0.58
> 0:True:8,8:8182,983
> 1:False:8,10:8182,983
> 2:False:8,10:8182,983
> 3:False:8,11:8182,983
> 4:False:8,11:8182,983
> 5:False:9,14:8182,983
rovers-suboptimal-old-noisy/50/rovers_noisy_p01_hyp-1_50_2.tar.bz2:0.583839893341:0.0707904:0.58
> 0:True:8,8:8182,983
> 1:True:8,8:8182,983
> 2:True:8,8:8182,983
> 3:False:8,10:8182,983
> 4:False:8,9:8182,983
> 5:False:9,12:8182,983
rovers-suboptimal-old-noisy/50/rovers_noisy_p01_hyp-1_50_3.tar.bz2:0.590493917465:0.0762007:0.59
> 0:True:8,8:8181,982
> 1:False:8,11:8181,982
> 2:False:8,11:8181,982
> 3:False:8,12:8181,982
> 4:False:8,11:8181,982
> 5:False:9,15:8181,982
rovers-suboptimal-old-noisy/50/rovers_noisy_p01_hyp-2_50_1.tar.bz2:0.587291955948:0.074599:0.6
> 0:False:8,11:8182,983
> 1:True:8,9:8182,983
> 2:False:8,10:8182,983
> 3:False:8,14:8182,983
> 4:False:8,11:8182,983
> 5:False:9,13:8182,983
rovers-suboptimal-old-noisy/50/rovers_noisy_p01_hyp-2_50_2.tar.bz2:0.586592912674:0.0743172:0.58
> 0:False:8,13:8184,985
> 1:True:8,9:8184,985
> 2:False:8,11:8184,985
> 3:False:8,14:8184,985
> 4:False:8,12:8184,985
> 5:False:9,15:8184,985
rovers-suboptimal-old-noisy/50/rovers_noisy_p01_hyp-2_50_3.tar.bz2:0.586586952209:0.073506:0.58
> 0:False:8,12:8183,984
> 1:True:8,9:8183,984
> 2:False:8,11:8183,984
> 3:False:8,15:8183,984
> 4:False:8,12:8183,984
> 5:False:9,15:8183,984
rovers-suboptimal-old-noisy/50/rovers_noisy_p01_hyp-3_50_1.tar.bz2:0.583031177521:0.071764:0.59
> 0:False:8,12:8183,984
> 1:False:8,10:8183,984
> 2:True:8,9:8183,984
> 3:False:8,13:8183,984
> 4:False:8,11:8183,984
> 5:False:9,14:8183,984
rovers-suboptimal-old-noisy/50/rovers_noisy_p01_hyp-3_50_2.tar.bz2:0.583686113358:0.0723562:0.58
> 0:False:8,13:8183,984
> 1:True:8,10:8183,984
> 2:True:8,10:8183,984
> 3:False:8,13:8183,984
> 4:False:8,12:8183,984
> 5:False:9,14:8183,984
rovers-suboptimal-old-noisy/50/rovers_noisy_p01_hyp-3_50_3.tar.bz2:0.584471940994:0.07418:0.59
> 0:False:8,11:8184,985
> 1:False:8,11:8184,985
> 2:True:8,9:8184,985
> 3:False:8,11:8184,985
> 4:False:8,12:8184,985
> 5:False:9,14:8184,985
rovers-suboptimal-old-noisy/50/rovers_noisy_p01_hyp-4_50_1.tar.bz2:0.587152957916:0.0754413:0.58
> 0:False:8,11:8181,982
> 1:False:8,12:8181,982
> 2:False:8,12:8181,982
> 3:True:8,8:8181,982
> 4:False:8,12:8181,982
> 5:True:9,9:8181,982
rovers-suboptimal-old-noisy/50/rovers_noisy_p01_hyp-4_50_2.tar.bz2:0.587316036224:0.0749587:0.59
> 0:False:8,11:8181,982
> 1:False:8,12:8181,982
> 2:False:8,10:8181,982
> 3:True:8,8:8181,982
> 4:False:8,13:8181,982
> 5:False:9,12:8181,982
rovers-suboptimal-old-noisy/50/rovers_noisy_p01_hyp-4_50_3.tar.bz2:0.584889888763:0.0746623:0.58
> 0:False:8,12:8182,983
> 1:False:8,12:8182,983
> 2:False:8,10:8182,983
> 3:True:8,8:8182,983
> 4:False:8,11:8182,983
> 5:False:9,11:8182,983
rovers-suboptimal-old-noisy/50/rovers_noisy_p02_hyp-1_50_1.tar.bz2:0.740077972412:0.1477267:0.73
> 0:True:10,11:16061,1623
> 1:False:12,16:16061,1623
> 2:False:11,14:16061,1623
> 3:False:11,14:16061,1623
> 4:False:12,19:16061,1623
> 5:False:11,14:16061,1623
rovers-suboptimal-old-noisy/50/rovers_noisy_p02_hyp-1_50_2.tar.bz2:0.741019010544:0.1470339:0.74
> 0:True:10,11:16061,1623
> 1:False:12,17:16061,1623
> 2:True:11,12:16061,1623
> 3:False:11,14:16061,1623
> 4:False:12,17:16061,1623
> 5:False:11,13:16061,1623
rovers-suboptimal-old-noisy/50/rovers_noisy_p02_hyp-1_50_3.tar.bz2:0.745023012161:0.1518179:0.74
> 0:True:10,12:16060,1622
> 1:False:12,17:16060,1622
> 2:True:11,13:16060,1622
> 3:False:11,15:16060,1622
> 4:False:12,19:16060,1622
> 5:False:11,16:16060,1622
rovers-suboptimal-old-noisy/50/rovers_noisy_p02_hyp-2_50_1.tar.bz2:0.737575054169:0.1461536:0.74
> 0:False:10,16:16062,1624
> 1:True:12,12:16062,1624
> 2:False:11,17:16062,1624
> 3:False:11,14:16062,1624
> 4:False:12,14:16062,1624
> 5:False:11,18:16062,1624
rovers-suboptimal-old-noisy/50/rovers_noisy_p02_hyp-2_50_2.tar.bz2:0.743304014206:0.1490315:0.74
> 0:False:10,15:16062,1624
> 1:True:12,12:16062,1624
> 2:False:11,16:16062,1624
> 3:False:11,13:16062,1624
> 4:False:12,16:16062,1624
> 5:False:11,19:16062,1624
rovers-suboptimal-old-noisy/50/rovers_noisy_p02_hyp-2_50_3.tar.bz2:0.74076294899:0.146957:0.74
> 0:False:10,15:16061,1623
> 1:True:12,12:16061,1623
> 2:False:11,16:16061,1623
> 3:False:11,13:16061,1623
> 4:False:12,17:16061,1623
> 5:False:11,18:16061,1623
rovers-suboptimal-old-noisy/50/rovers_noisy_p02_hyp-3_50_1.tar.bz2:0.744689941406:0.1539171:0.74
> 0:False:10,15:16062,1624
> 1:False:12,19:16062,1624
> 2:True:11,14:16062,1624
> 3:False:11,16:16062,1624
> 4:False:12,18:16062,1624
> 5:False:11,16:16062,1624
rovers-suboptimal-old-noisy/50/rovers_noisy_p02_hyp-3_50_2.tar.bz2:0.743853092194:0.1536902:0.75
> 0:False:10,13:16062,1624
> 1:False:12,19:16062,1624
> 2:True:11,12:16062,1624
> 3:False:11,16:16062,1624
> 4:False:12,16:16062,1624
> 5:False:11,13:16062,1624
rovers-suboptimal-old-noisy/50/rovers_noisy_p02_hyp-3_50_3.tar.bz2:0.73414182663:0.1440375:0.74
> 0:False:10,14:16063,1625
> 1:False:12,17:16063,1625
> 2:True:11,13:16063,1625
> 3:False:11,15:16063,1625
> 4:False:12,17:16063,1625
> 5:False:11,14:16063,1625
rovers-suboptimal-old-noisy/50/rovers_noisy_p02_hyp-4_50_1.tar.bz2:0.734035968781:0.1456081:0.73
> 0:False:10,13:16062,1624
> 1:False:12,16:16062,1624
> 2:False:11,14:16062,1624
> 3:True:11,13:16062,1624
> 4:False:12,18:16062,1624
> 5:False:11,17:16062,1624
rovers-suboptimal-old-noisy/50/rovers_noisy_p02_hyp-4_50_2.tar.bz2:0.74321603775:0.1489504:0.74
> 0:False:10,15:16060,1622
> 1:False:12,15:16060,1622
> 2:False:11,16:16060,1622
> 3:True:11,13:16060,1622
> 4:False:12,19:16060,1622
> 5:False:11,19:16060,1622
rovers-suboptimal-old-noisy/50/rovers_noisy_p02_hyp-4_50_3.tar.bz2:0.741996049881:0.1485257:0.74
> 0:False:10,14:16062,1624
> 1:False:12,14:16062,1624
> 2:False:11,15:16062,1624
> 3:True:11,12:16062,1624
> 4:False:12,19:16062,1624
> 5:False:11,18:16062,1624
rovers-suboptimal-old-noisy/50/rovers_noisy_p03_hyp-1_50_1.tar.bz2:0.73623919487:0.1445905:0.75
> 0:True:10,12:16059,1621
> 1:False:11,15:16059,1621
> 2:False:12,17:16059,1621
> 3:False:10,13:16059,1621
> 4:False:11,15:16059,1621
> 5:False:12,16:16059,1621
rovers-suboptimal-old-noisy/50/rovers_noisy_p03_hyp-1_50_2.tar.bz2:0.737075090408:0.146393:0.74
> 0:True:10,10:16060,1622
> 1:False:11,17:16060,1622
> 2:False:12,19:16060,1622
> 3:False:10,14:16060,1622
> 4:False:11,15:16060,1622
> 5:False:12,17:16060,1622
rovers-suboptimal-old-noisy/50/rovers_noisy_p03_hyp-1_50_3.tar.bz2:0.733839035034:0.1414705:0.73
> 0:True:10,11:16060,1622
> 1:False:11,18:16060,1622
> 2:False:12,20:16060,1622
> 3:False:10,15:16060,1622
> 4:False:11,16:16060,1622
> 5:False:12,18:16060,1622
rovers-suboptimal-old-noisy/50/rovers_noisy_p03_hyp-2_50_1.tar.bz2:0.728610992432:0.139195:0.74
> 0:False:10,16:16061,1623
> 1:True:11,13:16061,1623
> 2:False:12,16:16061,1623
> 3:False:10,15:16061,1623
> 4:False:11,16:16061,1623
> 5:False:12,19:16061,1623
rovers-suboptimal-old-noisy/50/rovers_noisy_p03_hyp-2_50_2.tar.bz2:0.732442140579:0.1459751:0.73
> 0:False:10,15:16061,1623
> 1:True:11,13:16061,1623
> 2:False:12,18:16061,1623
> 3:False:10,15:16061,1623
> 4:False:11,14:16061,1623
> 5:False:12,19:16061,1623
rovers-suboptimal-old-noisy/50/rovers_noisy_p03_hyp-2_50_3.tar.bz2:0.745151996613:0.1529863:0.74
> 0:False:10,18:16060,1622
> 1:True:11,14:16060,1622
> 2:False:12,17:16060,1622
> 3:False:10,16:16060,1622
> 4:False:11,18:16060,1622
> 5:False:12,21:16060,1622
rovers-suboptimal-old-noisy/50/rovers_noisy_p03_hyp-3_50_1.tar.bz2:0.737372875214:0.1449919:0.73
> 0:False:10,17:16061,1623
> 1:False:11,15:16061,1623
> 2:True:12,14:16061,1623
> 3:False:10,17:16061,1623
> 4:False:11,18:16061,1623
> 5:False:12,17:16061,1623
rovers-suboptimal-old-noisy/50/rovers_noisy_p03_hyp-3_50_2.tar.bz2:0.737810134888:0.1436365:0.74
> 0:False:10,18:16062,1624
> 1:False:11,16:16062,1624
> 2:True:12,14:16062,1624
> 3:False:10,17:16062,1624
> 4:False:11,19:16062,1624
> 5:False:12,17:16062,1624
rovers-suboptimal-old-noisy/50/rovers_noisy_p03_hyp-3_50_3.tar.bz2:0.737338066101:0.1458134:0.73
> 0:False:10,19:16062,1624
> 1:False:11,15:16062,1624
> 2:True:12,14:16062,1624
> 3:False:10,15:16062,1624
> 4:False:11,19:16062,1624
> 5:False:12,19:16062,1624
rovers-suboptimal-old-noisy/50/rovers_noisy_p03_hyp-4_50_1.tar.bz2:0.731621026993:0.1396426:0.73
> 0:False:10,12:16061,1623
> 1:False:11,14:16061,1623
> 2:False:12,16:16061,1623
> 3:True:10,11:16061,1623
> 4:False:11,14:16061,1623
> 5:False:12,18:16061,1623
rovers-suboptimal-old-noisy/50/rovers_noisy_p03_hyp-4_50_2.tar.bz2:0.742855072021:0.1505519:0.74
> 0:False:10,15:16059,1621
> 1:False:11,15:16059,1621
> 2:False:12,16:16059,1621
> 3:True:10,12:16059,1621
> 4:False:11,17:16059,1621
> 5:False:12,19:16059,1621
rovers-suboptimal-old-noisy/50/rovers_noisy_p03_hyp-4_50_3.tar.bz2:0.740707874298:0.1488269:0.74
> 0:False:10,14:16060,1622
> 1:False:11,16:16060,1622
> 2:False:12,16:16060,1622
> 3:True:10,13:16060,1622
> 4:False:11,16:16060,1622
> 5:False:12,18:16060,1622
rovers-suboptimal-old-noisy/70/rovers_noisy_p01_hyp-1_70_1.tar.bz2:0.58268904686:0.0713847:0.59
> 0:True:8,9:8184,985
> 1:False:8,13:8184,985
> 2:False:8,13:8184,985
> 3:False:8,13:8184,985
> 4:False:8,14:8184,985
> 5:False:9,16:8184,985
rovers-suboptimal-old-noisy/70/rovers_noisy_p01_hyp-1_70_2.tar.bz2:0.5769739151:0.06632834:0.58
> 0:True:8,9:8182,983
> 1:False:8,12:8182,983
> 2:False:8,12:8182,983
> 3:False:8,13:8182,983
> 4:False:8,13:8182,983
> 5:False:9,17:8182,983
rovers-suboptimal-old-noisy/70/rovers_noisy_p01_hyp-1_70_3.tar.bz2:0.576601028442:0.0660495:0.57
> 0:True:8,9:8183,984
> 1:False:8,13:8183,984
> 2:False:8,13:8183,984
> 3:False:8,14:8183,984
> 4:False:8,14:8183,984
> 5:False:9,18:8183,984
rovers-suboptimal-old-noisy/70/rovers_noisy_p01_hyp-2_70_1.tar.bz2:0.583792924881:0.0726796:0.58
> 0:False:8,13:8184,985
> 1:True:8,10:8184,985
> 2:False:8,12:8184,985
> 3:False:8,15:8184,985
> 4:False:8,13:8184,985
> 5:False:9,17:8184,985
rovers-suboptimal-old-noisy/70/rovers_noisy_p01_hyp-2_70_2.tar.bz2:0.581419944763:0.0724867:0.59
> 0:False:8,12:8186,987
> 1:True:8,10:8186,987
> 2:False:8,11:8186,987
> 3:False:8,15:8186,987
> 4:False:8,12:8186,987
> 5:False:9,16:8186,987
rovers-suboptimal-old-noisy/70/rovers_noisy_p01_hyp-2_70_3.tar.bz2:0.580003976822:0.06827468:0.58
> 0:False:8,14:8183,984
> 1:True:8,11:8183,984
> 2:False:8,12:8183,984
> 3:False:8,16:8183,984
> 4:False:8,13:8183,984
> 5:False:9,16:8183,984
rovers-suboptimal-old-noisy/70/rovers_noisy_p01_hyp-3_70_1.tar.bz2:0.582586050034:0.0706226:0.59
> 0:False:8,13:8185,986
> 1:False:8,12:8185,986
> 2:True:8,10:8185,986
> 3:False:8,14:8185,986
> 4:False:8,13:8185,986
> 5:False:9,15:8185,986
rovers-suboptimal-old-noisy/70/rovers_noisy_p01_hyp-3_70_2.tar.bz2:0.581210136414:0.06814558:0.58
> 0:False:8,14:8184,985
> 1:False:8,12:8184,985
> 2:True:8,10:8184,985
> 3:False:8,15:8184,985
> 4:False:8,13:8184,985
> 5:False:9,17:8184,985
rovers-suboptimal-old-noisy/70/rovers_noisy_p01_hyp-3_70_3.tar.bz2:0.583443880081:0.072383:0.58
> 0:False:8,14:8184,985
> 1:False:8,12:8184,985
> 2:True:8,11:8184,985
> 3:False:8,15:8184,985
> 4:False:8,13:8184,985
> 5:False:9,16:8184,985
rovers-suboptimal-old-noisy/70/rovers_noisy_p01_hyp-4_70_1.tar.bz2:0.587845802307:0.0753985:0.6
> 0:False:8,12:8184,985
> 1:False:8,14:8184,985
> 2:False:8,12:8184,985
> 3:True:8,8:8184,985
> 4:False:8,15:8184,985
> 5:False:9,14:8184,985
rovers-suboptimal-old-noisy/70/rovers_noisy_p01_hyp-4_70_2.tar.bz2:0.580035924911:0.0688152:0.57
> 0:False:8,15:8182,983
> 1:False:8,16:8182,983
> 2:False:8,14:8182,983
> 3:True:8,10:8182,983
> 4:False:8,17:8182,983
> 5:False:9,15:8182,983
rovers-suboptimal-old-noisy/70/rovers_noisy_p01_hyp-4_70_3.tar.bz2:0.58873295784:0.0777364:0.59
> 0:False:8,12:8184,985
> 1:False:8,14:8184,985
> 2:False:8,13:8184,985
> 3:True:8,10:8184,985
> 4:False:8,15:8184,985
> 5:False:9,14:8184,985
rovers-suboptimal-old-noisy/70/rovers_noisy_p02_hyp-1_70_1.tar.bz2:0.74584197998:0.1512603:0.74
> 0:True:10,12:16063,1625
> 1:False:12,19:16063,1625
> 2:False:11,15:16063,1625
> 3:False:11,17:16063,1625
> 4:False:12,18:16063,1625
> 5:False:11,14:16063,1625
rovers-suboptimal-old-noisy/70/rovers_noisy_p02_hyp-1_70_2.tar.bz2:0.745802164078:0.1546021:0.75
> 0:True:10,12:16063,1625
> 1:False:12,19:16063,1625
> 2:False:11,14:16063,1625
> 3:False:11,17:16063,1625
> 4:False:12,18:16063,1625
> 5:True:11,13:16063,1625
rovers-suboptimal-old-noisy/70/rovers_noisy_p02_hyp-1_70_3.tar.bz2:0.742031097412:0.1506363:0.74
> 0:True:10,12:16062,1624
> 1:False:12,19:16062,1624
> 2:False:11,14:16062,1624
> 3:False:11,16:16062,1624
> 4:False:12,19:16062,1624
> 5:False:11,15:16062,1624
rovers-suboptimal-old-noisy/70/rovers_noisy_p02_hyp-2_70_1.tar.bz2:0.738927125931:0.1454694:0.75
> 0:False:10,19:16066,1628
> 1:True:12,15:16066,1628
> 2:False:11,20:16066,1628
> 3:False:11,17:16066,1628
> 4:False:12,18:16066,1628
> 5:False:11,20:16066,1628
rovers-suboptimal-old-noisy/70/rovers_noisy_p02_hyp-2_70_2.tar.bz2:0.740323781967:0.1471355:0.73
> 0:False:10,19:16063,1625
> 1:True:12,16:16063,1625
> 2:False:11,20:16063,1625
> 3:False:11,18:16063,1625
> 4:False:12,20:16063,1625
> 5:False:11,21:16063,1625
rovers-suboptimal-old-noisy/70/rovers_noisy_p02_hyp-2_70_3.tar.bz2:0.738746881485:0.1490754:0.75
> 0:False:10,18:16067,1629
> 1:True:12,15:16067,1629
> 2:False:11,19:16067,1629
> 3:False:11,16:16067,1629
> 4:False:12,20:16067,1629
> 5:False:11,20:16067,1629
rovers-suboptimal-old-noisy/70/rovers_noisy_p02_hyp-3_70_1.tar.bz2:0.743347883224:0.1510366:0.75
> 0:False:10,16:16066,1628
> 1:False:12,22:16066,1628
> 2:True:11,14:16066,1628
> 3:False:11,19:16066,1628
> 4:False:12,21:16066,1628
> 5:False:11,18:16066,1628
rovers-suboptimal-old-noisy/70/rovers_noisy_p02_hyp-3_70_2.tar.bz2:0.737215995789:0.1455812:0.74
> 0:False:10,17:16064,1626
> 1:False:12,20:16064,1626
> 2:True:11,15:16064,1626
> 3:False:11,18:16064,1626
> 4:False:12,21:16064,1626
> 5:False:11,19:16064,1626
rovers-suboptimal-old-noisy/70/rovers_noisy_p02_hyp-3_70_3.tar.bz2:0.735739946365:0.149361:0.73
> 0:False:10,17:16064,1626
> 1:False:12,20:16064,1626
> 2:True:11,15:16064,1626
> 3:False:11,17:16064,1626
> 4:False:12,19:16064,1626
> 5:False:11,18:16064,1626
rovers-suboptimal-old-noisy/70/rovers_noisy_p02_hyp-4_70_1.tar.bz2:0.744422912598:0.1521651:0.75
> 0:False:10,19:16064,1626
> 1:False:12,18:16064,1626
> 2:False:11,20:16064,1626
> 3:True:11,15:16064,1626
> 4:False:12,23:16064,1626
> 5:False:11,24:16064,1626
rovers-suboptimal-old-noisy/70/rovers_noisy_p02_hyp-4_70_2.tar.bz2:0.738943815231:0.1469518:0.74
> 0:False:10,17:16064,1626
> 1:False:12,18:16064,1626
> 2:False:11,18:16064,1626
> 3:True:11,15:16064,1626
> 4:False:12,21:16064,1626
> 5:False:11,20:16064,1626
rovers-suboptimal-old-noisy/70/rovers_noisy_p02_hyp-4_70_3.tar.bz2:0.742239952087:0.1487857:0.75
> 0:False:10,15:16066,1628
> 1:False:12,17:16066,1628
> 2:False:11,17:16066,1628
> 3:True:11,14:16066,1628
> 4:False:12,20:16066,1628
> 5:False:11,20:16066,1628
rovers-suboptimal-old-noisy/70/rovers_noisy_p03_hyp-1_70_1.tar.bz2:0.738821983337:0.1486352:0.73
> 0:True:10,11:16061,1623
> 1:False:11,16:16061,1623
> 2:False:12,19:16061,1623
> 3:False:10,13:16061,1623
> 4:False:11,14:16061,1623
> 5:False:12,19:16061,1623
rovers-suboptimal-old-noisy/70/rovers_noisy_p03_hyp-1_70_2.tar.bz2:0.739171028137:0.1498767:0.74
> 0:True:10,11:16061,1623
> 1:False:11,16:16061,1623
> 2:False:12,19:16061,1623
> 3:False:10,13:16061,1623
> 4:False:11,16:16061,1623
> 5:False:12,17:16061,1623
rovers-suboptimal-old-noisy/70/rovers_noisy_p03_hyp-1_70_3.tar.bz2:0.745010852814:0.1515242:0.74
> 0:True:10,10:16063,1625
> 1:False:11,16:16063,1625
> 2:False:12,18:16063,1625
> 3:False:10,13:16063,1625
> 4:False:11,15:16063,1625
> 5:False:12,17:16063,1625
rovers-suboptimal-old-noisy/70/rovers_noisy_p03_hyp-2_70_1.tar.bz2:0.735796928406:0.1434934:0.74
> 0:False:10,18:16065,1627
> 1:True:11,15:16065,1627
> 2:False:12,17:16065,1627
> 3:False:10,16:16065,1627
> 4:False:11,19:16065,1627
> 5:False:12,21:16065,1627
rovers-suboptimal-old-noisy/70/rovers_noisy_p03_hyp-2_70_2.tar.bz2:0.749413013458:0.1563077:0.75
> 0:False:10,22:16064,1626
> 1:True:11,16:16064,1626
> 2:False:12,20:16064,1626
> 3:False:10,20:16064,1626
> 4:False:11,21:16064,1626
> 5:False:12,25:16064,1626
rovers-suboptimal-old-noisy/70/rovers_noisy_p03_hyp-2_70_3.tar.bz2:0.733190059662:0.1430675:0.73
> 0:False:10,19:16065,1627
> 1:True:11,14:16065,1627
> 2:False:12,17:16065,1627
> 3:False:10,18:16065,1627
> 4:False:11,19:16065,1627
> 5:False:12,22:16065,1627
rovers-suboptimal-old-noisy/70/rovers_noisy_p03_hyp-3_70_1.tar.bz2:0.736298799515:0.1440215:0.74
> 0:False:10,20:16066,1628
> 1:False:11,17:16066,1628
> 2:True:12,15:16066,1628
> 3:False:10,19:16066,1628
> 4:False:11,21:16066,1628
> 5:False:12,19:16066,1628
rovers-suboptimal-old-noisy/70/rovers_noisy_p03_hyp-3_70_2.tar.bz2:0.738898038864:0.1466963:0.75
> 0:False:10,22:16065,1627
> 1:False:11,18:16065,1627
> 2:True:12,15:16065,1627
> 3:False:10,18:16065,1627
> 4:False:11,23:16065,1627
> 5:False:12,20:16065,1627
rovers-suboptimal-old-noisy/70/rovers_noisy_p03_hyp-3_70_3.tar.bz2:0.734292984009:0.143857:0.73
> 0:False:10,21:16067,1629
> 1:False:11,18:16067,1629
> 2:True:12,14:16067,1629
> 3:False:10,18:16067,1629
> 4:False:11,22:16067,1629
> 5:False:12,20:16067,1629
rovers-suboptimal-old-noisy/70/rovers_noisy_p03_hyp-4_70_1.tar.bz2:0.735691070557:0.1446402:0.74
> 0:False:10,15:16062,1624
> 1:False:11,16:16062,1624
> 2:False:12,16:16062,1624
> 3:True:10,12:16062,1624
> 4:False:11,17:16062,1624
> 5:False:12,19:16062,1624
rovers-suboptimal-old-noisy/70/rovers_noisy_p03_hyp-4_70_2.tar.bz2:0.734410047531:0.1454233:0.73
> 0:False:10,14:16062,1624
> 1:False:11,15:16062,1624
> 2:False:12,16:16062,1624
> 3:True:10,11:16062,1624
> 4:False:11,16:16062,1624
> 5:False:12,18:16062,1624
rovers-suboptimal-old-noisy/70/rovers_noisy_p03_hyp-4_70_3.tar.bz2:0.737879037857:0.1444218:0.74
> 0:False:10,14:16061,1623
> 1:False:11,15:16061,1623
> 2:False:12,18:16061,1623
> 3:True:10,12:16061,1623
> 4:False:11,17:16061,1623
> 5:False:12,20:16061,1623
rovers-suboptimal-old-noisy/100/rovers_noisy_p01_hyp-1_full_1.tar.bz2:0.584915161133:0.0754494:0.59
> 0:True:8,9:8187,988
> 1:False:8,13:8187,988
> 2:False:8,13:8187,988
> 3:False:8,14:8187,988
> 4:False:8,13:8187,988
> 5:False:9,18:8187,988
rovers-suboptimal-old-noisy/100/rovers_noisy_p01_hyp-1_full_2.tar.bz2:0.586974143982:0.0763227:0.58
> 0:True:8,9:8186,987
> 1:False:8,13:8186,987
> 2:False:8,13:8186,987
> 3:False:8,14:8186,987
> 4:False:8,14:8186,987
> 5:False:9,17:8186,987
rovers-suboptimal-old-noisy/100/rovers_noisy_p01_hyp-1_full_3.tar.bz2:0.592545032501:0.0783535:0.59
> 0:True:8,9:8186,987
> 1:False:8,13:8186,987
> 2:False:8,13:8186,987
> 3:False:8,13:8186,987
> 4:False:8,14:8186,987
> 5:False:9,17:8186,987
rovers-suboptimal-old-noisy/100/rovers_noisy_p01_hyp-2_full_1.tar.bz2:0.589640140533:0.0771247:0.59
> 0:False:8,15:8188,989
> 1:True:8,11:8188,989
> 2:False:8,13:8188,989
> 3:False:8,18:8188,989
> 4:False:8,14:8188,989
> 5:False:9,18:8188,989
rovers-suboptimal-old-noisy/100/rovers_noisy_p01_hyp-2_full_2.tar.bz2:0.585813999176:0.0747011:0.58
> 0:False:8,15:8186,987
> 1:True:8,11:8186,987
> 2:False:8,13:8186,987
> 3:False:8,18:8186,987
> 4:False:8,14:8186,987
> 5:False:9,18:8186,987
rovers-suboptimal-old-noisy/100/rovers_noisy_p01_hyp-2_full_3.tar.bz2:0.585103034973:0.0725464:0.58
> 0:False:8,15:8187,988
> 1:True:8,11:8187,988
> 2:False:8,13:8187,988
> 3:False:8,18:8187,988
> 4:False:8,14:8187,988
> 5:False:9,18:8187,988
rovers-suboptimal-old-noisy/100/rovers_noisy_p01_hyp-3_full_1.tar.bz2:0.588628053665:0.0777872:0.6
> 0:False:8,14:8188,989
> 1:False:8,13:8188,989
> 2:True:8,11:8188,989
> 3:False:8,16:8188,989
> 4:False:8,14:8188,989
> 5:False:9,18:8188,989
rovers-suboptimal-old-noisy/100/rovers_noisy_p01_hyp-3_full_2.tar.bz2:0.578075885773:0.06723545:0.58
> 0:False:8,15:8186,987
> 1:False:8,13:8186,987
> 2:True:8,11:8186,987
> 3:False:8,16:8186,987
> 4:False:8,14:8186,987
> 5:False:9,18:8186,987
rovers-suboptimal-old-noisy/100/rovers_noisy_p01_hyp-3_full_3.tar.bz2:0.587441921234:0.0756647:0.59
> 0:False:8,15:8187,988
> 1:False:8,13:8187,988
> 2:True:8,11:8187,988
> 3:False:8,16:8187,988
> 4:False:8,13:8187,988
> 5:False:9,18:8187,988
rovers-suboptimal-old-noisy/100/rovers_noisy_p01_hyp-4_full_1.tar.bz2:0.590163946152:0.0784899:0.6
> 0:False:8,14:8187,988
> 1:False:8,16:8187,988
> 2:False:8,14:8187,988
> 3:True:8,9:8187,988
> 4:False:8,17:8187,988
> 5:False:9,15:8187,988
rovers-suboptimal-old-noisy/100/rovers_noisy_p01_hyp-4_full_2.tar.bz2:0.587146043777:0.0763134:0.58
> 0:False:8,14:8187,988
> 1:False:8,16:8187,988
> 2:False:8,14:8187,988
> 3:True:8,9:8187,988
> 4:False:8,17:8187,988
> 5:False:9,15:8187,988
rovers-suboptimal-old-noisy/100/rovers_noisy_p01_hyp-4_full_3.tar.bz2:0.589210033417:0.0757006:0.59
> 0:False:8,14:8186,987
> 1:False:8,16:8186,987
> 2:False:8,14:8186,987
> 3:True:8,9:8186,987
> 4:False:8,17:8186,987
> 5:False:9,14:8186,987
rovers-suboptimal-old-noisy/100/rovers_noisy_p02_hyp-1_full_1.tar.bz2:0.740336894989:0.1489638:0.74
> 0:True:10,12:16067,1629
> 1:False:12,19:16067,1629
> 2:False:11,15:16067,1629
> 3:False:11,16:16067,1629
> 4:False:12,22:16067,1629
> 5:False:11,17:16067,1629
rovers-suboptimal-old-noisy/100/rovers_noisy_p02_hyp-1_full_2.tar.bz2:0.736804962158:0.1474511:0.75
> 0:True:10,12:16066,1628
> 1:False:12,20:16066,1628
> 2:False:11,15:16066,1628
> 3:False:11,17:16066,1628
> 4:False:12,22:16066,1628
> 5:False:11,17:16066,1628
rovers-suboptimal-old-noisy/100/rovers_noisy_p02_hyp-1_full_3.tar.bz2:0.740786075592:0.1474783:0.73
> 0:True:10,12:16067,1629
> 1:False:12,20:16067,1629
> 2:False:11,15:16067,1629
> 3:False:11,17:16067,1629
> 4:False:12,21:16067,1629
> 5:False:11,17:16067,1629
rovers-suboptimal-old-noisy/100/rovers_noisy_p02_hyp-2_full_1.tar.bz2:0.740124225616:0.1492662:0.74
> 0:False:10,22:16067,1629
> 1:True:12,16:16067,1629
> 2:False:11,23:16067,1629
> 3:False:11,18:16067,1629
> 4:False:12,21:16067,1629
> 5:False:11,25:16067,1629
rovers-suboptimal-old-noisy/100/rovers_noisy_p02_hyp-2_full_2.tar.bz2:0.744266986847:0.1519642:0.74
> 0:False:10,21:16071,1633
> 1:True:12,16:16071,1633
> 2:False:11,22:16071,1633
> 3:False:11,18:16071,1633
> 4:False:12,20:16071,1633
> 5:False:11,24:16071,1633
rovers-suboptimal-old-noisy/100/rovers_noisy_p02_hyp-2_full_3.tar.bz2:0.742026090622:0.149892:0.75
> 0:False:10,22:16069,1631
> 1:True:12,16:16069,1631
> 2:False:11,23:16069,1631
> 3:False:11,18:16069,1631
> 4:False:12,21:16069,1631
> 5:False:11,25:16069,1631
rovers-suboptimal-old-noisy/100/rovers_noisy_p02_hyp-3_full_1.tar.bz2:0.748726129532:0.1571263:0.75
> 0:False:10,18:16069,1631
> 1:False:12,24:16069,1631
> 2:True:11,16:16069,1631
> 3:False:11,21:16069,1631
> 4:False:12,22:16069,1631
> 5:False:11,20:16069,1631
rovers-suboptimal-old-noisy/100/rovers_noisy_p02_hyp-3_full_2.tar.bz2:0.744659900665:0.1550461:0.75
> 0:False:10,18:16069,1631
> 1:False:12,24:16069,1631
> 2:True:11,16:16069,1631
> 3:False:11,21:16069,1631
> 4:False:12,23:16069,1631
> 5:False:11,20:16069,1631
rovers-suboptimal-old-noisy/100/rovers_noisy_p02_hyp-3_full_3.tar.bz2:0.749696016312:0.1565541:0.76
> 0:False:10,18:16070,1632
> 1:False:12,24:16070,1632
> 2:True:11,16:16070,1632
> 3:False:11,21:16070,1632
> 4:False:12,23:16070,1632
> 5:False:11,19:16070,1632
rovers-suboptimal-old-noisy/100/rovers_noisy_p02_hyp-4_full_1.tar.bz2:0.739381074905:0.1471206:0.74
> 0:False:10,20:16068,1630
> 1:False:12,18:16068,1630
> 2:False:11,21:16068,1630
> 3:True:11,16:16068,1630
> 4:False:12,23:16068,1630
> 5:False:11,25:16068,1630
rovers-suboptimal-old-noisy/100/rovers_noisy_p02_hyp-4_full_2.tar.bz2:0.740263938904:0.1494228:0.74
> 0:False:10,20:16068,1630
> 1:False:12,19:16068,1630
> 2:False:11,20:16068,1630
> 3:True:11,16:16068,1630
> 4:False:12,23:16068,1630
> 5:False:11,24:16068,1630
rovers-suboptimal-old-noisy/100/rovers_noisy_p02_hyp-4_full_3.tar.bz2:0.743301868439:0.1524112:0.74
> 0:False:10,20:16070,1632
> 1:False:12,19:16070,1632
> 2:False:11,21:16070,1632
> 3:True:11,16:16070,1632
> 4:False:12,24:16070,1632
> 5:False:11,25:16070,1632
rovers-suboptimal-old-noisy/100/rovers_noisy_p03_hyp-1_full_1.tar.bz2:0.74943614006:0.1580071:0.76
> 0:True:10,12:16066,1628
> 1:False:11,19:16066,1628
> 2:False:12,21:16066,1628
> 3:False:10,16:16066,1628
> 4:False:11,17:16066,1628
> 5:False:12,19:16066,1628
rovers-suboptimal-old-noisy/100/rovers_noisy_p03_hyp-1_full_2.tar.bz2:0.742956876755:0.1493257:0.75
> 0:True:10,12:16064,1626
> 1:False:11,19:16064,1626
> 2:False:12,22:16064,1626
> 3:False:10,16:16064,1626
> 4:False:11,17:16064,1626
> 5:False:12,20:16064,1626
rovers-suboptimal-old-noisy/100/rovers_noisy_p03_hyp-1_full_3.tar.bz2:0.744765043259:0.1515783:0.74
> 0:True:10,12:16066,1628
> 1:False:11,19:16066,1628
> 2:False:12,22:16066,1628
> 3:False:10,16:16066,1628
> 4:False:11,17:16066,1628
> 5:False:12,20:16066,1628
rovers-suboptimal-old-noisy/100/rovers_noisy_p03_hyp-2_full_1.tar.bz2:0.736552000046:0.1444324:0.74
> 0:False:10,21:16069,1631
> 1:True:11,16:16069,1631
> 2:False:12,19:16069,1631
> 3:False:10,19:16069,1631
> 4:False:11,21:16069,1631
> 5:False:12,24:16069,1631
rovers-suboptimal-old-noisy/100/rovers_noisy_p03_hyp-2_full_2.tar.bz2:0.732798099518:0.1392239:0.74
> 0:False:10,22:16066,1628
> 1:True:11,16:16066,1628
> 2:False:12,21:16066,1628
> 3:False:10,20:16066,1628
> 4:False:11,21:16066,1628
> 5:False:12,26:16066,1628
rovers-suboptimal-old-noisy/100/rovers_noisy_p03_hyp-2_full_3.tar.bz2:0.736566066742:0.1451612:0.74
> 0:False:10,22:16068,1630
> 1:True:11,16:16068,1630
> 2:False:12,20:16068,1630
> 3:False:10,19:16068,1630
> 4:False:11,21:16068,1630
> 5:False:12,26:16068,1630
rovers-suboptimal-old-noisy/100/rovers_noisy_p03_hyp-3_full_1.tar.bz2:0.737968921661:0.145576:0.74
> 0:False:10,24:16069,1631
> 1:False:11,20:16069,1631
> 2:True:12,16:16069,1631
> 3:False:10,20:16069,1631
> 4:False:11,25:16069,1631
> 5:False:12,23:16069,1631
rovers-suboptimal-old-noisy/100/rovers_noisy_p03_hyp-3_full_2.tar.bz2:0.736805200577:0.1461898:0.73
> 0:False:10,23:16069,1631
> 1:False:11,19:16069,1631
> 2:True:12,16:16069,1631
> 3:False:10,19:16069,1631
> 4:False:11,24:16069,1631
> 5:False:12,23:16069,1631
rovers-suboptimal-old-noisy/100/rovers_noisy_p03_hyp-3_full_3.tar.bz2:0.738223075867:0.149015:0.74
> 0:False:10,24:16071,1633
> 1:False:11,19:16071,1633
> 2:True:12,16:16071,1633
> 3:False:10,20:16071,1633
> 4:False:11,24:16071,1633
> 5:False:12,23:16071,1633
rovers-suboptimal-old-noisy/100/rovers_noisy_p03_hyp-4_full_1.tar.bz2:0.736474990845:0.1452689:0.73
> 0:False:10,16:16067,1629
> 1:False:11,17:16067,1629
> 2:False:12,18:16067,1629
> 3:True:10,12:16067,1629
> 4:False:11,19:16067,1629
> 5:False:12,21:16067,1629
rovers-suboptimal-old-noisy/100/rovers_noisy_p03_hyp-4_full_2.tar.bz2:0.735823869705:0.1451962:0.74
> 0:False:10,16:16067,1629
> 1:False:11,16:16067,1629
> 2:False:12,17:16067,1629
> 3:True:10,12:16067,1629
> 4:False:11,19:16067,1629
> 5:False:12,21:16067,1629
rovers-suboptimal-old-noisy/100/rovers_noisy_p03_hyp-4_full_3.tar.bz2:0.740028858185:0.145427:0.73
> 0:False:10,16:16065,1627
> 1:False:11,17:16065,1627
> 2:False:12,18:16065,1627
> 3:True:10,12:16065,1627
> 4:False:11,19:16065,1627
> 5:False:12,22:16065,1627
