rovers-optimal/10/rovers_p01_hyp-1_10_1.tar.bz2:1.47989201546:0.046875:1.2
> (communicated_image_data objective0 high_res),(communicated_soil_data waypoint3),(communicated_rock_data waypoint1):True:3.0,3.0:311.0,397.0
> (communicated_soil_data waypoint2),(communicated_image_data objective1 high_res),(communicated_rock_data waypoint1):True:3.0,3.0:309.0,395.0
> (communicated_rock_data waypoint3),(communicated_image_data objective2 high_res),(communicated_soil_data waypoint3):False:3.0,4.0:311.0,397.0
> (communicated_soil_data waypoint2),(communicated_image_data objective0 low_res),(communicated_rock_data waypoint1):True:3.0,3.0:309.0,395.0
> (communicated_soil_data waypoint2),(communicated_rock_data waypoint3),(communicated_image_data objective1 low_res):False:3.0,4.0:309.0,395.0
> (communicated_soil_data waypoint2),(communicated_image_data objective2 high_res),(communicated_rock_data waypoint1):True:3.0,3.0:309.0,395.0
rovers-optimal/10/rovers_p01_hyp-2_10_1.tar.bz2:1.38520908356:0.015625:1.14
> (communicated_image_data objective0 high_res),(communicated_soil_data waypoint3),(communicated_rock_data waypoint1):True:3.0,5.0:311.0,397.0
> (communicated_soil_data waypoint2),(communicated_image_data objective1 high_res),(communicated_rock_data waypoint1):True:3.0,5.0:309.0,395.0
> (communicated_rock_data waypoint3),(communicated_image_data objective2 high_res),(communicated_soil_data waypoint3):True:3.0,5.0:311.0,397.0
> (communicated_soil_data waypoint2),(communicated_image_data objective0 low_res),(communicated_rock_data waypoint1):True:3.0,5.0:309.0,395.0
> (communicated_soil_data waypoint2),(communicated_rock_data waypoint3),(communicated_image_data objective1 low_res):True:3.0,5.0:309.0,395.0
> (communicated_soil_data waypoint2),(communicated_image_data objective2 high_res),(communicated_rock_data waypoint1):True:3.0,5.0:309.0,395.0
rovers-optimal/10/rovers_p02_hyp-1_10_1.tar.bz2:1.39857387543:0.03125:1.27
> (communicated_image_data objective1 high_res),(communicated_soil_data waypoint3),(communicated_image_data objective0 low_res),(communicated_rock_data waypoint1):False:4.0,6.0:521.0,608.0
> (communicated_soil_data waypoint2),(communicated_image_data objective1 high_res),(communicated_image_data objective2 high_res),(communicated_rock_data waypoint0):False:4.0,5.0:521.0,608.0
> (communicated_image_data objective0 high_res),(communicated_image_data objective2 high_res),(communicated_soil_data waypoint3),(communicated_rock_data waypoint0):False:4.0,5.0:521.0,608.0
> (communicated_image_data objective0 high_res),(communicated_soil_data waypoint3),(communicated_soil_data waypoint1),(communicated_image_data objective2 low_res):False:4.0,5.0:522.0,609.0
> (communicated_soil_data waypoint2),(communicated_image_data objective1 high_res),(communicated_image_data objective2 high_res),(communicated_rock_data waypoint1):False:4.0,6.0:521.0,608.0
> (communicated_image_data objective0 high_res),(communicated_image_data objective2 high_res),(communicated_rock_data waypoint0),(communicated_soil_data waypoint1):True:4.0,4.0:521.0,608.0
rovers-optimal/10/rovers_p02_hyp-2_10_1.tar.bz2:1.79977297783:0.0625:1.46
> (communicated_image_data objective1 high_res),(communicated_soil_data waypoint3),(communicated_image_data objective0 low_res),(communicated_rock_data waypoint1):True:4.0,7.0:521.0,608.0
> (communicated_soil_data waypoint2),(communicated_image_data objective1 high_res),(communicated_image_data objective2 high_res),(communicated_rock_data waypoint0):True:4.0,7.0:521.0,608.0
> (communicated_image_data objective0 high_res),(communicated_image_data objective2 high_res),(communicated_soil_data waypoint3),(communicated_rock_data waypoint0):True:4.0,7.0:521.0,608.0
> (communicated_image_data objective0 high_res),(communicated_soil_data waypoint3),(communicated_soil_data waypoint1),(communicated_image_data objective2 low_res):True:4.0,7.0:522.0,609.0
> (communicated_soil_data waypoint2),(communicated_image_data objective1 high_res),(communicated_image_data objective2 high_res),(communicated_rock_data waypoint1):True:4.0,7.0:521.0,608.0
> (communicated_image_data objective0 high_res),(communicated_image_data objective2 high_res),(communicated_rock_data waypoint0),(communicated_soil_data waypoint1):True:4.0,7.0:521.0,608.0
rovers-optimal/10/rovers_p03_hyp-1_10_1.tar.bz2:1.53971910477:0.03125:1.32
> (communicated_soil_data waypoint2),(communicated_image_data objective1 high_res),(communicated_image_data objective2 high_res),(communicated_rock_data waypoint0):False:4.0,6.0:521.0,608.0
> (communicated_image_data objective0 high_res),(communicated_image_data objective1 high_res),(communicated_rock_data waypoint0),(communicated_soil_data waypoint1):False:4.0,6.0:521.0,608.0
> (communicated_image_data objective2 low_res),(communicated_rock_data waypoint0),(communicated_soil_data waypoint1),(communicated_image_data objective0 low_res):True:4.0,5.0:521.0,608.0
> (communicated_image_data objective2 high_res),(communicated_soil_data waypoint3),(communicated_rock_data waypoint0),(communicated_image_data objective0 low_res):False:4.0,6.0:521.0,608.0
> (communicated_soil_data waypoint2),(communicated_image_data objective0 high_res),(communicated_image_data objective1 high_res),(communicated_rock_data waypoint1):False:4.0,6.0:521.0,608.0
> (communicated_image_data objective1 low_res),(communicated_soil_data waypoint3),(communicated_image_data objective2 low_res),(communicated_rock_data waypoint1):True:4.0,5.0:521.0,608.0
rovers-optimal/10/rovers_p03_hyp-2_10_1.tar.bz2:1.39142799377:0.015625:1.19
> (communicated_soil_data waypoint2),(communicated_image_data objective1 high_res),(communicated_image_data objective2 high_res),(communicated_rock_data waypoint0):True:4.0,5.0:521.0,608.0
> (communicated_image_data objective0 high_res),(communicated_image_data objective1 high_res),(communicated_rock_data waypoint0),(communicated_soil_data waypoint1):True:4.0,5.0:521.0,608.0
> (communicated_image_data objective2 low_res),(communicated_rock_data waypoint0),(communicated_soil_data waypoint1),(communicated_image_data objective0 low_res):True:4.0,5.0:521.0,608.0
> (communicated_image_data objective2 high_res),(communicated_soil_data waypoint3),(communicated_rock_data waypoint0),(communicated_image_data objective0 low_res):True:4.0,5.0:521.0,608.0
> (communicated_soil_data waypoint2),(communicated_image_data objective0 high_res),(communicated_image_data objective1 high_res),(communicated_rock_data waypoint1):False:4.0,6.0:521.0,608.0
> (communicated_image_data objective1 low_res),(communicated_soil_data waypoint3),(communicated_image_data objective2 low_res),(communicated_rock_data waypoint1):False:4.0,6.0:521.0,608.0
rovers-optimal/30/rovers_p01_hyp-1_30_1.tar.bz2:1.48052120209:0.03125:1.23
> (communicated_image_data objective0 high_res),(communicated_soil_data waypoint3),(communicated_rock_data waypoint1):True:3.0,8.0:313.0,399.0
> (communicated_soil_data waypoint2),(communicated_image_data objective1 high_res),(communicated_rock_data waypoint1):True:3.0,8.0:311.0,397.0
> (communicated_rock_data waypoint3),(communicated_image_data objective2 high_res),(communicated_soil_data waypoint3):True:3.0,8.0:313.0,399.0
> (communicated_soil_data waypoint2),(communicated_image_data objective0 low_res),(communicated_rock_data waypoint1):True:3.0,8.0:311.0,397.0
> (communicated_soil_data waypoint2),(communicated_rock_data waypoint3),(communicated_image_data objective1 low_res):True:3.0,8.0:311.0,397.0
> (communicated_soil_data waypoint2),(communicated_image_data objective2 high_res),(communicated_rock_data waypoint1):True:3.0,8.0:311.0,397.0
rovers-optimal/30/rovers_p01_hyp-2_30_1.tar.bz2:1.43807196617:0.03125:1.27
> (communicated_image_data objective0 high_res),(communicated_soil_data waypoint3),(communicated_rock_data waypoint1):False:3.0,7.0:313.0,399.0
> (communicated_soil_data waypoint2),(communicated_image_data objective1 high_res),(communicated_rock_data waypoint1):True:3.0,5.0:311.0,397.0
> (communicated_rock_data waypoint3),(communicated_image_data objective2 high_res),(communicated_soil_data waypoint3):False:3.0,7.0:313.0,399.0
> (communicated_soil_data waypoint2),(communicated_image_data objective0 low_res),(communicated_rock_data waypoint1):False:3.0,6.0:311.0,397.0
> (communicated_soil_data waypoint2),(communicated_rock_data waypoint3),(communicated_image_data objective1 low_res):False:3.0,6.0:311.0,397.0
> (communicated_soil_data waypoint2),(communicated_image_data objective2 high_res),(communicated_rock_data waypoint1):False:3.0,6.0:311.0,397.0
rovers-optimal/30/rovers_p02_hyp-1_30_1.tar.bz2:1.50988006592:0.0625:1.38
> (communicated_image_data objective1 high_res),(communicated_soil_data waypoint3),(communicated_image_data objective0 low_res),(communicated_rock_data waypoint1):False:4.0,8.0:523.0,610.0
> (communicated_soil_data waypoint2),(communicated_image_data objective1 high_res),(communicated_image_data objective2 high_res),(communicated_rock_data waypoint0):False:4.0,6.0:523.0,610.0
> (communicated_image_data objective0 high_res),(communicated_image_data objective2 high_res),(communicated_soil_data waypoint3),(communicated_rock_data waypoint0):False:4.0,6.0:523.0,610.0
> (communicated_image_data objective0 high_res),(communicated_soil_data waypoint3),(communicated_soil_data waypoint1),(communicated_image_data objective2 low_res):False:4.0,7.0:524.0,611.0
> (communicated_soil_data waypoint2),(communicated_image_data objective1 high_res),(communicated_image_data objective2 high_res),(communicated_rock_data waypoint1):False:4.0,7.0:523.0,610.0
> (communicated_image_data objective0 high_res),(communicated_image_data objective2 high_res),(communicated_rock_data waypoint0),(communicated_soil_data waypoint1):True:4.0,5.0:523.0,610.0
rovers-optimal/30/rovers_p02_hyp-2_30_1.tar.bz2:1.66480612755:0.0625:1.39
> (communicated_image_data objective1 high_res),(communicated_soil_data waypoint3),(communicated_image_data objective0 low_res),(communicated_rock_data waypoint1):False:4.0,9.0:523.0,610.0
> (communicated_soil_data waypoint2),(communicated_image_data objective1 high_res),(communicated_image_data objective2 high_res),(communicated_rock_data waypoint0):True:4.0,8.0:523.0,610.0
> (communicated_image_data objective0 high_res),(communicated_image_data objective2 high_res),(communicated_soil_data waypoint3),(communicated_rock_data waypoint0):False:4.0,9.0:523.0,610.0
> (communicated_image_data objective0 high_res),(communicated_soil_data waypoint3),(communicated_soil_data waypoint1),(communicated_image_data objective2 low_res):False:4.0,10.0:524.0,611.0
> (communicated_soil_data waypoint2),(communicated_image_data objective1 high_res),(communicated_image_data objective2 high_res),(communicated_rock_data waypoint1):True:4.0,8.0:523.0,610.0
> (communicated_image_data objective0 high_res),(communicated_image_data objective2 high_res),(communicated_rock_data waypoint0),(communicated_soil_data waypoint1):False:4.0,9.0:523.0,610.0
rovers-optimal/30/rovers_p03_hyp-1_30_1.tar.bz2:1.53894114494:0.078125:1.38
> (communicated_soil_data waypoint2),(communicated_image_data objective1 high_res),(communicated_image_data objective2 high_res),(communicated_rock_data waypoint0):False:4.0,8.0:523.0,610.0
> (communicated_image_data objective0 high_res),(communicated_image_data objective1 high_res),(communicated_rock_data waypoint0),(communicated_soil_data waypoint1):False:4.0,8.0:523.0,610.0
> (communicated_image_data objective2 low_res),(communicated_rock_data waypoint0),(communicated_soil_data waypoint1),(communicated_image_data objective0 low_res):True:4.0,7.0:523.0,610.0
> (communicated_image_data objective2 high_res),(communicated_soil_data waypoint3),(communicated_rock_data waypoint0),(communicated_image_data objective0 low_res):False:4.0,8.0:523.0,610.0
> (communicated_soil_data waypoint2),(communicated_image_data objective0 high_res),(communicated_image_data objective1 high_res),(communicated_rock_data waypoint1):False:4.0,8.0:523.0,610.0
> (communicated_image_data objective1 low_res),(communicated_soil_data waypoint3),(communicated_image_data objective2 low_res),(communicated_rock_data waypoint1):True:4.0,7.0:523.0,610.0
rovers-optimal/30/rovers_p03_hyp-2_30_1.tar.bz2:1.4168419838:0.03125:1.21
> (communicated_soil_data waypoint2),(communicated_image_data objective1 high_res),(communicated_image_data objective2 high_res),(communicated_rock_data waypoint0):True:4.0,8.0:523.0,610.0
> (communicated_image_data objective0 high_res),(communicated_image_data objective1 high_res),(communicated_rock_data waypoint0),(communicated_soil_data waypoint1):True:4.0,8.0:523.0,610.0
> (communicated_image_data objective2 low_res),(communicated_rock_data waypoint0),(communicated_soil_data waypoint1),(communicated_image_data objective0 low_res):False:4.0,9.0:523.0,610.0
> (communicated_image_data objective2 high_res),(communicated_soil_data waypoint3),(communicated_rock_data waypoint0),(communicated_image_data objective0 low_res):False:4.0,9.0:523.0,610.0
> (communicated_soil_data waypoint2),(communicated_image_data objective0 high_res),(communicated_image_data objective1 high_res),(communicated_rock_data waypoint1):True:4.0,8.0:523.0,610.0
> (communicated_image_data objective1 low_res),(communicated_soil_data waypoint3),(communicated_image_data objective2 low_res),(communicated_rock_data waypoint1):False:4.0,9.0:523.0,610.0
rovers-optimal/50/rovers_p01_hyp-1_50_1.tar.bz2:1.72331690788:0.015625:1.41
> (communicated_image_data objective0 high_res),(communicated_soil_data waypoint3),(communicated_rock_data waypoint1):True:3.0,6.0:314.0,400.0
> (communicated_soil_data waypoint2),(communicated_image_data objective1 high_res),(communicated_rock_data waypoint1):False:3.0,7.0:312.0,398.0
> (communicated_rock_data waypoint3),(communicated_image_data objective2 high_res),(communicated_soil_data waypoint3):False:3.0,7.0:314.0,400.0
> (communicated_soil_data waypoint2),(communicated_image_data objective0 low_res),(communicated_rock_data waypoint1):False:3.0,7.0:312.0,398.0
> (communicated_soil_data waypoint2),(communicated_rock_data waypoint3),(communicated_image_data objective1 low_res):False:3.0,8.0:312.0,398.0
> (communicated_soil_data waypoint2),(communicated_image_data objective2 high_res),(communicated_rock_data waypoint1):False:3.0,7.0:312.0,398.0
rovers-optimal/50/rovers_p01_hyp-2_50_1.tar.bz2:1.43673992157:0.0:1.21
> (communicated_image_data objective0 high_res),(communicated_soil_data waypoint3),(communicated_rock_data waypoint1):False:3.0,8.0:315.0,401.0
> (communicated_soil_data waypoint2),(communicated_image_data objective1 high_res),(communicated_rock_data waypoint1):True:3.0,7.0:313.0,399.0
> (communicated_rock_data waypoint3),(communicated_image_data objective2 high_res),(communicated_soil_data waypoint3):False:3.0,9.0:315.0,401.0
> (communicated_soil_data waypoint2),(communicated_image_data objective0 low_res),(communicated_rock_data waypoint1):True:3.0,7.0:313.0,399.0
> (communicated_soil_data waypoint2),(communicated_rock_data waypoint3),(communicated_image_data objective1 low_res):False:3.0,8.0:313.0,399.0
> (communicated_soil_data waypoint2),(communicated_image_data objective2 high_res),(communicated_rock_data waypoint1):True:3.0,7.0:313.0,399.0
rovers-optimal/50/rovers_p02_hyp-1_50_1.tar.bz2:1.52775502205:0.046875:1.34
> (communicated_image_data objective1 high_res),(communicated_soil_data waypoint3),(communicated_image_data objective0 low_res),(communicated_rock_data waypoint1):False:4.0,10.0:525.0,612.0
> (communicated_soil_data waypoint2),(communicated_image_data objective1 high_res),(communicated_image_data objective2 high_res),(communicated_rock_data waypoint0):False:4.0,9.0:525.0,612.0
> (communicated_image_data objective0 high_res),(communicated_image_data objective2 high_res),(communicated_soil_data waypoint3),(communicated_rock_data waypoint0):False:4.0,8.0:525.0,612.0
> (communicated_image_data objective0 high_res),(communicated_soil_data waypoint3),(communicated_soil_data waypoint1),(communicated_image_data objective2 low_res):False:4.0,8.0:526.0,613.0
> (communicated_soil_data waypoint2),(communicated_image_data objective1 high_res),(communicated_image_data objective2 high_res),(communicated_rock_data waypoint1):False:4.0,10.0:525.0,612.0
> (communicated_image_data objective0 high_res),(communicated_image_data objective2 high_res),(communicated_rock_data waypoint0),(communicated_soil_data waypoint1):True:4.0,7.0:525.0,612.0
rovers-optimal/50/rovers_p02_hyp-2_50_1.tar.bz2:1.56902098656:0.046875:1.41
> (communicated_image_data objective1 high_res),(communicated_soil_data waypoint3),(communicated_image_data objective0 low_res),(communicated_rock_data waypoint1):False:4.0,12.0:526.0,613.0
> (communicated_soil_data waypoint2),(communicated_image_data objective1 high_res),(communicated_image_data objective2 high_res),(communicated_rock_data waypoint0):False:4.0,12.0:526.0,613.0
> (communicated_image_data objective0 high_res),(communicated_image_data objective2 high_res),(communicated_soil_data waypoint3),(communicated_rock_data waypoint0):False:4.0,12.0:526.0,613.0
> (communicated_image_data objective0 high_res),(communicated_soil_data waypoint3),(communicated_soil_data waypoint1),(communicated_image_data objective2 low_res):False:4.0,13.0:527.0,614.0
> (communicated_soil_data waypoint2),(communicated_image_data objective1 high_res),(communicated_image_data objective2 high_res),(communicated_rock_data waypoint1):True:4.0,11.0:526.0,613.0
> (communicated_image_data objective0 high_res),(communicated_image_data objective2 high_res),(communicated_rock_data waypoint0),(communicated_soil_data waypoint1):False:4.0,12.0:526.0,613.0
rovers-optimal/50/rovers_p03_hyp-1_50_1.tar.bz2:1.6443810463:0.046875:1.39
> (communicated_soil_data waypoint2),(communicated_image_data objective1 high_res),(communicated_image_data objective2 high_res),(communicated_rock_data waypoint0):False:4.0,11.0:525.0,612.0
> (communicated_image_data objective0 high_res),(communicated_image_data objective1 high_res),(communicated_rock_data waypoint0),(communicated_soil_data waypoint1):False:4.0,10.0:525.0,612.0
> (communicated_image_data objective2 low_res),(communicated_rock_data waypoint0),(communicated_soil_data waypoint1),(communicated_image_data objective0 low_res):True:4.0,8.0:525.0,612.0
> (communicated_image_data objective2 high_res),(communicated_soil_data waypoint3),(communicated_rock_data waypoint0),(communicated_image_data objective0 low_res):False:4.0,10.0:525.0,612.0
> (communicated_soil_data waypoint2),(communicated_image_data objective0 high_res),(communicated_image_data objective1 high_res),(communicated_rock_data waypoint1):False:4.0,11.0:525.0,612.0
> (communicated_image_data objective1 low_res),(communicated_soil_data waypoint3),(communicated_image_data objective2 low_res),(communicated_rock_data waypoint1):False:4.0,10.0:525.0,612.0
rovers-optimal/50/rovers_p03_hyp-2_50_1.tar.bz2:1.50019288063:0.03125:1.29
> (communicated_soil_data waypoint2),(communicated_image_data objective1 high_res),(communicated_image_data objective2 high_res),(communicated_rock_data waypoint0):True:4.0,9.0:525.0,612.0
> (communicated_image_data objective0 high_res),(communicated_image_data objective1 high_res),(communicated_rock_data waypoint0),(communicated_soil_data waypoint1):False:4.0,10.0:525.0,612.0
> (communicated_image_data objective2 low_res),(communicated_rock_data waypoint0),(communicated_soil_data waypoint1),(communicated_image_data objective0 low_res):False:4.0,10.0:525.0,612.0
> (communicated_image_data objective2 high_res),(communicated_soil_data waypoint3),(communicated_rock_data waypoint0),(communicated_image_data objective0 low_res):False:4.0,10.0:525.0,612.0
> (communicated_soil_data waypoint2),(communicated_image_data objective0 high_res),(communicated_image_data objective1 high_res),(communicated_rock_data waypoint1):False:4.0,10.0:525.0,612.0
> (communicated_image_data objective1 low_res),(communicated_soil_data waypoint3),(communicated_image_data objective2 low_res),(communicated_rock_data waypoint1):False:4.0,11.0:525.0,612.0
rovers-optimal/70/rovers_p01_hyp-1_70_1.tar.bz2:1.47264099121:0.03125:1.37
> (communicated_image_data objective0 high_res),(communicated_soil_data waypoint3),(communicated_rock_data waypoint1):True:3.0,7.0:316.0,402.0
> (communicated_soil_data waypoint2),(communicated_image_data objective1 high_res),(communicated_rock_data waypoint1):False:3.0,9.0:314.0,400.0
> (communicated_rock_data waypoint3),(communicated_image_data objective2 high_res),(communicated_soil_data waypoint3):False:3.0,9.0:316.0,402.0
> (communicated_soil_data waypoint2),(communicated_image_data objective0 low_res),(communicated_rock_data waypoint1):False:3.0,9.0:314.0,400.0
> (communicated_soil_data waypoint2),(communicated_rock_data waypoint3),(communicated_image_data objective1 low_res):False:3.0,10.0:314.0,400.0
> (communicated_soil_data waypoint2),(communicated_image_data objective2 high_res),(communicated_rock_data waypoint1):False:3.0,9.0:314.0,400.0
rovers-optimal/70/rovers_p01_hyp-2_70_1.tar.bz2:1.52245187759:0.015625:1.31
> (communicated_image_data objective0 high_res),(communicated_soil_data waypoint3),(communicated_rock_data waypoint1):False:3.0,10.0:317.0,403.0
> (communicated_soil_data waypoint2),(communicated_image_data objective1 high_res),(communicated_rock_data waypoint1):True:3.0,8.0:315.0,401.0
> (communicated_rock_data waypoint3),(communicated_image_data objective2 high_res),(communicated_soil_data waypoint3):False:3.0,10.0:317.0,403.0
> (communicated_soil_data waypoint2),(communicated_image_data objective0 low_res),(communicated_rock_data waypoint1):False:3.0,9.0:315.0,401.0
> (communicated_soil_data waypoint2),(communicated_rock_data waypoint3),(communicated_image_data objective1 low_res):False:3.0,9.0:315.0,401.0
> (communicated_soil_data waypoint2),(communicated_image_data objective2 high_res),(communicated_rock_data waypoint1):False:3.0,9.0:315.0,401.0
rovers-optimal/70/rovers_p02_hyp-1_70_1.tar.bz2:1.544713974:0.0625:1.36
> (communicated_image_data objective1 high_res),(communicated_soil_data waypoint3),(communicated_image_data objective0 low_res),(communicated_rock_data waypoint1):False:4.0,12.0:527.0,614.0
> (communicated_soil_data waypoint2),(communicated_image_data objective1 high_res),(communicated_image_data objective2 high_res),(communicated_rock_data waypoint0):False:4.0,11.0:527.0,614.0
> (communicated_image_data objective0 high_res),(communicated_image_data objective2 high_res),(communicated_soil_data waypoint3),(communicated_rock_data waypoint0):False:4.0,11.0:527.0,614.0
> (communicated_image_data objective0 high_res),(communicated_soil_data waypoint3),(communicated_soil_data waypoint1),(communicated_image_data objective2 low_res):False:4.0,11.0:528.0,615.0
> (communicated_soil_data waypoint2),(communicated_image_data objective1 high_res),(communicated_image_data objective2 high_res),(communicated_rock_data waypoint1):False:4.0,11.0:527.0,614.0
> (communicated_image_data objective0 high_res),(communicated_image_data objective2 high_res),(communicated_rock_data waypoint0),(communicated_soil_data waypoint1):True:4.0,10.0:527.0,614.0
rovers-optimal/70/rovers_p02_hyp-2_70_1.tar.bz2:1.6543598175:0.0625:1.4
> (communicated_image_data objective1 high_res),(communicated_soil_data waypoint3),(communicated_image_data objective0 low_res),(communicated_rock_data waypoint1):False:4.0,13.0:529.0,616.0
> (communicated_soil_data waypoint2),(communicated_image_data objective1 high_res),(communicated_image_data objective2 high_res),(communicated_rock_data waypoint0):False:4.0,13.0:529.0,616.0
> (communicated_image_data objective0 high_res),(communicated_image_data objective2 high_res),(communicated_soil_data waypoint3),(communicated_rock_data waypoint0):False:4.0,15.0:529.0,616.0
> (communicated_image_data objective0 high_res),(communicated_soil_data waypoint3),(communicated_soil_data waypoint1),(communicated_image_data objective2 low_res):False:4.0,15.0:530.0,617.0
> (communicated_soil_data waypoint2),(communicated_image_data objective1 high_res),(communicated_image_data objective2 high_res),(communicated_rock_data waypoint1):True:4.0,12.0:529.0,616.0
> (communicated_image_data objective0 high_res),(communicated_image_data objective2 high_res),(communicated_rock_data waypoint0),(communicated_soil_data waypoint1):False:4.0,15.0:529.0,616.0
rovers-optimal/70/rovers_p03_hyp-1_70_1.tar.bz2:1.6084280014:0.0625:1.37
> (communicated_soil_data waypoint2),(communicated_image_data objective1 high_res),(communicated_image_data objective2 high_res),(communicated_rock_data waypoint0):False:4.0,12.0:527.0,614.0
> (communicated_image_data objective0 high_res),(communicated_image_data objective1 high_res),(communicated_rock_data waypoint0),(communicated_soil_data waypoint1):False:4.0,11.0:527.0,614.0
> (communicated_image_data objective2 low_res),(communicated_rock_data waypoint0),(communicated_soil_data waypoint1),(communicated_image_data objective0 low_res):True:4.0,10.0:527.0,614.0
> (communicated_image_data objective2 high_res),(communicated_soil_data waypoint3),(communicated_rock_data waypoint0),(communicated_image_data objective0 low_res):False:4.0,11.0:527.0,614.0
> (communicated_soil_data waypoint2),(communicated_image_data objective0 high_res),(communicated_image_data objective1 high_res),(communicated_rock_data waypoint1):False:4.0,13.0:527.0,614.0
> (communicated_image_data objective1 low_res),(communicated_soil_data waypoint3),(communicated_image_data objective2 low_res),(communicated_rock_data waypoint1):False:4.0,13.0:527.0,614.0
rovers-optimal/70/rovers_p03_hyp-2_70_1.tar.bz2:1.59192109108:0.03125:1.38
> (communicated_soil_data waypoint2),(communicated_image_data objective1 high_res),(communicated_image_data objective2 high_res),(communicated_rock_data waypoint0):True:4.0,11.0:528.0,615.0
> (communicated_image_data objective0 high_res),(communicated_image_data objective1 high_res),(communicated_rock_data waypoint0),(communicated_soil_data waypoint1):True:4.0,11.0:528.0,615.0
> (communicated_image_data objective2 low_res),(communicated_rock_data waypoint0),(communicated_soil_data waypoint1),(communicated_image_data objective0 low_res):False:4.0,12.0:528.0,615.0
> (communicated_image_data objective2 high_res),(communicated_soil_data waypoint3),(communicated_rock_data waypoint0),(communicated_image_data objective0 low_res):False:4.0,12.0:528.0,615.0
> (communicated_soil_data waypoint2),(communicated_image_data objective0 high_res),(communicated_image_data objective1 high_res),(communicated_rock_data waypoint1):False:4.0,12.0:528.0,615.0
> (communicated_image_data objective1 low_res),(communicated_soil_data waypoint3),(communicated_image_data objective2 low_res),(communicated_rock_data waypoint1):False:4.0,13.0:528.0,615.0
rovers-optimal/100/rovers_p01_hyp-1_full.tar.bz2:1.45802593231:0.03125:1.26
> (communicated_image_data objective0 high_res),(communicated_soil_data waypoint3),(communicated_rock_data waypoint1):True:3.0,8.0:318.0,404.0
> (communicated_soil_data waypoint2),(communicated_image_data objective1 high_res),(communicated_rock_data waypoint1):False:3.0,10.0:316.0,402.0
> (communicated_rock_data waypoint3),(communicated_image_data objective2 high_res),(communicated_soil_data waypoint3):False:3.0,10.0:318.0,404.0
> (communicated_soil_data waypoint2),(communicated_image_data objective0 low_res),(communicated_rock_data waypoint1):False:3.0,10.0:316.0,402.0
> (communicated_soil_data waypoint2),(communicated_rock_data waypoint3),(communicated_image_data objective1 low_res):False:3.0,11.0:316.0,402.0
> (communicated_soil_data waypoint2),(communicated_image_data objective2 high_res),(communicated_rock_data waypoint1):False:3.0,10.0:316.0,402.0
rovers-optimal/100/rovers_p01_hyp-2_full.tar.bz2:1.49912619591:0.015625:1.15
> (communicated_image_data objective0 high_res),(communicated_soil_data waypoint3),(communicated_rock_data waypoint1):False:3.0,11.0:319.0,405.0
> (communicated_soil_data waypoint2),(communicated_image_data objective1 high_res),(communicated_rock_data waypoint1):True:3.0,9.0:317.0,403.0
> (communicated_rock_data waypoint3),(communicated_image_data objective2 high_res),(communicated_soil_data waypoint3):False:3.0,12.0:319.0,405.0
> (communicated_soil_data waypoint2),(communicated_image_data objective0 low_res),(communicated_rock_data waypoint1):False:3.0,10.0:317.0,403.0
> (communicated_soil_data waypoint2),(communicated_rock_data waypoint3),(communicated_image_data objective1 low_res):False:3.0,11.0:317.0,403.0
> (communicated_soil_data waypoint2),(communicated_image_data objective2 high_res),(communicated_rock_data waypoint1):False:3.0,10.0:317.0,403.0
rovers-optimal/100/rovers_p02_hyp-1_full.tar.bz2:1.40656089783:0.0625:1.22
> (communicated_image_data objective1 high_res),(communicated_soil_data waypoint3),(communicated_image_data objective0 low_res),(communicated_rock_data waypoint1):False:4.0,15.0:530.0,617.0
> (communicated_soil_data waypoint2),(communicated_image_data objective1 high_res),(communicated_image_data objective2 high_res),(communicated_rock_data waypoint0):False:4.0,13.0:530.0,617.0
> (communicated_image_data objective0 high_res),(communicated_image_data objective2 high_res),(communicated_soil_data waypoint3),(communicated_rock_data waypoint0):False:4.0,12.0:530.0,617.0
> (communicated_image_data objective0 high_res),(communicated_soil_data waypoint3),(communicated_soil_data waypoint1),(communicated_image_data objective2 low_res):False:4.0,13.0:531.0,618.0
> (communicated_soil_data waypoint2),(communicated_image_data objective1 high_res),(communicated_image_data objective2 high_res),(communicated_rock_data waypoint1):False:4.0,14.0:530.0,617.0
> (communicated_image_data objective0 high_res),(communicated_image_data objective2 high_res),(communicated_rock_data waypoint0),(communicated_soil_data waypoint1):True:4.0,11.0:530.0,617.0
rovers-optimal/100/rovers_p02_hyp-2_full.tar.bz2:1.44381189346:0.03125:1.21
> (communicated_image_data objective1 high_res),(communicated_soil_data waypoint3),(communicated_image_data objective0 low_res),(communicated_rock_data waypoint1):False:4.0,15.0:532.0,619.0
> (communicated_soil_data waypoint2),(communicated_image_data objective1 high_res),(communicated_image_data objective2 high_res),(communicated_rock_data waypoint0):False:4.0,14.0:532.0,619.0
> (communicated_image_data objective0 high_res),(communicated_image_data objective2 high_res),(communicated_soil_data waypoint3),(communicated_rock_data waypoint0):False:4.0,16.0:532.0,619.0
> (communicated_image_data objective0 high_res),(communicated_soil_data waypoint3),(communicated_soil_data waypoint1),(communicated_image_data objective2 low_res):False:4.0,17.0:533.0,620.0
> (communicated_soil_data waypoint2),(communicated_image_data objective1 high_res),(communicated_image_data objective2 high_res),(communicated_rock_data waypoint1):True:4.0,13.0:532.0,619.0
> (communicated_image_data objective0 high_res),(communicated_image_data objective2 high_res),(communicated_rock_data waypoint0),(communicated_soil_data waypoint1):False:4.0,16.0:532.0,619.0
rovers-optimal/100/rovers_p03_hyp-1_full.tar.bz2:1.47331190109:0.078125:1.34
> (communicated_soil_data waypoint2),(communicated_image_data objective1 high_res),(communicated_image_data objective2 high_res),(communicated_rock_data waypoint0):False:4.0,14.0:529.0,616.0
> (communicated_image_data objective0 high_res),(communicated_image_data objective1 high_res),(communicated_rock_data waypoint0),(communicated_soil_data waypoint1):False:4.0,13.0:529.0,616.0
> (communicated_image_data objective2 low_res),(communicated_rock_data waypoint0),(communicated_soil_data waypoint1),(communicated_image_data objective0 low_res):True:4.0,11.0:529.0,616.0
> (communicated_image_data objective2 high_res),(communicated_soil_data waypoint3),(communicated_rock_data waypoint0),(communicated_image_data objective0 low_res):False:4.0,13.0:529.0,616.0
> (communicated_soil_data waypoint2),(communicated_image_data objective0 high_res),(communicated_image_data objective1 high_res),(communicated_rock_data waypoint1):False:4.0,15.0:529.0,616.0
> (communicated_image_data objective1 low_res),(communicated_soil_data waypoint3),(communicated_image_data objective2 low_res),(communicated_rock_data waypoint1):False:4.0,14.0:529.0,616.0
rovers-optimal/100/rovers_p03_hyp-2_full.tar.bz2:1.45347499847:0.046875:1.31
> (communicated_soil_data waypoint2),(communicated_image_data objective1 high_res),(communicated_image_data objective2 high_res),(communicated_rock_data waypoint0):True:4.0,12.0:531.0,618.0
> (communicated_image_data objective0 high_res),(communicated_image_data objective1 high_res),(communicated_rock_data waypoint0),(communicated_soil_data waypoint1):False:4.0,14.0:531.0,618.0
> (communicated_image_data objective2 low_res),(communicated_rock_data waypoint0),(communicated_soil_data waypoint1),(communicated_image_data objective0 low_res):False:4.0,15.0:531.0,618.0
> (communicated_image_data objective2 high_res),(communicated_soil_data waypoint3),(communicated_rock_data waypoint0),(communicated_image_data objective0 low_res):False:4.0,14.0:531.0,618.0
> (communicated_soil_data waypoint2),(communicated_image_data objective0 high_res),(communicated_image_data objective1 high_res),(communicated_rock_data waypoint1):False:4.0,14.0:531.0,618.0
> (communicated_image_data objective1 low_res),(communicated_soil_data waypoint3),(communicated_image_data objective2 low_res),(communicated_rock_data waypoint1):False:4.0,16.0:531.0,618.0
