rovers-optimal-old-noisy/10/rovers_noisy_p01_hyp-1_10_1.tar.bz2:0.456534862518:0.00544904:0.45
> 0:True:8,8:88,13
> 1:True:8,8:88,13
> 2:True:8,8:88,13
> 3:True:8,8:88,13
> 4:False:8,9:88,13
> 5:False:9,10:88,14
rovers-optimal-old-noisy/10/rovers_noisy_p01_hyp-1_10_2.tar.bz2:0.45063996315:0.005166798:0.45
> 0:True:8,8:88,12
> 1:False:8,9:88,12
> 2:False:8,9:88,12
> 3:True:8,8:88,12
> 4:False:8,9:88,12
> 5:False:9,10:88,13
rovers-optimal-old-noisy/10/rovers_noisy_p01_hyp-1_10_3.tar.bz2:0.454568147659:0.005599583:0.46
> 0:True:8,8:88,14
> 1:True:8,8:88,14
> 2:True:8,8:88,14
> 3:False:8,10:88,14
> 4:True:8,8:88,14
> 5:False:9,11:88,15
rovers-optimal-old-noisy/10/rovers_noisy_p01_hyp-2_10_1.tar.bz2:0.457423210144:0.005644827:0.46
> 0:True:8,8:88,12
> 1:True:8,8:88,12
> 2:True:8,8:88,12
> 3:True:8,8:88,12
> 4:True:8,8:88,12
> 5:True:9,9:88,13
rovers-optimal-old-noisy/10/rovers_noisy_p01_hyp-2_10_2.tar.bz2:0.456630945206:0.005279032:0.45
> 0:True:8,8:88,12
> 1:True:8,8:88,12
> 2:True:8,8:88,12
> 3:True:8,8:88,12
> 4:True:8,8:88,12
> 5:True:9,9:88,13
rovers-optimal-old-noisy/10/rovers_noisy_p01_hyp-2_10_3.tar.bz2:0.456349134445:0.005527607:0.45
> 0:True:8,8:88,14
> 1:True:8,8:88,14
> 2:True:8,8:88,14
> 3:False:8,10:88,14
> 4:True:8,8:88,14
> 5:False:9,11:88,15
rovers-optimal-old-noisy/10/rovers_noisy_p01_hyp-3_10_1.tar.bz2:0.456533908844:0.005538527:0.47
> 0:True:8,8:88,14
> 1:True:8,8:88,14
> 2:True:8,8:88,14
> 3:False:8,10:88,14
> 4:True:8,8:88,14
> 5:False:9,11:88,15
rovers-optimal-old-noisy/10/rovers_noisy_p01_hyp-3_10_2.tar.bz2:0.456505060196:0.005327352:0.46
> 0:True:8,8:88,12
> 1:True:8,8:88,12
> 2:True:8,8:88,12
> 3:True:8,8:88,12
> 4:True:8,8:88,12
> 5:True:9,9:88,13
rovers-optimal-old-noisy/10/rovers_noisy_p01_hyp-3_10_3.tar.bz2:0.46005988121:0.00863654:0.46
> 0:True:8,8:90,17
> 1:True:8,8:90,17
> 2:True:8,8:90,17
> 3:True:8,8:90,17
> 4:True:8,8:90,17
> 5:True:9,9:90,18
rovers-optimal-old-noisy/10/rovers_noisy_p01_hyp-4_10_1.tar.bz2:0.462318897247:0.00908417:0.46
> 0:True:8,8:90,17
> 1:False:8,9:90,17
> 2:True:8,8:90,17
> 3:True:8,8:90,17
> 4:False:8,10:90,17
> 5:False:9,11:90,18
rovers-optimal-old-noisy/10/rovers_noisy_p01_hyp-4_10_2.tar.bz2:0.459650993347:0.00758684:0.46
> 0:False:8,10:90,20
> 1:False:8,10:90,20
> 2:True:8,8:90,20
> 3:True:8,8:90,20
> 4:False:8,9:90,20
> 5:False:9,11:90,21
rovers-optimal-old-noisy/10/rovers_noisy_p01_hyp-4_10_3.tar.bz2:0.458652019501:0.005469717:0.45
> 0:False:8,10:88,15
> 1:False:8,10:88,15
> 2:True:8,8:88,15
> 3:True:8,8:88,15
> 4:False:8,11:88,15
> 5:False:9,12:88,16
rovers-optimal-old-noisy/10/rovers_noisy_p02_hyp-1_10_1.tar.bz2:0.486558198929:0.01181395:0.49
> 0:True:10,11:150,22
> 1:False:11,14:150,23
> 2:True:11,12:150,23
> 3:False:10,12:150,22
> 4:False:11,14:150,23
> 5:False:10,12:150,22
rovers-optimal-old-noisy/10/rovers_noisy_p02_hyp-1_10_2.tar.bz2:0.486197948456:0.01053478:0.5
> 0:True:10,10:150,21
> 1:False:11,13:150,22
> 2:True:11,11:150,22
> 3:True:10,10:150,21
> 4:False:11,13:150,22
> 5:False:10,12:150,21
rovers-optimal-old-noisy/10/rovers_noisy_p02_hyp-1_10_3.tar.bz2:0.490468025208:0.01240481:0.49
> 0:True:10,11:150,23
> 1:False:11,13:150,24
> 2:True:11,12:150,24
> 3:True:10,11:150,23
> 4:True:11,12:150,24
> 5:False:10,13:150,23
rovers-optimal-old-noisy/10/rovers_noisy_p02_hyp-2_10_1.tar.bz2:0.486072063446:0.0068612:0.49
> 0:False:10,12:148,18
> 1:True:11,11:148,19
> 2:False:11,13:148,19
> 3:False:10,12:148,18
> 4:True:11,11:148,19
> 5:False:10,12:148,18
rovers-optimal-old-noisy/10/rovers_noisy_p02_hyp-2_10_2.tar.bz2:0.490488052368:0.01103867:0.49
> 0:False:10,12:150,24
> 1:True:11,11:150,25
> 2:False:11,13:150,25
> 3:True:10,10:150,24
> 4:True:11,11:150,25
> 5:False:10,12:150,24
rovers-optimal-old-noisy/10/rovers_noisy_p02_hyp-2_10_3.tar.bz2:0.487329006195:0.01084652:0.49
> 0:False:10,11:150,22
> 1:True:11,11:150,23
> 2:False:11,12:150,23
> 3:False:10,11:150,22
> 4:True:11,11:150,23
> 5:False:10,12:150,22
rovers-optimal-old-noisy/10/rovers_noisy_p02_hyp-3_10_1.tar.bz2:0.484014987946:0.006984:0.49
> 0:False:10,12:148,19
> 1:False:11,15:148,20
> 2:True:11,11:148,20
> 3:False:10,12:148,19
> 4:False:11,13:148,20
> 5:False:10,12:148,19
rovers-optimal-old-noisy/10/rovers_noisy_p02_hyp-3_10_2.tar.bz2:0.48824095726:0.01063583:0.49
> 0:False:10,12:150,23
> 1:False:11,13:150,24
> 2:True:11,11:150,24
> 3:False:10,12:150,23
> 4:False:11,12:150,24
> 5:False:10,12:150,23
rovers-optimal-old-noisy/10/rovers_noisy_p02_hyp-3_10_3.tar.bz2:0.482537031174:0.00713619:0.47
> 0:False:10,11:148,19
> 1:False:11,15:148,20
> 2:True:11,11:148,20
> 3:False:10,13:148,19
> 4:False:11,14:148,20
> 5:False:10,11:148,19
rovers-optimal-old-noisy/10/rovers_noisy_p02_hyp-4_10_1.tar.bz2:0.48123383522:0.00680603:0.48
> 0:True:10,10:148,17
> 1:True:11,11:148,18
> 2:True:11,11:148,18
> 3:True:10,10:148,17
> 4:True:11,11:148,18
> 5:True:10,10:148,17
rovers-optimal-old-noisy/10/rovers_noisy_p02_hyp-4_10_2.tar.bz2:0.484721899033:0.00696938:0.49
> 0:False:10,12:148,18
> 1:False:11,12:148,19
> 2:False:11,13:148,19
> 3:True:10,10:148,18
> 4:False:11,12:148,19
> 5:False:10,13:148,18
rovers-optimal-old-noisy/10/rovers_noisy_p02_hyp-4_10_3.tar.bz2:0.486268043518:0.01108471:0.49
> 0:False:10,12:150,24
> 1:True:11,12:150,25
> 2:False:11,13:150,25
> 3:False:10,12:150,24
> 4:True:11,12:150,25
> 5:False:10,13:150,24
rovers-optimal-old-noisy/10/rovers_noisy_p03_hyp-1_10_1.tar.bz2:0.488895177841:0.01303306:0.48
> 0:True:10,10:150,25
> 1:False:10,13:150,25
> 2:False:11,14:150,26
> 3:True:10,10:150,25
> 4:False:11,14:150,26
> 5:False:11,14:150,26
rovers-optimal-old-noisy/10/rovers_noisy_p03_hyp-1_10_2.tar.bz2:0.489513158798:0.01341005:0.5
> 0:True:10,10:150,22
> 1:False:10,12:150,22
> 2:False:11,14:150,23
> 3:False:10,12:150,22
> 4:True:11,11:150,23
> 5:False:11,14:150,23
rovers-optimal-old-noisy/10/rovers_noisy_p03_hyp-1_10_3.tar.bz2:0.488935947418:0.01024652:0.49
> 0:True:10,10:150,21
> 1:False:10,11:150,21
> 2:False:11,13:150,22
> 3:True:10,10:150,21
> 4:False:11,12:150,22
> 5:False:11,14:150,22
rovers-optimal-old-noisy/10/rovers_noisy_p03_hyp-2_10_1.tar.bz2:0.484185934067:0.01071071:0.49
> 0:False:10,11:150,23
> 1:True:10,10:150,23
> 2:True:11,11:150,24
> 3:False:10,11:150,23
> 4:False:11,12:150,24
> 5:False:11,12:150,24
rovers-optimal-old-noisy/10/rovers_noisy_p03_hyp-2_10_2.tar.bz2:0.489832162857:0.01130632:0.48
> 0:True:10,10:150,21
> 1:True:10,10:150,21
> 2:False:11,13:150,22
> 3:True:10,10:150,21
> 4:False:11,12:150,22
> 5:False:11,14:150,22
rovers-optimal-old-noisy/10/rovers_noisy_p03_hyp-2_10_3.tar.bz2:0.482006788254:0.0070676:0.49
> 0:True:10,10:148,17
> 1:True:10,10:148,17
> 2:False:11,13:148,18
> 3:True:10,10:148,17
> 4:True:11,11:148,18
> 5:False:11,13:148,18
rovers-optimal-old-noisy/10/rovers_noisy_p03_hyp-3_10_1.tar.bz2:0.489649057388:0.01115426:0.5
> 0:False:10,14:150,27
> 1:False:10,11:150,27
> 2:True:11,11:150,28
> 3:False:10,12:150,27
> 4:False:11,15:150,28
> 5:False:11,13:150,28
rovers-optimal-old-noisy/10/rovers_noisy_p03_hyp-3_10_2.tar.bz2:0.484675168991:0.00676512:0.48
> 0:False:10,11:148,20
> 1:False:10,11:148,20
> 2:False:11,12:148,21
> 3:True:10,10:148,20
> 4:False:11,12:148,21
> 5:False:11,13:148,21
rovers-optimal-old-noisy/10/rovers_noisy_p03_hyp-3_10_3.tar.bz2:0.486098051071:0.01077173:0.49
> 0:False:10,13:150,23
> 1:False:10,13:150,23
> 2:True:11,11:150,24
> 3:False:10,13:150,23
> 4:False:11,14:150,24
> 5:True:11,11:150,24
rovers-optimal-old-noisy/10/rovers_noisy_p03_hyp-4_10_1.tar.bz2:0.486660957336:0.00989243:0.48
> 0:True:10,10:150,19
> 1:True:10,10:150,19
> 2:False:11,12:150,20
> 3:True:10,10:150,19
> 4:True:11,11:150,20
> 5:False:11,12:150,20
rovers-optimal-old-noisy/10/rovers_noisy_p03_hyp-4_10_2.tar.bz2:0.484941959381:0.00695329:0.48
> 0:False:10,11:148,20
> 1:False:10,12:148,20
> 2:False:11,14:148,21
> 3:True:10,10:148,20
> 4:False:11,14:148,21
> 5:False:11,15:148,21
rovers-optimal-old-noisy/10/rovers_noisy_p03_hyp-4_10_3.tar.bz2:0.481886148453:0.00659853:0.49
> 0:False:10,12:148,18
> 1:False:10,12:148,18
> 2:False:11,12:148,19
> 3:True:10,10:148,18
> 4:False:11,13:148,19
> 5:False:11,14:148,19
rovers-optimal-old-noisy/30/rovers_noisy_p01_hyp-1_30_1.tar.bz2:0.460371017456:0.01016681:0.45
> 0:True:8,8:94,25
> 1:False:8,12:94,25
> 2:False:8,12:94,25
> 3:False:8,10:94,25
> 4:False:8,13:94,25
> 5:False:9,12:94,26
rovers-optimal-old-noisy/30/rovers_noisy_p01_hyp-1_30_2.tar.bz2:0.463495016098:0.0115802:0.46
> 0:True:8,8:94,25
> 1:False:8,10:94,25
> 2:False:8,10:94,25
> 3:False:8,11:94,25
> 4:False:8,11:94,25
> 5:False:9,13:94,26
rovers-optimal-old-noisy/30/rovers_noisy_p01_hyp-1_30_3.tar.bz2:0.463299036026:0.00977266:0.46
> 0:True:8,8:94,23
> 1:False:8,10:94,23
> 2:False:8,10:94,23
> 3:False:8,9:94,23
> 4:False:8,11:94,23
> 5:False:9,12:94,24
rovers-optimal-old-noisy/30/rovers_noisy_p01_hyp-2_30_1.tar.bz2:0.458327054977:0.006081365:0.46
> 0:False:8,10:92,20
> 1:True:8,8:92,20
> 2:False:8,9:92,20
> 3:False:8,12:92,20
> 4:False:8,10:92,20
> 5:False:9,13:92,21
rovers-optimal-old-noisy/30/rovers_noisy_p01_hyp-2_30_2.tar.bz2:0.456577062607:0.00628149:0.47
> 0:False:8,9:92,19
> 1:True:8,8:92,19
> 2:False:8,9:92,19
> 3:False:8,10:92,19
> 4:False:8,10:92,19
> 5:False:9,12:92,20
rovers-optimal-old-noisy/30/rovers_noisy_p01_hyp-2_30_3.tar.bz2:0.459626197815:0.009548:0.45
> 0:True:8,8:94,23
> 1:True:8,8:94,23
> 2:True:8,8:94,23
> 3:False:8,10:94,23
> 4:True:8,8:94,23
> 5:False:9,11:94,24
rovers-optimal-old-noisy/30/rovers_noisy_p01_hyp-3_30_1.tar.bz2:0.466104030609:0.01141561:0.47
> 0:False:8,10:94,23
> 1:False:8,9:94,23
> 2:True:8,8:94,23
> 3:False:8,9:94,23
> 4:False:8,10:94,23
> 5:False:9,12:94,24
rovers-optimal-old-noisy/30/rovers_noisy_p01_hyp-3_30_2.tar.bz2:0.45747590065:0.005811374:0.45
> 0:False:8,9:92,17
> 1:True:8,8:92,17
> 2:True:8,8:92,17
> 3:False:8,9:92,17
> 4:False:8,9:92,17
> 5:False:9,10:92,18
rovers-optimal-old-noisy/30/rovers_noisy_p01_hyp-3_30_3.tar.bz2:0.464495897293:0.01225915:0.47
> 0:False:8,12:94,26
> 1:False:8,10:94,26
> 2:True:8,9:94,26
> 3:False:8,11:94,26
> 4:False:8,11:94,26
> 5:False:9,12:94,27
rovers-optimal-old-noisy/30/rovers_noisy_p01_hyp-4_30_1.tar.bz2:0.462818145752:0.00951094:0.46
> 0:False:8,11:94,25
> 1:False:8,13:94,25
> 2:False:8,11:94,25
> 3:True:8,8:94,25
> 4:False:8,12:94,25
> 5:False:9,12:94,26
rovers-optimal-old-noisy/30/rovers_noisy_p01_hyp-4_30_2.tar.bz2:0.461932897568:0.00993051:0.46
> 0:False:8,10:94,23
> 1:False:8,10:94,23
> 2:False:8,10:94,23
> 3:True:8,8:94,23
> 4:False:8,11:94,23
> 5:False:9,10:94,24
rovers-optimal-old-noisy/30/rovers_noisy_p01_hyp-4_30_3.tar.bz2:0.463247060776:0.00992856:0.47
> 0:False:8,9:94,22
> 1:False:8,10:94,22
> 2:False:8,9:94,22
> 3:True:8,8:94,22
> 4:False:8,11:94,22
> 5:False:9,12:94,23
rovers-optimal-old-noisy/30/rovers_noisy_p02_hyp-1_30_1.tar.bz2:0.491815805435:0.01450686:0.49
> 0:True:10,11:154,30
> 1:False:11,15:154,31
> 2:False:11,14:154,31
> 3:False:10,12:154,30
> 4:False:11,18:154,31
> 5:False:10,14:154,30
rovers-optimal-old-noisy/30/rovers_noisy_p02_hyp-1_30_2.tar.bz2:0.480912923813:0.00769007:0.48
> 0:True:10,11:152,25
> 1:False:11,16:152,26
> 2:True:11,12:152,26
> 3:False:10,13:152,25
> 4:False:11,17:152,26
> 5:False:10,14:152,25
rovers-optimal-old-noisy/30/rovers_noisy_p02_hyp-1_30_3.tar.bz2:0.489818096161:0.01294493:0.49
> 0:True:10,10:154,30
> 1:False:11,14:154,31
> 2:True:11,11:154,31
> 3:True:10,10:154,30
> 4:False:11,16:154,31
> 5:False:10,13:154,30
rovers-optimal-old-noisy/30/rovers_noisy_p02_hyp-2_30_1.tar.bz2:0.490828990936:0.01252589:0.49
> 0:False:10,16:154,34
> 1:True:11,13:154,35
> 2:False:11,17:154,35
> 3:False:10,15:154,34
> 4:False:11,15:154,35
> 5:False:10,18:154,34
rovers-optimal-old-noisy/30/rovers_noisy_p02_hyp-2_30_2.tar.bz2:0.486660003662:0.00789702:0.49
> 0:False:10,13:152,27
> 1:True:11,12:152,28
> 2:False:11,14:152,28
> 3:False:10,13:152,27
> 4:False:11,13:152,28
> 5:False:10,15:152,27
rovers-optimal-old-noisy/30/rovers_noisy_p02_hyp-2_30_3.tar.bz2:0.491719007492:0.01448254:0.49
> 0:False:10,14:154,32
> 1:True:11,11:154,33
> 2:False:11,15:154,33
> 3:False:10,13:154,32
> 4:False:11,13:154,33
> 5:False:10,16:154,32
rovers-optimal-old-noisy/30/rovers_noisy_p02_hyp-3_30_1.tar.bz2:0.489768028259:0.01213608:0.49
> 0:False:10,11:154,29
> 1:False:11,13:154,30
> 2:True:11,11:154,30
> 3:False:10,11:154,29
> 4:False:11,14:154,30
> 5:False:10,13:154,29
rovers-optimal-old-noisy/30/rovers_noisy_p02_hyp-3_30_2.tar.bz2:0.4886469841:0.01300917:0.49
> 0:False:10,12:154,26
> 1:False:11,15:154,27
> 2:True:11,12:154,27
> 3:False:10,12:154,26
> 4:False:11,14:154,27
> 5:False:10,13:154,26
rovers-optimal-old-noisy/30/rovers_noisy_p02_hyp-3_30_3.tar.bz2:0.486393928528:0.00776058:0.5
> 0:False:10,11:152,22
> 1:False:11,14:152,23
> 2:True:11,11:152,23
> 3:False:10,12:152,22
> 4:False:11,13:152,23
> 5:False:10,11:152,22
rovers-optimal-old-noisy/30/rovers_noisy_p02_hyp-4_30_1.tar.bz2:0.490830898285:0.01226444:0.49
> 0:True:10,12:154,29
> 1:True:11,13:154,30
> 2:True:11,13:154,30
> 3:True:10,12:154,29
> 4:False:11,15:154,30
> 5:False:10,14:154,29
rovers-optimal-old-noisy/30/rovers_noisy_p02_hyp-4_30_2.tar.bz2:0.48653793335:0.00768025:0.48
> 0:False:10,13:152,26
> 1:True:11,13:152,27
> 2:False:11,14:152,27
> 3:True:10,12:152,26
> 4:False:11,14:152,27
> 5:False:10,14:152,26
rovers-optimal-old-noisy/30/rovers_noisy_p02_hyp-4_30_3.tar.bz2:0.490215063095:0.0122487:0.49
> 0:False:10,14:154,34
> 1:False:11,14:154,35
> 2:False:11,15:154,35
> 3:True:10,11:154,34
> 4:False:11,19:154,35
> 5:False:10,18:154,34
rovers-optimal-old-noisy/30/rovers_noisy_p03_hyp-1_30_1.tar.bz2:0.490582227707:0.01132042:0.49
> 0:True:10,10:154,25
> 1:True:10,10:154,25
> 2:False:11,14:154,26
> 3:True:10,10:154,25
> 4:True:11,11:154,26
> 5:False:11,14:154,26
rovers-optimal-old-noisy/30/rovers_noisy_p03_hyp-1_30_2.tar.bz2:0.479732990265:0.00783273:0.48
> 0:True:10,10:152,26
> 1:False:10,14:152,26
> 2:False:11,18:152,27
> 3:False:10,12:152,26
> 4:False:11,13:152,27
> 5:False:11,18:152,27
rovers-optimal-old-noisy/30/rovers_noisy_p03_hyp-1_30_3.tar.bz2:0.483526945114:0.00780138:0.48
> 0:True:10,10:152,24
> 1:False:10,13:152,24
> 2:False:11,16:152,25
> 3:False:10,13:152,24
> 4:False:11,13:152,25
> 5:False:11,14:152,25
rovers-optimal-old-noisy/30/rovers_noisy_p03_hyp-2_30_1.tar.bz2:0.479551076889:0.00783401:0.48
> 0:False:10,15:152,28
> 1:True:10,12:152,28
> 2:False:11,16:152,29
> 3:False:10,13:152,28
> 4:False:11,14:152,29
> 5:False:11,18:152,29
rovers-optimal-old-noisy/30/rovers_noisy_p03_hyp-2_30_2.tar.bz2:0.482062101364:0.00757678:0.48
> 0:False:10,11:152,22
> 1:True:10,10:152,22
> 2:False:11,14:152,23
> 3:True:10,10:152,22
> 4:False:11,12:152,23
> 5:False:11,15:152,23
rovers-optimal-old-noisy/30/rovers_noisy_p03_hyp-2_30_3.tar.bz2:0.486468076706:0.00790688:0.49
> 0:False:10,15:152,28
> 1:True:10,12:152,28
> 2:False:11,14:152,29
> 3:False:10,13:152,28
> 4:False:11,15:152,29
> 5:False:11,17:152,29
rovers-optimal-old-noisy/30/rovers_noisy_p03_hyp-3_30_1.tar.bz2:0.485403060913:0.00749746:0.48
> 0:False:10,13:152,25
> 1:False:10,13:152,25
> 2:True:11,12:152,26
> 3:False:10,12:152,25
> 4:False:11,14:152,26
> 5:False:11,13:152,26
rovers-optimal-old-noisy/30/rovers_noisy_p03_hyp-3_30_2.tar.bz2:0.4894490242:0.01338358:0.48
> 0:False:10,14:154,32
> 1:True:10,11:154,32
> 2:True:11,12:154,33
> 3:False:10,13:154,32
> 4:False:11,14:154,33
> 5:False:11,15:154,33
rovers-optimal-old-noisy/30/rovers_noisy_p03_hyp-3_30_3.tar.bz2:0.485039949417:0.00783009:0.48
> 0:False:10,14:152,28
> 1:False:10,12:152,28
> 2:True:11,12:152,29
> 3:False:10,13:152,28
> 4:False:11,15:152,29
> 5:False:11,15:152,29
rovers-optimal-old-noisy/30/rovers_noisy_p03_hyp-4_30_1.tar.bz2:0.492074966431:0.01223092:0.49
> 0:False:10,12:154,26
> 1:True:10,11:154,26
> 2:False:11,14:154,27
> 3:True:10,11:154,26
> 4:True:11,12:154,27
> 5:False:11,15:154,27
rovers-optimal-old-noisy/30/rovers_noisy_p03_hyp-4_30_2.tar.bz2:0.486705064774:0.0119921:0.49
> 0:False:10,11:154,29
> 1:False:10,12:154,29
> 2:False:11,14:154,30
> 3:True:10,10:154,29
> 4:False:11,14:154,30
> 5:False:11,16:154,30
rovers-optimal-old-noisy/30/rovers_noisy_p03_hyp-4_30_3.tar.bz2:0.488873004913:0.01375277:0.49
> 0:True:10,10:154,29
> 1:False:10,13:154,29
> 2:False:11,14:154,30
> 3:True:10,10:154,29
> 4:False:11,14:154,30
> 5:False:11,15:154,30
rovers-optimal-old-noisy/50/rovers_noisy_p01_hyp-1_50_1.tar.bz2:0.463763952255:0.01045642:0.47
> 0:True:8,8:96,26
> 1:True:8,8:96,26
> 2:True:8,8:96,26
> 3:False:8,10:96,26
> 4:False:8,9:96,26
> 5:False:9,12:96,27
rovers-optimal-old-noisy/50/rovers_noisy_p01_hyp-1_50_2.tar.bz2:0.462563991547:0.01053072:0.45
> 0:True:8,8:96,28
> 1:False:8,11:96,28
> 2:False:8,11:96,28
> 3:False:8,11:96,28
> 4:False:8,11:96,28
> 5:False:9,14:96,29
rovers-optimal-old-noisy/50/rovers_noisy_p01_hyp-1_50_3.tar.bz2:0.459962844849:0.01048681:0.45
> 0:True:8,8:96,27
> 1:False:8,10:96,27
> 2:False:8,9:96,27
> 3:False:8,9:96,27
> 4:False:8,11:96,27
> 5:False:9,14:96,28
rovers-optimal-old-noisy/50/rovers_noisy_p01_hyp-2_50_1.tar.bz2:0.465166807175:0.01337073:0.47
> 0:False:8,10:98,30
> 1:True:8,8:98,30
> 2:True:8,8:98,30
> 3:False:8,11:98,30
> 4:False:8,9:98,30
> 5:False:9,11:98,31
rovers-optimal-old-noisy/50/rovers_noisy_p01_hyp-2_50_2.tar.bz2:0.469070911407:0.01395166:0.48
> 0:False:8,10:98,32
> 1:True:8,8:98,32
> 2:False:8,9:98,32
> 3:False:8,12:98,32
> 4:False:8,9:98,32
> 5:False:9,12:98,33
rovers-optimal-old-noisy/50/rovers_noisy_p01_hyp-2_50_3.tar.bz2:0.46369600296:0.01369383:0.46
> 0:False:8,11:98,33
> 1:True:8,8:98,33
> 2:False:8,9:98,33
> 3:False:8,11:98,33
> 4:False:8,11:98,33
> 5:False:9,13:98,34
rovers-optimal-old-noisy/50/rovers_noisy_p01_hyp-3_50_1.tar.bz2:0.463538169861:0.00967491:0.46
> 0:False:8,10:96,25
> 1:False:8,9:96,25
> 2:True:8,8:96,25
> 3:False:8,10:96,25
> 4:False:8,9:96,25
> 5:False:9,11:96,26
rovers-optimal-old-noisy/50/rovers_noisy_p01_hyp-3_50_2.tar.bz2:0.466805934906:0.0134942:0.47
> 0:False:8,11:98,34
> 1:False:8,9:98,34
> 2:True:8,8:98,34
> 3:False:8,10:98,34
> 4:False:8,10:98,34
> 5:False:9,12:98,35
rovers-optimal-old-noisy/50/rovers_noisy_p01_hyp-3_50_3.tar.bz2:0.46716594696:0.01364827:0.46
> 0:False:8,11:98,34
> 1:False:8,9:98,34
> 2:True:8,8:98,34
> 3:False:8,11:98,34
> 4:False:8,10:98,34
> 5:False:9,13:98,35
rovers-optimal-old-noisy/50/rovers_noisy_p01_hyp-4_50_1.tar.bz2:0.457962989807:0.00647149:0.45
> 0:False:8,10:94,22
> 1:False:8,12:94,22
> 2:False:8,12:94,22
> 3:True:8,8:94,22
> 4:False:8,12:94,22
> 5:False:9,11:94,23
rovers-optimal-old-noisy/50/rovers_noisy_p01_hyp-4_50_2.tar.bz2:0.455827951431:0.006251146:0.45
> 0:False:8,10:94,21
> 1:False:8,12:94,21
> 2:False:8,12:94,21
> 3:True:8,8:94,21
> 4:False:8,13:94,21
> 5:False:9,12:94,22
rovers-optimal-old-noisy/50/rovers_noisy_p01_hyp-4_50_3.tar.bz2:0.457715034485:0.006227267:0.46
> 0:False:8,9:94,19
> 1:False:8,10:94,19
> 2:False:8,9:94,19
> 3:True:8,8:94,19
> 4:False:8,11:94,19
> 5:False:9,12:94,20
rovers-optimal-old-noisy/50/rovers_noisy_p02_hyp-1_50_1.tar.bz2:0.493814945221:0.01732438:0.5
> 0:True:10,11:158,38
> 1:False:11,16:158,39
> 2:False:11,14:158,39
> 3:False:10,14:158,38
> 4:False:11,18:158,39
> 5:False:10,14:158,38
rovers-optimal-old-noisy/50/rovers_noisy_p02_hyp-1_50_2.tar.bz2:0.481333017349:0.00846699:0.49
> 0:True:10,11:156,29
> 1:False:11,18:156,30
> 2:False:11,13:156,30
> 3:False:10,14:156,29
> 4:False:11,18:156,30
> 5:False:10,14:156,29
rovers-optimal-old-noisy/50/rovers_noisy_p02_hyp-1_50_3.tar.bz2:0.487069129944:0.0169395:0.48
> 0:True:10,10:160,41
> 1:False:11,15:160,42
> 2:False:11,13:160,42
> 3:False:10,13:160,41
> 4:False:11,17:160,42
> 5:False:10,13:160,41
rovers-optimal-old-noisy/50/rovers_noisy_p02_hyp-2_50_1.tar.bz2:0.493585824966:0.01760634:0.5
> 0:False:10,15:162,44
> 1:True:11,13:162,45
> 2:False:11,15:162,45
> 3:False:10,14:162,44
> 4:True:11,13:162,45
> 5:False:10,16:162,44
rovers-optimal-old-noisy/50/rovers_noisy_p02_hyp-2_50_2.tar.bz2:0.495515823364:0.01805079:0.5
> 0:False:10,17:162,49
> 1:True:11,13:162,50
> 2:False:11,18:162,50
> 3:False:10,15:162,49
> 4:False:11,16:162,50
> 5:False:10,19:162,49
rovers-optimal-old-noisy/50/rovers_noisy_p02_hyp-2_50_3.tar.bz2:0.485805988312:0.0091591:0.49
> 0:False:10,15:158,36
> 1:True:11,12:158,37
> 2:False:11,16:158,37
> 3:False:10,14:158,36
> 4:False:11,15:158,37
> 5:False:10,18:158,36
rovers-optimal-old-noisy/50/rovers_noisy_p02_hyp-3_50_1.tar.bz2:0.496850013733:0.0171029:0.49
> 0:False:10,13:162,43
> 1:False:11,16:162,44
> 2:True:11,12:162,44
> 3:False:10,13:162,43
> 4:False:11,16:162,44
> 5:False:10,14:162,43
rovers-optimal-old-noisy/50/rovers_noisy_p02_hyp-3_50_2.tar.bz2:0.495710134506:0.01489176:0.5
> 0:False:10,13:160,40
> 1:False:11,18:160,41
> 2:True:11,12:160,41
> 3:False:10,14:160,40
> 4:False:11,17:160,41
> 5:False:10,15:160,40
rovers-optimal-old-noisy/50/rovers_noisy_p02_hyp-3_50_3.tar.bz2:0.482645988464:0.00883047:0.48
> 0:False:10,14:158,37
> 1:False:11,20:158,38
> 2:True:11,12:158,38
> 3:False:10,16:158,37
> 4:False:11,18:158,38
> 5:False:10,15:158,37
rovers-optimal-old-noisy/50/rovers_noisy_p02_hyp-4_50_1.tar.bz2:0.492740154266:0.01645839:0.5
> 0:True:10,12:160,37
> 1:False:11,14:160,38
> 2:True:11,13:160,38
> 3:True:10,12:160,37
> 4:False:11,15:160,38
> 5:False:10,15:160,37
rovers-optimal-old-noisy/50/rovers_noisy_p02_hyp-4_50_2.tar.bz2:0.491006851196:0.01683872:0.49
> 0:False:10,13:160,42
> 1:True:11,13:160,43
> 2:False:11,14:160,43
> 3:True:10,12:160,42
> 4:False:11,17:160,43
> 5:False:10,16:160,42
rovers-optimal-old-noisy/50/rovers_noisy_p02_hyp-4_50_3.tar.bz2:0.495022058487:0.01675473:0.5
> 0:True:10,10:160,43
> 1:False:11,12:160,44
> 2:True:11,11:160,44
> 3:True:10,10:160,43
> 4:False:11,15:160,44
> 5:False:10,14:160,43
rovers-optimal-old-noisy/50/rovers_noisy_p03_hyp-1_50_1.tar.bz2:0.49023604393:0.0126116:0.48
> 0:True:10,10:158,32
> 1:False:10,14:158,32
> 2:False:11,17:158,33
> 3:False:10,12:158,32
> 4:False:11,14:158,33
> 5:False:11,16:158,33
rovers-optimal-old-noisy/50/rovers_noisy_p03_hyp-1_50_2.tar.bz2:0.492089986801:0.01256185:0.49
> 0:True:10,10:158,35
> 1:False:10,14:158,35
> 2:False:11,18:158,36
> 3:False:10,12:158,35
> 4:False:11,14:158,36
> 5:False:11,17:158,36
rovers-optimal-old-noisy/50/rovers_noisy_p03_hyp-1_50_3.tar.bz2:0.494546175003:0.01619145:0.5
> 0:True:10,11:158,34
> 1:False:10,15:158,34
> 2:False:11,15:158,35
> 3:False:10,15:158,34
> 4:False:11,14:158,35
> 5:False:11,14:158,35
rovers-optimal-old-noisy/50/rovers_noisy_p03_hyp-2_50_1.tar.bz2:0.487629175186:0.00857603:0.48
> 0:False:10,15:156,35
> 1:True:10,12:156,35
> 2:False:11,15:156,36
> 3:False:10,13:156,35
> 4:False:11,16:156,36
> 5:False:11,19:156,36
rovers-optimal-old-noisy/50/rovers_noisy_p03_hyp-2_50_2.tar.bz2:0.489319086075:0.01264598:0.49
> 0:False:10,16:158,36
> 1:True:10,12:158,36
> 2:False:11,16:158,37
> 3:False:10,15:158,36
> 4:False:11,15:158,37
> 5:False:11,19:158,37
rovers-optimal-old-noisy/50/rovers_noisy_p03_hyp-2_50_3.tar.bz2:0.484313011169:0.00847474:0.48
> 0:False:10,14:156,31
> 1:True:10,12:156,31
> 2:False:11,16:156,32
> 3:False:10,13:156,31
> 4:False:11,14:156,32
> 5:False:11,18:156,32
rovers-optimal-old-noisy/50/rovers_noisy_p03_hyp-3_50_1.tar.bz2:0.491133213043:0.01323618:0.49
> 0:False:10,15:160,37
> 1:False:10,14:160,37
> 2:True:11,13:160,38
> 3:False:10,14:160,37
> 4:False:11,16:160,38
> 5:False:11,15:160,38
rovers-optimal-old-noisy/50/rovers_noisy_p03_hyp-3_50_2.tar.bz2:0.495007991791:0.01699913:0.49
> 0:False:10,16:160,43
> 1:False:10,16:160,43
> 2:True:11,13:160,44
> 3:False:10,15:160,43
> 4:False:11,17:160,44
> 5:False:11,16:160,44
rovers-optimal-old-noisy/50/rovers_noisy_p03_hyp-3_50_3.tar.bz2:0.492022037506:0.01681577:0.49
> 0:False:10,15:162,45
> 1:False:10,13:162,45
> 2:True:11,13:162,46
> 3:False:10,13:162,45
> 4:False:11,14:162,46
> 5:False:11,16:162,46
rovers-optimal-old-noisy/50/rovers_noisy_p03_hyp-4_50_1.tar.bz2:0.489063024521:0.01274347:0.49
> 0:False:10,12:158,33
> 1:False:10,13:158,33
> 2:False:11,16:158,34
> 3:True:10,10:158,33
> 4:False:11,14:158,34
> 5:False:11,18:158,34
rovers-optimal-old-noisy/50/rovers_noisy_p03_hyp-4_50_2.tar.bz2:0.490449905396:0.0165423:0.49
> 0:False:10,13:160,39
> 1:False:10,15:160,39
> 2:False:11,16:160,40
> 3:True:10,11:160,39
> 4:False:11,16:160,40
> 5:False:11,18:160,40
rovers-optimal-old-noisy/50/rovers_noisy_p03_hyp-4_50_3.tar.bz2:0.491118907928:0.01387327:0.5
> 0:False:10,13:158,37
> 1:False:10,14:158,37
> 2:False:11,14:158,38
> 3:True:10,11:158,37
> 4:False:11,15:158,38
> 5:False:11,18:158,38
rovers-optimal-old-noisy/70/rovers_noisy_p01_hyp-1_70_1.tar.bz2:0.464246988297:0.01215425:0.47
> 0:True:8,8:100,34
> 1:False:8,12:100,34
> 2:False:8,12:100,34
> 3:False:8,11:100,34
> 4:False:8,13:100,34
> 5:False:9,14:100,35
rovers-optimal-old-noisy/70/rovers_noisy_p01_hyp-1_70_2.tar.bz2:0.45932507515:0.00688857:0.46
> 0:True:8,8:98,28
> 1:False:8,11:98,28
> 2:False:8,11:98,28
> 3:False:8,11:98,28
> 4:False:8,12:98,28
> 5:False:9,15:98,29
rovers-optimal-old-noisy/70/rovers_noisy_p01_hyp-1_70_3.tar.bz2:0.464278936386:0.01117467:0.47
> 0:True:8,8:100,34
> 1:False:8,11:100,34
> 2:False:8,11:100,34
> 3:False:8,11:100,34
> 4:False:8,12:100,34
> 5:False:9,15:100,35
rovers-optimal-old-noisy/70/rovers_noisy_p01_hyp-2_70_1.tar.bz2:0.464677095413:0.01189277:0.47
> 0:False:8,12:102,35
> 1:True:8,9:102,35
> 2:False:8,11:102,35
> 3:False:8,14:102,35
> 4:False:8,12:102,35
> 5:False:9,15:102,36
rovers-optimal-old-noisy/70/rovers_noisy_p01_hyp-2_70_2.tar.bz2:0.459302186966:0.01100548:0.46
> 0:False:8,13:102,36
> 1:True:8,9:102,36
> 2:False:8,11:102,36
> 3:False:8,14:102,36
> 4:False:8,11:102,36
> 5:False:9,13:102,37
rovers-optimal-old-noisy/70/rovers_noisy_p01_hyp-2_70_3.tar.bz2:0.463368177414:0.01126286:0.47
> 0:False:8,11:102,34
> 1:True:8,9:102,34
> 2:False:8,10:102,34
> 3:False:8,13:102,34
> 4:False:8,11:102,34
> 5:False:9,13:102,35
rovers-optimal-old-noisy/70/rovers_noisy_p01_hyp-3_70_1.tar.bz2:0.464092969894:0.01126444:0.47
> 0:False:8,12:102,36
> 1:False:8,11:102,36
> 2:True:8,9:102,36
> 3:False:8,11:102,36
> 4:False:8,12:102,36
> 5:False:9,14:102,37
rovers-optimal-old-noisy/70/rovers_noisy_p01_hyp-3_70_2.tar.bz2:0.466061115265:0.01182194:0.46
> 0:False:8,11:102,38
> 1:False:8,10:102,38
> 2:True:8,8:102,38
> 3:False:8,11:102,38
> 4:False:8,11:102,38
> 5:False:9,14:102,39
rovers-optimal-old-noisy/70/rovers_noisy_p01_hyp-3_70_3.tar.bz2:0.460088014603:0.00726784:0.45
> 0:False:8,13:100,35
> 1:False:8,11:100,35
> 2:True:8,9:100,35
> 3:False:8,13:100,35
> 4:False:8,12:100,35
> 5:False:9,15:100,36
rovers-optimal-old-noisy/70/rovers_noisy_p01_hyp-4_70_1.tar.bz2:0.461771965027:0.00702954:0.47
> 0:False:8,12:98,29
> 1:False:8,13:98,29
> 2:False:8,11:98,29
> 3:True:8,8:98,29
> 4:False:8,14:98,29
> 5:False:9,13:98,30
rovers-optimal-old-noisy/70/rovers_noisy_p01_hyp-4_70_2.tar.bz2:0.463337898254:0.01103011:0.46
> 0:False:8,11:100,30
> 1:False:8,13:100,30
> 2:False:8,12:100,30
> 3:True:8,8:100,30
> 4:False:8,12:100,30
> 5:False:9,13:100,31
rovers-optimal-old-noisy/70/rovers_noisy_p01_hyp-4_70_3.tar.bz2:0.470532894135:0.01561819:0.47
> 0:False:8,12:102,38
> 1:False:8,11:102,38
> 2:False:8,11:102,38
> 3:True:8,8:102,38
> 4:False:8,14:102,38
> 5:False:9,14:102,39
rovers-optimal-old-noisy/70/rovers_noisy_p02_hyp-1_70_1.tar.bz2:0.493896961212:0.01421857:0.5
> 0:True:10,11:162,41
> 1:False:11,18:162,42
> 2:False:11,14:162,42
> 3:False:10,14:162,41
> 4:False:11,20:162,42
> 5:False:10,16:162,41
rovers-optimal-old-noisy/70/rovers_noisy_p02_hyp-1_70_2.tar.bz2:0.497041940689:0.01840075:0.5
> 0:True:10,11:164,47
> 1:False:11,18:164,48
> 2:False:11,14:164,48
> 3:False:10,15:164,47
> 4:False:11,19:164,48
> 5:False:10,15:164,47
rovers-optimal-old-noisy/70/rovers_noisy_p02_hyp-1_70_3.tar.bz2:0.496294975281:0.01715119:0.5
> 0:True:10,11:164,43
> 1:False:11,18:164,44
> 2:False:11,13:164,44
> 3:False:10,14:164,43
> 4:False:11,19:164,44
> 5:False:10,15:164,43
rovers-optimal-old-noisy/70/rovers_noisy_p02_hyp-2_70_1.tar.bz2:0.498381137848:0.01960267:0.49
> 0:False:10,16:168,60
> 1:True:11,13:168,61
> 2:False:11,17:168,61
> 3:False:10,14:168,60
> 4:False:11,17:168,61
> 5:False:10,19:168,60
rovers-optimal-old-noisy/70/rovers_noisy_p02_hyp-2_70_2.tar.bz2:0.49261713028:0.01861597:0.5
> 0:False:10,17:166,57
> 1:True:11,13:166,58
> 2:False:11,18:166,58
> 3:False:10,14:166,57
> 4:False:11,17:166,58
> 5:False:10,20:166,57
rovers-optimal-old-noisy/70/rovers_noisy_p02_hyp-2_70_3.tar.bz2:0.495558977127:0.01970749:0.5
> 0:False:10,16:168,59
> 1:True:11,12:168,60
> 2:False:11,17:168,60
> 3:False:10,13:168,59
> 4:False:11,17:168,60
> 5:False:10,19:168,59
rovers-optimal-old-noisy/70/rovers_noisy_p02_hyp-3_70_1.tar.bz2:0.495135068893:0.01906151:0.5
> 0:False:10,13:168,54
> 1:False:11,17:168,55
> 2:True:11,12:168,55
> 3:False:10,13:168,54
> 4:False:11,17:168,55
> 5:False:10,16:168,54
rovers-optimal-old-noisy/70/rovers_noisy_p02_hyp-3_70_2.tar.bz2:0.49959397316:0.01815388:0.49
> 0:False:10,12:168,52
> 1:False:11,17:168,53
> 2:True:11,12:168,53
> 3:False:10,13:168,52
> 4:False:11,17:168,53
> 5:False:10,15:168,52
rovers-optimal-old-noisy/70/rovers_noisy_p02_hyp-3_70_3.tar.bz2:0.496061086655:0.01838214:0.49
> 0:False:10,13:168,50
> 1:False:11,17:168,51
> 2:True:11,11:168,51
> 3:False:10,14:168,50
> 4:False:11,15:168,51
> 5:False:10,13:168,50
rovers-optimal-old-noisy/70/rovers_noisy_p02_hyp-4_70_1.tar.bz2:0.496541976929:0.01846005:0.5
> 0:False:10,12:166,54
> 1:False:11,13:166,55
> 2:False:11,14:166,55
> 3:True:10,11:166,54
> 4:False:11,18:166,55
> 5:False:10,16:166,54
rovers-optimal-old-noisy/70/rovers_noisy_p02_hyp-4_70_2.tar.bz2:0.495637893677:0.01764041:0.5
> 0:False:10,12:164,51
> 1:False:11,13:164,52
> 2:False:11,13:164,52
> 3:True:10,10:164,51
> 4:False:11,17:164,52
> 5:False:10,16:164,51
rovers-optimal-old-noisy/70/rovers_noisy_p02_hyp-4_70_3.tar.bz2:0.494302988052:0.01798404:0.49
> 0:False:10,14:166,53
> 1:True:11,12:166,54
> 2:False:11,15:166,54
> 3:True:10,11:166,53
> 4:False:11,15:166,54
> 5:False:10,16:166,53
rovers-optimal-old-noisy/70/rovers_noisy_p03_hyp-1_70_1.tar.bz2:0.488873958588:0.01306487:0.48
> 0:True:10,11:160,39
> 1:False:10,17:160,39
> 2:False:11,21:160,40
> 3:False:10,15:160,39
> 4:False:11,16:160,40
> 5:False:11,19:160,40
rovers-optimal-old-noisy/70/rovers_noisy_p03_hyp-1_70_2.tar.bz2:0.487290143967:0.01344674:0.49
> 0:True:10,10:162,40
> 1:False:10,15:162,40
> 2:False:11,20:162,41
> 3:False:10,14:162,40
> 4:False:11,15:162,41
> 5:False:11,18:162,41
rovers-optimal-old-noisy/70/rovers_noisy_p03_hyp-1_70_3.tar.bz2:0.494550943375:0.01736729:0.5
> 0:True:10,10:164,44
> 1:False:10,14:164,44
> 2:False:11,17:164,45
> 3:False:10,14:164,44
> 4:False:11,15:164,45
> 5:False:11,17:164,45
rovers-optimal-old-noisy/70/rovers_noisy_p03_hyp-2_70_1.tar.bz2:0.496520996094:0.01796661:0.49
> 0:False:10,13:166,50
> 1:True:10,11:166,50
> 2:False:11,15:166,51
> 3:False:10,12:166,50
> 4:False:11,13:166,51
> 5:False:11,17:166,51
rovers-optimal-old-noisy/70/rovers_noisy_p03_hyp-2_70_2.tar.bz2:0.49161696434:0.01853147:0.5
> 0:False:10,14:166,51
> 1:True:10,11:166,51
> 2:False:11,13:166,52
> 3:False:10,12:166,51
> 4:False:11,14:166,52
> 5:False:11,16:166,52
rovers-optimal-old-noisy/70/rovers_noisy_p03_hyp-2_70_3.tar.bz2:0.495009183884:0.01801184:0.5
> 0:False:10,14:166,52
> 1:True:10,11:166,52
> 2:False:11,14:166,53
> 3:False:10,13:166,52
> 4:False:11,14:166,53
> 5:False:11,17:166,53
rovers-optimal-old-noisy/70/rovers_noisy_p03_hyp-3_70_1.tar.bz2:0.497404813766:0.01858752:0.49
> 0:False:10,17:166,55
> 1:False:10,14:166,55
> 2:True:11,13:166,56
> 3:False:10,14:166,55
> 4:False:11,18:166,56
> 5:False:11,16:166,56
rovers-optimal-old-noisy/70/rovers_noisy_p03_hyp-3_70_2.tar.bz2:0.496078014374:0.01845287:0.49
> 0:False:10,16:168,54
> 1:False:10,15:168,54
> 2:True:11,12:168,55
> 3:False:10,15:168,54
> 4:False:11,18:168,55
> 5:False:11,16:168,55
rovers-optimal-old-noisy/70/rovers_noisy_p03_hyp-3_70_3.tar.bz2:0.497570991516:0.02020388:0.5
> 0:False:10,18:168,56
> 1:False:10,15:168,56
> 2:True:11,12:168,57
> 3:False:10,16:168,56
> 4:False:11,19:168,57
> 5:False:11,17:168,57
rovers-optimal-old-noisy/70/rovers_noisy_p03_hyp-4_70_1.tar.bz2:0.49531006813:0.01786475:0.5
> 0:False:10,14:164,45
> 1:False:10,13:164,45
> 2:False:11,16:164,46
> 3:True:10,11:164,45
> 4:False:11,15:164,46
> 5:False:11,18:164,46
rovers-optimal-old-noisy/70/rovers_noisy_p03_hyp-4_70_2.tar.bz2:0.489116191864:0.01365491:0.49
> 0:False:10,14:162,41
> 1:False:10,15:162,41
> 2:False:11,16:162,42
> 3:True:10,11:162,41
> 4:False:11,17:162,42
> 5:False:11,18:162,42
rovers-optimal-old-noisy/70/rovers_noisy_p03_hyp-4_70_3.tar.bz2:0.492082118988:0.01762972:0.49
> 0:False:10,13:164,45
> 1:False:10,13:164,45
> 2:False:11,15:164,46
> 3:True:10,11:164,45
> 4:False:11,16:164,46
> 5:False:11,17:164,46
rovers-optimal-old-noisy/100/rovers_noisy_p01_hyp-1_full_1.tar.bz2:0.469690799713:0.0150774:0.46
> 0:True:8,8:106,44
> 1:False:8,12:106,44
> 2:False:8,12:106,44
> 3:False:8,12:106,44
> 4:False:8,13:106,44
> 5:False:9,16:106,45
rovers-optimal-old-noisy/100/rovers_noisy_p01_hyp-1_full_2.tar.bz2:0.459908008575:0.00738702:0.47
> 0:True:8,8:102,36
> 1:False:8,12:102,36
> 2:False:8,12:102,36
> 3:False:8,12:102,36
> 4:False:8,13:102,36
> 5:False:9,16:102,37
rovers-optimal-old-noisy/100/rovers_noisy_p01_hyp-1_full_3.tar.bz2:0.458580970764:0.00734439:0.46
> 0:True:8,8:102,36
> 1:False:8,12:102,36
> 2:False:8,12:102,36
> 3:False:8,12:102,36
> 4:False:8,13:102,36
> 5:False:9,16:102,37
rovers-optimal-old-noisy/100/rovers_noisy_p01_hyp-2_full_1.tar.bz2:0.466397047043:0.01171633:0.46
> 0:False:8,12:104,40
> 1:True:8,8:104,40
> 2:False:8,10:104,40
> 3:False:8,14:104,40
> 4:False:8,11:104,40
> 5:False:9,14:104,41
rovers-optimal-old-noisy/100/rovers_noisy_p01_hyp-2_full_2.tar.bz2:0.465748071671:0.01580657:0.46
> 0:False:8,12:108,48
> 1:True:8,8:108,48
> 2:False:8,10:108,48
> 3:False:8,14:108,48
> 4:False:8,11:108,48
> 5:False:9,14:108,49
rovers-optimal-old-noisy/100/rovers_noisy_p01_hyp-2_full_3.tar.bz2:0.467766046524:0.01510148:0.47
> 0:False:8,12:106,45
> 1:True:8,8:106,45
> 2:False:8,10:106,45
> 3:False:8,14:106,45
> 4:False:8,11:106,45
> 5:False:9,14:106,46
rovers-optimal-old-noisy/100/rovers_noisy_p01_hyp-3_full_1.tar.bz2:0.470591068268:0.01621867:0.47
> 0:False:8,12:108,48
> 1:False:8,10:108,48
> 2:True:8,8:108,48
> 3:False:8,12:108,48
> 4:False:8,11:108,48
> 5:False:9,14:108,49
rovers-optimal-old-noisy/100/rovers_noisy_p01_hyp-3_full_2.tar.bz2:0.465010166168:0.01219219:0.47
> 0:False:8,12:104,40
> 1:False:8,10:104,40
> 2:True:8,8:104,40
> 3:False:8,12:104,40
> 4:False:8,11:104,40
> 5:False:9,14:104,41
rovers-optimal-old-noisy/100/rovers_noisy_p01_hyp-3_full_3.tar.bz2:0.469861030579:0.01592943:0.47
> 0:False:8,12:108,49
> 1:False:8,10:108,49
> 2:True:8,8:108,49
> 3:False:8,12:108,49
> 4:False:8,11:108,49
> 5:False:9,14:108,50
rovers-optimal-old-noisy/100/rovers_noisy_p01_hyp-4_full_1.tar.bz2:0.46874499321:0.01552964:0.46
> 0:False:8,12:106,40
> 1:False:8,14:106,40
> 2:False:8,12:106,40
> 3:True:8,8:106,40
> 4:False:8,14:106,40
> 5:False:9,13:106,41
rovers-optimal-old-noisy/100/rovers_noisy_p01_hyp-4_full_2.tar.bz2:0.466265916824:0.0118356:0.47
> 0:False:8,12:104,39
> 1:False:8,14:104,39
> 2:False:8,12:104,39
> 3:True:8,8:104,39
> 4:False:8,15:104,39
> 5:False:9,14:104,40
rovers-optimal-old-noisy/100/rovers_noisy_p01_hyp-4_full_3.tar.bz2:0.469799041748:0.01541207:0.47
> 0:False:8,12:106,44
> 1:False:8,14:106,44
> 2:False:8,12:106,44
> 3:True:8,8:106,44
> 4:False:8,15:106,44
> 5:False:9,13:106,45
rovers-optimal-old-noisy/100/rovers_noisy_p02_hyp-1_full_1.tar.bz2:0.495531797409:0.01966117:0.5
> 0:True:10,11:170,57
> 1:False:11,19:170,58
> 2:False:11,14:170,58
> 3:False:10,15:170,57
> 4:False:11,21:170,58
> 5:False:10,16:170,57
rovers-optimal-old-noisy/100/rovers_noisy_p02_hyp-1_full_2.tar.bz2:0.498663187027:0.02010527:0.5
> 0:True:10,11:172,61
> 1:False:11,19:172,62
> 2:False:11,14:172,62
> 3:False:10,15:172,61
> 4:False:11,19:172,62
> 5:False:10,16:172,61
rovers-optimal-old-noisy/100/rovers_noisy_p02_hyp-1_full_3.tar.bz2:0.499927997589:0.01926801:0.5
> 0:True:10,11:170,56
> 1:False:11,19:170,57
> 2:False:11,14:170,57
> 3:False:10,15:170,56
> 4:False:11,21:170,57
> 5:False:10,16:170,56
rovers-optimal-old-noisy/100/rovers_noisy_p02_hyp-2_full_1.tar.bz2:0.501821041107:0.02077977:0.5
> 0:False:10,17:174,68
> 1:True:11,13:174,69
> 2:False:11,18:174,69
> 3:False:10,14:174,68
> 4:False:11,17:174,69
> 5:False:10,20:174,68
rovers-optimal-old-noisy/100/rovers_noisy_p02_hyp-2_full_2.tar.bz2:0.499680042267:0.02193421:0.5
> 0:False:10,17:176,76
> 1:True:11,13:176,77
> 2:False:11,18:176,77
> 3:False:10,14:176,76
> 4:False:11,17:176,77
> 5:False:10,20:176,76
rovers-optimal-old-noisy/100/rovers_noisy_p02_hyp-2_full_3.tar.bz2:0.501945972443:0.02211795:0.5
> 0:False:10,17:174,67
> 1:True:11,13:174,68
> 2:False:11,18:174,68
> 3:False:10,14:174,67
> 4:False:11,17:174,68
> 5:False:10,20:174,67
rovers-optimal-old-noisy/100/rovers_noisy_p02_hyp-3_full_1.tar.bz2:0.498545885086:0.02109081:0.5
> 0:False:10,14:176,65
> 1:False:11,20:176,66
> 2:True:11,12:176,66
> 3:False:10,16:176,65
> 4:False:11,19:176,66
> 5:False:10,16:176,65
rovers-optimal-old-noisy/100/rovers_noisy_p02_hyp-3_full_2.tar.bz2:0.496131896973:0.01966371:0.49
> 0:False:10,14:172,61
> 1:False:11,20:172,62
> 2:True:11,12:172,62
> 3:False:10,16:172,61
> 4:False:11,19:172,62
> 5:False:10,16:172,61
rovers-optimal-old-noisy/100/rovers_noisy_p02_hyp-3_full_3.tar.bz2:0.498629808426:0.01966935:0.49
> 0:False:10,14:172,58
> 1:False:11,20:172,59
> 2:True:11,12:172,59
> 3:False:10,16:172,58
> 4:False:11,19:172,59
> 5:False:10,16:172,58
rovers-optimal-old-noisy/100/rovers_noisy_p02_hyp-4_full_1.tar.bz2:0.499779939651:0.02031919:0.5
> 0:False:10,15:174,66
> 1:False:11,15:174,67
> 2:False:11,16:174,67
> 3:True:10,12:174,66
> 4:False:11,20:174,67
> 5:False:10,20:174,66
rovers-optimal-old-noisy/100/rovers_noisy_p02_hyp-4_full_2.tar.bz2:0.499335050583:0.02044911:0.51
> 0:False:10,15:174,66
> 1:False:11,14:174,67
> 2:False:11,16:174,67
> 3:True:10,12:174,66
> 4:False:11,19:174,67
> 5:False:10,19:174,66
rovers-optimal-old-noisy/100/rovers_noisy_p02_hyp-4_full_3.tar.bz2:0.49617099762:0.01965224:0.5
> 0:False:10,15:172,61
> 1:False:11,15:172,62
> 2:False:11,16:172,62
> 3:True:10,12:172,61
> 4:False:11,20:172,62
> 5:False:10,20:172,61
rovers-optimal-old-noisy/100/rovers_noisy_p03_hyp-1_full_1.tar.bz2:0.494121074677:0.01861933:0.49
> 0:True:10,11:168,49
> 1:False:10,17:168,49
> 2:False:11,21:168,50
> 3:False:10,15:168,49
> 4:False:11,16:168,50
> 5:False:11,19:168,50
rovers-optimal-old-noisy/100/rovers_noisy_p03_hyp-1_full_2.tar.bz2:0.499198913574:0.01844488:0.51
> 0:True:10,11:168,51
> 1:False:10,17:168,51
> 2:False:11,21:168,52
> 3:False:10,15:168,51
> 4:False:11,16:168,52
> 5:False:11,19:168,52
rovers-optimal-old-noisy/100/rovers_noisy_p03_hyp-1_full_3.tar.bz2:0.497700929642:0.01909646:0.49
> 0:True:10,11:168,51
> 1:False:10,17:168,51
> 2:False:11,21:168,52
> 3:False:10,15:168,51
> 4:False:11,16:168,52
> 5:False:11,19:168,52
rovers-optimal-old-noisy/100/rovers_noisy_p03_hyp-2_full_1.tar.bz2:0.493677139282:0.01575599:0.5
> 0:False:10,16:170,58
> 1:True:10,12:170,58
> 2:False:11,17:170,59
> 3:False:10,15:170,58
> 4:False:11,16:170,59
> 5:False:11,21:170,59
rovers-optimal-old-noisy/100/rovers_noisy_p03_hyp-2_full_2.tar.bz2:0.494674921036:0.01989243:0.5
> 0:False:10,15:174,66
> 1:True:10,12:174,66
> 2:False:11,17:174,67
> 3:False:10,14:174,66
> 4:False:11,16:174,67
> 5:False:11,20:174,67
rovers-optimal-old-noisy/100/rovers_noisy_p03_hyp-2_full_3.tar.bz2:0.493755102158:0.01979618:0.49
> 0:False:10,17:172,63
> 1:True:10,12:172,63
> 2:False:11,17:172,64
> 3:False:10,15:172,63
> 4:False:11,16:172,64
> 5:False:11,21:172,64
rovers-optimal-old-noisy/100/rovers_noisy_p03_hyp-3_full_1.tar.bz2:0.498615980148:0.02045643:0.5
> 0:False:10,19:172,65
> 1:False:10,16:172,65
> 2:True:11,13:172,66
> 3:False:10,16:172,65
> 4:False:11,20:172,66
> 5:False:11,18:172,66
rovers-optimal-old-noisy/100/rovers_noisy_p03_hyp-3_full_2.tar.bz2:0.502400875092:0.02265191:0.51
> 0:False:10,19:176,74
> 1:False:10,15:176,74
> 2:True:11,13:176,75
> 3:False:10,16:176,74
> 4:False:11,19:176,75
> 5:False:11,18:176,75
rovers-optimal-old-noisy/100/rovers_noisy_p03_hyp-3_full_3.tar.bz2:0.498382091522:0.02204502:0.49
> 0:False:10,18:176,73
> 1:False:10,16:176,73
> 2:True:11,13:176,74
> 3:False:10,15:176,73
> 4:False:11,20:176,74
> 5:False:11,18:176,74
rovers-optimal-old-noisy/100/rovers_noisy_p03_hyp-4_full_1.tar.bz2:0.495596885681:0.0194957:0.5
> 0:False:10,14:170,55
> 1:False:10,15:170,55
> 2:False:11,17:170,56
> 3:True:10,11:170,55
> 4:False:11,17:170,56
> 5:False:11,21:170,56
rovers-optimal-old-noisy/100/rovers_noisy_p03_hyp-4_full_2.tar.bz2:0.497946977615:0.01895754:0.49
> 0:False:10,15:170,55
> 1:False:10,15:170,55
> 2:False:11,17:170,56
> 3:True:10,11:170,55
> 4:False:11,18:170,56
> 5:False:11,20:170,56
rovers-optimal-old-noisy/100/rovers_noisy_p03_hyp-4_full_3.tar.bz2:0.493889093399:0.01904853:0.5
> 0:False:10,15:170,57
> 1:False:10,15:170,57
> 2:False:11,16:170,58
> 3:True:10,11:170,57
> 4:False:11,18:170,58
> 5:False:11,21:170,58
