rovers-optimal-old-noisy/10/rovers_noisy_p01_hyp-1_10_1.tar.bz2:0.636789083481:0.04755567:0.65
> 0:True:6,7:8177,893,0
> 1:True:6,7:8177,893,0
> 2:True:6,7:8177,893,0
> 3:True:6,7:8177,893,0
> 4:True:7,8:8177,893,0
> 5:True:7,8:8177,893,0
rovers-optimal-old-noisy/10/rovers_noisy_p01_hyp-1_10_2.tar.bz2:0.638912916183:0.05141279:0.63
> 0:True:6,7:8177,893,0
> 1:True:6,7:8177,893,0
> 2:True:6,7:8177,893,0
> 3:True:6,7:8177,893,0
> 4:True:7,8:8177,893,0
> 5:True:7,8:8177,893,0
rovers-optimal-old-noisy/10/rovers_noisy_p01_hyp-1_10_3.tar.bz2:0.641159057617:0.04931331:0.64
> 0:False:6,7:8177,893,0
> 1:False:6,7:8177,893,0
> 2:False:6,7:8177,893,0
> 3:False:6,7:8177,893,0
> 4:True:7,7:8177,893,0
> 5:False:7,8:8177,893,0
rovers-optimal-old-noisy/10/rovers_noisy_p01_hyp-2_10_1.tar.bz2:0.6498939991:0.04898547:0.64
> 0:False:6,7:8177,893,0
> 1:False:6,7:8177,893,0
> 2:False:6,7:8177,893,0
> 3:False:6,7:8177,893,0
> 4:True:7,7:8177,893,0
> 5:True:7,7:8177,893,0
rovers-optimal-old-noisy/10/rovers_noisy_p01_hyp-2_10_2.tar.bz2:0.651793003082:0.04549238:0.66
> 0:False:6,7:8177,893,0
> 1:False:6,7:8177,893,0
> 2:False:6,7:8177,893,0
> 3:False:6,7:8177,893,0
> 4:True:7,7:8177,893,0
> 5:True:7,7:8177,893,0
rovers-optimal-old-noisy/10/rovers_noisy_p01_hyp-2_10_3.tar.bz2:0.640726089478:0.05401082:0.64
> 0:False:6,7:8177,893,0
> 1:False:6,7:8177,893,0
> 2:False:6,7:8177,893,0
> 3:False:6,7:8177,893,0
> 4:True:7,7:8177,893,0
> 5:False:7,8:8177,893,0
rovers-optimal-old-noisy/10/rovers_noisy_p01_hyp-3_10_1.tar.bz2:0.634635925293:0.04940791:0.64
> 0:False:6,7:8177,893,0
> 1:False:6,7:8177,893,0
> 2:False:6,7:8177,893,0
> 3:False:6,7:8177,893,0
> 4:True:7,7:8177,893,0
> 5:False:7,8:8177,893,0
rovers-optimal-old-noisy/10/rovers_noisy_p01_hyp-3_10_2.tar.bz2:0.634259939194:0.04575572:0.64
> 0:False:6,7:8177,893,0
> 1:False:6,7:8177,893,0
> 2:False:6,7:8177,893,0
> 3:False:6,7:8177,893,0
> 4:True:7,7:8177,893,0
> 5:True:7,7:8177,893,0
rovers-optimal-old-noisy/10/rovers_noisy_p01_hyp-3_10_3.tar.bz2:0.636956930161:0.04055902:0.64
> 0:False:6,7:8178,896,1
> 1:False:6,7:8178,896,0
> 2:False:6,7:8178,896,0
> 3:False:6,7:8178,896,0
> 4:True:7,7:8178,896,1
> 5:True:7,7:8178,896,0
rovers-optimal-old-noisy/10/rovers_noisy_p01_hyp-4_10_1.tar.bz2:0.642074108124:0.04987804:0.64
> 0:True:6,7:8178,896,0
> 1:True:6,7:8178,896,0
> 2:True:6,7:8178,896,1
> 3:True:6,7:8178,896,1
> 4:True:7,8:8178,896,0
> 5:True:7,8:8178,896,0
rovers-optimal-old-noisy/10/rovers_noisy_p01_hyp-4_10_2.tar.bz2:0.643481016159:0.05066445:0.64
> 0:False:6,7:8178,896,0
> 1:False:6,7:8178,896,0
> 2:False:6,7:8178,896,1
> 3:False:6,7:8178,896,1
> 4:True:7,7:8178,896,0
> 5:False:7,8:8178,896,0
rovers-optimal-old-noisy/10/rovers_noisy_p01_hyp-4_10_3.tar.bz2:0.644799947739:0.05331158:0.63
> 0:True:6,7:8177,893,0
> 1:True:6,7:8177,893,0
> 2:True:6,7:8177,893,0
> 3:True:6,7:8177,893,0
> 4:True:7,8:8177,893,0
> 5:True:7,8:8177,893,0
rovers-optimal-old-noisy/10/rovers_noisy_p02_hyp-1_10_1.tar.bz2:0.745839118958:0.0748985:0.75
> 0:False:7,9:16055,1478,2
> 1:False:7,9:16055,1478,2
> 2:True:8,9:16055,1478,2
> 3:False:7,9:16055,1478,2
> 4:True:8,9:16055,1478,2
> 5:False:7,9:16055,1478,2
rovers-optimal-old-noisy/10/rovers_noisy_p02_hyp-1_10_2.tar.bz2:0.757749080658:0.0831543:0.75
> 0:False:7,8:16055,1478,2
> 1:False:7,9:16055,1478,1
> 2:True:8,8:16055,1478,2
> 3:False:7,8:16055,1478,2
> 4:False:8,9:16055,1478,1
> 5:False:7,9:16055,1478,1
rovers-optimal-old-noisy/10/rovers_noisy_p02_hyp-1_10_3.tar.bz2:0.746103048325:0.074291:0.75
> 0:False:7,9:16055,1478,2
> 1:False:7,9:16055,1478,2
> 2:True:8,9:16055,1478,2
> 3:False:7,9:16055,1478,2
> 4:True:8,9:16055,1478,1
> 5:False:7,9:16055,1478,1
rovers-optimal-old-noisy/10/rovers_noisy_p02_hyp-2_10_1.tar.bz2:0.755929946899:0.0796531:0.76
> 0:False:7,9:16054,1475,0
> 1:True:7,8:16054,1475,1
> 2:True:8,9:16054,1475,0
> 3:False:7,9:16054,1475,0
> 4:True:8,9:16054,1475,1
> 5:False:7,9:16054,1475,0
rovers-optimal-old-noisy/10/rovers_noisy_p02_hyp-2_10_2.tar.bz2:0.736100912094:0.0712654:0.73
> 0:False:7,9:16055,1478,1
> 1:True:7,8:16055,1478,2
> 2:True:8,9:16055,1478,1
> 3:False:7,9:16055,1478,1
> 4:True:8,9:16055,1478,2
> 5:False:7,9:16055,1478,1
rovers-optimal-old-noisy/10/rovers_noisy_p02_hyp-2_10_3.tar.bz2:0.763736009598:0.0760988:0.77
> 0:False:7,9:16055,1478,1
> 1:True:7,8:16055,1478,2
> 2:True:8,9:16055,1478,1
> 3:False:7,9:16055,1478,1
> 4:True:8,9:16055,1478,2
> 5:False:7,9:16055,1478,1
rovers-optimal-old-noisy/10/rovers_noisy_p02_hyp-3_10_1.tar.bz2:0.752305030823:0.0760173:0.75
> 0:False:7,8:16054,1475,0
> 1:False:7,9:16054,1475,0
> 2:True:8,8:16054,1475,0
> 3:False:7,8:16054,1475,0
> 4:False:8,9:16054,1475,0
> 5:False:7,9:16054,1475,0
rovers-optimal-old-noisy/10/rovers_noisy_p02_hyp-3_10_2.tar.bz2:0.738539934158:0.0795824:0.74
> 0:False:7,9:16055,1478,2
> 1:False:7,9:16055,1478,2
> 2:True:8,9:16055,1478,2
> 3:False:7,9:16055,1478,2
> 4:True:8,9:16055,1478,1
> 5:False:7,9:16055,1478,1
rovers-optimal-old-noisy/10/rovers_noisy_p02_hyp-3_10_3.tar.bz2:0.760173082352:0.0788512:0.76
> 0:False:7,9:16054,1475,1
> 1:False:7,9:16054,1475,0
> 2:True:8,9:16054,1475,1
> 3:False:7,9:16054,1475,0
> 4:True:8,9:16054,1475,0
> 5:False:7,9:16054,1475,1
rovers-optimal-old-noisy/10/rovers_noisy_p02_hyp-4_10_1.tar.bz2:0.764959096909:0.0778109:0.77
> 0:False:7,9:16054,1475,1
> 1:False:7,9:16054,1475,1
> 2:True:8,9:16054,1475,1
> 3:False:7,9:16054,1475,1
> 4:True:8,9:16054,1475,1
> 5:True:7,8:16054,1475,1
rovers-optimal-old-noisy/10/rovers_noisy_p02_hyp-4_10_2.tar.bz2:0.757306098938:0.0773235:0.76
> 0:True:7,8:16054,1475,0
> 1:False:7,9:16054,1475,1
> 2:True:8,9:16054,1475,0
> 3:True:7,8:16054,1475,1
> 4:True:8,9:16054,1475,1
> 5:False:7,9:16054,1475,0
rovers-optimal-old-noisy/10/rovers_noisy_p02_hyp-4_10_3.tar.bz2:0.747532844543:0.0787819:0.75
> 0:False:7,9:16055,1478,2
> 1:False:7,9:16055,1478,2
> 2:True:8,9:16055,1478,2
> 3:False:7,9:16055,1478,2
> 4:False:8,10:16055,1478,1
> 5:False:7,9:16055,1478,1
rovers-optimal-old-noisy/10/rovers_noisy_p03_hyp-1_10_1.tar.bz2:0.754637002945:0.0773755:0.76
> 0:True:7,9:16055,1478,2
> 1:True:7,9:16055,1478,1
> 2:True:7,9:16055,1478,1
> 3:True:7,9:16055,1478,1
> 4:True:8,10:16055,1478,1
> 5:True:8,10:16055,1478,2
rovers-optimal-old-noisy/10/rovers_noisy_p03_hyp-1_10_2.tar.bz2:0.755479812622:0.0769839:0.75
> 0:False:7,9:16055,1478,2
> 1:False:7,9:16055,1478,1
> 2:False:7,9:16055,1478,1
> 3:False:7,9:16055,1478,1
> 4:True:8,9:16055,1478,2
> 5:True:8,9:16055,1478,1
rovers-optimal-old-noisy/10/rovers_noisy_p03_hyp-1_10_3.tar.bz2:0.739362955093:0.0707487:0.74
> 0:True:7,8:16055,1478,2
> 1:True:7,8:16055,1478,1
> 2:False:7,9:16055,1478,1
> 3:True:7,8:16055,1478,2
> 4:True:8,9:16055,1478,1
> 5:False:8,10:16055,1478,1
rovers-optimal-old-noisy/10/rovers_noisy_p03_hyp-2_10_1.tar.bz2:0.74893283844:0.073293:0.75
> 0:False:7,9:16055,1478,1
> 1:False:7,9:16055,1478,2
> 2:True:7,8:16055,1478,2
> 3:False:7,9:16055,1478,1
> 4:True:8,9:16055,1478,1
> 5:True:8,9:16055,1478,1
rovers-optimal-old-noisy/10/rovers_noisy_p03_hyp-2_10_2.tar.bz2:0.761770009995:0.0821469:0.76
> 0:True:7,8:16055,1478,0
> 1:True:7,8:16055,1478,1
> 2:False:7,9:16055,1478,1
> 3:True:7,8:16055,1478,1
> 4:True:8,9:16055,1478,0
> 5:False:8,10:16055,1478,1
rovers-optimal-old-noisy/10/rovers_noisy_p03_hyp-2_10_3.tar.bz2:0.748851776123:0.0791512:0.75
> 0:True:7,7:16054,1475,0
> 1:True:7,7:16054,1475,0
> 2:False:7,9:16054,1475,0
> 3:True:7,7:16054,1475,0
> 4:True:8,8:16054,1475,0
> 5:False:8,10:16054,1475,0
rovers-optimal-old-noisy/10/rovers_noisy_p03_hyp-3_10_1.tar.bz2:0.74977684021:0.0768937:0.74
> 0:False:7,9:16055,1478,1
> 1:False:7,9:16055,1478,2
> 2:False:7,9:16055,1478,2
> 3:False:7,9:16055,1478,2
> 4:False:8,10:16055,1478,1
> 5:True:8,9:16055,1478,1
rovers-optimal-old-noisy/10/rovers_noisy_p03_hyp-3_10_2.tar.bz2:0.763784885406:0.0789461:0.76
> 0:False:7,9:16054,1475,0
> 1:False:7,9:16054,1475,1
> 2:False:7,9:16054,1475,1
> 3:False:7,9:16054,1475,1
> 4:True:8,9:16054,1475,0
> 5:True:8,9:16054,1475,0
rovers-optimal-old-noisy/10/rovers_noisy_p03_hyp-3_10_3.tar.bz2:0.749387025833:0.0703471:0.75
> 0:False:7,9:16055,1478,1
> 1:False:7,9:16055,1478,1
> 2:True:7,8:16055,1478,1
> 3:False:7,9:16055,1478,1
> 4:False:8,10:16055,1478,1
> 5:True:8,9:16055,1478,2
rovers-optimal-old-noisy/10/rovers_noisy_p03_hyp-4_10_1.tar.bz2:0.74946308136:0.0758535:0.74
> 0:False:7,8:16055,1478,1
> 1:False:7,8:16055,1478,1
> 2:False:7,9:16055,1478,1
> 3:False:7,8:16055,1478,1
> 4:True:8,8:16055,1478,1
> 5:False:8,9:16055,1478,1
rovers-optimal-old-noisy/10/rovers_noisy_p03_hyp-4_10_2.tar.bz2:0.743557929993:0.0746989:0.74
> 0:True:7,9:16054,1475,0
> 1:True:7,9:16054,1475,1
> 2:True:7,9:16054,1475,1
> 3:True:7,9:16054,1475,1
> 4:True:8,10:16054,1475,0
> 5:True:8,10:16054,1475,0
rovers-optimal-old-noisy/10/rovers_noisy_p03_hyp-4_10_3.tar.bz2:0.750988006592:0.073744:0.75
> 0:False:7,9:16054,1475,0
> 1:False:7,9:16054,1475,0
> 2:False:7,9:16054,1475,1
> 3:False:7,9:16054,1475,1
> 4:True:8,9:16054,1475,0
> 5:True:8,9:16054,1475,0
rovers-optimal-old-noisy/30/rovers_noisy_p01_hyp-1_30_1.tar.bz2:0.655342102051:0.05233767:0.65
> 0:True:6,8:8180,902,2
> 1:False:6,9:8180,902,1
> 2:False:6,9:8180,902,1
> 3:True:6,8:8180,902,0
> 4:False:7,10:8180,902,2
> 5:True:7,9:8180,902,2
rovers-optimal-old-noisy/30/rovers_noisy_p01_hyp-1_30_2.tar.bz2:0.643804073334:0.0506377:0.64
> 0:True:6,7:8180,902,3
> 1:False:6,9:8180,902,2
> 2:False:6,9:8180,902,2
> 3:False:6,9:8180,902,2
> 4:False:7,9:8180,902,2
> 5:False:7,10:8180,902,2
rovers-optimal-old-noisy/30/rovers_noisy_p01_hyp-1_30_3.tar.bz2:0.642513990402:0.05022755:0.64
> 0:True:6,8:8180,902,2
> 1:False:6,9:8180,902,1
> 2:False:6,9:8180,902,1
> 3:True:6,8:8180,902,1
> 4:True:7,9:8180,902,1
> 5:True:7,9:8180,902,1
rovers-optimal-old-noisy/30/rovers_noisy_p01_hyp-2_30_1.tar.bz2:0.649888038635:0.05082337:0.66
> 0:False:6,9:8179,899,1
> 1:True:6,8:8179,899,2
> 2:True:6,8:8179,899,1
> 3:False:6,9:8179,899,1
> 4:True:7,9:8179,899,1
> 5:True:7,9:8179,899,1
rovers-optimal-old-noisy/30/rovers_noisy_p01_hyp-2_30_2.tar.bz2:0.656648874283:0.05006489:0.66
> 0:True:6,8:8179,899,1
> 1:True:6,8:8179,899,2
> 2:True:6,8:8179,899,1
> 3:False:6,9:8179,899,1
> 4:True:7,9:8179,899,1
> 5:True:7,9:8179,899,1
rovers-optimal-old-noisy/30/rovers_noisy_p01_hyp-2_30_3.tar.bz2:0.630749940872:0.04851377:0.63
> 0:True:6,7:8180,902,0
> 1:True:6,7:8180,902,0
> 2:True:6,7:8180,902,0
> 3:False:6,9:8180,902,2
> 4:True:7,8:8180,902,0
> 5:False:7,9:8180,902,1
rovers-optimal-old-noisy/30/rovers_noisy_p01_hyp-3_30_1.tar.bz2:0.664445161819:0.05738169:0.66
> 0:False:6,9:8180,902,2
> 1:False:6,8:8180,902,2
> 2:True:6,7:8180,902,3
> 3:False:6,8:8180,902,3
> 4:False:7,9:8180,902,2
> 5:False:7,9:8180,902,2
rovers-optimal-old-noisy/30/rovers_noisy_p01_hyp-3_30_2.tar.bz2:0.648677110672:0.0529701:0.65
> 0:True:6,8:8179,899,2
> 1:True:6,8:8179,899,1
> 2:True:6,8:8179,899,1
> 3:True:6,8:8179,899,2
> 4:True:7,9:8179,899,0
> 5:True:7,9:8179,899,1
rovers-optimal-old-noisy/30/rovers_noisy_p01_hyp-3_30_3.tar.bz2:0.642067909241:0.0482002:0.65
> 0:False:6,9:8180,902,2
> 1:False:6,9:8180,902,2
> 2:True:6,8:8180,902,3
> 3:False:6,9:8180,902,2
> 4:True:7,9:8180,902,2
> 5:True:7,9:8180,902,2
rovers-optimal-old-noisy/30/rovers_noisy_p01_hyp-4_30_1.tar.bz2:0.646426916122:0.05125499:0.65
> 0:False:6,9:8180,902,1
> 1:False:6,9:8180,902,2
> 2:False:6,9:8180,902,3
> 3:True:6,8:8180,902,2
> 4:True:7,9:8180,902,2
> 5:True:7,9:8180,902,2
rovers-optimal-old-noisy/30/rovers_noisy_p01_hyp-4_30_2.tar.bz2:0.646363973618:0.05453612:0.65
> 0:True:6,8:8180,902,2
> 1:True:6,8:8180,902,2
> 2:True:6,8:8180,902,2
> 3:True:6,8:8180,902,2
> 4:True:7,9:8180,902,1
> 5:True:7,9:8180,902,2
rovers-optimal-old-noisy/30/rovers_noisy_p01_hyp-4_30_3.tar.bz2:0.644478082657:0.04717473:0.64
> 0:True:6,8:8180,902,2
> 1:False:6,9:8180,902,2
> 2:True:6,8:8180,902,2
> 3:True:6,8:8180,902,2
> 4:False:7,10:8180,902,2
> 5:False:7,10:8180,902,2
rovers-optimal-old-noisy/30/rovers_noisy_p02_hyp-1_30_1.tar.bz2:0.761075019836:0.0829273:0.76
> 0:False:7,10:16057,1484,3
> 1:False:7,11:16057,1484,4
> 2:True:8,10:16057,1484,3
> 3:False:7,10:16057,1484,3
> 4:False:8,12:16057,1484,3
> 5:False:7,11:16057,1484,3
rovers-optimal-old-noisy/30/rovers_noisy_p02_hyp-1_30_2.tar.bz2:0.740158081055:0.0745616:0.73
> 0:False:7,10:16056,1481,1
> 1:False:7,11:16056,1481,3
> 2:True:8,10:16056,1481,1
> 3:False:7,10:16056,1481,3
> 4:False:8,12:16056,1481,2
> 5:False:7,11:16056,1481,0
rovers-optimal-old-noisy/30/rovers_noisy_p02_hyp-1_30_3.tar.bz2:0.749950885773:0.0800289:0.74
> 0:True:7,8:16057,1484,3
> 1:False:7,11:16057,1484,4
> 2:True:8,9:16057,1484,3
> 3:False:7,9:16057,1484,3
> 4:False:8,11:16057,1484,3
> 5:False:7,10:16057,1484,3
rovers-optimal-old-noisy/30/rovers_noisy_p02_hyp-2_30_1.tar.bz2:0.747058868408:0.0757972:0.74
> 0:False:7,11:16057,1484,4
> 1:True:7,10:16057,1484,4
> 2:True:8,11:16057,1484,4
> 3:False:7,11:16057,1484,4
> 4:True:8,11:16057,1484,3
> 5:False:7,11:16057,1484,3
rovers-optimal-old-noisy/30/rovers_noisy_p02_hyp-2_30_2.tar.bz2:0.748145103455:0.0761068:0.74
> 0:False:7,11:16056,1481,3
> 1:False:7,10:16056,1481,3
> 2:False:8,11:16056,1481,3
> 3:False:7,11:16056,1481,3
> 4:True:8,10:16056,1481,2
> 5:False:7,11:16056,1481,2
rovers-optimal-old-noisy/30/rovers_noisy_p02_hyp-2_30_3.tar.bz2:0.761209011078:0.0794622:0.76
> 0:False:7,11:16057,1484,4
> 1:True:7,10:16057,1484,4
> 2:True:8,11:16057,1484,4
> 3:True:7,10:16057,1484,4
> 4:True:8,11:16057,1484,3
> 5:False:7,11:16057,1484,3
rovers-optimal-old-noisy/30/rovers_noisy_p02_hyp-3_30_1.tar.bz2:0.742312908173:0.0720758:0.74
> 0:False:7,10:16057,1484,3
> 1:False:7,10:16057,1484,3
> 2:True:8,10:16057,1484,3
> 3:False:7,10:16057,1484,3
> 4:False:8,11:16057,1484,3
> 5:False:7,10:16057,1484,3
rovers-optimal-old-noisy/30/rovers_noisy_p02_hyp-3_30_2.tar.bz2:0.764070987701:0.0782984:0.75
> 0:False:7,10:16057,1484,3
> 1:False:7,11:16057,1484,4
> 2:True:8,10:16057,1484,3
> 3:False:7,10:16057,1484,3
> 4:False:8,11:16057,1484,3
> 5:False:7,11:16057,1484,3
rovers-optimal-old-noisy/30/rovers_noisy_p02_hyp-3_30_3.tar.bz2:0.759957075119:0.0757506:0.75
> 0:False:7,10:16056,1481,3
> 1:False:7,11:16056,1481,2
> 2:True:8,10:16056,1481,3
> 3:False:7,11:16056,1481,2
> 4:False:8,11:16056,1481,2
> 5:False:7,10:16056,1481,1
rovers-optimal-old-noisy/30/rovers_noisy_p02_hyp-4_30_1.tar.bz2:0.759804964066:0.0780299:0.76
> 0:False:7,11:16057,1484,4
> 1:True:7,10:16057,1484,4
> 2:True:8,11:16057,1484,4
> 3:True:7,10:16057,1484,4
> 4:True:8,11:16057,1484,3
> 5:False:7,11:16057,1484,3
rovers-optimal-old-noisy/30/rovers_noisy_p02_hyp-4_30_2.tar.bz2:0.744735956192:0.0709124:0.74
> 0:False:7,11:16056,1481,2
> 1:True:7,10:16056,1481,3
> 2:True:8,11:16056,1481,2
> 3:True:7,10:16056,1481,3
> 4:True:8,11:16056,1481,3
> 5:True:7,10:16056,1481,2
rovers-optimal-old-noisy/30/rovers_noisy_p02_hyp-4_30_3.tar.bz2:0.735342025757:0.0729216:0.74
> 0:False:7,10:16057,1484,2
> 1:False:7,11:16057,1484,3
> 2:True:8,10:16057,1484,2
> 3:False:7,10:16057,1484,4
> 4:False:8,11:16057,1484,3
> 5:False:7,11:16057,1484,2
rovers-optimal-old-noisy/30/rovers_noisy_p03_hyp-1_30_1.tar.bz2:0.75090098381:0.0829206:0.76
> 0:False:7,9:16057,1484,2
> 1:False:7,9:16057,1484,2
> 2:False:7,11:16057,1484,4
> 3:False:7,9:16057,1484,1
> 4:True:8,9:16057,1484,2
> 5:False:8,12:16057,1484,4
rovers-optimal-old-noisy/30/rovers_noisy_p03_hyp-1_30_2.tar.bz2:0.756278038025:0.0793211:0.76
> 0:True:7,10:16056,1481,3
> 1:True:7,10:16056,1481,2
> 2:False:7,11:16056,1481,2
> 3:True:7,10:16056,1481,2
> 4:True:8,11:16056,1481,3
> 5:False:8,12:16056,1481,2
rovers-optimal-old-noisy/30/rovers_noisy_p03_hyp-1_30_3.tar.bz2:0.746616840363:0.0764491:0.75
> 0:True:7,9:16056,1481,3
> 1:False:7,10:16056,1481,2
> 2:False:7,11:16056,1481,2
> 3:False:7,10:16056,1481,2
> 4:True:8,10:16056,1481,2
> 5:False:8,11:16056,1481,3
rovers-optimal-old-noisy/30/rovers_noisy_p03_hyp-2_30_1.tar.bz2:0.750870943069:0.080162:0.76
> 0:False:7,10:16056,1481,2
> 1:False:7,10:16056,1481,3
> 2:False:7,11:16056,1481,2
> 3:False:7,10:16056,1481,2
> 4:True:8,10:16056,1481,3
> 5:False:8,12:16056,1481,2
rovers-optimal-old-noisy/30/rovers_noisy_p03_hyp-2_30_2.tar.bz2:0.737519025803:0.0754404:0.74
> 0:False:7,9:16056,1481,0
> 1:False:7,9:16056,1481,1
> 2:False:7,11:16056,1481,3
> 3:False:7,9:16056,1481,1
> 4:True:8,9:16056,1481,0
> 5:False:8,11:16056,1481,2
rovers-optimal-old-noisy/30/rovers_noisy_p03_hyp-2_30_3.tar.bz2:0.761919975281:0.0800065:0.77
> 0:False:7,11:16056,1481,2
> 1:True:7,10:16056,1481,3
> 2:False:7,11:16056,1481,2
> 3:False:7,11:16056,1481,2
> 4:True:8,11:16056,1481,3
> 5:False:8,12:16056,1481,2
rovers-optimal-old-noisy/30/rovers_noisy_p03_hyp-3_30_1.tar.bz2:0.758042812347:0.0730873:0.76
> 0:False:7,10:16056,1481,2
> 1:False:7,10:16056,1481,3
> 2:False:7,10:16056,1481,3
> 3:False:7,10:16056,1481,3
> 4:False:8,11:16056,1481,2
> 5:True:8,10:16056,1481,2
rovers-optimal-old-noisy/30/rovers_noisy_p03_hyp-3_30_2.tar.bz2:0.766139984131:0.0820736:0.77
> 0:False:7,11:16057,1484,3
> 1:True:7,10:16057,1484,3
> 2:True:7,10:16057,1484,4
> 3:False:7,11:16057,1484,4
> 4:True:8,11:16057,1484,3
> 5:True:8,11:16057,1484,3
rovers-optimal-old-noisy/30/rovers_noisy_p03_hyp-3_30_3.tar.bz2:0.767449855804:0.0814067:0.78
> 0:False:7,11:16056,1481,2
> 1:True:7,10:16056,1481,3
> 2:True:7,10:16056,1481,3
> 3:False:7,11:16056,1481,3
> 4:True:8,11:16056,1481,2
> 5:True:8,11:16056,1481,2
rovers-optimal-old-noisy/30/rovers_noisy_p03_hyp-4_30_1.tar.bz2:0.745494127274:0.0747541:0.74
> 0:False:7,10:16057,1484,2
> 1:False:7,10:16057,1484,3
> 2:False:7,11:16057,1484,4
> 3:False:7,10:16057,1484,3
> 4:True:8,10:16057,1484,2
> 5:False:8,11:16057,1484,3
rovers-optimal-old-noisy/30/rovers_noisy_p03_hyp-4_30_2.tar.bz2:0.756283998489:0.0781338:0.76
> 0:False:7,10:16057,1484,2
> 1:False:7,10:16057,1484,3
> 2:False:7,11:16057,1484,4
> 3:True:7,9:16057,1484,3
> 4:False:8,11:16057,1484,2
> 5:False:8,12:16057,1484,3
rovers-optimal-old-noisy/30/rovers_noisy_p03_hyp-4_30_3.tar.bz2:0.765269041061:0.076085:0.77
> 0:True:7,9:16057,1484,1
> 1:False:7,11:16057,1484,3
> 2:False:7,11:16057,1484,4
> 3:True:7,9:16057,1484,1
> 4:False:8,11:16057,1484,3
> 5:False:8,11:16057,1484,3
rovers-optimal-old-noisy/50/rovers_noisy_p01_hyp-1_50_1.tar.bz2:0.639534950256:0.04767977:0.65
> 0:True:6,8:8181,905,1
> 1:True:6,8:8181,905,0
> 2:True:6,8:8181,905,0
> 3:False:6,10:8181,905,3
> 4:True:7,9:8181,905,0
> 5:False:7,10:8181,905,3
rovers-optimal-old-noisy/50/rovers_noisy_p01_hyp-1_50_2.tar.bz2:0.651845932007:0.05573194:0.65
> 0:True:6,8:8181,905,3
> 1:False:6,9:8181,905,2
> 2:False:6,9:8181,905,2
> 3:False:6,9:8181,905,2
> 4:True:7,9:8181,905,3
> 5:False:7,10:8181,905,3
rovers-optimal-old-noisy/50/rovers_noisy_p01_hyp-1_50_3.tar.bz2:0.664613008499:0.05644033:0.67
> 0:True:6,8:8181,905,2
> 1:False:6,9:8181,905,3
> 2:False:6,9:8181,905,3
> 3:False:6,9:8181,905,2
> 4:False:7,10:8181,905,3
> 5:False:7,10:8181,905,2
rovers-optimal-old-noisy/50/rovers_noisy_p01_hyp-2_50_1.tar.bz2:0.644708871841:0.04706321:0.64
> 0:False:6,9:8182,908,3
> 1:False:6,8:8182,908,0
> 2:False:6,8:8182,908,3
> 3:False:6,10:8182,908,3
> 4:True:7,8:8182,908,0
> 5:False:7,10:8182,908,4
rovers-optimal-old-noisy/50/rovers_noisy_p01_hyp-2_50_2.tar.bz2:0.642366170883:0.05400063:0.65
> 0:False:6,9:8182,908,3
> 1:True:6,8:8182,908,3
> 2:False:6,9:8182,908,4
> 3:False:6,10:8182,908,4
> 4:True:7,9:8182,908,0
> 5:False:7,10:8182,908,3
rovers-optimal-old-noisy/50/rovers_noisy_p01_hyp-2_50_3.tar.bz2:0.639017105103:0.04983403:0.63
> 0:False:6,10:8182,908,3
> 1:True:6,8:8182,908,5
> 2:False:6,9:8182,908,4
> 3:False:6,10:8182,908,2
> 4:False:7,10:8182,908,4
> 5:False:7,10:8182,908,4
rovers-optimal-old-noisy/50/rovers_noisy_p01_hyp-3_50_1.tar.bz2:0.637076854706:0.04506674:0.65
> 0:False:6,9:8181,905,2
> 1:False:6,9:8181,905,2
> 2:True:6,8:8181,905,0
> 3:False:6,9:8181,905,3
> 4:True:7,9:8181,905,1
> 5:False:7,10:8181,905,2
rovers-optimal-old-noisy/50/rovers_noisy_p01_hyp-3_50_2.tar.bz2:0.644233226776:0.04487723:0.65
> 0:False:6,10:8182,908,3
> 1:False:6,9:8182,908,3
> 2:True:6,8:8182,908,0
> 3:False:6,9:8182,908,3
> 4:True:7,9:8182,908,1
> 5:False:7,10:8182,908,3
rovers-optimal-old-noisy/50/rovers_noisy_p01_hyp-3_50_3.tar.bz2:0.639436006546:0.05095292:0.64
> 0:False:6,9:8182,908,4
> 1:False:6,9:8182,908,3
> 2:True:6,8:8182,908,4
> 3:False:6,9:8182,908,5
> 4:False:7,10:8182,908,3
> 5:False:7,10:8182,908,4
rovers-optimal-old-noisy/50/rovers_noisy_p01_hyp-4_50_1.tar.bz2:0.639801025391:0.05031537:0.64
> 0:False:6,9:8180,902,1
> 1:False:6,10:8180,902,2
> 2:False:6,10:8180,902,2
> 3:True:6,8:8180,902,2
> 4:False:7,11:8180,902,2
> 5:False:7,10:8180,902,3
rovers-optimal-old-noisy/50/rovers_noisy_p01_hyp-4_50_2.tar.bz2:0.626597881317:0.04791892:0.63
> 0:False:6,9:8180,902,1
> 1:False:6,9:8180,902,1
> 2:False:6,9:8180,902,1
> 3:True:6,8:8180,902,2
> 4:False:7,10:8180,902,1
> 5:False:7,10:8180,902,2
rovers-optimal-old-noisy/50/rovers_noisy_p01_hyp-4_50_3.tar.bz2:0.623023033142:0.05168814:0.62
> 0:False:6,9:8180,902,1
> 1:False:6,9:8180,902,1
> 2:False:6,9:8180,902,1
> 3:True:6,8:8180,902,1
> 4:False:7,10:8180,902,1
> 5:False:7,10:8180,902,1
rovers-optimal-old-noisy/50/rovers_noisy_p02_hyp-1_50_1.tar.bz2:0.734510183334:0.0745506:0.74
> 0:True:7,11:16059,1490,6
> 1:False:7,13:16059,1490,6
> 2:False:8,13:16059,1490,6
> 3:False:7,13:16059,1490,6
> 4:False:8,14:16059,1490,5
> 5:False:7,12:16059,1490,3
rovers-optimal-old-noisy/50/rovers_noisy_p02_hyp-1_50_2.tar.bz2:0.740266084671:0.0738286:0.73
> 0:True:7,10:16058,1487,1
> 1:False:7,13:16058,1487,4
> 2:True:8,11:16058,1487,1
> 3:False:7,11:16058,1487,2
> 4:False:8,13:16058,1487,4
> 5:False:7,12:16058,1487,3
rovers-optimal-old-noisy/50/rovers_noisy_p02_hyp-1_50_3.tar.bz2:0.752052783966:0.0748581:0.76
> 0:True:7,10:16060,1493,3
> 1:False:7,12:16060,1493,6
> 2:False:8,12:16060,1493,7
> 3:False:7,12:16060,1493,6
> 4:False:8,13:16060,1493,6
> 5:False:7,11:16060,1493,3
rovers-optimal-old-noisy/50/rovers_noisy_p02_hyp-2_50_1.tar.bz2:0.744375944138:0.0770872:0.74
> 0:False:7,13:16061,1496,8
> 1:False:7,12:16061,1496,8
> 2:False:8,13:16061,1496,8
> 3:False:7,13:16061,1496,8
> 4:True:8,12:16061,1496,7
> 5:False:7,13:16061,1496,7
rovers-optimal-old-noisy/50/rovers_noisy_p02_hyp-2_50_2.tar.bz2:0.745508909225:0.074432:0.74
> 0:False:7,14:16061,1496,7
> 1:True:7,12:16061,1496,8
> 2:False:8,14:16061,1496,7
> 3:False:7,13:16061,1496,8
> 4:True:8,13:16061,1496,7
> 5:False:7,14:16061,1496,6
rovers-optimal-old-noisy/50/rovers_noisy_p02_hyp-2_50_3.tar.bz2:0.753662824631:0.0782481:0.76
> 0:False:7,13:16059,1490,6
> 1:True:7,12:16059,1490,6
> 2:True:8,13:16059,1490,6
> 3:True:7,12:16059,1490,6
> 4:True:8,13:16059,1490,5
> 5:False:7,13:16059,1490,5
rovers-optimal-old-noisy/50/rovers_noisy_p02_hyp-3_50_1.tar.bz2:0.764533042908:0.0810577:0.76
> 0:False:7,12:16061,1496,7
> 1:False:7,14:16061,1496,8
> 2:True:8,12:16061,1496,7
> 3:False:7,13:16061,1496,7
> 4:False:8,13:16061,1496,7
> 5:False:7,13:16061,1496,7
rovers-optimal-old-noisy/50/rovers_noisy_p02_hyp-3_50_2.tar.bz2:0.766196012497:0.0760757:0.77
> 0:False:7,12:16060,1493,5
> 1:False:7,14:16060,1493,7
> 2:True:8,11:16060,1493,5
> 3:False:7,12:16060,1493,5
> 4:False:8,14:16060,1493,5
> 5:False:7,13:16060,1493,6
rovers-optimal-old-noisy/50/rovers_noisy_p02_hyp-3_50_3.tar.bz2:0.7575070858:0.0776182:0.75
> 0:False:7,12:16059,1490,4
> 1:False:7,14:16059,1490,6
> 2:True:8,11:16059,1490,4
> 3:False:7,12:16059,1490,4
> 4:False:8,14:16059,1490,5
> 5:False:7,13:16059,1490,5
rovers-optimal-old-noisy/50/rovers_noisy_p02_hyp-4_50_1.tar.bz2:0.746544122696:0.0745597:0.74
> 0:False:7,11:16060,1493,5
> 1:False:7,12:16060,1493,7
> 2:True:8,11:16060,1493,5
> 3:True:7,10:16060,1493,5
> 4:False:8,12:16060,1493,6
> 5:False:7,13:16060,1493,6
rovers-optimal-old-noisy/50/rovers_noisy_p02_hyp-4_50_2.tar.bz2:0.751074075699:0.0801503:0.74
> 0:True:7,12:16060,1493,7
> 1:True:7,12:16060,1493,7
> 2:True:8,13:16060,1493,7
> 3:True:7,12:16060,1493,7
> 4:True:8,13:16060,1493,6
> 5:False:7,13:16060,1493,6
rovers-optimal-old-noisy/50/rovers_noisy_p02_hyp-4_50_3.tar.bz2:0.754128932953:0.0795008:0.76
> 0:False:7,10:16060,1493,4
> 1:False:7,11:16060,1493,6
> 2:True:8,10:16060,1493,4
> 3:False:7,10:16060,1493,0
> 4:False:8,12:16060,1493,5
> 5:False:7,12:16060,1493,5
rovers-optimal-old-noisy/50/rovers_noisy_p03_hyp-1_50_1.tar.bz2:0.748934984207:0.0811573:0.75
> 0:True:7,10:16059,1490,3
> 1:False:7,12:16059,1490,5
> 2:False:7,13:16059,1490,5
> 3:False:7,12:16059,1490,4
> 4:False:8,12:16059,1490,3
> 5:False:8,13:16059,1490,6
rovers-optimal-old-noisy/50/rovers_noisy_p03_hyp-1_50_2.tar.bz2:0.76660990715:0.0792237:0.76
> 0:True:7,10:16059,1490,5
> 1:False:7,11:16059,1490,4
> 2:False:7,13:16059,1490,5
> 3:False:7,11:16059,1490,4
> 4:False:8,12:16059,1490,4
> 5:False:8,14:16059,1490,6
rovers-optimal-old-noisy/50/rovers_noisy_p03_hyp-1_50_3.tar.bz2:0.735006093979:0.068017:0.73
> 0:True:7,11:16059,1490,4
> 1:False:7,13:16059,1490,5
> 2:False:7,12:16059,1490,5
> 3:False:7,13:16059,1490,5
> 4:True:8,12:16059,1490,3
> 5:True:8,12:16059,1490,6
rovers-optimal-old-noisy/50/rovers_noisy_p03_hyp-2_50_1.tar.bz2:0.752420186996:0.0780615:0.75
> 0:False:7,12:16058,1487,3
> 1:True:7,11:16058,1487,2
> 2:False:7,12:16058,1487,5
> 3:False:7,12:16058,1487,2
> 4:True:8,12:16058,1487,3
> 5:False:8,13:16058,1487,4
rovers-optimal-old-noisy/50/rovers_noisy_p03_hyp-2_50_2.tar.bz2:0.744844913483:0.078226:0.74
> 0:False:7,12:16059,1490,4
> 1:True:7,11:16059,1490,3
> 2:False:7,12:16059,1490,5
> 3:False:7,12:16059,1490,2
> 4:True:8,12:16059,1490,5
> 5:False:8,13:16059,1490,5
rovers-optimal-old-noisy/50/rovers_noisy_p03_hyp-2_50_3.tar.bz2:0.741502046585:0.0754987:0.74
> 0:False:7,11:16058,1487,2
> 1:True:7,10:16058,1487,3
> 2:False:7,13:16058,1487,4
> 3:False:7,11:16058,1487,2
> 4:True:8,11:16058,1487,3
> 5:False:8,13:16058,1487,4
rovers-optimal-old-noisy/50/rovers_noisy_p03_hyp-3_50_1.tar.bz2:0.75364279747:0.0814363:0.75
> 0:False:7,13:16060,1493,6
> 1:False:7,13:16060,1493,7
> 2:True:7,12:16060,1493,7
> 3:False:7,13:16060,1493,7
> 4:True:8,13:16060,1493,6
> 5:True:8,13:16060,1493,6
rovers-optimal-old-noisy/50/rovers_noisy_p03_hyp-3_50_2.tar.bz2:0.733086109161:0.078284:0.73
> 0:False:7,13:16060,1493,6
> 1:False:7,13:16060,1493,7
> 2:True:7,11:16060,1493,3
> 3:False:7,13:16060,1493,7
> 4:False:8,13:16060,1493,6
> 5:True:8,12:16060,1493,2
rovers-optimal-old-noisy/50/rovers_noisy_p03_hyp-3_50_3.tar.bz2:0.748692989349:0.0746529:0.75
> 0:False:7,13:16061,1496,7
> 1:True:7,12:16061,1496,8
> 2:True:7,12:16061,1496,8
> 3:True:7,12:16061,1496,8
> 4:True:8,13:16061,1496,7
> 5:True:8,13:16061,1496,7
rovers-optimal-old-noisy/50/rovers_noisy_p03_hyp-4_50_1.tar.bz2:0.767195940018:0.0814741:0.76
> 0:False:7,12:16059,1490,4
> 1:False:7,12:16059,1490,4
> 2:False:7,12:16059,1490,3
> 3:True:7,10:16059,1490,2
> 4:False:8,12:16059,1490,4
> 5:False:8,13:16059,1490,4
rovers-optimal-old-noisy/50/rovers_noisy_p03_hyp-4_50_2.tar.bz2:0.745754003525:0.0766151:0.74
> 0:True:7,11:16060,1493,3
> 1:False:7,12:16060,1493,5
> 2:False:7,12:16060,1493,6
> 3:True:7,11:16060,1493,4
> 4:True:8,12:16060,1493,3
> 5:False:8,13:16060,1493,5
rovers-optimal-old-noisy/50/rovers_noisy_p03_hyp-4_50_3.tar.bz2:0.763144016266:0.0763398:0.76
> 0:False:7,12:16059,1490,5
> 1:False:7,12:16059,1490,6
> 2:False:7,12:16059,1490,6
> 3:True:7,11:16059,1490,6
> 4:False:8,13:16059,1490,5
> 5:False:8,13:16059,1490,5
rovers-optimal-old-noisy/70/rovers_noisy_p01_hyp-1_70_1.tar.bz2:0.653344154358:0.05750557:0.66
> 0:True:6,8:8183,911,0
> 1:False:6,11:8183,911,4
> 2:False:6,11:8183,911,4
> 3:False:6,10:8183,911,2
> 4:False:7,12:8183,911,4
> 5:False:7,12:8183,911,4
rovers-optimal-old-noisy/70/rovers_noisy_p01_hyp-1_70_2.tar.bz2:0.621093988419:0.04371558:0.61
> 0:True:6,8:8182,908,0
> 1:False:6,11:8182,908,4
> 2:False:6,11:8182,908,4
> 3:False:6,10:8182,908,2
> 4:False:7,12:8182,908,4
> 5:False:7,12:8182,908,4
rovers-optimal-old-noisy/70/rovers_noisy_p01_hyp-1_70_3.tar.bz2:0.635678052902:0.04407037:0.64
> 0:True:6,9:8183,911,2
> 1:False:6,11:8183,911,4
> 2:False:6,11:8183,911,4
> 3:False:6,10:8183,911,3
> 4:False:7,12:8183,911,4
> 5:False:7,13:8183,911,4
rovers-optimal-old-noisy/70/rovers_noisy_p01_hyp-2_70_1.tar.bz2:0.631728172302:0.050426:0.64
> 0:False:6,11:8184,914,3
> 1:True:6,9:8184,914,1
> 2:False:6,10:8184,914,3
> 3:False:6,12:8184,914,5
> 4:False:7,11:8184,914,3
> 5:False:7,13:8184,914,5
rovers-optimal-old-noisy/70/rovers_noisy_p01_hyp-2_70_2.tar.bz2:0.667120933533:0.05473207:0.67
> 0:False:6,12:8184,914,4
> 1:True:6,9:8184,914,1
> 2:False:6,10:8184,914,3
> 3:False:6,12:8184,914,4
> 4:True:7,10:8184,914,3
> 5:False:7,12:8184,914,4
rovers-optimal-old-noisy/70/rovers_noisy_p01_hyp-2_70_3.tar.bz2:0.652636051178:0.04914256:0.65
> 0:False:6,11:8184,914,2
> 1:True:6,9:8184,914,1
> 2:False:6,10:8184,914,2
> 3:False:6,12:8184,914,5
> 4:True:7,10:8184,914,3
> 5:False:7,12:8184,914,5
rovers-optimal-old-noisy/70/rovers_noisy_p01_hyp-3_70_1.tar.bz2:0.631176948547:0.04596359:0.63
> 0:False:6,12:8184,914,5
> 1:False:6,11:8184,914,5
> 2:True:6,10:8184,914,1
> 3:False:6,11:8184,914,2
> 4:False:7,12:8184,914,3
> 5:False:7,13:8184,914,5
rovers-optimal-old-noisy/70/rovers_noisy_p01_hyp-3_70_2.tar.bz2:0.643280029297:0.05786454:0.65
> 0:False:6,11:8184,914,3
> 1:False:6,10:8184,914,3
> 2:True:6,9:8184,914,1
> 3:False:6,11:8184,914,2
> 4:False:7,11:8184,914,3
> 5:False:7,13:8184,914,6
rovers-optimal-old-noisy/70/rovers_noisy_p01_hyp-3_70_3.tar.bz2:0.647507190704:0.05596427:0.64
> 0:False:6,11:8183,911,1
> 1:False:6,11:8183,911,1
> 2:True:6,9:8183,911,1
> 3:False:6,12:8183,911,5
> 4:False:7,11:8183,911,1
> 5:False:7,13:8183,911,4
rovers-optimal-old-noisy/70/rovers_noisy_p01_hyp-4_70_1.tar.bz2:0.636799097061:0.05176238:0.64
> 0:False:6,11:8182,908,3
> 1:False:6,12:8182,908,3
> 2:False:6,11:8182,908,4
> 3:True:6,8:8182,908,0
> 4:False:7,13:8182,908,3
> 5:False:7,12:8182,908,3
rovers-optimal-old-noisy/70/rovers_noisy_p01_hyp-4_70_2.tar.bz2:0.637382030487:0.04576423:0.64
> 0:False:6,10:8183,911,1
> 1:False:6,11:8183,911,3
> 2:False:6,11:8183,911,3
> 3:True:6,8:8183,911,0
> 4:False:7,12:8183,911,4
> 5:False:7,12:8183,911,4
rovers-optimal-old-noisy/70/rovers_noisy_p01_hyp-4_70_3.tar.bz2:0.635983943939:0.04905043:0.63
> 0:False:6,11:8184,914,4
> 1:False:6,10:8184,914,3
> 2:False:6,10:8184,914,2
> 3:True:6,8:8184,914,0
> 4:False:7,12:8184,914,4
> 5:False:7,12:8184,914,4
rovers-optimal-old-noisy/70/rovers_noisy_p02_hyp-1_70_1.tar.bz2:0.750087022781:0.0803765:0.74
> 0:True:7,11:16061,1496,4
> 1:False:7,14:16061,1496,8
> 2:True:8,12:16061,1496,4
> 3:False:7,13:16061,1496,7
> 4:False:8,15:16061,1496,7
> 5:False:7,13:16061,1496,4
rovers-optimal-old-noisy/70/rovers_noisy_p02_hyp-1_70_2.tar.bz2:0.737902164459:0.0728124:0.73
> 0:True:7,11:16062,1499,7
> 1:False:7,15:16062,1499,8
> 2:False:8,13:16062,1499,7
> 3:False:7,14:16062,1499,8
> 4:False:8,15:16062,1499,7
> 5:False:7,13:16062,1499,6
rovers-optimal-old-noisy/70/rovers_noisy_p02_hyp-1_70_3.tar.bz2:0.749952077866:0.0772459:0.75
> 0:True:7,11:16062,1499,7
> 1:False:7,14:16062,1499,8
> 2:True:8,12:16062,1499,7
> 3:False:7,12:16062,1499,6
> 4:False:8,15:16062,1499,7
> 5:False:7,14:16062,1499,8
rovers-optimal-old-noisy/70/rovers_noisy_p02_hyp-2_70_1.tar.bz2:0.747560977936:0.0810041:0.75
> 0:False:7,15:16064,1505,11
> 1:True:7,12:16064,1505,4
> 2:False:8,15:16064,1505,11
> 3:False:7,13:16064,1505,5
> 4:False:8,15:16064,1505,10
> 5:False:7,15:16064,1505,10
rovers-optimal-old-noisy/70/rovers_noisy_p02_hyp-2_70_2.tar.bz2:0.752076864243:0.0857983:0.76
> 0:False:7,15:16063,1502,10
> 1:True:7,12:16063,1502,5
> 2:False:8,15:16063,1502,10
> 3:False:7,13:16063,1502,5
> 4:False:8,15:16063,1502,9
> 5:False:7,15:16063,1502,9
rovers-optimal-old-noisy/70/rovers_noisy_p02_hyp-2_70_3.tar.bz2:0.743037223816:0.0698717:0.75
> 0:False:7,15:16064,1505,10
> 1:True:7,12:16064,1505,5
> 2:False:8,15:16064,1505,10
> 3:False:7,13:16064,1505,5
> 4:False:8,15:16064,1505,10
> 5:False:7,15:16064,1505,9
rovers-optimal-old-noisy/70/rovers_noisy_p02_hyp-3_70_1.tar.bz2:0.746695041656:0.0777191:0.75
> 0:False:7,12:16064,1505,4
> 1:False:7,14:16064,1505,11
> 2:True:8,12:16064,1505,0
> 3:False:7,12:16064,1505,3
> 4:False:8,15:16064,1505,9
> 5:False:7,14:16064,1505,7
rovers-optimal-old-noisy/70/rovers_noisy_p02_hyp-3_70_2.tar.bz2:0.747287034988:0.078509:0.75
> 0:False:7,12:16064,1505,5
> 1:False:7,14:16064,1505,7
> 2:True:8,12:16064,1505,5
> 3:False:7,12:16064,1505,5
> 4:False:8,15:16064,1505,9
> 5:False:7,14:16064,1505,9
rovers-optimal-old-noisy/70/rovers_noisy_p02_hyp-3_70_3.tar.bz2:0.744375944138:0.0731264:0.74
> 0:False:7,12:16064,1505,6
> 1:False:7,15:16064,1505,11
> 2:True:8,11:16064,1505,0
> 3:False:7,13:16064,1505,9
> 4:False:8,14:16064,1505,6
> 5:False:7,12:16064,1505,1
rovers-optimal-old-noisy/70/rovers_noisy_p02_hyp-4_70_1.tar.bz2:0.74995803833:0.0773675:0.75
> 0:False:7,13:16063,1502,9
> 1:False:7,12:16063,1502,8
> 2:False:8,13:16063,1502,8
> 3:True:7,11:16063,1502,6
> 4:False:8,15:16063,1502,7
> 5:False:7,14:16063,1502,8
rovers-optimal-old-noisy/70/rovers_noisy_p02_hyp-4_70_2.tar.bz2:0.747534036636:0.080995:0.75
> 0:False:7,12:16062,1499,1
> 1:False:7,12:16062,1499,1
> 2:True:8,12:16062,1499,1
> 3:True:7,11:16062,1499,0
> 4:False:8,15:16062,1499,8
> 5:False:7,14:16062,1499,7
rovers-optimal-old-noisy/70/rovers_noisy_p02_hyp-4_70_3.tar.bz2:0.755094051361:0.0855039:0.76
> 0:False:7,14:16063,1502,9
> 1:True:7,11:16063,1502,2
> 2:False:8,14:16063,1502,9
> 3:True:7,11:16063,1502,2
> 4:False:8,13:16063,1502,6
> 5:False:7,14:16063,1502,8
rovers-optimal-old-noisy/70/rovers_noisy_p03_hyp-1_70_1.tar.bz2:0.734471082687:0.0731639:0.74
> 0:True:7,11:16060,1493,3
> 1:False:7,13:16060,1493,5
> 2:False:7,15:16060,1493,6
> 3:False:7,13:16060,1493,5
> 4:True:8,12:16060,1493,3
> 5:False:8,15:16060,1493,7
rovers-optimal-old-noisy/70/rovers_noisy_p03_hyp-1_70_2.tar.bz2:0.746406078339:0.074878:0.74
> 0:True:7,10:16061,1496,3
> 1:False:7,13:16061,1496,5
> 2:False:7,15:16061,1496,6
> 3:False:7,13:16061,1496,5
> 4:False:8,13:16061,1496,4
> 5:False:8,14:16061,1496,4
rovers-optimal-old-noisy/70/rovers_noisy_p03_hyp-1_70_3.tar.bz2:0.754979133606:0.0749481:0.74
> 0:True:7,10:16062,1499,3
> 1:False:7,14:16062,1499,8
> 2:False:7,15:16062,1499,8
> 3:False:7,14:16062,1499,8
> 4:False:8,13:16062,1499,5
> 5:False:8,14:16062,1499,5
rovers-optimal-old-noisy/70/rovers_noisy_p03_hyp-2_70_1.tar.bz2:0.75132894516:0.082606:0.75
> 0:False:7,12:16063,1502,7
> 1:True:7,11:16063,1502,4
> 2:False:7,14:16063,1502,9
> 3:False:7,12:16063,1502,5
> 4:True:8,12:16063,1502,8
> 5:False:8,15:16063,1502,9
rovers-optimal-old-noisy/70/rovers_noisy_p03_hyp-2_70_2.tar.bz2:0.758507013321:0.0793143:0.76
> 0:False:7,14:16063,1502,7
> 1:True:7,11:16063,1502,0
> 2:False:7,12:16063,1502,0
> 3:False:7,12:16063,1502,4
> 4:False:8,13:16063,1502,9
> 5:False:8,15:16063,1502,8
rovers-optimal-old-noisy/70/rovers_noisy_p03_hyp-2_70_3.tar.bz2:0.764050006866:0.0857036:0.77
> 0:False:7,13:16063,1502,7
> 1:True:7,11:16063,1502,2
> 2:False:7,13:16063,1502,6
> 3:False:7,13:16063,1502,6
> 4:False:8,13:16063,1502,8
> 5:False:8,15:16063,1502,8
rovers-optimal-old-noisy/70/rovers_noisy_p03_hyp-3_70_1.tar.bz2:0.756036043167:0.0737385:0.75
> 0:False:7,15:16063,1502,9
> 1:False:7,13:16063,1502,10
> 2:True:7,12:16063,1502,10
> 3:False:7,13:16063,1502,10
> 4:False:8,15:16063,1502,9
> 5:False:8,15:16063,1502,9
rovers-optimal-old-noisy/70/rovers_noisy_p03_hyp-3_70_2.tar.bz2:0.758506059647:0.0765957:0.76
> 0:False:7,15:16064,1505,10
> 1:False:7,15:16064,1505,10
> 2:True:7,12:16064,1505,5
> 3:False:7,14:16064,1505,6
> 4:False:8,16:16064,1505,10
> 5:False:8,14:16064,1505,7
rovers-optimal-old-noisy/70/rovers_noisy_p03_hyp-3_70_3.tar.bz2:0.754088878632:0.0716376:0.76
> 0:False:7,15:16064,1505,10
> 1:False:7,14:16064,1505,11
> 2:True:7,12:16064,1505,6
> 3:False:7,15:16064,1505,11
> 4:False:8,16:16064,1505,10
> 5:False:8,14:16064,1505,5
rovers-optimal-old-noisy/70/rovers_noisy_p03_hyp-4_70_1.tar.bz2:0.766938924789:0.0799365:0.77
> 0:False:7,13:16062,1499,6
> 1:False:7,12:16062,1499,6
> 2:False:7,14:16062,1499,9
> 3:True:7,11:16062,1499,3
> 4:False:8,13:16062,1499,5
> 5:False:8,15:16062,1499,8
rovers-optimal-old-noisy/70/rovers_noisy_p03_hyp-4_70_2.tar.bz2:0.746608972549:0.0776911:0.75
> 0:False:7,12:16061,1496,3
> 1:False:7,13:16061,1496,8
> 2:False:7,14:16061,1496,8
> 3:True:7,11:16061,1496,2
> 4:False:8,14:16061,1496,7
> 5:False:8,15:16061,1496,7
rovers-optimal-old-noisy/70/rovers_noisy_p03_hyp-4_70_3.tar.bz2:0.741093158722:0.0748538:0.75
> 0:False:7,13:16062,1499,3
> 1:False:7,12:16062,1499,3
> 2:False:7,13:16062,1499,5
> 3:True:7,11:16062,1499,2
> 4:False:8,14:16062,1499,6
> 5:False:8,15:16062,1499,7
rovers-optimal-old-noisy/100/rovers_noisy_p01_hyp-1_full_1.tar.bz2:0.642395973206:0.05614514:0.64
> 0:True:6,8:8186,920,0
> 1:False:6,12:8186,920,4
> 2:False:6,12:8186,920,4
> 3:False:6,11:8186,920,6
> 4:False:7,13:8186,920,4
> 5:False:7,14:8186,920,7
rovers-optimal-old-noisy/100/rovers_noisy_p01_hyp-1_full_2.tar.bz2:0.643815994263:0.05361863:0.64
> 0:True:6,8:8184,914,0
> 1:False:6,12:8184,914,3
> 2:False:6,12:8184,914,3
> 3:False:6,12:8184,914,4
> 4:False:7,13:8184,914,3
> 5:False:7,14:8184,914,6
rovers-optimal-old-noisy/100/rovers_noisy_p01_hyp-1_full_3.tar.bz2:0.641149997711:0.05121237:0.64
> 0:True:6,8:8184,914,0
> 1:False:6,12:8184,914,3
> 2:False:6,12:8184,914,3
> 3:False:6,12:8184,914,4
> 4:False:7,13:8184,914,3
> 5:False:7,14:8184,914,6
rovers-optimal-old-noisy/100/rovers_noisy_p01_hyp-2_full_1.tar.bz2:0.637326955795:0.05269557:0.64
> 0:False:6,12:8185,917,3
> 1:True:6,8:8185,917,0
> 2:False:6,10:8185,917,3
> 3:False:6,13:8185,917,6
> 4:False:7,11:8185,917,3
> 5:False:7,13:8185,917,5
rovers-optimal-old-noisy/100/rovers_noisy_p01_hyp-2_full_2.tar.bz2:0.638646841049:0.04912572:0.63
> 0:False:6,12:8187,923,4
> 1:True:6,8:8187,923,0
> 2:False:6,10:8187,923,4
> 3:False:6,13:8187,923,8
> 4:False:7,11:8187,923,3
> 5:False:7,12:8187,923,6
rovers-optimal-old-noisy/100/rovers_noisy_p01_hyp-2_full_3.tar.bz2:0.637532949448:0.05064098:0.64
> 0:False:6,12:8186,920,3
> 1:True:6,8:8186,920,0
> 2:False:6,10:8186,920,3
> 3:False:6,13:8186,920,6
> 4:False:7,11:8186,920,3
> 5:False:7,13:8186,920,5
rovers-optimal-old-noisy/100/rovers_noisy_p01_hyp-3_full_1.tar.bz2:0.643989086151:0.0583481:0.65
> 0:False:6,12:8187,923,4
> 1:False:6,10:8187,923,3
> 2:True:6,9:8187,923,3
> 3:False:6,12:8187,923,4
> 4:False:7,11:8187,923,3
> 5:False:7,13:8187,923,5
rovers-optimal-old-noisy/100/rovers_noisy_p01_hyp-3_full_2.tar.bz2:0.659925937653:0.0551621:0.67
> 0:False:6,12:8185,917,3
> 1:False:6,10:8185,917,3
> 2:True:6,8:8185,917,0
> 3:False:6,12:8185,917,3
> 4:False:7,11:8185,917,3
> 5:False:7,13:8185,917,5
rovers-optimal-old-noisy/100/rovers_noisy_p01_hyp-3_full_3.tar.bz2:0.634275197983:0.05165219:0.63
> 0:False:6,12:8187,923,4
> 1:False:6,10:8187,923,2
> 2:True:6,9:8187,923,3
> 3:False:6,12:8187,923,3
> 4:False:7,11:8187,923,3
> 5:False:7,13:8187,923,6
rovers-optimal-old-noisy/100/rovers_noisy_p01_hyp-4_full_1.tar.bz2:0.64692902565:0.05788794:0.64
> 0:False:6,12:8186,920,4
> 1:False:6,13:8186,920,7
> 2:False:6,12:8186,920,4
> 3:True:6,8:8186,920,0
> 4:False:7,14:8186,920,7
> 5:False:7,12:8186,920,5
rovers-optimal-old-noisy/100/rovers_noisy_p01_hyp-4_full_2.tar.bz2:0.652659893036:0.04962737:0.65
> 0:False:6,11:8185,917,4
> 1:False:6,13:8185,917,6
> 2:False:6,12:8185,917,3
> 3:True:6,8:8185,917,0
> 4:False:7,14:8185,917,5
> 5:False:7,13:8185,917,3
rovers-optimal-old-noisy/100/rovers_noisy_p01_hyp-4_full_3.tar.bz2:0.631623983383:0.04828286:0.63
> 0:False:6,12:8186,920,3
> 1:False:6,13:8186,920,7
> 2:False:6,12:8186,920,3
> 3:True:6,8:8186,920,0
> 4:False:7,14:8186,920,5
> 5:False:7,12:8186,920,4
rovers-optimal-old-noisy/100/rovers_noisy_p02_hyp-1_full_1.tar.bz2:0.766643047333:0.0756404:0.76
> 0:True:7,11:16065,1508,0
> 1:False:7,16:16065,1508,8
> 2:False:8,13:16065,1508,2
> 3:False:7,14:16065,1508,6
> 4:False:8,18:16065,1508,11
> 5:False:7,15:16065,1508,5
rovers-optimal-old-noisy/100/rovers_noisy_p02_hyp-1_full_2.tar.bz2:0.74706196785:0.0725942:0.74
> 0:True:7,12:16066,1511,5
> 1:False:7,16:16066,1511,6
> 2:True:8,13:16066,1511,2
> 3:False:7,14:16066,1511,4
> 4:False:8,17:16066,1511,12
> 5:False:7,14:16066,1511,4
rovers-optimal-old-noisy/100/rovers_noisy_p02_hyp-1_full_3.tar.bz2:0.75337600708:0.0758799:0.76
> 0:True:7,11:16065,1508,0
> 1:False:7,16:16065,1508,9
> 2:False:8,13:16065,1508,4
> 3:False:7,14:16065,1508,6
> 4:False:8,18:16065,1508,11
> 5:False:7,15:16065,1508,6
rovers-optimal-old-noisy/100/rovers_noisy_p02_hyp-2_full_1.tar.bz2:0.748349189758:0.0797421:0.75
> 0:False:7,17:16067,1514,8
> 1:True:7,13:16067,1514,0
> 2:False:8,17:16067,1514,8
> 3:False:7,14:16067,1514,1
> 4:False:8,15:16067,1514,6
> 5:False:7,18:16067,1514,12
rovers-optimal-old-noisy/100/rovers_noisy_p02_hyp-2_full_2.tar.bz2:0.760322809219:0.0784906:0.76
> 0:False:7,16:16068,1517,7
> 1:True:7,13:16068,1517,0
> 2:False:8,17:16068,1517,8
> 3:False:7,14:16068,1517,3
> 4:False:8,15:16068,1517,8
> 5:False:7,18:16068,1517,14
rovers-optimal-old-noisy/100/rovers_noisy_p02_hyp-2_full_3.tar.bz2:0.779093027115:0.0859159:0.78
> 0:False:7,17:16067,1514,8
> 1:True:7,13:16067,1514,0
> 2:False:8,17:16067,1514,8
> 3:False:7,14:16067,1514,5
> 4:False:8,15:16067,1514,9
> 5:False:7,18:16067,1514,13
rovers-optimal-old-noisy/100/rovers_noisy_p02_hyp-3_full_1.tar.bz2:0.752571105957:0.0835632:0.76
> 0:False:7,14:16068,1517,9
> 1:False:7,17:16068,1517,14
> 2:True:8,12:16068,1517,6
> 3:False:7,15:16068,1517,12
> 4:False:8,17:16068,1517,11
> 5:False:7,15:16068,1517,8
rovers-optimal-old-noisy/100/rovers_noisy_p02_hyp-3_full_2.tar.bz2:0.7618060112:0.0783815:0.77
> 0:False:7,14:16066,1511,4
> 1:False:7,17:16066,1511,10
> 2:True:8,12:16066,1511,0
> 3:False:7,15:16066,1511,8
> 4:False:8,17:16066,1511,9
> 5:False:7,15:16066,1511,6
rovers-optimal-old-noisy/100/rovers_noisy_p02_hyp-3_full_3.tar.bz2:0.755286931992:0.0773874:0.75
> 0:False:7,14:16066,1511,5
> 1:False:7,17:16066,1511,10
> 2:True:8,12:16066,1511,0
> 3:False:7,15:16066,1511,8
> 4:False:8,17:16066,1511,9
> 5:False:7,15:16066,1511,6
rovers-optimal-old-noisy/100/rovers_noisy_p02_hyp-4_full_1.tar.bz2:0.755705833435:0.0773359:0.76
> 0:False:7,15:16067,1514,5
> 1:False:7,14:16067,1514,5
> 2:False:8,15:16067,1514,5
> 3:True:7,13:16067,1514,4
> 4:False:8,17:16067,1514,9
> 5:False:7,18:16067,1514,11
rovers-optimal-old-noisy/100/rovers_noisy_p02_hyp-4_full_2.tar.bz2:0.757294893265:0.0848491:0.76
> 0:False:7,15:16067,1514,6
> 1:False:7,14:16067,1514,4
> 2:False:8,15:16067,1514,6
> 3:True:7,12:16067,1514,0
> 4:False:8,17:16067,1514,11
> 5:False:7,18:16067,1514,13
rovers-optimal-old-noisy/100/rovers_noisy_p02_hyp-4_full_3.tar.bz2:0.758054971695:0.0790702:0.76
> 0:False:7,15:16066,1511,11
> 1:False:7,15:16066,1511,10
> 2:False:8,15:16066,1511,11
> 3:True:7,13:16066,1511,6
> 4:False:8,17:16066,1511,9
> 5:False:7,18:16066,1511,12
rovers-optimal-old-noisy/100/rovers_noisy_p03_hyp-1_full_1.tar.bz2:0.742226839066:0.0777457:0.75
> 0:True:7,11:16064,1505,2
> 1:False:7,16:16064,1505,9
> 2:False:7,18:16064,1505,10
> 3:False:7,14:16064,1505,5
> 4:False:8,15:16064,1505,7
> 5:False:8,17:16064,1505,8
rovers-optimal-old-noisy/100/rovers_noisy_p03_hyp-1_full_2.tar.bz2:0.738039970398:0.0781086:0.74
> 0:True:7,12:16064,1505,5
> 1:False:7,16:16064,1505,9
> 2:False:7,18:16064,1505,10
> 3:False:7,15:16064,1505,9
> 4:False:8,15:16064,1505,7
> 5:False:8,17:16064,1505,8
rovers-optimal-old-noisy/100/rovers_noisy_p03_hyp-1_full_3.tar.bz2:0.748082876205:0.0800758:0.74
> 0:True:7,11:16064,1505,5
> 1:False:7,16:16064,1505,9
> 2:False:7,18:16064,1505,10
> 3:False:7,15:16064,1505,9
> 4:False:8,15:16064,1505,6
> 5:False:8,17:16064,1505,8
rovers-optimal-old-noisy/100/rovers_noisy_p03_hyp-2_full_1.tar.bz2:0.757090091705:0.0795002:0.76
> 0:False:7,16:16065,1508,9
> 1:True:7,12:16065,1508,0
> 2:False:7,16:16065,1508,4
> 3:False:7,15:16065,1508,5
> 4:False:8,15:16065,1508,4
> 5:False:8,18:16065,1508,11
rovers-optimal-old-noisy/100/rovers_noisy_p03_hyp-2_full_2.tar.bz2:0.738713026047:0.0796003:0.75
> 0:False:7,16:16067,1514,11
> 1:True:7,12:16067,1514,1
> 2:False:7,16:16067,1514,6
> 3:False:7,15:16067,1514,7
> 4:False:8,15:16067,1514,6
> 5:False:8,18:16067,1514,13
rovers-optimal-old-noisy/100/rovers_noisy_p03_hyp-2_full_3.tar.bz2:0.750746011734:0.0777741:0.74
> 0:False:7,16:16066,1511,10
> 1:True:7,13:16066,1511,2
> 2:False:7,16:16066,1511,7
> 3:False:7,15:16066,1511,7
> 4:False:8,15:16066,1511,8
> 5:False:8,19:16066,1511,12
rovers-optimal-old-noisy/100/rovers_noisy_p03_hyp-3_full_1.tar.bz2:0.746590852737:0.0769803:0.74
> 0:False:7,18:16066,1511,12
> 1:False:7,15:16066,1511,7
> 2:True:7,13:16066,1511,0
> 3:False:7,15:16066,1511,3
> 4:False:8,18:16066,1511,12
> 5:False:8,17:16066,1511,12
rovers-optimal-old-noisy/100/rovers_noisy_p03_hyp-3_full_2.tar.bz2:0.752213001251:0.0811009:0.75
> 0:False:7,18:16068,1517,14
> 1:False:7,15:16068,1517,9
> 2:True:7,12:16068,1517,0
> 3:False:7,15:16068,1517,9
> 4:False:8,18:16068,1517,14
> 5:False:8,17:16068,1517,10
rovers-optimal-old-noisy/100/rovers_noisy_p03_hyp-3_full_3.tar.bz2:0.739623069763:0.0765245:0.73
> 0:False:7,17:16068,1517,14
> 1:False:7,15:16068,1517,7
> 2:True:7,13:16068,1517,0
> 3:False:7,15:16068,1517,6
> 4:False:8,18:16068,1517,13
> 5:False:8,17:16068,1517,9
rovers-optimal-old-noisy/100/rovers_noisy_p03_hyp-4_full_1.tar.bz2:0.749498844147:0.0812812:0.75
> 0:False:7,14:16065,1508,5
> 1:False:7,14:16065,1508,6
> 2:False:7,15:16065,1508,5
> 3:True:7,11:16065,1508,2
> 4:False:8,16:16065,1508,9
> 5:False:8,18:16065,1508,11
rovers-optimal-old-noisy/100/rovers_noisy_p03_hyp-4_full_2.tar.bz2:0.744328975677:0.0764743:0.74
> 0:False:7,14:16065,1508,5
> 1:False:7,14:16065,1508,5
> 2:False:7,15:16065,1508,7
> 3:True:7,11:16065,1508,1
> 4:False:8,16:16065,1508,9
> 5:False:8,18:16065,1508,11
rovers-optimal-old-noisy/100/rovers_noisy_p03_hyp-4_full_3.tar.bz2:0.757117033005:0.0803899:0.75
> 0:False:7,14:16065,1508,4
> 1:False:7,14:16065,1508,4
> 2:False:7,15:16065,1508,3
> 3:True:7,11:16065,1508,0
> 4:False:8,16:16065,1508,9
> 5:False:8,18:16065,1508,11
