satellite-optimal-old-noisy/10/satellite_noisy_p01_hyp-1_10_1.tar.bz2:0.443065881729:0.01573173:0.44
> 0:True:5,6:199,31
> 1:True:4,5:197,27
> 2:True:5,6:199,31
> 3:True:5,6:199,31
> 4:True:5,6:199,31
> 5:True:5,6:199,31
satellite-optimal-old-noisy/10/satellite_noisy_p01_hyp-1_10_2.tar.bz2:0.447144985199:0.02015724:0.45
> 0:True:5,6:303,88
> 1:True:4,5:301,84
> 2:True:5,6:303,88
> 3:True:5,6:303,88
> 4:True:5,6:303,88
> 5:True:5,6:303,88
satellite-optimal-old-noisy/10/satellite_noisy_p01_hyp-1_10_3.tar.bz2:0.451940059662:0.02503082:0.46
> 0:False:5,6:388,247
> 1:False:4,5:386,243
> 2:False:5,6:388,247
> 3:False:5,6:388,247
> 4:False:5,6:388,247
> 5:True:5,5:388,247
satellite-optimal-old-noisy/10/satellite_noisy_p01_hyp-2_10_1.tar.bz2:0.462669849396:0.03389689:0.46
> 0:False:5,6:480,366
> 1:True:4,4:478,362
> 2:False:5,6:480,366
> 3:True:5,5:480,366
> 4:True:5,5:480,366
> 5:False:5,6:480,366
satellite-optimal-old-noisy/10/satellite_noisy_p01_hyp-2_10_2.tar.bz2:0.46253490448:0.03360512:0.46
> 0:False:5,6:481,367
> 1:True:4,4:479,363
> 2:False:5,6:481,367
> 3:True:5,5:481,367
> 4:True:5,5:481,367
> 5:False:5,6:481,367
satellite-optimal-old-noisy/10/satellite_noisy_p01_hyp-2_10_3.tar.bz2:0.451457023621:0.02541955:0.45
> 0:True:5,6:298,142
> 1:True:4,5:296,138
> 2:True:5,6:298,142
> 3:True:5,6:298,142
> 4:True:5,6:298,142
> 5:True:5,6:298,142
satellite-optimal-old-noisy/10/satellite_noisy_p01_hyp-3_10_1.tar.bz2:0.449490070343:0.02086994:0.45
> 0:True:5,6:303,88
> 1:True:4,5:301,84
> 2:True:5,6:303,88
> 3:True:5,6:303,88
> 4:True:5,6:303,88
> 5:True:5,6:303,88
satellite-optimal-old-noisy/10/satellite_noisy_p01_hyp-3_10_2.tar.bz2:0.463650941849:0.03409847:0.46
> 0:True:5,5:479,365
> 1:False:4,5:477,361
> 2:True:5,5:479,365
> 3:True:5,5:479,365
> 4:False:5,6:479,365
> 5:False:5,6:479,365
satellite-optimal-old-noisy/10/satellite_noisy_p01_hyp-3_10_3.tar.bz2:0.440667152405:0.01510511:0.44
> 0:True:5,6:198,29
> 1:True:4,5:196,25
> 2:True:5,6:198,29
> 3:True:5,6:198,29
> 4:True:5,6:198,29
> 5:True:5,6:198,29
satellite-optimal-old-noisy/10/satellite_noisy_p01_hyp-4_10_1.tar.bz2:0.464186906815:0.03636382:0.47
> 0:True:5,5:559,372
> 1:False:4,5:557,368
> 2:False:5,6:559,372
> 3:True:5,5:559,372
> 4:False:5,6:559,372
> 5:False:5,6:559,372
satellite-optimal-old-noisy/10/satellite_noisy_p01_hyp-4_10_2.tar.bz2:0.449233055115:0.02260474:0.45
> 0:True:5,6:363,204
> 1:False:4,6:361,200
> 2:False:5,7:363,204
> 3:False:5,7:363,204
> 4:False:5,7:363,204
> 5:True:5,6:363,204
satellite-optimal-old-noisy/10/satellite_noisy_p01_hyp-4_10_3.tar.bz2:0.450391054153:0.02324552:0.46
> 0:False:5,8:332,174
> 1:True:4,6:330,170
> 2:False:5,8:332,174
> 3:True:5,7:332,174
> 4:True:5,7:332,174
> 5:False:5,8:332,174
satellite-optimal-old-noisy/10/satellite_noisy_p02_hyp-1_10_1.tar.bz2:0.418957948685:0.02066865:0.42
> 0:True:5,6:331,187
> 1:False:5,7:331,187
> 2:False:5,7:331,187
> 3:False:5,7:331,187
> 4:True:5,6:331,187
> 5:False:5,7:331,187
satellite-optimal-old-noisy/10/satellite_noisy_p02_hyp-1_10_2.tar.bz2:0.415092945099:0.0173556:0.41
> 0:True:5,7:198,113
> 1:True:5,7:198,113
> 2:True:5,7:198,113
> 3:True:5,7:198,113
> 4:True:5,7:198,113
> 5:True:5,7:198,113
satellite-optimal-old-noisy/10/satellite_noisy_p02_hyp-1_10_3.tar.bz2:0.419757127762:0.02071334:0.41
> 0:True:5,6:291,214
> 1:False:5,7:291,214
> 2:False:5,7:291,214
> 3:True:5,6:291,214
> 4:True:5,6:291,214
> 5:False:5,7:291,214
satellite-optimal-old-noisy/10/satellite_noisy_p02_hyp-2_10_1.tar.bz2:0.41796708107:0.01883948:0.42
> 0:True:5,6:309,197
> 1:True:5,6:309,197
> 2:False:5,7:309,197
> 3:True:5,6:309,197
> 4:True:5,6:309,197
> 5:True:5,6:309,197
satellite-optimal-old-noisy/10/satellite_noisy_p02_hyp-2_10_2.tar.bz2:0.430181026459:0.02996663:0.43
> 0:False:5,7:456,384
> 1:True:5,5:456,384
> 2:False:5,6:456,384
> 3:True:5,5:456,384
> 4:False:5,6:456,384
> 5:True:5,5:456,384
satellite-optimal-old-noisy/10/satellite_noisy_p02_hyp-2_10_3.tar.bz2:0.421051025391:0.02302604:0.42
> 0:False:5,6:291,237
> 1:True:5,5:291,237
> 2:False:5,6:291,237
> 3:True:5,5:291,237
> 4:True:5,5:291,237
> 5:False:5,6:291,237
satellite-optimal-old-noisy/10/satellite_noisy_p02_hyp-3_10_1.tar.bz2:0.416812896729:0.01890677:0.42
> 0:True:5,7:208,101
> 1:True:5,7:208,101
> 2:True:5,7:208,101
> 3:True:5,7:208,101
> 4:True:5,7:208,101
> 5:True:5,7:208,101
satellite-optimal-old-noisy/10/satellite_noisy_p02_hyp-3_10_2.tar.bz2:0.420248031616:0.02235032:0.42
> 0:True:5,6:288,224
> 1:False:5,7:288,224
> 2:True:5,6:288,224
> 3:False:5,7:288,224
> 4:False:5,7:288,224
> 5:True:5,6:288,224
satellite-optimal-old-noisy/10/satellite_noisy_p02_hyp-3_10_3.tar.bz2:0.408643960953:0.01254232:0.41
> 0:False:5,7:241,164
> 1:True:5,6:241,164
> 2:True:5,6:241,164
> 3:False:5,7:241,164
> 4:False:5,7:241,164
> 5:True:5,6:241,164
satellite-optimal-old-noisy/10/satellite_noisy_p02_hyp-4_10_1.tar.bz2:0.420470952988:0.02258291:0.42
> 0:False:5,6:323,260
> 1:True:5,5:323,260
> 2:False:5,7:323,260
> 3:True:5,5:323,260
> 4:True:5,5:323,260
> 5:False:5,6:323,260
satellite-optimal-old-noisy/10/satellite_noisy_p02_hyp-4_10_2.tar.bz2:0.406090021133:0.01038974:0.41
> 0:True:5,7:114,26
> 1:True:5,7:114,26
> 2:True:5,7:114,26
> 3:True:5,7:114,26
> 4:True:5,7:114,26
> 5:True:5,7:114,26
satellite-optimal-old-noisy/10/satellite_noisy_p02_hyp-4_10_3.tar.bz2:0.418934106827:0.01997749:0.43
> 0:False:5,7:242,166
> 1:True:5,6:242,166
> 2:False:5,7:242,166
> 3:True:5,6:242,166
> 4:True:5,6:242,166
> 5:False:5,7:242,166
satellite-optimal-old-noisy/10/satellite_noisy_p03_hyp-1_10_1.tar.bz2:0.390935897827:0.01251978:0.39
> 0:True:4,5:56,20
> 1:False:4,6:56,20
> 2:False:3,5:56,20
> 3:True:4,5:56,20
> 4:False:4,6:56,20
> 5:False:3,5:56,20
satellite-optimal-old-noisy/10/satellite_noisy_p03_hyp-1_10_2.tar.bz2:0.399338960648:0.01805187:0.4
> 0:True:4,4:169,156
> 1:True:4,4:169,156
> 2:True:3,3:169,156
> 3:True:4,4:169,156
> 4:True:4,4:169,156
> 5:True:3,3:169,156
satellite-optimal-old-noisy/10/satellite_noisy_p03_hyp-1_10_3.tar.bz2:0.39636182785:0.01593762:0.39
> 0:True:4,5:129,97
> 1:True:4,5:129,97
> 2:True:3,4:129,97
> 3:True:4,5:129,97
> 4:True:4,5:129,97
> 5:True:3,4:129,97
satellite-optimal-old-noisy/10/satellite_noisy_p03_hyp-2_10_1.tar.bz2:0.391960144043:0.01270695:0.39
> 0:True:4,5:56,20
> 1:False:4,6:56,20
> 2:False:3,5:56,20
> 3:True:4,5:56,20
> 4:False:4,6:56,20
> 5:False:3,5:56,20
satellite-optimal-old-noisy/10/satellite_noisy_p03_hyp-2_10_2.tar.bz2:0.394106864929:0.01429101:0.38
> 0:True:4,5:86,55
> 1:True:4,5:86,55
> 2:True:3,4:86,55
> 3:True:4,5:86,55
> 4:True:4,5:86,55
> 5:True:3,4:86,55
satellite-optimal-old-noisy/10/satellite_noisy_p03_hyp-2_10_3.tar.bz2:0.391273021698:0.01310409:0.4
> 0:True:4,5:57,23
> 1:True:4,5:57,23
> 2:False:3,5:57,23
> 3:True:4,5:57,23
> 4:True:4,5:57,23
> 5:False:3,5:57,23
satellite-optimal-old-noisy/10/satellite_noisy_p03_hyp-3_10_1.tar.bz2:0.397135972977:0.01704896:0.4
> 0:False:4,5:138,116
> 1:False:4,5:138,116
> 2:True:3,3:138,116
> 3:True:4,4:138,116
> 4:True:4,4:138,116
> 5:False:3,4:138,116
satellite-optimal-old-noisy/10/satellite_noisy_p03_hyp-3_10_2.tar.bz2:0.398804187775:0.01804283:0.4
> 0:False:4,5:166,143
> 1:True:4,4:166,143
> 2:False:3,4:166,143
> 3:True:4,4:166,143
> 4:False:4,5:166,143
> 5:False:3,5:166,143
satellite-optimal-old-noisy/10/satellite_noisy_p03_hyp-3_10_3.tar.bz2:0.39141201973:0.01283652:0.39
> 0:True:4,6:57,21
> 1:True:4,6:57,21
> 2:True:3,5:57,21
> 3:True:4,6:57,21
> 4:True:4,6:57,21
> 5:True:3,5:57,21
satellite-optimal-old-noisy/10/satellite_noisy_p03_hyp-4_10_1.tar.bz2:0.39834189415:0.01861027:0.39
> 0:True:4,4:169,156
> 1:True:4,4:169,156
> 2:True:3,3:169,156
> 3:True:4,4:169,156
> 4:True:4,4:169,156
> 5:True:3,3:169,156
satellite-optimal-old-noisy/10/satellite_noisy_p03_hyp-4_10_2.tar.bz2:0.396376848221:0.01544356:0.4
> 0:True:4,4:104,79
> 1:True:4,4:104,79
> 2:False:3,4:104,79
> 3:True:4,4:104,79
> 4:False:4,5:104,79
> 5:True:3,3:104,79
satellite-optimal-old-noisy/10/satellite_noisy_p03_hyp-4_10_3.tar.bz2:0.397097826004:0.01607704:0.4
> 0:True:4,5:129,97
> 1:True:4,5:129,97
> 2:True:3,4:129,97
> 3:True:4,5:129,97
> 4:True:4,5:129,97
> 5:True:3,4:129,97
satellite-optimal-old-noisy/30/satellite_noisy_p01_hyp-1_30_1.tar.bz2:0.476150035858:0.04592464:0.48
> 0:True:5,7:827,469
> 1:False:4,7:825,465
> 2:True:5,7:827,469
> 3:True:5,7:827,469
> 4:False:5,8:827,469
> 5:False:5,8:827,469
satellite-optimal-old-noisy/30/satellite_noisy_p01_hyp-1_30_2.tar.bz2:0.473037004471:0.03986465:0.47
> 0:True:5,6:603,426
> 1:False:4,6:601,422
> 2:False:5,8:603,426
> 3:False:5,7:603,426
> 4:False:5,7:603,426
> 5:False:5,7:603,426
satellite-optimal-old-noisy/30/satellite_noisy_p01_hyp-1_30_3.tar.bz2:0.451026916504:0.02406795:0.46
> 0:True:5,8:362,202
> 1:True:4,7:360,198
> 2:False:5,9:362,202
> 3:True:5,8:362,202
> 4:False:5,9:362,202
> 5:False:5,9:362,202
satellite-optimal-old-noisy/30/satellite_noisy_p01_hyp-2_30_1.tar.bz2:0.459074020386:0.0324927:0.46
> 0:True:5,7:398,200
> 1:True:4,6:396,196
> 2:False:5,8:398,200
> 3:True:5,7:398,200
> 4:True:5,7:398,200
> 5:True:5,7:398,200
satellite-optimal-old-noisy/30/satellite_noisy_p01_hyp-2_30_2.tar.bz2:0.475224018097:0.04431806:0.48
> 0:True:5,8:784,443
> 1:True:4,7:782,439
> 2:False:5,9:784,443
> 3:True:5,8:784,443
> 4:True:5,8:784,443
> 5:True:5,8:784,443
satellite-optimal-old-noisy/30/satellite_noisy_p01_hyp-2_30_3.tar.bz2:0.467288017273:0.03759151:0.47
> 0:False:5,8:520,381
> 1:True:4,6:518,377
> 2:False:5,8:520,381
> 3:True:5,7:520,381
> 4:True:5,7:520,381
> 5:False:5,8:520,381
satellite-optimal-old-noisy/30/satellite_noisy_p01_hyp-3_30_1.tar.bz2:0.456733942032:0.02701562:0.45
> 0:False:5,8:423,274
> 1:False:4,7:421,270
> 2:True:5,6:423,274
> 3:False:5,8:423,274
> 4:False:5,7:423,274
> 5:True:5,6:423,274
satellite-optimal-old-noisy/30/satellite_noisy_p01_hyp-3_30_2.tar.bz2:0.467487096786:0.03583811:0.46
> 0:False:5,7:572,458
> 1:False:4,6:570,454
> 2:True:5,6:572,458
> 3:True:5,6:572,458
> 4:False:5,8:572,458
> 5:False:5,7:572,458
satellite-optimal-old-noisy/30/satellite_noisy_p01_hyp-3_30_3.tar.bz2:0.464627027512:0.03602451:0.47
> 0:False:5,7:544,355
> 1:False:4,7:542,351
> 2:True:5,6:544,355
> 3:False:5,7:544,355
> 4:False:5,8:544,355
> 5:False:5,7:544,355
satellite-optimal-old-noisy/30/satellite_noisy_p01_hyp-4_30_1.tar.bz2:0.472058057785:0.04205774:0.47
> 0:False:5,9:636,392
> 1:False:4,8:634,388
> 2:True:5,8:636,392
> 3:True:5,8:636,392
> 4:False:5,10:636,392
> 5:False:5,10:636,392
satellite-optimal-old-noisy/30/satellite_noisy_p01_hyp-4_30_2.tar.bz2:0.454258918762:0.02626102:0.45
> 0:True:5,8:423,273
> 1:True:4,7:421,269
> 2:False:5,10:423,273
> 3:True:5,8:423,273
> 4:True:5,8:423,273
> 5:True:5,8:423,273
satellite-optimal-old-noisy/30/satellite_noisy_p01_hyp-4_30_3.tar.bz2:0.469123125076:0.03926095:0.48
> 0:True:5,8:637,393
> 1:False:4,8:635,389
> 2:True:5,8:637,393
> 3:True:5,8:637,393
> 4:False:5,9:637,393
> 5:False:5,9:637,393
satellite-optimal-old-noisy/30/satellite_noisy_p02_hyp-1_30_1.tar.bz2:0.421247005463:0.02285118:0.42
> 0:True:5,8:378,219
> 1:False:5,9:378,219
> 2:False:5,9:378,219
> 3:True:5,8:378,219
> 4:True:5,8:378,219
> 5:False:5,9:378,219
satellite-optimal-old-noisy/30/satellite_noisy_p02_hyp-1_30_2.tar.bz2:0.425398111343:0.02438913:0.43
> 0:True:5,7:356,295
> 1:False:5,9:356,295
> 2:False:5,8:356,295
> 3:False:5,9:356,295
> 4:False:5,8:356,295
> 5:False:5,8:356,295
satellite-optimal-old-noisy/30/satellite_noisy_p02_hyp-1_30_3.tar.bz2:0.427278995514:0.0256276:0.42
> 0:True:5,9:434,287
> 1:False:5,10:434,287
> 2:True:5,9:434,287
> 3:True:5,9:434,287
> 4:True:5,9:434,287
> 5:False:5,10:434,287
satellite-optimal-old-noisy/30/satellite_noisy_p02_hyp-2_30_1.tar.bz2:0.421291828156:0.02206431:0.42
> 0:False:5,9:293,220
> 1:True:5,8:293,220
> 2:True:5,8:293,220
> 3:False:5,9:293,220
> 4:False:5,9:293,220
> 5:True:5,8:293,220
satellite-optimal-old-noisy/30/satellite_noisy_p02_hyp-2_30_2.tar.bz2:0.428098917007:0.02664834:0.42
> 0:False:5,8:442,396
> 1:True:5,6:442,396
> 2:False:5,8:442,396
> 3:False:5,7:442,396
> 4:False:5,7:442,396
> 5:False:5,7:442,396
satellite-optimal-old-noisy/30/satellite_noisy_p02_hyp-2_30_3.tar.bz2:0.42093706131:0.02087652:0.42
> 0:False:5,9:308,233
> 1:True:5,8:308,233
> 2:True:5,8:308,233
> 3:False:5,9:308,233
> 4:False:5,9:308,233
> 5:True:5,8:308,233
satellite-optimal-old-noisy/30/satellite_noisy_p02_hyp-3_30_1.tar.bz2:0.432788848877:0.03204616:0.43
> 0:False:5,9:569,484
> 1:False:5,7:569,484
> 2:True:5,6:569,484
> 3:False:5,9:569,484
> 4:False:5,9:569,484
> 5:False:5,7:569,484
satellite-optimal-old-noisy/30/satellite_noisy_p02_hyp-3_30_2.tar.bz2:0.427000999451:0.02617033:0.43
> 0:True:5,8:434,289
> 1:False:5,9:434,289
> 2:True:5,8:434,289
> 3:False:5,9:434,289
> 4:False:5,9:434,289
> 5:True:5,8:434,289
satellite-optimal-old-noisy/30/satellite_noisy_p02_hyp-3_30_3.tar.bz2:0.423341035843:0.02387081:0.43
> 0:False:5,9:352,291
> 1:False:5,10:352,291
> 2:True:5,8:352,291
> 3:False:5,10:352,291
> 4:False:5,10:352,291
> 5:False:5,9:352,291
satellite-optimal-old-noisy/30/satellite_noisy_p02_hyp-4_30_1.tar.bz2:0.440006971359:0.0368656:0.44
> 0:False:5,8:606,490
> 1:True:5,6:606,490
> 2:False:5,8:606,490
> 3:True:5,6:606,490
> 4:False:5,7:606,490
> 5:False:5,7:606,490
satellite-optimal-old-noisy/30/satellite_noisy_p02_hyp-4_30_2.tar.bz2:0.417178153992:0.01941521:0.43
> 0:True:5,9:315,172
> 1:True:5,9:315,172
> 2:True:5,9:315,172
> 3:True:5,9:315,172
> 4:True:5,9:315,172
> 5:True:5,9:315,172
satellite-optimal-old-noisy/30/satellite_noisy_p02_hyp-4_30_3.tar.bz2:0.417401075363:0.01657745:0.41
> 0:True:5,6:384,333
> 1:False:5,8:384,333
> 2:False:5,9:384,333
> 3:True:5,6:384,333
> 4:True:5,6:384,333
> 5:False:5,8:384,333
satellite-optimal-old-noisy/30/satellite_noisy_p03_hyp-1_30_1.tar.bz2:0.404884815216:0.02364624:0.41
> 0:True:4,5:308,239
> 1:False:4,6:308,239
> 2:True:3,4:308,239
> 3:False:4,7:308,239
> 4:True:4,5:308,239
> 5:False:3,5:308,239
satellite-optimal-old-noisy/30/satellite_noisy_p03_hyp-1_30_2.tar.bz2:0.404982805252:0.02375894:0.41
> 0:True:4,6:263,181
> 1:False:4,7:263,181
> 2:False:3,7:263,181
> 3:True:4,6:263,181
> 4:False:4,8:263,181
> 5:False:3,6:263,181
satellite-optimal-old-noisy/30/satellite_noisy_p03_hyp-1_30_3.tar.bz2:0.399618864059:0.02023185:0.4
> 0:False:4,7:204,180
> 1:True:4,6:204,180
> 2:False:3,6:204,180
> 3:False:4,8:204,180
> 4:True:4,6:204,180
> 5:False:3,6:204,180
satellite-optimal-old-noisy/30/satellite_noisy_p03_hyp-2_30_1.tar.bz2:0.402038097382:0.0211129:0.41
> 0:True:4,7:231,159
> 1:True:4,7:231,159
> 2:True:3,6:231,159
> 3:False:4,8:231,159
> 4:True:4,7:231,159
> 5:True:3,6:231,159
satellite-optimal-old-noisy/30/satellite_noisy_p03_hyp-2_30_2.tar.bz2:0.401332855225:0.02114218:0.39
> 0:False:4,8:213,192
> 1:True:4,7:213,192
> 2:False:3,7:213,192
> 3:False:4,8:213,192
> 4:False:4,8:213,192
> 5:False:3,7:213,192
satellite-optimal-old-noisy/30/satellite_noisy_p03_hyp-2_30_3.tar.bz2:0.403809070587:0.02330613:0.41
> 0:True:4,7:194,112
> 1:False:4,8:194,112
> 2:False:3,7:194,112
> 3:True:4,7:194,112
> 4:False:4,8:194,112
> 5:False:3,7:194,112
satellite-optimal-old-noisy/30/satellite_noisy_p03_hyp-3_30_1.tar.bz2:0.400115966797:0.01956724:0.4
> 0:True:4,7:168,146
> 1:True:4,7:168,146
> 2:True:3,6:168,146
> 3:False:4,8:168,146
> 4:True:4,7:168,146
> 5:True:3,6:168,146
satellite-optimal-old-noisy/30/satellite_noisy_p03_hyp-3_30_2.tar.bz2:0.402820110321:0.0224725:0.41
> 0:True:4,6:253,244
> 1:False:4,7:253,244
> 2:False:3,6:253,244
> 3:True:4,6:253,244
> 4:True:4,6:253,244
> 5:False:3,7:253,244
satellite-optimal-old-noisy/30/satellite_noisy_p03_hyp-3_30_3.tar.bz2:0.400918006897:0.01949462:0.4
> 0:False:4,7:168,147
> 1:False:4,7:168,147
> 2:False:3,6:168,147
> 3:True:4,6:168,147
> 4:True:4,6:168,147
> 5:False:3,7:168,147
satellite-optimal-old-noisy/30/satellite_noisy_p03_hyp-4_30_1.tar.bz2:0.40358710289:0.02249543:0.4
> 0:True:4,7:204,182
> 1:False:4,8:204,182
> 2:False:3,7:204,182
> 3:False:4,8:204,182
> 4:False:4,8:204,182
> 5:False:3,7:204,182
satellite-optimal-old-noisy/30/satellite_noisy_p03_hyp-4_30_2.tar.bz2:0.405992984772:0.0242717:0.41
> 0:False:4,7:308,240
> 1:True:4,6:308,240
> 2:True:3,5:308,240
> 3:True:4,6:308,240
> 4:True:4,6:308,240
> 5:False:3,7:308,240
satellite-optimal-old-noisy/30/satellite_noisy_p03_hyp-4_30_3.tar.bz2:0.4030148983:0.02268298:0.4
> 0:True:4,8:199,133
> 1:True:4,8:199,133
> 2:False:3,8:199,133
> 3:True:4,8:199,133
> 4:True:4,8:199,133
> 5:False:3,8:199,133
satellite-optimal-old-noisy/50/satellite_noisy_p01_hyp-1_50_1.tar.bz2:0.492819070816:0.05798501:0.5
> 0:True:5,6:1134,748
> 1:False:4,7:1132,744
> 2:False:5,8:1134,748
> 3:False:5,7:1134,748
> 4:False:5,8:1134,748
> 5:False:5,8:1134,748
satellite-optimal-old-noisy/50/satellite_noisy_p01_hyp-1_50_2.tar.bz2:0.477845191956:0.04636774:0.48
> 0:True:5,6:826,582
> 1:False:4,7:824,578
> 2:False:5,8:826,582
> 3:False:5,7:826,582
> 4:False:5,8:826,582
> 5:False:5,8:826,582
satellite-optimal-old-noisy/50/satellite_noisy_p01_hyp-1_50_3.tar.bz2:0.465312004089:0.03774522:0.46
> 0:False:5,8:644,378
> 1:False:4,7:642,374
> 2:False:5,8:644,378
> 3:True:5,7:644,378
> 4:False:5,9:644,378
> 5:False:5,9:644,378
satellite-optimal-old-noisy/50/satellite_noisy_p01_hyp-2_50_1.tar.bz2:0.477715015411:0.04362697:0.48
> 0:False:5,9:771,433
> 1:True:4,6:769,429
> 2:False:5,8:771,433
> 3:True:5,7:771,433
> 4:False:5,9:771,433
> 5:False:5,9:771,433
satellite-optimal-old-noisy/50/satellite_noisy_p01_hyp-2_50_2.tar.bz2:0.472306013107:0.03964278:0.48
> 0:True:5,7:734,480
> 1:True:4,6:732,476
> 2:False:5,9:734,480
> 3:True:5,7:734,480
> 4:True:5,7:734,480
> 5:True:5,7:734,480
satellite-optimal-old-noisy/50/satellite_noisy_p01_hyp-2_50_3.tar.bz2:0.467706203461:0.03903274:0.47
> 0:False:5,9:573,324
> 1:True:4,7:571,320
> 2:True:5,8:573,324
> 3:True:5,8:573,324
> 4:False:5,9:573,324
> 5:False:5,9:573,324
satellite-optimal-old-noisy/50/satellite_noisy_p01_hyp-3_50_1.tar.bz2:0.4530210495:0.02563961:0.46
> 0:False:5,9:389,231
> 1:True:4,6:387,227
> 2:False:5,8:389,231
> 3:True:5,7:389,231
> 4:False:5,9:389,231
> 5:False:5,9:389,231
satellite-optimal-old-noisy/50/satellite_noisy_p01_hyp-3_50_2.tar.bz2:0.481107950211:0.04905682:0.48
> 0:False:5,8:855,713
> 1:False:4,7:853,709
> 2:True:5,6:855,713
> 3:False:5,7:855,713
> 4:False:5,8:855,713
> 5:False:5,8:855,713
satellite-optimal-old-noisy/50/satellite_noisy_p01_hyp-3_50_3.tar.bz2:0.477267980576:0.04606986:0.48
> 0:True:5,9:833,415
> 1:True:4,8:831,411
> 2:True:5,9:833,415
> 3:True:5,9:833,415
> 4:True:5,9:833,415
> 5:True:5,9:833,415
satellite-optimal-old-noisy/50/satellite_noisy_p01_hyp-4_50_1.tar.bz2:0.496678113937:0.06106938:0.5
> 0:True:5,9:1313,971
> 1:False:4,9:1311,967
> 2:False:5,10:1313,971
> 3:True:5,9:1313,971
> 4:False:5,10:1313,971
> 5:True:5,9:1313,971
satellite-optimal-old-noisy/50/satellite_noisy_p01_hyp-4_50_2.tar.bz2:0.514553070068:0.0763741:0.52
> 0:False:5,9:1381,1226
> 1:False:4,8:1379,1222
> 2:False:5,10:1381,1226
> 3:True:5,8:1381,1226
> 4:False:5,9:1381,1226
> 5:False:5,10:1381,1226
satellite-optimal-old-noisy/50/satellite_noisy_p01_hyp-4_50_3.tar.bz2:0.491101026535:0.05871944:0.48
> 0:False:5,10:982,677
> 1:True:4,8:980,673
> 2:False:5,11:982,677
> 3:True:5,9:982,677
> 4:False:5,10:982,677
> 5:False:5,10:982,677
satellite-optimal-old-noisy/50/satellite_noisy_p02_hyp-1_50_1.tar.bz2:0.434636116028:0.03307283:0.43
> 0:True:5,10:605,456
> 1:False:5,12:605,456
> 2:False:5,12:605,456
> 3:True:5,10:605,456
> 4:True:5,10:605,456
> 5:False:5,12:605,456
satellite-optimal-old-noisy/50/satellite_noisy_p02_hyp-1_50_2.tar.bz2:0.429347038269:0.02821257:0.43
> 0:True:5,11:507,344
> 1:False:5,12:507,344
> 2:False:5,13:507,344
> 3:True:5,11:507,344
> 4:True:5,11:507,344
> 5:False:5,12:507,344
satellite-optimal-old-noisy/50/satellite_noisy_p02_hyp-1_50_3.tar.bz2:0.433646917343:0.0323937:0.43
> 0:True:5,10:581,434
> 1:False:5,12:581,434
> 2:False:5,12:581,434
> 3:False:5,12:581,434
> 4:False:5,11:581,434
> 5:False:5,11:581,434
satellite-optimal-old-noisy/50/satellite_noisy_p02_hyp-2_50_1.tar.bz2:0.455638885498:0.05361931:0.45
> 0:True:5,10:755,606
> 1:False:5,11:755,606
> 2:False:5,12:755,606
> 3:True:5,10:755,606
> 4:True:5,10:755,606
> 5:False:5,11:755,606
satellite-optimal-old-noisy/50/satellite_noisy_p02_hyp-2_50_2.tar.bz2:0.433251857758:0.03125998:0.43
> 0:False:5,12:543,522
> 1:True:5,9:543,522
> 2:False:5,11:543,522
> 3:False:5,10:543,522
> 4:False:5,11:543,522
> 5:False:5,10:543,522
satellite-optimal-old-noisy/50/satellite_noisy_p02_hyp-2_50_3.tar.bz2:0.456627845764:0.05346623:0.46
> 0:False:5,12:755,606
> 1:True:5,10:755,606
> 2:False:5,12:755,606
> 3:False:5,11:755,606
> 4:False:5,12:755,606
> 5:True:5,10:755,606
satellite-optimal-old-noisy/50/satellite_noisy_p02_hyp-3_50_1.tar.bz2:0.429565906525:0.02825222:0.43
> 0:False:5,11:508,344
> 1:False:5,12:508,344
> 2:True:5,10:508,344
> 3:False:5,12:508,344
> 4:False:5,12:508,344
> 5:False:5,11:508,344
satellite-optimal-old-noisy/50/satellite_noisy_p02_hyp-3_50_2.tar.bz2:0.440598964691:0.03761035:0.44
> 0:False:5,10:680,693
> 1:False:5,10:680,693
> 2:True:5,8:680,693
> 3:False:5,11:680,693
> 4:False:5,11:680,693
> 5:False:5,9:680,693
satellite-optimal-old-noisy/50/satellite_noisy_p02_hyp-3_50_3.tar.bz2:0.444273948669:0.04122579:0.44
> 0:False:5,11:727,551
> 1:False:5,11:727,551
> 2:True:5,10:727,551
> 3:False:5,11:727,551
> 4:False:5,11:727,551
> 5:False:5,11:727,551
satellite-optimal-old-noisy/50/satellite_noisy_p02_hyp-4_50_1.tar.bz2:0.432193994522:0.02989362:0.42
> 0:False:5,10:534,509
> 1:False:5,10:534,509
> 2:False:5,12:534,509
> 3:True:5,9:534,509
> 4:False:5,10:534,509
> 5:False:5,10:534,509
satellite-optimal-old-noisy/50/satellite_noisy_p02_hyp-4_50_2.tar.bz2:0.442095041275:0.04089056:0.44
> 0:True:5,11:751,572
> 1:True:5,11:751,572
> 2:True:5,11:751,572
> 3:True:5,11:751,572
> 4:True:5,11:751,572
> 5:True:5,11:751,572
satellite-optimal-old-noisy/50/satellite_noisy_p02_hyp-4_50_3.tar.bz2:0.428088188171:0.02661225:0.43
> 0:False:5,12:459,416
> 1:True:5,10:459,416
> 2:False:5,13:459,416
> 3:True:5,10:459,416
> 4:False:5,11:459,416
> 5:False:5,11:459,416
satellite-optimal-old-noisy/50/satellite_noisy_p03_hyp-1_50_1.tar.bz2:0.40293097496:0.02102782:0.4
> 0:True:4,7:206,185
> 1:True:4,7:206,185
> 2:False:3,8:206,185
> 3:True:4,7:206,185
> 4:False:4,8:206,185
> 5:False:3,8:206,185
satellite-optimal-old-noisy/50/satellite_noisy_p03_hyp-1_50_2.tar.bz2:0.409661054611:0.02858677:0.42
> 0:False:4,8:289,203
> 1:False:4,8:289,203
> 2:False:3,8:289,203
> 3:True:4,7:289,203
> 4:True:4,7:289,203
> 5:False:3,8:289,203
satellite-optimal-old-noisy/50/satellite_noisy_p03_hyp-1_50_3.tar.bz2:0.410270929337:0.0276056:0.42
> 0:True:4,8:289,202
> 1:False:4,9:289,202
> 2:True:3,7:289,202
> 3:True:4,8:289,202
> 4:True:4,8:289,202
> 5:False:3,8:289,202
satellite-optimal-old-noisy/50/satellite_noisy_p03_hyp-2_50_1.tar.bz2:0.401324987411:0.02085463:0.4
> 0:False:4,8:215,194
> 1:True:4,7:215,194
> 2:False:3,8:215,194
> 3:False:4,8:215,194
> 4:False:4,8:215,194
> 5:False:3,8:215,194
satellite-optimal-old-noisy/50/satellite_noisy_p03_hyp-2_50_2.tar.bz2:0.404592990875:0.02506182:0.4
> 0:True:4,6:311,244
> 1:True:4,6:311,244
> 2:False:3,7:311,244
> 3:False:4,8:311,244
> 4:False:4,7:311,244
> 5:False:3,7:311,244
satellite-optimal-old-noisy/50/satellite_noisy_p03_hyp-2_50_3.tar.bz2:0.405030012131:0.0247653:0.4
> 0:False:4,7:311,243
> 1:True:4,6:311,243
> 2:False:3,8:311,243
> 3:False:4,8:311,243
> 4:False:4,7:311,243
> 5:False:3,7:311,243
satellite-optimal-old-noisy/50/satellite_noisy_p03_hyp-3_50_1.tar.bz2:0.403013944626:0.02329837:0.4
> 0:True:4,8:222,131
> 1:False:4,9:222,131
> 2:False:3,8:222,131
> 3:True:4,8:222,131
> 4:False:4,9:222,131
> 5:False:3,8:222,131
satellite-optimal-old-noisy/50/satellite_noisy_p03_hyp-3_50_2.tar.bz2:0.4088139534:0.02731687:0.41
> 0:True:4,7:310,243
> 1:False:4,8:310,243
> 2:True:3,6:310,243
> 3:True:4,7:310,243
> 4:True:4,7:310,243
> 5:False:3,7:310,243
satellite-optimal-old-noisy/50/satellite_noisy_p03_hyp-3_50_3.tar.bz2:0.406406879425:0.02511246:0.4
> 0:False:4,7:283,287
> 1:False:4,7:283,287
> 2:False:3,6:283,287
> 3:False:4,7:283,287
> 4:True:4,5:283,287
> 5:False:3,8:283,287
satellite-optimal-old-noisy/50/satellite_noisy_p03_hyp-4_50_1.tar.bz2:0.407039880753:0.02447058:0.4
> 0:False:4,7:289,201
> 1:True:4,6:289,201
> 2:False:3,8:289,201
> 3:False:4,7:289,201
> 4:False:4,7:289,201
> 5:False:3,7:289,201
satellite-optimal-old-noisy/50/satellite_noisy_p03_hyp-4_50_2.tar.bz2:0.403375148773:0.02141229:0.41
> 0:False:4,8:215,196
> 1:False:4,8:215,196
> 2:False:3,8:215,196
> 3:True:4,7:215,196
> 4:False:4,9:215,196
> 5:False:3,7:215,196
satellite-optimal-old-noisy/50/satellite_noisy_p03_hyp-4_50_3.tar.bz2:0.403434038162:0.02127431:0.4
> 0:False:4,8:206,187
> 1:False:4,8:206,187
> 2:False:3,8:206,187
> 3:True:4,7:206,187
> 4:False:4,9:206,187
> 5:False:3,7:206,187
satellite-optimal-old-noisy/70/satellite_noisy_p01_hyp-1_70_1.tar.bz2:0.488813877106:0.05538795:0.48
> 0:True:5,9:875,637
> 1:False:4,10:873,633
> 2:False:5,11:875,637
> 3:False:5,10:875,637
> 4:False:5,11:875,637
> 5:False:5,11:875,637
satellite-optimal-old-noisy/70/satellite_noisy_p01_hyp-1_70_2.tar.bz2:0.4886469841:0.05656222:0.49
> 0:True:5,10:1042,640
> 1:False:4,11:1040,636
> 2:False:5,13:1042,640
> 3:False:5,12:1042,640
> 4:False:5,12:1042,640
> 5:False:5,11:1042,640
satellite-optimal-old-noisy/70/satellite_noisy_p01_hyp-1_70_3.tar.bz2:0.516325950623:0.0793875:0.51
> 0:True:5,8:1608,1055
> 1:False:4,11:1606,1051
> 2:False:5,12:1608,1055
> 3:False:5,11:1608,1055
> 4:False:5,12:1608,1055
> 5:False:5,11:1608,1055
satellite-optimal-old-noisy/70/satellite_noisy_p01_hyp-2_70_1.tar.bz2:0.497903823853:0.0632191:0.5
> 0:False:5,12:1295,743
> 1:True:4,9:1293,739
> 2:False:5,11:1295,743
> 3:True:5,10:1295,743
> 4:False:5,11:1295,743
> 5:False:5,12:1295,743
satellite-optimal-old-noisy/70/satellite_noisy_p01_hyp-2_70_2.tar.bz2:0.482407808304:0.0480561:0.48
> 0:False:5,12:1087,633
> 1:True:4,8:1085,629
> 2:False:5,11:1087,633
> 3:True:5,9:1087,633
> 4:False:5,11:1087,633
> 5:False:5,12:1087,633
satellite-optimal-old-noisy/70/satellite_noisy_p01_hyp-2_70_3.tar.bz2:0.503383159637:0.0690572:0.49
> 0:False:5,12:1378,859
> 1:True:4,8:1376,855
> 2:False:5,12:1378,859
> 3:True:5,9:1378,859
> 4:False:5,11:1378,859
> 5:False:5,12:1378,859
satellite-optimal-old-noisy/70/satellite_noisy_p01_hyp-3_70_1.tar.bz2:0.492240905762:0.05957339:0.49
> 0:False:5,13:1133,686
> 1:False:4,11:1131,682
> 2:True:5,10:1133,686
> 3:False:5,12:1133,686
> 4:False:5,11:1133,686
> 5:False:5,12:1133,686
satellite-optimal-old-noisy/70/satellite_noisy_p01_hyp-3_70_2.tar.bz2:0.504984855652:0.0725194:0.51
> 0:False:5,12:1079,899
> 1:False:4,10:1077,895
> 2:True:5,10:1079,899
> 3:False:5,11:1079,899
> 4:False:5,12:1079,899
> 5:False:5,11:1079,899
satellite-optimal-old-noisy/70/satellite_noisy_p01_hyp-3_70_3.tar.bz2:0.479398965836:0.0482951:0.47
> 0:False:5,13:732,461
> 1:False:4,11:730,457
> 2:True:5,10:732,461
> 3:False:5,12:732,461
> 4:False:5,11:732,461
> 5:False:5,12:732,461
satellite-optimal-old-noisy/70/satellite_noisy_p01_hyp-4_70_1.tar.bz2:0.498951911926:0.0648032:0.49
> 0:False:5,13:1307,754
> 1:False:4,11:1305,750
> 2:False:5,12:1307,754
> 3:True:5,11:1307,754
> 4:False:5,12:1307,754
> 5:False:5,13:1307,754
satellite-optimal-old-noisy/70/satellite_noisy_p01_hyp-4_70_2.tar.bz2:0.49445104599:0.06359979:0.49
> 0:False:5,13:843,577
> 1:False:4,11:841,573
> 2:False:5,12:843,577
> 3:True:5,11:843,577
> 4:False:5,12:843,577
> 5:False:5,13:843,577
satellite-optimal-old-noisy/70/satellite_noisy_p01_hyp-4_70_3.tar.bz2:0.514705896378:0.0781803:0.52
> 0:False:5,12:1445,986
> 1:False:4,9:1443,982
> 2:False:5,11:1445,986
> 3:True:5,9:1445,986
> 4:False:5,12:1445,986
> 5:False:5,13:1445,986
satellite-optimal-old-noisy/70/satellite_noisy_p02_hyp-1_70_1.tar.bz2:0.434700012207:0.03314101:0.44
> 0:True:5,10:623,619
> 1:False:5,14:623,619
> 2:False:5,13:623,619
> 3:False:5,12:623,619
> 4:False:5,11:623,619
> 5:False:5,13:623,619
satellite-optimal-old-noisy/70/satellite_noisy_p02_hyp-1_70_2.tar.bz2:0.447418928146:0.04320293:0.45
> 0:True:5,9:770,666
> 1:False:5,13:770,666
> 2:False:5,13:770,666
> 3:False:5,11:770,666
> 4:False:5,10:770,666
> 5:False:5,12:770,666
satellite-optimal-old-noisy/70/satellite_noisy_p02_hyp-1_70_3.tar.bz2:0.430148839951:0.02791146:0.43
> 0:True:5,11:452,407
> 1:False:5,14:452,407
> 2:False:5,13:452,407
> 3:False:5,13:452,407
> 4:False:5,12:452,407
> 5:False:5,13:452,407
satellite-optimal-old-noisy/70/satellite_noisy_p02_hyp-2_70_1.tar.bz2:0.445680141449:0.04263163:0.45
> 0:False:5,14:603,455
> 1:True:5,12:603,455
> 2:False:5,14:603,455
> 3:False:5,13:603,455
> 4:False:5,13:603,455
> 5:False:5,13:603,455
satellite-optimal-old-noisy/70/satellite_noisy_p02_hyp-2_70_2.tar.bz2:0.450884819031:0.04866738:0.45
> 0:False:5,14:838,682
> 1:True:5,11:838,682
> 2:False:5,12:838,682
> 3:False:5,13:838,682
> 4:False:5,14:838,682
> 5:True:5,11:838,682
satellite-optimal-old-noisy/70/satellite_noisy_p02_hyp-2_70_3.tar.bz2:0.444351911545:0.04134007:0.45
> 0:False:5,14:693,566
> 1:True:5,11:693,566
> 2:False:5,12:693,566
> 3:False:5,13:693,566
> 4:False:5,13:693,566
> 5:False:5,12:693,566
satellite-optimal-old-noisy/70/satellite_noisy_p02_hyp-3_70_1.tar.bz2:0.457342147827:0.05199527:0.46
> 0:False:5,14:919,786
> 1:False:5,12:919,786
> 2:True:5,10:919,786
> 3:False:5,14:919,786
> 4:False:5,14:919,786
> 5:False:5,12:919,786
satellite-optimal-old-noisy/70/satellite_noisy_p02_hyp-3_70_2.tar.bz2:0.453331947327:0.04792034:0.46
> 0:False:5,12:942,948
> 1:False:5,12:942,948
> 2:True:5,9:942,948
> 3:False:5,14:942,948
> 4:False:5,13:942,948
> 5:False:5,11:942,948
satellite-optimal-old-noisy/70/satellite_noisy_p02_hyp-3_70_3.tar.bz2:0.456635951996:0.05278634:0.46
> 0:False:5,13:918,786
> 1:False:5,13:918,786
> 2:True:5,10:918,786
> 3:False:5,14:918,786
> 4:False:5,14:918,786
> 5:False:5,12:918,786
satellite-optimal-old-noisy/70/satellite_noisy_p02_hyp-4_70_1.tar.bz2:0.438997983932:0.03735801:0.44
> 0:False:5,12:682,553
> 1:False:5,12:682,553
> 2:False:5,14:682,553
> 3:True:5,11:682,553
> 4:True:5,11:682,553
> 5:False:5,13:682,553
satellite-optimal-old-noisy/70/satellite_noisy_p02_hyp-4_70_2.tar.bz2:0.449796915054:0.04622703:0.45
> 0:False:5,12:761,661
> 1:False:5,11:761,661
> 2:False:5,14:761,661
> 3:True:5,10:761,661
> 4:False:5,11:761,661
> 5:False:5,12:761,661
satellite-optimal-old-noisy/70/satellite_noisy_p02_hyp-4_70_3.tar.bz2:0.450158119202:0.04659599:0.45
> 0:False:5,12:831,675
> 1:False:5,12:831,675
> 2:False:5,13:831,675
> 3:True:5,11:831,675
> 4:False:5,12:831,675
> 5:False:5,12:831,675
satellite-optimal-old-noisy/70/satellite_noisy_p03_hyp-1_70_1.tar.bz2:0.415209054947:0.03230703:0.42
> 0:True:4,9:409,352
> 1:False:4,10:409,352
> 2:False:3,11:409,352
> 3:False:4,11:409,352
> 4:False:4,10:409,352
> 5:False:3,11:409,352
satellite-optimal-old-noisy/70/satellite_noisy_p03_hyp-1_70_2.tar.bz2:0.408246994019:0.02580506:0.4
> 0:True:4,8:322,330
> 1:False:4,10:322,330
> 2:False:3,10:322,330
> 3:False:4,10:322,330
> 4:False:4,10:322,330
> 5:False:3,10:322,330
satellite-optimal-old-noisy/70/satellite_noisy_p03_hyp-1_70_3.tar.bz2:0.40764093399:0.02556189:0.41
> 0:True:4,8:322,329
> 1:False:4,10:322,329
> 2:False:3,10:322,329
> 3:False:4,10:322,329
> 4:False:4,10:322,329
> 5:False:3,10:322,329
satellite-optimal-old-noisy/70/satellite_noisy_p03_hyp-2_70_1.tar.bz2:0.411334037781:0.02976285:0.41
> 0:False:4,10:409,352
> 1:True:4,8:409,352
> 2:False:3,11:409,352
> 3:False:4,10:409,352
> 4:False:4,10:409,352
> 5:False:3,9:409,352
satellite-optimal-old-noisy/70/satellite_noisy_p03_hyp-2_70_2.tar.bz2:0.404563903809:0.02394523:0.41
> 0:False:4,9:272,266
> 1:True:4,8:272,266
> 2:False:3,10:272,266
> 3:False:4,10:272,266
> 4:False:4,9:272,266
> 5:False:3,9:272,266
satellite-optimal-old-noisy/70/satellite_noisy_p03_hyp-2_70_3.tar.bz2:0.407181978226:0.02685869:0.4
> 0:False:4,10:359,289
> 1:True:4,8:359,289
> 2:False:3,11:359,289
> 3:False:4,9:359,289
> 4:False:4,10:359,289
> 5:False:3,9:359,289
satellite-optimal-old-noisy/70/satellite_noisy_p03_hyp-3_70_1.tar.bz2:0.416037082672:0.03198736:0.41
> 0:False:4,11:341,269
> 1:False:4,10:341,269
> 2:False:3,9:341,269
> 3:False:4,11:341,269
> 4:True:4,9:341,269
> 5:False:3,10:341,269
satellite-optimal-old-noisy/70/satellite_noisy_p03_hyp-3_70_2.tar.bz2:0.415709018707:0.03330557:0.41
> 0:True:4,10:409,354
> 1:False:4,11:409,354
> 2:True:3,9:409,354
> 3:True:4,10:409,354
> 4:True:4,10:409,354
> 5:False:3,10:409,354
satellite-optimal-old-noisy/70/satellite_noisy_p03_hyp-3_70_3.tar.bz2:0.408141851425:0.02609458:0.42
> 0:True:4,9:313,246
> 1:False:4,11:313,246
> 2:False:3,9:313,246
> 3:True:4,9:313,246
> 4:True:4,9:313,246
> 5:False:3,10:313,246
satellite-optimal-old-noisy/70/satellite_noisy_p03_hyp-4_70_1.tar.bz2:0.410067081451:0.02736721:0.41
> 0:False:4,11:340,268
> 1:False:4,11:340,268
> 2:False:3,10:340,268
> 3:True:4,10:340,268
> 4:False:4,11:340,268
> 5:False:3,10:340,268
satellite-optimal-old-noisy/70/satellite_noisy_p03_hyp-4_70_2.tar.bz2:0.421647071838:0.03982394:0.43
> 0:False:4,10:356,283
> 1:False:4,10:356,283
> 2:False:3,11:356,283
> 3:True:4,9:356,283
> 4:False:4,10:356,283
> 5:False:3,11:356,283
satellite-optimal-old-noisy/70/satellite_noisy_p03_hyp-4_70_3.tar.bz2:0.412884950638:0.0312209:0.41
> 0:False:4,11:412,361
> 1:False:4,10:412,361
> 2:False:3,9:412,361
> 3:True:4,9:412,361
> 4:False:4,10:412,361
> 5:False:3,10:412,361
satellite-optimal-old-noisy/100/satellite_noisy_p01_hyp-1_full_1.tar.bz2:0.489143848419:0.05724912:0.48
> 0:True:5,9:869,634
> 1:False:4,12:867,630
> 2:False:5,13:869,634
> 3:False:5,12:869,634
> 4:False:5,13:869,634
> 5:False:5,12:869,634
satellite-optimal-old-noisy/100/satellite_noisy_p01_hyp-1_full_2.tar.bz2:0.523239850998:0.0866379:0.52
> 0:True:5,9:1402,1209
> 1:False:4,12:1400,1205
> 2:False:5,13:1402,1209
> 3:False:5,12:1402,1209
> 4:False:5,13:1402,1209
> 5:False:5,12:1402,1209
satellite-optimal-old-noisy/100/satellite_noisy_p01_hyp-1_full_3.tar.bz2:0.529133081436:0.0895214:0.53
> 0:True:5,9:1747,1118
> 1:False:4,12:1745,1114
> 2:False:5,13:1747,1118
> 3:False:5,12:1747,1118
> 4:False:5,13:1747,1118
> 5:False:5,12:1747,1118
satellite-optimal-old-noisy/100/satellite_noisy_p01_hyp-2_full_1.tar.bz2:0.506138086319:0.070727:0.51
> 0:False:5,12:1382,867
> 1:True:4,8:1380,863
> 2:False:5,12:1382,867
> 3:True:5,9:1382,867
> 4:False:5,11:1382,867
> 5:False:5,12:1382,867
satellite-optimal-old-noisy/100/satellite_noisy_p01_hyp-2_full_2.tar.bz2:0.500710964203:0.0666585:0.5
> 0:False:5,12:1266,820
> 1:True:4,8:1264,816
> 2:False:5,12:1266,820
> 3:True:5,9:1266,820
> 4:False:5,11:1266,820
> 5:False:5,12:1266,820
satellite-optimal-old-noisy/100/satellite_noisy_p01_hyp-2_full_3.tar.bz2:0.499315977097:0.0661979:0.5
> 0:False:5,12:1266,820
> 1:True:4,8:1264,816
> 2:False:5,12:1266,820
> 3:True:5,9:1266,820
> 4:False:5,11:1266,820
> 5:False:5,12:1266,820
satellite-optimal-old-noisy/100/satellite_noisy_p01_hyp-3_full_1.tar.bz2:0.525314807892:0.0907454:0.54
> 0:False:5,13:1366,947
> 1:False:4,11:1364,943
> 2:True:5,9:1366,947
> 3:False:5,11:1366,947
> 4:False:5,12:1366,947
> 5:False:5,12:1366,947
satellite-optimal-old-noisy/100/satellite_noisy_p01_hyp-3_full_2.tar.bz2:0.497542858124:0.0647961:0.49
> 0:False:5,13:1025,791
> 1:False:4,11:1023,787
> 2:True:5,9:1025,791
> 3:False:5,11:1025,791
> 4:False:5,12:1025,791
> 5:False:5,12:1025,791
satellite-optimal-old-noisy/100/satellite_noisy_p01_hyp-3_full_3.tar.bz2:0.510279893875:0.0737281:0.51
> 0:False:5,13:1170,978
> 1:False:4,11:1168,974
> 2:True:5,9:1170,978
> 3:False:5,11:1170,978
> 4:False:5,12:1170,978
> 5:False:5,12:1170,978
satellite-optimal-old-noisy/100/satellite_noisy_p01_hyp-4_full_1.tar.bz2:0.536597013474:0.0964573:0.54
> 0:False:5,14:1858,1167
> 1:False:4,11:1856,1163
> 2:False:5,14:1858,1167
> 3:True:5,11:1858,1167
> 4:False:5,14:1858,1167
> 5:False:5,15:1858,1167
satellite-optimal-old-noisy/100/satellite_noisy_p01_hyp-4_full_2.tar.bz2:0.521282911301:0.0826051:0.52
> 0:False:5,14:1669,1086
> 1:False:4,11:1667,1082
> 2:False:5,14:1669,1086
> 3:True:5,11:1669,1086
> 4:False:5,14:1669,1086
> 5:False:5,15:1669,1086
satellite-optimal-old-noisy/100/satellite_noisy_p01_hyp-4_full_3.tar.bz2:0.528975009918:0.0900368:0.54
> 0:False:5,14:1574,1294
> 1:False:4,11:1572,1290
> 2:False:5,14:1574,1294
> 3:True:5,11:1574,1294
> 4:False:5,14:1574,1294
> 5:False:5,14:1574,1294
satellite-optimal-old-noisy/100/satellite_noisy_p02_hyp-1_full_1.tar.bz2:0.477304935455:0.0717767:0.47
> 0:True:5,12:1176,1125
> 1:False:5,15:1176,1125
> 2:False:5,14:1176,1125
> 3:False:5,14:1176,1125
> 4:False:5,13:1176,1125
> 5:False:5,14:1176,1125
satellite-optimal-old-noisy/100/satellite_noisy_p02_hyp-1_full_2.tar.bz2:0.470176935196:0.0635695:0.46
> 0:True:5,12:1100,1023
> 1:False:5,16:1100,1023
> 2:False:5,16:1100,1023
> 3:False:5,14:1100,1023
> 4:False:5,13:1100,1023
> 5:False:5,15:1100,1023
satellite-optimal-old-noisy/100/satellite_noisy_p02_hyp-1_full_3.tar.bz2:0.452630996704:0.04788335:0.46
> 0:True:5,12:856,771
> 1:False:5,16:856,771
> 2:False:5,16:856,771
> 3:False:5,14:856,771
> 4:False:5,13:856,771
> 5:False:5,15:856,771
satellite-optimal-old-noisy/100/satellite_noisy_p02_hyp-2_full_1.tar.bz2:0.45182800293:0.04724477:0.44
> 0:False:5,16:856,771
> 1:True:5,12:856,771
> 2:False:5,15:856,771
> 3:False:5,14:856,771
> 4:False:5,15:856,771
> 5:False:5,13:856,771
satellite-optimal-old-noisy/100/satellite_noisy_p02_hyp-2_full_2.tar.bz2:0.450556993484:0.04690153:0.45
> 0:False:5,16:769,661
> 1:True:5,12:769,661
> 2:False:5,15:769,661
> 3:False:5,14:769,661
> 4:False:5,15:769,661
> 5:False:5,13:769,661
satellite-optimal-old-noisy/100/satellite_noisy_p02_hyp-2_full_3.tar.bz2:0.446769952774:0.04369303:0.45
> 0:False:5,16:774,670
> 1:True:5,12:774,670
> 2:False:5,15:774,670
> 3:False:5,14:774,670
> 4:False:5,15:774,670
> 5:False:5,13:774,670
satellite-optimal-old-noisy/100/satellite_noisy_p02_hyp-3_full_1.tar.bz2:0.452734947205:0.0500468:0.45
> 0:False:5,16:847,762
> 1:False:5,15:847,762
> 2:True:5,12:847,762
> 3:False:5,17:847,762
> 4:False:5,17:847,762
> 5:False:5,14:847,762
satellite-optimal-old-noisy/100/satellite_noisy_p02_hyp-3_full_2.tar.bz2:0.463711977005:0.05913256:0.47
> 0:False:5,16:1014,907
> 1:False:5,15:1014,907
> 2:True:5,12:1014,907
> 3:False:5,17:1014,907
> 4:False:5,17:1014,907
> 5:False:5,14:1014,907
satellite-optimal-old-noisy/100/satellite_noisy_p02_hyp-3_full_3.tar.bz2:0.459680080414:0.05570742:0.45
> 0:False:5,16:926,799
> 1:False:5,15:926,799
> 2:True:5,12:926,799
> 3:False:5,17:926,799
> 4:False:5,17:926,799
> 5:False:5,14:926,799
satellite-optimal-old-noisy/100/satellite_noisy_p02_hyp-4_full_1.tar.bz2:0.456556081772:0.05375586:0.45
> 0:False:5,14:937,877
> 1:False:5,14:937,877
> 2:False:5,16:937,877
> 3:True:5,12:937,877
> 4:False:5,13:937,877
> 5:False:5,15:937,877
satellite-optimal-old-noisy/100/satellite_noisy_p02_hyp-4_full_2.tar.bz2:0.449937820435:0.04530841:0.44
> 0:False:5,14:769,660
> 1:False:5,14:769,660
> 2:False:5,17:769,660
> 3:True:5,12:769,660
> 4:False:5,13:769,660
> 5:False:5,15:769,660
satellite-optimal-old-noisy/100/satellite_noisy_p02_hyp-4_full_3.tar.bz2:0.444046974182:0.04206457:0.44
> 0:False:5,14:745,637
> 1:False:5,14:745,637
> 2:False:5,17:745,637
> 3:True:5,12:745,637
> 4:False:5,13:745,637
> 5:False:5,15:745,637
satellite-optimal-old-noisy/100/satellite_noisy_p03_hyp-1_full_1.tar.bz2:0.41420507431:0.03115237:0.42
> 0:True:4,8:414,363
> 1:False:4,10:414,363
> 2:False:3,10:414,363
> 3:False:4,10:414,363
> 4:False:4,10:414,363
> 5:False:3,10:414,363
satellite-optimal-old-noisy/100/satellite_noisy_p03_hyp-1_full_2.tar.bz2:0.4156498909:0.03337189:0.42
> 0:True:4,8:411,357
> 1:False:4,10:411,357
> 2:False:3,10:411,357
> 3:False:4,10:411,357
> 4:False:4,10:411,357
> 5:False:3,10:411,357
satellite-optimal-old-noisy/100/satellite_noisy_p03_hyp-1_full_3.tar.bz2:0.412586927414:0.02978063:0.42
> 0:True:4,8:411,355
> 1:False:4,10:411,355
> 2:False:3,10:411,355
> 3:False:4,10:411,355
> 4:False:4,10:411,355
> 5:False:3,10:411,355
satellite-optimal-old-noisy/100/satellite_noisy_p03_hyp-2_full_1.tar.bz2:0.412739992142:0.03147526:0.4
> 0:False:4,10:466,428
> 1:True:4,8:466,428
> 2:False:3,11:466,428
> 3:False:4,10:466,428
> 4:False:4,10:466,428
> 5:False:3,9:466,428
satellite-optimal-old-noisy/100/satellite_noisy_p03_hyp-2_full_2.tar.bz2:0.409807920456:0.02915251:0.4
> 0:False:4,10:394,338
> 1:True:4,8:394,338
> 2:False:3,11:394,338
> 3:False:4,10:394,338
> 4:False:4,10:394,338
> 5:False:3,9:394,338
satellite-optimal-old-noisy/100/satellite_noisy_p03_hyp-2_full_3.tar.bz2:0.41304397583:0.03123152:0.41
> 0:False:4,10:410,354
> 1:True:4,8:410,354
> 2:False:3,11:410,354
> 3:False:4,10:410,354
> 4:False:4,10:410,354
> 5:False:3,9:410,354
satellite-optimal-old-noisy/100/satellite_noisy_p03_hyp-3_full_1.tar.bz2:0.412291049957:0.02980241:0.41
> 0:True:4,9:394,338
> 1:False:4,11:394,338
> 2:True:3,8:394,338
> 3:False:4,10:394,338
> 4:True:4,9:394,338
> 5:False:3,10:394,338
satellite-optimal-old-noisy/100/satellite_noisy_p03_hyp-3_full_2.tar.bz2:0.414550065994:0.03128984:0.42
> 0:False:4,9:447,409
> 1:False:4,9:447,409
> 2:False:3,8:447,409
> 3:False:4,10:447,409
> 4:True:4,8:447,409
> 5:False:3,10:447,409
satellite-optimal-old-noisy/100/satellite_noisy_p03_hyp-3_full_3.tar.bz2:0.410971164703:0.0294253:0.41
> 0:True:4,9:411,356
> 1:False:4,11:411,356
> 2:True:3,8:411,356
> 3:False:4,10:411,356
> 4:True:4,9:411,356
> 5:False:3,10:411,356
satellite-optimal-old-noisy/100/satellite_noisy_p03_hyp-4_full_1.tar.bz2:0.413440942764:0.03260037:0.42
> 0:False:4,11:412,357
> 1:False:4,11:412,357
> 2:False:3,11:412,357
> 3:True:4,9:412,357
> 4:False:4,12:412,357
> 5:False:3,10:412,357
satellite-optimal-old-noisy/100/satellite_noisy_p03_hyp-4_full_2.tar.bz2:0.414627075195:0.03240106:0.42
> 0:False:4,11:415,364
> 1:False:4,11:415,364
> 2:False:3,11:415,364
> 3:True:4,9:415,364
> 4:False:4,12:415,364
> 5:False:3,10:415,364
satellite-optimal-old-noisy/100/satellite_noisy_p03_hyp-4_full_3.tar.bz2:0.417406797409:0.03438631:0.42
> 0:False:4,11:415,364
> 1:False:4,11:415,364
> 2:False:3,11:415,364
> 3:True:4,9:415,364
> 4:False:4,12:415,364
> 5:False:3,10:415,364
