satellite-suboptimal-old-noisy/10/satellite_noisy_p01_hyp-1_10_1.tar.bz2:0.630555868149:0.0868493:0.63
> 0:True:10,11:17095,1322
> 1:False:9,11:17095,1322
> 2:False:9,11:17095,1322
> 3:False:10,12:17095,1322
> 4:True:11,12:17095,1322
> 5:False:10,12:17095,1322
satellite-suboptimal-old-noisy/10/satellite_noisy_p01_hyp-1_10_2.tar.bz2:0.631063938141:0.0875946:0.63
> 0:True:10,10:17095,1322
> 1:False:9,11:17095,1322
> 2:False:9,11:17095,1322
> 3:False:10,12:17095,1322
> 4:False:11,13:17095,1322
> 5:False:10,13:17095,1322
satellite-suboptimal-old-noisy/10/satellite_noisy_p01_hyp-1_10_3.tar.bz2:0.632665872574:0.0879734:0.64
> 0:True:10,10:17095,1322
> 1:True:9,9:17095,1322
> 2:False:9,11:17095,1322
> 3:True:10,10:17095,1322
> 4:True:11,11:17095,1322
> 5:False:10,11:17095,1322
satellite-suboptimal-old-noisy/10/satellite_noisy_p01_hyp-2_10_1.tar.bz2:0.630840778351:0.0874337:0.63
> 0:False:10,12:17095,1322
> 1:True:9,9:17095,1322
> 2:False:9,11:17095,1322
> 3:False:10,11:17095,1322
> 4:True:11,11:17095,1322
> 5:False:10,11:17095,1322
satellite-suboptimal-old-noisy/10/satellite_noisy_p01_hyp-2_10_2.tar.bz2:0.62982416153:0.086374:0.64
> 0:False:10,11:17095,1322
> 1:True:9,9:17095,1322
> 2:False:9,10:17095,1322
> 3:False:10,11:17095,1322
> 4:False:11,12:17095,1322
> 5:False:10,12:17095,1322
satellite-suboptimal-old-noisy/10/satellite_noisy_p01_hyp-2_10_3.tar.bz2:0.633258104324:0.0869678:0.63
> 0:False:10,11:17095,1322
> 1:True:9,9:17095,1322
> 2:False:9,10:17095,1322
> 3:False:10,11:17095,1322
> 4:False:11,12:17095,1322
> 5:False:10,12:17095,1322
satellite-suboptimal-old-noisy/10/satellite_noisy_p01_hyp-3_10_1.tar.bz2:0.625889062881:0.0819136:0.62
> 0:False:10,11:17094,1320
> 1:False:9,10:17094,1320
> 2:True:9,9:17094,1320
> 3:False:10,11:17094,1320
> 4:False:11,13:17094,1320
> 5:False:10,11:17094,1320
satellite-suboptimal-old-noisy/10/satellite_noisy_p01_hyp-3_10_2.tar.bz2:0.631582021713:0.0864557:0.63
> 0:True:10,10:17095,1322
> 1:False:9,10:17095,1322
> 2:True:9,9:17095,1322
> 3:True:10,10:17095,1322
> 4:False:11,13:17095,1322
> 5:False:10,12:17095,1322
satellite-suboptimal-old-noisy/10/satellite_noisy_p01_hyp-3_10_3.tar.bz2:0.632319927216:0.0870551:0.64
> 0:False:10,12:17095,1322
> 1:False:9,11:17095,1322
> 2:True:9,10:17095,1322
> 3:False:10,12:17095,1322
> 4:False:11,13:17095,1322
> 5:True:10,11:17095,1322
satellite-suboptimal-old-noisy/10/satellite_noisy_p01_hyp-4_10_1.tar.bz2:0.631464004517:0.0864885:0.63
> 0:True:10,10:17095,1322
> 1:True:9,9:17095,1322
> 2:False:9,11:17095,1322
> 3:True:10,10:17095,1322
> 4:False:11,12:17095,1322
> 5:False:10,11:17095,1322
satellite-suboptimal-old-noisy/10/satellite_noisy_p01_hyp-4_10_2.tar.bz2:0.632223844528:0.0872072:0.64
> 0:False:10,12:17095,1322
> 1:True:9,9:17095,1322
> 2:False:9,12:17095,1322
> 3:True:10,10:17095,1322
> 4:False:11,12:17095,1322
> 5:False:10,12:17095,1322
satellite-suboptimal-old-noisy/10/satellite_noisy_p01_hyp-4_10_3.tar.bz2:0.629628896713:0.0864476:0.63
> 0:True:10,10:17095,1322
> 1:True:9,9:17095,1322
> 2:False:9,10:17095,1322
> 3:True:10,10:17095,1322
> 4:True:11,11:17095,1322
> 5:True:10,10:17095,1322
satellite-suboptimal-old-noisy/10/satellite_noisy_p02_hyp-1_10_1.tar.bz2:0.489381074905:0.04186425:0.5
> 0:True:12,12:7171,751
> 1:False:12,13:7171,751
> 2:False:12,14:7171,751
> 3:True:12,12:7171,751
> 4:True:12,12:7171,751
> 5:False:12,13:7171,751
satellite-suboptimal-old-noisy/10/satellite_noisy_p02_hyp-1_10_2.tar.bz2:0.489206075668:0.04304898:0.49
> 0:True:12,13:7171,751
> 1:True:12,13:7171,751
> 2:True:12,13:7171,751
> 3:True:12,13:7171,751
> 4:True:12,13:7171,751
> 5:True:12,13:7171,751
satellite-suboptimal-old-noisy/10/satellite_noisy_p02_hyp-1_10_3.tar.bz2:0.487828016281:0.04138074:0.49
> 0:True:12,12:7171,751
> 1:True:12,12:7171,751
> 2:True:12,12:7171,751
> 3:True:12,12:7171,751
> 4:True:12,12:7171,751
> 5:True:12,12:7171,751
satellite-suboptimal-old-noisy/10/satellite_noisy_p02_hyp-2_10_1.tar.bz2:0.487432003021:0.04167876:0.48
> 0:True:12,12:7171,751
> 1:True:12,12:7171,751
> 2:False:12,13:7171,751
> 3:True:12,12:7171,751
> 4:True:12,12:7171,751
> 5:True:12,12:7171,751
satellite-suboptimal-old-noisy/10/satellite_noisy_p02_hyp-2_10_2.tar.bz2:0.487818002701:0.04129974:0.49
> 0:True:12,13:7171,751
> 1:True:12,13:7171,751
> 2:True:12,13:7171,751
> 3:True:12,13:7171,751
> 4:True:12,13:7171,751
> 5:True:12,13:7171,751
satellite-suboptimal-old-noisy/10/satellite_noisy_p02_hyp-2_10_3.tar.bz2:0.492265939713:0.04372351:0.5
> 0:False:12,14:7171,751
> 1:True:12,12:7171,751
> 2:True:12,12:7171,751
> 3:False:12,14:7171,751
> 4:False:12,14:7171,751
> 5:True:12,12:7171,751
satellite-suboptimal-old-noisy/10/satellite_noisy_p02_hyp-3_10_1.tar.bz2:0.489117860794:0.04125395:0.49
> 0:True:12,12:7171,751
> 1:True:12,12:7171,751
> 2:False:12,13:7171,751
> 3:True:12,12:7171,751
> 4:True:12,12:7171,751
> 5:True:12,12:7171,751
satellite-suboptimal-old-noisy/10/satellite_noisy_p02_hyp-3_10_2.tar.bz2:0.489295959473:0.04138579:0.49
> 0:True:12,12:7171,751
> 1:True:12,12:7171,751
> 2:True:12,12:7171,751
> 3:True:12,12:7171,751
> 4:True:12,12:7171,751
> 5:True:12,12:7171,751
satellite-suboptimal-old-noisy/10/satellite_noisy_p02_hyp-3_10_3.tar.bz2:0.489956140518:0.04196693:0.49
> 0:False:12,13:7171,751
> 1:False:12,13:7171,751
> 2:True:12,12:7171,751
> 3:False:12,13:7171,751
> 4:False:12,13:7171,751
> 5:False:12,13:7171,751
satellite-suboptimal-old-noisy/10/satellite_noisy_p02_hyp-4_10_1.tar.bz2:0.487289905548:0.04145798:0.48
> 0:True:12,12:7171,751
> 1:True:12,12:7171,751
> 2:True:12,12:7171,751
> 3:True:12,12:7171,751
> 4:True:12,12:7171,751
> 5:True:12,12:7171,751
satellite-suboptimal-old-noisy/10/satellite_noisy_p02_hyp-4_10_2.tar.bz2:0.487477064133:0.04153831:0.5
> 0:True:12,13:7171,751
> 1:True:12,13:7171,751
> 2:True:12,13:7171,751
> 3:True:12,13:7171,751
> 4:True:12,13:7171,751
> 5:True:12,13:7171,751
satellite-suboptimal-old-noisy/10/satellite_noisy_p02_hyp-4_10_3.tar.bz2:0.490247964859:0.04334199:0.49
> 0:True:12,13:7171,751
> 1:True:12,13:7171,751
> 2:True:12,13:7171,751
> 3:True:12,13:7171,751
> 4:True:12,13:7171,751
> 5:True:12,13:7171,751
satellite-suboptimal-old-noisy/10/satellite_noisy_p03_hyp-1_10_1.tar.bz2:0.407652854919:0.01818296:0.41
> 0:True:9,9:1668,325
> 1:True:9,9:1668,325
> 2:False:8,9:1668,325
> 3:True:9,9:1668,325
> 4:True:9,9:1668,325
> 5:True:9,9:1668,325
satellite-suboptimal-old-noisy/10/satellite_noisy_p03_hyp-1_10_2.tar.bz2:0.410937070847:0.02000717:0.42
> 0:True:9,9:1669,327
> 1:True:9,9:1669,327
> 2:False:8,9:1669,327
> 3:True:9,9:1669,327
> 4:True:9,9:1669,327
> 5:True:9,9:1669,327
satellite-suboptimal-old-noisy/10/satellite_noisy_p03_hyp-1_10_3.tar.bz2:0.409986019135:0.01881336:0.41
> 0:True:9,9:1669,327
> 1:False:9,11:1669,327
> 2:True:8,8:1669,327
> 3:False:9,11:1669,327
> 4:True:9,9:1669,327
> 5:False:9,11:1669,327
satellite-suboptimal-old-noisy/10/satellite_noisy_p03_hyp-2_10_1.tar.bz2:0.410846948624:0.01803155:0.41
> 0:False:9,10:1668,325
> 1:True:9,9:1668,325
> 2:False:8,11:1668,325
> 3:True:9,9:1668,325
> 4:False:9,11:1668,325
> 5:True:9,9:1668,325
satellite-suboptimal-old-noisy/10/satellite_noisy_p03_hyp-2_10_2.tar.bz2:0.413396835327:0.02171448:0.41
> 0:False:9,11:1669,327
> 1:True:9,9:1669,327
> 2:False:8,10:1669,327
> 3:True:9,9:1669,327
> 4:False:9,11:1669,327
> 5:True:9,9:1669,327
satellite-suboptimal-old-noisy/10/satellite_noisy_p03_hyp-2_10_3.tar.bz2:0.413400888443:0.02244431:0.42
> 0:True:9,10:1669,327
> 1:True:9,10:1669,327
> 2:True:8,9:1669,327
> 3:True:9,10:1669,327
> 4:True:9,10:1669,327
> 5:True:9,10:1669,327
satellite-suboptimal-old-noisy/10/satellite_noisy_p03_hyp-3_10_1.tar.bz2:0.414459943771:0.02119877:0.41
> 0:True:9,9:1669,327
> 1:False:9,10:1669,327
> 2:True:8,8:1669,327
> 3:True:9,9:1669,327
> 4:True:9,9:1669,327
> 5:False:9,10:1669,327
satellite-suboptimal-old-noisy/10/satellite_noisy_p03_hyp-3_10_2.tar.bz2:0.413497924805:0.02137665:0.4
> 0:True:9,9:1669,327
> 1:False:9,10:1669,327
> 2:True:8,8:1669,327
> 3:False:9,10:1669,327
> 4:True:9,9:1669,327
> 5:False:9,10:1669,327
satellite-suboptimal-old-noisy/10/satellite_noisy_p03_hyp-3_10_3.tar.bz2:0.411732912064:0.02116171:0.41
> 0:True:9,10:1669,327
> 1:True:9,10:1669,327
> 2:True:8,9:1669,327
> 3:True:9,10:1669,327
> 4:True:9,10:1669,327
> 5:True:9,10:1669,327
satellite-suboptimal-old-noisy/10/satellite_noisy_p03_hyp-4_10_1.tar.bz2:0.410937786102:0.0195516:0.42
> 0:True:9,9:1669,327
> 1:True:9,9:1669,327
> 2:True:8,8:1669,327
> 3:True:9,9:1669,327
> 4:True:9,9:1669,327
> 5:True:9,9:1669,327
satellite-suboptimal-old-noisy/10/satellite_noisy_p03_hyp-4_10_2.tar.bz2:0.409301996231:0.01954135:0.4
> 0:True:9,9:1669,327
> 1:True:9,9:1669,327
> 2:True:8,8:1669,327
> 3:True:9,9:1669,327
> 4:True:9,9:1669,327
> 5:True:9,9:1669,327
satellite-suboptimal-old-noisy/10/satellite_noisy_p03_hyp-4_10_3.tar.bz2:0.409526824951:0.01742845:0.41
> 0:False:9,12:1668,325
> 1:False:9,10:1668,325
> 2:False:8,10:1668,325
> 3:True:9,9:1668,325
> 4:False:9,11:1668,325
> 5:False:9,10:1668,325
satellite-suboptimal-old-noisy/30/satellite_noisy_p01_hyp-1_30_1.tar.bz2:0.631222963333:0.0886673:0.63
> 0:True:10,11:17097,1326
> 1:True:9,10:17097,1326
> 2:False:9,12:17097,1326
> 3:True:10,11:17097,1326
> 4:True:11,12:17097,1326
> 5:True:10,11:17097,1326
satellite-suboptimal-old-noisy/30/satellite_noisy_p01_hyp-1_30_2.tar.bz2:0.630923986435:0.0846261:0.63
> 0:True:10,11:17096,1324
> 1:False:9,11:17096,1324
> 2:False:9,12:17096,1324
> 3:True:10,11:17096,1324
> 4:False:11,14:17096,1324
> 5:False:10,13:17096,1324
satellite-suboptimal-old-noisy/30/satellite_noisy_p01_hyp-1_30_3.tar.bz2:0.632368087769:0.0888696:0.62
> 0:True:10,10:17097,1326
> 1:False:9,12:17097,1326
> 2:False:9,12:17097,1326
> 3:False:10,13:17097,1326
> 4:False:11,13:17097,1326
> 5:False:10,13:17097,1326
satellite-suboptimal-old-noisy/30/satellite_noisy_p01_hyp-2_30_1.tar.bz2:0.631414890289:0.0877907:0.63
> 0:False:10,13:17097,1326
> 1:True:9,9:17097,1326
> 2:False:9,14:17097,1326
> 3:False:10,11:17097,1326
> 4:False:11,13:17097,1326
> 5:False:10,13:17097,1326
satellite-suboptimal-old-noisy/30/satellite_noisy_p01_hyp-2_30_2.tar.bz2:0.630666971207:0.087531:0.64
> 0:False:10,14:17096,1324
> 1:True:9,11:17096,1324
> 2:False:9,13:17096,1324
> 3:False:10,13:17096,1324
> 4:True:11,13:17096,1324
> 5:False:10,13:17096,1324
satellite-suboptimal-old-noisy/30/satellite_noisy_p01_hyp-2_30_3.tar.bz2:0.633538007736:0.0886408:0.63
> 0:False:10,14:17097,1326
> 1:True:9,9:17097,1326
> 2:False:9,12:17097,1326
> 3:False:10,11:17097,1326
> 4:False:11,12:17097,1326
> 5:False:10,12:17097,1326
satellite-suboptimal-old-noisy/30/satellite_noisy_p01_hyp-3_30_1.tar.bz2:0.635269165039:0.089212:0.64
> 0:False:10,12:17097,1326
> 1:False:9,12:17097,1326
> 2:True:9,10:17097,1326
> 3:False:10,12:17097,1326
> 4:False:11,14:17097,1326
> 5:False:10,13:17097,1326
satellite-suboptimal-old-noisy/30/satellite_noisy_p01_hyp-3_30_2.tar.bz2:0.631474971771:0.085675:0.64
> 0:False:10,12:17097,1326
> 1:False:9,10:17097,1326
> 2:True:9,9:17097,1326
> 3:False:10,11:17097,1326
> 4:False:11,13:17097,1326
> 5:False:10,12:17097,1326
satellite-suboptimal-old-noisy/30/satellite_noisy_p01_hyp-3_30_3.tar.bz2:0.63507604599:0.0893822:0.64
> 0:False:10,12:17097,1326
> 1:False:9,12:17097,1326
> 2:True:9,10:17097,1326
> 3:False:10,12:17097,1326
> 4:False:11,15:17097,1326
> 5:False:10,13:17097,1326
satellite-suboptimal-old-noisy/30/satellite_noisy_p01_hyp-4_30_1.tar.bz2:0.635885000229:0.0900268:0.63
> 0:True:10,12:17097,1326
> 1:True:9,11:17097,1326
> 2:False:9,12:17097,1326
> 3:True:10,12:17097,1326
> 4:True:11,13:17097,1326
> 5:True:10,12:17097,1326
satellite-suboptimal-old-noisy/30/satellite_noisy_p01_hyp-4_30_2.tar.bz2:0.630945920944:0.088205:0.63
> 0:False:10,12:17097,1326
> 1:True:9,9:17097,1326
> 2:False:9,12:17097,1326
> 3:True:10,10:17097,1326
> 4:True:11,11:17097,1326
> 5:False:10,11:17097,1326
satellite-suboptimal-old-noisy/30/satellite_noisy_p01_hyp-4_30_3.tar.bz2:0.633769035339:0.0886115:0.63
> 0:False:10,12:17097,1326
> 1:False:9,11:17097,1326
> 2:True:9,10:17097,1326
> 3:True:10,11:17097,1326
> 4:False:11,14:17097,1326
> 5:False:10,12:17097,1326
satellite-suboptimal-old-noisy/30/satellite_noisy_p02_hyp-1_30_1.tar.bz2:0.493330955505:0.04708507:0.5
> 0:True:12,13:7174,757
> 1:False:12,14:7174,757
> 2:False:12,15:7174,757
> 3:True:12,13:7174,757
> 4:True:12,13:7174,757
> 5:False:12,14:7174,757
satellite-suboptimal-old-noisy/30/satellite_noisy_p02_hyp-1_30_2.tar.bz2:0.494741916656:0.04707517:0.5
> 0:True:12,12:7174,757
> 1:False:12,13:7174,757
> 2:False:12,14:7174,757
> 3:False:12,13:7174,757
> 4:True:12,12:7174,757
> 5:False:12,13:7174,757
satellite-suboptimal-old-noisy/30/satellite_noisy_p02_hyp-1_30_3.tar.bz2:0.489577054977:0.04360192:0.49
> 0:True:12,12:7174,757
> 1:True:12,12:7174,757
> 2:True:12,12:7174,757
> 3:True:12,12:7174,757
> 4:True:12,12:7174,757
> 5:True:12,12:7174,757
satellite-suboptimal-old-noisy/30/satellite_noisy_p02_hyp-2_30_1.tar.bz2:0.492385149002:0.04421333:0.5
> 0:True:12,12:7174,757
> 1:True:12,12:7174,757
> 2:True:12,12:7174,757
> 3:True:12,12:7174,757
> 4:True:12,12:7174,757
> 5:True:12,12:7174,757
satellite-suboptimal-old-noisy/30/satellite_noisy_p02_hyp-2_30_2.tar.bz2:0.492117881775:0.04340742:0.49
> 0:False:12,13:7174,757
> 1:True:12,12:7174,757
> 2:False:12,14:7174,757
> 3:True:12,12:7174,757
> 4:False:12,13:7174,757
> 5:True:12,12:7174,757
satellite-suboptimal-old-noisy/30/satellite_noisy_p02_hyp-2_30_3.tar.bz2:0.494921922684:0.04647982:0.5
> 0:False:12,13:7174,757
> 1:True:12,12:7174,757
> 2:False:12,14:7174,757
> 3:True:12,12:7174,757
> 4:False:12,13:7174,757
> 5:True:12,12:7174,757
satellite-suboptimal-old-noisy/30/satellite_noisy_p02_hyp-3_30_1.tar.bz2:0.49623799324:0.04825715:0.5
> 0:True:12,12:7174,757
> 1:True:12,12:7174,757
> 2:True:12,12:7174,757
> 3:False:12,13:7174,757
> 4:False:12,13:7174,757
> 5:True:12,12:7174,757
satellite-suboptimal-old-noisy/30/satellite_noisy_p02_hyp-3_30_2.tar.bz2:0.493870019913:0.04561682:0.49
> 0:False:12,14:7174,757
> 1:False:12,13:7174,757
> 2:True:12,12:7174,757
> 3:False:12,14:7174,757
> 4:False:12,14:7174,757
> 5:False:12,13:7174,757
satellite-suboptimal-old-noisy/30/satellite_noisy_p02_hyp-3_30_3.tar.bz2:0.496417999268:0.04765264:0.49
> 0:False:12,14:7174,757
> 1:False:12,14:7174,757
> 2:True:12,12:7174,757
> 3:False:12,15:7174,757
> 4:False:12,15:7174,757
> 5:False:12,13:7174,757
satellite-suboptimal-old-noisy/30/satellite_noisy_p02_hyp-4_30_1.tar.bz2:0.493484020233:0.0464553:0.5
> 0:True:12,12:7174,757
> 1:True:12,12:7174,757
> 2:True:12,12:7174,757
> 3:True:12,12:7174,757
> 4:True:12,12:7174,757
> 5:True:12,12:7174,757
satellite-suboptimal-old-noisy/30/satellite_noisy_p02_hyp-4_30_2.tar.bz2:0.493300914764:0.04654109:0.48
> 0:True:12,12:7174,757
> 1:True:12,12:7174,757
> 2:False:12,13:7174,757
> 3:True:12,12:7174,757
> 4:True:12,12:7174,757
> 5:True:12,12:7174,757
satellite-suboptimal-old-noisy/30/satellite_noisy_p02_hyp-4_30_3.tar.bz2:0.493381977081:0.04679059:0.49
> 0:True:12,12:7174,757
> 1:True:12,12:7174,757
> 2:True:12,12:7174,757
> 3:True:12,12:7174,757
> 4:True:12,12:7174,757
> 5:True:12,12:7174,757
satellite-suboptimal-old-noisy/30/satellite_noisy_p03_hyp-1_30_1.tar.bz2:0.411638021469:0.02182774:0.42
> 0:True:9,9:1671,331
> 1:False:9,10:1671,331
> 2:False:8,9:1671,331
> 3:False:9,10:1671,331
> 4:False:9,10:1671,331
> 5:False:9,10:1671,331
satellite-suboptimal-old-noisy/30/satellite_noisy_p03_hyp-1_30_2.tar.bz2:0.413822889328:0.02211095:0.42
> 0:True:9,9:1671,331
> 1:False:9,11:1671,331
> 2:False:8,10:1671,331
> 3:False:9,11:1671,331
> 4:False:9,10:1671,331
> 5:False:9,11:1671,331
satellite-suboptimal-old-noisy/30/satellite_noisy_p03_hyp-1_30_3.tar.bz2:0.413563013077:0.02079051:0.42
> 0:False:9,10:1670,329
> 1:True:9,9:1670,329
> 2:False:8,10:1670,329
> 3:False:9,10:1670,329
> 4:False:9,10:1670,329
> 5:True:9,9:1670,329
satellite-suboptimal-old-noisy/30/satellite_noisy_p03_hyp-2_30_1.tar.bz2:0.416606903076:0.02316315:0.41
> 0:False:9,11:1671,331
> 1:True:9,9:1671,331
> 2:False:8,10:1671,331
> 3:True:9,9:1671,331
> 4:False:9,11:1671,331
> 5:True:9,9:1671,331
satellite-suboptimal-old-noisy/30/satellite_noisy_p03_hyp-2_30_2.tar.bz2:0.415119886398:0.02308049:0.41
> 0:True:9,10:1671,331
> 1:True:9,10:1671,331
> 2:True:8,9:1671,331
> 3:True:9,10:1671,331
> 4:True:9,10:1671,331
> 5:True:9,10:1671,331
satellite-suboptimal-old-noisy/30/satellite_noisy_p03_hyp-2_30_3.tar.bz2:0.411068916321:0.02136407:0.41
> 0:False:9,10:1671,331
> 1:True:9,9:1671,331
> 2:False:8,9:1671,331
> 3:False:9,10:1671,331
> 4:False:9,10:1671,331
> 5:True:9,9:1671,331
satellite-suboptimal-old-noisy/30/satellite_noisy_p03_hyp-3_30_1.tar.bz2:0.412301063538:0.02226576:0.41
> 0:True:9,10:1671,331
> 1:False:9,11:1671,331
> 2:True:8,9:1671,331
> 3:False:9,11:1671,331
> 4:True:9,10:1671,331
> 5:False:9,11:1671,331
satellite-suboptimal-old-noisy/30/satellite_noisy_p03_hyp-3_30_2.tar.bz2:0.412494897842:0.02176664:0.42
> 0:True:9,10:1671,331
> 1:False:9,11:1671,331
> 2:True:8,9:1671,331
> 3:False:9,11:1671,331
> 4:True:9,10:1671,331
> 5:False:9,11:1671,331
satellite-suboptimal-old-noisy/30/satellite_noisy_p03_hyp-3_30_3.tar.bz2:0.411645889282:0.02016787:0.41
> 0:True:9,9:1671,331
> 1:True:9,9:1671,331
> 2:True:8,8:1671,331
> 3:False:9,10:1671,331
> 4:True:9,9:1671,331
> 5:True:9,9:1671,331
satellite-suboptimal-old-noisy/30/satellite_noisy_p03_hyp-4_30_1.tar.bz2:0.413017988205:0.0233608:0.42
> 0:False:9,10:1671,331
> 1:True:9,9:1671,331
> 2:False:8,10:1671,331
> 3:True:9,9:1671,331
> 4:False:9,10:1671,331
> 5:True:9,9:1671,331
satellite-suboptimal-old-noisy/30/satellite_noisy_p03_hyp-4_30_2.tar.bz2:0.41185593605:0.02175502:0.41
> 0:False:9,10:1670,329
> 1:True:9,9:1670,329
> 2:False:8,11:1670,329
> 3:True:9,9:1670,329
> 4:False:9,11:1670,329
> 5:True:9,9:1670,329
satellite-suboptimal-old-noisy/30/satellite_noisy_p03_hyp-4_30_3.tar.bz2:0.412682056427:0.02242314:0.41
> 0:False:9,11:1671,331
> 1:True:9,9:1671,331
> 2:False:8,12:1671,331
> 3:True:9,9:1671,331
> 4:False:9,12:1671,331
> 5:True:9,9:1671,331
satellite-suboptimal-old-noisy/50/satellite_noisy_p01_hyp-1_50_1.tar.bz2:0.629987955093:0.0863791:0.63
> 0:True:10,11:17099,1330
> 1:False:9,11:17099,1330
> 2:False:9,11:17099,1330
> 3:True:10,11:17099,1330
> 4:False:11,14:17099,1330
> 5:False:10,13:17099,1330
satellite-suboptimal-old-noisy/50/satellite_noisy_p01_hyp-1_50_2.tar.bz2:0.634233951569:0.0911687:0.64
> 0:True:10,11:17100,1332
> 1:False:9,14:17100,1332
> 2:False:9,13:17100,1332
> 3:False:10,14:17100,1332
> 4:False:11,16:17100,1332
> 5:False:10,16:17100,1332
satellite-suboptimal-old-noisy/50/satellite_noisy_p01_hyp-1_50_3.tar.bz2:0.633041858673:0.0890628:0.64
> 0:True:10,11:17098,1328
> 1:False:9,13:17098,1328
> 2:False:9,12:17098,1328
> 3:False:10,13:17098,1328
> 4:False:11,15:17098,1328
> 5:False:10,15:17098,1328
satellite-suboptimal-old-noisy/50/satellite_noisy_p01_hyp-2_50_1.tar.bz2:0.633526086807:0.0858578:0.63
> 0:False:10,17:17100,1332
> 1:True:9,10:17100,1332
> 2:False:9,14:17100,1332
> 3:False:10,12:17100,1332
> 4:False:11,15:17100,1332
> 5:False:10,15:17100,1332
satellite-suboptimal-old-noisy/50/satellite_noisy_p01_hyp-2_50_2.tar.bz2:0.626485824585:0.0821396:0.62
> 0:False:10,16:17098,1328
> 1:True:9,10:17098,1328
> 2:False:9,13:17098,1328
> 3:False:10,12:17098,1328
> 4:False:11,15:17098,1328
> 5:False:10,14:17098,1328
satellite-suboptimal-old-noisy/50/satellite_noisy_p01_hyp-2_50_3.tar.bz2:0.636198043823:0.0909886:0.65
> 0:False:10,16:17100,1332
> 1:True:9,10:17100,1332
> 2:False:9,14:17100,1332
> 3:False:10,12:17100,1332
> 4:False:11,14:17100,1332
> 5:False:10,14:17100,1332
satellite-suboptimal-old-noisy/50/satellite_noisy_p01_hyp-3_50_1.tar.bz2:0.635313034058:0.0898731:0.63
> 0:False:10,14:17100,1332
> 1:False:9,11:17100,1332
> 2:True:9,10:17100,1332
> 3:False:10,12:17100,1332
> 4:False:11,13:17100,1332
> 5:False:10,12:17100,1332
satellite-suboptimal-old-noisy/50/satellite_noisy_p01_hyp-3_50_2.tar.bz2:0.632814884186:0.0895417:0.63
> 0:False:10,12:17100,1332
> 1:False:9,13:17100,1332
> 2:True:9,10:17100,1332
> 3:False:10,13:17100,1332
> 4:False:11,14:17100,1332
> 5:False:10,13:17100,1332
satellite-suboptimal-old-noisy/50/satellite_noisy_p01_hyp-3_50_3.tar.bz2:0.631372928619:0.0857389:0.64
> 0:False:10,13:17099,1330
> 1:False:9,14:17099,1330
> 2:True:9,11:17099,1330
> 3:False:10,14:17099,1330
> 4:False:11,15:17099,1330
> 5:False:10,14:17099,1330
satellite-suboptimal-old-noisy/50/satellite_noisy_p01_hyp-4_50_1.tar.bz2:0.637719869614:0.0914733:0.63
> 0:False:10,12:17101,1334
> 1:False:9,11:17101,1334
> 2:False:9,11:17101,1334
> 3:True:10,11:17101,1334
> 4:False:11,15:17101,1334
> 5:False:10,14:17101,1334
satellite-suboptimal-old-noisy/50/satellite_noisy_p01_hyp-4_50_2.tar.bz2:0.632437944412:0.0887836:0.64
> 0:False:10,12:17100,1332
> 1:True:9,9:17100,1332
> 2:False:9,13:17100,1332
> 3:True:10,10:17100,1332
> 4:False:11,12:17100,1332
> 5:False:10,12:17100,1332
satellite-suboptimal-old-noisy/50/satellite_noisy_p01_hyp-4_50_3.tar.bz2:0.640630960464:0.094419:0.64
> 0:False:10,14:17101,1334
> 1:False:9,12:17101,1334
> 2:False:9,14:17101,1334
> 3:True:10,12:17101,1334
> 4:False:11,15:17101,1334
> 5:False:10,15:17101,1334
satellite-suboptimal-old-noisy/50/satellite_noisy_p02_hyp-1_50_1.tar.bz2:0.497340917587:0.04865862:0.49
> 0:True:12,12:7178,765
> 1:False:12,14:7178,765
> 2:False:12,15:7178,765
> 3:False:12,13:7178,765
> 4:False:12,13:7178,765
> 5:False:12,13:7178,765
satellite-suboptimal-old-noisy/50/satellite_noisy_p02_hyp-1_50_2.tar.bz2:0.496642112732:0.04967143:0.5
> 0:True:12,13:7178,765
> 1:False:12,16:7178,765
> 2:False:12,16:7178,765
> 3:False:12,15:7178,765
> 4:False:12,14:7178,765
> 5:False:12,15:7178,765
satellite-suboptimal-old-noisy/50/satellite_noisy_p02_hyp-1_50_3.tar.bz2:0.493968009949:0.04845788:0.49
> 0:True:12,13:7178,765
> 1:False:12,16:7178,765
> 2:False:12,16:7178,765
> 3:False:12,15:7178,765
> 4:False:12,14:7178,765
> 5:False:12,15:7178,765
satellite-suboptimal-old-noisy/50/satellite_noisy_p02_hyp-2_50_1.tar.bz2:0.49830698967:0.05290275:0.5
> 0:False:12,17:7177,763
> 1:True:12,15:7177,763
> 2:False:12,16:7177,763
> 3:False:12,16:7177,763
> 4:False:12,16:7177,763
> 5:False:12,16:7177,763
satellite-suboptimal-old-noisy/50/satellite_noisy_p02_hyp-2_50_2.tar.bz2:0.494724988937:0.04757306:0.5
> 0:False:12,15:7178,765
> 1:True:12,13:7178,765
> 2:False:12,14:7178,765
> 3:False:12,14:7178,765
> 4:False:12,15:7178,765
> 5:True:12,13:7178,765
satellite-suboptimal-old-noisy/50/satellite_noisy_p02_hyp-2_50_3.tar.bz2:0.496156930923:0.04899838:0.5
> 0:False:12,15:7178,765
> 1:True:12,13:7178,765
> 2:False:12,15:7178,765
> 3:False:12,14:7178,765
> 4:False:12,14:7178,765
> 5:False:12,14:7178,765
satellite-suboptimal-old-noisy/50/satellite_noisy_p02_hyp-3_50_1.tar.bz2:0.496042013168:0.04829656:0.5
> 0:False:12,15:7177,763
> 1:False:12,14:7177,763
> 2:True:12,13:7177,763
> 3:False:12,15:7177,763
> 4:False:12,15:7177,763
> 5:False:12,14:7177,763
satellite-suboptimal-old-noisy/50/satellite_noisy_p02_hyp-3_50_2.tar.bz2:0.496283054352:0.04794742:0.5
> 0:False:12,16:7178,765
> 1:False:12,14:7178,765
> 2:True:12,13:7178,765
> 3:False:12,16:7178,765
> 4:False:12,16:7178,765
> 5:False:12,14:7178,765
satellite-suboptimal-old-noisy/50/satellite_noisy_p02_hyp-3_50_3.tar.bz2:0.497472047806:0.0484313:0.5
> 0:False:12,17:7178,765
> 1:False:12,16:7178,765
> 2:True:12,14:7178,765
> 3:False:12,17:7178,765
> 4:False:12,17:7178,765
> 5:False:12,16:7178,765
satellite-suboptimal-old-noisy/50/satellite_noisy_p02_hyp-4_50_1.tar.bz2:0.496236085892:0.04750184:0.5
> 0:False:12,13:7178,765
> 1:False:12,14:7178,765
> 2:False:12,16:7178,765
> 3:True:12,12:7178,765
> 4:False:12,13:7178,765
> 5:False:12,14:7178,765
satellite-suboptimal-old-noisy/50/satellite_noisy_p02_hyp-4_50_2.tar.bz2:0.49653506279:0.04865813:0.5
> 0:False:12,16:7178,765
> 1:False:12,15:7178,765
> 2:False:12,17:7178,765
> 3:True:12,14:7178,765
> 4:False:12,15:7178,765
> 5:False:12,16:7178,765
satellite-suboptimal-old-noisy/50/satellite_noisy_p02_hyp-4_50_3.tar.bz2:0.497539997101:0.04747511:0.5
> 0:False:12,13:7178,765
> 1:False:12,14:7178,765
> 2:False:12,15:7178,765
> 3:True:12,12:7178,765
> 4:False:12,13:7178,765
> 5:False:12,14:7178,765
satellite-suboptimal-old-noisy/50/satellite_noisy_p03_hyp-1_50_1.tar.bz2:0.413983821869:0.02361216:0.42
> 0:True:9,9:1674,337
> 1:False:9,10:1674,337
> 2:False:8,9:1674,337
> 3:False:9,11:1674,337
> 4:True:9,9:1674,337
> 5:False:9,10:1674,337
satellite-suboptimal-old-noisy/50/satellite_noisy_p03_hyp-1_50_2.tar.bz2:0.41552400589:0.0237397:0.41
> 0:True:9,10:1674,337
> 1:False:9,11:1674,337
> 2:False:8,11:1674,337
> 3:False:9,12:1674,337
> 4:False:9,11:1674,337
> 5:False:9,11:1674,337
satellite-suboptimal-old-noisy/50/satellite_noisy_p03_hyp-1_50_3.tar.bz2:0.413007974625:0.0232107:0.41
> 0:True:9,9:1673,335
> 1:False:9,10:1673,335
> 2:False:8,9:1673,335
> 3:False:9,11:1673,335
> 4:True:9,9:1673,335
> 5:False:9,10:1673,335
satellite-suboptimal-old-noisy/50/satellite_noisy_p03_hyp-2_50_1.tar.bz2:0.415167808533:0.02302206:0.42
> 0:True:9,9:1674,337
> 1:True:9,9:1674,337
> 2:False:8,10:1674,337
> 3:True:9,9:1674,337
> 4:False:9,10:1674,337
> 5:True:9,9:1674,337
satellite-suboptimal-old-noisy/50/satellite_noisy_p03_hyp-2_50_2.tar.bz2:0.414381980896:0.02265435:0.4
> 0:False:9,10:1674,337
> 1:True:9,9:1674,337
> 2:False:8,9:1674,337
> 3:False:9,10:1674,337
> 4:False:9,10:1674,337
> 5:True:9,9:1674,337
satellite-suboptimal-old-noisy/50/satellite_noisy_p03_hyp-2_50_3.tar.bz2:0.415109872818:0.02259116:0.42
> 0:False:9,10:1674,337
> 1:True:9,9:1674,337
> 2:False:8,11:1674,337
> 3:False:9,10:1674,337
> 4:False:9,11:1674,337
> 5:True:9,9:1674,337
satellite-suboptimal-old-noisy/50/satellite_noisy_p03_hyp-3_50_1.tar.bz2:0.413717031479:0.02263585:0.42
> 0:False:9,12:1674,337
> 1:False:9,12:1674,337
> 2:True:8,10:1674,337
> 3:False:9,12:1674,337
> 4:True:9,11:1674,337
> 5:False:9,12:1674,337
satellite-suboptimal-old-noisy/50/satellite_noisy_p03_hyp-3_50_2.tar.bz2:0.414374113083:0.02272861:0.41
> 0:False:9,10:1674,337
> 1:False:9,12:1674,337
> 2:True:8,8:1674,337
> 3:False:9,12:1674,337
> 4:True:9,9:1674,337
> 5:False:9,12:1674,337
satellite-suboptimal-old-noisy/50/satellite_noisy_p03_hyp-3_50_3.tar.bz2:0.414762020111:0.02470619:0.41
> 0:False:9,10:1674,337
> 1:False:9,11:1674,337
> 2:True:8,8:1674,337
> 3:False:9,11:1674,337
> 4:True:9,9:1674,337
> 5:False:9,11:1674,337
satellite-suboptimal-old-noisy/50/satellite_noisy_p03_hyp-4_50_1.tar.bz2:0.415315151215:0.02306125:0.41
> 0:False:9,10:1674,337
> 1:True:9,9:1674,337
> 2:False:8,10:1674,337
> 3:True:9,9:1674,337
> 4:False:9,10:1674,337
> 5:True:9,9:1674,337
satellite-suboptimal-old-noisy/50/satellite_noisy_p03_hyp-4_50_2.tar.bz2:0.416626930237:0.02352878:0.42
> 0:False:9,12:1674,337
> 1:False:9,11:1674,337
> 2:False:8,10:1674,337
> 3:True:9,10:1674,337
> 4:False:9,11:1674,337
> 5:False:9,11:1674,337
satellite-suboptimal-old-noisy/50/satellite_noisy_p03_hyp-4_50_3.tar.bz2:0.415663003922:0.02348664:0.42
> 0:True:9,10:1674,337
> 1:True:9,10:1674,337
> 2:False:8,11:1674,337
> 3:True:9,10:1674,337
> 4:False:9,11:1674,337
> 5:True:9,10:1674,337
satellite-suboptimal-old-noisy/70/satellite_noisy_p01_hyp-1_70_1.tar.bz2:0.638299226761:0.094519:0.64
> 0:True:10,10:17103,1338
> 1:False:9,12:17103,1338
> 2:False:9,14:17103,1338
> 3:False:10,13:17103,1338
> 4:False:11,14:17103,1338
> 5:False:10,14:17103,1338
satellite-suboptimal-old-noisy/70/satellite_noisy_p01_hyp-1_70_2.tar.bz2:0.63751411438:0.0948353:0.64
> 0:True:10,10:17103,1338
> 1:False:9,12:17103,1338
> 2:False:9,14:17103,1338
> 3:False:10,13:17103,1338
> 4:False:11,14:17103,1338
> 5:False:10,14:17103,1338
satellite-suboptimal-old-noisy/70/satellite_noisy_p01_hyp-1_70_3.tar.bz2:0.638899087906:0.094681:0.64
> 0:True:10,10:17101,1334
> 1:False:9,13:17101,1334
> 2:False:9,13:17101,1334
> 3:False:10,13:17101,1334
> 4:False:11,15:17101,1334
> 5:False:10,15:17101,1334
satellite-suboptimal-old-noisy/70/satellite_noisy_p01_hyp-2_70_1.tar.bz2:0.638842105865:0.0948039:0.65
> 0:False:10,16:17102,1336
> 1:True:9,10:17102,1336
> 2:False:9,14:17102,1336
> 3:False:10,12:17102,1336
> 4:False:11,15:17102,1336
> 5:False:10,15:17102,1336
satellite-suboptimal-old-noisy/70/satellite_noisy_p01_hyp-2_70_2.tar.bz2:0.640799999237:0.0968378:0.64
> 0:False:10,16:17101,1334
> 1:True:9,11:17101,1334
> 2:False:9,14:17101,1334
> 3:True:10,12:17101,1334
> 4:False:11,15:17101,1334
> 5:False:10,15:17101,1334
satellite-suboptimal-old-noisy/70/satellite_noisy_p01_hyp-2_70_3.tar.bz2:0.64381980896:0.0959892:0.65
> 0:False:10,16:17102,1336
> 1:True:9,10:17102,1336
> 2:False:9,16:17102,1336
> 3:False:10,12:17102,1336
> 4:False:11,15:17102,1336
> 5:False:10,14:17102,1336
satellite-suboptimal-old-noisy/70/satellite_noisy_p01_hyp-3_70_1.tar.bz2:0.641418933868:0.0957126:0.64
> 0:False:10,14:17102,1336
> 1:False:9,13:17102,1336
> 2:True:9,11:17102,1336
> 3:False:10,13:17102,1336
> 4:False:11,16:17102,1336
> 5:False:10,15:17102,1336
satellite-suboptimal-old-noisy/70/satellite_noisy_p01_hyp-3_70_2.tar.bz2:0.639460802078:0.0946027:0.65
> 0:False:10,14:17101,1334
> 1:False:9,12:17101,1334
> 2:True:9,10:17101,1334
> 3:False:10,13:17101,1334
> 4:False:11,15:17101,1334
> 5:False:10,13:17101,1334
satellite-suboptimal-old-noisy/70/satellite_noisy_p01_hyp-3_70_3.tar.bz2:0.639877080917:0.0954682:0.64
> 0:False:10,15:17103,1338
> 1:False:9,14:17103,1338
> 2:True:9,10:17103,1338
> 3:False:10,14:17103,1338
> 4:False:11,15:17103,1338
> 5:False:10,14:17103,1338
satellite-suboptimal-old-noisy/70/satellite_noisy_p01_hyp-4_70_1.tar.bz2:0.64109992981:0.0945641:0.65
> 0:False:10,13:17103,1338
> 1:False:9,11:17103,1338
> 2:False:9,13:17103,1338
> 3:True:10,11:17103,1338
> 4:False:11,14:17103,1338
> 5:False:10,15:17103,1338
satellite-suboptimal-old-noisy/70/satellite_noisy_p01_hyp-4_70_2.tar.bz2:0.640725851059:0.0949091:0.64
> 0:False:10,12:17103,1338
> 1:False:9,10:17103,1338
> 2:False:9,12:17103,1338
> 3:True:10,10:17103,1338
> 4:False:11,14:17103,1338
> 5:False:10,13:17103,1338
satellite-suboptimal-old-noisy/70/satellite_noisy_p01_hyp-4_70_3.tar.bz2:0.641725063324:0.0957211:0.65
> 0:False:10,14:17103,1338
> 1:False:9,11:17103,1338
> 2:False:9,14:17103,1338
> 3:True:10,11:17103,1338
> 4:False:11,14:17103,1338
> 5:False:10,14:17103,1338
satellite-suboptimal-old-noisy/70/satellite_noisy_p02_hyp-1_70_1.tar.bz2:0.495292901993:0.0488161:0.49
> 0:True:12,12:7181,771
> 1:False:12,16:7181,771
> 2:False:12,16:7181,771
> 3:False:12,14:7181,771
> 4:False:12,13:7181,771
> 5:False:12,15:7181,771
satellite-suboptimal-old-noisy/70/satellite_noisy_p02_hyp-1_70_2.tar.bz2:0.496433973312:0.04927725:0.5
> 0:True:12,13:7182,773
> 1:False:12,16:7182,773
> 2:False:12,16:7182,773
> 3:False:12,15:7182,773
> 4:False:12,14:7182,773
> 5:False:12,15:7182,773
satellite-suboptimal-old-noisy/70/satellite_noisy_p02_hyp-1_70_3.tar.bz2:0.493973016739:0.04792171:0.49
> 0:True:12,14:7181,771
> 1:False:12,17:7181,771
> 2:False:12,18:7181,771
> 3:False:12,15:7181,771
> 4:True:12,14:7181,771
> 5:False:12,17:7181,771
satellite-suboptimal-old-noisy/70/satellite_noisy_p02_hyp-2_70_1.tar.bz2:0.494839906693:0.04833649:0.5
> 0:False:12,17:7181,771
> 1:True:12,15:7181,771
> 2:False:12,17:7181,771
> 3:False:12,16:7181,771
> 4:False:12,17:7181,771
> 5:True:12,15:7181,771
satellite-suboptimal-old-noisy/70/satellite_noisy_p02_hyp-2_70_2.tar.bz2:0.495924949646:0.04826717:0.49
> 0:False:12,16:7181,771
> 1:True:12,14:7181,771
> 2:False:12,15:7181,771
> 3:False:12,16:7181,771
> 4:False:12,16:7181,771
> 5:True:12,14:7181,771
satellite-suboptimal-old-noisy/70/satellite_noisy_p02_hyp-2_70_3.tar.bz2:0.498760938644:0.04974892:0.5
> 0:False:12,16:7181,771
> 1:True:12,14:7181,771
> 2:False:12,16:7181,771
> 3:False:12,15:7181,771
> 4:False:12,15:7181,771
> 5:False:12,15:7181,771
satellite-suboptimal-old-noisy/70/satellite_noisy_p02_hyp-3_70_1.tar.bz2:0.497478961945:0.0497165:0.49
> 0:False:12,17:7181,771
> 1:False:12,17:7181,771
> 2:True:12,14:7181,771
> 3:False:12,18:7181,771
> 4:False:12,18:7181,771
> 5:False:12,16:7181,771
satellite-suboptimal-old-noisy/70/satellite_noisy_p02_hyp-3_70_2.tar.bz2:0.500019073486:0.05064133:0.51
> 0:False:12,17:7181,771
> 1:False:12,17:7181,771
> 2:True:12,14:7181,771
> 3:False:12,18:7181,771
> 4:False:12,18:7181,771
> 5:False:12,16:7181,771
satellite-suboptimal-old-noisy/70/satellite_noisy_p02_hyp-3_70_3.tar.bz2:0.496494054794:0.04852667:0.5
> 0:False:12,17:7182,773
> 1:False:12,14:7182,773
> 2:True:12,13:7182,773
> 3:False:12,16:7182,773
> 4:False:12,17:7182,773
> 5:False:12,14:7182,773
satellite-suboptimal-old-noisy/70/satellite_noisy_p02_hyp-4_70_1.tar.bz2:0.496356010437:0.04905838:0.5
> 0:False:12,16:7182,773
> 1:False:12,15:7182,773
> 2:False:12,16:7182,773
> 3:True:12,14:7182,773
> 4:False:12,15:7182,773
> 5:False:12,16:7182,773
satellite-suboptimal-old-noisy/70/satellite_noisy_p02_hyp-4_70_2.tar.bz2:0.496221065521:0.04922009:0.49
> 0:False:12,15:7181,771
> 1:False:12,15:7181,771
> 2:False:12,17:7181,771
> 3:True:12,13:7181,771
> 4:False:12,14:7181,771
> 5:False:12,16:7181,771
satellite-suboptimal-old-noisy/70/satellite_noisy_p02_hyp-4_70_3.tar.bz2:0.495254039764:0.0471648:0.5
> 0:False:12,14:7181,771
> 1:True:12,13:7181,771
> 2:False:12,15:7181,771
> 3:True:12,13:7181,771
> 4:False:12,14:7181,771
> 5:True:12,13:7181,771
satellite-suboptimal-old-noisy/70/satellite_noisy_p03_hyp-1_70_1.tar.bz2:0.415010929108:0.02384134:0.42
> 0:True:9,10:1676,341
> 1:False:9,11:1676,341
> 2:False:8,11:1676,341
> 3:False:9,12:1676,341
> 4:False:9,11:1676,341
> 5:False:9,11:1676,341
satellite-suboptimal-old-noisy/70/satellite_noisy_p03_hyp-1_70_2.tar.bz2:0.414999961853:0.02374069:0.41
> 0:True:9,9:1676,341
> 1:False:9,11:1676,341
> 2:False:8,10:1676,341
> 3:False:9,12:1676,341
> 4:False:9,10:1676,341
> 5:False:9,11:1676,341
satellite-suboptimal-old-noisy/70/satellite_noisy_p03_hyp-1_70_3.tar.bz2:0.415174007416:0.02448225:0.41
> 0:True:9,11:1674,337
> 1:False:9,13:1674,337
> 2:False:8,12:1674,337
> 3:False:9,13:1674,337
> 4:False:9,12:1674,337
> 5:False:9,13:1674,337
satellite-suboptimal-old-noisy/70/satellite_noisy_p03_hyp-2_70_1.tar.bz2:0.414839982986:0.02352849:0.41
> 0:False:9,11:1675,339
> 1:True:9,9:1675,339
> 2:False:8,11:1675,339
> 3:True:9,9:1675,339
> 4:False:9,11:1675,339
> 5:True:9,9:1675,339
satellite-suboptimal-old-noisy/70/satellite_noisy_p03_hyp-2_70_2.tar.bz2:0.4174451828:0.02478223:0.42
> 0:True:9,11:1675,339
> 1:True:9,11:1675,339
> 2:False:8,12:1675,339
> 3:True:9,11:1675,339
> 4:False:9,12:1675,339
> 5:True:9,11:1675,339
satellite-suboptimal-old-noisy/70/satellite_noisy_p03_hyp-2_70_3.tar.bz2:0.416918992996:0.02449353:0.41
> 0:False:9,11:1676,341
> 1:True:9,9:1676,341
> 2:False:8,10:1676,341
> 3:True:9,9:1676,341
> 4:False:9,11:1676,341
> 5:True:9,9:1676,341
satellite-suboptimal-old-noisy/70/satellite_noisy_p03_hyp-3_70_1.tar.bz2:0.417476177216:0.02394736:0.42
> 0:False:9,12:1676,341
> 1:False:9,13:1676,341
> 2:True:8,10:1676,341
> 3:False:9,12:1676,341
> 4:True:9,11:1676,341
> 5:False:9,13:1676,341
satellite-suboptimal-old-noisy/70/satellite_noisy_p03_hyp-3_70_2.tar.bz2:0.417083024979:0.02391474:0.41
> 0:False:9,12:1675,339
> 1:False:9,13:1675,339
> 2:True:8,10:1675,339
> 3:False:9,12:1675,339
> 4:True:9,11:1675,339
> 5:False:9,13:1675,339
satellite-suboptimal-old-noisy/70/satellite_noisy_p03_hyp-3_70_3.tar.bz2:0.415267944336:0.02328471:0.42
> 0:False:9,12:1676,341
> 1:False:9,13:1676,341
> 2:True:8,10:1676,341
> 3:False:9,13:1676,341
> 4:True:9,11:1676,341
> 5:False:9,13:1676,341
satellite-suboptimal-old-noisy/70/satellite_noisy_p03_hyp-4_70_1.tar.bz2:0.417840957642:0.02427497:0.41
> 0:False:9,13:1676,341
> 1:False:9,11:1676,341
> 2:False:8,13:1676,341
> 3:True:9,10:1676,341
> 4:False:9,13:1676,341
> 5:False:9,11:1676,341
satellite-suboptimal-old-noisy/70/satellite_noisy_p03_hyp-4_70_2.tar.bz2:0.415618896484:0.02371568:0.42
> 0:False:9,13:1676,341
> 1:False:9,11:1676,341
> 2:False:8,13:1676,341
> 3:True:9,10:1676,341
> 4:False:9,13:1676,341
> 5:False:9,11:1676,341
satellite-suboptimal-old-noisy/70/satellite_noisy_p03_hyp-4_70_3.tar.bz2:0.418277025223:0.02395972:0.42
> 0:False:9,12:1676,341
> 1:True:9,11:1676,341
> 2:False:8,12:1676,341
> 3:True:9,11:1676,341
> 4:False:9,12:1676,341
> 5:True:9,11:1676,341
satellite-suboptimal-old-noisy/100/satellite_noisy_p01_hyp-1_full_1.tar.bz2:0.638009786606:0.0932966:0.63
> 0:True:10,12:17106,1344
> 1:False:9,15:17106,1344
> 2:False:9,16:17106,1344
> 3:False:10,15:17106,1344
> 4:False:11,16:17106,1344
> 5:False:10,16:17106,1344
satellite-suboptimal-old-noisy/100/satellite_noisy_p01_hyp-1_full_2.tar.bz2:0.643218040466:0.0968882:0.64
> 0:True:10,12:17106,1344
> 1:False:9,15:17106,1344
> 2:False:9,16:17106,1344
> 3:False:10,15:17106,1344
> 4:False:11,17:17106,1344
> 5:False:10,17:17106,1344
satellite-suboptimal-old-noisy/100/satellite_noisy_p01_hyp-1_full_3.tar.bz2:0.640768051147:0.0953075:0.64
> 0:True:10,12:17105,1342
> 1:False:9,15:17105,1342
> 2:False:9,16:17105,1342
> 3:False:10,15:17105,1342
> 4:False:11,17:17105,1342
> 5:False:10,17:17105,1342
satellite-suboptimal-old-noisy/100/satellite_noisy_p01_hyp-2_full_1.tar.bz2:0.640440940857:0.0973263:0.64
> 0:False:10,18:17104,1340
> 1:True:9,11:17104,1340
> 2:False:9,17:17104,1340
> 3:False:10,13:17104,1340
> 4:False:11,16:17104,1340
> 5:False:10,16:17104,1340
satellite-suboptimal-old-noisy/100/satellite_noisy_p01_hyp-2_full_2.tar.bz2:0.640045881271:0.094914:0.63
> 0:False:10,18:17104,1340
> 1:True:9,11:17104,1340
> 2:False:9,17:17104,1340
> 3:False:10,13:17104,1340
> 4:False:11,16:17104,1340
> 5:False:10,16:17104,1340
satellite-suboptimal-old-noisy/100/satellite_noisy_p01_hyp-2_full_3.tar.bz2:0.640934944153:0.0954763:0.64
> 0:False:10,17:17105,1342
> 1:True:9,11:17105,1342
> 2:False:9,17:17105,1342
> 3:False:10,13:17105,1342
> 4:False:11,16:17105,1342
> 5:False:10,16:17105,1342
satellite-suboptimal-old-noisy/100/satellite_noisy_p01_hyp-3_full_1.tar.bz2:0.641021966934:0.0962159:0.63
> 0:False:10,16:17105,1342
> 1:False:9,15:17105,1342
> 2:True:9,12:17105,1342
> 3:False:10,15:17105,1342
> 4:False:11,17:17105,1342
> 5:False:10,15:17105,1342
satellite-suboptimal-old-noisy/100/satellite_noisy_p01_hyp-3_full_2.tar.bz2:0.641147851944:0.0944946:0.64
> 0:False:10,17:17106,1344
> 1:False:9,16:17106,1344
> 2:True:9,12:17106,1344
> 3:False:10,16:17106,1344
> 4:False:11,18:17106,1344
> 5:False:10,16:17106,1344
satellite-suboptimal-old-noisy/100/satellite_noisy_p01_hyp-3_full_3.tar.bz2:0.644822120667:0.0971352:0.65
> 0:False:10,17:17105,1342
> 1:False:9,16:17105,1342
> 2:True:9,12:17105,1342
> 3:False:10,16:17105,1342
> 4:False:11,18:17105,1342
> 5:False:10,16:17105,1342
satellite-suboptimal-old-noisy/100/satellite_noisy_p01_hyp-4_full_1.tar.bz2:0.640749931335:0.0929046:0.64
> 0:False:10,15:17107,1346
> 1:False:9,12:17107,1346
> 2:False:9,15:17107,1346
> 3:True:10,12:17107,1346
> 4:False:11,16:17107,1346
> 5:False:10,16:17107,1346
satellite-suboptimal-old-noisy/100/satellite_noisy_p01_hyp-4_full_2.tar.bz2:0.640998125076:0.0944564:0.64
> 0:False:10,15:17107,1346
> 1:False:9,12:17107,1346
> 2:False:9,15:17107,1346
> 3:True:10,12:17107,1346
> 4:False:11,16:17107,1346
> 5:False:10,16:17107,1346
satellite-suboptimal-old-noisy/100/satellite_noisy_p01_hyp-4_full_3.tar.bz2:0.643377780914:0.0966416:0.64
> 0:False:10,15:17107,1346
> 1:False:9,12:17107,1346
> 2:False:9,15:17107,1346
> 3:True:10,12:17107,1346
> 4:False:11,16:17107,1346
> 5:False:10,16:17107,1346
satellite-suboptimal-old-noisy/100/satellite_noisy_p02_hyp-1_full_1.tar.bz2:0.498473167419:0.04970067:0.5
> 0:True:12,14:7184,777
> 1:False:12,18:7184,777
> 2:False:12,17:7184,777
> 3:False:12,16:7184,777
> 4:False:12,15:7184,777
> 5:False:12,17:7184,777
satellite-suboptimal-old-noisy/100/satellite_noisy_p02_hyp-1_full_2.tar.bz2:0.502454042435:0.05181409:0.51
> 0:True:12,14:7185,779
> 1:False:12,18:7185,779
> 2:False:12,18:7185,779
> 3:False:12,16:7185,779
> 4:False:12,15:7185,779
> 5:False:12,17:7185,779
satellite-suboptimal-old-noisy/100/satellite_noisy_p02_hyp-1_full_3.tar.bz2:0.499078035355:0.05026271:0.5
> 0:True:12,14:7185,779
> 1:False:12,18:7185,779
> 2:False:12,18:7185,779
> 3:False:12,16:7185,779
> 4:False:12,15:7185,779
> 5:False:12,17:7185,779
satellite-suboptimal-old-noisy/100/satellite_noisy_p02_hyp-2_full_1.tar.bz2:0.498430967331:0.05086802:0.49
> 0:False:12,17:7185,779
> 1:True:12,14:7185,779
> 2:False:12,17:7185,779
> 3:False:12,16:7185,779
> 4:False:12,16:7185,779
> 5:False:12,15:7185,779
satellite-suboptimal-old-noisy/100/satellite_noisy_p02_hyp-2_full_2.tar.bz2:0.497975826263:0.05058431:0.5
> 0:False:12,18:7185,779
> 1:True:12,14:7185,779
> 2:False:12,17:7185,779
> 3:False:12,16:7185,779
> 4:False:12,17:7185,779
> 5:False:12,15:7185,779
satellite-suboptimal-old-noisy/100/satellite_noisy_p02_hyp-2_full_3.tar.bz2:0.497781038284:0.05032996:0.5
> 0:False:12,18:7185,779
> 1:True:12,14:7185,779
> 2:False:12,17:7185,779
> 3:False:12,16:7185,779
> 4:False:12,17:7185,779
> 5:False:12,15:7185,779
satellite-suboptimal-old-noisy/100/satellite_noisy_p02_hyp-3_full_1.tar.bz2:0.499449968338:0.05133057:0.5
> 0:False:12,18:7185,779
> 1:False:12,17:7185,779
> 2:True:12,14:7185,779
> 3:False:12,19:7185,779
> 4:False:12,19:7185,779
> 5:False:12,16:7185,779
satellite-suboptimal-old-noisy/100/satellite_noisy_p02_hyp-3_full_2.tar.bz2:0.499675035477:0.05041928:0.5
> 0:False:12,18:7184,777
> 1:False:12,17:7184,777
> 2:True:12,14:7184,777
> 3:False:12,19:7184,777
> 4:False:12,19:7184,777
> 5:False:12,16:7184,777
satellite-suboptimal-old-noisy/100/satellite_noisy_p02_hyp-3_full_3.tar.bz2:0.501807928085:0.05247675:0.5
> 0:False:12,18:7185,779
> 1:False:12,16:7185,779
> 2:True:12,14:7185,779
> 3:False:12,18:7185,779
> 4:False:12,18:7185,779
> 5:False:12,16:7185,779
satellite-suboptimal-old-noisy/100/satellite_noisy_p02_hyp-4_full_1.tar.bz2:0.501033067703:0.0507366:0.5
> 0:False:12,16:7185,779
> 1:False:12,16:7185,779
> 2:False:12,19:7185,779
> 3:True:12,14:7185,779
> 4:False:12,15:7185,779
> 5:False:12,17:7185,779
satellite-suboptimal-old-noisy/100/satellite_noisy_p02_hyp-4_full_2.tar.bz2:0.500916004181:0.05104888:0.5
> 0:False:12,16:7185,779
> 1:False:12,16:7185,779
> 2:False:12,19:7185,779
> 3:True:12,14:7185,779
> 4:False:12,15:7185,779
> 5:False:12,17:7185,779
satellite-suboptimal-old-noisy/100/satellite_noisy_p02_hyp-4_full_3.tar.bz2:0.498230934143:0.05008664:0.5
> 0:False:12,16:7185,779
> 1:False:12,16:7185,779
> 2:False:12,19:7185,779
> 3:True:12,14:7185,779
> 4:False:12,15:7185,779
> 5:False:12,17:7185,779
satellite-suboptimal-old-noisy/100/satellite_noisy_p03_hyp-1_full_1.tar.bz2:0.416696071625:0.02501159:0.42
> 0:True:9,11:1678,345
> 1:False:9,12:1678,345
> 2:False:8,12:1678,345
> 3:False:9,13:1678,345
> 4:False:9,12:1678,345
> 5:False:9,12:1678,345
satellite-suboptimal-old-noisy/100/satellite_noisy_p03_hyp-1_full_2.tar.bz2:0.416942119598:0.02517145:0.42
> 0:True:9,11:1678,345
> 1:False:9,13:1678,345
> 2:False:8,12:1678,345
> 3:False:9,14:1678,345
> 4:False:9,12:1678,345
> 5:False:9,13:1678,345
satellite-suboptimal-old-noisy/100/satellite_noisy_p03_hyp-1_full_3.tar.bz2:0.41868019104:0.02575126:0.42
> 0:True:9,11:1678,345
> 1:False:9,13:1678,345
> 2:False:8,12:1678,345
> 3:False:9,14:1678,345
> 4:False:9,12:1678,345
> 5:False:9,13:1678,345
satellite-suboptimal-old-noisy/100/satellite_noisy_p03_hyp-2_full_1.tar.bz2:0.418596982956:0.02591601:0.43
> 0:False:9,13:1677,343
> 1:True:9,11:1677,343
> 2:False:8,14:1677,343
> 3:False:9,12:1677,343
> 4:False:9,14:1677,343
> 5:True:9,11:1677,343
satellite-suboptimal-old-noisy/100/satellite_noisy_p03_hyp-2_full_2.tar.bz2:0.416049957275:0.02536147:0.42
> 0:False:9,13:1678,345
> 1:True:9,11:1678,345
> 2:False:8,14:1678,345
> 3:False:9,12:1678,345
> 4:False:9,14:1678,345
> 5:True:9,11:1678,345
satellite-suboptimal-old-noisy/100/satellite_noisy_p03_hyp-2_full_3.tar.bz2:0.41673707962:0.02597639:0.41
> 0:False:9,13:1677,343
> 1:True:9,11:1677,343
> 2:False:8,14:1677,343
> 3:False:9,12:1677,343
> 4:False:9,14:1677,343
> 5:True:9,11:1677,343
satellite-suboptimal-old-noisy/100/satellite_noisy_p03_hyp-3_full_1.tar.bz2:0.41622710228:0.02423899:0.42
> 0:False:9,13:1679,347
> 1:False:9,15:1679,347
> 2:True:8,11:1679,347
> 3:False:9,15:1679,347
> 4:True:9,12:1679,347
> 5:False:9,15:1679,347
satellite-suboptimal-old-noisy/100/satellite_noisy_p03_hyp-3_full_2.tar.bz2:0.416073799133:0.02389248:0.42
> 0:False:9,12:1678,345
> 1:False:9,14:1678,345
> 2:False:8,11:1678,345
> 3:False:9,14:1678,345
> 4:True:9,11:1678,345
> 5:False:9,14:1678,345
satellite-suboptimal-old-noisy/100/satellite_noisy_p03_hyp-3_full_3.tar.bz2:0.416438102722:0.02421393:0.41
> 0:False:9,12:1678,345
> 1:False:9,14:1678,345
> 2:False:8,11:1678,345
> 3:False:9,14:1678,345
> 4:True:9,11:1678,345
> 5:False:9,14:1678,345
satellite-suboptimal-old-noisy/100/satellite_noisy_p03_hyp-4_full_1.tar.bz2:0.416317224503:0.02475833:0.42
> 0:False:9,14:1680,349
> 1:False:9,13:1680,349
> 2:False:8,14:1680,349
> 3:True:9,12:1680,349
> 4:False:9,14:1680,349
> 5:False:9,13:1680,349
satellite-suboptimal-old-noisy/100/satellite_noisy_p03_hyp-4_full_2.tar.bz2:0.415030002594:0.02437645:0.42
> 0:False:9,13:1679,347
> 1:False:9,13:1679,347
> 2:False:8,13:1679,347
> 3:True:9,12:1679,347
> 4:False:9,13:1679,347
> 5:False:9,13:1679,347
satellite-suboptimal-old-noisy/100/satellite_noisy_p03_hyp-4_full_3.tar.bz2:0.414510965347:0.02525846:0.42
> 0:False:9,14:1679,347
> 1:False:9,13:1679,347
> 2:False:8,14:1679,347
> 3:True:9,12:1679,347
> 4:False:9,14:1679,347
> 5:False:9,13:1679,347
