satellite-optimal-old-noisy/10/satellite_noisy_p01_hyp-1_10_1.tar.bz2:0.696101903915:0.0829571:0.69
> 0:True:10,10:17094,1321
> 1:True:9,9:17094,1321
> 2:True:9,9:17094,1321
> 3:True:10,10:17094,1321
> 4:True:11,11:17094,1321
> 5:True:10,10:17094,1321
satellite-optimal-old-noisy/10/satellite_noisy_p01_hyp-1_10_2.tar.bz2:0.691031932831:0.0850814:0.69
> 0:True:10,10:17094,1321
> 1:True:9,9:17094,1321
> 2:False:9,10:17094,1321
> 3:False:10,11:17094,1321
> 4:True:11,11:17094,1321
> 5:False:10,11:17094,1321
satellite-optimal-old-noisy/10/satellite_noisy_p01_hyp-1_10_3.tar.bz2:0.703205108643:0.0791315:0.7
> 0:True:10,10:17094,1321
> 1:True:9,9:17094,1321
> 2:True:9,9:17094,1321
> 3:True:10,10:17094,1321
> 4:True:11,11:17094,1321
> 5:True:10,10:17094,1321
satellite-optimal-old-noisy/10/satellite_noisy_p01_hyp-2_10_1.tar.bz2:0.696673154831:0.0828055:0.69
> 0:False:10,13:17094,1321
> 1:True:9,9:17094,1321
> 2:False:9,12:17094,1321
> 3:False:10,11:17094,1321
> 4:True:11,11:17094,1321
> 5:False:10,12:17094,1321
satellite-optimal-old-noisy/10/satellite_noisy_p01_hyp-2_10_2.tar.bz2:0.707614898682:0.0806689:0.72
> 0:False:10,13:17094,1321
> 1:True:9,9:17094,1321
> 2:False:9,12:17094,1321
> 3:False:10,11:17094,1321
> 4:True:11,11:17094,1321
> 5:False:10,12:17094,1321
satellite-optimal-old-noisy/10/satellite_noisy_p01_hyp-2_10_3.tar.bz2:0.676661968231:0.0767417:0.68
> 0:False:10,11:17094,1321
> 1:True:9,9:17094,1321
> 2:False:9,10:17094,1321
> 3:False:10,11:17094,1321
> 4:True:11,11:17094,1321
> 5:False:10,11:17094,1321
satellite-optimal-old-noisy/10/satellite_noisy_p01_hyp-3_10_1.tar.bz2:0.700875997543:0.0795846:0.7
> 0:False:10,11:17094,1321
> 1:False:9,10:17094,1321
> 2:True:9,9:17094,1321
> 3:False:10,11:17094,1321
> 4:False:11,12:17094,1321
> 5:False:10,11:17094,1321
satellite-optimal-old-noisy/10/satellite_noisy_p01_hyp-3_10_2.tar.bz2:0.682135105133:0.07297:0.69
> 0:True:10,10:17094,1321
> 1:False:9,10:17094,1321
> 2:True:9,9:17094,1321
> 3:True:10,10:17094,1321
> 4:False:11,13:17094,1321
> 5:False:10,12:17094,1321
satellite-optimal-old-noisy/10/satellite_noisy_p01_hyp-3_10_3.tar.bz2:0.678442955017:0.0791205:0.68
> 0:True:10,10:17093,1318
> 1:True:9,9:17093,1318
> 2:True:9,9:17093,1318
> 3:True:10,10:17093,1318
> 4:True:11,11:17093,1318
> 5:True:10,10:17093,1318
satellite-optimal-old-noisy/10/satellite_noisy_p01_hyp-4_10_1.tar.bz2:0.6980509758:0.080416:0.7
> 0:True:10,10:17095,1324
> 1:False:9,10:17095,1324
> 2:False:9,10:17095,1324
> 3:True:10,10:17095,1324
> 4:False:11,12:17095,1324
> 5:False:10,11:17095,1324
satellite-optimal-old-noisy/10/satellite_noisy_p01_hyp-4_10_2.tar.bz2:0.7076151371:0.0829199:0.71
> 0:True:10,10:17095,1324
> 1:True:9,9:17095,1324
> 2:False:9,10:17095,1324
> 3:True:10,10:17095,1324
> 4:True:11,11:17095,1324
> 5:True:10,10:17095,1324
satellite-optimal-old-noisy/10/satellite_noisy_p01_hyp-4_10_3.tar.bz2:0.69695520401:0.083836:0.7
> 0:False:10,13:17095,1324
> 1:True:9,10:17095,1324
> 2:False:9,12:17095,1324
> 3:True:10,11:17095,1324
> 4:True:11,12:17095,1324
> 5:False:10,12:17095,1324
satellite-optimal-old-noisy/10/satellite_noisy_p02_hyp-1_10_1.tar.bz2:0.553812026978:0.04575185:0.55
> 0:True:12,12:7171,753
> 1:False:12,13:7171,753
> 2:False:12,13:7171,753
> 3:False:12,13:7171,753
> 4:True:12,12:7171,753
> 5:False:12,13:7171,753
satellite-optimal-old-noisy/10/satellite_noisy_p02_hyp-1_10_2.tar.bz2:0.550873994827:0.04146861:0.55
> 0:True:12,12:7171,753
> 1:True:12,12:7171,753
> 2:True:12,12:7171,753
> 3:True:12,12:7171,753
> 4:True:12,12:7171,753
> 5:True:12,12:7171,753
satellite-optimal-old-noisy/10/satellite_noisy_p02_hyp-1_10_3.tar.bz2:0.564266204834:0.04924308:0.56
> 0:True:12,12:7171,753
> 1:False:12,13:7171,753
> 2:False:12,13:7171,753
> 3:True:12,12:7171,753
> 4:True:12,12:7171,753
> 5:False:12,13:7171,753
satellite-optimal-old-noisy/10/satellite_noisy_p02_hyp-2_10_1.tar.bz2:0.550266981125:0.04130359:0.56
satellite-optimal-old-noisy/10/satellite_noisy_p02_hyp-2_10_2.tar.bz2:0.565159797668:0.04518018:0.57
> 0:False:12,14:7171,753
> 1:True:12,12:7171,753
> 2:False:12,14:7171,753
> 3:True:12,12:7171,753
> 4:False:12,13:7171,753
> 5:False:12,13:7171,753
satellite-optimal-old-noisy/10/satellite_noisy_p02_hyp-2_10_3.tar.bz2:0.564480066299:0.04809132:0.56
> 0:False:12,13:7171,753
> 1:True:12,12:7171,753
> 2:False:12,13:7171,753
> 3:True:12,12:7171,753
> 4:True:12,12:7171,753
> 5:False:12,13:7171,753
satellite-optimal-old-noisy/10/satellite_noisy_p02_hyp-3_10_1.tar.bz2:0.559967041016:0.03809205:0.56
satellite-optimal-old-noisy/10/satellite_noisy_p02_hyp-3_10_2.tar.bz2:0.565314054489:0.04530773:0.57
> 0:True:12,12:7171,753
> 1:False:12,13:7171,753
> 2:True:12,12:7171,753
> 3:False:12,13:7171,753
> 4:False:12,13:7171,753
> 5:True:12,12:7171,753
satellite-optimal-old-noisy/10/satellite_noisy_p02_hyp-3_10_3.tar.bz2:0.568639993668:0.04461516:0.57
> 0:False:12,13:7170,750
> 1:True:12,12:7170,750
> 2:True:12,12:7170,750
> 3:False:12,13:7170,750
> 4:False:12,13:7170,750
> 5:True:12,12:7170,750
satellite-optimal-old-noisy/10/satellite_noisy_p02_hyp-4_10_1.tar.bz2:0.555260181427:0.04434296:0.56
> 0:False:12,13:7171,753
> 1:True:12,12:7171,753
> 2:False:12,14:7171,753
> 3:True:12,12:7171,753
> 4:True:12,12:7171,753
> 5:False:12,13:7171,753
satellite-optimal-old-noisy/10/satellite_noisy_p02_hyp-4_10_2.tar.bz2:0.558125019073:0.04041349:0.55
> 0:True:12,13:7171,753
> 1:True:12,13:7171,753
> 2:True:12,13:7171,753
> 3:True:12,13:7171,753
> 4:True:12,13:7171,753
> 5:True:12,13:7171,753
satellite-optimal-old-noisy/10/satellite_noisy_p02_hyp-4_10_3.tar.bz2:0.575263977051:0.049982:0.57
> 0:False:12,13:7171,753
> 1:True:12,12:7171,753
> 2:False:12,13:7171,753
> 3:True:12,12:7171,753
> 4:True:12,12:7171,753
> 5:False:12,13:7171,753
satellite-optimal-old-noisy/10/satellite_noisy_p03_hyp-1_10_1.tar.bz2:0.493485927582:0.02165099:0.49
> 0:True:9,9:1667,323
> 1:True:9,9:1667,323
> 2:False:8,9:1667,323
> 3:True:9,9:1667,323
> 4:True:9,9:1667,323
> 5:True:9,9:1667,323
satellite-optimal-old-noisy/10/satellite_noisy_p03_hyp-1_10_2.tar.bz2:0.489644050598:0.01862255:0.49
> 0:True:9,9:1668,326
> 1:True:9,9:1668,326
> 2:True:8,8:1668,326
> 3:True:9,9:1668,326
> 4:True:9,9:1668,326
> 5:True:9,9:1668,326
satellite-optimal-old-noisy/10/satellite_noisy_p03_hyp-1_10_3.tar.bz2:0.487040042877:0.01991786:0.5
> 0:True:9,9:1668,326
> 1:True:9,9:1668,326
> 2:True:8,8:1668,326
> 3:True:9,9:1668,326
> 4:True:9,9:1668,326
> 5:True:9,9:1668,326
satellite-optimal-old-noisy/10/satellite_noisy_p03_hyp-2_10_1.tar.bz2:0.489767789841:0.02064677:0.48
> 0:True:9,9:1667,323
> 1:True:9,9:1667,323
> 2:True:8,8:1667,323
> 3:True:9,9:1667,323
> 4:True:9,9:1667,323
> 5:True:9,9:1667,323
satellite-optimal-old-noisy/10/satellite_noisy_p03_hyp-2_10_2.tar.bz2:0.485324859619:0.02084378:0.48
> 0:True:9,9:1667,323
> 1:True:9,9:1667,323
> 2:True:8,8:1667,323
> 3:True:9,9:1667,323
> 4:True:9,9:1667,323
> 5:True:9,9:1667,323
satellite-optimal-old-noisy/10/satellite_noisy_p03_hyp-2_10_3.tar.bz2:0.478916168213:0.0210428:0.48
> 0:True:9,9:1668,326
> 1:True:9,9:1668,326
> 2:True:8,8:1668,326
> 3:True:9,9:1668,326
> 4:True:9,9:1668,326
> 5:True:9,9:1668,326
satellite-optimal-old-noisy/10/satellite_noisy_p03_hyp-3_10_1.tar.bz2:0.501815080643:0.02244783:0.5
> 0:False:9,10:1668,326
> 1:False:9,10:1668,326
> 2:True:8,8:1668,326
> 3:True:9,9:1668,326
> 4:True:9,9:1668,326
> 5:False:9,10:1668,326
satellite-optimal-old-noisy/10/satellite_noisy_p03_hyp-3_10_2.tar.bz2:0.485206842422:0.02228394:0.49
> 0:False:9,10:1668,326
> 1:True:9,9:1668,326
> 2:False:8,9:1668,326
> 3:True:9,9:1668,326
> 4:False:9,10:1668,326
> 5:True:9,9:1668,326
satellite-optimal-old-noisy/10/satellite_noisy_p03_hyp-3_10_3.tar.bz2:0.471374034882:0.01758848:0.48
> 0:True:9,10:1668,326
> 1:True:9,10:1668,326
> 2:True:8,9:1668,326
> 3:True:9,10:1668,326
> 4:True:9,10:1668,326
> 5:True:9,10:1668,326
satellite-optimal-old-noisy/10/satellite_noisy_p03_hyp-4_10_1.tar.bz2:0.49261713028:0.02042502:0.48
> 0:True:9,9:1668,326
> 1:True:9,9:1668,326
> 2:True:8,8:1668,326
> 3:True:9,9:1668,326
> 4:True:9,9:1668,326
> 5:True:9,9:1668,326
satellite-optimal-old-noisy/10/satellite_noisy_p03_hyp-4_10_2.tar.bz2:0.491930961609:0.02229199:0.5
> 0:True:9,9:1667,323
> 1:True:9,9:1667,323
> 2:False:8,10:1667,323
> 3:True:9,9:1667,323
> 4:False:9,10:1667,323
> 5:True:9,9:1667,323
satellite-optimal-old-noisy/10/satellite_noisy_p03_hyp-4_10_3.tar.bz2:0.48485994339:0.0193672:0.48
> 0:True:9,9:1668,326
> 1:True:9,9:1668,326
> 2:True:8,8:1668,326
> 3:True:9,9:1668,326
> 4:True:9,9:1668,326
> 5:True:9,9:1668,326
satellite-optimal-old-noisy/30/satellite_noisy_p01_hyp-1_30_1.tar.bz2:0.698287963867:0.0766816:0.69
> 0:True:10,10:17096,1327
> 1:False:9,11:17096,1327
> 2:False:9,10:17096,1327
> 3:False:10,11:17096,1327
> 4:False:11,12:17096,1327
> 5:False:10,12:17096,1327
satellite-optimal-old-noisy/30/satellite_noisy_p01_hyp-1_30_2.tar.bz2:0.69130396843:0.0772036:0.69
> 0:True:10,10:17096,1327
> 1:False:9,10:17096,1327
> 2:False:9,12:17096,1327
> 3:False:10,11:17096,1327
> 4:False:11,12:17096,1327
> 5:False:10,11:17096,1327
satellite-optimal-old-noisy/30/satellite_noisy_p01_hyp-1_30_3.tar.bz2:0.682677984238:0.0651826:0.68
> 0:True:10,10:17096,1327
> 1:False:9,11:17096,1327
> 2:False:9,11:17096,1327
> 3:False:10,12:17096,1327
> 4:False:11,13:17096,1327
> 5:False:10,13:17096,1327
satellite-optimal-old-noisy/30/satellite_noisy_p01_hyp-2_30_1.tar.bz2:0.690780878067:0.0783683:0.69
> 0:False:10,11:17095,1324
> 1:True:9,9:17095,1324
> 2:False:9,12:17095,1324
> 3:False:10,11:17095,1324
> 4:True:11,11:17095,1324
> 5:False:10,11:17095,1324
satellite-optimal-old-noisy/30/satellite_noisy_p01_hyp-2_30_2.tar.bz2:0.695852994919:0.0813422:0.69
> 0:False:10,13:17096,1327
> 1:True:9,9:17096,1327
> 2:False:9,13:17096,1327
> 3:False:10,11:17096,1327
> 4:False:11,12:17096,1327
> 5:False:10,11:17096,1327
satellite-optimal-old-noisy/30/satellite_noisy_p01_hyp-2_30_3.tar.bz2:0.702111959457:0.0815025:0.71
> 0:False:10,13:17096,1327
> 1:True:9,9:17096,1327
> 2:False:9,12:17096,1327
> 3:False:10,11:17096,1327
> 4:True:11,11:17096,1327
> 5:False:10,12:17096,1327
satellite-optimal-old-noisy/30/satellite_noisy_p01_hyp-3_30_1.tar.bz2:0.696393966675:0.0853214:0.69
> 0:False:10,12:17096,1327
> 1:False:9,10:17096,1327
> 2:True:9,9:17096,1327
> 3:False:10,11:17096,1327
> 4:True:11,11:17096,1327
> 5:True:10,10:17096,1327
satellite-optimal-old-noisy/30/satellite_noisy_p01_hyp-3_30_2.tar.bz2:0.685858011246:0.0802844:0.69
> 0:False:10,11:17096,1327
> 1:False:9,11:17096,1327
> 2:True:9,9:17096,1327
> 3:False:10,11:17096,1327
> 4:False:11,14:17096,1327
> 5:False:10,12:17096,1327
satellite-optimal-old-noisy/30/satellite_noisy_p01_hyp-3_30_3.tar.bz2:0.67728805542:0.0712018:0.67
> 0:False:10,11:17096,1327
> 1:False:9,11:17096,1327
> 2:True:9,9:17096,1327
> 3:False:10,11:17096,1327
> 4:False:11,14:17096,1327
> 5:False:10,12:17096,1327
satellite-optimal-old-noisy/30/satellite_noisy_p01_hyp-4_30_1.tar.bz2:0.71079993248:0.0822896:0.71
> 0:False:10,12:17096,1327
> 1:False:9,10:17096,1327
> 2:False:9,10:17096,1327
> 3:True:10,10:17096,1327
> 4:False:11,14:17096,1327
> 5:False:10,13:17096,1327
satellite-optimal-old-noisy/30/satellite_noisy_p01_hyp-4_30_2.tar.bz2:0.663774967194:0.0659609:0.66
> 0:False:10,12:17096,1327
> 1:True:9,9:17096,1327
> 2:False:9,13:17096,1327
> 3:True:10,10:17096,1327
> 4:True:11,11:17096,1327
> 5:False:10,11:17096,1327
satellite-optimal-old-noisy/30/satellite_noisy_p01_hyp-4_30_3.tar.bz2:0.703660011292:0.0805278:0.7
> 0:True:10,10:17097,1330
> 1:False:9,10:17097,1330
> 2:False:9,10:17097,1330
> 3:True:10,10:17097,1330
> 4:False:11,13:17097,1330
> 5:False:10,12:17097,1330
satellite-optimal-old-noisy/30/satellite_noisy_p02_hyp-1_30_1.tar.bz2:0.55780506134:0.0453888:0.56
> 0:True:12,13:7173,759
> 1:False:12,14:7173,759
> 2:False:12,14:7173,759
> 3:True:12,13:7173,759
> 4:True:12,13:7173,759
> 5:False:12,14:7173,759
satellite-optimal-old-noisy/30/satellite_noisy_p02_hyp-1_30_2.tar.bz2:0.568065881729:0.04918469:0.57
> 0:True:12,13:7173,759
> 1:False:12,14:7173,759
> 2:True:12,13:7173,759
> 3:False:12,14:7173,759
> 4:False:12,14:7173,759
> 5:True:12,13:7173,759
satellite-optimal-old-noisy/30/satellite_noisy_p02_hyp-1_30_3.tar.bz2:0.575675010681:0.05113449:0.58
> 0:True:12,13:7173,759
> 1:False:12,14:7173,759
> 2:True:12,13:7173,759
> 3:True:12,13:7173,759
> 4:True:12,13:7173,759
> 5:False:12,14:7173,759
satellite-optimal-old-noisy/30/satellite_noisy_p02_hyp-2_30_1.tar.bz2:0.570652008057:0.0487605:0.57
> 0:False:12,14:7173,759
> 1:True:12,13:7173,759
> 2:True:12,13:7173,759
> 3:False:12,14:7173,759
> 4:False:12,14:7173,759
> 5:True:12,13:7173,759
satellite-optimal-old-noisy/30/satellite_noisy_p02_hyp-2_30_2.tar.bz2:0.57435798645:0.04954286:0.58
> 0:False:12,13:7173,759
> 1:True:12,12:7173,759
> 2:False:12,13:7173,759
> 3:True:12,12:7173,759
> 4:True:12,12:7173,759
> 5:True:12,12:7173,759
satellite-optimal-old-noisy/30/satellite_noisy_p02_hyp-2_30_3.tar.bz2:0.551889896393:0.0480183:0.54
> 0:False:12,13:7173,759
> 1:True:12,12:7173,759
> 2:True:12,12:7173,759
> 3:False:12,13:7173,759
> 4:False:12,13:7173,759
> 5:True:12,12:7173,759
satellite-optimal-old-noisy/30/satellite_noisy_p02_hyp-3_30_1.tar.bz2:0.551036834717:0.04594453:0.56
> 0:False:12,14:7173,759
> 1:True:12,12:7173,759
> 2:True:12,12:7173,759
> 3:False:12,14:7173,759
> 4:False:12,14:7173,759
> 5:True:12,12:7173,759
satellite-optimal-old-noisy/30/satellite_noisy_p02_hyp-3_30_2.tar.bz2:0.558792114258:0.04307979:0.56
> 0:True:12,12:7173,759
> 1:False:12,13:7173,759
> 2:True:12,12:7173,759
> 3:False:12,13:7173,759
> 4:False:12,13:7173,759
> 5:True:12,12:7173,759
satellite-optimal-old-noisy/30/satellite_noisy_p02_hyp-3_30_3.tar.bz2:0.564841032028:0.04559292:0.56
> 0:False:12,13:7173,759
> 1:False:12,14:7173,759
> 2:True:12,12:7173,759
> 3:False:12,14:7173,759
> 4:False:12,14:7173,759
> 5:False:12,13:7173,759
satellite-optimal-old-noisy/30/satellite_noisy_p02_hyp-4_30_1.tar.bz2:0.54433298111:0.04856893:0.55
> 0:False:12,14:7173,759
> 1:False:12,13:7173,759
> 2:False:12,15:7173,759
> 3:True:12,12:7173,759
> 4:False:12,13:7173,759
> 5:False:12,14:7173,759
satellite-optimal-old-noisy/30/satellite_noisy_p02_hyp-4_30_2.tar.bz2:0.561761140823:0.04897945:0.57
> 0:True:12,13:7173,759
> 1:True:12,13:7173,759
> 2:True:12,13:7173,759
> 3:True:12,13:7173,759
> 4:True:12,13:7173,759
> 5:True:12,13:7173,759
satellite-optimal-old-noisy/30/satellite_noisy_p02_hyp-4_30_3.tar.bz2:0.566966056824:0.04804678:0.56
> 0:True:12,12:7172,756
> 1:False:12,14:7172,756
> 2:False:12,15:7172,756
> 3:True:12,12:7172,756
> 4:True:12,12:7172,756
> 5:False:12,14:7172,756
satellite-optimal-old-noisy/30/satellite_noisy_p03_hyp-1_30_1.tar.bz2:0.49164891243:0.02196649:0.49
> 0:True:9,9:1670,332
> 1:False:9,10:1670,332
> 2:True:8,8:1670,332
> 3:False:9,11:1670,332
> 4:True:9,9:1670,332
> 5:False:9,10:1670,332
satellite-optimal-old-noisy/30/satellite_noisy_p03_hyp-1_30_2.tar.bz2:0.495566129684:0.01987996:0.5
> 0:True:9,9:1670,332
> 1:True:9,9:1670,332
> 2:False:8,10:1670,332
> 3:True:9,9:1670,332
> 4:False:9,10:1670,332
> 5:True:9,9:1670,332
satellite-optimal-old-noisy/30/satellite_noisy_p03_hyp-1_30_3.tar.bz2:0.481433153152:0.02147054:0.48
> 0:True:9,9:1670,332
> 1:False:9,10:1670,332
> 2:False:8,9:1670,332
> 3:False:9,10:1670,332
> 4:True:9,9:1670,332
> 5:False:9,10:1670,332
satellite-optimal-old-noisy/30/satellite_noisy_p03_hyp-2_30_1.tar.bz2:0.483096122742:0.02203811:0.49
> 0:True:9,9:1670,332
> 1:True:9,9:1670,332
> 2:True:8,8:1670,332
> 3:True:9,9:1670,332
> 4:True:9,9:1670,332
> 5:True:9,9:1670,332
satellite-optimal-old-noisy/30/satellite_noisy_p03_hyp-2_30_2.tar.bz2:0.490808010101:0.02251743:0.49
> 0:False:9,10:1670,332
> 1:True:9,9:1670,332
> 2:False:8,10:1670,332
> 3:True:9,9:1670,332
> 4:False:9,11:1670,332
> 5:True:9,9:1670,332
satellite-optimal-old-noisy/30/satellite_noisy_p03_hyp-2_30_3.tar.bz2:0.490442991257:0.02143312:0.49
> 0:True:9,9:1670,332
> 1:True:9,9:1670,332
> 2:True:8,8:1670,332
> 3:True:9,9:1670,332
> 4:True:9,9:1670,332
> 5:True:9,9:1670,332
satellite-optimal-old-noisy/30/satellite_noisy_p03_hyp-3_30_1.tar.bz2:0.489333152771:0.02214656:0.49
> 0:True:9,9:1670,332
> 1:False:9,10:1670,332
> 2:True:8,8:1670,332
> 3:False:9,11:1670,332
> 4:True:9,9:1670,332
> 5:False:9,10:1670,332
satellite-optimal-old-noisy/30/satellite_noisy_p03_hyp-3_30_2.tar.bz2:0.485914945602:0.01976197:0.48
> 0:False:9,10:1670,332
> 1:False:9,10:1670,332
> 2:True:8,8:1670,332
> 3:False:9,10:1670,332
> 4:True:9,9:1670,332
> 5:False:9,10:1670,332
satellite-optimal-old-noisy/30/satellite_noisy_p03_hyp-3_30_3.tar.bz2:0.47363615036:0.01931822:0.49
> 0:False:9,10:1670,332
> 1:False:9,10:1670,332
> 2:True:8,8:1670,332
> 3:True:9,9:1670,332
> 4:True:9,9:1670,332
> 5:False:9,10:1670,332
satellite-optimal-old-noisy/30/satellite_noisy_p03_hyp-4_30_1.tar.bz2:0.4985871315:0.02265836:0.5
> 0:False:9,10:1670,332
> 1:True:9,9:1670,332
> 2:False:8,10:1670,332
> 3:False:9,10:1670,332
> 4:False:9,10:1670,332
> 5:True:9,9:1670,332
satellite-optimal-old-noisy/30/satellite_noisy_p03_hyp-4_30_2.tar.bz2:0.480654001236:0.02039579:0.48
> 0:True:9,9:1670,332
> 1:False:9,10:1670,332
> 2:True:8,8:1670,332
> 3:True:9,9:1670,332
> 4:True:9,9:1670,332
> 5:False:9,10:1670,332
satellite-optimal-old-noisy/30/satellite_noisy_p03_hyp-4_30_3.tar.bz2:0.482707023621:0.02308435:0.48
> 0:False:9,10:1670,332
> 1:True:9,9:1670,332
> 2:False:8,9:1670,332
> 3:True:9,9:1670,332
> 4:False:9,10:1670,332
> 5:True:9,9:1670,332
satellite-optimal-old-noisy/50/satellite_noisy_p01_hyp-1_50_1.tar.bz2:0.700329065323:0.0783981:0.71
> 0:True:10,10:17098,1333
> 1:False:9,10:17098,1333
> 2:False:9,11:17098,1333
> 3:True:10,10:17098,1333
> 4:False:11,12:17098,1333
> 5:False:10,12:17098,1333
satellite-optimal-old-noisy/50/satellite_noisy_p01_hyp-1_50_2.tar.bz2:0.669402837753:0.0697973:0.66
> 0:True:10,10:17098,1333
> 1:False:9,11:17098,1333
> 2:False:9,11:17098,1333
> 3:False:10,11:17098,1333
> 4:False:11,12:17098,1333
> 5:False:10,12:17098,1333
satellite-optimal-old-noisy/50/satellite_noisy_p01_hyp-1_50_3.tar.bz2:0.701858043671:0.0802095:0.7
> 0:True:10,10:17098,1333
> 1:False:9,10:17098,1333
> 2:False:9,10:17098,1333
> 3:False:10,11:17098,1333
> 4:False:11,12:17098,1333
> 5:False:10,12:17098,1333
satellite-optimal-old-noisy/50/satellite_noisy_p01_hyp-2_50_1.tar.bz2:0.689976930618:0.0770775:0.69
> 0:False:10,13:17098,1333
> 1:True:9,9:17098,1333
> 2:False:9,11:17098,1333
> 3:False:10,11:17098,1333
> 4:False:11,13:17098,1333
> 5:False:10,12:17098,1333
satellite-optimal-old-noisy/50/satellite_noisy_p01_hyp-2_50_2.tar.bz2:0.692714929581:0.0842651:0.69
> 0:False:10,12:17098,1333
> 1:True:9,9:17098,1333
> 2:False:9,13:17098,1333
> 3:False:10,11:17098,1333
> 4:False:11,12:17098,1333
> 5:False:10,11:17098,1333
satellite-optimal-old-noisy/50/satellite_noisy_p01_hyp-2_50_3.tar.bz2:0.68910908699:0.0687715:0.69
> 0:False:10,12:17098,1333
> 1:True:9,9:17098,1333
> 2:False:9,10:17098,1333
> 3:False:10,11:17098,1333
> 4:False:11,12:17098,1333
> 5:False:10,11:17098,1333
satellite-optimal-old-noisy/50/satellite_noisy_p01_hyp-3_50_1.tar.bz2:0.681163072586:0.078256:0.68
> 0:False:10,11:17098,1333
> 1:True:9,9:17098,1333
> 2:True:9,9:17098,1333
> 3:True:10,10:17098,1333
> 4:False:11,12:17098,1333
> 5:False:10,11:17098,1333
satellite-optimal-old-noisy/50/satellite_noisy_p01_hyp-3_50_2.tar.bz2:0.682989120483:0.0748266:0.68
> 0:False:10,11:17098,1333
> 1:False:9,11:17098,1333
> 2:True:9,9:17098,1333
> 3:False:10,11:17098,1333
> 4:False:11,13:17098,1333
> 5:False:10,11:17098,1333
satellite-optimal-old-noisy/50/satellite_noisy_p01_hyp-3_50_3.tar.bz2:0.688770055771:0.0828185:0.69
> 0:False:10,11:17098,1333
> 1:False:9,10:17098,1333
> 2:True:9,9:17098,1333
> 3:False:10,11:17098,1333
> 4:False:11,12:17098,1333
> 5:False:10,11:17098,1333
satellite-optimal-old-noisy/50/satellite_noisy_p01_hyp-4_50_1.tar.bz2:0.696790933609:0.0811106:0.7
> 0:False:10,12:17100,1339
> 1:False:9,11:17100,1339
> 2:False:9,13:17100,1339
> 3:True:10,11:17100,1339
> 4:False:11,14:17100,1339
> 5:False:10,13:17100,1339
satellite-optimal-old-noisy/50/satellite_noisy_p01_hyp-4_50_2.tar.bz2:0.688102960587:0.0764745:0.69
> 0:False:10,13:17100,1339
> 1:False:9,11:17100,1339
> 2:False:9,14:17100,1339
> 3:True:10,11:17100,1339
> 4:False:11,14:17100,1339
> 5:False:10,14:17100,1339
satellite-optimal-old-noisy/50/satellite_noisy_p01_hyp-4_50_3.tar.bz2:0.691893815994:0.0755079:0.69
> 0:False:10,11:17100,1339
> 1:True:9,9:17100,1339
> 2:False:9,12:17100,1339
> 3:True:10,10:17100,1339
> 4:False:11,12:17100,1339
> 5:False:10,11:17100,1339
satellite-optimal-old-noisy/50/satellite_noisy_p02_hyp-1_50_1.tar.bz2:0.558575868607:0.04410618:0.56
> 0:True:12,13:7177,771
> 1:False:12,15:7177,771
> 2:False:12,15:7177,771
> 3:True:12,13:7177,771
> 4:True:12,13:7177,771
> 5:False:12,15:7177,771
satellite-optimal-old-noisy/50/satellite_noisy_p02_hyp-1_50_2.tar.bz2:0.571285009384:0.04856593:0.57
> 0:True:12,14:7176,768
> 1:False:12,15:7176,768
> 2:False:12,16:7176,768
> 3:True:12,14:7176,768
> 4:True:12,14:7176,768
> 5:False:12,15:7176,768
satellite-optimal-old-noisy/50/satellite_noisy_p02_hyp-1_50_3.tar.bz2:0.554349184036:0.04579676:0.55
> 0:True:12,12:7177,771
> 1:False:12,14:7177,771
> 2:False:12,14:7177,771
> 3:False:12,14:7177,771
> 4:False:12,13:7177,771
> 5:False:12,13:7177,771
satellite-optimal-old-noisy/50/satellite_noisy_p02_hyp-2_50_1.tar.bz2:0.565682888031:0.04808258:0.56
> 0:True:12,13:7177,771
> 1:True:12,13:7177,771
> 2:False:12,14:7177,771
> 3:True:12,13:7177,771
> 4:True:12,13:7177,771
> 5:True:12,13:7177,771
satellite-optimal-old-noisy/50/satellite_noisy_p02_hyp-2_50_2.tar.bz2:0.552407026291:0.04723103:0.56
> 0:False:12,16:7177,771
> 1:True:12,13:7177,771
> 2:False:12,15:7177,771
> 3:False:12,14:7177,771
> 4:False:12,15:7177,771
> 5:False:12,14:7177,771
satellite-optimal-old-noisy/50/satellite_noisy_p02_hyp-2_50_3.tar.bz2:0.554806947708:0.04302657:0.55
> 0:False:12,14:7177,771
> 1:True:12,12:7177,771
> 2:False:12,14:7177,771
> 3:False:12,13:7177,771
> 4:False:12,14:7177,771
> 5:True:12,12:7177,771
satellite-optimal-old-noisy/50/satellite_noisy_p02_hyp-3_50_1.tar.bz2:0.54697394371:0.04532436:0.54
> 0:False:12,14:7177,771
> 1:False:12,15:7177,771
> 2:True:12,13:7177,771
> 3:False:12,15:7177,771
> 4:False:12,15:7177,771
> 5:False:12,14:7177,771
satellite-optimal-old-noisy/50/satellite_noisy_p02_hyp-3_50_2.tar.bz2:0.571987867355:0.04656223:0.58
> 0:False:12,15:7177,771
> 1:False:12,15:7177,771
> 2:True:12,13:7177,771
> 3:False:12,16:7177,771
> 4:False:12,16:7177,771
> 5:False:12,14:7177,771
satellite-optimal-old-noisy/50/satellite_noisy_p02_hyp-3_50_3.tar.bz2:0.573957920074:0.04505006:0.57
> 0:False:12,13:7177,771
> 1:False:12,14:7177,771
> 2:True:12,12:7177,771
> 3:False:12,14:7177,771
> 4:False:12,14:7177,771
> 5:False:12,13:7177,771
satellite-optimal-old-noisy/50/satellite_noisy_p02_hyp-4_50_1.tar.bz2:0.578301906586:0.0445649:0.58
> 0:False:12,13:7176,768
> 1:False:12,13:7176,768
> 2:False:12,15:7176,768
> 3:True:12,12:7176,768
> 4:False:12,13:7176,768
> 5:False:12,13:7176,768
satellite-optimal-old-noisy/50/satellite_noisy_p02_hyp-4_50_2.tar.bz2:0.568214893341:0.04709969:0.57
> 0:True:12,13:7177,771
> 1:False:12,14:7177,771
> 2:False:12,14:7177,771
> 3:True:12,13:7177,771
> 4:True:12,13:7177,771
> 5:False:12,14:7177,771
satellite-optimal-old-noisy/50/satellite_noisy_p02_hyp-4_50_3.tar.bz2:0.563285827637:0.04366152:0.57
> 0:False:12,15:7177,771
> 1:True:12,13:7177,771
> 2:False:12,16:7177,771
> 3:True:12,13:7177,771
> 4:False:12,14:7177,771
> 5:False:12,14:7177,771
satellite-optimal-old-noisy/50/satellite_noisy_p03_hyp-1_50_1.tar.bz2:0.50931596756:0.02362622:0.5
> 0:True:9,9:1672,338
> 1:True:9,9:1672,338
> 2:False:8,9:1672,338
> 3:True:9,9:1672,338
> 4:True:9,9:1672,338
> 5:True:9,9:1672,338
satellite-optimal-old-noisy/50/satellite_noisy_p03_hyp-1_50_2.tar.bz2:0.498640060425:0.02354829:0.5
> 0:True:9,9:1672,338
> 1:True:9,9:1672,338
> 2:True:8,8:1672,338
> 3:True:9,9:1672,338
> 4:True:9,9:1672,338
> 5:True:9,9:1672,338
satellite-optimal-old-noisy/50/satellite_noisy_p03_hyp-1_50_3.tar.bz2:0.51872587204:0.02255282:0.52
> 0:True:9,9:1672,338
> 1:False:9,10:1672,338
> 2:False:8,9:1672,338
> 3:False:9,10:1672,338
> 4:True:9,9:1672,338
> 5:False:9,10:1672,338
satellite-optimal-old-noisy/50/satellite_noisy_p03_hyp-2_50_1.tar.bz2:0.497616052628:0.02124961:0.5
> 0:False:9,10:1672,338
> 1:True:9,9:1672,338
> 2:False:8,10:1672,338
> 3:True:9,9:1672,338
> 4:False:9,10:1672,338
> 5:True:9,9:1672,338
satellite-optimal-old-noisy/50/satellite_noisy_p03_hyp-2_50_2.tar.bz2:0.483158826828:0.02227312:0.49
> 0:True:9,9:1672,338
> 1:True:9,9:1672,338
> 2:True:8,8:1672,338
> 3:True:9,9:1672,338
> 4:True:9,9:1672,338
> 5:True:9,9:1672,338
satellite-optimal-old-noisy/50/satellite_noisy_p03_hyp-2_50_3.tar.bz2:0.490939855576:0.02302345:0.49
> 0:True:9,9:1672,338
> 1:True:9,9:1672,338
> 2:True:8,8:1672,338
> 3:True:9,9:1672,338
> 4:True:9,9:1672,338
> 5:True:9,9:1672,338
satellite-optimal-old-noisy/50/satellite_noisy_p03_hyp-3_50_1.tar.bz2:0.488493919373:0.02013557:0.49
> 0:True:9,9:1671,335
> 1:False:9,10:1671,335
> 2:True:8,8:1671,335
> 3:False:9,10:1671,335
> 4:True:9,9:1671,335
> 5:False:9,10:1671,335
satellite-optimal-old-noisy/50/satellite_noisy_p03_hyp-3_50_2.tar.bz2:0.46627497673:0.01603873:0.47
> 0:True:9,9:1672,338
> 1:False:9,10:1672,338
> 2:True:8,8:1672,338
> 3:False:9,10:1672,338
> 4:True:9,9:1672,338
> 5:False:9,10:1672,338
satellite-optimal-old-noisy/50/satellite_noisy_p03_hyp-3_50_3.tar.bz2:0.487462043762:0.02176978:0.48
> 0:False:9,10:1672,338
> 1:False:9,11:1672,338
> 2:True:8,8:1672,338
> 3:False:9,11:1672,338
> 4:True:9,9:1672,338
> 5:False:9,11:1672,338
satellite-optimal-old-noisy/50/satellite_noisy_p03_hyp-4_50_1.tar.bz2:0.491915941238:0.02162114:0.5
> 0:True:9,9:1672,338
> 1:True:9,9:1672,338
> 2:False:8,9:1672,338
> 3:True:9,9:1672,338
> 4:True:9,9:1672,338
> 5:True:9,9:1672,338
satellite-optimal-old-noisy/50/satellite_noisy_p03_hyp-4_50_2.tar.bz2:0.469699144363:0.02221978:0.47
> 0:False:9,11:1672,338
> 1:True:9,9:1672,338
> 2:False:8,11:1672,338
> 3:True:9,9:1672,338
> 4:False:9,11:1672,338
> 5:True:9,9:1672,338
satellite-optimal-old-noisy/50/satellite_noisy_p03_hyp-4_50_3.tar.bz2:0.486392021179:0.02203024:0.49
> 0:False:9,10:1672,338
> 1:True:9,9:1672,338
> 2:False:8,9:1672,338
> 3:True:9,9:1672,338
> 4:False:9,10:1672,338
> 5:True:9,9:1672,338
satellite-optimal-old-noisy/70/satellite_noisy_p01_hyp-1_70_1.tar.bz2:0.689329147339:0.0791639:0.69
> 0:True:10,10:17101,1342
> 1:False:9,12:17101,1342
> 2:False:9,12:17101,1342
> 3:False:10,12:17101,1342
> 4:False:11,14:17101,1342
> 5:False:10,14:17101,1342
satellite-optimal-old-noisy/70/satellite_noisy_p01_hyp-1_70_2.tar.bz2:0.699227809906:0.0799375:0.7
> 0:True:10,10:17101,1342
> 1:False:9,11:17101,1342
> 2:False:9,13:17101,1342
> 3:False:10,12:17101,1342
> 4:False:11,13:17101,1342
> 5:False:10,13:17101,1342
satellite-optimal-old-noisy/70/satellite_noisy_p01_hyp-1_70_3.tar.bz2:0.698343992233:0.0794844:0.7
> 0:True:10,10:17101,1342
> 1:False:9,13:17101,1342
> 2:False:9,14:17101,1342
> 3:False:10,13:17101,1342
> 4:False:11,15:17101,1342
> 5:False:10,15:17101,1342
satellite-optimal-old-noisy/70/satellite_noisy_p01_hyp-2_70_1.tar.bz2:0.687278032303:0.0827335:0.69
> 0:False:10,15:17101,1342
> 1:True:9,9:17101,1342
> 2:False:9,13:17101,1342
> 3:False:10,11:17101,1342
> 4:False:11,13:17101,1342
> 5:False:10,13:17101,1342
satellite-optimal-old-noisy/70/satellite_noisy_p01_hyp-2_70_2.tar.bz2:0.683660030365:0.0752341:0.68
> 0:False:10,16:17101,1342
> 1:True:9,9:17101,1342
> 2:False:9,14:17101,1342
> 3:False:10,11:17101,1342
> 4:False:11,14:17101,1342
> 5:False:10,14:17101,1342
satellite-optimal-old-noisy/70/satellite_noisy_p01_hyp-2_70_3.tar.bz2:0.694751977921:0.0797931:0.69
> 0:False:10,16:17101,1342
> 1:True:9,9:17101,1342
> 2:False:9,15:17101,1342
> 3:False:10,11:17101,1342
> 4:False:11,14:17101,1342
> 5:False:10,14:17101,1342
satellite-optimal-old-noisy/70/satellite_noisy_p01_hyp-3_70_1.tar.bz2:0.699106216431:0.0848708:0.71
> 0:False:10,14:17101,1342
> 1:False:9,12:17101,1342
> 2:True:9,10:17101,1342
> 3:False:10,13:17101,1342
> 4:False:11,13:17101,1342
> 5:False:10,12:17101,1342
satellite-optimal-old-noisy/70/satellite_noisy_p01_hyp-3_70_2.tar.bz2:0.687143087387:0.0817933:0.69
> 0:False:10,14:17101,1342
> 1:False:9,12:17101,1342
> 2:True:9,11:17101,1342
> 3:False:10,13:17101,1342
> 4:False:11,15:17101,1342
> 5:False:10,13:17101,1342
satellite-optimal-old-noisy/70/satellite_noisy_p01_hyp-3_70_3.tar.bz2:0.68577003479:0.077602:0.68
> 0:False:10,14:17100,1339
> 1:False:9,11:17100,1339
> 2:True:9,10:17100,1339
> 3:False:10,12:17100,1339
> 4:False:11,13:17100,1339
> 5:False:10,12:17100,1339
satellite-optimal-old-noisy/70/satellite_noisy_p01_hyp-4_70_1.tar.bz2:0.710427999496:0.0854986:0.7
> 0:False:10,13:17102,1345
> 1:False:9,11:17102,1345
> 2:False:9,13:17102,1345
> 3:True:10,11:17102,1345
> 4:False:11,14:17102,1345
> 5:False:10,14:17102,1345
satellite-optimal-old-noisy/70/satellite_noisy_p01_hyp-4_70_2.tar.bz2:0.696982145309:0.0711785:0.69
> 0:False:10,12:17102,1345
> 1:False:9,10:17102,1345
> 2:False:9,11:17102,1345
> 3:True:10,10:17102,1345
> 4:False:11,12:17102,1345
> 5:False:10,12:17102,1345
satellite-optimal-old-noisy/70/satellite_noisy_p01_hyp-4_70_3.tar.bz2:0.707968950272:0.0850837:0.7
> 0:False:10,14:17102,1345
> 1:False:9,11:17102,1345
> 2:False:9,14:17102,1345
> 3:True:10,11:17102,1345
> 4:False:11,15:17102,1345
> 5:False:10,15:17102,1345
satellite-optimal-old-noisy/70/satellite_noisy_p02_hyp-1_70_1.tar.bz2:0.558418035507:0.04611872:0.56
> 0:True:12,12:7179,777
> 1:False:12,16:7179,777
> 2:False:12,15:7179,777
> 3:False:12,14:7179,777
> 4:False:12,13:7179,777
> 5:False:12,15:7179,777
satellite-optimal-old-noisy/70/satellite_noisy_p02_hyp-1_70_2.tar.bz2:0.582197189331:0.04874382:0.58
> 0:True:12,12:7180,780
> 1:False:12,16:7180,780
> 2:False:12,16:7180,780
> 3:False:12,14:7180,780
> 4:False:12,13:7180,780
> 5:False:12,15:7180,780
satellite-optimal-old-noisy/70/satellite_noisy_p02_hyp-1_70_3.tar.bz2:0.593796014786:0.0517656:0.59
> 0:True:12,12:7179,777
> 1:False:12,15:7179,777
> 2:False:12,14:7179,777
> 3:False:12,14:7179,777
> 4:False:12,13:7179,777
> 5:False:12,14:7179,777
satellite-optimal-old-noisy/70/satellite_noisy_p02_hyp-2_70_1.tar.bz2:0.576345920563:0.05057546:0.58
> 0:False:12,14:7180,780
> 1:True:12,12:7180,780
> 2:False:12,14:7180,780
> 3:False:12,13:7180,780
> 4:False:12,13:7180,780
> 5:False:12,13:7180,780
satellite-optimal-old-noisy/70/satellite_noisy_p02_hyp-2_70_2.tar.bz2:0.575838088989:0.04859195:0.57
> 0:False:12,15:7180,780
> 1:True:12,12:7180,780
> 2:False:12,13:7180,780
> 3:False:12,14:7180,780
> 4:False:12,15:7180,780
> 5:True:12,12:7180,780
satellite-optimal-old-noisy/70/satellite_noisy_p02_hyp-2_70_3.tar.bz2:0.567053079605:0.04257167:0.57
satellite-optimal-old-noisy/70/satellite_noisy_p02_hyp-3_70_1.tar.bz2:0.574130058289:0.04969669:0.58
> 0:False:12,16:7180,780
> 1:False:12,14:7180,780
> 2:True:12,12:7180,780
> 3:False:12,16:7180,780
> 4:False:12,16:7180,780
> 5:False:12,14:7180,780
satellite-optimal-old-noisy/70/satellite_noisy_p02_hyp-3_70_2.tar.bz2:0.579415082932:0.05099005:0.57
> 0:False:12,17:7180,780
> 1:False:12,16:7180,780
> 2:True:12,13:7180,780
> 3:False:12,18:7180,780
> 4:False:12,18:7180,780
> 5:False:12,15:7180,780
satellite-optimal-old-noisy/70/satellite_noisy_p02_hyp-3_70_3.tar.bz2:0.555447816849:0.04758635:0.56
> 0:False:12,14:7179,777
> 1:False:12,14:7179,777
> 2:True:12,12:7179,777
> 3:False:12,15:7179,777
> 4:False:12,15:7179,777
> 5:False:12,13:7179,777
satellite-optimal-old-noisy/70/satellite_noisy_p02_hyp-4_70_1.tar.bz2:0.559695959091:0.0475401:0.55
satellite-optimal-old-noisy/70/satellite_noisy_p02_hyp-4_70_2.tar.bz2:0.576583862305:0.05409283:0.58
> 0:False:12,14:7180,780
> 1:False:12,13:7180,780
> 2:False:12,16:7180,780
> 3:True:12,12:7180,780
> 4:False:12,13:7180,780
> 5:False:12,14:7180,780
satellite-optimal-old-noisy/70/satellite_noisy_p02_hyp-4_70_3.tar.bz2:0.550498962402:0.04664552:0.55
> 0:False:12,13:7180,780
> 1:False:12,13:7180,780
> 2:False:12,15:7180,780
> 3:True:12,12:7180,780
> 4:False:12,13:7180,780
> 5:False:12,13:7180,780
satellite-optimal-old-noisy/70/satellite_noisy_p03_hyp-1_70_1.tar.bz2:0.487813949585:0.02380021:0.5
> 0:True:9,10:1675,347
> 1:False:9,11:1675,347
> 2:False:8,10:1675,347
> 3:False:9,12:1675,347
> 4:False:9,11:1675,347
> 5:False:9,11:1675,347
satellite-optimal-old-noisy/70/satellite_noisy_p03_hyp-1_70_2.tar.bz2:0.49379491806:0.0221296:0.49
> 0:True:9,10:1675,347
> 1:False:9,11:1675,347
> 2:False:8,11:1675,347
> 3:False:9,12:1675,347
> 4:False:9,11:1675,347
> 5:False:9,11:1675,347
satellite-optimal-old-noisy/70/satellite_noisy_p03_hyp-1_70_3.tar.bz2:0.490346908569:0.02177238:0.48
> 0:True:9,9:1675,347
> 1:False:9,11:1675,347
> 2:False:8,10:1675,347
> 3:False:9,12:1675,347
> 4:False:9,10:1675,347
> 5:False:9,11:1675,347
satellite-optimal-old-noisy/70/satellite_noisy_p03_hyp-2_70_1.tar.bz2:0.477159976959:0.02197237:0.48
> 0:False:9,11:1675,347
> 1:True:9,9:1675,347
> 2:False:8,12:1675,347
> 3:False:9,10:1675,347
> 4:False:9,12:1675,347
> 5:True:9,9:1675,347
satellite-optimal-old-noisy/70/satellite_noisy_p03_hyp-2_70_2.tar.bz2:0.488317966461:0.0218094:0.49
> 0:True:9,10:1675,347
> 1:True:9,10:1675,347
> 2:False:8,11:1675,347
> 3:False:9,11:1675,347
> 4:False:9,11:1675,347
> 5:True:9,10:1675,347
satellite-optimal-old-noisy/70/satellite_noisy_p03_hyp-2_70_3.tar.bz2:0.484410047531:0.02239735:0.49
> 0:False:9,11:1675,347
> 1:True:9,9:1675,347
> 2:False:8,12:1675,347
> 3:True:9,9:1675,347
> 4:False:9,12:1675,347
> 5:True:9,9:1675,347
satellite-optimal-old-noisy/70/satellite_noisy_p03_hyp-3_70_1.tar.bz2:0.482125043869:0.02102899:0.48
> 0:False:9,11:1675,347
> 1:False:9,12:1675,347
> 2:False:8,10:1675,347
> 3:False:9,12:1675,347
> 4:True:9,10:1675,347
> 5:False:9,12:1675,347
satellite-optimal-old-noisy/70/satellite_noisy_p03_hyp-3_70_2.tar.bz2:0.481342077255:0.01827695:0.49
satellite-optimal-old-noisy/70/satellite_noisy_p03_hyp-3_70_3.tar.bz2:0.47364115715:0.02051972:0.47
> 0:False:9,11:1674,344
> 1:False:9,13:1674,344
> 2:True:8,9:1674,344
> 3:False:9,12:1674,344
> 4:True:9,10:1674,344
> 5:False:9,13:1674,344
satellite-optimal-old-noisy/70/satellite_noisy_p03_hyp-4_70_1.tar.bz2:0.486299991608:0.02161123:0.49
> 0:False:9,12:1674,344
> 1:False:9,11:1674,344
> 2:False:8,12:1674,344
> 3:True:9,10:1674,344
> 4:False:9,12:1674,344
> 5:False:9,11:1674,344
satellite-optimal-old-noisy/70/satellite_noisy_p03_hyp-4_70_2.tar.bz2:0.501438140869:0.02434981:0.5
> 0:False:9,10:1675,347
> 1:False:9,10:1675,347
> 2:False:8,10:1675,347
> 3:True:9,9:1675,347
> 4:False:9,10:1675,347
> 5:False:9,10:1675,347
satellite-optimal-old-noisy/70/satellite_noisy_p03_hyp-4_70_3.tar.bz2:0.483817100525:0.02389919:0.49
> 0:False:9,13:1675,347
> 1:False:9,11:1675,347
> 2:False:8,12:1675,347
> 3:True:9,10:1675,347
> 4:False:9,13:1675,347
> 5:False:9,11:1675,347
satellite-optimal-old-noisy/100/satellite_noisy_p01_hyp-1_full_1.tar.bz2:0.669409990311:0.0721407:0.67
> 0:True:10,10:17104,1351
> 1:False:9,12:17104,1351
> 2:False:9,13:17104,1351
> 3:False:10,12:17104,1351
> 4:False:11,14:17104,1351
> 5:False:10,14:17104,1351
satellite-optimal-old-noisy/100/satellite_noisy_p01_hyp-1_full_2.tar.bz2:0.669900178909:0.0781691:0.66
> 0:True:10,10:17104,1351
> 1:False:9,12:17104,1351
> 2:False:9,13:17104,1351
> 3:False:10,12:17104,1351
> 4:False:11,14:17104,1351
> 5:False:10,14:17104,1351
satellite-optimal-old-noisy/100/satellite_noisy_p01_hyp-1_full_3.tar.bz2:0.70218205452:0.0794624:0.7
> 0:True:10,10:17104,1351
> 1:False:9,12:17104,1351
> 2:False:9,13:17104,1351
> 3:False:10,12:17104,1351
> 4:False:11,14:17104,1351
> 5:False:10,14:17104,1351
satellite-optimal-old-noisy/100/satellite_noisy_p01_hyp-2_full_1.tar.bz2:0.698099136353:0.0878455:0.7
> 0:False:10,15:17103,1348
> 1:True:9,9:17103,1348
> 2:False:9,14:17103,1348
> 3:False:10,11:17103,1348
> 4:False:11,13:17103,1348
> 5:False:10,13:17103,1348
satellite-optimal-old-noisy/100/satellite_noisy_p01_hyp-2_full_2.tar.bz2:0.69456911087:0.0837371:0.69
> 0:False:10,15:17102,1345
> 1:True:9,9:17102,1345
> 2:False:9,14:17102,1345
> 3:False:10,11:17102,1345
> 4:False:11,13:17102,1345
> 5:False:10,13:17102,1345
satellite-optimal-old-noisy/100/satellite_noisy_p01_hyp-2_full_3.tar.bz2:0.693406105042:0.0750073:0.69
> 0:False:10,14:17102,1345
> 1:True:9,9:17102,1345
> 2:False:9,14:17102,1345
> 3:False:10,11:17102,1345
> 4:False:11,13:17102,1345
> 5:False:10,13:17102,1345
satellite-optimal-old-noisy/100/satellite_noisy_p01_hyp-3_full_1.tar.bz2:0.691343069077:0.0831453:0.69
> 0:False:10,14:17104,1351
> 1:False:9,12:17104,1351
> 2:True:9,9:17104,1351
> 3:False:10,12:17104,1351
> 4:False:11,14:17104,1351
> 5:False:10,12:17104,1351
satellite-optimal-old-noisy/100/satellite_noisy_p01_hyp-3_full_2.tar.bz2:0.687772989273:0.0831057:0.69
> 0:False:10,15:17104,1351
> 1:False:9,13:17104,1351
> 2:True:9,10:17104,1351
> 3:False:10,13:17104,1351
> 4:False:11,15:17104,1351
> 5:False:10,12:17104,1351
satellite-optimal-old-noisy/100/satellite_noisy_p01_hyp-3_full_3.tar.bz2:0.691973924637:0.0732032:0.7
> 0:False:10,14:17104,1351
> 1:False:9,13:17104,1351
> 2:True:9,10:17104,1351
> 3:False:10,13:17104,1351
> 4:False:11,15:17104,1351
> 5:False:10,13:17104,1351
satellite-optimal-old-noisy/100/satellite_noisy_p01_hyp-4_full_1.tar.bz2:0.717428922653:0.0823829:0.72
> 0:False:10,14:17106,1357
> 1:False:9,11:17106,1357
> 2:False:9,14:17106,1357
> 3:True:10,11:17106,1357
> 4:False:11,15:17106,1357
> 5:False:10,15:17106,1357
satellite-optimal-old-noisy/100/satellite_noisy_p01_hyp-4_full_2.tar.bz2:0.695045948029:0.085483:0.69
> 0:False:10,14:17106,1357
> 1:False:9,11:17106,1357
> 2:False:9,14:17106,1357
> 3:True:10,11:17106,1357
> 4:False:11,15:17106,1357
> 5:False:10,15:17106,1357
satellite-optimal-old-noisy/100/satellite_noisy_p01_hyp-4_full_3.tar.bz2:0.686260938644:0.0785821:0.68
> 0:False:10,14:17105,1354
> 1:False:9,11:17105,1354
> 2:False:9,14:17105,1354
> 3:True:10,11:17105,1354
> 4:False:11,15:17105,1354
> 5:False:10,15:17105,1354
satellite-optimal-old-noisy/100/satellite_noisy_p02_hyp-1_full_1.tar.bz2:0.571479082108:0.03952278:0.57
satellite-optimal-old-noisy/100/satellite_noisy_p02_hyp-1_full_2.tar.bz2:0.550526857376:0.04414482:0.55
> 0:True:12,12:7184,792
> 1:False:12,16:7184,792
> 2:False:12,16:7184,792
> 3:False:12,14:7184,792
> 4:False:12,13:7184,792
> 5:False:12,15:7184,792
satellite-optimal-old-noisy/100/satellite_noisy_p02_hyp-1_full_3.tar.bz2:0.558542013168:0.04307821:0.57
satellite-optimal-old-noisy/100/satellite_noisy_p02_hyp-2_full_1.tar.bz2:0.564860105515:0.04074094:0.57
> 0:False:12,16:7184,792
> 1:True:12,12:7184,792
> 2:False:12,15:7184,792
> 3:False:12,14:7184,792
> 4:False:12,15:7184,792
> 5:False:12,13:7184,792
satellite-optimal-old-noisy/100/satellite_noisy_p02_hyp-2_full_2.tar.bz2:0.564072132111:0.04733115:0.56
> 0:False:12,17:7184,792
> 1:True:12,13:7184,792
> 2:False:12,16:7184,792
> 3:False:12,15:7184,792
> 4:False:12,16:7184,792
> 5:False:12,14:7184,792
satellite-optimal-old-noisy/100/satellite_noisy_p02_hyp-2_full_3.tar.bz2:0.563500881195:0.05026231:0.57
> 0:False:12,16:7184,792
> 1:True:12,12:7184,792
> 2:False:12,15:7184,792
> 3:False:12,14:7184,792
> 4:False:12,15:7184,792
> 5:False:12,13:7184,792
satellite-optimal-old-noisy/100/satellite_noisy_p02_hyp-3_full_1.tar.bz2:0.55826997757:0.05154166:0.56
> 0:False:12,17:7183,789
> 1:False:12,16:7183,789
> 2:True:12,13:7183,789
> 3:False:12,18:7183,789
> 4:False:12,18:7183,789
> 5:False:12,15:7183,789
satellite-optimal-old-noisy/100/satellite_noisy_p02_hyp-3_full_2.tar.bz2:0.567521810532:0.0473356:0.56
> 0:False:12,16:7184,792
> 1:False:12,15:7184,792
> 2:True:12,12:7184,792
> 3:False:12,17:7184,792
> 4:False:12,17:7184,792
> 5:False:12,14:7184,792
satellite-optimal-old-noisy/100/satellite_noisy_p02_hyp-3_full_3.tar.bz2:0.558274030685:0.04416056:0.57
> 0:False:12,16:7184,792
> 1:False:12,15:7184,792
> 2:True:12,12:7184,792
> 3:False:12,17:7184,792
> 4:False:12,17:7184,792
> 5:False:12,14:7184,792
satellite-optimal-old-noisy/100/satellite_noisy_p02_hyp-4_full_1.tar.bz2:0.570584774017:0.04873646:0.57
> 0:False:12,14:7183,789
> 1:False:12,14:7183,789
> 2:False:12,16:7183,789
> 3:True:12,12:7183,789
> 4:False:12,13:7183,789
> 5:False:12,15:7183,789
satellite-optimal-old-noisy/100/satellite_noisy_p02_hyp-4_full_2.tar.bz2:0.559478998184:0.04321427:0.55
> 0:False:12,14:7184,792
> 1:False:12,14:7184,792
> 2:False:12,17:7184,792
> 3:True:12,12:7184,792
> 4:False:12,13:7184,792
> 5:False:12,15:7184,792
satellite-optimal-old-noisy/100/satellite_noisy_p02_hyp-4_full_3.tar.bz2:0.568605899811:0.04797978:0.56
> 0:False:12,14:7183,789
> 1:False:12,14:7183,789
> 2:False:12,17:7183,789
> 3:True:12,12:7183,789
> 4:False:12,13:7183,789
> 5:False:12,15:7183,789
satellite-optimal-old-noisy/100/satellite_noisy_p03_hyp-1_full_1.tar.bz2:0.490990161896:0.0207977:0.48
> 0:True:9,9:1677,353
> 1:False:9,10:1677,353
> 2:False:8,9:1677,353
> 3:False:9,11:1677,353
> 4:True:9,9:1677,353
> 5:False:9,10:1677,353
satellite-optimal-old-noisy/100/satellite_noisy_p03_hyp-1_full_2.tar.bz2:0.487939834595:0.02363565:0.48
> 0:True:9,9:1677,353
> 1:False:9,10:1677,353
> 2:False:8,9:1677,353
> 3:False:9,11:1677,353
> 4:True:9,9:1677,353
> 5:False:9,10:1677,353
satellite-optimal-old-noisy/100/satellite_noisy_p03_hyp-1_full_3.tar.bz2:0.477506875992:0.02270156:0.47
> 0:True:9,9:1677,353
> 1:False:9,10:1677,353
> 2:False:8,9:1677,353
> 3:False:9,11:1677,353
> 4:True:9,9:1677,353
> 5:False:9,10:1677,353
satellite-optimal-old-noisy/100/satellite_noisy_p03_hyp-2_full_1.tar.bz2:0.500495910645:0.02104244:0.5
> 0:False:9,10:1677,353
> 1:True:9,9:1677,353
> 2:False:8,11:1677,353
> 3:True:9,9:1677,353
> 4:False:9,11:1677,353
> 5:True:9,9:1677,353
satellite-optimal-old-noisy/100/satellite_noisy_p03_hyp-2_full_2.tar.bz2:0.465981960297:0.02327726:0.47
> 0:False:9,10:1677,353
> 1:True:9,9:1677,353
> 2:False:8,11:1677,353
> 3:True:9,9:1677,353
> 4:False:9,11:1677,353
> 5:True:9,9:1677,353
satellite-optimal-old-noisy/100/satellite_noisy_p03_hyp-2_full_3.tar.bz2:0.492084026337:0.02463927:0.49
> 0:False:9,10:1676,350
> 1:True:9,9:1676,350
> 2:False:8,11:1676,350
> 3:False:9,10:1676,350
> 4:False:9,11:1676,350
> 5:True:9,9:1676,350
satellite-optimal-old-noisy/100/satellite_noisy_p03_hyp-3_full_1.tar.bz2:0.486865997314:0.02323229:0.49
> 0:False:9,10:1677,353
> 1:False:9,12:1677,353
> 2:True:8,8:1677,353
> 3:False:9,12:1677,353
> 4:True:9,9:1677,353
> 5:False:9,12:1677,353
satellite-optimal-old-noisy/100/satellite_noisy_p03_hyp-3_full_2.tar.bz2:0.49933385849:0.02461361:0.5
> 0:True:9,9:1677,353
> 1:False:9,11:1677,353
> 2:False:8,9:1677,353
> 3:False:9,11:1677,353
> 4:True:9,9:1677,353
> 5:False:9,11:1677,353
satellite-optimal-old-noisy/100/satellite_noisy_p03_hyp-3_full_3.tar.bz2:0.484982013702:0.02298587:0.49
> 0:False:9,10:1677,353
> 1:False:9,12:1677,353
> 2:True:8,8:1677,353
> 3:False:9,12:1677,353
> 4:True:9,9:1677,353
> 5:False:9,12:1677,353
satellite-optimal-old-noisy/100/satellite_noisy_p03_hyp-4_full_1.tar.bz2:0.48486495018:0.02305053:0.48
> 0:False:9,12:1678,356
> 1:False:9,10:1678,356
> 2:False:8,12:1678,356
> 3:True:9,9:1678,356
> 4:False:9,12:1678,356
> 5:False:9,10:1678,356
satellite-optimal-old-noisy/100/satellite_noisy_p03_hyp-4_full_2.tar.bz2:0.492985010147:0.0211178:0.5
> 0:False:9,11:1678,356
> 1:False:9,10:1678,356
> 2:False:8,11:1678,356
> 3:True:9,9:1678,356
> 4:False:9,11:1678,356
> 5:False:9,10:1678,356
satellite-optimal-old-noisy/100/satellite_noisy_p03_hyp-4_full_3.tar.bz2:0.481162071228:0.02356549:0.48
> 0:False:9,12:1678,356
> 1:False:9,11:1678,356
> 2:False:8,12:1678,356
> 3:True:9,10:1678,356
> 4:False:9,12:1678,356
> 5:False:9,11:1678,356
