satellite-optimal-old-noisy/10/satellite_noisy_p01_hyp-1_10_1.tar.bz2:0.436294078827:0.01369957:0.43
> 0:True:5,8:199,29
> 1:True:4,7:197,25
> 2:True:5,8:199,29
> 3:True:5,8:199,29
> 4:True:5,8:199,29
> 5:True:5,8:199,29
satellite-optimal-old-noisy/10/satellite_noisy_p01_hyp-1_10_2.tar.bz2:0.436768054962:0.01376995:0.43
> 0:True:5,8:199,29
> 1:True:4,7:197,25
> 2:True:5,8:199,29
> 3:True:5,8:199,29
> 4:True:5,8:199,29
> 5:True:5,8:199,29
satellite-optimal-old-noisy/10/satellite_noisy_p01_hyp-1_10_3.tar.bz2:0.438849925995:0.01400242:0.44
> 0:False:5,7:199,29
> 1:False:4,6:197,25
> 2:False:5,7:199,29
> 3:False:5,7:199,29
> 4:False:5,7:199,29
> 5:True:5,6:199,29
satellite-optimal-old-noisy/10/satellite_noisy_p01_hyp-2_10_1.tar.bz2:0.438003063202:0.01414797:0.43
> 0:False:5,7:199,29
> 1:True:4,5:197,25
> 2:False:5,7:199,29
> 3:True:5,6:199,29
> 4:True:5,6:199,29
> 5:False:5,7:199,29
satellite-optimal-old-noisy/10/satellite_noisy_p01_hyp-2_10_2.tar.bz2:0.438748121262:0.01384557:0.44
> 0:False:5,7:199,29
> 1:True:4,5:197,25
> 2:False:5,7:199,29
> 3:True:5,6:199,29
> 4:True:5,6:199,29
> 5:False:5,7:199,29
satellite-optimal-old-noisy/10/satellite_noisy_p01_hyp-2_10_3.tar.bz2:0.438066005707:0.0140101:0.44
> 0:True:5,7:199,29
> 1:True:4,6:197,25
> 2:True:5,7:199,29
> 3:True:5,7:199,29
> 4:True:5,7:199,29
> 5:True:5,7:199,29
satellite-optimal-old-noisy/10/satellite_noisy_p01_hyp-3_10_1.tar.bz2:0.438678026199:0.01375301:0.44
> 0:False:5,8:199,29
> 1:False:4,7:197,25
> 2:True:5,7:199,29
> 3:False:5,8:199,29
> 4:True:5,7:199,29
> 5:False:5,8:199,29
satellite-optimal-old-noisy/10/satellite_noisy_p01_hyp-3_10_2.tar.bz2:0.43719792366:0.01408001:0.44
> 0:True:5,5:199,29
> 1:False:4,6:197,25
> 2:False:5,6:199,29
> 3:False:5,6:199,29
> 4:False:5,7:199,29
> 5:False:5,7:199,29
satellite-optimal-old-noisy/10/satellite_noisy_p01_hyp-3_10_3.tar.bz2:0.437858819962:0.01392035:0.44
> 0:True:5,6:198,28
> 1:True:4,5:196,24
> 2:True:5,6:198,28
> 3:True:5,6:198,28
> 4:True:5,6:198,28
> 5:True:5,6:198,28
satellite-optimal-old-noisy/10/satellite_noisy_p01_hyp-4_10_1.tar.bz2:0.439543008804:0.01412735:0.44
> 0:True:5,6:200,30
> 1:False:4,6:198,26
> 2:False:5,7:200,30
> 3:True:5,6:200,30
> 4:False:5,7:200,30
> 5:False:5,7:200,30
satellite-optimal-old-noisy/10/satellite_noisy_p01_hyp-4_10_2.tar.bz2:0.436212062836:0.01378646:0.44
> 0:True:5,8:200,30
> 1:False:4,8:198,26
> 2:False:5,9:200,30
> 3:False:5,9:200,30
> 4:False:5,9:200,30
> 5:True:5,8:200,30
satellite-optimal-old-noisy/10/satellite_noisy_p01_hyp-4_10_3.tar.bz2:0.435731887817:0.01404232:0.44
> 0:False:5,10:200,30
> 1:True:4,8:198,26
> 2:False:5,10:200,30
> 3:True:5,9:200,30
> 4:True:5,9:200,30
> 5:False:5,10:200,30
satellite-optimal-old-noisy/10/satellite_noisy_p02_hyp-1_10_1.tar.bz2:0.39946603775:0.005472724:0.4
> 0:True:5,7:114,24
> 1:False:5,8:114,24
> 2:False:5,8:114,24
> 3:False:5,8:114,24
> 4:True:5,7:114,24
> 5:False:5,8:114,24
satellite-optimal-old-noisy/10/satellite_noisy_p02_hyp-1_10_2.tar.bz2:0.399193048477:0.005342439:0.41
> 0:True:5,8:114,24
> 1:True:5,8:114,24
> 2:True:5,8:114,24
> 3:True:5,8:114,24
> 4:True:5,8:114,24
> 5:True:5,8:114,24
satellite-optimal-old-noisy/10/satellite_noisy_p02_hyp-1_10_3.tar.bz2:0.398313045502:0.005326489:0.4
> 0:True:5,7:114,24
> 1:False:5,8:114,24
> 2:False:5,8:114,24
> 3:True:5,7:114,24
> 4:True:5,7:114,24
> 5:False:5,8:114,24
satellite-optimal-old-noisy/10/satellite_noisy_p02_hyp-2_10_1.tar.bz2:0.398874998093:0.005126035:0.4
> 0:True:5,7:114,24
> 1:True:5,7:114,24
> 2:False:5,8:114,24
> 3:True:5,7:114,24
> 4:True:5,7:114,24
> 5:True:5,7:114,24
satellite-optimal-old-noisy/10/satellite_noisy_p02_hyp-2_10_2.tar.bz2:0.401566982269:0.005629178:0.41
> 0:False:5,8:114,24
> 1:True:5,5:114,24
> 2:False:5,7:114,24
> 3:False:5,6:114,24
> 4:False:5,7:114,24
> 5:False:5,6:114,24
satellite-optimal-old-noisy/10/satellite_noisy_p02_hyp-2_10_3.tar.bz2:0.399410009384:0.005575866:0.4
> 0:False:5,7:114,24
> 1:True:5,6:114,24
> 2:False:5,7:114,24
> 3:True:5,6:114,24
> 4:True:5,6:114,24
> 5:False:5,7:114,24
satellite-optimal-old-noisy/10/satellite_noisy_p02_hyp-3_10_1.tar.bz2:0.401021003723:0.005525304:0.41
> 0:True:5,8:114,24
> 1:True:5,8:114,24
> 2:True:5,8:114,24
> 3:True:5,8:114,24
> 4:True:5,8:114,24
> 5:True:5,8:114,24
satellite-optimal-old-noisy/10/satellite_noisy_p02_hyp-3_10_2.tar.bz2:0.400160074234:0.005564567:0.4
> 0:True:5,7:114,24
> 1:False:5,8:114,24
> 2:True:5,7:114,24
> 3:False:5,8:114,24
> 4:False:5,8:114,24
> 5:True:5,7:114,24
satellite-optimal-old-noisy/10/satellite_noisy_p02_hyp-3_10_3.tar.bz2:0.400523900986:0.005446384:0.4
> 0:False:5,7:113,23
> 1:True:5,6:113,23
> 2:True:5,6:113,23
> 3:False:5,7:113,23
> 4:False:5,7:113,23
> 5:True:5,6:113,23
satellite-optimal-old-noisy/10/satellite_noisy_p02_hyp-4_10_1.tar.bz2:0.400058984756:0.005349863:0.39
> 0:False:5,7:114,24
> 1:True:5,6:114,24
> 2:False:5,8:114,24
> 3:True:5,6:114,24
> 4:True:5,6:114,24
> 5:False:5,7:114,24
satellite-optimal-old-noisy/10/satellite_noisy_p02_hyp-4_10_2.tar.bz2:0.398999929428:0.005359432:0.4
> 0:True:5,8:114,24
> 1:True:5,8:114,24
> 2:True:5,8:114,24
> 3:True:5,8:114,24
> 4:True:5,8:114,24
> 5:True:5,8:114,24
satellite-optimal-old-noisy/10/satellite_noisy_p02_hyp-4_10_3.tar.bz2:0.3989610672:0.005535431:0.39
> 0:False:5,8:114,24
> 1:True:5,7:114,24
> 2:False:5,8:114,24
> 3:True:5,7:114,24
> 4:True:5,7:114,24
> 5:False:5,8:114,24
satellite-optimal-old-noisy/10/satellite_noisy_p03_hyp-1_10_1.tar.bz2:0.388418197632:0.01157835:0.4
> 0:True:4,5:56,19
> 1:False:4,6:56,19
> 2:False:3,5:56,19
> 3:True:4,5:56,19
> 4:False:4,6:56,19
> 5:False:3,5:56,19
satellite-optimal-old-noisy/10/satellite_noisy_p03_hyp-1_10_2.tar.bz2:0.389705896378:0.01190172:0.4
> 0:False:4,5:57,20
> 1:True:4,4:57,20
> 2:False:3,4:57,20
> 3:False:4,5:57,20
> 4:False:4,5:57,20
> 5:True:3,3:57,20
satellite-optimal-old-noisy/10/satellite_noisy_p03_hyp-1_10_3.tar.bz2:0.389643192291:0.01204947:0.38
> 0:True:4,6:57,20
> 1:False:4,7:57,20
> 2:False:3,6:57,20
> 3:True:4,6:57,20
> 4:False:4,7:57,20
> 5:False:3,6:57,20
satellite-optimal-old-noisy/10/satellite_noisy_p03_hyp-2_10_1.tar.bz2:0.387671947479:0.01175383:0.39
> 0:True:4,5:56,19
> 1:False:4,6:56,19
> 2:False:3,5:56,19
> 3:True:4,5:56,19
> 4:False:4,6:56,19
> 5:False:3,5:56,19
satellite-optimal-old-noisy/10/satellite_noisy_p03_hyp-2_10_2.tar.bz2:0.390175104141:0.01200222:0.39
> 0:True:4,5:56,19
> 1:True:4,5:56,19
> 2:True:3,4:56,19
> 3:True:4,5:56,19
> 4:True:4,5:56,19
> 5:True:3,4:56,19
satellite-optimal-old-noisy/10/satellite_noisy_p03_hyp-2_10_3.tar.bz2:0.388496875763:0.01185787:0.39
> 0:True:4,7:57,20
> 1:True:4,7:57,20
> 2:False:3,7:57,20
> 3:True:4,7:57,20
> 4:True:4,7:57,20
> 5:False:3,7:57,20
satellite-optimal-old-noisy/10/satellite_noisy_p03_hyp-3_10_1.tar.bz2:0.390051841736:0.01183532:0.4
> 0:False:4,7:57,20
> 1:False:4,7:57,20
> 2:True:3,5:57,20
> 3:True:4,6:57,20
> 4:True:4,6:57,20
> 5:False:3,6:57,20
satellite-optimal-old-noisy/10/satellite_noisy_p03_hyp-3_10_2.tar.bz2:0.389042854309:0.01204917:0.4
> 0:False:4,6:57,20
> 1:True:4,5:57,20
> 2:False:3,6:57,20
> 3:True:4,5:57,20
> 4:False:4,6:57,20
> 5:False:3,5:57,20
satellite-optimal-old-noisy/10/satellite_noisy_p03_hyp-3_10_3.tar.bz2:0.390146970749:0.0119786:0.39
> 0:True:4,8:57,20
> 1:True:4,8:57,20
> 2:True:3,7:57,20
> 3:True:4,8:57,20
> 4:True:4,8:57,20
> 5:True:3,7:57,20
satellite-optimal-old-noisy/10/satellite_noisy_p03_hyp-4_10_1.tar.bz2:0.389990091324:0.01199644:0.38
> 0:True:4,4:57,20
> 1:True:4,4:57,20
> 2:False:3,4:57,20
> 3:False:4,5:57,20
> 4:False:4,5:57,20
> 5:True:3,3:57,20
satellite-optimal-old-noisy/10/satellite_noisy_p03_hyp-4_10_2.tar.bz2:0.390185832977:0.01204116:0.38
> 0:True:4,4:56,19
> 1:True:4,4:56,19
> 2:False:3,4:56,19
> 3:True:4,4:56,19
> 4:False:4,5:56,19
> 5:True:3,3:56,19
satellite-optimal-old-noisy/10/satellite_noisy_p03_hyp-4_10_3.tar.bz2:0.388972043991:0.01186931:0.39
> 0:True:4,7:57,20
> 1:True:4,7:57,20
> 2:True:3,6:57,20
> 3:True:4,7:57,20
> 4:True:4,7:57,20
> 5:True:3,6:57,20
satellite-optimal-old-noisy/30/satellite_noisy_p01_hyp-1_30_1.tar.bz2:0.434804916382:0.01411578:0.43
> 0:True:5,9:201,31
> 1:False:4,9:199,27
> 2:True:5,9:201,31
> 3:True:5,9:201,31
> 4:False:5,10:201,31
> 5:False:5,10:201,31
satellite-optimal-old-noisy/30/satellite_noisy_p01_hyp-1_30_2.tar.bz2:0.439003944397:0.01421904:0.43
> 0:True:5,7:201,31
> 1:False:4,7:199,27
> 2:False:5,9:201,31
> 3:False:5,8:201,31
> 4:False:5,8:201,31
> 5:False:5,8:201,31
satellite-optimal-old-noisy/30/satellite_noisy_p01_hyp-1_30_3.tar.bz2:0.437158823013:0.01382769:0.44
> 0:True:5,9:201,31
> 1:True:4,8:199,27
> 2:False:5,10:201,31
> 3:True:5,9:201,31
> 4:False:5,10:201,31
> 5:False:5,10:201,31
satellite-optimal-old-noisy/30/satellite_noisy_p01_hyp-2_30_1.tar.bz2:0.439410209656:0.0140174:0.43
> 0:True:5,7:200,30
> 1:True:4,6:198,26
> 2:False:5,8:200,30
> 3:True:5,7:200,30
> 4:True:5,7:200,30
> 5:True:5,7:200,30
satellite-optimal-old-noisy/30/satellite_noisy_p01_hyp-2_30_2.tar.bz2:0.438931941986:0.01383403:0.44
> 0:True:5,9:201,31
> 1:True:4,8:199,27
> 2:False:5,10:201,31
> 3:True:5,9:201,31
> 4:True:5,9:201,31
> 5:True:5,9:201,31
satellite-optimal-old-noisy/30/satellite_noisy_p01_hyp-2_30_3.tar.bz2:0.438883066177:0.0141001:0.45
> 0:False:5,9:201,31
> 1:True:4,7:199,27
> 2:False:5,9:201,31
> 3:True:5,8:201,31
> 4:True:5,8:201,31
> 5:False:5,9:201,31
satellite-optimal-old-noisy/30/satellite_noisy_p01_hyp-3_30_1.tar.bz2:0.439038038254:0.01384333:0.43
> 0:False:5,9:201,31
> 1:False:4,8:199,27
> 2:True:5,7:201,31
> 3:False:5,9:201,31
> 4:False:5,8:201,31
> 5:True:5,7:201,31
satellite-optimal-old-noisy/30/satellite_noisy_p01_hyp-3_30_2.tar.bz2:0.438686132431:0.01370035:0.44
> 0:False:5,8:201,31
> 1:False:4,7:199,27
> 2:True:5,7:201,31
> 3:True:5,7:201,31
> 4:False:5,9:201,31
> 5:False:5,8:201,31
satellite-optimal-old-noisy/30/satellite_noisy_p01_hyp-3_30_3.tar.bz2:0.438544988632:0.01416434:0.44
> 0:False:5,8:201,31
> 1:False:4,8:199,27
> 2:True:5,7:201,31
> 3:False:5,8:201,31
> 4:False:5,9:201,31
> 5:False:5,8:201,31
satellite-optimal-old-noisy/30/satellite_noisy_p01_hyp-4_30_1.tar.bz2:0.436024904251:0.01382543:0.44
> 0:False:5,9:201,31
> 1:False:4,8:199,27
> 2:True:5,8:201,31
> 3:True:5,8:201,31
> 4:False:5,10:201,31
> 5:False:5,10:201,31
satellite-optimal-old-noisy/30/satellite_noisy_p01_hyp-4_30_2.tar.bz2:0.439227819443:0.01407861:0.44
> 0:True:5,8:201,31
> 1:True:4,7:199,27
> 2:False:5,10:201,31
> 3:True:5,8:201,31
> 4:True:5,8:201,31
> 5:True:5,8:201,31
satellite-optimal-old-noisy/30/satellite_noisy_p01_hyp-4_30_3.tar.bz2:0.438069105148:0.01388869:0.43
> 0:True:5,9:202,32
> 1:False:4,9:200,28
> 2:False:5,10:202,32
> 3:True:5,9:202,32
> 4:False:5,11:202,32
> 5:False:5,11:202,32
satellite-optimal-old-noisy/30/satellite_noisy_p02_hyp-1_30_1.tar.bz2:0.401693820953:0.005509784:0.4
> 0:True:5,9:116,26
> 1:False:5,10:116,26
> 2:False:5,10:116,26
> 3:True:5,9:116,26
> 4:True:5,9:116,26
> 5:False:5,10:116,26
satellite-optimal-old-noisy/30/satellite_noisy_p02_hyp-1_30_2.tar.bz2:0.399869918823:0.005575147:0.4
> 0:True:5,8:116,26
> 1:False:5,10:116,26
> 2:False:5,9:116,26
> 3:False:5,10:116,26
> 4:False:5,9:116,26
> 5:False:5,9:116,26
satellite-optimal-old-noisy/30/satellite_noisy_p02_hyp-1_30_3.tar.bz2:0.400584936142:0.005542866:0.4
> 0:True:5,9:116,26
> 1:False:5,10:116,26
> 2:True:5,9:116,26
> 3:True:5,9:116,26
> 4:True:5,9:116,26
> 5:False:5,10:116,26
satellite-optimal-old-noisy/30/satellite_noisy_p02_hyp-2_30_1.tar.bz2:0.401135921478:0.005526343:0.4
> 0:False:5,10:116,26
> 1:True:5,9:116,26
> 2:True:5,9:116,26
> 3:False:5,10:116,26
> 4:False:5,10:116,26
> 5:True:5,9:116,26
satellite-optimal-old-noisy/30/satellite_noisy_p02_hyp-2_30_2.tar.bz2:0.400161981583:0.005527487:0.41
> 0:False:5,9:116,26
> 1:True:5,7:116,26
> 2:False:5,9:116,26
> 3:False:5,8:116,26
> 4:False:5,8:116,26
> 5:False:5,8:116,26
satellite-optimal-old-noisy/30/satellite_noisy_p02_hyp-2_30_3.tar.bz2:0.400473117828:0.005588472:0.4
> 0:False:5,10:116,26
> 1:True:5,9:116,26
> 2:True:5,9:116,26
> 3:False:5,10:116,26
> 4:False:5,10:116,26
> 5:True:5,9:116,26
satellite-optimal-old-noisy/30/satellite_noisy_p02_hyp-3_30_1.tar.bz2:0.401892900467:0.005584462:0.4
> 0:False:5,10:116,26
> 1:False:5,8:116,26
> 2:True:5,7:116,26
> 3:False:5,10:116,26
> 4:False:5,10:116,26
> 5:False:5,8:116,26
satellite-optimal-old-noisy/30/satellite_noisy_p02_hyp-3_30_2.tar.bz2:0.400925159454:0.005436496:0.4
> 0:True:5,9:116,26
> 1:False:5,10:116,26
> 2:True:5,9:116,26
> 3:False:5,10:116,26
> 4:False:5,10:116,26
> 5:True:5,9:116,26
satellite-optimal-old-noisy/30/satellite_noisy_p02_hyp-3_30_3.tar.bz2:0.399529933929:0.005417171:0.4
> 0:False:5,9:116,26
> 1:False:5,10:116,26
> 2:True:5,8:116,26
> 3:False:5,10:116,26
> 4:False:5,10:116,26
> 5:False:5,9:116,26
satellite-optimal-old-noisy/30/satellite_noisy_p02_hyp-4_30_1.tar.bz2:0.399346113205:0.005455242:0.4
> 0:False:5,9:116,26
> 1:True:5,7:116,26
> 2:False:5,9:116,26
> 3:True:5,7:116,26
> 4:False:5,8:116,26
> 5:False:5,8:116,26
satellite-optimal-old-noisy/30/satellite_noisy_p02_hyp-4_30_2.tar.bz2:0.399267911911:0.005377837:0.4
> 0:True:5,10:116,26
> 1:True:5,10:116,26
> 2:True:5,10:116,26
> 3:True:5,10:116,26
> 4:True:5,10:116,26
> 5:True:5,10:116,26
satellite-optimal-old-noisy/30/satellite_noisy_p02_hyp-4_30_3.tar.bz2:0.398594141006:0.005218598:0.39
> 0:True:5,6:115,25
> 1:False:5,8:115,25
> 2:False:5,9:115,25
> 3:True:5,6:115,25
> 4:True:5,6:115,25
> 5:False:5,8:115,25
satellite-optimal-old-noisy/30/satellite_noisy_p03_hyp-1_30_1.tar.bz2:0.389065027237:0.01187011:0.4
> 0:True:4,7:59,22
> 1:False:4,8:59,22
> 2:True:3,6:59,22
> 3:False:4,9:59,22
> 4:True:4,7:59,22
> 5:False:3,7:59,22
satellite-optimal-old-noisy/30/satellite_noisy_p03_hyp-1_30_2.tar.bz2:0.389398813248:0.01199914:0.38
> 0:True:4,8:59,22
> 1:False:4,9:59,22
> 2:False:3,9:59,22
> 3:True:4,8:59,22
> 4:False:4,10:59,22
> 5:False:3,8:59,22
satellite-optimal-old-noisy/30/satellite_noisy_p03_hyp-1_30_3.tar.bz2:0.388555049896:0.01188573:0.39
> 0:False:4,9:59,22
> 1:True:4,8:59,22
> 2:False:3,8:59,22
> 3:False:4,10:59,22
> 4:True:4,8:59,22
> 5:False:3,8:59,22
satellite-optimal-old-noisy/30/satellite_noisy_p03_hyp-2_30_1.tar.bz2:0.390505075455:0.0119044:0.4
> 0:True:4,9:59,22
> 1:True:4,9:59,22
> 2:True:3,8:59,22
> 3:False:4,10:59,22
> 4:True:4,9:59,22
> 5:True:3,8:59,22
satellite-optimal-old-noisy/30/satellite_noisy_p03_hyp-2_30_2.tar.bz2:0.388962984085:0.01195147:0.39
> 0:True:4,9:59,22
> 1:True:4,9:59,22
> 2:False:3,9:59,22
> 3:True:4,9:59,22
> 4:False:4,10:59,22
> 5:True:3,8:59,22
satellite-optimal-old-noisy/30/satellite_noisy_p03_hyp-2_30_3.tar.bz2:0.387791872025:0.01184734:0.38
> 0:True:4,8:59,22
> 1:False:4,9:59,22
> 2:False:3,8:59,22
> 3:True:4,8:59,22
> 4:False:4,9:59,22
> 5:False:3,8:59,22
satellite-optimal-old-noisy/30/satellite_noisy_p03_hyp-3_30_1.tar.bz2:0.39076089859:0.01191155:0.4
> 0:True:4,9:59,22
> 1:True:4,9:59,22
> 2:True:3,8:59,22
> 3:False:4,10:59,22
> 4:True:4,9:59,22
> 5:True:3,8:59,22
satellite-optimal-old-noisy/30/satellite_noisy_p03_hyp-3_30_2.tar.bz2:0.388402938843:0.01164321:0.39
> 0:False:4,8:59,22
> 1:False:4,8:59,22
> 2:False:3,7:59,22
> 3:False:4,8:59,22
> 4:True:4,7:59,22
> 5:False:3,8:59,22
satellite-optimal-old-noisy/30/satellite_noisy_p03_hyp-3_30_3.tar.bz2:0.388312101364:0.01184514:0.38
> 0:False:4,9:59,22
> 1:False:4,9:59,22
> 2:False:3,8:59,22
> 3:True:4,8:59,22
> 4:True:4,8:59,22
> 5:False:3,9:59,22
satellite-optimal-old-noisy/30/satellite_noisy_p03_hyp-4_30_1.tar.bz2:0.388720989227:0.01191776:0.38
> 0:True:4,8:59,22
> 1:True:4,8:59,22
> 2:True:3,7:59,22
> 3:False:4,9:59,22
> 4:True:4,8:59,22
> 5:True:3,7:59,22
satellite-optimal-old-noisy/30/satellite_noisy_p03_hyp-4_30_2.tar.bz2:0.390064001083:0.01208663:0.39
> 0:False:4,7:59,22
> 1:False:4,8:59,22
> 2:False:3,7:59,22
> 3:True:4,6:59,22
> 4:False:4,8:59,22
> 5:False:3,7:59,22
satellite-optimal-old-noisy/30/satellite_noisy_p03_hyp-4_30_3.tar.bz2:0.389400959015:0.01194624:0.38
> 0:True:4,10:59,22
> 1:True:4,10:59,22
> 2:False:3,10:59,22
> 3:True:4,10:59,22
> 4:True:4,10:59,22
> 5:False:3,10:59,22
satellite-optimal-old-noisy/50/satellite_noisy_p01_hyp-1_50_1.tar.bz2:0.438752889633:0.01424039:0.43
> 0:True:5,8:203,33
> 1:False:4,9:201,29
> 2:False:5,10:203,33
> 3:False:5,9:203,33
> 4:False:5,10:203,33
> 5:False:5,10:203,33
satellite-optimal-old-noisy/50/satellite_noisy_p01_hyp-1_50_2.tar.bz2:0.437053203583:0.01406706:0.44
> 0:True:5,9:203,33
> 1:False:4,10:201,29
> 2:False:5,11:203,33
> 3:False:5,10:203,33
> 4:False:5,11:203,33
> 5:False:5,11:203,33
satellite-optimal-old-noisy/50/satellite_noisy_p01_hyp-1_50_3.tar.bz2:0.43798494339:0.0139703:0.44
> 0:False:5,10:203,33
> 1:False:4,9:201,29
> 2:False:5,10:203,33
> 3:True:5,9:203,33
> 4:False:5,11:203,33
> 5:False:5,11:203,33
satellite-optimal-old-noisy/50/satellite_noisy_p01_hyp-2_50_1.tar.bz2:0.436347007751:0.01376016:0.43
> 0:False:5,12:203,33
> 1:True:4,9:201,29
> 2:False:5,11:203,33
> 3:True:5,10:203,33
> 4:False:5,12:203,33
> 5:False:5,12:203,33
satellite-optimal-old-noisy/50/satellite_noisy_p01_hyp-2_50_2.tar.bz2:0.438889980316:0.01382839:0.45
> 0:True:5,9:203,33
> 1:True:4,8:201,29
> 2:False:5,11:203,33
> 3:True:5,9:203,33
> 4:True:5,9:203,33
> 5:True:5,9:203,33
satellite-optimal-old-noisy/50/satellite_noisy_p01_hyp-2_50_3.tar.bz2:0.439504861832:0.01426685:0.44
> 0:False:5,11:203,33
> 1:True:4,9:201,29
> 2:True:5,10:203,33
> 3:True:5,10:203,33
> 4:False:5,11:203,33
> 5:False:5,11:203,33
satellite-optimal-old-noisy/50/satellite_noisy_p01_hyp-3_50_1.tar.bz2:0.436475992203:0.01391969:0.44
> 0:False:5,11:203,33
> 1:True:4,9:201,29
> 2:False:5,11:203,33
> 3:True:5,10:203,33
> 4:False:5,12:203,33
> 5:False:5,11:203,33
satellite-optimal-old-noisy/50/satellite_noisy_p01_hyp-3_50_2.tar.bz2:0.438570976257:0.01413018:0.44
> 0:False:5,11:203,33
> 1:False:4,11:201,29
> 2:True:5,9:203,33
> 3:False:5,11:203,33
> 4:False:5,11:203,33
> 5:False:5,11:203,33
satellite-optimal-old-noisy/50/satellite_noisy_p01_hyp-3_50_3.tar.bz2:0.437798976898:0.0139662:0.43
> 0:False:5,12:203,33
> 1:False:4,11:201,29
> 2:True:5,11:203,33
> 3:False:5,12:203,33
> 4:True:5,11:203,33
> 5:False:5,12:203,33
satellite-optimal-old-noisy/50/satellite_noisy_p01_hyp-4_50_1.tar.bz2:0.439332962036:0.01424269:0.45
> 0:True:5,11:205,35
> 1:False:4,12:203,31
> 2:False:5,13:205,35
> 3:False:5,12:205,35
> 4:False:5,13:205,35
> 5:False:5,12:205,35
satellite-optimal-old-noisy/50/satellite_noisy_p01_hyp-4_50_2.tar.bz2:0.438150882721:0.01416307:0.43
> 0:False:5,12:205,35
> 1:False:4,11:203,31
> 2:False:5,13:205,35
> 3:True:5,11:205,35
> 4:False:5,12:205,35
> 5:False:5,13:205,35
satellite-optimal-old-noisy/50/satellite_noisy_p01_hyp-4_50_3.tar.bz2:0.438352108002:0.01418805:0.43
> 0:False:5,13:205,35
> 1:True:4,11:203,31
> 2:False:5,14:205,35
> 3:True:5,12:205,35
> 4:False:5,13:205,35
> 5:False:5,13:205,35
satellite-optimal-old-noisy/50/satellite_noisy_p02_hyp-1_50_1.tar.bz2:0.399080991745:0.005457504:0.4
> 0:True:5,12:120,30
> 1:False:5,14:120,30
> 2:False:5,14:120,30
> 3:True:5,12:120,30
> 4:True:5,12:120,30
> 5:False:5,14:120,30
satellite-optimal-old-noisy/50/satellite_noisy_p02_hyp-1_50_2.tar.bz2:0.397813081741:0.005397333:0.4
> 0:True:5,11:119,29
> 1:False:5,12:119,29
> 2:False:5,13:119,29
> 3:True:5,11:119,29
> 4:True:5,11:119,29
> 5:False:5,12:119,29
satellite-optimal-old-noisy/50/satellite_noisy_p02_hyp-1_50_3.tar.bz2:0.399376153946:0.005520915:0.4
> 0:True:5,11:120,30
> 1:False:5,13:120,30
> 2:False:5,13:120,30
> 3:False:5,13:120,30
> 4:False:5,12:120,30
> 5:False:5,12:120,30
satellite-optimal-old-noisy/50/satellite_noisy_p02_hyp-2_50_1.tar.bz2:0.400212049484:0.005400781:0.4
> 0:True:5,11:120,30
> 1:False:5,12:120,30
> 2:False:5,13:120,30
> 3:True:5,11:120,30
> 4:True:5,11:120,30
> 5:False:5,12:120,30
satellite-optimal-old-noisy/50/satellite_noisy_p02_hyp-2_50_2.tar.bz2:0.3982629776:0.005480859:0.4
> 0:False:5,14:120,30
> 1:True:5,11:120,30
> 2:False:5,13:120,30
> 3:False:5,12:120,30
> 4:False:5,13:120,30
> 5:False:5,12:120,30
satellite-optimal-old-noisy/50/satellite_noisy_p02_hyp-2_50_3.tar.bz2:0.400301933289:0.005438931:0.4
> 0:False:5,13:120,30
> 1:True:5,11:120,30
> 2:False:5,13:120,30
> 3:False:5,12:120,30
> 4:False:5,13:120,30
> 5:True:5,11:120,30
satellite-optimal-old-noisy/50/satellite_noisy_p02_hyp-3_50_1.tar.bz2:0.402189016342:0.005725397:0.41
> 0:False:5,13:120,30
> 1:False:5,14:120,30
> 2:True:5,12:120,30
> 3:False:5,14:120,30
> 4:False:5,14:120,30
> 5:False:5,13:120,30
satellite-optimal-old-noisy/50/satellite_noisy_p02_hyp-3_50_2.tar.bz2:0.400231122971:0.005553506:0.4
> 0:False:5,12:120,30
> 1:False:5,12:120,30
> 2:True:5,10:120,30
> 3:False:5,13:120,30
> 4:False:5,13:120,30
> 5:False:5,11:120,30
satellite-optimal-old-noisy/50/satellite_noisy_p02_hyp-3_50_3.tar.bz2:0.400392055511:0.005552986:0.39
> 0:False:5,13:120,30
> 1:False:5,13:120,30
> 2:True:5,12:120,30
> 3:False:5,13:120,30
> 4:False:5,13:120,30
> 5:False:5,13:120,30
satellite-optimal-old-noisy/50/satellite_noisy_p02_hyp-4_50_1.tar.bz2:0.400027990341:0.005361828:0.4
> 0:False:5,11:119,29
> 1:False:5,11:119,29
> 2:False:5,13:119,29
> 3:True:5,10:119,29
> 4:False:5,11:119,29
> 5:False:5,11:119,29
satellite-optimal-old-noisy/50/satellite_noisy_p02_hyp-4_50_2.tar.bz2:0.401559829712:0.005589042:0.39
> 0:True:5,13:120,30
> 1:True:5,13:120,30
> 2:True:5,13:120,30
> 3:True:5,13:120,30
> 4:True:5,13:120,30
> 5:True:5,13:120,30
satellite-optimal-old-noisy/50/satellite_noisy_p02_hyp-4_50_3.tar.bz2:0.401263952255:0.00559337:0.4
> 0:False:5,13:120,30
> 1:True:5,11:120,30
> 2:False:5,14:120,30
> 3:True:5,11:120,30
> 4:False:5,12:120,30
> 5:False:5,12:120,30
satellite-optimal-old-noisy/50/satellite_noisy_p03_hyp-1_50_1.tar.bz2:0.389755010605:0.01202762:0.38
> 0:True:4,10:61,24
> 1:False:4,11:61,24
> 2:False:3,12:61,24
> 3:True:4,10:61,24
> 4:False:4,12:61,24
> 5:False:3,11:61,24
satellite-optimal-old-noisy/50/satellite_noisy_p03_hyp-1_50_2.tar.bz2:0.38880109787:0.01199036:0.39
> 0:False:4,10:61,24
> 1:True:4,8:61,24
> 2:False:3,10:61,24
> 3:False:4,9:61,24
> 4:False:4,9:61,24
> 5:False:3,9:61,24
satellite-optimal-old-noisy/50/satellite_noisy_p03_hyp-1_50_3.tar.bz2:0.389135122299:0.01189816:0.39
> 0:True:4,10:61,24
> 1:False:4,12:61,24
> 2:False:3,10:61,24
> 3:False:4,11:61,24
> 4:False:4,11:61,24
> 5:False:3,11:61,24
satellite-optimal-old-noisy/50/satellite_noisy_p03_hyp-2_50_1.tar.bz2:0.388209819794:0.01182132:0.39
> 0:False:4,11:61,24
> 1:True:4,10:61,24
> 2:False:3,11:61,24
> 3:False:4,11:61,24
> 4:False:4,11:61,24
> 5:False:3,10:61,24
satellite-optimal-old-noisy/50/satellite_noisy_p03_hyp-2_50_2.tar.bz2:0.3884370327:0.01177736:0.39
> 0:True:4,8:61,24
> 1:True:4,8:61,24
> 2:False:3,9:61,24
> 3:True:4,8:61,24
> 4:False:4,9:61,24
> 5:False:3,8:61,24
satellite-optimal-old-noisy/50/satellite_noisy_p03_hyp-2_50_3.tar.bz2:0.389748811722:0.01201414:0.39
> 0:False:4,10:61,24
> 1:True:4,9:61,24
> 2:False:3,10:61,24
> 3:False:4,10:61,24
> 4:False:4,10:61,24
> 5:False:3,9:61,24
satellite-optimal-old-noisy/50/satellite_noisy_p03_hyp-3_50_1.tar.bz2:0.38888001442:0.01189473:0.38
> 0:True:4,10:60,23
> 1:True:4,10:60,23
> 2:True:3,9:60,23
> 3:True:4,10:60,23
> 4:True:4,10:60,23
> 5:True:3,9:60,23
satellite-optimal-old-noisy/50/satellite_noisy_p03_hyp-3_50_2.tar.bz2:0.38919711113:0.01197256:0.39
> 0:False:4,11:61,24
> 1:False:4,10:61,24
> 2:False:3,9:61,24
> 3:False:4,11:61,24
> 4:True:4,9:61,24
> 5:False:3,10:61,24
satellite-optimal-old-noisy/50/satellite_noisy_p03_hyp-3_50_3.tar.bz2:0.391033887863:0.01218395:0.39
> 0:False:4,9:61,24
> 1:False:4,10:61,24
> 2:True:3,7:61,24
> 3:False:4,10:61,24
> 4:True:4,8:61,24
> 5:False:3,9:61,24
satellite-optimal-old-noisy/50/satellite_noisy_p03_hyp-4_50_1.tar.bz2:0.388286113739:0.0116475:0.39
> 0:True:4,9:61,24
> 1:True:4,9:61,24
> 2:False:3,11:61,24
> 3:True:4,9:61,24
> 4:False:4,10:61,24
> 5:False:3,10:61,24
satellite-optimal-old-noisy/50/satellite_noisy_p03_hyp-4_50_2.tar.bz2:0.390183925629:0.0121048:0.4
> 0:False:4,11:61,24
> 1:False:4,11:61,24
> 2:False:3,11:61,24
> 3:True:4,10:61,24
> 4:False:4,12:61,24
> 5:False:3,10:61,24
satellite-optimal-old-noisy/50/satellite_noisy_p03_hyp-4_50_3.tar.bz2:0.387817144394:0.0118243:0.39
> 0:False:4,10:61,24
> 1:False:4,10:61,24
> 2:False:3,11:61,24
> 3:True:4,9:61,24
> 4:False:4,11:61,24
> 5:False:3,10:61,24
satellite-optimal-old-noisy/70/satellite_noisy_p01_hyp-1_70_1.tar.bz2:0.438979148865:0.01413544:0.45
> 0:True:5,11:206,36
> 1:False:4,12:204,32
> 2:False:5,13:206,36
> 3:False:5,12:206,36
> 4:False:5,13:206,36
> 5:False:5,13:206,36
satellite-optimal-old-noisy/70/satellite_noisy_p01_hyp-1_70_2.tar.bz2:0.438070058823:0.0140617:0.44
> 0:True:5,13:206,36
> 1:False:4,14:204,32
> 2:False:5,16:206,36
> 3:False:5,15:206,36
> 4:False:5,15:206,36
> 5:False:5,14:206,36
satellite-optimal-old-noisy/70/satellite_noisy_p01_hyp-1_70_3.tar.bz2:0.437594175339:0.01434185:0.44
> 0:True:5,10:206,36
> 1:False:4,13:204,32
> 2:False:5,14:206,36
> 3:False:5,13:206,36
> 4:False:5,14:206,36
> 5:False:5,13:206,36
satellite-optimal-old-noisy/70/satellite_noisy_p01_hyp-2_70_1.tar.bz2:0.43896818161:0.01404677:0.44
> 0:False:5,16:206,36
> 1:True:4,13:204,32
> 2:False:5,15:206,36
> 3:True:5,14:206,36
> 4:False:5,15:206,36
> 5:False:5,16:206,36
satellite-optimal-old-noisy/70/satellite_noisy_p01_hyp-2_70_2.tar.bz2:0.436280012131:0.01387804:0.43
> 0:False:5,15:206,36
> 1:True:4,11:204,32
> 2:False:5,13:206,36
> 3:True:5,12:206,36
> 4:False:5,13:206,36
> 5:False:5,15:206,36
satellite-optimal-old-noisy/70/satellite_noisy_p01_hyp-2_70_3.tar.bz2:0.438114881516:0.01406582:0.44
> 0:False:5,14:206,36
> 1:True:4,10:204,32
> 2:False:5,14:206,36
> 3:True:5,11:206,36
> 4:False:5,13:206,36
> 5:False:5,14:206,36
satellite-optimal-old-noisy/70/satellite_noisy_p01_hyp-3_70_1.tar.bz2:0.438405036926:0.01400848:0.44
> 0:False:5,16:206,36
> 1:False:4,14:204,32
> 2:True:5,13:206,36
> 3:False:5,15:206,36
> 4:False:5,14:206,36
> 5:False:5,15:206,36
satellite-optimal-old-noisy/70/satellite_noisy_p01_hyp-3_70_2.tar.bz2:0.439554929733:0.01416456:0.44
> 0:False:5,15:206,36
> 1:False:4,13:204,32
> 2:True:5,12:206,36
> 3:False:5,14:206,36
> 4:False:5,14:206,36
> 5:False:5,14:206,36
satellite-optimal-old-noisy/70/satellite_noisy_p01_hyp-3_70_3.tar.bz2:0.436175107956:0.01377237:0.44
> 0:False:5,15:205,35
> 1:False:4,13:203,31
> 2:True:5,12:205,35
> 3:False:5,14:205,35
> 4:False:5,13:205,35
> 5:False:5,14:205,35
satellite-optimal-old-noisy/70/satellite_noisy_p01_hyp-4_70_1.tar.bz2:0.43750500679:0.01404142:0.44
> 0:False:5,15:207,37
> 1:False:4,13:205,33
> 2:False:5,15:207,37
> 3:True:5,13:207,37
> 4:False:5,15:207,37
> 5:False:5,16:207,37
satellite-optimal-old-noisy/70/satellite_noisy_p01_hyp-4_70_2.tar.bz2:0.43571805954:0.01382324:0.44
> 0:False:5,16:207,37
> 1:False:4,14:205,33
> 2:False:5,15:207,37
> 3:True:5,14:207,37
> 4:False:5,15:207,37
> 5:False:5,16:207,37
satellite-optimal-old-noisy/70/satellite_noisy_p01_hyp-4_70_3.tar.bz2:0.437793016434:0.01389362:0.45
> 0:False:5,15:207,37
> 1:False:4,12:205,33
> 2:False:5,14:207,37
> 3:True:5,12:207,37
> 4:False:5,14:207,37
> 5:False:5,16:207,37
satellite-optimal-old-noisy/70/satellite_noisy_p02_hyp-1_70_1.tar.bz2:0.40033197403:0.005531034:0.4
> 0:True:5,12:122,32
> 1:False:5,16:122,32
> 2:False:5,15:122,32
> 3:False:5,14:122,32
> 4:False:5,13:122,32
> 5:False:5,15:122,32
satellite-optimal-old-noisy/70/satellite_noisy_p02_hyp-1_70_2.tar.bz2:0.400256872177:0.005693339:0.4
> 0:True:5,12:123,33
> 1:False:5,16:123,33
> 2:False:5,16:123,33
> 3:False:5,14:123,33
> 4:False:5,13:123,33
> 5:False:5,15:123,33
satellite-optimal-old-noisy/70/satellite_noisy_p02_hyp-1_70_3.tar.bz2:0.402462005615:0.005694981:0.41
> 0:True:5,13:122,32
> 1:False:5,16:122,32
> 2:False:5,15:122,32
> 3:False:5,15:122,32
> 4:False:5,14:122,32
> 5:False:5,15:122,32
satellite-optimal-old-noisy/70/satellite_noisy_p02_hyp-2_70_1.tar.bz2:0.400273799896:0.005700822:0.4
> 0:False:5,16:123,33
> 1:True:5,14:123,33
> 2:False:5,16:123,33
> 3:False:5,15:123,33
> 4:False:5,15:123,33
> 5:False:5,15:123,33
satellite-optimal-old-noisy/70/satellite_noisy_p02_hyp-2_70_2.tar.bz2:0.400444984436:0.005582091:0.41
> 0:False:5,17:123,33
> 1:True:5,14:123,33
> 2:False:5,15:123,33
> 3:False:5,16:123,33
> 4:False:5,17:123,33
> 5:True:5,14:123,33
satellite-optimal-old-noisy/70/satellite_noisy_p02_hyp-2_70_3.tar.bz2:0.398916006088:0.005328334:0.4
> 0:False:5,17:123,33
> 1:True:5,14:123,33
> 2:False:5,15:123,33
> 3:False:5,16:123,33
> 4:False:5,16:123,33
> 5:False:5,15:123,33
satellite-optimal-old-noisy/70/satellite_noisy_p02_hyp-3_70_1.tar.bz2:0.399715900421:0.005623235:0.4
> 0:False:5,17:123,33
> 1:False:5,15:123,33
> 2:True:5,13:123,33
> 3:False:5,17:123,33
> 4:False:5,17:123,33
> 5:False:5,15:123,33
satellite-optimal-old-noisy/70/satellite_noisy_p02_hyp-3_70_2.tar.bz2:0.401520013809:0.00561499:0.4
> 0:False:5,15:123,33
> 1:False:5,15:123,33
> 2:True:5,12:123,33
> 3:False:5,17:123,33
> 4:False:5,16:123,33
> 5:False:5,14:123,33
satellite-optimal-old-noisy/70/satellite_noisy_p02_hyp-3_70_3.tar.bz2:0.398710012436:0.005545761:0.4
> 0:False:5,15:122,32
> 1:False:5,15:122,32
> 2:True:5,12:122,32
> 3:False:5,16:122,32
> 4:False:5,16:122,32
> 5:False:5,14:122,32
satellite-optimal-old-noisy/70/satellite_noisy_p02_hyp-4_70_1.tar.bz2:0.400191068649:0.005498413:0.41
> 0:False:5,15:123,33
> 1:False:5,15:123,33
> 2:False:5,17:123,33
> 3:True:5,14:123,33
> 4:True:5,14:123,33
> 5:False:5,16:123,33
satellite-optimal-old-noisy/70/satellite_noisy_p02_hyp-4_70_2.tar.bz2:0.399741888046:0.005500446:0.4
> 0:False:5,15:123,33
> 1:False:5,14:123,33
> 2:False:5,17:123,33
> 3:True:5,13:123,33
> 4:False:5,14:123,33
> 5:False:5,15:123,33
satellite-optimal-old-noisy/70/satellite_noisy_p02_hyp-4_70_3.tar.bz2:0.400051832199:0.005521055:0.4
> 0:False:5,15:123,33
> 1:False:5,15:123,33
> 2:False:5,16:123,33
> 3:True:5,14:123,33
> 4:False:5,15:123,33
> 5:False:5,15:123,33
satellite-optimal-old-noisy/70/satellite_noisy_p03_hyp-1_70_1.tar.bz2:0.39066696167:0.0119506:0.4
> 0:True:4,11:64,27
> 1:False:4,12:64,27
> 2:False:3,12:64,27
> 3:False:4,13:64,27
> 4:False:4,12:64,27
> 5:False:3,12:64,27
satellite-optimal-old-noisy/70/satellite_noisy_p03_hyp-1_70_2.tar.bz2:0.386188030243:0.01164406:0.38
> 0:True:4,11:64,27
> 1:False:4,13:64,27
> 2:False:3,12:64,27
> 3:False:4,13:64,27
> 4:False:4,13:64,27
> 5:False:3,12:64,27
satellite-optimal-old-noisy/70/satellite_noisy_p03_hyp-1_70_3.tar.bz2:0.3849401474:0.01141039:0.38
> 0:True:4,11:64,27
> 1:False:4,13:64,27
> 2:False:3,13:64,27
> 3:False:4,13:64,27
> 4:False:4,13:64,27
> 5:False:3,13:64,27
satellite-optimal-old-noisy/70/satellite_noisy_p03_hyp-2_70_1.tar.bz2:0.38865685463:0.01179086:0.4
> 0:False:4,13:64,27
> 1:True:4,11:64,27
> 2:False:3,13:64,27
> 3:False:4,13:64,27
> 4:False:4,13:64,27
> 5:False:3,11:64,27
satellite-optimal-old-noisy/70/satellite_noisy_p03_hyp-2_70_2.tar.bz2:0.389147996902:0.01166505:0.39
> 0:False:4,13:64,27
> 1:True:4,12:64,27
> 2:False:3,14:64,27
> 3:False:4,14:64,27
> 4:False:4,13:64,27
> 5:False:3,13:64,27
satellite-optimal-old-noisy/70/satellite_noisy_p03_hyp-2_70_3.tar.bz2:0.389415025711:0.01201215:0.4
> 0:False:4,14:64,27
> 1:True:4,12:64,27
> 2:False:3,15:64,27
> 3:False:4,13:64,27
> 4:False:4,14:64,27
> 5:False:3,13:64,27
satellite-optimal-old-noisy/70/satellite_noisy_p03_hyp-3_70_1.tar.bz2:0.391661882401:0.01207545:0.39
> 0:False:4,14:64,27
> 1:False:4,13:64,27
> 2:False:3,12:64,27
> 3:False:4,14:64,27
> 4:True:4,12:64,27
> 5:False:3,13:64,27
satellite-optimal-old-noisy/70/satellite_noisy_p03_hyp-3_70_2.tar.bz2:0.389444112778:0.01206258:0.38
> 0:False:4,13:64,27
> 1:False:4,13:64,27
> 2:True:3,11:64,27
> 3:False:4,13:64,27
> 4:True:4,12:64,27
> 5:False:3,12:64,27
satellite-optimal-old-noisy/70/satellite_noisy_p03_hyp-3_70_3.tar.bz2:0.389179944992:0.01190442:0.38
> 0:False:4,11:63,26
> 1:False:4,12:63,26
> 2:False:3,10:63,26
> 3:False:4,11:63,26
> 4:True:4,10:63,26
> 5:False:3,12:63,26
satellite-optimal-old-noisy/70/satellite_noisy_p03_hyp-4_70_1.tar.bz2:0.390893936157:0.01197398:0.4
> 0:False:4,13:63,26
> 1:False:4,13:63,26
> 2:False:3,12:63,26
> 3:True:4,12:63,26
> 4:False:4,13:63,26
> 5:False:3,12:63,26
satellite-optimal-old-noisy/70/satellite_noisy_p03_hyp-4_70_2.tar.bz2:0.389569044113:0.01191513:0.38
> 0:False:4,13:64,27
> 1:False:4,13:64,27
> 2:False:3,14:64,27
> 3:True:4,12:64,27
> 4:False:4,13:64,27
> 5:False:3,14:64,27
satellite-optimal-old-noisy/70/satellite_noisy_p03_hyp-4_70_3.tar.bz2:0.390809059143:0.01222072:0.4
> 0:False:4,14:64,27
> 1:False:4,13:64,27
> 2:False:3,13:64,27
> 3:True:4,12:64,27
> 4:False:4,14:64,27
> 5:False:3,12:64,27
satellite-optimal-old-noisy/100/satellite_noisy_p01_hyp-1_full_1.tar.bz2:0.438580036163:0.01392458:0.44
> 0:True:5,14:209,39
> 1:False:4,17:207,35
> 2:False:5,18:209,39
> 3:False:5,17:209,39
> 4:False:5,18:209,39
> 5:False:5,17:209,39
satellite-optimal-old-noisy/100/satellite_noisy_p01_hyp-1_full_2.tar.bz2:0.435001134872:0.01375369:0.43
> 0:True:5,12:209,39
> 1:False:4,15:207,35
> 2:False:5,16:209,39
> 3:False:5,15:209,39
> 4:False:5,16:209,39
> 5:False:5,14:209,39
satellite-optimal-old-noisy/100/satellite_noisy_p01_hyp-1_full_3.tar.bz2:0.436939001083:0.01388101:0.44
> 0:True:5,12:209,39
> 1:False:4,15:207,35
> 2:False:5,16:209,39
> 3:False:5,15:209,39
> 4:False:5,16:209,39
> 5:False:5,15:209,39
satellite-optimal-old-noisy/100/satellite_noisy_p01_hyp-2_full_1.tar.bz2:0.436633110046:0.01400467:0.44
> 0:False:5,15:208,38
> 1:True:4,12:206,34
> 2:False:5,15:208,38
> 3:True:5,13:208,38
> 4:False:5,14:208,38
> 5:False:5,15:208,38
satellite-optimal-old-noisy/100/satellite_noisy_p01_hyp-2_full_2.tar.bz2:0.436529159546:0.0139403:0.43
> 0:False:5,14:207,37
> 1:True:4,10:205,33
> 2:False:5,14:207,37
> 3:True:5,11:207,37
> 4:False:5,13:207,37
> 5:False:5,14:207,37
satellite-optimal-old-noisy/100/satellite_noisy_p01_hyp-2_full_3.tar.bz2:0.437855005264:0.01417967:0.44
> 0:False:5,14:207,37
> 1:True:4,10:205,33
> 2:False:5,14:207,37
> 3:True:5,11:207,37
> 4:False:5,13:207,37
> 5:False:5,14:207,37
satellite-optimal-old-noisy/100/satellite_noisy_p01_hyp-3_full_1.tar.bz2:0.437663078308:0.01373289:0.44
> 0:False:5,17:209,39
> 1:False:4,16:207,35
> 2:True:5,13:209,39
> 3:False:5,16:209,39
> 4:False:5,16:209,39
> 5:False:5,16:209,39
satellite-optimal-old-noisy/100/satellite_noisy_p01_hyp-3_full_2.tar.bz2:0.437670946121:0.01414316:0.44
> 0:False:5,17:209,39
> 1:False:4,16:207,35
> 2:True:5,13:209,39
> 3:False:5,16:209,39
> 4:False:5,16:209,39
> 5:False:5,15:209,39
satellite-optimal-old-noisy/100/satellite_noisy_p01_hyp-3_full_3.tar.bz2:0.437438964844:0.01395399:0.44
> 0:False:5,16:209,39
> 1:False:4,15:207,35
> 2:True:5,13:209,39
> 3:False:5,15:209,39
> 4:False:5,16:209,39
> 5:False:5,15:209,39
satellite-optimal-old-noisy/100/satellite_noisy_p01_hyp-4_full_1.tar.bz2:0.438503980637:0.01400493:0.45
> 0:False:5,17:211,41
> 1:False:4,15:209,37
> 2:False:5,18:211,41
> 3:True:5,15:211,41
> 4:False:5,18:211,41
> 5:False:5,18:211,41
satellite-optimal-old-noisy/100/satellite_noisy_p01_hyp-4_full_2.tar.bz2:0.438438892365:0.01401464:0.44
> 0:False:5,18:211,41
> 1:False:4,15:209,37
> 2:False:5,18:211,41
> 3:True:5,15:211,41
> 4:False:5,18:211,41
> 5:False:5,19:211,41
satellite-optimal-old-noisy/100/satellite_noisy_p01_hyp-4_full_3.tar.bz2:0.437054872513:0.01396796:0.44
> 0:False:5,17:210,40
> 1:False:4,14:208,36
> 2:False:5,17:210,40
> 3:True:5,14:210,40
> 4:False:5,17:210,40
> 5:False:5,18:210,40
satellite-optimal-old-noisy/100/satellite_noisy_p02_hyp-1_full_1.tar.bz2:0.401586055756:0.005645609:0.4
> 0:True:5,16:127,37
> 1:False:5,19:127,37
> 2:False:5,18:127,37
> 3:False:5,18:127,37
> 4:False:5,17:127,37
> 5:False:5,18:127,37
satellite-optimal-old-noisy/100/satellite_noisy_p02_hyp-1_full_2.tar.bz2:0.400390148163:0.00543841:0.41
> 0:True:5,16:127,37
> 1:False:5,20:127,37
> 2:False:5,20:127,37
> 3:False:5,18:127,37
> 4:False:5,17:127,37
> 5:False:5,19:127,37
satellite-optimal-old-noisy/100/satellite_noisy_p02_hyp-1_full_3.tar.bz2:0.401891946793:0.005604512:0.4
> 0:True:5,16:127,37
> 1:False:5,20:127,37
> 2:False:5,20:127,37
> 3:False:5,18:127,37
> 4:False:5,17:127,37
> 5:False:5,19:127,37
satellite-optimal-old-noisy/100/satellite_noisy_p02_hyp-2_full_1.tar.bz2:0.399816989899:0.005620193:0.41
> 0:False:5,20:127,37
> 1:True:5,16:127,37
> 2:False:5,19:127,37
> 3:False:5,18:127,37
> 4:False:5,19:127,37
> 5:False:5,17:127,37
satellite-optimal-old-noisy/100/satellite_noisy_p02_hyp-2_full_2.tar.bz2:0.40145778656:0.005727799:0.4
> 0:False:5,20:127,37
> 1:True:5,16:127,37
> 2:False:5,19:127,37
> 3:False:5,18:127,37
> 4:False:5,19:127,37
> 5:False:5,17:127,37
satellite-optimal-old-noisy/100/satellite_noisy_p02_hyp-2_full_3.tar.bz2:0.401051044464:0.005747609:0.4
> 0:False:5,20:127,37
> 1:True:5,16:127,37
> 2:False:5,19:127,37
> 3:False:5,18:127,37
> 4:False:5,19:127,37
> 5:False:5,17:127,37
satellite-optimal-old-noisy/100/satellite_noisy_p02_hyp-3_full_1.tar.bz2:0.401371955872:0.005717545:0.39
> 0:False:5,19:126,36
> 1:False:5,18:126,36
> 2:True:5,15:126,36
> 3:False:5,20:126,36
> 4:False:5,20:126,36
> 5:False:5,17:126,36
satellite-optimal-old-noisy/100/satellite_noisy_p02_hyp-3_full_2.tar.bz2:0.400667905807:0.005668383:0.4
> 0:False:5,20:127,37
> 1:False:5,19:127,37
> 2:True:5,16:127,37
> 3:False:5,21:127,37
> 4:False:5,21:127,37
> 5:False:5,18:127,37
satellite-optimal-old-noisy/100/satellite_noisy_p02_hyp-3_full_3.tar.bz2:0.397985935211:0.005702998:0.41
> 0:False:5,20:127,37
> 1:False:5,19:127,37
> 2:True:5,16:127,37
> 3:False:5,21:127,37
> 4:False:5,21:127,37
> 5:False:5,18:127,37
satellite-optimal-old-noisy/100/satellite_noisy_p02_hyp-4_full_1.tar.bz2:0.400687932968:0.005750917:0.4
> 0:False:5,17:126,36
> 1:False:5,17:126,36
> 2:False:5,19:126,36
> 3:True:5,15:126,36
> 4:False:5,16:126,36
> 5:False:5,18:126,36
satellite-optimal-old-noisy/100/satellite_noisy_p02_hyp-4_full_2.tar.bz2:0.402830839157:0.005775471:0.41
> 0:False:5,18:127,37
> 1:False:5,18:127,37
> 2:False:5,21:127,37
> 3:True:5,16:127,37
> 4:False:5,17:127,37
> 5:False:5,19:127,37
satellite-optimal-old-noisy/100/satellite_noisy_p02_hyp-4_full_3.tar.bz2:0.401083946228:0.005786724:0.4
> 0:False:5,17:126,36
> 1:False:5,17:126,36
> 2:False:5,20:126,36
> 3:True:5,15:126,36
> 4:False:5,16:126,36
> 5:False:5,18:126,36
satellite-optimal-old-noisy/100/satellite_noisy_p03_hyp-1_full_1.tar.bz2:0.388845205307:0.01181441:0.4
> 0:True:4,13:66,29
> 1:False:4,14:66,29
> 2:False:3,13:66,29
> 3:False:4,15:66,29
> 4:False:4,14:66,29
> 5:False:3,13:66,29
satellite-optimal-old-noisy/100/satellite_noisy_p03_hyp-1_full_2.tar.bz2:0.389418125153:0.0118075:0.38
> 0:True:4,12:66,29
> 1:False:4,14:66,29
> 2:False:3,13:66,29
> 3:False:4,14:66,29
> 4:False:4,14:66,29
> 5:False:3,13:66,29
satellite-optimal-old-noisy/100/satellite_noisy_p03_hyp-1_full_3.tar.bz2:0.389000892639:0.01177459:0.39
> 0:True:4,12:66,29
> 1:False:4,14:66,29
> 2:False:3,13:66,29
> 3:False:4,14:66,29
> 4:False:4,14:66,29
> 5:False:3,13:66,29
satellite-optimal-old-noisy/100/satellite_noisy_p03_hyp-2_full_1.tar.bz2:0.389332056046:0.01204801:0.4
> 0:False:4,14:66,29
> 1:True:4,12:66,29
> 2:False:3,15:66,29
> 3:False:4,14:66,29
> 4:False:4,14:66,29
> 5:False:3,13:66,29
satellite-optimal-old-noisy/100/satellite_noisy_p03_hyp-2_full_2.tar.bz2:0.389307022095:0.01196805:0.39
> 0:False:4,15:66,29
> 1:True:4,13:66,29
> 2:False:3,15:66,29
> 3:False:4,15:66,29
> 4:False:4,15:66,29
> 5:False:3,13:66,29
satellite-optimal-old-noisy/100/satellite_noisy_p03_hyp-2_full_3.tar.bz2:0.389275074005:0.01171825:0.39
> 0:False:4,12:65,28
> 1:True:4,11:65,28
> 2:False:3,13:65,28
> 3:False:4,12:65,28
> 4:False:4,13:65,28
> 5:False:3,11:65,28
satellite-optimal-old-noisy/100/satellite_noisy_p03_hyp-3_full_1.tar.bz2:0.389070987701:0.01197155:0.38
> 0:False:4,15:66,29
> 1:False:4,16:66,29
> 2:True:3,13:66,29
> 3:False:4,16:66,29
> 4:True:4,14:66,29
> 5:False:3,15:66,29
satellite-optimal-old-noisy/100/satellite_noisy_p03_hyp-3_full_2.tar.bz2:0.388221979141:0.01180184:0.39
> 0:False:4,13:66,29
> 1:False:4,13:66,29
> 2:False:3,12:66,29
> 3:False:4,14:66,29
> 4:True:4,12:66,29
> 5:False:3,13:66,29
satellite-optimal-old-noisy/100/satellite_noisy_p03_hyp-3_full_3.tar.bz2:0.388831853867:0.01174931:0.38
> 0:True:4,14:66,29
> 1:False:4,16:66,29
> 2:True:3,13:66,29
> 3:False:4,15:66,29
> 4:True:4,14:66,29
> 5:False:3,15:66,29
satellite-optimal-old-noisy/100/satellite_noisy_p03_hyp-4_full_1.tar.bz2:0.389156103134:0.01182833:0.38
> 0:False:4,16:67,30
> 1:False:4,16:67,30
> 2:False:3,17:67,30
> 3:True:4,14:67,30
> 4:False:4,17:67,30
> 5:False:3,16:67,30
satellite-optimal-old-noisy/100/satellite_noisy_p03_hyp-4_full_2.tar.bz2:0.389153003693:0.01176864:0.39
> 0:False:4,15:67,30
> 1:False:4,15:67,30
> 2:False:3,16:67,30
> 3:True:4,13:67,30
> 4:False:4,16:67,30
> 5:False:3,15:67,30
satellite-optimal-old-noisy/100/satellite_noisy_p03_hyp-4_full_3.tar.bz2:0.388553857803:0.01178388:0.39
> 0:False:4,16:67,30
> 1:False:4,15:67,30
> 2:False:3,16:67,30
> 3:True:4,14:67,30
> 4:False:4,16:67,30
> 5:False:3,15:67,30
