satellite-suboptimal-old-noisy/10/satellite_noisy_p01_hyp-1_10_1.tar.bz2:0.470032930374:0.04338315:0.47
> 0:False:5,10:597,406
> 1:False:4,9:595,402
> 2:True:5,9:597,406
> 3:False:5,10:597,406
> 4:False:5,10:597,406
> 5:True:5,9:597,406
satellite-suboptimal-old-noisy/10/satellite_noisy_p01_hyp-1_10_2.tar.bz2:0.45970082283:0.03277874:0.46
> 0:True:5,8:490,290
> 1:True:4,7:488,286
> 2:False:5,9:490,290
> 3:True:5,8:490,290
> 4:False:5,9:490,290
> 5:False:5,9:490,290
satellite-suboptimal-old-noisy/10/satellite_noisy_p01_hyp-1_10_3.tar.bz2:0.450377941132:0.02509731:0.46
> 0:True:5,7:384,235
> 1:True:4,6:382,231
> 2:False:5,9:384,235
> 3:True:5,7:384,235
> 4:True:5,7:384,235
> 5:True:5,7:384,235
satellite-suboptimal-old-noisy/10/satellite_noisy_p01_hyp-2_10_1.tar.bz2:0.45406794548:0.03001534:0.45
> 0:True:5,9:426,220
> 1:True:4,8:424,216
> 2:True:5,9:426,220
> 3:True:5,9:426,220
> 4:True:5,9:426,220
> 5:True:5,9:426,220
satellite-suboptimal-old-noisy/10/satellite_noisy_p01_hyp-2_10_2.tar.bz2:0.451865911484:0.02674294:0.46
> 0:False:5,9:392,114
> 1:True:4,7:390,110
> 2:False:5,9:392,114
> 3:True:5,8:392,114
> 4:False:5,9:392,114
> 5:False:5,9:392,114
satellite-suboptimal-old-noisy/10/satellite_noisy_p01_hyp-2_10_3.tar.bz2:0.462650060654:0.03560391:0.46
> 0:False:5,9:545,294
> 1:True:4,7:543,290
> 2:False:5,9:545,294
> 3:True:5,8:545,294
> 4:False:5,9:545,294
> 5:False:5,9:545,294
satellite-suboptimal-old-noisy/10/satellite_noisy_p01_hyp-3_10_1.tar.bz2:0.444679021835:0.0201574:0.44
> 0:False:5,7:297,140
> 1:True:4,5:295,136
> 2:True:5,6:297,140
> 3:True:5,6:297,140
> 4:False:5,7:297,140
> 5:True:5,6:297,140
satellite-suboptimal-old-noisy/10/satellite_noisy_p01_hyp-3_10_2.tar.bz2:0.458935976028:0.03246589:0.46
> 0:False:5,8:443,266
> 1:False:4,7:441,262
> 2:False:5,8:443,266
> 3:True:5,7:443,266
> 4:False:5,9:443,266
> 5:False:5,9:443,266
satellite-suboptimal-old-noisy/10/satellite_noisy_p01_hyp-3_10_3.tar.bz2:0.464684963226:0.03714056:0.47
> 0:False:5,9:450,317
> 1:False:4,8:448,313
> 2:True:5,8:450,317
> 3:False:5,9:450,317
> 4:False:5,9:450,317
> 5:True:5,8:450,317
satellite-suboptimal-old-noisy/10/satellite_noisy_p01_hyp-4_10_1.tar.bz2:0.457499980927:0.03298215:0.46
> 0:False:5,8:491,291
> 1:True:4,6:489,287
> 2:False:5,9:491,291
> 3:True:5,7:491,291
> 4:False:5,8:491,291
> 5:False:5,8:491,291
satellite-suboptimal-old-noisy/10/satellite_noisy_p01_hyp-4_10_2.tar.bz2:0.456772089005:0.03075457:0.45
> 0:False:5,9:506,375
> 1:True:4,6:504,371
> 2:False:5,9:506,375
> 3:True:5,7:506,375
> 4:False:5,8:506,375
> 5:False:5,9:506,375
satellite-suboptimal-old-noisy/10/satellite_noisy_p01_hyp-4_10_3.tar.bz2:0.445759057999:0.02307473:0.45
> 0:True:5,7:361,201
> 1:True:4,6:359,197
> 2:False:5,9:361,201
> 3:True:5,7:361,201
> 4:False:5,8:361,201
> 5:True:5,7:361,201
satellite-suboptimal-old-noisy/10/satellite_noisy_p02_hyp-1_10_1.tar.bz2:0.406923055649:0.01443522:0.4
> 0:True:5,6:323,259
> 1:False:5,7:323,259
> 2:False:5,8:323,259
> 3:True:5,6:323,259
> 4:True:5,6:323,259
> 5:False:5,7:323,259
satellite-suboptimal-old-noisy/10/satellite_noisy_p02_hyp-1_10_2.tar.bz2:0.408035993576:0.01269598:0.41
> 0:True:5,8:243,166
> 1:True:5,8:243,166
> 2:True:5,8:243,166
> 3:True:5,8:243,166
> 4:True:5,8:243,166
> 5:True:5,8:243,166
satellite-suboptimal-old-noisy/10/satellite_noisy_p02_hyp-1_10_3.tar.bz2:0.425383090973:0.02701877:0.43
> 0:False:5,8:379,249
> 1:True:5,7:379,249
> 2:True:5,7:379,249
> 3:False:5,8:379,249
> 4:False:5,8:379,249
> 5:True:5,7:379,249
satellite-suboptimal-old-noisy/10/satellite_noisy_p02_hyp-2_10_1.tar.bz2:0.416468858719:0.02000618:0.42
> 0:False:5,7:446,349
> 1:True:5,6:446,349
> 2:False:5,8:446,349
> 3:True:5,6:446,349
> 4:True:5,6:446,349
> 5:False:5,7:446,349
satellite-suboptimal-old-noisy/10/satellite_noisy_p02_hyp-2_10_2.tar.bz2:0.409739971161:0.01292552:0.41
> 0:True:5,9:245,147
> 1:True:5,9:245,147
> 2:True:5,9:245,147
> 3:True:5,9:245,147
> 4:True:5,9:245,147
> 5:True:5,9:245,147
satellite-suboptimal-old-noisy/10/satellite_noisy_p02_hyp-2_10_3.tar.bz2:0.411904096603:0.01512206:0.41
> 0:False:5,8:326,263
> 1:True:5,6:326,263
> 2:True:5,6:326,263
> 3:False:5,8:326,263
> 4:False:5,8:326,263
> 5:True:5,6:326,263
satellite-suboptimal-old-noisy/10/satellite_noisy_p02_hyp-3_10_1.tar.bz2:0.409850120544:0.01355037:0.41
> 0:True:5,8:288,178
> 1:True:5,8:288,178
> 2:False:5,9:288,178
> 3:True:5,8:288,178
> 4:True:5,8:288,178
> 5:True:5,8:288,178
satellite-suboptimal-old-noisy/10/satellite_noisy_p02_hyp-3_10_2.tar.bz2:0.409083127975:0.0129696:0.41
> 0:False:5,8:243,168
> 1:False:5,8:243,168
> 2:True:5,7:243,168
> 3:False:5,8:243,168
> 4:False:5,8:243,168
> 5:False:5,8:243,168
satellite-suboptimal-old-noisy/10/satellite_noisy_p02_hyp-3_10_3.tar.bz2:0.425522089005:0.02779592:0.44
> 0:True:5,7:392,270
> 1:False:5,8:392,270
> 2:True:5,7:392,270
> 3:True:5,7:392,270
> 4:True:5,7:392,270
> 5:False:5,8:392,270
satellite-suboptimal-old-noisy/10/satellite_noisy_p02_hyp-4_10_1.tar.bz2:0.402256965637:0.00664977:0.4
> 0:True:5,9:114,26
> 1:True:5,9:114,26
> 2:True:5,9:114,26
> 3:True:5,9:114,26
> 4:True:5,9:114,26
> 5:True:5,9:114,26
satellite-suboptimal-old-noisy/10/satellite_noisy_p02_hyp-4_10_2.tar.bz2:0.422433137894:0.02695858:0.42
> 0:False:5,9:378,248
> 1:True:5,8:378,248
> 2:True:5,8:378,248
> 3:False:5,9:378,248
> 4:False:5,9:378,248
> 5:True:5,8:378,248
satellite-suboptimal-old-noisy/10/satellite_noisy_p02_hyp-4_10_3.tar.bz2:0.41602396965:0.02008406:0.42
> 0:True:5,10:267,192
> 1:True:5,10:267,192
> 2:True:5,10:267,192
> 3:True:5,10:267,192
> 4:True:5,10:267,192
> 5:True:5,10:267,192
satellite-suboptimal-old-noisy/10/satellite_noisy_p03_hyp-1_10_1.tar.bz2:0.388491868973:0.01237406:0.39
> 0:True:4,6:57,21
> 1:False:4,7:57,21
> 2:False:3,7:57,21
> 3:True:4,6:57,21
> 4:False:4,7:57,21
> 5:False:3,7:57,21
satellite-suboptimal-old-noisy/10/satellite_noisy_p03_hyp-1_10_2.tar.bz2:0.395992994308:0.0191404:0.4
> 0:False:4,8:161,105
> 1:True:4,7:161,105
> 2:False:3,8:161,105
> 3:False:4,8:161,105
> 4:True:4,7:161,105
> 5:False:3,8:161,105
satellite-suboptimal-old-noisy/10/satellite_noisy_p03_hyp-1_10_3.tar.bz2:0.394122838974:0.01850791:0.4
> 0:True:4,6:206,194
> 1:False:4,7:206,194
> 2:True:3,5:206,194
> 3:False:4,7:206,194
> 4:True:4,6:206,194
> 5:False:3,6:206,194
satellite-suboptimal-old-noisy/10/satellite_noisy_p03_hyp-2_10_1.tar.bz2:0.395328044891:0.01731803:0.4
> 0:False:4,6:138,114
> 1:True:4,5:138,114
> 2:False:3,6:138,114
> 3:False:4,6:138,114
> 4:False:4,6:138,114
> 5:False:3,5:138,114
satellite-suboptimal-old-noisy/10/satellite_noisy_p03_hyp-2_10_2.tar.bz2:0.399506092072:0.02044592:0.4
> 0:False:4,8:186,128
> 1:True:4,7:186,128
> 2:False:3,7:186,128
> 3:True:4,7:186,128
> 4:False:4,8:186,128
> 5:True:3,6:186,128
satellite-suboptimal-old-noisy/10/satellite_noisy_p03_hyp-2_10_3.tar.bz2:0.39865398407:0.02039208:0.39
> 0:True:4,9:124,65
> 1:True:4,9:124,65
> 2:True:3,8:124,65
> 3:True:4,9:124,65
> 4:True:4,9:124,65
> 5:True:3,8:124,65
satellite-suboptimal-old-noisy/10/satellite_noisy_p03_hyp-3_10_1.tar.bz2:0.400868177414:0.02239497:0.41
> 0:False:4,8:229,158
> 1:False:4,8:229,158
> 2:True:3,6:229,158
> 3:True:4,7:229,158
> 4:True:4,7:229,158
> 5:False:3,7:229,158
satellite-suboptimal-old-noisy/10/satellite_noisy_p03_hyp-3_10_2.tar.bz2:0.395507097244:0.01919509:0.39
> 0:False:4,8:188,165
> 1:False:4,8:188,165
> 2:False:3,8:188,165
> 3:False:4,8:188,165
> 4:True:4,7:188,165
> 5:False:3,8:188,165
satellite-suboptimal-old-noisy/10/satellite_noisy_p03_hyp-3_10_3.tar.bz2:0.396682024002:0.0193477:0.4
> 0:False:4,9:203,181
> 1:False:4,9:203,181
> 2:False:3,8:203,181
> 3:False:4,9:203,181
> 4:True:4,8:203,181
> 5:False:3,8:203,181
satellite-suboptimal-old-noisy/10/satellite_noisy_p03_hyp-4_10_1.tar.bz2:0.394464969635:0.01711165:0.4
> 0:True:4,9:145,112
> 1:True:4,9:145,112
> 2:True:3,8:145,112
> 3:True:4,9:145,112
> 4:True:4,9:145,112
> 5:True:3,8:145,112
satellite-suboptimal-old-noisy/10/satellite_noisy_p03_hyp-4_10_2.tar.bz2:0.399480104446:0.02019971:0.4
> 0:True:4,8:182,119
> 1:False:4,9:182,119
> 2:False:3,8:182,119
> 3:True:4,8:182,119
> 4:False:4,9:182,119
> 5:False:3,8:182,119
satellite-suboptimal-old-noisy/10/satellite_noisy_p03_hyp-4_10_3.tar.bz2:0.39581489563:0.01880111:0.4
> 0:False:4,6:169,157
> 1:False:4,5:169,157
> 2:False:3,4:169,157
> 3:True:4,4:169,157
> 4:False:4,5:169,157
> 5:False:3,6:169,157
satellite-suboptimal-old-noisy/30/satellite_noisy_p01_hyp-1_30_1.tar.bz2:0.461371898651:0.03562899:0.46
> 0:True:5,11:504,295
> 1:True:4,10:502,291
> 2:False:5,12:504,295
> 3:True:5,11:504,295
> 4:True:5,11:504,295
> 5:True:5,11:504,295
satellite-suboptimal-old-noisy/30/satellite_noisy_p01_hyp-1_30_2.tar.bz2:0.477001905441:0.0484119:0.48
> 0:True:5,9:669,508
> 1:False:4,9:667,504
> 2:False:5,10:669,508
> 3:True:5,9:669,508
> 4:False:5,10:669,508
> 5:False:5,10:669,508
satellite-suboptimal-old-noisy/30/satellite_noisy_p01_hyp-1_30_3.tar.bz2:0.46492099762:0.03845962:0.46
> 0:True:5,8:659,435
> 1:False:4,9:657,431
> 2:False:5,10:659,435
> 3:False:5,10:659,435
> 4:False:5,10:659,435
> 5:False:5,10:659,435
satellite-suboptimal-old-noisy/30/satellite_noisy_p01_hyp-2_30_1.tar.bz2:0.487952947617:0.05764515:0.49
> 0:False:5,12:961,530
> 1:True:4,9:959,526
> 2:False:5,12:961,530
> 3:True:5,10:961,530
> 4:False:5,11:961,530
> 5:False:5,12:961,530
satellite-suboptimal-old-noisy/30/satellite_noisy_p01_hyp-2_30_2.tar.bz2:0.466416120529:0.03912022:0.47
> 0:False:5,11:587,327
> 1:False:4,9:585,323
> 2:False:5,10:587,327
> 3:False:5,10:587,327
> 4:True:5,9:587,327
> 5:False:5,11:587,327
satellite-suboptimal-old-noisy/30/satellite_noisy_p01_hyp-2_30_3.tar.bz2:0.453859090805:0.03000679:0.46
> 0:False:5,11:363,208
> 1:True:4,9:361,204
> 2:False:5,11:363,208
> 3:True:5,10:363,208
> 4:True:5,10:363,208
> 5:False:5,11:363,208
satellite-suboptimal-old-noisy/30/satellite_noisy_p01_hyp-3_30_1.tar.bz2:0.489978075027:0.0609058:0.5
> 0:False:5,11:867,676
> 1:False:4,11:865,672
> 2:True:5,10:867,676
> 3:False:5,11:867,676
> 4:False:5,11:867,676
> 5:False:5,11:867,676
satellite-suboptimal-old-noisy/30/satellite_noisy_p01_hyp-3_30_2.tar.bz2:0.460058927536:0.03383862:0.46
> 0:False:5,11:615,481
> 1:False:4,9:613,477
> 2:True:5,9:615,481
> 3:False:5,10:615,481
> 4:False:5,10:615,481
> 5:False:5,11:615,481
satellite-suboptimal-old-noisy/30/satellite_noisy_p01_hyp-3_30_3.tar.bz2:0.479316949844:0.04949604:0.48
> 0:False:5,11:699,495
> 1:False:4,11:697,491
> 2:True:5,10:699,495
> 3:False:5,11:699,495
> 4:False:5,12:699,495
> 5:False:5,11:699,495
satellite-suboptimal-old-noisy/30/satellite_noisy_p01_hyp-4_30_1.tar.bz2:0.467683076859:0.03907044:0.46
> 0:True:5,11:664,303
> 1:False:4,11:662,299
> 2:False:5,12:664,303
> 3:False:5,12:664,303
> 4:False:5,12:664,303
> 5:True:5,11:664,303
satellite-suboptimal-old-noisy/30/satellite_noisy_p01_hyp-4_30_2.tar.bz2:0.486277103424:0.05498929:0.5
> 0:True:5,10:929,519
> 1:True:4,9:927,515
> 2:False:5,11:929,519
> 3:True:5,10:929,519
> 4:True:5,10:929,519
> 5:True:5,10:929,519
satellite-suboptimal-old-noisy/30/satellite_noisy_p01_hyp-4_30_3.tar.bz2:0.47523188591:0.04547253:0.47
> 0:False:5,9:690,441
> 1:False:4,8:688,437
> 2:True:5,8:690,441
> 3:True:5,8:690,441
> 4:False:5,10:690,441
> 5:False:5,9:690,441
satellite-suboptimal-old-noisy/30/satellite_noisy_p02_hyp-1_30_1.tar.bz2:0.436469078064:0.03716591:0.44
> 0:True:5,12:542,402
> 1:False:5,13:542,402
> 2:False:5,14:542,402
> 3:True:5,12:542,402
> 4:True:5,12:542,402
> 5:False:5,13:542,402
satellite-suboptimal-old-noisy/30/satellite_noisy_p02_hyp-1_30_2.tar.bz2:0.419996976852:0.02290281:0.42
> 0:True:5,9:354,292
> 1:False:5,10:354,292
> 2:False:5,11:354,292
> 3:False:5,10:354,292
> 4:True:5,9:354,292
> 5:False:5,10:354,292
satellite-suboptimal-old-noisy/30/satellite_noisy_p02_hyp-1_30_3.tar.bz2:0.412518978119:0.01559597:0.4
> 0:True:5,9:354,292
> 1:False:5,10:354,292
> 2:False:5,11:354,292
> 3:False:5,10:354,292
> 4:True:5,9:354,292
> 5:False:5,10:354,292
satellite-suboptimal-old-noisy/30/satellite_noisy_p02_hyp-2_30_1.tar.bz2:0.423027992249:0.02421142:0.42
> 0:True:5,12:411,242
> 1:True:5,12:411,242
> 2:False:5,13:411,242
> 3:True:5,12:411,242
> 4:True:5,12:411,242
> 5:True:5,12:411,242
satellite-suboptimal-old-noisy/30/satellite_noisy_p02_hyp-2_30_2.tar.bz2:0.43243598938:0.03385626:0.44
> 0:False:5,11:578,429
> 1:True:5,10:578,429
> 2:False:5,12:578,429
> 3:True:5,10:578,429
> 4:False:5,11:578,429
> 5:True:5,10:578,429
satellite-suboptimal-old-noisy/30/satellite_noisy_p02_hyp-2_30_3.tar.bz2:0.422417163849:0.02419337:0.43
> 0:False:5,11:385,280
> 1:True:5,10:385,280
> 2:False:5,12:385,280
> 3:True:5,10:385,280
> 4:False:5,11:385,280
> 5:True:5,10:385,280
satellite-suboptimal-old-noisy/30/satellite_noisy_p02_hyp-3_30_1.tar.bz2:0.413589000702:0.0170244:0.41
> 0:False:5,10:391,341
> 1:False:5,10:391,341
> 2:True:5,8:391,341
> 3:False:5,11:391,341
> 4:False:5,11:391,341
> 5:False:5,9:391,341
satellite-suboptimal-old-noisy/30/satellite_noisy_p02_hyp-3_30_2.tar.bz2:0.432388067245:0.03457834:0.43
> 0:False:5,12:578,430
> 1:False:5,11:578,430
> 2:True:5,9:578,430
> 3:False:5,12:578,430
> 4:False:5,12:578,430
> 5:False:5,11:578,430
satellite-suboptimal-old-noisy/30/satellite_noisy_p02_hyp-3_30_3.tar.bz2:0.420634031296:0.02092613:0.43
> 0:False:5,10:595,584
> 1:False:5,10:595,584
> 2:True:5,7:595,584
> 3:False:5,11:595,584
> 4:False:5,11:595,584
> 5:False:5,9:595,584
satellite-suboptimal-old-noisy/30/satellite_noisy_p02_hyp-4_30_1.tar.bz2:0.418830871582:0.02065551:0.42
> 0:True:5,11:327,181
> 1:True:5,11:327,181
> 2:True:5,11:327,181
> 3:True:5,11:327,181
> 4:True:5,11:327,181
> 5:True:5,11:327,181
satellite-suboptimal-old-noisy/30/satellite_noisy_p02_hyp-4_30_2.tar.bz2:0.423855066299:0.02479819:0.41
> 0:False:5,12:446,332
> 1:True:5,11:446,332
> 2:False:5,13:446,332
> 3:True:5,11:446,332
> 4:False:5,12:446,332
> 5:True:5,11:446,332
satellite-suboptimal-old-noisy/30/satellite_noisy_p02_hyp-4_30_3.tar.bz2:0.423985004425:0.02653626:0.43
> 0:True:5,11:439,261
> 1:False:5,12:439,261
> 2:False:5,12:439,261
> 3:True:5,11:439,261
> 4:True:5,11:439,261
> 5:False:5,12:439,261
satellite-suboptimal-old-noisy/30/satellite_noisy_p03_hyp-1_30_1.tar.bz2:0.406939029694:0.02581948:0.4
> 0:True:4,7:310,242
> 1:False:4,9:310,242
> 2:False:3,8:310,242
> 3:False:4,8:310,242
> 4:False:4,9:310,242
> 5:False:3,8:310,242
satellite-suboptimal-old-noisy/30/satellite_noisy_p03_hyp-1_30_2.tar.bz2:0.407599925995:0.02776081:0.41
> 0:True:4,7:356,302
> 1:False:4,9:356,302
> 2:False:3,8:356,302
> 3:False:4,8:356,302
> 4:False:4,9:356,302
> 5:False:3,8:356,302
satellite-suboptimal-old-noisy/30/satellite_noisy_p03_hyp-1_30_3.tar.bz2:0.402992010117:0.02241639:0.39
> 0:True:4,10:232,162
> 1:True:4,10:232,162
> 2:True:3,9:232,162
> 3:False:4,11:232,162
> 4:True:4,10:232,162
> 5:True:3,9:232,162
satellite-suboptimal-old-noisy/30/satellite_noisy_p03_hyp-2_30_1.tar.bz2:0.399326086044:0.01951627:0.39
> 0:False:4,10:190,168
> 1:False:4,10:190,168
> 2:False:3,10:190,168
> 3:True:4,9:190,168
> 4:False:4,11:190,168
> 5:False:3,9:190,168
satellite-suboptimal-old-noisy/30/satellite_noisy_p03_hyp-2_30_2.tar.bz2:0.401318073273:0.02104202:0.4
> 0:True:4,9:200,135
> 1:False:4,10:200,135
> 2:False:3,10:200,135
> 3:True:4,9:200,135
> 4:False:4,10:200,135
> 5:False:3,10:200,135
satellite-suboptimal-old-noisy/30/satellite_noisy_p03_hyp-2_30_3.tar.bz2:0.402863025665:0.02172223:0.4
> 0:True:4,8:254,245
> 1:True:4,8:254,245
> 2:False:3,9:254,245
> 3:False:4,9:254,245
> 4:False:4,9:254,245
> 5:False:3,9:254,245
satellite-suboptimal-old-noisy/30/satellite_noisy_p03_hyp-3_30_1.tar.bz2:0.396625041962:0.01814778:0.4
> 0:True:4,11:158,126
> 1:True:4,11:158,126
> 2:True:3,10:158,126
> 3:True:4,11:158,126
> 4:True:4,11:158,126
> 5:True:3,10:158,126
satellite-suboptimal-old-noisy/30/satellite_noisy_p03_hyp-3_30_2.tar.bz2:0.403127908707:0.02440104:0.41
> 0:True:4,11:288,202
> 1:True:4,11:288,202
> 2:True:3,10:288,202
> 3:True:4,11:288,202
> 4:True:4,11:288,202
> 5:True:3,10:288,202
satellite-suboptimal-old-noisy/30/satellite_noisy_p03_hyp-3_30_3.tar.bz2:0.403254032135:0.02355752:0.41
> 0:True:4,8:265,184
> 1:False:4,9:265,184
> 2:False:3,9:265,184
> 3:False:4,9:265,184
> 4:False:4,9:265,184
> 5:False:3,9:265,184
satellite-suboptimal-old-noisy/30/satellite_noisy_p03_hyp-4_30_1.tar.bz2:0.40120100975:0.02146948:0.4
> 0:True:4,10:209,142
> 1:False:4,11:209,142
> 2:False:3,11:209,142
> 3:True:4,10:209,142
> 4:False:4,11:209,142
> 5:False:3,11:209,142
satellite-suboptimal-old-noisy/30/satellite_noisy_p03_hyp-4_30_2.tar.bz2:0.407557010651:0.02523794:0.41
> 0:False:4,9:271,213
> 1:False:4,9:271,213
> 2:False:3,10:271,213
> 3:True:4,8:271,213
> 4:False:4,11:271,213
> 5:False:3,8:271,213
satellite-suboptimal-old-noisy/30/satellite_noisy_p03_hyp-4_30_3.tar.bz2:0.403542995453:0.02166521:0.41
> 0:False:4,9:234,225
> 1:True:4,8:234,225
> 2:False:3,9:234,225
> 3:True:4,8:234,225
> 4:False:4,10:234,225
> 5:False:3,8:234,225
satellite-suboptimal-old-noisy/50/satellite_noisy_p01_hyp-1_50_1.tar.bz2:0.495915174484:0.0621437:0.5
> 0:True:5,13:958,734
> 1:False:4,14:956,730
> 2:False:5,14:958,734
> 3:False:5,14:958,734
> 4:False:5,14:958,734
> 5:False:5,15:958,734
satellite-suboptimal-old-noisy/50/satellite_noisy_p01_hyp-1_50_2.tar.bz2:0.50430393219:0.0709877:0.5
> 0:True:5,13:1223,770
> 1:False:4,14:1221,766
> 2:False:5,15:1223,770
> 3:False:5,14:1223,770
> 4:False:5,16:1223,770
> 5:False:5,16:1223,770
satellite-suboptimal-old-noisy/50/satellite_noisy_p01_hyp-1_50_3.tar.bz2:0.5046479702:0.0714525:0.5
> 0:True:5,12:1030,807
> 1:False:4,13:1028,803
> 2:False:5,13:1030,807
> 3:False:5,13:1030,807
> 4:False:5,14:1030,807
> 5:False:5,14:1030,807
satellite-suboptimal-old-noisy/50/satellite_noisy_p01_hyp-2_50_1.tar.bz2:0.549733877182:0.1130189:0.54
> 0:False:5,14:1789,1427
> 1:True:4,10:1787,1423
> 2:False:5,13:1789,1427
> 3:True:5,11:1789,1427
> 4:False:5,13:1789,1427
> 5:False:5,13:1789,1427
satellite-suboptimal-old-noisy/50/satellite_noisy_p01_hyp-2_50_2.tar.bz2:0.484464883804:0.05179237:0.48
> 0:False:5,12:861,464
> 1:True:4,9:859,460
> 2:False:5,11:861,464
> 3:True:5,10:861,464
> 4:False:5,12:861,464
> 5:False:5,12:861,464
satellite-suboptimal-old-noisy/50/satellite_noisy_p01_hyp-2_50_3.tar.bz2:0.498067855835:0.0663403:0.49
> 0:False:5,16:969,733
> 1:True:4,13:967,729
> 2:False:5,15:969,733
> 3:True:5,14:969,733
> 4:False:5,15:969,733
> 5:False:5,16:969,733
satellite-suboptimal-old-noisy/50/satellite_noisy_p01_hyp-3_50_1.tar.bz2:0.515917062759:0.0831582:0.52
> 0:False:5,14:1327,1008
> 1:False:4,13:1325,1004
> 2:True:5,12:1327,1008
> 3:False:5,14:1327,1008
> 4:True:5,12:1327,1008
> 5:False:5,13:1327,1008
satellite-suboptimal-old-noisy/50/satellite_noisy_p01_hyp-3_50_2.tar.bz2:0.521576166153:0.0870661:0.52
> 0:False:5,13:1343,1074
> 1:False:4,13:1341,1070
> 2:True:5,11:1343,1074
> 3:False:5,13:1343,1074
> 4:False:5,13:1343,1074
> 5:False:5,12:1343,1074
satellite-suboptimal-old-noisy/50/satellite_noisy_p01_hyp-3_50_3.tar.bz2:0.494406938553:0.0617832:0.5
> 0:False:5,14:1021,747
> 1:False:4,14:1019,743
> 2:True:5,12:1021,747
> 3:False:5,14:1021,747
> 4:False:5,14:1021,747
> 5:False:5,14:1021,747
satellite-suboptimal-old-noisy/50/satellite_noisy_p01_hyp-4_50_1.tar.bz2:0.539113044739:0.1030827:0.54
> 0:False:5,13:1706,1404
> 1:False:4,11:1704,1400
> 2:False:5,12:1706,1404
> 3:True:5,11:1706,1404
> 4:False:5,14:1706,1404
> 5:False:5,14:1706,1404
satellite-suboptimal-old-noisy/50/satellite_noisy_p01_hyp-4_50_2.tar.bz2:0.475376844406:0.04559024:0.48
> 0:False:5,14:725,456
> 1:True:4,11:723,452
> 2:False:5,15:725,456
> 3:True:5,12:725,456
> 4:False:5,13:725,456
> 5:False:5,14:725,456
satellite-suboptimal-old-noisy/50/satellite_noisy_p01_hyp-4_50_3.tar.bz2:0.526216030121:0.0884937:0.53
> 0:False:5,16:1668,1142
> 1:False:4,14:1666,1138
> 2:False:5,16:1668,1142
> 3:True:5,14:1668,1142
> 4:False:5,16:1668,1142
> 5:False:5,17:1668,1142
satellite-suboptimal-old-noisy/50/satellite_noisy_p02_hyp-1_50_1.tar.bz2:0.447881937027:0.04484911:0.45
> 0:True:5,13:740,632
> 1:False:5,15:740,632
> 2:False:5,16:740,632
> 3:False:5,14:740,632
> 4:False:5,14:740,632
> 5:False:5,14:740,632
satellite-suboptimal-old-noisy/50/satellite_noisy_p02_hyp-1_50_2.tar.bz2:0.449787139893:0.04864253:0.45
> 0:True:5,15:740,634
> 1:False:5,18:740,634
> 2:False:5,18:740,634
> 3:False:5,17:740,634
> 4:False:5,16:740,634
> 5:False:5,17:740,634
satellite-suboptimal-old-noisy/50/satellite_noisy_p02_hyp-1_50_3.tar.bz2:0.43112206459:0.0303842:0.43
> 0:True:5,12:617,537
> 1:False:5,15:617,537
> 2:False:5,15:617,537
> 3:False:5,14:617,537
> 4:False:5,13:617,537
> 5:False:5,14:617,537
satellite-suboptimal-old-noisy/50/satellite_noisy_p02_hyp-2_50_1.tar.bz2:0.432345151901:0.03209547:0.43
> 0:False:5,16:531,367
> 1:True:5,14:531,367
> 2:False:5,15:531,367
> 3:False:5,15:531,367
> 4:False:5,15:531,367
> 5:False:5,15:531,367
satellite-suboptimal-old-noisy/50/satellite_noisy_p02_hyp-2_50_2.tar.bz2:0.452652931213:0.05172151:0.45
> 0:False:5,16:837,680
> 1:True:5,14:837,680
> 2:False:5,15:837,680
> 3:False:5,15:837,680
> 4:False:5,16:837,680
> 5:True:5,14:837,680
satellite-suboptimal-old-noisy/50/satellite_noisy_p02_hyp-2_50_3.tar.bz2:0.442505836487:0.04042535:0.44
> 0:False:5,17:674,546
> 1:True:5,15:674,546
> 2:False:5,17:674,546
> 3:False:5,16:674,546
> 4:False:5,16:674,546
> 5:False:5,16:674,546
satellite-suboptimal-old-noisy/50/satellite_noisy_p02_hyp-3_50_1.tar.bz2:0.446483135223:0.04479863:0.45
> 0:False:5,19:745,568
> 1:False:5,18:745,568
> 2:True:5,16:745,568
> 3:False:5,19:745,568
> 4:False:5,19:745,568
> 5:False:5,18:745,568
satellite-suboptimal-old-noisy/50/satellite_noisy_p02_hyp-3_50_2.tar.bz2:0.428136110306:0.02719672:0.43
> 0:False:5,16:539,439
> 1:False:5,14:539,439
> 2:True:5,13:539,439
> 3:False:5,16:539,439
> 4:False:5,16:539,439
> 5:False:5,14:539,439
satellite-suboptimal-old-noisy/50/satellite_noisy_p02_hyp-3_50_3.tar.bz2:0.450156927109:0.04868126:0.45
> 0:False:5,18:829,674
> 1:False:5,17:829,674
> 2:True:5,15:829,674
> 3:False:5,18:829,674
> 4:False:5,18:829,674
> 5:False:5,17:829,674
satellite-suboptimal-old-noisy/50/satellite_noisy_p02_hyp-4_50_1.tar.bz2:0.468502044678:0.0639518:0.47
> 0:False:5,14:978,871
> 1:False:5,13:978,871
> 2:False:5,16:978,871
> 3:True:5,12:978,871
> 4:False:5,13:978,871
> 5:False:5,14:978,871
satellite-suboptimal-old-noisy/50/satellite_noisy_p02_hyp-4_50_2.tar.bz2:0.433488130569:0.03344484:0.44
> 0:False:5,15:705,646
> 1:False:5,14:705,646
> 2:False:5,16:705,646
> 3:True:5,13:705,646
> 4:False:5,14:705,646
> 5:False:5,15:705,646
satellite-suboptimal-old-noisy/50/satellite_noisy_p02_hyp-4_50_3.tar.bz2:0.434339046478:0.03555606:0.43
> 0:False:5,15:606,456
> 1:False:5,16:606,456
> 2:False:5,17:606,456
> 3:True:5,14:606,456
> 4:False:5,15:606,456
> 5:False:5,16:606,456
satellite-suboptimal-old-noisy/50/satellite_noisy_p03_hyp-1_50_1.tar.bz2:0.403374910355:0.02413998:0.41
> 0:True:4,11:304,215
> 1:False:4,12:304,215
> 2:False:3,12:304,215
> 3:False:4,12:304,215
> 4:False:4,12:304,215
> 5:False:3,12:304,215
satellite-suboptimal-old-noisy/50/satellite_noisy_p03_hyp-1_50_2.tar.bz2:0.407166957855:0.02674785:0.41
> 0:True:4,13:311,271
> 1:False:4,14:311,271
> 2:False:3,14:311,271
> 3:False:4,14:311,271
> 4:False:4,15:311,271
> 5:False:3,13:311,271
satellite-suboptimal-old-noisy/50/satellite_noisy_p03_hyp-1_50_3.tar.bz2:0.404750823975:0.02484904:0.4
> 0:True:4,12:292,208
> 1:True:4,12:292,208
> 2:False:3,13:292,208
> 3:False:4,13:292,208
> 4:True:4,12:292,208
> 5:False:3,13:292,208
satellite-suboptimal-old-noisy/50/satellite_noisy_p03_hyp-2_50_1.tar.bz2:0.41140294075:0.0291903:0.42
> 0:True:4,10:391,333
> 1:True:4,10:391,333
> 2:False:3,11:391,333
> 3:True:4,10:391,333
> 4:False:4,12:391,333
> 5:True:3,9:391,333
satellite-suboptimal-old-noisy/50/satellite_noisy_p03_hyp-2_50_2.tar.bz2:0.40598320961:0.02565273:0.4
> 0:False:4,13:313,245
> 1:True:4,12:313,245
> 2:False:3,12:313,245
> 3:False:4,13:313,245
> 4:False:4,13:313,245
> 5:True:3,11:313,245
satellite-suboptimal-old-noisy/50/satellite_noisy_p03_hyp-2_50_3.tar.bz2:0.408531904221:0.02727627:0.41
> 0:False:4,12:340,268
> 1:True:4,11:340,268
> 2:False:3,12:340,268
> 3:False:4,13:340,268
> 4:False:4,12:340,268
> 5:False:3,11:340,268
satellite-suboptimal-old-noisy/50/satellite_noisy_p03_hyp-3_50_1.tar.bz2:0.406853914261:0.02739988:0.41
> 0:False:4,15:311,273
> 1:False:4,15:311,273
> 2:True:3,13:311,273
> 3:False:4,15:311,273
> 4:True:4,14:311,273
> 5:False:3,14:311,273
satellite-suboptimal-old-noisy/50/satellite_noisy_p03_hyp-3_50_2.tar.bz2:0.41091299057:0.03001248:0.41
> 0:True:4,12:391,337
> 1:False:4,14:391,337
> 2:True:3,11:391,337
> 3:False:4,13:391,337
> 4:True:4,12:391,337
> 5:False:3,13:391,337
satellite-suboptimal-old-noisy/50/satellite_noisy_p03_hyp-3_50_3.tar.bz2:0.406084060669:0.02422952:0.41
> 0:True:4,10:308,315
> 1:False:4,12:308,315
> 2:False:3,10:308,315
> 3:False:4,11:308,315
> 4:True:4,10:308,315
> 5:False:3,12:308,315
satellite-suboptimal-old-noisy/50/satellite_noisy_p03_hyp-4_50_1.tar.bz2:0.402771949768:0.02242845:0.4
> 0:False:4,11:257,249
> 1:False:4,11:257,249
> 2:False:3,11:257,249
> 3:True:4,10:257,249
> 4:False:4,11:257,249
> 5:False:3,11:257,249
satellite-suboptimal-old-noisy/50/satellite_noisy_p03_hyp-4_50_2.tar.bz2:0.403006076813:0.02481913:0.4
> 0:False:4,13:291,206
> 1:False:4,14:291,206
> 2:False:3,13:291,206
> 3:True:4,12:291,206
> 4:False:4,13:291,206
> 5:False:3,14:291,206
satellite-suboptimal-old-noisy/50/satellite_noisy_p03_hyp-4_50_3.tar.bz2:0.40908408165:0.02736372:0.41
> 0:False:4,13:355,283
> 1:True:4,11:355,283
> 2:False:3,13:355,283
> 3:False:4,12:355,283
> 4:False:4,13:355,283
> 5:False:3,12:355,283
satellite-suboptimal-old-noisy/70/satellite_noisy_p01_hyp-1_70_1.tar.bz2:0.502531051636:0.0682023:0.51
> 0:True:5,13:1091,766
> 1:False:4,15:1089,762
> 2:False:5,17:1091,766
> 3:False:5,16:1091,766
> 4:False:5,16:1091,766
> 5:False:5,15:1091,766
satellite-suboptimal-old-noisy/70/satellite_noisy_p01_hyp-1_70_2.tar.bz2:0.533010959625:0.095373:0.54
> 0:True:5,14:1718,1250
> 1:False:4,16:1716,1246
> 2:False:5,18:1718,1250
> 3:False:5,17:1718,1250
> 4:False:5,17:1718,1250
> 5:False:5,16:1718,1250
satellite-suboptimal-old-noisy/70/satellite_noisy_p01_hyp-1_70_3.tar.bz2:0.480268001556:0.0504034:0.48
> 0:True:5,11:713,513
> 1:False:4,14:711,509
> 2:False:5,14:713,513
> 3:False:5,14:713,513
> 4:False:5,15:713,513
> 5:False:5,14:713,513
satellite-suboptimal-old-noisy/70/satellite_noisy_p01_hyp-2_70_1.tar.bz2:0.500319004059:0.0677242:0.5
> 0:False:5,17:1236,709
> 1:True:4,13:1234,705
> 2:False:5,16:1236,709
> 3:True:5,14:1236,709
> 4:False:5,16:1236,709
> 5:False:5,17:1236,709
satellite-suboptimal-old-noisy/70/satellite_noisy_p01_hyp-2_70_2.tar.bz2:0.488388776779:0.05676978:0.5
> 0:False:5,15:923,654
> 1:True:4,12:921,650
> 2:False:5,15:923,654
> 3:True:5,13:923,654
> 4:False:5,14:923,654
> 5:False:5,15:923,654
satellite-suboptimal-old-noisy/70/satellite_noisy_p01_hyp-2_70_3.tar.bz2:0.515012979507:0.0801871:0.5
> 0:False:5,15:1511,895
> 1:True:4,13:1509,891
> 2:False:5,16:1511,895
> 3:True:5,14:1511,895
> 4:False:5,15:1511,895
> 5:False:5,15:1511,895
satellite-suboptimal-old-noisy/70/satellite_noisy_p01_hyp-3_70_1.tar.bz2:0.540719032288:0.1033079:0.53
> 0:False:5,16:1818,1296
> 1:False:4,14:1816,1292
> 2:True:5,14:1818,1296
> 3:True:5,14:1818,1296
> 4:False:5,16:1818,1296
> 5:False:5,16:1818,1296
satellite-suboptimal-old-noisy/70/satellite_noisy_p01_hyp-3_70_2.tar.bz2:0.482583999634:0.05135258:0.49
> 0:False:5,18:797,480
> 1:False:4,16:795,476
> 2:True:5,15:797,480
> 3:False:5,17:797,480
> 4:False:5,17:797,480
> 5:False:5,17:797,480
satellite-suboptimal-old-noisy/70/satellite_noisy_p01_hyp-3_70_3.tar.bz2:0.519807100296:0.0839373:0.52
> 0:False:5,19:1535,1004
> 1:False:4,18:1533,1000
> 2:True:5,15:1535,1004
> 3:False:5,18:1535,1004
> 4:False:5,18:1535,1004
> 5:False:5,18:1535,1004
satellite-suboptimal-old-noisy/70/satellite_noisy_p01_hyp-4_70_1.tar.bz2:0.529601812363:0.091785:0.53
> 0:False:5,19:1451,1152
> 1:False:4,16:1449,1148
> 2:False:5,18:1451,1152
> 3:True:5,16:1451,1152
> 4:False:5,19:1451,1152
> 5:False:5,20:1451,1152
satellite-suboptimal-old-noisy/70/satellite_noisy_p01_hyp-4_70_2.tar.bz2:0.510262966156:0.075482:0.51
> 0:False:5,15:1331,828
> 1:False:4,13:1329,824
> 2:False:5,15:1331,828
> 3:True:5,13:1331,828
> 4:False:5,16:1331,828
> 5:False:5,16:1331,828
satellite-suboptimal-old-noisy/70/satellite_noisy_p01_hyp-4_70_3.tar.bz2:0.515806913376:0.0789397:0.51
> 0:False:5,17:1306,1050
> 1:False:4,14:1304,1046
> 2:False:5,17:1306,1050
> 3:True:5,14:1306,1050
> 4:False:5,16:1306,1050
> 5:False:5,17:1306,1050
satellite-suboptimal-old-noisy/70/satellite_noisy_p02_hyp-1_70_1.tar.bz2:0.43630194664:0.03535784:0.44
> 0:True:5,14:703,721
> 1:False:5,18:703,721
> 2:False:5,18:703,721
> 3:False:5,16:703,721
> 4:False:5,15:703,721
> 5:False:5,17:703,721
satellite-suboptimal-old-noisy/70/satellite_noisy_p02_hyp-1_70_2.tar.bz2:0.464783191681:0.06031949:0.46
> 0:True:5,17:999,893
> 1:False:5,20:999,893
> 2:False:5,20:999,893
> 3:False:5,19:999,893
> 4:False:5,18:999,893
> 5:False:5,19:999,893
satellite-suboptimal-old-noisy/70/satellite_noisy_p02_hyp-1_70_3.tar.bz2:0.447523117065:0.04499173:0.44
> 0:True:5,20:744,575
> 1:False:5,23:744,575
> 2:False:5,24:744,575
> 3:False:5,21:744,575
> 4:True:5,20:744,575
> 5:False:5,23:744,575
satellite-suboptimal-old-noisy/70/satellite_noisy_p02_hyp-2_70_1.tar.bz2:0.435950994492:0.03584808:0.44
> 0:False:5,21:606,459
> 1:True:5,19:606,459
> 2:False:5,21:606,459
> 3:False:5,20:606,459
> 4:False:5,21:606,459
> 5:True:5,19:606,459
satellite-suboptimal-old-noisy/70/satellite_noisy_p02_hyp-2_70_2.tar.bz2:0.436362981796:0.03663927:0.43
> 0:False:5,21:606,460
> 1:True:5,19:606,460
> 2:False:5,20:606,460
> 3:False:5,21:606,460
> 4:False:5,21:606,460
> 5:True:5,19:606,460
satellite-suboptimal-old-noisy/70/satellite_noisy_p02_hyp-2_70_3.tar.bz2:0.452286958694:0.05110932:0.45
> 0:False:5,20:840,691
> 1:True:5,19:840,691
> 2:False:5,21:840,691
> 3:True:5,19:840,691
> 4:True:5,19:840,691
> 5:False:5,20:840,691
satellite-suboptimal-old-noisy/70/satellite_noisy_p02_hyp-3_70_1.tar.bz2:0.44780087471:0.04535079:0.46
> 0:False:5,22:768,662
> 1:False:5,22:768,662
> 2:True:5,19:768,662
> 3:False:5,23:768,662
> 4:False:5,23:768,662
> 5:False:5,21:768,662
satellite-suboptimal-old-noisy/70/satellite_noisy_p02_hyp-3_70_2.tar.bz2:0.44566988945:0.04596808:0.44
> 0:False:5,21:766,665
> 1:False:5,21:766,665
> 2:True:5,18:766,665
> 3:False:5,22:766,665
> 4:False:5,22:766,665
> 5:False:5,20:766,665
satellite-suboptimal-old-noisy/70/satellite_noisy_p02_hyp-3_70_3.tar.bz2:0.465344190598:0.0628983:0.46
> 0:False:5,20:982,876
> 1:False:5,18:982,876
> 2:True:5,17:982,876
> 3:False:5,20:982,876
> 4:False:5,20:982,876
> 5:False:5,18:982,876
satellite-suboptimal-old-noisy/70/satellite_noisy_p02_hyp-4_70_1.tar.bz2:0.461752891541:0.05857091:0.46
> 0:False:5,20:920,788
> 1:False:5,19:920,788
> 2:False:5,20:920,788
> 3:True:5,18:920,788
> 4:False:5,19:920,788
> 5:False:5,20:920,788
satellite-suboptimal-old-noisy/70/satellite_noisy_p02_hyp-4_70_2.tar.bz2:0.45852804184:0.05365221:0.46
> 0:False:5,19:868,789
> 1:False:5,19:868,789
> 2:False:5,21:868,789
> 3:True:5,17:868,789
> 4:False:5,18:868,789
> 5:False:5,20:868,789
satellite-suboptimal-old-noisy/70/satellite_noisy_p02_hyp-4_70_3.tar.bz2:0.44357419014:0.04318878:0.45
> 0:False:5,21:690,566
> 1:True:5,20:690,566
> 2:False:5,22:690,566
> 3:True:5,20:690,566
> 4:False:5,21:690,566
> 5:True:5,20:690,566
satellite-suboptimal-old-noisy/70/satellite_noisy_p03_hyp-1_70_1.tar.bz2:0.411581993103:0.0293819:0.42
> 0:True:4,13:393,336
> 1:False:4,14:393,336
> 2:False:3,14:393,336
> 3:False:4,14:393,336
> 4:False:4,15:393,336
> 5:False:3,13:393,336
satellite-suboptimal-old-noisy/70/satellite_noisy_p03_hyp-1_70_2.tar.bz2:0.411718845367:0.02943809:0.41
> 0:True:4,12:410,353
> 1:False:4,14:410,353
> 2:False:3,14:410,353
> 3:False:4,14:410,353
> 4:False:4,14:410,353
> 5:False:3,14:410,353
satellite-suboptimal-old-noisy/70/satellite_noisy_p03_hyp-1_70_3.tar.bz2:0.409562110901:0.02747835:0.41
> 0:True:4,12:357,286
> 1:True:4,12:357,286
> 2:False:3,13:357,286
> 3:False:4,13:357,286
> 4:True:4,12:357,286
> 5:False:3,13:357,286
satellite-suboptimal-old-noisy/70/satellite_noisy_p03_hyp-2_70_1.tar.bz2:0.41352391243:0.03264825:0.41
> 0:False:4,12:445,406
> 1:True:4,10:445,406
> 2:False:3,12:445,406
> 3:False:4,11:445,406
> 4:False:4,11:445,406
> 5:False:3,11:445,406
satellite-suboptimal-old-noisy/70/satellite_noisy_p03_hyp-2_70_2.tar.bz2:0.405732870102:0.02460181:0.42
> 0:False:4,15:310,226
> 1:True:4,14:310,226
> 2:False:3,16:310,226
> 3:False:4,15:310,226
> 4:False:4,15:310,226
> 5:False:3,15:310,226
satellite-suboptimal-old-noisy/70/satellite_noisy_p03_hyp-2_70_3.tar.bz2:0.412885904312:0.03285435:0.41
> 0:False:4,14:446,408
> 1:True:4,12:446,408
> 2:False:3,13:446,408
> 3:False:4,13:446,408
> 4:False:4,13:446,408
> 5:False:3,13:446,408
satellite-suboptimal-old-noisy/70/satellite_noisy_p03_hyp-3_70_1.tar.bz2:0.408592939377:0.02711608:0.41
> 0:False:4,15:357,286
> 1:False:4,16:357,286
> 2:False:3,14:357,286
> 3:False:4,15:357,286
> 4:True:4,14:357,286
> 5:False:3,16:357,286
satellite-suboptimal-old-noisy/70/satellite_noisy_p03_hyp-3_70_2.tar.bz2:0.408457994461:0.02733411:0.41
> 0:False:4,16:361,294
> 1:False:4,17:361,294
> 2:True:3,14:361,294
> 3:False:4,16:361,294
> 4:True:4,15:361,294
> 5:False:3,16:361,294
satellite-suboptimal-old-noisy/70/satellite_noisy_p03_hyp-3_70_3.tar.bz2:0.407762050629:0.02760302:0.4
> 0:False:4,16:357,285
> 1:False:4,16:357,285
> 2:True:3,14:357,285
> 3:False:4,16:357,285
> 4:True:4,15:357,285
> 5:False:3,15:357,285
satellite-suboptimal-old-noisy/70/satellite_noisy_p03_hyp-4_70_1.tar.bz2:0.410624027252:0.02998908:0.41
> 0:False:4,16:412,358
> 1:False:4,15:412,358
> 2:False:3,17:412,358
> 3:True:4,14:412,358
> 4:False:4,16:412,358
> 5:False:3,16:412,358
satellite-suboptimal-old-noisy/70/satellite_noisy_p03_hyp-4_70_2.tar.bz2:0.411807060242:0.02984788:0.41
> 0:False:4,13:410,355
> 1:False:4,13:410,355
> 2:False:3,14:410,355
> 3:True:4,11:410,355
> 4:False:4,14:410,355
> 5:False:3,13:410,355
satellite-suboptimal-old-noisy/70/satellite_noisy_p03_hyp-4_70_3.tar.bz2:0.400526046753:0.02241641:0.39
> 0:True:4,16:259,160
> 1:False:4,17:259,160
> 2:False:3,17:259,160
> 3:True:4,16:259,160
> 4:False:4,17:259,160
> 5:False:3,17:259,160
satellite-suboptimal-old-noisy/100/satellite_noisy_p01_hyp-1_full_1.tar.bz2:0.515489816666:0.0809709:0.52
> 0:True:5,17:1370,1100
> 1:False:4,20:1368,1096
> 2:False:5,20:1370,1100
> 3:False:5,20:1370,1100
> 4:False:5,20:1370,1100
> 5:False:5,20:1370,1100
satellite-suboptimal-old-noisy/100/satellite_noisy_p01_hyp-1_full_2.tar.bz2:0.521209955215:0.0850085:0.52
> 0:True:5,18:1540,1010
> 1:False:4,21:1538,1006
> 2:False:5,22:1540,1010
> 3:False:5,21:1540,1010
> 4:False:5,22:1540,1010
> 5:False:5,21:1540,1010
satellite-suboptimal-old-noisy/100/satellite_noisy_p01_hyp-1_full_3.tar.bz2:0.565679073334:0.1238213:0.57
> 0:True:5,16:2110,1539
> 1:False:4,19:2108,1535
> 2:False:5,20:2110,1539
> 3:False:5,19:2110,1539
> 4:False:5,20:2110,1539
> 5:False:5,19:2110,1539
satellite-suboptimal-old-noisy/100/satellite_noisy_p01_hyp-2_full_1.tar.bz2:0.526721954346:0.0926581:0.53
> 0:False:5,17:1608,1101
> 1:True:4,13:1606,1097
> 2:False:5,17:1608,1101
> 3:True:5,14:1608,1101
> 4:False:5,16:1608,1101
> 5:False:5,17:1608,1101
satellite-suboptimal-old-noisy/100/satellite_noisy_p01_hyp-2_full_2.tar.bz2:0.556771993637:0.115358:0.55
> 0:False:5,17:2089,1523
> 1:True:4,13:2087,1519
> 2:False:5,17:2089,1523
> 3:True:5,14:2089,1523
> 4:False:5,16:2089,1523
> 5:False:5,17:2089,1523
satellite-suboptimal-old-noisy/100/satellite_noisy_p01_hyp-2_full_3.tar.bz2:0.559775829315:0.1190249:0.57
> 0:False:5,20:2121,1315
> 1:True:4,17:2119,1311
> 2:False:5,21:2121,1315
> 3:True:5,18:2121,1315
> 4:False:5,20:2121,1315
> 5:False:5,20:2121,1315
satellite-suboptimal-old-noisy/100/satellite_noisy_p01_hyp-3_full_1.tar.bz2:0.493397951126:0.0611454:0.49
> 0:False:5,19:984,690
> 1:False:4,19:982,686
> 2:True:5,16:984,690
> 3:False:5,19:984,690
> 4:False:5,19:984,690
> 5:False:5,18:984,690
satellite-suboptimal-old-noisy/100/satellite_noisy_p01_hyp-3_full_2.tar.bz2:0.563452005386:0.1205529:0.57
> 0:False:5,21:2318,1645
> 1:False:4,20:2316,1641
> 2:True:5,17:2318,1645
> 3:False:5,20:2318,1645
> 4:False:5,20:2318,1645
> 5:False:5,19:2318,1645
satellite-suboptimal-old-noisy/100/satellite_noisy_p01_hyp-3_full_3.tar.bz2:0.521908044815:0.0864119:0.53
> 0:False:5,20:1542,1002
> 1:False:4,19:1540,998
> 2:True:5,16:1542,1002
> 3:False:5,19:1542,1002
> 4:False:5,19:1542,1002
> 5:False:5,19:1542,1002
satellite-suboptimal-old-noisy/100/satellite_noisy_p01_hyp-4_full_1.tar.bz2:0.546478033066:0.1064818:0.55
> 0:False:5,21:1953,1466
> 1:False:4,18:1951,1462
> 2:False:5,21:1953,1466
> 3:True:5,18:1953,1466
> 4:False:5,20:1953,1466
> 5:False:5,22:1953,1466
satellite-suboptimal-old-noisy/100/satellite_noisy_p01_hyp-4_full_2.tar.bz2:0.553758144379:0.1135907:0.55
> 0:False:5,19:2001,1577
> 1:False:4,17:1999,1573
> 2:False:5,20:2001,1577
> 3:True:5,17:2001,1577
> 4:False:5,20:2001,1577
> 5:False:5,21:2001,1577
satellite-suboptimal-old-noisy/100/satellite_noisy_p01_hyp-4_full_3.tar.bz2:0.55860710144:0.1172055:0.56
> 0:False:5,20:2114,1644
> 1:False:4,17:2112,1640
> 2:False:5,20:2114,1644
> 3:True:5,17:2114,1644
> 4:False:5,20:2114,1644
> 5:False:5,21:2114,1644
satellite-suboptimal-old-noisy/100/satellite_noisy_p02_hyp-1_full_1.tar.bz2:0.453673124313:0.05036204:0.45
> 0:True:5,18:833,748
> 1:False:5,22:833,748
> 2:False:5,21:833,748
> 3:False:5,20:833,748
> 4:False:5,19:833,748
> 5:False:5,21:833,748
satellite-suboptimal-old-noisy/100/satellite_noisy_p02_hyp-1_full_2.tar.bz2:0.463904857635:0.05975623:0.48
> 0:True:5,20:932,808
> 1:False:5,24:932,808
> 2:False:5,24:932,808
> 3:False:5,22:932,808
> 4:False:5,21:932,808
> 5:False:5,23:932,808
satellite-suboptimal-old-noisy/100/satellite_noisy_p02_hyp-1_full_3.tar.bz2:0.46914601326:0.0642265:0.47
> 0:True:5,19:1014,917
> 1:False:5,23:1014,917
> 2:False:5,23:1014,917
> 3:False:5,21:1014,917
> 4:False:5,20:1014,917
> 5:False:5,22:1014,917
satellite-suboptimal-old-noisy/100/satellite_noisy_p02_hyp-2_full_1.tar.bz2:0.458604097366:0.05617855:0.46
> 0:False:5,22:914,854
> 1:True:5,19:914,854
> 2:False:5,22:914,854
> 3:False:5,21:914,854
> 4:False:5,21:914,854
> 5:False:5,20:914,854
satellite-suboptimal-old-noisy/100/satellite_noisy_p02_hyp-2_full_2.tar.bz2:0.452054977417:0.05072244:0.46
> 0:False:5,25:832,685
> 1:True:5,21:832,685
> 2:False:5,24:832,685
> 3:False:5,23:832,685
> 4:False:5,24:832,685
> 5:False:5,22:832,685
satellite-suboptimal-old-noisy/100/satellite_noisy_p02_hyp-2_full_3.tar.bz2:0.482765197754:0.0761319:0.48
> 0:False:5,21:1213,1166
> 1:True:5,18:1213,1166
> 2:False:5,21:1213,1166
> 3:False:5,19:1213,1166
> 4:False:5,20:1213,1166
> 5:False:5,19:1213,1166
satellite-suboptimal-old-noisy/100/satellite_noisy_p02_hyp-3_full_1.tar.bz2:0.452347993851:0.05047226:0.46
> 0:False:5,23:859,775
> 1:False:5,22:859,775
> 2:True:5,19:859,775
> 3:False:5,24:859,775
> 4:False:5,24:859,775
> 5:False:5,21:859,775
satellite-suboptimal-old-noisy/100/satellite_noisy_p02_hyp-3_full_2.tar.bz2:0.46906208992:0.0643517:0.46
> 0:False:5,22:1016,911
> 1:False:5,21:1016,911
> 2:True:5,18:1016,911
> 3:False:5,23:1016,911
> 4:False:5,23:1016,911
> 5:False:5,20:1016,911
satellite-suboptimal-old-noisy/100/satellite_noisy_p02_hyp-3_full_3.tar.bz2:0.474495172501:0.0696985:0.49
> 0:False:5,22:1081,1004
> 1:False:5,20:1081,1004
> 2:True:5,18:1081,1004
> 3:False:5,22:1081,1004
> 4:False:5,22:1081,1004
> 5:False:5,20:1081,1004
satellite-suboptimal-old-noisy/100/satellite_noisy_p02_hyp-4_full_1.tar.bz2:0.46288895607:0.05907339:0.46
> 0:False:5,22:932,808
> 1:False:5,22:932,808
> 2:False:5,25:932,808
> 3:True:5,20:932,808
> 4:False:5,21:932,808
> 5:False:5,23:932,808
satellite-suboptimal-old-noisy/100/satellite_noisy_p02_hyp-4_full_2.tar.bz2:0.468403100967:0.0640174:0.47
> 0:False:5,21:1018,914
> 1:False:5,21:1018,914
> 2:False:5,24:1018,914
> 3:True:5,19:1018,914
> 4:False:5,20:1018,914
> 5:False:5,22:1018,914
satellite-suboptimal-old-noisy/100/satellite_noisy_p02_hyp-4_full_3.tar.bz2:0.462151050568:0.05844827:0.45
> 0:False:5,21:946,895
> 1:False:5,21:946,895
> 2:False:5,24:946,895
> 3:True:5,19:946,895
> 4:False:5,20:946,895
> 5:False:5,22:946,895
satellite-suboptimal-old-noisy/100/satellite_noisy_p03_hyp-1_full_1.tar.bz2:0.412477970123:0.0301127:0.41
> 0:True:4,15:417,367
> 1:False:4,16:417,367
> 2:False:3,17:417,367
> 3:False:4,17:417,367
> 4:False:4,16:417,367
> 5:False:3,17:417,367
satellite-suboptimal-old-noisy/100/satellite_noisy_p03_hyp-1_full_2.tar.bz2:0.412172794342:0.03023312:0.41
> 0:True:4,14:417,367
> 1:False:4,16:417,367
> 2:False:3,16:417,367
> 3:False:4,16:417,367
> 4:False:4,16:417,367
> 5:False:3,16:417,367
satellite-suboptimal-old-noisy/100/satellite_noisy_p03_hyp-1_full_3.tar.bz2:0.41246509552:0.03041625:0.41
> 0:True:4,15:414,360
> 1:False:4,17:414,360
> 2:False:3,17:414,360
> 3:False:4,17:414,360
> 4:False:4,17:414,360
> 5:False:3,17:414,360
satellite-suboptimal-old-noisy/100/satellite_noisy_p03_hyp-2_full_1.tar.bz2:0.411457061768:0.03018106:0.42
> 0:False:4,15:396,341
> 1:True:4,13:396,341
> 2:False:3,16:396,341
> 3:False:4,15:396,341
> 4:False:4,15:396,341
> 5:False:3,14:396,341
satellite-suboptimal-old-noisy/100/satellite_noisy_p03_hyp-2_full_2.tar.bz2:0.411695957184:0.03018374:0.41
> 0:False:4,16:417,367
> 1:True:4,15:417,367
> 2:False:3,17:417,367
> 3:False:4,16:417,367
> 4:False:4,17:417,367
> 5:False:3,15:417,367
satellite-suboptimal-old-noisy/100/satellite_noisy_p03_hyp-2_full_3.tar.bz2:0.409708976746:0.030384:0.42
> 0:False:4,15:396,342
> 1:True:4,13:396,342
> 2:False:3,16:396,342
> 3:False:4,15:396,342
> 4:False:4,15:396,342
> 5:False:3,14:396,342
satellite-suboptimal-old-noisy/100/satellite_noisy_p03_hyp-3_full_1.tar.bz2:0.410085916519:0.0303026:0.41
> 0:False:4,19:415,361
> 1:False:4,20:415,361
> 2:True:3,17:415,361
> 3:False:4,20:415,361
> 4:True:4,18:415,361
> 5:False:3,19:415,361
satellite-suboptimal-old-noisy/100/satellite_noisy_p03_hyp-3_full_2.tar.bz2:0.410614967346:0.03017585:0.42
> 0:False:4,17:414,360
> 1:False:4,17:414,360
> 2:False:3,15:414,360
> 3:False:4,18:414,360
> 4:True:4,15:414,360
> 5:False:3,17:414,360
satellite-suboptimal-old-noisy/100/satellite_noisy_p03_hyp-3_full_3.tar.bz2:0.410731077194:0.03021873:0.41
> 0:False:4,17:414,360
> 1:False:4,17:414,360
> 2:False:3,15:414,360
> 3:False:4,18:414,360
> 4:True:4,15:414,360
> 5:False:3,17:414,360
satellite-suboptimal-old-noisy/100/satellite_noisy_p03_hyp-4_full_1.tar.bz2:0.411372900009:0.03024234:0.41
> 0:False:4,19:419,370
> 1:False:4,19:419,370
> 2:False:3,20:419,370
> 3:True:4,17:419,370
> 4:False:4,20:419,370
> 5:False:3,19:419,370
satellite-suboptimal-old-noisy/100/satellite_noisy_p03_hyp-4_full_2.tar.bz2:0.412964105606:0.03227767:0.42
> 0:False:4,16:470,436
> 1:False:4,17:470,436
> 2:False:3,17:470,436
> 3:True:4,15:470,436
> 4:False:4,17:470,436
> 5:False:3,17:470,436
satellite-suboptimal-old-noisy/100/satellite_noisy_p03_hyp-4_full_3.tar.bz2:0.412043094635:0.03034107:0.42
> 0:False:4,17:415,362
> 1:False:4,17:415,362
> 2:False:3,18:415,362
> 3:True:4,15:415,362
> 4:False:4,18:415,362
> 5:False:3,17:415,362
