satellite-optimal-old-noisy/10/satellite_noisy_p01_hyp-1_10_1.tar.bz2:0.609212875366:0.064916:0.61
> 0:True:10,12:17094,1320
> 1:True:9,11:17094,1320
> 2:True:9,11:17094,1320
> 3:True:10,12:17094,1320
> 4:True:11,13:17094,1320
> 5:True:10,12:17094,1320
satellite-optimal-old-noisy/10/satellite_noisy_p01_hyp-1_10_2.tar.bz2:0.61055803299:0.0645358:0.62
> 0:True:10,12:17094,1320
> 1:True:9,11:17094,1320
> 2:False:9,12:17094,1320
> 3:False:10,13:17094,1320
> 4:True:11,13:17094,1320
> 5:False:10,13:17094,1320
satellite-optimal-old-noisy/10/satellite_noisy_p01_hyp-1_10_3.tar.bz2:0.608049869537:0.0641563:0.61
> 0:False:10,15:17094,1320
> 1:False:9,13:17094,1320
> 2:False:9,14:17094,1320
> 3:False:10,14:17094,1320
> 4:False:11,15:17094,1320
> 5:True:10,13:17094,1320
satellite-optimal-old-noisy/10/satellite_noisy_p01_hyp-2_10_1.tar.bz2:0.608256101608:0.064547:0.61
> 0:False:10,18:17094,1320
> 1:True:9,13:17094,1320
> 2:False:9,16:17094,1320
> 3:False:10,15:17094,1320
> 4:True:11,15:17094,1320
> 5:False:10,17:17094,1320
satellite-optimal-old-noisy/10/satellite_noisy_p01_hyp-2_10_2.tar.bz2:0.609878063202:0.0645891:0.61
> 0:False:10,17:17094,1320
> 1:True:9,13:17094,1320
> 2:False:9,16:17094,1320
> 3:False:10,15:17094,1320
> 4:True:11,15:17094,1320
> 5:False:10,16:17094,1320
satellite-optimal-old-noisy/10/satellite_noisy_p01_hyp-2_10_3.tar.bz2:0.609113931656:0.064527:0.61
> 0:False:10,13:17094,1320
> 1:True:9,10:17094,1320
> 2:False:9,12:17094,1320
> 3:False:10,12:17094,1320
> 4:True:11,12:17094,1320
> 5:False:10,12:17094,1320
satellite-optimal-old-noisy/10/satellite_noisy_p01_hyp-3_10_1.tar.bz2:0.610042095184:0.0652963:0.61
> 0:False:10,13:17094,1320
> 1:False:9,12:17094,1320
> 2:True:9,11:17094,1320
> 3:False:10,13:17094,1320
> 4:False:11,14:17094,1320
> 5:False:10,13:17094,1320
satellite-optimal-old-noisy/10/satellite_noisy_p01_hyp-3_10_2.tar.bz2:0.610928058624:0.0648021:0.61
> 0:True:10,13:17094,1320
> 1:False:9,14:17094,1320
> 2:False:9,13:17094,1320
> 3:False:10,14:17094,1320
> 4:False:11,17:17094,1320
> 5:False:10,16:17094,1320
satellite-optimal-old-noisy/10/satellite_noisy_p01_hyp-3_10_3.tar.bz2:0.608897209167:0.0645417:0.61
> 0:True:10,10:17093,1318
> 1:True:9,9:17093,1318
> 2:True:9,9:17093,1318
> 3:True:10,10:17093,1318
> 4:True:11,11:17093,1318
> 5:True:10,10:17093,1318
satellite-optimal-old-noisy/10/satellite_noisy_p01_hyp-4_10_1.tar.bz2:0.607769012451:0.0641899:0.61
> 0:True:10,11:17095,1322
> 1:False:9,11:17095,1322
> 2:False:9,12:17095,1322
> 3:True:10,11:17095,1322
> 4:False:11,14:17095,1322
> 5:False:10,13:17095,1322
satellite-optimal-old-noisy/10/satellite_noisy_p01_hyp-4_10_2.tar.bz2:0.611232042313:0.0652008:0.62
> 0:False:10,15:17095,1322
> 1:False:9,14:17095,1322
> 2:False:9,14:17095,1322
> 3:False:10,15:17095,1322
> 4:True:11,15:17095,1322
> 5:True:10,14:17095,1322
satellite-optimal-old-noisy/10/satellite_noisy_p01_hyp-4_10_3.tar.bz2:0.60925579071:0.0645808:0.61
> 0:False:10,14:17095,1322
> 1:True:9,11:17095,1322
> 2:False:9,13:17095,1322
> 3:True:10,12:17095,1322
> 4:False:11,14:17095,1322
> 5:False:10,14:17095,1322
satellite-optimal-old-noisy/10/satellite_noisy_p02_hyp-1_10_1.tar.bz2:0.477298021317:0.03249634:0.49
> 0:True:12,13:7171,751
> 1:False:12,14:7171,751
> 2:False:12,14:7171,751
> 3:False:12,14:7171,751
> 4:True:12,13:7171,751
> 5:False:12,14:7171,751
satellite-optimal-old-noisy/10/satellite_noisy_p02_hyp-1_10_2.tar.bz2:0.477206945419:0.03254635:0.48
> 0:True:12,12:7171,751
> 1:True:12,12:7171,751
> 2:True:12,12:7171,751
> 3:True:12,12:7171,751
> 4:True:12,12:7171,751
> 5:True:12,12:7171,751
satellite-optimal-old-noisy/10/satellite_noisy_p02_hyp-1_10_3.tar.bz2:0.476220846176:0.03218255:0.48
> 0:True:12,13:7171,751
> 1:False:12,14:7171,751
> 2:False:12,14:7171,751
> 3:True:12,13:7171,751
> 4:True:12,13:7171,751
> 5:False:12,14:7171,751
satellite-optimal-old-noisy/10/satellite_noisy_p02_hyp-2_10_1.tar.bz2:0.47661614418:0.03226939:0.47
> 0:True:12,13:7171,751
> 1:True:12,13:7171,751
> 2:False:12,14:7171,751
> 3:True:12,13:7171,751
> 4:True:12,13:7171,751
> 5:True:12,13:7171,751
satellite-optimal-old-noisy/10/satellite_noisy_p02_hyp-2_10_2.tar.bz2:0.478747844696:0.03256639:0.49
> 0:False:12,18:7171,751
> 1:True:12,15:7171,751
> 2:False:12,16:7171,751
> 3:False:12,16:7171,751
> 4:False:12,17:7171,751
> 5:False:12,16:7171,751
satellite-optimal-old-noisy/10/satellite_noisy_p02_hyp-2_10_3.tar.bz2:0.478456020355:0.03245217:0.48
> 0:False:12,14:7171,751
> 1:True:12,13:7171,751
> 2:False:12,14:7171,751
> 3:True:12,13:7171,751
> 4:True:12,13:7171,751
> 5:False:12,14:7171,751
satellite-optimal-old-noisy/10/satellite_noisy_p02_hyp-3_10_1.tar.bz2:0.477863073349:0.03261683:0.48
> 0:True:12,13:7171,751
> 1:True:12,13:7171,751
> 2:True:12,13:7171,751
> 3:True:12,13:7171,751
> 4:True:12,13:7171,751
> 5:True:12,13:7171,751
satellite-optimal-old-noisy/10/satellite_noisy_p02_hyp-3_10_2.tar.bz2:0.479522943497:0.03270343:0.47
> 0:True:12,13:7171,751
> 1:False:12,14:7171,751
> 2:True:12,13:7171,751
> 3:False:12,14:7171,751
> 4:False:12,14:7171,751
> 5:True:12,13:7171,751
satellite-optimal-old-noisy/10/satellite_noisy_p02_hyp-3_10_3.tar.bz2:0.479058027267:0.03265365:0.48
> 0:False:12,13:7170,749
> 1:True:12,12:7170,749
> 2:True:12,12:7170,749
> 3:False:12,13:7170,749
> 4:False:12,13:7170,749
> 5:True:12,12:7170,749
satellite-optimal-old-noisy/10/satellite_noisy_p02_hyp-4_10_1.tar.bz2:0.476963996887:0.03228752:0.48
> 0:False:12,14:7171,751
> 1:True:12,13:7171,751
> 2:False:12,15:7171,751
> 3:True:12,13:7171,751
> 4:True:12,13:7171,751
> 5:False:12,14:7171,751
satellite-optimal-old-noisy/10/satellite_noisy_p02_hyp-4_10_2.tar.bz2:0.478580951691:0.03264596:0.49
> 0:True:12,14:7171,751
> 1:True:12,14:7171,751
> 2:True:12,14:7171,751
> 3:True:12,14:7171,751
> 4:True:12,14:7171,751
> 5:True:12,14:7171,751
satellite-optimal-old-noisy/10/satellite_noisy_p02_hyp-4_10_3.tar.bz2:0.479216098785:0.03257297:0.47
> 0:False:12,14:7171,751
> 1:True:12,13:7171,751
> 2:False:12,14:7171,751
> 3:True:12,13:7171,751
> 4:True:12,13:7171,751
> 5:False:12,14:7171,751
satellite-optimal-old-noisy/10/satellite_noisy_p03_hyp-1_10_1.tar.bz2:0.400882959366:0.01249356:0.4
> 0:True:9,9:1667,323
> 1:True:9,9:1667,323
> 2:False:8,9:1667,323
> 3:True:9,9:1667,323
> 4:True:9,9:1667,323
> 5:True:9,9:1667,323
satellite-optimal-old-noisy/10/satellite_noisy_p03_hyp-1_10_2.tar.bz2:0.40142083168:0.01253307:0.4
> 0:False:9,11:1668,325
> 1:True:9,9:1668,325
> 2:False:8,10:1668,325
> 3:False:9,10:1668,325
> 4:False:9,11:1668,325
> 5:True:9,9:1668,325
satellite-optimal-old-noisy/10/satellite_noisy_p03_hyp-1_10_3.tar.bz2:0.40030002594:0.01251396:0.41
> 0:True:9,10:1668,325
> 1:True:9,10:1668,325
> 2:True:8,9:1668,325
> 3:True:9,10:1668,325
> 4:True:9,10:1668,325
> 5:True:9,10:1668,325
satellite-optimal-old-noisy/10/satellite_noisy_p03_hyp-2_10_1.tar.bz2:0.400451183319:0.01241597:0.41
> 0:True:9,9:1667,323
> 1:True:9,9:1667,323
> 2:True:8,8:1667,323
> 3:True:9,9:1667,323
> 4:True:9,9:1667,323
> 5:True:9,9:1667,323
satellite-optimal-old-noisy/10/satellite_noisy_p03_hyp-2_10_2.tar.bz2:0.401696920395:0.01250042:0.4
> 0:True:9,9:1667,323
> 1:True:9,9:1667,323
> 2:True:8,8:1667,323
> 3:True:9,9:1667,323
> 4:True:9,9:1667,323
> 5:True:9,9:1667,323
satellite-optimal-old-noisy/10/satellite_noisy_p03_hyp-2_10_3.tar.bz2:0.399083137512:0.01251168:0.39
> 0:True:9,9:1668,325
> 1:False:9,10:1668,325
> 2:True:8,8:1668,325
> 3:False:9,10:1668,325
> 4:True:9,9:1668,325
> 5:False:9,10:1668,325
satellite-optimal-old-noisy/10/satellite_noisy_p03_hyp-3_10_1.tar.bz2:0.400174856186:0.01243729:0.4
> 0:False:9,12:1668,325
> 1:False:9,11:1668,325
> 2:False:8,10:1668,325
> 3:True:9,10:1668,325
> 4:False:9,11:1668,325
> 5:False:9,11:1668,325
satellite-optimal-old-noisy/10/satellite_noisy_p03_hyp-3_10_2.tar.bz2:0.401161193848:0.01258331:0.39
> 0:False:9,11:1668,325
> 1:True:9,9:1668,325
> 2:False:8,10:1668,325
> 3:True:9,9:1668,325
> 4:False:9,11:1668,325
> 5:True:9,9:1668,325
satellite-optimal-old-noisy/10/satellite_noisy_p03_hyp-3_10_3.tar.bz2:0.400890111923:0.01250163:0.4
> 0:True:9,11:1668,325
> 1:True:9,11:1668,325
> 2:True:8,10:1668,325
> 3:True:9,11:1668,325
> 4:True:9,11:1668,325
> 5:True:9,11:1668,325
satellite-optimal-old-noisy/10/satellite_noisy_p03_hyp-4_10_1.tar.bz2:0.40252995491:0.01260036:0.4
> 0:True:9,9:1668,325
> 1:True:9,9:1668,325
> 2:False:8,10:1668,325
> 3:False:9,10:1668,325
> 4:False:9,10:1668,325
> 5:True:9,9:1668,325
satellite-optimal-old-noisy/10/satellite_noisy_p03_hyp-4_10_2.tar.bz2:0.400735139847:0.01242999:0.4
> 0:True:9,9:1667,323
> 1:True:9,9:1667,323
> 2:False:8,10:1667,323
> 3:True:9,9:1667,323
> 4:False:9,10:1667,323
> 5:True:9,9:1667,323
satellite-optimal-old-noisy/10/satellite_noisy_p03_hyp-4_10_3.tar.bz2:0.401644945145:0.01256538:0.41
> 0:True:9,9:1668,325
> 1:False:9,10:1668,325
> 2:True:8,8:1668,325
> 3:False:9,10:1668,325
> 4:True:9,9:1668,325
> 5:False:9,10:1668,325
satellite-optimal-old-noisy/30/satellite_noisy_p01_hyp-1_30_1.tar.bz2:0.608456850052:0.0644078:0.61
> 0:True:10,11:17096,1324
> 1:False:9,12:17096,1324
> 2:False:9,11:17096,1324
> 3:False:10,12:17096,1324
> 4:False:11,14:17096,1324
> 5:False:10,14:17096,1324
satellite-optimal-old-noisy/30/satellite_noisy_p01_hyp-1_30_2.tar.bz2:0.610332965851:0.0647657:0.61
> 0:True:10,14:17096,1324
> 1:False:9,14:17096,1324
> 2:False:9,16:17096,1324
> 3:False:10,15:17096,1324
> 4:False:11,16:17096,1324
> 5:False:10,15:17096,1324
satellite-optimal-old-noisy/30/satellite_noisy_p01_hyp-1_30_3.tar.bz2:0.609752893448:0.0645512:0.6
> 0:True:10,11:17096,1324
> 1:False:9,12:17096,1324
> 2:False:9,11:17096,1324
> 3:False:10,13:17096,1324
> 4:False:11,13:17096,1324
> 5:False:10,13:17096,1324
satellite-optimal-old-noisy/30/satellite_noisy_p01_hyp-2_30_1.tar.bz2:0.609225034714:0.0649696:0.61
> 0:False:10,11:17095,1322
> 1:True:9,9:17095,1322
> 2:False:9,12:17095,1322
> 3:False:10,11:17095,1322
> 4:True:11,11:17095,1322
> 5:False:10,11:17095,1322
satellite-optimal-old-noisy/30/satellite_noisy_p01_hyp-2_30_2.tar.bz2:0.609477996826:0.0644073:0.61
> 0:False:10,15:17096,1324
> 1:True:9,11:17096,1324
> 2:False:9,15:17096,1324
> 3:False:10,13:17096,1324
> 4:False:11,14:17096,1324
> 5:False:10,13:17096,1324
satellite-optimal-old-noisy/30/satellite_noisy_p01_hyp-2_30_3.tar.bz2:0.610369920731:0.0649968:0.61
> 0:False:10,14:17096,1324
> 1:True:9,11:17096,1324
> 2:False:9,13:17096,1324
> 3:True:10,12:17096,1324
> 4:True:11,13:17096,1324
> 5:False:10,13:17096,1324
satellite-optimal-old-noisy/30/satellite_noisy_p01_hyp-3_30_1.tar.bz2:0.608725070953:0.0645821:0.6
> 0:False:10,14:17096,1324
> 1:False:9,12:17096,1324
> 2:False:9,10:17096,1324
> 3:False:10,13:17096,1324
> 4:False:11,12:17096,1324
> 5:True:10,10:17096,1324
satellite-optimal-old-noisy/30/satellite_noisy_p01_hyp-3_30_2.tar.bz2:0.6088950634:0.064953:0.62
> 0:False:10,16:17096,1324
> 1:False:9,16:17096,1324
> 2:True:9,13:17096,1324
> 3:False:10,16:17096,1324
> 4:False:11,18:17096,1324
> 5:False:10,16:17096,1324
satellite-optimal-old-noisy/30/satellite_noisy_p01_hyp-3_30_3.tar.bz2:0.608593940735:0.0642196:0.61
> 0:False:10,12:17096,1324
> 1:False:9,12:17096,1324
> 2:True:9,10:17096,1324
> 3:False:10,12:17096,1324
> 4:False:11,15:17096,1324
> 5:False:10,13:17096,1324
satellite-optimal-old-noisy/30/satellite_noisy_p01_hyp-4_30_1.tar.bz2:0.606937885284:0.0641567:0.61
> 0:False:10,12:17096,1324
> 1:False:9,10:17096,1324
> 2:False:9,10:17096,1324
> 3:True:10,10:17096,1324
> 4:False:11,14:17096,1324
> 5:False:10,13:17096,1324
satellite-optimal-old-noisy/30/satellite_noisy_p01_hyp-4_30_2.tar.bz2:0.60832118988:0.0642879:0.61
> 0:False:10,12:17096,1324
> 1:True:9,9:17096,1324
> 2:False:9,13:17096,1324
> 3:True:10,10:17096,1324
> 4:True:11,11:17096,1324
> 5:False:10,11:17096,1324
satellite-optimal-old-noisy/30/satellite_noisy_p01_hyp-4_30_3.tar.bz2:0.609623193741:0.0642203:0.6
> 0:True:10,10:17097,1326
> 1:False:9,11:17097,1326
> 2:False:9,11:17097,1326
> 3:False:10,11:17097,1326
> 4:False:11,14:17097,1326
> 5:False:10,13:17097,1326
satellite-optimal-old-noisy/30/satellite_noisy_p02_hyp-1_30_1.tar.bz2:0.47837305069:0.03251979:0.48
> 0:True:12,14:7173,755
> 1:False:12,15:7173,755
> 2:False:12,15:7173,755
> 3:True:12,14:7173,755
> 4:True:12,14:7173,755
> 5:False:12,15:7173,755
satellite-optimal-old-noisy/30/satellite_noisy_p02_hyp-1_30_2.tar.bz2:0.477777957916:0.03258311:0.48
> 0:True:12,13:7173,755
> 1:False:12,15:7173,755
> 2:False:12,14:7173,755
> 3:False:12,15:7173,755
> 4:False:12,14:7173,755
> 5:False:12,14:7173,755
satellite-optimal-old-noisy/30/satellite_noisy_p02_hyp-1_30_3.tar.bz2:0.477413892746:0.03246792:0.48
> 0:True:12,13:7173,755
> 1:False:12,14:7173,755
> 2:True:12,13:7173,755
> 3:True:12,13:7173,755
> 4:True:12,13:7173,755
> 5:False:12,14:7173,755
satellite-optimal-old-noisy/30/satellite_noisy_p02_hyp-2_30_1.tar.bz2:0.477697134018:0.03267191:0.48
> 0:False:12,15:7173,755
> 1:True:12,14:7173,755
> 2:True:12,14:7173,755
> 3:False:12,15:7173,755
> 4:False:12,15:7173,755
> 5:True:12,14:7173,755
satellite-optimal-old-noisy/30/satellite_noisy_p02_hyp-2_30_2.tar.bz2:0.476780891418:0.03233263:0.48
> 0:False:12,14:7173,755
> 1:True:12,12:7173,755
> 2:False:12,14:7173,755
> 3:False:12,13:7173,755
> 4:False:12,13:7173,755
> 5:False:12,13:7173,755
satellite-optimal-old-noisy/30/satellite_noisy_p02_hyp-2_30_3.tar.bz2:0.477765083313:0.0324569:0.48
> 0:False:12,14:7173,755
> 1:True:12,13:7173,755
> 2:True:12,13:7173,755
> 3:False:12,14:7173,755
> 4:False:12,14:7173,755
> 5:True:12,13:7173,755
satellite-optimal-old-noisy/30/satellite_noisy_p02_hyp-3_30_1.tar.bz2:0.478870153427:0.0321299:0.47
> 0:False:12,18:7173,755
> 1:False:12,16:7173,755
> 2:True:12,15:7173,755
> 3:False:12,18:7173,755
> 4:False:12,18:7173,755
> 5:False:12,16:7173,755
satellite-optimal-old-noisy/30/satellite_noisy_p02_hyp-3_30_2.tar.bz2:0.478582859039:0.03259411:0.48
> 0:True:12,13:7173,755
> 1:False:12,14:7173,755
> 2:True:12,13:7173,755
> 3:False:12,14:7173,755
> 4:False:12,14:7173,755
> 5:True:12,13:7173,755
satellite-optimal-old-noisy/30/satellite_noisy_p02_hyp-3_30_3.tar.bz2:0.478751182556:0.03239844:0.48
> 0:False:12,14:7173,755
> 1:False:12,15:7173,755
> 2:True:12,13:7173,755
> 3:False:12,15:7173,755
> 4:False:12,15:7173,755
> 5:False:12,14:7173,755
satellite-optimal-old-noisy/30/satellite_noisy_p02_hyp-4_30_1.tar.bz2:0.478258132935:0.03245072:0.48
> 0:False:12,18:7173,755
> 1:True:12,16:7173,755
> 2:False:12,17:7173,755
> 3:True:12,16:7173,755
> 4:False:12,17:7173,755
> 5:False:12,17:7173,755
satellite-optimal-old-noisy/30/satellite_noisy_p02_hyp-4_30_2.tar.bz2:0.477850914001:0.03247778:0.47
> 0:True:12,14:7173,755
> 1:True:12,14:7173,755
> 2:True:12,14:7173,755
> 3:True:12,14:7173,755
> 4:True:12,14:7173,755
> 5:True:12,14:7173,755
satellite-optimal-old-noisy/30/satellite_noisy_p02_hyp-4_30_3.tar.bz2:0.476830005646:0.03231768:0.47
> 0:True:12,12:7172,753
> 1:False:12,14:7172,753
> 2:False:12,15:7172,753
> 3:True:12,12:7172,753
> 4:True:12,12:7172,753
> 5:False:12,14:7172,753
satellite-optimal-old-noisy/30/satellite_noisy_p03_hyp-1_30_1.tar.bz2:0.40238404274:0.01267864:0.41
> 0:True:9,11:1670,329
> 1:False:9,12:1670,329
> 2:True:8,10:1670,329
> 3:False:9,13:1670,329
> 4:True:9,11:1670,329
> 5:False:9,12:1670,329
satellite-optimal-old-noisy/30/satellite_noisy_p03_hyp-1_30_2.tar.bz2:0.401005983353:0.01266972:0.41
> 0:True:9,10:1670,329
> 1:False:9,11:1670,329
> 2:False:8,11:1670,329
> 3:False:9,11:1670,329
> 4:False:9,11:1670,329
> 5:False:9,11:1670,329
satellite-optimal-old-noisy/30/satellite_noisy_p03_hyp-1_30_3.tar.bz2:0.400419950485:0.01257136:0.4
> 0:True:9,10:1670,329
> 1:True:9,10:1670,329
> 2:False:8,10:1670,329
> 3:False:9,11:1670,329
> 4:True:9,10:1670,329
> 5:True:9,10:1670,329
satellite-optimal-old-noisy/30/satellite_noisy_p03_hyp-2_30_1.tar.bz2:0.401262998581:0.01262276:0.41
> 0:False:9,10:1670,329
> 1:True:9,9:1670,329
> 2:False:8,9:1670,329
> 3:False:9,10:1670,329
> 4:False:9,10:1670,329
> 5:True:9,9:1670,329
satellite-optimal-old-noisy/30/satellite_noisy_p03_hyp-2_30_2.tar.bz2:0.399610042572:0.01250488:0.4
> 0:True:9,11:1670,329
> 1:True:9,11:1670,329
> 2:False:8,12:1670,329
> 3:True:9,11:1670,329
> 4:False:9,12:1670,329
> 5:True:9,11:1670,329
satellite-optimal-old-noisy/30/satellite_noisy_p03_hyp-2_30_3.tar.bz2:0.402024030685:0.01273197:0.4
> 0:True:9,9:1670,329
> 1:True:9,9:1670,329
> 2:False:8,9:1670,329
> 3:True:9,9:1670,329
> 4:True:9,9:1670,329
> 5:True:9,9:1670,329
satellite-optimal-old-noisy/30/satellite_noisy_p03_hyp-3_30_1.tar.bz2:0.399560928345:0.01251002:0.39
> 0:True:9,10:1670,329
> 1:False:9,11:1670,329
> 2:True:8,9:1670,329
> 3:False:9,12:1670,329
> 4:True:9,10:1670,329
> 5:False:9,11:1670,329
satellite-optimal-old-noisy/30/satellite_noisy_p03_hyp-3_30_2.tar.bz2:0.399925231934:0.01248695:0.4
> 0:False:9,11:1670,329
> 1:False:9,11:1670,329
> 2:False:8,10:1670,329
> 3:False:9,11:1670,329
> 4:True:9,10:1670,329
> 5:False:9,11:1670,329
satellite-optimal-old-noisy/30/satellite_noisy_p03_hyp-3_30_3.tar.bz2:0.401669025421:0.01270148:0.4
> 0:False:9,11:1670,329
> 1:False:9,11:1670,329
> 2:True:8,9:1670,329
> 3:True:9,10:1670,329
> 4:True:9,10:1670,329
> 5:False:9,11:1670,329
satellite-optimal-old-noisy/30/satellite_noisy_p03_hyp-4_30_1.tar.bz2:0.400481939316:0.01269667:0.4
> 0:False:9,11:1670,329
> 1:True:9,10:1670,329
> 2:False:8,11:1670,329
> 3:False:9,11:1670,329
> 4:False:9,11:1670,329
> 5:True:9,10:1670,329
satellite-optimal-old-noisy/30/satellite_noisy_p03_hyp-4_30_2.tar.bz2:0.400215148926:0.01262555:0.41
> 0:True:9,10:1670,329
> 1:False:9,11:1670,329
> 2:False:8,10:1670,329
> 3:True:9,10:1670,329
> 4:True:9,10:1670,329
> 5:False:9,11:1670,329
satellite-optimal-old-noisy/30/satellite_noisy_p03_hyp-4_30_3.tar.bz2:0.399425983429:0.01246486:0.4
> 0:False:9,11:1670,329
> 1:True:9,10:1670,329
> 2:False:8,11:1670,329
> 3:True:9,10:1670,329
> 4:False:9,11:1670,329
> 5:True:9,10:1670,329
satellite-optimal-old-noisy/50/satellite_noisy_p01_hyp-1_50_1.tar.bz2:0.606696128845:0.0641892:0.61
> 0:True:10,12:17098,1328
> 1:False:9,14:17098,1328
> 2:False:9,15:17098,1328
> 3:False:10,14:17098,1328
> 4:False:11,16:17098,1328
> 5:False:10,16:17098,1328
satellite-optimal-old-noisy/50/satellite_noisy_p01_hyp-1_50_2.tar.bz2:0.610218048096:0.0644497:0.6
> 0:True:10,12:17098,1328
> 1:False:9,14:17098,1328
> 2:False:9,15:17098,1328
> 3:False:10,14:17098,1328
> 4:False:11,16:17098,1328
> 5:False:10,16:17098,1328
satellite-optimal-old-noisy/50/satellite_noisy_p01_hyp-1_50_3.tar.bz2:0.609964132309:0.0644815:0.61
> 0:True:10,12:17098,1328
> 1:False:9,13:17098,1328
> 2:False:9,12:17098,1328
> 3:False:10,13:17098,1328
> 4:False:11,15:17098,1328
> 5:False:10,15:17098,1328
satellite-optimal-old-noisy/50/satellite_noisy_p01_hyp-2_50_1.tar.bz2:0.610048055649:0.064706:0.62
> 0:False:10,16:17098,1328
> 1:True:9,11:17098,1328
> 2:False:9,14:17098,1328
> 3:False:10,13:17098,1328
> 4:False:11,16:17098,1328
> 5:False:10,14:17098,1328
satellite-optimal-old-noisy/50/satellite_noisy_p01_hyp-2_50_2.tar.bz2:0.610111951828:0.0652003:0.61
> 0:False:10,14:17098,1328
> 1:True:9,10:17098,1328
> 2:False:9,15:17098,1328
> 3:False:10,12:17098,1328
> 4:False:11,13:17098,1328
> 5:False:10,12:17098,1328
satellite-optimal-old-noisy/50/satellite_noisy_p01_hyp-2_50_3.tar.bz2:0.610655069351:0.064686:0.62
> 0:False:10,14:17098,1328
> 1:True:9,10:17098,1328
> 2:False:9,12:17098,1328
> 3:True:10,11:17098,1328
> 4:False:11,14:17098,1328
> 5:False:10,13:17098,1328
satellite-optimal-old-noisy/50/satellite_noisy_p01_hyp-3_50_1.tar.bz2:0.608752965927:0.0645:0.6
> 0:False:10,13:17098,1328
> 1:True:9,10:17098,1328
> 2:False:9,12:17098,1328
> 3:True:10,11:17098,1328
> 4:False:11,14:17098,1328
> 5:False:10,13:17098,1328
satellite-optimal-old-noisy/50/satellite_noisy_p01_hyp-3_50_2.tar.bz2:0.610337972641:0.064864:0.61
> 0:False:10,16:17098,1328
> 1:False:9,16:17098,1328
> 2:True:9,13:17098,1328
> 3:False:10,16:17098,1328
> 4:False:11,18:17098,1328
> 5:False:10,16:17098,1328
satellite-optimal-old-noisy/50/satellite_noisy_p01_hyp-3_50_3.tar.bz2:0.60819196701:0.0643701:0.6
> 0:False:10,13:17098,1328
> 1:False:9,12:17098,1328
> 2:True:9,11:17098,1328
> 3:False:10,13:17098,1328
> 4:False:11,14:17098,1328
> 5:False:10,13:17098,1328
satellite-optimal-old-noisy/50/satellite_noisy_p01_hyp-4_50_1.tar.bz2:0.607486009598:0.0645158:0.6
> 0:False:10,17:17100,1332
> 1:False:9,16:17100,1332
> 2:False:9,18:17100,1332
> 3:True:10,16:17100,1332
> 4:False:11,19:17100,1332
> 5:False:10,17:17100,1332
satellite-optimal-old-noisy/50/satellite_noisy_p01_hyp-4_50_2.tar.bz2:0.607926845551:0.0639604:0.61
> 0:False:10,20:17100,1332
> 1:False:9,19:17100,1332
> 2:False:9,21:17100,1332
> 3:True:10,19:17100,1332
> 4:True:11,20:17100,1332
> 5:False:10,21:17100,1332
satellite-optimal-old-noisy/50/satellite_noisy_p01_hyp-4_50_3.tar.bz2:0.610152006149:0.0641479:0.61
> 0:False:10,16:17100,1332
> 1:False:9,15:17100,1332
> 2:False:9,17:17100,1332
> 3:False:10,16:17100,1332
> 4:True:11,16:17100,1332
> 5:False:10,16:17100,1332
satellite-optimal-old-noisy/50/satellite_noisy_p02_hyp-1_50_1.tar.bz2:0.476913928986:0.03237887:0.49
> 0:True:12,15:7177,763
> 1:False:12,17:7177,763
> 2:False:12,17:7177,763
> 3:True:12,15:7177,763
> 4:True:12,15:7177,763
> 5:False:12,17:7177,763
satellite-optimal-old-noisy/50/satellite_noisy_p02_hyp-1_50_2.tar.bz2:0.477778196335:0.0325315:0.48
> 0:True:12,14:7176,761
> 1:False:12,15:7176,761
> 2:False:12,16:7176,761
> 3:True:12,14:7176,761
> 4:True:12,14:7176,761
> 5:False:12,15:7176,761
satellite-optimal-old-noisy/50/satellite_noisy_p02_hyp-1_50_3.tar.bz2:0.476369857788:0.03244606:0.48
> 0:True:12,15:7177,763
> 1:False:12,17:7177,763
> 2:False:12,17:7177,763
> 3:False:12,17:7177,763
> 4:False:12,16:7177,763
> 5:False:12,16:7177,763
satellite-optimal-old-noisy/50/satellite_noisy_p02_hyp-2_50_1.tar.bz2:0.477022171021:0.03165258:0.48
> 0:True:12,16:7177,763
> 1:False:12,17:7177,763
> 2:False:12,18:7177,763
> 3:True:12,16:7177,763
> 4:True:12,16:7177,763
> 5:False:12,17:7177,763
satellite-optimal-old-noisy/50/satellite_noisy_p02_hyp-2_50_2.tar.bz2:0.476211071014:0.03179284:0.47
> 0:False:12,20:7177,763
> 1:True:12,17:7177,763
> 2:False:12,19:7177,763
> 3:False:12,18:7177,763
> 4:False:12,19:7177,763
> 5:False:12,18:7177,763
satellite-optimal-old-noisy/50/satellite_noisy_p02_hyp-2_50_3.tar.bz2:0.476943016052:0.03238972:0.48
> 0:False:12,18:7177,763
> 1:True:12,16:7177,763
> 2:False:12,18:7177,763
> 3:False:12,17:7177,763
> 4:False:12,18:7177,763
> 5:True:12,16:7177,763
satellite-optimal-old-noisy/50/satellite_noisy_p02_hyp-3_50_1.tar.bz2:0.477295875549:0.03187548:0.48
> 0:False:12,16:7177,763
> 1:False:12,17:7177,763
> 2:True:12,15:7177,763
> 3:False:12,17:7177,763
> 4:False:12,17:7177,763
> 5:False:12,16:7177,763
satellite-optimal-old-noisy/50/satellite_noisy_p02_hyp-3_50_2.tar.bz2:0.475287914276:0.03187592:0.48
> 0:False:12,18:7177,763
> 1:False:12,18:7177,763
> 2:True:12,16:7177,763
> 3:False:12,19:7177,763
> 4:False:12,19:7177,763
> 5:False:12,17:7177,763
satellite-optimal-old-noisy/50/satellite_noisy_p02_hyp-3_50_3.tar.bz2:0.476940870285:0.03278044:0.48
> 0:False:12,18:7177,763
> 1:False:12,18:7177,763
> 2:True:12,17:7177,763
> 3:False:12,18:7177,763
> 4:False:12,18:7177,763
> 5:False:12,18:7177,763
satellite-optimal-old-noisy/50/satellite_noisy_p02_hyp-4_50_1.tar.bz2:0.479021787643:0.03242398:0.48
> 0:False:12,15:7176,761
> 1:False:12,15:7176,761
> 2:False:12,17:7176,761
> 3:True:12,14:7176,761
> 4:False:12,15:7176,761
> 5:False:12,15:7176,761
satellite-optimal-old-noisy/50/satellite_noisy_p02_hyp-4_50_2.tar.bz2:0.477452039719:0.03172957:0.49
> 0:True:12,18:7177,763
> 1:True:12,18:7177,763
> 2:True:12,18:7177,763
> 3:True:12,18:7177,763
> 4:True:12,18:7177,763
> 5:True:12,18:7177,763
satellite-optimal-old-noisy/50/satellite_noisy_p02_hyp-4_50_3.tar.bz2:0.47736787796:0.0321227:0.48
> 0:False:12,17:7177,763
> 1:True:12,15:7177,763
> 2:False:12,18:7177,763
> 3:True:12,15:7177,763
> 4:False:12,16:7177,763
> 5:False:12,16:7177,763
satellite-optimal-old-noisy/50/satellite_noisy_p03_hyp-1_50_1.tar.bz2:0.402714014053:0.0127928:0.41
> 0:True:9,10:1672,333
> 1:False:9,11:1672,333
> 2:False:8,11:1672,333
> 3:False:9,11:1672,333
> 4:False:9,11:1672,333
> 5:False:9,11:1672,333
satellite-optimal-old-noisy/50/satellite_noisy_p03_hyp-1_50_2.tar.bz2:0.401830911636:0.01280296:0.4
> 0:False:9,11:1672,333
> 1:True:9,10:1672,333
> 2:False:8,11:1672,333
> 3:True:9,10:1672,333
> 4:False:9,11:1672,333
> 5:True:9,10:1672,333
satellite-optimal-old-noisy/50/satellite_noisy_p03_hyp-1_50_3.tar.bz2:0.401672124863:0.01254097:0.4
> 0:True:9,10:1672,333
> 1:False:9,12:1672,333
> 2:False:8,10:1672,333
> 3:False:9,12:1672,333
> 4:True:9,10:1672,333
> 5:False:9,12:1672,333
satellite-optimal-old-noisy/50/satellite_noisy_p03_hyp-2_50_1.tar.bz2:0.401628017426:0.01279211:0.4
> 0:False:9,12:1672,333
> 1:True:9,11:1672,333
> 2:False:8,13:1672,333
> 3:True:9,11:1672,333
> 4:False:9,13:1672,333
> 5:True:9,11:1672,333
satellite-optimal-old-noisy/50/satellite_noisy_p03_hyp-2_50_2.tar.bz2:0.397857904434:0.01252468:0.4
> 0:False:9,12:1672,333
> 1:True:9,10:1672,333
> 2:False:8,11:1672,333
> 3:False:9,11:1672,333
> 4:False:9,12:1672,333
> 5:True:9,10:1672,333
satellite-optimal-old-noisy/50/satellite_noisy_p03_hyp-2_50_3.tar.bz2:0.400645017624:0.0125739:0.4
> 0:False:9,12:1672,333
> 1:True:9,10:1672,333
> 2:False:8,11:1672,333
> 3:False:9,11:1672,333
> 4:False:9,12:1672,333
> 5:True:9,10:1672,333
satellite-optimal-old-noisy/50/satellite_noisy_p03_hyp-3_50_1.tar.bz2:0.400341033936:0.01247795:0.39
> 0:True:9,10:1671,331
> 1:False:9,11:1671,331
> 2:True:8,9:1671,331
> 3:False:9,11:1671,331
> 4:True:9,10:1671,331
> 5:False:9,11:1671,331
satellite-optimal-old-noisy/50/satellite_noisy_p03_hyp-3_50_2.tar.bz2:0.400438070297:0.01249307:0.41
> 0:False:9,11:1672,333
> 1:False:9,12:1672,333
> 2:False:8,10:1672,333
> 3:False:9,12:1672,333
> 4:True:9,10:1672,333
> 5:False:9,12:1672,333
satellite-optimal-old-noisy/50/satellite_noisy_p03_hyp-3_50_3.tar.bz2:0.401791095734:0.01269268:0.39
> 0:False:9,11:1672,333
> 1:False:9,13:1672,333
> 2:True:8,9:1672,333
> 3:False:9,13:1672,333
> 4:True:9,10:1672,333
> 5:False:9,13:1672,333
satellite-optimal-old-noisy/50/satellite_noisy_p03_hyp-4_50_1.tar.bz2:0.401965856552:0.01279067:0.4
> 0:True:9,10:1672,333
> 1:True:9,10:1672,333
> 2:False:8,11:1672,333
> 3:True:9,10:1672,333
> 4:False:9,11:1672,333
> 5:True:9,10:1672,333
satellite-optimal-old-noisy/50/satellite_noisy_p03_hyp-4_50_2.tar.bz2:0.399121999741:0.01230176:0.41
> 0:False:9,13:1672,333
> 1:True:9,12:1672,333
> 2:False:8,13:1672,333
> 3:True:9,12:1672,333
> 4:False:9,13:1672,333
> 5:True:9,12:1672,333
satellite-optimal-old-noisy/50/satellite_noisy_p03_hyp-4_50_3.tar.bz2:0.400619029999:0.0125783:0.4
> 0:False:9,12:1672,333
> 1:True:9,11:1672,333
> 2:False:8,11:1672,333
> 3:True:9,11:1672,333
> 4:False:9,12:1672,333
> 5:True:9,11:1672,333
satellite-optimal-old-noisy/70/satellite_noisy_p01_hyp-1_70_1.tar.bz2:0.607800006866:0.0641398:0.62
> 0:True:10,12:17101,1334
> 1:False:9,14:17101,1334
> 2:False:9,15:17101,1334
> 3:False:10,14:17101,1334
> 4:False:11,16:17101,1334
> 5:False:10,16:17101,1334
satellite-optimal-old-noisy/70/satellite_noisy_p01_hyp-1_70_2.tar.bz2:0.609004974365:0.0645628:0.61
> 0:True:10,13:17101,1334
> 1:False:9,14:17101,1334
> 2:False:9,16:17101,1334
> 3:False:10,15:17101,1334
> 4:False:11,16:17101,1334
> 5:False:10,16:17101,1334
satellite-optimal-old-noisy/70/satellite_noisy_p01_hyp-1_70_3.tar.bz2:0.607029914856:0.0642938:0.6
> 0:True:10,14:17101,1334
> 1:False:9,17:17101,1334
> 2:False:9,18:17101,1334
> 3:False:10,17:17101,1334
> 4:False:11,19:17101,1334
> 5:False:10,19:17101,1334
satellite-optimal-old-noisy/70/satellite_noisy_p01_hyp-2_70_1.tar.bz2:0.610258102417:0.0644297:0.61
> 0:False:10,19:17101,1334
> 1:True:9,12:17101,1334
> 2:False:9,17:17101,1334
> 3:False:10,14:17101,1334
> 4:False:11,17:17101,1334
> 5:False:10,17:17101,1334
satellite-optimal-old-noisy/70/satellite_noisy_p01_hyp-2_70_2.tar.bz2:0.610992193222:0.0647388:0.62
> 0:False:10,19:17101,1334
> 1:True:9,13:17101,1334
> 2:False:9,16:17101,1334
> 3:True:10,14:17101,1334
> 4:False:11,17:17101,1334
> 5:False:10,18:17101,1334
satellite-optimal-old-noisy/70/satellite_noisy_p01_hyp-2_70_3.tar.bz2:0.610455036163:0.0647955:0.61
> 0:False:10,19:17101,1334
> 1:True:9,12:17101,1334
> 2:False:9,17:17101,1334
> 3:False:10,14:17101,1334
> 4:False:11,16:17101,1334
> 5:False:10,17:17101,1334
satellite-optimal-old-noisy/70/satellite_noisy_p01_hyp-3_70_1.tar.bz2:0.607550859451:0.0641129:0.61
> 0:False:10,17:17101,1334
> 1:False:9,15:17101,1334
> 2:True:9,14:17101,1334
> 3:False:10,16:17101,1334
> 4:False:11,17:17101,1334
> 5:False:10,16:17101,1334
satellite-optimal-old-noisy/70/satellite_noisy_p01_hyp-3_70_2.tar.bz2:0.608201980591:0.0643456:0.61
> 0:False:10,19:17101,1334
> 1:False:9,17:17101,1334
> 2:True:9,15:17101,1334
> 3:False:10,18:17101,1334
> 4:False:11,20:17101,1334
> 5:False:10,18:17101,1334
satellite-optimal-old-noisy/70/satellite_noisy_p01_hyp-3_70_3.tar.bz2:0.609642028809:0.064552:0.61
> 0:False:10,15:17100,1332
> 1:True:9,12:17100,1332
> 2:True:9,12:17100,1332
> 3:True:10,13:17100,1332
> 4:True:11,14:17100,1332
> 5:True:10,13:17100,1332
satellite-optimal-old-noisy/70/satellite_noisy_p01_hyp-4_70_1.tar.bz2:0.607617139816:0.0647281:0.61
> 0:False:10,16:17102,1336
> 1:False:9,14:17102,1336
> 2:False:9,16:17102,1336
> 3:True:10,14:17102,1336
> 4:False:11,17:17102,1336
> 5:False:10,17:17102,1336
satellite-optimal-old-noisy/70/satellite_noisy_p01_hyp-4_70_2.tar.bz2:0.608098983765:0.0640569:0.61
> 0:False:10,15:17102,1336
> 1:False:9,14:17102,1336
> 2:False:9,14:17102,1336
> 3:False:10,14:17102,1336
> 4:True:11,14:17102,1336
> 5:False:10,15:17102,1336
satellite-optimal-old-noisy/70/satellite_noisy_p01_hyp-4_70_3.tar.bz2:0.60807800293:0.0643275:0.61
> 0:False:10,18:17102,1336
> 1:False:9,15:17102,1336
> 2:False:9,17:17102,1336
> 3:True:10,15:17102,1336
> 4:False:11,18:17102,1336
> 5:False:10,18:17102,1336
satellite-optimal-old-noisy/70/satellite_noisy_p02_hyp-1_70_1.tar.bz2:0.478801965714:0.03208551:0.48
> 0:True:12,15:7179,767
> 1:False:12,19:7179,767
> 2:False:12,18:7179,767
> 3:False:12,17:7179,767
> 4:False:12,16:7179,767
> 5:False:12,18:7179,767
satellite-optimal-old-noisy/70/satellite_noisy_p02_hyp-1_70_2.tar.bz2:0.478804111481:0.03256059:0.48
> 0:True:12,15:7180,769
> 1:False:12,19:7180,769
> 2:False:12,19:7180,769
> 3:False:12,17:7180,769
> 4:False:12,16:7180,769
> 5:False:12,18:7180,769
satellite-optimal-old-noisy/70/satellite_noisy_p02_hyp-1_70_3.tar.bz2:0.478051900864:0.03213919:0.48
> 0:True:12,14:7179,767
> 1:False:12,17:7179,767
> 2:False:12,16:7179,767
> 3:False:12,16:7179,767
> 4:False:12,15:7179,767
> 5:False:12,16:7179,767
satellite-optimal-old-noisy/70/satellite_noisy_p02_hyp-2_70_1.tar.bz2:0.478047132492:0.03262345:0.48
> 0:False:12,18:7180,769
> 1:True:12,16:7180,769
> 2:False:12,18:7180,769
> 3:False:12,17:7180,769
> 4:False:12,17:7180,769
> 5:False:12,17:7180,769
satellite-optimal-old-noisy/70/satellite_noisy_p02_hyp-2_70_2.tar.bz2:0.477745056152:0.03215903:0.48
> 0:False:12,22:7180,769
> 1:True:12,19:7180,769
> 2:False:12,20:7180,769
> 3:False:12,21:7180,769
> 4:False:12,22:7180,769
> 5:True:12,19:7180,769
satellite-optimal-old-noisy/70/satellite_noisy_p02_hyp-2_70_3.tar.bz2:0.479027986526:0.03245656:0.48
> 0:False:12,19:7180,769
> 1:True:12,16:7180,769
> 2:False:12,17:7180,769
> 3:False:12,18:7180,769
> 4:False:12,18:7180,769
> 5:False:12,17:7180,769
satellite-optimal-old-noisy/70/satellite_noisy_p02_hyp-3_70_1.tar.bz2:0.47959113121:0.03254993:0.48
> 0:False:12,20:7180,769
> 1:False:12,18:7180,769
> 2:True:12,16:7180,769
> 3:False:12,20:7180,769
> 4:False:12,20:7180,769
> 5:False:12,18:7180,769
satellite-optimal-old-noisy/70/satellite_noisy_p02_hyp-3_70_2.tar.bz2:0.47830080986:0.03255264:0.48
> 0:False:12,21:7180,769
> 1:False:12,21:7180,769
> 2:True:12,18:7180,769
> 3:False:12,23:7180,769
> 4:False:12,22:7180,769
> 5:False:12,20:7180,769
satellite-optimal-old-noisy/70/satellite_noisy_p02_hyp-3_70_3.tar.bz2:0.478541851044:0.03256224:0.47
> 0:False:12,19:7179,767
> 1:False:12,19:7179,767
> 2:True:12,16:7179,767
> 3:False:12,20:7179,767
> 4:False:12,20:7179,767
> 5:False:12,18:7179,767
satellite-optimal-old-noisy/70/satellite_noisy_p02_hyp-4_70_1.tar.bz2:0.478772163391:0.03274415:0.48
> 0:False:12,16:7180,769
> 1:False:12,16:7180,769
> 2:False:12,18:7180,769
> 3:True:12,15:7180,769
> 4:True:12,15:7180,769
> 5:False:12,17:7180,769
satellite-optimal-old-noisy/70/satellite_noisy_p02_hyp-4_70_2.tar.bz2:0.480092048645:0.03277336:0.47
> 0:False:12,19:7180,769
> 1:False:12,18:7180,769
> 2:False:12,21:7180,769
> 3:True:12,17:7180,769
> 4:False:12,18:7180,769
> 5:False:12,19:7180,769
satellite-optimal-old-noisy/70/satellite_noisy_p02_hyp-4_70_3.tar.bz2:0.478896141052:0.03247295:0.48
> 0:False:12,19:7180,769
> 1:False:12,19:7180,769
> 2:False:12,20:7180,769
> 3:True:12,18:7180,769
> 4:False:12,19:7180,769
> 5:False:12,19:7180,769
satellite-optimal-old-noisy/70/satellite_noisy_p03_hyp-1_70_1.tar.bz2:0.401293039322:0.01266302:0.4
> 0:True:9,11:1675,339
> 1:False:9,13:1675,339
> 2:False:8,12:1675,339
> 3:False:9,14:1675,339
> 4:False:9,12:1675,339
> 5:False:9,13:1675,339
satellite-optimal-old-noisy/70/satellite_noisy_p03_hyp-1_70_2.tar.bz2:0.401031970978:0.01266355:0.4
> 0:True:9,12:1675,339
> 1:False:9,14:1675,339
> 2:False:8,13:1675,339
> 3:False:9,15:1675,339
> 4:False:9,13:1675,339
> 5:False:9,14:1675,339
satellite-optimal-old-noisy/70/satellite_noisy_p03_hyp-1_70_3.tar.bz2:0.401057004929:0.01249033:0.4
> 0:True:9,12:1675,339
> 1:False:9,14:1675,339
> 2:False:8,13:1675,339
> 3:False:9,15:1675,339
> 4:False:9,13:1675,339
> 5:False:9,14:1675,339
satellite-optimal-old-noisy/70/satellite_noisy_p03_hyp-2_70_1.tar.bz2:0.40243601799:0.01264396:0.41
> 0:False:9,13:1675,339
> 1:True:9,11:1675,339
> 2:False:8,14:1675,339
> 3:False:9,12:1675,339
> 4:False:9,14:1675,339
> 5:True:9,11:1675,339
satellite-optimal-old-noisy/70/satellite_noisy_p03_hyp-2_70_2.tar.bz2:0.397082805634:0.01244918:0.4
> 0:True:9,12:1675,339
> 1:True:9,12:1675,339
> 2:False:8,13:1675,339
> 3:False:9,13:1675,339
> 4:False:9,13:1675,339
> 5:True:9,12:1675,339
satellite-optimal-old-noisy/70/satellite_noisy_p03_hyp-2_70_3.tar.bz2:0.399880886078:0.0125384:0.4
> 0:False:9,13:1675,339
> 1:True:9,12:1675,339
> 2:False:8,14:1675,339
> 3:True:9,12:1675,339
> 4:False:9,14:1675,339
> 5:True:9,12:1675,339
satellite-optimal-old-noisy/70/satellite_noisy_p03_hyp-3_70_1.tar.bz2:0.40211391449:0.01276777:0.4
> 0:False:9,12:1675,339
> 1:False:9,13:1675,339
> 2:False:8,11:1675,339
> 3:False:9,13:1675,339
> 4:True:9,11:1675,339
> 5:False:9,13:1675,339
satellite-optimal-old-noisy/70/satellite_noisy_p03_hyp-3_70_2.tar.bz2:0.400966882706:0.01257019:0.4
> 0:False:9,14:1675,339
> 1:False:9,14:1675,339
> 2:True:8,12:1675,339
> 3:False:9,14:1675,339
> 4:True:9,13:1675,339
> 5:False:9,14:1675,339
satellite-optimal-old-noisy/70/satellite_noisy_p03_hyp-3_70_3.tar.bz2:0.401787996292:0.01256344:0.4
> 0:False:9,11:1674,337
> 1:False:9,13:1674,337
> 2:True:8,9:1674,337
> 3:False:9,12:1674,337
> 4:True:9,10:1674,337
> 5:False:9,13:1674,337
satellite-optimal-old-noisy/70/satellite_noisy_p03_hyp-4_70_1.tar.bz2:0.402693986893:0.01281498:0.4
> 0:False:9,13:1674,337
> 1:False:9,12:1674,337
> 2:False:8,13:1674,337
> 3:True:9,11:1674,337
> 4:False:9,13:1674,337
> 5:False:9,12:1674,337
satellite-optimal-old-noisy/70/satellite_noisy_p03_hyp-4_70_2.tar.bz2:0.401209115982:0.01261013:0.4
> 0:False:9,13:1675,339
> 1:False:9,12:1675,339
> 2:False:8,13:1675,339
> 3:True:9,11:1675,339
> 4:False:9,13:1675,339
> 5:False:9,12:1675,339
satellite-optimal-old-noisy/70/satellite_noisy_p03_hyp-4_70_3.tar.bz2:0.399889945984:0.01245867:0.4
> 0:False:9,14:1675,339
> 1:False:9,13:1675,339
> 2:False:8,14:1675,339
> 3:True:9,12:1675,339
> 4:False:9,14:1675,339
> 5:False:9,13:1675,339
satellite-optimal-old-noisy/100/satellite_noisy_p01_hyp-1_full_1.tar.bz2:0.607032060623:0.0643736:0.6
> 0:True:10,12:17104,1340
> 1:False:9,15:17104,1340
> 2:False:9,16:17104,1340
> 3:False:10,15:17104,1340
> 4:False:11,17:17104,1340
> 5:False:10,17:17104,1340
satellite-optimal-old-noisy/100/satellite_noisy_p01_hyp-1_full_2.tar.bz2:0.607897043228:0.0640971:0.61
> 0:True:10,16:17104,1340
> 1:False:9,18:17104,1340
> 2:False:9,20:17104,1340
> 3:False:10,18:17104,1340
> 4:False:11,20:17104,1340
> 5:False:10,19:17104,1340
satellite-optimal-old-noisy/100/satellite_noisy_p01_hyp-1_full_3.tar.bz2:0.607481002808:0.0642823:0.61
> 0:True:10,14:17104,1340
> 1:False:9,17:17104,1340
> 2:False:9,18:17104,1340
> 3:False:10,17:17104,1340
> 4:False:11,19:17104,1340
> 5:False:10,19:17104,1340
satellite-optimal-old-noisy/100/satellite_noisy_p01_hyp-2_full_1.tar.bz2:0.608440876007:0.0645886:0.6
> 0:False:10,18:17103,1338
> 1:True:9,12:17103,1338
> 2:False:9,18:17103,1338
> 3:False:10,14:17103,1338
> 4:False:11,16:17103,1338
> 5:False:10,17:17103,1338
satellite-optimal-old-noisy/100/satellite_noisy_p01_hyp-2_full_2.tar.bz2:0.609410762787:0.0647089:0.61
> 0:False:10,17:17102,1336
> 1:True:9,11:17102,1336
> 2:False:9,16:17102,1336
> 3:False:10,13:17102,1336
> 4:False:11,15:17102,1336
> 5:False:10,15:17102,1336
satellite-optimal-old-noisy/100/satellite_noisy_p01_hyp-2_full_3.tar.bz2:0.611660003662:0.0650472:0.61
> 0:False:10,16:17102,1336
> 1:True:9,11:17102,1336
> 2:False:9,16:17102,1336
> 3:True:10,12:17102,1336
> 4:False:11,16:17102,1336
> 5:False:10,16:17102,1336
satellite-optimal-old-noisy/100/satellite_noisy_p01_hyp-3_full_1.tar.bz2:0.610257148743:0.064765:0.61
> 0:False:10,18:17104,1340
> 1:False:9,16:17104,1340
> 2:True:9,13:17104,1340
> 3:False:10,16:17104,1340
> 4:False:11,18:17104,1340
> 5:False:10,16:17104,1340
satellite-optimal-old-noisy/100/satellite_noisy_p01_hyp-3_full_2.tar.bz2:0.60818696022:0.06423:0.61
> 0:False:10,17:17104,1340
> 1:False:9,15:17104,1340
> 2:True:9,13:17104,1340
> 3:False:10,15:17104,1340
> 4:False:11,17:17104,1340
> 5:True:10,14:17104,1340
satellite-optimal-old-noisy/100/satellite_noisy_p01_hyp-3_full_3.tar.bz2:0.608633995056:0.0646114:0.61
> 0:False:10,19:17104,1340
> 1:False:9,18:17104,1340
> 2:True:9,15:17104,1340
> 3:False:10,18:17104,1340
> 4:False:11,19:17104,1340
> 5:False:10,18:17104,1340
satellite-optimal-old-noisy/100/satellite_noisy_p01_hyp-4_full_1.tar.bz2:0.61003112793:0.0646466:0.61
> 0:False:10,20:17106,1344
> 1:False:9,17:17106,1344
> 2:False:9,20:17106,1344
> 3:True:10,17:17106,1344
> 4:False:11,21:17106,1344
> 5:False:10,21:17106,1344
satellite-optimal-old-noisy/100/satellite_noisy_p01_hyp-4_full_2.tar.bz2:0.6114590168:0.0647782:0.62
> 0:False:10,19:17106,1344
> 1:False:9,16:17106,1344
> 2:False:9,19:17106,1344
> 3:True:10,16:17106,1344
> 4:False:11,20:17106,1344
> 5:False:10,20:17106,1344
satellite-optimal-old-noisy/100/satellite_noisy_p01_hyp-4_full_3.tar.bz2:0.610383987427:0.0648849:0.61
> 0:False:10,20:17105,1342
> 1:False:9,17:17105,1342
> 2:False:9,19:17105,1342
> 3:True:10,17:17105,1342
> 4:False:11,20:17105,1342
> 5:False:10,20:17105,1342
satellite-optimal-old-noisy/100/satellite_noisy_p02_hyp-1_full_1.tar.bz2:0.477743864059:0.03196345:0.49
> 0:True:12,19:7184,777
> 1:False:12,22:7184,777
> 2:False:12,21:7184,777
> 3:False:12,21:7184,777
> 4:False:12,20:7184,777
> 5:False:12,21:7184,777
satellite-optimal-old-noisy/100/satellite_noisy_p02_hyp-1_full_2.tar.bz2:0.477979183197:0.03193953:0.47
> 0:True:12,18:7184,777
> 1:False:12,22:7184,777
> 2:False:12,22:7184,777
> 3:False:12,20:7184,777
> 4:False:12,19:7184,777
> 5:False:12,21:7184,777
satellite-optimal-old-noisy/100/satellite_noisy_p02_hyp-1_full_3.tar.bz2:0.478913068771:0.03266498:0.48
> 0:True:12,16:7184,777
> 1:False:12,20:7184,777
> 2:False:12,20:7184,777
> 3:False:12,18:7184,777
> 4:False:12,17:7184,777
> 5:False:12,19:7184,777
satellite-optimal-old-noisy/100/satellite_noisy_p02_hyp-2_full_1.tar.bz2:0.479552984238:0.03271245:0.48
> 0:False:12,21:7184,777
> 1:True:12,17:7184,777
> 2:False:12,20:7184,777
> 3:False:12,19:7184,777
> 4:False:12,20:7184,777
> 5:False:12,18:7184,777
satellite-optimal-old-noisy/100/satellite_noisy_p02_hyp-2_full_2.tar.bz2:0.478976964951:0.0322156:0.47
> 0:False:12,20:7184,777
> 1:True:12,16:7184,777
> 2:False:12,19:7184,777
> 3:False:12,18:7184,777
> 4:False:12,19:7184,777
> 5:False:12,17:7184,777
satellite-optimal-old-noisy/100/satellite_noisy_p02_hyp-2_full_3.tar.bz2:0.479381799698:0.03274194:0.48
> 0:False:12,21:7184,777
> 1:True:12,17:7184,777
> 2:False:12,20:7184,777
> 3:False:12,19:7184,777
> 4:False:12,20:7184,777
> 5:False:12,18:7184,777
satellite-optimal-old-noisy/100/satellite_noisy_p02_hyp-3_full_1.tar.bz2:0.480179071426:0.03273944:0.48
> 0:False:12,19:7183,775
> 1:False:12,18:7183,775
> 2:True:12,15:7183,775
> 3:False:12,20:7183,775
> 4:False:12,20:7183,775
> 5:False:12,17:7183,775
satellite-optimal-old-noisy/100/satellite_noisy_p02_hyp-3_full_2.tar.bz2:0.47894692421:0.03199978:0.48
> 0:False:12,24:7184,777
> 1:False:12,23:7184,777
> 2:True:12,20:7184,777
> 3:False:12,25:7184,777
> 4:False:12,25:7184,777
> 5:False:12,22:7184,777
satellite-optimal-old-noisy/100/satellite_noisy_p02_hyp-3_full_3.tar.bz2:0.477013111115:0.03226928:0.47
> 0:False:12,21:7184,777
> 1:False:12,20:7184,777
> 2:True:12,17:7184,777
> 3:False:12,22:7184,777
> 4:False:12,22:7184,777
> 5:False:12,19:7184,777
satellite-optimal-old-noisy/100/satellite_noisy_p02_hyp-4_full_1.tar.bz2:0.478017091751:0.03252782:0.48
> 0:False:12,18:7183,775
> 1:False:12,18:7183,775
> 2:False:12,20:7183,775
> 3:True:12,16:7183,775
> 4:False:12,17:7183,775
> 5:False:12,19:7183,775
satellite-optimal-old-noisy/100/satellite_noisy_p02_hyp-4_full_2.tar.bz2:0.476706027985:0.03247035:0.48
> 0:False:12,18:7184,777
> 1:False:12,18:7184,777
> 2:False:12,21:7184,777
> 3:True:12,16:7184,777
> 4:False:12,17:7184,777
> 5:False:12,19:7184,777
satellite-optimal-old-noisy/100/satellite_noisy_p02_hyp-4_full_3.tar.bz2:0.478516101837:0.03260072:0.47
> 0:False:12,17:7183,775
> 1:False:12,17:7183,775
> 2:False:12,20:7183,775
> 3:True:12,15:7183,775
> 4:False:12,16:7183,775
> 5:False:12,18:7183,775
satellite-optimal-old-noisy/100/satellite_noisy_p03_hyp-1_full_1.tar.bz2:0.401241064072:0.01286287:0.41
> 0:True:9,12:1677,343
> 1:False:9,13:1677,343
> 2:False:8,13:1677,343
> 3:False:9,14:1677,343
> 4:False:9,13:1677,343
> 5:False:9,13:1677,343
satellite-optimal-old-noisy/100/satellite_noisy_p03_hyp-1_full_2.tar.bz2:0.402457952499:0.01277933:0.4
> 0:True:9,12:1677,343
> 1:False:9,13:1677,343
> 2:False:8,13:1677,343
> 3:False:9,14:1677,343
> 4:False:9,13:1677,343
> 5:False:9,13:1677,343
satellite-optimal-old-noisy/100/satellite_noisy_p03_hyp-1_full_3.tar.bz2:0.400459051132:0.01273202:0.4
> 0:True:9,11:1677,343
> 1:False:9,13:1677,343
> 2:False:8,12:1677,343
> 3:False:9,14:1677,343
> 4:False:9,12:1677,343
> 5:False:9,13:1677,343
satellite-optimal-old-noisy/100/satellite_noisy_p03_hyp-2_full_1.tar.bz2:0.401991844177:0.01284112:0.4
> 0:False:9,14:1677,343
> 1:True:9,12:1677,343
> 2:False:8,15:1677,343
> 3:False:9,13:1677,343
> 4:False:9,15:1677,343
> 5:True:9,12:1677,343
satellite-optimal-old-noisy/100/satellite_noisy_p03_hyp-2_full_2.tar.bz2:0.399984121323:0.01269904:0.39
> 0:False:9,13:1677,343
> 1:True:9,11:1677,343
> 2:False:8,14:1677,343
> 3:False:9,12:1677,343
> 4:False:9,14:1677,343
> 5:True:9,11:1677,343
satellite-optimal-old-noisy/100/satellite_noisy_p03_hyp-2_full_3.tar.bz2:0.401313066483:0.01260437:0.4
> 0:False:9,11:1676,341
> 1:True:9,10:1676,341
> 2:False:8,12:1676,341
> 3:False:9,11:1676,341
> 4:False:9,12:1676,341
> 5:True:9,10:1676,341
satellite-optimal-old-noisy/100/satellite_noisy_p03_hyp-3_full_1.tar.bz2:0.399757146835:0.01253541:0.41
> 0:False:9,13:1677,343
> 1:False:9,15:1677,343
> 2:True:8,11:1677,343
> 3:False:9,15:1677,343
> 4:True:9,12:1677,343
> 5:False:9,15:1677,343
satellite-optimal-old-noisy/100/satellite_noisy_p03_hyp-3_full_2.tar.bz2:0.401615858078:0.01279457:0.4
> 0:True:9,11:1677,343
> 1:False:9,13:1677,343
> 2:False:8,11:1677,343
> 3:False:9,13:1677,343
> 4:True:9,11:1677,343
> 5:False:9,13:1677,343
satellite-optimal-old-noisy/100/satellite_noisy_p03_hyp-3_full_3.tar.bz2:0.401813030243:0.01277993:0.39
> 0:False:9,15:1677,343
> 1:False:9,16:1677,343
> 2:True:8,13:1677,343
> 3:False:9,16:1677,343
> 4:True:9,14:1677,343
> 5:False:9,16:1677,343
satellite-optimal-old-noisy/100/satellite_noisy_p03_hyp-4_full_1.tar.bz2:0.401646137238:0.01273682:0.4
> 0:False:9,15:1678,345
> 1:False:9,14:1678,345
> 2:False:8,15:1678,345
> 3:True:9,13:1678,345
> 4:False:9,15:1678,345
> 5:False:9,14:1678,345
satellite-optimal-old-noisy/100/satellite_noisy_p03_hyp-4_full_2.tar.bz2:0.401082992554:0.01267825:0.39
> 0:False:9,15:1678,345
> 1:False:9,14:1678,345
> 2:False:8,15:1678,345
> 3:True:9,13:1678,345
> 4:False:9,15:1678,345
> 5:False:9,14:1678,345
satellite-optimal-old-noisy/100/satellite_noisy_p03_hyp-4_full_3.tar.bz2:0.401472806931:0.01287926:0.41
> 0:False:9,14:1678,345
> 1:False:9,13:1678,345
> 2:False:8,14:1678,345
> 3:True:9,12:1678,345
> 4:False:9,14:1678,345
> 5:False:9,13:1678,345
