satellite-optimal-old-noisy/10/satellite_noisy_p01_hyp-1_10_1.tar.bz2:0.70788192749:0.094624:0.71
> 0:True:10,10:17094,1321
> 1:True:9,9:17094,1321
> 2:True:9,9:17094,1321
> 3:True:10,10:17094,1321
> 4:True:11,11:17094,1321
> 5:True:10,10:17094,1321
satellite-optimal-old-noisy/10/satellite_noisy_p01_hyp-1_10_2.tar.bz2:0.717320919037:0.0929203:0.72
> 0:True:10,10:17094,1321
> 1:True:9,9:17094,1321
> 2:False:9,10:17094,1321
> 3:False:10,11:17094,1321
> 4:True:11,11:17094,1321
> 5:False:10,11:17094,1321
satellite-optimal-old-noisy/10/satellite_noisy_p01_hyp-1_10_3.tar.bz2:0.728445053101:0.0942197:0.74
> 0:True:10,10:17094,1321
> 1:True:9,9:17094,1321
> 2:True:9,9:17094,1321
> 3:True:10,10:17094,1321
> 4:True:11,11:17094,1321
> 5:True:10,10:17094,1321
satellite-optimal-old-noisy/10/satellite_noisy_p01_hyp-2_10_1.tar.bz2:0.723989009857:0.097479:0.72
> 0:False:10,13:17094,1321
> 1:True:9,9:17094,1321
> 2:False:9,12:17094,1321
> 3:False:10,11:17094,1321
> 4:True:11,11:17094,1321
> 5:False:10,12:17094,1321
satellite-optimal-old-noisy/10/satellite_noisy_p01_hyp-2_10_2.tar.bz2:0.727686882019:0.0971093:0.73
> 0:False:10,13:17094,1321
> 1:True:9,9:17094,1321
> 2:False:9,12:17094,1321
> 3:False:10,11:17094,1321
> 4:True:11,11:17094,1321
> 5:False:10,12:17094,1321
satellite-optimal-old-noisy/10/satellite_noisy_p01_hyp-2_10_3.tar.bz2:0.732964038849:0.1018396:0.74
> 0:False:10,11:17094,1321
> 1:True:9,9:17094,1321
> 2:False:9,10:17094,1321
> 3:False:10,11:17094,1321
> 4:True:11,11:17094,1321
> 5:False:10,11:17094,1321
satellite-optimal-old-noisy/10/satellite_noisy_p01_hyp-3_10_1.tar.bz2:0.708759069443:0.0957894:0.71
> 0:False:10,11:17094,1321
> 1:False:9,10:17094,1321
> 2:True:9,9:17094,1321
> 3:False:10,11:17094,1321
> 4:False:11,12:17094,1321
> 5:False:10,11:17094,1321
satellite-optimal-old-noisy/10/satellite_noisy_p01_hyp-3_10_2.tar.bz2:0.735287904739:0.1029425:0.73
> 0:True:10,10:17094,1321
> 1:False:9,10:17094,1321
> 2:True:9,9:17094,1321
> 3:True:10,10:17094,1321
> 4:False:11,13:17094,1321
> 5:False:10,12:17094,1321
satellite-optimal-old-noisy/10/satellite_noisy_p01_hyp-3_10_3.tar.bz2:0.718020915985:0.0917527:0.72
> 0:True:10,10:17093,1318
> 1:True:9,9:17093,1318
> 2:True:9,9:17093,1318
> 3:True:10,10:17093,1318
> 4:True:11,11:17093,1318
> 5:True:10,10:17093,1318
satellite-optimal-old-noisy/10/satellite_noisy_p01_hyp-4_10_1.tar.bz2:0.719284057617:0.0982158:0.72
> 0:True:10,10:17095,1324
> 1:False:9,10:17095,1324
> 2:False:9,10:17095,1324
> 3:True:10,10:17095,1324
> 4:False:11,12:17095,1324
> 5:False:10,11:17095,1324
satellite-optimal-old-noisy/10/satellite_noisy_p01_hyp-4_10_2.tar.bz2:0.713202953339:0.0908893:0.71
> 0:True:10,10:17095,1324
> 1:True:9,9:17095,1324
> 2:False:9,10:17095,1324
> 3:True:10,10:17095,1324
> 4:True:11,11:17095,1324
> 5:True:10,10:17095,1324
satellite-optimal-old-noisy/10/satellite_noisy_p01_hyp-4_10_3.tar.bz2:0.738306999207:0.1037946:0.75
> 0:False:10,13:17095,1324
> 1:True:9,10:17095,1324
> 2:False:9,12:17095,1324
> 3:True:10,11:17095,1324
> 4:True:11,12:17095,1324
> 5:False:10,12:17095,1324
satellite-optimal-old-noisy/10/satellite_noisy_p02_hyp-1_10_1.tar.bz2:0.584817886353:0.0580788:0.58
> 0:True:12,12:7171,753
> 1:False:12,13:7171,753
> 2:False:12,13:7171,753
> 3:False:12,13:7171,753
> 4:True:12,12:7171,753
> 5:False:12,13:7171,753
satellite-optimal-old-noisy/10/satellite_noisy_p02_hyp-1_10_2.tar.bz2:0.595676898956:0.05973761:0.6
> 0:True:12,12:7171,753
> 1:True:12,12:7171,753
> 2:True:12,12:7171,753
> 3:True:12,12:7171,753
> 4:True:12,12:7171,753
> 5:True:12,12:7171,753
satellite-optimal-old-noisy/10/satellite_noisy_p02_hyp-1_10_3.tar.bz2:0.604902029037:0.05980433:0.6
> 0:True:12,12:7171,753
> 1:False:12,13:7171,753
> 2:False:12,13:7171,753
> 3:True:12,12:7171,753
> 4:True:12,12:7171,753
> 5:False:12,13:7171,753
satellite-optimal-old-noisy/10/satellite_noisy_p02_hyp-2_10_1.tar.bz2:0.563647031784:0.03271835:0.56
satellite-optimal-old-noisy/10/satellite_noisy_p02_hyp-2_10_2.tar.bz2:0.600210905075:0.06013981:0.6
> 0:False:12,14:7171,753
> 1:True:12,12:7171,753
> 2:False:12,14:7171,753
> 3:True:12,12:7171,753
> 4:False:12,13:7171,753
> 5:False:12,13:7171,753
satellite-optimal-old-noisy/10/satellite_noisy_p02_hyp-2_10_3.tar.bz2:0.57324385643:0.05663923:0.57
> 0:False:12,13:7171,753
> 1:True:12,12:7171,753
> 2:False:12,13:7171,753
> 3:True:12,12:7171,753
> 4:True:12,12:7171,753
> 5:False:12,13:7171,753
satellite-optimal-old-noisy/10/satellite_noisy_p02_hyp-3_10_1.tar.bz2:0.562579154968:0.03952667:0.56
satellite-optimal-old-noisy/10/satellite_noisy_p02_hyp-3_10_2.tar.bz2:0.583871126175:0.05767287:0.59
> 0:True:12,12:7171,753
> 1:False:12,13:7171,753
> 2:True:12,12:7171,753
> 3:False:12,13:7171,753
> 4:False:12,13:7171,753
> 5:True:12,12:7171,753
satellite-optimal-old-noisy/10/satellite_noisy_p02_hyp-3_10_3.tar.bz2:0.607032060623:0.06185328:0.61
> 0:False:12,13:7170,750
> 1:True:12,12:7170,750
> 2:True:12,12:7170,750
> 3:False:12,13:7170,750
> 4:False:12,13:7170,750
> 5:True:12,12:7170,750
satellite-optimal-old-noisy/10/satellite_noisy_p02_hyp-4_10_1.tar.bz2:0.57563996315:0.05425935:0.58
> 0:False:12,13:7171,753
> 1:True:12,12:7171,753
> 2:False:12,14:7171,753
> 3:True:12,12:7171,753
> 4:True:12,12:7171,753
> 5:False:12,13:7171,753
satellite-optimal-old-noisy/10/satellite_noisy_p02_hyp-4_10_2.tar.bz2:0.588786125183:0.06378263:0.59
> 0:True:12,13:7171,753
> 1:True:12,13:7171,753
> 2:True:12,13:7171,753
> 3:True:12,13:7171,753
> 4:True:12,13:7171,753
> 5:True:12,13:7171,753
satellite-optimal-old-noisy/10/satellite_noisy_p02_hyp-4_10_3.tar.bz2:0.571295022964:0.0544658:0.58
> 0:False:12,13:7171,753
> 1:True:12,12:7171,753
> 2:False:12,13:7171,753
> 3:True:12,12:7171,753
> 4:True:12,12:7171,753
> 5:False:12,13:7171,753
satellite-optimal-old-noisy/10/satellite_noisy_p03_hyp-1_10_1.tar.bz2:0.510529994965:0.02924706:0.51
> 0:True:9,9:1667,323
> 1:True:9,9:1667,323
> 2:False:8,9:1667,323
> 3:True:9,9:1667,323
> 4:True:9,9:1667,323
> 5:True:9,9:1667,323
satellite-optimal-old-noisy/10/satellite_noisy_p03_hyp-1_10_2.tar.bz2:0.518352985382:0.02516784:0.52
> 0:True:9,9:1668,326
> 1:True:9,9:1668,326
> 2:True:8,8:1668,326
> 3:True:9,9:1668,326
> 4:True:9,9:1668,326
> 5:True:9,9:1668,326
satellite-optimal-old-noisy/10/satellite_noisy_p03_hyp-1_10_3.tar.bz2:0.512310028076:0.03236408:0.51
> 0:True:9,9:1668,326
> 1:True:9,9:1668,326
> 2:True:8,8:1668,326
> 3:True:9,9:1668,326
> 4:True:9,9:1668,326
> 5:True:9,9:1668,326
satellite-optimal-old-noisy/10/satellite_noisy_p03_hyp-2_10_1.tar.bz2:0.494827985764:0.0244492:0.49
> 0:True:9,9:1667,323
> 1:True:9,9:1667,323
> 2:True:8,8:1667,323
> 3:True:9,9:1667,323
> 4:True:9,9:1667,323
> 5:True:9,9:1667,323
satellite-optimal-old-noisy/10/satellite_noisy_p03_hyp-2_10_2.tar.bz2:0.497797966003:0.02962441:0.5
> 0:True:9,9:1667,323
> 1:True:9,9:1667,323
> 2:True:8,8:1667,323
> 3:True:9,9:1667,323
> 4:True:9,9:1667,323
> 5:True:9,9:1667,323
satellite-optimal-old-noisy/10/satellite_noisy_p03_hyp-2_10_3.tar.bz2:0.518205881119:0.03159503:0.52
> 0:True:9,9:1668,326
> 1:True:9,9:1668,326
> 2:True:8,8:1668,326
> 3:True:9,9:1668,326
> 4:True:9,9:1668,326
> 5:True:9,9:1668,326
satellite-optimal-old-noisy/10/satellite_noisy_p03_hyp-3_10_1.tar.bz2:0.505258083344:0.03074231:0.51
> 0:False:9,10:1668,326
> 1:False:9,10:1668,326
> 2:True:8,8:1668,326
> 3:True:9,9:1668,326
> 4:True:9,9:1668,326
> 5:False:9,10:1668,326
satellite-optimal-old-noisy/10/satellite_noisy_p03_hyp-3_10_2.tar.bz2:0.510715961456:0.03158151:0.52
> 0:False:9,10:1668,326
> 1:True:9,9:1668,326
> 2:False:8,9:1668,326
> 3:True:9,9:1668,326
> 4:False:9,10:1668,326
> 5:True:9,9:1668,326
satellite-optimal-old-noisy/10/satellite_noisy_p03_hyp-3_10_3.tar.bz2:0.509577989578:0.03255322:0.51
> 0:True:9,10:1668,326
> 1:True:9,10:1668,326
> 2:True:8,9:1668,326
> 3:True:9,10:1668,326
> 4:True:9,10:1668,326
> 5:True:9,10:1668,326
satellite-optimal-old-noisy/10/satellite_noisy_p03_hyp-4_10_1.tar.bz2:0.493234157562:0.02347416:0.49
> 0:True:9,9:1668,326
> 1:True:9,9:1668,326
> 2:True:8,8:1668,326
> 3:True:9,9:1668,326
> 4:True:9,9:1668,326
> 5:True:9,9:1668,326
satellite-optimal-old-noisy/10/satellite_noisy_p03_hyp-4_10_2.tar.bz2:0.49612402916:0.02681928:0.5
> 0:True:9,9:1667,323
> 1:True:9,9:1667,323
> 2:False:8,10:1667,323
> 3:True:9,9:1667,323
> 4:False:9,10:1667,323
> 5:True:9,9:1667,323
satellite-optimal-old-noisy/10/satellite_noisy_p03_hyp-4_10_3.tar.bz2:0.50168299675:0.0298914:0.49
> 0:True:9,9:1668,326
> 1:True:9,9:1668,326
> 2:True:8,8:1668,326
> 3:True:9,9:1668,326
> 4:True:9,9:1668,326
> 5:True:9,9:1668,326
satellite-optimal-old-noisy/30/satellite_noisy_p01_hyp-1_30_1.tar.bz2:0.718528985977:0.1018211:0.72
> 0:True:10,10:17096,1327
> 1:False:9,11:17096,1327
> 2:False:9,10:17096,1327
> 3:False:10,11:17096,1327
> 4:False:11,12:17096,1327
> 5:False:10,12:17096,1327
satellite-optimal-old-noisy/30/satellite_noisy_p01_hyp-1_30_2.tar.bz2:0.719773054123:0.0980159:0.73
> 0:True:10,10:17096,1327
> 1:False:9,10:17096,1327
> 2:False:9,12:17096,1327
> 3:False:10,11:17096,1327
> 4:False:11,12:17096,1327
> 5:False:10,11:17096,1327
satellite-optimal-old-noisy/30/satellite_noisy_p01_hyp-1_30_3.tar.bz2:0.72847700119:0.0999063:0.72
> 0:True:10,10:17096,1327
> 1:False:9,11:17096,1327
> 2:False:9,11:17096,1327
> 3:False:10,12:17096,1327
> 4:False:11,13:17096,1327
> 5:False:10,13:17096,1327
satellite-optimal-old-noisy/30/satellite_noisy_p01_hyp-2_30_1.tar.bz2:0.731729984283:0.09784:0.73
> 0:False:10,11:17095,1324
> 1:True:9,9:17095,1324
> 2:False:9,12:17095,1324
> 3:False:10,11:17095,1324
> 4:True:11,11:17095,1324
> 5:False:10,11:17095,1324
satellite-optimal-old-noisy/30/satellite_noisy_p01_hyp-2_30_2.tar.bz2:0.717602968216:0.0962262:0.72
> 0:False:10,13:17096,1327
> 1:True:9,9:17096,1327
> 2:False:9,13:17096,1327
> 3:False:10,11:17096,1327
> 4:False:11,12:17096,1327
> 5:False:10,11:17096,1327
satellite-optimal-old-noisy/30/satellite_noisy_p01_hyp-2_30_3.tar.bz2:0.730525970459:0.0978854:0.72
> 0:False:10,13:17096,1327
> 1:True:9,9:17096,1327
> 2:False:9,12:17096,1327
> 3:False:10,11:17096,1327
> 4:True:11,11:17096,1327
> 5:False:10,12:17096,1327
satellite-optimal-old-noisy/30/satellite_noisy_p01_hyp-3_30_1.tar.bz2:0.727122068405:0.1000738:0.72
> 0:False:10,12:17096,1327
> 1:False:9,10:17096,1327
> 2:True:9,9:17096,1327
> 3:False:10,11:17096,1327
> 4:True:11,11:17096,1327
> 5:True:10,10:17096,1327
satellite-optimal-old-noisy/30/satellite_noisy_p01_hyp-3_30_2.tar.bz2:0.723423957825:0.0975306:0.72
> 0:False:10,11:17096,1327
> 1:False:9,11:17096,1327
> 2:True:9,9:17096,1327
> 3:False:10,11:17096,1327
> 4:False:11,14:17096,1327
> 5:False:10,12:17096,1327
satellite-optimal-old-noisy/30/satellite_noisy_p01_hyp-3_30_3.tar.bz2:0.708894014359:0.1017748:0.71
> 0:False:10,11:17096,1327
> 1:False:9,11:17096,1327
> 2:True:9,9:17096,1327
> 3:False:10,11:17096,1327
> 4:False:11,14:17096,1327
> 5:False:10,12:17096,1327
satellite-optimal-old-noisy/30/satellite_noisy_p01_hyp-4_30_1.tar.bz2:0.716239929199:0.0859606:0.72
> 0:False:10,12:17096,1327
> 1:False:9,10:17096,1327
> 2:False:9,10:17096,1327
> 3:True:10,10:17096,1327
> 4:False:11,14:17096,1327
> 5:False:10,13:17096,1327
satellite-optimal-old-noisy/30/satellite_noisy_p01_hyp-4_30_2.tar.bz2:0.713503837585:0.0946562:0.71
> 0:False:10,12:17096,1327
> 1:True:9,9:17096,1327
> 2:False:9,13:17096,1327
> 3:True:10,10:17096,1327
> 4:True:11,11:17096,1327
> 5:False:10,11:17096,1327
satellite-optimal-old-noisy/30/satellite_noisy_p01_hyp-4_30_3.tar.bz2:0.725566148758:0.1012841:0.72
> 0:True:10,10:17097,1330
> 1:False:9,10:17097,1330
> 2:False:9,10:17097,1330
> 3:True:10,10:17097,1330
> 4:False:11,13:17097,1330
> 5:False:10,12:17097,1330
satellite-optimal-old-noisy/30/satellite_noisy_p02_hyp-1_30_1.tar.bz2:0.591544866562:0.05747336:0.6
> 0:True:12,13:7173,759
> 1:False:12,14:7173,759
> 2:False:12,14:7173,759
> 3:True:12,13:7173,759
> 4:True:12,13:7173,759
> 5:False:12,14:7173,759
satellite-optimal-old-noisy/30/satellite_noisy_p02_hyp-1_30_2.tar.bz2:0.577651023865:0.05601004:0.57
> 0:True:12,13:7173,759
> 1:False:12,15:7173,759
> 2:False:12,14:7173,759
> 3:False:12,15:7173,759
> 4:False:12,14:7173,759
> 5:False:12,14:7173,759
satellite-optimal-old-noisy/30/satellite_noisy_p02_hyp-1_30_3.tar.bz2:0.578816175461:0.0560979:0.58
> 0:True:12,13:7173,759
> 1:False:12,14:7173,759
> 2:True:12,13:7173,759
> 3:True:12,13:7173,759
> 4:True:12,13:7173,759
> 5:False:12,14:7173,759
satellite-optimal-old-noisy/30/satellite_noisy_p02_hyp-2_30_1.tar.bz2:0.589386940002:0.06011598:0.59
> 0:False:12,14:7173,759
> 1:True:12,13:7173,759
> 2:True:12,13:7173,759
> 3:False:12,14:7173,759
> 4:False:12,14:7173,759
> 5:True:12,13:7173,759
satellite-optimal-old-noisy/30/satellite_noisy_p02_hyp-2_30_2.tar.bz2:0.594461202621:0.05826262:0.59
> 0:False:12,13:7173,759
> 1:True:12,12:7173,759
> 2:False:12,13:7173,759
> 3:True:12,12:7173,759
> 4:True:12,12:7173,759
> 5:True:12,12:7173,759
satellite-optimal-old-noisy/30/satellite_noisy_p02_hyp-2_30_3.tar.bz2:0.588472127914:0.06251436:0.59
> 0:False:12,13:7173,759
> 1:True:12,12:7173,759
> 2:True:12,12:7173,759
> 3:False:12,13:7173,759
> 4:False:12,13:7173,759
> 5:True:12,12:7173,759
satellite-optimal-old-noisy/30/satellite_noisy_p02_hyp-3_30_1.tar.bz2:0.58215713501:0.06274814:0.59
> 0:False:12,14:7173,759
> 1:True:12,12:7173,759
> 2:True:12,12:7173,759
> 3:False:12,14:7173,759
> 4:False:12,14:7173,759
> 5:True:12,12:7173,759
satellite-optimal-old-noisy/30/satellite_noisy_p02_hyp-3_30_2.tar.bz2:0.59249997139:0.05611247:0.6
> 0:True:12,12:7173,759
> 1:False:12,13:7173,759
> 2:True:12,12:7173,759
> 3:False:12,13:7173,759
> 4:False:12,13:7173,759
> 5:True:12,12:7173,759
satellite-optimal-old-noisy/30/satellite_noisy_p02_hyp-3_30_3.tar.bz2:0.584286928177:0.05761632:0.59
> 0:False:12,13:7173,759
> 1:False:12,14:7173,759
> 2:True:12,12:7173,759
> 3:False:12,14:7173,759
> 4:False:12,14:7173,759
> 5:False:12,13:7173,759
satellite-optimal-old-noisy/30/satellite_noisy_p02_hyp-4_30_1.tar.bz2:0.588537931442:0.05424197:0.58
> 0:False:12,14:7173,759
> 1:False:12,13:7173,759
> 2:False:12,15:7173,759
> 3:True:12,12:7173,759
> 4:False:12,13:7173,759
> 5:False:12,14:7173,759
satellite-optimal-old-noisy/30/satellite_noisy_p02_hyp-4_30_2.tar.bz2:0.595249176025:0.0651506:0.59
> 0:True:12,13:7173,759
> 1:True:12,13:7173,759
> 2:True:12,13:7173,759
> 3:True:12,13:7173,759
> 4:True:12,13:7173,759
> 5:True:12,13:7173,759
satellite-optimal-old-noisy/30/satellite_noisy_p02_hyp-4_30_3.tar.bz2:0.565768003464:0.05310733:0.58
> 0:True:12,12:7172,756
> 1:False:12,14:7172,756
> 2:False:12,15:7172,756
> 3:True:12,12:7172,756
> 4:True:12,12:7172,756
> 5:False:12,14:7172,756
satellite-optimal-old-noisy/30/satellite_noisy_p03_hyp-1_30_1.tar.bz2:0.507035017014:0.03135579:0.5
> 0:True:9,9:1670,332
> 1:False:9,10:1670,332
> 2:True:8,8:1670,332
> 3:False:9,11:1670,332
> 4:True:9,9:1670,332
> 5:False:9,10:1670,332
satellite-optimal-old-noisy/30/satellite_noisy_p03_hyp-1_30_2.tar.bz2:0.509639024734:0.0351765:0.51
> 0:True:9,9:1670,332
> 1:True:9,9:1670,332
> 2:False:8,10:1670,332
> 3:True:9,9:1670,332
> 4:False:9,10:1670,332
> 5:True:9,9:1670,332
satellite-optimal-old-noisy/30/satellite_noisy_p03_hyp-1_30_3.tar.bz2:0.50569486618:0.03500601:0.51
> 0:True:9,9:1670,332
> 1:False:9,10:1670,332
> 2:False:8,9:1670,332
> 3:False:9,10:1670,332
> 4:True:9,9:1670,332
> 5:False:9,10:1670,332
satellite-optimal-old-noisy/30/satellite_noisy_p03_hyp-2_30_1.tar.bz2:0.504791975021:0.03082275:0.5
> 0:True:9,9:1670,332
> 1:True:9,9:1670,332
> 2:True:8,8:1670,332
> 3:True:9,9:1670,332
> 4:True:9,9:1670,332
> 5:True:9,9:1670,332
satellite-optimal-old-noisy/30/satellite_noisy_p03_hyp-2_30_2.tar.bz2:0.504384040833:0.03334985:0.51
> 0:False:9,10:1670,332
> 1:True:9,9:1670,332
> 2:False:8,10:1670,332
> 3:True:9,9:1670,332
> 4:False:9,11:1670,332
> 5:True:9,9:1670,332
satellite-optimal-old-noisy/30/satellite_noisy_p03_hyp-2_30_3.tar.bz2:0.49756193161:0.03229093:0.49
> 0:True:9,9:1670,332
> 1:True:9,9:1670,332
> 2:True:8,8:1670,332
> 3:True:9,9:1670,332
> 4:True:9,9:1670,332
> 5:True:9,9:1670,332
satellite-optimal-old-noisy/30/satellite_noisy_p03_hyp-3_30_1.tar.bz2:0.504473924637:0.03458047:0.5
> 0:True:9,9:1670,332
> 1:False:9,10:1670,332
> 2:True:8,8:1670,332
> 3:False:9,11:1670,332
> 4:True:9,9:1670,332
> 5:False:9,10:1670,332
satellite-optimal-old-noisy/30/satellite_noisy_p03_hyp-3_30_2.tar.bz2:0.51464509964:0.03299459:0.51
> 0:False:9,10:1670,332
> 1:False:9,10:1670,332
> 2:True:8,8:1670,332
> 3:False:9,10:1670,332
> 4:True:9,9:1670,332
> 5:False:9,10:1670,332
satellite-optimal-old-noisy/30/satellite_noisy_p03_hyp-3_30_3.tar.bz2:0.518203020096:0.03442178:0.51
> 0:False:9,10:1670,332
> 1:False:9,10:1670,332
> 2:True:8,8:1670,332
> 3:True:9,9:1670,332
> 4:True:9,9:1670,332
> 5:False:9,10:1670,332
satellite-optimal-old-noisy/30/satellite_noisy_p03_hyp-4_30_1.tar.bz2:0.493443012238:0.02928699:0.5
> 0:False:9,10:1670,332
> 1:True:9,9:1670,332
> 2:False:8,10:1670,332
> 3:False:9,10:1670,332
> 4:False:9,10:1670,332
> 5:True:9,9:1670,332
satellite-optimal-old-noisy/30/satellite_noisy_p03_hyp-4_30_2.tar.bz2:0.504607915878:0.0297882:0.5
> 0:True:9,9:1670,332
> 1:False:9,10:1670,332
> 2:True:8,8:1670,332
> 3:True:9,9:1670,332
> 4:True:9,9:1670,332
> 5:False:9,10:1670,332
satellite-optimal-old-noisy/30/satellite_noisy_p03_hyp-4_30_3.tar.bz2:0.50001502037:0.02993129:0.5
> 0:False:9,10:1670,332
> 1:True:9,9:1670,332
> 2:False:8,9:1670,332
> 3:True:9,9:1670,332
> 4:False:9,10:1670,332
> 5:True:9,9:1670,332
satellite-optimal-old-noisy/50/satellite_noisy_p01_hyp-1_50_1.tar.bz2:0.725270986557:0.1036902:0.72
> 0:True:10,10:17098,1333
> 1:False:9,10:17098,1333
> 2:False:9,11:17098,1333
> 3:True:10,10:17098,1333
> 4:False:11,12:17098,1333
> 5:False:10,12:17098,1333
satellite-optimal-old-noisy/50/satellite_noisy_p01_hyp-1_50_2.tar.bz2:0.726603984833:0.1035975:0.74
> 0:True:10,10:17098,1333
> 1:False:9,11:17098,1333
> 2:False:9,11:17098,1333
> 3:False:10,11:17098,1333
> 4:False:11,12:17098,1333
> 5:False:10,12:17098,1333
satellite-optimal-old-noisy/50/satellite_noisy_p01_hyp-1_50_3.tar.bz2:0.71492600441:0.0981147:0.71
> 0:True:10,10:17098,1333
> 1:False:9,10:17098,1333
> 2:False:9,10:17098,1333
> 3:False:10,11:17098,1333
> 4:False:11,12:17098,1333
> 5:False:10,12:17098,1333
satellite-optimal-old-noisy/50/satellite_noisy_p01_hyp-2_50_1.tar.bz2:0.719062805176:0.0952329:0.73
> 0:False:10,13:17098,1333
> 1:True:9,9:17098,1333
> 2:False:9,11:17098,1333
> 3:False:10,11:17098,1333
> 4:False:11,13:17098,1333
> 5:False:10,12:17098,1333
satellite-optimal-old-noisy/50/satellite_noisy_p01_hyp-2_50_2.tar.bz2:0.734156847:0.1062166:0.73
> 0:False:10,12:17098,1333
> 1:True:9,9:17098,1333
> 2:False:9,13:17098,1333
> 3:False:10,11:17098,1333
> 4:False:11,12:17098,1333
> 5:False:10,11:17098,1333
satellite-optimal-old-noisy/50/satellite_noisy_p01_hyp-2_50_3.tar.bz2:0.72000002861:0.0996844:0.71
> 0:False:10,12:17098,1333
> 1:True:9,9:17098,1333
> 2:False:9,10:17098,1333
> 3:False:10,11:17098,1333
> 4:False:11,12:17098,1333
> 5:False:10,11:17098,1333
satellite-optimal-old-noisy/50/satellite_noisy_p01_hyp-3_50_1.tar.bz2:0.731870889664:0.1041155:0.73
> 0:False:10,11:17098,1333
> 1:True:9,9:17098,1333
> 2:True:9,9:17098,1333
> 3:True:10,10:17098,1333
> 4:False:11,12:17098,1333
> 5:False:10,11:17098,1333
satellite-optimal-old-noisy/50/satellite_noisy_p01_hyp-3_50_2.tar.bz2:0.720206022263:0.0994166:0.73
> 0:False:10,11:17098,1333
> 1:False:9,11:17098,1333
> 2:True:9,9:17098,1333
> 3:False:10,11:17098,1333
> 4:False:11,13:17098,1333
> 5:False:10,11:17098,1333
satellite-optimal-old-noisy/50/satellite_noisy_p01_hyp-3_50_3.tar.bz2:0.718205928802:0.1007127:0.72
> 0:False:10,11:17098,1333
> 1:False:9,10:17098,1333
> 2:True:9,9:17098,1333
> 3:False:10,11:17098,1333
> 4:False:11,12:17098,1333
> 5:False:10,11:17098,1333
satellite-optimal-old-noisy/50/satellite_noisy_p01_hyp-4_50_1.tar.bz2:0.745013952255:0.109949:0.74
> 0:False:10,12:17100,1339
> 1:False:9,11:17100,1339
> 2:False:9,13:17100,1339
> 3:True:10,11:17100,1339
> 4:False:11,14:17100,1339
> 5:False:10,13:17100,1339
satellite-optimal-old-noisy/50/satellite_noisy_p01_hyp-4_50_2.tar.bz2:0.73681807518:0.1040141:0.75
> 0:False:10,13:17100,1339
> 1:False:9,11:17100,1339
> 2:False:9,14:17100,1339
> 3:True:10,11:17100,1339
> 4:False:11,14:17100,1339
> 5:False:10,14:17100,1339
satellite-optimal-old-noisy/50/satellite_noisy_p01_hyp-4_50_3.tar.bz2:0.745317935944:0.1092384:0.75
> 0:False:10,11:17100,1339
> 1:True:9,9:17100,1339
> 2:False:9,12:17100,1339
> 3:True:10,10:17100,1339
> 4:False:11,12:17100,1339
> 5:False:10,11:17100,1339
satellite-optimal-old-noisy/50/satellite_noisy_p02_hyp-1_50_1.tar.bz2:0.590023994446:0.06430182:0.59
> 0:True:12,13:7177,771
> 1:False:12,15:7177,771
> 2:False:12,15:7177,771
> 3:True:12,13:7177,771
> 4:True:12,13:7177,771
> 5:False:12,15:7177,771
satellite-optimal-old-noisy/50/satellite_noisy_p02_hyp-1_50_2.tar.bz2:0.598734140396:0.06247857:0.6
> 0:True:12,14:7176,768
> 1:False:12,15:7176,768
> 2:False:12,16:7176,768
> 3:True:12,14:7176,768
> 4:True:12,14:7176,768
> 5:False:12,15:7176,768
satellite-optimal-old-noisy/50/satellite_noisy_p02_hyp-1_50_3.tar.bz2:0.595932006836:0.05744389:0.6
> 0:True:12,12:7177,771
> 1:False:12,14:7177,771
> 2:False:12,14:7177,771
> 3:False:12,14:7177,771
> 4:False:12,13:7177,771
> 5:False:12,13:7177,771
satellite-optimal-old-noisy/50/satellite_noisy_p02_hyp-2_50_1.tar.bz2:0.592799901962:0.06704673:0.59
> 0:True:12,13:7177,771
> 1:True:12,13:7177,771
> 2:False:12,14:7177,771
> 3:True:12,13:7177,771
> 4:True:12,13:7177,771
> 5:True:12,13:7177,771
satellite-optimal-old-noisy/50/satellite_noisy_p02_hyp-2_50_2.tar.bz2:0.588788986206:0.05958901:0.58
> 0:False:12,16:7177,771
> 1:True:12,13:7177,771
> 2:False:12,15:7177,771
> 3:False:12,14:7177,771
> 4:False:12,15:7177,771
> 5:False:12,14:7177,771
satellite-optimal-old-noisy/50/satellite_noisy_p02_hyp-2_50_3.tar.bz2:0.595355033875:0.06181498:0.59
> 0:False:12,14:7177,771
> 1:True:12,12:7177,771
> 2:False:12,14:7177,771
> 3:False:12,13:7177,771
> 4:False:12,14:7177,771
> 5:True:12,12:7177,771
satellite-optimal-old-noisy/50/satellite_noisy_p02_hyp-3_50_1.tar.bz2:0.580826044083:0.06205524:0.58
> 0:False:12,14:7177,771
> 1:False:12,15:7177,771
> 2:True:12,13:7177,771
> 3:False:12,15:7177,771
> 4:False:12,15:7177,771
> 5:False:12,14:7177,771
satellite-optimal-old-noisy/50/satellite_noisy_p02_hyp-3_50_2.tar.bz2:0.593837976456:0.06098848:0.58
> 0:False:12,15:7177,771
> 1:False:12,15:7177,771
> 2:True:12,13:7177,771
> 3:False:12,16:7177,771
> 4:False:12,16:7177,771
> 5:False:12,14:7177,771
satellite-optimal-old-noisy/50/satellite_noisy_p02_hyp-3_50_3.tar.bz2:0.588075876236:0.06172565:0.58
> 0:False:12,13:7177,771
> 1:False:12,14:7177,771
> 2:True:12,12:7177,771
> 3:False:12,14:7177,771
> 4:False:12,14:7177,771
> 5:False:12,13:7177,771
satellite-optimal-old-noisy/50/satellite_noisy_p02_hyp-4_50_1.tar.bz2:0.586671829224:0.06248663:0.58
> 0:False:12,13:7176,768
> 1:False:12,13:7176,768
> 2:False:12,15:7176,768
> 3:True:12,12:7176,768
> 4:False:12,13:7176,768
> 5:False:12,13:7176,768
satellite-optimal-old-noisy/50/satellite_noisy_p02_hyp-4_50_2.tar.bz2:0.602157115936:0.062847:0.61
> 0:True:12,13:7177,771
> 1:False:12,14:7177,771
> 2:False:12,14:7177,771
> 3:True:12,13:7177,771
> 4:True:12,13:7177,771
> 5:False:12,14:7177,771
satellite-optimal-old-noisy/50/satellite_noisy_p02_hyp-4_50_3.tar.bz2:0.602055072784:0.068353:0.6
> 0:False:12,15:7177,771
> 1:True:12,13:7177,771
> 2:False:12,16:7177,771
> 3:True:12,13:7177,771
> 4:False:12,14:7177,771
> 5:False:12,14:7177,771
satellite-optimal-old-noisy/50/satellite_noisy_p03_hyp-1_50_1.tar.bz2:0.502321004868:0.03384908:0.51
> 0:True:9,9:1672,338
> 1:True:9,9:1672,338
> 2:False:8,9:1672,338
> 3:True:9,9:1672,338
> 4:True:9,9:1672,338
> 5:True:9,9:1672,338
satellite-optimal-old-noisy/50/satellite_noisy_p03_hyp-1_50_2.tar.bz2:0.503399848938:0.03379284:0.49
> 0:True:9,9:1672,338
> 1:True:9,9:1672,338
> 2:True:8,8:1672,338
> 3:True:9,9:1672,338
> 4:True:9,9:1672,338
> 5:True:9,9:1672,338
satellite-optimal-old-noisy/50/satellite_noisy_p03_hyp-1_50_3.tar.bz2:0.4994161129:0.03078725:0.5
> 0:True:9,9:1672,338
> 1:False:9,10:1672,338
> 2:False:8,9:1672,338
> 3:False:9,10:1672,338
> 4:True:9,9:1672,338
> 5:False:9,10:1672,338
satellite-optimal-old-noisy/50/satellite_noisy_p03_hyp-2_50_1.tar.bz2:0.500609874725:0.03579803:0.51
> 0:False:9,10:1672,338
> 1:True:9,9:1672,338
> 2:False:8,10:1672,338
> 3:True:9,9:1672,338
> 4:False:9,10:1672,338
> 5:True:9,9:1672,338
satellite-optimal-old-noisy/50/satellite_noisy_p03_hyp-2_50_2.tar.bz2:0.504810094833:0.03084793:0.5
> 0:True:9,9:1672,338
> 1:True:9,9:1672,338
> 2:True:8,8:1672,338
> 3:True:9,9:1672,338
> 4:True:9,9:1672,338
> 5:True:9,9:1672,338
satellite-optimal-old-noisy/50/satellite_noisy_p03_hyp-2_50_3.tar.bz2:0.504632949829:0.03246858:0.51
> 0:True:9,9:1672,338
> 1:True:9,9:1672,338
> 2:True:8,8:1672,338
> 3:True:9,9:1672,338
> 4:True:9,9:1672,338
> 5:True:9,9:1672,338
satellite-optimal-old-noisy/50/satellite_noisy_p03_hyp-3_50_1.tar.bz2:0.519145965576:0.03536142:0.52
> 0:True:9,9:1671,335
> 1:False:9,10:1671,335
> 2:True:8,8:1671,335
> 3:False:9,10:1671,335
> 4:True:9,9:1671,335
> 5:False:9,10:1671,335
satellite-optimal-old-noisy/50/satellite_noisy_p03_hyp-3_50_2.tar.bz2:0.511435031891:0.03334106:0.51
> 0:True:9,9:1672,338
> 1:False:9,10:1672,338
> 2:True:8,8:1672,338
> 3:False:9,10:1672,338
> 4:True:9,9:1672,338
> 5:False:9,10:1672,338
satellite-optimal-old-noisy/50/satellite_noisy_p03_hyp-3_50_3.tar.bz2:0.515722990036:0.03954149:0.51
> 0:False:9,10:1672,338
> 1:False:9,11:1672,338
> 2:True:8,8:1672,338
> 3:False:9,11:1672,338
> 4:True:9,9:1672,338
> 5:False:9,11:1672,338
satellite-optimal-old-noisy/50/satellite_noisy_p03_hyp-4_50_1.tar.bz2:0.499074935913:0.03550729:0.49
> 0:True:9,9:1672,338
> 1:True:9,9:1672,338
> 2:False:8,9:1672,338
> 3:True:9,9:1672,338
> 4:True:9,9:1672,338
> 5:True:9,9:1672,338
satellite-optimal-old-noisy/50/satellite_noisy_p03_hyp-4_50_2.tar.bz2:0.510756015778:0.03685124:0.52
> 0:False:9,11:1672,338
> 1:True:9,9:1672,338
> 2:False:8,11:1672,338
> 3:True:9,9:1672,338
> 4:False:9,11:1672,338
> 5:True:9,9:1672,338
satellite-optimal-old-noisy/50/satellite_noisy_p03_hyp-4_50_3.tar.bz2:0.516364097595:0.0370399:0.51
> 0:False:9,10:1672,338
> 1:True:9,9:1672,338
> 2:False:8,9:1672,338
> 3:True:9,9:1672,338
> 4:False:9,10:1672,338
> 5:True:9,9:1672,338
satellite-optimal-old-noisy/70/satellite_noisy_p01_hyp-1_70_1.tar.bz2:0.73361992836:0.1134143:0.74
> 0:True:10,10:17101,1342
> 1:False:9,12:17101,1342
> 2:False:9,12:17101,1342
> 3:False:10,12:17101,1342
> 4:False:11,14:17101,1342
> 5:False:10,14:17101,1342
satellite-optimal-old-noisy/70/satellite_noisy_p01_hyp-1_70_2.tar.bz2:0.738880157471:0.1098023:0.74
> 0:True:10,10:17101,1342
> 1:False:9,11:17101,1342
> 2:False:9,13:17101,1342
> 3:False:10,12:17101,1342
> 4:False:11,13:17101,1342
> 5:False:10,13:17101,1342
satellite-optimal-old-noisy/70/satellite_noisy_p01_hyp-1_70_3.tar.bz2:0.740386962891:0.1143814:0.74
> 0:True:10,10:17101,1342
> 1:False:9,13:17101,1342
> 2:False:9,14:17101,1342
> 3:False:10,13:17101,1342
> 4:False:11,15:17101,1342
> 5:False:10,15:17101,1342
satellite-optimal-old-noisy/70/satellite_noisy_p01_hyp-2_70_1.tar.bz2:0.741952896118:0.110999:0.75
> 0:False:10,15:17101,1342
> 1:True:9,9:17101,1342
> 2:False:9,13:17101,1342
> 3:False:10,11:17101,1342
> 4:False:11,13:17101,1342
> 5:False:10,13:17101,1342
satellite-optimal-old-noisy/70/satellite_noisy_p01_hyp-2_70_2.tar.bz2:0.743247032166:0.1085998:0.75
> 0:False:10,16:17101,1342
> 1:True:9,9:17101,1342
> 2:False:9,14:17101,1342
> 3:False:10,11:17101,1342
> 4:False:11,14:17101,1342
> 5:False:10,14:17101,1342
satellite-optimal-old-noisy/70/satellite_noisy_p01_hyp-2_70_3.tar.bz2:0.739642858505:0.1146111:0.73
> 0:False:10,16:17101,1342
> 1:True:9,9:17101,1342
> 2:False:9,15:17101,1342
> 3:False:10,11:17101,1342
> 4:False:11,14:17101,1342
> 5:False:10,14:17101,1342
satellite-optimal-old-noisy/70/satellite_noisy_p01_hyp-3_70_1.tar.bz2:0.734904050827:0.1142396:0.73
> 0:False:10,14:17101,1342
> 1:False:9,12:17101,1342
> 2:True:9,10:17101,1342
> 3:False:10,13:17101,1342
> 4:False:11,13:17101,1342
> 5:False:10,12:17101,1342
satellite-optimal-old-noisy/70/satellite_noisy_p01_hyp-3_70_2.tar.bz2:0.725471019745:0.1004332:0.73
> 0:False:10,14:17101,1342
> 1:False:9,12:17101,1342
> 2:True:9,11:17101,1342
> 3:False:10,13:17101,1342
> 4:False:11,15:17101,1342
> 5:False:10,13:17101,1342
satellite-optimal-old-noisy/70/satellite_noisy_p01_hyp-3_70_3.tar.bz2:0.715878009796:0.098829:0.72
> 0:False:10,14:17100,1339
> 1:False:9,11:17100,1339
> 2:True:9,10:17100,1339
> 3:False:10,12:17100,1339
> 4:False:11,13:17100,1339
> 5:False:10,12:17100,1339
satellite-optimal-old-noisy/70/satellite_noisy_p01_hyp-4_70_1.tar.bz2:0.74574804306:0.1151913:0.74
> 0:False:10,13:17102,1345
> 1:False:9,11:17102,1345
> 2:False:9,13:17102,1345
> 3:True:10,11:17102,1345
> 4:False:11,14:17102,1345
> 5:False:10,14:17102,1345
satellite-optimal-old-noisy/70/satellite_noisy_p01_hyp-4_70_2.tar.bz2:0.746558904648:0.1106112:0.75
> 0:False:10,12:17102,1345
> 1:False:9,10:17102,1345
> 2:False:9,11:17102,1345
> 3:True:10,10:17102,1345
> 4:False:11,12:17102,1345
> 5:False:10,12:17102,1345
satellite-optimal-old-noisy/70/satellite_noisy_p01_hyp-4_70_3.tar.bz2:0.741678953171:0.1126971:0.74
> 0:False:10,14:17102,1345
> 1:False:9,11:17102,1345
> 2:False:9,14:17102,1345
> 3:True:10,11:17102,1345
> 4:False:11,15:17102,1345
> 5:False:10,15:17102,1345
satellite-optimal-old-noisy/70/satellite_noisy_p02_hyp-1_70_1.tar.bz2:0.5961830616:0.06165573:0.59
> 0:True:12,12:7179,777
> 1:False:12,16:7179,777
> 2:False:12,15:7179,777
> 3:False:12,14:7179,777
> 4:False:12,13:7179,777
> 5:False:12,15:7179,777
satellite-optimal-old-noisy/70/satellite_noisy_p02_hyp-1_70_2.tar.bz2:0.621775150299:0.07113726:0.62
> 0:True:12,12:7180,780
> 1:False:12,16:7180,780
> 2:False:12,16:7180,780
> 3:False:12,14:7180,780
> 4:False:12,13:7180,780
> 5:False:12,15:7180,780
satellite-optimal-old-noisy/70/satellite_noisy_p02_hyp-1_70_3.tar.bz2:0.599786996841:0.06661428:0.6
> 0:True:12,12:7179,777
> 1:False:12,15:7179,777
> 2:False:12,14:7179,777
> 3:False:12,14:7179,777
> 4:False:12,13:7179,777
> 5:False:12,14:7179,777
satellite-optimal-old-noisy/70/satellite_noisy_p02_hyp-2_70_1.tar.bz2:0.608372926712:0.0678361:0.61
> 0:False:12,14:7180,780
> 1:True:12,12:7180,780
> 2:False:12,14:7180,780
> 3:False:12,13:7180,780
> 4:False:12,13:7180,780
> 5:False:12,13:7180,780
satellite-optimal-old-noisy/70/satellite_noisy_p02_hyp-2_70_2.tar.bz2:0.591954946518:0.06555702:0.6
> 0:False:12,15:7180,780
> 1:True:12,12:7180,780
> 2:False:12,13:7180,780
> 3:False:12,14:7180,780
> 4:False:12,15:7180,780
> 5:True:12,12:7180,780
satellite-optimal-old-noisy/70/satellite_noisy_p02_hyp-2_70_3.tar.bz2:0.563278913498:0.03912428:0.56
satellite-optimal-old-noisy/70/satellite_noisy_p02_hyp-3_70_1.tar.bz2:0.581536054611:0.05690842:0.58
> 0:False:12,16:7180,780
> 1:False:12,14:7180,780
> 2:True:12,12:7180,780
> 3:False:12,16:7180,780
> 4:False:12,16:7180,780
> 5:False:12,14:7180,780
satellite-optimal-old-noisy/70/satellite_noisy_p02_hyp-3_70_2.tar.bz2:0.596155881882:0.06935393:0.6
> 0:False:12,17:7180,780
> 1:False:12,16:7180,780
> 2:True:12,13:7180,780
> 3:False:12,18:7180,780
> 4:False:12,18:7180,780
> 5:False:12,15:7180,780
satellite-optimal-old-noisy/70/satellite_noisy_p02_hyp-3_70_3.tar.bz2:0.582499027252:0.05429271:0.58
> 0:False:12,14:7179,777
> 1:False:12,14:7179,777
> 2:True:12,12:7179,777
> 3:False:12,15:7179,777
> 4:False:12,15:7179,777
> 5:False:12,13:7179,777
satellite-optimal-old-noisy/70/satellite_noisy_p02_hyp-4_70_1.tar.bz2:0.574456930161:0.04134639:0.58
satellite-optimal-old-noisy/70/satellite_noisy_p02_hyp-4_70_2.tar.bz2:0.586900949478:0.06506402:0.58
> 0:False:12,14:7180,780
> 1:False:12,13:7180,780
> 2:False:12,16:7180,780
> 3:True:12,12:7180,780
> 4:False:12,13:7180,780
> 5:False:12,14:7180,780
satellite-optimal-old-noisy/70/satellite_noisy_p02_hyp-4_70_3.tar.bz2:0.600826025009:0.06118234:0.6
> 0:False:12,13:7180,780
> 1:False:12,13:7180,780
> 2:False:12,15:7180,780
> 3:True:12,12:7180,780
> 4:False:12,13:7180,780
> 5:False:12,13:7180,780
satellite-optimal-old-noisy/70/satellite_noisy_p03_hyp-1_70_1.tar.bz2:0.512659072876:0.04167905:0.5
> 0:True:9,10:1675,347
> 1:False:9,11:1675,347
> 2:False:8,11:1675,347
> 3:False:9,12:1675,347
> 4:False:9,11:1675,347
> 5:False:9,11:1675,347
satellite-optimal-old-noisy/70/satellite_noisy_p03_hyp-1_70_2.tar.bz2:0.531372070312:0.03886484:0.54
> 0:True:9,10:1675,347
> 1:False:9,12:1675,347
> 2:False:8,11:1675,347
> 3:False:9,13:1675,347
> 4:False:9,11:1675,347
> 5:False:9,12:1675,347
satellite-optimal-old-noisy/70/satellite_noisy_p03_hyp-1_70_3.tar.bz2:0.513671875:0.03469206:0.51
> 0:True:9,9:1675,347
> 1:False:9,11:1675,347
> 2:False:8,10:1675,347
> 3:False:9,12:1675,347
> 4:False:9,10:1675,347
> 5:False:9,11:1675,347
satellite-optimal-old-noisy/70/satellite_noisy_p03_hyp-2_70_1.tar.bz2:0.513229131699:0.0320992:0.51
> 0:False:9,11:1675,347
> 1:True:9,9:1675,347
> 2:False:8,12:1675,347
> 3:False:9,10:1675,347
> 4:False:9,12:1675,347
> 5:True:9,9:1675,347
satellite-optimal-old-noisy/70/satellite_noisy_p03_hyp-2_70_2.tar.bz2:0.520753860474:0.03782507:0.52
> 0:True:9,10:1675,347
> 1:True:9,10:1675,347
> 2:False:8,11:1675,347
> 3:False:9,11:1675,347
> 4:False:9,11:1675,347
> 5:True:9,10:1675,347
satellite-optimal-old-noisy/70/satellite_noisy_p03_hyp-2_70_3.tar.bz2:0.521447896957:0.03723792:0.53
> 0:False:9,11:1675,347
> 1:True:9,9:1675,347
> 2:False:8,12:1675,347
> 3:True:9,9:1675,347
> 4:False:9,12:1675,347
> 5:True:9,9:1675,347
satellite-optimal-old-noisy/70/satellite_noisy_p03_hyp-3_70_1.tar.bz2:0.523744106293:0.03990421:0.53
> 0:False:9,11:1675,347
> 1:False:9,12:1675,347
> 2:False:8,10:1675,347
> 3:False:9,12:1675,347
> 4:True:9,10:1675,347
> 5:False:9,12:1675,347
satellite-optimal-old-noisy/70/satellite_noisy_p03_hyp-3_70_2.tar.bz2:0.49117398262:0.01730073:0.5
satellite-optimal-old-noisy/70/satellite_noisy_p03_hyp-3_70_3.tar.bz2:0.508973121643:0.03646229:0.5
> 0:False:9,11:1674,344
> 1:False:9,13:1674,344
> 2:True:8,9:1674,344
> 3:False:9,12:1674,344
> 4:True:9,10:1674,344
> 5:False:9,13:1674,344
satellite-optimal-old-noisy/70/satellite_noisy_p03_hyp-4_70_1.tar.bz2:0.525588035583:0.03806703:0.53
> 0:False:9,12:1674,344
> 1:False:9,11:1674,344
> 2:False:8,12:1674,344
> 3:True:9,10:1674,344
> 4:False:9,12:1674,344
> 5:False:9,11:1674,344
satellite-optimal-old-noisy/70/satellite_noisy_p03_hyp-4_70_2.tar.bz2:0.533622980118:0.03495009:0.54
> 0:False:9,10:1675,347
> 1:False:9,10:1675,347
> 2:False:8,10:1675,347
> 3:True:9,9:1675,347
> 4:False:9,10:1675,347
> 5:False:9,10:1675,347
satellite-optimal-old-noisy/70/satellite_noisy_p03_hyp-4_70_3.tar.bz2:0.519716024399:0.03492719:0.52
> 0:False:9,13:1675,347
> 1:False:9,11:1675,347
> 2:False:8,13:1675,347
> 3:True:9,10:1675,347
> 4:False:9,13:1675,347
> 5:False:9,11:1675,347
satellite-optimal-old-noisy/100/satellite_noisy_p01_hyp-1_full_1.tar.bz2:0.730857133865:0.1145896:0.74
> 0:True:10,10:17104,1351
> 1:False:9,12:17104,1351
> 2:False:9,13:17104,1351
> 3:False:10,12:17104,1351
> 4:False:11,14:17104,1351
> 5:False:10,14:17104,1351
satellite-optimal-old-noisy/100/satellite_noisy_p01_hyp-1_full_2.tar.bz2:0.742218971252:0.115822:0.75
> 0:True:10,10:17104,1351
> 1:False:9,12:17104,1351
> 2:False:9,13:17104,1351
> 3:False:10,12:17104,1351
> 4:False:11,14:17104,1351
> 5:False:10,14:17104,1351
satellite-optimal-old-noisy/100/satellite_noisy_p01_hyp-1_full_3.tar.bz2:0.737123012543:0.1065271:0.74
> 0:True:10,10:17104,1351
> 1:False:9,12:17104,1351
> 2:False:9,13:17104,1351
> 3:False:10,12:17104,1351
> 4:False:11,14:17104,1351
> 5:False:10,14:17104,1351
satellite-optimal-old-noisy/100/satellite_noisy_p01_hyp-2_full_1.tar.bz2:0.753448963165:0.1128702:0.76
> 0:False:10,15:17103,1348
> 1:True:9,10:17103,1348
> 2:False:9,14:17103,1348
> 3:False:10,12:17103,1348
> 4:False:11,13:17103,1348
> 5:False:10,13:17103,1348
satellite-optimal-old-noisy/100/satellite_noisy_p01_hyp-2_full_2.tar.bz2:0.72883105278:0.1045868:0.73
> 0:False:10,15:17102,1345
> 1:True:9,9:17102,1345
> 2:False:9,14:17102,1345
> 3:False:10,11:17102,1345
> 4:False:11,13:17102,1345
> 5:False:10,13:17102,1345
satellite-optimal-old-noisy/100/satellite_noisy_p01_hyp-2_full_3.tar.bz2:0.731133937836:0.1058542:0.73
> 0:False:10,14:17102,1345
> 1:True:9,9:17102,1345
> 2:False:9,14:17102,1345
> 3:False:10,11:17102,1345
> 4:False:11,13:17102,1345
> 5:False:10,13:17102,1345
satellite-optimal-old-noisy/100/satellite_noisy_p01_hyp-3_full_1.tar.bz2:0.73903298378:0.1160402:0.74
> 0:False:10,14:17104,1351
> 1:False:9,12:17104,1351
> 2:True:9,9:17104,1351
> 3:False:10,12:17104,1351
> 4:False:11,14:17104,1351
> 5:False:10,12:17104,1351
satellite-optimal-old-noisy/100/satellite_noisy_p01_hyp-3_full_2.tar.bz2:0.747461080551:0.1016673:0.75
satellite-optimal-old-noisy/100/satellite_noisy_p01_hyp-3_full_3.tar.bz2:0.754958152771:0.1119177:0.75
> 0:False:10,14:17104,1351
> 1:False:9,13:17104,1351
> 2:True:9,10:17104,1351
> 3:False:10,13:17104,1351
> 4:False:11,15:17104,1351
> 5:False:10,13:17104,1351
satellite-optimal-old-noisy/100/satellite_noisy_p01_hyp-4_full_1.tar.bz2:0.736577987671:0.1104323:0.74
> 0:False:10,14:17106,1357
> 1:False:9,11:17106,1357
> 2:False:9,14:17106,1357
> 3:True:10,11:17106,1357
> 4:False:11,15:17106,1357
> 5:False:10,15:17106,1357
satellite-optimal-old-noisy/100/satellite_noisy_p01_hyp-4_full_2.tar.bz2:0.749852895737:0.1136444:0.75
> 0:False:10,14:17106,1357
> 1:False:9,11:17106,1357
> 2:False:9,14:17106,1357
> 3:True:10,11:17106,1357
> 4:False:11,15:17106,1357
> 5:False:10,15:17106,1357
satellite-optimal-old-noisy/100/satellite_noisy_p01_hyp-4_full_3.tar.bz2:0.753130912781:0.1137953:0.75
> 0:False:10,14:17105,1354
> 1:False:9,11:17105,1354
> 2:False:9,14:17105,1354
> 3:True:10,11:17105,1354
> 4:False:11,15:17105,1354
> 5:False:10,15:17105,1354
satellite-optimal-old-noisy/100/satellite_noisy_p02_hyp-1_full_1.tar.bz2:0.576089143753:0.039437:0.58
satellite-optimal-old-noisy/100/satellite_noisy_p02_hyp-1_full_2.tar.bz2:0.600889205933:0.06194096:0.6
> 0:True:12,12:7184,792
> 1:False:12,16:7184,792
> 2:False:12,16:7184,792
> 3:False:12,14:7184,792
> 4:False:12,13:7184,792
> 5:False:12,15:7184,792
satellite-optimal-old-noisy/100/satellite_noisy_p02_hyp-1_full_3.tar.bz2:0.573794126511:0.03988873:0.58
satellite-optimal-old-noisy/100/satellite_noisy_p02_hyp-2_full_1.tar.bz2:0.592224121094:0.06430051:0.6
> 0:False:12,16:7184,792
> 1:True:12,12:7184,792
> 2:False:12,15:7184,792
> 3:False:12,14:7184,792
> 4:False:12,15:7184,792
> 5:False:12,13:7184,792
satellite-optimal-old-noisy/100/satellite_noisy_p02_hyp-2_full_2.tar.bz2:0.611956119537:0.0684605:0.62
> 0:False:12,17:7184,792
> 1:True:12,13:7184,792
> 2:False:12,16:7184,792
> 3:False:12,15:7184,792
> 4:False:12,16:7184,792
> 5:False:12,14:7184,792
satellite-optimal-old-noisy/100/satellite_noisy_p02_hyp-2_full_3.tar.bz2:0.598955154419:0.07407578:0.6
> 0:False:12,16:7184,792
> 1:True:12,12:7184,792
> 2:False:12,15:7184,792
> 3:False:12,14:7184,792
> 4:False:12,15:7184,792
> 5:False:12,13:7184,792
satellite-optimal-old-noisy/100/satellite_noisy_p02_hyp-3_full_1.tar.bz2:0.595409870148:0.06938004:0.6
> 0:False:12,17:7183,789
> 1:False:12,16:7183,789
> 2:True:12,13:7183,789
> 3:False:12,18:7183,789
> 4:False:12,18:7183,789
> 5:False:12,15:7183,789
satellite-optimal-old-noisy/100/satellite_noisy_p02_hyp-3_full_2.tar.bz2:0.618649959564:0.06470815:0.63
> 0:False:12,16:7184,792
> 1:False:12,15:7184,792
> 2:True:12,12:7184,792
> 3:False:12,17:7184,792
> 4:False:12,17:7184,792
> 5:False:12,14:7184,792
satellite-optimal-old-noisy/100/satellite_noisy_p02_hyp-3_full_3.tar.bz2:0.605909109116:0.06369358:0.61
> 0:False:12,16:7184,792
> 1:False:12,15:7184,792
> 2:True:12,12:7184,792
> 3:False:12,17:7184,792
> 4:False:12,17:7184,792
> 5:False:12,14:7184,792
satellite-optimal-old-noisy/100/satellite_noisy_p02_hyp-4_full_1.tar.bz2:0.599995851517:0.06655054:0.6
> 0:False:12,14:7183,789
> 1:False:12,14:7183,789
> 2:False:12,16:7183,789
> 3:True:12,12:7183,789
> 4:False:12,13:7183,789
> 5:False:12,15:7183,789
satellite-optimal-old-noisy/100/satellite_noisy_p02_hyp-4_full_2.tar.bz2:0.601995944977:0.06445387:0.6
> 0:False:12,14:7184,792
> 1:False:12,14:7184,792
> 2:False:12,17:7184,792
> 3:True:12,12:7184,792
> 4:False:12,13:7184,792
> 5:False:12,15:7184,792
satellite-optimal-old-noisy/100/satellite_noisy_p02_hyp-4_full_3.tar.bz2:0.591522216797:0.06289338:0.6
> 0:False:12,14:7183,789
> 1:False:12,14:7183,789
> 2:False:12,17:7183,789
> 3:True:12,12:7183,789
> 4:False:12,13:7183,789
> 5:False:12,15:7183,789
satellite-optimal-old-noisy/100/satellite_noisy_p03_hyp-1_full_1.tar.bz2:0.521645784378:0.03720676:0.52
> 0:True:9,9:1677,353
> 1:False:9,10:1677,353
> 2:False:8,9:1677,353
> 3:False:9,11:1677,353
> 4:True:9,9:1677,353
> 5:False:9,10:1677,353
satellite-optimal-old-noisy/100/satellite_noisy_p03_hyp-1_full_2.tar.bz2:0.50404381752:0.03298649:0.5
> 0:True:9,9:1677,353
> 1:False:9,10:1677,353
> 2:False:8,9:1677,353
> 3:False:9,11:1677,353
> 4:True:9,9:1677,353
> 5:False:9,10:1677,353
satellite-optimal-old-noisy/100/satellite_noisy_p03_hyp-1_full_3.tar.bz2:0.519754886627:0.03787864:0.53
> 0:True:9,9:1677,353
> 1:False:9,10:1677,353
> 2:False:8,9:1677,353
> 3:False:9,11:1677,353
> 4:True:9,9:1677,353
> 5:False:9,10:1677,353
satellite-optimal-old-noisy/100/satellite_noisy_p03_hyp-2_full_1.tar.bz2:0.528397083282:0.03828556:0.53
> 0:False:9,10:1677,353
> 1:True:9,9:1677,353
> 2:False:8,11:1677,353
> 3:True:9,9:1677,353
> 4:False:9,11:1677,353
> 5:True:9,9:1677,353
satellite-optimal-old-noisy/100/satellite_noisy_p03_hyp-2_full_2.tar.bz2:0.515956163406:0.03557753:0.52
> 0:False:9,10:1677,353
> 1:True:9,9:1677,353
> 2:False:8,11:1677,353
> 3:True:9,9:1677,353
> 4:False:9,11:1677,353
> 5:True:9,9:1677,353
satellite-optimal-old-noisy/100/satellite_noisy_p03_hyp-2_full_3.tar.bz2:0.524932861328:0.0392552:0.53
> 0:False:9,10:1676,350
> 1:True:9,9:1676,350
> 2:False:8,11:1676,350
> 3:False:9,10:1676,350
> 4:False:9,11:1676,350
> 5:True:9,9:1676,350
satellite-optimal-old-noisy/100/satellite_noisy_p03_hyp-3_full_1.tar.bz2:0.521025180817:0.03911471:0.52
> 0:False:9,10:1677,353
> 1:False:9,12:1677,353
> 2:True:8,8:1677,353
> 3:False:9,12:1677,353
> 4:True:9,9:1677,353
> 5:False:9,12:1677,353
satellite-optimal-old-noisy/100/satellite_noisy_p03_hyp-3_full_2.tar.bz2:0.527226924896:0.03830147:0.53
> 0:True:9,9:1677,353
> 1:False:9,11:1677,353
> 2:False:8,9:1677,353
> 3:False:9,11:1677,353
> 4:True:9,9:1677,353
> 5:False:9,11:1677,353
satellite-optimal-old-noisy/100/satellite_noisy_p03_hyp-3_full_3.tar.bz2:0.524751901627:0.04085711:0.52
> 0:False:9,10:1677,353
> 1:False:9,12:1677,353
> 2:True:8,8:1677,353
> 3:False:9,12:1677,353
> 4:True:9,9:1677,353
> 5:False:9,12:1677,353
satellite-optimal-old-noisy/100/satellite_noisy_p03_hyp-4_full_1.tar.bz2:0.51353597641:0.03252071:0.51
> 0:False:9,12:1678,356
> 1:False:9,10:1678,356
> 2:False:8,12:1678,356
> 3:True:9,9:1678,356
> 4:False:9,12:1678,356
> 5:False:9,10:1678,356
satellite-optimal-old-noisy/100/satellite_noisy_p03_hyp-4_full_2.tar.bz2:0.520599126816:0.03846462:0.51
> 0:False:9,11:1678,356
> 1:False:9,10:1678,356
> 2:False:8,11:1678,356
> 3:True:9,9:1678,356
> 4:False:9,11:1678,356
> 5:False:9,10:1678,356
satellite-optimal-old-noisy/100/satellite_noisy_p03_hyp-4_full_3.tar.bz2:0.500281095505:0.03654463:0.51
> 0:False:9,12:1678,356
> 1:False:9,11:1678,356
> 2:False:8,12:1678,356
> 3:True:9,10:1678,356
> 4:False:9,12:1678,356
> 5:False:9,11:1678,356
