satellite-optimal-old-noisy/10/satellite_noisy_p01_hyp-1_10_1.tar.bz2:0.444753885269:0.01084394:0.44
> 0:True:10,10:190,75
> 1:True:8,8:190,73
> 2:True:8,8:190,73
> 3:True:9,9:190,74
> 4:True:10,10:190,75
> 5:True:10,10:190,75
satellite-optimal-old-noisy/10/satellite_noisy_p01_hyp-1_10_2.tar.bz2:0.443893909454:0.01069724:0.45
> 0:True:10,10:190,76
> 1:False:8,9:190,74
> 2:False:8,9:190,74
> 3:False:9,10:190,75
> 4:True:10,10:190,76
> 5:False:10,11:190,76
satellite-optimal-old-noisy/10/satellite_noisy_p01_hyp-1_10_3.tar.bz2:0.445443153381:0.01078963:0.44
> 0:True:10,10:190,80
> 1:True:8,8:190,78
> 2:True:8,8:190,78
> 3:True:9,9:190,79
> 4:True:10,10:190,80
> 5:True:10,10:190,80
satellite-optimal-old-noisy/10/satellite_noisy_p01_hyp-2_10_1.tar.bz2:0.444162130356:0.01110532:0.44
> 0:False:10,12:190,81
> 1:True:8,8:190,79
> 2:False:8,10:190,79
> 3:True:9,9:190,80
> 4:True:10,10:190,81
> 5:False:10,11:190,81
satellite-optimal-old-noisy/10/satellite_noisy_p01_hyp-2_10_2.tar.bz2:0.445513010025:0.0110299:0.46
> 0:False:10,12:190,80
> 1:True:8,8:190,78
> 2:False:8,10:190,78
> 3:True:9,9:190,79
> 4:True:10,10:190,80
> 5:False:10,11:190,80
satellite-optimal-old-noisy/10/satellite_noisy_p01_hyp-2_10_3.tar.bz2:0.44513297081:0.01058314:0.45
> 0:False:10,11:190,76
> 1:True:8,8:190,74
> 2:False:8,9:190,74
> 3:True:9,9:190,75
> 4:True:10,10:190,76
> 5:True:10,10:190,76
satellite-optimal-old-noisy/10/satellite_noisy_p01_hyp-3_10_1.tar.bz2:0.444056034088:0.01094888:0.44
> 0:True:10,11:190,76
> 1:False:8,10:190,74
> 2:True:8,9:190,74
> 3:False:9,11:190,75
> 4:True:10,11:190,76
> 5:True:10,11:190,76
satellite-optimal-old-noisy/10/satellite_noisy_p01_hyp-3_10_2.tar.bz2:0.446361064911:0.01110115:0.44
> 0:True:10,10:190,81
> 1:False:8,9:190,79
> 2:False:8,9:190,79
> 3:True:9,9:190,80
> 4:False:10,12:190,81
> 5:False:10,12:190,81
satellite-optimal-old-noisy/10/satellite_noisy_p01_hyp-3_10_3.tar.bz2:0.441493988037:0.00972245:0.45
> 0:True:10,10:189,73
> 1:True:8,8:189,71
> 2:True:8,8:189,71
> 3:True:9,9:189,72
> 4:True:10,10:189,73
> 5:True:10,10:189,73
satellite-optimal-old-noisy/10/satellite_noisy_p01_hyp-4_10_1.tar.bz2:0.446420907974:0.01174881:0.44
> 0:True:10,10:191,83
> 1:False:8,10:191,81
> 2:False:8,10:191,81
> 3:False:9,10:191,82
> 4:False:10,12:191,83
> 5:False:10,11:191,83
satellite-optimal-old-noisy/10/satellite_noisy_p01_hyp-4_10_2.tar.bz2:0.443819046021:0.01095402:0.44
> 0:True:10,11:191,79
> 1:False:8,10:191,77
> 2:False:8,10:191,77
> 3:False:9,11:191,78
> 4:False:10,12:191,79
> 5:True:10,11:191,79
satellite-optimal-old-noisy/10/satellite_noisy_p01_hyp-4_10_3.tar.bz2:0.448599100113:0.01170533:0.45
> 0:False:10,13:191,81
> 1:True:8,9:191,79
> 2:False:8,11:191,79
> 3:True:9,10:191,80
> 4:True:10,11:191,81
> 5:False:10,12:191,81
satellite-optimal-old-noisy/10/satellite_noisy_p02_hyp-1_10_1.tar.bz2:0.412822008133:0.00962913:0.42
> 0:True:12,12:105,61
> 1:False:12,13:105,61
> 2:False:12,13:105,61
> 3:False:12,13:105,61
> 4:True:12,12:105,61
> 5:False:12,13:105,61
satellite-optimal-old-noisy/10/satellite_noisy_p02_hyp-1_10_2.tar.bz2:0.413410902023:0.00947605:0.42
> 0:True:12,12:105,60
> 1:True:12,12:105,60
> 2:True:12,12:105,60
> 3:True:12,12:105,60
> 4:True:12,12:105,60
> 5:True:12,12:105,60
satellite-optimal-old-noisy/10/satellite_noisy_p02_hyp-1_10_3.tar.bz2:0.413867950439:0.0096585:0.41
> 0:True:12,12:105,62
> 1:False:12,13:105,62
> 2:False:12,13:105,62
> 3:True:12,12:105,62
> 4:True:12,12:105,62
> 5:False:12,13:105,62
satellite-optimal-old-noisy/10/satellite_noisy_p02_hyp-2_10_1.tar.bz2:0.415575027466:0.00969124:0.42
> 0:True:12,12:105,64
> 1:True:12,12:105,64
> 2:False:12,13:105,64
> 3:True:12,12:105,64
> 4:True:12,12:105,64
> 5:True:12,12:105,64
satellite-optimal-old-noisy/10/satellite_noisy_p02_hyp-2_10_2.tar.bz2:0.413362979889:0.00971623:0.41
> 0:False:12,14:105,67
> 1:True:12,12:105,67
> 2:False:12,14:105,67
> 3:True:12,12:105,67
> 4:False:12,13:105,67
> 5:False:12,13:105,67
satellite-optimal-old-noisy/10/satellite_noisy_p02_hyp-2_10_3.tar.bz2:0.414528846741:0.01025117:0.42
> 0:False:12,13:105,67
> 1:True:12,12:105,67
> 2:False:12,13:105,67
> 3:True:12,12:105,67
> 4:True:12,12:105,67
> 5:False:12,13:105,67
satellite-optimal-old-noisy/10/satellite_noisy_p02_hyp-3_10_1.tar.bz2:0.413362026215:0.00967538:0.41
> 0:True:12,12:105,58
> 1:True:12,12:105,58
> 2:True:12,12:105,58
> 3:True:12,12:105,58
> 4:True:12,12:105,58
> 5:True:12,12:105,58
satellite-optimal-old-noisy/10/satellite_noisy_p02_hyp-3_10_2.tar.bz2:0.413696050644:0.0094489:0.41
> 0:True:12,12:105,63
> 1:False:12,13:105,63
> 2:True:12,12:105,63
> 3:False:12,13:105,63
> 4:False:12,13:105,63
> 5:True:12,12:105,63
satellite-optimal-old-noisy/10/satellite_noisy_p02_hyp-3_10_3.tar.bz2:0.41149520874:0.00869134:0.42
> 0:False:12,13:104,60
> 1:True:12,12:104,60
> 2:True:12,12:104,60
> 3:False:12,13:104,60
> 4:False:12,13:104,60
> 5:True:12,12:104,60
satellite-optimal-old-noisy/10/satellite_noisy_p02_hyp-4_10_1.tar.bz2:0.414366960526:0.00958692:0.41
> 0:False:12,13:105,64
> 1:True:12,12:105,64
> 2:False:12,14:105,64
> 3:True:12,12:105,64
> 4:True:12,12:105,64
> 5:False:12,13:105,64
satellite-optimal-old-noisy/10/satellite_noisy_p02_hyp-4_10_2.tar.bz2:0.411847114563:0.00934348:0.42
> 0:True:12,12:105,59
> 1:True:12,12:105,59
> 2:True:12,12:105,59
> 3:True:12,12:105,59
> 4:True:12,12:105,59
> 5:True:12,12:105,59
satellite-optimal-old-noisy/10/satellite_noisy_p02_hyp-4_10_3.tar.bz2:0.41152882576:0.00942657:0.41
> 0:False:12,13:105,60
> 1:True:12,12:105,60
> 2:False:12,13:105,60
> 3:True:12,12:105,60
> 4:True:12,12:105,60
> 5:False:12,13:105,60
satellite-optimal-old-noisy/10/satellite_noisy_p03_hyp-1_10_1.tar.bz2:0.39017701149:0.00646513:0.38
> 0:True:9,9:53,31
> 1:False:9,10:53,31
> 2:False:8,9:53,30
> 3:True:9,9:53,31
> 4:False:9,10:53,31
> 5:True:9,9:53,31
satellite-optimal-old-noisy/10/satellite_noisy_p03_hyp-1_10_2.tar.bz2:0.393248081207:0.00710224:0.39
> 0:True:9,9:54,39
> 1:True:9,9:54,39
> 2:True:8,8:54,38
> 3:True:9,9:54,39
> 4:True:9,9:54,39
> 5:True:9,9:54,39
satellite-optimal-old-noisy/10/satellite_noisy_p03_hyp-1_10_3.tar.bz2:0.394783973694:0.00729175:0.4
> 0:True:9,9:54,34
> 1:True:9,9:54,34
> 2:True:8,8:54,33
> 3:True:9,9:54,34
> 4:True:9,9:54,34
> 5:True:9,9:54,34
satellite-optimal-old-noisy/10/satellite_noisy_p03_hyp-2_10_1.tar.bz2:0.392353057861:0.00691009:0.39
> 0:True:9,9:53,31
> 1:True:9,9:53,31
> 2:True:8,8:53,30
> 3:True:9,9:53,31
> 4:True:9,9:53,31
> 5:True:9,9:53,31
satellite-optimal-old-noisy/10/satellite_noisy_p03_hyp-2_10_2.tar.bz2:0.392822027206:0.00688689:0.39
> 0:True:9,9:53,32
> 1:True:9,9:53,32
> 2:True:8,8:53,31
> 3:True:9,9:53,32
> 4:True:9,9:53,32
> 5:True:9,9:53,32
satellite-optimal-old-noisy/10/satellite_noisy_p03_hyp-2_10_3.tar.bz2:0.393379926682:0.00700434:0.4
> 0:True:9,9:54,31
> 1:True:9,9:54,31
> 2:False:8,9:54,30
> 3:True:9,9:54,31
> 4:True:9,9:54,31
> 5:False:9,10:54,31
satellite-optimal-old-noisy/10/satellite_noisy_p03_hyp-3_10_1.tar.bz2:0.395399093628:0.00739502:0.4
> 0:False:9,10:54,35
> 1:False:9,10:54,35
> 2:True:8,8:54,34
> 3:True:9,9:54,35
> 4:True:9,9:54,35
> 5:False:9,10:54,35
satellite-optimal-old-noisy/10/satellite_noisy_p03_hyp-3_10_2.tar.bz2:0.393563985825:0.00738458:0.39
> 0:True:9,9:54,35
> 1:True:9,9:54,35
> 2:False:8,9:54,34
> 3:True:9,9:54,35
> 4:True:9,9:54,35
> 5:True:9,9:54,35
satellite-optimal-old-noisy/10/satellite_noisy_p03_hyp-3_10_3.tar.bz2:0.392024040222:0.0070028:0.39
> 0:True:9,10:54,33
> 1:True:9,10:54,33
> 2:True:8,9:54,32
> 3:True:9,10:54,33
> 4:True:9,10:54,33
> 5:True:9,10:54,33
satellite-optimal-old-noisy/10/satellite_noisy_p03_hyp-4_10_1.tar.bz2:0.393561124802:0.00752375:0.39
> 0:True:9,9:54,39
> 1:True:9,9:54,39
> 2:True:8,8:54,38
> 3:True:9,9:54,39
> 4:True:9,9:54,39
> 5:True:9,9:54,39
satellite-optimal-old-noisy/10/satellite_noisy_p03_hyp-4_10_2.tar.bz2:0.391933917999:0.00676409:0.4
> 0:True:9,9:53,34
> 1:True:9,9:53,34
> 2:False:8,10:53,33
> 3:True:9,9:53,34
> 4:False:9,10:53,34
> 5:True:9,9:53,34
satellite-optimal-old-noisy/10/satellite_noisy_p03_hyp-4_10_3.tar.bz2:0.392678976059:0.00708282:0.39
> 0:True:9,9:54,34
> 1:True:9,9:54,34
> 2:True:8,8:54,33
> 3:True:9,9:54,34
> 4:True:9,9:54,34
> 5:True:9,9:54,34
satellite-optimal-old-noisy/30/satellite_noisy_p01_hyp-1_30_1.tar.bz2:0.447642087936:0.01191561:0.45
> 0:True:10,10:192,81
> 1:False:8,10:192,79
> 2:False:8,10:192,79
> 3:False:9,10:192,80
> 4:False:10,11:192,81
> 5:False:10,11:192,81
satellite-optimal-old-noisy/30/satellite_noisy_p01_hyp-1_30_2.tar.bz2:0.44474196434:0.01232156:0.44
> 0:True:10,10:192,87
> 1:False:8,10:192,85
> 2:False:8,11:192,85
> 3:False:9,11:192,86
> 4:False:10,12:192,87
> 5:False:10,11:192,87
satellite-optimal-old-noisy/30/satellite_noisy_p01_hyp-1_30_3.tar.bz2:0.447006940842:0.01202939:0.45
> 0:True:10,10:192,83
> 1:False:8,10:192,81
> 2:False:8,11:192,81
> 3:False:9,11:192,82
> 4:False:10,12:192,83
> 5:False:10,12:192,83
satellite-optimal-old-noisy/30/satellite_noisy_p01_hyp-2_30_1.tar.bz2:0.444887876511:0.01075916:0.45
> 0:True:10,10:191,79
> 1:True:8,8:191,77
> 2:False:8,10:191,77
> 3:True:9,9:191,78
> 4:True:10,10:191,79
> 5:True:10,10:191,79
satellite-optimal-old-noisy/30/satellite_noisy_p01_hyp-2_30_2.tar.bz2:0.445194005966:0.01166202:0.45
> 0:True:10,11:192,81
> 1:True:8,9:192,79
> 2:False:8,12:192,79
> 3:True:9,10:192,80
> 4:True:10,11:192,81
> 5:True:10,11:192,81
satellite-optimal-old-noisy/30/satellite_noisy_p01_hyp-2_30_3.tar.bz2:0.445098161697:0.01188022:0.45
> 0:False:10,12:192,82
> 1:True:8,8:192,80
> 2:False:8,10:192,80
> 3:True:9,9:192,81
> 4:True:10,10:192,82
> 5:False:10,11:192,82
satellite-optimal-old-noisy/30/satellite_noisy_p01_hyp-3_30_1.tar.bz2:0.448534011841:0.01210809:0.45
> 0:False:10,12:192,85
> 1:False:8,9:192,83
> 2:True:8,8:192,83
> 3:False:9,10:192,84
> 4:True:10,10:192,85
> 5:True:10,10:192,85
satellite-optimal-old-noisy/30/satellite_noisy_p01_hyp-3_30_2.tar.bz2:0.445295095444:0.01178077:0.46
> 0:True:10,11:192,87
> 1:False:8,10:192,85
> 2:True:8,9:192,85
> 3:True:9,10:192,86
> 4:False:10,13:192,87
> 5:False:10,12:192,87
satellite-optimal-old-noisy/30/satellite_noisy_p01_hyp-3_30_3.tar.bz2:0.444650888443:0.01195884:0.44
> 0:True:10,11:192,87
> 1:False:8,10:192,85
> 2:True:8,9:192,85
> 3:True:9,10:192,86
> 4:False:10,13:192,87
> 5:False:10,12:192,87
satellite-optimal-old-noisy/30/satellite_noisy_p01_hyp-4_30_1.tar.bz2:0.446453094482:0.01169844:0.45
> 0:False:10,12:192,84
> 1:False:8,9:192,82
> 2:False:8,10:192,82
> 3:True:9,9:192,83
> 4:False:10,13:192,84
> 5:False:10,13:192,84
satellite-optimal-old-noisy/30/satellite_noisy_p01_hyp-4_30_2.tar.bz2:0.445379972458:0.0113689:0.45
> 0:False:10,12:192,85
> 1:True:8,9:192,83
> 2:False:8,12:192,83
> 3:True:9,10:192,84
> 4:True:10,11:192,85
> 5:True:10,11:192,85
satellite-optimal-old-noisy/30/satellite_noisy_p01_hyp-4_30_3.tar.bz2:0.446133852005:0.01265759:0.45
> 0:True:10,10:193,85
> 1:False:8,10:193,83
> 2:False:8,10:193,83
> 3:False:9,10:193,84
> 4:False:10,13:193,85
> 5:False:10,13:193,85
satellite-optimal-old-noisy/30/satellite_noisy_p02_hyp-1_30_1.tar.bz2:0.414175987244:0.01020154:0.42
> 0:True:12,13:107,64
> 1:False:12,14:107,64
> 2:False:12,14:107,64
> 3:True:12,13:107,64
> 4:True:12,13:107,64
> 5:False:12,14:107,64
satellite-optimal-old-noisy/30/satellite_noisy_p02_hyp-1_30_2.tar.bz2:0.415723085403:0.01021542:0.42
> 0:True:12,12:107,67
> 1:False:12,14:107,67
> 2:False:12,13:107,67
> 3:False:12,14:107,67
> 4:False:12,13:107,67
> 5:False:12,13:107,67
satellite-optimal-old-noisy/30/satellite_noisy_p02_hyp-1_30_3.tar.bz2:0.415748119354:0.01038055:0.41
> 0:True:12,12:107,68
> 1:False:12,13:107,68
> 2:True:12,12:107,68
> 3:True:12,12:107,68
> 4:True:12,12:107,68
> 5:False:12,13:107,68
satellite-optimal-old-noisy/30/satellite_noisy_p02_hyp-2_30_1.tar.bz2:0.414752006531:0.01013973:0.42
> 0:False:12,14:107,66
> 1:True:12,13:107,66
> 2:True:12,13:107,66
> 3:False:12,14:107,66
> 4:False:12,14:107,66
> 5:True:12,13:107,66
satellite-optimal-old-noisy/30/satellite_noisy_p02_hyp-2_30_2.tar.bz2:0.414427995682:0.01034979:0.42
> 0:False:12,13:107,72
> 1:True:12,12:107,72
> 2:False:12,13:107,72
> 3:True:12,12:107,72
> 4:True:12,12:107,72
> 5:True:12,12:107,72
satellite-optimal-old-noisy/30/satellite_noisy_p02_hyp-2_30_3.tar.bz2:0.414571046829:0.01017354:0.41
> 0:False:12,13:107,64
> 1:True:12,12:107,64
> 2:True:12,12:107,64
> 3:False:12,13:107,64
> 4:False:12,13:107,64
> 5:True:12,12:107,64
satellite-optimal-old-noisy/30/satellite_noisy_p02_hyp-3_30_1.tar.bz2:0.415233850479:0.01035961:0.42
> 0:False:12,14:107,72
> 1:True:12,12:107,72
> 2:True:12,12:107,72
> 3:False:12,14:107,72
> 4:False:12,14:107,72
> 5:True:12,12:107,72
satellite-optimal-old-noisy/30/satellite_noisy_p02_hyp-3_30_2.tar.bz2:0.415618896484:0.01010529:0.41
> 0:True:12,12:107,66
> 1:False:12,13:107,66
> 2:True:12,12:107,66
> 3:False:12,13:107,66
> 4:False:12,13:107,66
> 5:True:12,12:107,66
satellite-optimal-old-noisy/30/satellite_noisy_p02_hyp-3_30_3.tar.bz2:0.412884950638:0.01011333:0.42
> 0:False:12,13:107,68
> 1:False:12,14:107,68
> 2:True:12,12:107,68
> 3:False:12,14:107,68
> 4:False:12,14:107,68
> 5:False:12,13:107,68
satellite-optimal-old-noisy/30/satellite_noisy_p02_hyp-4_30_1.tar.bz2:0.415855884552:0.01046649:0.41
> 0:False:12,14:107,73
> 1:False:12,13:107,73
> 2:False:12,15:107,73
> 3:True:12,12:107,73
> 4:False:12,13:107,73
> 5:False:12,14:107,73
satellite-optimal-old-noisy/30/satellite_noisy_p02_hyp-4_30_2.tar.bz2:0.416602134705:0.00994039:0.42
> 0:True:12,13:107,61
> 1:True:12,13:107,61
> 2:True:12,13:107,61
> 3:True:12,13:107,61
> 4:True:12,13:107,61
> 5:True:12,13:107,61
satellite-optimal-old-noisy/30/satellite_noisy_p02_hyp-4_30_3.tar.bz2:0.41513299942:0.00992875:0.42
> 0:True:12,12:106,70
> 1:False:12,14:106,70
> 2:False:12,15:106,70
> 3:True:12,12:106,70
> 4:True:12,12:106,70
> 5:False:12,14:106,70
satellite-optimal-old-noisy/30/satellite_noisy_p03_hyp-1_30_1.tar.bz2:0.3962059021:0.0077313:0.4
> 0:True:9,9:56,42
> 1:False:9,10:56,42
> 2:True:8,8:56,41
> 3:False:9,11:56,42
> 4:True:9,9:56,42
> 5:False:9,10:56,42
satellite-optimal-old-noisy/30/satellite_noisy_p03_hyp-1_30_2.tar.bz2:0.396169185638:0.00772987:0.4
> 0:True:9,9:56,39
> 1:False:9,10:56,39
> 2:False:8,10:56,38
> 3:True:9,9:56,39
> 4:False:9,11:56,39
> 5:True:9,9:56,39
satellite-optimal-old-noisy/30/satellite_noisy_p03_hyp-1_30_3.tar.bz2:0.39498591423:0.00756062:0.39
> 0:True:9,9:56,40
> 1:False:9,10:56,40
> 2:False:8,9:56,39
> 3:False:9,11:56,40
> 4:True:9,9:56,40
> 5:False:9,10:56,40
satellite-optimal-old-noisy/30/satellite_noisy_p03_hyp-2_30_1.tar.bz2:0.395659923553:0.00759902:0.39
> 0:False:9,10:56,39
> 1:True:9,9:56,39
> 2:True:8,8:56,38
> 3:False:9,11:56,39
> 4:True:9,9:56,39
> 5:True:9,9:56,39
satellite-optimal-old-noisy/30/satellite_noisy_p03_hyp-2_30_2.tar.bz2:0.393724918365:0.00747077:0.39
> 0:False:9,10:56,39
> 1:True:9,9:56,39
> 2:False:8,10:56,38
> 3:False:9,10:56,39
> 4:False:9,11:56,39
> 5:False:9,10:56,39
satellite-optimal-old-noisy/30/satellite_noisy_p03_hyp-2_30_3.tar.bz2:0.392549991608:0.00746708:0.39
> 0:True:9,9:56,37
> 1:True:9,9:56,37
> 2:True:8,8:56,36
> 3:True:9,9:56,37
> 4:True:9,9:56,37
> 5:True:9,9:56,37
satellite-optimal-old-noisy/30/satellite_noisy_p03_hyp-3_30_1.tar.bz2:0.395488023758:0.00797807:0.4
> 0:True:9,9:56,41
> 1:False:9,10:56,41
> 2:True:8,8:56,40
> 3:False:9,11:56,41
> 4:True:9,9:56,41
> 5:False:9,10:56,41
satellite-optimal-old-noisy/30/satellite_noisy_p03_hyp-3_30_2.tar.bz2:0.394059896469:0.00738859:0.4
> 0:False:9,10:56,41
> 1:False:9,10:56,41
> 2:False:8,9:56,40
> 3:False:9,10:56,41
> 4:True:9,9:56,41
> 5:False:9,11:56,41
satellite-optimal-old-noisy/30/satellite_noisy_p03_hyp-3_30_3.tar.bz2:0.393662929535:0.00779753:0.39
> 0:False:9,10:56,39
> 1:False:9,10:56,39
> 2:True:8,8:56,38
> 3:True:9,9:56,39
> 4:True:9,9:56,39
> 5:False:9,10:56,39
satellite-optimal-old-noisy/30/satellite_noisy_p03_hyp-4_30_1.tar.bz2:0.39523100853:0.00782761:0.39
> 0:True:9,10:56,39
> 1:True:9,10:56,39
> 2:False:8,10:56,38
> 3:True:9,10:56,39
> 4:False:9,11:56,39
> 5:True:9,10:56,39
satellite-optimal-old-noisy/30/satellite_noisy_p03_hyp-4_30_2.tar.bz2:0.392673969269:0.00750234:0.39
> 0:True:9,9:56,41
> 1:False:9,10:56,41
> 2:True:8,8:56,40
> 3:True:9,9:56,41
> 4:True:9,9:56,41
> 5:False:9,10:56,41
satellite-optimal-old-noisy/30/satellite_noisy_p03_hyp-4_30_3.tar.bz2:0.39462184906:0.00742523:0.4
> 0:False:9,10:56,35
> 1:False:9,10:56,35
> 2:False:8,10:56,34
> 3:True:9,9:56,35
> 4:False:9,10:56,35
> 5:True:9,9:56,35
satellite-optimal-old-noisy/50/satellite_noisy_p01_hyp-1_50_1.tar.bz2:0.447314977646:0.01353581:0.45
> 0:True:10,10:194,93
> 1:False:8,10:194,91
> 2:False:8,11:194,91
> 3:False:9,10:194,92
> 4:False:10,12:194,93
> 5:False:10,12:194,93
satellite-optimal-old-noisy/50/satellite_noisy_p01_hyp-1_50_2.tar.bz2:0.446722984314:0.01338175:0.45
> 0:True:10,10:194,94
> 1:False:8,11:194,92
> 2:False:8,11:194,92
> 3:False:9,11:194,93
> 4:False:10,12:194,94
> 5:False:10,12:194,94
satellite-optimal-old-noisy/50/satellite_noisy_p01_hyp-1_50_3.tar.bz2:0.448601007462:0.01302936:0.46
> 0:True:10,10:194,87
> 1:False:8,9:194,85
> 2:False:8,10:194,85
> 3:False:9,10:194,86
> 4:False:10,11:194,87
> 5:False:10,12:194,87
satellite-optimal-old-noisy/50/satellite_noisy_p01_hyp-2_50_1.tar.bz2:0.446140050888:0.01213975:0.44
> 0:False:10,12:194,84
> 1:True:8,9:194,82
> 2:False:8,10:194,82
> 3:True:9,10:194,83
> 4:False:10,12:194,84
> 5:False:10,12:194,84
satellite-optimal-old-noisy/50/satellite_noisy_p01_hyp-2_50_2.tar.bz2:0.448203086853:0.01347326:0.45
> 0:True:10,11:194,87
> 1:True:8,9:194,85
> 2:False:8,12:194,85
> 3:True:9,10:194,86
> 4:True:10,11:194,87
> 5:True:10,11:194,87
satellite-optimal-old-noisy/50/satellite_noisy_p01_hyp-2_50_3.tar.bz2:0.446192979813:0.01268185:0.45
> 0:True:10,11:194,84
> 1:True:8,9:194,82
> 2:True:8,9:194,82
> 3:True:9,10:194,83
> 4:True:10,11:194,84
> 5:True:10,11:194,84
satellite-optimal-old-noisy/50/satellite_noisy_p01_hyp-3_50_1.tar.bz2:0.446883916855:0.01285942:0.44
> 0:True:10,11:194,85
> 1:True:8,9:194,83
> 2:True:8,9:194,83
> 3:True:9,10:194,84
> 4:False:10,12:194,85
> 5:True:10,11:194,85
satellite-optimal-old-noisy/50/satellite_noisy_p01_hyp-3_50_2.tar.bz2:0.446305036545:0.01311278:0.45
> 0:False:10,12:194,89
> 1:False:8,11:194,87
> 2:True:8,9:194,87
> 3:False:9,11:194,88
> 4:False:10,13:194,89
> 5:False:10,12:194,89
satellite-optimal-old-noisy/50/satellite_noisy_p01_hyp-3_50_3.tar.bz2:0.448318004608:0.01247841:0.45
> 0:True:10,10:194,82
> 1:False:8,9:194,80
> 2:False:8,9:194,80
> 3:False:9,10:194,81
> 4:False:10,11:194,82
> 5:False:10,11:194,82
satellite-optimal-old-noisy/50/satellite_noisy_p01_hyp-4_50_1.tar.bz2:0.44656920433:0.01354979:0.45
> 0:True:10,12:196,94
> 1:False:8,11:196,92
> 2:False:8,13:196,92
> 3:True:9,11:196,93
> 4:False:10,14:196,94
> 5:True:10,12:196,94
satellite-optimal-old-noisy/50/satellite_noisy_p01_hyp-4_50_2.tar.bz2:0.448790073395:0.01464603:0.44
> 0:False:10,12:196,103
> 1:False:8,10:196,101
> 2:False:8,13:196,101
> 3:True:9,10:196,102
> 4:False:10,13:196,103
> 5:False:10,13:196,103
satellite-optimal-old-noisy/50/satellite_noisy_p01_hyp-4_50_3.tar.bz2:0.447961091995:0.01395047:0.45
> 0:False:10,13:196,91
> 1:True:8,10:196,89
> 2:False:8,13:196,89
> 3:True:9,11:196,90
> 4:False:10,13:196,91
> 5:True:10,12:196,91
satellite-optimal-old-noisy/50/satellite_noisy_p02_hyp-1_50_1.tar.bz2:0.414118051529:0.01121089:0.42
> 0:True:12,13:111,79
> 1:False:12,15:111,79
> 2:False:12,15:111,79
> 3:True:12,13:111,79
> 4:True:12,13:111,79
> 5:False:12,15:111,79
satellite-optimal-old-noisy/50/satellite_noisy_p02_hyp-1_50_2.tar.bz2:0.414566993713:0.01097308:0.42
> 0:True:12,13:110,73
> 1:False:12,14:110,73
> 2:False:12,15:110,73
> 3:True:12,13:110,73
> 4:True:12,13:110,73
> 5:False:12,14:110,73
satellite-optimal-old-noisy/50/satellite_noisy_p02_hyp-1_50_3.tar.bz2:0.415895938873:0.01138448:0.42
> 0:True:12,13:111,77
> 1:False:12,15:111,77
> 2:False:12,15:111,77
> 3:False:12,15:111,77
> 4:False:12,14:111,77
> 5:False:12,14:111,77
satellite-optimal-old-noisy/50/satellite_noisy_p02_hyp-2_50_1.tar.bz2:0.415689945221:0.01171355:0.42
> 0:True:12,12:111,83
> 1:True:12,12:111,83
> 2:False:12,13:111,83
> 3:True:12,12:111,83
> 4:True:12,12:111,83
> 5:True:12,12:111,83
satellite-optimal-old-noisy/50/satellite_noisy_p02_hyp-2_50_2.tar.bz2:0.418070077896:0.01197593:0.41
> 0:False:12,16:111,83
> 1:True:12,13:111,83
> 2:False:12,15:111,83
> 3:False:12,14:111,83
> 4:False:12,15:111,83
> 5:False:12,14:111,83
satellite-optimal-old-noisy/50/satellite_noisy_p02_hyp-2_50_3.tar.bz2:0.414762020111:0.01145211:0.42
> 0:False:12,13:111,83
> 1:True:12,12:111,83
> 2:False:12,13:111,83
> 3:True:12,12:111,83
> 4:False:12,13:111,83
> 5:True:12,12:111,83
satellite-optimal-old-noisy/50/satellite_noisy_p02_hyp-3_50_1.tar.bz2:0.414324045181:0.01089089:0.42
> 0:False:12,14:111,73
> 1:False:12,15:111,73
> 2:True:12,13:111,73
> 3:False:12,15:111,73
> 4:False:12,15:111,73
> 5:False:12,14:111,73
satellite-optimal-old-noisy/50/satellite_noisy_p02_hyp-3_50_2.tar.bz2:0.415141105652:0.01198784:0.41
> 0:False:12,15:111,88
> 1:False:12,15:111,88
> 2:True:12,13:111,88
> 3:False:12,16:111,88
> 4:False:12,16:111,88
> 5:False:12,14:111,88
satellite-optimal-old-noisy/50/satellite_noisy_p02_hyp-3_50_3.tar.bz2:0.419129133224:0.01173226:0.43
> 0:False:12,13:111,77
> 1:False:12,14:111,77
> 2:True:12,12:111,77
> 3:False:12,14:111,77
> 4:False:12,14:111,77
> 5:False:12,13:111,77
satellite-optimal-old-noisy/50/satellite_noisy_p02_hyp-4_50_1.tar.bz2:0.416052103043:0.01135778:0.41
> 0:False:12,14:110,79
> 1:False:12,14:110,79
> 2:False:12,16:110,79
> 3:True:12,13:110,79
> 4:False:12,14:110,79
> 5:False:12,14:110,79
satellite-optimal-old-noisy/50/satellite_noisy_p02_hyp-4_50_2.tar.bz2:0.412990093231:0.01124845:0.41
> 0:True:12,13:111,79
> 1:False:12,14:111,79
> 2:False:12,14:111,79
> 3:True:12,13:111,79
> 4:True:12,13:111,79
> 5:False:12,14:111,79
satellite-optimal-old-noisy/50/satellite_noisy_p02_hyp-4_50_3.tar.bz2:0.414685964584:0.01156911:0.42
> 0:False:12,15:111,80
> 1:True:12,13:111,80
> 2:False:12,16:111,80
> 3:True:12,13:111,80
> 4:False:12,14:111,80
> 5:False:12,14:111,80
satellite-optimal-old-noisy/50/satellite_noisy_p03_hyp-1_50_1.tar.bz2:0.393170118332:0.00788766:0.39
> 0:True:9,9:58,44
> 1:False:9,10:58,44
> 2:False:8,10:58,43
> 3:True:9,9:58,44
> 4:False:9,10:58,44
> 5:False:9,10:58,44
satellite-optimal-old-noisy/50/satellite_noisy_p03_hyp-1_50_2.tar.bz2:0.395149946213:0.00788143:0.4
> 0:True:9,9:58,43
> 1:True:9,9:58,43
> 2:False:8,9:58,42
> 3:True:9,9:58,43
> 4:True:9,9:58,43
> 5:False:9,10:58,43
satellite-optimal-old-noisy/50/satellite_noisy_p03_hyp-1_50_3.tar.bz2:0.393007993698:0.00797987:0.4
> 0:True:9,9:58,44
> 1:False:9,11:58,44
> 2:True:8,8:58,43
> 3:False:9,10:58,44
> 4:True:9,9:58,44
> 5:False:9,10:58,44
satellite-optimal-old-noisy/50/satellite_noisy_p03_hyp-2_50_1.tar.bz2:0.395613908768:0.00807178:0.4
> 0:False:9,10:58,45
> 1:True:9,9:58,45
> 2:False:8,10:58,44
> 3:True:9,9:58,45
> 4:False:9,10:58,45
> 5:True:9,9:58,45
satellite-optimal-old-noisy/50/satellite_noisy_p03_hyp-2_50_2.tar.bz2:0.395174980164:0.00784756:0.38
> 0:True:9,9:58,45
> 1:True:9,9:58,45
> 2:False:8,9:58,44
> 3:True:9,9:58,45
> 4:True:9,9:58,45
> 5:True:9,9:58,45
satellite-optimal-old-noisy/50/satellite_noisy_p03_hyp-2_50_3.tar.bz2:0.395169973373:0.00817742:0.4
> 0:True:9,9:58,46
> 1:True:9,9:58,46
> 2:True:8,8:58,45
> 3:True:9,9:58,46
> 4:True:9,9:58,46
> 5:True:9,9:58,46
satellite-optimal-old-noisy/50/satellite_noisy_p03_hyp-3_50_1.tar.bz2:0.395904064178:0.00800705:0.4
> 0:True:9,9:57,38
> 1:False:9,10:57,38
> 2:False:8,9:57,37
> 3:False:9,10:57,38
> 4:True:9,9:57,38
> 5:False:9,10:57,38
satellite-optimal-old-noisy/50/satellite_noisy_p03_hyp-3_50_2.tar.bz2:0.395138978958:0.007994:0.4
> 0:False:9,10:58,45
> 1:False:9,11:58,45
> 2:True:8,8:58,44
> 3:False:9,11:58,45
> 4:True:9,9:58,45
> 5:False:9,11:58,45
satellite-optimal-old-noisy/50/satellite_noisy_p03_hyp-3_50_3.tar.bz2:0.393057107925:0.00816087:0.4
> 0:True:9,9:58,50
> 1:False:9,11:58,50
> 2:True:8,8:58,49
> 3:False:9,11:58,50
> 4:True:9,9:58,50
> 5:False:9,11:58,50
satellite-optimal-old-noisy/50/satellite_noisy_p03_hyp-4_50_1.tar.bz2:0.395261049271:0.00792016:0.39
> 0:True:9,9:58,43
> 1:True:9,9:58,43
> 2:False:8,10:58,42
> 3:True:9,9:58,43
> 4:True:9,9:58,43
> 5:True:9,9:58,43
satellite-optimal-old-noisy/50/satellite_noisy_p03_hyp-4_50_2.tar.bz2:0.394925117493:0.00796817:0.4
> 0:False:9,11:58,44
> 1:False:9,10:58,44
> 2:False:8,11:58,43
> 3:True:9,9:58,44
> 4:False:9,12:58,44
> 5:False:9,10:58,44
satellite-optimal-old-noisy/50/satellite_noisy_p03_hyp-4_50_3.tar.bz2:0.394329071045:0.00803621:0.39
> 0:False:9,11:58,43
> 1:True:9,10:58,43
> 2:False:8,10:58,42
> 3:True:9,10:58,43
> 4:False:9,11:58,43
> 5:True:9,10:58,43
satellite-optimal-old-noisy/70/satellite_noisy_p01_hyp-1_70_1.tar.bz2:0.449427127838:0.01428766:0.46
> 0:True:10,10:197,99
> 1:False:8,12:197,97
> 2:False:8,12:197,97
> 3:False:9,12:197,98
> 4:False:10,14:197,99
> 5:False:10,14:197,99
satellite-optimal-old-noisy/70/satellite_noisy_p01_hyp-1_70_2.tar.bz2:0.447250127792:0.01441549:0.44
> 0:True:10,10:197,95
> 1:False:8,12:197,93
> 2:False:8,13:197,93
> 3:False:9,13:197,94
> 4:False:10,13:197,95
> 5:False:10,13:197,95
satellite-optimal-old-noisy/70/satellite_noisy_p01_hyp-1_70_3.tar.bz2:0.45144200325:0.01500534:0.45
> 0:True:10,10:197,100
> 1:False:8,14:197,98
> 2:False:8,14:197,98
> 3:False:9,14:197,99
> 4:False:10,15:197,100
> 5:False:10,15:197,100
satellite-optimal-old-noisy/70/satellite_noisy_p01_hyp-2_70_1.tar.bz2:0.449671983719:0.0139516:0.46
> 0:False:10,14:197,92
> 1:True:8,9:197,90
> 2:False:8,12:197,90
> 3:True:9,10:197,91
> 4:False:10,12:197,92
> 5:False:10,13:197,92
satellite-optimal-old-noisy/70/satellite_noisy_p01_hyp-2_70_2.tar.bz2:0.448675870895:0.01383982:0.45
> 0:False:10,14:197,92
> 1:True:8,9:197,90
> 2:False:8,13:197,90
> 3:True:9,10:197,91
> 4:False:10,13:197,92
> 5:False:10,14:197,92
satellite-optimal-old-noisy/70/satellite_noisy_p01_hyp-2_70_3.tar.bz2:0.448395013809:0.0140336:0.45
> 0:False:10,14:197,94
> 1:True:8,9:197,92
> 2:False:8,14:197,92
> 3:True:9,10:197,93
> 4:False:10,13:197,94
> 5:False:10,14:197,94
satellite-optimal-old-noisy/70/satellite_noisy_p01_hyp-3_70_1.tar.bz2:0.447607040405:0.01413704:0.44
> 0:False:10,14:197,94
> 1:False:8,12:197,92
> 2:True:8,10:197,92
> 3:False:9,13:197,93
> 4:False:10,13:197,94
> 5:False:10,13:197,94
satellite-optimal-old-noisy/70/satellite_noisy_p01_hyp-3_70_2.tar.bz2:0.44625210762:0.01424066:0.45
> 0:False:10,14:197,95
> 1:False:8,12:197,93
> 2:True:8,10:197,93
> 3:False:9,13:197,94
> 4:False:10,14:197,95
> 5:False:10,13:197,95
satellite-optimal-old-noisy/70/satellite_noisy_p01_hyp-3_70_3.tar.bz2:0.448887109756:0.01406772:0.45
> 0:False:10,14:196,92
> 1:False:8,12:196,90
> 2:True:8,10:196,90
> 3:False:9,13:196,91
> 4:False:10,13:196,92
> 5:False:10,13:196,92
satellite-optimal-old-noisy/70/satellite_noisy_p01_hyp-4_70_1.tar.bz2:0.450973033905:0.01467942:0.45
> 0:False:10,14:198,96
> 1:False:8,11:198,94
> 2:False:8,13:198,94
> 3:True:9,11:198,95
> 4:False:10,14:198,96
> 5:False:10,14:198,96
satellite-optimal-old-noisy/70/satellite_noisy_p01_hyp-4_70_2.tar.bz2:0.448113918304:0.01511652:0.44
> 0:False:10,13:198,99
> 1:False:8,11:198,97
> 2:False:8,12:198,97
> 3:True:9,11:198,98
> 4:True:10,12:198,99
> 5:False:10,14:198,99
satellite-optimal-old-noisy/70/satellite_noisy_p01_hyp-4_70_3.tar.bz2:0.448777914047:0.01540148:0.45
> 0:False:10,15:198,101
> 1:False:8,11:198,99
> 2:False:8,14:198,99
> 3:True:9,11:198,100
> 4:False:10,15:198,101
> 5:False:10,16:198,101
satellite-optimal-old-noisy/70/satellite_noisy_p02_hyp-1_70_1.tar.bz2:0.417928934097:0.01207335:0.41
> 0:True:12,13:113,87
> 1:False:12,16:113,87
> 2:False:12,15:113,87
> 3:False:12,14:113,87
> 4:True:12,13:113,87
> 5:False:12,15:113,87
satellite-optimal-old-noisy/70/satellite_noisy_p02_hyp-1_70_2.tar.bz2:0.416257858276:0.01258818:0.42
> 0:True:12,12:114,90
> 1:False:12,15:114,90
> 2:False:12,15:114,90
> 3:False:12,13:114,90
> 4:True:12,12:114,90
> 5:False:12,14:114,90
satellite-optimal-old-noisy/70/satellite_noisy_p02_hyp-1_70_3.tar.bz2:0.41520190239:0.01175171:0.41
> 0:True:12,13:113,82
> 1:False:12,15:113,82
> 2:False:12,14:113,82
> 3:False:12,14:113,82
> 4:True:12,13:113,82
> 5:False:12,14:113,82
satellite-optimal-old-noisy/70/satellite_noisy_p02_hyp-2_70_1.tar.bz2:0.41507101059:0.01209073:0.41
> 0:False:12,14:114,84
> 1:True:12,12:114,84
> 2:False:12,14:114,84
> 3:False:12,13:114,84
> 4:False:12,13:114,84
> 5:False:12,13:114,84
satellite-optimal-old-noisy/70/satellite_noisy_p02_hyp-2_70_2.tar.bz2:0.417780160904:0.01261232:0.43
> 0:False:12,15:114,91
> 1:True:12,12:114,91
> 2:False:12,13:114,91
> 3:False:12,14:114,91
> 4:False:12,15:114,91
> 5:True:12,12:114,91
satellite-optimal-old-noisy/70/satellite_noisy_p02_hyp-2_70_3.tar.bz2:0.41600894928:0.01221613:0.42
> 0:False:12,15:114,86
> 1:True:12,13:114,86
> 2:True:12,13:114,86
> 3:False:12,14:114,86
> 4:False:12,14:114,86
> 5:True:12,13:114,86
satellite-optimal-old-noisy/70/satellite_noisy_p02_hyp-3_70_1.tar.bz2:0.416662931442:0.01243657:0.42
> 0:False:12,15:114,91
> 1:False:12,13:114,91
> 2:True:12,12:114,91
> 3:False:12,15:114,91
> 4:False:12,15:114,91
> 5:False:12,13:114,91
satellite-optimal-old-noisy/70/satellite_noisy_p02_hyp-3_70_2.tar.bz2:0.415818929672:0.01256847:0.41
> 0:False:12,16:114,95
> 1:False:12,15:114,95
> 2:True:12,12:114,95
> 3:False:12,17:114,95
> 4:False:12,17:114,95
> 5:False:12,14:114,95
satellite-optimal-old-noisy/70/satellite_noisy_p02_hyp-3_70_3.tar.bz2:0.416640996933:0.01193929:0.41
> 0:False:12,15:113,86
> 1:False:12,15:113,86
> 2:True:12,12:113,86
> 3:False:12,16:113,86
> 4:False:12,16:113,86
> 5:False:12,14:113,86
satellite-optimal-old-noisy/70/satellite_noisy_p02_hyp-4_70_1.tar.bz2:0.416754961014:0.01225996:0.41
> 0:True:12,13:114,86
> 1:True:12,13:114,86
> 2:False:12,15:114,86
> 3:True:12,13:114,86
> 4:True:12,13:114,86
> 5:False:12,14:114,86
satellite-optimal-old-noisy/70/satellite_noisy_p02_hyp-4_70_2.tar.bz2:0.416455030441:0.01229384:0.41
> 0:False:12,14:114,89
> 1:True:12,13:114,89
> 2:False:12,16:114,89
> 3:True:12,13:114,89
> 4:True:12,13:114,89
> 5:False:12,14:114,89
satellite-optimal-old-noisy/70/satellite_noisy_p02_hyp-4_70_3.tar.bz2:0.417018175125:0.01225565:0.41
> 0:True:12,13:114,87
> 1:True:12,13:114,87
> 2:False:12,15:114,87
> 3:True:12,13:114,87
> 4:True:12,13:114,87
> 5:True:12,13:114,87
satellite-optimal-old-noisy/70/satellite_noisy_p03_hyp-1_70_1.tar.bz2:0.393229961395:0.00853446:0.39
> 0:True:9,9:61,55
> 1:False:9,11:61,55
> 2:False:8,10:61,54
> 3:False:9,12:61,55
> 4:False:9,10:61,55
> 5:False:9,11:61,55
satellite-optimal-old-noisy/70/satellite_noisy_p03_hyp-1_70_2.tar.bz2:0.394858121872:0.00868406:0.4
> 0:True:9,9:61,56
> 1:False:9,12:61,56
> 2:False:8,10:61,55
> 3:False:9,12:61,56
> 4:False:9,11:61,56
> 5:False:9,11:61,56
satellite-optimal-old-noisy/70/satellite_noisy_p03_hyp-1_70_3.tar.bz2:0.391963005066:0.008307:0.39
> 0:True:9,9:61,56
> 1:False:9,12:61,56
> 2:False:8,10:61,55
> 3:False:9,12:61,56
> 4:False:9,11:61,56
> 5:False:9,11:61,56
satellite-optimal-old-noisy/70/satellite_noisy_p03_hyp-2_70_1.tar.bz2:0.396872997284:0.00894843:0.39
> 0:False:9,12:61,56
> 1:True:9,9:61,56
> 2:False:8,12:61,55
> 3:False:9,11:61,56
> 4:False:9,12:61,56
> 5:True:9,9:61,56
satellite-optimal-old-noisy/70/satellite_noisy_p03_hyp-2_70_2.tar.bz2:0.395179986954:0.00851391:0.39
> 0:False:9,11:61,53
> 1:True:9,9:61,53
> 2:False:8,12:61,52
> 3:False:9,11:61,53
> 4:False:9,11:61,53
> 5:False:9,10:61,53
satellite-optimal-old-noisy/70/satellite_noisy_p03_hyp-2_70_3.tar.bz2:0.39333486557:0.0083573:0.4
> 0:False:9,11:61,52
> 1:True:9,9:61,52
> 2:False:8,13:61,51
> 3:True:9,9:61,52
> 4:False:9,12:61,52
> 5:False:9,10:61,52
satellite-optimal-old-noisy/70/satellite_noisy_p03_hyp-3_70_1.tar.bz2:0.392947912216:0.0086253:0.4
> 0:False:9,11:61,52
> 1:False:9,11:61,52
> 2:True:8,9:61,51
> 3:False:9,12:61,52
> 4:True:9,10:61,52
> 5:False:9,11:61,52
satellite-optimal-old-noisy/70/satellite_noisy_p03_hyp-3_70_2.tar.bz2:0.393721818924:0.00828169:0.39
> 0:False:9,11:61,54
> 1:False:9,11:61,54
> 2:True:8,9:61,53
> 3:False:9,11:61,54
> 4:True:9,10:61,54
> 5:False:9,11:61,54
satellite-optimal-old-noisy/70/satellite_noisy_p03_hyp-3_70_3.tar.bz2:0.396085977554:0.00860936:0.4
> 0:False:9,11:60,49
> 1:False:9,12:60,49
> 2:True:8,8:60,48
> 3:False:9,11:60,49
> 4:True:9,9:60,49
> 5:False:9,12:60,49
satellite-optimal-old-noisy/70/satellite_noisy_p03_hyp-4_70_1.tar.bz2:0.396857976913:0.00848227:0.4
> 0:False:9,12:60,50
> 1:False:9,12:60,50
> 2:False:8,12:60,49
> 3:True:9,10:60,50
> 4:False:9,13:60,50
> 5:False:9,11:60,50
satellite-optimal-old-noisy/70/satellite_noisy_p03_hyp-4_70_2.tar.bz2:0.392482995987:0.00804326:0.39
> 0:False:9,11:61,50
> 1:True:9,10:61,50
> 2:False:8,12:61,49
> 3:True:9,10:61,50
> 4:False:9,11:61,50
> 5:False:9,11:61,50
satellite-optimal-old-noisy/70/satellite_noisy_p03_hyp-4_70_3.tar.bz2:0.395041942596:0.0083935:0.4
> 0:False:9,12:61,54
> 1:False:9,11:61,54
> 2:False:8,12:61,53
> 3:True:9,9:61,54
> 4:False:9,12:61,54
> 5:False:9,10:61,54
satellite-optimal-old-noisy/100/satellite_noisy_p01_hyp-1_full_1.tar.bz2:0.44908285141:0.01563091:0.45
> 0:True:10,10:200,106
> 1:False:8,13:200,104
> 2:False:8,13:200,104
> 3:False:9,13:200,105
> 4:False:10,14:200,106
> 5:False:10,14:200,106
satellite-optimal-old-noisy/100/satellite_noisy_p01_hyp-1_full_2.tar.bz2:0.451797008514:0.01582911:0.45
> 0:True:10,10:200,111
> 1:False:8,13:200,109
> 2:False:8,13:200,109
> 3:False:9,13:200,110
> 4:False:10,14:200,111
> 5:False:10,14:200,111
satellite-optimal-old-noisy/100/satellite_noisy_p01_hyp-1_full_3.tar.bz2:0.449858903885:0.0153503:0.45
> 0:True:10,10:200,106
> 1:False:8,13:200,104
> 2:False:8,13:200,104
> 3:False:9,13:200,105
> 4:False:10,14:200,106
> 5:False:10,14:200,106
satellite-optimal-old-noisy/100/satellite_noisy_p01_hyp-2_full_1.tar.bz2:0.448646068573:0.01499667:0.45
> 0:False:10,13:199,97
> 1:True:8,9:199,95
> 2:False:8,13:199,95
> 3:True:9,10:199,96
> 4:False:10,12:199,97
> 5:False:10,13:199,97
satellite-optimal-old-noisy/100/satellite_noisy_p01_hyp-2_full_2.tar.bz2:0.448879003525:0.01433718:0.44
> 0:False:10,13:198,95
> 1:True:8,9:198,93
> 2:False:8,13:198,93
> 3:True:9,10:198,94
> 4:False:10,12:198,95
> 5:False:10,13:198,95
satellite-optimal-old-noisy/100/satellite_noisy_p01_hyp-2_full_3.tar.bz2:0.451050043106:0.01454212:0.46
> 0:False:10,13:198,95
> 1:True:8,9:198,93
> 2:False:8,13:198,93
> 3:True:9,10:198,94
> 4:False:10,12:198,95
> 5:False:10,13:198,95
satellite-optimal-old-noisy/100/satellite_noisy_p01_hyp-3_full_1.tar.bz2:0.449563980103:0.01567175:0.46
> 0:False:10,14:200,104
> 1:False:8,12:200,102
> 2:True:8,10:200,102
> 3:False:9,12:200,103
> 4:False:10,14:200,104
> 5:False:10,13:200,104
satellite-optimal-old-noisy/100/satellite_noisy_p01_hyp-3_full_2.tar.bz2:0.449121952057:0.01593499:0.45
> 0:False:10,14:200,107
> 1:False:8,12:200,105
> 2:True:8,10:200,105
> 3:False:9,12:200,106
> 4:False:10,14:200,107
> 5:True:10,12:200,107
satellite-optimal-old-noisy/100/satellite_noisy_p01_hyp-3_full_3.tar.bz2:0.451479911804:0.0159347:0.45
> 0:False:10,14:200,107
> 1:False:8,12:200,105
> 2:True:8,10:200,105
> 3:False:9,12:200,106
> 4:False:10,14:200,107
> 5:True:10,12:200,107
satellite-optimal-old-noisy/100/satellite_noisy_p01_hyp-4_full_1.tar.bz2:0.450344800949:0.01624775:0.44
> 0:False:10,15:202,109
> 1:False:8,11:202,107
> 2:False:8,14:202,107
> 3:True:9,11:202,108
> 4:False:10,15:202,109
> 5:False:10,16:202,109
satellite-optimal-old-noisy/100/satellite_noisy_p01_hyp-4_full_2.tar.bz2:0.452832937241:0.016794:0.46
> 0:False:10,15:202,108
> 1:False:8,11:202,106
> 2:False:8,14:202,106
> 3:True:9,11:202,107
> 4:False:10,15:202,108
> 5:False:10,16:202,108
satellite-optimal-old-noisy/100/satellite_noisy_p01_hyp-4_full_3.tar.bz2:0.450099945068:0.016382:0.46
> 0:False:10,15:201,109
> 1:False:8,11:201,107
> 2:False:8,14:201,107
> 3:True:9,11:201,108
> 4:False:10,15:201,109
> 5:False:10,15:201,109
satellite-optimal-old-noisy/100/satellite_noisy_p02_hyp-1_full_1.tar.bz2:0.416537046432:0.01397847:0.41
> 0:True:12,13:118,105
> 1:False:12,15:118,105
> 2:False:12,15:118,105
> 3:False:12,14:118,105
> 4:True:12,13:118,105
> 5:False:12,14:118,105
satellite-optimal-old-noisy/100/satellite_noisy_p02_hyp-1_full_2.tar.bz2:0.418895959854:0.01388585:0.42
> 0:True:12,13:118,103
> 1:False:12,16:118,103
> 2:False:12,16:118,103
> 3:False:12,14:118,103
> 4:True:12,13:118,103
> 5:False:12,15:118,103
satellite-optimal-old-noisy/100/satellite_noisy_p02_hyp-1_full_3.tar.bz2:0.41662812233:0.01355841:0.42
> 0:True:12,13:118,100
> 1:False:12,16:118,100
> 2:False:12,16:118,100
> 3:False:12,14:118,100
> 4:True:12,13:118,100
> 5:False:12,15:118,100
satellite-optimal-old-noisy/100/satellite_noisy_p02_hyp-2_full_1.tar.bz2:0.419282913208:0.01368851:0.42
> 0:False:12,16:118,100
> 1:True:12,13:118,100
> 2:False:12,15:118,100
> 3:False:12,14:118,100
> 4:False:12,15:118,100
> 5:True:12,13:118,100
satellite-optimal-old-noisy/100/satellite_noisy_p02_hyp-2_full_2.tar.bz2:0.418970108032:0.01346739:0.42
> 0:False:12,16:118,97
> 1:True:12,13:118,97
> 2:False:12,15:118,97
> 3:False:12,14:118,97
> 4:False:12,15:118,97
> 5:True:12,13:118,97
satellite-optimal-old-noisy/100/satellite_noisy_p02_hyp-2_full_3.tar.bz2:0.418750047684:0.01373067:0.42
> 0:False:12,16:118,97
> 1:True:12,13:118,97
> 2:False:12,15:118,97
> 3:False:12,14:118,97
> 4:False:12,15:118,97
> 5:True:12,13:118,97
satellite-optimal-old-noisy/100/satellite_noisy_p02_hyp-3_full_1.tar.bz2:0.417202949524:0.01357554:0.42
> 0:False:12,16:117,98
> 1:False:12,15:117,98
> 2:True:12,13:117,98
> 3:False:12,17:117,98
> 4:False:12,17:117,98
> 5:False:12,14:117,98
satellite-optimal-old-noisy/100/satellite_noisy_p02_hyp-3_full_2.tar.bz2:0.417674064636:0.01359316:0.42
> 0:False:12,16:118,100
> 1:False:12,15:118,100
> 2:True:12,13:118,100
> 3:False:12,17:118,100
> 4:False:12,17:118,100
> 5:False:12,14:118,100
satellite-optimal-old-noisy/100/satellite_noisy_p02_hyp-3_full_3.tar.bz2:0.416664838791:0.01347475:0.42
> 0:False:12,16:118,96
> 1:False:12,15:118,96
> 2:True:12,13:118,96
> 3:False:12,17:118,96
> 4:False:12,17:118,96
> 5:False:12,14:118,96
satellite-optimal-old-noisy/100/satellite_noisy_p02_hyp-4_full_1.tar.bz2:0.418627023697:0.01369169:0.42
> 0:False:12,14:117,101
> 1:False:12,14:117,101
> 2:False:12,16:117,101
> 3:True:12,13:117,101
> 4:True:12,13:117,101
> 5:False:12,15:117,101
satellite-optimal-old-noisy/100/satellite_noisy_p02_hyp-4_full_2.tar.bz2:0.417583942413:0.01368292:0.42
> 0:False:12,14:118,97
> 1:False:12,14:118,97
> 2:False:12,17:118,97
> 3:True:12,13:118,97
> 4:True:12,13:118,97
> 5:False:12,15:118,97
satellite-optimal-old-noisy/100/satellite_noisy_p02_hyp-4_full_3.tar.bz2:0.419851064682:0.01332075:0.41
> 0:False:12,14:117,95
> 1:False:12,14:117,95
> 2:False:12,17:117,95
> 3:True:12,13:117,95
> 4:True:12,13:117,95
> 5:False:12,15:117,95
satellite-optimal-old-noisy/100/satellite_noisy_p03_hyp-1_full_1.tar.bz2:0.394585847855:0.00874075:0.41
> 0:True:9,9:63,59
> 1:False:9,11:63,59
> 2:False:8,10:63,58
> 3:False:9,11:63,59
> 4:False:9,10:63,59
> 5:False:9,11:63,59
satellite-optimal-old-noisy/100/satellite_noisy_p03_hyp-1_full_2.tar.bz2:0.397714138031:0.00870247:0.39
> 0:True:9,9:63,59
> 1:False:9,11:63,59
> 2:False:8,10:63,58
> 3:False:9,11:63,59
> 4:False:9,10:63,59
> 5:False:9,11:63,59
satellite-optimal-old-noisy/100/satellite_noisy_p03_hyp-1_full_3.tar.bz2:0.396764039993:0.00876473:0.41
> 0:True:9,9:63,59
> 1:False:9,11:63,59
> 2:False:8,10:63,58
> 3:False:9,12:63,59
> 4:False:9,10:63,59
> 5:False:9,11:63,59
satellite-optimal-old-noisy/100/satellite_noisy_p03_hyp-2_full_1.tar.bz2:0.393765926361:0.00889246:0.39
> 0:False:9,11:63,62
> 1:True:9,9:63,62
> 2:False:8,12:63,61
> 3:False:9,10:63,62
> 4:False:9,12:63,62
> 5:True:9,9:63,62
satellite-optimal-old-noisy/100/satellite_noisy_p03_hyp-2_full_2.tar.bz2:0.395133018494:0.00887906:0.4
> 0:False:9,11:63,59
> 1:True:9,9:63,59
> 2:False:8,12:63,58
> 3:False:9,10:63,59
> 4:False:9,12:63,59
> 5:True:9,9:63,59
satellite-optimal-old-noisy/100/satellite_noisy_p03_hyp-2_full_3.tar.bz2:0.395969152451:0.00866975:0.39
> 0:False:9,10:62,57
> 1:True:9,9:62,57
> 2:False:8,11:62,56
> 3:False:9,10:62,57
> 4:False:9,11:62,57
> 5:True:9,9:62,57
satellite-optimal-old-noisy/100/satellite_noisy_p03_hyp-3_full_1.tar.bz2:0.395051002502:0.00888419:0.4
> 0:False:9,11:63,58
> 1:False:9,12:63,58
> 2:False:8,9:63,57
> 3:False:9,12:63,58
> 4:True:9,9:63,58
> 5:False:9,12:63,58
satellite-optimal-old-noisy/100/satellite_noisy_p03_hyp-3_full_2.tar.bz2:0.396473884583:0.00915883:0.41
> 0:False:9,10:63,61
> 1:False:9,11:63,61
> 2:False:8,9:63,60
> 3:False:9,11:63,61
> 4:True:9,9:63,61
> 5:False:9,11:63,61
satellite-optimal-old-noisy/100/satellite_noisy_p03_hyp-3_full_3.tar.bz2:0.395328998566:0.0090166:0.39
> 0:False:9,11:63,58
> 1:False:9,12:63,58
> 2:False:8,9:63,57
> 3:False:9,12:63,58
> 4:True:9,9:63,58
> 5:False:9,12:63,58
satellite-optimal-old-noisy/100/satellite_noisy_p03_hyp-4_full_1.tar.bz2:0.395746946335:0.00895494:0.4
> 0:False:9,12:64,59
> 1:False:9,11:64,59
> 2:False:8,12:64,58
> 3:True:9,10:64,59
> 4:False:9,12:64,59
> 5:False:9,11:64,59
satellite-optimal-old-noisy/100/satellite_noisy_p03_hyp-4_full_2.tar.bz2:0.393054962158:0.0088175:0.39
> 0:False:9,12:64,59
> 1:False:9,11:64,59
> 2:False:8,13:64,58
> 3:True:9,10:64,59
> 4:False:9,13:64,59
> 5:False:9,11:64,59
satellite-optimal-old-noisy/100/satellite_noisy_p03_hyp-4_full_3.tar.bz2:0.396102905273:0.00890847:0.4
> 0:False:9,12:64,58
> 1:False:9,11:64,58
> 2:False:8,13:64,57
> 3:True:9,10:64,58
> 4:False:9,13:64,58
> 5:False:9,11:64,58
