satellite-suboptimal-old-noisy/10/satellite_noisy_p01_hyp-1_10_1.tar.bz2:0.438082933426:0.01604536:0.44
> 0:False:5,9:200,30
> 1:False:4,8:198,26
> 2:True:5,8:200,30
> 3:False:5,9:200,30
> 4:False:5,9:200,30
> 5:True:5,8:200,30
satellite-suboptimal-old-noisy/10/satellite_noisy_p01_hyp-1_10_2.tar.bz2:0.44118309021:0.01642328:0.45
> 0:True:5,8:200,30
> 1:True:4,7:198,26
> 2:False:5,9:200,30
> 3:True:5,8:200,30
> 4:False:5,9:200,30
> 5:False:5,9:200,30
satellite-suboptimal-old-noisy/10/satellite_noisy_p01_hyp-1_10_3.tar.bz2:0.440656900406:0.01619722:0.44
> 0:True:5,7:200,30
> 1:True:4,6:198,26
> 2:False:5,9:200,30
> 3:True:5,7:200,30
> 4:True:5,7:200,30
> 5:True:5,7:200,30
satellite-suboptimal-old-noisy/10/satellite_noisy_p01_hyp-2_10_1.tar.bz2:0.438910961151:0.01620211:0.44
> 0:True:5,9:200,30
> 1:True:4,8:198,26
> 2:True:5,9:200,30
> 3:True:5,9:200,30
> 4:True:5,9:200,30
> 5:True:5,9:200,30
satellite-suboptimal-old-noisy/10/satellite_noisy_p01_hyp-2_10_2.tar.bz2:0.438723087311:0.01598994:0.43
> 0:False:5,8:200,30
> 1:True:4,6:198,26
> 2:False:5,8:200,30
> 3:True:5,7:200,30
> 4:False:5,8:200,30
> 5:False:5,8:200,30
satellite-suboptimal-old-noisy/10/satellite_noisy_p01_hyp-2_10_3.tar.bz2:0.439170122147:0.01598915:0.44
> 0:False:5,8:200,30
> 1:True:4,6:198,26
> 2:False:5,8:200,30
> 3:True:5,7:200,30
> 4:False:5,8:200,30
> 5:False:5,8:200,30
satellite-suboptimal-old-noisy/10/satellite_noisy_p01_hyp-3_10_1.tar.bz2:0.439838886261:0.0159392:0.44
> 0:False:5,7:199,29
> 1:True:4,5:197,25
> 2:True:5,6:199,29
> 3:True:5,6:199,29
> 4:False:5,7:199,29
> 5:True:5,6:199,29
satellite-suboptimal-old-noisy/10/satellite_noisy_p01_hyp-3_10_2.tar.bz2:0.439231157303:0.0161235:0.44
> 0:False:5,7:200,30
> 1:False:4,6:198,26
> 2:False:5,7:200,30
> 3:True:5,6:200,30
> 4:False:5,8:200,30
> 5:False:5,8:200,30
satellite-suboptimal-old-noisy/10/satellite_noisy_p01_hyp-3_10_3.tar.bz2:0.4373691082:0.01605862:0.44
> 0:False:5,8:200,30
> 1:False:4,7:198,26
> 2:True:5,7:200,30
> 3:False:5,8:200,30
> 4:False:5,8:200,30
> 5:True:5,7:200,30
satellite-suboptimal-old-noisy/10/satellite_noisy_p01_hyp-4_10_1.tar.bz2:0.43824005127:0.01573293:0.44
> 0:False:5,8:200,30
> 1:True:4,6:198,26
> 2:False:5,9:200,30
> 3:True:5,7:200,30
> 4:False:5,8:200,30
> 5:False:5,8:200,30
satellite-suboptimal-old-noisy/10/satellite_noisy_p01_hyp-4_10_2.tar.bz2:0.440895795822:0.01613655:0.44
> 0:False:5,9:200,30
> 1:True:4,6:198,26
> 2:False:5,9:200,30
> 3:True:5,7:200,30
> 4:False:5,8:200,30
> 5:False:5,9:200,30
satellite-suboptimal-old-noisy/10/satellite_noisy_p01_hyp-4_10_3.tar.bz2:0.440530061722:0.01615929:0.44
> 0:True:5,7:200,30
> 1:True:4,6:198,26
> 2:False:5,9:200,30
> 3:True:5,7:200,30
> 4:False:5,8:200,30
> 5:True:5,7:200,30
satellite-suboptimal-old-noisy/10/satellite_noisy_p02_hyp-1_10_1.tar.bz2:0.400516033173:0.00729547:0.4
> 0:True:5,6:114,24
> 1:False:5,7:114,24
> 2:False:5,8:114,24
> 3:True:5,6:114,24
> 4:True:5,6:114,24
> 5:False:5,7:114,24
satellite-suboptimal-old-noisy/10/satellite_noisy_p02_hyp-1_10_2.tar.bz2:0.400622844696:0.0073782:0.4
> 0:True:5,8:114,24
> 1:True:5,8:114,24
> 2:True:5,8:114,24
> 3:True:5,8:114,24
> 4:True:5,8:114,24
> 5:True:5,8:114,24
satellite-suboptimal-old-noisy/10/satellite_noisy_p02_hyp-1_10_3.tar.bz2:0.401506185532:0.00741181:0.4
> 0:False:5,8:114,24
> 1:True:5,7:114,24
> 2:True:5,7:114,24
> 3:False:5,8:114,24
> 4:False:5,8:114,24
> 5:True:5,7:114,24
satellite-suboptimal-old-noisy/10/satellite_noisy_p02_hyp-2_10_1.tar.bz2:0.402500867844:0.00754642:0.4
> 0:False:5,7:114,24
> 1:True:5,6:114,24
> 2:False:5,8:114,24
> 3:True:5,6:114,24
> 4:True:5,6:114,24
> 5:False:5,7:114,24
satellite-suboptimal-old-noisy/10/satellite_noisy_p02_hyp-2_10_2.tar.bz2:0.400902986526:0.00710949:0.4
> 0:True:5,8:114,24
> 1:True:5,8:114,24
> 2:True:5,8:114,24
> 3:True:5,8:114,24
> 4:True:5,8:114,24
> 5:True:5,8:114,24
satellite-suboptimal-old-noisy/10/satellite_noisy_p02_hyp-2_10_3.tar.bz2:0.399875879288:0.00721198:0.4
> 0:False:5,8:114,24
> 1:True:5,6:114,24
> 2:True:5,6:114,24
> 3:False:5,8:114,24
> 4:False:5,8:114,24
> 5:True:5,6:114,24
satellite-suboptimal-old-noisy/10/satellite_noisy_p02_hyp-3_10_1.tar.bz2:0.401927947998:0.00727087:0.4
> 0:True:5,7:114,24
> 1:True:5,7:114,24
> 2:False:5,8:114,24
> 3:True:5,7:114,24
> 4:True:5,7:114,24
> 5:True:5,7:114,24
satellite-suboptimal-old-noisy/10/satellite_noisy_p02_hyp-3_10_2.tar.bz2:0.40200304985:0.00723888:0.4
> 0:False:5,8:114,24
> 1:False:5,8:114,24
> 2:True:5,7:114,24
> 3:False:5,8:114,24
> 4:False:5,8:114,24
> 5:False:5,8:114,24
satellite-suboptimal-old-noisy/10/satellite_noisy_p02_hyp-3_10_3.tar.bz2:0.401787996292:0.00731097:0.41
> 0:True:5,7:114,24
> 1:False:5,8:114,24
> 2:True:5,7:114,24
> 3:True:5,7:114,24
> 4:True:5,7:114,24
> 5:False:5,8:114,24
satellite-suboptimal-old-noisy/10/satellite_noisy_p02_hyp-4_10_1.tar.bz2:0.402864933014:0.00748337:0.4
> 0:True:5,8:114,24
> 1:True:5,8:114,24
> 2:True:5,8:114,24
> 3:True:5,8:114,24
> 4:True:5,8:114,24
> 5:True:5,8:114,24
satellite-suboptimal-old-noisy/10/satellite_noisy_p02_hyp-4_10_2.tar.bz2:0.402668952942:0.00741303:0.41
> 0:False:5,8:114,24
> 1:True:5,7:114,24
> 2:True:5,7:114,24
> 3:False:5,8:114,24
> 4:False:5,8:114,24
> 5:True:5,7:114,24
satellite-suboptimal-old-noisy/10/satellite_noisy_p02_hyp-4_10_3.tar.bz2:0.40145111084:0.00724821:0.4
> 0:True:5,8:114,24
> 1:True:5,8:114,24
> 2:True:5,8:114,24
> 3:True:5,8:114,24
> 4:True:5,8:114,24
> 5:True:5,8:114,24
satellite-suboptimal-old-noisy/10/satellite_noisy_p03_hyp-1_10_1.tar.bz2:0.389823913574:0.01390781:0.39
> 0:True:4,6:57,20
> 1:False:4,7:57,20
> 2:False:3,7:57,20
> 3:True:4,6:57,20
> 4:False:4,7:57,20
> 5:False:3,7:57,20
satellite-suboptimal-old-noisy/10/satellite_noisy_p03_hyp-1_10_2.tar.bz2:0.391954898834:0.01410201:0.39
> 0:False:4,7:58,21
> 1:True:4,6:58,21
> 2:False:3,7:58,21
> 3:False:4,7:58,21
> 4:True:4,6:58,21
> 5:False:3,7:58,21
satellite-suboptimal-old-noisy/10/satellite_noisy_p03_hyp-1_10_3.tar.bz2:0.3909740448:0.01415948:0.4
> 0:True:4,6:58,21
> 1:False:4,7:58,21
> 2:True:3,5:58,21
> 3:False:4,7:58,21
> 4:True:4,6:58,21
> 5:False:3,6:58,21
satellite-suboptimal-old-noisy/10/satellite_noisy_p03_hyp-2_10_1.tar.bz2:0.391433000565:0.01446601:0.38
> 0:False:4,6:57,20
> 1:True:4,5:57,20
> 2:False:3,6:57,20
> 3:False:4,6:57,20
> 4:False:4,6:57,20
> 5:False:3,5:57,20
satellite-suboptimal-old-noisy/10/satellite_noisy_p03_hyp-2_10_2.tar.bz2:0.389779806137:0.014072:0.39
> 0:False:4,8:58,21
> 1:True:4,7:58,21
> 2:False:3,7:58,21
> 3:True:4,7:58,21
> 4:False:4,8:58,21
> 5:True:3,6:58,21
satellite-suboptimal-old-noisy/10/satellite_noisy_p03_hyp-2_10_3.tar.bz2:0.391738176346:0.01402969:0.4
> 0:True:4,8:58,21
> 1:True:4,8:58,21
> 2:True:3,7:58,21
> 3:True:4,8:58,21
> 4:True:4,8:58,21
> 5:True:3,7:58,21
satellite-suboptimal-old-noisy/10/satellite_noisy_p03_hyp-3_10_1.tar.bz2:0.391676902771:0.01435627:0.39
> 0:False:4,8:58,21
> 1:False:4,8:58,21
> 2:True:3,6:58,21
> 3:True:4,7:58,21
> 4:True:4,7:58,21
> 5:False:3,7:58,21
satellite-suboptimal-old-noisy/10/satellite_noisy_p03_hyp-3_10_2.tar.bz2:0.390894174576:0.01411329:0.39
> 0:True:4,7:58,21
> 1:False:4,8:58,21
> 2:False:3,7:58,21
> 3:False:4,8:58,21
> 4:True:4,7:58,21
> 5:False:3,8:58,21
satellite-suboptimal-old-noisy/10/satellite_noisy_p03_hyp-3_10_3.tar.bz2:0.391860961914:0.01429841:0.39
> 0:True:4,8:58,21
> 1:False:4,9:58,21
> 2:True:3,7:58,21
> 3:False:4,9:58,21
> 4:True:4,8:58,21
> 5:False:3,8:58,21
satellite-suboptimal-old-noisy/10/satellite_noisy_p03_hyp-4_10_1.tar.bz2:0.393239021301:0.01432495:0.39
> 0:True:4,9:58,21
> 1:True:4,9:58,21
> 2:True:3,8:58,21
> 3:True:4,9:58,21
> 4:True:4,9:58,21
> 5:True:3,8:58,21
satellite-suboptimal-old-noisy/10/satellite_noisy_p03_hyp-4_10_2.tar.bz2:0.390813112259:0.01401862:0.4
> 0:True:4,8:58,21
> 1:False:4,9:58,21
> 2:False:3,8:58,21
> 3:True:4,8:58,21
> 4:False:4,9:58,21
> 5:False:3,8:58,21
satellite-suboptimal-old-noisy/10/satellite_noisy_p03_hyp-4_10_3.tar.bz2:0.391241073608:0.01424407:0.38
> 0:False:4,6:57,20
> 1:False:4,5:57,20
> 2:False:3,4:57,20
> 3:True:4,4:57,20
> 4:False:4,5:57,20
> 5:False:3,4:57,20
satellite-suboptimal-old-noisy/30/satellite_noisy_p01_hyp-1_30_1.tar.bz2:0.441274881363:0.0163738:0.44
> 0:True:5,10:202,32
> 1:True:4,9:200,28
> 2:False:5,11:202,32
> 3:True:5,10:202,32
> 4:True:5,10:202,32
> 5:True:5,10:202,32
satellite-suboptimal-old-noisy/30/satellite_noisy_p01_hyp-1_30_2.tar.bz2:0.440557956696:0.01626081:0.45
> 0:True:5,8:201,31
> 1:False:4,8:199,27
> 2:False:5,9:201,31
> 3:True:5,8:201,31
> 4:False:5,9:201,31
> 5:False:5,9:201,31
satellite-suboptimal-old-noisy/30/satellite_noisy_p01_hyp-1_30_3.tar.bz2:0.43804693222:0.01601943:0.44
> 0:True:5,8:202,32
> 1:False:4,9:200,28
> 2:False:5,10:202,32
> 3:False:5,10:202,32
> 4:False:5,10:202,32
> 5:False:5,10:202,32
satellite-suboptimal-old-noisy/30/satellite_noisy_p01_hyp-2_30_1.tar.bz2:0.438718080521:0.01615999:0.44
> 0:False:5,10:202,32
> 1:True:4,7:200,28
> 2:False:5,10:202,32
> 3:True:5,8:202,32
> 4:False:5,9:202,32
> 5:False:5,10:202,32
satellite-suboptimal-old-noisy/30/satellite_noisy_p01_hyp-2_30_2.tar.bz2:0.440100908279:0.01604561:0.44
> 0:False:5,11:201,31
> 1:False:4,9:199,27
> 2:False:5,10:201,31
> 3:False:5,10:201,31
> 4:True:5,9:201,31
> 5:False:5,11:201,31
satellite-suboptimal-old-noisy/30/satellite_noisy_p01_hyp-2_30_3.tar.bz2:0.439208984375:0.01615047:0.44
> 0:False:5,10:202,32
> 1:True:4,8:200,28
> 2:False:5,10:202,32
> 3:True:5,9:202,32
> 4:True:5,9:202,32
> 5:False:5,10:202,32
satellite-suboptimal-old-noisy/30/satellite_noisy_p01_hyp-3_30_1.tar.bz2:0.439494848251:0.01646333:0.44
> 0:False:5,10:202,32
> 1:False:4,10:200,28
> 2:True:5,9:202,32
> 3:False:5,10:202,32
> 4:False:5,10:202,32
> 5:False:5,10:202,32
satellite-suboptimal-old-noisy/30/satellite_noisy_p01_hyp-3_30_2.tar.bz2:0.436573028564:0.01614132:0.44
> 0:False:5,11:202,32
> 1:False:4,9:200,28
> 2:True:5,9:202,32
> 3:False:5,10:202,32
> 4:False:5,10:202,32
> 5:False:5,11:202,32
satellite-suboptimal-old-noisy/30/satellite_noisy_p01_hyp-3_30_3.tar.bz2:0.438045024872:0.01646156:0.44
> 0:False:5,9:202,32
> 1:False:4,9:200,28
> 2:True:5,8:202,32
> 3:False:5,9:202,32
> 4:False:5,10:202,32
> 5:False:5,9:202,32
satellite-suboptimal-old-noisy/30/satellite_noisy_p01_hyp-4_30_1.tar.bz2:0.436302900314:0.01596443:0.44
> 0:True:5,10:202,32
> 1:False:4,10:200,28
> 2:False:5,11:202,32
> 3:False:5,11:202,32
> 4:False:5,11:202,32
> 5:True:5,10:202,32
satellite-suboptimal-old-noisy/30/satellite_noisy_p01_hyp-4_30_2.tar.bz2:0.440542936325:0.0162311:0.44
> 0:True:5,9:202,32
> 1:True:4,8:200,28
> 2:False:5,10:202,32
> 3:True:5,9:202,32
> 4:True:5,9:202,32
> 5:True:5,9:202,32
satellite-suboptimal-old-noisy/30/satellite_noisy_p01_hyp-4_30_3.tar.bz2:0.437897205353:0.01651415:0.44
> 0:False:5,9:202,32
> 1:False:4,8:200,28
> 2:True:5,8:202,32
> 3:True:5,8:202,32
> 4:False:5,10:202,32
> 5:False:5,9:202,32
satellite-suboptimal-old-noisy/30/satellite_noisy_p02_hyp-1_30_1.tar.bz2:0.401026010513:0.00722654:0.41
> 0:True:5,9:117,27
> 1:False:5,10:117,27
> 2:False:5,11:117,27
> 3:True:5,9:117,27
> 4:True:5,9:117,27
> 5:False:5,10:117,27
satellite-suboptimal-old-noisy/30/satellite_noisy_p02_hyp-1_30_2.tar.bz2:0.402043104172:0.00747515:0.4
> 0:True:5,9:117,27
> 1:False:5,10:117,27
> 2:False:5,11:117,27
> 3:False:5,10:117,27
> 4:True:5,9:117,27
> 5:False:5,10:117,27
satellite-suboptimal-old-noisy/30/satellite_noisy_p02_hyp-1_30_3.tar.bz2:0.40133690834:0.00747946:0.41
> 0:True:5,9:117,27
> 1:False:5,10:117,27
> 2:False:5,11:117,27
> 3:False:5,10:117,27
> 4:True:5,9:117,27
> 5:False:5,10:117,27
satellite-suboptimal-old-noisy/30/satellite_noisy_p02_hyp-2_30_1.tar.bz2:0.402895927429:0.00719509:0.4
> 0:True:5,10:117,27
> 1:True:5,10:117,27
> 2:False:5,11:117,27
> 3:True:5,10:117,27
> 4:True:5,10:117,27
> 5:True:5,10:117,27
satellite-suboptimal-old-noisy/30/satellite_noisy_p02_hyp-2_30_2.tar.bz2:0.403069972992:0.00750753:0.41
> 0:False:5,10:117,27
> 1:True:5,9:117,27
> 2:False:5,11:117,27
> 3:True:5,9:117,27
> 4:False:5,10:117,27
> 5:True:5,9:117,27
satellite-suboptimal-old-noisy/30/satellite_noisy_p02_hyp-2_30_3.tar.bz2:0.401004076004:0.00764157:0.4
> 0:False:5,10:117,27
> 1:True:5,9:117,27
> 2:False:5,11:117,27
> 3:True:5,9:117,27
> 4:False:5,10:117,27
> 5:True:5,9:117,27
satellite-suboptimal-old-noisy/30/satellite_noisy_p02_hyp-3_30_1.tar.bz2:0.402257919312:0.00759241:0.4
> 0:False:5,10:117,27
> 1:False:5,10:117,27
> 2:True:5,8:117,27
> 3:False:5,11:117,27
> 4:False:5,11:117,27
> 5:False:5,9:117,27
satellite-suboptimal-old-noisy/30/satellite_noisy_p02_hyp-3_30_2.tar.bz2:0.402261972427:0.00742484:0.4
> 0:False:5,11:117,27
> 1:False:5,10:117,27
> 2:True:5,8:117,27
> 3:False:5,11:117,27
> 4:False:5,11:117,27
> 5:False:5,10:117,27
satellite-suboptimal-old-noisy/30/satellite_noisy_p02_hyp-3_30_3.tar.bz2:0.400999069214:0.00751793:0.4
> 0:False:5,10:117,27
> 1:False:5,10:117,27
> 2:True:5,7:117,27
> 3:False:5,11:117,27
> 4:False:5,11:117,27
> 5:False:5,9:117,27
satellite-suboptimal-old-noisy/30/satellite_noisy_p02_hyp-4_30_1.tar.bz2:0.401986122131:0.00732623:0.4
> 0:True:5,11:117,27
> 1:True:5,11:117,27
> 2:True:5,11:117,27
> 3:True:5,11:117,27
> 4:True:5,11:117,27
> 5:True:5,11:117,27
satellite-suboptimal-old-noisy/30/satellite_noisy_p02_hyp-4_30_2.tar.bz2:0.403190135956:0.00730538:0.4
> 0:False:5,10:117,27
> 1:True:5,9:117,27
> 2:False:5,11:117,27
> 3:True:5,9:117,27
> 4:False:5,10:117,27
> 5:True:5,9:117,27
satellite-suboptimal-old-noisy/30/satellite_noisy_p02_hyp-4_30_3.tar.bz2:0.402882099152:0.00745946:0.41
> 0:True:5,10:117,27
> 1:False:5,11:117,27
> 2:False:5,11:117,27
> 3:True:5,10:117,27
> 4:True:5,10:117,27
> 5:False:5,11:117,27
satellite-suboptimal-old-noisy/30/satellite_noisy_p03_hyp-1_30_1.tar.bz2:0.388906002045:0.01408497:0.39
> 0:True:4,7:60,23
> 1:False:4,9:60,23
> 2:False:3,8:60,23
> 3:False:4,8:60,23
> 4:False:4,9:60,23
> 5:False:3,8:60,23
satellite-suboptimal-old-noisy/30/satellite_noisy_p03_hyp-1_30_2.tar.bz2:0.392218112946:0.01442402:0.39
> 0:True:4,7:60,23
> 1:False:4,9:60,23
> 2:False:3,8:60,23
> 3:False:4,8:60,23
> 4:False:4,9:60,23
> 5:False:3,8:60,23
satellite-suboptimal-old-noisy/30/satellite_noisy_p03_hyp-1_30_3.tar.bz2:0.391390800476:0.01428849:0.39
> 0:True:4,9:59,22
> 1:True:4,9:59,22
> 2:True:3,8:59,22
> 3:False:4,10:59,22
> 4:True:4,9:59,22
> 5:True:3,8:59,22
satellite-suboptimal-old-noisy/30/satellite_noisy_p03_hyp-2_30_1.tar.bz2:0.392142057419:0.01417216:0.4
> 0:False:4,10:60,23
> 1:False:4,10:60,23
> 2:False:3,10:60,23
> 3:True:4,9:60,23
> 4:False:4,11:60,23
> 5:False:3,9:60,23
satellite-suboptimal-old-noisy/30/satellite_noisy_p03_hyp-2_30_2.tar.bz2:0.391664981842:0.01402608:0.39
> 0:True:4,9:60,23
> 1:False:4,10:60,23
> 2:False:3,10:60,23
> 3:True:4,9:60,23
> 4:False:4,10:60,23
> 5:False:3,10:60,23
satellite-suboptimal-old-noisy/30/satellite_noisy_p03_hyp-2_30_3.tar.bz2:0.39222407341:0.01421758:0.39
> 0:True:4,8:60,23
> 1:True:4,8:60,23
> 2:False:3,9:60,23
> 3:True:4,8:60,23
> 4:False:4,9:60,23
> 5:False:3,8:60,23
satellite-suboptimal-old-noisy/30/satellite_noisy_p03_hyp-3_30_1.tar.bz2:0.39158987999:0.01407363:0.39
> 0:True:4,11:60,23
> 1:True:4,11:60,23
> 2:True:3,10:60,23
> 3:True:4,11:60,23
> 4:True:4,11:60,23
> 5:True:3,10:60,23
satellite-suboptimal-old-noisy/30/satellite_noisy_p03_hyp-3_30_2.tar.bz2:0.392489910126:0.01429669:0.39
> 0:True:4,10:60,23
> 1:False:4,11:60,23
> 2:True:3,9:60,23
> 3:False:4,11:60,23
> 4:True:4,10:60,23
> 5:False:3,10:60,23
satellite-suboptimal-old-noisy/30/satellite_noisy_p03_hyp-3_30_3.tar.bz2:0.392181158066:0.01438834:0.39
> 0:True:4,8:60,23
> 1:False:4,9:60,23
> 2:False:3,9:60,23
> 3:False:4,9:60,23
> 4:False:4,9:60,23
> 5:False:3,9:60,23
satellite-suboptimal-old-noisy/30/satellite_noisy_p03_hyp-4_30_1.tar.bz2:0.391274929047:0.01415658:0.4
> 0:True:4,10:60,23
> 1:False:4,11:60,23
> 2:False:3,11:60,23
> 3:True:4,10:60,23
> 4:False:4,11:60,23
> 5:False:3,11:60,23
satellite-suboptimal-old-noisy/30/satellite_noisy_p03_hyp-4_30_2.tar.bz2:0.39117193222:0.01408167:0.4
> 0:False:4,8:59,22
> 1:False:4,8:59,22
> 2:False:3,9:59,22
> 3:True:4,7:59,22
> 4:False:4,10:59,22
> 5:False:3,7:59,22
satellite-suboptimal-old-noisy/30/satellite_noisy_p03_hyp-4_30_3.tar.bz2:0.390648126602:0.01390887:0.39
> 0:False:4,9:60,23
> 1:True:4,8:60,23
> 2:False:3,9:60,23
> 3:True:4,8:60,23
> 4:False:4,10:60,23
> 5:True:3,7:60,23
satellite-suboptimal-old-noisy/50/satellite_noisy_p01_hyp-1_50_1.tar.bz2:0.4407351017:0.0166047:0.44
> 0:True:5,12:204,34
> 1:False:4,13:202,30
> 2:False:5,13:204,34
> 3:False:5,13:204,34
> 4:False:5,13:204,34
> 5:False:5,14:204,34
satellite-suboptimal-old-noisy/50/satellite_noisy_p01_hyp-1_50_2.tar.bz2:0.440131187439:0.01649823:0.45
> 0:True:5,12:205,35
> 1:False:4,13:203,31
> 2:False:5,14:205,35
> 3:False:5,13:205,35
> 4:False:5,15:205,35
> 5:False:5,15:205,35
satellite-suboptimal-old-noisy/50/satellite_noisy_p01_hyp-1_50_3.tar.bz2:0.440074920654:0.01662252:0.44
> 0:True:5,11:203,33
> 1:False:4,12:201,29
> 2:False:5,12:203,33
> 3:False:5,12:203,33
> 4:False:5,13:203,33
> 5:False:5,13:203,33
satellite-suboptimal-old-noisy/50/satellite_noisy_p01_hyp-2_50_1.tar.bz2:0.440951824188:0.01680591:0.44
> 0:False:5,13:205,35
> 1:True:4,9:203,31
> 2:False:5,12:205,35
> 3:True:5,10:205,35
> 4:False:5,12:205,35
> 5:False:5,12:205,35
satellite-suboptimal-old-noisy/50/satellite_noisy_p01_hyp-2_50_2.tar.bz2:0.440911054611:0.01664816:0.45
> 0:False:5,11:203,33
> 1:True:4,8:201,29
> 2:False:5,10:203,33
> 3:True:5,9:203,33
> 4:False:5,11:203,33
> 5:False:5,11:203,33
satellite-suboptimal-old-noisy/50/satellite_noisy_p01_hyp-2_50_3.tar.bz2:0.439879894257:0.01637511:0.43
> 0:False:5,13:205,35
> 1:True:4,10:203,31
> 2:False:5,12:205,35
> 3:True:5,11:205,35
> 4:False:5,12:205,35
> 5:False:5,13:205,35
satellite-suboptimal-old-noisy/50/satellite_noisy_p01_hyp-3_50_1.tar.bz2:0.438960075378:0.01641864:0.44
> 0:False:5,14:205,35
> 1:False:4,13:203,31
> 2:True:5,12:205,35
> 3:False:5,14:205,35
> 4:True:5,12:205,35
> 5:False:5,13:205,35
satellite-suboptimal-old-noisy/50/satellite_noisy_p01_hyp-3_50_2.tar.bz2:0.440123796463:0.01668167:0.45
> 0:False:5,13:205,35
> 1:False:4,13:203,31
> 2:True:5,11:205,35
> 3:False:5,13:205,35
> 4:False:5,13:205,35
> 5:False:5,12:205,35
satellite-suboptimal-old-noisy/50/satellite_noisy_p01_hyp-3_50_3.tar.bz2:0.440228939056:0.01648446:0.44
> 0:False:5,14:204,34
> 1:False:4,14:202,30
> 2:True:5,12:204,34
> 3:False:5,14:204,34
> 4:False:5,14:204,34
> 5:False:5,14:204,34
satellite-suboptimal-old-noisy/50/satellite_noisy_p01_hyp-4_50_1.tar.bz2:0.440081834793:0.01651396:0.44
> 0:False:5,13:206,36
> 1:False:4,11:204,32
> 2:False:5,12:206,36
> 3:True:5,11:206,36
> 4:False:5,14:206,36
> 5:False:5,14:206,36
satellite-suboptimal-old-noisy/50/satellite_noisy_p01_hyp-4_50_2.tar.bz2:0.441410064697:0.01631668:0.45
> 0:False:5,14:205,35
> 1:True:4,11:203,31
> 2:False:5,15:205,35
> 3:True:5,12:205,35
> 4:False:5,13:205,35
> 5:False:5,14:205,35
satellite-suboptimal-old-noisy/50/satellite_noisy_p01_hyp-4_50_3.tar.bz2:0.440861940384:0.0166101:0.43
> 0:False:5,15:206,36
> 1:False:4,13:204,32
> 2:False:5,15:206,36
> 3:True:5,13:206,36
> 4:False:5,15:206,36
> 5:False:5,16:206,36
satellite-suboptimal-old-noisy/50/satellite_noisy_p02_hyp-1_50_1.tar.bz2:0.402302026749:0.00761726:0.39
> 0:True:5,11:121,31
> 1:False:5,13:121,31
> 2:False:5,14:121,31
> 3:False:5,12:121,31
> 4:False:5,12:121,31
> 5:False:5,12:121,31
satellite-suboptimal-old-noisy/50/satellite_noisy_p02_hyp-1_50_2.tar.bz2:0.400598049164:0.00751273:0.39
> 0:True:5,11:121,31
> 1:False:5,14:121,31
> 2:False:5,14:121,31
> 3:False:5,13:121,31
> 4:False:5,12:121,31
> 5:False:5,13:121,31
satellite-suboptimal-old-noisy/50/satellite_noisy_p02_hyp-1_50_3.tar.bz2:0.400610923767:0.00746182:0.4
> 0:True:5,11:121,31
> 1:False:5,14:121,31
> 2:False:5,14:121,31
> 3:False:5,13:121,31
> 4:False:5,12:121,31
> 5:False:5,13:121,31
satellite-suboptimal-old-noisy/50/satellite_noisy_p02_hyp-2_50_1.tar.bz2:0.400792121887:0.00754902:0.4
> 0:False:5,15:120,30
> 1:True:5,13:120,30
> 2:False:5,14:120,30
> 3:False:5,14:120,30
> 4:False:5,14:120,30
> 5:False:5,14:120,30
satellite-suboptimal-old-noisy/50/satellite_noisy_p02_hyp-2_50_2.tar.bz2:0.402954101562:0.00747623:0.4
> 0:False:5,15:121,31
> 1:True:5,13:121,31
> 2:False:5,14:121,31
> 3:False:5,14:121,31
> 4:False:5,15:121,31
> 5:True:5,13:121,31
satellite-suboptimal-old-noisy/50/satellite_noisy_p02_hyp-2_50_3.tar.bz2:0.400568008423:0.00724823:0.4
> 0:False:5,14:121,31
> 1:True:5,12:121,31
> 2:False:5,14:121,31
> 3:False:5,13:121,31
> 4:False:5,13:121,31
> 5:False:5,13:121,31
satellite-suboptimal-old-noisy/50/satellite_noisy_p02_hyp-3_50_1.tar.bz2:0.401815891266:0.00748459:0.4
> 0:False:5,15:120,30
> 1:False:5,14:120,30
> 2:True:5,12:120,30
> 3:False:5,15:120,30
> 4:False:5,15:120,30
> 5:False:5,14:120,30
satellite-suboptimal-old-noisy/50/satellite_noisy_p02_hyp-3_50_2.tar.bz2:0.402889966965:0.00743014:0.41
> 0:False:5,15:121,31
> 1:False:5,13:121,31
> 2:True:5,12:121,31
> 3:False:5,15:121,31
> 4:False:5,15:121,31
> 5:False:5,13:121,31
satellite-suboptimal-old-noisy/50/satellite_noisy_p02_hyp-3_50_3.tar.bz2:0.403314828873:0.00754455:0.4
> 0:False:5,15:121,31
> 1:False:5,14:121,31
> 2:True:5,12:121,31
> 3:False:5,15:121,31
> 4:False:5,15:121,31
> 5:False:5,14:121,31
satellite-suboptimal-old-noisy/50/satellite_noisy_p02_hyp-4_50_1.tar.bz2:0.401720046997:0.00770233:0.4
> 0:False:5,12:121,31
> 1:False:5,11:121,31
> 2:False:5,14:121,31
> 3:True:5,10:121,31
> 4:False:5,11:121,31
> 5:False:5,12:121,31
satellite-suboptimal-old-noisy/50/satellite_noisy_p02_hyp-4_50_2.tar.bz2:0.401982069016:0.00736639:0.4
> 0:False:5,14:121,31
> 1:False:5,13:121,31
> 2:False:5,15:121,31
> 3:True:5,12:121,31
> 4:False:5,13:121,31
> 5:False:5,14:121,31
satellite-suboptimal-old-noisy/50/satellite_noisy_p02_hyp-4_50_3.tar.bz2:0.401947975159:0.00763691:0.4
> 0:False:5,13:121,31
> 1:False:5,14:121,31
> 2:False:5,15:121,31
> 3:True:5,12:121,31
> 4:False:5,13:121,31
> 5:False:5,14:121,31
satellite-suboptimal-old-noisy/50/satellite_noisy_p03_hyp-1_50_1.tar.bz2:0.389636039734:0.01399516:0.39
> 0:True:4,11:63,26
> 1:False:4,12:63,26
> 2:False:3,12:63,26
> 3:False:4,12:63,26
> 4:False:4,12:63,26
> 5:False:3,12:63,26
satellite-suboptimal-old-noisy/50/satellite_noisy_p03_hyp-1_50_2.tar.bz2:0.391412973404:0.01412708:0.4
> 0:True:4,12:63,26
> 1:False:4,13:63,26
> 2:False:3,13:63,26
> 3:False:4,13:63,26
> 4:False:4,14:63,26
> 5:False:3,12:63,26
satellite-suboptimal-old-noisy/50/satellite_noisy_p03_hyp-1_50_3.tar.bz2:0.389980077744:0.01405658:0.39
> 0:True:4,12:62,25
> 1:True:4,12:62,25
> 2:False:3,13:62,25
> 3:False:4,13:62,25
> 4:True:4,12:62,25
> 5:False:3,13:62,25
satellite-suboptimal-old-noisy/50/satellite_noisy_p03_hyp-2_50_1.tar.bz2:0.389232873917:0.01408337:0.39
> 0:True:4,10:63,26
> 1:True:4,10:63,26
> 2:False:3,11:63,26
> 3:True:4,10:63,26
> 4:False:4,12:63,26
> 5:True:3,9:63,26
satellite-suboptimal-old-noisy/50/satellite_noisy_p03_hyp-2_50_2.tar.bz2:0.392400026321:0.01423803:0.39
> 0:False:4,13:63,26
> 1:True:4,12:63,26
> 2:False:3,12:63,26
> 3:False:4,13:63,26
> 4:False:4,13:63,26
> 5:True:3,11:63,26
satellite-suboptimal-old-noisy/50/satellite_noisy_p03_hyp-2_50_3.tar.bz2:0.39063000679:0.01393076:0.39
> 0:False:4,12:63,26
> 1:True:4,11:63,26
> 2:False:3,12:63,26
> 3:False:4,13:63,26
> 4:False:4,12:63,26
> 5:False:3,11:63,26
satellite-suboptimal-old-noisy/50/satellite_noisy_p03_hyp-3_50_1.tar.bz2:0.390434980392:0.01425724:0.4
> 0:False:4,14:63,26
> 1:False:4,14:63,26
> 2:True:3,12:63,26
> 3:False:4,14:63,26
> 4:True:4,13:63,26
> 5:False:3,13:63,26
satellite-suboptimal-old-noisy/50/satellite_noisy_p03_hyp-3_50_2.tar.bz2:0.392351150513:0.01425187:0.4
> 0:True:4,12:63,26
> 1:False:4,14:63,26
> 2:True:3,11:63,26
> 3:False:4,13:63,26
> 4:True:4,12:63,26
> 5:False:3,13:63,26
satellite-suboptimal-old-noisy/50/satellite_noisy_p03_hyp-3_50_3.tar.bz2:0.392136096954:0.01440803:0.39
> 0:True:4,10:63,26
> 1:False:4,12:63,26
> 2:False:3,10:63,26
> 3:False:4,11:63,26
> 4:True:4,10:63,26
> 5:False:3,12:63,26
satellite-suboptimal-old-noisy/50/satellite_noisy_p03_hyp-4_50_1.tar.bz2:0.392045021057:0.01424757:0.4
> 0:False:4,11:63,26
> 1:False:4,11:63,26
> 2:False:3,11:63,26
> 3:True:4,10:63,26
> 4:False:4,11:63,26
> 5:False:3,11:63,26
satellite-suboptimal-old-noisy/50/satellite_noisy_p03_hyp-4_50_2.tar.bz2:0.391827106476:0.01434541:0.4
> 0:False:4,13:63,26
> 1:False:4,14:63,26
> 2:False:3,13:63,26
> 3:True:4,12:63,26
> 4:False:4,13:63,26
> 5:False:3,14:63,26
satellite-suboptimal-old-noisy/50/satellite_noisy_p03_hyp-4_50_3.tar.bz2:0.391408920288:0.01438002:0.39
> 0:False:4,12:63,26
> 1:True:4,11:63,26
> 2:False:3,13:63,26
> 3:True:4,11:63,26
> 4:False:4,13:63,26
> 5:False:3,11:63,26
satellite-suboptimal-old-noisy/70/satellite_noisy_p01_hyp-1_70_1.tar.bz2:0.442245960236:0.01676114:0.44
> 0:True:5,13:208,38
> 1:False:4,15:206,34
> 2:False:5,17:208,38
> 3:False:5,16:208,38
> 4:False:5,16:208,38
> 5:False:5,15:208,38
satellite-suboptimal-old-noisy/70/satellite_noisy_p01_hyp-1_70_2.tar.bz2:0.441697835922:0.01671545:0.44
> 0:True:5,13:208,38
> 1:False:4,15:206,34
> 2:False:5,17:208,38
> 3:False:5,16:208,38
> 4:False:5,16:208,38
> 5:False:5,15:208,38
satellite-suboptimal-old-noisy/70/satellite_noisy_p01_hyp-1_70_3.tar.bz2:0.440293073654:0.01625303:0.43
> 0:True:5,10:206,36
> 1:False:4,13:204,32
> 2:False:5,13:206,36
> 3:False:5,13:206,36
> 4:False:5,14:206,36
> 5:False:5,13:206,36
satellite-suboptimal-old-noisy/70/satellite_noisy_p01_hyp-2_70_1.tar.bz2:0.439745903015:0.01652971:0.44
> 0:False:5,15:207,37
> 1:True:4,11:205,33
> 2:False:5,14:207,37
> 3:True:5,12:207,37
> 4:False:5,14:207,37
> 5:False:5,15:207,37
satellite-suboptimal-old-noisy/70/satellite_noisy_p01_hyp-2_70_2.tar.bz2:0.439851999283:0.01656212:0.44
> 0:False:5,14:206,36
> 1:True:4,11:204,32
> 2:False:5,14:206,36
> 3:True:5,12:206,36
> 4:False:5,13:206,36
> 5:False:5,14:206,36
satellite-suboptimal-old-noisy/70/satellite_noisy_p01_hyp-2_70_3.tar.bz2:0.440845012665:0.01673054:0.43
> 0:False:5,14:207,37
> 1:True:4,12:205,33
> 2:False:5,15:207,37
> 3:True:5,13:207,37
> 4:False:5,14:207,37
> 5:False:5,14:207,37
satellite-suboptimal-old-noisy/70/satellite_noisy_p01_hyp-3_70_1.tar.bz2:0.442034959793:0.01654315:0.44
> 0:False:5,15:207,37
> 1:False:4,13:205,33
> 2:True:5,13:207,37
> 3:True:5,13:207,37
> 4:False:5,15:207,37
> 5:False:5,15:207,37
satellite-suboptimal-old-noisy/70/satellite_noisy_p01_hyp-3_70_2.tar.bz2:0.441334962845:0.01663653:0.45
> 0:False:5,18:206,36
> 1:False:4,16:204,32
> 2:True:5,15:206,36
> 3:False:5,17:206,36
> 4:False:5,17:206,36
> 5:False:5,17:206,36
satellite-suboptimal-old-noisy/70/satellite_noisy_p01_hyp-3_70_3.tar.bz2:0.440011978149:0.01610078:0.43
> 0:False:5,18:208,38
> 1:False:4,17:206,34
> 2:True:5,14:208,38
> 3:False:5,17:208,38
> 4:False:5,17:208,38
> 5:False:5,17:208,38
satellite-suboptimal-old-noisy/70/satellite_noisy_p01_hyp-4_70_1.tar.bz2:0.442359924316:0.01653652:0.44
> 0:False:5,18:208,38
> 1:False:4,15:206,34
> 2:False:5,17:208,38
> 3:True:5,15:208,38
> 4:False:5,18:208,38
> 5:False:5,19:208,38
satellite-suboptimal-old-noisy/70/satellite_noisy_p01_hyp-4_70_2.tar.bz2:0.439918994904:0.01659934:0.43
> 0:False:5,15:208,38
> 1:False:4,13:206,34
> 2:False:5,15:208,38
> 3:True:5,13:208,38
> 4:False:5,16:208,38
> 5:False:5,16:208,38
satellite-suboptimal-old-noisy/70/satellite_noisy_p01_hyp-4_70_3.tar.bz2:0.440428972244:0.01677149:0.45
> 0:False:5,16:208,38
> 1:False:4,14:206,34
> 2:False:5,16:208,38
> 3:True:5,14:208,38
> 4:False:5,16:208,38
> 5:False:5,17:208,38
satellite-suboptimal-old-noisy/70/satellite_noisy_p02_hyp-1_70_1.tar.bz2:0.403168916702:0.0076632:0.4
> 0:True:5,13:124,34
> 1:False:5,17:124,34
> 2:False:5,17:124,34
> 3:False:5,15:124,34
> 4:False:5,14:124,34
> 5:False:5,16:124,34
satellite-suboptimal-old-noisy/70/satellite_noisy_p02_hyp-1_70_2.tar.bz2:0.402005195618:0.00760042:0.4
> 0:True:5,15:125,35
> 1:False:5,18:125,35
> 2:False:5,18:125,35
> 3:False:5,17:125,35
> 4:False:5,16:125,35
> 5:False:5,17:125,35
satellite-suboptimal-old-noisy/70/satellite_noisy_p02_hyp-1_70_3.tar.bz2:0.402460098267:0.00741:0.41
> 0:True:5,15:124,34
> 1:False:5,18:124,34
> 2:False:5,19:124,34
> 3:False:5,16:124,34
> 4:True:5,15:124,34
> 5:False:5,18:124,34
satellite-suboptimal-old-noisy/70/satellite_noisy_p02_hyp-2_70_1.tar.bz2:0.404489994049:0.00767638:0.41
> 0:False:5,18:124,34
> 1:True:5,16:124,34
> 2:False:5,18:124,34
> 3:False:5,17:124,34
> 4:False:5,18:124,34
> 5:True:5,16:124,34
satellite-suboptimal-old-noisy/70/satellite_noisy_p02_hyp-2_70_2.tar.bz2:0.40114402771:0.00752625:0.4
> 0:False:5,18:124,34
> 1:True:5,16:124,34
> 2:False:5,17:124,34
> 3:False:5,18:124,34
> 4:False:5,18:124,34
> 5:True:5,16:124,34
satellite-suboptimal-old-noisy/70/satellite_noisy_p02_hyp-2_70_3.tar.bz2:0.402136087418:0.00749505:0.41
> 0:False:5,17:124,34
> 1:True:5,16:124,34
> 2:False:5,18:124,34
> 3:True:5,16:124,34
> 4:True:5,16:124,34
> 5:False:5,17:124,34
satellite-suboptimal-old-noisy/70/satellite_noisy_p02_hyp-3_70_1.tar.bz2:0.401317834854:0.00762226:0.4
> 0:False:5,18:124,34
> 1:False:5,18:124,34
> 2:True:5,15:124,34
> 3:False:5,19:124,34
> 4:False:5,19:124,34
> 5:False:5,17:124,34
satellite-suboptimal-old-noisy/70/satellite_noisy_p02_hyp-3_70_2.tar.bz2:0.402179002762:0.00742223:0.4
> 0:False:5,18:124,34
> 1:False:5,18:124,34
> 2:True:5,15:124,34
> 3:False:5,19:124,34
> 4:False:5,19:124,34
> 5:False:5,17:124,34
satellite-suboptimal-old-noisy/70/satellite_noisy_p02_hyp-3_70_3.tar.bz2:0.402602910995:0.00771034:0.4
> 0:False:5,18:125,35
> 1:False:5,16:125,35
> 2:True:5,15:125,35
> 3:False:5,18:125,35
> 4:False:5,18:125,35
> 5:False:5,16:125,35
satellite-suboptimal-old-noisy/70/satellite_noisy_p02_hyp-4_70_1.tar.bz2:0.401537895203:0.0074807:0.4
> 0:False:5,18:125,35
> 1:False:5,17:125,35
> 2:False:5,18:125,35
> 3:True:5,16:125,35
> 4:False:5,17:125,35
> 5:False:5,18:125,35
satellite-suboptimal-old-noisy/70/satellite_noisy_p02_hyp-4_70_2.tar.bz2:0.401422977448:0.00751322:0.41
> 0:False:5,17:124,34
> 1:False:5,17:124,34
> 2:False:5,19:124,34
> 3:True:5,15:124,34
> 4:False:5,16:124,34
> 5:False:5,18:124,34
satellite-suboptimal-old-noisy/70/satellite_noisy_p02_hyp-4_70_3.tar.bz2:0.402336835861:0.00762933:0.39
> 0:False:5,17:124,34
> 1:True:5,16:124,34
> 2:False:5,18:124,34
> 3:True:5,16:124,34
> 4:False:5,17:124,34
> 5:True:5,16:124,34
satellite-suboptimal-old-noisy/70/satellite_noisy_p03_hyp-1_70_1.tar.bz2:0.391347885132:0.0143574:0.39
> 0:True:4,13:65,28
> 1:False:4,14:65,28
> 2:False:3,14:65,28
> 3:False:4,14:65,28
> 4:False:4,15:65,28
> 5:False:3,13:65,28
satellite-suboptimal-old-noisy/70/satellite_noisy_p03_hyp-1_70_2.tar.bz2:0.391087055206:0.01413838:0.38
> 0:True:4,12:65,28
> 1:False:4,14:65,28
> 2:False:3,14:65,28
> 3:False:4,14:65,28
> 4:False:4,14:65,28
> 5:False:3,14:65,28
satellite-suboptimal-old-noisy/70/satellite_noisy_p03_hyp-1_70_3.tar.bz2:0.392664909363:0.0142776:0.39
> 0:True:4,12:63,26
> 1:True:4,12:63,26
> 2:False:3,13:63,26
> 3:False:4,13:63,26
> 4:True:4,12:63,26
> 5:False:3,13:63,26
satellite-suboptimal-old-noisy/70/satellite_noisy_p03_hyp-2_70_1.tar.bz2:0.393524169922:0.01455081:0.39
> 0:False:4,12:64,27
> 1:True:4,10:64,27
> 2:False:3,11:64,27
> 3:False:4,11:64,27
> 4:False:4,11:64,27
> 5:False:3,10:64,27
satellite-suboptimal-old-noisy/70/satellite_noisy_p03_hyp-2_70_2.tar.bz2:0.392459869385:0.01430264:0.4
> 0:False:4,15:64,27
> 1:True:4,14:64,27
> 2:False:3,16:64,27
> 3:False:4,15:64,27
> 4:False:4,15:64,27
> 5:False:3,15:64,27
satellite-suboptimal-old-noisy/70/satellite_noisy_p03_hyp-2_70_3.tar.bz2:0.391361951828:0.01441425:0.39
> 0:False:4,13:65,28
> 1:True:4,12:65,28
> 2:False:3,13:65,28
> 3:True:4,12:65,28
> 4:False:4,13:65,28
> 5:False:3,12:65,28
satellite-suboptimal-old-noisy/70/satellite_noisy_p03_hyp-3_70_1.tar.bz2:0.392035007477:0.01456829:0.4
> 0:False:4,15:65,28
> 1:False:4,16:65,28
> 2:False:3,14:65,28
> 3:False:4,15:65,28
> 4:True:4,14:65,28
> 5:False:3,16:65,28
satellite-suboptimal-old-noisy/70/satellite_noisy_p03_hyp-3_70_2.tar.bz2:0.391714096069:0.01445077:0.39
> 0:False:4,15:64,27
> 1:False:4,16:64,27
> 2:True:3,13:64,27
> 3:False:4,15:64,27
> 4:True:4,14:64,27
> 5:False:3,15:64,27
satellite-suboptimal-old-noisy/70/satellite_noisy_p03_hyp-3_70_3.tar.bz2:0.389194011688:0.01401103:0.39
> 0:False:4,16:65,28
> 1:False:4,16:65,28
> 2:True:3,14:65,28
> 3:False:4,16:65,28
> 4:True:4,15:65,28
> 5:False:3,15:65,28
satellite-suboptimal-old-noisy/70/satellite_noisy_p03_hyp-4_70_1.tar.bz2:0.389490127563:0.01408885:0.39
> 0:False:4,16:65,28
> 1:False:4,15:65,28
> 2:False:3,17:65,28
> 3:True:4,14:65,28
> 4:False:4,16:65,28
> 5:False:3,16:65,28
satellite-suboptimal-old-noisy/70/satellite_noisy_p03_hyp-4_70_2.tar.bz2:0.392967939377:0.01433549:0.4
> 0:False:4,13:65,28
> 1:False:4,13:65,28
> 2:False:3,14:65,28
> 3:True:4,11:65,28
> 4:False:4,14:65,28
> 5:False:3,13:65,28
satellite-suboptimal-old-noisy/70/satellite_noisy_p03_hyp-4_70_3.tar.bz2:0.391280889511:0.01398988:0.39
> 0:True:4,16:65,28
> 1:False:4,17:65,28
> 2:False:3,17:65,28
> 3:True:4,16:65,28
> 4:False:4,17:65,28
> 5:False:3,17:65,28
satellite-suboptimal-old-noisy/100/satellite_noisy_p01_hyp-1_full_1.tar.bz2:0.439846992493:0.01657903:0.44
> 0:True:5,17:211,41
> 1:False:4,20:209,37
> 2:False:5,20:211,41
> 3:False:5,20:211,41
> 4:False:5,20:211,41
> 5:False:5,20:211,41
satellite-suboptimal-old-noisy/100/satellite_noisy_p01_hyp-1_full_2.tar.bz2:0.442442178726:0.01686733:0.45
> 0:True:5,17:211,41
> 1:False:4,20:209,37
> 2:False:5,21:211,41
> 3:False:5,20:211,41
> 4:False:5,21:211,41
> 5:False:5,20:211,41
satellite-suboptimal-old-noisy/100/satellite_noisy_p01_hyp-1_full_3.tar.bz2:0.439804077148:0.01673012:0.44
> 0:True:5,15:210,40
> 1:False:4,18:208,36
> 2:False:5,19:210,40
> 3:False:5,18:210,40
> 4:False:5,19:210,40
> 5:False:5,18:210,40
satellite-suboptimal-old-noisy/100/satellite_noisy_p01_hyp-2_full_1.tar.bz2:0.437688112259:0.01597409:0.43
> 0:False:5,17:209,39
> 1:True:4,13:207,35
> 2:False:5,17:209,39
> 3:True:5,14:209,39
> 4:False:5,16:209,39
> 5:False:5,17:209,39
satellite-suboptimal-old-noisy/100/satellite_noisy_p01_hyp-2_full_2.tar.bz2:0.438386917114:0.01616742:0.44
> 0:False:5,17:209,39
> 1:True:4,13:207,35
> 2:False:5,17:209,39
> 3:True:5,14:209,39
> 4:False:5,16:209,39
> 5:False:5,17:209,39
satellite-suboptimal-old-noisy/100/satellite_noisy_p01_hyp-2_full_3.tar.bz2:0.436929941177:0.01664116:0.44
> 0:False:5,18:210,40
> 1:True:4,15:208,36
> 2:False:5,19:210,40
> 3:True:5,16:210,40
> 4:False:5,18:210,40
> 5:False:5,18:210,40
satellite-suboptimal-old-noisy/100/satellite_noisy_p01_hyp-3_full_1.tar.bz2:0.4391310215:0.01639585:0.44
> 0:False:5,19:210,40
> 1:False:4,19:208,36
> 2:True:5,16:210,40
> 3:False:5,19:210,40
> 4:False:5,19:210,40
> 5:False:5,18:210,40
satellite-suboptimal-old-noisy/100/satellite_noisy_p01_hyp-3_full_2.tar.bz2:0.439603090286:0.01651156:0.44
> 0:False:5,19:211,41
> 1:False:4,18:209,37
> 2:True:5,15:211,41
> 3:False:5,18:211,41
> 4:False:5,18:211,41
> 5:False:5,17:211,41
satellite-suboptimal-old-noisy/100/satellite_noisy_p01_hyp-3_full_3.tar.bz2:0.439445018768:0.01655318:0.44
> 0:False:5,18:210,40
> 1:False:4,17:208,36
> 2:True:5,14:210,40
> 3:False:5,17:210,40
> 4:False:5,17:210,40
> 5:False:5,17:210,40
satellite-suboptimal-old-noisy/100/satellite_noisy_p01_hyp-4_full_1.tar.bz2:0.440176010132:0.01654562:0.44
> 0:False:5,20:212,42
> 1:False:4,17:210,38
> 2:False:5,20:212,42
> 3:True:5,17:212,42
> 4:False:5,19:212,42
> 5:False:5,21:212,42
satellite-suboptimal-old-noisy/100/satellite_noisy_p01_hyp-4_full_2.tar.bz2:0.440031051636:0.0166134:0.43
> 0:False:5,18:212,42
> 1:False:4,16:210,38
> 2:False:5,19:212,42
> 3:True:5,16:212,42
> 4:False:5,19:212,42
> 5:False:5,20:212,42
satellite-suboptimal-old-noisy/100/satellite_noisy_p01_hyp-4_full_3.tar.bz2:0.438319921494:0.01638082:0.44
> 0:False:5,19:212,42
> 1:False:4,16:210,38
> 2:False:5,19:212,42
> 3:True:5,16:212,42
> 4:False:5,19:212,42
> 5:False:5,20:212,42
satellite-suboptimal-old-noisy/100/satellite_noisy_p02_hyp-1_full_1.tar.bz2:0.402547121048:0.00772548:0.4
> 0:True:5,17:127,37
> 1:False:5,21:127,37
> 2:False:5,20:127,37
> 3:False:5,19:127,37
> 4:False:5,18:127,37
> 5:False:5,20:127,37
satellite-suboptimal-old-noisy/100/satellite_noisy_p02_hyp-1_full_2.tar.bz2:0.403423070908:0.00779142:0.4
> 0:True:5,18:128,38
> 1:False:5,22:128,38
> 2:False:5,22:128,38
> 3:False:5,20:128,38
> 4:False:5,19:128,38
> 5:False:5,21:128,38
satellite-suboptimal-old-noisy/100/satellite_noisy_p02_hyp-1_full_3.tar.bz2:0.402508974075:0.00782786:0.4
> 0:True:5,18:128,38
> 1:False:5,22:128,38
> 2:False:5,22:128,38
> 3:False:5,20:128,38
> 4:False:5,19:128,38
> 5:False:5,21:128,38
satellite-suboptimal-old-noisy/100/satellite_noisy_p02_hyp-2_full_1.tar.bz2:0.401239156723:0.00764395:0.41
> 0:False:5,21:128,38
> 1:True:5,18:128,38
> 2:False:5,21:128,38
> 3:False:5,20:128,38
> 4:False:5,20:128,38
> 5:False:5,19:128,38
satellite-suboptimal-old-noisy/100/satellite_noisy_p02_hyp-2_full_2.tar.bz2:0.402820825577:0.00760882:0.4
> 0:False:5,22:128,38
> 1:True:5,18:128,38
> 2:False:5,21:128,38
> 3:False:5,20:128,38
> 4:False:5,21:128,38
> 5:False:5,19:128,38
satellite-suboptimal-old-noisy/100/satellite_noisy_p02_hyp-2_full_3.tar.bz2:0.40181684494:0.00775726:0.39
> 0:False:5,21:128,38
> 1:True:5,18:128,38
> 2:False:5,21:128,38
> 3:False:5,19:128,38
> 4:False:5,20:128,38
> 5:False:5,19:128,38
satellite-suboptimal-old-noisy/100/satellite_noisy_p02_hyp-3_full_1.tar.bz2:0.403234958649:0.0076694:0.4
> 0:False:5,22:128,38
> 1:False:5,21:128,38
> 2:True:5,18:128,38
> 3:False:5,23:128,38
> 4:False:5,23:128,38
> 5:False:5,20:128,38
satellite-suboptimal-old-noisy/100/satellite_noisy_p02_hyp-3_full_2.tar.bz2:0.403249979019:0.00781177:0.4
> 0:False:5,21:127,37
> 1:False:5,20:127,37
> 2:True:5,17:127,37
> 3:False:5,22:127,37
> 4:False:5,22:127,37
> 5:False:5,19:127,37
satellite-suboptimal-old-noisy/100/satellite_noisy_p02_hyp-3_full_3.tar.bz2:0.400887966156:0.00764688:0.41
> 0:False:5,22:128,38
> 1:False:5,20:128,38
> 2:True:5,18:128,38
> 3:False:5,22:128,38
> 4:False:5,22:128,38
> 5:False:5,20:128,38
satellite-suboptimal-old-noisy/100/satellite_noisy_p02_hyp-4_full_1.tar.bz2:0.401465892792:0.00759476:0.4
> 0:False:5,20:128,38
> 1:False:5,20:128,38
> 2:False:5,23:128,38
> 3:True:5,18:128,38
> 4:False:5,19:128,38
> 5:False:5,21:128,38
satellite-suboptimal-old-noisy/100/satellite_noisy_p02_hyp-4_full_2.tar.bz2:0.401051998138:0.00754504:0.4
> 0:False:5,20:128,38
> 1:False:5,20:128,38
> 2:False:5,23:128,38
> 3:True:5,18:128,38
> 4:False:5,19:128,38
> 5:False:5,21:128,38
satellite-suboptimal-old-noisy/100/satellite_noisy_p02_hyp-4_full_3.tar.bz2:0.403117895126:0.00768519:0.41
> 0:False:5,20:128,38
> 1:False:5,20:128,38
> 2:False:5,23:128,38
> 3:True:5,18:128,38
> 4:False:5,19:128,38
> 5:False:5,21:128,38
satellite-suboptimal-old-noisy/100/satellite_noisy_p03_hyp-1_full_1.tar.bz2:0.391396999359:0.01429889:0.39
> 0:True:4,15:67,30
> 1:False:4,16:67,30
> 2:False:3,17:67,30
> 3:False:4,17:67,30
> 4:False:4,16:67,30
> 5:False:3,17:67,30
satellite-suboptimal-old-noisy/100/satellite_noisy_p03_hyp-1_full_2.tar.bz2:0.390669107437:0.01401188:0.39
> 0:True:4,14:67,30
> 1:False:4,16:67,30
> 2:False:3,16:67,30
> 3:False:4,16:67,30
> 4:False:4,16:67,30
> 5:False:3,16:67,30
satellite-suboptimal-old-noisy/100/satellite_noisy_p03_hyp-1_full_3.tar.bz2:0.391061067581:0.01432243:0.39
> 0:True:4,15:67,30
> 1:False:4,17:67,30
> 2:False:3,17:67,30
> 3:False:4,17:67,30
> 4:False:4,17:67,30
> 5:False:3,17:67,30
satellite-suboptimal-old-noisy/100/satellite_noisy_p03_hyp-2_full_1.tar.bz2:0.393024921417:0.01438487:0.39
> 0:False:4,15:66,29
> 1:True:4,13:66,29
> 2:False:3,16:66,29
> 3:False:4,15:66,29
> 4:False:4,15:66,29
> 5:False:3,14:66,29
satellite-suboptimal-old-noisy/100/satellite_noisy_p03_hyp-2_full_2.tar.bz2:0.391246080399:0.01413987:0.39
> 0:False:4,16:67,30
> 1:True:4,15:67,30
> 2:False:3,17:67,30
> 3:False:4,16:67,30
> 4:False:4,17:67,30
> 5:False:3,15:67,30
satellite-suboptimal-old-noisy/100/satellite_noisy_p03_hyp-2_full_3.tar.bz2:0.391504049301:0.01442856:0.39
> 0:False:4,15:66,29
> 1:True:4,13:66,29
> 2:False:3,16:66,29
> 3:False:4,15:66,29
> 4:False:4,15:66,29
> 5:False:3,14:66,29
satellite-suboptimal-old-noisy/100/satellite_noisy_p03_hyp-3_full_1.tar.bz2:0.390648126602:0.01385035:0.39
> 0:False:4,19:68,31
> 1:False:4,20:68,31
> 2:True:3,17:68,31
> 3:False:4,20:68,31
> 4:True:4,18:68,31
> 5:False:3,19:68,31
satellite-suboptimal-old-noisy/100/satellite_noisy_p03_hyp-3_full_2.tar.bz2:0.392199993134:0.01435019:0.39
> 0:False:4,17:67,30
> 1:False:4,17:67,30
> 2:False:3,15:67,30
> 3:False:4,18:67,30
> 4:True:4,15:67,30
> 5:False:3,17:67,30
satellite-suboptimal-old-noisy/100/satellite_noisy_p03_hyp-3_full_3.tar.bz2:0.392309904099:0.01446549:0.38
> 0:False:4,17:67,30
> 1:False:4,17:67,30
> 2:False:3,15:67,30
> 3:False:4,18:67,30
> 4:True:4,15:67,30
> 5:False:3,17:67,30
satellite-suboptimal-old-noisy/100/satellite_noisy_p03_hyp-4_full_1.tar.bz2:0.391717910767:0.01438643:0.39
> 0:False:4,19:69,32
> 1:False:4,19:69,32
> 2:False:3,20:69,32
> 3:True:4,17:69,32
> 4:False:4,20:69,32
> 5:False:3,19:69,32
satellite-suboptimal-old-noisy/100/satellite_noisy_p03_hyp-4_full_2.tar.bz2:0.390916109085:0.01429648:0.39
> 0:False:4,16:68,31
> 1:False:4,17:68,31
> 2:False:3,17:68,31
> 3:True:4,15:68,31
> 4:False:4,17:68,31
> 5:False:3,17:68,31
satellite-suboptimal-old-noisy/100/satellite_noisy_p03_hyp-4_full_3.tar.bz2:0.390711069107:0.01366979:0.4
> 0:False:4,17:68,31
> 1:False:4,17:68,31
> 2:False:3,18:68,31
> 3:True:4,15:68,31
> 4:False:4,18:68,31
> 5:False:3,17:68,31
