sokoban-suboptimal/10/sokoban_p01_hyp-1_10_1.tar.bz2:1.20008111:0.0478713:1.19
> 0:False:18,21:654,47
> 1:True:20,21:654,49
> 2:False:20,23:654,49
> 3:False:18,21:654,47
> 4:False:23,26:654,52
> 5:False:20,22:654,49
> 6:False:22,25:654,51
> 7:False:21,24:654,50
> 8:False:21,23:654,50
sokoban-suboptimal/10/sokoban_p01_hyp-1_10_2.tar.bz2:1.21142101288:0.06010902:1.21
> 0:False:18,20:654,75
> 1:False:20,22:654,77
> 2:False:20,22:654,77
> 3:False:18,21:654,75
> 4:False:23,26:654,80
> 5:False:20,24:654,77
> 6:False:22,24:654,79
> 7:False:21,22:654,78
> 8:True:21,21:654,78
sokoban-suboptimal/10/sokoban_p01_hyp-1_10_3.tar.bz2:1.22033905983:0.0554157:1.21
> 0:False:18,21:654,56
> 1:False:20,22:654,58
> 2:False:20,22:654,58
> 3:False:18,20:654,56
> 4:False:23,26:654,61
> 5:False:20,23:654,58
> 6:False:22,25:654,60
> 7:True:21,22:654,59
> 8:False:21,23:654,59
sokoban-suboptimal/10/sokoban_p01_hyp-2_10_1.tar.bz2:1.19981098175:0.05047311:1.2
> 0:True:18,19:654,46
> 1:False:20,22:654,48
> 2:False:20,22:654,48
> 3:False:18,21:654,46
> 4:False:23,26:654,51
> 5:False:20,22:654,48
> 6:False:22,25:654,50
> 7:False:21,23:654,49
> 8:False:21,23:654,49
sokoban-suboptimal/10/sokoban_p01_hyp-2_10_2.tar.bz2:1.20510911942:0.0504586:1.2
> 0:True:18,19:654,47
> 1:False:20,22:654,49
> 2:False:20,22:654,49
> 3:False:18,21:654,47
> 4:False:23,26:654,52
> 5:False:20,22:654,49
> 6:False:22,25:654,51
> 7:False:21,23:654,50
> 8:False:21,23:654,50
sokoban-suboptimal/10/sokoban_p01_hyp-2_10_3.tar.bz2:1.19774484634:0.05065777:1.2
> 0:True:18,20:654,45
> 1:False:20,23:654,47
> 2:False:20,23:654,47
> 3:True:18,20:654,45
> 4:True:23,25:654,50
> 5:True:20,22:654,47
> 6:True:22,24:654,49
> 7:True:21,23:654,48
> 8:False:21,24:654,48
sokoban-suboptimal/10/sokoban_p01_hyp-3_10_1.tar.bz2:1.21132493019:0.05292919:1.22
> 0:True:18,18:654,48
> 1:True:20,20:654,50
> 2:True:20,20:654,50
> 3:True:18,18:654,48
> 4:False:23,25:654,53
> 5:False:20,21:654,50
> 6:False:22,23:654,52
> 7:True:21,21:654,51
> 8:True:21,21:654,51
sokoban-suboptimal/10/sokoban_p01_hyp-3_10_2.tar.bz2:1.20908594131:0.05037313:1.21
> 0:True:18,19:654,55
> 1:True:20,21:654,57
> 2:True:20,21:654,57
> 3:True:18,19:654,55
> 4:True:23,24:654,60
> 5:True:20,21:654,57
> 6:True:22,23:654,59
> 7:True:21,22:654,58
> 8:True:21,22:654,58
sokoban-suboptimal/10/sokoban_p01_hyp-3_10_3.tar.bz2:1.2083158493:0.05365593:1.21
> 0:False:18,20:654,54
> 1:False:20,22:654,56
> 2:True:20,21:654,56
> 3:False:18,20:654,54
> 4:True:23,24:654,59
> 5:False:20,22:654,56
> 6:False:22,24:654,58
> 7:True:21,22:654,57
> 8:False:21,23:654,57
sokoban-suboptimal/10/sokoban_p01_hyp-4_10_1.tar.bz2:1.21945095062:0.05421348:1.23
> 0:False:18,19:654,60
> 1:True:20,20:654,62
> 2:True:20,20:654,62
> 3:False:18,19:654,60
> 4:False:23,26:654,65
> 5:False:20,23:654,62
> 6:False:22,25:654,64
> 7:False:21,22:654,63
> 8:True:21,21:654,63
sokoban-suboptimal/10/sokoban_p01_hyp-4_10_2.tar.bz2:1.20367479324:0.05259947:1.2
> 0:True:18,19:654,50
> 1:True:20,21:654,52
> 2:True:20,21:654,52
> 3:False:18,20:654,50
> 4:False:23,25:654,55
> 5:False:20,22:654,52
> 6:False:22,24:654,54
> 7:True:21,22:654,53
> 8:True:21,22:654,53
sokoban-suboptimal/10/sokoban_p01_hyp-4_10_3.tar.bz2:1.21172499657:0.05921902:1.21
> 0:False:18,20:654,59
> 1:False:20,22:654,61
> 2:False:20,21:654,61
> 3:True:18,18:654,59
> 4:False:23,25:654,64
> 5:False:20,22:654,61
> 6:False:22,23:654,63
> 7:False:21,22:654,62
> 8:False:21,22:654,62
sokoban-suboptimal/10/sokoban_p02_hyp-1_10_1.tar.bz2:0.694180965424:0.01020575:0.6
> 0:True:10,11:149,23
> 1:False:10,12:149,23
> 2:False:11,13:149,24
> 3:False:13,15:149,26
> 4:False:14,16:149,27
> 5:False:13,16:149,26
> 7:True:12,13:149,25
sokoban-suboptimal/10/sokoban_p02_hyp-1_10_2.tar.bz2:0.693056821823:0.01060484:0.59
> 0:False:10,12:149,26
> 1:False:10,12:149,26
> 2:True:11,12:149,27
> 3:True:13,14:149,29
> 4:True:14,15:149,30
> 5:True:13,14:149,29
> 7:False:12,14:149,28
sokoban-suboptimal/10/sokoban_p02_hyp-1_10_3.tar.bz2:0.695347070694:0.01090917:0.61
> 0:True:10,10:149,30
> 1:False:10,12:149,30
> 2:True:11,11:149,31
> 3:True:13,13:149,33
> 4:True:14,14:149,34
> 5:True:13,13:149,33
> 7:True:12,12:149,32
sokoban-suboptimal/10/sokoban_p02_hyp-2_10_1.tar.bz2:0.697413921356:0.01105397:0.59
> 0:False:10,14:149,29
> 1:True:10,10:149,29
> 2:False:11,15:149,30
> 3:False:13,16:149,32
> 4:False:14,18:149,33
> 5:False:13,15:149,32
> 7:False:12,17:149,31
sokoban-suboptimal/10/sokoban_p02_hyp-2_10_2.tar.bz2:0.699881076813:0.01144204:0.61
> 0:False:10,12:149,31
> 1:True:10,11:149,31
> 2:False:11,13:149,32
> 3:False:13,16:149,34
> 4:False:14,17:149,35
> 5:False:13,15:149,34
> 7:False:12,14:149,33
sokoban-suboptimal/10/sokoban_p02_hyp-2_10_3.tar.bz2:0.698515892029:0.01085269:0.6
> 0:False:10,12:149,28
> 1:True:10,11:149,28
> 2:True:11,12:149,29
> 3:False:13,15:149,31
> 4:False:14,16:149,32
> 5:True:13,14:149,31
> 7:False:12,15:149,30
sokoban-suboptimal/10/sokoban_p02_hyp-3_10_1.tar.bz2:0.699506044388:0.01017642:0.6
> 0:True:10,11:149,22
> 1:False:10,12:149,22
> 2:False:11,13:149,23
> 3:True:13,14:149,25
> 4:True:14,15:149,26
> 5:False:13,15:149,25
> 7:True:12,13:149,24
sokoban-suboptimal/10/sokoban_p02_hyp-3_10_2.tar.bz2:0.698647022247:0.01077272:0.6
> 0:True:10,12:149,27
> 1:False:10,13:149,27
> 2:True:11,13:149,28
> 3:True:13,15:149,30
> 4:True:14,16:149,31
> 5:True:13,15:149,30
> 7:True:12,14:149,29
sokoban-suboptimal/10/sokoban_p02_hyp-3_10_3.tar.bz2:0.693308115005:0.01033177:0.59
> 0:True:10,13:149,24
> 1:False:10,14:149,24
> 2:True:11,14:149,25
> 3:True:13,16:149,27
> 4:True:14,17:149,28
> 5:True:13,16:149,27
> 7:True:12,15:149,26
sokoban-suboptimal/10/sokoban_p02_hyp-4_10_1.tar.bz2:0.700134038925:0.010929:0.6
> 0:False:10,11:149,27
> 1:False:10,13:149,27
> 2:False:11,12:149,28
> 3:True:13,13:149,30
> 4:True:14,14:149,31
> 5:False:13,14:149,30
> 7:False:12,13:149,29
sokoban-suboptimal/10/sokoban_p02_hyp-4_10_2.tar.bz2:0.698971986771:0.01135331:0.6
> 0:False:10,12:149,32
> 1:False:10,14:149,32
> 2:True:11,11:149,33
> 3:True:13,13:149,35
> 4:True:14,14:149,36
> 5:True:13,13:149,35
> 7:False:12,14:149,34
sokoban-suboptimal/10/sokoban_p02_hyp-4_10_3.tar.bz2:0.695517063141:0.01119891:0.59
> 0:False:10,13:149,26
> 1:False:10,13:149,26
> 2:False:11,14:149,27
> 3:True:13,15:149,29
> 4:False:14,17:149,30
> 5:False:13,16:149,29
> 7:False:12,15:149,28
sokoban-suboptimal/10/sokoban_p03_hyp-1_10_1.tar.bz2:0.793225049973:0.0205328:0.8
> 0:True:14,14:369,23
> 1:True:12,12:369,21
> 2:True:14,14:369,23
> 3:True:13,13:369,22
> 4:True:19,19:369,28
> 5:True:12,12:369,21
> 6:True:11,11:369,20
> 7:True:13,13:369,22
sokoban-suboptimal/10/sokoban_p03_hyp-1_10_2.tar.bz2:0.7908411026:0.02326948:0.8
> 0:True:14,14:369,30
> 1:True:12,12:369,28
> 2:True:14,14:369,30
> 3:True:13,13:369,29
> 4:True:19,19:369,35
> 5:True:12,12:369,28
> 6:False:11,12:369,27
> 7:True:13,13:369,29
sokoban-suboptimal/10/sokoban_p03_hyp-1_10_3.tar.bz2:0.791013002396:0.02321576:0.79
> 0:False:14,15:369,29
> 1:False:12,13:369,27
> 2:False:14,15:369,29
> 3:False:13,14:369,28
> 4:False:19,20:369,34
> 5:True:12,12:369,27
> 6:False:11,12:369,26
> 7:False:13,14:369,28
sokoban-suboptimal/10/sokoban_p03_hyp-2_10_1.tar.bz2:0.794133901596:0.02451997:0.79
> 0:False:14,15:369,37
> 1:True:12,12:369,35
> 2:False:14,15:369,37
> 3:False:13,15:369,36
> 4:True:19,19:369,42
> 5:False:12,13:369,35
> 6:False:11,14:369,34
> 7:False:13,15:369,36
sokoban-suboptimal/10/sokoban_p03_hyp-2_10_2.tar.bz2:0.801700115204:0.02540667:0.81
> 0:False:14,15:369,37
> 1:True:12,12:369,35
> 2:False:14,16:369,37
> 3:False:13,16:369,36
> 4:True:19,19:369,42
> 5:True:12,12:369,35
> 6:False:11,14:369,34
> 7:False:13,14:369,36
sokoban-suboptimal/10/sokoban_p03_hyp-2_10_3.tar.bz2:0.798034906387:0.02460129:0.8
> 0:True:14,14:369,33
> 1:True:12,12:369,31
> 2:True:14,14:369,33
> 3:False:13,14:369,32
> 4:True:19,19:369,38
> 5:False:12,13:369,31
> 6:False:11,13:369,30
> 7:True:13,13:369,32
sokoban-suboptimal/10/sokoban_p03_hyp-3_10_1.tar.bz2:0.802766084671:0.02444984:0.81
> 0:False:14,16:369,34
> 1:False:12,15:369,32
> 2:True:14,15:369,34
> 3:False:13,15:369,33
> 4:True:19,20:369,39
> 5:False:12,15:369,32
> 6:False:11,13:369,31
> 7:False:13,16:369,33
sokoban-suboptimal/10/sokoban_p03_hyp-3_10_2.tar.bz2:0.795776128769:0.02206357:0.79
> 0:False:14,15:369,28
> 1:False:12,13:369,26
> 2:True:14,14:369,28
> 3:False:13,14:369,27
> 4:False:19,20:369,33
> 5:False:12,13:369,26
> 6:False:11,13:369,25
> 7:False:13,14:369,27
sokoban-suboptimal/10/sokoban_p03_hyp-3_10_3.tar.bz2:0.791543960571:0.02100001:0.79
> 0:False:14,16:369,24
> 1:False:12,14:369,22
> 2:False:14,16:369,24
> 3:False:13,15:369,23
> 4:False:19,21:369,29
> 5:True:12,13:369,22
> 6:True:11,12:369,21
> 7:False:13,15:369,23
sokoban-suboptimal/10/sokoban_p03_hyp-4_10_1.tar.bz2:0.802577018738:0.02444387:0.81
> 0:True:14,15:369,31
> 1:False:12,14:369,29
> 2:True:14,15:369,31
> 3:True:13,14:369,30
> 4:False:19,21:369,36
> 5:False:12,14:369,29
> 6:True:11,12:369,28
> 7:False:13,15:369,30
sokoban-suboptimal/10/sokoban_p03_hyp-4_10_2.tar.bz2:0.802003860474:0.02400341:0.8
> 0:True:14,14:369,31
> 1:True:12,12:369,29
> 2:False:14,15:369,31
> 3:True:13,13:369,30
> 4:True:19,19:369,36
> 5:True:12,12:369,29
> 6:False:11,14:369,28
> 7:False:13,14:369,30
sokoban-suboptimal/10/sokoban_p03_hyp-4_10_3.tar.bz2:0.796142101288:0.02246256:0.8
> 0:False:14,15:369,27
> 1:True:12,12:369,25
> 2:False:14,15:369,27
> 3:False:13,14:369,26
> 4:False:19,20:369,32
> 5:True:12,12:369,25
> 6:False:11,13:369,24
> 7:False:13,15:369,26
sokoban-suboptimal/30/sokoban_p01_hyp-1_30_1.tar.bz2:1.25786185265:0.08827645:1.26
> 0:False:18,28:661,95
> 1:True:20,28:661,97
> 2:False:20,29:661,97
> 3:False:18,27:661,95
> 4:False:23,33:661,100
> 5:False:20,30:661,97
> 6:False:22,33:661,99
> 7:True:21,29:661,98
> 8:False:21,30:661,98
sokoban-suboptimal/30/sokoban_p01_hyp-1_30_2.tar.bz2:1.23212003708:0.08602083:1.24
> 0:False:18,26:660,105
> 1:True:20,26:660,107
> 2:False:20,27:660,107
> 3:False:18,26:660,105
> 4:False:23,31:660,110
> 5:False:20,29:660,107
> 6:False:22,30:660,109
> 7:False:21,28:660,108
> 8:True:21,27:660,108
sokoban-suboptimal/30/sokoban_p01_hyp-1_30_3.tar.bz2:1.23595714569:0.08399741:1.24
> 0:False:18,21:661,91
> 1:False:20,24:661,93
> 2:False:20,23:661,93
> 3:False:18,21:661,91
> 4:False:23,28:661,96
> 5:False:20,23:661,93
> 6:False:22,27:661,95
> 7:True:21,23:661,94
> 8:False:21,25:661,94
sokoban-suboptimal/30/sokoban_p01_hyp-2_30_1.tar.bz2:1.23884010315:0.09131149:1.24
> 0:False:18,23:661,111
> 1:True:20,23:661,113
> 2:False:20,27:661,113
> 3:False:18,25:661,111
> 4:False:23,29:661,116
> 5:False:20,26:661,113
> 6:False:22,27:661,115
> 7:False:21,27:661,114
> 8:False:21,27:661,114
sokoban-suboptimal/30/sokoban_p01_hyp-2_30_2.tar.bz2:1.23521208763:0.09120686:1.23
> 0:False:18,23:661,112
> 1:True:20,24:661,114
> 2:False:20,26:661,114
> 3:False:18,26:661,112
> 4:False:23,29:661,117
> 5:False:20,26:661,114
> 6:False:22,28:661,116
> 7:False:21,26:661,115
> 8:False:21,26:661,115
sokoban-suboptimal/30/sokoban_p01_hyp-2_30_3.tar.bz2:1.23908400536:0.0969581:1.24
> 0:False:18,23:661,113
> 1:True:20,24:661,115
> 2:False:20,27:661,115
> 3:False:18,26:661,113
> 4:False:23,28:661,118
> 5:False:20,26:661,115
> 6:False:22,28:661,117
> 7:False:21,26:661,116
> 8:False:21,26:661,116
sokoban-suboptimal/30/sokoban_p01_hyp-3_30_1.tar.bz2:1.24216008186:0.0944308:1.24
> 0:False:18,25:661,111
> 1:True:20,25:661,113
> 2:True:20,25:661,113
> 3:False:18,25:661,111
> 4:False:23,29:661,116
> 5:True:20,25:661,113
> 6:True:22,27:661,115
> 7:True:21,26:661,114
> 8:False:21,27:661,114
sokoban-suboptimal/30/sokoban_p01_hyp-3_30_2.tar.bz2:1.21827983856:0.07368076:1.22
> 0:False:18,23:659,74
> 1:True:20,24:659,76
> 2:False:20,25:659,76
> 3:False:18,23:659,74
> 4:False:23,28:659,79
> 5:False:20,25:659,76
> 6:False:22,27:659,78
> 7:True:21,25:659,77
> 8:False:21,26:659,77
sokoban-suboptimal/30/sokoban_p01_hyp-3_30_3.tar.bz2:1.24597787857:0.0943052:1.24
> 0:False:18,25:660,129
> 1:False:20,26:660,131
> 2:True:20,25:660,131
> 3:False:18,27:660,129
> 4:False:23,31:660,134
> 5:False:20,28:660,131
> 6:False:22,31:660,133
> 7:False:21,27:660,132
> 8:True:21,26:660,132
sokoban-suboptimal/30/sokoban_p01_hyp-4_30_1.tar.bz2:1.23381209373:0.08714233:1.24
> 0:False:18,22:660,103
> 1:False:20,24:660,105
> 2:False:20,23:660,105
> 3:False:18,21:660,103
> 4:False:23,29:660,108
> 5:False:20,26:660,105
> 6:False:22,29:660,107
> 7:False:21,24:660,106
> 8:True:21,23:660,106
sokoban-suboptimal/30/sokoban_p01_hyp-4_30_2.tar.bz2:1.24070692062:0.08557927:1.24
> 0:False:18,23:660,95
> 1:False:20,26:660,97
> 2:False:20,25:660,97
> 3:False:18,23:660,95
> 4:False:23,29:660,100
> 5:False:20,27:660,97
> 6:False:22,29:660,99
> 7:True:21,25:660,98
> 8:True:21,25:660,98
sokoban-suboptimal/30/sokoban_p01_hyp-4_30_3.tar.bz2:1.25041007996:0.0924713:1.25
> 0:False:18,24:661,98
> 1:False:20,27:661,100
> 2:False:20,26:661,100
> 3:False:18,24:661,98
> 4:False:23,32:661,103
> 5:False:20,28:661,100
> 6:False:22,31:661,102
> 7:True:21,26:661,101
> 8:True:21,26:661,101
sokoban-suboptimal/30/sokoban_p02_hyp-1_30_1.tar.bz2:0.699810028076:0.0140939:0.59
> 0:True:10,14:153,43
> 1:False:10,15:153,43
> 2:False:11,16:153,44
> 3:False:13,18:153,46
> 4:False:14,19:153,47
> 5:True:13,17:153,46
> 7:False:12,17:153,45
sokoban-suboptimal/30/sokoban_p02_hyp-1_30_2.tar.bz2:0.701817035675:0.01274828:0.61
> 0:True:10,14:151,36
> 1:False:10,15:151,36
> 2:False:11,16:151,37
> 3:True:13,17:151,39
> 4:False:14,19:151,40
> 5:False:13,18:151,39
> 7:True:12,16:151,38
sokoban-suboptimal/30/sokoban_p02_hyp-1_30_3.tar.bz2:0.703987121582:0.01402247:0.61
> 0:True:10,14:153,42
> 1:True:10,14:153,42
> 2:True:11,15:153,43
> 3:True:13,17:153,45
> 4:True:14,18:153,46
> 5:True:13,17:153,45
> 7:False:12,17:153,44
sokoban-suboptimal/30/sokoban_p02_hyp-2_30_1.tar.bz2:0.699575901031:0.01347269:0.6
> 0:False:10,15:152,42
> 1:True:10,14:152,42
> 2:False:11,17:152,43
> 3:False:13,18:152,45
> 4:False:14,20:152,46
> 5:True:13,17:152,45
> 7:False:12,18:152,44
sokoban-suboptimal/30/sokoban_p02_hyp-2_30_2.tar.bz2:0.703869819641:0.01482687:0.61
> 0:False:10,17:153,48
> 1:True:10,15:153,48
> 2:False:11,18:153,49
> 3:False:13,19:153,51
> 4:False:14,22:153,52
> 5:False:13,19:153,51
> 7:False:12,20:153,50
sokoban-suboptimal/30/sokoban_p02_hyp-2_30_3.tar.bz2:0.702304124832:0.01339039:0.6
> 0:True:10,15:152,41
> 1:False:10,16:152,41
> 2:True:11,16:152,42
> 3:True:13,18:152,44
> 4:False:14,20:152,45
> 5:True:13,18:152,44
> 7:False:12,18:152,43
sokoban-suboptimal/30/sokoban_p02_hyp-3_30_1.tar.bz2:0.702268838882:0.01411356:0.6
> 0:False:10,17:153,48
> 1:False:10,17:153,48
> 2:True:11,15:153,49
> 3:False:13,18:153,51
> 4:False:14,19:153,52
> 5:False:13,18:153,51
> 7:False:12,19:153,50
sokoban-suboptimal/30/sokoban_p02_hyp-3_30_2.tar.bz2:0.699428081512:0.01318015:0.61
> 0:False:10,14:152,38
> 1:False:10,15:152,38
> 2:True:11,14:152,39
> 3:True:13,16:152,41
> 4:True:14,17:152,42
> 5:True:13,16:152,41
> 7:False:12,16:152,40
sokoban-suboptimal/30/sokoban_p02_hyp-3_30_3.tar.bz2:0.703042984009:0.01464897:0.6
> 0:False:10,15:153,50
> 1:False:10,15:153,50
> 2:True:11,15:153,51
> 3:False:13,18:153,53
> 4:False:14,19:153,54
> 5:True:13,17:153,53
> 7:False:12,17:153,52
sokoban-suboptimal/30/sokoban_p02_hyp-4_30_1.tar.bz2:0.700562000275:0.01505229:0.59
> 0:False:10,18:153,53
> 1:False:10,19:153,53
> 2:False:11,17:153,54
> 3:True:13,15:153,56
> 4:False:14,19:153,57
> 5:False:13,19:153,56
> 7:False:12,20:153,55
sokoban-suboptimal/30/sokoban_p02_hyp-4_30_2.tar.bz2:0.703525066376:0.01519941:0.6
> 0:False:10,17:153,51
> 1:False:10,19:153,51
> 2:False:11,16:153,52
> 3:True:13,16:153,54
> 4:False:14,18:153,55
> 5:False:13,19:153,54
> 7:False:12,19:153,53
sokoban-suboptimal/30/sokoban_p02_hyp-4_30_3.tar.bz2:0.703171014786:0.01576423:0.6
> 0:False:10,17:153,56
> 1:False:10,19:153,56
> 2:False:11,16:153,57
> 3:True:13,14:153,59
> 4:False:14,17:153,60
> 5:False:13,18:153,59
> 7:False:12,18:153,58
sokoban-suboptimal/30/sokoban_p03_hyp-1_30_1.tar.bz2:0.81121301651:0.03389506:0.8
> 0:True:14,17:374,48
> 1:False:12,16:374,46
> 2:False:14,18:374,48
> 3:False:13,17:374,47
> 4:False:19,24:374,53
> 5:False:12,16:374,46
> 6:False:11,17:374,45
> 7:False:13,17:374,47
sokoban-suboptimal/30/sokoban_p03_hyp-1_30_2.tar.bz2:0.813831090927:0.03408351:0.81
> 0:True:14,16:374,49
> 1:False:12,17:374,47
> 2:False:14,17:374,49
> 3:False:13,18:374,48
> 4:False:19,25:374,54
> 5:False:12,17:374,47
> 6:False:11,16:374,46
> 7:False:13,18:374,48
sokoban-suboptimal/30/sokoban_p03_hyp-1_30_3.tar.bz2:0.809901952744:0.03366317:0.82
> 0:False:14,17:374,47
> 1:False:12,16:374,45
> 2:False:14,17:374,47
> 3:False:13,16:374,46
> 4:False:19,24:374,52
> 5:False:12,16:374,45
> 6:False:11,17:374,44
> 7:True:13,15:374,46
sokoban-suboptimal/30/sokoban_p03_hyp-2_30_1.tar.bz2:0.809382915497:0.03630547:0.81
> 0:True:14,19:374,57
> 1:False:12,19:374,55
> 2:False:14,21:374,57
> 3:False:13,21:374,56
> 4:False:19,26:374,62
> 5:False:12,19:374,55
> 6:False:11,20:374,54
> 7:False:13,19:374,56
sokoban-suboptimal/30/sokoban_p03_hyp-2_30_2.tar.bz2:0.816706180573:0.03780377:0.82
> 0:True:14,16:374,59
> 1:False:12,16:374,57
> 2:False:14,18:374,59
> 3:False:13,17:374,58
> 4:False:19,23:374,64
> 5:False:12,18:374,57
> 6:False:11,17:374,56
> 7:False:13,16:374,58
sokoban-suboptimal/30/sokoban_p03_hyp-2_30_3.tar.bz2:0.810203075409:0.03725181:0.81
> 0:True:14,18:374,61
> 1:False:12,17:374,59
> 2:False:14,19:374,61
> 3:False:13,19:374,60
> 4:False:19,24:374,66
> 5:False:12,18:374,59
> 6:False:11,18:374,58
> 7:False:13,19:374,60
sokoban-suboptimal/30/sokoban_p03_hyp-3_30_1.tar.bz2:0.807824134827:0.03565822:0.81
> 0:False:14,20:374,59
> 1:False:12,20:374,57
> 2:True:14,18:374,59
> 3:False:13,18:374,58
> 4:False:19,25:374,64
> 5:False:12,20:374,57
> 6:False:11,17:374,56
> 7:False:13,21:374,58
sokoban-suboptimal/30/sokoban_p03_hyp-3_30_2.tar.bz2:0.807960987091:0.03296567:0.8
> 0:False:14,21:373,50
> 1:False:12,20:373,48
> 2:True:14,18:373,50
> 3:False:13,19:373,49
> 4:False:19,25:373,55
> 5:False:12,20:373,48
> 6:False:11,20:373,47
> 7:False:13,21:373,49
sokoban-suboptimal/30/sokoban_p03_hyp-3_30_3.tar.bz2:0.812078952789:0.03666062:0.81
> 0:False:14,20:374,64
> 1:False:12,19:374,62
> 2:True:14,15:374,64
> 3:False:13,16:374,63
> 4:False:19,23:374,69
> 5:False:12,19:374,62
> 6:False:11,16:374,61
> 7:False:13,19:374,63
sokoban-suboptimal/30/sokoban_p03_hyp-4_30_1.tar.bz2:0.814565896988:0.03376537:0.82
> 0:False:14,21:374,50
> 1:False:12,18:374,48
> 2:False:14,17:374,50
> 3:True:13,15:374,49
> 4:False:19,23:374,55
> 5:False:12,18:374,48
> 6:False:11,16:374,47
> 7:False:13,18:374,49
sokoban-suboptimal/30/sokoban_p03_hyp-4_30_2.tar.bz2:0.813320159912:0.03372094:0.81
> 0:False:14,20:374,49
> 1:False:12,18:374,47
> 2:False:14,18:374,49
> 3:True:13,16:374,48
> 4:False:19,24:374,54
> 5:False:12,18:374,47
> 6:False:11,19:374,46
> 7:False:13,19:374,48
sokoban-suboptimal/30/sokoban_p03_hyp-4_30_3.tar.bz2:0.814406871796:0.03502411:0.82
> 0:False:14,20:374,55
> 1:False:12,19:374,53
> 2:False:14,19:374,55
> 3:True:13,17:374,54
> 4:False:19,24:374,60
> 5:False:12,19:374,53
> 6:False:11,20:374,52
> 7:False:13,21:374,54
sokoban-suboptimal/50/sokoban_p01_hyp-1_50_1.tar.bz2:1.25946617126:0.104765:1.27
> 0:False:18,29:666,112
> 1:False:20,30:666,114
> 2:False:20,29:666,114
> 3:False:18,29:666,112
> 4:False:23,34:666,117
> 5:False:20,31:666,114
> 6:False:22,33:666,116
> 7:True:21,29:666,115
> 8:False:21,31:666,115
sokoban-suboptimal/50/sokoban_p01_hyp-1_50_2.tar.bz2:1.27287602425:0.1244291:1.27
> 0:False:18,28:667,165
> 1:True:20,29:667,167
> 2:False:20,30:667,167
> 3:False:18,30:667,165
> 4:False:23,35:667,170
> 5:False:20,34:667,167
> 6:False:22,35:667,169
> 7:True:21,30:667,168
> 8:False:21,31:667,168
sokoban-suboptimal/50/sokoban_p01_hyp-1_50_3.tar.bz2:1.26939296722:0.1075299:1.27
> 0:False:18,30:665,132
> 1:True:20,30:665,134
> 2:False:20,32:665,134
> 3:False:18,30:665,132
> 4:False:23,37:665,137
> 5:False:20,34:665,134
> 6:False:22,36:665,136
> 7:False:21,33:665,135
> 8:False:21,32:665,135
sokoban-suboptimal/50/sokoban_p01_hyp-2_50_1.tar.bz2:1.2759141922:0.1181977:1.27
> 0:False:18,28:665,146
> 1:True:20,27:665,148
> 2:False:20,31:665,148
> 3:False:18,28:665,146
> 4:False:23,34:665,151
> 5:False:20,30:665,148
> 6:False:22,32:665,150
> 7:False:21,30:665,149
> 8:False:21,30:665,149
sokoban-suboptimal/50/sokoban_p01_hyp-2_50_2.tar.bz2:1.26325011253:0.1112846:1.27
> 0:False:18,27:666,124
> 1:False:20,29:666,126
> 2:False:20,30:666,126
> 3:False:18,27:666,124
> 4:False:23,33:666,129
> 5:True:20,28:666,126
> 6:False:22,31:666,128
> 7:False:21,30:666,127
> 8:False:21,30:666,127
sokoban-suboptimal/50/sokoban_p01_hyp-2_50_3.tar.bz2:1.27421212196:0.1233066:1.28
> 0:False:18,24:667,151
> 1:True:20,25:667,153
> 2:False:20,28:667,153
> 3:False:18,26:667,151
> 4:False:23,30:667,156
> 5:False:20,28:667,153
> 6:False:22,29:667,155
> 7:False:21,27:667,154
> 8:False:21,28:667,154
sokoban-suboptimal/50/sokoban_p01_hyp-3_50_1.tar.bz2:1.26367306709:0.1118072:1.27
> 0:False:18,30:665,143
> 1:True:20,31:665,145
> 2:True:20,31:665,145
> 3:False:18,31:665,143
> 4:False:23,36:665,148
> 5:False:20,34:665,145
> 6:False:22,34:665,147
> 7:True:21,32:665,146
> 8:True:21,32:665,146
sokoban-suboptimal/50/sokoban_p01_hyp-3_50_2.tar.bz2:1.27935481071:0.1241472:1.28
> 0:False:18,28:667,156
> 1:False:20,30:667,158
> 2:True:20,28:667,158
> 3:False:18,29:667,156
> 4:False:23,34:667,161
> 5:False:20,32:667,158
> 6:False:22,33:667,160
> 7:False:21,30:667,159
> 8:True:21,29:667,159
sokoban-suboptimal/50/sokoban_p01_hyp-3_50_3.tar.bz2:1.26906204224:0.1206991:1.27
> 0:False:18,29:667,161
> 1:False:20,30:667,163
> 2:True:20,28:667,163
> 3:False:18,30:667,161
> 4:False:23,35:667,166
> 5:False:20,32:667,163
> 6:False:22,33:667,165
> 7:False:21,30:667,164
> 8:False:21,30:667,164
sokoban-suboptimal/50/sokoban_p01_hyp-4_50_1.tar.bz2:1.29342603683:0.1403438:1.29
> 0:False:18,28:668,179
> 1:False:20,29:668,181
> 2:False:20,29:668,181
> 3:False:18,27:668,179
> 4:False:23,35:668,184
> 5:False:20,33:668,181
> 6:False:22,34:668,183
> 7:False:21,30:668,182
> 8:True:21,29:668,182
sokoban-suboptimal/50/sokoban_p01_hyp-4_50_2.tar.bz2:1.29207205772:0.1269071:1.28
> 0:False:18,27:667,164
> 1:False:20,28:667,166
> 2:False:20,28:667,166
> 3:True:18,25:667,164
> 4:False:23,34:667,169
> 5:False:20,29:667,166
> 6:False:22,32:667,168
> 7:False:21,29:667,167
> 8:True:21,28:667,167
sokoban-suboptimal/50/sokoban_p01_hyp-4_50_3.tar.bz2:1.28050398827:0.1270489:1.28
> 0:False:18,27:666,161
> 1:False:20,30:666,163
> 2:False:20,29:666,163
> 3:False:18,27:666,161
> 4:False:23,35:666,166
> 5:False:20,31:666,163
> 6:False:22,35:666,165
> 7:True:21,29:666,164
> 8:False:21,30:666,164
sokoban-suboptimal/50/sokoban_p02_hyp-1_50_1.tar.bz2:0.703433990479:0.01418515:0.6
> 0:True:10,16:155,42
> 1:False:10,18:155,42
> 2:True:11,17:155,43
> 3:False:13,20:155,45
> 4:False:14,21:155,46
> 5:True:13,19:155,45
> 7:False:12,19:155,44
sokoban-suboptimal/50/sokoban_p02_hyp-1_50_2.tar.bz2:0.703606128693:0.01625522:0.61
> 0:True:10,15:156,56
> 1:False:10,17:156,56
> 2:True:11,16:156,57
> 3:True:13,18:156,59
> 4:False:14,20:156,60
> 5:True:13,18:156,59
> 7:True:12,17:156,58
sokoban-suboptimal/50/sokoban_p02_hyp-1_50_3.tar.bz2:0.704252004623:0.01545158:0.6
> 0:False:10,17:155,51
> 1:False:10,18:155,51
> 2:True:11,17:155,52
> 3:False:13,20:155,54
> 4:False:14,21:155,55
> 5:False:13,20:155,54
> 7:False:12,19:155,53
sokoban-suboptimal/50/sokoban_p02_hyp-2_50_1.tar.bz2:0.704604148865:0.01735017:0.62
> 0:False:10,19:156,63
> 1:False:10,18:156,63
> 2:False:11,19:156,64
> 3:False:13,21:156,66
> 4:False:14,23:156,67
> 5:True:13,20:156,66
> 7:False:12,22:156,65
sokoban-suboptimal/50/sokoban_p02_hyp-2_50_2.tar.bz2:0.702934980392:0.01703464:0.6
> 0:False:10,17:156,59
> 1:False:10,17:156,59
> 2:True:11,17:156,60
> 3:False:13,20:156,62
> 4:False:14,22:156,63
> 5:True:13,19:156,62
> 7:False:12,20:156,61
sokoban-suboptimal/50/sokoban_p02_hyp-2_50_3.tar.bz2:0.705170154572:0.0166124:0.6
> 0:False:10,18:156,57
> 1:False:10,17:156,57
> 2:False:11,18:156,58
> 3:False:13,20:156,60
> 4:False:14,22:156,61
> 5:True:13,19:156,60
> 7:False:12,20:156,59
sokoban-suboptimal/50/sokoban_p02_hyp-3_50_1.tar.bz2:0.707456111908:0.01732541:0.61
> 0:False:10,16:157,63
> 1:False:10,17:157,63
> 2:True:11,16:157,64
> 3:False:13,19:157,66
> 4:False:14,20:157,67
> 5:False:13,19:157,66
> 7:False:12,18:157,65
sokoban-suboptimal/50/sokoban_p02_hyp-3_50_2.tar.bz2:0.706517934799:0.01760849:0.61
> 0:False:10,16:158,69
> 1:False:10,17:158,69
> 2:True:11,14:158,70
> 3:False:13,17:158,72
> 4:False:14,19:158,73
> 5:False:13,17:158,72
> 7:False:12,18:158,71
sokoban-suboptimal/50/sokoban_p02_hyp-3_50_3.tar.bz2:0.709402799606:0.01713089:0.61
> 0:False:10,19:156,62
> 1:False:10,19:156,62
> 2:False:11,18:156,63
> 3:True:13,19:156,65
> 4:False:14,22:156,66
> 5:False:13,20:156,65
> 7:False:12,22:156,64
sokoban-suboptimal/50/sokoban_p02_hyp-4_50_1.tar.bz2:0.700411081314:0.016821:0.6
> 0:False:10,19:156,59
> 1:False:10,20:156,59
> 2:False:11,18:156,60
> 3:True:13,17:156,62
> 4:False:14,21:156,63
> 5:False:13,20:156,62
> 7:False:12,21:156,61
sokoban-suboptimal/50/sokoban_p02_hyp-4_50_2.tar.bz2:0.706650972366:0.01890248:0.6
> 0:False:10,18:157,76
> 1:False:10,20:157,76
> 2:False:11,17:157,77
> 3:True:13,15:157,79
> 4:False:14,19:157,80
> 5:False:13,19:157,79
> 7:False:12,20:157,78
sokoban-suboptimal/50/sokoban_p02_hyp-4_50_3.tar.bz2:0.7060110569:0.01747344:0.6
> 0:False:10,16:157,64
> 1:False:10,18:157,64
> 2:False:11,15:157,65
> 3:True:13,15:157,67
> 4:False:14,18:157,68
> 5:False:13,17:157,67
> 7:False:12,18:157,66
sokoban-suboptimal/50/sokoban_p03_hyp-1_50_1.tar.bz2:0.817594051361:0.04366068:0.81
> 0:True:14,19:378,67
> 1:False:12,20:378,65
> 2:False:14,20:378,67
> 3:False:13,20:378,66
> 4:False:19,26:378,72
> 5:False:12,20:378,65
> 6:False:11,18:378,64
> 7:False:13,19:378,66
sokoban-suboptimal/50/sokoban_p03_hyp-1_50_2.tar.bz2:0.821613073349:0.0417532:0.82
> 0:True:14,19:377,64
> 1:False:12,20:377,62
> 2:False:14,21:377,64
> 3:False:13,20:377,63
> 4:False:19,28:377,69
> 5:False:12,20:377,62
> 6:False:11,20:377,61
> 7:False:13,21:377,63
sokoban-suboptimal/50/sokoban_p03_hyp-1_50_3.tar.bz2:0.819402217865:0.04233951:0.83
> 0:True:14,19:377,68
> 1:False:12,20:377,66
> 2:False:14,20:377,68
> 3:False:13,20:377,67
> 4:False:19,27:377,73
> 5:False:12,20:377,66
> 6:False:11,20:377,65
> 7:False:13,19:377,67
sokoban-suboptimal/50/sokoban_p03_hyp-2_50_1.tar.bz2:0.823479890823:0.04526748:0.82
> 0:True:14,22:378,77
> 1:True:12,20:378,75
> 2:False:14,23:378,77
> 3:False:13,23:378,76
> 4:True:19,27:378,82
> 5:True:12,20:378,75
> 6:False:11,21:378,74
> 7:False:13,22:378,76
sokoban-suboptimal/50/sokoban_p03_hyp-2_50_2.tar.bz2:0.821902990341:0.04459854:0.82
> 0:True:14,21:378,77
> 1:False:12,21:378,75
> 2:False:14,23:378,77
> 3:False:13,22:378,76
> 4:False:19,28:378,82
> 5:False:12,21:378,75
> 6:False:11,21:378,74
> 7:False:13,21:378,76
sokoban-suboptimal/50/sokoban_p03_hyp-2_50_3.tar.bz2:0.819428920746:0.04150401:0.82
> 0:True:14,21:377,68
> 1:False:12,20:377,66
> 2:False:14,23:377,68
> 3:False:13,22:377,67
> 4:False:19,27:377,73
> 5:False:12,20:377,66
> 6:False:11,21:377,65
> 7:False:13,21:377,67
sokoban-suboptimal/50/sokoban_p03_hyp-3_50_1.tar.bz2:0.817936897278:0.04444077:0.82
> 0:False:14,24:378,79
> 1:False:12,23:378,77
> 2:True:14,19:378,79
> 3:False:13,21:378,78
> 4:False:19,27:378,84
> 5:False:12,23:378,77
> 6:False:11,21:378,76
> 7:False:13,24:378,78
sokoban-suboptimal/50/sokoban_p03_hyp-3_50_2.tar.bz2:0.825192928314:0.04403453:0.83
> 0:False:14,25:379,73
> 1:False:12,24:379,71
> 2:True:14,21:379,73
> 3:False:13,22:379,72
> 4:False:19,28:379,78
> 5:False:12,24:379,71
> 6:False:11,23:379,70
> 7:False:13,25:379,72
sokoban-suboptimal/50/sokoban_p03_hyp-3_50_3.tar.bz2:0.831056118011:0.04671238:0.83
> 0:False:14,22:379,83
> 1:False:12,21:379,81
> 2:True:14,17:379,83
> 3:False:13,19:379,82
> 4:False:19,25:379,88
> 5:False:12,21:379,81
> 6:False:11,19:379,80
> 7:False:13,22:379,82
sokoban-suboptimal/50/sokoban_p03_hyp-4_50_1.tar.bz2:0.818725824356:0.03928214:0.81
> 0:False:14,22:377,60
> 1:False:12,21:377,58
> 2:False:14,20:377,60
> 3:True:13,18:377,59
> 4:False:19,27:377,65
> 5:False:12,21:377,58
> 6:False:11,21:377,57
> 7:False:13,22:377,59
sokoban-suboptimal/50/sokoban_p03_hyp-4_50_2.tar.bz2:0.82349395752:0.04552637:0.83
> 0:False:14,22:378,76
> 1:False:12,20:378,74
> 2:False:14,20:378,76
> 3:True:13,17:378,75
> 4:False:19,27:378,81
> 5:False:12,20:378,74
> 6:False:11,20:378,73
> 7:False:13,21:378,75
sokoban-suboptimal/50/sokoban_p03_hyp-4_50_3.tar.bz2:0.825778961182:0.04219682:0.83
> 0:False:14,22:378,64
> 1:False:12,21:378,62
> 2:False:14,22:378,64
> 3:True:13,19:378,63
> 4:False:19,26:378,69
> 5:False:12,21:378,62
> 6:False:11,21:378,61
> 7:False:13,23:378,63
sokoban-suboptimal/70/sokoban_p01_hyp-1_70_1.tar.bz2:1.30369591713:0.151373:1.31
> 0:False:18,29:673,198
> 1:False:20,31:673,200
> 2:False:20,31:673,200
> 3:False:18,31:673,198
> 4:False:23,37:673,203
> 5:False:20,35:673,200
> 6:False:22,36:673,202
> 7:True:21,31:673,201
> 8:True:21,31:673,201
sokoban-suboptimal/70/sokoban_p01_hyp-1_70_2.tar.bz2:1.30407595634:0.1518724:1.3
> 0:False:18,30:673,205
> 1:True:20,31:673,207
> 2:False:20,33:673,207
> 3:False:18,32:673,205
> 4:False:23,39:673,210
> 5:False:20,37:673,207
> 6:False:22,37:673,209
> 7:False:21,33:673,208
> 8:False:21,33:673,208
sokoban-suboptimal/70/sokoban_p01_hyp-1_70_3.tar.bz2:1.31569695473:0.1573944:1.32
> 0:False:18,29:673,216
> 1:False:20,31:673,218
> 2:False:20,31:673,218
> 3:False:18,29:673,216
> 4:False:23,38:673,221
> 5:False:20,35:673,218
> 6:False:22,37:673,220
> 7:True:21,31:673,219
> 8:True:21,31:673,219
sokoban-suboptimal/70/sokoban_p01_hyp-2_70_1.tar.bz2:1.3176240921:0.1559101:1.32
> 0:False:18,28:672,211
> 1:True:20,29:672,213
> 2:False:20,32:672,213
> 3:False:18,31:672,211
> 4:False:23,34:672,216
> 5:False:20,31:672,213
> 6:False:22,34:672,215
> 7:False:21,32:672,214
> 8:False:21,32:672,214
sokoban-suboptimal/70/sokoban_p01_hyp-2_70_2.tar.bz2:1.31239295006:0.163044:1.32
> 0:False:18,29:673,209
> 1:True:20,30:673,211
> 2:False:20,32:673,211
> 3:False:18,31:673,209
> 4:False:23,36:673,214
> 5:False:20,34:673,211
> 6:False:22,35:673,213
> 7:False:21,32:673,212
> 8:False:21,32:673,212
sokoban-suboptimal/70/sokoban_p01_hyp-2_70_3.tar.bz2:1.29403185844:0.142453:1.29
> 0:False:18,30:671,176
> 1:True:20,31:671,178
> 2:False:20,33:671,178
> 3:False:18,32:671,176
> 4:False:23,35:671,181
> 5:False:20,32:671,178
> 6:False:22,34:671,180
> 7:False:21,33:671,179
> 8:False:21,33:671,179
sokoban-suboptimal/70/sokoban_p01_hyp-3_70_1.tar.bz2:1.29204106331:0.1468251:1.29
> 0:False:18,33:672,201
> 1:False:20,35:672,203
> 2:False:20,34:672,203
> 3:False:18,36:672,201
> 4:False:23,38:672,206
> 5:False:20,36:672,203
> 6:False:22,37:672,205
> 7:True:21,34:672,204
> 8:False:21,35:672,204
sokoban-suboptimal/70/sokoban_p01_hyp-3_70_2.tar.bz2:1.30635595322:0.155942:1.31
> 0:False:18,32:673,212
> 1:False:20,33:673,214
> 2:True:20,31:673,214
> 3:False:18,33:673,212
> 4:False:23,37:673,217
> 5:False:20,34:673,214
> 6:False:22,36:673,216
> 7:False:21,33:673,215
> 8:True:21,32:673,215
sokoban-suboptimal/70/sokoban_p01_hyp-3_70_3.tar.bz2:1.30440616608:0.1477156:1.3
> 0:False:18,34:672,191
> 1:False:20,35:672,193
> 2:True:20,32:672,193
> 3:False:18,35:672,191
> 4:False:23,39:672,196
> 5:False:20,37:672,193
> 6:False:22,38:672,195
> 7:True:21,33:672,194
> 8:False:21,34:672,194
sokoban-suboptimal/70/sokoban_p01_hyp-4_70_1.tar.bz2:1.3300909996:0.170959:1.33
> 0:False:18,33:673,230
> 1:False:20,36:673,232
> 2:False:20,34:673,232
> 3:True:18,31:673,230
> 4:False:23,40:673,235
> 5:False:20,37:673,232
> 6:False:22,39:673,234
> 7:False:21,35:673,233
> 8:True:21,34:673,233
sokoban-suboptimal/70/sokoban_p01_hyp-4_70_2.tar.bz2:1.30507206917:0.1525712:1.3
> 0:False:18,34:672,182
> 1:False:20,37:672,184
> 2:False:20,36:672,184
> 3:True:18,33:672,182
> 4:False:23,41:672,187
> 5:False:20,37:672,184
> 6:False:22,41:672,186
> 7:False:21,37:672,185
> 8:False:21,37:672,185
sokoban-suboptimal/70/sokoban_p01_hyp-4_70_3.tar.bz2:1.31527519226:0.1592912:1.32
> 0:False:18,31:673,206
> 1:False:20,34:673,208
> 2:False:20,33:673,208
> 3:True:18,29:673,206
> 4:False:23,39:673,211
> 5:False:20,35:673,208
> 6:False:22,37:673,210
> 7:False:21,33:673,209
> 8:False:21,33:673,209
sokoban-suboptimal/70/sokoban_p02_hyp-1_70_1.tar.bz2:0.704108953476:0.01712063:0.61
> 0:False:10,21:158,58
> 1:False:10,21:158,58
> 2:False:11,21:158,59
> 3:False:13,23:158,61
> 4:False:14,24:158,62
> 5:True:13,22:158,61
> 7:False:12,23:158,60
sokoban-suboptimal/70/sokoban_p02_hyp-1_70_2.tar.bz2:0.706797838211:0.02031432:0.61
> 0:True:10,19:160,80
> 1:False:10,21:160,80
> 2:False:11,21:160,81
> 3:False:13,23:160,83
> 4:False:14,24:160,84
> 5:False:13,23:160,83
> 7:False:12,22:160,82
sokoban-suboptimal/70/sokoban_p02_hyp-1_70_3.tar.bz2:0.708297014236:0.01812234:0.61
> 0:True:10,18:159,66
> 1:False:10,21:159,66
> 2:False:11,20:159,67
> 3:False:13,22:159,69
> 4:False:14,24:159,70
> 5:False:13,22:159,69
> 7:False:12,21:159,68
sokoban-suboptimal/70/sokoban_p02_hyp-2_70_1.tar.bz2:0.707154035568:0.01975514:0.6
> 0:False:10,19:160,77
> 1:False:10,18:160,77
> 2:False:11,19:160,78
> 3:False:13,21:160,80
> 4:False:14,23:160,81
> 5:True:13,20:160,80
> 7:False:12,21:160,79
sokoban-suboptimal/70/sokoban_p02_hyp-2_70_2.tar.bz2:0.708286046982:0.01889253:0.62
> 0:False:10,20:159,72
> 1:True:10,19:159,72
> 2:False:11,21:159,73
> 3:False:13,23:159,75
> 4:False:14,25:159,76
> 5:True:13,22:159,75
> 7:False:12,23:159,74
sokoban-suboptimal/70/sokoban_p02_hyp-2_70_3.tar.bz2:0.707837104797:0.01969704:0.6
> 0:False:10,20:160,78
> 1:True:10,18:160,78
> 2:False:11,21:160,79
> 3:False:13,23:160,81
> 4:False:14,25:160,82
> 5:False:13,22:160,81
> 7:False:12,23:160,80
sokoban-suboptimal/70/sokoban_p02_hyp-3_70_1.tar.bz2:0.701731920242:0.01972996:0.6
> 0:False:10,22:160,78
> 1:False:10,23:160,78
> 2:True:11,21:160,79
> 3:False:13,24:160,81
> 4:False:14,26:160,82
> 5:False:13,25:160,81
> 7:False:12,24:160,80
sokoban-suboptimal/70/sokoban_p02_hyp-3_70_2.tar.bz2:0.708108901978:0.0201751:0.61
> 0:False:10,23:160,83
> 1:False:10,23:160,83
> 2:True:11,20:160,84
> 3:False:13,23:160,86
> 4:False:14,25:160,87
> 5:False:13,24:160,86
> 7:False:12,25:160,85
sokoban-suboptimal/70/sokoban_p02_hyp-3_70_3.tar.bz2:0.709716081619:0.02150794:0.62
> 0:False:10,23:161,89
> 1:False:10,23:161,89
> 2:True:11,21:161,90
> 3:False:13,24:161,92
> 4:False:14,26:161,93
> 5:False:13,25:161,92
> 7:False:12,26:161,91
sokoban-suboptimal/70/sokoban_p02_hyp-4_70_1.tar.bz2:0.710793018341:0.02199639:0.61
> 0:False:10,23:160,95
> 1:False:10,25:160,95
> 2:False:11,22:160,96
> 3:True:13,20:160,98
> 4:False:14,24:160,99
> 5:False:13,24:160,98
> 7:False:12,25:160,97
sokoban-suboptimal/70/sokoban_p02_hyp-4_70_2.tar.bz2:0.713252067566:0.02253073:0.62
> 0:False:10,21:162,96
> 1:False:10,23:162,96
> 2:False:11,20:162,97
> 3:True:13,18:162,99
> 4:False:14,21:162,100
> 5:False:13,22:162,99
> 7:False:12,22:162,98
sokoban-suboptimal/70/sokoban_p02_hyp-4_70_3.tar.bz2:0.705719947815:0.02134394:0.61
> 0:False:10,24:159,94
> 1:False:10,25:159,94
> 2:False:11,23:159,95
> 3:True:13,21:159,97
> 4:False:14,25:159,98
> 5:False:13,25:159,97
> 7:False:12,26:159,96
sokoban-suboptimal/70/sokoban_p03_hyp-1_70_1.tar.bz2:0.828603029251:0.05280884:0.83
> 0:True:14,21:381,89
> 1:False:12,24:381,87
> 2:False:14,25:381,89
> 3:False:13,24:381,88
> 4:False:19,30:381,94
> 5:False:12,24:381,87
> 6:False:11,24:381,86
> 7:False:13,24:381,88
sokoban-suboptimal/70/sokoban_p03_hyp-1_70_2.tar.bz2:0.829855918884:0.05608835:0.83
> 0:True:14,20:383,94
> 1:False:12,22:383,92
> 2:False:14,23:383,94
> 3:False:13,22:383,93
> 4:False:19,28:383,99
> 5:False:12,22:383,92
> 6:False:11,22:383,91
> 7:False:13,22:383,93
sokoban-suboptimal/70/sokoban_p03_hyp-1_70_3.tar.bz2:0.828200101852:0.049711:0.83
> 0:True:14,22:380,81
> 1:False:12,23:380,79
> 2:False:14,26:380,81
> 3:False:13,25:380,80
> 4:False:19,30:380,86
> 5:False:12,23:380,79
> 6:False:11,24:380,78
> 7:False:13,24:380,80
sokoban-suboptimal/70/sokoban_p03_hyp-2_70_1.tar.bz2:0.828948020935:0.05544586:0.83
> 0:True:14,24:383,100
> 1:False:12,23:383,98
> 2:False:14,26:383,100
> 3:False:13,28:383,99
> 4:False:19,30:383,105
> 5:False:12,23:383,98
> 6:False:11,26:383,97
> 7:False:13,25:383,99
sokoban-suboptimal/70/sokoban_p03_hyp-2_70_2.tar.bz2:0.828184127808:0.05742491:0.83
> 0:True:14,22:384,103
> 1:False:12,21:384,101
> 2:False:14,26:384,103
> 3:False:13,26:384,102
> 4:False:19,28:384,108
> 5:False:12,21:384,101
> 6:False:11,24:384,100
> 7:False:13,24:384,102
sokoban-suboptimal/70/sokoban_p03_hyp-2_70_3.tar.bz2:0.833735942841:0.0546614:0.83
> 0:True:14,22:382,100
> 1:False:12,22:382,98
> 2:False:14,25:382,100
> 3:False:13,26:382,99
> 4:False:19,29:382,105
> 5:False:12,22:382,98
> 6:False:11,24:382,97
> 7:False:13,23:382,99
sokoban-suboptimal/70/sokoban_p03_hyp-3_70_1.tar.bz2:0.826581954956:0.05155124:0.82
> 0:False:14,24:383,92
> 1:False:12,23:383,90
> 2:True:14,19:383,92
> 3:False:13,20:383,91
> 4:False:19,27:383,97
> 5:False:12,23:383,90
> 6:False:11,20:383,89
> 7:False:13,23:383,91
sokoban-suboptimal/70/sokoban_p03_hyp-3_70_2.tar.bz2:0.824652910233:0.05087158:0.82
> 0:False:14,27:382,89
> 1:False:12,26:382,87
> 2:True:14,22:382,89
> 3:False:13,24:382,88
> 4:False:19,30:382,94
> 5:False:12,26:382,87
> 6:False:11,24:382,86
> 7:False:13,27:382,88
sokoban-suboptimal/70/sokoban_p03_hyp-3_70_3.tar.bz2:0.827763080597:0.05010801:0.82
> 0:False:14,28:382,87
> 1:False:12,27:382,85
> 2:True:14,23:382,87
> 3:False:13,25:382,86
> 4:False:19,31:382,92
> 5:False:12,27:382,85
> 6:False:11,24:382,84
> 7:False:13,28:382,86
sokoban-suboptimal/70/sokoban_p03_hyp-4_70_1.tar.bz2:0.828711032867:0.04899762:0.83
> 0:False:14,25:381,78
> 1:False:12,24:381,76
> 2:False:14,24:381,78
> 3:True:13,22:381,77
> 4:False:19,29:381,83
> 5:False:12,24:381,76
> 6:False:11,23:381,75
> 7:False:13,25:381,77
sokoban-suboptimal/70/sokoban_p03_hyp-4_70_2.tar.bz2:0.824954986572:0.04826692:0.83
> 0:False:14,23:382,76
> 1:False:12,21:382,74
> 2:False:14,24:382,76
> 3:True:13,20:382,75
> 4:False:19,29:382,81
> 5:False:12,21:382,74
> 6:False:11,23:382,73
> 7:False:13,24:382,75
sokoban-suboptimal/70/sokoban_p03_hyp-4_70_3.tar.bz2:0.826801776886:0.04920982:0.82
> 0:False:14,24:381,81
> 1:False:12,22:381,79
> 2:False:14,22:381,81
> 3:True:13,19:381,80
> 4:False:19,28:381,86
> 5:False:12,22:381,79
> 6:False:11,21:381,78
> 7:False:13,23:381,80
sokoban-suboptimal/100/sokoban_p01_hyp-1_full.tar.bz2:1.35726714134:0.1955307:1.35
> 0:True:18,34:680,276
> 1:True:20,36:680,278
> 2:False:20,37:680,278
> 3:False:18,36:680,276
> 4:False:23,43:680,281
> 5:False:20,41:680,278
> 6:False:22,42:680,280
> 7:True:21,37:680,279
> 8:True:21,37:680,279
sokoban-suboptimal/100/sokoban_p01_hyp-2_full.tar.bz2:1.34982991219:0.195512:1.35
> 0:False:18,35:680,254
> 1:True:20,34:680,256
> 2:False:20,39:680,256
> 3:False:18,38:680,254
> 4:False:23,41:680,259
> 5:False:20,39:680,256
> 6:False:22,41:680,258
> 7:False:21,39:680,257
> 8:False:21,38:680,257
sokoban-suboptimal/100/sokoban_p01_hyp-3_full.tar.bz2:1.35159301758:0.2026744:1.35
> 0:False:18,37:681,290
> 1:False:20,38:681,292
> 2:True:20,35:681,292
> 3:False:18,38:681,290
> 4:False:23,43:681,295
> 5:False:20,40:681,292
> 6:False:22,42:681,294
> 7:False:21,37:681,293
> 8:False:21,37:681,293
sokoban-suboptimal/100/sokoban_p01_hyp-4_full.tar.bz2:1.356372118:0.2029743:1.35
> 0:False:18,37:680,271
> 1:False:20,40:680,273
> 2:False:20,39:680,273
> 3:True:18,35:680,271
> 4:False:23,45:680,276
> 5:False:20,41:680,273
> 6:False:22,44:680,275
> 7:False:21,39:680,274
> 8:False:21,39:680,274
sokoban-suboptimal/100/sokoban_p02_hyp-1_full.tar.bz2:0.706256866455:0.02139857:0.6
> 0:True:10,22:163,87
> 1:False:10,25:163,87
> 2:False:11,25:163,88
> 3:False:13,27:163,90
> 4:False:14,28:163,91
> 5:False:13,27:163,90
> 7:False:12,25:163,89
sokoban-suboptimal/100/sokoban_p02_hyp-2_full.tar.bz2:0.706233024597:0.02302907:0.61
> 0:False:10,23:164,100
> 1:True:10,21:164,100
> 2:False:11,25:164,101
> 3:False:13,27:164,103
> 4:False:14,29:164,104
> 5:False:13,26:164,103
> 7:False:12,26:164,102
sokoban-suboptimal/100/sokoban_p02_hyp-3_full.tar.bz2:0.711047887802:0.02369615:0.61
> 0:False:10,26:165,106
> 1:False:10,27:165,106
> 2:True:11,23:165,107
> 3:False:13,26:165,109
> 4:False:14,28:165,110
> 5:False:13,27:165,109
> 7:False:12,28:165,108
sokoban-suboptimal/100/sokoban_p02_hyp-4_full.tar.bz2:0.714643001556:0.02477546:0.61
> 0:False:10,25:165,115
> 1:False:10,27:165,115
> 2:False:11,24:165,116
> 3:True:13,22:165,118
> 4:False:14,26:165,119
> 5:False:13,26:165,118
> 7:False:12,27:165,117
sokoban-suboptimal/100/sokoban_p03_hyp-1_full.tar.bz2:0.836544036865:0.06280649:0.84
> 0:True:14,24:387,108
> 1:False:12,27:387,106
> 2:False:14,28:387,108
> 3:False:13,28:387,107
> 4:False:19,34:387,113
> 5:False:12,27:387,106
> 6:False:11,28:387,105
> 7:False:13,27:387,107
sokoban-suboptimal/100/sokoban_p03_hyp-2_full.tar.bz2:0.848452091217:0.06692748:0.86
> 0:True:14,26:388,127
> 1:False:12,25:388,125
> 2:False:14,30:388,127
> 3:False:13,30:388,126
> 4:False:19,32:388,132
> 5:False:12,25:388,125
> 6:False:11,29:388,124
> 7:False:13,28:388,126
sokoban-suboptimal/100/sokoban_p03_hyp-3_full.tar.bz2:0.837654829025:0.06327205:0.84
> 0:False:14,30:388,119
> 1:False:12,29:388,117
> 2:True:14,25:388,119
> 3:False:13,27:388,118
> 4:False:19,33:388,124
> 5:False:12,29:388,117
> 6:False:11,27:388,116
> 7:False:13,30:388,118
sokoban-suboptimal/100/sokoban_p03_hyp-4_full.tar.bz2:0.837291002274:0.06046899:0.83
> 0:False:14,29:387,105
> 1:False:12,27:387,103
> 2:False:14,28:387,105
> 3:True:13,24:387,104
> 4:False:19,34:387,110
> 5:False:12,27:387,103
> 6:False:11,27:387,102
> 7:False:13,28:387,104
