sokoban-optimal/10/sokoban_p01_hyp-1_10_1.tar.bz2:280.542359829:277.9665:280.36
> 0:False:20,26:115301,41231
> 1:False:23,26:115301,41231
> 2:False:23,27:115989,41351
> 3:False:22,24:115301,41231
> 4:False:31,37:133066,47104
> 5:False:26,32:123861,44120
> 6:False:24,34:123861,44120
> 7:True:27,27:115989,41351
> 8:False:23,25:117581,41973
sokoban-optimal/10/sokoban_p01_hyp-1_10_2.tar.bz2:385.867994785:383.2926:385.68
> 0:False:20,26:115301,41231
> 1:False:23,30:115301,41231
> 2:False:23,33:115989,41351
> 3:True:22,24:115301,41231
> 4:False:31,41:133066,47104
> 5:False:26,36:123861,44120
> 6:False:24,32:123861,44120
> 7:False:27,31:115989,41351
> 8:False:23,31:117581,41973
sokoban-optimal/10/sokoban_p01_hyp-1_10_3.tar.bz2:284.050127983:281.5106:283.85
> 0:False:20,26:115301,41231
> 1:False:23,28:115301,41231
> 2:False:23,27:115989,41351
> 3:False:22,26:115301,41231
> 4:False:31,37:133066,47104
> 5:False:26,32:123861,44120
> 6:False:24,34:123861,44120
> 7:True:27,27:115989,41351
> 8:False:23,25:117581,41973
sokoban-optimal/10/sokoban_p01_hyp-2_10_1.tar.bz2:294.684619904:292.1261:294.49
> 0:False:20,24:115301,41231
> 1:False:23,26:115301,41231
> 2:False:23,28:115989,41351
> 3:False:22,28:115301,41231
> 4:False:31,37:133066,47104
> 5:False:26,32:123861,44120
> 6:False:24,32:123861,44120
> 7:False:27,31:115989,41351
> 8:True:23,23:117581,41973
sokoban-optimal/10/sokoban_p01_hyp-2_10_2.tar.bz2:301.110334158:298.5166:300.91
> 0:False:20,23:115301,41231
> 1:True:23,24:115301,41231
> 2:False:23,30:115989,41351
> 3:False:22,24:115301,41231
> 4:False:31,37:133066,47104
> 5:False:26,30:123861,44120
> 6:False:24,26:123861,44120
> 7:False:27,31:115989,41351
> 8:False:23,27:117581,41973
sokoban-optimal/10/sokoban_p01_hyp-2_10_3.tar.bz2:340.928436995:338.3638:340.75
> 0:False:20,27:115301,41231
> 1:True:23,24:115301,41231
> 2:False:23,30:115989,41351
> 3:False:22,30:115301,41231
> 4:False:31,37:133066,47104
> 5:False:26,30:123861,44120
> 6:False:24,36:123861,44120
> 7:False:27,29:115989,41351
> 8:False:23,29:117581,41973
sokoban-optimal/10/sokoban_p01_hyp-3_10_1.tar.bz2:440.951887131:438.3921:440.76
> 0:False:20,36:115301,41231
> 1:False:23,37:115301,41231
> 2:True:23,27:115989,41351
> 3:False:22,32:115301,41231
> 4:False:31,43:133066,47104
> 5:False:26,38:123861,44120
> 6:False:24,42:123861,44120
> 7:True:27,31:115989,41351
> 8:False:23,36:117581,41973
sokoban-optimal/10/sokoban_p01_hyp-3_10_2.tar.bz2:291.087363005:288.5039:290.87
> 0:False:20,24:115301,41231
> 1:False:23,26:115301,41231
> 2:False:23,27:115989,41351
> 3:True:22,24:115301,41231
> 4:False:31,37:133066,47104
> 5:False:26,30:123861,44120
> 6:False:24,30:123861,44120
> 7:True:27,29:115989,41351
> 8:True:23,25:117581,41973
sokoban-optimal/10/sokoban_p01_hyp-3_10_3.tar.bz2:280.122019053:277.5309:279.93
> 0:False:20,34:115301,41231
> 1:False:23,36:115301,41231
> 2:True:23,25:115989,41351
> 3:False:22,30:115301,41231
> 4:False:31,43:133066,47104
> 5:False:26,36:123861,44120
> 6:False:24,40:123861,44120
> 7:True:27,29:115989,41351
> 8:False:23,32:117581,41973
sokoban-optimal/10/sokoban_p01_hyp-4_10_1.tar.bz2:441.486255169:438.88552:441.26
> 0:True:20,22:115301,41231
> 1:False:23,26:115301,41231
> 2:False:23,29:115989,41351
> 3:True:22,24:115301,41231
> 4:False:31,39:133066,47104
> 5:False:26,30:123861,44120
> 6:False:24,28:123861,44120
> 7:False:27,31:115989,41351
> 8:False:23,31:117581,41973
sokoban-optimal/10/sokoban_p01_hyp-4_10_2.tar.bz2:337.320270061:334.7364:337.12
> 0:False:20,26:115301,41231
> 1:False:23,30:115301,41231
> 2:False:23,30:115989,41351
> 3:True:22,24:115301,41231
> 4:False:31,39:133066,47104
> 5:False:26,34:123861,44120
> 6:False:24,34:123861,44120
> 7:False:27,33:115989,41351
> 8:False:23,27:117581,41973
sokoban-optimal/10/sokoban_p01_hyp-4_10_3.tar.bz2:367.411250114:364.8436:367.21
> 0:False:20,24:115301,41231
> 1:False:23,27:115301,41231
> 2:False:23,27:115989,41351
> 3:True:22,24:115301,41231
> 4:False:31,35:133066,47104
> 5:False:26,30:123861,44120
> 6:False:24,28:123861,44120
> 7:False:27,31:115989,41351
> 8:True:23,25:117581,41973
sokoban-optimal/10/sokoban_p02_hyp-1_10_1.tar.bz2:1.7854449749:1.038179:1.67
> 0:True:14,16:4430,2116
> 1:False:11,17:4867,2279
> 2:False:15,21:6014,2752
> 3:False:16,20:5222,2434
> 4:False:23,27:6184,2803
> 5:False:18,22:5222,2434
> 7:True:17,19:5392,2485
sokoban-optimal/10/sokoban_p02_hyp-1_10_2.tar.bz2:1.68333697319:0.9465595:1.58
> 0:True:14,16:4430,2116
> 1:False:11,17:4867,2279
> 2:True:15,17:6014,2752
> 3:True:16,18:5222,2434
> 4:True:23,25:6184,2803
> 5:True:18,20:5222,2434
> 7:True:17,19:5392,2485
sokoban-optimal/10/sokoban_p02_hyp-1_10_3.tar.bz2:1.70934200287:0.976278:1.61
> 0:True:14,16:4430,2116
> 1:False:11,17:4867,2279
> 2:True:15,17:6014,2752
> 3:True:16,18:5222,2434
> 4:True:23,25:6184,2803
> 5:True:18,20:5222,2434
> 7:True:17,19:5392,2485
sokoban-optimal/10/sokoban_p02_hyp-2_10_1.tar.bz2:1.70378398895:0.9722108:1.6
> 0:True:14,16:4430,2116
> 1:False:11,15:4867,2279
> 2:False:15,18:6014,2752
> 3:True:16,18:5222,2434
> 4:True:23,25:6184,2803
> 5:False:18,21:5222,2434
> 7:True:17,19:5392,2485
sokoban-optimal/10/sokoban_p02_hyp-2_10_2.tar.bz2:1.76056790352:1.029246:1.65000000001
> 0:True:14,16:4430,2116
> 1:True:11,13:4867,2279
> 2:False:15,18:6014,2752
> 3:True:16,18:5222,2434
> 4:True:23,25:6184,2803
> 5:True:18,20:5222,2434
> 7:True:17,19:5392,2485
sokoban-optimal/10/sokoban_p02_hyp-2_10_3.tar.bz2:2.10842895508:1.3771332:2.01
> 0:True:14,16:4430,2116
> 1:False:11,15:4867,2279
> 2:False:15,18:6014,2752
> 3:True:16,18:5222,2434
> 4:True:23,25:6184,2803
> 5:True:18,20:5222,2434
> 7:False:17,21:5392,2485
sokoban-optimal/10/sokoban_p02_hyp-3_10_1.tar.bz2:1.73820996284:1.0052949:1.64
> 0:False:14,16:4430,2116
> 1:False:11,13:4867,2279
> 2:True:15,15:6014,2752
> 3:False:16,18:5222,2434
> 4:True:23,23:6184,2803
> 5:True:18,18:5222,2434
> 7:False:17,19:5392,2485
sokoban-optimal/10/sokoban_p02_hyp-3_10_2.tar.bz2:1.48626708984:0.7502942:1.38
> 2:True:15,15:6014,2752
> 4:True:23,23:6184,2803
> 7:False:17,19:5392,2485
sokoban-optimal/10/sokoban_p02_hyp-3_10_3.tar.bz2:1.73852396011:1.0046973:1.65
> 0:False:14,16:4430,2116
> 1:False:11,13:4867,2279
> 2:True:15,15:6014,2752
> 3:True:16,16:5222,2434
> 4:True:23,23:6184,2803
> 5:True:18,18:5222,2434
> 7:False:17,19:5392,2485
sokoban-optimal/10/sokoban_p02_hyp-4_10_1.tar.bz2:1.684445858:0.9468161:1.58
> 0:True:14,14:4430,2116
> 1:False:11,13:4867,2279
> 2:False:15,16:6014,2752
> 3:True:16,16:5222,2434
> 4:True:23,23:6184,2803
> 5:False:18,19:5222,2434
> 7:True:17,17:5392,2485
sokoban-optimal/10/sokoban_p02_hyp-4_10_2.tar.bz2:1.65305304527:0.9179643:1.56
> 0:False:14,18:4430,2116
> 1:False:11,19:4867,2279
> 2:False:15,18:6014,2752
> 3:True:16,16:5222,2434
> 4:False:23,25:6184,2803
> 5:False:18,24:5222,2434
> 7:False:17,21:5392,2485
sokoban-optimal/10/sokoban_p02_hyp-4_10_3.tar.bz2:1.6400308609:0.9112967:1.54
> 0:False:14,18:4430,2116
> 1:False:11,17:4867,2279
> 2:False:15,18:6014,2752
> 3:True:16,16:5222,2434
> 4:False:23,25:6184,2803
> 5:False:18,23:5222,2434
> 7:False:17,21:5392,2485
sokoban-optimal/10/sokoban_p03_hyp-1_10_1.tar.bz2:30.5563390255:29.29986:30.41
> 0:True:18,18:38302,14424
> 1:True:19,19:38302,14424
> 2:False:17,24:34926,13260
> 3:False:16,22:34926,13260
> 4:False:31,33:42044,15649
> 5:False:19,21:38302,14424
> 6:False:15,19:34926,13260
> 7:True:18,18:38302,14424
sokoban-optimal/10/sokoban_p03_hyp-1_10_2.tar.bz2:30.9030628204:29.61999:30.75
> 0:True:18,18:38302,14424
> 1:True:19,19:38302,14424
> 2:False:17,19:34926,13260
> 3:True:16,16:34926,13260
> 4:False:31,33:42044,15649
> 5:True:19,19:38302,14424
> 6:False:15,17:34926,13260
> 7:True:18,18:38302,14424
sokoban-optimal/10/sokoban_p03_hyp-1_10_3.tar.bz2:30.4440238476:29.17348:30.29
> 0:True:18,18:38302,14424
> 1:True:19,19:38302,14424
> 2:False:17,19:34926,13260
> 3:True:16,16:34926,13260
> 4:False:31,33:42044,15649
> 5:True:19,19:38302,14424
> 6:False:15,17:34926,13260
> 7:True:18,18:38302,14424
sokoban-optimal/10/sokoban_p03_hyp-2_10_1.tar.bz2:29.1121299267:27.84353:28.96
> 0:True:18,18:38302,14424
> 1:True:19,19:38302,14424
> 2:True:17,17:34926,13260
> 3:True:16,16:34926,13260
> 4:False:31,33:42044,15649
> 5:False:19,25:38302,14424
> 6:False:15,17:34926,13260
> 7:False:18,20:38302,14424
sokoban-optimal/10/sokoban_p03_hyp-2_10_2.tar.bz2:32.1294980049:30.85596:31.97
> 0:True:18,18:38302,14424
> 1:True:19,19:38302,14424
> 2:False:17,24:34926,13260
> 3:False:16,22:34926,13260
> 4:False:31,33:42044,15649
> 5:True:19,19:38302,14424
> 6:False:15,19:34926,13260
> 7:True:18,18:38302,14424
sokoban-optimal/10/sokoban_p03_hyp-2_10_3.tar.bz2:30.613779068:29.34167:30.47
> 0:True:18,18:38302,14424
> 1:True:19,19:38302,14424
> 2:False:17,18:34926,13260
> 3:True:16,16:34926,13260
> 4:False:31,33:42044,15649
> 5:False:19,21:38302,14424
> 6:True:15,15:34926,13260
> 7:True:18,18:38302,14424
sokoban-optimal/10/sokoban_p03_hyp-3_10_1.tar.bz2:36.1126029491:34.82884:35.95
> 0:False:18,26:38302,14424
> 1:False:19,25:38302,14424
> 2:True:17,17:34926,13260
> 3:False:16,18:34926,13260
> 4:False:31,37:42044,15649
> 5:False:19,27:38302,14424
> 6:True:15,15:34926,13260
> 7:False:18,24:38302,14424
sokoban-optimal/10/sokoban_p03_hyp-3_10_2.tar.bz2:35.0528891087:33.77896:34.9
> 0:False:18,20:38302,14424
> 1:True:19,19:38302,14424
> 2:True:17,17:34926,13260
> 3:False:16,18:34926,13260
> 4:False:31,33:42044,15649
> 5:False:19,25:38302,14424
> 6:False:15,17:34926,13260
> 7:False:18,20:38302,14424
sokoban-optimal/10/sokoban_p03_hyp-3_10_3.tar.bz2:33.7067570686:32.41675:33.54
> 0:True:18,18:38302,14424
> 1:True:19,19:38302,14424
> 2:False:17,19:34926,13260
> 3:True:16,16:34926,13260
> 4:False:31,33:42044,15649
> 5:True:19,19:38302,14424
> 6:False:15,17:34926,13260
> 7:False:18,20:38302,14424
sokoban-optimal/10/sokoban_p03_hyp-4_10_1.tar.bz2:32.5970439911:31.33306:32.45
> 0:True:18,18:38302,14424
> 1:True:19,19:38302,14424
> 2:False:17,19:34926,13260
> 3:True:16,16:34926,13260
> 4:False:31,33:42044,15649
> 5:True:19,19:38302,14424
> 6:False:15,17:34926,13260
> 7:False:18,20:38302,14424
sokoban-optimal/10/sokoban_p03_hyp-4_10_2.tar.bz2:33.430793047:32.16236:33.28
> 0:False:18,22:38302,14424
> 1:False:19,25:38302,14424
> 2:False:17,24:34926,13260
> 3:True:16,16:34926,13260
> 4:False:31,33:42044,15649
> 5:False:19,25:38302,14424
> 6:False:15,19:34926,13260
> 7:False:18,21:38302,14424
sokoban-optimal/10/sokoban_p03_hyp-4_10_3.tar.bz2:31.2545981407:29.97604:31.1
> 0:True:18,18:38302,14424
> 1:True:19,19:38302,14424
> 2:False:17,19:34926,13260
> 3:False:16,18:34926,13260
> 4:False:31,33:42044,15649
> 5:True:19,19:38302,14424
> 6:False:15,17:34926,13260
> 7:True:18,18:38302,14424
sokoban-optimal/30/sokoban_p01_hyp-1_30_1.tar.bz2:426.162652969:423.5523:425.94
> 0:False:20,26:115306,41236
> 1:False:23,34:115306,41236
> 2:False:23,34:115994,41356
> 3:True:22,26:115306,41236
> 4:False:31,47:133071,47109
> 5:False:26,40:123866,44125
> 6:False:24,38:123866,44125
> 7:False:27,37:115994,41356
> 8:False:23,35:117586,41978
sokoban-optimal/30/sokoban_p01_hyp-1_30_2.tar.bz2:345.598585844:342.9658:345.36
> 0:True:20,26:115306,41236
> 1:False:23,34:115306,41236
> 2:False:23,36:115994,41356
> 3:True:22,28:115306,41236
> 4:False:31,47:133071,47109
> 5:False:26,40:123866,44125
> 6:False:24,38:123866,44125
> 7:False:27,37:115994,41356
> 8:False:23,35:117586,41978
sokoban-optimal/30/sokoban_p01_hyp-1_30_3.tar.bz2:251.667488098:249.1225:251.48
> 0:False:20,26:115306,41236
> 1:False:23,30:115306,41236
> 2:False:23,31:115994,41356
> 3:False:22,28:115306,41236
> 4:False:31,41:133071,47109
> 5:False:26,36:123866,44125
> 6:False:24,38:123866,44125
> 7:True:27,31:115994,41356
> 8:False:23,31:117586,41978
sokoban-optimal/30/sokoban_p01_hyp-2_30_1.tar.bz2:272.266649961:269.7023:272.09
> 0:False:20,24:115306,41236
> 1:True:23,26:115306,41236
> 2:False:23,27:115994,41356
> 3:False:22,31:115306,41236
> 4:False:31,37:133071,47109
> 5:False:26,32:123866,44125
> 6:False:24,36:123866,44125
> 7:False:27,31:115994,41356
> 8:False:23,27:117586,41978
sokoban-optimal/30/sokoban_p01_hyp-2_30_2.tar.bz2:303.137995005:300.4989:302.9
> 0:False:20,25:115306,41236
> 1:True:23,26:115306,41236
> 2:False:23,35:115994,41356
> 3:False:22,32:115306,41236
> 4:False:31,43:133071,47109
> 5:False:26,36:123866,44125
> 6:False:24,40:123866,44125
> 7:False:27,34:115994,41356
> 8:False:23,31:117586,41978
sokoban-optimal/30/sokoban_p01_hyp-2_30_3.tar.bz2:305.920249939:303.2997:305.69
> 0:False:20,25:115306,41236
> 1:True:23,26:115306,41236
> 2:False:23,34:115994,41356
> 3:False:22,34:115306,41236
> 4:False:31,43:133071,47109
> 5:False:26,36:123866,44125
> 6:False:24,42:123866,44125
> 7:False:27,35:115994,41356
> 8:False:23,29:117586,41978
sokoban-optimal/30/sokoban_p01_hyp-3_30_1.tar.bz2:167.541280985:164.94129:167.34
> 2:True:23,25:115995,41357
sokoban-optimal/30/sokoban_p01_hyp-3_30_2.tar.bz2:260.453243971:257.837:260.24
> 0:False:20,39:115307,41237
> 1:False:23,39:115307,41237
> 2:True:23,27:115995,41357
> 3:False:22,38:115307,41237
> 4:False:31,51:133072,47110
> 5:False:26,44:123867,44126
> 6:False:24,46:123867,44126
> 7:False:27,33:115995,41357
> 8:False:23,41:117587,41979
sokoban-optimal/30/sokoban_p01_hyp-3_30_3.tar.bz2:259.314146996:256.7329:259.13
> 0:False:20,29:115307,41237
> 1:False:23,29:115307,41237
> 2:True:23,27:115995,41357
> 3:False:22,36:115307,41237
> 4:False:31,43:133072,47110
> 5:False:26,36:123867,44126
> 6:False:24,38:123867,44126
> 7:False:27,33:115995,41357
> 8:False:23,30:117587,41979
sokoban-optimal/30/sokoban_p01_hyp-4_30_1.tar.bz2:524.251296043:521.5403:523.97
> 0:False:20,32:115307,41237
> 1:False:23,37:115307,41237
> 2:False:23,38:115995,41357
> 3:True:22,26:115307,41237
> 4:False:31,51:133072,47110
> 5:False:26,44:123867,44126
> 6:False:24,38:123867,44126
> 7:False:27,37:115995,41357
> 8:False:23,39:117587,41979
sokoban-optimal/30/sokoban_p01_hyp-4_30_2.tar.bz2:311.625888824:308.9406:311.38
> 0:False:20,33:115306,41236
> 1:False:23,37:115306,41236
> 2:False:23,34:115994,41356
> 3:True:22,27:115306,41236
> 4:False:31,45:133071,47109
> 5:False:26,40:123866,44125
> 6:False:24,44:123866,44125
> 7:False:27,35:115994,41356
> 8:False:23,33:117586,41978
sokoban-optimal/30/sokoban_p01_hyp-4_30_3.tar.bz2:597.033811092:594.3199:596.77
> 0:False:20,36:115307,41237
> 1:False:23,40:115307,41237
> 2:False:23,42:115995,41357
> 3:True:22,26:115307,41237
> 4:False:31,53:133072,47110
> 5:False:26,44:123867,44126
> 6:False:24,42:123867,44126
> 7:False:27,41:115995,41357
> 8:False:23,43:117587,41979
sokoban-optimal/30/sokoban_p02_hyp-1_30_1.tar.bz2:1.68254303932:0.9169426:1.55
> 0:True:14,16:4433,2119
> 1:False:11,21:4870,2282
> 2:False:15,24:6017,2755
> 3:False:16,23:5225,2437
> 4:False:23,27:6187,2806
> 5:False:18,24:5225,2437
> 7:False:17,21:5395,2488
sokoban-optimal/30/sokoban_p02_hyp-1_30_2.tar.bz2:1.68863296509:0.948303:1.58
> 0:True:14,14:4433,2119
> 1:False:11,21:4870,2282
> 2:False:15,26:6017,2755
> 3:False:16,26:5225,2437
> 4:False:23,29:6187,2806
> 5:False:18,25:5225,2437
> 7:False:17,21:5395,2488
sokoban-optimal/30/sokoban_p02_hyp-1_30_3.tar.bz2:1.68257594109:0.9393301:1.58
> 0:True:14,16:4433,2119
> 1:False:11,23:4870,2282
> 2:False:15,19:6017,2755
> 3:False:16,23:5225,2437
> 4:False:23,27:6187,2806
> 5:False:18,24:5225,2437
> 7:False:17,21:5395,2488
sokoban-optimal/30/sokoban_p02_hyp-2_30_1.tar.bz2:1.3535130024:0.6085218:1.25
> 1:True:11,13:4870,2282
sokoban-optimal/30/sokoban_p02_hyp-2_30_2.tar.bz2:1.77548694611:1.0311068:1.68
> 0:False:14,17:4433,2119
> 1:False:11,15:4870,2282
> 2:False:15,22:6017,2755
> 3:False:16,21:5225,2437
> 4:True:23,25:6187,2806
> 5:False:18,21:5225,2437
> 7:False:17,21:5395,2488
sokoban-optimal/30/sokoban_p02_hyp-2_30_3.tar.bz2:1.34578418732:0.6041394:1.24
> 1:True:11,15:4870,2282
sokoban-optimal/30/sokoban_p02_hyp-3_30_1.tar.bz2:1.49991416931:0.7579948:1.4
> 2:True:15,15:6017,2755
> 4:True:23,23:6187,2806
> 7:False:17,23:5395,2488
sokoban-optimal/30/sokoban_p02_hyp-3_30_2.tar.bz2:1.43027615547:0.6916651:1.34
> 2:True:15,15:6017,2755
> 4:True:23,23:6187,2806
sokoban-optimal/30/sokoban_p02_hyp-3_30_3.tar.bz2:1.64602303505:0.9040996:1.53
> 0:False:14,18:4433,2119
> 1:False:11,21:4870,2282
> 2:True:15,15:6017,2755
> 3:False:16,20:5225,2437
> 4:True:23,23:6187,2806
> 5:False:18,20:5225,2437
> 7:False:17,23:5395,2488
sokoban-optimal/30/sokoban_p02_hyp-4_30_1.tar.bz2:1.58715510368:0.8474626:1.47
> 2:False:15,23:6017,2755
> 3:True:16,16:5225,2437
> 4:False:23,25:6187,2806
> 5:False:18,27:5225,2437
sokoban-optimal/30/sokoban_p02_hyp-4_30_2.tar.bz2:1.56414413452:0.8233284:1.46
> 2:False:15,21:6017,2755
> 3:True:16,16:5225,2437
> 4:True:23,23:6187,2806
> 5:False:18,27:5225,2437
sokoban-optimal/30/sokoban_p02_hyp-4_30_3.tar.bz2:1.57850003242:0.8358747:1.48
> 2:False:15,20:6017,2755
> 3:True:16,16:5225,2437
> 4:False:23,27:6187,2806
> 5:False:18,24:5225,2437
sokoban-optimal/30/sokoban_p03_hyp-1_30_1.tar.bz2:26.6718370914:25.39979:26.53
> 0:True:18,18:38306,14428
> 1:True:19,19:38306,14428
> 2:False:17,26:34930,13264
> 3:False:16,24:34930,13264
> 4:False:31,33:42048,15653
> 5:False:19,21:38306,14428
> 6:False:15,25:34930,13264
> 7:False:18,20:38306,14428
sokoban-optimal/30/sokoban_p03_hyp-1_30_2.tar.bz2:24.622893095:23.379779:24.48
> 0:True:18,18:38306,14428
> 1:True:19,19:38306,14428
> 4:False:31,33:42048,15653
> 5:False:19,25:38306,14428
> 7:False:18,22:38306,14428
sokoban-optimal/30/sokoban_p03_hyp-1_30_3.tar.bz2:28.5974850655:27.3292:28.44
> 0:True:18,18:38306,14428
> 1:True:19,19:38306,14428
> 2:False:17,24:34930,13264
> 3:False:16,28:34930,13264
> 4:False:31,35:42048,15653
> 5:False:19,27:38306,14428
> 6:False:15,28:34930,13264
> 7:False:18,20:38306,14428
sokoban-optimal/30/sokoban_p03_hyp-2_30_1.tar.bz2:26.9689500332:25.71199:26.82
> 0:True:18,18:38306,14428
> 1:True:19,19:38306,14428
> 2:False:17,24:34930,13264
> 3:False:16,24:34930,13264
> 4:False:31,35:42048,15653
> 5:False:19,27:38306,14428
> 6:False:15,22:34930,13264
> 7:False:18,20:38306,14428
sokoban-optimal/30/sokoban_p03_hyp-2_30_2.tar.bz2:22.6099569798:21.366674:22.47
> 0:False:18,20:38306,14428
> 1:True:19,19:38306,14428
> 4:False:31,33:42048,15653
> 5:False:19,21:38306,14428
> 7:False:18,22:38306,14428
sokoban-optimal/30/sokoban_p03_hyp-2_30_3.tar.bz2:29.0973148346:27.83478:28.95
> 0:False:18,20:38306,14428
> 1:True:19,19:38306,14428
> 2:False:17,22:34930,13264
> 3:False:16,20:34930,13264
> 4:False:31,35:42048,15653
> 5:False:19,28:38306,14428
> 6:False:15,18:34930,13264
> 7:False:18,20:38306,14428
sokoban-optimal/30/sokoban_p03_hyp-3_30_1.tar.bz2:33.5212409496:32.2591:33.37
> 0:False:18,28:38306,14428
> 1:False:19,25:38306,14428
> 2:True:17,19:34930,13264
> 3:False:16,22:34930,13264
> 4:False:31,35:42048,15653
> 5:False:19,25:38306,14428
> 6:False:15,23:34930,13264
> 7:False:18,30:38306,14428
sokoban-optimal/30/sokoban_p03_hyp-3_30_2.tar.bz2:35.8269059658:34.56063:35.67
> 0:False:18,26:38306,14428
> 1:False:19,23:38306,14428
> 2:True:17,17:34930,13264
> 3:False:16,24:34930,13264
> 4:False:31,35:42048,15653
> 5:False:19,29:38306,14428
> 6:False:15,25:34930,13264
> 7:False:18,30:38306,14428
sokoban-optimal/30/sokoban_p03_hyp-3_30_3.tar.bz2:33.5119419098:32.25232:33.35
> 0:False:18,26:38306,14428
> 1:False:19,25:38306,14428
> 2:True:17,19:34930,13264
> 3:False:16,22:34930,13264
> 4:False:31,35:42048,15653
> 5:False:19,29:38306,14428
> 6:False:15,25:34930,13264
> 7:False:18,30:38306,14428
sokoban-optimal/30/sokoban_p03_hyp-4_30_1.tar.bz2:32.7527501583:31.49902:32.61
> 0:False:18,24:38306,14428
> 1:False:19,27:38306,14428
> 2:False:17,25:34930,13264
> 3:True:16,18:34930,13264
> 4:False:31,35:42048,15653
> 5:True:19,21:38306,14428
> 6:False:15,25:34930,13264
> 7:False:18,27:38306,14428
sokoban-optimal/30/sokoban_p03_hyp-4_30_2.tar.bz2:38.9783120155:37.71093:38.82
> 0:False:18,26:38306,14428
> 1:False:19,27:38306,14428
> 2:False:17,26:34930,13264
> 3:True:16,18:34930,13264
> 4:False:31,39:42048,15653
> 5:False:19,27:38306,14428
> 6:False:15,24:34930,13264
> 7:False:18,27:38306,14428
sokoban-optimal/30/sokoban_p03_hyp-4_30_3.tar.bz2:50.4630410671:49.16702:50.29
> 0:False:18,26:38306,14428
> 1:False:19,27:38306,14428
> 2:False:17,21:34930,13264
> 3:True:16,18:34930,13264
> 4:False:31,35:42048,15653
> 5:False:19,27:38306,14428
> 6:False:15,23:34930,13264
> 7:False:18,30:38306,14428
sokoban-optimal/50/sokoban_p01_hyp-1_50_1.tar.bz2:299.112193108:296.54795:298.92
> 0:True:20,26:115311,41241
> 1:False:23,34:115311,41241
> 2:False:23,41:115999,41361
> 3:False:22,39:115311,41241
> 4:False:31,49:133076,47114
> 5:False:26,44:123871,44130
> 6:False:24,42:123871,44130
> 7:False:27,43:115999,41361
> 8:False:23,37:117591,41983
sokoban-optimal/50/sokoban_p01_hyp-1_50_2.tar.bz2:247.949486971:245.40378:247.76
> 0:False:20,26:115311,41241
> 1:False:23,30:115311,41241
> 2:False:23,30:115999,41361
> 3:False:22,32:115311,41241
> 4:False:31,41:133076,47114
> 5:False:26,34:123871,44130
> 6:False:24,42:123871,44130
> 7:True:27,30:115999,41361
> 8:False:23,32:117591,41983
sokoban-optimal/50/sokoban_p01_hyp-1_50_3.tar.bz2:290.31040597:287.78538:290.13
> 0:True:20,26:115311,41241
> 1:False:23,34:115311,41241
> 2:False:23,41:115999,41361
> 3:False:22,36:115311,41241
> 4:False:31,49:133076,47114
> 5:False:26,42:123871,44130
> 6:False:24,38:123871,44130
> 7:False:27,41:115999,41361
> 8:False:23,39:117591,41983
sokoban-optimal/50/sokoban_p01_hyp-2_50_1.tar.bz2:261.284780979:258.7235:261.12
> 0:False:20,31:115311,41241
> 1:True:23,26:115311,41241
> 2:False:23,38:115999,41361
> 3:False:22,36:115311,41241
> 4:False:31,41:133076,47114
> 5:False:26,32:123871,44130
> 6:False:24,43:123871,44130
> 7:False:27,37:115999,41361
> 8:False:23,39:117591,41983
sokoban-optimal/50/sokoban_p01_hyp-2_50_2.tar.bz2:268.370347023:265.81862:268.19
> 0:False:20,31:115311,41241
> 1:True:23,26:115311,41241
> 2:False:23,37:115999,41361
> 3:False:22,34:115311,41241
> 4:False:31,41:133076,47114
> 5:False:26,34:123871,44130
> 6:False:24,42:123871,44130
> 7:False:27,33:115999,41361
> 8:False:23,39:117591,41983
sokoban-optimal/50/sokoban_p01_hyp-2_50_3.tar.bz2:271.352619886:268.8314:271.17
> 0:False:20,33:115311,41241
> 1:True:23,26:115311,41241
> 2:False:23,40:115999,41361
> 3:False:22,39:115311,41241
> 4:False:31,41:133076,47114
> 5:False:26,36:123871,44130
> 6:False:24,44:123871,44130
> 7:False:27,39:115999,41361
> 8:False:23,37:117591,41983
sokoban-optimal/50/sokoban_p01_hyp-3_50_1.tar.bz2:284.410948038:281.8422:284.24
> 0:False:20,43:115312,41242
> 1:False:23,42:115312,41242
> 2:True:23,27:116000,41362
> 3:False:22,42:115312,41242
> 4:False:31,51:133077,47115
> 5:False:26,44:123872,44131
> 6:False:24,50:123872,44131
> 7:False:27,33:116000,41362
> 8:False:23,42:117592,41984
sokoban-optimal/50/sokoban_p01_hyp-3_50_2.tar.bz2:297.188853979:294.623:297.0
> 0:False:20,42:115312,41242
> 1:False:23,44:115312,41242
> 2:True:23,27:116000,41362
> 3:False:22,38:115312,41242
> 4:False:31,51:133077,47115
> 5:False:26,44:123872,44131
> 6:False:24,50:123872,44131
> 7:False:27,33:116000,41362
> 8:False:23,41:117592,41984
sokoban-optimal/50/sokoban_p01_hyp-3_50_3.tar.bz2:162.716359854:160.20096:162.54
> 2:True:23,27:116000,41362
sokoban-optimal/50/sokoban_p01_hyp-4_50_1.tar.bz2:329.221944809:326.6586:329.04
> 0:False:20,38:115312,41242
> 1:False:23,42:115312,41242
> 2:False:23,44:116000,41362
> 3:True:22,26:115312,41242
> 4:False:31,53:133077,47115
> 5:False:26,46:123872,44131
> 6:False:24,42:123872,44131
> 7:False:27,43:116000,41362
> 8:False:23,45:117592,41984
sokoban-optimal/50/sokoban_p01_hyp-4_50_2.tar.bz2:1175.37415004:1172.7708:1175.16
> 0:False:20,38:115311,41241
> 1:False:23,43:115311,41241
> 2:False:23,44:115999,41361
> 3:True:22,27:115311,41241
> 4:False:31,59:133076,47114
> 5:False:26,50:123871,44130
> 6:False:24,44:123871,44130
> 7:False:27,43:115999,41361
> 8:False:23,43:117591,41983
sokoban-optimal/50/sokoban_p01_hyp-4_50_3.tar.bz2:315.377498865:312.8262:315.17
> 0:False:20,38:115312,41242
> 1:False:23,41:115312,41242
> 2:False:23,42:116000,41362
> 3:True:22,26:115312,41242
> 4:False:31,53:133077,47115
> 5:False:26,46:123872,44131
> 6:False:24,42:123872,44131
> 7:False:27,41:116000,41362
> 8:False:23,43:117592,41984
sokoban-optimal/50/sokoban_p02_hyp-1_50_1.tar.bz2:1.62328600883:0.8757465:1.51
> 0:True:14,16:4436,2122
> 1:False:11,23:4873,2285
> 2:False:15,24:6020,2758
> 3:False:16,24:5228,2440
> 4:False:23,27:6190,2809
> 5:False:18,24:5228,2440
> 7:False:17,21:5398,2491
sokoban-optimal/50/sokoban_p02_hyp-1_50_2.tar.bz2:1.6864027977:0.9589206:1.58
> 0:True:14,15:4436,2122
> 1:False:11,21:4873,2285
> 2:False:15,19:6020,2758
> 3:False:16,23:5228,2440
> 4:False:23,25:6190,2809
> 5:False:18,26:5228,2440
> 7:False:17,19:5398,2491
sokoban-optimal/50/sokoban_p02_hyp-1_50_3.tar.bz2:1.61857008934:0.8833506:1.52
> 0:True:14,16:4436,2122
> 1:False:11,21:4873,2285
> 2:True:15,17:6020,2758
> 3:False:16,21:5228,2440
> 4:True:23,25:6190,2809
> 5:False:18,24:5228,2440
> 7:True:17,19:5398,2491
sokoban-optimal/50/sokoban_p02_hyp-2_50_1.tar.bz2:1.80701780319:1.0776436:1.71
> 0:False:14,23:4436,2122
> 1:True:11,15:4873,2285
> 2:False:15,28:6020,2758
> 3:False:16,26:5228,2440
> 4:False:23,33:6190,2809
> 5:False:18,28:5228,2440
> 7:False:17,27:5398,2491
sokoban-optimal/50/sokoban_p02_hyp-2_50_2.tar.bz2:1.32987093925:0.6000627:1.23
> 1:True:11,15:4873,2285
sokoban-optimal/50/sokoban_p02_hyp-2_50_3.tar.bz2:1.87266492844:1.1460558:1.77
> 0:False:14,22:4436,2122
> 1:True:11,15:4873,2285
> 2:False:15,27:6020,2758
> 3:False:16,28:5228,2440
> 4:False:23,33:6190,2809
> 5:False:18,26:5228,2440
> 7:False:17,27:5398,2491
sokoban-optimal/50/sokoban_p02_hyp-3_50_1.tar.bz2:1.44620203972:0.7133679:1.34
> 2:True:15,15:6020,2758
> 4:True:23,23:6190,2809
> 7:False:17,24:5398,2491
sokoban-optimal/50/sokoban_p02_hyp-3_50_2.tar.bz2:1.54608893394:0.8149806:1.46
> 2:True:15,15:6020,2758
> 3:False:16,19:5228,2440
> 4:True:23,23:6190,2809
> 5:False:18,22:5228,2440
sokoban-optimal/50/sokoban_p02_hyp-3_50_3.tar.bz2:1.41397118568:0.6849332:1.31
> 2:True:15,15:6020,2758
> 4:True:23,23:6190,2809
sokoban-optimal/50/sokoban_p02_hyp-4_50_1.tar.bz2:1.48644185066:0.7562911:1.39
> 2:False:15,20:6020,2758
> 3:True:16,16:5228,2440
> 4:False:23,27:6190,2809
> 5:False:18,25:5228,2440
sokoban-optimal/50/sokoban_p02_hyp-4_50_2.tar.bz2:1.68635487556:0.9565248:1.58
> 0:False:14,22:4436,2122
> 1:False:11,21:4873,2285
> 2:False:15,16:6020,2758
> 3:True:16,16:5228,2440
> 4:True:23,23:6190,2809
> 5:False:18,21:5228,2440
> 7:False:17,26:5398,2491
sokoban-optimal/50/sokoban_p02_hyp-4_50_3.tar.bz2:1.49906992912:0.7696482:1.4
> 2:False:15,18:6020,2758
> 3:True:16,16:5228,2440
> 4:False:23,25:6190,2809
> 5:False:18,25:5228,2440
sokoban-optimal/50/sokoban_p03_hyp-1_50_1.tar.bz2:27.9328651428:26.68677:27.8
> 0:True:18,18:38309,14431
> 1:True:19,19:38309,14431
> 2:False:17,26:34933,13267
> 3:False:16,28:34933,13267
> 4:False:31,35:42051,15656
> 5:False:19,28:38309,14431
> 6:False:15,30:34933,13267
> 7:False:18,22:38309,14431
sokoban-optimal/50/sokoban_p03_hyp-1_50_2.tar.bz2:24.6369609833:23.400243:24.51
> 0:True:18,18:38309,14431
> 1:True:19,19:38309,14431
> 4:False:31,33:42051,15656
> 5:False:19,27:38309,14431
> 7:False:18,20:38309,14431
sokoban-optimal/50/sokoban_p03_hyp-1_50_3.tar.bz2:27.3319098949:26.07814:27.17
> 0:True:18,18:38309,14431
> 1:False:19,21:38309,14431
> 2:False:17,28:34933,13267
> 3:False:16,25:34933,13267
> 4:False:31,35:42051,15656
> 5:False:19,28:38309,14431
> 6:False:15,27:34933,13267
> 7:False:18,22:38309,14431
sokoban-optimal/50/sokoban_p03_hyp-2_50_1.tar.bz2:27.5860950947:26.32583:27.44
> 0:False:18,20:38310,14432
> 1:True:19,19:38310,14432
> 2:False:17,28:34934,13268
> 3:False:16,26:34934,13268
> 4:False:31,33:42052,15657
> 5:False:19,23:38310,14432
> 6:False:15,29:34934,13268
> 7:False:18,24:38310,14432
sokoban-optimal/50/sokoban_p03_hyp-2_50_2.tar.bz2:23.2968239784:22.057161:23.17
> 0:False:18,24:38310,14432
> 1:True:19,19:38310,14432
> 4:False:31,33:42052,15657
> 5:False:19,27:38310,14432
> 7:False:18,28:38310,14432
sokoban-optimal/50/sokoban_p03_hyp-2_50_3.tar.bz2:23.970277071:22.71951:23.83
> 0:False:18,20:38310,14432
> 1:True:19,19:38310,14432
> 4:False:31,33:42052,15657
> 5:False:19,27:38310,14432
> 7:False:18,22:38310,14432
sokoban-optimal/50/sokoban_p03_hyp-3_50_1.tar.bz2:40.0358600616:38.76579:39.88
> 0:False:18,34:38310,14432
> 1:False:19,31:38310,14432
> 2:True:17,19:34934,13268
> 3:False:16,28:34934,13268
> 4:False:31,39:42052,15657
> 5:False:19,33:38310,14432
> 6:False:15,29:34934,13268
> 7:False:18,32:38310,14432
sokoban-optimal/50/sokoban_p03_hyp-3_50_2.tar.bz2:35.8198359013:34.54236:35.67
> 0:False:18,30:38310,14432
> 1:False:19,25:38310,14432
> 2:True:17,19:34934,13268
> 3:False:16,26:34934,13268
> 4:False:31,35:42052,15657
> 5:False:19,31:38310,14432
> 6:False:15,28:34934,13268
> 7:False:18,32:38310,14432
sokoban-optimal/50/sokoban_p03_hyp-3_50_3.tar.bz2:49.7000620365:48.42692:49.56
> 0:False:18,34:38310,14432
> 1:False:19,31:38310,14432
> 2:True:17,19:34934,13268
> 3:False:16,32:34934,13268
> 4:False:31,39:42052,15657
> 5:False:19,33:38310,14432
> 6:False:15,29:34934,13268
> 7:False:18,32:38310,14432
sokoban-optimal/50/sokoban_p03_hyp-4_50_1.tar.bz2:36.7523860931:35.48068:36.6
> 0:False:18,32:38309,14431
> 1:False:19,31:38309,14431
> 2:False:17,28:34933,13267
> 3:True:16,18:34933,13267
> 4:False:31,39:42051,15656
> 5:False:19,26:38309,14431
> 6:False:15,25:34933,13267
> 7:False:18,33:38309,14431
sokoban-optimal/50/sokoban_p03_hyp-4_50_2.tar.bz2:31.8290839195:30.55467:31.67
> 0:False:18,30:38309,14431
> 1:False:19,27:38309,14431
> 2:False:17,26:34933,13267
> 3:True:16,18:34933,13267
> 4:False:31,39:42051,15656
> 5:False:19,28:38309,14431
> 6:False:15,21:34933,13267
> 7:False:18,29:38309,14431
sokoban-optimal/50/sokoban_p03_hyp-4_50_3.tar.bz2:61.5421259403:60.23864:61.36
> 0:False:18,32:38309,14431
> 1:False:19,31:38309,14431
> 2:False:17,28:34933,13267
> 3:True:16,18:34933,13267
> 4:False:31,39:42051,15656
> 5:False:19,31:38309,14431
> 6:False:15,24:34933,13267
> 7:False:18,33:38309,14431
sokoban-optimal/70/sokoban_p01_hyp-1_70_1.tar.bz2:244.220146894:241.64622:244.03
> 0:True:20,26:115317,41247
> 1:False:23,30:115317,41247
> 2:False:23,39:116005,41367
> 3:False:22,38:115317,41247
> 4:False:31,45:133082,47120
> 5:False:26,42:123877,44136
> 6:False:24,42:123877,44136
> 7:False:27,41:116005,41367
> 8:False:23,37:117597,41989
sokoban-optimal/70/sokoban_p01_hyp-1_70_2.tar.bz2:234.440561056:231.85274:234.26
> 0:True:20,26:115317,41247
> 1:False:23,30:115317,41247
> 2:False:23,36:116005,41367
> 3:False:22,33:115317,41247
> 4:False:31,45:133082,47120
> 5:False:26,38:123877,44136
> 6:False:24,42:123877,44136
> 7:False:27,35:116005,41367
> 8:False:23,37:117597,41989
sokoban-optimal/70/sokoban_p01_hyp-1_70_3.tar.bz2:300.7967031:298.17721:300.57
> 0:True:20,26:115317,41247
> 1:False:23,32:115317,41247
> 2:False:23,41:116005,41367
> 3:False:22,38:115317,41247
> 4:False:31,47:133082,47120
> 5:False:26,44:123877,44136
> 6:False:24,40:123877,44136
> 7:False:27,41:116005,41367
> 8:False:23,39:117597,41989
sokoban-optimal/70/sokoban_p01_hyp-2_70_1.tar.bz2:318.167864799:315.581:317.97
> 0:False:20,31:115317,41247
> 1:True:23,26:115317,41247
> 2:False:23,42:116005,41367
> 3:False:22,42:115317,41247
> 4:False:31,43:133082,47120
> 5:False:26,38:123877,44136
> 6:False:24,47:123877,44136
> 7:False:27,40:116005,41367
> 8:False:23,37:117597,41989
sokoban-optimal/70/sokoban_p01_hyp-2_70_2.tar.bz2:253.182518959:250.53458:252.96
> 0:False:20,33:115317,41247
> 1:True:23,26:115317,41247
> 2:False:23,40:116005,41367
> 3:False:22,43:115317,41247
> 4:False:31,43:133082,47120
> 5:False:26,40:123877,44136
> 6:False:24,46:123877,44136
> 7:False:27,40:116005,41367
> 8:False:23,43:117597,41989
sokoban-optimal/70/sokoban_p01_hyp-2_70_3.tar.bz2:264.394252062:261.7849:264.21
> 0:False:20,33:115317,41247
> 1:True:23,26:115317,41247
> 2:False:23,42:116005,41367
> 3:False:22,42:115317,41247
> 4:False:31,43:133082,47120
> 5:False:26,40:123877,44136
> 6:False:24,47:123877,44136
> 7:False:27,40:116005,41367
> 8:False:23,43:117597,41989
sokoban-optimal/70/sokoban_p01_hyp-3_70_1.tar.bz2:238.358715057:235.7729:238.18
> 0:False:20,42:115317,41247
> 1:False:23,44:115317,41247
> 2:True:23,27:116005,41367
> 3:False:22,40:115317,41247
> 4:False:31,51:133082,47120
> 5:False:26,44:123877,44136
> 6:False:24,50:123877,44136
> 7:False:27,33:116005,41367
> 8:False:23,41:117597,41989
sokoban-optimal/70/sokoban_p01_hyp-3_70_2.tar.bz2:167.344591141:164.76033:167.16
> 2:True:23,27:116005,41367
sokoban-optimal/70/sokoban_p01_hyp-3_70_3.tar.bz2:162.135090113:159.6007:161.96
> 2:True:23,27:116005,41367
sokoban-optimal/70/sokoban_p01_hyp-4_70_1.tar.bz2:313.552712917:310.9552:313.34
> 0:False:20,39:115317,41247
> 1:False:23,41:115317,41247
> 2:False:23,44:116005,41367
> 3:True:22,26:115317,41247
> 4:False:31,57:133082,47120
> 5:False:26,48:123877,44136
> 6:False:24,44:123877,44136
> 7:False:27,41:116005,41367
> 8:False:23,45:117597,41989
sokoban-optimal/70/sokoban_p01_hyp-4_70_2.tar.bz2:367.081732035:364.5239:366.9
> 0:False:20,34:115317,41247
> 1:False:23,39:115317,41247
> 2:False:23,40:116005,41367
> 3:True:22,26:115317,41247
> 4:False:31,55:133082,47120
> 5:False:26,46:123877,44136
> 6:False:24,40:123877,44136
> 7:False:27,39:116005,41367
> 8:False:23,39:117597,41989
sokoban-optimal/70/sokoban_p01_hyp-4_70_3.tar.bz2:458.458920956:455.8974:458.28
> 0:False:20,39:115317,41247
> 1:False:23,43:115317,41247
> 2:False:23,44:116005,41367
> 3:True:22,27:115317,41247
> 4:False:31,59:133082,47120
> 5:False:26,50:123877,44136
> 6:False:24,46:123877,44136
> 7:False:27,43:116005,41367
> 8:False:23,43:117597,41989
sokoban-optimal/70/sokoban_p02_hyp-1_70_1.tar.bz2:1.57842803001:0.827338:1.46000000001
> 0:True:14,16:4440,2126
> 1:False:11,23:4877,2289
> 2:False:15,28:6024,2762
> 3:False:16,28:5232,2444
> 4:False:23,29:6194,2813
> 5:False:18,26:5232,2444
> 7:False:17,21:5402,2495
sokoban-optimal/70/sokoban_p02_hyp-1_70_2.tar.bz2:1.60764694214:0.8743569:1.51
> 0:True:14,16:4440,2126
> 1:False:11,23:4877,2289
> 2:False:15,23:6024,2762
> 3:False:16,25:5232,2444
> 4:False:23,29:6194,2813
> 5:False:18,26:5232,2444
> 7:False:17,21:5402,2495
sokoban-optimal/70/sokoban_p02_hyp-1_70_3.tar.bz2:1.59786009789:0.8618959:1.49999999999
> 0:True:14,16:4440,2126
> 1:False:11,23:4877,2289
> 2:False:15,24:6024,2762
> 3:False:16,24:5232,2444
> 4:False:23,27:6194,2813
> 5:False:18,24:5232,2444
> 7:False:17,21:5402,2495
sokoban-optimal/70/sokoban_p02_hyp-2_70_1.tar.bz2:1.32267403603:0.5893508:1.22
> 1:True:11,15:4876,2288
sokoban-optimal/70/sokoban_p02_hyp-2_70_2.tar.bz2:1.32964587212:0.5950221:1.23
> 1:True:11,15:4876,2288
sokoban-optimal/70/sokoban_p02_hyp-2_70_3.tar.bz2:1.6379199028:0.9001044:1.53999999999
> 0:False:14,24:4439,2125
> 1:True:11,15:4876,2288
> 2:False:15,27:6023,2761
> 3:False:16,28:5231,2443
> 4:False:23,35:6193,2812
> 5:False:18,28:5231,2443
> 7:False:17,29:5401,2494
sokoban-optimal/70/sokoban_p02_hyp-3_70_1.tar.bz2:1.39447498322:0.6609627:1.3
> 2:True:15,15:6023,2761
> 4:True:23,23:6193,2812
sokoban-optimal/70/sokoban_p02_hyp-3_70_2.tar.bz2:1.40893483162:0.6713204:1.3
> 2:True:15,15:6023,2761
> 4:True:23,23:6193,2812
sokoban-optimal/70/sokoban_p02_hyp-3_70_3.tar.bz2:1.48631715775:0.7534403:1.39000000001
> 2:True:15,15:6023,2761
> 3:False:16,20:5231,2443
> 4:True:23,23:6193,2812
> 5:False:18,20:5231,2443
sokoban-optimal/70/sokoban_p02_hyp-4_70_1.tar.bz2:1.4832239151:0.7450089:1.37
> 2:False:15,25:6024,2762
> 3:True:16,16:5232,2444
> 4:False:23,27:6194,2813
> 5:False:18,31:5232,2444
sokoban-optimal/70/sokoban_p02_hyp-4_70_2.tar.bz2:1.50355291367:0.7606852:1.4
> 2:False:15,23:6024,2762
> 3:True:16,16:5232,2444
> 4:False:23,25:6194,2813
> 5:False:18,27:5232,2444
sokoban-optimal/70/sokoban_p02_hyp-4_70_3.tar.bz2:1.49723815918:0.7576657:1.39
> 2:False:15,23:6024,2762
> 3:True:16,16:5232,2444
> 4:False:23,25:6194,2813
> 5:False:18,31:5232,2444
sokoban-optimal/70/sokoban_p03_hyp-1_70_1.tar.bz2:23.0523650646:21.812002:22.94
> 0:True:18,18:38313,14435
> 1:False:19,25:38313,14435
> 4:False:31,35:42055,15660
> 5:False:19,28:38313,14435
> 7:False:18,26:38313,14435
sokoban-optimal/70/sokoban_p03_hyp-1_70_2.tar.bz2:23.2695670128:22.015342:23.13
> 0:True:18,18:38313,14435
> 1:False:19,25:38313,14435
> 4:False:31,35:42055,15660
> 5:False:19,28:38313,14435
> 7:False:18,26:38313,14435
sokoban-optimal/70/sokoban_p03_hyp-1_70_3.tar.bz2:24.7788491249:23.521272:24.64
> 0:True:18,18:38313,14435
> 1:False:19,25:38313,14435
> 4:False:31,35:42055,15660
> 5:False:19,28:38313,14435
> 7:False:18,24:38313,14435
sokoban-optimal/70/sokoban_p03_hyp-2_70_1.tar.bz2:23.9861090183:22.700911:23.84
> 0:False:18,24:38314,14436
> 1:True:19,19:38314,14436
> 4:False:31,35:42056,15661
> 5:False:19,28:38314,14436
> 7:False:18,28:38314,14436
sokoban-optimal/70/sokoban_p03_hyp-2_70_2.tar.bz2:24.5223450661:23.254735:24.39
> 0:False:18,24:38314,14436
> 1:True:19,19:38314,14436
> 4:False:31,35:42056,15661
> 5:False:19,28:38314,14436
> 7:False:18,28:38314,14436
sokoban-optimal/70/sokoban_p03_hyp-2_70_3.tar.bz2:23.1291890144:21.860534:23.0
> 0:False:18,24:38314,14436
> 1:True:19,19:38314,14436
> 4:False:31,33:42056,15661
> 5:False:19,23:38314,14436
> 7:False:18,28:38314,14436
sokoban-optimal/70/sokoban_p03_hyp-3_70_1.tar.bz2:41.4844148159:40.18197:41.32
> 0:False:18,34:38314,14436
> 1:False:19,31:38314,14436
> 2:True:17,19:34938,13272
> 3:False:16,32:34938,13272
> 4:False:31,39:42056,15661
> 5:False:19,35:38314,14436
> 6:False:15,29:34938,13272
> 7:False:18,32:38314,14436
sokoban-optimal/70/sokoban_p03_hyp-3_70_2.tar.bz2:42.6574211121:41.36771:42.51
> 0:False:18,34:38314,14436
> 1:False:19,31:38314,14436
> 2:True:17,19:34938,13272
> 3:False:16,30:34938,13272
> 4:False:31,39:42056,15661
> 5:False:19,35:38314,14436
> 6:False:15,27:34938,13272
> 7:False:18,32:38314,14436
sokoban-optimal/70/sokoban_p03_hyp-3_70_3.tar.bz2:42.0839059353:40.80963:41.93
> 0:False:18,34:38314,14436
> 1:False:19,31:38314,14436
> 2:True:17,19:34938,13272
> 3:False:16,32:34938,13272
> 4:False:31,39:42056,15661
> 5:False:19,35:38314,14436
> 6:False:15,29:34938,13272
> 7:False:18,32:38314,14436
sokoban-optimal/70/sokoban_p03_hyp-4_70_1.tar.bz2:33.6711778641:32.37822:33.51
> 0:False:18,32:38313,14435
> 1:False:19,31:38313,14435
> 2:False:17,28:34937,13271
> 3:True:16,18:34937,13271
> 4:False:31,37:42055,15660
> 5:False:19,31:38313,14435
> 6:False:15,25:34937,13271
> 7:False:18,33:38313,14435
sokoban-optimal/70/sokoban_p03_hyp-4_70_2.tar.bz2:62.0053021908:60.71816:61.86
> 0:False:18,32:38313,14435
> 1:False:19,31:38313,14435
> 2:False:17,28:34937,13271
> 3:True:16,18:34937,13271
> 4:False:31,39:42055,15660
> 5:False:19,31:38313,14435
> 6:False:15,25:34937,13271
> 7:False:18,35:38313,14435
sokoban-optimal/70/sokoban_p03_hyp-4_70_3.tar.bz2:32.8332479:31.55349:32.68
> 0:False:18,31:38313,14435
> 1:False:19,31:38313,14435
> 2:False:17,28:34937,13271
> 3:True:16,18:34937,13271
> 4:False:31,41:42055,15660
> 5:False:19,32:38313,14435
> 6:False:15,25:34937,13271
> 7:False:18,31:38313,14435
sokoban-optimal/100/sokoban_p01_hyp-1_full.tar.bz2:254.383627892:251.79563:254.18
> 0:True:20,26:115324,41254
> 1:False:23,35:115324,41254
> 2:False:23,41:116012,41374
> 3:False:22,39:115324,41254
> 4:False:31,49:133089,47127
> 5:False:26,44:123884,44143
> 6:False:24,42:123884,44143
> 7:False:27,43:116012,41374
> 8:False:23,41:117604,41996
sokoban-optimal/100/sokoban_p01_hyp-2_full.tar.bz2:243.485462189:240.87916:243.27
> 0:False:20,33:115324,41254
> 1:True:23,26:115324,41254
> 2:False:23,42:116012,41374
> 3:False:22,43:115324,41254
> 4:False:31,43:133089,47127
> 5:False:26,40:123884,44143
> 6:False:24,47:123884,44143
> 7:False:27,40:116012,41374
> 8:False:23,43:117604,41996
sokoban-optimal/100/sokoban_p01_hyp-3_full.tar.bz2:166.503517151:163.92451:166.32
> 2:True:23,27:116013,41375
sokoban-optimal/100/sokoban_p01_hyp-4_full.tar.bz2:303.808754921:301.2383:303.63
> 0:False:20,41:115324,41254
> 1:False:23,43:115324,41254
> 2:False:23,46:116012,41374
> 3:True:22,27:115324,41254
> 4:False:31,59:133089,47127
> 5:False:26,50:123884,44143
> 6:False:24,48:123884,44143
> 7:False:27,43:116012,41374
> 8:False:23,45:117604,41996
sokoban-optimal/100/sokoban_p02_hyp-1_full.tar.bz2:1.58685708046:0.8341267:1.46
> 0:True:14,16:4444,2130
> 1:False:11,23:4881,2293
> 2:False:15,28:6028,2766
> 3:False:16,28:5236,2448
> 4:False:23,29:6198,2817
> 5:False:18,26:5236,2448
> 7:False:17,21:5406,2499
sokoban-optimal/100/sokoban_p02_hyp-2_full.tar.bz2:1.32644200325:0.5945557:1.22
> 1:True:11,15:4880,2292
sokoban-optimal/100/sokoban_p02_hyp-3_full.tar.bz2:1.40843296051:0.6814412:1.31999999999
> 2:True:15,15:6027,2765
> 4:True:23,23:6197,2816
sokoban-optimal/100/sokoban_p02_hyp-4_full.tar.bz2:1.46118593216:0.728774:1.36
> 2:False:15,25:6028,2766
> 3:True:16,16:5236,2448
> 4:False:23,27:6198,2817
> 5:False:18,31:5236,2448
sokoban-optimal/100/sokoban_p03_hyp-1_full.tar.bz2:22.5543310642:21.336651:22.44
> 0:True:18,18:38318,14440
> 1:False:19,25:38318,14440
> 4:False:31,35:42060,15665
> 5:False:19,28:38318,14440
> 7:False:18,26:38318,14440
sokoban-optimal/100/sokoban_p03_hyp-2_full.tar.bz2:23.8001477718:22.546235:23.66
> 0:False:18,24:38319,14441
> 1:True:19,19:38319,14441
> 4:False:31,35:42061,15666
> 5:False:19,28:38319,14441
> 7:False:18,28:38319,14441
sokoban-optimal/100/sokoban_p03_hyp-3_full.tar.bz2:33.4565081596:32.19569:33.31
> 0:False:18,34:38319,14441
> 1:False:19,31:38319,14441
> 2:True:17,19:34943,13277
> 3:False:16,32:34943,13277
> 4:False:31,39:42061,15666
> 5:False:19,35:38319,14441
> 6:False:15,29:34943,13277
> 7:False:18,32:38319,14441
sokoban-optimal/100/sokoban_p03_hyp-4_full.tar.bz2:32.516356945:31.25612:32.36
> 0:False:18,32:38318,14440
> 1:False:19,31:38318,14440
> 2:False:17,28:34942,13276
> 3:True:16,18:34942,13276
> 4:False:31,41:42060,15665
> 5:False:19,32:38318,14440
> 6:False:15,25:34942,13276
> 7:False:18,35:38318,14440
