zeno-travel-suboptimal-old-noisy/10/zeno-travel_noisy_p03_hyp-1_10_1.tar.bz2:0.491503000259:0.00744517:0.49
> 0:True:8,9:297,13
> 1:True:8,9:297,13
> 2:False:10,13:297,15
> 3:False:10,12:297,15
> 4:False:10,13:297,15
> 5:False:10,12:297,15
zeno-travel-suboptimal-old-noisy/10/zeno-travel_noisy_p03_hyp-1_10_2.tar.bz2:0.495203018188:0.00747689:0.49
> 0:True:8,9:297,13
> 1:True:8,9:297,13
> 2:True:10,11:297,15
> 3:False:10,12:297,15
> 4:True:10,11:297,15
> 5:False:10,12:297,15
zeno-travel-suboptimal-old-noisy/10/zeno-travel_noisy_p03_hyp-1_10_3.tar.bz2:0.493771076202:0.00755347:0.5
> 0:True:8,10:297,13
> 1:False:8,11:297,13
> 2:True:10,12:297,15
> 3:True:10,12:297,15
> 4:True:10,12:297,15
> 5:True:10,12:297,15
zeno-travel-suboptimal-old-noisy/10/zeno-travel_noisy_p03_hyp-2_10_1.tar.bz2:0.494441986084:0.00759461:0.5
> 0:True:8,9:297,13
> 1:True:8,9:297,13
> 2:False:10,12:297,15
> 3:False:10,13:297,15
> 4:False:10,12:297,15
> 5:False:10,13:297,15
zeno-travel-suboptimal-old-noisy/10/zeno-travel_noisy_p03_hyp-2_10_2.tar.bz2:0.496865987778:0.00766029:0.49
> 0:True:8,9:297,13
> 1:True:8,9:297,13
> 2:False:10,12:297,15
> 3:False:10,12:297,15
> 4:False:10,12:297,15
> 5:False:10,12:297,15
zeno-travel-suboptimal-old-noisy/10/zeno-travel_noisy_p03_hyp-2_10_3.tar.bz2:0.493736982346:0.0075263:0.5
> 0:False:8,10:297,13
> 1:True:8,9:297,13
> 2:True:10,11:297,15
> 3:True:10,11:297,15
> 4:True:10,11:297,15
> 5:True:10,11:297,15
zeno-travel-suboptimal-old-noisy/10/zeno-travel_noisy_p03_hyp-3_10_1.tar.bz2:0.497508049011:0.00762246:0.49
> 0:True:8,10:297,13
> 1:True:8,10:297,13
> 2:True:10,12:297,15
> 3:True:10,12:297,15
> 4:True:10,12:297,15
> 5:True:10,12:297,15
zeno-travel-suboptimal-old-noisy/10/zeno-travel_noisy_p03_hyp-3_10_2.tar.bz2:0.496064186096:0.00760608:0.49
> 0:False:8,11:297,13
> 1:False:8,11:297,13
> 2:True:10,12:297,15
> 3:False:10,13:297,15
> 4:True:10,12:297,15
> 5:False:10,13:297,15
zeno-travel-suboptimal-old-noisy/10/zeno-travel_noisy_p03_hyp-3_10_3.tar.bz2:0.497097969055:0.00757591:0.5
> 0:False:8,10:297,13
> 1:False:8,11:297,13
> 2:True:10,10:297,15
> 3:False:10,11:297,15
> 4:True:10,10:297,15
> 5:True:10,10:297,15
zeno-travel-suboptimal-old-noisy/10/zeno-travel_noisy_p03_hyp-4_10_1.tar.bz2:0.49623298645:0.00752461:0.5
> 0:False:8,9:297,13
> 1:True:8,8:297,13
> 2:True:10,10:297,15
> 3:True:10,10:297,15
> 4:True:10,10:297,15
> 5:True:10,10:297,15
zeno-travel-suboptimal-old-noisy/10/zeno-travel_noisy_p03_hyp-4_10_2.tar.bz2:0.496570110321:0.00757793:0.49
> 0:False:8,11:297,13
> 1:False:8,10:297,13
> 2:False:10,12:297,15
> 3:True:10,11:297,15
> 4:False:10,12:297,15
> 5:False:10,12:297,15
zeno-travel-suboptimal-old-noisy/10/zeno-travel_noisy_p03_hyp-4_10_3.tar.bz2:0.498947143555:0.00747501:0.49
> 0:False:8,11:297,13
> 1:False:8,10:297,13
> 2:False:10,12:297,15
> 3:True:10,11:297,15
> 4:False:10,12:297,15
> 5:False:10,12:297,15
zeno-travel-suboptimal-old-noisy/10/zeno-travel_noisy_p04_hyp-1_10_1.tar.bz2:0.498065948486:0.00759711:0.49
> 0:True:13,13:297,18
> 1:True:12,12:297,17
> 2:True:12,12:297,17
> 3:True:11,11:297,16
> 4:True:12,12:297,17
> 5:True:11,11:297,16
zeno-travel-suboptimal-old-noisy/10/zeno-travel_noisy_p04_hyp-1_10_2.tar.bz2:0.496234893799:0.00761026:0.5
> 0:True:13,14:297,18
> 1:True:12,13:297,17
> 2:True:12,13:297,17
> 3:False:11,13:297,16
> 4:True:12,13:297,17
> 5:False:11,13:297,16
zeno-travel-suboptimal-old-noisy/10/zeno-travel_noisy_p04_hyp-1_10_3.tar.bz2:0.495788097382:0.00748525:0.5
> 0:True:13,14:297,18
> 1:False:12,14:297,17
> 2:False:12,14:297,17
> 3:True:11,12:297,16
> 4:False:12,14:297,17
> 5:True:11,12:297,16
zeno-travel-suboptimal-old-noisy/10/zeno-travel_noisy_p04_hyp-2_10_1.tar.bz2:0.495335102081:0.00754095:0.5
> 0:True:13,14:297,18
> 1:True:12,13:297,17
> 2:True:12,13:297,17
> 3:True:11,12:297,16
> 4:True:12,13:297,17
> 5:True:11,12:297,16
zeno-travel-suboptimal-old-noisy/10/zeno-travel_noisy_p04_hyp-2_10_2.tar.bz2:0.495955944061:0.00740908:0.49
> 0:True:13,14:297,18
> 1:True:12,13:297,17
> 2:False:12,15:297,17
> 3:False:11,13:297,16
> 4:False:12,14:297,17
> 5:False:11,14:297,16
zeno-travel-suboptimal-old-noisy/10/zeno-travel_noisy_p04_hyp-2_10_3.tar.bz2:0.493314027786:0.00728275:0.5
> 0:True:13,15:297,18
> 1:True:12,14:297,17
> 2:True:12,14:297,17
> 3:True:11,13:297,16
> 4:True:12,14:297,17
> 5:True:11,13:297,16
zeno-travel-suboptimal-old-noisy/10/zeno-travel_noisy_p04_hyp-3_10_1.tar.bz2:0.498290061951:0.00755049:0.51
> 0:True:13,14:297,18
> 1:True:12,13:297,17
> 2:False:12,14:297,17
> 3:False:11,13:297,16
> 4:True:12,13:297,17
> 5:False:11,13:297,16
zeno-travel-suboptimal-old-noisy/10/zeno-travel_noisy_p04_hyp-3_10_2.tar.bz2:0.497708082199:0.00755961:0.49
> 0:False:13,16:297,18
> 1:False:12,15:297,17
> 2:True:12,13:297,17
> 3:False:11,13:297,16
> 4:True:12,13:297,17
> 5:False:11,13:297,16
zeno-travel-suboptimal-old-noisy/10/zeno-travel_noisy_p04_hyp-3_10_3.tar.bz2:0.494126796722:0.00757085:0.49
> 0:False:13,14:297,18
> 1:False:12,13:297,17
> 2:True:12,12:297,17
> 3:False:11,13:297,16
> 4:True:12,12:297,17
> 5:False:11,12:297,16
zeno-travel-suboptimal-old-noisy/10/zeno-travel_noisy_p04_hyp-4_10_1.tar.bz2:0.494424104691:0.00752854:0.51
> 0:True:13,15:297,18
> 1:True:12,14:297,17
> 2:True:12,14:297,17
> 3:True:11,13:297,16
> 4:True:12,14:297,17
> 5:True:11,13:297,16
zeno-travel-suboptimal-old-noisy/10/zeno-travel_noisy_p04_hyp-4_10_2.tar.bz2:0.492840051651:0.00746102:0.49
> 0:True:13,14:297,18
> 1:True:12,13:297,17
> 2:False:12,14:297,17
> 3:True:11,12:297,16
> 4:False:12,14:297,17
> 5:False:11,13:297,16
zeno-travel-suboptimal-old-noisy/10/zeno-travel_noisy_p04_hyp-4_10_3.tar.bz2:0.49365901947:0.00737632:0.49
> 0:True:13,13:297,18
> 1:True:12,12:297,17
> 2:False:12,13:297,17
> 3:True:11,11:297,16
> 4:False:12,13:297,17
> 5:False:11,12:297,16
zeno-travel-suboptimal-old-noisy/10/zeno-travel_noisy_p05_hyp-1_10_1.tar.bz2:0.52991604805:0.00837416:0.53
> 0:True:7,7:381,12
> 1:True:11,11:381,16
> 2:False:7,9:381,12
> 3:True:9,9:381,14
> 4:False:6,9:381,11
> 5:False:7,9:381,12
zeno-travel-suboptimal-old-noisy/10/zeno-travel_noisy_p05_hyp-1_10_2.tar.bz2:0.52637887001:0.00824162:0.52
> 0:True:7,7:381,12
> 1:True:11,11:381,16
> 2:False:7,9:381,12
> 3:True:9,9:381,14
> 4:False:6,8:381,11
> 5:False:7,9:381,12
zeno-travel-suboptimal-old-noisy/10/zeno-travel_noisy_p05_hyp-1_10_3.tar.bz2:0.527083873749:0.00825091:0.53
> 0:True:7,8:381,12
> 1:True:11,12:381,16
> 2:False:7,9:381,12
> 3:True:9,10:381,14
> 4:False:6,8:381,11
> 5:False:7,9:381,12
zeno-travel-suboptimal-old-noisy/10/zeno-travel_noisy_p05_hyp-2_10_1.tar.bz2:0.528548002243:0.0082998:0.52
> 0:True:7,8:381,12
> 1:True:11,12:381,16
> 2:False:7,9:381,12
> 3:True:9,10:381,14
> 4:False:6,8:381,11
> 5:False:7,9:381,12
zeno-travel-suboptimal-old-noisy/10/zeno-travel_noisy_p05_hyp-2_10_2.tar.bz2:0.52855014801:0.00829968:0.53
> 0:True:7,8:381,12
> 1:True:11,12:381,16
> 2:False:7,9:381,12
> 3:True:9,10:381,14
> 4:False:6,8:381,11
> 5:False:7,9:381,12
zeno-travel-suboptimal-old-noisy/10/zeno-travel_noisy_p05_hyp-2_10_3.tar.bz2:0.530764102936:0.00845555:0.53
> 0:True:7,10:381,12
> 1:True:11,14:381,16
> 2:True:7,10:381,12
> 3:True:9,12:381,14
> 4:True:6,9:381,11
> 5:True:7,10:381,12
zeno-travel-suboptimal-old-noisy/10/zeno-travel_noisy_p05_hyp-3_10_1.tar.bz2:0.524758815765:0.00818082:0.52
> 0:False:7,9:381,12
> 1:False:11,13:381,16
> 2:False:7,9:381,12
> 3:False:9,11:381,14
> 4:True:6,7:381,11
> 5:False:7,9:381,12
zeno-travel-suboptimal-old-noisy/10/zeno-travel_noisy_p05_hyp-3_10_2.tar.bz2:0.526061058044:0.00815306:0.52
> 0:True:7,8:381,12
> 1:True:11,12:381,16
> 2:True:7,8:381,12
> 3:True:9,10:381,14
> 4:True:6,7:381,11
> 5:True:7,8:381,12
zeno-travel-suboptimal-old-noisy/10/zeno-travel_noisy_p05_hyp-3_10_3.tar.bz2:0.525599002838:0.00830051:0.52
> 0:False:7,9:381,12
> 1:False:11,13:381,16
> 2:False:7,9:381,12
> 3:False:9,11:381,14
> 4:True:6,7:381,11
> 5:False:7,9:381,12
zeno-travel-suboptimal-old-noisy/10/zeno-travel_noisy_p05_hyp-4_10_1.tar.bz2:0.527951955795:0.00832928:0.53
> 0:False:7,10:381,12
> 1:False:11,14:381,16
> 2:True:7,9:381,12
> 3:True:9,11:381,14
> 4:False:6,9:381,11
> 5:True:7,9:381,12
zeno-travel-suboptimal-old-noisy/10/zeno-travel_noisy_p05_hyp-4_10_2.tar.bz2:0.529980182648:0.00836374:0.53
> 0:False:7,8:381,12
> 1:True:11,11:381,16
> 2:True:7,7:381,12
> 3:False:9,10:381,14
> 4:False:6,7:381,11
> 5:True:7,7:381,12
zeno-travel-suboptimal-old-noisy/10/zeno-travel_noisy_p05_hyp-4_10_3.tar.bz2:0.52806687355:0.00837395:0.52
> 0:True:7,7:381,12
> 1:True:11,11:381,16
> 2:True:7,7:381,12
> 3:True:9,9:381,14
> 4:False:6,7:381,11
> 5:True:7,7:381,12
zeno-travel-suboptimal-old-noisy/30/zeno-travel_noisy_p03_hyp-1_30_1.tar.bz2:0.494864940643:0.00762711:0.49
> 0:True:8,11:300,16
> 1:True:8,11:300,16
> 2:False:10,14:300,18
> 3:True:10,13:300,18
> 4:False:10,14:300,18
> 5:True:10,13:300,18
zeno-travel-suboptimal-old-noisy/30/zeno-travel_noisy_p03_hyp-1_30_2.tar.bz2:0.497431993484:0.00757218:0.49
> 0:True:8,10:299,15
> 1:False:8,11:299,15
> 2:False:10,14:299,17
> 3:False:10,14:299,17
> 4:False:10,14:299,17
> 5:False:10,14:299,17
zeno-travel-suboptimal-old-noisy/30/zeno-travel_noisy_p03_hyp-1_30_3.tar.bz2:0.493430137634:0.00756794:0.49
> 0:True:8,11:300,16
> 1:False:8,12:300,16
> 2:False:10,14:300,18
> 3:False:10,14:300,18
> 4:False:10,14:300,18
> 5:False:10,14:300,18
zeno-travel-suboptimal-old-noisy/30/zeno-travel_noisy_p03_hyp-2_30_1.tar.bz2:0.493311882019:0.0075898:0.49
> 0:True:8,10:300,16
> 1:True:8,10:300,16
> 2:False:10,14:300,18
> 3:False:10,13:300,18
> 4:False:10,14:300,18
> 5:False:10,13:300,18
zeno-travel-suboptimal-old-noisy/30/zeno-travel_noisy_p03_hyp-2_30_2.tar.bz2:0.494063854218:0.00747438:0.49
> 0:False:8,11:299,15
> 1:True:8,10:299,15
> 2:False:10,13:299,17
> 3:False:10,13:299,17
> 4:False:10,13:299,17
> 5:False:10,13:299,17
zeno-travel-suboptimal-old-noisy/30/zeno-travel_noisy_p03_hyp-2_30_3.tar.bz2:0.494991064072:0.00765909:0.5
> 0:False:8,11:300,16
> 1:True:8,10:300,16
> 2:False:10,14:300,18
> 3:False:10,13:300,18
> 4:False:10,14:300,18
> 5:False:10,13:300,18
zeno-travel-suboptimal-old-noisy/30/zeno-travel_noisy_p03_hyp-3_30_1.tar.bz2:0.493603944778:0.00772787:0.5
> 0:False:8,14:302,18
> 1:False:8,14:302,18
> 2:True:10,13:302,20
> 3:False:10,16:302,20
> 4:True:10,13:302,20
> 5:False:10,15:302,20
zeno-travel-suboptimal-old-noisy/30/zeno-travel_noisy_p03_hyp-3_30_2.tar.bz2:0.491785049438:0.00743854:0.49
> 0:False:8,13:301,17
> 1:False:8,14:301,17
> 2:True:10,14:301,19
> 3:False:10,16:301,19
> 4:True:10,14:301,19
> 5:False:10,15:301,19
zeno-travel-suboptimal-old-noisy/30/zeno-travel_noisy_p03_hyp-3_30_3.tar.bz2:0.493885040283:0.00742032:0.5
> 0:False:8,14:301,17
> 1:False:8,14:301,17
> 2:True:10,14:301,19
> 3:False:10,16:301,19
> 4:True:10,14:301,19
> 5:False:10,15:301,19
zeno-travel-suboptimal-old-noisy/30/zeno-travel_noisy_p03_hyp-4_30_1.tar.bz2:0.494313001633:0.00750571:0.5
> 0:False:8,13:300,16
> 1:False:8,13:300,16
> 2:False:10,14:300,18
> 3:True:10,13:300,18
> 4:True:10,13:300,18
> 5:False:10,14:300,18
zeno-travel-suboptimal-old-noisy/30/zeno-travel_noisy_p03_hyp-4_30_2.tar.bz2:0.495967149734:0.00762374:0.5
> 0:False:8,12:300,16
> 1:False:8,13:300,16
> 2:False:10,14:300,18
> 3:True:10,12:300,18
> 4:False:10,14:300,18
> 5:False:10,13:300,18
zeno-travel-suboptimal-old-noisy/30/zeno-travel_noisy_p03_hyp-4_30_3.tar.bz2:0.492811918259:0.00757788:0.5
> 0:False:8,12:299,15
> 1:False:8,12:299,15
> 2:False:10,15:299,17
> 3:True:10,13:299,17
> 4:True:10,13:299,17
> 5:False:10,14:299,17
zeno-travel-suboptimal-old-noisy/30/zeno-travel_noisy_p04_hyp-1_30_1.tar.bz2:0.496316194534:0.00749904:0.49
> 0:True:13,17:301,22
> 1:True:12,16:301,21
> 2:False:12,18:301,21
> 3:False:11,16:301,20
> 4:False:12,18:301,21
> 5:False:11,16:301,20
zeno-travel-suboptimal-old-noisy/30/zeno-travel_noisy_p04_hyp-1_30_2.tar.bz2:0.493186950684:0.00754275:0.5
> 0:True:13,14:302,23
> 1:False:12,14:302,22
> 2:False:12,15:302,22
> 3:False:11,13:302,21
> 4:False:12,15:302,22
> 5:False:11,14:302,21
zeno-travel-suboptimal-old-noisy/30/zeno-travel_noisy_p04_hyp-1_30_3.tar.bz2:0.495553016663:0.00755417:0.49
> 0:True:13,14:302,23
> 1:False:12,15:302,22
> 2:False:12,17:302,22
> 3:False:11,13:302,21
> 4:False:12,15:302,22
> 5:False:11,15:302,21
zeno-travel-suboptimal-old-noisy/30/zeno-travel_noisy_p04_hyp-2_30_1.tar.bz2:0.495455980301:0.00768543:0.5
> 0:False:13,16:302,23
> 1:True:12,13:302,22
> 2:False:12,15:302,22
> 3:False:11,15:302,21
> 4:False:12,15:302,22
> 5:False:11,15:302,21
zeno-travel-suboptimal-old-noisy/30/zeno-travel_noisy_p04_hyp-2_30_2.tar.bz2:0.496723890305:0.00764318:0.49
> 0:False:13,17:301,22
> 1:True:12,15:301,21
> 2:False:12,16:301,21
> 3:False:11,16:301,20
> 4:False:12,16:301,21
> 5:False:11,15:301,20
zeno-travel-suboptimal-old-noisy/30/zeno-travel_noisy_p04_hyp-2_30_3.tar.bz2:0.494474172592:0.00754143:0.5
> 0:True:13,15:301,22
> 1:False:12,15:301,21
> 2:False:12,17:301,21
> 3:False:11,15:301,20
> 4:False:12,16:301,21
> 5:False:11,16:301,20
zeno-travel-suboptimal-old-noisy/30/zeno-travel_noisy_p04_hyp-3_30_1.tar.bz2:0.494221925735:0.00762001:0.49
> 0:False:13,19:302,23
> 1:True:12,16:302,22
> 2:True:12,16:302,22
> 3:False:11,17:302,21
> 4:False:12,18:302,22
> 5:False:11,16:302,21
zeno-travel-suboptimal-old-noisy/30/zeno-travel_noisy_p04_hyp-3_30_2.tar.bz2:0.495574951172:0.00760298:0.5
> 0:False:13,19:302,23
> 1:False:12,17:302,22
> 2:True:12,16:302,22
> 3:False:11,17:302,21
> 4:False:12,17:302,22
> 5:False:11,16:302,21
zeno-travel-suboptimal-old-noisy/30/zeno-travel_noisy_p04_hyp-3_30_3.tar.bz2:0.497199058533:0.00748435:0.5
> 0:False:13,18:302,23
> 1:False:12,16:302,22
> 2:True:12,15:302,22
> 3:False:11,16:302,21
> 4:False:12,16:302,22
> 5:True:11,14:302,21
zeno-travel-suboptimal-old-noisy/30/zeno-travel_noisy_p04_hyp-4_30_1.tar.bz2:0.492161035538:0.00749858:0.49
> 0:True:13,17:302,23
> 1:False:12,18:302,22
> 2:False:12,18:302,22
> 3:False:11,16:302,21
> 4:False:12,17:302,22
> 5:False:11,17:302,21
zeno-travel-suboptimal-old-noisy/30/zeno-travel_noisy_p04_hyp-4_30_2.tar.bz2:0.495199918747:0.00746647:0.49
> 0:True:13,15:302,23
> 1:False:12,15:302,22
> 2:False:12,16:302,22
> 3:False:11,14:302,21
> 4:False:12,15:302,22
> 5:False:11,14:302,21
zeno-travel-suboptimal-old-noisy/30/zeno-travel_noisy_p04_hyp-4_30_3.tar.bz2:0.495734930038:0.00756634:0.49
> 0:False:13,17:302,23
> 1:False:12,17:302,22
> 2:False:12,16:302,22
> 3:True:11,14:302,21
> 4:False:12,16:302,22
> 5:False:11,16:302,21
zeno-travel-suboptimal-old-noisy/30/zeno-travel_noisy_p05_hyp-1_30_1.tar.bz2:0.529442071915:0.00844049:0.54
> 0:False:7,12:385,16
> 1:True:11,15:385,20
> 2:False:7,12:385,16
> 3:False:9,14:385,18
> 4:False:6,12:385,15
> 5:False:7,12:385,16
zeno-travel-suboptimal-old-noisy/30/zeno-travel_noisy_p05_hyp-1_30_2.tar.bz2:0.530737876892:0.00834542:0.53
> 0:False:7,10:386,17
> 1:True:11,13:386,21
> 2:False:7,13:386,17
> 3:False:9,12:386,19
> 4:False:6,11:386,16
> 5:False:7,13:386,17
zeno-travel-suboptimal-old-noisy/30/zeno-travel_noisy_p05_hyp-1_30_3.tar.bz2:0.527220964432:0.00844735:0.53
> 0:False:7,12:386,17
> 1:True:11,15:386,21
> 2:False:7,14:386,17
> 3:False:9,14:386,19
> 4:False:6,12:386,16
> 5:False:7,14:386,17
zeno-travel-suboptimal-old-noisy/30/zeno-travel_noisy_p05_hyp-2_30_1.tar.bz2:0.527914047241:0.0085623:0.53
> 0:False:7,11:384,15
> 1:False:11,15:384,19
> 2:False:7,10:384,15
> 3:True:9,11:384,17
> 4:False:6,11:384,14
> 5:False:7,10:384,15
zeno-travel-suboptimal-old-noisy/30/zeno-travel_noisy_p05_hyp-2_30_2.tar.bz2:0.528092861176:0.00828705:0.52
> 0:False:7,11:384,15
> 1:False:11,15:384,19
> 2:True:7,10:384,15
> 3:True:9,12:384,17
> 4:False:6,10:384,14
> 5:True:7,10:384,15
zeno-travel-suboptimal-old-noisy/30/zeno-travel_noisy_p05_hyp-2_30_3.tar.bz2:0.526189088821:0.00831178:0.53
> 0:True:7,11:383,14
> 1:True:11,15:383,18
> 2:False:7,13:383,14
> 3:True:9,13:383,16
> 4:False:6,12:383,13
> 5:False:7,13:383,14
zeno-travel-suboptimal-old-noisy/30/zeno-travel_noisy_p05_hyp-3_30_1.tar.bz2:0.527333021164:0.00835308:0.53
> 0:True:7,9:383,14
> 1:True:11,13:383,18
> 2:True:7,9:383,14
> 3:True:9,11:383,16
> 4:True:6,8:383,13
> 5:True:7,9:383,14
zeno-travel-suboptimal-old-noisy/30/zeno-travel_noisy_p05_hyp-3_30_2.tar.bz2:0.529116153717:0.00842236:0.52
> 0:False:7,11:383,14
> 1:False:11,14:383,18
> 2:False:7,10:383,14
> 3:False:9,12:383,16
> 4:True:6,8:383,13
> 5:False:7,10:383,14
zeno-travel-suboptimal-old-noisy/30/zeno-travel_noisy_p05_hyp-3_30_3.tar.bz2:0.531943082809:0.00835462:0.54
> 0:False:7,10:383,14
> 1:True:11,13:383,18
> 2:False:7,11:383,14
> 3:False:9,12:383,16
> 4:False:6,9:383,13
> 5:False:7,11:383,14
zeno-travel-suboptimal-old-noisy/30/zeno-travel_noisy_p05_hyp-4_30_1.tar.bz2:0.526355028152:0.00845696:0.53
> 0:False:7,11:384,15
> 1:True:11,13:384,19
> 2:True:7,9:384,15
> 3:False:9,13:384,17
> 4:False:6,10:384,14
> 5:True:7,9:384,15
zeno-travel-suboptimal-old-noisy/30/zeno-travel_noisy_p05_hyp-4_30_2.tar.bz2:0.530661821365:0.008412:0.53
> 0:False:7,12:383,14
> 1:True:11,15:383,18
> 2:True:7,11:383,14
> 3:False:9,14:383,16
> 4:False:6,11:383,13
> 5:True:7,11:383,14
zeno-travel-suboptimal-old-noisy/30/zeno-travel_noisy_p05_hyp-4_30_3.tar.bz2:0.52531003952:0.00820723:0.54
> 0:False:7,12:384,15
> 1:False:11,15:384,19
> 2:True:7,10:384,15
> 3:False:9,13:384,17
> 4:False:6,11:384,14
> 5:True:7,10:384,15
zeno-travel-suboptimal-old-noisy/50/zeno-travel_noisy_p03_hyp-1_50_1.tar.bz2:0.493897914886:0.00759585:0.49
> 0:True:8,14:303,19
> 1:False:8,15:303,19
> 2:False:10,18:303,21
> 3:False:10,19:303,21
> 4:False:10,18:303,21
> 5:False:10,19:303,21
zeno-travel-suboptimal-old-noisy/50/zeno-travel_noisy_p03_hyp-1_50_2.tar.bz2:0.496853113174:0.00761952:0.49
> 0:True:8,13:303,19
> 1:False:8,15:303,19
> 2:False:10,17:303,21
> 3:True:10,15:303,21
> 4:False:10,16:303,21
> 5:False:10,16:303,21
zeno-travel-suboptimal-old-noisy/50/zeno-travel_noisy_p03_hyp-1_50_3.tar.bz2:0.494198083878:0.00757409:0.5
> 0:True:8,12:304,20
> 1:False:8,13:304,20
> 2:False:10,16:304,22
> 3:False:10,16:304,22
> 4:False:10,16:304,22
> 5:False:10,16:304,22
zeno-travel-suboptimal-old-noisy/50/zeno-travel_noisy_p03_hyp-2_50_1.tar.bz2:0.494771003723:0.00756288:0.5
> 0:False:8,14:303,19
> 1:True:8,11:303,19
> 2:False:10,16:303,21
> 3:False:10,14:303,21
> 4:False:10,15:303,21
> 5:False:10,14:303,21
zeno-travel-suboptimal-old-noisy/50/zeno-travel_noisy_p03_hyp-2_50_2.tar.bz2:0.496193885803:0.00775342:0.49
> 0:False:8,14:302,18
> 1:True:8,12:302,18
> 2:False:10,16:302,20
> 3:False:10,16:302,20
> 4:False:10,15:302,20
> 5:False:10,16:302,20
zeno-travel-suboptimal-old-noisy/50/zeno-travel_noisy_p03_hyp-2_50_3.tar.bz2:0.495836019516:0.00778133:0.5
> 0:False:8,12:303,19
> 1:True:8,11:303,19
> 2:False:10,16:303,21
> 3:False:10,16:303,21
> 4:False:10,16:303,21
> 5:False:10,16:303,21
zeno-travel-suboptimal-old-noisy/50/zeno-travel_noisy_p03_hyp-3_50_1.tar.bz2:0.496807813644:0.00761852:0.49
> 0:False:8,16:304,20
> 1:False:8,16:304,20
> 2:True:10,15:304,22
> 3:False:10,16:304,22
> 4:True:10,15:304,22
> 5:False:10,16:304,22
zeno-travel-suboptimal-old-noisy/50/zeno-travel_noisy_p03_hyp-3_50_2.tar.bz2:0.495428085327:0.00769338:0.5
> 0:False:8,16:304,20
> 1:False:8,16:304,20
> 2:False:10,16:304,22
> 3:False:10,18:304,22
> 4:True:10,15:304,22
> 5:False:10,17:304,22
zeno-travel-suboptimal-old-noisy/50/zeno-travel_noisy_p03_hyp-3_50_3.tar.bz2:0.496663093567:0.00754855:0.5
> 0:False:8,17:304,20
> 1:False:8,17:304,20
> 2:True:10,15:304,22
> 3:False:10,17:304,22
> 4:True:10,15:304,22
> 5:False:10,16:304,22
zeno-travel-suboptimal-old-noisy/50/zeno-travel_noisy_p03_hyp-4_50_1.tar.bz2:0.494162082672:0.00771126:0.49
> 0:False:8,15:304,20
> 1:False:8,14:304,20
> 2:False:10,17:304,22
> 3:True:10,14:304,22
> 4:False:10,15:304,22
> 5:False:10,15:304,22
zeno-travel-suboptimal-old-noisy/50/zeno-travel_noisy_p03_hyp-4_50_2.tar.bz2:0.49688911438:0.00765693:0.5
> 0:False:8,16:303,19
> 1:False:8,14:303,19
> 2:False:10,16:303,21
> 3:True:10,14:303,21
> 4:False:10,15:303,21
> 5:False:10,15:303,21
zeno-travel-suboptimal-old-noisy/50/zeno-travel_noisy_p03_hyp-4_50_3.tar.bz2:0.495342969894:0.00756362:0.5
> 0:False:8,15:304,20
> 1:False:8,15:304,20
> 2:False:10,16:304,22
> 3:True:10,13:304,22
> 4:False:10,14:304,22
> 5:False:10,15:304,22
zeno-travel-suboptimal-old-noisy/50/zeno-travel_noisy_p04_hyp-1_50_1.tar.bz2:0.494951963425:0.00756521:0.5
> 0:True:13,15:305,26
> 1:False:12,16:305,25
> 2:False:12,19:305,25
> 3:False:11,16:305,24
> 4:False:12,18:305,25
> 5:False:11,16:305,24
zeno-travel-suboptimal-old-noisy/50/zeno-travel_noisy_p04_hyp-1_50_2.tar.bz2:0.49661898613:0.00734476:0.5
> 0:True:13,16:305,26
> 1:False:12,17:305,25
> 2:False:12,20:305,25
> 3:False:11,16:305,24
> 4:False:12,18:305,25
> 5:False:11,19:305,24
zeno-travel-suboptimal-old-noisy/50/zeno-travel_noisy_p04_hyp-1_50_3.tar.bz2:0.493366003036:0.00764479:0.5
> 0:True:13,17:304,25
> 1:False:12,17:304,24
> 2:False:12,20:304,24
> 3:False:11,16:304,23
> 4:False:12,19:304,24
> 5:False:11,18:304,23
zeno-travel-suboptimal-old-noisy/50/zeno-travel_noisy_p04_hyp-2_50_1.tar.bz2:0.494681119919:0.00755333:0.5
> 0:False:13,19:304,25
> 1:True:12,17:304,24
> 2:False:12,19:304,24
> 3:False:11,18:304,23
> 4:False:12,20:304,24
> 5:False:11,17:304,23
zeno-travel-suboptimal-old-noisy/50/zeno-travel_noisy_p04_hyp-2_50_2.tar.bz2:0.494982004166:0.0076485:0.5
> 0:False:13,20:305,26
> 1:True:12,17:305,25
> 2:False:12,19:305,25
> 3:False:11,18:305,24
> 4:False:12,20:305,25
> 5:False:11,19:305,24
zeno-travel-suboptimal-old-noisy/50/zeno-travel_noisy_p04_hyp-2_50_3.tar.bz2:0.492430210114:0.00739524:0.49
> 0:False:13,17:305,26
> 1:True:12,15:305,25
> 2:False:12,16:305,25
> 3:False:11,17:305,24
> 4:False:12,16:305,25
> 5:False:11,16:305,24
zeno-travel-suboptimal-old-noisy/50/zeno-travel_noisy_p04_hyp-3_50_1.tar.bz2:0.495320081711:0.00755624:0.5
> 0:False:13,19:305,26
> 1:False:12,17:305,25
> 2:True:12,16:305,25
> 3:False:11,18:305,24
> 4:True:12,16:305,25
> 5:False:11,17:305,24
zeno-travel-suboptimal-old-noisy/50/zeno-travel_noisy_p04_hyp-3_50_2.tar.bz2:0.49418091774:0.00740213:0.49
> 0:False:13,19:305,26
> 1:False:12,18:305,25
> 2:True:12,15:305,25
> 3:False:11,17:305,24
> 4:False:12,16:305,25
> 5:False:11,15:305,24
zeno-travel-suboptimal-old-noisy/50/zeno-travel_noisy_p04_hyp-3_50_3.tar.bz2:0.495011091232:0.00749639:0.49
> 0:False:13,21:304,25
> 1:False:12,19:304,24
> 2:True:12,17:304,24
> 3:False:11,18:304,23
> 4:True:12,17:304,24
> 5:False:11,18:304,23
zeno-travel-suboptimal-old-noisy/50/zeno-travel_noisy_p04_hyp-4_50_1.tar.bz2:0.497035980225:0.00757308:0.49
> 0:True:13,16:304,25
> 1:True:12,15:304,24
> 2:False:12,17:304,24
> 3:True:11,14:304,23
> 4:False:12,18:304,24
> 5:False:11,16:304,23
zeno-travel-suboptimal-old-noisy/50/zeno-travel_noisy_p04_hyp-4_50_2.tar.bz2:0.493852138519:0.00753106:0.49
> 0:True:13,17:304,25
> 1:False:12,19:304,24
> 2:False:12,19:304,24
> 3:False:11,16:304,23
> 4:False:12,18:304,24
> 5:False:11,17:304,23
zeno-travel-suboptimal-old-noisy/50/zeno-travel_noisy_p04_hyp-4_50_3.tar.bz2:0.494363069534:0.00754007:0.5
> 0:False:13,19:305,26
> 1:True:12,17:305,25
> 2:True:12,17:305,25
> 3:True:11,16:305,24
> 4:False:12,18:305,25
> 5:False:11,18:305,24
zeno-travel-suboptimal-old-noisy/50/zeno-travel_noisy_p05_hyp-1_50_1.tar.bz2:0.528573036194:0.00837775:0.53
> 0:False:7,12:388,19
> 1:True:11,14:388,23
> 2:False:7,15:388,19
> 3:False:9,14:388,21
> 4:False:6,13:388,18
> 5:False:7,15:388,19
zeno-travel-suboptimal-old-noisy/50/zeno-travel_noisy_p05_hyp-1_50_2.tar.bz2:0.527791976929:0.0085672:0.54
> 0:False:7,13:389,20
> 1:True:11,14:389,24
> 2:False:7,15:389,20
> 3:False:9,15:389,22
> 4:False:6,14:389,19
> 5:False:7,15:389,20
zeno-travel-suboptimal-old-noisy/50/zeno-travel_noisy_p05_hyp-1_50_3.tar.bz2:0.525548934937:0.00853841:0.52
> 0:False:7,13:389,20
> 1:True:11,16:389,24
> 2:False:7,15:389,20
> 3:False:9,15:389,22
> 4:False:6,13:389,19
> 5:False:7,15:389,20
zeno-travel-suboptimal-old-noisy/50/zeno-travel_noisy_p05_hyp-2_50_1.tar.bz2:0.526621818542:0.00846541:0.52
> 0:False:7,14:388,19
> 1:False:11,18:388,23
> 2:False:7,15:388,19
> 3:True:9,15:388,21
> 4:False:6,15:388,18
> 5:False:7,15:388,19
zeno-travel-suboptimal-old-noisy/50/zeno-travel_noisy_p05_hyp-2_50_2.tar.bz2:0.528443098068:0.00834643:0.54
> 0:False:7,13:387,18
> 1:False:11,17:387,22
> 2:False:7,14:387,18
> 3:True:9,14:387,20
> 4:False:6,14:387,17
> 5:False:7,14:387,18
zeno-travel-suboptimal-old-noisy/50/zeno-travel_noisy_p05_hyp-2_50_3.tar.bz2:0.527150154114:0.00840383:0.53
> 0:False:7,14:387,18
> 1:False:11,18:387,22
> 2:False:7,13:387,18
> 3:True:9,14:387,20
> 4:False:6,14:387,17
> 5:False:7,13:387,18
zeno-travel-suboptimal-old-noisy/50/zeno-travel_noisy_p05_hyp-3_50_1.tar.bz2:0.527907133102:0.00843586:0.52
> 0:False:7,12:386,17
> 1:False:11,15:386,21
> 2:False:7,12:386,17
> 3:False:9,14:386,19
> 4:True:6,9:386,16
> 5:False:7,12:386,17
zeno-travel-suboptimal-old-noisy/50/zeno-travel_noisy_p05_hyp-3_50_2.tar.bz2:0.529298067093:0.00843414:0.54
> 0:False:7,12:385,16
> 1:False:11,16:385,20
> 2:False:7,12:385,16
> 3:False:9,14:385,18
> 4:True:6,10:385,15
> 5:False:7,12:385,16
zeno-travel-suboptimal-old-noisy/50/zeno-travel_noisy_p05_hyp-3_50_3.tar.bz2:0.527415990829:0.00843067:0.52
> 0:False:7,12:386,17
> 1:False:11,15:386,21
> 2:False:7,13:386,17
> 3:False:9,14:386,19
> 4:True:6,9:386,16
> 5:False:7,13:386,17
zeno-travel-suboptimal-old-noisy/50/zeno-travel_noisy_p05_hyp-4_50_1.tar.bz2:0.52924990654:0.00841908:0.53
> 0:False:7,15:387,18
> 1:False:11,17:387,22
> 2:True:7,12:387,18
> 3:False:9,16:387,20
> 4:False:6,14:387,17
> 5:True:7,12:387,18
zeno-travel-suboptimal-old-noisy/50/zeno-travel_noisy_p05_hyp-4_50_2.tar.bz2:0.528444051743:0.00840108:0.54
> 0:False:7,14:388,19
> 1:False:11,16:388,23
> 2:True:7,10:388,19
> 3:False:9,14:388,21
> 4:False:6,13:388,18
> 5:True:7,10:388,19
zeno-travel-suboptimal-old-noisy/50/zeno-travel_noisy_p05_hyp-4_50_3.tar.bz2:0.528614044189:0.00849663:0.52
> 0:False:7,14:388,19
> 1:False:11,17:388,23
> 2:True:7,12:388,19
> 3:False:9,15:388,21
> 4:False:6,13:388,18
> 5:True:7,12:388,19
zeno-travel-suboptimal-old-noisy/70/zeno-travel_noisy_p03_hyp-1_70_1.tar.bz2:0.495787858963:0.00779145:0.51
> 0:True:8,17:306,22
> 1:False:8,18:306,22
> 2:False:10,22:306,24
> 3:False:10,22:306,24
> 4:False:10,22:306,24
> 5:False:10,22:306,24
zeno-travel-suboptimal-old-noisy/70/zeno-travel_noisy_p03_hyp-1_70_2.tar.bz2:0.495926856995:0.00760466:0.49
> 0:True:8,16:308,24
> 1:False:8,18:308,24
> 2:False:10,21:308,26
> 3:False:10,20:308,26
> 4:False:10,20:308,26
> 5:False:10,21:308,26
zeno-travel-suboptimal-old-noisy/70/zeno-travel_noisy_p03_hyp-1_70_3.tar.bz2:0.495749950409:0.00763591:0.49
> 0:True:8,16:307,23
> 1:False:8,18:307,23
> 2:False:10,22:307,25
> 3:False:10,20:307,25
> 4:False:10,21:307,25
> 5:False:10,21:307,25
zeno-travel-suboptimal-old-noisy/70/zeno-travel_noisy_p03_hyp-2_70_1.tar.bz2:0.494151115417:0.00760313:0.5
> 0:False:8,15:304,20
> 1:True:8,13:304,20
> 2:False:10,18:304,22
> 3:False:10,18:304,22
> 4:False:10,17:304,22
> 5:False:10,18:304,22
zeno-travel-suboptimal-old-noisy/70/zeno-travel_noisy_p03_hyp-2_70_2.tar.bz2:0.496701955795:0.00762407:0.51
> 0:False:8,15:306,22
> 1:True:8,13:306,22
> 2:False:10,18:306,24
> 3:False:10,17:306,24
> 4:False:10,18:306,24
> 5:False:10,17:306,24
zeno-travel-suboptimal-old-noisy/70/zeno-travel_noisy_p03_hyp-2_70_3.tar.bz2:0.49532699585:0.00767515:0.49
> 0:False:8,15:305,21
> 1:True:8,13:305,21
> 2:False:10,18:305,23
> 3:False:10,17:305,23
> 4:False:10,17:305,23
> 5:False:10,17:305,23
zeno-travel-suboptimal-old-noisy/70/zeno-travel_noisy_p03_hyp-3_70_1.tar.bz2:0.497153997421:0.00763269:0.49
> 0:False:8,19:306,22
> 1:False:8,20:306,22
> 2:True:10,17:306,24
> 3:False:10,21:306,24
> 4:False:10,18:306,24
> 5:False:10,20:306,24
zeno-travel-suboptimal-old-noisy/70/zeno-travel_noisy_p03_hyp-3_70_2.tar.bz2:0.495528936386:0.00761501:0.5
> 0:False:8,22:307,23
> 1:False:8,21:307,23
> 2:True:10,18:307,25
> 3:False:10,22:307,25
> 4:False:10,20:307,25
> 5:False:10,20:307,25
zeno-travel-suboptimal-old-noisy/70/zeno-travel_noisy_p03_hyp-3_70_3.tar.bz2:0.493926048279:0.00760263:0.49
> 0:False:8,20:308,24
> 1:False:8,20:308,24
> 2:True:10,17:308,26
> 3:False:10,20:308,26
> 4:False:10,18:308,26
> 5:False:10,19:308,26
zeno-travel-suboptimal-old-noisy/70/zeno-travel_noisy_p03_hyp-4_70_1.tar.bz2:0.495391845703:0.00770021:0.49
> 0:False:8,17:307,23
> 1:False:8,17:307,23
> 2:False:10,19:307,25
> 3:True:10,15:307,25
> 4:False:10,18:307,25
> 5:False:10,17:307,25
zeno-travel-suboptimal-old-noisy/70/zeno-travel_noisy_p03_hyp-4_70_2.tar.bz2:0.496078968048:0.00771331:0.5
> 0:False:8,17:307,23
> 1:False:8,17:307,23
> 2:False:10,19:307,25
> 3:True:10,16:307,25
> 4:False:10,18:307,25
> 5:False:10,18:307,25
zeno-travel-suboptimal-old-noisy/70/zeno-travel_noisy_p03_hyp-4_70_3.tar.bz2:0.495463132858:0.00766177:0.49
> 0:False:8,19:306,22
> 1:False:8,19:306,22
> 2:False:10,20:306,24
> 3:True:10,17:306,24
> 4:False:10,19:306,24
> 5:False:10,19:306,24
zeno-travel-suboptimal-old-noisy/70/zeno-travel_noisy_p04_hyp-1_70_1.tar.bz2:0.497783184052:0.00759989:0.49
> 0:True:13,19:308,29
> 1:False:12,20:308,28
> 2:False:12,24:308,28
> 3:False:11,20:308,27
> 4:False:12,23:308,28
> 5:False:11,21:308,27
zeno-travel-suboptimal-old-noisy/70/zeno-travel_noisy_p04_hyp-1_70_2.tar.bz2:0.495727062225:0.00774695:0.49
> 0:True:13,19:307,28
> 1:False:12,19:307,27
> 2:False:12,22:307,27
> 3:False:11,18:307,26
> 4:False:12,21:307,27
> 5:False:11,20:307,26
zeno-travel-suboptimal-old-noisy/70/zeno-travel_noisy_p04_hyp-1_70_3.tar.bz2:0.497373104095:0.00760978:0.51
> 0:True:13,18:309,30
> 1:False:12,19:309,29
> 2:False:12,22:309,29
> 3:False:11,19:309,28
> 4:False:12,21:309,29
> 5:False:11,19:309,28
zeno-travel-suboptimal-old-noisy/70/zeno-travel_noisy_p04_hyp-2_70_1.tar.bz2:0.501116991043:0.00763656:0.5
> 0:False:13,21:309,30
> 1:True:12,18:309,29
> 2:False:12,21:309,29
> 3:False:11,20:309,28
> 4:False:12,21:309,29
> 5:False:11,21:309,28
zeno-travel-suboptimal-old-noisy/70/zeno-travel_noisy_p04_hyp-2_70_2.tar.bz2:0.498694896698:0.00772411:0.49
> 0:False:13,19:308,29
> 1:True:12,17:308,28
> 2:False:12,20:308,28
> 3:False:11,19:308,27
> 4:False:12,21:308,28
> 5:False:11,19:308,27
zeno-travel-suboptimal-old-noisy/70/zeno-travel_noisy_p04_hyp-2_70_3.tar.bz2:0.497195959091:0.00779385:0.5
> 0:False:13,22:309,30
> 1:True:12,19:309,29
> 2:False:12,21:309,29
> 3:False:11,22:309,28
> 4:False:12,21:309,29
> 5:False:11,20:309,28
zeno-travel-suboptimal-old-noisy/70/zeno-travel_noisy_p04_hyp-3_70_1.tar.bz2:0.495893001556:0.00753869:0.49
> 0:False:13,23:307,28
> 1:False:12,21:307,27
> 2:True:12,18:307,27
> 3:False:11,21:307,26
> 4:True:12,18:307,27
> 5:False:11,20:307,26
zeno-travel-suboptimal-old-noisy/70/zeno-travel_noisy_p04_hyp-3_70_2.tar.bz2:0.49631690979:0.00772756:0.49
> 0:False:13,23:308,29
> 1:False:12,21:308,28
> 2:True:12,18:308,28
> 3:False:11,21:308,27
> 4:False:12,19:308,28
> 5:False:11,19:308,27
zeno-travel-suboptimal-old-noisy/70/zeno-travel_noisy_p04_hyp-3_70_3.tar.bz2:0.497611999512:0.00775336:0.5
> 0:False:13,24:307,28
> 1:False:12,21:307,27
> 2:True:12,19:307,27
> 3:False:11,21:307,26
> 4:False:12,20:307,27
> 5:False:11,21:307,26
zeno-travel-suboptimal-old-noisy/70/zeno-travel_noisy_p04_hyp-4_70_1.tar.bz2:0.494928836823:0.00772604:0.5
> 0:False:13,21:308,29
> 1:False:12,21:308,28
> 2:False:12,22:308,28
> 3:True:11,18:308,27
> 4:False:12,22:308,28
> 5:False:11,22:308,27
zeno-travel-suboptimal-old-noisy/70/zeno-travel_noisy_p04_hyp-4_70_2.tar.bz2:0.496036052704:0.00781013:0.5
> 0:False:13,21:309,30
> 1:False:12,21:309,29
> 2:False:12,21:309,29
> 3:True:11,18:309,28
> 4:False:12,20:309,29
> 5:False:11,21:309,28
zeno-travel-suboptimal-old-noisy/70/zeno-travel_noisy_p04_hyp-4_70_3.tar.bz2:0.496649026871:0.00772835:0.49
> 0:True:13,21:309,30
> 1:False:12,21:309,29
> 2:False:12,22:309,29
> 3:True:11,19:309,28
> 4:False:12,21:309,29
> 5:False:11,23:309,28
zeno-travel-suboptimal-old-noisy/70/zeno-travel_noisy_p05_hyp-1_70_1.tar.bz2:0.530616044998:0.00849041:0.54
> 0:False:7,17:393,24
> 1:True:11,17:393,28
> 2:False:7,18:393,24
> 3:False:9,19:393,26
> 4:False:6,18:393,23
> 5:False:7,18:393,24
zeno-travel-suboptimal-old-noisy/70/zeno-travel_noisy_p05_hyp-1_70_2.tar.bz2:0.528304815292:0.00860848:0.52
> 0:False:7,18:392,23
> 1:True:11,19:392,27
> 2:False:7,20:392,23
> 3:False:9,20:392,25
> 4:False:6,19:392,22
> 5:False:7,20:392,23
zeno-travel-suboptimal-old-noisy/70/zeno-travel_noisy_p05_hyp-1_70_3.tar.bz2:0.527051925659:0.00846498:0.53
> 0:False:7,19:392,23
> 1:True:11,19:392,27
> 2:False:7,19:392,23
> 3:False:9,21:392,25
> 4:False:6,19:392,22
> 5:False:7,19:392,23
zeno-travel-suboptimal-old-noisy/70/zeno-travel_noisy_p05_hyp-2_70_1.tar.bz2:0.528836011887:0.00856118:0.53
> 0:False:7,16:393,24
> 1:False:11,20:393,28
> 2:False:7,18:393,24
> 3:True:9,16:393,26
> 4:False:6,19:393,23
> 5:False:7,18:393,24
zeno-travel-suboptimal-old-noisy/70/zeno-travel_noisy_p05_hyp-2_70_2.tar.bz2:0.527958869934:0.00843293:0.53
> 0:False:7,15:391,22
> 1:False:11,19:391,26
> 2:False:7,18:391,22
> 3:True:9,16:391,24
> 4:False:6,18:391,21
> 5:False:7,18:391,22
zeno-travel-suboptimal-old-noisy/70/zeno-travel_noisy_p05_hyp-2_70_3.tar.bz2:0.529355049133:0.0084053:0.54
> 0:False:7,16:392,23
> 1:False:11,20:392,27
> 2:False:7,18:392,23
> 3:True:9,16:392,25
> 4:False:6,19:392,22
> 5:False:7,18:392,23
zeno-travel-suboptimal-old-noisy/70/zeno-travel_noisy_p05_hyp-3_70_1.tar.bz2:0.527365922928:0.00857062:0.53
> 0:False:7,15:388,19
> 1:False:11,19:388,23
> 2:False:7,15:388,19
> 3:False:9,17:388,21
> 4:True:6,12:388,18
> 5:False:7,15:388,19
zeno-travel-suboptimal-old-noisy/70/zeno-travel_noisy_p05_hyp-3_70_2.tar.bz2:0.528085947037:0.00844912:0.53
> 0:False:7,15:387,18
> 1:False:11,18:387,22
> 2:False:7,15:387,18
> 3:False:9,17:387,20
> 4:True:6,11:387,17
> 5:False:7,15:387,18
zeno-travel-suboptimal-old-noisy/70/zeno-travel_noisy_p05_hyp-3_70_3.tar.bz2:0.528485059738:0.00845483:0.53
> 0:False:7,15:388,19
> 1:False:11,18:388,23
> 2:False:7,15:388,19
> 3:False:9,17:388,21
> 4:True:6,12:388,18
> 5:False:7,15:388,19
zeno-travel-suboptimal-old-noisy/70/zeno-travel_noisy_p05_hyp-4_70_1.tar.bz2:0.530273914337:0.00852373:0.54
> 0:False:7,19:392,23
> 1:False:11,21:392,27
> 2:True:7,15:392,23
> 3:False:9,19:392,25
> 4:False:6,17:392,22
> 5:True:7,15:392,23
zeno-travel-suboptimal-old-noisy/70/zeno-travel_noisy_p05_hyp-4_70_2.tar.bz2:0.528768062592:0.00853365:0.53
> 0:False:7,19:391,22
> 1:False:11,21:391,26
> 2:True:7,16:391,22
> 3:False:9,20:391,24
> 4:False:6,17:391,21
> 5:True:7,16:391,22
zeno-travel-suboptimal-old-noisy/70/zeno-travel_noisy_p05_hyp-4_70_3.tar.bz2:0.530063152313:0.00858783:0.53
> 0:False:7,19:392,23
> 1:True:11,21:392,27
> 2:True:7,17:392,23
> 3:False:9,21:392,25
> 4:False:6,17:392,22
> 5:True:7,17:392,23
zeno-travel-suboptimal-old-noisy/100/zeno-travel_noisy_p03_hyp-1_full_1.tar.bz2:0.497392892838:0.00788859:0.5
> 0:True:8,20:311,27
> 1:False:8,22:311,27
> 2:False:10,26:311,29
> 3:False:10,25:311,29
> 4:False:10,25:311,29
> 5:False:10,26:311,29
zeno-travel-suboptimal-old-noisy/100/zeno-travel_noisy_p03_hyp-1_full_2.tar.bz2:0.495161056519:0.00777778:0.49
> 0:True:8,20:311,27
> 1:False:8,22:311,27
> 2:False:10,26:311,29
> 3:False:10,25:311,29
> 4:False:10,25:311,29
> 5:False:10,26:311,29
zeno-travel-suboptimal-old-noisy/100/zeno-travel_noisy_p03_hyp-1_full_3.tar.bz2:0.494868993759:0.00796656:0.49
> 0:True:8,20:311,27
> 1:False:8,22:311,27
> 2:False:10,26:311,29
> 3:False:10,25:311,29
> 4:False:10,25:311,29
> 5:False:10,26:311,29
zeno-travel-suboptimal-old-noisy/100/zeno-travel_noisy_p03_hyp-2_full_1.tar.bz2:0.499133110046:0.00783929:0.49
> 0:False:8,19:309,25
> 1:True:8,17:309,25
> 2:False:10,23:309,27
> 3:False:10,22:309,27
> 4:False:10,22:309,27
> 5:False:10,22:309,27
zeno-travel-suboptimal-old-noisy/100/zeno-travel_noisy_p03_hyp-2_full_2.tar.bz2:0.497164964676:0.0078785:0.49
> 0:False:8,19:309,25
> 1:True:8,17:309,25
> 2:False:10,23:309,27
> 3:False:10,22:309,27
> 4:False:10,22:309,27
> 5:False:10,22:309,27
zeno-travel-suboptimal-old-noisy/100/zeno-travel_noisy_p03_hyp-2_full_3.tar.bz2:0.499711990356:0.00781025:0.5
> 0:False:8,19:309,25
> 1:True:8,17:309,25
> 2:False:10,23:309,27
> 3:False:10,22:309,27
> 4:False:10,22:309,27
> 5:False:10,22:309,27
zeno-travel-suboptimal-old-noisy/100/zeno-travel_noisy_p03_hyp-3_full_1.tar.bz2:0.497725009918:0.00785553:0.5
> 0:False:8,25:312,28
> 1:False:8,25:312,28
> 2:True:10,21:312,30
> 3:False:10,26:312,30
> 4:False:10,23:312,30
> 5:False:10,24:312,30
zeno-travel-suboptimal-old-noisy/100/zeno-travel_noisy_p03_hyp-3_full_2.tar.bz2:0.496371984482:0.00779313:0.49
> 0:False:8,25:312,28
> 1:False:8,25:312,28
> 2:True:10,21:312,30
> 3:False:10,26:312,30
> 4:False:10,23:312,30
> 5:False:10,24:312,30
zeno-travel-suboptimal-old-noisy/100/zeno-travel_noisy_p03_hyp-3_full_3.tar.bz2:0.496674060822:0.00787675:0.49
> 0:False:8,25:312,28
> 1:False:8,25:312,28
> 2:True:10,21:312,30
> 3:False:10,26:312,30
> 4:False:10,23:312,30
> 5:False:10,24:312,30
zeno-travel-suboptimal-old-noisy/100/zeno-travel_noisy_p03_hyp-4_full_1.tar.bz2:0.494729995728:0.00767084:0.49
> 0:False:8,21:310,26
> 1:False:8,21:310,26
> 2:False:10,23:310,28
> 3:True:10,18:310,28
> 4:False:10,21:310,28
> 5:False:10,20:310,28
zeno-travel-suboptimal-old-noisy/100/zeno-travel_noisy_p03_hyp-4_full_2.tar.bz2:0.495417118073:0.00766637:0.49
> 0:False:8,21:310,26
> 1:False:8,21:310,26
> 2:False:10,23:310,28
> 3:True:10,18:310,28
> 4:False:10,21:310,28
> 5:False:10,20:310,28
zeno-travel-suboptimal-old-noisy/100/zeno-travel_noisy_p03_hyp-4_full_3.tar.bz2:0.498931884766:0.00772229:0.5
> 0:False:8,21:310,26
> 1:False:8,21:310,26
> 2:False:10,23:310,28
> 3:True:10,18:310,28
> 4:False:10,21:310,28
> 5:False:10,20:310,28
zeno-travel-suboptimal-old-noisy/100/zeno-travel_noisy_p04_hyp-1_full_1.tar.bz2:0.495341062546:0.00783339:0.5
> 0:True:13,21:313,34
> 1:False:12,23:313,33
> 2:False:12,25:313,33
> 3:False:11,21:313,32
> 4:False:12,24:313,33
> 5:False:11,24:313,32
zeno-travel-suboptimal-old-noisy/100/zeno-travel_noisy_p04_hyp-1_full_2.tar.bz2:0.496351003647:0.00774064:0.49
> 0:True:13,21:313,34
> 1:False:12,23:313,33
> 2:False:12,27:313,33
> 3:False:11,22:313,32
> 4:False:12,25:313,33
> 5:False:11,24:313,32
zeno-travel-suboptimal-old-noisy/100/zeno-travel_noisy_p04_hyp-1_full_3.tar.bz2:0.498290061951:0.00778974:0.5
> 0:True:13,21:313,34
> 1:False:12,23:313,33
> 2:False:12,27:313,33
> 3:False:11,22:313,32
> 4:False:12,25:313,33
> 5:False:11,24:313,32
zeno-travel-suboptimal-old-noisy/100/zeno-travel_noisy_p04_hyp-2_full_1.tar.bz2:0.499183893204:0.00793388:0.5
> 0:False:13,25:314,35
> 1:True:12,22:314,34
> 2:False:12,26:314,34
> 3:False:11,25:314,33
> 4:False:12,26:314,34
> 5:False:11,25:314,33
zeno-travel-suboptimal-old-noisy/100/zeno-travel_noisy_p04_hyp-2_full_2.tar.bz2:0.498986005783:0.00791859:0.5
> 0:False:13,25:314,35
> 1:True:12,22:314,34
> 2:False:12,25:314,34
> 3:False:11,25:314,33
> 4:False:12,26:314,34
> 5:False:11,25:314,33
zeno-travel-suboptimal-old-noisy/100/zeno-travel_noisy_p04_hyp-2_full_3.tar.bz2:0.49792599678:0.00775218:0.5
> 0:False:13,25:314,35
> 1:True:12,22:314,34
> 2:False:12,25:314,34
> 3:False:11,25:314,33
> 4:False:12,26:314,34
> 5:False:11,25:314,33
zeno-travel-suboptimal-old-noisy/100/zeno-travel_noisy_p04_hyp-3_full_1.tar.bz2:0.498949050903:0.0076445:0.5
> 0:False:13,28:313,34
> 1:False:12,24:313,33
> 2:True:12,21:313,33
> 3:False:11,25:313,32
> 4:False:12,23:313,33
> 5:False:11,23:313,32
zeno-travel-suboptimal-old-noisy/100/zeno-travel_noisy_p04_hyp-3_full_2.tar.bz2:0.497609853745:0.00789711:0.51
> 0:False:13,28:313,34
> 1:False:12,24:313,33
> 2:True:12,21:313,33
> 3:False:11,25:313,32
> 4:False:12,23:313,33
> 5:False:11,23:313,32
zeno-travel-suboptimal-old-noisy/100/zeno-travel_noisy_p04_hyp-3_full_3.tar.bz2:0.498060941696:0.00787096:0.5
> 0:False:13,27:313,34
> 1:False:12,23:313,33
> 2:True:12,21:313,33
> 3:False:11,24:313,32
> 4:False:12,23:313,33
> 5:False:11,23:313,32
zeno-travel-suboptimal-old-noisy/100/zeno-travel_noisy_p04_hyp-4_full_1.tar.bz2:0.495234012604:0.00771339:0.49
> 0:True:13,24:314,35
> 1:False:12,25:314,34
> 2:False:12,26:314,34
> 3:True:11,22:314,33
> 4:False:12,26:314,34
> 5:False:11,26:314,33
zeno-travel-suboptimal-old-noisy/100/zeno-travel_noisy_p04_hyp-4_full_2.tar.bz2:0.497472047806:0.00783959:0.51
> 0:False:13,25:314,35
> 1:False:12,25:314,34
> 2:False:12,26:314,34
> 3:True:11,22:314,33
> 4:False:12,26:314,34
> 5:False:11,26:314,33
zeno-travel-suboptimal-old-noisy/100/zeno-travel_noisy_p04_hyp-4_full_3.tar.bz2:0.498296022415:0.00788405:0.5
> 0:True:13,23:314,35
> 1:False:12,25:314,34
> 2:False:12,26:314,34
> 3:False:11,22:314,33
> 4:False:12,25:314,34
> 5:False:11,26:314,33
zeno-travel-suboptimal-old-noisy/100/zeno-travel_noisy_p05_hyp-1_full_1.tar.bz2:0.531113862991:0.00874957:0.52
> 0:False:7,22:398,29
> 1:True:11,22:398,33
> 2:False:7,24:398,29
> 3:False:9,24:398,31
> 4:False:6,24:398,28
> 5:False:7,24:398,29
zeno-travel-suboptimal-old-noisy/100/zeno-travel_noisy_p05_hyp-1_full_2.tar.bz2:0.531164884567:0.00863575:0.53
> 0:False:7,22:398,29
> 1:True:11,22:398,33
> 2:False:7,24:398,29
> 3:False:9,24:398,31
> 4:False:6,24:398,28
> 5:False:7,24:398,29
zeno-travel-suboptimal-old-noisy/100/zeno-travel_noisy_p05_hyp-1_full_3.tar.bz2:0.529270887375:0.00862661:0.52
> 0:False:7,22:398,29
> 1:True:11,22:398,33
> 2:False:7,24:398,29
> 3:False:9,24:398,31
> 4:False:6,24:398,28
> 5:False:7,24:398,29
zeno-travel-suboptimal-old-noisy/100/zeno-travel_noisy_p05_hyp-2_full_1.tar.bz2:0.527884960175:0.0083787:0.53
> 0:False:7,20:396,27
> 1:False:11,24:396,31
> 2:False:7,22:396,27
> 3:True:9,20:396,29
> 4:False:6,23:396,26
> 5:False:7,22:396,27
zeno-travel-suboptimal-old-noisy/100/zeno-travel_noisy_p05_hyp-2_full_2.tar.bz2:0.526150941849:0.00854583:0.53
> 0:False:7,20:396,27
> 1:False:11,24:396,31
> 2:False:7,22:396,27
> 3:True:9,20:396,29
> 4:False:6,23:396,26
> 5:False:7,22:396,27
zeno-travel-suboptimal-old-noisy/100/zeno-travel_noisy_p05_hyp-2_full_3.tar.bz2:0.528434991837:0.00867625:0.54
> 0:False:7,20:396,27
> 1:False:11,24:396,31
> 2:False:7,22:396,27
> 3:True:9,20:396,29
> 4:False:6,23:396,26
> 5:False:7,22:396,27
zeno-travel-suboptimal-old-noisy/100/zeno-travel_noisy_p05_hyp-3_full_1.tar.bz2:0.530308961868:0.00846484:0.54
> 0:False:7,18:391,22
> 1:False:11,21:391,26
> 2:False:7,19:391,22
> 3:False:9,20:391,24
> 4:True:6,15:391,21
> 5:False:7,19:391,22
zeno-travel-suboptimal-old-noisy/100/zeno-travel_noisy_p05_hyp-3_full_2.tar.bz2:0.530844926834:0.0085415:0.52
> 0:False:7,19:391,22
> 1:False:11,22:391,26
> 2:False:7,19:391,22
> 3:False:9,21:391,24
> 4:True:6,15:391,21
> 5:False:7,19:391,22
zeno-travel-suboptimal-old-noisy/100/zeno-travel_noisy_p05_hyp-3_full_3.tar.bz2:0.532161951065:0.00855423:0.53
> 0:False:7,19:391,22
> 1:False:11,22:391,26
> 2:False:7,19:391,22
> 3:False:9,21:391,24
> 4:True:6,15:391,21
> 5:False:7,19:391,22
zeno-travel-suboptimal-old-noisy/100/zeno-travel_noisy_p05_hyp-4_full_1.tar.bz2:0.526221036911:0.00857301:0.53
> 0:False:7,24:395,26
> 1:False:11,26:395,30
> 2:True:7,20:395,26
> 3:False:9,24:395,28
> 4:False:6,22:395,25
> 5:True:7,20:395,26
zeno-travel-suboptimal-old-noisy/100/zeno-travel_noisy_p05_hyp-4_full_2.tar.bz2:0.523269891739:0.00838965:0.53
> 0:False:7,24:396,27
> 1:False:11,26:396,31
> 2:True:7,20:396,27
> 3:False:9,24:396,29
> 4:False:6,22:396,26
> 5:True:7,20:396,27
zeno-travel-suboptimal-old-noisy/100/zeno-travel_noisy_p05_hyp-4_full_3.tar.bz2:0.530169010162:0.00860211:0.53
> 0:False:7,24:396,27
> 1:False:11,26:396,31
> 2:True:7,20:396,27
> 3:False:9,24:396,29
> 4:False:6,22:396,26
> 5:True:7,20:396,27
