zeno-travel-suboptimal-old-noisy/10/zeno-travel_noisy_p03_hyp-1_10_1.tar.bz2:0.704169988632:0.0942014:0.71
> 0:True:8,9:17163,2384
> 1:False:7,9:17163,2384
> 2:False:9,13:17163,2384
> 3:False:10,12:17163,2384
> 4:False:10,13:17163,2384
> 5:False:10,12:17163,2384
zeno-travel-suboptimal-old-noisy/10/zeno-travel_noisy_p03_hyp-1_10_2.tar.bz2:0.709893941879:0.0997245:0.71
> 0:True:8,9:17163,2384
> 1:False:7,9:17163,2384
> 2:False:9,11:17163,2384
> 3:False:10,12:17163,2384
> 4:True:10,11:17163,2384
> 5:False:10,12:17163,2384
zeno-travel-suboptimal-old-noisy/10/zeno-travel_noisy_p03_hyp-1_10_3.tar.bz2:0.710544109344:0.0995602:0.72
> 0:True:8,12:17163,2384
> 1:False:7,13:17163,2384
> 2:False:9,14:17163,2384
> 3:True:10,14:17163,2384
> 4:True:10,14:17163,2384
> 5:True:10,14:17163,2384
zeno-travel-suboptimal-old-noisy/10/zeno-travel_noisy_p03_hyp-2_10_1.tar.bz2:0.709042072296:0.0984015:0.71
> 0:True:8,10:17163,2384
> 1:False:7,10:17163,2384
> 2:False:9,14:17163,2384
> 3:False:10,14:17163,2384
> 4:False:10,14:17163,2384
> 5:False:10,14:17163,2384
zeno-travel-suboptimal-old-noisy/10/zeno-travel_noisy_p03_hyp-2_10_2.tar.bz2:0.70480298996:0.0969627:0.71
> 0:True:8,11:17163,2384
> 1:False:7,11:17163,2384
> 2:False:9,14:17163,2384
> 3:False:10,14:17163,2384
> 4:False:10,15:17163,2384
> 5:False:10,14:17163,2384
zeno-travel-suboptimal-old-noisy/10/zeno-travel_noisy_p03_hyp-2_10_3.tar.bz2:0.704225063324:0.0976483:0.7
> 0:False:8,11:17163,2384
> 1:False:7,10:17163,2384
> 2:False:9,12:17163,2384
> 3:True:10,12:17163,2384
> 4:True:10,12:17163,2384
> 5:True:10,12:17163,2384
zeno-travel-suboptimal-old-noisy/10/zeno-travel_noisy_p03_hyp-3_10_1.tar.bz2:0.713396072388:0.1005321:0.73
> 0:False:8,13:17163,2384
> 1:False:7,13:17163,2384
> 2:False:9,14:17163,2384
> 3:False:10,16:17163,2384
> 4:True:10,14:17163,2384
> 5:False:10,16:17163,2384
zeno-travel-suboptimal-old-noisy/10/zeno-travel_noisy_p03_hyp-3_10_2.tar.bz2:0.709154129028:0.0979235:0.71
> 0:False:8,12:17163,2384
> 1:False:7,12:17163,2384
> 2:False:9,11:17163,2384
> 3:False:10,14:17163,2384
> 4:True:10,11:17163,2384
> 5:False:10,13:17163,2384
zeno-travel-suboptimal-old-noisy/10/zeno-travel_noisy_p03_hyp-3_10_3.tar.bz2:0.70423913002:0.0943816:0.7
> 0:False:8,11:17163,2384
> 1:False:7,12:17163,2384
> 2:False:9,11:17163,2384
> 3:False:10,12:17163,2384
> 4:True:10,11:17163,2384
> 5:True:10,11:17163,2384
zeno-travel-suboptimal-old-noisy/10/zeno-travel_noisy_p03_hyp-4_10_1.tar.bz2:0.704820156097:0.0974163:0.7
> 0:False:8,10:17163,2384
> 1:False:7,9:17163,2384
> 2:False:9,11:17163,2384
> 3:True:10,11:17163,2384
> 4:True:10,11:17163,2384
> 5:True:10,11:17163,2384
zeno-travel-suboptimal-old-noisy/10/zeno-travel_noisy_p03_hyp-4_10_2.tar.bz2:0.711374998093:0.1005469:0.72
> 0:False:8,12:17163,2384
> 1:False:7,12:17163,2384
> 2:False:9,13:17163,2384
> 3:True:10,12:17163,2384
> 4:False:10,13:17163,2384
> 5:False:10,13:17163,2384
zeno-travel-suboptimal-old-noisy/10/zeno-travel_noisy_p03_hyp-4_10_3.tar.bz2:0.704988956451:0.097302:0.71
> 0:False:8,12:17163,2384
> 1:False:7,11:17163,2384
> 2:False:9,12:17163,2384
> 3:True:10,11:17163,2384
> 4:False:10,12:17163,2384
> 5:False:10,12:17163,2384
zeno-travel-suboptimal-old-noisy/10/zeno-travel_noisy_p04_hyp-1_10_1.tar.bz2:0.702138185501:0.092496:0.7
> 0:True:12,13:17163,2384
> 1:True:12,13:17163,2384
> 2:False:11,13:17163,2384
> 3:True:12,13:17163,2384
> 4:False:12,14:17163,2384
> 5:False:11,13:17163,2384
zeno-travel-suboptimal-old-noisy/10/zeno-travel_noisy_p04_hyp-1_10_2.tar.bz2:0.70010304451:0.090359:0.7
> 0:True:12,15:17163,2384
> 1:True:12,15:17163,2384
> 2:True:11,14:17163,2384
> 3:True:12,15:17163,2384
> 4:True:12,15:17163,2384
> 5:True:11,14:17163,2384
zeno-travel-suboptimal-old-noisy/10/zeno-travel_noisy_p04_hyp-1_10_3.tar.bz2:0.700365066528:0.093169:0.7
> 0:True:12,14:17163,2384
> 1:False:12,15:17163,2384
> 2:False:11,15:17163,2384
> 3:False:12,15:17163,2384
> 4:False:12,16:17163,2384
> 5:False:11,14:17163,2384
zeno-travel-suboptimal-old-noisy/10/zeno-travel_noisy_p04_hyp-2_10_1.tar.bz2:0.702396869659:0.092762:0.71
> 0:False:12,15:17163,2384
> 1:True:12,14:17163,2384
> 2:False:11,15:17163,2384
> 3:False:12,15:17163,2384
> 4:False:12,15:17163,2384
> 5:False:11,15:17163,2384
zeno-travel-suboptimal-old-noisy/10/zeno-travel_noisy_p04_hyp-2_10_2.tar.bz2:0.706927776337:0.095074:0.7
> 0:False:12,14:17163,2384
> 1:True:12,13:17163,2384
> 2:False:11,15:17163,2384
> 3:False:12,14:17163,2384
> 4:False:12,15:17163,2384
> 5:False:11,15:17163,2384
zeno-travel-suboptimal-old-noisy/10/zeno-travel_noisy_p04_hyp-2_10_3.tar.bz2:0.699957847595:0.0898728:0.7
> 0:False:12,15:17163,2384
> 1:True:12,14:17163,2384
> 2:False:11,16:17163,2384
> 3:False:12,15:17163,2384
> 4:False:12,16:17163,2384
> 5:False:11,16:17163,2384
zeno-travel-suboptimal-old-noisy/10/zeno-travel_noisy_p04_hyp-3_10_1.tar.bz2:0.706185817719:0.0952649:0.71
> 0:False:12,14:17163,2384
> 1:True:12,13:17163,2384
> 2:False:11,14:17163,2384
> 3:False:12,14:17163,2384
> 4:False:12,14:17163,2384
> 5:False:11,14:17163,2384
zeno-travel-suboptimal-old-noisy/10/zeno-travel_noisy_p04_hyp-3_10_2.tar.bz2:0.702850103378:0.0928216:0.7
> 0:False:12,17:17163,2384
> 1:False:12,17:17163,2384
> 2:True:11,13:17163,2384
> 3:False:12,15:17163,2384
> 4:False:12,15:17163,2384
> 5:False:11,15:17163,2384
zeno-travel-suboptimal-old-noisy/10/zeno-travel_noisy_p04_hyp-3_10_3.tar.bz2:0.697396993637:0.0904672:0.7
> 0:False:12,16:17163,2384
> 1:True:12,15:17163,2384
> 2:True:11,14:17163,2384
> 3:False:12,16:17163,2384
> 4:True:12,15:17163,2384
> 5:True:11,14:17163,2384
zeno-travel-suboptimal-old-noisy/10/zeno-travel_noisy_p04_hyp-4_10_1.tar.bz2:0.69823217392:0.0894772:0.71
> 0:False:12,14:17163,2384
> 1:False:12,14:17163,2384
> 2:False:11,15:17163,2384
> 3:True:12,13:17163,2384
> 4:False:12,15:17163,2384
> 5:False:11,15:17163,2384
zeno-travel-suboptimal-old-noisy/10/zeno-travel_noisy_p04_hyp-4_10_2.tar.bz2:0.704764127731:0.0948506:0.7
> 0:False:12,14:17163,2384
> 1:True:12,13:17163,2384
> 2:False:11,15:17163,2384
> 3:True:12,13:17163,2384
> 4:False:12,15:17163,2384
> 5:False:11,15:17163,2384
zeno-travel-suboptimal-old-noisy/10/zeno-travel_noisy_p04_hyp-4_10_3.tar.bz2:0.703725099564:0.0940077:0.7
> 0:False:12,13:17163,2384
> 1:True:12,12:17163,2384
> 2:False:11,14:17163,2384
> 3:False:12,13:17163,2384
> 4:False:12,14:17163,2384
> 5:False:11,14:17163,2384
zeno-travel-suboptimal-old-noisy/10/zeno-travel_noisy_p05_hyp-1_10_1.tar.bz2:0.819957017899:0.1382978:0.82
> 0:False:5,9:22795,3070
> 1:True:10,13:22795,3070
> 2:False:6,11:22795,3070
> 3:True:8,11:22795,3070
> 4:False:5,9:22795,3070
> 5:False:7,11:22795,3070
zeno-travel-suboptimal-old-noisy/10/zeno-travel_noisy_p05_hyp-1_10_2.tar.bz2:0.822271108627:0.1390339:0.82
> 0:False:5,8:22795,3070
> 1:True:10,11:22795,3070
> 2:False:6,10:22795,3070
> 3:True:8,9:22795,3070
> 4:False:5,8:22795,3070
> 5:False:7,10:22795,3070
zeno-travel-suboptimal-old-noisy/10/zeno-travel_noisy_p05_hyp-1_10_3.tar.bz2:0.816510915756:0.1341905:0.81
> 0:False:5,10:22795,3070
> 1:False:10,14:22795,3070
> 2:False:6,10:22795,3070
> 3:False:8,12:22795,3070
> 4:False:5,9:22795,3070
> 5:True:7,10:22795,3070
zeno-travel-suboptimal-old-noisy/10/zeno-travel_noisy_p05_hyp-2_10_1.tar.bz2:0.820590019226:0.1389143:0.82
> 0:False:5,9:22795,3070
> 1:True:10,12:22795,3070
> 2:False:6,10:22795,3070
> 3:True:8,10:22795,3070
> 4:False:5,8:22795,3070
> 5:False:7,10:22795,3070
zeno-travel-suboptimal-old-noisy/10/zeno-travel_noisy_p05_hyp-2_10_2.tar.bz2:0.824100017548:0.1410989:0.83
> 0:False:5,8:22795,3070
> 1:True:10,12:22795,3070
> 2:False:6,13:22795,3070
> 3:True:8,10:22795,3070
> 4:False:5,11:22795,3070
> 5:False:7,13:22795,3070
zeno-travel-suboptimal-old-noisy/10/zeno-travel_noisy_p05_hyp-2_10_3.tar.bz2:0.823660850525:0.1434764:0.83
> 0:False:5,10:22795,3070
> 1:True:10,14:22795,3070
> 2:False:6,12:22795,3070
> 3:True:8,12:22795,3070
> 4:False:5,10:22795,3070
> 5:False:7,12:22795,3070
zeno-travel-suboptimal-old-noisy/10/zeno-travel_noisy_p05_hyp-3_10_1.tar.bz2:0.817741155624:0.1366221:0.82
> 0:False:5,10:22795,3070
> 1:False:10,15:22795,3070
> 2:False:6,11:22795,3070
> 3:False:8,13:22795,3070
> 4:True:5,8:22795,3070
> 5:False:7,12:22795,3070
zeno-travel-suboptimal-old-noisy/10/zeno-travel_noisy_p05_hyp-3_10_2.tar.bz2:0.823834180832:0.1413491:0.82
> 0:False:5,10:22795,3070
> 1:False:10,15:22795,3070
> 2:False:6,10:22795,3070
> 3:False:8,13:22795,3070
> 4:True:5,8:22795,3070
> 5:False:7,11:22795,3070
zeno-travel-suboptimal-old-noisy/10/zeno-travel_noisy_p05_hyp-3_10_3.tar.bz2:0.825059175491:0.1434677:0.82
> 0:False:5,10:22795,3070
> 1:True:10,13:22795,3070
> 2:False:6,11:22795,3070
> 3:False:8,12:22795,3070
> 4:True:5,8:22795,3070
> 5:False:7,12:22795,3070
zeno-travel-suboptimal-old-noisy/10/zeno-travel_noisy_p05_hyp-4_10_1.tar.bz2:0.826663017273:0.1437696:0.82
> 0:False:5,12:22795,3070
> 1:False:10,16:22795,3070
> 2:False:6,10:22795,3070
> 3:False:8,12:22795,3070
> 4:False:5,10:22795,3070
> 5:True:7,10:22795,3070
zeno-travel-suboptimal-old-noisy/10/zeno-travel_noisy_p05_hyp-4_10_2.tar.bz2:0.818519115448:0.1351124:0.81
> 0:False:5,12:22795,3070
> 1:True:10,13:22795,3070
> 2:False:6,10:22795,3070
> 3:False:8,13:22795,3070
> 4:False:5,10:22795,3070
> 5:True:7,10:22795,3070
zeno-travel-suboptimal-old-noisy/10/zeno-travel_noisy_p05_hyp-4_10_3.tar.bz2:0.830938100815:0.1454468:0.83
> 0:False:5,9:22795,3070
> 1:False:10,14:22795,3070
> 2:True:6,9:22795,3070
> 3:False:8,12:22795,3070
> 4:True:5,8:22795,3070
> 5:True:7,10:22795,3070
zeno-travel-suboptimal-old-noisy/30/zeno-travel_noisy_p03_hyp-1_30_1.tar.bz2:0.707353115082:0.0965385:0.71
> 0:True:8,11:17166,2390
> 1:False:7,12:17166,2390
> 2:False:9,16:17166,2390
> 3:False:10,16:17166,2390
> 4:False:10,16:17166,2390
> 5:False:10,16:17166,2390
zeno-travel-suboptimal-old-noisy/30/zeno-travel_noisy_p03_hyp-1_30_2.tar.bz2:0.70582985878:0.0957997:0.71
> 0:True:8,10:17165,2388
> 1:False:7,11:17165,2388
> 2:False:9,15:17165,2388
> 3:False:10,15:17165,2388
> 4:False:10,15:17165,2388
> 5:False:10,15:17165,2388
zeno-travel-suboptimal-old-noisy/30/zeno-travel_noisy_p03_hyp-1_30_3.tar.bz2:0.708717107773:0.0996878:0.71
> 0:True:8,11:17166,2390
> 1:False:7,12:17166,2390
> 2:False:9,16:17166,2390
> 3:False:10,16:17166,2390
> 4:False:10,16:17166,2390
> 5:False:10,16:17166,2390
zeno-travel-suboptimal-old-noisy/30/zeno-travel_noisy_p03_hyp-2_30_1.tar.bz2:0.707624197006:0.0952188:0.71
> 0:True:8,12:17166,2390
> 1:True:7,11:17166,2390
> 2:False:9,15:17166,2390
> 3:True:10,14:17166,2390
> 4:False:10,15:17166,2390
> 5:True:10,14:17166,2390
zeno-travel-suboptimal-old-noisy/30/zeno-travel_noisy_p03_hyp-2_30_2.tar.bz2:0.706934928894:0.0979504:0.71
> 0:True:8,11:17165,2388
> 1:True:7,10:17165,2388
> 2:False:9,14:17165,2388
> 3:True:10,13:17165,2388
> 4:False:10,14:17165,2388
> 5:True:10,13:17165,2388
zeno-travel-suboptimal-old-noisy/30/zeno-travel_noisy_p03_hyp-2_30_3.tar.bz2:0.707515001297:0.0984209:0.71
> 0:True:8,11:17166,2390
> 1:True:7,10:17166,2390
> 2:False:9,14:17166,2390
> 3:True:10,13:17166,2390
> 4:False:10,14:17166,2390
> 5:True:10,13:17166,2390
zeno-travel-suboptimal-old-noisy/30/zeno-travel_noisy_p03_hyp-3_30_1.tar.bz2:0.706573009491:0.0967271:0.7
> 0:False:8,17:17168,2394
> 1:False:7,17:17168,2394
> 2:False:9,16:17168,2394
> 3:False:10,19:17168,2394
> 4:True:10,16:17168,2394
> 5:False:10,18:17168,2394
zeno-travel-suboptimal-old-noisy/30/zeno-travel_noisy_p03_hyp-3_30_2.tar.bz2:0.706881999969:0.0960047:0.71
> 0:False:8,15:17167,2392
> 1:False:7,16:17167,2392
> 2:False:9,15:17167,2392
> 3:False:10,17:17167,2392
> 4:True:10,15:17167,2392
> 5:False:10,16:17167,2392
zeno-travel-suboptimal-old-noisy/30/zeno-travel_noisy_p03_hyp-3_30_3.tar.bz2:0.705159902573:0.096344:0.7
> 0:False:8,18:17167,2392
> 1:False:7,17:17167,2392
> 2:True:9,15:17167,2392
> 3:False:10,19:17167,2392
> 4:True:10,16:17167,2392
> 5:False:10,18:17167,2392
zeno-travel-suboptimal-old-noisy/30/zeno-travel_noisy_p03_hyp-4_30_1.tar.bz2:0.707448959351:0.0958588:0.71
> 0:False:8,15:17166,2390
> 1:False:7,16:17166,2390
> 2:False:9,16:17166,2390
> 3:True:10,14:17166,2390
> 4:False:10,15:17166,2390
> 5:False:10,16:17166,2390
zeno-travel-suboptimal-old-noisy/30/zeno-travel_noisy_p03_hyp-4_30_2.tar.bz2:0.702965021133:0.0952883:0.7
> 0:False:8,13:17166,2390
> 1:False:7,14:17166,2390
> 2:False:9,15:17166,2390
> 3:True:10,12:17166,2390
> 4:False:10,15:17166,2390
> 5:False:10,13:17166,2390
zeno-travel-suboptimal-old-noisy/30/zeno-travel_noisy_p03_hyp-4_30_3.tar.bz2:0.7072930336:0.0947834:0.71
> 0:False:8,13:17165,2388
> 1:False:7,13:17165,2388
> 2:False:9,15:17165,2388
> 3:True:10,13:17165,2388
> 4:True:10,13:17165,2388
> 5:False:10,14:17165,2388
zeno-travel-suboptimal-old-noisy/30/zeno-travel_noisy_p04_hyp-1_30_1.tar.bz2:0.703572034836:0.0924941:0.71
> 0:True:12,17:17167,2392
> 1:True:12,17:17167,2392
> 2:False:11,20:17167,2392
> 3:False:12,19:17167,2392
> 4:False:12,20:17167,2392
> 5:False:11,19:17167,2392
zeno-travel-suboptimal-old-noisy/30/zeno-travel_noisy_p04_hyp-1_30_2.tar.bz2:0.701170921326:0.0923424:0.7
> 0:True:12,17:17168,2394
> 1:True:12,17:17168,2394
> 2:False:11,18:17168,2394
> 3:True:12,17:17168,2394
> 4:False:12,18:17168,2394
> 5:False:11,18:17168,2394
zeno-travel-suboptimal-old-noisy/30/zeno-travel_noisy_p04_hyp-1_30_3.tar.bz2:0.699197053909:0.0900084:0.7
> 0:True:12,15:17168,2394
> 1:False:12,17:17168,2394
> 2:False:11,19:17168,2394
> 3:False:12,16:17168,2394
> 4:False:12,18:17168,2394
> 5:False:11,18:17168,2394
zeno-travel-suboptimal-old-noisy/30/zeno-travel_noisy_p04_hyp-2_30_1.tar.bz2:0.703356027603:0.095105:0.7
> 0:False:12,16:17168,2394
> 1:True:12,13:17168,2394
> 2:False:11,15:17168,2394
> 3:False:12,16:17168,2394
> 4:False:12,16:17168,2394
> 5:False:11,16:17168,2394
zeno-travel-suboptimal-old-noisy/30/zeno-travel_noisy_p04_hyp-2_30_2.tar.bz2:0.70059800148:0.0931706:0.7
> 0:False:12,18:17167,2392
> 1:True:12,16:17167,2392
> 2:False:11,18:17167,2392
> 3:False:12,19:17167,2392
> 4:False:12,18:17167,2392
> 5:False:11,18:17167,2392
zeno-travel-suboptimal-old-noisy/30/zeno-travel_noisy_p04_hyp-2_30_3.tar.bz2:0.703081846237:0.0918995:0.71
> 0:True:12,19:17167,2392
> 1:True:12,19:17167,2392
> 2:False:11,20:17167,2392
> 3:True:12,19:17167,2392
> 4:False:12,20:17167,2392
> 5:False:11,20:17167,2392
zeno-travel-suboptimal-old-noisy/30/zeno-travel_noisy_p04_hyp-3_30_1.tar.bz2:0.705114126205:0.0942899:0.7
> 0:False:12,20:17168,2394
> 1:True:12,19:17168,2394
> 2:False:11,19:17168,2394
> 3:False:12,20:17168,2394
> 4:False:12,20:17168,2394
> 5:False:11,19:17168,2394
zeno-travel-suboptimal-old-noisy/30/zeno-travel_noisy_p04_hyp-3_30_2.tar.bz2:0.69957613945:0.0892735:0.7
> 0:False:12,21:17168,2394
> 1:False:12,20:17168,2394
> 2:True:11,17:17168,2394
> 3:False:12,20:17168,2394
> 4:True:12,18:17168,2394
> 5:False:11,19:17168,2394
zeno-travel-suboptimal-old-noisy/30/zeno-travel_noisy_p04_hyp-3_30_3.tar.bz2:0.702123880386:0.0905072:0.7
> 0:False:12,19:17168,2394
> 1:False:12,18:17168,2394
> 2:False:11,17:17168,2394
> 3:False:12,20:17168,2394
> 4:False:12,19:17168,2394
> 5:True:11,16:17168,2394
zeno-travel-suboptimal-old-noisy/30/zeno-travel_noisy_p04_hyp-4_30_1.tar.bz2:0.699823856354:0.0902825:0.7
> 0:True:12,19:17168,2394
> 1:False:12,20:17168,2394
> 2:False:11,21:17168,2394
> 3:True:12,19:17168,2394
> 4:False:12,20:17168,2394
> 5:False:11,21:17168,2394
zeno-travel-suboptimal-old-noisy/30/zeno-travel_noisy_p04_hyp-4_30_2.tar.bz2:0.701802015305:0.0933188:0.71
> 0:False:12,16:17168,2394
> 1:False:12,17:17168,2394
> 2:False:11,17:17168,2394
> 3:True:12,15:17168,2394
> 4:False:12,17:17168,2394
> 5:False:11,15:17168,2394
zeno-travel-suboptimal-old-noisy/30/zeno-travel_noisy_p04_hyp-4_30_3.tar.bz2:0.699676036835:0.0912203:0.7
> 0:False:12,18:17168,2394
> 1:False:12,19:17168,2394
> 2:False:11,18:17168,2394
> 3:True:12,16:17168,2394
> 4:False:12,17:17168,2394
> 5:False:11,19:17168,2394
zeno-travel-suboptimal-old-noisy/30/zeno-travel_noisy_p05_hyp-1_30_1.tar.bz2:0.818937063217:0.1371029:0.82
> 0:False:5,16:22799,3078
> 1:True:10,16:22799,3078
> 2:False:6,17:22799,3078
> 3:False:8,17:22799,3078
> 4:False:5,16:22799,3078
> 5:False:7,17:22799,3078
zeno-travel-suboptimal-old-noisy/30/zeno-travel_noisy_p05_hyp-1_30_2.tar.bz2:0.823267936707:0.1412137:0.82
> 0:False:5,12:22800,3080
> 1:True:10,14:22800,3080
> 2:False:6,16:22800,3080
> 3:False:8,13:22800,3080
> 4:False:5,13:22800,3080
> 5:False:7,16:22800,3080
zeno-travel-suboptimal-old-noisy/30/zeno-travel_noisy_p05_hyp-1_30_3.tar.bz2:0.823149204254:0.1400403:0.82
> 0:False:5,14:22800,3080
> 1:True:10,16:22800,3080
> 2:False:6,17:22800,3080
> 3:False:8,15:22800,3080
> 4:False:5,14:22800,3080
> 5:False:7,17:22800,3080
zeno-travel-suboptimal-old-noisy/30/zeno-travel_noisy_p05_hyp-2_30_1.tar.bz2:0.823088884354:0.1437601:0.83
> 0:False:5,10:22798,3076
> 1:False:10,13:22798,3076
> 2:False:6,12:22798,3076
> 3:True:8,9:22798,3076
> 4:False:5,12:22798,3076
> 5:False:7,12:22798,3076
zeno-travel-suboptimal-old-noisy/30/zeno-travel_noisy_p05_hyp-2_30_2.tar.bz2:0.816601991653:0.1369038:0.82
> 0:False:5,12:22798,3076
> 1:False:10,16:22798,3076
> 2:False:6,14:22798,3076
> 3:True:8,13:22798,3076
> 4:False:5,13:22798,3076
> 5:False:7,14:22798,3076
zeno-travel-suboptimal-old-noisy/30/zeno-travel_noisy_p05_hyp-2_30_3.tar.bz2:0.815947055817:0.1372514:0.81
> 0:False:5,11:22797,3074
> 1:True:10,13:22797,3074
> 2:False:6,14:22797,3074
> 3:True:8,11:22797,3074
> 4:False:5,12:22797,3074
> 5:False:7,14:22797,3074
zeno-travel-suboptimal-old-noisy/30/zeno-travel_noisy_p05_hyp-3_30_1.tar.bz2:0.819334983826:0.1385245:0.82
> 0:False:5,11:22797,3074
> 1:False:10,15:22797,3074
> 2:False:6,11:22797,3074
> 3:False:8,13:22797,3074
> 4:True:5,9:22797,3074
> 5:True:7,11:22797,3074
zeno-travel-suboptimal-old-noisy/30/zeno-travel_noisy_p05_hyp-3_30_2.tar.bz2:0.824853897095:0.1423451:0.83
> 0:False:5,13:22797,3074
> 1:False:10,16:22797,3074
> 2:False:6,12:22797,3074
> 3:True:8,13:22797,3074
> 4:True:5,10:22797,3074
> 5:True:7,12:22797,3074
zeno-travel-suboptimal-old-noisy/30/zeno-travel_noisy_p05_hyp-3_30_3.tar.bz2:0.819701910019:0.1386965:0.83
> 0:False:5,12:22797,3074
> 1:True:10,14:22797,3074
> 2:False:6,14:22797,3074
> 3:False:8,13:22797,3074
> 4:False:5,10:22797,3074
> 5:False:7,14:22797,3074
zeno-travel-suboptimal-old-noisy/30/zeno-travel_noisy_p05_hyp-4_30_1.tar.bz2:0.8185069561:0.1334445:0.82
> 0:False:5,14:22798,3076
> 1:False:10,15:22798,3076
> 2:False:6,11:22798,3076
> 3:False:8,15:22798,3076
> 4:False:5,11:22798,3076
> 5:True:7,11:22798,3076
zeno-travel-suboptimal-old-noisy/30/zeno-travel_noisy_p05_hyp-4_30_2.tar.bz2:0.822120904922:0.1411954:0.82
> 0:False:5,15:22797,3074
> 1:False:10,17:22797,3074
> 2:False:6,13:22797,3074
> 3:False:8,17:22797,3074
> 4:False:5,13:22797,3074
> 5:True:7,13:22797,3074
zeno-travel-suboptimal-old-noisy/30/zeno-travel_noisy_p05_hyp-4_30_3.tar.bz2:0.820192098618:0.1383776:0.83
> 0:False:5,15:22798,3076
> 1:False:10,17:22798,3076
> 2:False:6,12:22798,3076
> 3:False:8,16:22798,3076
> 4:False:5,13:22798,3076
> 5:True:7,12:22798,3076
zeno-travel-suboptimal-old-noisy/50/zeno-travel_noisy_p03_hyp-1_50_1.tar.bz2:0.709698915482:0.1001045:0.71
> 0:True:8,17:17169,2396
> 1:False:7,18:17169,2396
> 2:False:9,20:17169,2396
> 3:False:10,21:17169,2396
> 4:False:10,20:17169,2396
> 5:False:10,20:17169,2396
zeno-travel-suboptimal-old-noisy/50/zeno-travel_noisy_p03_hyp-1_50_2.tar.bz2:0.710800886154:0.102074:0.71
> 0:True:8,12:17169,2396
> 1:False:7,14:17169,2396
> 2:False:9,17:17169,2396
> 3:False:10,16:17169,2396
> 4:False:10,16:17169,2396
> 5:False:10,17:17169,2396
zeno-travel-suboptimal-old-noisy/50/zeno-travel_noisy_p03_hyp-1_50_3.tar.bz2:0.708317995071:0.0992791:0.7
> 0:True:8,15:17170,2398
> 1:False:7,16:17170,2398
> 2:False:9,20:17170,2398
> 3:False:10,20:17170,2398
> 4:False:10,20:17170,2398
> 5:False:10,20:17170,2398
zeno-travel-suboptimal-old-noisy/50/zeno-travel_noisy_p03_hyp-2_50_1.tar.bz2:0.707779169083:0.099687:0.71
> 0:False:8,16:17169,2396
> 1:True:7,14:17169,2396
> 2:False:9,19:17169,2396
> 3:True:10,17:17169,2396
> 4:False:10,18:17169,2396
> 5:True:10,17:17169,2396
zeno-travel-suboptimal-old-noisy/50/zeno-travel_noisy_p03_hyp-2_50_2.tar.bz2:0.710065126419:0.1014467:0.71
> 0:False:8,14:17168,2394
> 1:True:7,12:17168,2394
> 2:False:9,17:17168,2394
> 3:False:10,16:17168,2394
> 4:False:10,16:17168,2394
> 5:False:10,16:17168,2394
zeno-travel-suboptimal-old-noisy/50/zeno-travel_noisy_p03_hyp-2_50_3.tar.bz2:0.70515203476:0.0962925:0.7
> 0:False:8,13:17169,2396
> 1:True:7,11:17169,2396
> 2:False:9,17:17169,2396
> 3:False:10,16:17169,2396
> 4:False:10,16:17169,2396
> 5:False:10,16:17169,2396
zeno-travel-suboptimal-old-noisy/50/zeno-travel_noisy_p03_hyp-3_50_1.tar.bz2:0.714323043823:0.1039663:0.71
> 0:False:8,18:17170,2398
> 1:False:7,18:17170,2398
> 2:False:9,16:17170,2398
> 3:False:10,19:17170,2398
> 4:True:10,16:17170,2398
> 5:False:10,18:17170,2398
zeno-travel-suboptimal-old-noisy/50/zeno-travel_noisy_p03_hyp-3_50_2.tar.bz2:0.710655212402:0.0980829:0.71
> 0:False:8,19:17170,2398
> 1:False:7,19:17170,2398
> 2:False:9,18:17170,2398
> 3:False:10,21:17170,2398
> 4:True:10,18:17170,2398
> 5:False:10,20:17170,2398
zeno-travel-suboptimal-old-noisy/50/zeno-travel_noisy_p03_hyp-3_50_3.tar.bz2:0.709528923035:0.09738:0.71
> 0:False:8,18:17170,2398
> 1:False:7,18:17170,2398
> 2:False:9,16:17170,2398
> 3:False:10,19:17170,2398
> 4:True:10,16:17170,2398
> 5:False:10,18:17170,2398
zeno-travel-suboptimal-old-noisy/50/zeno-travel_noisy_p03_hyp-4_50_1.tar.bz2:0.709529161453:0.0987545:0.71
> 0:False:8,17:17170,2398
> 1:False:7,17:17170,2398
> 2:False:9,19:17170,2398
> 3:True:10,15:17170,2398
> 4:False:10,17:17170,2398
> 5:False:10,17:17170,2398
zeno-travel-suboptimal-old-noisy/50/zeno-travel_noisy_p03_hyp-4_50_2.tar.bz2:0.706704854965:0.0977245:0.71
> 0:False:8,16:17169,2396
> 1:False:7,14:17169,2396
> 2:False:9,16:17169,2396
> 3:True:10,14:17169,2396
> 4:False:10,15:17169,2396
> 5:False:10,15:17169,2396
zeno-travel-suboptimal-old-noisy/50/zeno-travel_noisy_p03_hyp-4_50_3.tar.bz2:0.70706319809:0.0959401:0.7
> 0:False:8,16:17170,2398
> 1:False:7,16:17170,2398
> 2:False:9,17:17170,2398
> 3:True:10,14:17170,2398
> 4:False:10,15:17170,2398
> 5:False:10,16:17170,2398
zeno-travel-suboptimal-old-noisy/50/zeno-travel_noisy_p04_hyp-1_50_1.tar.bz2:0.699744939804:0.0906902:0.7
> 0:True:12,17:17171,2400
> 1:False:12,18:17171,2400
> 2:False:11,20:17171,2400
> 3:False:12,18:17171,2400
> 4:False:12,20:17171,2400
> 5:False:11,18:17171,2400
zeno-travel-suboptimal-old-noisy/50/zeno-travel_noisy_p04_hyp-1_50_2.tar.bz2:0.704016923904:0.0929426:0.7
> 0:True:12,17:17171,2400
> 1:True:12,17:17171,2400
> 2:False:11,20:17171,2400
> 3:False:12,18:17171,2400
> 4:False:12,20:17171,2400
> 5:False:11,20:17171,2400
zeno-travel-suboptimal-old-noisy/50/zeno-travel_noisy_p04_hyp-1_50_3.tar.bz2:0.697926998138:0.0898382:0.7
> 0:True:12,18:17170,2398
> 1:False:12,19:17170,2398
> 2:False:11,22:17170,2398
> 3:False:12,19:17170,2398
> 4:False:12,22:17170,2398
> 5:False:11,21:17170,2398
zeno-travel-suboptimal-old-noisy/50/zeno-travel_noisy_p04_hyp-2_50_1.tar.bz2:0.702333927155:0.0925227:0.7
> 0:False:12,20:17170,2398
> 1:True:12,19:17170,2398
> 2:False:11,19:17170,2398
> 3:False:12,21:17170,2398
> 4:False:12,21:17170,2398
> 5:True:11,18:17170,2398
zeno-travel-suboptimal-old-noisy/50/zeno-travel_noisy_p04_hyp-2_50_2.tar.bz2:0.699532032013:0.0914813:0.71
> 0:False:12,20:17171,2400
> 1:True:12,18:17171,2400
> 2:False:11,21:17171,2400
> 3:False:12,21:17171,2400
> 4:False:12,21:17171,2400
> 5:False:11,22:17171,2400
zeno-travel-suboptimal-old-noisy/50/zeno-travel_noisy_p04_hyp-2_50_3.tar.bz2:0.697184085846:0.0886271:0.7
> 0:False:12,21:17171,2400
> 1:True:12,19:17171,2400
> 2:False:11,20:17171,2400
> 3:False:12,21:17171,2400
> 4:False:12,21:17171,2400
> 5:False:11,21:17171,2400
zeno-travel-suboptimal-old-noisy/50/zeno-travel_noisy_p04_hyp-3_50_1.tar.bz2:0.70377612114:0.0942342:0.7
> 0:False:12,19:17171,2400
> 1:False:12,18:17171,2400
> 2:True:11,16:17171,2400
> 3:False:12,19:17171,2400
> 4:True:12,17:17171,2400
> 5:False:11,17:17171,2400
zeno-travel-suboptimal-old-noisy/50/zeno-travel_noisy_p04_hyp-3_50_2.tar.bz2:0.70410490036:0.0917844:0.7
> 0:False:12,22:17171,2400
> 1:False:12,21:17171,2400
> 2:True:11,17:17171,2400
> 3:False:12,21:17171,2400
> 4:False:12,19:17171,2400
> 5:False:11,19:17171,2400
zeno-travel-suboptimal-old-noisy/50/zeno-travel_noisy_p04_hyp-3_50_3.tar.bz2:0.70063996315:0.0898211:0.7
> 0:False:12,21:17170,2398
> 1:False:12,20:17170,2398
> 2:True:11,18:17170,2398
> 3:False:12,20:17170,2398
> 4:True:12,19:17170,2398
> 5:False:11,21:17170,2398
zeno-travel-suboptimal-old-noisy/50/zeno-travel_noisy_p04_hyp-4_50_1.tar.bz2:0.700175046921:0.0908656:0.7
> 0:False:12,18:17170,2398
> 1:False:12,18:17170,2398
> 2:False:11,20:17170,2398
> 3:True:12,17:17170,2398
> 4:False:12,20:17170,2398
> 5:False:11,20:17170,2398
zeno-travel-suboptimal-old-noisy/50/zeno-travel_noisy_p04_hyp-4_50_2.tar.bz2:0.701370954514:0.0905959:0.7
> 0:True:12,19:17170,2398
> 1:False:12,21:17170,2398
> 2:False:11,21:17170,2398
> 3:True:12,19:17170,2398
> 4:False:12,20:17170,2398
> 5:False:11,20:17170,2398
zeno-travel-suboptimal-old-noisy/50/zeno-travel_noisy_p04_hyp-4_50_3.tar.bz2:0.70228600502:0.0933899:0.71
> 0:False:12,19:17171,2400
> 1:False:12,19:17171,2400
> 2:False:11,19:17171,2400
> 3:True:12,18:17171,2400
> 4:False:12,19:17171,2400
> 5:False:11,20:17171,2400
zeno-travel-suboptimal-old-noisy/50/zeno-travel_noisy_p05_hyp-1_50_1.tar.bz2:0.820309877396:0.1345269:0.82
> 0:False:5,15:22802,3084
> 1:True:10,17:22802,3084
> 2:False:6,20:22802,3084
> 3:False:8,17:22802,3084
> 4:False:5,17:22802,3084
> 5:False:7,20:22802,3084
zeno-travel-suboptimal-old-noisy/50/zeno-travel_noisy_p05_hyp-1_50_2.tar.bz2:0.818912029266:0.1370352:0.81
> 0:False:5,15:22803,3086
> 1:True:10,14:22803,3086
> 2:False:6,17:22803,3086
> 3:False:8,16:22803,3086
> 4:False:5,16:22803,3086
> 5:False:7,17:22803,3086
zeno-travel-suboptimal-old-noisy/50/zeno-travel_noisy_p05_hyp-1_50_3.tar.bz2:0.822964906693:0.1361914:0.82
> 0:False:5,17:22803,3086
> 1:True:10,19:22803,3086
> 2:False:6,19:22803,3086
> 3:False:8,18:22803,3086
> 4:False:5,16:22803,3086
> 5:False:7,19:22803,3086
zeno-travel-suboptimal-old-noisy/50/zeno-travel_noisy_p05_hyp-2_50_1.tar.bz2:0.819881916046:0.1381985:0.81
> 0:False:5,14:22802,3084
> 1:False:10,17:22802,3084
> 2:False:6,17:22802,3084
> 3:True:8,14:22802,3084
> 4:False:5,16:22802,3084
> 5:False:7,17:22802,3084
zeno-travel-suboptimal-old-noisy/50/zeno-travel_noisy_p05_hyp-2_50_2.tar.bz2:0.826641082764:0.144155:0.82
> 0:False:5,13:22801,3082
> 1:False:10,16:22801,3082
> 2:False:6,16:22801,3082
> 3:True:8,13:22801,3082
> 4:False:5,15:22801,3082
> 5:False:7,16:22801,3082
zeno-travel-suboptimal-old-noisy/50/zeno-travel_noisy_p05_hyp-2_50_3.tar.bz2:0.813895940781:0.1346144:0.82
> 0:False:5,15:22801,3082
> 1:False:10,19:22801,3082
> 2:False:6,17:22801,3082
> 3:True:8,15:22801,3082
> 4:False:5,17:22801,3082
> 5:False:7,17:22801,3082
zeno-travel-suboptimal-old-noisy/50/zeno-travel_noisy_p05_hyp-3_50_1.tar.bz2:0.817869186401:0.136598:0.81
> 0:False:5,15:22800,3080
> 1:False:10,18:22800,3080
> 2:False:6,15:22800,3080
> 3:False:8,17:22800,3080
> 4:True:5,11:22800,3080
> 5:False:7,15:22800,3080
zeno-travel-suboptimal-old-noisy/50/zeno-travel_noisy_p05_hyp-3_50_2.tar.bz2:0.811821937561:0.134066:0.81
> 0:False:5,16:22799,3078
> 1:False:10,18:22799,3078
> 2:False:6,16:22799,3078
> 3:False:8,17:22799,3078
> 4:True:5,12:22799,3078
> 5:False:7,16:22799,3078
zeno-travel-suboptimal-old-noisy/50/zeno-travel_noisy_p05_hyp-3_50_3.tar.bz2:0.813524007797:0.1340257:0.81
> 0:False:5,12:22800,3080
> 1:True:10,16:22800,3080
> 2:False:6,15:22800,3080
> 3:True:8,14:22800,3080
> 4:False:5,12:22800,3080
> 5:False:7,15:22800,3080
zeno-travel-suboptimal-old-noisy/50/zeno-travel_noisy_p05_hyp-4_50_1.tar.bz2:0.818387031555:0.1341824:0.83
> 0:False:5,17:22801,3082
> 1:True:10,19:22801,3082
> 2:False:6,16:22801,3082
> 3:False:8,18:22801,3082
> 4:False:5,17:22801,3082
> 5:True:7,16:22801,3082
zeno-travel-suboptimal-old-noisy/50/zeno-travel_noisy_p05_hyp-4_50_2.tar.bz2:0.815938949585:0.1327525:0.81
> 0:False:5,18:22802,3084
> 1:False:10,19:22802,3084
> 2:False:6,13:22802,3084
> 3:False:8,17:22802,3084
> 4:False:5,15:22802,3084
> 5:True:7,13:22802,3084
zeno-travel-suboptimal-old-noisy/50/zeno-travel_noisy_p05_hyp-4_50_3.tar.bz2:0.81582403183:0.1383688:0.82
> 0:False:5,19:22802,3084
> 1:False:10,21:22802,3084
> 2:False:6,15:22802,3084
> 3:False:8,19:22802,3084
> 4:False:5,17:22802,3084
> 5:True:7,15:22802,3084
zeno-travel-suboptimal-old-noisy/70/zeno-travel_noisy_p03_hyp-1_70_1.tar.bz2:0.711621999741:0.0993549:0.71
> 0:True:8,20:17172,2402
> 1:False:7,21:17172,2402
> 2:False:9,25:17172,2402
> 3:False:10,25:17172,2402
> 4:False:10,25:17172,2402
> 5:False:10,25:17172,2402
zeno-travel-suboptimal-old-noisy/70/zeno-travel_noisy_p03_hyp-1_70_2.tar.bz2:0.712648868561:0.1015709:0.72
> 0:True:8,21:17174,2406
> 1:False:7,23:17174,2406
> 2:False:9,27:17174,2406
> 3:False:10,26:17174,2406
> 4:False:10,26:17174,2406
> 5:False:10,27:17174,2406
zeno-travel-suboptimal-old-noisy/70/zeno-travel_noisy_p03_hyp-1_70_3.tar.bz2:0.702766895294:0.0952412:0.7
> 0:True:8,17:17173,2404
> 1:False:7,19:17173,2404
> 2:False:9,23:17173,2404
> 3:False:10,22:17173,2404
> 4:False:10,22:17173,2404
> 5:False:10,23:17173,2404
zeno-travel-suboptimal-old-noisy/70/zeno-travel_noisy_p03_hyp-2_70_1.tar.bz2:0.706909894943:0.0966228:0.71
> 0:False:8,15:17170,2398
> 1:True:7,13:17170,2398
> 2:False:9,19:17170,2398
> 3:False:10,18:17170,2398
> 4:False:10,18:17170,2398
> 5:False:10,18:17170,2398
zeno-travel-suboptimal-old-noisy/70/zeno-travel_noisy_p03_hyp-2_70_2.tar.bz2:0.705173015594:0.0953729:0.71
> 0:False:8,19:17172,2402
> 1:True:7,17:17172,2402
> 2:False:9,23:17172,2402
> 3:False:10,22:17172,2402
> 4:False:10,22:17172,2402
> 5:False:10,22:17172,2402
zeno-travel-suboptimal-old-noisy/70/zeno-travel_noisy_p03_hyp-2_70_3.tar.bz2:0.705154895782:0.0959914:0.7
> 0:False:8,17:17171,2400
> 1:True:7,15:17171,2400
> 2:False:9,20:17171,2400
> 3:False:10,19:17171,2400
> 4:False:10,19:17171,2400
> 5:False:10,19:17171,2400
zeno-travel-suboptimal-old-noisy/70/zeno-travel_noisy_p03_hyp-3_70_1.tar.bz2:0.709717035294:0.0978342:0.71
> 0:False:8,22:17172,2402
> 1:False:7,22:17172,2402
> 2:True:9,19:17172,2402
> 3:False:10,23:17172,2402
> 4:True:10,20:17172,2402
> 5:False:10,22:17172,2402
zeno-travel-suboptimal-old-noisy/70/zeno-travel_noisy_p03_hyp-3_70_2.tar.bz2:0.707047939301:0.0975989:0.71
> 0:False:8,23:17173,2404
> 1:False:7,23:17173,2404
> 2:True:9,21:17173,2404
> 3:False:10,25:17173,2404
> 4:False:10,23:17173,2404
> 5:False:10,23:17173,2404
zeno-travel-suboptimal-old-noisy/70/zeno-travel_noisy_p03_hyp-3_70_3.tar.bz2:0.705778121948:0.0997046:0.7
> 0:False:8,21:17174,2406
> 1:False:7,21:17174,2406
> 2:True:9,18:17174,2406
> 3:False:10,22:17174,2406
> 4:True:10,19:17174,2406
> 5:False:10,21:17174,2406
zeno-travel-suboptimal-old-noisy/70/zeno-travel_noisy_p03_hyp-4_70_1.tar.bz2:0.707305908203:0.0967559:0.71
> 0:False:8,20:17173,2404
> 1:False:7,20:17173,2404
> 2:False:9,22:17173,2404
> 3:True:10,17:17173,2404
> 4:False:10,20:17173,2404
> 5:False:10,19:17173,2404
zeno-travel-suboptimal-old-noisy/70/zeno-travel_noisy_p03_hyp-4_70_2.tar.bz2:0.708564043045:0.0976294:0.7
> 0:False:8,20:17173,2404
> 1:False:7,20:17173,2404
> 2:False:9,22:17173,2404
> 3:True:10,18:17173,2404
> 4:False:10,20:17173,2404
> 5:False:10,20:17173,2404
zeno-travel-suboptimal-old-noisy/70/zeno-travel_noisy_p03_hyp-4_70_3.tar.bz2:0.708877086639:0.0977012:0.71
> 0:False:8,22:17172,2402
> 1:False:7,23:17172,2402
> 2:False:9,24:17172,2402
> 3:True:10,20:17172,2402
> 4:False:10,23:17172,2402
> 5:False:10,22:17172,2402
zeno-travel-suboptimal-old-noisy/70/zeno-travel_noisy_p04_hyp-1_70_1.tar.bz2:0.701060056686:0.0906256:0.7
> 0:True:12,20:17174,2406
> 1:False:12,21:17174,2406
> 2:False:11,24:17174,2406
> 3:False:12,21:17174,2406
> 4:False:12,24:17174,2406
> 5:False:11,22:17174,2406
zeno-travel-suboptimal-old-noisy/70/zeno-travel_noisy_p04_hyp-1_70_2.tar.bz2:0.699579000473:0.089471:0.7
> 0:True:12,23:17173,2404
> 1:False:12,24:17173,2404
> 2:False:11,26:17173,2404
> 3:True:12,23:17173,2404
> 4:False:12,26:17173,2404
> 5:False:11,25:17173,2404
zeno-travel-suboptimal-old-noisy/70/zeno-travel_noisy_p04_hyp-1_70_3.tar.bz2:0.704786062241:0.0923055:0.71
> 0:True:12,20:17175,2408
> 1:False:12,21:17175,2408
> 2:False:11,24:17175,2408
> 3:False:12,21:17175,2408
> 4:False:12,24:17175,2408
> 5:False:11,22:17175,2408
zeno-travel-suboptimal-old-noisy/70/zeno-travel_noisy_p04_hyp-2_70_1.tar.bz2:0.700796842575:0.0925153:0.7
> 0:False:12,23:17175,2408
> 1:True:12,21:17175,2408
> 2:False:11,23:17175,2408
> 3:False:12,23:17175,2408
> 4:False:12,23:17175,2408
> 5:False:11,25:17175,2408
zeno-travel-suboptimal-old-noisy/70/zeno-travel_noisy_p04_hyp-2_70_2.tar.bz2:0.703200101852:0.0907832:0.7
> 0:False:12,21:17174,2406
> 1:True:12,19:17174,2406
> 2:False:11,23:17174,2406
> 3:False:12,23:17174,2406
> 4:False:12,23:17174,2406
> 5:False:11,23:17174,2406
zeno-travel-suboptimal-old-noisy/70/zeno-travel_noisy_p04_hyp-2_70_3.tar.bz2:0.702157974243:0.0935081:0.71
> 0:False:12,23:17175,2408
> 1:True:12,20:17175,2408
> 2:False:11,22:17175,2408
> 3:False:12,24:17175,2408
> 4:False:12,23:17175,2408
> 5:False:11,22:17175,2408
zeno-travel-suboptimal-old-noisy/70/zeno-travel_noisy_p04_hyp-3_70_1.tar.bz2:0.70202589035:0.0915541:0.7
> 0:False:12,24:17173,2404
> 1:False:12,23:17173,2404
> 2:True:11,19:17173,2404
> 3:False:12,23:17173,2404
> 4:True:12,20:17173,2404
> 5:False:11,21:17173,2404
zeno-travel-suboptimal-old-noisy/70/zeno-travel_noisy_p04_hyp-3_70_2.tar.bz2:0.704002857208:0.0933144:0.71
> 0:False:12,24:17174,2406
> 1:False:12,23:17174,2406
> 2:True:11,20:17174,2406
> 3:False:12,23:17174,2406
> 4:True:12,21:17174,2406
> 5:False:11,21:17174,2406
zeno-travel-suboptimal-old-noisy/70/zeno-travel_noisy_p04_hyp-3_70_3.tar.bz2:0.704551935196:0.0927979:0.7
> 0:False:12,24:17173,2404
> 1:False:12,23:17173,2404
> 2:True:11,20:17173,2404
> 3:False:12,23:17173,2404
> 4:True:12,21:17173,2404
> 5:False:11,22:17173,2404
zeno-travel-suboptimal-old-noisy/70/zeno-travel_noisy_p04_hyp-4_70_1.tar.bz2:0.699075937271:0.0892816:0.7
> 0:False:12,24:17174,2406
> 1:False:12,25:17174,2406
> 2:False:11,26:17174,2406
> 3:True:12,23:17174,2406
> 4:False:12,25:17174,2406
> 5:False:11,27:17174,2406
zeno-travel-suboptimal-old-noisy/70/zeno-travel_noisy_p04_hyp-4_70_2.tar.bz2:0.699774980545:0.0895582:0.69
> 0:False:12,23:17175,2408
> 1:False:12,24:17175,2408
> 2:False:11,24:17175,2408
> 3:True:12,21:17175,2408
> 4:False:12,23:17175,2408
> 5:False:11,25:17175,2408
zeno-travel-suboptimal-old-noisy/70/zeno-travel_noisy_p04_hyp-4_70_3.tar.bz2:0.702776908875:0.091401:0.71
> 0:False:12,23:17175,2408
> 1:False:12,23:17175,2408
> 2:False:11,24:17175,2408
> 3:True:12,21:17175,2408
> 4:False:12,24:17175,2408
> 5:False:11,25:17175,2408
zeno-travel-suboptimal-old-noisy/70/zeno-travel_noisy_p05_hyp-1_70_1.tar.bz2:0.815186023712:0.1334661:0.81
> 0:False:5,19:22807,3094
> 1:True:10,19:22807,3094
> 2:False:6,21:22807,3094
> 3:False:8,21:22807,3094
> 4:False:5,20:22807,3094
> 5:False:7,21:22807,3094
zeno-travel-suboptimal-old-noisy/70/zeno-travel_noisy_p05_hyp-1_70_2.tar.bz2:0.825879096985:0.1462947:0.82
> 0:False:5,21:22806,3092
> 1:True:10,21:22806,3092
> 2:False:6,24:22806,3092
> 3:False:8,23:22806,3092
> 4:False:5,22:22806,3092
> 5:False:7,24:22806,3092
zeno-travel-suboptimal-old-noisy/70/zeno-travel_noisy_p05_hyp-1_70_3.tar.bz2:0.820931196213:0.1393733:0.82
> 0:False:5,21:22806,3092
> 1:True:10,21:22806,3092
> 2:False:6,21:22806,3092
> 3:False:8,23:22806,3092
> 4:False:5,20:22806,3092
> 5:False:7,21:22806,3092
zeno-travel-suboptimal-old-noisy/70/zeno-travel_noisy_p05_hyp-2_70_1.tar.bz2:0.815737009048:0.1353389:0.81
> 0:False:5,19:22807,3094
> 1:False:10,22:22807,3094
> 2:False:6,21:22807,3094
> 3:True:8,18:22807,3094
> 4:False:5,21:22807,3094
> 5:False:7,21:22807,3094
zeno-travel-suboptimal-old-noisy/70/zeno-travel_noisy_p05_hyp-2_70_2.tar.bz2:0.817008018494:0.1355698:0.81
> 0:False:5,20:22805,3090
> 1:False:10,23:22805,3090
> 2:False:6,22:22805,3090
> 3:True:8,19:22805,3090
> 4:False:5,22:22805,3090
> 5:False:7,22:22805,3090
zeno-travel-suboptimal-old-noisy/70/zeno-travel_noisy_p05_hyp-2_70_3.tar.bz2:0.820266962051:0.1405431:0.82
> 0:False:5,18:22806,3092
> 1:False:10,21:22806,3092
> 2:False:6,20:22806,3092
> 3:True:8,17:22806,3092
> 4:False:5,20:22806,3092
> 5:False:7,20:22806,3092
zeno-travel-suboptimal-old-noisy/70/zeno-travel_noisy_p05_hyp-3_70_1.tar.bz2:0.816035032272:0.1324375:0.81
> 0:False:5,19:22802,3084
> 1:False:10,22:22802,3084
> 2:False:6,19:22802,3084
> 3:False:8,21:22802,3084
> 4:True:5,15:22802,3084
> 5:False:7,19:22802,3084
zeno-travel-suboptimal-old-noisy/70/zeno-travel_noisy_p05_hyp-3_70_2.tar.bz2:0.820585012436:0.136714:0.82
> 0:False:5,18:22801,3082
> 1:False:10,21:22801,3082
> 2:False:6,18:22801,3082
> 3:False:8,20:22801,3082
> 4:True:5,14:22801,3082
> 5:False:7,18:22801,3082
zeno-travel-suboptimal-old-noisy/70/zeno-travel_noisy_p05_hyp-3_70_3.tar.bz2:0.814850091934:0.1368024:0.81
> 0:False:5,19:22802,3084
> 1:False:10,21:22802,3084
> 2:False:6,18:22802,3084
> 3:False:8,20:22802,3084
> 4:True:5,14:22802,3084
> 5:False:7,18:22802,3084
zeno-travel-suboptimal-old-noisy/70/zeno-travel_noisy_p05_hyp-4_70_1.tar.bz2:0.822589874268:0.1407139:0.83
> 0:False:5,21:22806,3092
> 1:True:10,22:22806,3092
> 2:False:6,19:22806,3092
> 3:True:8,20:22806,3092
> 4:False:5,21:22806,3092
> 5:True:7,19:22806,3092
zeno-travel-suboptimal-old-noisy/70/zeno-travel_noisy_p05_hyp-4_70_2.tar.bz2:0.816209077835:0.1361408:0.81
> 0:False:5,24:22805,3090
> 1:False:10,24:22805,3090
> 2:False:6,20:22805,3090
> 3:False:8,24:22805,3090
> 4:False:5,19:22805,3090
> 5:True:7,20:22805,3090
zeno-travel-suboptimal-old-noisy/70/zeno-travel_noisy_p05_hyp-4_70_3.tar.bz2:0.816931962967:0.1330712:0.82
> 0:False:5,22:22806,3092
> 1:False:10,24:22806,3092
> 2:False:6,20:22806,3092
> 3:False:8,24:22806,3092
> 4:False:5,20:22806,3092
> 5:True:7,20:22806,3092
zeno-travel-suboptimal-old-noisy/100/zeno-travel_noisy_p03_hyp-1_full_1.tar.bz2:0.702994823456:0.0965662:0.71
> 0:True:8,24:17177,2412
> 1:False:7,26:17177,2412
> 2:False:9,30:17177,2412
> 3:False:10,29:17177,2412
> 4:False:10,29:17177,2412
> 5:False:10,30:17177,2412
zeno-travel-suboptimal-old-noisy/100/zeno-travel_noisy_p03_hyp-1_full_2.tar.bz2:0.707571983337:0.099867:0.71
> 0:True:8,23:17177,2412
> 1:False:7,25:17177,2412
> 2:False:9,27:17177,2412
> 3:False:10,27:17177,2412
> 4:False:10,26:17177,2412
> 5:False:10,27:17177,2412
zeno-travel-suboptimal-old-noisy/100/zeno-travel_noisy_p03_hyp-1_full_3.tar.bz2:0.708769083023:0.0979456:0.7
> 0:True:8,22:17177,2412
> 1:False:7,24:17177,2412
> 2:False:9,28:17177,2412
> 3:False:10,27:17177,2412
> 4:False:10,27:17177,2412
> 5:False:10,28:17177,2412
zeno-travel-suboptimal-old-noisy/100/zeno-travel_noisy_p03_hyp-2_full_1.tar.bz2:0.706862926483:0.0980195:0.7
> 0:False:8,20:17175,2408
> 1:True:7,18:17175,2408
> 2:False:9,24:17175,2408
> 3:False:10,23:17175,2408
> 4:False:10,23:17175,2408
> 5:False:10,23:17175,2408
zeno-travel-suboptimal-old-noisy/100/zeno-travel_noisy_p03_hyp-2_full_2.tar.bz2:0.707272052765:0.0970593:0.71
> 0:False:8,21:17175,2408
> 1:True:7,19:17175,2408
> 2:False:9,25:17175,2408
> 3:False:10,24:17175,2408
> 4:False:10,24:17175,2408
> 5:False:10,24:17175,2408
zeno-travel-suboptimal-old-noisy/100/zeno-travel_noisy_p03_hyp-2_full_3.tar.bz2:0.711089134216:0.1000328:0.7
> 0:False:8,22:17175,2408
> 1:True:7,20:17175,2408
> 2:False:9,26:17175,2408
> 3:False:10,25:17175,2408
> 4:False:10,25:17175,2408
> 5:False:10,25:17175,2408
zeno-travel-suboptimal-old-noisy/100/zeno-travel_noisy_p03_hyp-3_full_1.tar.bz2:0.707100868225:0.097611:0.71
> 0:False:8,28:17178,2414
> 1:False:7,28:17178,2414
> 2:True:9,24:17178,2414
> 3:False:10,29:17178,2414
> 4:False:10,26:17178,2414
> 5:False:10,27:17178,2414
zeno-travel-suboptimal-old-noisy/100/zeno-travel_noisy_p03_hyp-3_full_2.tar.bz2:0.705813884735:0.0959721:0.7
> 0:False:8,28:17178,2414
> 1:False:7,28:17178,2414
> 2:True:9,24:17178,2414
> 3:False:10,29:17178,2414
> 4:False:10,26:17178,2414
> 5:False:10,27:17178,2414
zeno-travel-suboptimal-old-noisy/100/zeno-travel_noisy_p03_hyp-3_full_3.tar.bz2:0.707713842392:0.0984769:0.72
> 0:False:8,28:17178,2414
> 1:False:7,28:17178,2414
> 2:True:9,24:17178,2414
> 3:False:10,29:17178,2414
> 4:False:10,26:17178,2414
> 5:False:10,27:17178,2414
zeno-travel-suboptimal-old-noisy/100/zeno-travel_noisy_p03_hyp-4_full_1.tar.bz2:0.706925153732:0.0973249:0.71
> 0:False:8,24:17176,2410
> 1:False:7,24:17176,2410
> 2:False:9,25:17176,2410
> 3:True:10,21:17176,2410
> 4:False:10,23:17176,2410
> 5:False:10,22:17176,2410
zeno-travel-suboptimal-old-noisy/100/zeno-travel_noisy_p03_hyp-4_full_2.tar.bz2:0.71004486084:0.0982441:0.71
> 0:False:8,23:17176,2410
> 1:False:7,23:17176,2410
> 2:False:9,25:17176,2410
> 3:True:10,20:17176,2410
> 4:False:10,23:17176,2410
> 5:False:10,22:17176,2410
zeno-travel-suboptimal-old-noisy/100/zeno-travel_noisy_p03_hyp-4_full_3.tar.bz2:0.711504220963:0.098217:0.71
> 0:False:8,22:17176,2410
> 1:False:7,22:17176,2410
> 2:False:9,24:17176,2410
> 3:True:10,19:17176,2410
> 4:False:10,22:17176,2410
> 5:False:10,21:17176,2410
zeno-travel-suboptimal-old-noisy/100/zeno-travel_noisy_p04_hyp-1_full_1.tar.bz2:0.704091787338:0.092049:0.7
> 0:True:12,23:17179,2416
> 1:False:12,25:17179,2416
> 2:False:11,27:17179,2416
> 3:True:12,23:17179,2416
> 4:False:12,26:17179,2416
> 5:False:11,26:17179,2416
zeno-travel-suboptimal-old-noisy/100/zeno-travel_noisy_p04_hyp-1_full_2.tar.bz2:0.704455137253:0.0924259:0.7
> 0:True:12,24:17179,2416
> 1:False:12,26:17179,2416
> 2:False:11,29:17179,2416
> 3:False:12,25:17179,2416
> 4:False:12,28:17179,2416
> 5:False:11,27:17179,2416
zeno-travel-suboptimal-old-noisy/100/zeno-travel_noisy_p04_hyp-1_full_3.tar.bz2:0.700839996338:0.0922945:0.7
> 0:True:12,23:17179,2416
> 1:False:12,25:17179,2416
> 2:False:11,28:17179,2416
> 3:False:12,24:17179,2416
> 4:False:12,27:17179,2416
> 5:False:11,26:17179,2416
zeno-travel-suboptimal-old-noisy/100/zeno-travel_noisy_p04_hyp-2_full_1.tar.bz2:0.706427812576:0.0933011:0.71
> 0:False:12,27:17180,2418
> 1:True:12,25:17180,2418
> 2:False:11,28:17180,2418
> 3:False:12,28:17180,2418
> 4:False:12,29:17180,2418
> 5:False:11,28:17180,2418
zeno-travel-suboptimal-old-noisy/100/zeno-travel_noisy_p04_hyp-2_full_2.tar.bz2:0.700984954834:0.0917956:0.69
> 0:False:12,26:17180,2418
> 1:True:12,24:17180,2418
> 2:False:11,27:17180,2418
> 3:False:12,27:17180,2418
> 4:False:12,28:17180,2418
> 5:False:11,27:17180,2418
zeno-travel-suboptimal-old-noisy/100/zeno-travel_noisy_p04_hyp-2_full_3.tar.bz2:0.703117132187:0.0911944:0.7
> 0:False:12,27:17180,2418
> 1:True:12,25:17180,2418
> 2:False:11,28:17180,2418
> 3:False:12,28:17180,2418
> 4:False:12,29:17180,2418
> 5:False:11,28:17180,2418
zeno-travel-suboptimal-old-noisy/100/zeno-travel_noisy_p04_hyp-3_full_1.tar.bz2:0.697816848755:0.091252:0.69
> 0:False:12,29:17179,2416
> 1:False:12,28:17179,2416
> 2:True:11,24:17179,2416
> 3:False:12,28:17179,2416
> 4:True:12,25:17179,2416
> 5:False:11,27:17179,2416
zeno-travel-suboptimal-old-noisy/100/zeno-travel_noisy_p04_hyp-3_full_2.tar.bz2:0.703376054764:0.0923287:0.7
> 0:False:12,29:17179,2416
> 1:False:12,27:17179,2416
> 2:True:11,23:17179,2416
> 3:False:12,28:17179,2416
> 4:False:12,25:17179,2416
> 5:False:11,25:17179,2416
zeno-travel-suboptimal-old-noisy/100/zeno-travel_noisy_p04_hyp-3_full_3.tar.bz2:0.703483104706:0.0914989:0.71
> 0:False:12,30:17179,2416
> 1:False:12,28:17179,2416
> 2:True:11,25:17179,2416
> 3:False:12,29:17179,2416
> 4:False:12,27:17179,2416
> 5:False:11,28:17179,2416
zeno-travel-suboptimal-old-noisy/100/zeno-travel_noisy_p04_hyp-4_full_1.tar.bz2:0.700235128403:0.0889293:0.7
> 0:False:12,26:17180,2418
> 1:False:12,28:17180,2418
> 2:False:11,29:17180,2418
> 3:True:12,24:17180,2418
> 4:False:12,28:17180,2418
> 5:False:11,29:17180,2418
zeno-travel-suboptimal-old-noisy/100/zeno-travel_noisy_p04_hyp-4_full_2.tar.bz2:0.703495025635:0.0918261:0.71
> 0:False:12,26:17180,2418
> 1:False:12,28:17180,2418
> 2:False:11,29:17180,2418
> 3:True:12,25:17180,2418
> 4:False:12,28:17180,2418
> 5:False:11,29:17180,2418
zeno-travel-suboptimal-old-noisy/100/zeno-travel_noisy_p04_hyp-4_full_3.tar.bz2:0.701768159866:0.0915233:0.7
> 0:False:12,25:17180,2418
> 1:False:12,27:17180,2418
> 2:False:11,28:17180,2418
> 3:True:12,24:17180,2418
> 4:False:12,27:17180,2418
> 5:False:11,28:17180,2418
zeno-travel-suboptimal-old-noisy/100/zeno-travel_noisy_p05_hyp-1_full_1.tar.bz2:0.81166100502:0.1296291:0.82
> 0:False:5,27:22812,3104
> 1:True:10,27:22812,3104
> 2:False:6,29:22812,3104
> 3:False:8,29:22812,3104
> 4:False:5,28:22812,3104
> 5:False:7,29:22812,3104
zeno-travel-suboptimal-old-noisy/100/zeno-travel_noisy_p05_hyp-1_full_2.tar.bz2:0.818377971649:0.1396149:0.82
> 0:False:5,26:22812,3104
> 1:True:10,26:22812,3104
> 2:False:6,28:22812,3104
> 3:False:8,28:22812,3104
> 4:False:5,27:22812,3104
> 5:False:7,28:22812,3104
zeno-travel-suboptimal-old-noisy/100/zeno-travel_noisy_p05_hyp-1_full_3.tar.bz2:0.821598052979:0.1391986:0.82
> 0:False:5,26:22812,3104
> 1:True:10,26:22812,3104
> 2:False:6,28:22812,3104
> 3:False:8,28:22812,3104
> 4:False:5,27:22812,3104
> 5:False:7,28:22812,3104
zeno-travel-suboptimal-old-noisy/100/zeno-travel_noisy_p05_hyp-2_full_1.tar.bz2:0.818595170975:0.137378:0.82
> 0:False:5,24:22810,3100
> 1:False:10,28:22810,3100
> 2:False:6,26:22810,3100
> 3:True:8,24:22810,3100
> 4:False:5,26:22810,3100
> 5:False:7,26:22810,3100
zeno-travel-suboptimal-old-noisy/100/zeno-travel_noisy_p05_hyp-2_full_2.tar.bz2:0.818607091904:0.1351034:0.82
> 0:False:5,25:22810,3100
> 1:False:10,29:22810,3100
> 2:False:6,27:22810,3100
> 3:True:8,25:22810,3100
> 4:False:5,27:22810,3100
> 5:False:7,27:22810,3100
zeno-travel-suboptimal-old-noisy/100/zeno-travel_noisy_p05_hyp-2_full_3.tar.bz2:0.81507897377:0.1357234:0.8
> 0:False:5,24:22810,3100
> 1:False:10,28:22810,3100
> 2:False:6,26:22810,3100
> 3:True:8,24:22810,3100
> 4:False:5,26:22810,3100
> 5:False:7,26:22810,3100
zeno-travel-suboptimal-old-noisy/100/zeno-travel_noisy_p05_hyp-3_full_1.tar.bz2:0.820591926575:0.1376108:0.82
> 0:False:5,21:22805,3090
> 1:True:10,24:22805,3090
> 2:False:6,23:22805,3090
> 3:False:8,23:22805,3090
> 4:True:5,19:22805,3090
> 5:False:7,23:22805,3090
zeno-travel-suboptimal-old-noisy/100/zeno-travel_noisy_p05_hyp-3_full_2.tar.bz2:0.815973043442:0.1339071:0.82
> 0:False:5,24:22805,3090
> 1:False:10,26:22805,3090
> 2:False:6,23:22805,3090
> 3:False:8,25:22805,3090
> 4:True:5,19:22805,3090
> 5:False:7,23:22805,3090
zeno-travel-suboptimal-old-noisy/100/zeno-travel_noisy_p05_hyp-3_full_3.tar.bz2:0.817359924316:0.1347449:0.81
> 0:False:5,22:22805,3090
> 1:False:10,24:22805,3090
> 2:False:6,21:22805,3090
> 3:False:8,24:22805,3090
> 4:True:5,18:22805,3090
> 5:False:7,21:22805,3090
zeno-travel-suboptimal-old-noisy/100/zeno-travel_noisy_p05_hyp-4_full_1.tar.bz2:0.8171479702:0.1352361:0.82
> 0:False:5,24:22809,3098
> 1:False:10,26:22809,3098
> 2:False:6,22:22809,3098
> 3:False:8,24:22809,3098
> 4:False:5,24:22809,3098
> 5:True:7,22:22809,3098
zeno-travel-suboptimal-old-noisy/100/zeno-travel_noisy_p05_hyp-4_full_2.tar.bz2:0.813335180283:0.133598:0.82
> 0:False:5,28:22810,3100
> 1:False:10,29:22810,3100
> 2:False:6,24:22810,3100
> 3:False:8,28:22810,3100
> 4:False:5,25:22810,3100
> 5:True:7,24:22810,3100
zeno-travel-suboptimal-old-noisy/100/zeno-travel_noisy_p05_hyp-4_full_3.tar.bz2:0.809948921204:0.1306336:0.8
> 0:False:5,26:22810,3100
> 1:False:10,28:22810,3100
> 2:False:6,22:22810,3100
> 3:False:8,26:22810,3100
> 4:False:5,24:22810,3100
> 5:True:7,22:22810,3100
