zeno-travel-optimal-old-noisy/10/zeno-travel_noisy_p03_hyp-1_10_1.tar.bz2:0.708910942078:0.1008022:0.71
> 0:False:8,10:17162,2380
> 1:False:7,10:17162,2380
> 2:True:9,10:17162,2380
> 3:False:10,13:17162,2380
> 4:False:10,12:17162,2380
> 5:True:10,11:17162,2380
zeno-travel-optimal-old-noisy/10/zeno-travel_noisy_p03_hyp-1_10_2.tar.bz2:0.709141016006:0.097821:0.71
> 0:False:8,9:17162,2380
> 1:False:7,10:17162,2380
> 2:False:9,12:17162,2380
> 3:True:10,10:17162,2380
> 4:False:10,12:17162,2380
> 5:True:10,10:17162,2380
zeno-travel-optimal-old-noisy/10/zeno-travel_noisy_p03_hyp-1_10_3.tar.bz2:0.712075948715:0.1004173:0.72
> 0:True:8,9:17162,2380
> 1:False:7,9:17162,2380
> 2:False:9,12:17162,2380
> 3:False:10,13:17162,2380
> 4:False:10,13:17162,2380
> 5:False:10,12:17162,2380
zeno-travel-optimal-old-noisy/10/zeno-travel_noisy_p03_hyp-2_10_1.tar.bz2:0.709635019302:0.1016072:0.71
> 0:True:8,8:17162,2380
> 1:False:7,8:17162,2380
> 2:False:9,12:17162,2380
> 3:False:10,11:17162,2380
> 4:False:10,12:17162,2380
> 5:False:10,11:17162,2380
zeno-travel-optimal-old-noisy/10/zeno-travel_noisy_p03_hyp-2_10_2.tar.bz2:0.704189062119:0.0971189:0.71
> 0:True:8,9:17162,2380
> 1:False:7,9:17162,2380
> 2:False:9,11:17162,2380
> 3:True:10,11:17162,2380
> 4:True:10,11:17162,2380
> 5:True:10,11:17162,2380
zeno-travel-optimal-old-noisy/10/zeno-travel_noisy_p03_hyp-2_10_3.tar.bz2:0.707588195801:0.0993646:0.71
> 0:True:8,11:17162,2380
> 1:True:7,10:17162,2380
> 2:False:9,13:17162,2380
> 3:False:10,14:17162,2380
> 4:False:10,14:17162,2380
> 5:False:10,14:17162,2380
zeno-travel-optimal-old-noisy/10/zeno-travel_noisy_p03_hyp-3_10_1.tar.bz2:0.70765209198:0.0992253:0.71
> 0:False:8,12:17163,2381
> 1:False:7,13:17163,2381
> 2:False:9,14:17163,2381
> 3:True:10,13:17163,2381
> 4:False:10,14:17163,2381
> 5:True:10,13:17163,2381
zeno-travel-optimal-old-noisy/10/zeno-travel_noisy_p03_hyp-3_10_2.tar.bz2:0.707281112671:0.0983831:0.72
> 0:False:8,11:17163,2381
> 1:False:7,11:17163,2381
> 2:True:9,11:17163,2381
> 3:False:10,13:17163,2381
> 4:False:10,13:17163,2381
> 5:True:10,12:17163,2381
zeno-travel-optimal-old-noisy/10/zeno-travel_noisy_p03_hyp-3_10_3.tar.bz2:0.705773115158:0.0974078:0.7
> 0:False:8,12:17163,2381
> 1:False:7,12:17163,2381
> 2:False:9,12:17163,2381
> 3:False:10,13:17163,2381
> 4:False:10,14:17163,2381
> 5:True:10,12:17163,2381
zeno-travel-optimal-old-noisy/10/zeno-travel_noisy_p03_hyp-4_10_1.tar.bz2:0.705749988556:0.096205:0.72
> 0:False:8,10:17163,2381
> 1:False:7,9:17163,2381
> 2:False:9,11:17163,2381
> 3:True:10,11:17163,2381
> 4:False:10,12:17163,2381
> 5:True:10,11:17163,2381
zeno-travel-optimal-old-noisy/10/zeno-travel_noisy_p03_hyp-4_10_2.tar.bz2:0.702852964401:0.0970707:0.7
> 0:True:8,10:17163,2381
> 1:False:7,11:17163,2381
> 2:False:9,13:17163,2381
> 3:True:10,12:17163,2381
> 4:False:10,13:17163,2381
> 5:False:10,13:17163,2381
zeno-travel-optimal-old-noisy/10/zeno-travel_noisy_p03_hyp-4_10_3.tar.bz2:0.704124927521:0.0960055:0.71
> 0:False:8,12:17163,2381
> 1:False:7,13:17163,2381
> 2:False:9,13:17163,2381
> 3:True:10,13:17163,2381
> 4:True:10,13:17163,2381
> 5:True:10,13:17163,2381
zeno-travel-optimal-old-noisy/10/zeno-travel_noisy_p04_hyp-1_10_1.tar.bz2:0.697443008423:0.090495:0.7
> 0:True:12,13:17163,2381
> 1:False:12,14:17163,2381
> 2:False:11,14:17163,2381
> 3:False:12,15:17163,2381
> 4:False:12,14:17163,2381
> 5:False:11,13:17163,2381
zeno-travel-optimal-old-noisy/10/zeno-travel_noisy_p04_hyp-1_10_2.tar.bz2:0.697965860367:0.0895863:0.7
> 0:True:12,13:17163,2381
> 1:False:12,14:17163,2381
> 2:False:11,14:17163,2381
> 3:True:12,13:17163,2381
> 4:False:12,15:17163,2381
> 5:False:11,16:17163,2381
zeno-travel-optimal-old-noisy/10/zeno-travel_noisy_p04_hyp-1_10_3.tar.bz2:0.705116987228:0.095376:0.71
> 0:True:12,14:17163,2381
> 1:True:12,14:17163,2381
> 2:False:11,14:17163,2381
> 3:False:12,15:17163,2381
> 4:False:12,15:17163,2381
> 5:False:11,14:17163,2381
zeno-travel-optimal-old-noisy/10/zeno-travel_noisy_p04_hyp-2_10_1.tar.bz2:0.706625938416:0.0956821:0.71
> 0:False:12,14:17163,2381
> 1:True:12,13:17163,2381
> 2:False:11,13:17163,2381
> 3:False:12,14:17163,2381
> 4:False:12,14:17163,2381
> 5:False:11,14:17163,2381
zeno-travel-optimal-old-noisy/10/zeno-travel_noisy_p04_hyp-2_10_2.tar.bz2:0.70541882515:0.0955653:0.71
> 0:False:12,13:17163,2381
> 1:True:12,12:17163,2381
> 2:False:11,13:17163,2381
> 3:False:12,13:17163,2381
> 4:False:12,13:17163,2381
> 5:False:11,13:17163,2381
zeno-travel-optimal-old-noisy/10/zeno-travel_noisy_p04_hyp-2_10_3.tar.bz2:0.697031021118:0.0891228:0.7
> 0:True:12,15:17163,2381
> 1:True:12,15:17163,2381
> 2:True:11,14:17163,2381
> 3:True:12,15:17163,2381
> 4:True:12,15:17163,2381
> 5:False:11,15:17163,2381
zeno-travel-optimal-old-noisy/10/zeno-travel_noisy_p04_hyp-3_10_1.tar.bz2:0.698111057281:0.0897822:0.7
> 0:False:12,16:17163,2381
> 1:True:12,15:17163,2381
> 2:True:11,14:17163,2381
> 3:False:12,17:17163,2381
> 4:False:12,16:17163,2381
> 5:True:11,14:17163,2381
zeno-travel-optimal-old-noisy/10/zeno-travel_noisy_p04_hyp-3_10_2.tar.bz2:0.705000162125:0.0943619:0.7
> 0:False:12,15:17163,2381
> 1:True:12,14:17163,2381
> 2:False:11,15:17163,2381
> 3:False:12,15:17163,2381
> 4:False:12,16:17163,2381
> 5:False:11,14:17163,2381
zeno-travel-optimal-old-noisy/10/zeno-travel_noisy_p04_hyp-3_10_3.tar.bz2:0.70328783989:0.0952096:0.71
> 0:False:12,15:17163,2381
> 1:True:12,14:17163,2381
> 2:False:11,14:17163,2381
> 3:True:12,14:17163,2381
> 4:True:12,14:17163,2381
> 5:False:11,15:17163,2381
zeno-travel-optimal-old-noisy/10/zeno-travel_noisy_p04_hyp-4_10_1.tar.bz2:0.701174974442:0.0919557:0.69
> 0:False:12,16:17163,2381
> 1:False:12,16:17163,2381
> 2:False:11,16:17163,2381
> 3:True:12,15:17163,2381
> 4:False:12,16:17163,2381
> 5:False:11,15:17163,2381
zeno-travel-optimal-old-noisy/10/zeno-travel_noisy_p04_hyp-4_10_2.tar.bz2:0.704769849777:0.0930427:0.71
> 0:False:12,16:17163,2381
> 1:False:12,16:17163,2381
> 2:False:11,15:17163,2381
> 3:True:12,15:17163,2381
> 4:True:12,15:17163,2381
> 5:False:11,16:17163,2381
zeno-travel-optimal-old-noisy/10/zeno-travel_noisy_p04_hyp-4_10_3.tar.bz2:0.700048208237:0.0913684:0.7
> 0:False:12,15:17163,2381
> 1:False:12,15:17163,2381
> 2:False:11,16:17163,2381
> 3:True:12,13:17163,2381
> 4:False:12,15:17163,2381
> 5:False:11,16:17163,2381
zeno-travel-optimal-old-noisy/10/zeno-travel_noisy_p05_hyp-1_10_1.tar.bz2:0.824165821075:0.142859:0.83
> 0:False:5,10:22795,3067
> 1:True:10,13:22795,3067
> 2:False:6,10:22795,3067
> 3:False:8,12:22795,3067
> 4:True:5,8:22795,3067
> 5:True:7,10:22795,3067
zeno-travel-optimal-old-noisy/10/zeno-travel_noisy_p05_hyp-1_10_2.tar.bz2:0.819096088409:0.1385345:0.82
> 0:False:5,9:22795,3067
> 1:True:10,13:22795,3067
> 2:False:6,10:22795,3067
> 3:True:8,11:22795,3067
> 4:True:5,8:22795,3067
> 5:True:7,10:22795,3067
zeno-travel-optimal-old-noisy/10/zeno-travel_noisy_p05_hyp-1_10_3.tar.bz2:0.817212104797:0.1376102:0.81
> 0:False:5,13:22795,3067
> 1:False:10,14:22795,3067
> 2:False:6,10:22795,3067
> 3:False:8,14:22795,3067
> 4:False:5,10:22795,3067
> 5:True:7,10:22795,3067
zeno-travel-optimal-old-noisy/10/zeno-travel_noisy_p05_hyp-2_10_1.tar.bz2:0.814661026001:0.1375775:0.81
> 0:False:5,9:22795,3067
> 1:True:10,13:22795,3067
> 2:False:6,11:22795,3067
> 3:True:8,11:22795,3067
> 4:False:5,9:22795,3067
> 5:False:7,11:22795,3067
zeno-travel-optimal-old-noisy/10/zeno-travel_noisy_p05_hyp-2_10_2.tar.bz2:0.826940059662:0.1423642:0.82
> 0:False:5,9:22795,3067
> 1:True:10,12:22795,3067
> 2:False:6,10:22795,3067
> 3:True:8,10:22795,3067
> 4:False:5,8:22795,3067
> 5:False:7,10:22795,3067
zeno-travel-optimal-old-noisy/10/zeno-travel_noisy_p05_hyp-2_10_3.tar.bz2:0.817699193954:0.138566:0.81
> 0:False:5,10:22795,3067
> 1:True:10,13:22795,3067
> 2:False:6,10:22795,3067
> 3:True:8,11:22795,3067
> 4:True:5,8:22795,3067
> 5:True:7,10:22795,3067
zeno-travel-optimal-old-noisy/10/zeno-travel_noisy_p05_hyp-3_10_1.tar.bz2:0.823158979416:0.1440228:0.82
> 0:False:5,9:22794,3066
> 1:True:10,12:22794,3066
> 2:False:6,9:22794,3066
> 3:True:8,10:22794,3066
> 4:True:5,7:22794,3066
> 5:True:7,9:22794,3066
zeno-travel-optimal-old-noisy/10/zeno-travel_noisy_p05_hyp-3_10_2.tar.bz2:0.810929059982:0.135373:0.81
> 0:False:5,9:22794,3066
> 1:False:10,14:22794,3066
> 2:True:6,9:22794,3066
> 3:False:8,12:22794,3066
> 4:True:5,8:22794,3066
> 5:True:7,10:22794,3066
zeno-travel-optimal-old-noisy/10/zeno-travel_noisy_p05_hyp-3_10_3.tar.bz2:0.818714141846:0.1386735:0.81
> 0:False:5,9:22794,3066
> 1:True:10,12:22794,3066
> 2:False:6,9:22794,3066
> 3:True:8,10:22794,3066
> 4:True:5,7:22794,3066
> 5:True:7,9:22794,3066
zeno-travel-optimal-old-noisy/10/zeno-travel_noisy_p05_hyp-4_10_1.tar.bz2:0.818928956985:0.1385216:0.82
> 0:False:5,11:22795,3067
> 1:True:10,13:22795,3067
> 2:False:6,10:22795,3067
> 3:False:8,12:22795,3067
> 4:False:5,9:22795,3067
> 5:True:7,10:22795,3067
zeno-travel-optimal-old-noisy/10/zeno-travel_noisy_p05_hyp-4_10_2.tar.bz2:0.817876815796:0.1385158:0.82
> 0:False:5,10:22795,3067
> 1:True:10,13:22795,3067
> 2:False:6,10:22795,3067
> 3:True:8,11:22795,3067
> 4:True:5,8:22795,3067
> 5:True:7,10:22795,3067
zeno-travel-optimal-old-noisy/10/zeno-travel_noisy_p05_hyp-4_10_3.tar.bz2:0.819236040115:0.141972:0.83
> 0:False:5,10:22795,3067
> 1:True:10,12:22795,3067
> 2:False:6,9:22795,3067
> 3:False:8,11:22795,3067
> 4:False:5,8:22795,3067
> 5:True:7,9:22795,3067
zeno-travel-optimal-old-noisy/30/zeno-travel_noisy_p03_hyp-1_30_1.tar.bz2:0.70352602005:0.0958495:0.7
> 0:True:8,9:17164,2382
> 1:False:7,9:17164,2382
> 2:False:9,13:17164,2382
> 3:False:10,12:17164,2382
> 4:False:10,13:17164,2382
> 5:False:10,12:17164,2382
zeno-travel-optimal-old-noisy/30/zeno-travel_noisy_p03_hyp-1_30_2.tar.bz2:0.705316066742:0.096886:0.7
> 0:False:8,11:17164,2382
> 1:False:7,12:17164,2382
> 2:False:9,12:17164,2382
> 3:False:10,14:17164,2382
> 4:True:10,12:17164,2382
> 5:False:10,14:17164,2382
zeno-travel-optimal-old-noisy/30/zeno-travel_noisy_p03_hyp-1_30_3.tar.bz2:0.707587957382:0.0987562:0.71
> 0:True:8,11:17164,2382
> 1:False:7,12:17164,2382
> 2:True:9,12:17164,2382
> 3:False:10,14:17164,2382
> 4:True:10,13:17164,2382
> 5:True:10,13:17164,2382
zeno-travel-optimal-old-noisy/30/zeno-travel_noisy_p03_hyp-2_30_1.tar.bz2:0.708770990372:0.0994202:0.72
> 0:True:8,12:17164,2382
> 1:False:7,12:17164,2382
> 2:False:9,16:17164,2382
> 3:False:10,15:17164,2382
> 4:False:10,16:17164,2382
> 5:False:10,15:17164,2382
zeno-travel-optimal-old-noisy/30/zeno-travel_noisy_p03_hyp-2_30_2.tar.bz2:0.706749916077:0.0961614:0.71
> 0:False:8,11:17164,2382
> 1:False:7,10:17164,2382
> 2:False:9,13:17164,2382
> 3:True:10,12:17164,2382
> 4:False:10,13:17164,2382
> 5:True:10,12:17164,2382
zeno-travel-optimal-old-noisy/30/zeno-travel_noisy_p03_hyp-2_30_3.tar.bz2:0.706194877625:0.0956093:0.71
> 0:True:8,10:17164,2382
> 1:False:7,10:17164,2382
> 2:False:9,14:17164,2382
> 3:False:10,13:17164,2382
> 4:False:10,14:17164,2382
> 5:False:10,13:17164,2382
zeno-travel-optimal-old-noisy/30/zeno-travel_noisy_p03_hyp-3_30_1.tar.bz2:0.705678939819:0.0975505:0.71
> 0:False:8,14:17165,2383
> 1:False:7,13:17165,2383
> 2:False:9,14:17165,2383
> 3:False:10,16:17165,2383
> 4:True:10,14:17165,2383
> 5:False:10,16:17165,2383
zeno-travel-optimal-old-noisy/30/zeno-travel_noisy_p03_hyp-3_30_2.tar.bz2:0.709892988205:0.1017064:0.72
> 0:False:8,14:17165,2383
> 1:False:7,14:17165,2383
> 2:True:9,12:17165,2383
> 3:False:10,14:17165,2383
> 4:False:10,14:17165,2383
> 5:True:10,13:17165,2383
zeno-travel-optimal-old-noisy/30/zeno-travel_noisy_p03_hyp-3_30_3.tar.bz2:0.704327106476:0.0951749:0.7
> 0:False:8,12:17165,2383
> 1:False:7,13:17165,2383
> 2:True:9,12:17165,2383
> 3:False:10,14:17165,2383
> 4:True:10,13:17165,2383
> 5:True:10,13:17165,2383
zeno-travel-optimal-old-noisy/30/zeno-travel_noisy_p03_hyp-4_30_1.tar.bz2:0.705728054047:0.0973239:0.71
> 0:False:8,10:17165,2383
> 1:False:7,11:17165,2383
> 2:False:9,13:17165,2383
> 3:True:10,11:17165,2383
> 4:False:10,13:17165,2383
> 5:True:10,11:17165,2383
zeno-travel-optimal-old-noisy/30/zeno-travel_noisy_p03_hyp-4_30_2.tar.bz2:0.702335834503:0.0978406:0.71
> 0:False:8,14:17165,2383
> 1:False:7,12:17165,2383
> 2:False:9,15:17165,2383
> 3:True:10,13:17165,2383
> 4:False:10,14:17165,2383
> 5:True:10,13:17165,2383
zeno-travel-optimal-old-noisy/30/zeno-travel_noisy_p03_hyp-4_30_3.tar.bz2:0.705672025681:0.0960035:0.7
> 0:False:8,13:17165,2383
> 1:False:7,13:17165,2383
> 2:False:9,13:17165,2383
> 3:False:10,13:17165,2383
> 4:True:10,11:17165,2383
> 5:False:10,14:17165,2383
zeno-travel-optimal-old-noisy/30/zeno-travel_noisy_p04_hyp-1_30_1.tar.bz2:0.704462051392:0.0938829:0.7
> 0:False:12,15:17165,2383
> 1:True:12,14:17165,2383
> 2:False:11,16:17165,2383
> 3:False:12,16:17165,2383
> 4:False:12,16:17165,2383
> 5:False:11,15:17165,2383
zeno-travel-optimal-old-noisy/30/zeno-travel_noisy_p04_hyp-1_30_2.tar.bz2:0.700613021851:0.0934889:0.7
> 0:True:12,14:17165,2383
> 1:False:12,16:17165,2383
> 2:False:11,16:17165,2383
> 3:False:12,15:17165,2383
> 4:False:12,16:17165,2383
> 5:False:11,15:17165,2383
zeno-travel-optimal-old-noisy/30/zeno-travel_noisy_p04_hyp-1_30_3.tar.bz2:0.69930100441:0.0915065:0.7
> 0:True:12,14:17165,2383
> 1:True:12,14:17165,2383
> 2:False:11,16:17165,2383
> 3:False:12,15:17165,2383
> 4:False:12,16:17165,2383
> 5:False:11,16:17165,2383
zeno-travel-optimal-old-noisy/30/zeno-travel_noisy_p04_hyp-2_30_1.tar.bz2:0.702105998993:0.0946564:0.71
> 0:False:12,17:17166,2384
> 1:True:12,15:17166,2384
> 2:False:11,17:17166,2384
> 3:False:12,18:17166,2384
> 4:False:12,17:17166,2384
> 5:False:11,17:17166,2384
zeno-travel-optimal-old-noisy/30/zeno-travel_noisy_p04_hyp-2_30_2.tar.bz2:0.701180934906:0.0928861:0.7
> 0:False:12,16:17166,2384
> 1:True:12,15:17166,2384
> 2:False:11,17:17166,2384
> 3:False:12,16:17166,2384
> 4:False:12,18:17166,2384
> 5:False:11,17:17166,2384
zeno-travel-optimal-old-noisy/30/zeno-travel_noisy_p04_hyp-2_30_3.tar.bz2:0.69663310051:0.0911354:0.7
> 0:False:12,16:17166,2384
> 1:True:12,15:17166,2384
> 2:False:11,17:17166,2384
> 3:False:12,17:17166,2384
> 4:False:12,17:17166,2384
> 5:False:11,17:17166,2384
zeno-travel-optimal-old-noisy/30/zeno-travel_noisy_p04_hyp-3_30_1.tar.bz2:0.697629928589:0.091004:0.7
> 0:False:12,18:17165,2383
> 1:False:12,17:17165,2383
> 2:True:11,15:17165,2383
> 3:False:12,18:17165,2383
> 4:False:12,17:17165,2383
> 5:True:11,15:17165,2383
zeno-travel-optimal-old-noisy/30/zeno-travel_noisy_p04_hyp-3_30_2.tar.bz2:0.703343868256:0.0912119:0.71
> 0:False:12,18:17165,2383
> 1:False:12,17:17165,2383
> 2:True:11,15:17165,2383
> 3:False:12,18:17165,2383
> 4:True:12,16:17165,2383
> 5:True:11,15:17165,2383
zeno-travel-optimal-old-noisy/30/zeno-travel_noisy_p04_hyp-3_30_3.tar.bz2:0.701316833496:0.0902062:0.7
> 0:False:12,18:17165,2383
> 1:False:12,17:17165,2383
> 2:True:11,14:17165,2383
> 3:False:12,19:17165,2383
> 4:True:12,15:17165,2383
> 5:False:11,16:17165,2383
zeno-travel-optimal-old-noisy/30/zeno-travel_noisy_p04_hyp-4_30_1.tar.bz2:0.696844100952:0.0898645:0.7
> 0:False:12,15:17166,2384
> 1:False:12,17:17166,2384
> 2:False:11,15:17166,2384
> 3:True:12,14:17166,2384
> 4:False:12,16:17166,2384
> 5:False:11,16:17166,2384
zeno-travel-optimal-old-noisy/30/zeno-travel_noisy_p04_hyp-4_30_2.tar.bz2:0.699904918671:0.0933116:0.71
> 0:False:12,18:17166,2384
> 1:False:12,17:17166,2384
> 2:False:11,16:17166,2384
> 3:True:12,15:17166,2384
> 4:False:12,17:17166,2384
> 5:False:11,17:17166,2384
zeno-travel-optimal-old-noisy/30/zeno-travel_noisy_p04_hyp-4_30_3.tar.bz2:0.699423074722:0.0912051:0.7
> 0:False:12,17:17166,2384
> 1:False:12,16:17166,2384
> 2:False:11,17:17166,2384
> 3:True:12,15:17166,2384
> 4:False:12,16:17166,2384
> 5:False:11,16:17166,2384
zeno-travel-optimal-old-noisy/30/zeno-travel_noisy_p05_hyp-1_30_1.tar.bz2:0.821424007416:0.1413366:0.83
> 0:False:5,13:22798,3070
> 1:True:10,14:22798,3070
> 2:False:6,13:22798,3070
> 3:False:8,14:22798,3070
> 4:False:5,10:22798,3070
> 5:False:7,13:22798,3070
zeno-travel-optimal-old-noisy/30/zeno-travel_noisy_p05_hyp-1_30_2.tar.bz2:0.813858032227:0.1359147:0.82
> 0:False:5,13:22798,3070
> 1:True:10,14:22798,3070
> 2:False:6,12:22798,3070
> 3:False:8,14:22798,3070
> 4:False:5,12:22798,3070
> 5:False:7,12:22798,3070
zeno-travel-optimal-old-noisy/30/zeno-travel_noisy_p05_hyp-1_30_3.tar.bz2:0.815632104874:0.1390885:0.81
> 0:False:5,11:22798,3070
> 1:True:10,13:22798,3070
> 2:False:6,12:22798,3070
> 3:False:8,13:22798,3070
> 4:False:5,12:22798,3070
> 5:False:7,12:22798,3070
zeno-travel-optimal-old-noisy/30/zeno-travel_noisy_p05_hyp-2_30_1.tar.bz2:0.821192026138:0.1440135:0.82
> 0:False:5,13:22797,3069
> 1:False:10,13:22797,3069
> 2:False:6,9:22797,3069
> 3:False:8,11:22797,3069
> 4:False:5,11:22797,3069
> 5:True:7,9:22797,3069
zeno-travel-optimal-old-noisy/30/zeno-travel_noisy_p05_hyp-2_30_2.tar.bz2:0.821882963181:0.1422849:0.83
> 0:False:5,9:22797,3069
> 1:True:10,12:22797,3069
> 2:False:6,12:22797,3069
> 3:True:8,10:22797,3069
> 4:False:5,10:22797,3069
> 5:False:7,12:22797,3069
zeno-travel-optimal-old-noisy/30/zeno-travel_noisy_p05_hyp-2_30_3.tar.bz2:0.818280220032:0.1391037:0.81
> 0:False:5,11:22797,3069
> 1:False:10,15:22797,3069
> 2:False:6,12:22797,3069
> 3:True:8,12:22797,3069
> 4:False:5,11:22797,3069
> 5:False:7,12:22797,3069
zeno-travel-optimal-old-noisy/30/zeno-travel_noisy_p05_hyp-3_30_1.tar.bz2:0.822181940079:0.1423572:0.82
> 0:False:5,11:22796,3068
> 1:False:10,14:22796,3068
> 2:False:6,11:22796,3068
> 3:False:8,13:22796,3068
> 4:True:5,8:22796,3068
> 5:False:7,11:22796,3068
zeno-travel-optimal-old-noisy/30/zeno-travel_noisy_p05_hyp-3_30_2.tar.bz2:0.82529091835:0.147558:0.82
> 0:False:5,12:22796,3068
> 1:True:10,14:22796,3068
> 2:False:6,13:22796,3068
> 3:False:8,14:22796,3068
> 4:False:5,10:22796,3068
> 5:False:7,13:22796,3068
zeno-travel-optimal-old-noisy/30/zeno-travel_noisy_p05_hyp-3_30_3.tar.bz2:0.823101997375:0.144178:0.82
> 0:False:5,10:22796,3068
> 1:False:10,14:22796,3068
> 2:False:6,11:22796,3068
> 3:False:8,12:22796,3068
> 4:True:5,8:22796,3068
> 5:False:7,11:22796,3068
zeno-travel-optimal-old-noisy/30/zeno-travel_noisy_p05_hyp-4_30_1.tar.bz2:0.819491863251:0.139471:0.81
> 0:False:5,13:22797,3069
> 1:True:10,16:22797,3069
> 2:False:6,13:22797,3069
> 3:True:8,14:22797,3069
> 4:True:5,11:22797,3069
> 5:True:7,13:22797,3069
zeno-travel-optimal-old-noisy/30/zeno-travel_noisy_p05_hyp-4_30_2.tar.bz2:0.822368860245:0.1442812:0.81
> 0:False:5,15:22797,3069
> 1:False:10,17:22797,3069
> 2:False:6,11:22797,3069
> 3:False:8,15:22797,3069
> 4:False:5,13:22797,3069
> 5:True:7,11:22797,3069
zeno-travel-optimal-old-noisy/30/zeno-travel_noisy_p05_hyp-4_30_3.tar.bz2:0.812433958054:0.1336666:0.81
> 0:False:5,13:22797,3069
> 1:False:10,16:22797,3069
> 2:False:6,12:22797,3069
> 3:False:8,14:22797,3069
> 4:True:5,10:22797,3069
> 5:True:7,12:22797,3069
zeno-travel-optimal-old-noisy/50/zeno-travel_noisy_p03_hyp-1_50_1.tar.bz2:0.704730033875:0.0980287:0.71
> 0:True:8,12:17166,2384
> 1:False:7,14:17166,2384
> 2:False:9,17:17166,2384
> 3:False:10,15:17166,2384
> 4:False:10,16:17166,2384
> 5:False:10,16:17166,2384
zeno-travel-optimal-old-noisy/50/zeno-travel_noisy_p03_hyp-1_50_2.tar.bz2:0.704686880112:0.0962402:0.7
> 0:True:8,13:17166,2384
> 1:False:7,15:17166,2384
> 2:False:9,18:17166,2384
> 3:False:10,17:17166,2384
> 4:False:10,17:17166,2384
> 5:False:10,18:17166,2384
zeno-travel-optimal-old-noisy/50/zeno-travel_noisy_p03_hyp-1_50_3.tar.bz2:0.705676078796:0.0968141:0.72
> 0:True:8,9:17166,2384
> 1:False:7,11:17166,2384
> 2:False:9,14:17166,2384
> 3:False:10,14:17166,2384
> 4:False:10,14:17166,2384
> 5:False:10,14:17166,2384
zeno-travel-optimal-old-noisy/50/zeno-travel_noisy_p03_hyp-2_50_1.tar.bz2:0.707581996918:0.101916:0.7
> 0:True:8,14:17166,2384
> 1:True:7,13:17166,2384
> 2:False:9,16:17166,2384
> 3:True:10,16:17166,2384
> 4:True:10,16:17166,2384
> 5:True:10,16:17166,2384
zeno-travel-optimal-old-noisy/50/zeno-travel_noisy_p03_hyp-2_50_2.tar.bz2:0.702809095383:0.0970717:0.7
> 0:False:8,14:17166,2384
> 1:True:7,12:17166,2384
> 2:False:9,18:17166,2384
> 3:False:10,17:17166,2384
> 4:False:10,17:17166,2384
> 5:False:10,17:17166,2384
zeno-travel-optimal-old-noisy/50/zeno-travel_noisy_p03_hyp-2_50_3.tar.bz2:0.703787088394:0.0968636:0.7
> 0:False:8,12:17166,2384
> 1:True:7,10:17166,2384
> 2:False:9,14:17166,2384
> 3:True:10,13:17166,2384
> 4:True:10,13:17166,2384
> 5:True:10,13:17166,2384
zeno-travel-optimal-old-noisy/50/zeno-travel_noisy_p03_hyp-3_50_1.tar.bz2:0.706432819366:0.0983846:0.7
> 0:False:8,16:17168,2386
> 1:False:7,16:17168,2386
> 2:False:9,16:17168,2386
> 3:False:10,18:17168,2386
> 4:True:10,16:17168,2386
> 5:False:10,17:17168,2386
zeno-travel-optimal-old-noisy/50/zeno-travel_noisy_p03_hyp-3_50_2.tar.bz2:0.711576938629:0.1017462:0.71
> 0:False:8,16:17168,2386
> 1:False:7,17:17168,2386
> 2:False:9,15:17168,2386
> 3:False:10,18:17168,2386
> 4:True:10,15:17168,2386
> 5:False:10,17:17168,2386
zeno-travel-optimal-old-noisy/50/zeno-travel_noisy_p03_hyp-3_50_3.tar.bz2:0.70503282547:0.0982851:0.7
> 0:False:8,14:17168,2386
> 1:False:7,14:17168,2386
> 2:False:9,13:17168,2386
> 3:False:10,15:17168,2386
> 4:True:10,13:17168,2386
> 5:False:10,15:17168,2386
zeno-travel-optimal-old-noisy/50/zeno-travel_noisy_p03_hyp-4_50_1.tar.bz2:0.70645403862:0.0984633:0.71
> 0:False:8,16:17168,2386
> 1:False:7,15:17168,2386
> 2:False:9,17:17168,2386
> 3:True:10,14:17168,2386
> 4:False:10,16:17168,2386
> 5:False:10,15:17168,2386
zeno-travel-optimal-old-noisy/50/zeno-travel_noisy_p03_hyp-4_50_2.tar.bz2:0.711945056915:0.0991319:0.71
> 0:False:8,17:17168,2386
> 1:False:7,17:17168,2386
> 2:False:9,18:17168,2386
> 3:True:10,15:17168,2386
> 4:False:10,16:17168,2386
> 5:False:10,17:17168,2386
zeno-travel-optimal-old-noisy/50/zeno-travel_noisy_p03_hyp-4_50_3.tar.bz2:0.712260007858:0.1007299:0.72
> 0:False:8,14:17168,2386
> 1:False:7,14:17168,2386
> 2:False:9,14:17168,2386
> 3:True:10,13:17168,2386
> 4:False:10,14:17168,2386
> 5:False:10,14:17168,2386
zeno-travel-optimal-old-noisy/50/zeno-travel_noisy_p04_hyp-1_50_1.tar.bz2:0.704051017761:0.0922691:0.71
> 0:True:12,17:17169,2387
> 1:False:12,19:17169,2387
> 2:False:11,19:17169,2387
> 3:True:12,17:17169,2387
> 4:False:12,18:17169,2387
> 5:False:11,18:17169,2387
zeno-travel-optimal-old-noisy/50/zeno-travel_noisy_p04_hyp-1_50_2.tar.bz2:0.703117847443:0.0915961:0.7
> 0:True:12,16:17169,2387
> 1:False:12,17:17169,2387
> 2:False:11,19:17169,2387
> 3:False:12,17:17169,2387
> 4:False:12,18:17169,2387
> 5:False:11,18:17169,2387
zeno-travel-optimal-old-noisy/50/zeno-travel_noisy_p04_hyp-1_50_3.tar.bz2:0.696187019348:0.0898119:0.7
> 0:True:12,18:17169,2387
> 1:True:12,18:17169,2387
> 2:False:11,20:17169,2387
> 3:False:12,19:17169,2387
> 4:False:12,20:17169,2387
> 5:False:11,19:17169,2387
zeno-travel-optimal-old-noisy/50/zeno-travel_noisy_p04_hyp-2_50_1.tar.bz2:0.695992946625:0.0891696:0.7
> 0:False:12,19:17169,2387
> 1:True:12,17:17169,2387
> 2:False:11,19:17169,2387
> 3:False:12,19:17169,2387
> 4:False:12,20:17169,2387
> 5:False:11,20:17169,2387
zeno-travel-optimal-old-noisy/50/zeno-travel_noisy_p04_hyp-2_50_2.tar.bz2:0.70028090477:0.0932862:0.7
> 0:False:12,18:17169,2387
> 1:True:12,17:17169,2387
> 2:False:11,18:17169,2387
> 3:False:12,19:17169,2387
> 4:False:12,18:17169,2387
> 5:False:11,18:17169,2387
zeno-travel-optimal-old-noisy/50/zeno-travel_noisy_p04_hyp-2_50_3.tar.bz2:0.702852964401:0.0934824:0.7
> 0:True:12,19:17169,2387
> 1:True:12,19:17169,2387
> 2:False:11,20:17169,2387
> 3:False:12,20:17169,2387
> 4:False:12,20:17169,2387
> 5:False:11,19:17169,2387
zeno-travel-optimal-old-noisy/50/zeno-travel_noisy_p04_hyp-3_50_1.tar.bz2:0.700571060181:0.0931252:0.7
> 0:False:12,20:17169,2387
> 1:False:12,18:17169,2387
> 2:True:11,15:17169,2387
> 3:False:12,20:17169,2387
> 4:False:12,17:17169,2387
> 5:False:11,16:17169,2387
zeno-travel-optimal-old-noisy/50/zeno-travel_noisy_p04_hyp-3_50_2.tar.bz2:0.698056936264:0.0909546:0.7
> 0:False:12,19:17169,2387
> 1:False:12,18:17169,2387
> 2:True:11,16:17169,2387
> 3:False:12,18:17169,2387
> 4:False:12,18:17169,2387
> 5:False:11,17:17169,2387
zeno-travel-optimal-old-noisy/50/zeno-travel_noisy_p04_hyp-3_50_3.tar.bz2:0.699711084366:0.0919056:0.69
> 0:False:12,20:17169,2387
> 1:False:12,19:17169,2387
> 2:True:11,17:17169,2387
> 3:False:12,20:17169,2387
> 4:True:12,18:17169,2387
> 5:True:11,17:17169,2387
zeno-travel-optimal-old-noisy/50/zeno-travel_noisy_p04_hyp-4_50_1.tar.bz2:0.699364900589:0.0902642:0.7
> 0:False:12,19:17169,2387
> 1:False:12,20:17169,2387
> 2:False:11,19:17169,2387
> 3:True:12,16:17169,2387
> 4:False:12,18:17169,2387
> 5:False:11,20:17169,2387
zeno-travel-optimal-old-noisy/50/zeno-travel_noisy_p04_hyp-4_50_2.tar.bz2:0.700151920319:0.0922141:0.7
> 0:False:12,17:17169,2387
> 1:False:12,19:17169,2387
> 2:False:11,19:17169,2387
> 3:True:12,16:17169,2387
> 4:False:12,18:17169,2387
> 5:False:11,18:17169,2387
zeno-travel-optimal-old-noisy/50/zeno-travel_noisy_p04_hyp-4_50_3.tar.bz2:0.697746038437:0.0900321:0.7
> 0:False:12,17:17169,2387
> 1:False:12,17:17169,2387
> 2:False:11,19:17169,2387
> 3:True:12,16:17169,2387
> 4:False:12,18:17169,2387
> 5:False:11,19:17169,2387
zeno-travel-optimal-old-noisy/50/zeno-travel_noisy_p05_hyp-1_50_1.tar.bz2:0.816484928131:0.1363933:0.82
> 0:False:5,17:22801,3073
> 1:True:10,16:22801,3073
> 2:False:6,17:22801,3073
> 3:False:8,18:22801,3073
> 4:False:5,16:22801,3073
> 5:False:7,17:22801,3073
zeno-travel-optimal-old-noisy/50/zeno-travel_noisy_p05_hyp-1_50_2.tar.bz2:0.8150370121:0.1371896:0.82
> 0:False:5,13:22801,3073
> 1:True:10,14:22801,3073
> 2:False:6,15:22801,3073
> 3:False:8,14:22801,3073
> 4:False:5,15:22801,3073
> 5:False:7,15:22801,3073
zeno-travel-optimal-old-noisy/50/zeno-travel_noisy_p05_hyp-1_50_3.tar.bz2:0.814263105392:0.1346088:0.81
> 0:False:5,13:22801,3073
> 1:True:10,14:22801,3073
> 2:False:6,14:22801,3073
> 3:False:8,14:22801,3073
> 4:False:5,14:22801,3073
> 5:False:7,14:22801,3073
zeno-travel-optimal-old-noisy/50/zeno-travel_noisy_p05_hyp-2_50_1.tar.bz2:0.814321994781:0.1364461:0.82
> 0:False:5,14:22800,3072
> 1:False:10,16:22800,3072
> 2:False:6,14:22800,3072
> 3:True:8,13:22800,3072
> 4:False:5,13:22800,3072
> 5:False:7,14:22800,3072
zeno-travel-optimal-old-noisy/50/zeno-travel_noisy_p05_hyp-2_50_2.tar.bz2:0.820995092392:0.1396357:0.82
> 0:False:5,14:22800,3072
> 1:False:10,16:22800,3072
> 2:False:6,15:22800,3072
> 3:True:8,12:22800,3072
> 4:False:5,15:22800,3072
> 5:False:7,15:22800,3072
zeno-travel-optimal-old-noisy/50/zeno-travel_noisy_p05_hyp-2_50_3.tar.bz2:0.826718091965:0.1448607:0.83
> 0:False:5,12:22800,3072
> 1:False:10,16:22800,3072
> 2:False:6,14:22800,3072
> 3:True:8,13:22800,3072
> 4:False:5,13:22800,3072
> 5:False:7,14:22800,3072
zeno-travel-optimal-old-noisy/50/zeno-travel_noisy_p05_hyp-3_50_1.tar.bz2:0.821532964706:0.1438102:0.83
> 0:False:5,13:22798,3070
> 1:False:10,15:22798,3070
> 2:False:6,13:22798,3070
> 3:False:8,14:22798,3070
> 4:True:5,9:22798,3070
> 5:False:7,13:22798,3070
zeno-travel-optimal-old-noisy/50/zeno-travel_noisy_p05_hyp-3_50_2.tar.bz2:0.819937944412:0.1381378:0.81
> 0:False:5,13:22798,3070
> 1:False:10,16:22798,3070
> 2:False:6,12:22798,3070
> 3:False:8,14:22798,3070
> 4:True:5,10:22798,3070
> 5:True:7,12:22798,3070
zeno-travel-optimal-old-noisy/50/zeno-travel_noisy_p05_hyp-3_50_3.tar.bz2:0.81529211998:0.1349545:0.82
> 0:False:5,11:22798,3070
> 1:True:10,15:22798,3070
> 2:False:6,12:22798,3070
> 3:True:8,13:22798,3070
> 4:True:5,10:22798,3070
> 5:True:7,12:22798,3070
zeno-travel-optimal-old-noisy/50/zeno-travel_noisy_p05_hyp-4_50_1.tar.bz2:0.810096025467:0.1333057:0.82
> 0:False:5,17:22800,3072
> 1:False:10,18:22800,3072
> 2:False:6,13:22800,3072
> 3:False:8,17:22800,3072
> 4:False:5,14:22800,3072
> 5:True:7,13:22800,3072
zeno-travel-optimal-old-noisy/50/zeno-travel_noisy_p05_hyp-4_50_2.tar.bz2:0.818464994431:0.1340717:0.81
> 0:False:5,16:22800,3072
> 1:False:10,18:22800,3072
> 2:False:6,13:22800,3072
> 3:False:8,17:22800,3072
> 4:False:5,14:22800,3072
> 5:True:7,13:22800,3072
zeno-travel-optimal-old-noisy/50/zeno-travel_noisy_p05_hyp-4_50_3.tar.bz2:0.814474821091:0.1331601:0.82
> 0:False:5,17:22800,3072
> 1:False:10,21:22800,3072
> 2:False:6,15:22800,3072
> 3:False:8,17:22800,3072
> 4:False:5,15:22800,3072
> 5:True:7,15:22800,3072
zeno-travel-optimal-old-noisy/70/zeno-travel_noisy_p03_hyp-1_70_1.tar.bz2:0.709690093994:0.1011355:0.71
> 0:True:8,14:17169,2387
> 1:False:7,16:17169,2387
> 2:False:9,20:17169,2387
> 3:False:10,19:17169,2387
> 4:False:10,19:17169,2387
> 5:False:10,20:17169,2387
zeno-travel-optimal-old-noisy/70/zeno-travel_noisy_p03_hyp-1_70_2.tar.bz2:0.706483840942:0.0983489:0.71
> 0:True:8,14:17169,2387
> 1:False:7,15:17169,2387
> 2:False:9,19:17169,2387
> 3:False:10,19:17169,2387
> 4:False:10,19:17169,2387
> 5:False:10,19:17169,2387
zeno-travel-optimal-old-noisy/70/zeno-travel_noisy_p03_hyp-1_70_3.tar.bz2:0.70641207695:0.0970784:0.71
> 0:True:8,10:17169,2387
> 1:False:7,12:17169,2387
> 2:False:9,16:17169,2387
> 3:False:10,15:17169,2387
> 4:False:10,15:17169,2387
> 5:False:10,16:17169,2387
zeno-travel-optimal-old-noisy/70/zeno-travel_noisy_p03_hyp-2_70_1.tar.bz2:0.706537008286:0.0977691:0.7
> 0:True:8,11:17169,2387
> 1:True:7,10:17169,2387
> 2:False:9,15:17169,2387
> 3:False:10,15:17169,2387
> 4:False:10,15:17169,2387
> 5:False:10,15:17169,2387
zeno-travel-optimal-old-noisy/70/zeno-travel_noisy_p03_hyp-2_70_2.tar.bz2:0.708618879318:0.1006186:0.71
> 0:True:8,12:17169,2387
> 1:False:7,12:17169,2387
> 2:False:9,17:17169,2387
> 3:False:10,17:17169,2387
> 4:False:10,17:17169,2387
> 5:False:10,17:17169,2387
zeno-travel-optimal-old-noisy/70/zeno-travel_noisy_p03_hyp-2_70_3.tar.bz2:0.705274105072:0.0968871:0.7
> 0:True:8,16:17169,2387
> 1:True:7,15:17169,2387
> 2:False:9,18:17169,2387
> 3:False:10,20:17169,2387
> 4:True:10,18:17169,2387
> 5:True:10,18:17169,2387
zeno-travel-optimal-old-noisy/70/zeno-travel_noisy_p03_hyp-3_70_1.tar.bz2:0.707607030869:0.0963163:0.7
> 0:False:8,14:17170,2388
> 1:False:7,14:17170,2388
> 2:True:9,13:17170,2388
> 3:False:10,16:17170,2388
> 4:False:10,15:17170,2388
> 5:False:10,15:17170,2388
zeno-travel-optimal-old-noisy/70/zeno-travel_noisy_p03_hyp-3_70_2.tar.bz2:0.705378055573:0.0976353:0.71
> 0:False:8,19:17170,2388
> 1:False:7,19:17170,2388
> 2:True:9,15:17170,2388
> 3:False:10,20:17170,2388
> 4:False:10,17:17170,2388
> 5:False:10,18:17170,2388
zeno-travel-optimal-old-noisy/70/zeno-travel_noisy_p03_hyp-3_70_3.tar.bz2:0.70778298378:0.1003664:0.71
> 0:False:8,19:17170,2388
> 1:False:7,19:17170,2388
> 2:True:9,16:17170,2388
> 3:False:10,20:17170,2388
> 4:True:10,17:17170,2388
> 5:False:10,19:17170,2388
zeno-travel-optimal-old-noisy/70/zeno-travel_noisy_p03_hyp-4_70_1.tar.bz2:0.709995985031:0.1004459:0.71
> 0:False:8,18:17170,2388
> 1:False:7,17:17170,2388
> 2:False:9,19:17170,2388
> 3:True:10,15:17170,2388
> 4:False:10,18:17170,2388
> 5:False:10,16:17170,2388
zeno-travel-optimal-old-noisy/70/zeno-travel_noisy_p03_hyp-4_70_2.tar.bz2:0.705504894257:0.0964227:0.71
> 0:False:8,17:17170,2388
> 1:False:7,18:17170,2388
> 2:False:9,19:17170,2388
> 3:True:10,16:17170,2388
> 4:False:10,18:17170,2388
> 5:False:10,18:17170,2388
zeno-travel-optimal-old-noisy/70/zeno-travel_noisy_p03_hyp-4_70_3.tar.bz2:0.704302072525:0.0964459:0.71
> 0:False:8,17:17170,2388
> 1:False:7,16:17170,2388
> 2:False:9,18:17170,2388
> 3:True:10,14:17170,2388
> 4:False:10,17:17170,2388
> 5:False:10,15:17170,2388
zeno-travel-optimal-old-noisy/70/zeno-travel_noisy_p04_hyp-1_70_1.tar.bz2:0.699797868729:0.090548:0.7
> 0:True:12,17:17172,2390
> 1:False:12,19:17172,2390
> 2:False:11,21:17172,2390
> 3:False:12,18:17172,2390
> 4:False:12,20:17172,2390
> 5:False:11,20:17172,2390
zeno-travel-optimal-old-noisy/70/zeno-travel_noisy_p04_hyp-1_70_2.tar.bz2:0.701831817627:0.0910637:0.71
> 0:True:12,15:17172,2390
> 1:False:12,17:17172,2390
> 2:False:11,21:17172,2390
> 3:False:12,17:17172,2390
> 4:False:12,20:17172,2390
> 5:False:11,19:17172,2390
zeno-travel-optimal-old-noisy/70/zeno-travel_noisy_p04_hyp-1_70_3.tar.bz2:0.696952104568:0.0891006:0.7
> 0:True:12,18:17172,2390
> 1:False:12,20:17172,2390
> 2:False:11,23:17172,2390
> 3:False:12,19:17172,2390
> 4:False:12,22:17172,2390
> 5:False:11,21:17172,2390
zeno-travel-optimal-old-noisy/70/zeno-travel_noisy_p04_hyp-2_70_1.tar.bz2:0.699015855789:0.0907779:0.7
> 0:False:12,19:17172,2390
> 1:True:12,18:17172,2390
> 2:False:11,21:17172,2390
> 3:False:12,19:17172,2390
> 4:False:12,22:17172,2390
> 5:False:11,20:17172,2390
zeno-travel-optimal-old-noisy/70/zeno-travel_noisy_p04_hyp-2_70_2.tar.bz2:0.696355104446:0.0897086:0.69
> 0:False:12,19:17172,2390
> 1:True:12,18:17172,2390
> 2:False:11,21:17172,2390
> 3:False:12,20:17172,2390
> 4:False:12,22:17172,2390
> 5:False:11,20:17172,2390
zeno-travel-optimal-old-noisy/70/zeno-travel_noisy_p04_hyp-2_70_3.tar.bz2:0.702069044113:0.093679:0.71
> 0:False:12,19:17172,2390
> 1:True:12,16:17172,2390
> 2:False:11,18:17172,2390
> 3:False:12,20:17172,2390
> 4:False:12,19:17172,2390
> 5:False:11,18:17172,2390
zeno-travel-optimal-old-noisy/70/zeno-travel_noisy_p04_hyp-3_70_1.tar.bz2:0.69855093956:0.0894978:0.7
> 0:False:12,23:17172,2390
> 1:False:12,21:17172,2390
> 2:True:11,17:17172,2390
> 3:False:12,22:17172,2390
> 4:False:12,19:17172,2390
> 5:False:11,20:17172,2390
zeno-travel-optimal-old-noisy/70/zeno-travel_noisy_p04_hyp-3_70_2.tar.bz2:0.699452161789:0.0921066:0.69
> 0:False:12,20:17172,2390
> 1:False:12,18:17172,2390
> 2:True:11,16:17172,2390
> 3:False:12,19:17172,2390
> 4:False:12,18:17172,2390
> 5:False:11,18:17172,2390
zeno-travel-optimal-old-noisy/70/zeno-travel_noisy_p04_hyp-3_70_3.tar.bz2:0.701315879822:0.0921502:0.7
> 0:False:12,22:17172,2390
> 1:False:12,20:17172,2390
> 2:True:11,16:17172,2390
> 3:False:12,21:17172,2390
> 4:False:12,19:17172,2390
> 5:False:11,19:17172,2390
zeno-travel-optimal-old-noisy/70/zeno-travel_noisy_p04_hyp-4_70_1.tar.bz2:0.699352025986:0.0914698:0.69
> 0:False:12,19:17172,2390
> 1:False:12,20:17172,2390
> 2:False:11,20:17172,2390
> 3:True:12,17:17172,2390
> 4:False:12,19:17172,2390
> 5:False:11,21:17172,2390
zeno-travel-optimal-old-noisy/70/zeno-travel_noisy_p04_hyp-4_70_2.tar.bz2:0.702686071396:0.0920993:0.7
> 0:False:12,17:17172,2390
> 1:False:12,18:17172,2390
> 2:False:11,19:17172,2390
> 3:True:12,15:17172,2390
> 4:False:12,19:17172,2390
> 5:False:11,19:17172,2390
zeno-travel-optimal-old-noisy/70/zeno-travel_noisy_p04_hyp-4_70_3.tar.bz2:0.700793981552:0.0903758:0.7
> 0:False:12,17:17172,2390
> 1:False:12,19:17172,2390
> 2:False:11,20:17172,2390
> 3:True:12,15:17172,2390
> 4:False:12,19:17172,2390
> 5:False:11,20:17172,2390
zeno-travel-optimal-old-noisy/70/zeno-travel_noisy_p05_hyp-1_70_1.tar.bz2:0.815916061401:0.1342567:0.81
> 0:False:5,18:22804,3076
> 1:True:10,19:22804,3076
> 2:False:6,20:22804,3076
> 3:False:8,20:22804,3076
> 4:False:5,18:22804,3076
> 5:False:7,20:22804,3076
zeno-travel-optimal-old-noisy/70/zeno-travel_noisy_p05_hyp-1_70_2.tar.bz2:0.813396930695:0.133735:0.82
> 0:False:5,17:22804,3076
> 1:True:10,16:22804,3076
> 2:False:6,17:22804,3076
> 3:False:8,18:22804,3076
> 4:False:5,16:22804,3076
> 5:False:7,17:22804,3076
zeno-travel-optimal-old-noisy/70/zeno-travel_noisy_p05_hyp-1_70_3.tar.bz2:0.816335916519:0.1353615:0.82
> 0:False:5,17:22804,3076
> 1:True:10,17:22804,3076
> 2:False:6,17:22804,3076
> 3:False:8,19:22804,3076
> 4:False:5,16:22804,3076
> 5:False:7,17:22804,3076
zeno-travel-optimal-old-noisy/70/zeno-travel_noisy_p05_hyp-2_70_1.tar.bz2:0.813348054886:0.1324207:0.81
> 0:False:5,14:22803,3075
> 1:True:10,18:22803,3075
> 2:False:6,18:22803,3075
> 3:True:8,16:22803,3075
> 4:False:5,16:22803,3075
> 5:False:7,18:22803,3075
zeno-travel-optimal-old-noisy/70/zeno-travel_noisy_p05_hyp-2_70_2.tar.bz2:0.818517923355:0.1364444:0.82
> 0:False:5,13:22803,3075
> 1:False:10,17:22803,3075
> 2:False:6,16:22803,3075
> 3:True:8,14:22803,3075
> 4:False:5,15:22803,3075
> 5:False:7,16:22803,3075
zeno-travel-optimal-old-noisy/70/zeno-travel_noisy_p05_hyp-2_70_3.tar.bz2:0.820562839508:0.1404668:0.82
> 0:False:5,14:22803,3075
> 1:True:10,17:22803,3075
> 2:False:6,17:22803,3075
> 3:True:8,15:22803,3075
> 4:False:5,15:22803,3075
> 5:False:7,17:22803,3075
zeno-travel-optimal-old-noisy/70/zeno-travel_noisy_p05_hyp-3_70_1.tar.bz2:0.816381931305:0.1378165:0.82
> 0:False:5,15:22800,3072
> 1:True:10,18:22800,3072
> 2:False:6,16:22800,3072
> 3:False:8,17:22800,3072
> 4:True:5,13:22800,3072
> 5:False:7,16:22800,3072
zeno-travel-optimal-old-noisy/70/zeno-travel_noisy_p05_hyp-3_70_2.tar.bz2:0.807468891144:0.1295641:0.81
> 0:False:5,16:22801,3073
> 1:False:10,19:22801,3073
> 2:False:6,16:22801,3073
> 3:False:8,18:22801,3073
> 4:True:5,13:22801,3073
> 5:False:7,16:22801,3073
zeno-travel-optimal-old-noisy/70/zeno-travel_noisy_p05_hyp-3_70_3.tar.bz2:0.813610076904:0.1355063:0.81
> 0:False:5,16:22800,3072
> 1:False:10,19:22800,3072
> 2:False:6,16:22800,3072
> 3:False:8,18:22800,3072
> 4:True:5,12:22800,3072
> 5:False:7,16:22800,3072
zeno-travel-optimal-old-noisy/70/zeno-travel_noisy_p05_hyp-4_70_1.tar.bz2:0.819532155991:0.1400172:0.82
> 0:False:5,18:22803,3075
> 1:False:10,19:22803,3075
> 2:False:6,15:22803,3075
> 3:False:8,18:22803,3075
> 4:False:5,16:22803,3075
> 5:True:7,15:22803,3075
zeno-travel-optimal-old-noisy/70/zeno-travel_noisy_p05_hyp-4_70_2.tar.bz2:0.8089427948:0.1323147:0.81
> 0:False:5,19:22803,3075
> 1:False:10,21:22803,3075
> 2:False:6,15:22803,3075
> 3:False:8,19:22803,3075
> 4:False:5,17:22803,3075
> 5:True:7,15:22803,3075
zeno-travel-optimal-old-noisy/70/zeno-travel_noisy_p05_hyp-4_70_3.tar.bz2:0.813081026077:0.1360648:0.81
> 0:False:5,18:22803,3075
> 1:False:10,21:22803,3075
> 2:False:6,15:22803,3075
> 3:False:8,18:22803,3075
> 4:False:5,16:22803,3075
> 5:True:7,15:22803,3075
zeno-travel-optimal-old-noisy/100/zeno-travel_noisy_p03_hyp-1_full_1.tar.bz2:0.70793390274:0.1003437:0.7
> 0:True:8,14:17172,2390
> 1:False:7,16:17172,2390
> 2:False:9,20:17172,2390
> 3:False:10,19:17172,2390
> 4:False:10,19:17172,2390
> 5:False:10,20:17172,2390
zeno-travel-optimal-old-noisy/100/zeno-travel_noisy_p03_hyp-1_full_2.tar.bz2:0.70493388176:0.097676:0.7
> 0:True:8,13:17172,2390
> 1:False:7,15:17172,2390
> 2:False:9,17:17172,2390
> 3:False:10,17:17172,2390
> 4:False:10,16:17172,2390
> 5:False:10,17:17172,2390
zeno-travel-optimal-old-noisy/100/zeno-travel_noisy_p03_hyp-1_full_3.tar.bz2:0.705659151077:0.0984612:0.72
> 0:True:8,14:17172,2390
> 1:False:7,16:17172,2390
> 2:False:9,20:17172,2390
> 3:False:10,19:17172,2390
> 4:False:10,19:17172,2390
> 5:False:10,20:17172,2390
zeno-travel-optimal-old-noisy/100/zeno-travel_noisy_p03_hyp-2_full_1.tar.bz2:0.704294919968:0.095417:0.7
> 0:False:8,16:17172,2390
> 1:True:7,14:17172,2390
> 2:False:9,20:17172,2390
> 3:False:10,19:17172,2390
> 4:False:10,19:17172,2390
> 5:False:10,19:17172,2390
zeno-travel-optimal-old-noisy/100/zeno-travel_noisy_p03_hyp-2_full_2.tar.bz2:0.709230899811:0.1006622:0.72
> 0:False:8,16:17172,2390
> 1:True:7,14:17172,2390
> 2:False:9,20:17172,2390
> 3:False:10,19:17172,2390
> 4:False:10,19:17172,2390
> 5:False:10,19:17172,2390
zeno-travel-optimal-old-noisy/100/zeno-travel_noisy_p03_hyp-2_full_3.tar.bz2:0.704163074493:0.0971562:0.71
> 0:False:8,16:17172,2390
> 1:True:7,14:17172,2390
> 2:False:9,20:17172,2390
> 3:False:10,19:17172,2390
> 4:False:10,19:17172,2390
> 5:False:10,19:17172,2390
zeno-travel-optimal-old-noisy/100/zeno-travel_noisy_p03_hyp-3_full_1.tar.bz2:0.703391075134:0.0959031:0.7
> 0:False:8,21:17174,2392
> 1:False:7,21:17174,2392
> 2:True:9,17:17174,2392
> 3:False:10,22:17174,2392
> 4:False:10,19:17174,2392
> 5:False:10,20:17174,2392
zeno-travel-optimal-old-noisy/100/zeno-travel_noisy_p03_hyp-3_full_2.tar.bz2:0.706161975861:0.0975386:0.7
> 0:False:8,20:17174,2392
> 1:False:7,20:17174,2392
> 2:True:9,16:17174,2392
> 3:False:10,21:17174,2392
> 4:False:10,18:17174,2392
> 5:False:10,19:17174,2392
zeno-travel-optimal-old-noisy/100/zeno-travel_noisy_p03_hyp-3_full_3.tar.bz2:0.707111120224:0.0976082:0.7
> 0:False:8,20:17174,2392
> 1:False:7,20:17174,2392
> 2:True:9,16:17174,2392
> 3:False:10,21:17174,2392
> 4:False:10,18:17174,2392
> 5:False:10,19:17174,2392
zeno-travel-optimal-old-noisy/100/zeno-travel_noisy_p03_hyp-4_full_1.tar.bz2:0.708775043488:0.0992923:0.72
> 0:False:8,18:17174,2392
> 1:False:7,18:17174,2392
> 2:False:9,20:17174,2392
> 3:True:10,15:17174,2392
> 4:False:10,18:17174,2392
> 5:False:10,17:17174,2392
zeno-travel-optimal-old-noisy/100/zeno-travel_noisy_p03_hyp-4_full_2.tar.bz2:0.703645944595:0.0961723:0.7
> 0:False:8,19:17174,2392
> 1:False:7,19:17174,2392
> 2:False:9,21:17174,2392
> 3:True:10,16:17174,2392
> 4:False:10,19:17174,2392
> 5:False:10,18:17174,2392
zeno-travel-optimal-old-noisy/100/zeno-travel_noisy_p03_hyp-4_full_3.tar.bz2:0.70519900322:0.0954957:0.7
> 0:False:8,16:17174,2392
> 1:False:7,16:17174,2392
> 2:False:9,19:17174,2392
> 3:True:10,14:17174,2392
> 4:False:10,17:17174,2392
> 5:False:10,16:17174,2392
zeno-travel-optimal-old-noisy/100/zeno-travel_noisy_p04_hyp-1_full_1.tar.bz2:0.697512149811:0.0923429:0.69
> 0:True:12,19:17176,2394
> 1:False:12,21:17176,2394
> 2:False:11,24:17176,2394
> 3:False:12,20:17176,2394
> 4:False:12,23:17176,2394
> 5:False:11,22:17176,2394
zeno-travel-optimal-old-noisy/100/zeno-travel_noisy_p04_hyp-1_full_2.tar.bz2:0.697366952896:0.0905634:0.71
> 0:True:12,18:17176,2394
> 1:False:12,20:17176,2394
> 2:False:11,23:17176,2394
> 3:False:12,19:17176,2394
> 4:False:12,22:17176,2394
> 5:False:11,21:17176,2394
zeno-travel-optimal-old-noisy/100/zeno-travel_noisy_p04_hyp-1_full_3.tar.bz2:0.695881843567:0.0906076:0.7
> 0:True:12,18:17176,2394
> 1:False:12,20:17176,2394
> 2:False:11,24:17176,2394
> 3:False:12,20:17176,2394
> 4:False:12,23:17176,2394
> 5:False:11,22:17176,2394
zeno-travel-optimal-old-noisy/100/zeno-travel_noisy_p04_hyp-2_full_1.tar.bz2:0.696012973785:0.0900725:0.7
> 0:False:12,22:17177,2395
> 1:True:12,19:17177,2395
> 2:False:11,22:17177,2395
> 3:False:12,22:17177,2395
> 4:False:12,24:17177,2395
> 5:False:11,22:17177,2395
zeno-travel-optimal-old-noisy/100/zeno-travel_noisy_p04_hyp-2_full_2.tar.bz2:0.700963020325:0.0925663:0.7
> 0:False:12,22:17177,2395
> 1:True:12,19:17177,2395
> 2:False:11,21:17177,2395
> 3:False:12,22:17177,2395
> 4:False:12,23:17177,2395
> 5:False:11,21:17177,2395
zeno-travel-optimal-old-noisy/100/zeno-travel_noisy_p04_hyp-2_full_3.tar.bz2:0.699635982513:0.0914522:0.7
> 0:False:12,21:17177,2395
> 1:True:12,19:17177,2395
> 2:False:11,22:17177,2395
> 3:False:12,22:17177,2395
> 4:False:12,23:17177,2395
> 5:False:11,22:17177,2395
zeno-travel-optimal-old-noisy/100/zeno-travel_noisy_p04_hyp-3_full_1.tar.bz2:0.699526071548:0.0907143:0.71
> 0:False:12,22:17176,2394
> 1:False:12,21:17176,2394
> 2:False:11,18:17176,2394
> 3:False:12,21:17176,2394
> 4:True:12,18:17176,2394
> 5:False:11,20:17176,2394
zeno-travel-optimal-old-noisy/100/zeno-travel_noisy_p04_hyp-3_full_2.tar.bz2:0.704725027084:0.0940382:0.71
> 0:False:12,24:17176,2394
> 1:False:12,22:17176,2394
> 2:True:11,19:17176,2394
> 3:False:12,23:17176,2394
> 4:True:12,20:17176,2394
> 5:False:11,21:17176,2394
zeno-travel-optimal-old-noisy/100/zeno-travel_noisy_p04_hyp-3_full_3.tar.bz2:0.697072982788:0.0904785:0.7
> 0:False:12,25:17176,2394
> 1:False:12,23:17176,2394
> 2:True:11,19:17176,2394
> 3:False:12,23:17176,2394
> 4:False:12,21:17176,2394
> 5:False:11,22:17176,2394
zeno-travel-optimal-old-noisy/100/zeno-travel_noisy_p04_hyp-4_full_1.tar.bz2:0.693389892578:0.090174:0.68
> 0:False:12,21:17177,2395
> 1:False:12,23:17177,2395
> 2:False:11,24:17177,2395
> 3:True:12,19:17177,2395
> 4:False:12,23:17177,2395
> 5:False:11,24:17177,2395
zeno-travel-optimal-old-noisy/100/zeno-travel_noisy_p04_hyp-4_full_2.tar.bz2:0.695562839508:0.0883797:0.69
> 0:False:12,20:17177,2395
> 1:False:12,22:17177,2395
> 2:False:11,23:17177,2395
> 3:True:12,18:17177,2395
> 4:False:12,22:17177,2395
> 5:False:11,23:17177,2395
zeno-travel-optimal-old-noisy/100/zeno-travel_noisy_p04_hyp-4_full_3.tar.bz2:0.698335170746:0.0896214:0.7
> 0:False:12,21:17177,2395
> 1:False:12,23:17177,2395
> 2:False:11,24:17177,2395
> 3:True:12,19:17177,2395
> 4:False:12,23:17177,2395
> 5:False:11,24:17177,2395
zeno-travel-optimal-old-noisy/100/zeno-travel_noisy_p05_hyp-1_full_1.tar.bz2:0.816081047058:0.1365875:0.82
> 0:False:5,21:22809,3081
> 1:True:10,20:22809,3081
> 2:False:6,23:22809,3081
> 3:False:8,22:22809,3081
> 4:False:5,22:22809,3081
> 5:False:7,23:22809,3081
zeno-travel-optimal-old-noisy/100/zeno-travel_noisy_p05_hyp-1_full_2.tar.bz2:0.816707849503:0.1335428:0.82
> 0:False:5,21:22809,3081
> 1:True:10,21:22809,3081
> 2:False:6,23:22809,3081
> 3:False:8,23:22809,3081
> 4:False:5,22:22809,3081
> 5:False:7,23:22809,3081
zeno-travel-optimal-old-noisy/100/zeno-travel_noisy_p05_hyp-1_full_3.tar.bz2:0.810437917709:0.1313842:0.81
> 0:False:5,21:22809,3081
> 1:True:10,21:22809,3081
> 2:False:6,23:22809,3081
> 3:False:8,23:22809,3081
> 4:False:5,22:22809,3081
> 5:False:7,23:22809,3081
zeno-travel-optimal-old-noisy/100/zeno-travel_noisy_p05_hyp-2_full_1.tar.bz2:0.81165099144:0.133824:0.81
> 0:False:5,19:22807,3079
> 1:False:10,23:22807,3079
> 2:False:6,21:22807,3079
> 3:True:8,19:22807,3079
> 4:False:5,21:22807,3079
> 5:False:7,21:22807,3079
zeno-travel-optimal-old-noisy/100/zeno-travel_noisy_p05_hyp-2_full_2.tar.bz2:0.813957929611:0.1344782:0.81
> 0:False:5,19:22807,3079
> 1:False:10,22:22807,3079
> 2:False:6,20:22807,3079
> 3:True:8,18:22807,3079
> 4:False:5,19:22807,3079
> 5:False:7,20:22807,3079
zeno-travel-optimal-old-noisy/100/zeno-travel_noisy_p05_hyp-2_full_3.tar.bz2:0.812704086304:0.1362782:0.81
> 0:False:5,18:22807,3079
> 1:False:10,22:22807,3079
> 2:False:6,20:22807,3079
> 3:True:8,18:22807,3079
> 4:False:5,20:22807,3079
> 5:False:7,20:22807,3079
zeno-travel-optimal-old-noisy/100/zeno-travel_noisy_p05_hyp-3_full_1.tar.bz2:0.817054033279:0.1374593:0.83
> 0:False:5,17:22803,3075
> 1:False:10,20:22803,3075
> 2:False:6,17:22803,3075
> 3:False:8,19:22803,3075
> 4:True:5,13:22803,3075
> 5:False:7,17:22803,3075
zeno-travel-optimal-old-noisy/100/zeno-travel_noisy_p05_hyp-3_full_2.tar.bz2:0.807629108429:0.1316196:0.8
> 0:False:5,18:22803,3075
> 1:False:10,20:22803,3075
> 2:False:6,17:22803,3075
> 3:False:8,19:22803,3075
> 4:True:5,13:22803,3075
> 5:False:7,17:22803,3075
zeno-travel-optimal-old-noisy/100/zeno-travel_noisy_p05_hyp-3_full_3.tar.bz2:0.815319061279:0.1370412:0.81
> 0:False:5,16:22803,3075
> 1:False:10,19:22803,3075
> 2:False:6,16:22803,3075
> 3:False:8,18:22803,3075
> 4:True:5,12:22803,3075
> 5:False:7,16:22803,3075
zeno-travel-optimal-old-noisy/100/zeno-travel_noisy_p05_hyp-4_full_1.tar.bz2:0.814246177673:0.1351413:0.82
> 0:False:5,22:22807,3079
> 1:False:10,23:22807,3079
> 2:False:6,17:22807,3079
> 3:False:8,21:22807,3079
> 4:False:5,19:22807,3079
> 5:True:7,17:22807,3079
zeno-travel-optimal-old-noisy/100/zeno-travel_noisy_p05_hyp-4_full_2.tar.bz2:0.815758943558:0.1338607:0.81
> 0:False:5,21:22807,3079
> 1:False:10,23:22807,3079
> 2:False:6,17:22807,3079
> 3:False:8,21:22807,3079
> 4:False:5,19:22807,3079
> 5:True:7,17:22807,3079
zeno-travel-optimal-old-noisy/100/zeno-travel_noisy_p05_hyp-4_full_3.tar.bz2:0.818039894104:0.1339479:0.81
> 0:False:5,21:22807,3079
> 1:False:10,22:22807,3079
> 2:False:6,17:22807,3079
> 3:False:8,20:22807,3079
> 4:False:5,19:22807,3079
> 5:True:7,17:22807,3079
