zeno-travel-optimal-old-noisy/10/zeno-travel_noisy_p03_hyp-1_10_1.tar.bz2:0.789836168289:0.111716:0.78
> 0:True:8,8:17162,2383,0
> 1:False:7,8:17162,2383,1
> 2:True:9,9:17162,2383,1
> 3:False:10,11:17162,2383,1
> 4:True:10,10:17162,2383,0
> 5:True:10,10:17162,2383,0
zeno-travel-optimal-old-noisy/10/zeno-travel_noisy_p03_hyp-1_10_2.tar.bz2:0.795703887939:0.1125141:0.8
> 0:True:8,8:17162,2383,0
> 1:False:7,8:17162,2383,1
> 2:False:9,10:17162,2383,1
> 3:True:10,10:17162,2383,0
> 4:True:10,10:17162,2383,0
> 5:True:10,10:17162,2383,0
zeno-travel-optimal-old-noisy/10/zeno-travel_noisy_p03_hyp-1_10_3.tar.bz2:0.788250923157:0.1059166:0.79
> 0:True:8,8:17162,2383,0
> 1:True:7,7:17162,2383,0
> 2:False:9,10:17162,2383,1
> 3:False:10,11:17162,2383,1
> 4:False:10,11:17162,2383,0
> 5:False:10,11:17162,2383,1
zeno-travel-optimal-old-noisy/10/zeno-travel_noisy_p03_hyp-2_10_1.tar.bz2:0.79568696022:0.1081453:0.79
> 0:True:8,8:17162,2383,0
> 1:True:7,7:17162,2383,0
> 2:False:9,10:17162,2383,1
> 3:True:10,10:17162,2383,0
> 4:True:10,10:17162,2383,0
> 5:True:10,10:17162,2383,0
zeno-travel-optimal-old-noisy/10/zeno-travel_noisy_p03_hyp-2_10_2.tar.bz2:0.800790071487:0.1102261:0.81
> 0:True:8,8:17162,2383,0
> 1:False:7,8:17162,2383,1
> 2:False:9,10:17162,2383,1
> 3:True:10,10:17162,2383,0
> 4:True:10,10:17162,2383,0
> 5:True:10,10:17162,2383,0
zeno-travel-optimal-old-noisy/10/zeno-travel_noisy_p03_hyp-2_10_3.tar.bz2:0.792983055115:0.1055324:0.79
> 0:True:8,8:17162,2383,0
> 1:True:7,7:17162,2383,0
> 2:False:9,10:17162,2383,1
> 3:False:10,11:17162,2383,1
> 4:False:10,11:17162,2383,1
> 5:False:10,11:17162,2383,1
zeno-travel-optimal-old-noisy/10/zeno-travel_noisy_p03_hyp-3_10_1.tar.bz2:0.793467998505:0.1119829:0.79
> 0:False:8,9:17163,2386,2
> 1:False:7,9:17163,2386,2
> 2:False:9,10:17163,2386,2
> 3:True:10,10:17163,2386,0
> 4:True:10,10:17163,2386,0
> 5:True:10,10:17163,2386,0
zeno-travel-optimal-old-noisy/10/zeno-travel_noisy_p03_hyp-3_10_2.tar.bz2:0.76554608345:0.105478:0.77
> 0:False:8,10:17163,2386,2
> 1:False:7,9:17163,2386,2
> 2:True:9,10:17163,2386,2
> 3:False:10,12:17163,2386,2
> 4:False:10,12:17163,2386,2
> 5:True:10,11:17163,2386,1
zeno-travel-optimal-old-noisy/10/zeno-travel_noisy_p03_hyp-3_10_3.tar.bz2:0.80109500885:0.1125891:0.8
> 0:False:8,10:17163,2386,2
> 1:False:7,9:17163,2386,2
> 2:True:9,10:17163,2386,2
> 3:False:10,12:17163,2386,2
> 4:False:10,12:17163,2386,2
> 5:True:10,11:17163,2386,1
zeno-travel-optimal-old-noisy/10/zeno-travel_noisy_p03_hyp-4_10_1.tar.bz2:0.802423000336:0.1068853:0.8
> 0:False:8,9:17163,2386,1
> 1:False:7,8:17163,2386,1
> 2:False:9,10:17163,2386,1
> 3:True:10,10:17163,2386,0
> 4:False:10,11:17163,2386,1
> 5:True:10,10:17163,2386,0
zeno-travel-optimal-old-noisy/10/zeno-travel_noisy_p03_hyp-4_10_2.tar.bz2:0.814280986786:0.1100038:0.82
> 0:True:8,8:17163,2386,0
> 1:False:7,8:17163,2386,2
> 2:False:9,11:17163,2386,2
> 3:True:10,10:17163,2386,0
> 4:False:10,11:17163,2386,1
> 5:False:10,11:17163,2386,2
zeno-travel-optimal-old-noisy/10/zeno-travel_noisy_p03_hyp-4_10_3.tar.bz2:0.819643974304:0.117513:0.83
> 0:False:8,9:17163,2386,1
> 1:False:7,9:17163,2386,2
> 2:False:9,10:17163,2386,2
> 3:True:10,10:17163,2386,0
> 4:True:10,10:17163,2386,0
> 5:False:10,11:17163,2386,1
zeno-travel-optimal-old-noisy/10/zeno-travel_noisy_p04_hyp-1_10_1.tar.bz2:0.783348083496:0.1034972:0.78
> 0:True:12,12:17163,2386,1
> 1:False:12,13:17163,2386,2
> 2:False:11,12:17163,2386,2
> 3:False:12,13:17163,2386,2
> 4:False:12,13:17163,2386,2
> 5:False:11,12:17163,2386,2
zeno-travel-optimal-old-noisy/10/zeno-travel_noisy_p04_hyp-1_10_2.tar.bz2:0.780264854431:0.0961476:0.78
> 0:True:12,12:17163,2386,0
> 1:False:12,13:17163,2386,0
> 2:False:11,12:17163,2386,2
> 3:False:12,13:17163,2386,0
> 4:False:12,13:17163,2386,2
> 5:False:11,13:17163,2386,2
zeno-travel-optimal-old-noisy/10/zeno-travel_noisy_p04_hyp-1_10_3.tar.bz2:0.773734092712:0.0984046:0.77
> 0:True:12,12:17163,2386,0
> 1:False:12,13:17163,2386,0
> 2:True:11,11:17163,2386,0
> 3:False:12,13:17163,2386,0
> 4:False:12,13:17163,2386,0
> 5:True:11,11:17163,2386,0
zeno-travel-optimal-old-noisy/10/zeno-travel_noisy_p04_hyp-2_10_1.tar.bz2:0.787331819534:0.1082786:0.79
> 0:False:12,13:17163,2386,0
> 1:True:12,12:17163,2386,0
> 2:False:11,12:17163,2386,0
> 3:False:12,13:17163,2386,0
> 4:False:12,13:17163,2386,0
> 5:False:11,13:17163,2386,2
zeno-travel-optimal-old-noisy/10/zeno-travel_noisy_p04_hyp-2_10_2.tar.bz2:0.77764415741:0.1013094:0.78
> 0:False:12,13:17163,2386,0
> 1:True:12,12:17163,2386,0
> 2:False:11,13:17163,2386,0
> 3:True:12,12:17163,2386,0
> 4:False:12,13:17163,2386,0
> 5:False:11,13:17163,2386,0
zeno-travel-optimal-old-noisy/10/zeno-travel_noisy_p04_hyp-2_10_3.tar.bz2:0.804531812668:0.1064967:0.81
> 0:False:12,13:17163,2386,0
> 1:True:12,12:17163,2386,0
> 2:False:11,12:17163,2386,0
> 3:False:12,13:17163,2386,1
> 4:False:12,13:17163,2386,0
> 5:False:11,13:17163,2386,2
zeno-travel-optimal-old-noisy/10/zeno-travel_noisy_p04_hyp-3_10_1.tar.bz2:0.784087896347:0.1039171:0.79
> 0:False:12,14:17163,2386,2
> 1:True:12,12:17163,2386,1
> 2:True:11,11:17163,2386,2
> 3:False:12,13:17163,2386,2
> 4:False:12,14:17163,2386,2
> 5:True:11,11:17163,2386,2
zeno-travel-optimal-old-noisy/10/zeno-travel_noisy_p04_hyp-3_10_2.tar.bz2:0.791254997253:0.1050131:0.8
> 0:True:12,13:17163,2386,2
> 1:True:12,13:17163,2386,1
> 2:True:11,12:17163,2386,2
> 3:False:12,14:17163,2386,2
> 4:False:12,14:17163,2386,2
> 5:True:11,12:17163,2386,2
zeno-travel-optimal-old-noisy/10/zeno-travel_noisy_p04_hyp-3_10_3.tar.bz2:0.788454055786:0.1035327:0.79
> 0:False:12,14:17163,2386,2
> 1:True:12,13:17163,2386,2
> 2:True:11,12:17163,2386,2
> 3:True:12,13:17163,2386,1
> 4:True:12,13:17163,2386,1
> 5:False:11,13:17163,2386,2
zeno-travel-optimal-old-noisy/10/zeno-travel_noisy_p04_hyp-4_10_1.tar.bz2:0.788881063461:0.1035947:0.78
> 0:False:12,14:17163,2386,2
> 1:True:12,13:17163,2386,1
> 2:False:11,13:17163,2386,2
> 3:True:12,13:17163,2386,1
> 4:True:12,13:17163,2386,1
> 5:True:11,12:17163,2386,2
zeno-travel-optimal-old-noisy/10/zeno-travel_noisy_p04_hyp-4_10_2.tar.bz2:0.780646085739:0.1020497:0.78
> 0:False:12,14:17163,2386,2
> 1:False:12,14:17163,2386,2
> 2:True:11,12:17163,2386,2
> 3:True:12,13:17163,2386,1
> 4:True:12,13:17163,2386,2
> 5:False:11,13:17163,2386,2
zeno-travel-optimal-old-noisy/10/zeno-travel_noisy_p04_hyp-4_10_3.tar.bz2:0.794555902481:0.1043379:0.8
> 0:False:12,14:17163,2386,2
> 1:False:12,13:17163,2386,1
> 2:False:11,13:17163,2386,2
> 3:True:12,12:17163,2386,0
> 4:False:12,14:17163,2386,2
> 5:False:11,13:17163,2386,2
zeno-travel-optimal-old-noisy/10/zeno-travel_noisy_p05_hyp-1_10_1.tar.bz2:0.924916982651:0.1542816:0.92
> 0:False:5,7:22795,3072,2
> 1:True:10,10:22795,3072,0
> 2:False:6,8:22795,3072,2
> 3:False:8,9:22795,3072,2
> 4:False:5,6:22795,3072,2
> 5:False:7,9:22795,3072,2
zeno-travel-optimal-old-noisy/10/zeno-travel_noisy_p05_hyp-1_10_2.tar.bz2:0.878149032593:0.1416321:0.88
> 0:False:5,7:22795,3072,2
> 1:True:10,11:22795,3072,1
> 2:False:6,8:22795,3072,2
> 3:True:8,9:22795,3072,1
> 4:True:5,6:22795,3072,2
> 5:False:7,9:22795,3072,2
zeno-travel-optimal-old-noisy/10/zeno-travel_noisy_p05_hyp-1_10_3.tar.bz2:0.918648958206:0.1502546:0.91
> 0:False:5,7:22795,3072,2
> 1:True:10,11:22795,3072,1
> 2:False:6,8:22795,3072,2
> 3:False:8,10:22795,3072,2
> 4:False:5,7:22795,3072,2
> 5:True:7,8:22795,3072,2
zeno-travel-optimal-old-noisy/10/zeno-travel_noisy_p05_hyp-2_10_1.tar.bz2:0.910220861435:0.1464915:0.91
> 0:False:5,7:22795,3072,2
> 1:True:10,11:22795,3072,1
> 2:False:6,8:22795,3072,2
> 3:True:8,9:22795,3072,1
> 4:True:5,6:22795,3072,2
> 5:True:7,8:22795,3072,2
zeno-travel-optimal-old-noisy/10/zeno-travel_noisy_p05_hyp-2_10_2.tar.bz2:0.909010887146:0.1525797:0.91
> 0:False:5,7:22795,3072,2
> 1:True:10,11:22795,3072,2
> 2:False:6,8:22795,3072,2
> 3:True:8,9:22795,3072,2
> 4:True:5,6:22795,3072,2
> 5:False:7,9:22795,3072,2
zeno-travel-optimal-old-noisy/10/zeno-travel_noisy_p05_hyp-2_10_3.tar.bz2:0.902858018875:0.1569473:0.9
> 0:False:5,7:22795,3072,2
> 1:True:10,11:22795,3072,2
> 2:False:6,8:22795,3072,2
> 3:True:8,9:22795,3072,2
> 4:True:5,6:22795,3072,2
> 5:True:7,8:22795,3072,2
zeno-travel-optimal-old-noisy/10/zeno-travel_noisy_p05_hyp-3_10_1.tar.bz2:0.886986017227:0.1451413:0.89
> 0:False:5,6:22794,3069,0
> 1:False:10,11:22794,3069,0
> 2:False:6,7:22794,3069,1
> 3:False:8,9:22794,3069,0
> 4:True:5,5:22794,3069,0
> 5:False:7,8:22794,3069,0
zeno-travel-optimal-old-noisy/10/zeno-travel_noisy_p05_hyp-3_10_2.tar.bz2:0.900468826294:0.1432563:0.9
> 0:False:5,6:22794,3069,1
> 1:False:10,11:22794,3069,1
> 2:False:6,7:22794,3069,1
> 3:False:8,9:22794,3069,1
> 4:True:5,5:22794,3069,1
> 5:False:7,8:22794,3069,1
zeno-travel-optimal-old-noisy/10/zeno-travel_noisy_p05_hyp-3_10_3.tar.bz2:0.910618066788:0.1574027:0.91
> 0:False:5,6:22794,3069,0
> 1:False:10,11:22794,3069,0
> 2:False:6,7:22794,3069,1
> 3:False:8,9:22794,3069,0
> 4:True:5,5:22794,3069,1
> 5:False:7,8:22794,3069,0
zeno-travel-optimal-old-noisy/10/zeno-travel_noisy_p05_hyp-4_10_1.tar.bz2:0.910789012909:0.1470345:0.91
> 0:False:5,7:22795,3072,2
> 1:True:10,11:22795,3072,1
> 2:False:6,8:22795,3072,2
> 3:False:8,10:22795,3072,2
> 4:True:5,6:22795,3072,2
> 5:True:7,8:22795,3072,1
zeno-travel-optimal-old-noisy/10/zeno-travel_noisy_p05_hyp-4_10_2.tar.bz2:0.926079034805:0.1574405:0.93
> 0:False:5,7:22795,3072,2
> 1:True:10,11:22795,3072,0
> 2:False:6,8:22795,3072,2
> 3:True:8,9:22795,3072,0
> 4:True:5,6:22795,3072,2
> 5:True:7,8:22795,3072,2
zeno-travel-optimal-old-noisy/10/zeno-travel_noisy_p05_hyp-4_10_3.tar.bz2:0.926890134811:0.1530423:0.92
> 0:False:5,7:22795,3072,2
> 1:True:10,11:22795,3072,2
> 2:False:6,8:22795,3072,2
> 3:False:8,10:22795,3072,2
> 4:True:5,6:22795,3072,2
> 5:True:7,8:22795,3072,2
zeno-travel-optimal-old-noisy/30/zeno-travel_noisy_p03_hyp-1_30_1.tar.bz2:0.791517019272:0.1092968:0.79
> 0:True:8,8:17164,2389,0
> 1:False:7,8:17164,2389,0
> 2:False:9,12:17164,2389,3
> 3:False:10,11:17164,2389,1
> 4:False:10,12:17164,2389,3
> 5:False:10,11:17164,2389,1
zeno-travel-optimal-old-noisy/30/zeno-travel_noisy_p03_hyp-1_30_2.tar.bz2:0.781930923462:0.102598:0.78
> 0:True:8,9:17164,2389,1
> 1:False:7,10:17164,2389,2
> 2:False:9,11:17164,2389,2
> 3:False:10,12:17164,2389,2
> 4:True:10,11:17164,2389,2
> 5:False:10,12:17164,2389,2
zeno-travel-optimal-old-noisy/30/zeno-travel_noisy_p03_hyp-1_30_3.tar.bz2:0.799283027649:0.1132305:0.79
> 0:True:8,8:17164,2389,0
> 1:False:7,9:17164,2389,0
> 2:False:9,10:17164,2389,0
> 3:False:10,11:17164,2389,1
> 4:True:10,10:17164,2389,0
> 5:False:10,11:17164,2389,1
zeno-travel-optimal-old-noisy/30/zeno-travel_noisy_p03_hyp-2_30_1.tar.bz2:0.814172029495:0.1132127:0.82
> 0:True:8,9:17164,2389,0
> 1:False:7,9:17164,2389,2
> 2:False:9,12:17164,2389,3
> 3:False:10,12:17164,2389,1
> 4:False:10,12:17164,2389,1
> 5:False:10,12:17164,2389,1
zeno-travel-optimal-old-noisy/30/zeno-travel_noisy_p03_hyp-2_30_2.tar.bz2:0.807498931885:0.1130738:0.8
> 0:False:8,10:17164,2389,2
> 1:False:7,9:17164,2389,2
> 2:False:9,12:17164,2389,3
> 3:True:10,11:17164,2389,2
> 4:False:10,12:17164,2389,3
> 5:True:10,11:17164,2389,2
zeno-travel-optimal-old-noisy/30/zeno-travel_noisy_p03_hyp-2_30_3.tar.bz2:0.784770965576:0.1057541:0.78
> 0:True:8,9:17164,2389,0
> 1:True:7,8:17164,2389,2
> 2:False:9,12:17164,2389,3
> 3:False:10,12:17164,2389,2
> 4:False:10,13:17164,2389,3
> 5:False:10,12:17164,2389,2
zeno-travel-optimal-old-noisy/30/zeno-travel_noisy_p03_hyp-3_30_1.tar.bz2:0.792168140411:0.1177209:0.79
> 0:False:8,11:17165,2392,3
> 1:False:7,10:17165,2392,3
> 2:False:9,11:17165,2392,2
> 3:False:10,12:17165,2392,3
> 4:True:10,11:17165,2392,2
> 5:False:10,12:17165,2392,4
zeno-travel-optimal-old-noisy/30/zeno-travel_noisy_p03_hyp-3_30_2.tar.bz2:0.788172960281:0.1053225:0.78
> 0:False:8,11:17165,2392,3
> 1:False:7,11:17165,2392,4
> 2:True:9,10:17165,2392,1
> 3:False:10,12:17165,2392,2
> 4:False:10,12:17165,2392,2
> 5:True:10,11:17165,2392,1
zeno-travel-optimal-old-noisy/30/zeno-travel_noisy_p03_hyp-3_30_3.tar.bz2:0.795492887497:0.104868:0.79
> 0:False:8,11:17165,2392,3
> 1:False:7,11:17165,2392,4
> 2:True:9,11:17165,2392,2
> 3:False:10,13:17165,2392,3
> 4:True:10,12:17165,2392,2
> 5:True:10,12:17165,2392,2
zeno-travel-optimal-old-noisy/30/zeno-travel_noisy_p03_hyp-4_30_1.tar.bz2:0.789755105972:0.1078519:0.79
> 0:False:8,9:17165,2392,1
> 1:False:7,10:17165,2392,2
> 2:False:9,12:17165,2392,1
> 3:True:10,10:17165,2392,1
> 4:False:10,12:17165,2392,1
> 5:True:10,10:17165,2392,1
zeno-travel-optimal-old-noisy/30/zeno-travel_noisy_p03_hyp-4_30_2.tar.bz2:0.798173904419:0.1134352:0.8
> 0:False:8,10:17165,2392,1
> 1:False:7,9:17165,2392,3
> 2:False:9,12:17165,2392,4
> 3:True:10,10:17165,2392,1
> 4:False:10,11:17165,2392,1
> 5:True:10,10:17165,2392,1
zeno-travel-optimal-old-noisy/30/zeno-travel_noisy_p03_hyp-4_30_3.tar.bz2:0.795569896698:0.1076991:0.79
> 0:False:8,10:17165,2392,3
> 1:False:7,9:17165,2392,4
> 2:False:9,11:17165,2392,4
> 3:False:10,11:17165,2392,2
> 4:True:10,10:17165,2392,1
> 5:False:10,12:17165,2392,3
zeno-travel-optimal-old-noisy/30/zeno-travel_noisy_p04_hyp-1_30_1.tar.bz2:0.788116931915:0.1087306:0.79
> 0:False:12,13:17165,2392,0
> 1:True:12,12:17165,2392,0
> 2:False:11,14:17165,2392,2
> 3:False:12,14:17165,2392,1
> 4:False:12,14:17165,2392,0
> 5:False:11,13:17165,2392,0
zeno-travel-optimal-old-noisy/30/zeno-travel_noisy_p04_hyp-1_30_2.tar.bz2:0.7860019207:0.1049441:0.79
> 0:True:12,13:17165,2392,2
> 1:False:12,15:17165,2392,2
> 2:False:11,14:17165,2392,4
> 3:False:12,14:17165,2392,1
> 4:False:12,15:17165,2392,3
> 5:False:11,14:17165,2392,4
zeno-travel-optimal-old-noisy/30/zeno-travel_noisy_p04_hyp-1_30_3.tar.bz2:0.774063825607:0.0965621:0.76
> 0:True:12,13:17165,2392,0
> 1:True:12,13:17165,2392,0
> 2:False:11,14:17165,2392,2
> 3:False:12,14:17165,2392,0
> 4:False:12,14:17165,2392,0
> 5:False:11,15:17165,2392,2
zeno-travel-optimal-old-noisy/30/zeno-travel_noisy_p04_hyp-2_30_1.tar.bz2:0.779932975769:0.1090597:0.77
> 0:False:12,14:17166,2395,2
> 1:True:12,12:17166,2395,0
> 2:False:11,14:17166,2395,4
> 3:False:12,15:17166,2395,4
> 4:False:12,14:17166,2395,2
> 5:False:11,14:17166,2395,2
zeno-travel-optimal-old-noisy/30/zeno-travel_noisy_p04_hyp-2_30_2.tar.bz2:0.780793905258:0.1061503:0.78
> 0:False:12,14:17166,2395,3
> 1:True:12,12:17166,2395,0
> 2:False:11,14:17166,2395,4
> 3:False:12,13:17166,2395,3
> 4:False:12,16:17166,2395,5
> 5:False:11,14:17166,2395,4
zeno-travel-optimal-old-noisy/30/zeno-travel_noisy_p04_hyp-2_30_3.tar.bz2:0.800828933716:0.1109622:0.79
> 0:False:12,13:17166,2395,0
> 1:True:12,12:17166,2395,0
> 2:False:11,14:17166,2395,3
> 3:False:12,14:17166,2395,2
> 4:False:12,14:17166,2395,2
> 5:False:11,14:17166,2395,2
zeno-travel-optimal-old-noisy/30/zeno-travel_noisy_p04_hyp-3_30_1.tar.bz2:0.79092502594:0.1039069:0.79
> 0:False:12,16:17165,2392,4
> 1:True:12,14:17165,2392,2
> 2:True:11,13:17165,2392,2
> 3:False:12,16:17165,2392,3
> 4:False:12,16:17165,2392,4
> 5:True:11,13:17165,2392,3
zeno-travel-optimal-old-noisy/30/zeno-travel_noisy_p04_hyp-3_30_2.tar.bz2:0.787119865417:0.1047674:0.78
> 0:False:12,16:17165,2392,4
> 1:False:12,15:17165,2392,4
> 2:True:11,13:17165,2392,2
> 3:False:12,16:17165,2392,4
> 4:False:12,15:17165,2392,2
> 5:True:11,13:17165,2392,2
zeno-travel-optimal-old-noisy/30/zeno-travel_noisy_p04_hyp-3_30_3.tar.bz2:0.7846159935:0.1038076:0.78
> 0:False:12,15:17165,2392,3
> 1:False:12,15:17165,2392,3
> 2:True:11,11:17165,2392,1
> 3:False:12,16:17165,2392,4
> 4:False:12,13:17165,2392,1
> 5:False:11,12:17165,2392,3
zeno-travel-optimal-old-noisy/30/zeno-travel_noisy_p04_hyp-4_30_1.tar.bz2:0.788234949112:0.1040739:0.78
> 0:False:12,13:17166,2395,0
> 1:False:12,14:17166,2395,3
> 2:False:11,13:17166,2395,3
> 3:True:12,12:17166,2395,0
> 4:False:12,14:17166,2395,4
> 5:False:11,12:17166,2395,3
zeno-travel-optimal-old-noisy/30/zeno-travel_noisy_p04_hyp-4_30_2.tar.bz2:0.79182600975:0.1042166:0.79
> 0:False:12,15:17166,2395,4
> 1:False:12,14:17166,2395,3
> 2:False:11,13:17166,2395,5
> 3:True:12,12:17166,2395,0
> 4:False:12,14:17166,2395,4
> 5:False:11,13:17166,2395,4
zeno-travel-optimal-old-noisy/30/zeno-travel_noisy_p04_hyp-4_30_3.tar.bz2:0.785093784332:0.0981579:0.78
> 0:False:12,15:17166,2395,4
> 1:False:12,14:17166,2395,4
> 2:False:11,15:17166,2395,5
> 3:True:12,13:17166,2395,4
> 4:False:12,14:17166,2395,4
> 5:False:11,14:17166,2395,5
zeno-travel-optimal-old-noisy/30/zeno-travel_noisy_p05_hyp-1_30_1.tar.bz2:0.90319108963:0.1517328:0.9
> 0:False:5,9:22798,3081,5
> 1:True:10,11:22798,3081,3
> 2:False:6,9:22798,3081,5
> 3:False:8,10:22798,3081,4
> 4:False:5,7:22798,3081,5
> 5:False:7,9:22798,3081,5
zeno-travel-optimal-old-noisy/30/zeno-travel_noisy_p05_hyp-1_30_2.tar.bz2:0.881808042526:0.1403085:0.88
> 0:False:5,8:22798,3081,1
> 1:True:10,11:22798,3081,0
> 2:False:6,9:22798,3081,5
> 3:True:8,9:22798,3081,2
> 4:False:5,8:22798,3081,5
> 5:False:7,9:22798,3081,4
zeno-travel-optimal-old-noisy/30/zeno-travel_noisy_p05_hyp-1_30_3.tar.bz2:0.894454956055:0.1492796:0.9
> 0:False:5,9:22798,3081,5
> 1:True:10,11:22798,3081,0
> 2:False:6,8:22798,3081,0
> 3:False:8,10:22798,3081,4
> 4:False:5,8:22798,3081,4
> 5:True:7,8:22798,3081,0
zeno-travel-optimal-old-noisy/30/zeno-travel_noisy_p05_hyp-2_30_1.tar.bz2:0.913403987885:0.153722:0.92
> 0:False:5,9:22797,3078,4
> 1:True:10,11:22797,3078,4
> 2:False:6,8:22797,3078,0
> 3:True:8,9:22797,3078,3
> 4:False:5,8:22797,3078,4
> 5:True:7,8:22797,3078,0
zeno-travel-optimal-old-noisy/30/zeno-travel_noisy_p05_hyp-2_30_2.tar.bz2:0.906492948532:0.1591277:0.9
> 0:False:5,8:22797,3078,1
> 1:True:10,11:22797,3078,1
> 2:False:6,10:22797,3078,4
> 3:True:8,9:22797,3078,1
> 4:False:5,8:22797,3078,3
> 5:False:7,11:22797,3078,4
zeno-travel-optimal-old-noisy/30/zeno-travel_noisy_p05_hyp-2_30_3.tar.bz2:0.898951053619:0.1435636:0.89
> 0:False:5,9:22797,3078,4
> 1:False:10,12:22797,3078,1
> 2:False:6,9:22797,3078,4
> 3:True:8,9:22797,3078,1
> 4:False:5,8:22797,3078,3
> 5:False:7,9:22797,3078,1
zeno-travel-optimal-old-noisy/30/zeno-travel_noisy_p05_hyp-3_30_1.tar.bz2:0.904076099396:0.1532168:0.9
> 0:False:5,8:22796,3075,2
> 1:True:10,12:22796,3075,1
> 2:False:6,9:22796,3075,2
> 3:False:8,11:22796,3075,2
> 4:True:5,7:22796,3075,1
> 5:False:7,10:22796,3075,2
zeno-travel-optimal-old-noisy/30/zeno-travel_noisy_p05_hyp-3_30_2.tar.bz2:0.913058996201:0.1573412:0.91
> 0:False:5,8:22796,3075,2
> 1:False:10,12:22796,3075,3
> 2:False:6,9:22796,3075,2
> 3:False:8,11:22796,3075,2
> 4:True:5,6:22796,3075,1
> 5:False:7,10:22796,3075,2
zeno-travel-optimal-old-noisy/30/zeno-travel_noisy_p05_hyp-3_30_3.tar.bz2:0.898086071014:0.1498481:0.9
> 0:False:5,8:22796,3075,2
> 1:True:10,12:22796,3075,2
> 2:False:6,9:22796,3075,2
> 3:False:8,11:22796,3075,2
> 4:True:5,7:22796,3075,2
> 5:False:7,10:22796,3075,2
zeno-travel-optimal-old-noisy/30/zeno-travel_noisy_p05_hyp-4_30_1.tar.bz2:0.929248094559:0.1612581:0.93
> 0:False:5,9:22797,3078,3
> 1:False:10,14:22797,3078,3
> 2:False:6,10:22797,3078,3
> 3:False:8,12:22797,3078,2
> 4:True:5,8:22797,3078,3
> 5:False:7,11:22797,3078,3
zeno-travel-optimal-old-noisy/30/zeno-travel_noisy_p05_hyp-4_30_2.tar.bz2:0.9020819664:0.1481277:0.9
> 0:False:5,9:22797,3078,4
> 1:False:10,13:22797,3078,2
> 2:True:6,8:22797,3078,3
> 3:False:8,11:22797,3078,4
> 4:False:5,8:22797,3078,3
> 5:True:7,9:22797,3078,2
zeno-travel-optimal-old-noisy/30/zeno-travel_noisy_p05_hyp-4_30_3.tar.bz2:0.907231092453:0.1520949:0.91
> 0:False:5,9:22797,3078,2
> 1:False:10,14:22797,3078,3
> 2:False:6,9:22797,3078,1
> 3:False:8,12:22797,3078,4
> 4:True:5,7:22797,3078,2
> 5:False:7,10:22797,3078,2
zeno-travel-optimal-old-noisy/50/zeno-travel_noisy_p03_hyp-1_50_1.tar.bz2:0.776460170746:0.1055895:0.78
> 0:True:8,9:17166,2395,0
> 1:False:7,10:17166,2395,4
> 2:False:9,12:17166,2395,3
> 3:True:10,11:17166,2395,3
> 4:True:10,11:17166,2395,4
> 5:False:10,12:17166,2395,3
zeno-travel-optimal-old-noisy/50/zeno-travel_noisy_p03_hyp-1_50_2.tar.bz2:0.795753955841:0.1115361:0.8
> 0:True:8,8:17166,2395,0
> 1:False:7,9:17166,2395,3
> 2:False:9,13:17166,2395,5
> 3:False:10,11:17166,2395,2
> 4:False:10,12:17166,2395,4
> 5:False:10,12:17166,2395,3
zeno-travel-optimal-old-noisy/50/zeno-travel_noisy_p03_hyp-1_50_3.tar.bz2:0.786799907684:0.108555:0.78
> 0:True:8,8:17166,2395,0
> 1:False:7,8:17166,2395,0
> 2:False:9,11:17166,2395,2
> 3:False:10,11:17166,2395,2
> 4:False:10,11:17166,2395,2
> 5:False:10,11:17166,2395,2
zeno-travel-optimal-old-noisy/50/zeno-travel_noisy_p03_hyp-2_50_1.tar.bz2:0.794993877411:0.112153:0.8
> 0:True:8,9:17166,2395,2
> 1:True:7,8:17166,2395,0
> 2:False:9,11:17166,2395,1
> 3:True:10,11:17166,2395,1
> 4:True:10,11:17166,2395,1
> 5:True:10,11:17166,2395,1
zeno-travel-optimal-old-noisy/50/zeno-travel_noisy_p03_hyp-2_50_2.tar.bz2:0.79309797287:0.1075813:0.79
> 0:False:8,10:17166,2395,3
> 1:True:7,8:17166,2395,2
> 2:False:9,13:17166,2395,5
> 3:False:10,12:17166,2395,4
> 4:False:10,12:17166,2395,5
> 5:False:10,12:17166,2395,5
zeno-travel-optimal-old-noisy/50/zeno-travel_noisy_p03_hyp-2_50_3.tar.bz2:0.791337966919:0.1120704:0.79
> 0:False:8,9:17166,2395,1
> 1:False:7,8:17166,2395,0
> 2:False:9,11:17166,2395,2
> 3:True:10,10:17166,2395,0
> 4:True:10,10:17166,2395,0
> 5:True:10,10:17166,2395,0
zeno-travel-optimal-old-noisy/50/zeno-travel_noisy_p03_hyp-3_50_1.tar.bz2:0.795146942139:0.1099786:0.79
> 0:False:8,11:17168,2401,2
> 1:False:7,11:17168,2401,2
> 2:False:9,11:17168,2401,3
> 3:False:10,13:17168,2401,2
> 4:True:10,11:17168,2401,2
> 5:False:10,12:17168,2401,2
zeno-travel-optimal-old-noisy/50/zeno-travel_noisy_p03_hyp-3_50_2.tar.bz2:0.788717985153:0.1099807:0.79
> 0:False:8,10:17168,2401,2
> 1:False:7,11:17168,2401,2
> 2:False:9,11:17168,2401,2
> 3:False:10,13:17168,2401,2
> 4:True:10,11:17168,2401,2
> 5:False:10,12:17168,2401,2
zeno-travel-optimal-old-noisy/50/zeno-travel_noisy_p03_hyp-3_50_3.tar.bz2:0.796211004257:0.1142324:0.79
> 0:False:8,11:17168,2401,4
> 1:False:7,11:17168,2401,3
> 2:False:9,10:17168,2401,0
> 3:False:10,11:17168,2401,3
> 4:True:10,10:17168,2401,0
> 5:False:10,11:17168,2401,3
zeno-travel-optimal-old-noisy/50/zeno-travel_noisy_p03_hyp-4_50_1.tar.bz2:0.779292106628:0.1137497:0.78
> 0:False:8,10:17168,2401,3
> 1:False:7,10:17168,2401,5
> 2:False:9,13:17168,2401,3
> 3:True:10,10:17168,2401,0
> 4:False:10,12:17168,2401,2
> 5:False:10,11:17168,2401,2
zeno-travel-optimal-old-noisy/50/zeno-travel_noisy_p03_hyp-4_50_2.tar.bz2:0.792141914368:0.1080531:0.79
> 0:False:8,11:17168,2401,3
> 1:False:7,11:17168,2401,3
> 2:False:9,13:17168,2401,2
> 3:True:10,10:17168,2401,0
> 4:False:10,11:17168,2401,0
> 5:False:10,12:17168,2401,5
zeno-travel-optimal-old-noisy/50/zeno-travel_noisy_p03_hyp-4_50_3.tar.bz2:0.791840076447:0.1104467:0.79
> 0:False:8,11:17168,2401,3
> 1:False:7,11:17168,2401,3
> 2:False:9,12:17168,2401,3
> 3:True:10,10:17168,2401,0
> 4:False:10,12:17168,2401,3
> 5:False:10,11:17168,2401,2
zeno-travel-optimal-old-noisy/50/zeno-travel_noisy_p04_hyp-1_50_1.tar.bz2:0.786138057709:0.1008823:0.78
> 0:True:12,13:17169,2404,1
> 1:False:12,15:17169,2404,4
> 2:False:11,16:17169,2404,4
> 3:False:12,14:17169,2404,1
> 4:False:12,15:17169,2404,4
> 5:False:11,15:17169,2404,3
zeno-travel-optimal-old-noisy/50/zeno-travel_noisy_p04_hyp-1_50_2.tar.bz2:0.7756960392:0.1022688:0.78
> 0:True:12,13:17169,2404,0
> 1:False:12,14:17169,2404,4
> 2:False:11,16:17169,2404,5
> 3:False:12,14:17169,2404,0
> 4:False:12,15:17169,2404,3
> 5:False:11,15:17169,2404,6
zeno-travel-optimal-old-noisy/50/zeno-travel_noisy_p04_hyp-1_50_3.tar.bz2:0.790785074234:0.1041731:0.79
> 0:True:12,13:17169,2404,0
> 1:True:12,13:17169,2404,0
> 2:False:11,16:17169,2404,5
> 3:False:12,15:17169,2404,2
> 4:False:12,15:17169,2404,6
> 5:False:11,15:17169,2404,4
zeno-travel-optimal-old-noisy/50/zeno-travel_noisy_p04_hyp-2_50_1.tar.bz2:0.785429954529:0.1054704:0.79
> 0:False:12,16:17169,2404,3
> 1:True:12,13:17169,2404,2
> 2:False:11,16:17169,2404,6
> 3:False:12,16:17169,2404,5
> 4:False:12,17:17169,2404,3
> 5:False:11,17:17169,2404,7
zeno-travel-optimal-old-noisy/50/zeno-travel_noisy_p04_hyp-2_50_2.tar.bz2:0.788614988327:0.1014516:0.78
> 0:False:12,14:17169,2404,2
> 1:True:12,12:17169,2404,0
> 2:False:11,15:17169,2404,4
> 3:False:12,15:17169,2404,2
> 4:False:12,15:17169,2404,4
> 5:False:11,15:17169,2404,5
zeno-travel-optimal-old-noisy/50/zeno-travel_noisy_p04_hyp-2_50_3.tar.bz2:0.787451982498:0.1084734:0.79
> 0:False:12,15:17169,2404,4
> 1:True:12,14:17169,2404,4
> 2:False:11,16:17169,2404,5
> 3:False:12,16:17169,2404,4
> 4:False:12,16:17169,2404,4
> 5:False:11,15:17169,2404,4
zeno-travel-optimal-old-noisy/50/zeno-travel_noisy_p04_hyp-3_50_1.tar.bz2:0.788687944412:0.1032907:0.79
> 0:False:12,17:17169,2404,5
> 1:True:12,14:17169,2404,5
> 2:True:11,13:17169,2404,4
> 3:False:12,16:17169,2404,4
> 4:False:12,15:17169,2404,0
> 5:False:11,14:17169,2404,5
zeno-travel-optimal-old-noisy/50/zeno-travel_noisy_p04_hyp-3_50_2.tar.bz2:0.790077924728:0.1088518:0.79
> 0:False:12,16:17169,2404,3
> 1:False:12,15:17169,2404,5
> 2:True:11,13:17169,2404,4
> 3:False:12,15:17169,2404,4
> 4:False:12,15:17169,2404,4
> 5:False:11,14:17169,2404,3
zeno-travel-optimal-old-noisy/50/zeno-travel_noisy_p04_hyp-3_50_3.tar.bz2:0.786013841629:0.1072061:0.78
> 0:False:12,16:17169,2404,4
> 1:False:12,15:17169,2404,4
> 2:True:11,13:17169,2404,4
> 3:False:12,17:17169,2404,4
> 4:False:12,15:17169,2404,4
> 5:True:11,13:17169,2404,4
zeno-travel-optimal-old-noisy/50/zeno-travel_noisy_p04_hyp-4_50_1.tar.bz2:0.788558959961:0.1095334:0.78
> 0:False:12,17:17169,2404,5
> 1:False:12,16:17169,2404,5
> 2:False:11,16:17169,2404,5
> 3:True:12,14:17169,2404,4
> 4:False:12,16:17169,2404,4
> 5:False:11,17:17169,2404,6
zeno-travel-optimal-old-noisy/50/zeno-travel_noisy_p04_hyp-4_50_2.tar.bz2:0.815838813782:0.1087256:0.81
> 0:False:12,15:17169,2404,3
> 1:False:12,17:17169,2404,7
> 2:False:11,17:17169,2404,5
> 3:True:12,13:17169,2404,4
> 4:False:12,16:17169,2404,4
> 5:False:11,16:17169,2404,5
zeno-travel-optimal-old-noisy/50/zeno-travel_noisy_p04_hyp-4_50_3.tar.bz2:0.776824951172:0.1026622:0.77
> 0:False:12,15:17169,2404,3
> 1:False:12,15:17169,2404,4
> 2:False:11,17:17169,2404,6
> 3:True:12,13:17169,2404,3
> 4:False:12,16:17169,2404,3
> 5:False:11,16:17169,2404,5
zeno-travel-optimal-old-noisy/50/zeno-travel_noisy_p05_hyp-1_50_1.tar.bz2:0.902615070343:0.1481066:0.9
> 0:False:5,12:22801,3090,7
> 1:True:10,13:22801,3090,5
> 2:False:6,12:22801,3090,7
> 3:False:8,13:22801,3090,7
> 4:False:5,11:22801,3090,7
> 5:False:7,12:22801,3090,7
zeno-travel-optimal-old-noisy/50/zeno-travel_noisy_p05_hyp-1_50_2.tar.bz2:0.883056879044:0.1439426:0.88
> 0:False:5,10:22801,3090,5
> 1:True:10,11:22801,3090,3
> 2:False:6,12:22801,3090,6
> 3:False:8,11:22801,3090,5
> 4:False:5,11:22801,3090,8
> 5:False:7,12:22801,3090,6
zeno-travel-optimal-old-noisy/50/zeno-travel_noisy_p05_hyp-1_50_3.tar.bz2:0.888077974319:0.1537671:0.88
> 0:False:5,11:22801,3090,8
> 1:True:10,11:22801,3090,3
> 2:False:6,11:22801,3090,4
> 3:False:8,11:22801,3090,6
> 4:False:5,11:22801,3090,8
> 5:False:7,11:22801,3090,4
zeno-travel-optimal-old-noisy/50/zeno-travel_noisy_p05_hyp-2_50_1.tar.bz2:0.908980131149:0.1532023:0.91
> 0:False:5,11:22800,3087,6
> 1:False:10,14:22800,3087,4
> 2:False:6,10:22800,3087,6
> 3:True:8,10:22800,3087,4
> 4:False:5,10:22800,3087,7
> 5:False:7,11:22800,3087,7
zeno-travel-optimal-old-noisy/50/zeno-travel_noisy_p05_hyp-2_50_2.tar.bz2:0.916364908218:0.1575309:0.91
> 0:False:5,10:22800,3087,5
> 1:False:10,12:22800,3087,5
> 2:False:6,10:22800,3087,6
> 3:True:8,9:22800,3087,3
> 4:False:5,9:22800,3087,7
> 5:False:7,11:22800,3087,6
zeno-travel-optimal-old-noisy/50/zeno-travel_noisy_p05_hyp-2_50_3.tar.bz2:0.924549102783:0.1562669:0.91
> 0:False:5,9:22800,3087,7
> 1:False:10,12:22800,3087,6
> 2:False:6,10:22800,3087,7
> 3:True:8,9:22800,3087,4
> 4:False:5,9:22800,3087,5
> 5:False:7,10:22800,3087,7
zeno-travel-optimal-old-noisy/50/zeno-travel_noisy_p05_hyp-3_50_1.tar.bz2:0.906897783279:0.1536544:0.9
> 0:False:5,9:22798,3081,4
> 1:False:10,13:22798,3081,3
> 2:False:6,10:22798,3081,4
> 3:False:8,11:22798,3081,3
> 4:True:5,7:22798,3081,3
> 5:False:7,10:22798,3081,4
zeno-travel-optimal-old-noisy/50/zeno-travel_noisy_p05_hyp-3_50_2.tar.bz2:0.904633998871:0.1436835:0.91
> 0:False:5,9:22798,3081,5
> 1:False:10,13:22798,3081,3
> 2:False:6,9:22798,3081,4
> 3:False:8,11:22798,3081,3
> 4:True:5,7:22798,3081,4
> 5:False:7,10:22798,3081,5
zeno-travel-optimal-old-noisy/50/zeno-travel_noisy_p05_hyp-3_50_3.tar.bz2:0.922019958496:0.1457084:0.91
> 0:False:5,9:22798,3081,4
> 1:True:10,12:22798,3081,3
> 2:False:6,10:22798,3081,4
> 3:False:8,11:22798,3081,3
> 4:True:5,7:22798,3081,4
> 5:False:7,10:22798,3081,4
zeno-travel-optimal-old-noisy/50/zeno-travel_noisy_p05_hyp-4_50_1.tar.bz2:0.890774011612:0.1384432:0.89
> 0:False:5,11:22800,3087,7
> 1:False:10,14:22800,3087,5
> 2:False:6,10:22800,3087,5
> 3:False:8,12:22800,3087,6
> 4:False:5,10:22800,3087,7
> 5:True:7,10:22800,3087,5
zeno-travel-optimal-old-noisy/50/zeno-travel_noisy_p05_hyp-4_50_2.tar.bz2:0.898235082626:0.1402419:0.9
> 0:False:5,11:22800,3087,7
> 1:False:10,15:22800,3087,5
> 2:False:6,10:22800,3087,4
> 3:False:8,13:22800,3087,6
> 4:False:5,9:22800,3087,3
> 5:True:7,10:22800,3087,3
zeno-travel-optimal-old-noisy/50/zeno-travel_noisy_p05_hyp-4_50_3.tar.bz2:0.879190921783:0.1470381:0.87
> 0:False:5,11:22800,3087,6
> 1:False:10,15:22800,3087,7
> 2:False:6,10:22800,3087,4
> 3:False:8,12:22800,3087,6
> 4:False:5,9:22800,3087,5
> 5:True:7,10:22800,3087,4
zeno-travel-optimal-old-noisy/70/zeno-travel_noisy_p03_hyp-1_70_1.tar.bz2:0.790490865707:0.1098542:0.78
> 0:True:8,9:17169,2404,4
> 1:False:7,10:17169,2404,4
> 2:False:9,15:17169,2404,8
> 3:False:10,13:17169,2404,3
> 4:False:10,14:17169,2404,6
> 5:False:10,14:17169,2404,3
zeno-travel-optimal-old-noisy/70/zeno-travel_noisy_p03_hyp-1_70_2.tar.bz2:0.805964946747:0.115519:0.8
> 0:True:8,10:17169,2404,5
> 1:False:7,11:17169,2404,7
> 2:False:9,14:17169,2404,7
> 3:False:10,14:17169,2404,8
> 4:False:10,14:17169,2404,8
> 5:False:10,14:17169,2404,7
zeno-travel-optimal-old-noisy/70/zeno-travel_noisy_p03_hyp-1_70_3.tar.bz2:0.789608001709:0.1114001:0.79
> 0:True:8,8:17169,2404,2
> 1:False:7,9:17169,2404,5
> 2:False:9,13:17169,2404,7
> 3:False:10,13:17169,2404,5
> 4:False:10,13:17169,2404,6
> 5:False:10,13:17169,2404,8
zeno-travel-optimal-old-noisy/70/zeno-travel_noisy_p03_hyp-2_70_1.tar.bz2:0.783349990845:0.1128171:0.79
> 0:True:8,9:17169,2404,1
> 1:True:7,8:17169,2404,0
> 2:False:9,13:17169,2404,3
> 3:False:10,13:17169,2404,2
> 4:False:10,13:17169,2404,3
> 5:False:10,13:17169,2404,2
zeno-travel-optimal-old-noisy/70/zeno-travel_noisy_p03_hyp-2_70_2.tar.bz2:0.795075893402:0.1149997:0.79
> 0:True:8,9:17169,2404,4
> 1:False:7,9:17169,2404,4
> 2:False:9,14:17169,2404,6
> 3:False:10,14:17169,2404,5
> 4:False:10,14:17169,2404,6
> 5:False:10,14:17169,2404,7
zeno-travel-optimal-old-noisy/70/zeno-travel_noisy_p03_hyp-2_70_3.tar.bz2:0.797241926193:0.1109311:0.79
> 0:True:8,10:17169,2404,4
> 1:True:7,9:17169,2404,3
> 2:False:9,14:17169,2404,6
> 3:False:10,14:17169,2404,7
> 4:False:10,14:17169,2404,5
> 5:False:10,14:17169,2404,5
zeno-travel-optimal-old-noisy/70/zeno-travel_noisy_p03_hyp-3_70_1.tar.bz2:0.798038005829:0.111687:0.8
> 0:False:8,12:17170,2407,4
> 1:False:7,12:17170,2407,3
> 2:True:9,11:17170,2407,1
> 3:False:10,14:17170,2407,3
> 4:False:10,13:17170,2407,3
> 5:False:10,13:17170,2407,3
zeno-travel-optimal-old-noisy/70/zeno-travel_noisy_p03_hyp-3_70_2.tar.bz2:0.788726091385:0.1079733:0.78
> 0:False:8,14:17170,2407,7
> 1:False:7,13:17170,2407,5
> 2:True:9,11:17170,2407,3
> 3:False:10,16:17170,2407,7
> 4:False:10,13:17170,2407,4
> 5:False:10,14:17170,2407,5
zeno-travel-optimal-old-noisy/70/zeno-travel_noisy_p03_hyp-3_70_3.tar.bz2:0.779252052307:0.1025383:0.78
> 0:False:8,14:17170,2407,6
> 1:False:7,14:17170,2407,6
> 2:True:9,11:17170,2407,5
> 3:False:10,14:17170,2407,5
> 4:True:10,12:17170,2407,5
> 5:False:10,13:17170,2407,6
zeno-travel-optimal-old-noisy/70/zeno-travel_noisy_p03_hyp-4_70_1.tar.bz2:0.801866054535:0.1100287:0.8
> 0:False:8,13:17170,2407,6
> 1:False:7,12:17170,2407,5
> 2:False:9,14:17170,2407,4
> 3:True:10,11:17170,2407,3
> 4:False:10,13:17170,2407,4
> 5:False:10,12:17170,2407,3
zeno-travel-optimal-old-noisy/70/zeno-travel_noisy_p03_hyp-4_70_2.tar.bz2:0.802350997925:0.1092648:0.81
> 0:False:8,12:17170,2407,6
> 1:False:7,12:17170,2407,5
> 2:False:9,14:17170,2407,6
> 3:True:10,11:17170,2407,2
> 4:False:10,13:17170,2407,3
> 5:False:10,13:17170,2407,5
zeno-travel-optimal-old-noisy/70/zeno-travel_noisy_p03_hyp-4_70_3.tar.bz2:0.795655965805:0.1165278:0.8
> 0:False:8,13:17170,2407,6
> 1:False:7,12:17170,2407,6
> 2:False:9,14:17170,2407,6
> 3:True:10,10:17170,2407,0
> 4:False:10,13:17170,2407,6
> 5:False:10,11:17170,2407,4
zeno-travel-optimal-old-noisy/70/zeno-travel_noisy_p04_hyp-1_70_1.tar.bz2:0.806397199631:0.1137244:0.8
> 0:True:12,13:17172,2413,0
> 1:False:12,14:17172,2413,3
> 2:False:11,16:17172,2413,6
> 3:False:12,14:17172,2413,0
> 4:False:12,15:17172,2413,8
> 5:False:11,15:17172,2413,3
zeno-travel-optimal-old-noisy/70/zeno-travel_noisy_p04_hyp-1_70_2.tar.bz2:0.801604986191:0.1158462:0.8
> 0:True:12,13:17172,2413,0
> 1:False:12,14:17172,2413,2
> 2:False:11,17:17172,2413,4
> 3:False:12,14:17172,2413,0
> 4:False:12,17:17172,2413,5
> 5:False:11,15:17172,2413,4
zeno-travel-optimal-old-noisy/70/zeno-travel_noisy_p04_hyp-1_70_3.tar.bz2:0.795720815659:0.1079705:0.79
> 0:True:12,13:17172,2413,0
> 1:False:12,14:17172,2413,6
> 2:False:11,18:17172,2413,9
> 3:False:12,14:17172,2413,0
> 4:False:12,17:17172,2413,6
> 5:False:11,16:17172,2413,8
zeno-travel-optimal-old-noisy/70/zeno-travel_noisy_p04_hyp-2_70_1.tar.bz2:0.802668094635:0.1147348:0.81
> 0:False:12,14:17172,2413,0
> 1:True:12,13:17172,2413,0
> 2:False:11,17:17172,2413,5
> 3:False:12,15:17172,2413,4
> 4:False:12,17:17172,2413,5
> 5:False:11,16:17172,2413,4
zeno-travel-optimal-old-noisy/70/zeno-travel_noisy_p04_hyp-2_70_2.tar.bz2:0.783545970917:0.1086397:0.79
> 0:False:12,14:17172,2413,2
> 1:True:12,12:17172,2413,0
> 2:False:11,16:17172,2413,3
> 3:False:12,15:17172,2413,4
> 4:False:12,17:17172,2413,4
> 5:False:11,15:17172,2413,3
zeno-travel-optimal-old-noisy/70/zeno-travel_noisy_p04_hyp-2_70_3.tar.bz2:0.78901720047:0.108214:0.79
> 0:False:12,16:17172,2413,5
> 1:True:12,13:17172,2413,4
> 2:False:11,15:17172,2413,5
> 3:False:12,17:17172,2413,6
> 4:False:12,16:17172,2413,5
> 5:False:11,15:17172,2413,5
zeno-travel-optimal-old-noisy/70/zeno-travel_noisy_p04_hyp-3_70_1.tar.bz2:0.794905900955:0.1035869:0.8
> 0:False:12,19:17172,2413,6
> 1:False:12,17:17172,2413,6
> 2:True:11,13:17172,2413,2
> 3:False:12,17:17172,2413,4
> 4:False:12,15:17172,2413,3
> 5:False:11,15:17172,2413,5
zeno-travel-optimal-old-noisy/70/zeno-travel_noisy_p04_hyp-3_70_2.tar.bz2:0.793519973755:0.1094479:0.79
> 0:False:12,16:17172,2413,2
> 1:False:12,14:17172,2413,5
> 2:True:11,12:17172,2413,0
> 3:False:12,15:17172,2413,2
> 4:False:12,14:17172,2413,0
> 5:False:11,14:17172,2413,4
zeno-travel-optimal-old-noisy/70/zeno-travel_noisy_p04_hyp-3_70_3.tar.bz2:0.795325994492:0.1075595:0.79
> 0:False:12,17:17172,2413,10
> 1:False:12,16:17172,2413,7
> 2:True:11,13:17172,2413,2
> 3:False:12,16:17172,2413,4
> 4:False:12,15:17172,2413,3
> 5:False:11,14:17172,2413,5
zeno-travel-optimal-old-noisy/70/zeno-travel_noisy_p04_hyp-4_70_1.tar.bz2:0.76983499527:0.1030466:0.77
> 0:False:12,15:17172,2413,7
> 1:False:12,16:17172,2413,8
> 2:False:11,16:17172,2413,6
> 3:True:12,13:17172,2413,3
> 4:False:12,15:17172,2413,6
> 5:False:11,16:17172,2413,5
zeno-travel-optimal-old-noisy/70/zeno-travel_noisy_p04_hyp-4_70_2.tar.bz2:0.783463954926:0.1077505:0.78
> 0:False:12,15:17172,2413,2
> 1:False:12,15:17172,2413,6
> 2:False:11,16:17172,2413,2
> 3:True:12,13:17172,2413,1
> 4:False:12,16:17172,2413,2
> 5:False:11,16:17172,2413,2
zeno-travel-optimal-old-noisy/70/zeno-travel_noisy_p04_hyp-4_70_3.tar.bz2:0.79693198204:0.1121019:0.79
> 0:False:12,14:17172,2413,0
> 1:False:12,16:17172,2413,7
> 2:False:11,17:17172,2413,6
> 3:True:12,12:17172,2413,0
> 4:False:12,16:17172,2413,4
> 5:False:11,17:17172,2413,5
zeno-travel-optimal-old-noisy/70/zeno-travel_noisy_p05_hyp-1_70_1.tar.bz2:0.906118869781:0.1475839:0.9
> 0:False:5,12:22804,3099,6
> 1:True:10,13:22804,3099,5
> 2:False:6,13:22804,3099,7
> 3:False:8,13:22804,3099,6
> 4:False:5,12:22804,3099,8
> 5:False:7,13:22804,3099,7
zeno-travel-optimal-old-noisy/70/zeno-travel_noisy_p05_hyp-1_70_2.tar.bz2:0.901832103729:0.1502629:0.9
> 0:False:5,13:22804,3099,9
> 1:True:10,12:22804,3099,3
> 2:False:6,13:22804,3099,9
> 3:False:8,13:22804,3099,9
> 4:False:5,12:22804,3099,9
> 5:False:7,13:22804,3099,9
zeno-travel-optimal-old-noisy/70/zeno-travel_noisy_p05_hyp-1_70_3.tar.bz2:0.893775939941:0.1516879:0.9
> 0:False:5,13:22804,3099,7
> 1:True:10,12:22804,3099,4
> 2:False:6,13:22804,3099,6
> 3:False:8,14:22804,3099,7
> 4:False:5,12:22804,3099,7
> 5:False:7,13:22804,3099,6
zeno-travel-optimal-old-noisy/70/zeno-travel_noisy_p05_hyp-2_70_1.tar.bz2:0.911837100983:0.1550517:0.91
> 0:False:5,10:22803,3096,6
> 1:True:10,13:22803,3096,6
> 2:False:6,14:22803,3096,10
> 3:True:8,11:22803,3096,6
> 4:False:5,12:22803,3096,10
> 5:False:7,14:22803,3096,10
zeno-travel-optimal-old-noisy/70/zeno-travel_noisy_p05_hyp-2_70_2.tar.bz2:0.927196025848:0.1573752:0.93
> 0:False:5,9:22803,3096,6
> 1:False:10,12:22803,3096,6
> 2:False:6,12:22803,3096,10
> 3:True:8,9:22803,3096,4
> 4:False:5,11:22803,3096,10
> 5:False:7,12:22803,3096,9
zeno-travel-optimal-old-noisy/70/zeno-travel_noisy_p05_hyp-2_70_3.tar.bz2:0.931952953339:0.1682745:0.94
> 0:False:5,10:22803,3096,6
> 1:True:10,12:22803,3096,6
> 2:False:6,13:22803,3096,10
> 3:True:8,10:22803,3096,6
> 4:False:5,11:22803,3096,10
> 5:False:7,13:22803,3096,10
zeno-travel-optimal-old-noisy/70/zeno-travel_noisy_p05_hyp-3_70_1.tar.bz2:0.895785808563:0.153461:0.9
> 0:False:5,12:22800,3087,4
> 1:True:10,14:22800,3087,3
> 2:False:6,12:22800,3087,6
> 3:False:8,13:22800,3087,3
> 4:True:5,9:22800,3087,3
> 5:False:7,12:22800,3087,4
zeno-travel-optimal-old-noisy/70/zeno-travel_noisy_p05_hyp-3_70_2.tar.bz2:0.931878089905:0.1652922:0.92
> 0:False:5,12:22801,3090,8
> 1:False:10,14:22801,3090,7
> 2:False:6,11:22801,3090,5
> 3:False:8,13:22801,3090,8
> 4:True:5,8:22801,3090,7
> 5:False:7,11:22801,3090,8
zeno-travel-optimal-old-noisy/70/zeno-travel_noisy_p05_hyp-3_70_3.tar.bz2:0.916032791138:0.1548598:0.93
> 0:False:5,12:22800,3087,7
> 1:False:10,16:22800,3087,6
> 2:False:6,12:22800,3087,6
> 3:False:8,14:22800,3087,5
> 4:True:5,9:22800,3087,4
> 5:False:7,12:22800,3087,2
zeno-travel-optimal-old-noisy/70/zeno-travel_noisy_p05_hyp-4_70_1.tar.bz2:0.920208930969:0.1595374:0.92
> 0:False:5,13:22803,3096,9
> 1:False:10,14:22803,3096,5
> 2:False:6,10:22803,3096,5
> 3:False:8,13:22803,3096,8
> 4:False:5,11:22803,3096,9
> 5:True:7,10:22803,3096,5
zeno-travel-optimal-old-noisy/70/zeno-travel_noisy_p05_hyp-4_70_2.tar.bz2:0.889936923981:0.1469534:0.9
> 0:False:5,13:22803,3096,10
> 1:False:10,15:22803,3096,7
> 2:False:6,10:22803,3096,6
> 3:False:8,12:22803,3096,7
> 4:False:5,11:22803,3096,8
> 5:True:7,10:22803,3096,6
zeno-travel-optimal-old-noisy/70/zeno-travel_noisy_p05_hyp-4_70_3.tar.bz2:0.90837597847:0.1545062:0.91
> 0:False:5,13:22803,3096,10
> 1:False:10,15:22803,3096,10
> 2:False:6,10:22803,3096,7
> 3:False:8,12:22803,3096,6
> 4:False:5,11:22803,3096,10
> 5:True:7,10:22803,3096,7
zeno-travel-optimal-old-noisy/100/zeno-travel_noisy_p03_hyp-1_full_1.tar.bz2:0.792045116425:0.1122835:0.78
> 0:True:8,9:17172,2413,4
> 1:False:7,11:17172,2413,5
> 2:False:9,15:17172,2413,7
> 3:False:10,14:17172,2413,5
> 4:False:10,14:17172,2413,6
> 5:False:10,15:17172,2413,6
zeno-travel-optimal-old-noisy/100/zeno-travel_noisy_p03_hyp-1_full_2.tar.bz2:0.771869897842:0.1035193:0.78
> 0:True:8,9:17172,2413,3
> 1:False:7,11:17172,2413,4
> 2:False:9,14:17172,2413,6
> 3:False:10,14:17172,2413,5
> 4:False:10,13:17172,2413,6
> 5:False:10,14:17172,2413,5
zeno-travel-optimal-old-noisy/100/zeno-travel_noisy_p03_hyp-1_full_3.tar.bz2:0.789551973343:0.1070183:0.78
> 0:True:8,9:17172,2413,3
> 1:False:7,11:17172,2413,4
> 2:False:9,15:17172,2413,5
> 3:False:10,14:17172,2413,4
> 4:False:10,14:17172,2413,5
> 5:False:10,15:17172,2413,4
zeno-travel-optimal-old-noisy/100/zeno-travel_noisy_p03_hyp-2_full_1.tar.bz2:0.796952962875:0.1139219:0.79
> 0:False:8,11:17172,2413,7
> 1:True:7,9:17172,2413,5
> 2:False:9,15:17172,2413,7
> 3:False:10,14:17172,2413,6
> 4:False:10,14:17172,2413,7
> 5:False:10,14:17172,2413,6
zeno-travel-optimal-old-noisy/100/zeno-travel_noisy_p03_hyp-2_full_2.tar.bz2:0.804962873459:0.1113189:0.8
> 0:False:8,11:17172,2413,6
> 1:True:7,9:17172,2413,4
> 2:False:9,15:17172,2413,9
> 3:False:10,14:17172,2413,6
> 4:False:10,14:17172,2413,8
> 5:False:10,14:17172,2413,6
zeno-travel-optimal-old-noisy/100/zeno-travel_noisy_p03_hyp-2_full_3.tar.bz2:0.79657793045:0.1124928:0.79
> 0:False:8,11:17172,2413,4
> 1:True:7,9:17172,2413,4
> 2:False:9,15:17172,2413,7
> 3:False:10,14:17172,2413,6
> 4:False:10,14:17172,2413,5
> 5:False:10,14:17172,2413,6
zeno-travel-optimal-old-noisy/100/zeno-travel_noisy_p03_hyp-3_full_1.tar.bz2:0.799581050873:0.1099402:0.8
> 0:False:8,15:17174,2419,6
> 1:False:7,15:17174,2419,9
> 2:True:9,11:17174,2419,5
> 3:False:10,16:17174,2419,7
> 4:False:10,13:17174,2419,4
> 5:False:10,14:17174,2419,6
zeno-travel-optimal-old-noisy/100/zeno-travel_noisy_p03_hyp-3_full_2.tar.bz2:0.799243927002:0.1098838:0.8
> 0:False:8,15:17174,2419,6
> 1:False:7,15:17174,2419,6
> 2:True:9,11:17174,2419,4
> 3:False:10,16:17174,2419,6
> 4:False:10,13:17174,2419,4
> 5:False:10,14:17174,2419,5
zeno-travel-optimal-old-noisy/100/zeno-travel_noisy_p03_hyp-3_full_3.tar.bz2:0.79529094696:0.1018334:0.8
> 0:False:8,15:17174,2419,6
> 1:False:7,15:17174,2419,6
> 2:True:9,11:17174,2419,4
> 3:False:10,16:17174,2419,7
> 4:False:10,13:17174,2419,4
> 5:False:10,14:17174,2419,6
zeno-travel-optimal-old-noisy/100/zeno-travel_noisy_p03_hyp-4_full_1.tar.bz2:0.79855298996:0.1105368:0.8
> 0:False:8,14:17174,2419,6
> 1:False:7,14:17174,2419,7
> 2:False:9,16:17174,2419,6
> 3:True:10,11:17174,2419,4
> 4:False:10,14:17174,2419,6
> 5:False:10,13:17174,2419,3
zeno-travel-optimal-old-noisy/100/zeno-travel_noisy_p03_hyp-4_full_2.tar.bz2:0.801496982574:0.1110054:0.8
> 0:False:8,14:17174,2419,8
> 1:False:7,14:17174,2419,8
> 2:False:9,16:17174,2419,7
> 3:True:10,11:17174,2419,5
> 4:False:10,14:17174,2419,7
> 5:False:10,13:17174,2419,5
zeno-travel-optimal-old-noisy/100/zeno-travel_noisy_p03_hyp-4_full_3.tar.bz2:0.789077997208:0.1101282:0.79
> 0:False:8,13:17174,2419,5
> 1:False:7,13:17174,2419,6
> 2:False:9,16:17174,2419,5
> 3:True:10,11:17174,2419,3
> 4:False:10,14:17174,2419,4
> 5:False:10,13:17174,2419,4
zeno-travel-optimal-old-noisy/100/zeno-travel_noisy_p04_hyp-1_full_1.tar.bz2:0.790341854095:0.1101099:0.79
> 0:True:12,13:17176,2425,0
> 1:False:12,14:17176,2425,5
> 2:False:11,18:17176,2425,6
> 3:False:12,14:17176,2425,0
> 4:False:12,17:17176,2425,6
> 5:False:11,16:17176,2425,5
zeno-travel-optimal-old-noisy/100/zeno-travel_noisy_p04_hyp-1_full_2.tar.bz2:0.776937961578:0.102818:0.78
> 0:True:12,13:17176,2425,0
> 1:False:12,14:17176,2425,6
> 2:False:11,18:17176,2425,6
> 3:False:12,14:17176,2425,0
> 4:False:12,17:17176,2425,7
> 5:False:11,16:17176,2425,6
zeno-travel-optimal-old-noisy/100/zeno-travel_noisy_p04_hyp-1_full_3.tar.bz2:0.788651943207:0.107439:0.79
> 0:True:12,13:17176,2425,0
> 1:False:12,14:17176,2425,5
> 2:False:11,18:17176,2425,6
> 3:False:12,14:17176,2425,1
> 4:False:12,17:17176,2425,6
> 5:False:11,16:17176,2425,5
zeno-travel-optimal-old-noisy/100/zeno-travel_noisy_p04_hyp-2_full_1.tar.bz2:0.794281005859:0.10575:0.8
> 0:False:12,16:17177,2428,4
> 1:True:12,13:17177,2428,4
> 2:False:11,17:17177,2428,4
> 3:False:12,17:17177,2428,4
> 4:False:12,18:17177,2428,4
> 5:False:11,17:17177,2428,4
zeno-travel-optimal-old-noisy/100/zeno-travel_noisy_p04_hyp-2_full_2.tar.bz2:0.804058074951:0.1113793:0.81
> 0:False:12,16:17177,2428,5
> 1:True:12,13:17177,2428,4
> 2:False:11,17:17177,2428,7
> 3:False:12,17:17177,2428,4
> 4:False:12,18:17177,2428,8
> 5:False:11,17:17177,2428,7
zeno-travel-optimal-old-noisy/100/zeno-travel_noisy_p04_hyp-2_full_3.tar.bz2:0.798288822174:0.1116905:0.79
> 0:False:12,16:17177,2428,6
> 1:True:12,13:17177,2428,5
> 2:False:11,17:17177,2428,7
> 3:False:12,17:17177,2428,6
> 4:False:12,18:17177,2428,7
> 5:False:11,17:17177,2428,7
zeno-travel-optimal-old-noisy/100/zeno-travel_noisy_p04_hyp-3_full_1.tar.bz2:0.798692941666:0.1142028:0.81
> 0:False:12,18:17176,2425,4
> 1:False:12,17:17176,2425,7
> 2:True:11,13:17176,2425,2
> 3:False:12,18:17176,2425,4
> 4:False:12,15:17176,2425,4
> 5:False:11,16:17176,2425,10
zeno-travel-optimal-old-noisy/100/zeno-travel_noisy_p04_hyp-3_full_2.tar.bz2:0.771458864212:0.0998645:0.77
> 0:False:12,19:17176,2425,4
> 1:False:12,17:17176,2425,6
> 2:True:11,12:17176,2425,1
> 3:False:12,18:17176,2425,3
> 4:False:12,15:17176,2425,2
> 5:False:11,15:17176,2425,2
zeno-travel-optimal-old-noisy/100/zeno-travel_noisy_p04_hyp-3_full_3.tar.bz2:0.793399095535:0.1167415:0.79
> 0:False:12,19:17176,2425,5
> 1:False:12,17:17176,2425,9
> 2:True:11,13:17176,2425,5
> 3:False:12,18:17176,2425,7
> 4:False:12,15:17176,2425,7
> 5:False:11,15:17176,2425,7
zeno-travel-optimal-old-noisy/100/zeno-travel_noisy_p04_hyp-4_full_1.tar.bz2:0.780735969543:0.1034373:0.78
> 0:False:12,16:17177,2428,6
> 1:False:12,18:17177,2428,9
> 2:False:11,19:17177,2428,6
> 3:True:12,13:17177,2428,5
> 4:False:12,18:17177,2428,6
> 5:False:11,19:17177,2428,8
zeno-travel-optimal-old-noisy/100/zeno-travel_noisy_p04_hyp-4_full_2.tar.bz2:0.786706924438:0.1108559:0.78
> 0:False:12,16:17177,2428,5
> 1:False:12,18:17177,2428,8
> 2:False:11,19:17177,2428,6
> 3:True:12,13:17177,2428,6
> 4:False:12,18:17177,2428,5
> 5:False:11,19:17177,2428,6
zeno-travel-optimal-old-noisy/100/zeno-travel_noisy_p04_hyp-4_full_3.tar.bz2:0.804177999496:0.1119974:0.8
> 0:False:12,16:17177,2428,5
> 1:False:12,18:17177,2428,6
> 2:False:11,19:17177,2428,5
> 3:True:12,13:17177,2428,5
> 4:False:12,18:17177,2428,5
> 5:False:11,19:17177,2428,8
zeno-travel-optimal-old-noisy/100/zeno-travel_noisy_p05_hyp-1_full_1.tar.bz2:0.905076980591:0.1527997:0.91
> 0:False:5,14:22809,3114,10
> 1:True:10,13:22809,3114,7
> 2:False:6,16:22809,3114,12
> 3:False:8,15:22809,3114,8
> 4:False:5,15:22809,3114,13
> 5:False:7,16:22809,3114,13
zeno-travel-optimal-old-noisy/100/zeno-travel_noisy_p05_hyp-1_full_2.tar.bz2:0.902674198151:0.1496284:0.91
> 0:False:5,14:22809,3114,10
> 1:True:10,13:22809,3114,6
> 2:False:6,16:22809,3114,12
> 3:False:8,15:22809,3114,11
> 4:False:5,15:22809,3114,13
> 5:False:7,16:22809,3114,12
zeno-travel-optimal-old-noisy/100/zeno-travel_noisy_p05_hyp-1_full_3.tar.bz2:0.907963991165:0.1505408:0.91
> 0:False:5,14:22809,3114,11
> 1:True:10,13:22809,3114,5
> 2:False:6,16:22809,3114,12
> 3:False:8,15:22809,3114,8
> 4:False:5,15:22809,3114,13
> 5:False:7,16:22809,3114,12
zeno-travel-optimal-old-noisy/100/zeno-travel_noisy_p05_hyp-2_full_1.tar.bz2:0.885666131973:0.1471247:0.89
> 0:False:5,13:22807,3108,8
> 1:False:10,16:22807,3108,8
> 2:False:6,15:22807,3108,9
> 3:True:8,12:22807,3108,5
> 4:False:5,15:22807,3108,11
> 5:False:7,15:22807,3108,9
zeno-travel-optimal-old-noisy/100/zeno-travel_noisy_p05_hyp-2_full_2.tar.bz2:0.896682977676:0.1525347:0.89
> 0:False:5,13:22807,3108,8
> 1:False:10,16:22807,3108,6
> 2:False:6,15:22807,3108,9
> 3:True:8,12:22807,3108,7
> 4:False:5,15:22807,3108,11
> 5:False:7,15:22807,3108,9
zeno-travel-optimal-old-noisy/100/zeno-travel_noisy_p05_hyp-2_full_3.tar.bz2:0.915857791901:0.1547836:0.92
> 0:False:5,13:22807,3108,8
> 1:False:10,16:22807,3108,8
> 2:False:6,15:22807,3108,9
> 3:True:8,12:22807,3108,5
> 4:False:5,15:22807,3108,11
> 5:False:7,15:22807,3108,9
zeno-travel-optimal-old-noisy/100/zeno-travel_noisy_p05_hyp-3_full_1.tar.bz2:0.898273944855:0.1503709:0.9
> 0:False:5,14:22803,3096,10
> 1:False:10,16:22803,3096,3
> 2:False:6,13:22803,3096,5
> 3:False:8,15:22803,3096,4
> 4:True:5,9:22803,3096,2
> 5:False:7,13:22803,3096,3
zeno-travel-optimal-old-noisy/100/zeno-travel_noisy_p05_hyp-3_full_2.tar.bz2:0.899636030197:0.146291:0.9
> 0:False:5,14:22803,3096,10
> 1:False:10,16:22803,3096,7
> 2:False:6,13:22803,3096,7
> 3:False:8,15:22803,3096,5
> 4:True:5,9:22803,3096,3
> 5:False:7,13:22803,3096,5
zeno-travel-optimal-old-noisy/100/zeno-travel_noisy_p05_hyp-3_full_3.tar.bz2:0.903596162796:0.1517548:0.9
> 0:False:5,13:22803,3096,6
> 1:False:10,16:22803,3096,5
> 2:False:6,13:22803,3096,10
> 3:False:8,15:22803,3096,7
> 4:True:5,9:22803,3096,5
> 5:False:7,13:22803,3096,7
zeno-travel-optimal-old-noisy/100/zeno-travel_noisy_p05_hyp-4_full_1.tar.bz2:0.902009963989:0.1504345:0.9
> 0:False:5,17:22807,3108,14
> 1:False:10,18:22807,3108,8
> 2:False:6,12:22807,3108,8
> 3:False:8,16:22807,3108,10
> 4:False:5,14:22807,3108,10
> 5:True:7,12:22807,3108,9
zeno-travel-optimal-old-noisy/100/zeno-travel_noisy_p05_hyp-4_full_2.tar.bz2:0.901777029037:0.1470945:0.91
> 0:False:5,17:22807,3108,14
> 1:False:10,18:22807,3108,9
> 2:False:6,12:22807,3108,8
> 3:False:8,16:22807,3108,11
> 4:False:5,14:22807,3108,12
> 5:True:7,12:22807,3108,8
zeno-travel-optimal-old-noisy/100/zeno-travel_noisy_p05_hyp-4_full_3.tar.bz2:0.887027978897:0.1416016:0.89
> 0:False:5,16:22807,3108,13
> 1:False:10,17:22807,3108,11
> 2:False:6,12:22807,3108,6
> 3:False:8,15:22807,3108,11
> 4:False:5,14:22807,3108,11
> 5:True:7,12:22807,3108,7
