zeno-travel-suboptimal-old-noisy/10/zeno-travel_noisy_p03_hyp-1_10_1.tar.bz2:0.568084001541:0.07500923:0.57
> 0:True:7,9:567,246
> 1:True:7,9:567,246
> 2:False:8,11:657,317
> 3:True:9,11:657,317
> 4:False:9,12:657,317
> 5:False:8,11:657,317
zeno-travel-suboptimal-old-noisy/10/zeno-travel_noisy_p03_hyp-1_10_2.tar.bz2:0.559085845947:0.07145991:0.56
> 0:True:7,8:567,246
> 1:True:7,8:567,246
> 2:False:8,10:657,317
> 3:False:9,11:657,317
> 4:True:9,10:657,317
> 5:False:8,11:657,317
zeno-travel-suboptimal-old-noisy/10/zeno-travel_noisy_p03_hyp-1_10_3.tar.bz2:0.561522006989:0.07084191:0.56
> 0:True:7,9:567,246
> 1:False:7,10:567,246
> 2:False:8,11:657,317
> 3:True:9,11:657,317
> 4:True:9,11:657,317
> 5:False:8,11:657,317
zeno-travel-suboptimal-old-noisy/10/zeno-travel_noisy_p03_hyp-2_10_1.tar.bz2:0.561896800995:0.0727845:0.56
> 0:True:7,9:567,246
> 1:True:7,9:567,246
> 2:False:8,11:657,317
> 3:False:9,12:657,317
> 4:False:9,12:657,317
> 5:False:8,11:657,317
zeno-travel-suboptimal-old-noisy/10/zeno-travel_noisy_p03_hyp-2_10_2.tar.bz2:0.557195901871:0.06723109:0.57
> 0:True:7,10:567,246
> 1:True:7,10:567,246
> 2:True:8,11:657,317
> 3:True:9,12:657,317
> 4:True:9,12:657,317
> 5:True:8,11:657,317
zeno-travel-suboptimal-old-noisy/10/zeno-travel_noisy_p03_hyp-2_10_3.tar.bz2:0.569288015366:0.08049791:0.57
> 0:False:7,10:567,246
> 1:True:7,8:567,246
> 2:False:8,11:657,317
> 3:True:9,10:657,317
> 4:False:9,11:657,317
> 5:False:8,10:657,317
zeno-travel-suboptimal-old-noisy/10/zeno-travel_noisy_p03_hyp-3_10_1.tar.bz2:0.556883096695:0.06946802:0.56
> 0:False:7,11:567,246
> 1:True:7,10:567,246
> 2:False:8,12:657,317
> 3:True:9,12:657,317
> 4:False:9,13:657,317
> 5:False:8,12:657,317
zeno-travel-suboptimal-old-noisy/10/zeno-travel_noisy_p03_hyp-3_10_2.tar.bz2:0.55947804451:0.07144379:0.56
> 0:True:7,10:567,246
> 1:True:7,10:567,246
> 2:True:8,11:657,317
> 3:True:9,12:657,317
> 4:True:9,12:657,317
> 5:True:8,11:657,317
zeno-travel-suboptimal-old-noisy/10/zeno-travel_noisy_p03_hyp-3_10_3.tar.bz2:0.581053972244:0.09047658:0.58
> 0:False:7,9:567,246
> 1:False:7,10:567,246
> 2:False:8,11:657,317
> 3:False:9,11:657,317
> 4:True:9,10:657,317
> 5:False:8,11:657,317
zeno-travel-suboptimal-old-noisy/10/zeno-travel_noisy_p03_hyp-4_10_1.tar.bz2:0.559334993362:0.07178359:0.56
> 0:False:7,9:567,246
> 1:True:7,8:567,246
> 2:False:8,10:657,317
> 3:True:9,10:657,317
> 4:True:9,10:657,317
> 5:False:8,11:657,317
zeno-travel-suboptimal-old-noisy/10/zeno-travel_noisy_p03_hyp-4_10_2.tar.bz2:0.55997300148:0.07024333:0.56
> 0:False:7,10:567,246
> 1:False:7,9:567,246
> 2:False:8,11:657,317
> 3:True:9,10:657,317
> 4:False:9,11:657,317
> 5:False:8,11:657,317
zeno-travel-suboptimal-old-noisy/10/zeno-travel_noisy_p03_hyp-4_10_3.tar.bz2:0.552767038345:0.06293335:0.56
> 0:False:7,11:567,246
> 1:False:7,9:567,246
> 2:False:8,10:657,317
> 3:True:9,10:657,317
> 4:False:9,12:657,317
> 5:False:8,11:657,317
zeno-travel-suboptimal-old-noisy/10/zeno-travel_noisy_p04_hyp-1_10_1.tar.bz2:0.576482057571:0.0827921:0.58
> 0:True:12,13:747,391
> 1:True:11,12:747,391
> 2:False:11,13:747,391
> 3:False:12,14:747,391
> 4:True:12,13:747,391
> 5:False:11,13:747,391
zeno-travel-suboptimal-old-noisy/10/zeno-travel_noisy_p04_hyp-1_10_2.tar.bz2:0.553024053574:0.0648116:0.56
> 0:True:12,12:747,391
> 1:False:11,13:747,391
> 2:False:11,12:747,391
> 3:False:12,13:747,391
> 4:True:12,12:747,391
> 5:False:11,12:747,391
zeno-travel-suboptimal-old-noisy/10/zeno-travel_noisy_p04_hyp-1_10_3.tar.bz2:0.551612854004:0.05944662:0.55
> 0:True:12,13:747,391
> 1:True:11,12:747,391
> 2:True:11,12:747,391
> 3:True:12,13:747,391
> 4:True:12,13:747,391
> 5:True:11,12:747,391
zeno-travel-suboptimal-old-noisy/10/zeno-travel_noisy_p04_hyp-2_10_1.tar.bz2:0.568207025528:0.0768307:0.56
> 0:True:12,14:747,391
> 1:True:11,13:747,391
> 2:False:11,14:747,391
> 3:True:12,14:747,391
> 4:True:12,14:747,391
> 5:True:11,13:747,391
zeno-travel-suboptimal-old-noisy/10/zeno-travel_noisy_p04_hyp-2_10_2.tar.bz2:0.557911872864:0.0676455:0.56
> 0:False:12,15:747,391
> 1:True:11,13:747,391
> 2:False:11,14:747,391
> 3:True:12,14:747,391
> 4:False:12,15:747,391
> 5:False:11,14:747,391
zeno-travel-suboptimal-old-noisy/10/zeno-travel_noisy_p04_hyp-2_10_3.tar.bz2:0.552922010422:0.0645559:0.55
> 0:True:12,14:747,391
> 1:True:11,13:747,391
> 2:True:11,13:747,391
> 3:False:12,15:747,391
> 4:True:12,14:747,391
> 5:False:11,14:747,391
zeno-travel-suboptimal-old-noisy/10/zeno-travel_noisy_p04_hyp-3_10_1.tar.bz2:0.550965070724:0.0605193:0.54
> 0:False:12,14:747,391
> 1:False:11,13:747,391
> 2:False:11,14:747,391
> 3:True:12,13:747,391
> 4:False:12,14:747,391
> 5:False:11,14:747,391
zeno-travel-suboptimal-old-noisy/10/zeno-travel_noisy_p04_hyp-3_10_2.tar.bz2:0.555665969849:0.0645439:0.55
> 0:False:12,15:747,391
> 1:False:11,14:747,391
> 2:True:11,12:747,391
> 3:False:12,15:747,391
> 4:True:12,13:747,391
> 5:True:11,12:747,391
zeno-travel-suboptimal-old-noisy/10/zeno-travel_noisy_p04_hyp-3_10_3.tar.bz2:0.558371067047:0.0650124:0.56
> 0:False:12,14:747,391
> 1:False:11,15:747,391
> 2:False:11,13:747,391
> 3:False:12,15:747,391
> 4:True:12,13:747,391
> 5:False:11,13:747,391
zeno-travel-suboptimal-old-noisy/10/zeno-travel_noisy_p04_hyp-4_10_1.tar.bz2:0.556079864502:0.0639711:0.56
> 0:True:12,13:747,391
> 1:True:11,12:747,391
> 2:True:11,12:747,391
> 3:True:12,13:747,391
> 4:True:12,13:747,391
> 5:True:11,12:747,391
zeno-travel-suboptimal-old-noisy/10/zeno-travel_noisy_p04_hyp-4_10_2.tar.bz2:0.558802843094:0.0687377:0.57
> 0:True:12,14:747,391
> 1:True:11,13:747,391
> 2:True:11,13:747,391
> 3:True:12,14:747,391
> 4:True:12,14:747,391
> 5:True:11,13:747,391
zeno-travel-suboptimal-old-noisy/10/zeno-travel_noisy_p04_hyp-4_10_3.tar.bz2:0.555786848068:0.0654978:0.55
> 0:False:12,14:747,391
> 1:True:11,12:747,391
> 2:False:11,14:747,391
> 3:False:12,14:747,391
> 4:False:12,15:747,391
> 5:False:11,13:747,391
zeno-travel-suboptimal-old-noisy/10/zeno-travel_noisy_p05_hyp-1_10_1.tar.bz2:0.604624986649:0.08142862:0.61
> 0:False:5,7:625,226
> 1:True:9,10:869,416
> 2:False:5,8:625,226
> 3:True:7,8:747,321
> 4:False:4,7:503,131
> 5:False:6,9:625,226
zeno-travel-suboptimal-old-noisy/10/zeno-travel_noisy_p05_hyp-1_10_2.tar.bz2:0.5859811306:0.06593307:0.59
> 0:False:5,7:625,226
> 1:True:9,10:869,416
> 2:False:5,9:625,226
> 3:True:7,8:747,321
> 4:False:4,6:503,131
> 5:False:6,9:625,226
zeno-travel-suboptimal-old-noisy/10/zeno-travel_noisy_p05_hyp-1_10_3.tar.bz2:0.584672212601:0.06177708:0.59
> 0:False:5,8:625,226
> 1:False:9,11:869,416
> 2:False:5,8:625,226
> 3:False:7,9:747,321
> 4:False:4,6:503,131
> 5:True:6,7:625,226
zeno-travel-suboptimal-old-noisy/10/zeno-travel_noisy_p05_hyp-2_10_1.tar.bz2:0.585782051086:0.0648057:0.59
> 0:False:5,7:625,226
> 1:True:9,10:869,416
> 2:False:5,8:625,226
> 3:True:7,8:747,321
> 4:False:4,7:503,131
> 5:False:6,8:625,226
zeno-travel-suboptimal-old-noisy/10/zeno-travel_noisy_p05_hyp-2_10_2.tar.bz2:0.583161115646:0.06212413:0.58
> 0:False:5,7:625,226
> 1:True:9,10:869,416
> 2:False:5,9:625,226
> 3:True:7,8:747,321
> 4:False:4,8:503,131
> 5:False:6,9:625,226
zeno-travel-suboptimal-old-noisy/10/zeno-travel_noisy_p05_hyp-2_10_3.tar.bz2:0.598800897598:0.07759515:0.61
> 0:True:5,7:625,226
> 1:True:9,11:869,416
> 2:True:5,7:625,226
> 3:True:7,9:747,321
> 4:True:4,6:503,131
> 5:True:6,8:625,226
zeno-travel-suboptimal-old-noisy/10/zeno-travel_noisy_p05_hyp-3_10_1.tar.bz2:0.60097193718:0.07907494:0.6
> 0:True:5,7:625,226
> 1:True:9,11:869,416
> 2:True:5,7:625,226
> 3:True:7,9:747,321
> 4:True:4,6:503,131
> 5:True:6,8:625,226
zeno-travel-suboptimal-old-noisy/10/zeno-travel_noisy_p05_hyp-3_10_2.tar.bz2:0.601083993912:0.08030155:0.61
> 0:False:5,7:625,226
> 1:False:9,11:869,416
> 2:True:5,6:625,226
> 3:False:7,9:747,321
> 4:True:4,5:503,131
> 5:True:6,7:625,226
zeno-travel-suboptimal-old-noisy/10/zeno-travel_noisy_p05_hyp-3_10_3.tar.bz2:0.585233926773:0.06278978:0.58
> 0:True:5,8:625,226
> 1:True:9,12:869,416
> 2:True:5,8:625,226
> 3:True:7,10:747,321
> 4:True:4,7:503,131
> 5:True:6,9:625,226
zeno-travel-suboptimal-old-noisy/10/zeno-travel_noisy_p05_hyp-4_10_1.tar.bz2:0.601630926132:0.077503:0.6
> 0:True:5,7:625,226
> 1:True:9,11:869,416
> 2:True:5,7:625,226
> 3:True:7,9:747,321
> 4:True:4,6:503,131
> 5:True:6,8:625,226
zeno-travel-suboptimal-old-noisy/10/zeno-travel_noisy_p05_hyp-4_10_2.tar.bz2:0.591478824615:0.0672409:0.59
> 0:False:5,9:625,226
> 1:True:9,10:869,416
> 2:False:5,8:625,226
> 3:False:7,9:747,321
> 4:False:4,6:503,131
> 5:True:6,7:625,226
zeno-travel-suboptimal-old-noisy/10/zeno-travel_noisy_p05_hyp-4_10_3.tar.bz2:0.606487989426:0.08146528:0.61
> 0:True:5,6:625,226
> 1:False:9,12:869,416
> 2:True:5,6:625,226
> 3:False:7,10:747,321
> 4:True:4,5:503,131
> 5:True:6,7:625,226
zeno-travel-suboptimal-old-noisy/30/zeno-travel_noisy_p03_hyp-1_30_1.tar.bz2:0.557028055191:0.06736558:0.56
> 0:True:7,9:570,249
> 1:False:7,10:570,249
> 2:False:8,14:660,320
> 3:False:9,13:660,320
> 4:False:9,14:660,320
> 5:False:8,12:660,320
zeno-travel-suboptimal-old-noisy/30/zeno-travel_noisy_p03_hyp-1_30_2.tar.bz2:0.556892156601:0.06840093:0.55
> 0:True:7,10:569,248
> 1:False:7,11:569,248
> 2:False:8,14:659,319
> 3:False:9,13:659,319
> 4:False:9,14:659,319
> 5:False:8,14:659,319
zeno-travel-suboptimal-old-noisy/30/zeno-travel_noisy_p03_hyp-1_30_3.tar.bz2:0.557545185089:0.06764736:0.56
> 0:True:7,10:570,249
> 1:False:7,11:570,249
> 2:False:8,13:660,320
> 3:False:9,13:660,320
> 4:False:9,13:660,320
> 5:False:8,13:660,320
zeno-travel-suboptimal-old-noisy/30/zeno-travel_noisy_p03_hyp-2_30_1.tar.bz2:0.557569980621:0.06755998:0.56
> 0:True:7,9:570,249
> 1:False:7,10:570,249
> 2:False:8,13:660,320
> 3:False:9,12:660,320
> 4:False:9,14:660,320
> 5:False:8,11:660,320
zeno-travel-suboptimal-old-noisy/30/zeno-travel_noisy_p03_hyp-2_30_2.tar.bz2:0.559064149857:0.06825217:0.55
> 0:False:7,11:569,248
> 1:True:7,10:569,248
> 2:False:8,13:659,319
> 3:True:9,12:659,319
> 4:False:9,13:659,319
> 5:False:8,13:659,319
zeno-travel-suboptimal-old-noisy/30/zeno-travel_noisy_p03_hyp-2_30_3.tar.bz2:0.558232069016:0.06736625:0.55
> 0:False:7,10:570,249
> 1:True:7,9:570,249
> 2:False:8,13:660,320
> 3:False:9,12:660,320
> 4:False:9,13:660,320
> 5:False:8,12:660,320
zeno-travel-suboptimal-old-noisy/30/zeno-travel_noisy_p03_hyp-3_30_1.tar.bz2:0.548753976822:0.05872283:0.54
> 0:False:7,12:572,251
> 1:False:7,12:572,251
> 2:False:8,12:662,322
> 3:False:9,15:662,322
> 4:True:9,12:662,322
> 5:False:8,15:662,322
zeno-travel-suboptimal-old-noisy/30/zeno-travel_noisy_p03_hyp-3_30_2.tar.bz2:0.5484790802:0.05681157:0.54
> 0:False:7,13:571,250
> 1:False:7,14:571,250
> 2:True:8,13:661,321
> 3:False:9,16:661,321
> 4:True:9,14:661,321
> 5:False:8,15:661,321
zeno-travel-suboptimal-old-noisy/30/zeno-travel_noisy_p03_hyp-3_30_3.tar.bz2:0.549799919128:0.05706031:0.55
> 0:False:7,16:571,250
> 1:False:7,16:571,250
> 2:True:8,13:661,321
> 3:False:9,17:661,321
> 4:False:9,15:661,321
> 5:False:8,16:661,321
zeno-travel-suboptimal-old-noisy/30/zeno-travel_noisy_p03_hyp-4_30_1.tar.bz2:0.552878141403:0.06340659:0.55
> 0:False:7,12:570,249
> 1:False:7,11:570,249
> 2:False:8,13:660,320
> 3:True:9,11:660,320
> 4:True:9,11:660,320
> 5:False:8,12:660,320
zeno-travel-suboptimal-old-noisy/30/zeno-travel_noisy_p03_hyp-4_30_2.tar.bz2:0.551856994629:0.06256678:0.55
> 0:False:7,12:570,249
> 1:False:7,11:570,249
> 2:False:8,14:660,320
> 3:True:9,10:660,320
> 4:False:9,14:660,320
> 5:False:8,12:660,320
zeno-travel-suboptimal-old-noisy/30/zeno-travel_noisy_p03_hyp-4_30_3.tar.bz2:0.559947013855:0.06836026:0.56
> 0:False:7,10:569,248
> 1:False:7,11:569,248
> 2:False:8,14:659,319
> 3:False:9,12:659,319
> 4:True:9,11:659,319
> 5:False:8,12:659,319
zeno-travel-suboptimal-old-noisy/30/zeno-travel_noisy_p04_hyp-1_30_1.tar.bz2:0.550890922546:0.06219596:0.55
> 0:False:12,16:751,395
> 1:True:11,14:751,395
> 2:False:11,19:751,395
> 3:False:12,17:751,395
> 4:False:12,20:751,395
> 5:False:11,17:751,395
zeno-travel-suboptimal-old-noisy/30/zeno-travel_noisy_p04_hyp-1_30_2.tar.bz2:0.559051990509:0.066713:0.57
> 0:True:12,13:752,396
> 1:False:11,14:752,396
> 2:False:11,15:752,396
> 3:False:12,15:752,396
> 4:False:12,17:752,396
> 5:False:11,15:752,396
zeno-travel-suboptimal-old-noisy/30/zeno-travel_noisy_p04_hyp-1_30_3.tar.bz2:0.559620857239:0.0649726:0.55
> 0:True:12,13:752,396
> 1:False:11,14:752,396
> 2:False:11,17:752,396
> 3:False:12,14:752,396
> 4:False:12,14:752,396
> 5:False:11,15:752,396
zeno-travel-suboptimal-old-noisy/30/zeno-travel_noisy_p04_hyp-2_30_1.tar.bz2:0.554976940155:0.06364816:0.56
> 0:False:12,16:752,396
> 1:True:11,13:752,396
> 2:False:11,14:752,396
> 3:False:12,16:752,396
> 4:False:12,16:752,396
> 5:False:11,15:752,396
zeno-travel-suboptimal-old-noisy/30/zeno-travel_noisy_p04_hyp-2_30_2.tar.bz2:0.54967212677:0.05883181:0.56
> 0:True:12,15:751,395
> 1:True:11,14:751,395
> 2:False:11,15:751,395
> 3:False:12,17:751,395
> 4:True:12,15:751,395
> 5:False:11,15:751,395
zeno-travel-suboptimal-old-noisy/30/zeno-travel_noisy_p04_hyp-2_30_3.tar.bz2:0.55079293251:0.05838622:0.55
> 0:True:12,15:751,395
> 1:False:11,15:751,395
> 2:False:11,17:751,395
> 3:False:12,16:751,395
> 4:False:12,17:751,395
> 5:False:11,17:751,395
zeno-travel-suboptimal-old-noisy/30/zeno-travel_noisy_p04_hyp-3_30_1.tar.bz2:0.550142049789:0.0605351:0.55
> 0:False:12,17:752,396
> 1:False:11,16:752,396
> 2:True:11,14:752,396
> 3:False:12,17:752,396
> 4:False:12,17:752,396
> 5:False:11,16:752,396
zeno-travel-suboptimal-old-noisy/30/zeno-travel_noisy_p04_hyp-3_30_2.tar.bz2:0.548117876053:0.05791377:0.55
> 0:False:12,21:752,396
> 1:False:11,21:752,396
> 2:True:11,17:752,396
> 3:False:12,20:752,396
> 4:False:12,19:752,396
> 5:True:11,17:752,396
zeno-travel-suboptimal-old-noisy/30/zeno-travel_noisy_p04_hyp-3_30_3.tar.bz2:0.5489320755:0.05757798:0.55
> 0:False:12,18:752,396
> 1:False:11,16:752,396
> 2:True:11,14:752,396
> 3:False:12,17:752,396
> 4:False:12,16:752,396
> 5:True:11,14:752,396
zeno-travel-suboptimal-old-noisy/30/zeno-travel_noisy_p04_hyp-4_30_1.tar.bz2:0.552781105042:0.06187688:0.56
> 0:True:12,16:752,396
> 1:False:11,18:752,396
> 2:False:11,18:752,396
> 3:False:12,17:752,396
> 4:True:12,16:752,396
> 5:False:11,18:752,396
zeno-travel-suboptimal-old-noisy/30/zeno-travel_noisy_p04_hyp-4_30_2.tar.bz2:0.556303024292:0.06269768:0.56
> 0:True:12,14:752,396
> 1:False:11,14:752,396
> 2:False:11,15:752,396
> 3:True:12,14:752,396
> 4:True:12,14:752,396
> 5:False:11,14:752,396
zeno-travel-suboptimal-old-noisy/30/zeno-travel_noisy_p04_hyp-4_30_3.tar.bz2:0.550369024277:0.05942036:0.55
> 0:False:12,16:752,396
> 1:False:11,17:752,396
> 2:False:11,15:752,396
> 3:True:12,14:752,396
> 4:False:12,15:752,396
> 5:False:11,16:752,396
zeno-travel-suboptimal-old-noisy/30/zeno-travel_noisy_p05_hyp-1_30_1.tar.bz2:0.584582090378:0.06077445:0.58
> 0:False:5,13:629,230
> 1:True:9,13:873,420
> 2:False:5,13:629,230
> 3:False:7,13:751,325
> 4:False:4,12:507,135
> 5:False:6,12:629,230
zeno-travel-suboptimal-old-noisy/30/zeno-travel_noisy_p05_hyp-1_30_2.tar.bz2:0.580465078354:0.06037103:0.58
> 0:False:5,8:630,231
> 1:True:9,11:874,421
> 2:False:5,13:630,231
> 3:False:7,10:752,326
> 4:False:4,12:508,136
> 5:False:6,14:630,231
zeno-travel-suboptimal-old-noisy/30/zeno-travel_noisy_p05_hyp-1_30_3.tar.bz2:0.584243059158:0.06194301:0.59
> 0:False:5,11:630,231
> 1:True:9,13:874,421
> 2:False:5,13:630,231
> 3:False:7,12:752,326
> 4:False:4,12:508,136
> 5:False:6,14:630,231
zeno-travel-suboptimal-old-noisy/30/zeno-travel_noisy_p05_hyp-2_30_1.tar.bz2:0.584457874298:0.06235251:0.58
> 0:False:5,11:628,229
> 1:False:9,13:872,419
> 2:False:5,9:628,229
> 3:True:7,8:750,324
> 4:False:4,9:506,134
> 5:False:6,8:628,229
zeno-travel-suboptimal-old-noisy/30/zeno-travel_noisy_p05_hyp-2_30_2.tar.bz2:0.585912942886:0.06083841:0.59
> 0:False:5,11:628,229
> 1:False:9,14:872,419
> 2:False:5,9:628,229
> 3:True:7,10:750,324
> 4:False:4,10:506,134
> 5:True:6,9:628,229
zeno-travel-suboptimal-old-noisy/30/zeno-travel_noisy_p05_hyp-2_30_3.tar.bz2:0.601940870285:0.0792748:0.61
> 0:False:5,9:627,228
> 1:True:9,12:871,418
> 2:False:5,9:627,228
> 3:True:7,10:749,323
> 4:False:4,8:505,133
> 5:False:6,10:627,228
zeno-travel-suboptimal-old-noisy/30/zeno-travel_noisy_p05_hyp-3_30_1.tar.bz2:0.583163976669:0.06332581:0.58
> 0:False:5,9:627,228
> 1:False:9,14:871,418
> 2:False:5,9:627,228
> 3:False:7,12:749,323
> 4:True:4,6:505,133
> 5:False:6,9:627,228
zeno-travel-suboptimal-old-noisy/30/zeno-travel_noisy_p05_hyp-3_30_2.tar.bz2:0.584655046463:0.06167257:0.59
> 0:False:5,12:627,228
> 1:False:9,14:871,418
> 2:False:5,10:627,228
> 3:False:7,12:749,323
> 4:True:4,6:505,133
> 5:False:6,11:627,228
zeno-travel-suboptimal-old-noisy/30/zeno-travel_noisy_p05_hyp-3_30_3.tar.bz2:0.581514120102:0.06389419:0.58
> 0:False:5,10:627,228
> 1:True:9,12:871,418
> 2:False:5,12:627,228
> 3:False:7,12:749,323
> 4:False:4,8:505,133
> 5:False:6,13:627,228
zeno-travel-suboptimal-old-noisy/30/zeno-travel_noisy_p05_hyp-4_30_1.tar.bz2:0.599629878998:0.07827203:0.6
> 0:False:5,11:628,229
> 1:True:9,11:872,419
> 2:True:5,7:628,229
> 3:False:7,11:750,324
> 4:False:4,9:506,134
> 5:True:6,8:628,229
zeno-travel-suboptimal-old-noisy/30/zeno-travel_noisy_p05_hyp-4_30_2.tar.bz2:0.601822137833:0.07987471:0.61
> 0:False:5,10:627,228
> 1:True:9,13:871,418
> 2:False:5,10:627,228
> 3:False:7,12:749,323
> 4:False:4,9:505,133
> 5:True:6,10:627,228
zeno-travel-suboptimal-old-noisy/30/zeno-travel_noisy_p05_hyp-4_30_3.tar.bz2:0.601604938507:0.07853969:0.6
> 0:False:5,10:628,229
> 1:False:9,13:872,419
> 2:False:5,9:628,229
> 3:False:7,11:750,324
> 4:False:4,9:506,134
> 5:True:6,9:628,229
zeno-travel-suboptimal-old-noisy/50/zeno-travel_noisy_p03_hyp-1_50_1.tar.bz2:0.553546905518:0.06200966:0.55
> 0:True:7,13:573,252
> 1:False:7,15:573,252
> 2:False:8,16:663,323
> 3:False:9,19:663,323
> 4:False:9,17:663,323
> 5:False:8,18:663,323
zeno-travel-suboptimal-old-noisy/50/zeno-travel_noisy_p03_hyp-1_50_2.tar.bz2:0.550916910172:0.06082253:0.55
> 0:True:7,13:573,252
> 1:False:7,17:573,252
> 2:False:8,20:663,323
> 3:True:9,15:663,323
> 4:False:9,17:663,323
> 5:False:8,18:663,323
zeno-travel-suboptimal-old-noisy/50/zeno-travel_noisy_p03_hyp-1_50_3.tar.bz2:0.557277917862:0.06780076:0.56
> 0:True:7,12:574,253
> 1:False:7,13:574,253
> 2:False:8,18:664,324
> 3:False:9,18:664,324
> 4:False:9,17:664,324
> 5:False:8,19:664,324
zeno-travel-suboptimal-old-noisy/50/zeno-travel_noisy_p03_hyp-2_50_1.tar.bz2:0.555791139603:0.0632477:0.56
> 0:False:7,13:573,252
> 1:True:7,11:573,252
> 2:False:8,16:663,323
> 3:False:9,14:663,323
> 4:False:9,14:663,323
> 5:False:8,14:663,323
zeno-travel-suboptimal-old-noisy/50/zeno-travel_noisy_p03_hyp-2_50_2.tar.bz2:0.552522182465:0.06265506:0.55
> 0:False:7,14:572,251
> 1:True:7,11:572,251
> 2:False:8,15:662,322
> 3:False:9,15:662,322
> 4:False:9,14:662,322
> 5:False:8,15:662,322
zeno-travel-suboptimal-old-noisy/50/zeno-travel_noisy_p03_hyp-2_50_3.tar.bz2:0.549551963806:0.06059065:0.55
> 0:True:7,10:573,252
> 1:True:7,10:573,252
> 2:False:8,16:663,323
> 3:False:9,17:663,323
> 4:False:9,16:663,323
> 5:False:8,16:663,323
zeno-travel-suboptimal-old-noisy/50/zeno-travel_noisy_p03_hyp-3_50_1.tar.bz2:0.547872066498:0.05930129:0.56
> 0:False:7,15:574,253
> 1:False:7,15:574,253
> 2:True:8,12:664,324
> 3:False:9,15:664,324
> 4:True:9,13:664,324
> 5:False:8,14:664,324
zeno-travel-suboptimal-old-noisy/50/zeno-travel_noisy_p03_hyp-3_50_2.tar.bz2:0.551638841629:0.06049582:0.55
> 0:False:7,14:574,253
> 1:False:7,14:574,253
> 2:False:8,13:664,324
> 3:False:9,18:664,324
> 4:True:9,13:664,324
> 5:False:8,15:664,324
zeno-travel-suboptimal-old-noisy/50/zeno-travel_noisy_p03_hyp-3_50_3.tar.bz2:0.548684120178:0.05990959:0.54
> 0:False:7,15:574,253
> 1:False:7,14:574,253
> 2:False:8,13:664,324
> 3:False:9,14:664,324
> 4:True:9,13:664,324
> 5:False:8,14:664,324
zeno-travel-suboptimal-old-noisy/50/zeno-travel_noisy_p03_hyp-4_50_1.tar.bz2:0.548838853836:0.05717985:0.56
> 0:False:7,18:574,253
> 1:False:7,14:574,253
> 2:False:8,16:664,324
> 3:True:9,12:664,324
> 4:False:9,15:664,324
> 5:False:8,13:664,324
zeno-travel-suboptimal-old-noisy/50/zeno-travel_noisy_p03_hyp-4_50_2.tar.bz2:0.547111988068:0.05793501:0.54
> 0:False:7,18:573,252
> 1:False:7,15:573,252
> 2:False:8,16:663,323
> 3:True:9,13:663,323
> 4:False:9,14:663,323
> 5:False:8,14:663,323
zeno-travel-suboptimal-old-noisy/50/zeno-travel_noisy_p03_hyp-4_50_3.tar.bz2:0.548589944839:0.05816661:0.55
> 0:False:7,16:574,253
> 1:False:7,14:574,253
> 2:False:8,14:664,324
> 3:True:9,12:664,324
> 4:True:9,12:664,324
> 5:False:8,13:664,324
zeno-travel-suboptimal-old-noisy/50/zeno-travel_noisy_p04_hyp-1_50_1.tar.bz2:0.557307004929:0.06557105:0.55
> 0:True:12,13:755,399
> 1:False:11,14:755,399
> 2:False:11,17:755,399
> 3:False:12,15:755,399
> 4:False:12,16:755,399
> 5:False:11,16:755,399
zeno-travel-suboptimal-old-noisy/50/zeno-travel_noisy_p04_hyp-1_50_2.tar.bz2:0.555129051208:0.062815:0.56
> 0:True:12,13:755,399
> 1:False:11,16:755,399
> 2:False:11,21:755,399
> 3:False:12,15:755,399
> 4:False:12,17:755,399
> 5:False:11,21:755,399
zeno-travel-suboptimal-old-noisy/50/zeno-travel_noisy_p04_hyp-1_50_3.tar.bz2:0.551593065262:0.05838494:0.54
> 0:True:12,14:754,398
> 1:False:11,16:754,398
> 2:False:11,20:754,398
> 3:False:12,15:754,398
> 4:False:12,19:754,398
> 5:False:11,18:754,398
zeno-travel-suboptimal-old-noisy/50/zeno-travel_noisy_p04_hyp-2_50_1.tar.bz2:0.551376104355:0.05833433:0.54
> 0:False:12,18:754,398
> 1:True:11,14:754,398
> 2:False:11,19:754,398
> 3:False:12,19:754,398
> 4:False:12,22:754,398
> 5:False:11,17:754,398
zeno-travel-suboptimal-old-noisy/50/zeno-travel_noisy_p04_hyp-2_50_2.tar.bz2:0.559885025024:0.0676677:0.57
> 0:False:12,18:755,399
> 1:True:11,14:755,399
> 2:False:11,18:755,399
> 3:False:12,17:755,399
> 4:False:12,20:755,399
> 5:False:11,19:755,399
zeno-travel-suboptimal-old-noisy/50/zeno-travel_noisy_p04_hyp-2_50_3.tar.bz2:0.549331903458:0.06158323:0.55
> 0:False:12,17:755,399
> 1:True:11,14:755,399
> 2:True:11,14:755,399
> 3:False:12,18:755,399
> 4:False:12,16:755,399
> 5:False:11,15:755,399
zeno-travel-suboptimal-old-noisy/50/zeno-travel_noisy_p04_hyp-3_50_1.tar.bz2:0.550818920135:0.0596339:0.55
> 0:False:12,16:755,399
> 1:False:11,15:755,399
> 2:True:11,13:755,399
> 3:False:12,16:755,399
> 4:True:12,14:755,399
> 5:False:11,15:755,399
zeno-travel-suboptimal-old-noisy/50/zeno-travel_noisy_p04_hyp-3_50_2.tar.bz2:0.553066015244:0.06120875:0.55
> 0:False:12,17:755,399
> 1:False:11,16:755,399
> 2:True:11,13:755,399
> 3:False:12,17:755,399
> 4:True:12,14:755,399
> 5:True:11,13:755,399
zeno-travel-suboptimal-old-noisy/50/zeno-travel_noisy_p04_hyp-3_50_3.tar.bz2:0.549569129944:0.05895303:0.55
> 0:False:12,19:754,398
> 1:False:11,16:754,398
> 2:True:11,14:754,398
> 3:False:12,20:754,398
> 4:True:12,15:754,398
> 5:False:11,17:754,398
zeno-travel-suboptimal-old-noisy/50/zeno-travel_noisy_p04_hyp-4_50_1.tar.bz2:0.572379112244:0.08313008:0.58
> 0:True:12,14:754,398
> 1:False:11,14:754,398
> 2:False:11,17:754,398
> 3:True:12,14:754,398
> 4:False:12,18:754,398
> 5:False:11,17:754,398
zeno-travel-suboptimal-old-noisy/50/zeno-travel_noisy_p04_hyp-4_50_2.tar.bz2:0.552208900452:0.06116668:0.55
> 0:True:12,14:754,398
> 1:False:11,19:754,398
> 2:False:11,19:754,398
> 3:True:12,14:754,398
> 4:False:12,15:754,398
> 5:False:11,17:754,398
zeno-travel-suboptimal-old-noisy/50/zeno-travel_noisy_p04_hyp-4_50_3.tar.bz2:0.553781032562:0.06380628:0.56
> 0:False:12,16:755,399
> 1:False:11,15:755,399
> 2:False:11,15:755,399
> 3:True:12,14:755,399
> 4:False:12,16:755,399
> 5:False:11,16:755,399
zeno-travel-suboptimal-old-noisy/50/zeno-travel_noisy_p05_hyp-1_50_1.tar.bz2:0.580320119858:0.06029638:0.59
> 0:False:5,12:632,233
> 1:True:9,11:876,423
> 2:False:5,18:632,233
> 3:False:7,12:754,328
> 4:False:4,14:510,138
> 5:False:6,17:632,233
zeno-travel-suboptimal-old-noisy/50/zeno-travel_noisy_p05_hyp-1_50_2.tar.bz2:0.580909013748:0.0605516:0.58
> 0:False:5,13:633,234
> 1:True:9,10:877,424
> 2:False:5,15:633,234
> 3:False:7,13:755,329
> 4:False:4,12:511,139
> 5:False:6,14:633,234
zeno-travel-suboptimal-old-noisy/50/zeno-travel_noisy_p05_hyp-1_50_3.tar.bz2:0.581291913986:0.06020192:0.58
> 0:False:5,11:633,234
> 1:True:9,14:877,424
> 2:False:5,13:633,234
> 3:False:7,13:755,329
> 4:False:4,12:511,139
> 5:False:6,14:633,234
zeno-travel-suboptimal-old-noisy/50/zeno-travel_noisy_p05_hyp-2_50_1.tar.bz2:0.585072994232:0.06256061:0.58
> 0:False:5,14:632,233
> 1:False:9,16:876,423
> 2:False:5,14:632,233
> 3:True:7,12:754,328
> 4:False:4,14:510,138
> 5:False:6,13:632,233
zeno-travel-suboptimal-old-noisy/50/zeno-travel_noisy_p05_hyp-2_50_2.tar.bz2:0.585465192795:0.06168753:0.59
> 0:False:5,13:631,232
> 1:False:9,15:875,422
> 2:False:5,15:631,232
> 3:True:7,12:753,327
> 4:False:4,14:509,137
> 5:False:6,14:631,232
zeno-travel-suboptimal-old-noisy/50/zeno-travel_noisy_p05_hyp-2_50_3.tar.bz2:0.581333875656:0.06203092:0.59
> 0:False:5,16:631,232
> 1:False:9,19:875,422
> 2:False:5,14:631,232
> 3:True:7,13:753,327
> 4:False:4,15:509,137
> 5:False:6,14:631,232
zeno-travel-suboptimal-old-noisy/50/zeno-travel_noisy_p05_hyp-3_50_1.tar.bz2:0.596992015839:0.07743735:0.6
> 0:False:5,13:630,231
> 1:False:9,14:874,421
> 2:False:5,12:630,231
> 3:False:7,14:752,326
> 4:True:4,7:508,136
> 5:False:6,11:630,231
zeno-travel-suboptimal-old-noisy/50/zeno-travel_noisy_p05_hyp-3_50_2.tar.bz2:0.601886034012:0.07802107:0.6
> 0:False:5,11:629,230
> 1:False:9,14:873,420
> 2:False:5,11:629,230
> 3:False:7,12:751,325
> 4:True:4,8:507,135
> 5:False:6,11:629,230
zeno-travel-suboptimal-old-noisy/50/zeno-travel_noisy_p05_hyp-3_50_3.tar.bz2:0.588423013687:0.06359621:0.59
> 0:False:5,10:630,231
> 1:True:9,13:874,421
> 2:False:5,12:630,231
> 3:True:7,11:752,326
> 4:False:4,9:508,136
> 5:False:6,11:630,231
zeno-travel-suboptimal-old-noisy/50/zeno-travel_noisy_p05_hyp-4_50_1.tar.bz2:0.581786870956:0.06143197:0.59
> 0:False:5,17:631,232
> 1:False:9,19:875,422
> 2:False:5,14:631,232
> 3:False:7,17:753,327
> 4:False:4,15:509,137
> 5:True:6,14:631,232
zeno-travel-suboptimal-old-noisy/50/zeno-travel_noisy_p05_hyp-4_50_2.tar.bz2:0.5892598629:0.06228847:0.59
> 0:False:5,14:632,233
> 1:False:9,18:876,423
> 2:False:5,10:632,233
> 3:False:7,13:754,328
> 4:False:4,10:510,138
> 5:True:6,9:632,233
zeno-travel-suboptimal-old-noisy/50/zeno-travel_noisy_p05_hyp-4_50_3.tar.bz2:0.584418058395:0.06171269:0.59
> 0:False:5,14:632,233
> 1:False:9,17:876,423
> 2:True:5,10:632,233
> 3:False:7,15:754,328
> 4:False:4,12:510,138
> 5:True:6,11:632,233
zeno-travel-suboptimal-old-noisy/70/zeno-travel_noisy_p03_hyp-1_70_1.tar.bz2:0.566541910172:0.0751897:0.56
> 0:True:7,15:576,255
> 1:True:7,15:576,255
> 2:False:8,20:666,326
> 3:False:9,20:666,326
> 4:False:9,21:666,326
> 5:False:8,21:666,326
zeno-travel-suboptimal-old-noisy/70/zeno-travel_noisy_p03_hyp-1_70_2.tar.bz2:0.554291009903:0.0624383:0.55
> 0:True:7,14:578,257
> 1:False:7,18:578,257
> 2:False:8,19:668,328
> 3:False:9,18:668,328
> 4:False:9,18:668,328
> 5:False:8,19:668,328
zeno-travel-suboptimal-old-noisy/70/zeno-travel_noisy_p03_hyp-1_70_3.tar.bz2:0.550050973892:0.06154684:0.55
> 0:True:7,14:577,256
> 1:False:7,17:577,256
> 2:False:8,22:667,327
> 3:False:9,17:667,327
> 4:False:9,19:667,327
> 5:False:8,20:667,327
zeno-travel-suboptimal-old-noisy/70/zeno-travel_noisy_p03_hyp-2_70_1.tar.bz2:0.550621986389:0.06212135:0.55
> 0:False:7,15:574,253
> 1:True:7,11:574,253
> 2:False:8,18:664,324
> 3:False:9,19:664,324
> 4:False:9,17:664,324
> 5:False:8,18:664,324
zeno-travel-suboptimal-old-noisy/70/zeno-travel_noisy_p03_hyp-2_70_2.tar.bz2:0.551599025726:0.06141696:0.55
> 0:False:7,12:576,255
> 1:True:7,11:576,255
> 2:False:8,18:666,326
> 3:False:9,15:666,326
> 4:False:9,15:666,326
> 5:False:8,15:666,326
zeno-travel-suboptimal-old-noisy/70/zeno-travel_noisy_p03_hyp-2_70_3.tar.bz2:0.552682876587:0.06144596:0.56
> 0:False:7,12:575,254
> 1:True:7,11:575,254
> 2:False:8,18:665,325
> 3:False:9,16:665,325
> 4:False:9,15:665,325
> 5:False:8,16:665,325
zeno-travel-suboptimal-old-noisy/70/zeno-travel_noisy_p03_hyp-3_70_1.tar.bz2:0.545127153397:0.05742601:0.54
> 0:False:7,18:576,255
> 1:False:7,20:576,255
> 2:False:8,16:666,326
> 3:False:9,20:666,326
> 4:True:9,16:666,326
> 5:False:8,21:666,326
zeno-travel-suboptimal-old-noisy/70/zeno-travel_noisy_p03_hyp-3_70_2.tar.bz2:0.54821896553:0.05742993:0.56
> 0:False:7,24:577,256
> 1:False:7,22:577,256
> 2:True:8,15:667,327
> 3:False:9,24:667,327
> 4:False:9,20:667,327
> 5:False:8,19:667,327
zeno-travel-suboptimal-old-noisy/70/zeno-travel_noisy_p03_hyp-3_70_3.tar.bz2:0.550164937973:0.05696882:0.55
> 0:False:7,19:578,257
> 1:False:7,19:578,257
> 2:True:8,14:668,328
> 3:False:9,17:668,328
> 4:False:9,16:668,328
> 5:False:8,16:668,328
zeno-travel-suboptimal-old-noisy/70/zeno-travel_noisy_p03_hyp-4_70_1.tar.bz2:0.546444892883:0.05625231:0.54
> 0:False:7,17:577,256
> 1:False:7,16:577,256
> 2:False:8,21:667,327
> 3:True:9,12:667,327
> 4:False:9,17:667,327
> 5:False:8,15:667,327
zeno-travel-suboptimal-old-noisy/70/zeno-travel_noisy_p03_hyp-4_70_2.tar.bz2:0.55561709404:0.06190317:0.55
> 0:False:7,15:577,256
> 1:False:7,15:577,256
> 2:False:8,18:667,327
> 3:True:9,13:667,327
> 4:False:9,16:667,327
> 5:False:8,15:667,327
zeno-travel-suboptimal-old-noisy/70/zeno-travel_noisy_p03_hyp-4_70_3.tar.bz2:0.546576023102:0.05698799:0.54
> 0:False:7,20:576,255
> 1:False:7,19:576,255
> 2:False:8,20:666,326
> 3:True:9,14:666,326
> 4:False:9,18:666,326
> 5:False:8,18:666,326
zeno-travel-suboptimal-old-noisy/70/zeno-travel_noisy_p04_hyp-1_70_1.tar.bz2:0.549880027771:0.05817811:0.54
> 0:True:12,16:758,402
> 1:False:11,18:758,402
> 2:False:11,23:758,402
> 3:False:12,19:758,402
> 4:False:12,24:758,402
> 5:False:11,19:758,402
zeno-travel-suboptimal-old-noisy/70/zeno-travel_noisy_p04_hyp-1_70_2.tar.bz2:0.549238920212:0.05834372:0.55
> 0:True:12,16:757,401
> 1:False:11,17:757,401
> 2:False:11,21:757,401
> 3:False:12,17:757,401
> 4:False:12,20:757,401
> 5:False:11,19:757,401
zeno-travel-suboptimal-old-noisy/70/zeno-travel_noisy_p04_hyp-1_70_3.tar.bz2:0.552801847458:0.05863504:0.56
> 0:True:12,16:759,403
> 1:False:11,19:759,403
> 2:False:11,22:759,403
> 3:False:12,20:759,403
> 4:False:12,20:759,403
> 5:False:11,20:759,403
zeno-travel-suboptimal-old-noisy/70/zeno-travel_noisy_p04_hyp-2_70_1.tar.bz2:0.555695056915:0.0665651:0.56
> 0:False:12,17:759,403
> 1:True:11,14:759,403
> 2:False:11,18:759,403
> 3:False:12,18:759,403
> 4:False:12,19:759,403
> 5:False:11,20:759,403
zeno-travel-suboptimal-old-noisy/70/zeno-travel_noisy_p04_hyp-2_70_2.tar.bz2:0.578024864197:0.087417:0.57
> 0:False:12,16:758,402
> 1:True:11,14:758,402
> 2:False:11,19:758,402
> 3:False:12,19:758,402
> 4:False:12,20:758,402
> 5:False:11,19:758,402
zeno-travel-suboptimal-old-noisy/70/zeno-travel_noisy_p04_hyp-2_70_3.tar.bz2:0.556915044785:0.06317993:0.56
> 0:False:12,20:759,403
> 1:True:11,16:759,403
> 2:False:11,18:759,403
> 3:False:12,22:759,403
> 4:False:12,18:759,403
> 5:False:11,18:759,403
zeno-travel-suboptimal-old-noisy/70/zeno-travel_noisy_p04_hyp-3_70_1.tar.bz2:0.550457954407:0.05833459:0.54
> 0:False:12,25:757,401
> 1:False:11,24:757,401
> 2:True:11,16:757,401
> 3:False:12,23:757,401
> 4:True:12,17:757,401
> 5:False:11,20:757,401
zeno-travel-suboptimal-old-noisy/70/zeno-travel_noisy_p04_hyp-3_70_2.tar.bz2:0.55030298233:0.05953631:0.54
> 0:False:12,23:758,402
> 1:False:11,20:758,402
> 2:True:11,17:758,402
> 3:False:12,22:758,402
> 4:False:12,19:758,402
> 5:False:11,18:758,402
zeno-travel-suboptimal-old-noisy/70/zeno-travel_noisy_p04_hyp-3_70_3.tar.bz2:0.548982858658:0.0585938:0.55
> 0:False:12,22:757,401
> 1:False:11,20:757,401
> 2:True:11,16:757,401
> 3:False:12,20:757,401
> 4:False:12,18:757,401
> 5:False:11,19:757,401
zeno-travel-suboptimal-old-noisy/70/zeno-travel_noisy_p04_hyp-4_70_1.tar.bz2:0.549951076508:0.0604551:0.54
> 0:False:12,18:758,402
> 1:False:11,20:758,402
> 2:False:11,20:758,402
> 3:True:12,16:758,402
> 4:False:12,20:758,402
> 5:False:11,22:758,402
zeno-travel-suboptimal-old-noisy/70/zeno-travel_noisy_p04_hyp-4_70_2.tar.bz2:0.55329990387:0.06070226:0.55
> 0:False:12,17:759,403
> 1:False:11,17:759,403
> 2:False:11,19:759,403
> 3:True:12,15:759,403
> 4:False:12,17:759,403
> 5:False:11,20:759,403
zeno-travel-suboptimal-old-noisy/70/zeno-travel_noisy_p04_hyp-4_70_3.tar.bz2:0.554315805435:0.0596406:0.56
> 0:False:12,18:759,403
> 1:False:11,20:759,403
> 2:False:11,22:759,403
> 3:True:12,16:759,403
> 4:False:12,20:759,403
> 5:False:11,24:759,403
zeno-travel-suboptimal-old-noisy/70/zeno-travel_noisy_p05_hyp-1_70_1.tar.bz2:0.584183931351:0.06102173:0.58
> 0:False:5,15:637,238
> 1:True:9,15:881,428
> 2:False:5,16:637,238
> 3:False:7,18:759,333
> 4:False:4,18:515,143
> 5:False:6,17:637,238
zeno-travel-suboptimal-old-noisy/70/zeno-travel_noisy_p05_hyp-1_70_2.tar.bz2:0.584790945053:0.06069093:0.59
> 0:False:5,15:636,237
> 1:True:9,15:880,427
> 2:False:5,19:636,237
> 3:False:7,16:758,332
> 4:False:4,16:514,142
> 5:False:6,19:636,237
zeno-travel-suboptimal-old-noisy/70/zeno-travel_noisy_p05_hyp-1_70_3.tar.bz2:0.583349943161:0.06056964:0.58
> 0:False:5,15:636,237
> 1:True:9,15:880,427
> 2:False:5,16:636,237
> 3:False:7,19:758,332
> 4:False:4,17:514,142
> 5:False:6,17:636,237
zeno-travel-suboptimal-old-noisy/70/zeno-travel_noisy_p05_hyp-2_70_1.tar.bz2:0.584501981735:0.0622838:0.59
> 0:False:5,15:637,238
> 1:False:9,18:881,428
> 2:False:5,15:637,238
> 3:True:7,12:759,333
> 4:False:4,16:515,143
> 5:False:6,15:637,238
zeno-travel-suboptimal-old-noisy/70/zeno-travel_noisy_p05_hyp-2_70_2.tar.bz2:0.582976102829:0.06319731:0.58
> 0:False:5,14:635,236
> 1:False:9,17:879,426
> 2:False:5,20:635,236
> 3:True:7,13:757,331
> 4:False:4,19:513,141
> 5:False:6,20:635,236
zeno-travel-suboptimal-old-noisy/70/zeno-travel_noisy_p05_hyp-2_70_3.tar.bz2:0.584698915482:0.06282512:0.59
> 0:False:5,15:636,237
> 1:False:9,18:880,427
> 2:False:5,17:636,237
> 3:True:7,13:758,332
> 4:False:4,20:514,142
> 5:False:6,17:636,237
zeno-travel-suboptimal-old-noisy/70/zeno-travel_noisy_p05_hyp-3_70_1.tar.bz2:0.599605083466:0.076241:0.6
> 0:False:5,15:632,233
> 1:False:9,19:876,423
> 2:False:5,14:632,233
> 3:False:7,17:754,328
> 4:True:4,9:510,138
> 5:False:6,14:632,233
zeno-travel-suboptimal-old-noisy/70/zeno-travel_noisy_p05_hyp-3_70_2.tar.bz2:0.596997976303:0.07739222:0.59
> 0:False:5,13:631,232
> 1:False:9,16:875,422
> 2:False:5,12:631,232
> 3:False:7,15:753,327
> 4:True:4,10:509,137
> 5:False:6,13:631,232
zeno-travel-suboptimal-old-noisy/70/zeno-travel_noisy_p05_hyp-3_70_3.tar.bz2:0.580618143082:0.06150189:0.58
> 0:False:5,15:632,233
> 1:False:9,17:876,423
> 2:False:5,14:632,233
> 3:False:7,17:754,328
> 4:True:4,8:510,138
> 5:False:6,14:632,233
zeno-travel-suboptimal-old-noisy/70/zeno-travel_noisy_p05_hyp-4_70_1.tar.bz2:0.581573009491:0.06135159:0.57
> 0:False:5,19:636,237
> 1:False:9,19:880,427
> 2:False:5,13:636,237
> 3:False:7,16:758,332
> 4:False:4,17:514,142
> 5:True:6,13:636,237
zeno-travel-suboptimal-old-noisy/70/zeno-travel_noisy_p05_hyp-4_70_2.tar.bz2:0.579555988312:0.05991137:0.58
> 0:False:5,21:635,236
> 1:False:9,21:879,426
> 2:False:5,14:635,236
> 3:False:7,21:757,331
> 4:False:4,15:513,141
> 5:True:6,14:635,236
zeno-travel-suboptimal-old-noisy/70/zeno-travel_noisy_p05_hyp-4_70_3.tar.bz2:0.58659696579:0.06563093:0.59
> 0:False:5,17:636,237
> 1:False:9,19:880,427
> 2:False:5,14:636,237
> 3:False:7,19:758,332
> 4:False:4,14:514,142
> 5:True:6,14:636,237
zeno-travel-suboptimal-old-noisy/100/zeno-travel_noisy_p03_hyp-1_full_1.tar.bz2:0.554166078568:0.06213746:0.55
> 0:True:7,16:581,260
> 1:False:7,19:581,260
> 2:False:8,24:671,331
> 3:False:9,23:671,331
> 4:False:9,22:671,331
> 5:False:8,24:671,331
zeno-travel-suboptimal-old-noisy/100/zeno-travel_noisy_p03_hyp-1_full_2.tar.bz2:0.553509950638:0.06293667:0.55
> 0:True:7,16:581,260
> 1:False:7,18:581,260
> 2:False:8,23:671,331
> 3:False:9,22:671,331
> 4:False:9,22:671,331
> 5:False:8,23:671,331
zeno-travel-suboptimal-old-noisy/100/zeno-travel_noisy_p03_hyp-1_full_3.tar.bz2:0.555989980698:0.06133799:0.55
> 0:True:7,16:581,260
> 1:False:7,19:581,260
> 2:False:8,24:671,331
> 3:False:9,22:671,331
> 4:False:9,21:671,331
> 5:False:8,24:671,331
zeno-travel-suboptimal-old-noisy/100/zeno-travel_noisy_p03_hyp-2_full_1.tar.bz2:0.551331996918:0.06249331:0.55
> 0:False:7,15:579,258
> 1:True:7,13:579,258
> 2:False:8,19:669,329
> 3:False:9,18:669,329
> 4:False:9,19:669,329
> 5:False:8,18:669,329
zeno-travel-suboptimal-old-noisy/100/zeno-travel_noisy_p03_hyp-2_full_2.tar.bz2:0.552896022797:0.06179471:0.55
> 0:False:7,15:579,258
> 1:True:7,13:579,258
> 2:False:8,20:669,329
> 3:False:9,18:669,329
> 4:False:9,18:669,329
> 5:False:8,18:669,329
zeno-travel-suboptimal-old-noisy/100/zeno-travel_noisy_p03_hyp-2_full_3.tar.bz2:0.553470849991:0.06147737:0.56
> 0:False:7,15:579,258
> 1:True:7,13:579,258
> 2:False:8,19:669,329
> 3:False:9,18:669,329
> 4:False:9,19:669,329
> 5:False:8,18:669,329
zeno-travel-suboptimal-old-noisy/100/zeno-travel_noisy_p03_hyp-3_full_1.tar.bz2:0.550448894501:0.06145831:0.55
> 0:False:7,23:582,261
> 1:False:7,22:582,261
> 2:True:8,16:672,332
> 3:False:9,22:672,332
> 4:False:9,19:672,332
> 5:False:8,19:672,332
zeno-travel-suboptimal-old-noisy/100/zeno-travel_noisy_p03_hyp-3_full_2.tar.bz2:0.550889015198:0.06026303:0.54
> 0:False:7,23:582,261
> 1:False:7,22:582,261
> 2:True:8,16:672,332
> 3:False:9,22:672,332
> 4:False:9,18:672,332
> 5:False:8,20:672,332
zeno-travel-suboptimal-old-noisy/100/zeno-travel_noisy_p03_hyp-3_full_3.tar.bz2:0.549296855927:0.06063527:0.55
> 0:False:7,22:582,261
> 1:False:7,22:582,261
> 2:True:8,16:672,332
> 3:False:9,22:672,332
> 4:False:9,19:672,332
> 5:False:8,19:672,332
zeno-travel-suboptimal-old-noisy/100/zeno-travel_noisy_p03_hyp-4_full_1.tar.bz2:0.547517061234:0.05720518:0.54
> 0:False:7,20:580,259
> 1:False:7,19:580,259
> 2:False:8,22:670,330
> 3:True:9,14:670,330
> 4:False:9,18:670,330
> 5:False:8,17:670,330
zeno-travel-suboptimal-old-noisy/100/zeno-travel_noisy_p03_hyp-4_full_2.tar.bz2:0.547669887543:0.05786241:0.55
> 0:False:7,21:580,259
> 1:False:7,20:580,259
> 2:False:8,23:670,330
> 3:True:9,14:670,330
> 4:False:9,19:670,330
> 5:False:8,17:670,330
zeno-travel-suboptimal-old-noisy/100/zeno-travel_noisy_p03_hyp-4_full_3.tar.bz2:0.547815084457:0.0568616:0.54
> 0:False:7,19:580,259
> 1:False:7,18:580,259
> 2:False:8,21:670,330
> 3:True:9,14:670,330
> 4:False:9,17:670,330
> 5:False:8,16:670,330
zeno-travel-suboptimal-old-noisy/100/zeno-travel_noisy_p04_hyp-1_full_1.tar.bz2:0.554236888885:0.06411687:0.55
> 0:True:12,16:763,407
> 1:False:11,20:763,407
> 2:False:11,22:763,407
> 3:False:12,18:763,407
> 4:False:12,21:763,407
> 5:False:11,20:763,407
zeno-travel-suboptimal-old-noisy/100/zeno-travel_noisy_p04_hyp-1_full_2.tar.bz2:0.564649105072:0.07296899:0.57
> 0:True:12,16:763,407
> 1:False:11,21:763,407
> 2:False:11,26:763,407
> 3:False:12,20:763,407
> 4:False:12,22:763,407
> 5:False:11,22:763,407
zeno-travel-suboptimal-old-noisy/100/zeno-travel_noisy_p04_hyp-1_full_3.tar.bz2:0.558760881424:0.0668136:0.56
> 0:True:12,16:763,407
> 1:False:11,19:763,407
> 2:False:11,22:763,407
> 3:False:12,19:763,407
> 4:False:12,21:763,407
> 5:False:11,20:763,407
zeno-travel-suboptimal-old-noisy/100/zeno-travel_noisy_p04_hyp-2_full_1.tar.bz2:0.553498983383:0.06016069:0.56
> 0:False:12,20:764,408
> 1:True:11,17:764,408
> 2:False:11,21:764,408
> 3:False:12,22:764,408
> 4:False:12,24:764,408
> 5:False:11,21:764,408
zeno-travel-suboptimal-old-noisy/100/zeno-travel_noisy_p04_hyp-2_full_2.tar.bz2:0.559907913208:0.0674265:0.56
> 0:False:12,21:764,408
> 1:True:11,17:764,408
> 2:False:11,21:764,408
> 3:False:12,21:764,408
> 4:False:12,24:764,408
> 5:False:11,21:764,408
zeno-travel-suboptimal-old-noisy/100/zeno-travel_noisy_p04_hyp-2_full_3.tar.bz2:0.559710025787:0.0669135:0.57
> 0:False:12,20:764,408
> 1:True:11,17:764,408
> 2:False:11,21:764,408
> 3:False:12,20:764,408
> 4:False:12,22:764,408
> 5:False:11,21:764,408
zeno-travel-suboptimal-old-noisy/100/zeno-travel_noisy_p04_hyp-3_full_1.tar.bz2:0.548706054688:0.06013523:0.55
> 0:False:12,26:763,407
> 1:False:11,22:763,407
> 2:True:11,16:763,407
> 3:False:12,23:763,407
> 4:False:12,19:763,407
> 5:False:11,20:763,407
zeno-travel-suboptimal-old-noisy/100/zeno-travel_noisy_p04_hyp-3_full_2.tar.bz2:0.550585031509:0.06059428:0.55
> 0:False:12,24:763,407
> 1:False:11,20:763,407
> 2:True:11,16:763,407
> 3:False:12,21:763,407
> 4:False:12,19:763,407
> 5:False:11,20:763,407
zeno-travel-suboptimal-old-noisy/100/zeno-travel_noisy_p04_hyp-3_full_3.tar.bz2:0.555315971375:0.0632377:0.56
> 0:False:12,23:763,407
> 1:False:11,21:763,407
> 2:True:11,16:763,407
> 3:False:12,22:763,407
> 4:False:12,19:763,407
> 5:False:11,20:763,407
zeno-travel-suboptimal-old-noisy/100/zeno-travel_noisy_p04_hyp-4_full_1.tar.bz2:0.554573059082:0.06296284:0.55
> 0:False:12,19:764,408
> 1:False:11,21:764,408
> 2:False:11,24:764,408
> 3:True:12,17:764,408
> 4:False:12,21:764,408
> 5:False:11,24:764,408
zeno-travel-suboptimal-old-noisy/100/zeno-travel_noisy_p04_hyp-4_full_2.tar.bz2:0.572661161423:0.08108875:0.56
> 0:False:12,20:764,408
> 1:False:11,21:764,408
> 2:False:11,23:764,408
> 3:True:12,17:764,408
> 4:False:12,22:764,408
> 5:False:11,24:764,408
zeno-travel-suboptimal-old-noisy/100/zeno-travel_noisy_p04_hyp-4_full_3.tar.bz2:0.552286148071:0.06214061:0.55
> 0:False:12,18:764,408
> 1:False:11,22:764,408
> 2:False:11,23:764,408
> 3:True:12,17:764,408
> 4:False:12,20:764,408
> 5:False:11,23:764,408
zeno-travel-suboptimal-old-noisy/100/zeno-travel_noisy_p05_hyp-1_full_1.tar.bz2:0.584271907806:0.06114189:0.59
> 0:False:5,18:642,243
> 1:True:9,17:886,433
> 2:False:5,22:642,243
> 3:False:7,19:764,338
> 4:False:4,22:520,148
> 5:False:6,21:642,243
zeno-travel-suboptimal-old-noisy/100/zeno-travel_noisy_p05_hyp-1_full_2.tar.bz2:0.583609104156:0.06273288:0.58
> 0:False:5,19:642,243
> 1:True:9,17:886,433
> 2:False:5,23:642,243
> 3:False:7,19:764,338
> 4:False:4,22:520,148
> 5:False:6,22:642,243
zeno-travel-suboptimal-old-noisy/100/zeno-travel_noisy_p05_hyp-1_full_3.tar.bz2:0.583594083786:0.06073793:0.59
> 0:False:5,20:642,243
> 1:True:9,17:886,433
> 2:False:5,23:642,243
> 3:False:7,20:764,338
> 4:False:4,23:520,148
> 5:False:6,22:642,243
zeno-travel-suboptimal-old-noisy/100/zeno-travel_noisy_p05_hyp-2_full_1.tar.bz2:0.58553314209:0.06325102:0.58
> 0:False:5,18:640,241
> 1:False:9,20:884,431
> 2:False:5,21:640,241
> 3:True:7,16:762,336
> 4:False:4,22:518,146
> 5:False:6,21:640,241
zeno-travel-suboptimal-old-noisy/100/zeno-travel_noisy_p05_hyp-2_full_2.tar.bz2:0.589066982269:0.0650303:0.59
> 0:False:5,17:640,241
> 1:False:9,20:884,431
> 2:False:5,21:640,241
> 3:True:7,16:762,336
> 4:False:4,23:518,146
> 5:False:6,20:640,241
zeno-travel-suboptimal-old-noisy/100/zeno-travel_noisy_p05_hyp-2_full_3.tar.bz2:0.589624166489:0.06480854:0.58
> 0:False:5,17:640,241
> 1:False:9,20:884,431
> 2:False:5,20:640,241
> 3:True:7,16:762,336
> 4:False:4,23:518,146
> 5:False:6,21:640,241
zeno-travel-suboptimal-old-noisy/100/zeno-travel_noisy_p05_hyp-3_full_1.tar.bz2:0.581554889679:0.06099458:0.59
> 0:False:5,16:635,236
> 1:False:9,19:879,426
> 2:False:5,17:635,236
> 3:False:7,18:757,331
> 4:True:4,12:513,141
> 5:False:6,17:635,236
zeno-travel-suboptimal-old-noisy/100/zeno-travel_noisy_p05_hyp-3_full_2.tar.bz2:0.585155963898:0.06288164:0.59
> 0:False:5,19:635,236
> 1:False:9,21:879,426
> 2:False:5,18:635,236
> 3:False:7,21:757,331
> 4:True:4,12:513,141
> 5:False:6,18:635,236
zeno-travel-suboptimal-old-noisy/100/zeno-travel_noisy_p05_hyp-3_full_3.tar.bz2:0.579786062241:0.06157759:0.59
> 0:False:5,17:635,236
> 1:False:9,21:879,426
> 2:False:5,18:635,236
> 3:False:7,20:757,331
> 4:True:4,12:513,141
> 5:False:6,18:635,236
zeno-travel-suboptimal-old-noisy/100/zeno-travel_noisy_p05_hyp-4_full_1.tar.bz2:0.583799123764:0.06034099:0.58
> 0:False:5,23:639,240
> 1:False:9,23:883,430
> 2:False:5,16:639,240
> 3:False:7,20:761,335
> 4:False:4,20:517,145
> 5:True:6,16:639,240
zeno-travel-suboptimal-old-noisy/100/zeno-travel_noisy_p05_hyp-4_full_2.tar.bz2:0.585407018661:0.06162969:0.58
> 0:False:5,23:640,241
> 1:False:9,23:884,431
> 2:False:5,16:640,241
> 3:False:7,21:762,336
> 4:False:4,21:518,146
> 5:True:6,16:640,241
zeno-travel-suboptimal-old-noisy/100/zeno-travel_noisy_p05_hyp-4_full_3.tar.bz2:0.586952924728:0.06191922:0.59
> 0:False:5,23:640,241
> 1:False:9,23:884,431
> 2:False:5,16:640,241
> 3:False:7,21:762,336
> 4:False:4,20:518,146
> 5:True:6,16:640,241
