zeno-travel-suboptimal-old-noisy/10/zeno-travel_noisy_p03_hyp-1_10_1.tar.bz2:0.96630191803:0.3550318:0.97
> 0:True:8,9:17163,2675
> 1:True:8,9:17163,2675
> 2:False:10,13:17163,2675
> 3:False:10,12:17163,2675
> 4:False:10,13:17163,2675
> 5:False:10,12:17163,2675
zeno-travel-suboptimal-old-noisy/10/zeno-travel_noisy_p03_hyp-1_10_2.tar.bz2:0.966571092606:0.356202:0.98
> 0:True:8,9:17163,2675
> 1:True:8,9:17163,2675
> 2:True:10,11:17163,2675
> 3:False:10,12:17163,2675
> 4:True:10,11:17163,2675
> 5:False:10,12:17163,2675
zeno-travel-suboptimal-old-noisy/10/zeno-travel_noisy_p03_hyp-1_10_3.tar.bz2:1.27901887894:0.6681322:1.27
> 0:True:8,12:17163,2675
> 1:False:8,13:17163,2675
> 2:True:10,14:17163,2675
> 3:True:10,14:17163,2675
> 4:True:10,14:17163,2675
> 5:True:10,14:17163,2675
zeno-travel-suboptimal-old-noisy/10/zeno-travel_noisy_p03_hyp-2_10_1.tar.bz2:1.16025996208:0.5507357:1.17
> 0:True:8,11:17163,2675
> 1:True:8,11:17163,2675
> 2:False:10,15:17163,2675
> 3:False:10,15:17163,2675
> 4:False:10,15:17163,2675
> 5:False:10,15:17163,2675
zeno-travel-suboptimal-old-noisy/10/zeno-travel_noisy_p03_hyp-2_10_2.tar.bz2:1.07170510292:0.4640317:1.07
> 0:False:8,13:17163,2675
> 1:True:8,12:17163,2675
> 2:False:10,16:17163,2675
> 3:False:10,15:17163,2675
> 4:False:10,16:17163,2675
> 5:False:10,15:17163,2675
zeno-travel-suboptimal-old-noisy/10/zeno-travel_noisy_p03_hyp-2_10_3.tar.bz2:0.961574077606:0.3486514:0.96
> 0:False:8,11:17163,2675
> 1:True:8,10:17163,2675
> 2:True:10,12:17163,2675
> 3:True:10,12:17163,2675
> 4:True:10,12:17163,2675
> 5:True:10,12:17163,2675
zeno-travel-suboptimal-old-noisy/10/zeno-travel_noisy_p03_hyp-3_10_1.tar.bz2:1.16002297401:0.5494445:1.16
> 0:False:8,13:17163,2675
> 1:False:8,13:17163,2675
> 2:True:10,14:17163,2675
> 3:False:10,16:17163,2675
> 4:True:10,14:17163,2675
> 5:False:10,16:17163,2675
zeno-travel-suboptimal-old-noisy/10/zeno-travel_noisy_p03_hyp-3_10_2.tar.bz2:0.967146158218:0.3598588:0.97
> 0:False:8,13:17163,2675
> 1:False:8,13:17163,2675
> 2:True:10,12:17163,2675
> 3:False:10,15:17163,2675
> 4:True:10,12:17163,2675
> 5:False:10,14:17163,2675
zeno-travel-suboptimal-old-noisy/10/zeno-travel_noisy_p03_hyp-3_10_3.tar.bz2:0.962969064713:0.3545996:0.97
> 0:False:8,11:17163,2675
> 1:False:8,12:17163,2675
> 2:True:10,11:17163,2675
> 3:False:10,12:17163,2675
> 4:True:10,11:17163,2675
> 5:True:10,11:17163,2675
zeno-travel-suboptimal-old-noisy/10/zeno-travel_noisy_p03_hyp-4_10_1.tar.bz2:0.950253009796:0.3397479:0.96
> 0:False:8,10:17163,2675
> 1:True:8,9:17163,2675
> 2:True:10,11:17163,2675
> 3:True:10,11:17163,2675
> 4:True:10,11:17163,2675
> 5:True:10,11:17163,2675
zeno-travel-suboptimal-old-noisy/10/zeno-travel_noisy_p03_hyp-4_10_2.tar.bz2:1.22952699661:0.6231323:1.23
> 0:False:8,14:17163,2675
> 1:False:8,13:17163,2675
> 2:False:10,14:17163,2675
> 3:True:10,13:17163,2675
> 4:False:10,14:17163,2675
> 5:False:10,14:17163,2675
zeno-travel-suboptimal-old-noisy/10/zeno-travel_noisy_p03_hyp-4_10_3.tar.bz2:0.945564985275:0.3375487:0.95
> 0:False:8,12:17163,2675
> 1:False:8,11:17163,2675
> 2:False:10,12:17163,2675
> 3:True:10,11:17163,2675
> 4:False:10,12:17163,2675
> 5:False:10,12:17163,2675
zeno-travel-suboptimal-old-noisy/10/zeno-travel_noisy_p04_hyp-1_10_1.tar.bz2:0.869822025299:0.2604845:0.87
> 0:True:13,13:17163,2675
> 1:False:12,13:17163,2675
> 2:False:12,13:17163,2675
> 3:False:12,13:17163,2675
> 4:False:13,14:17163,2675
> 5:False:12,13:17163,2675
zeno-travel-suboptimal-old-noisy/10/zeno-travel_noisy_p04_hyp-1_10_2.tar.bz2:1.05959892273:0.4515668:1.05
> 0:True:13,15:17163,2675
> 1:False:12,15:17163,2675
> 2:True:12,14:17163,2675
> 3:False:12,15:17163,2675
> 4:True:13,15:17163,2675
> 5:True:12,14:17163,2675
zeno-travel-suboptimal-old-noisy/10/zeno-travel_noisy_p04_hyp-1_10_3.tar.bz2:0.864691972733:0.2550605:0.86
> 0:True:13,14:17163,2675
> 1:False:12,15:17163,2675
> 2:False:12,15:17163,2675
> 3:False:12,15:17163,2675
> 4:False:13,16:17163,2675
> 5:False:12,14:17163,2675
zeno-travel-suboptimal-old-noisy/10/zeno-travel_noisy_p04_hyp-2_10_1.tar.bz2:1.10193109512:0.4975676:1.11
> 0:True:13,15:17163,2675
> 1:True:12,14:17163,2675
> 2:False:12,15:17163,2675
> 3:False:12,15:17163,2675
> 4:True:13,15:17163,2675
> 5:False:12,15:17163,2675
zeno-travel-suboptimal-old-noisy/10/zeno-travel_noisy_p04_hyp-2_10_2.tar.bz2:0.865354061127:0.2548049:0.86
> 0:True:13,14:17163,2675
> 1:True:12,13:17163,2675
> 2:False:12,15:17163,2675
> 3:False:12,14:17163,2675
> 4:False:13,15:17163,2675
> 5:False:12,15:17163,2675
zeno-travel-suboptimal-old-noisy/10/zeno-travel_noisy_p04_hyp-2_10_3.tar.bz2:0.895823001862:0.2883018:0.9
> 0:True:13,16:17163,2675
> 1:True:12,15:17163,2675
> 2:False:12,17:17163,2675
> 3:False:12,16:17163,2675
> 4:False:13,17:17163,2675
> 5:False:12,17:17163,2675
zeno-travel-suboptimal-old-noisy/10/zeno-travel_noisy_p04_hyp-3_10_1.tar.bz2:0.877875089645:0.2666656:0.88
> 0:True:13,14:17163,2675
> 1:True:12,13:17163,2675
> 2:False:12,14:17163,2675
> 3:False:12,14:17163,2675
> 4:True:13,14:17163,2675
> 5:False:12,14:17163,2675
zeno-travel-suboptimal-old-noisy/10/zeno-travel_noisy_p04_hyp-3_10_2.tar.bz2:0.971041917801:0.3605349:0.98
> 0:False:13,17:17163,2675
> 1:False:12,17:17163,2675
> 2:True:12,14:17163,2675
> 3:False:12,16:17163,2675
> 4:True:13,15:17163,2675
> 5:False:12,15:17163,2675
zeno-travel-suboptimal-old-noisy/10/zeno-travel_noisy_p04_hyp-3_10_3.tar.bz2:1.18467998505:0.5772528:1.18
> 0:False:13,16:17163,2675
> 1:False:12,15:17163,2675
> 2:True:12,14:17163,2675
> 3:False:12,16:17163,2675
> 4:True:13,15:17163,2675
> 5:True:12,14:17163,2675
zeno-travel-suboptimal-old-noisy/10/zeno-travel_noisy_p04_hyp-4_10_1.tar.bz2:0.992518901825:0.3848092:0.99
> 0:True:13,16:17163,2675
> 1:False:12,16:17163,2675
> 2:False:12,16:17163,2675
> 3:True:12,15:17163,2675
> 4:False:13,17:17163,2675
> 5:False:12,16:17163,2675
zeno-travel-suboptimal-old-noisy/10/zeno-travel_noisy_p04_hyp-4_10_2.tar.bz2:0.865167856216:0.2567272:0.87
> 0:True:13,14:17163,2675
> 1:True:12,13:17163,2675
> 2:False:12,15:17163,2675
> 3:True:12,13:17163,2675
> 4:False:13,15:17163,2675
> 5:False:12,15:17163,2675
zeno-travel-suboptimal-old-noisy/10/zeno-travel_noisy_p04_hyp-4_10_3.tar.bz2:0.874063014984:0.2626087:0.87
> 0:True:13,13:17163,2675
> 1:True:12,12:17163,2675
> 2:False:12,14:17163,2675
> 3:False:12,13:17163,2675
> 4:False:13,14:17163,2675
> 5:False:12,14:17163,2675
zeno-travel-suboptimal-old-noisy/10/zeno-travel_noisy_p05_hyp-1_10_1.tar.bz2:10.300590992:9.51417:10.21
> 0:True:7,11:22795,3445
> 1:True:11,15:22795,3445
> 2:False:7,13:22795,3445
> 3:True:9,13:22795,3445
> 4:False:6,11:22795,3445
> 5:True:9,13:22795,3445
zeno-travel-suboptimal-old-noisy/10/zeno-travel_noisy_p05_hyp-1_10_2.tar.bz2:3.8052110672:3.082119:3.76
> 0:False:7,9:22795,3445
> 1:True:11,11:22795,3445
> 2:False:7,11:22795,3445
> 3:True:9,9:22795,3445
> 4:False:6,9:22795,3445
> 5:False:9,11:22795,3445
zeno-travel-suboptimal-old-noisy/10/zeno-travel_noisy_p05_hyp-1_10_3.tar.bz2:3.12984991074:2.432506:3.11
> 0:False:7,11:22795,3445
> 1:False:11,15:22795,3445
> 2:False:7,11:22795,3445
> 3:False:9,13:22795,3445
> 4:False:6,10:22795,3445
> 5:True:9,11:22795,3445
zeno-travel-suboptimal-old-noisy/10/zeno-travel_noisy_p05_hyp-2_10_1.tar.bz2:4.55902194977:3.860745:4.53
> 0:False:7,11:22795,3445
> 1:True:11,13:22795,3445
> 2:False:7,12:22795,3445
> 3:True:9,11:22795,3445
> 4:False:6,10:22795,3445
> 5:False:9,12:22795,3445
zeno-travel-suboptimal-old-noisy/10/zeno-travel_noisy_p05_hyp-2_10_2.tar.bz2:4.61842012405:3.877592:4.55
> 0:True:7,10:22795,3445
> 1:True:11,14:22795,3445
> 2:False:7,15:22795,3445
> 3:True:9,12:22795,3445
> 4:False:6,13:22795,3445
> 5:False:9,15:22795,3445
zeno-travel-suboptimal-old-noisy/10/zeno-travel_noisy_p05_hyp-2_10_3.tar.bz2:5.63094782829:4.934585:5.61
> 0:True:7,13:22795,3445
> 1:True:11,17:22795,3445
> 2:False:7,15:22795,3445
> 3:True:9,15:22795,3445
> 4:False:6,13:22795,3445
> 5:True:9,15:22795,3445
zeno-travel-suboptimal-old-noisy/10/zeno-travel_noisy_p05_hyp-3_10_1.tar.bz2:2.67716002464:1.9814:2.66
> 0:False:7,12:22795,3445
> 1:False:11,15:22795,3445
> 2:False:7,12:22795,3445
> 3:False:9,14:22795,3445
> 4:True:6,9:22795,3445
> 5:True:9,12:22795,3445
zeno-travel-suboptimal-old-noisy/10/zeno-travel_noisy_p05_hyp-3_10_2.tar.bz2:2.94461393356:2.249527:2.93
> 0:False:7,10:22795,3445
> 1:False:11,15:22795,3445
> 2:False:7,10:22795,3445
> 3:False:9,13:22795,3445
> 4:False:6,9:22795,3445
> 5:True:9,11:22795,3445
zeno-travel-suboptimal-old-noisy/10/zeno-travel_noisy_p05_hyp-3_10_3.tar.bz2:3.15668487549:2.45709:3.14
> 0:False:7,12:22795,3445
> 1:True:11,13:22795,3445
> 2:False:7,13:22795,3445
> 3:False:9,12:22795,3445
> 4:False:6,9:22795,3445
> 5:False:9,13:22795,3445
zeno-travel-suboptimal-old-noisy/10/zeno-travel_noisy_p05_hyp-4_10_1.tar.bz2:7.05688810349:6.339992:7.02
> 0:False:7,13:22795,3445
> 1:False:11,17:22795,3445
> 2:False:7,12:22795,3445
> 3:False:9,13:22795,3445
> 4:False:6,12:22795,3445
> 5:True:9,12:22795,3445
zeno-travel-suboptimal-old-noisy/10/zeno-travel_noisy_p05_hyp-4_10_2.tar.bz2:5.199832201:4.480407:5.16
> 0:False:7,14:22795,3445
> 1:True:11,14:22795,3445
> 2:False:7,12:22795,3445
> 3:False:9,14:22795,3445
> 4:False:6,12:22795,3445
> 5:True:9,12:22795,3445
zeno-travel-suboptimal-old-noisy/10/zeno-travel_noisy_p05_hyp-4_10_3.tar.bz2:2.70442295074:1.990528:2.67
> 0:False:7,10:22795,3445
> 1:False:11,15:22795,3445
> 2:False:7,10:22795,3445
> 3:False:9,13:22795,3445
> 4:False:6,9:22795,3445
> 5:True:9,11:22795,3445
zeno-travel-suboptimal-old-noisy/30/zeno-travel_noisy_p03_hyp-1_30_1.tar.bz2:1.11180496216:0.5053802:1.11
> 0:True:8,13:17166,2678
> 1:False:8,14:17166,2678
> 2:False:10,18:17166,2678
> 3:False:10,18:17166,2678
> 4:False:10,18:17166,2678
> 5:False:10,18:17166,2678
zeno-travel-suboptimal-old-noisy/30/zeno-travel_noisy_p03_hyp-1_30_2.tar.bz2:0.97207403183:0.3634275:0.97
> 0:True:8,10:17165,2677
> 1:False:8,11:17165,2677
> 2:False:10,15:17165,2677
> 3:False:10,15:17165,2677
> 4:False:10,15:17165,2677
> 5:False:10,15:17165,2677
zeno-travel-suboptimal-old-noisy/30/zeno-travel_noisy_p03_hyp-1_30_3.tar.bz2:1.26051497459:0.6505162:1.27
> 0:True:8,13:17166,2678
> 1:False:8,14:17166,2678
> 2:False:10,18:17166,2678
> 3:False:10,18:17166,2678
> 4:False:10,18:17166,2678
> 5:False:10,18:17166,2678
zeno-travel-suboptimal-old-noisy/30/zeno-travel_noisy_p03_hyp-2_30_1.tar.bz2:0.932505130768:0.3238861:0.93
> 0:False:8,12:17166,2678
> 1:True:8,11:17166,2678
> 2:False:10,15:17166,2678
> 3:False:10,14:17166,2678
> 4:False:10,15:17166,2678
> 5:False:10,14:17166,2678
zeno-travel-suboptimal-old-noisy/30/zeno-travel_noisy_p03_hyp-2_30_2.tar.bz2:0.959845066071:0.3482828:0.96
> 0:False:8,11:17165,2677
> 1:True:8,10:17165,2677
> 2:False:10,14:17165,2677
> 3:False:10,13:17165,2677
> 4:False:10,14:17165,2677
> 5:False:10,13:17165,2677
zeno-travel-suboptimal-old-noisy/30/zeno-travel_noisy_p03_hyp-2_30_3.tar.bz2:1.00472402573:0.3968944:1.0
> 0:False:8,12:17166,2678
> 1:True:8,11:17166,2678
> 2:False:10,15:17166,2678
> 3:False:10,14:17166,2678
> 4:False:10,15:17166,2678
> 5:False:10,14:17166,2678
zeno-travel-suboptimal-old-noisy/30/zeno-travel_noisy_p03_hyp-3_30_1.tar.bz2:0.969086885452:0.3611542:0.97
> 0:False:8,17:17168,2680
> 1:False:8,17:17168,2680
> 2:True:10,16:17168,2680
> 3:False:10,19:17168,2680
> 4:True:10,16:17168,2680
> 5:False:10,18:17168,2680
zeno-travel-suboptimal-old-noisy/30/zeno-travel_noisy_p03_hyp-3_30_2.tar.bz2:0.964925050735:0.3578975:0.97
> 0:False:8,15:17167,2679
> 1:False:8,16:17167,2679
> 2:True:10,15:17167,2679
> 3:False:10,17:17167,2679
> 4:True:10,15:17167,2679
> 5:False:10,16:17167,2679
zeno-travel-suboptimal-old-noisy/30/zeno-travel_noisy_p03_hyp-3_30_3.tar.bz2:0.958781003952:0.3525793:0.97
> 0:False:8,18:17167,2679
> 1:False:8,17:17167,2679
> 2:True:10,15:17167,2679
> 3:False:10,19:17167,2679
> 4:False:10,16:17167,2679
> 5:False:10,18:17167,2679
zeno-travel-suboptimal-old-noisy/30/zeno-travel_noisy_p03_hyp-4_30_1.tar.bz2:0.990212917328:0.3827856:0.99
> 0:False:8,16:17166,2678
> 1:False:8,17:17166,2678
> 2:False:10,17:17166,2678
> 3:True:10,15:17166,2678
> 4:False:10,16:17166,2678
> 5:False:10,17:17166,2678
zeno-travel-suboptimal-old-noisy/30/zeno-travel_noisy_p03_hyp-4_30_2.tar.bz2:0.946978092194:0.3401391:0.95
> 0:False:8,13:17166,2678
> 1:False:8,14:17166,2678
> 2:False:10,15:17166,2678
> 3:True:10,12:17166,2678
> 4:False:10,15:17166,2678
> 5:False:10,13:17166,2678
zeno-travel-suboptimal-old-noisy/30/zeno-travel_noisy_p03_hyp-4_30_3.tar.bz2:0.954683065414:0.3455887:0.95
> 0:False:8,14:17165,2677
> 1:False:8,14:17165,2677
> 2:False:10,16:17165,2677
> 3:True:10,14:17165,2677
> 4:True:10,14:17165,2677
> 5:False:10,15:17165,2677
zeno-travel-suboptimal-old-noisy/30/zeno-travel_noisy_p04_hyp-1_30_1.tar.bz2:0.859115839005:0.2526416:0.86
> 0:True:13,17:17167,2679
> 1:False:12,17:17167,2679
> 2:False:12,20:17167,2679
> 3:False:12,19:17167,2679
> 4:False:13,20:17167,2679
> 5:False:12,19:17167,2679
zeno-travel-suboptimal-old-noisy/30/zeno-travel_noisy_p04_hyp-1_30_2.tar.bz2:0.955537080765:0.3492468:0.96
> 0:True:13,17:17168,2680
> 1:False:12,17:17168,2680
> 2:False:12,18:17168,2680
> 3:False:12,17:17168,2680
> 4:False:13,18:17168,2680
> 5:False:12,18:17168,2680
zeno-travel-suboptimal-old-noisy/30/zeno-travel_noisy_p04_hyp-1_30_3.tar.bz2:0.872410058975:0.2626241:0.87
> 0:True:13,15:17168,2680
> 1:False:12,17:17168,2680
> 2:False:12,19:17168,2680
> 3:False:12,16:17168,2680
> 4:False:13,18:17168,2680
> 5:False:12,18:17168,2680
zeno-travel-suboptimal-old-noisy/30/zeno-travel_noisy_p04_hyp-2_30_1.tar.bz2:0.853986024857:0.2478241:0.85
> 0:False:13,16:17168,2680
> 1:True:12,13:17168,2680
> 2:False:12,15:17168,2680
> 3:False:12,16:17168,2680
> 4:False:13,16:17168,2680
> 5:False:12,16:17168,2680
zeno-travel-suboptimal-old-noisy/30/zeno-travel_noisy_p04_hyp-2_30_2.tar.bz2:0.918936014175:0.3101532:0.92
> 0:False:13,18:17167,2679
> 1:True:12,16:17167,2679
> 2:False:12,18:17167,2679
> 3:False:12,19:17167,2679
> 4:False:13,18:17167,2679
> 5:False:12,18:17167,2679
zeno-travel-suboptimal-old-noisy/30/zeno-travel_noisy_p04_hyp-2_30_3.tar.bz2:0.981196880341:0.3744296:0.97
> 0:True:13,20:17167,2679
> 1:False:12,20:17167,2679
> 2:False:12,21:17167,2679
> 3:False:12,20:17167,2679
> 4:False:13,21:17167,2679
> 5:False:12,21:17167,2679
zeno-travel-suboptimal-old-noisy/30/zeno-travel_noisy_p04_hyp-3_30_1.tar.bz2:1.24583888054:0.6377566:1.25
> 0:False:13,21:17168,2680
> 1:True:12,19:17168,2680
> 2:True:12,19:17168,2680
> 3:False:12,20:17168,2680
> 4:False:13,21:17168,2680
> 5:True:12,19:17168,2680
zeno-travel-suboptimal-old-noisy/30/zeno-travel_noisy_p04_hyp-3_30_2.tar.bz2:0.868399143219:0.2610101:0.87
> 0:False:13,22:17168,2680
> 1:False:12,21:17168,2680
> 2:True:12,18:17168,2680
> 3:False:12,21:17168,2680
> 4:True:13,19:17168,2680
> 5:False:12,20:17168,2680
zeno-travel-suboptimal-old-noisy/30/zeno-travel_noisy_p04_hyp-3_30_3.tar.bz2:0.949748039246:0.3405398:0.96
> 0:False:13,20:17168,2680
> 1:False:12,19:17168,2680
> 2:False:12,19:17168,2680
> 3:False:12,21:17168,2680
> 4:False:13,20:17168,2680
> 5:True:12,18:17168,2680
zeno-travel-suboptimal-old-noisy/30/zeno-travel_noisy_p04_hyp-4_30_1.tar.bz2:1.15103387833:0.542663:1.15
> 0:True:13,22:17168,2680
> 1:False:12,22:17168,2680
> 2:False:12,24:17168,2680
> 3:True:12,21:17168,2680
> 4:False:13,23:17168,2680
> 5:False:12,24:17168,2680
zeno-travel-suboptimal-old-noisy/30/zeno-travel_noisy_p04_hyp-4_30_2.tar.bz2:0.859529972076:0.2505551:0.86
> 0:True:13,16:17168,2680
> 1:False:12,17:17168,2680
> 2:False:12,17:17168,2680
> 3:True:12,15:17168,2680
> 4:False:13,17:17168,2680
> 5:True:12,15:17168,2680
zeno-travel-suboptimal-old-noisy/30/zeno-travel_noisy_p04_hyp-4_30_3.tar.bz2:0.960160017014:0.3523516:0.95
> 0:False:13,19:17168,2680
> 1:False:12,20:17168,2680
> 2:False:12,19:17168,2680
> 3:True:12,17:17168,2680
> 4:True:13,18:17168,2680
> 5:False:12,20:17168,2680
zeno-travel-suboptimal-old-noisy/30/zeno-travel_noisy_p05_hyp-1_30_1.tar.bz2:6.62702703476:5.893283:6.59
> 0:False:7,19:22799,3449
> 1:True:11,18:22799,3449
> 2:False:7,20:22799,3449
> 3:False:9,19:22799,3449
> 4:False:6,19:22799,3449
> 5:False:9,20:22799,3449
zeno-travel-suboptimal-old-noisy/30/zeno-travel_noisy_p05_hyp-1_30_2.tar.bz2:3.33512401581:2.613135:3.29
> 0:False:7,14:22800,3450
> 1:True:11,15:22800,3450
> 2:False:7,18:22800,3450
> 3:False:9,14:22800,3450
> 4:False:6,15:22800,3450
> 5:False:9,18:22800,3450
zeno-travel-suboptimal-old-noisy/30/zeno-travel_noisy_p05_hyp-1_30_3.tar.bz2:3.49690794945:2.802488:3.48
> 0:False:7,15:22800,3450
> 1:True:11,16:22800,3450
> 2:False:7,18:22800,3450
> 3:False:9,15:22800,3450
> 4:False:6,15:22800,3450
> 5:False:9,18:22800,3450
zeno-travel-suboptimal-old-noisy/30/zeno-travel_noisy_p05_hyp-2_30_1.tar.bz2:3.83546900749:3.141147:3.81
> 0:False:7,13:22798,3448
> 1:False:11,15:22798,3448
> 2:False:7,15:22798,3448
> 3:True:9,11:22798,3448
> 4:False:6,15:22798,3448
> 5:False:9,15:22798,3448
zeno-travel-suboptimal-old-noisy/30/zeno-travel_noisy_p05_hyp-2_30_2.tar.bz2:2.76369190216:2.06843:2.75
> 0:False:7,13:22798,3448
> 1:False:11,17:22798,3448
> 2:False:7,15:22798,3448
> 3:True:9,14:22798,3448
> 4:False:6,14:22798,3448
> 5:False:9,15:22798,3448
zeno-travel-suboptimal-old-noisy/30/zeno-travel_noisy_p05_hyp-2_30_3.tar.bz2:4.56153583527:3.859155:4.54
> 0:False:7,13:22797,3447
> 1:True:11,15:22797,3447
> 2:False:7,16:22797,3447
> 3:True:9,13:22797,3447
> 4:False:6,14:22797,3447
> 5:False:9,16:22797,3447
zeno-travel-suboptimal-old-noisy/30/zeno-travel_noisy_p05_hyp-3_30_1.tar.bz2:3.46019792557:2.768656:3.44
> 0:False:7,13:22797,3447
> 1:False:11,17:22797,3447
> 2:False:7,13:22797,3447
> 3:False:9,15:22797,3447
> 4:False:6,11:22797,3447
> 5:True:9,13:22797,3447
zeno-travel-suboptimal-old-noisy/30/zeno-travel_noisy_p05_hyp-3_30_2.tar.bz2:4.00000095367:3.307076:3.98
> 0:False:7,15:22797,3447
> 1:False:11,18:22797,3447
> 2:False:7,13:22797,3447
> 3:False:9,15:22797,3447
> 4:False:6,11:22797,3447
> 5:True:9,13:22797,3447
zeno-travel-suboptimal-old-noisy/30/zeno-travel_noisy_p05_hyp-3_30_3.tar.bz2:3.40514993668:2.707175:3.39
> 0:False:7,13:22797,3447
> 1:True:11,14:22797,3447
> 2:False:7,15:22797,3447
> 3:False:9,13:22797,3447
> 4:False:6,11:22797,3447
> 5:False:9,15:22797,3447
zeno-travel-suboptimal-old-noisy/30/zeno-travel_noisy_p05_hyp-4_30_1.tar.bz2:2.64928412437:1.956215:2.62
> 0:False:7,14:22798,3448
> 1:False:11,15:22798,3448
> 2:False:7,11:22798,3448
> 3:False:9,15:22798,3448
> 4:False:6,11:22798,3448
> 5:True:9,11:22798,3448
zeno-travel-suboptimal-old-noisy/30/zeno-travel_noisy_p05_hyp-4_30_2.tar.bz2:5.40197920799:4.691674:5.37
> 0:False:7,17:22797,3447
> 1:False:11,18:22797,3447
> 2:False:7,14:22797,3447
> 3:False:9,18:22797,3447
> 4:False:6,14:22797,3447
> 5:True:9,14:22797,3447
zeno-travel-suboptimal-old-noisy/30/zeno-travel_noisy_p05_hyp-4_30_3.tar.bz2:2.99261403084:2.276368:2.95
> 0:False:7,16:22798,3448
> 1:False:11,18:22798,3448
> 2:False:7,13:22798,3448
> 3:False:9,17:22798,3448
> 4:False:6,14:22798,3448
> 5:True:9,13:22798,3448
zeno-travel-suboptimal-old-noisy/50/zeno-travel_noisy_p03_hyp-1_50_1.tar.bz2:1.26242303848:0.6564869:1.27
> 0:True:8,19:17169,2681
> 1:False:8,20:17169,2681
> 2:False:10,22:17169,2681
> 3:False:10,23:17169,2681
> 4:False:10,22:17169,2681
> 5:False:10,22:17169,2681
zeno-travel-suboptimal-old-noisy/50/zeno-travel_noisy_p03_hyp-1_50_2.tar.bz2:0.956170082092:0.3486719:0.95
> 0:True:8,13:17169,2681
> 1:False:8,15:17169,2681
> 2:False:10,18:17169,2681
> 3:False:10,17:17169,2681
> 4:False:10,17:17169,2681
> 5:False:10,18:17169,2681
zeno-travel-suboptimal-old-noisy/50/zeno-travel_noisy_p03_hyp-1_50_3.tar.bz2:1.24807286263:0.6408224:1.25
> 0:True:8,16:17170,2682
> 1:False:8,17:17170,2682
> 2:False:10,21:17170,2682
> 3:False:10,21:17170,2682
> 4:False:10,21:17170,2682
> 5:False:10,21:17170,2682
zeno-travel-suboptimal-old-noisy/50/zeno-travel_noisy_p03_hyp-2_50_1.tar.bz2:1.49361014366:0.8886659:1.49
> 0:False:8,17:17169,2681
> 1:True:8,15:17169,2681
> 2:False:10,20:17169,2681
> 3:False:10,18:17169,2681
> 4:False:10,19:17169,2681
> 5:False:10,18:17169,2681
zeno-travel-suboptimal-old-noisy/50/zeno-travel_noisy_p03_hyp-2_50_2.tar.bz2:1.12079596519:0.5111801:1.12
> 0:False:8,16:17168,2680
> 1:True:8,14:17168,2680
> 2:False:10,19:17168,2680
> 3:False:10,18:17168,2680
> 4:False:10,18:17168,2680
> 5:False:10,18:17168,2680
zeno-travel-suboptimal-old-noisy/50/zeno-travel_noisy_p03_hyp-2_50_3.tar.bz2:0.952152013779:0.34137:0.96
> 0:False:8,13:17169,2681
> 1:True:8,11:17169,2681
> 2:False:10,17:17169,2681
> 3:False:10,16:17169,2681
> 4:False:10,16:17169,2681
> 5:False:10,16:17169,2681
zeno-travel-suboptimal-old-noisy/50/zeno-travel_noisy_p03_hyp-3_50_1.tar.bz2:1.05259394646:0.4459631:1.05
> 0:False:8,19:17170,2682
> 1:False:8,19:17170,2682
> 2:True:10,17:17170,2682
> 3:False:10,20:17170,2682
> 4:True:10,17:17170,2682
> 5:False:10,19:17170,2682
zeno-travel-suboptimal-old-noisy/50/zeno-travel_noisy_p03_hyp-3_50_2.tar.bz2:0.978940963745:0.3712548:0.98
> 0:False:8,19:17170,2682
> 1:False:8,19:17170,2682
> 2:True:10,18:17170,2682
> 3:False:10,21:17170,2682
> 4:True:10,18:17170,2682
> 5:False:10,20:17170,2682
zeno-travel-suboptimal-old-noisy/50/zeno-travel_noisy_p03_hyp-3_50_3.tar.bz2:0.938451051712:0.3307601:0.95
> 0:False:8,18:17170,2682
> 1:False:8,18:17170,2682
> 2:True:10,16:17170,2682
> 3:False:10,19:17170,2682
> 4:True:10,16:17170,2682
> 5:False:10,18:17170,2682
zeno-travel-suboptimal-old-noisy/50/zeno-travel_noisy_p03_hyp-4_50_1.tar.bz2:1.15013408661:0.5432818:1.15
> 0:False:8,19:17170,2682
> 1:False:8,19:17170,2682
> 2:False:10,21:17170,2682
> 3:True:10,17:17170,2682
> 4:False:10,19:17170,2682
> 5:False:10,19:17170,2682
zeno-travel-suboptimal-old-noisy/50/zeno-travel_noisy_p03_hyp-4_50_2.tar.bz2:0.948328018188:0.3402372:0.95
> 0:False:8,16:17169,2681
> 1:False:8,14:17169,2681
> 2:False:10,16:17169,2681
> 3:True:10,14:17169,2681
> 4:False:10,15:17169,2681
> 5:False:10,15:17169,2681
zeno-travel-suboptimal-old-noisy/50/zeno-travel_noisy_p03_hyp-4_50_3.tar.bz2:0.986540079117:0.377722:0.98
> 0:False:8,16:17170,2682
> 1:False:8,16:17170,2682
> 2:False:10,17:17170,2682
> 3:True:10,14:17170,2682
> 4:False:10,15:17170,2682
> 5:False:10,16:17170,2682
zeno-travel-suboptimal-old-noisy/50/zeno-travel_noisy_p04_hyp-1_50_1.tar.bz2:0.962853908539:0.3541514:0.96
> 0:True:13,18:17171,2683
> 1:False:12,19:17171,2683
> 2:False:12,21:17171,2683
> 3:False:12,19:17171,2683
> 4:False:13,21:17171,2683
> 5:False:12,19:17171,2683
zeno-travel-suboptimal-old-noisy/50/zeno-travel_noisy_p04_hyp-1_50_2.tar.bz2:0.869148015976:0.2589536:0.87
> 0:True:13,18:17171,2683
> 1:False:12,18:17171,2683
> 2:False:12,21:17171,2683
> 3:False:12,19:17171,2683
> 4:False:13,21:17171,2683
> 5:False:12,21:17171,2683
zeno-travel-suboptimal-old-noisy/50/zeno-travel_noisy_p04_hyp-1_50_3.tar.bz2:0.872348070145:0.2630711:0.87
> 0:True:13,18:17170,2682
> 1:False:12,19:17170,2682
> 2:False:12,22:17170,2682
> 3:False:12,19:17170,2682
> 4:False:13,22:17170,2682
> 5:False:12,21:17170,2682
zeno-travel-suboptimal-old-noisy/50/zeno-travel_noisy_p04_hyp-2_50_1.tar.bz2:0.877982139587:0.2680372:0.89
> 0:False:13,21:17170,2682
> 1:True:12,19:17170,2682
> 2:False:12,20:17170,2682
> 3:False:12,21:17170,2682
> 4:False:13,22:17170,2682
> 5:True:12,19:17170,2682
zeno-travel-suboptimal-old-noisy/50/zeno-travel_noisy_p04_hyp-2_50_2.tar.bz2:0.845901966095:0.2381118:0.84
> 0:False:13,20:17171,2683
> 1:True:12,18:17171,2683
> 2:False:12,21:17171,2683
> 3:False:12,21:17171,2683
> 4:False:13,21:17171,2683
> 5:False:12,22:17171,2683
zeno-travel-suboptimal-old-noisy/50/zeno-travel_noisy_p04_hyp-2_50_3.tar.bz2:0.929234981537:0.3191479:0.94
> 0:False:13,22:17171,2683
> 1:True:12,20:17171,2683
> 2:False:12,21:17171,2683
> 3:False:12,22:17171,2683
> 4:False:13,22:17171,2683
> 5:False:12,22:17171,2683
zeno-travel-suboptimal-old-noisy/50/zeno-travel_noisy_p04_hyp-3_50_1.tar.bz2:0.850167989731:0.241517:0.85
> 0:False:13,19:17171,2683
> 1:False:12,18:17171,2683
> 2:True:12,16:17171,2683
> 3:False:12,19:17171,2683
> 4:True:13,17:17171,2683
> 5:False:12,17:17171,2683
zeno-travel-suboptimal-old-noisy/50/zeno-travel_noisy_p04_hyp-3_50_2.tar.bz2:1.18640995026:0.5783492:1.18
> 0:False:13,22:17171,2683
> 1:False:12,21:17171,2683
> 2:True:12,17:17171,2683
> 3:False:12,21:17171,2683
> 4:False:13,19:17171,2683
> 5:False:12,19:17171,2683
zeno-travel-suboptimal-old-noisy/50/zeno-travel_noisy_p04_hyp-3_50_3.tar.bz2:0.876893997192:0.2686443:0.88
> 0:False:13,22:17170,2682
> 1:False:12,21:17170,2682
> 2:True:12,19:17170,2682
> 3:False:12,21:17170,2682
> 4:True:13,20:17170,2682
> 5:False:12,22:17170,2682
zeno-travel-suboptimal-old-noisy/50/zeno-travel_noisy_p04_hyp-4_50_1.tar.bz2:0.966715097427:0.3567439:0.96
> 0:True:13,18:17170,2682
> 1:False:12,18:17170,2682
> 2:False:12,20:17170,2682
> 3:True:12,17:17170,2682
> 4:False:13,20:17170,2682
> 5:False:12,20:17170,2682
zeno-travel-suboptimal-old-noisy/50/zeno-travel_noisy_p04_hyp-4_50_2.tar.bz2:1.10324001312:0.4956885:1.1
> 0:True:13,19:17170,2682
> 1:False:12,21:17170,2682
> 2:False:12,21:17170,2682
> 3:False:12,19:17170,2682
> 4:False:13,20:17170,2682
> 5:False:12,20:17170,2682
zeno-travel-suboptimal-old-noisy/50/zeno-travel_noisy_p04_hyp-4_50_3.tar.bz2:0.844079017639:0.2367588:0.84
> 0:True:13,19:17171,2683
> 1:False:12,19:17171,2683
> 2:False:12,19:17171,2683
> 3:True:12,18:17171,2683
> 4:True:13,19:17171,2683
> 5:False:12,20:17171,2683
zeno-travel-suboptimal-old-noisy/50/zeno-travel_noisy_p05_hyp-1_50_1.tar.bz2:2.73298311234:2.033073:2.72
> 0:False:7,16:22802,3452
> 1:True:11,18:22802,3452
> 2:False:7,20:22802,3452
> 3:False:9,18:22802,3452
> 4:False:6,17:22802,3452
> 5:False:9,20:22802,3452
zeno-travel-suboptimal-old-noisy/50/zeno-travel_noisy_p05_hyp-1_50_2.tar.bz2:3.71497893333:3.021765:3.69
> 0:False:7,18:22803,3453
> 1:True:11,16:22803,3453
> 2:False:7,20:22803,3453
> 3:False:9,18:22803,3453
> 4:False:6,19:22803,3453
> 5:False:9,20:22803,3453
zeno-travel-suboptimal-old-noisy/50/zeno-travel_noisy_p05_hyp-1_50_3.tar.bz2:6.38450717926:5.652423:6.34
> 0:False:7,19:22803,3453
> 1:True:11,21:22803,3453
> 2:False:7,21:22803,3453
> 3:False:9,20:22803,3453
> 4:False:6,18:22803,3453
> 5:False:9,21:22803,3453
zeno-travel-suboptimal-old-noisy/50/zeno-travel_noisy_p05_hyp-2_50_1.tar.bz2:3.62586092949:2.912049:3.59
> 0:False:7,17:22802,3452
> 1:False:11,19:22802,3452
> 2:False:7,20:22802,3452
> 3:True:9,16:22802,3452
> 4:False:6,19:22802,3452
> 5:False:9,20:22802,3452
zeno-travel-suboptimal-old-noisy/50/zeno-travel_noisy_p05_hyp-2_50_2.tar.bz2:3.77172112465:3.072522:3.76
> 0:False:7,16:22801,3451
> 1:False:11,18:22801,3451
> 2:False:7,19:22801,3451
> 3:True:9,15:22801,3451
> 4:False:6,18:22801,3451
> 5:False:9,19:22801,3451
zeno-travel-suboptimal-old-noisy/50/zeno-travel_noisy_p05_hyp-2_50_3.tar.bz2:3.27129888535:2.578838:3.25
> 0:False:7,17:22801,3451
> 1:False:11,21:22801,3451
> 2:False:7,19:22801,3451
> 3:True:9,17:22801,3451
> 4:False:6,19:22801,3451
> 5:False:9,19:22801,3451
zeno-travel-suboptimal-old-noisy/50/zeno-travel_noisy_p05_hyp-3_50_1.tar.bz2:3.01106619835:2.312713:3.0
> 0:False:7,17:22800,3450
> 1:False:11,20:22800,3450
> 2:False:7,17:22800,3450
> 3:False:9,19:22800,3450
> 4:True:6,13:22800,3450
> 5:False:9,17:22800,3450
zeno-travel-suboptimal-old-noisy/50/zeno-travel_noisy_p05_hyp-3_50_2.tar.bz2:3.36878919601:2.673312:3.35
> 0:False:7,17:22799,3449
> 1:False:11,20:22799,3449
> 2:False:7,17:22799,3449
> 3:False:9,19:22799,3449
> 4:True:6,13:22799,3449
> 5:False:9,17:22799,3449
zeno-travel-suboptimal-old-noisy/50/zeno-travel_noisy_p05_hyp-3_50_3.tar.bz2:2.57775902748:1.880634:2.56
> 0:True:7,13:22800,3450
> 1:True:11,17:22800,3450
> 2:False:7,15:22800,3450
> 3:True:9,15:22800,3450
> 4:True:6,12:22800,3450
> 5:True:9,15:22800,3450
zeno-travel-suboptimal-old-noisy/50/zeno-travel_noisy_p05_hyp-4_50_1.tar.bz2:2.6779229641:1.982591:2.66
> 0:False:7,18:22801,3451
> 1:False:11,20:22801,3451
> 2:False:7,17:22801,3451
> 3:False:9,19:22801,3451
> 4:False:6,18:22801,3451
> 5:True:9,17:22801,3451
zeno-travel-suboptimal-old-noisy/50/zeno-travel_noisy_p05_hyp-4_50_2.tar.bz2:2.78079605103:2.086682:2.76
> 0:False:7,18:22802,3452
> 1:False:11,20:22802,3452
> 2:False:7,14:22802,3452
> 3:False:9,18:22802,3452
> 4:False:6,16:22802,3452
> 5:True:9,14:22802,3452
zeno-travel-suboptimal-old-noisy/50/zeno-travel_noisy_p05_hyp-4_50_3.tar.bz2:3.36649179459:2.673872:3.35
> 0:False:7,21:22802,3452
> 1:False:11,23:22802,3452
> 2:False:7,17:22802,3452
> 3:False:9,21:22802,3452
> 4:False:6,19:22802,3452
> 5:True:9,17:22802,3452
zeno-travel-suboptimal-old-noisy/70/zeno-travel_noisy_p03_hyp-1_70_1.tar.bz2:1.22462391853:0.6136738:1.23
> 0:True:8,20:17172,2684
> 1:False:8,21:17172,2684
> 2:False:10,25:17172,2684
> 3:False:10,25:17172,2684
> 4:False:10,25:17172,2684
> 5:False:10,25:17172,2684
zeno-travel-suboptimal-old-noisy/70/zeno-travel_noisy_p03_hyp-1_70_2.tar.bz2:1.17110800743:0.5627021:1.17
> 0:True:8,21:17174,2686
> 1:False:8,23:17174,2686
> 2:False:10,27:17174,2686
> 3:False:10,26:17174,2686
> 4:False:10,26:17174,2686
> 5:False:10,27:17174,2686
zeno-travel-suboptimal-old-noisy/70/zeno-travel_noisy_p03_hyp-1_70_3.tar.bz2:1.0514330864:0.4401132:1.05
> 0:True:8,19:17173,2685
> 1:False:8,21:17173,2685
> 2:False:10,25:17173,2685
> 3:False:10,24:17173,2685
> 4:False:10,24:17173,2685
> 5:False:10,25:17173,2685
zeno-travel-suboptimal-old-noisy/70/zeno-travel_noisy_p03_hyp-2_70_1.tar.bz2:0.934611797333:0.3248162:0.94
> 0:False:8,15:17170,2682
> 1:True:8,13:17170,2682
> 2:False:10,19:17170,2682
> 3:False:10,18:17170,2682
> 4:False:10,18:17170,2682
> 5:False:10,18:17170,2682
zeno-travel-suboptimal-old-noisy/70/zeno-travel_noisy_p03_hyp-2_70_2.tar.bz2:1.1114552021:0.5034468:1.11
> 0:False:8,20:17172,2684
> 1:True:8,18:17172,2684
> 2:False:10,24:17172,2684
> 3:False:10,23:17172,2684
> 4:False:10,23:17172,2684
> 5:False:10,23:17172,2684
zeno-travel-suboptimal-old-noisy/70/zeno-travel_noisy_p03_hyp-2_70_3.tar.bz2:0.944074869156:0.3352842:0.95
> 0:False:8,17:17171,2683
> 1:True:8,15:17171,2683
> 2:False:10,20:17171,2683
> 3:False:10,19:17171,2683
> 4:False:10,19:17171,2683
> 5:False:10,19:17171,2683
zeno-travel-suboptimal-old-noisy/70/zeno-travel_noisy_p03_hyp-3_70_1.tar.bz2:1.06475186348:0.4570333:1.07
> 0:False:8,23:17172,2684
> 1:False:8,23:17172,2684
> 2:True:10,20:17172,2684
> 3:False:10,24:17172,2684
> 4:False:10,21:17172,2684
> 5:False:10,23:17172,2684
zeno-travel-suboptimal-old-noisy/70/zeno-travel_noisy_p03_hyp-3_70_2.tar.bz2:1.09975719452:0.487306:1.09
> 0:False:8,25:17173,2685
> 1:False:8,25:17173,2685
> 2:True:10,23:17173,2685
> 3:False:10,27:17173,2685
> 4:False:10,25:17173,2685
> 5:False:10,25:17173,2685
zeno-travel-suboptimal-old-noisy/70/zeno-travel_noisy_p03_hyp-3_70_3.tar.bz2:1.14029502869:0.5313011:1.15
> 0:False:8,22:17174,2686
> 1:False:8,22:17174,2686
> 2:True:10,19:17174,2686
> 3:False:10,23:17174,2686
> 4:False:10,20:17174,2686
> 5:False:10,22:17174,2686
zeno-travel-suboptimal-old-noisy/70/zeno-travel_noisy_p03_hyp-4_70_1.tar.bz2:1.01132512093:0.4033798:1.01
> 0:False:8,20:17173,2685
> 1:False:8,20:17173,2685
> 2:False:10,22:17173,2685
> 3:True:10,17:17173,2685
> 4:False:10,20:17173,2685
> 5:False:10,19:17173,2685
zeno-travel-suboptimal-old-noisy/70/zeno-travel_noisy_p03_hyp-4_70_2.tar.bz2:1.35578203201:0.749141:1.35
> 0:False:8,22:17173,2685
> 1:False:8,22:17173,2685
> 2:False:10,24:17173,2685
> 3:True:10,20:17173,2685
> 4:False:10,22:17173,2685
> 5:False:10,22:17173,2685
zeno-travel-suboptimal-old-noisy/70/zeno-travel_noisy_p03_hyp-4_70_3.tar.bz2:1.15805101395:0.5502812:1.16
> 0:False:8,23:17172,2684
> 1:False:8,24:17172,2684
> 2:False:10,25:17172,2684
> 3:True:10,21:17172,2684
> 4:False:10,24:17172,2684
> 5:False:10,23:17172,2684
zeno-travel-suboptimal-old-noisy/70/zeno-travel_noisy_p04_hyp-1_70_1.tar.bz2:0.901943922043:0.2922881:0.91
> 0:True:13,22:17174,2686
> 1:False:12,23:17174,2686
> 2:False:12,26:17174,2686
> 3:False:12,23:17174,2686
> 4:False:13,26:17174,2686
> 5:False:12,24:17174,2686
zeno-travel-suboptimal-old-noisy/70/zeno-travel_noisy_p04_hyp-1_70_2.tar.bz2:0.950628042221:0.3440326:0.94
> 0:True:13,23:17173,2685
> 1:False:12,24:17173,2685
> 2:False:12,26:17173,2685
> 3:False:12,23:17173,2685
> 4:False:13,26:17173,2685
> 5:False:12,25:17173,2685
zeno-travel-suboptimal-old-noisy/70/zeno-travel_noisy_p04_hyp-1_70_3.tar.bz2:0.843724012375:0.2355468:0.85
> 0:True:13,20:17175,2687
> 1:False:12,21:17175,2687
> 2:False:12,24:17175,2687
> 3:False:12,21:17175,2687
> 4:False:13,24:17175,2687
> 5:False:12,22:17175,2687
zeno-travel-suboptimal-old-noisy/70/zeno-travel_noisy_p04_hyp-2_70_1.tar.bz2:0.839106082916:0.2307644:0.84
> 0:False:13,23:17175,2687
> 1:True:12,21:17175,2687
> 2:False:12,23:17175,2687
> 3:False:12,23:17175,2687
> 4:False:13,23:17175,2687
> 5:False:12,25:17175,2687
zeno-travel-suboptimal-old-noisy/70/zeno-travel_noisy_p04_hyp-2_70_2.tar.bz2:0.994811058044:0.3863619:0.99
> 0:False:13,22:17174,2686
> 1:True:12,20:17174,2686
> 2:False:12,23:17174,2686
> 3:False:12,23:17174,2686
> 4:False:13,24:17174,2686
> 5:False:12,23:17174,2686
zeno-travel-suboptimal-old-noisy/70/zeno-travel_noisy_p04_hyp-2_70_3.tar.bz2:0.854673862457:0.2437758:0.86
> 0:False:13,23:17175,2687
> 1:True:12,20:17175,2687
> 2:False:12,22:17175,2687
> 3:False:12,24:17175,2687
> 4:False:13,23:17175,2687
> 5:False:12,22:17175,2687
zeno-travel-suboptimal-old-noisy/70/zeno-travel_noisy_p04_hyp-3_70_1.tar.bz2:0.841995000839:0.2336629:0.84
> 0:False:13,24:17173,2685
> 1:False:12,23:17173,2685
> 2:True:12,19:17173,2685
> 3:False:12,23:17173,2685
> 4:True:13,20:17173,2685
> 5:False:12,21:17173,2685
zeno-travel-suboptimal-old-noisy/70/zeno-travel_noisy_p04_hyp-3_70_2.tar.bz2:1.91516304016:1.308832:1.91
> 0:False:13,27:17174,2686
> 1:False:12,26:17174,2686
> 2:True:12,23:17174,2686
> 3:False:12,26:17174,2686
> 4:True:13,24:17174,2686
> 5:False:12,24:17174,2686
zeno-travel-suboptimal-old-noisy/70/zeno-travel_noisy_p04_hyp-3_70_3.tar.bz2:0.920346021652:0.3122865:0.93
> 0:False:13,25:17173,2685
> 1:False:12,24:17173,2685
> 2:True:12,21:17173,2685
> 3:False:12,24:17173,2685
> 4:True:13,22:17173,2685
> 5:False:12,23:17173,2685
zeno-travel-suboptimal-old-noisy/70/zeno-travel_noisy_p04_hyp-4_70_1.tar.bz2:0.987587928772:0.3793012:0.99
> 0:True:13,25:17174,2686
> 1:False:12,26:17174,2686
> 2:False:12,27:17174,2686
> 3:True:12,24:17174,2686
> 4:False:13,26:17174,2686
> 5:False:12,28:17174,2686
zeno-travel-suboptimal-old-noisy/70/zeno-travel_noisy_p04_hyp-4_70_2.tar.bz2:0.88595199585:0.2750105:0.89
> 0:False:13,23:17175,2687
> 1:False:12,24:17175,2687
> 2:False:12,24:17175,2687
> 3:True:12,21:17175,2687
> 4:False:13,23:17175,2687
> 5:False:12,25:17175,2687
zeno-travel-suboptimal-old-noisy/70/zeno-travel_noisy_p04_hyp-4_70_3.tar.bz2:0.847066879272:0.2387359:0.85
> 0:False:13,23:17175,2687
> 1:False:12,23:17175,2687
> 2:False:12,24:17175,2687
> 3:True:12,21:17175,2687
> 4:False:13,24:17175,2687
> 5:False:12,25:17175,2687
zeno-travel-suboptimal-old-noisy/70/zeno-travel_noisy_p05_hyp-1_70_1.tar.bz2:2.63172006607:1.937908:2.61
> 0:False:7,20:22807,3457
> 1:True:11,20:22807,3457
> 2:False:7,22:22807,3457
> 3:False:9,22:22807,3457
> 4:False:6,21:22807,3457
> 5:False:9,22:22807,3457
zeno-travel-suboptimal-old-noisy/70/zeno-travel_noisy_p05_hyp-1_70_2.tar.bz2:2.86372208595:2.164296:2.83
> 0:False:7,23:22806,3456
> 1:True:11,23:22806,3456
> 2:False:7,25:22806,3456
> 3:False:9,25:22806,3456
> 4:False:6,23:22806,3456
> 5:False:9,25:22806,3456
zeno-travel-suboptimal-old-noisy/70/zeno-travel_noisy_p05_hyp-1_70_3.tar.bz2:2.80660510063:2.114579:2.78
> 0:False:7,23:22806,3456
> 1:True:11,23:22806,3456
> 2:False:7,23:22806,3456
> 3:False:9,25:22806,3456
> 4:False:6,22:22806,3456
> 5:False:9,23:22806,3456
zeno-travel-suboptimal-old-noisy/70/zeno-travel_noisy_p05_hyp-2_70_1.tar.bz2:2.64872002602:1.95349:2.63
> 0:False:7,20:22807,3457
> 1:False:11,22:22807,3457
> 2:False:7,22:22807,3457
> 3:True:9,18:22807,3457
> 4:False:6,22:22807,3457
> 5:False:9,22:22807,3457
zeno-travel-suboptimal-old-noisy/70/zeno-travel_noisy_p05_hyp-2_70_2.tar.bz2:3.37973499298:2.679564:3.36
> 0:False:7,22:22805,3455
> 1:False:11,24:22805,3455
> 2:False:7,24:22805,3455
> 3:True:9,20:22805,3455
> 4:False:6,24:22805,3455
> 5:False:9,24:22805,3455
zeno-travel-suboptimal-old-noisy/70/zeno-travel_noisy_p05_hyp-2_70_3.tar.bz2:6.04452109337:5.328273:6.0
> 0:False:7,21:22806,3456
> 1:False:11,23:22806,3456
> 2:False:7,23:22806,3456
> 3:True:9,19:22806,3456
> 4:False:6,23:22806,3456
> 5:False:9,23:22806,3456
zeno-travel-suboptimal-old-noisy/70/zeno-travel_noisy_p05_hyp-3_70_1.tar.bz2:4.42155003548:3.70624:4.39
> 0:False:7,21:22802,3452
> 1:False:11,24:22802,3452
> 2:False:7,21:22802,3452
> 3:False:9,23:22802,3452
> 4:True:6,17:22802,3452
> 5:False:9,21:22802,3452
zeno-travel-suboptimal-old-noisy/70/zeno-travel_noisy_p05_hyp-3_70_2.tar.bz2:16.9690611362:16.20249:16.88
> 0:False:7,21:22801,3451
> 1:False:11,24:22801,3451
> 2:False:7,21:22801,3451
> 3:False:9,23:22801,3451
> 4:True:6,17:22801,3451
> 5:False:9,21:22801,3451
zeno-travel-suboptimal-old-noisy/70/zeno-travel_noisy_p05_hyp-3_70_3.tar.bz2:2.71504306793:2.003542:2.68
> 0:False:7,20:22802,3452
> 1:False:11,22:22802,3452
> 2:False:7,19:22802,3452
> 3:False:9,21:22802,3452
> 4:True:6,15:22802,3452
> 5:False:9,19:22802,3452
zeno-travel-suboptimal-old-noisy/70/zeno-travel_noisy_p05_hyp-4_70_1.tar.bz2:2.9637658596:2.266931:2.95
> 0:False:7,22:22806,3456
> 1:False:11,24:22806,3456
> 2:False:7,20:22806,3456
> 3:False:9,22:22806,3456
> 4:False:6,22:22806,3456
> 5:True:9,20:22806,3456
zeno-travel-suboptimal-old-noisy/70/zeno-travel_noisy_p05_hyp-4_70_2.tar.bz2:2.83473300934:2.141496:2.81
> 0:False:7,25:22805,3455
> 1:False:11,25:22805,3455
> 2:False:7,21:22805,3455
> 3:False:9,25:22805,3455
> 4:False:6,20:22805,3455
> 5:True:9,21:22805,3455
zeno-travel-suboptimal-old-noisy/70/zeno-travel_noisy_p05_hyp-4_70_3.tar.bz2:3.16591286659:2.471152:3.15
> 0:False:7,24:22806,3456
> 1:False:11,26:22806,3456
> 2:False:7,22:22806,3456
> 3:False:9,26:22806,3456
> 4:False:6,22:22806,3456
> 5:True:9,22:22806,3456
zeno-travel-suboptimal-old-noisy/100/zeno-travel_noisy_p03_hyp-1_full_1.tar.bz2:1.04309606552:0.4328529:1.04
> 0:True:8,24:17177,2689
> 1:False:8,26:17177,2689
> 2:False:10,30:17177,2689
> 3:False:10,29:17177,2689
> 4:False:10,29:17177,2689
> 5:False:10,30:17177,2689
zeno-travel-suboptimal-old-noisy/100/zeno-travel_noisy_p03_hyp-1_full_2.tar.bz2:1.28498387337:0.6784513:1.29
> 0:True:8,24:17177,2689
> 1:False:8,26:17177,2689
> 2:False:10,28:17177,2689
> 3:False:10,28:17177,2689
> 4:False:10,27:17177,2689
> 5:False:10,28:17177,2689
zeno-travel-suboptimal-old-noisy/100/zeno-travel_noisy_p03_hyp-1_full_3.tar.bz2:1.02125597:0.4113271:1.02
> 0:True:8,22:17177,2689
> 1:False:8,24:17177,2689
> 2:False:10,28:17177,2689
> 3:False:10,27:17177,2689
> 4:False:10,27:17177,2689
> 5:False:10,28:17177,2689
zeno-travel-suboptimal-old-noisy/100/zeno-travel_noisy_p03_hyp-2_full_1.tar.bz2:0.963371038437:0.3555401:0.97
> 0:False:8,20:17175,2687
> 1:True:8,18:17175,2687
> 2:False:10,24:17175,2687
> 3:False:10,23:17175,2687
> 4:False:10,23:17175,2687
> 5:False:10,23:17175,2687
zeno-travel-suboptimal-old-noisy/100/zeno-travel_noisy_p03_hyp-2_full_2.tar.bz2:1.1032140255:0.4957088:1.1
> 0:False:8,22:17175,2687
> 1:True:8,20:17175,2687
> 2:False:10,26:17175,2687
> 3:False:10,25:17175,2687
> 4:False:10,25:17175,2687
> 5:False:10,25:17175,2687
zeno-travel-suboptimal-old-noisy/100/zeno-travel_noisy_p03_hyp-2_full_3.tar.bz2:1.28515696526:0.67698:1.28
> 0:False:8,23:17175,2687
> 1:True:8,21:17175,2687
> 2:False:10,27:17175,2687
> 3:False:10,26:17175,2687
> 4:False:10,26:17175,2687
> 5:False:10,26:17175,2687
zeno-travel-suboptimal-old-noisy/100/zeno-travel_noisy_p03_hyp-3_full_1.tar.bz2:1.14981508255:0.5454256:1.15
> 0:False:8,28:17178,2690
> 1:False:8,28:17178,2690
> 2:True:10,24:17178,2690
> 3:False:10,29:17178,2690
> 4:False:10,26:17178,2690
> 5:False:10,27:17178,2690
zeno-travel-suboptimal-old-noisy/100/zeno-travel_noisy_p03_hyp-3_full_2.tar.bz2:1.01327395439:0.4045881:1.02
> 0:False:8,28:17178,2690
> 1:False:8,28:17178,2690
> 2:True:10,24:17178,2690
> 3:False:10,29:17178,2690
> 4:False:10,26:17178,2690
> 5:False:10,27:17178,2690
zeno-travel-suboptimal-old-noisy/100/zeno-travel_noisy_p03_hyp-3_full_3.tar.bz2:1.02882003784:0.4192133:1.03
> 0:False:8,29:17178,2690
> 1:False:8,29:17178,2690
> 2:True:10,25:17178,2690
> 3:False:10,30:17178,2690
> 4:False:10,27:17178,2690
> 5:False:10,28:17178,2690
zeno-travel-suboptimal-old-noisy/100/zeno-travel_noisy_p03_hyp-4_full_1.tar.bz2:1.05630087852:0.4453583:1.05
> 0:False:8,24:17176,2688
> 1:False:8,24:17176,2688
> 2:False:10,25:17176,2688
> 3:True:10,21:17176,2688
> 4:False:10,23:17176,2688
> 5:False:10,22:17176,2688
zeno-travel-suboptimal-old-noisy/100/zeno-travel_noisy_p03_hyp-4_full_2.tar.bz2:1.1936981678:0.5877933:1.2
> 0:False:8,24:17176,2688
> 1:False:8,24:17176,2688
> 2:False:10,26:17176,2688
> 3:True:10,21:17176,2688
> 4:False:10,24:17176,2688
> 5:False:10,23:17176,2688
zeno-travel-suboptimal-old-noisy/100/zeno-travel_noisy_p03_hyp-4_full_3.tar.bz2:1.09967589378:0.490615:1.11
> 0:False:8,23:17176,2688
> 1:False:8,23:17176,2688
> 2:False:10,25:17176,2688
> 3:True:10,20:17176,2688
> 4:False:10,23:17176,2688
> 5:False:10,22:17176,2688
zeno-travel-suboptimal-old-noisy/100/zeno-travel_noisy_p04_hyp-1_full_1.tar.bz2:0.952794075012:0.3436519:0.95
> 0:True:13,24:17179,2691
> 1:False:12,26:17179,2691
> 2:False:12,28:17179,2691
> 3:False:12,24:17179,2691
> 4:False:13,27:17179,2691
> 5:False:12,27:17179,2691
zeno-travel-suboptimal-old-noisy/100/zeno-travel_noisy_p04_hyp-1_full_2.tar.bz2:0.981770992279:0.3743495:0.99
> 0:True:13,25:17179,2691
> 1:False:12,27:17179,2691
> 2:False:12,30:17179,2691
> 3:False:12,26:17179,2691
> 4:False:13,29:17179,2691
> 5:False:12,28:17179,2691
zeno-travel-suboptimal-old-noisy/100/zeno-travel_noisy_p04_hyp-1_full_3.tar.bz2:1.01723003387:0.4080969:1.02
> 0:True:13,24:17179,2691
> 1:False:12,26:17179,2691
> 2:False:12,29:17179,2691
> 3:False:12,25:17179,2691
> 4:False:13,28:17179,2691
> 5:False:12,27:17179,2691
zeno-travel-suboptimal-old-noisy/100/zeno-travel_noisy_p04_hyp-2_full_1.tar.bz2:1.08404898643:0.4776132:1.08
> 0:False:13,27:17180,2692
> 1:True:12,25:17180,2692
> 2:False:12,29:17180,2692
> 3:False:12,29:17180,2692
> 4:False:13,29:17180,2692
> 5:False:12,29:17180,2692
zeno-travel-suboptimal-old-noisy/100/zeno-travel_noisy_p04_hyp-2_full_2.tar.bz2:0.98041510582:0.3712275:0.98
> 0:False:13,26:17180,2692
> 1:True:12,24:17180,2692
> 2:False:12,27:17180,2692
> 3:False:12,27:17180,2692
> 4:False:13,28:17180,2692
> 5:False:12,27:17180,2692
zeno-travel-suboptimal-old-noisy/100/zeno-travel_noisy_p04_hyp-2_full_3.tar.bz2:1.08582305908:0.4775112:1.09
> 0:False:13,28:17180,2692
> 1:True:12,26:17180,2692
> 2:False:12,29:17180,2692
> 3:False:12,29:17180,2692
> 4:False:13,30:17180,2692
> 5:False:12,29:17180,2692
zeno-travel-suboptimal-old-noisy/100/zeno-travel_noisy_p04_hyp-3_full_1.tar.bz2:0.949934005737:0.3391431:0.94
> 0:False:13,29:17179,2691
> 1:False:12,28:17179,2691
> 2:False:12,25:17179,2691
> 3:False:12,28:17179,2691
> 4:True:13,25:17179,2691
> 5:False:12,27:17179,2691
zeno-travel-suboptimal-old-noisy/100/zeno-travel_noisy_p04_hyp-3_full_2.tar.bz2:0.983724832535:0.3745643:0.98
> 0:False:13,29:17179,2691
> 1:False:12,27:17179,2691
> 2:True:12,23:17179,2691
> 3:False:12,28:17179,2691
> 4:False:13,25:17179,2691
> 5:False:12,25:17179,2691
zeno-travel-suboptimal-old-noisy/100/zeno-travel_noisy_p04_hyp-3_full_3.tar.bz2:1.17119693756:0.5636551:1.17
> 0:False:13,31:17179,2691
> 1:False:12,29:17179,2691
> 2:True:12,26:17179,2691
> 3:False:12,30:17179,2691
> 4:False:13,28:17179,2691
> 5:False:12,29:17179,2691
zeno-travel-suboptimal-old-noisy/100/zeno-travel_noisy_p04_hyp-4_full_1.tar.bz2:0.932094097137:0.3240709:0.93
> 0:False:13,26:17180,2692
> 1:False:12,28:17180,2692
> 2:False:12,29:17180,2692
> 3:True:12,24:17180,2692
> 4:False:13,28:17180,2692
> 5:False:12,29:17180,2692
zeno-travel-suboptimal-old-noisy/100/zeno-travel_noisy_p04_hyp-4_full_2.tar.bz2:1.05809092522:0.4495358:1.06
> 0:True:13,27:17180,2692
> 1:False:12,29:17180,2692
> 2:False:12,30:17180,2692
> 3:True:12,26:17180,2692
> 4:False:13,29:17180,2692
> 5:False:12,30:17180,2692
zeno-travel-suboptimal-old-noisy/100/zeno-travel_noisy_p04_hyp-4_full_3.tar.bz2:0.844084024429:0.2349379:0.84
> 0:True:13,25:17180,2692
> 1:False:12,27:17180,2692
> 2:False:12,28:17180,2692
> 3:True:12,24:17180,2692
> 4:False:13,27:17180,2692
> 5:False:12,28:17180,2692
zeno-travel-suboptimal-old-noisy/100/zeno-travel_noisy_p05_hyp-1_full_1.tar.bz2:15.0031759739:14.23069:14.9
> 0:False:7,29:22812,3462
> 1:True:11,29:22812,3462
> 2:False:7,31:22812,3462
> 3:False:9,31:22812,3462
> 4:False:6,30:22812,3462
> 5:False:9,31:22812,3462
zeno-travel-suboptimal-old-noisy/100/zeno-travel_noisy_p05_hyp-1_full_2.tar.bz2:56.3715510368:55.57039:56.26
> 0:False:7,29:22812,3462
> 1:True:11,29:22812,3462
> 2:False:7,31:22812,3462
> 3:False:9,31:22812,3462
> 4:False:6,30:22812,3462
> 5:False:9,31:22812,3462
zeno-travel-suboptimal-old-noisy/100/zeno-travel_noisy_p05_hyp-1_full_3.tar.bz2:4.60746884346:3.895172:4.56
> 0:False:7,28:22812,3462
> 1:True:11,28:22812,3462
> 2:False:7,30:22812,3462
> 3:False:9,30:22812,3462
> 4:False:6,29:22812,3462
> 5:False:9,30:22812,3462
zeno-travel-suboptimal-old-noisy/100/zeno-travel_noisy_p05_hyp-2_full_1.tar.bz2:4.63186097145:3.933807:4.61
> 0:False:7,25:22810,3460
> 1:False:11,29:22810,3460
> 2:False:7,28:22810,3460
> 3:True:9,25:22810,3460
> 4:False:6,28:22810,3460
> 5:False:9,28:22810,3460
zeno-travel-suboptimal-old-noisy/100/zeno-travel_noisy_p05_hyp-2_full_2.tar.bz2:6.02547311783:5.308294:6.0
> 0:False:7,27:22810,3460
> 1:False:11,31:22810,3460
> 2:False:7,29:22810,3460
> 3:True:9,27:22810,3460
> 4:False:6,29:22810,3460
> 5:False:9,29:22810,3460
zeno-travel-suboptimal-old-noisy/100/zeno-travel_noisy_p05_hyp-2_full_3.tar.bz2:3.80811619759:3.096154:3.77
> 0:False:7,26:22810,3460
> 1:False:11,30:22810,3460
> 2:False:7,28:22810,3460
> 3:True:9,26:22810,3460
> 4:False:6,28:22810,3460
> 5:False:9,28:22810,3460
zeno-travel-suboptimal-old-noisy/100/zeno-travel_noisy_p05_hyp-3_full_1.tar.bz2:3.68335795403:2.987972:3.67
> 0:False:7,23:22805,3455
> 1:True:11,26:22805,3455
> 2:False:7,25:22805,3455
> 3:False:9,25:22805,3455
> 4:True:6,21:22805,3455
> 5:False:9,25:22805,3455
zeno-travel-suboptimal-old-noisy/100/zeno-travel_noisy_p05_hyp-3_full_2.tar.bz2:5.18690490723:4.467393:5.14
> 0:False:7,26:22805,3455
> 1:False:11,29:22805,3455
> 2:False:7,25:22805,3455
> 3:False:9,27:22805,3455
> 4:True:6,22:22805,3455
> 5:True:9,25:22805,3455
zeno-travel-suboptimal-old-noisy/100/zeno-travel_noisy_p05_hyp-3_full_3.tar.bz2:3.0987830162:2.382712:3.06
> 0:False:7,23:22805,3455
> 1:False:11,25:22805,3455
> 2:False:7,22:22805,3455
> 3:False:9,25:22805,3455
> 4:True:6,19:22805,3455
> 5:True:9,22:22805,3455
zeno-travel-suboptimal-old-noisy/100/zeno-travel_noisy_p05_hyp-4_full_1.tar.bz2:2.73821592331:2.044001:2.71
> 0:False:7,26:22809,3459
> 1:False:11,28:22809,3459
> 2:False:7,24:22809,3459
> 3:False:9,26:22809,3459
> 4:False:6,26:22809,3459
> 5:True:9,24:22809,3459
zeno-travel-suboptimal-old-noisy/100/zeno-travel_noisy_p05_hyp-4_full_2.tar.bz2:14.4044392109:13.63256:14.31
> 0:False:7,31:22810,3460
> 1:False:11,32:22810,3460
> 2:False:7,27:22810,3460
> 3:False:9,31:22810,3460
> 4:False:6,28:22810,3460
> 5:True:9,27:22810,3460
zeno-travel-suboptimal-old-noisy/100/zeno-travel_noisy_p05_hyp-4_full_3.tar.bz2:2.746997118:2.025034:2.7
> 0:False:7,28:22810,3460
> 1:False:11,30:22810,3460
> 2:False:7,24:22810,3460
> 3:False:9,28:22810,3460
> 4:False:6,26:22810,3460
> 5:True:9,24:22810,3460
