zeno-travel-optimal-old-noisy/10/zeno-travel_noisy_p03_hyp-1_10_1.tar.bz2:1.04380011559:0.4342923:1.04
> 0:True:8,8:17162,2674
> 1:True:8,8:17162,2674
> 2:True:10,10:17162,2674
> 3:False:10,11:17162,2674
> 4:True:10,10:17162,2674
> 5:False:10,11:17162,2674
zeno-travel-optimal-old-noisy/10/zeno-travel_noisy_p03_hyp-1_10_2.tar.bz2:0.950991868973:0.3438351:0.96
> 0:True:8,8:17162,2674
> 1:False:8,9:17162,2674
> 2:True:10,10:17162,2674
> 3:True:10,10:17162,2674
> 4:True:10,10:17162,2674
> 5:True:10,10:17162,2674
zeno-travel-optimal-old-noisy/10/zeno-travel_noisy_p03_hyp-1_10_3.tar.bz2:1.04149699211:0.4354149:1.03
> 0:True:8,8:17162,2674
> 1:True:8,8:17162,2674
> 2:False:10,12:17162,2674
> 3:False:10,11:17162,2674
> 4:False:10,12:17162,2674
> 5:False:10,11:17162,2674
zeno-travel-optimal-old-noisy/10/zeno-travel_noisy_p03_hyp-2_10_1.tar.bz2:0.960713148117:0.3536852:0.96
> 0:True:8,8:17162,2674
> 1:True:8,8:17162,2674
> 2:True:10,10:17162,2674
> 3:True:10,10:17162,2674
> 4:True:10,10:17162,2674
> 5:True:10,10:17162,2674
zeno-travel-optimal-old-noisy/10/zeno-travel_noisy_p03_hyp-2_10_2.tar.bz2:0.95978307724:0.3558861:0.95
> 0:True:8,8:17162,2674
> 1:True:8,8:17162,2674
> 2:True:10,10:17162,2674
> 3:True:10,10:17162,2674
> 4:True:10,10:17162,2674
> 5:True:10,10:17162,2674
zeno-travel-optimal-old-noisy/10/zeno-travel_noisy_p03_hyp-2_10_3.tar.bz2:1.1434071064:0.5352594:1.14
> 0:True:8,8:17162,2674
> 1:True:8,8:17162,2674
> 2:False:10,11:17162,2674
> 3:False:10,12:17162,2674
> 4:False:10,11:17162,2674
> 5:False:10,12:17162,2674
zeno-travel-optimal-old-noisy/10/zeno-travel_noisy_p03_hyp-3_10_1.tar.bz2:0.969092130661:0.3639842:0.96
> 0:False:8,9:17163,2675
> 1:False:8,10:17163,2675
> 2:True:10,10:17163,2675
> 3:True:10,10:17163,2675
> 4:True:10,10:17163,2675
> 5:True:10,10:17163,2675
zeno-travel-optimal-old-noisy/10/zeno-travel_noisy_p03_hyp-3_10_2.tar.bz2:0.980422973633:0.3744379:0.97
> 0:False:8,10:17163,2675
> 1:False:8,10:17163,2675
> 2:True:10,11:17163,2675
> 3:False:10,12:17163,2675
> 4:False:10,12:17163,2675
> 5:True:10,11:17163,2675
zeno-travel-optimal-old-noisy/10/zeno-travel_noisy_p03_hyp-3_10_3.tar.bz2:0.992568016052:0.3870953:0.99
> 0:False:8,10:17163,2675
> 1:False:8,11:17163,2675
> 2:True:10,11:17163,2675
> 3:False:10,12:17163,2675
> 4:False:10,12:17163,2675
> 5:True:10,11:17163,2675
zeno-travel-optimal-old-noisy/10/zeno-travel_noisy_p03_hyp-4_10_1.tar.bz2:0.977588891983:0.3715195:0.99
> 0:False:8,9:17163,2675
> 1:False:8,9:17163,2675
> 2:False:10,11:17163,2675
> 3:True:10,10:17163,2675
> 4:False:10,11:17163,2675
> 5:True:10,10:17163,2675
zeno-travel-optimal-old-noisy/10/zeno-travel_noisy_p03_hyp-4_10_2.tar.bz2:1.00095486641:0.3922065:0.99
> 0:True:8,8:17163,2675
> 1:False:8,10:17163,2675
> 2:False:10,12:17163,2675
> 3:True:10,10:17163,2675
> 4:False:10,11:17163,2675
> 5:False:10,11:17163,2675
zeno-travel-optimal-old-noisy/10/zeno-travel_noisy_p03_hyp-4_10_3.tar.bz2:1.03761410713:0.4271717:1.04
> 0:False:8,9:17163,2675
> 1:False:8,11:17163,2675
> 2:False:10,11:17163,2675
> 3:True:10,10:17163,2675
> 4:True:10,10:17163,2675
> 5:False:10,11:17163,2675
zeno-travel-optimal-old-noisy/10/zeno-travel_noisy_p04_hyp-1_10_1.tar.bz2:0.863826990128:0.2611974:0.85
> 0:True:13,13:17163,2675
> 1:False:12,13:17163,2675
> 2:True:12,12:17163,2675
> 3:False:12,13:17163,2675
> 4:True:13,13:17163,2675
> 5:True:12,12:17163,2675
zeno-travel-optimal-old-noisy/10/zeno-travel_noisy_p04_hyp-1_10_2.tar.bz2:0.879104852676:0.2703994:0.88
> 0:True:13,13:17163,2675
> 1:False:12,13:17163,2675
> 2:False:12,14:17163,2675
> 3:False:12,13:17163,2675
> 4:False:13,15:17163,2675
> 5:False:12,14:17163,2675
zeno-travel-optimal-old-noisy/10/zeno-travel_noisy_p04_hyp-1_10_3.tar.bz2:0.890158891678:0.2842097:0.88
> 0:True:13,13:17163,2675
> 1:False:12,13:17163,2675
> 2:True:12,12:17163,2675
> 3:False:12,13:17163,2675
> 4:True:13,13:17163,2675
> 5:True:12,12:17163,2675
zeno-travel-optimal-old-noisy/10/zeno-travel_noisy_p04_hyp-2_10_1.tar.bz2:0.881139993668:0.2723767:0.88
> 0:True:13,13:17163,2675
> 1:True:12,12:17163,2675
> 2:True:12,12:17163,2675
> 3:False:12,13:17163,2675
> 4:True:13,13:17163,2675
> 5:False:12,13:17163,2675
zeno-travel-optimal-old-noisy/10/zeno-travel_noisy_p04_hyp-2_10_2.tar.bz2:0.900417089462:0.2922191:0.91
> 0:True:13,13:17163,2675
> 1:True:12,12:17163,2675
> 2:False:12,13:17163,2675
> 3:True:12,12:17163,2675
> 4:True:13,13:17163,2675
> 5:False:12,13:17163,2675
zeno-travel-optimal-old-noisy/10/zeno-travel_noisy_p04_hyp-2_10_3.tar.bz2:0.884739160538:0.276734:0.88
> 0:True:13,13:17163,2675
> 1:True:12,12:17163,2675
> 2:True:12,12:17163,2675
> 3:False:12,13:17163,2675
> 4:True:13,13:17163,2675
> 5:False:12,13:17163,2675
zeno-travel-optimal-old-noisy/10/zeno-travel_noisy_p04_hyp-3_10_1.tar.bz2:0.93677687645:0.3276941:0.94
> 0:False:13,15:17163,2675
> 1:True:12,12:17163,2675
> 2:True:12,12:17163,2675
> 3:False:12,14:17163,2675
> 4:False:13,15:17163,2675
> 5:True:12,12:17163,2675
zeno-travel-optimal-old-noisy/10/zeno-travel_noisy_p04_hyp-3_10_2.tar.bz2:0.920131206512:0.3125533:0.93
> 0:True:13,14:17163,2675
> 1:True:12,13:17163,2675
> 2:True:12,13:17163,2675
> 3:False:12,14:17163,2675
> 4:False:13,15:17163,2675
> 5:True:12,13:17163,2675
zeno-travel-optimal-old-noisy/10/zeno-travel_noisy_p04_hyp-3_10_3.tar.bz2:0.871299982071:0.2658008:0.87
> 0:False:13,14:17163,2675
> 1:False:12,13:17163,2675
> 2:False:12,13:17163,2675
> 3:False:12,13:17163,2675
> 4:True:13,13:17163,2675
> 5:False:12,14:17163,2675
zeno-travel-optimal-old-noisy/10/zeno-travel_noisy_p04_hyp-4_10_1.tar.bz2:0.917181015015:0.3101237:0.91
> 0:False:13,14:17163,2675
> 1:False:12,13:17163,2675
> 2:False:12,14:17163,2675
> 3:False:12,13:17163,2675
> 4:True:13,13:17163,2675
> 5:False:12,13:17163,2675
zeno-travel-optimal-old-noisy/10/zeno-travel_noisy_p04_hyp-4_10_2.tar.bz2:0.905379772186:0.3007178:0.91
> 0:False:13,15:17163,2675
> 1:False:12,14:17163,2675
> 2:True:12,13:17163,2675
> 3:True:12,13:17163,2675
> 4:True:13,14:17163,2675
> 5:False:12,15:17163,2675
zeno-travel-optimal-old-noisy/10/zeno-travel_noisy_p04_hyp-4_10_3.tar.bz2:0.878224134445:0.271182:0.88
> 0:False:13,14:17163,2675
> 1:False:12,13:17163,2675
> 2:False:12,14:17163,2675
> 3:True:12,12:17163,2675
> 4:False:13,14:17163,2675
> 5:False:12,14:17163,2675
zeno-travel-optimal-old-noisy/10/zeno-travel_noisy_p05_hyp-1_10_1.tar.bz2:4.51995706558:3.829039:4.5
> 0:False:7,10:22795,3445
> 1:True:11,11:22795,3445
> 2:False:7,11:22795,3445
> 3:False:9,10:22795,3445
> 4:False:6,8:22795,3445
> 5:False:9,11:22795,3445
zeno-travel-optimal-old-noisy/10/zeno-travel_noisy_p05_hyp-1_10_2.tar.bz2:3.77927994728:3.069759:3.75
> 0:False:7,9:22795,3445
> 1:True:11,11:22795,3445
> 2:False:7,10:22795,3445
> 3:True:9,9:22795,3445
> 4:False:6,8:22795,3445
> 5:False:9,10:22795,3445
zeno-travel-optimal-old-noisy/10/zeno-travel_noisy_p05_hyp-1_10_3.tar.bz2:6.00567603111:5.28394:5.96
> 0:False:7,11:22795,3445
> 1:True:11,12:22795,3445
> 2:False:7,10:22795,3445
> 3:False:9,12:22795,3445
> 4:False:6,10:22795,3445
> 5:True:9,10:22795,3445
zeno-travel-optimal-old-noisy/10/zeno-travel_noisy_p05_hyp-2_10_1.tar.bz2:3.31782603264:2.622046:3.31
> 0:False:7,9:22795,3445
> 1:True:11,11:22795,3445
> 2:False:7,10:22795,3445
> 3:True:9,9:22795,3445
> 4:False:6,8:22795,3445
> 5:False:9,10:22795,3445
zeno-travel-optimal-old-noisy/10/zeno-travel_noisy_p05_hyp-2_10_2.tar.bz2:5.54260897636:4.831786:5.51
> 0:False:7,10:22795,3445
> 1:True:11,12:22795,3445
> 2:False:7,11:22795,3445
> 3:True:9,10:22795,3445
> 4:False:6,9:22795,3445
> 5:False:9,11:22795,3445
zeno-travel-optimal-old-noisy/10/zeno-travel_noisy_p05_hyp-2_10_3.tar.bz2:4.03612399101:3.334772:4.01
> 0:False:7,10:22795,3445
> 1:True:11,12:22795,3445
> 2:False:7,10:22795,3445
> 3:True:9,10:22795,3445
> 4:False:6,8:22795,3445
> 5:True:9,10:22795,3445
zeno-travel-optimal-old-noisy/10/zeno-travel_noisy_p05_hyp-3_10_1.tar.bz2:3.15458703041:2.460515:3.15
> 0:True:7,7:22794,3444
> 1:False:11,12:22794,3444
> 2:True:7,7:22794,3444
> 3:False:9,10:22794,3444
> 4:True:6,6:22794,3444
> 5:True:9,9:22794,3444
zeno-travel-optimal-old-noisy/10/zeno-travel_noisy_p05_hyp-3_10_2.tar.bz2:3.50493884087:2.809488:3.48
> 0:True:7,7:22794,3444
> 1:False:11,13:22794,3444
> 2:True:7,7:22794,3444
> 3:False:9,11:22794,3444
> 4:True:6,6:22794,3444
> 5:True:9,9:22794,3444
zeno-travel-optimal-old-noisy/10/zeno-travel_noisy_p05_hyp-3_10_3.tar.bz2:3.21475815773:2.509775:3.19
> 0:False:7,8:22794,3444
> 1:True:11,11:22794,3444
> 2:False:7,8:22794,3444
> 3:True:9,9:22794,3444
> 4:True:6,6:22794,3444
> 5:True:9,9:22794,3444
zeno-travel-optimal-old-noisy/10/zeno-travel_noisy_p05_hyp-4_10_1.tar.bz2:3.71831798553:3.021772:3.71
> 0:False:7,10:22795,3445
> 1:True:11,11:22795,3445
> 2:False:7,9:22795,3445
> 3:False:9,10:22795,3445
> 4:False:6,8:22795,3445
> 5:True:9,9:22795,3445
zeno-travel-optimal-old-noisy/10/zeno-travel_noisy_p05_hyp-4_10_2.tar.bz2:3.45132613182:2.757537:3.43
> 0:False:7,10:22795,3445
> 1:True:11,12:22795,3445
> 2:False:7,10:22795,3445
> 3:True:9,10:22795,3445
> 4:False:6,8:22795,3445
> 5:True:9,10:22795,3445
zeno-travel-optimal-old-noisy/10/zeno-travel_noisy_p05_hyp-4_10_3.tar.bz2:6.65224194527:5.923296:6.6
> 0:False:7,11:22795,3445
> 1:True:11,12:22795,3445
> 2:False:7,10:22795,3445
> 3:False:9,11:22795,3445
> 4:False:6,8:22795,3445
> 5:True:9,10:22795,3445
zeno-travel-optimal-old-noisy/30/zeno-travel_noisy_p03_hyp-1_30_1.tar.bz2:0.985049009323:0.3767189:0.99
> 0:True:8,8:17164,2676
> 1:True:8,8:17164,2676
> 2:False:10,12:17164,2676
> 3:False:10,11:17164,2676
> 4:False:10,12:17164,2676
> 5:False:10,11:17164,2676
zeno-travel-optimal-old-noisy/30/zeno-travel_noisy_p03_hyp-1_30_2.tar.bz2:1.01847887039:0.412995:1.02
> 0:True:8,9:17164,2676
> 1:False:8,10:17164,2676
> 2:True:10,11:17164,2676
> 3:False:10,12:17164,2676
> 4:True:10,11:17164,2676
> 5:False:10,12:17164,2676
zeno-travel-optimal-old-noisy/30/zeno-travel_noisy_p03_hyp-1_30_3.tar.bz2:0.964647054672:0.3603082:0.97
> 0:True:8,8:17164,2676
> 1:False:8,9:17164,2676
> 2:True:10,10:17164,2676
> 3:False:10,11:17164,2676
> 4:True:10,10:17164,2676
> 5:False:10,11:17164,2676
zeno-travel-optimal-old-noisy/30/zeno-travel_noisy_p03_hyp-2_30_1.tar.bz2:0.976197004318:0.372676:0.97
> 0:True:8,9:17164,2676
> 1:True:8,9:17164,2676
> 2:False:10,13:17164,2676
> 3:False:10,12:17164,2676
> 4:False:10,13:17164,2676
> 5:False:10,12:17164,2676
zeno-travel-optimal-old-noisy/30/zeno-travel_noisy_p03_hyp-2_30_2.tar.bz2:0.964782953262:0.3548025:0.97
> 0:False:8,10:17164,2676
> 1:True:8,9:17164,2676
> 2:False:10,12:17164,2676
> 3:True:10,11:17164,2676
> 4:False:10,12:17164,2676
> 5:True:10,11:17164,2676
zeno-travel-optimal-old-noisy/30/zeno-travel_noisy_p03_hyp-2_30_3.tar.bz2:1.01368093491:0.4071072:1.02
> 0:True:8,9:17164,2676
> 1:True:8,9:17164,2676
> 2:False:10,13:17164,2676
> 3:False:10,12:17164,2676
> 4:False:10,13:17164,2676
> 5:False:10,12:17164,2676
zeno-travel-optimal-old-noisy/30/zeno-travel_noisy_p03_hyp-3_30_1.tar.bz2:0.97297000885:0.3640482:0.98
> 0:False:8,11:17165,2677
> 1:False:8,10:17165,2677
> 2:True:10,11:17165,2677
> 3:False:10,13:17165,2677
> 4:True:10,11:17165,2677
> 5:False:10,13:17165,2677
zeno-travel-optimal-old-noisy/30/zeno-travel_noisy_p03_hyp-3_30_2.tar.bz2:0.987926959991:0.3809199:0.99
> 0:False:8,12:17165,2677
> 1:False:8,12:17165,2677
> 2:True:10,10:17165,2677
> 3:False:10,12:17165,2677
> 4:False:10,12:17165,2677
> 5:False:10,11:17165,2677
zeno-travel-optimal-old-noisy/30/zeno-travel_noisy_p03_hyp-3_30_3.tar.bz2:0.967863082886:0.3642872:0.96
> 0:False:8,11:17165,2677
> 1:False:8,11:17165,2677
> 2:True:10,11:17165,2677
> 3:False:10,13:17165,2677
> 4:False:10,12:17165,2677
> 5:False:10,12:17165,2677
zeno-travel-optimal-old-noisy/30/zeno-travel_noisy_p03_hyp-4_30_1.tar.bz2:0.948899030685:0.3399203:0.95
> 0:False:8,9:17165,2677
> 1:False:8,10:17165,2677
> 2:False:10,12:17165,2677
> 3:True:10,10:17165,2677
> 4:False:10,12:17165,2677
> 5:True:10,10:17165,2677
zeno-travel-optimal-old-noisy/30/zeno-travel_noisy_p03_hyp-4_30_2.tar.bz2:0.953855991364:0.3483107:0.95
> 0:False:8,11:17165,2677
> 1:False:8,9:17165,2677
> 2:False:10,12:17165,2677
> 3:True:10,10:17165,2677
> 4:False:10,11:17165,2677
> 5:True:10,10:17165,2677
zeno-travel-optimal-old-noisy/30/zeno-travel_noisy_p03_hyp-4_30_3.tar.bz2:0.971730947495:0.3669769:0.98
> 0:False:8,11:17165,2677
> 1:False:8,11:17165,2677
> 2:False:10,13:17165,2677
> 3:True:10,11:17165,2677
> 4:True:10,11:17165,2677
> 5:False:10,12:17165,2677
zeno-travel-optimal-old-noisy/30/zeno-travel_noisy_p04_hyp-1_30_1.tar.bz2:0.880527973175:0.2730458:0.87
> 0:True:13,13:17165,2677
> 1:True:12,12:17165,2677
> 2:False:12,14:17165,2677
> 3:False:12,14:17165,2677
> 4:False:13,14:17165,2677
> 5:False:12,13:17165,2677
zeno-travel-optimal-old-noisy/30/zeno-travel_noisy_p04_hyp-1_30_2.tar.bz2:0.887129068375:0.2792971:0.89
> 0:True:13,13:17165,2677
> 1:False:12,15:17165,2677
> 2:False:12,15:17165,2677
> 3:False:12,14:17165,2677
> 4:False:13,15:17165,2677
> 5:False:12,14:17165,2677
zeno-travel-optimal-old-noisy/30/zeno-travel_noisy_p04_hyp-1_30_3.tar.bz2:0.898853063583:0.293503:0.9
> 0:True:13,13:17165,2677
> 1:False:12,13:17165,2677
> 2:False:12,14:17165,2677
> 3:False:12,14:17165,2677
> 4:False:13,14:17165,2677
> 5:False:12,15:17165,2677
zeno-travel-optimal-old-noisy/30/zeno-travel_noisy_p04_hyp-2_30_1.tar.bz2:0.883450984955:0.280634:0.88
> 0:False:13,14:17166,2678
> 1:True:12,12:17166,2678
> 2:False:12,14:17166,2678
> 3:False:12,15:17166,2678
> 4:False:13,14:17166,2678
> 5:False:12,14:17166,2678
zeno-travel-optimal-old-noisy/30/zeno-travel_noisy_p04_hyp-2_30_2.tar.bz2:1.03411102295:0.4261746:1.04
> 0:False:13,14:17166,2678
> 1:True:12,12:17166,2678
> 2:False:12,15:17166,2678
> 3:False:12,13:17166,2678
> 4:False:13,16:17166,2678
> 5:False:12,15:17166,2678
zeno-travel-optimal-old-noisy/30/zeno-travel_noisy_p04_hyp-2_30_3.tar.bz2:0.892745018005:0.2834752:0.9
> 0:True:13,13:17166,2678
> 1:True:12,12:17166,2678
> 2:False:12,14:17166,2678
> 3:False:12,14:17166,2678
> 4:False:13,14:17166,2678
> 5:False:12,14:17166,2678
zeno-travel-optimal-old-noisy/30/zeno-travel_noisy_p04_hyp-3_30_1.tar.bz2:0.887354135513:0.2828657:0.89
> 0:False:13,16:17165,2677
> 1:False:12,14:17165,2677
> 2:True:12,13:17165,2677
> 3:False:12,16:17165,2677
> 4:False:13,16:17165,2677
> 5:False:12,14:17165,2677
zeno-travel-optimal-old-noisy/30/zeno-travel_noisy_p04_hyp-3_30_2.tar.bz2:1.07448506355:0.4664452:1.08
> 0:False:13,17:17165,2677
> 1:False:12,16:17165,2677
> 2:True:12,13:17165,2677
> 3:False:12,17:17165,2677
> 4:False:13,15:17165,2677
> 5:True:12,13:17165,2677
zeno-travel-optimal-old-noisy/30/zeno-travel_noisy_p04_hyp-3_30_3.tar.bz2:0.941462039948:0.335783:0.94
> 0:False:13,17:17165,2677
> 1:False:12,15:17165,2677
> 2:True:12,12:17165,2677
> 3:False:12,17:17165,2677
> 4:False:13,14:17165,2677
> 5:False:12,14:17165,2677
zeno-travel-optimal-old-noisy/30/zeno-travel_noisy_p04_hyp-4_30_1.tar.bz2:0.931177854538:0.326871:0.93
> 0:False:13,14:17166,2678
> 1:False:12,14:17166,2678
> 2:False:12,14:17166,2678
> 3:True:12,12:17166,2678
> 4:False:13,15:17166,2678
> 5:False:12,14:17166,2678
zeno-travel-optimal-old-noisy/30/zeno-travel_noisy_p04_hyp-4_30_2.tar.bz2:0.892616033554:0.2871159:0.9
> 0:False:13,15:17166,2678
> 1:False:12,14:17166,2678
> 2:False:12,14:17166,2678
> 3:True:12,12:17166,2678
> 4:False:13,14:17166,2678
> 5:False:12,14:17166,2678
zeno-travel-optimal-old-noisy/30/zeno-travel_noisy_p04_hyp-4_30_3.tar.bz2:0.858608961105:0.2563637:0.86
> 0:False:13,15:17166,2678
> 1:False:12,14:17166,2678
> 2:False:12,15:17166,2678
> 3:True:12,13:17166,2678
> 4:True:13,14:17166,2678
> 5:False:12,14:17166,2678
zeno-travel-optimal-old-noisy/30/zeno-travel_noisy_p05_hyp-1_30_1.tar.bz2:2.8874001503:2.187839:2.87
> 0:False:7,11:22798,3448
> 1:True:11,12:22798,3448
> 2:False:7,11:22798,3448
> 3:False:9,11:22798,3448
> 4:False:6,9:22798,3448
> 5:False:9,11:22798,3448
zeno-travel-optimal-old-noisy/30/zeno-travel_noisy_p05_hyp-1_30_2.tar.bz2:3.39277791977:2.696697:3.38
> 0:False:7,10:22798,3448
> 1:True:11,11:22798,3448
> 2:False:7,11:22798,3448
> 3:False:9,10:22798,3448
> 4:False:6,10:22798,3448
> 5:False:9,11:22798,3448
zeno-travel-optimal-old-noisy/30/zeno-travel_noisy_p05_hyp-1_30_3.tar.bz2:3.30831003189:2.616042:3.29
> 0:False:7,11:22798,3448
> 1:True:11,11:22798,3448
> 2:False:7,10:22798,3448
> 3:False:9,11:22798,3448
> 4:False:6,10:22798,3448
> 5:False:9,10:22798,3448
zeno-travel-optimal-old-noisy/30/zeno-travel_noisy_p05_hyp-2_30_1.tar.bz2:3.06516885757:2.363252:3.04
> 0:False:7,12:22797,3447
> 1:False:11,13:22797,3447
> 2:False:7,10:22797,3447
> 3:True:9,10:22797,3447
> 4:False:6,10:22797,3447
> 5:True:9,10:22797,3447
zeno-travel-optimal-old-noisy/30/zeno-travel_noisy_p05_hyp-2_30_2.tar.bz2:3.03515696526:2.33873:3.02
> 0:False:7,9:22797,3447
> 1:True:11,11:22797,3447
> 2:False:7,12:22797,3447
> 3:True:9,9:22797,3447
> 4:False:6,10:22797,3447
> 5:False:9,12:22797,3447
zeno-travel-optimal-old-noisy/30/zeno-travel_noisy_p05_hyp-2_30_3.tar.bz2:5.61590003967:4.919051:5.6
> 0:False:7,11:22797,3447
> 1:False:11,13:22797,3447
> 2:False:7,12:22797,3447
> 3:True:9,10:22797,3447
> 4:False:6,11:22797,3447
> 5:False:9,12:22797,3447
zeno-travel-optimal-old-noisy/30/zeno-travel_noisy_p05_hyp-3_30_1.tar.bz2:3.61964488029:2.907624:3.59
> 0:False:7,11:22796,3446
> 1:True:11,12:22796,3446
> 2:False:7,11:22796,3446
> 3:False:9,11:22796,3446
> 4:False:6,8:22796,3446
> 5:False:9,11:22796,3446
zeno-travel-optimal-old-noisy/30/zeno-travel_noisy_p05_hyp-3_30_2.tar.bz2:3.02920198441:2.334532:3.0
> 0:False:7,12:22796,3446
> 1:True:11,13:22796,3446
> 2:False:7,12:22796,3446
> 3:False:9,12:22796,3446
> 4:True:6,8:22796,3446
> 5:False:9,12:22796,3446
zeno-travel-optimal-old-noisy/30/zeno-travel_noisy_p05_hyp-3_30_3.tar.bz2:3.75548315048:3.057777:3.73
> 0:False:7,11:22796,3446
> 1:True:11,13:22796,3446
> 2:False:7,11:22796,3446
> 3:False:9,12:22796,3446
> 4:False:6,9:22796,3446
> 5:True:9,11:22796,3446
zeno-travel-optimal-old-noisy/30/zeno-travel_noisy_p05_hyp-4_30_1.tar.bz2:2.58083415031:1.88529:2.56
> 0:False:7,11:22797,3447
> 1:False:11,14:22797,3447
> 2:False:7,11:22797,3447
> 3:False:9,12:22797,3447
> 4:False:6,9:22797,3447
> 5:True:9,11:22797,3447
zeno-travel-optimal-old-noisy/30/zeno-travel_noisy_p05_hyp-4_30_2.tar.bz2:2.90738201141:2.21761:2.89
> 0:False:7,14:22797,3447
> 1:False:11,14:22797,3447
> 2:False:7,10:22797,3447
> 3:False:9,12:22797,3447
> 4:False:6,12:22797,3447
> 5:True:9,10:22797,3447
zeno-travel-optimal-old-noisy/30/zeno-travel_noisy_p05_hyp-4_30_3.tar.bz2:2.62166285515:1.92205:2.59
> 0:False:7,10:22797,3447
> 1:False:11,14:22797,3447
> 2:False:7,10:22797,3447
> 3:False:9,12:22797,3447
> 4:True:6,7:22797,3447
> 5:True:9,10:22797,3447
zeno-travel-optimal-old-noisy/50/zeno-travel_noisy_p03_hyp-1_50_1.tar.bz2:0.989864110947:0.3848271:0.99
> 0:True:8,9:17166,2678
> 1:False:8,10:17166,2678
> 2:False:10,12:17166,2678
> 3:True:10,11:17166,2678
> 4:True:10,11:17166,2678
> 5:False:10,12:17166,2678
zeno-travel-optimal-old-noisy/50/zeno-travel_noisy_p03_hyp-1_50_2.tar.bz2:0.959748029709:0.3551599:0.96
> 0:True:8,8:17166,2678
> 1:False:8,10:17166,2678
> 2:False:10,13:17166,2678
> 3:False:10,12:17166,2678
> 4:False:10,12:17166,2678
> 5:False:10,13:17166,2678
zeno-travel-optimal-old-noisy/50/zeno-travel_noisy_p03_hyp-1_50_3.tar.bz2:0.963042974472:0.3561313:0.97
> 0:True:8,8:17166,2678
> 1:True:8,8:17166,2678
> 2:False:10,11:17166,2678
> 3:False:10,11:17166,2678
> 4:False:10,11:17166,2678
> 5:False:10,11:17166,2678
zeno-travel-optimal-old-noisy/50/zeno-travel_noisy_p03_hyp-2_50_1.tar.bz2:0.97204709053:0.365768:0.97
> 0:False:8,9:17166,2678
> 1:True:8,8:17166,2678
> 2:False:10,11:17166,2678
> 3:False:10,11:17166,2678
> 4:False:10,11:17166,2678
> 5:False:10,11:17166,2678
zeno-travel-optimal-old-noisy/50/zeno-travel_noisy_p03_hyp-2_50_2.tar.bz2:0.967147827148:0.3577971:0.97
> 0:False:8,10:17166,2678
> 1:True:8,8:17166,2678
> 2:False:10,13:17166,2678
> 3:False:10,12:17166,2678
> 4:False:10,12:17166,2678
> 5:False:10,12:17166,2678
zeno-travel-optimal-old-noisy/50/zeno-travel_noisy_p03_hyp-2_50_3.tar.bz2:0.959600925446:0.3528224:0.96
> 0:False:8,9:17166,2678
> 1:True:8,8:17166,2678
> 2:False:10,11:17166,2678
> 3:True:10,10:17166,2678
> 4:True:10,10:17166,2678
> 5:True:10,10:17166,2678
zeno-travel-optimal-old-noisy/50/zeno-travel_noisy_p03_hyp-3_50_1.tar.bz2:0.963324069977:0.3579054:0.96
> 0:False:8,11:17168,2680
> 1:False:8,11:17168,2680
> 2:True:10,11:17168,2680
> 3:False:10,13:17168,2680
> 4:True:10,11:17168,2680
> 5:False:10,12:17168,2680
zeno-travel-optimal-old-noisy/50/zeno-travel_noisy_p03_hyp-3_50_2.tar.bz2:0.95864200592:0.3517392:0.96
> 0:False:8,11:17168,2680
> 1:False:8,12:17168,2680
> 2:True:10,11:17168,2680
> 3:False:10,13:17168,2680
> 4:True:10,11:17168,2680
> 5:False:10,12:17168,2680
zeno-travel-optimal-old-noisy/50/zeno-travel_noisy_p03_hyp-3_50_3.tar.bz2:0.972645044327:0.3643713:0.98
> 0:False:8,11:17168,2680
> 1:False:8,11:17168,2680
> 2:True:10,10:17168,2680
> 3:False:10,12:17168,2680
> 4:True:10,10:17168,2680
> 5:False:10,12:17168,2680
zeno-travel-optimal-old-noisy/50/zeno-travel_noisy_p03_hyp-4_50_1.tar.bz2:0.98891711235:0.3821201:0.99
> 0:False:8,12:17168,2680
> 1:False:8,11:17168,2680
> 2:False:10,13:17168,2680
> 3:True:10,10:17168,2680
> 4:False:10,12:17168,2680
> 5:False:10,11:17168,2680
zeno-travel-optimal-old-noisy/50/zeno-travel_noisy_p03_hyp-4_50_2.tar.bz2:0.975421905518:0.3680376:0.98
> 0:False:8,12:17168,2680
> 1:False:8,12:17168,2680
> 2:False:10,13:17168,2680
> 3:True:10,10:17168,2680
> 4:False:10,11:17168,2680
> 5:False:10,12:17168,2680
zeno-travel-optimal-old-noisy/50/zeno-travel_noisy_p03_hyp-4_50_3.tar.bz2:0.961374998093:0.3539212:0.96
> 0:False:8,11:17168,2680
> 1:False:8,11:17168,2680
> 2:False:10,12:17168,2680
> 3:True:10,10:17168,2680
> 4:False:10,12:17168,2680
> 5:False:10,11:17168,2680
zeno-travel-optimal-old-noisy/50/zeno-travel_noisy_p04_hyp-1_50_1.tar.bz2:0.867635965347:0.2624185:0.87
> 0:True:13,13:17169,2681
> 1:False:12,15:17169,2681
> 2:False:12,16:17169,2681
> 3:False:12,14:17169,2681
> 4:False:13,15:17169,2681
> 5:False:12,15:17169,2681
zeno-travel-optimal-old-noisy/50/zeno-travel_noisy_p04_hyp-1_50_2.tar.bz2:0.889810800552:0.2840856:0.89
> 0:True:13,13:17169,2681
> 1:False:12,14:17169,2681
> 2:False:12,16:17169,2681
> 3:False:12,14:17169,2681
> 4:False:13,15:17169,2681
> 5:False:12,16:17169,2681
zeno-travel-optimal-old-noisy/50/zeno-travel_noisy_p04_hyp-1_50_3.tar.bz2:0.898327112198:0.2909145:0.9
> 0:True:13,13:17169,2681
> 1:False:12,13:17169,2681
> 2:False:12,16:17169,2681
> 3:False:12,15:17169,2681
> 4:False:13,16:17169,2681
> 5:False:12,15:17169,2681
zeno-travel-optimal-old-noisy/50/zeno-travel_noisy_p04_hyp-2_50_1.tar.bz2:0.880700111389:0.272759:0.88
> 0:False:13,16:17169,2681
> 1:True:12,13:17169,2681
> 2:False:12,16:17169,2681
> 3:False:12,16:17169,2681
> 4:False:13,17:17169,2681
> 5:False:12,17:17169,2681
zeno-travel-optimal-old-noisy/50/zeno-travel_noisy_p04_hyp-2_50_2.tar.bz2:0.886963844299:0.2788952:0.88
> 0:False:13,14:17169,2681
> 1:True:12,12:17169,2681
> 2:False:12,15:17169,2681
> 3:False:12,15:17169,2681
> 4:False:13,15:17169,2681
> 5:False:12,15:17169,2681
zeno-travel-optimal-old-noisy/50/zeno-travel_noisy_p04_hyp-2_50_3.tar.bz2:0.870354890823:0.2619098:0.87
> 0:True:13,15:17169,2681
> 1:True:12,14:17169,2681
> 2:False:12,16:17169,2681
> 3:False:12,16:17169,2681
> 4:False:13,16:17169,2681
> 5:False:12,15:17169,2681
zeno-travel-optimal-old-noisy/50/zeno-travel_noisy_p04_hyp-3_50_1.tar.bz2:0.867122173309:0.2612104:0.87
> 0:False:13,17:17169,2681
> 1:False:12,14:17169,2681
> 2:True:12,13:17169,2681
> 3:False:12,16:17169,2681
> 4:False:13,15:17169,2681
> 5:False:12,14:17169,2681
zeno-travel-optimal-old-noisy/50/zeno-travel_noisy_p04_hyp-3_50_2.tar.bz2:0.870667934418:0.2655391:0.87
> 0:False:13,16:17169,2681
> 1:False:12,15:17169,2681
> 2:True:12,13:17169,2681
> 3:False:12,15:17169,2681
> 4:False:13,15:17169,2681
> 5:False:12,14:17169,2681
zeno-travel-optimal-old-noisy/50/zeno-travel_noisy_p04_hyp-3_50_3.tar.bz2:1.1745569706:0.5681261:1.18
> 0:False:13,18:17169,2681
> 1:False:12,16:17169,2681
> 2:True:12,13:17169,2681
> 3:False:12,18:17169,2681
> 4:False:13,16:17169,2681
> 5:False:12,14:17169,2681
zeno-travel-optimal-old-noisy/50/zeno-travel_noisy_p04_hyp-4_50_1.tar.bz2:0.868643045425:0.2614037:0.87
> 0:False:13,17:17169,2681
> 1:False:12,16:17169,2681
> 2:False:12,16:17169,2681
> 3:True:12,14:17169,2681
> 4:False:13,16:17169,2681
> 5:False:12,17:17169,2681
zeno-travel-optimal-old-noisy/50/zeno-travel_noisy_p04_hyp-4_50_2.tar.bz2:0.882167100906:0.2735732:0.89
> 0:False:13,15:17169,2681
> 1:False:12,17:17169,2681
> 2:False:12,17:17169,2681
> 3:True:12,13:17169,2681
> 4:False:13,16:17169,2681
> 5:False:12,16:17169,2681
zeno-travel-optimal-old-noisy/50/zeno-travel_noisy_p04_hyp-4_50_3.tar.bz2:0.860162973404:0.2565364:0.86
> 0:False:13,15:17169,2681
> 1:False:12,15:17169,2681
> 2:False:12,17:17169,2681
> 3:True:12,13:17169,2681
> 4:False:13,16:17169,2681
> 5:False:12,16:17169,2681
zeno-travel-optimal-old-noisy/50/zeno-travel_noisy_p05_hyp-1_50_1.tar.bz2:4.18709397316:3.488027:4.16
> 0:False:7,15:22801,3451
> 1:True:11,13:22801,3451
> 2:False:7,15:22801,3451
> 3:False:9,15:22801,3451
> 4:False:6,14:22801,3451
> 5:False:9,15:22801,3451
zeno-travel-optimal-old-noisy/50/zeno-travel_noisy_p05_hyp-1_50_2.tar.bz2:4.46848797798:3.737795:4.4
> 0:False:7,11:22801,3451
> 1:True:11,11:22801,3451
> 2:False:7,13:22801,3451
> 3:False:9,11:22801,3451
> 4:False:6,13:22801,3451
> 5:False:9,13:22801,3451
zeno-travel-optimal-old-noisy/50/zeno-travel_noisy_p05_hyp-1_50_3.tar.bz2:4.06775593758:3.369497:4.05
> 0:False:7,12:22801,3451
> 1:True:11,12:22801,3451
> 2:False:7,13:22801,3451
> 3:False:9,12:22801,3451
> 4:False:6,13:22801,3451
> 5:False:9,13:22801,3451
zeno-travel-optimal-old-noisy/50/zeno-travel_noisy_p05_hyp-2_50_1.tar.bz2:2.94136095047:2.246446:2.93
> 0:False:7,12:22800,3450
> 1:False:11,14:22800,3450
> 2:False:7,11:22800,3450
> 3:True:9,10:22800,3450
> 4:False:6,11:22800,3450
> 5:False:9,11:22800,3450
zeno-travel-optimal-old-noisy/50/zeno-travel_noisy_p05_hyp-2_50_2.tar.bz2:3.66917610168:2.97309:3.65
> 0:False:7,12:22800,3450
> 1:False:11,14:22800,3450
> 2:False:7,13:22800,3450
> 3:True:9,10:22800,3450
> 4:False:6,13:22800,3450
> 5:False:9,13:22800,3450
zeno-travel-optimal-old-noisy/50/zeno-travel_noisy_p05_hyp-2_50_3.tar.bz2:3.07507491112:2.38269:3.04
> 0:False:7,11:22800,3450
> 1:False:11,13:22800,3450
> 2:False:7,12:22800,3450
> 3:True:9,10:22800,3450
> 4:False:6,11:22800,3450
> 5:False:9,12:22800,3450
zeno-travel-optimal-old-noisy/50/zeno-travel_noisy_p05_hyp-3_50_1.tar.bz2:2.88230800629:2.189035:2.86
> 0:False:7,11:22798,3448
> 1:False:11,14:22798,3448
> 2:False:7,11:22798,3448
> 3:False:9,12:22798,3448
> 4:True:6,8:22798,3448
> 5:True:9,11:22798,3448
zeno-travel-optimal-old-noisy/50/zeno-travel_noisy_p05_hyp-3_50_2.tar.bz2:2.82914805412:2.134655:2.82
> 0:False:7,11:22798,3448
> 1:False:11,13:22798,3448
> 2:False:7,10:22798,3448
> 3:False:9,11:22798,3448
> 4:False:6,8:22798,3448
> 5:True:9,10:22798,3448
zeno-travel-optimal-old-noisy/50/zeno-travel_noisy_p05_hyp-3_50_3.tar.bz2:2.79911398888:2.108727:2.77
> 0:False:7,10:22798,3448
> 1:True:11,12:22798,3448
> 2:False:7,10:22798,3448
> 3:False:9,11:22798,3448
> 4:False:6,8:22798,3448
> 5:True:9,10:22798,3448
zeno-travel-optimal-old-noisy/50/zeno-travel_noisy_p05_hyp-4_50_1.tar.bz2:2.85577893257:2.163324:2.83
> 0:False:7,14:22800,3450
> 1:False:11,15:22800,3450
> 2:False:7,10:22800,3450
> 3:False:9,14:22800,3450
> 4:False:6,11:22800,3450
> 5:True:9,10:22800,3450
zeno-travel-optimal-old-noisy/50/zeno-travel_noisy_p05_hyp-4_50_2.tar.bz2:2.71444296837:2.022011:2.69
> 0:False:7,13:22800,3450
> 1:False:11,15:22800,3450
> 2:False:7,10:22800,3450
> 3:False:9,14:22800,3450
> 4:False:6,11:22800,3450
> 5:True:9,10:22800,3450
zeno-travel-optimal-old-noisy/50/zeno-travel_noisy_p05_hyp-4_50_3.tar.bz2:2.60417199135:1.91347:2.58
> 0:False:7,13:22800,3450
> 1:False:11,16:22800,3450
> 2:False:7,10:22800,3450
> 3:False:9,12:22800,3450
> 4:False:6,10:22800,3450
> 5:True:9,10:22800,3450
zeno-travel-optimal-old-noisy/70/zeno-travel_noisy_p03_hyp-1_70_1.tar.bz2:0.955141067505:0.3520337:0.96
> 0:True:8,9:17169,2681
> 1:False:8,10:17169,2681
> 2:False:10,15:17169,2681
> 3:False:10,13:17169,2681
> 4:False:10,14:17169,2681
> 5:False:10,14:17169,2681
zeno-travel-optimal-old-noisy/70/zeno-travel_noisy_p03_hyp-1_70_2.tar.bz2:0.969263076782:0.3641883:0.97
> 0:True:8,10:17169,2681
> 1:False:8,11:17169,2681
> 2:False:10,14:17169,2681
> 3:False:10,14:17169,2681
> 4:False:10,14:17169,2681
> 5:False:10,14:17169,2681
zeno-travel-optimal-old-noisy/70/zeno-travel_noisy_p03_hyp-1_70_3.tar.bz2:0.929751157761:0.3266624:0.93
> 0:True:8,8:17169,2681
> 1:False:8,9:17169,2681
> 2:False:10,13:17169,2681
> 3:False:10,13:17169,2681
> 4:False:10,13:17169,2681
> 5:False:10,13:17169,2681
zeno-travel-optimal-old-noisy/70/zeno-travel_noisy_p03_hyp-2_70_1.tar.bz2:0.937597990036:0.3312271:0.94
> 0:False:8,9:17169,2681
> 1:True:8,8:17169,2681
> 2:False:10,13:17169,2681
> 3:False:10,13:17169,2681
> 4:False:10,13:17169,2681
> 5:False:10,13:17169,2681
zeno-travel-optimal-old-noisy/70/zeno-travel_noisy_p03_hyp-2_70_2.tar.bz2:0.943746089935:0.3387144:0.94
> 0:True:8,9:17169,2681
> 1:True:8,9:17169,2681
> 2:False:10,14:17169,2681
> 3:False:10,14:17169,2681
> 4:False:10,14:17169,2681
> 5:False:10,14:17169,2681
zeno-travel-optimal-old-noisy/70/zeno-travel_noisy_p03_hyp-2_70_3.tar.bz2:1.08752799034:0.4808813:1.08
> 0:False:8,11:17169,2681
> 1:True:8,10:17169,2681
> 2:False:10,15:17169,2681
> 3:False:10,15:17169,2681
> 4:False:10,15:17169,2681
> 5:False:10,15:17169,2681
zeno-travel-optimal-old-noisy/70/zeno-travel_noisy_p03_hyp-3_70_1.tar.bz2:0.947966098785:0.3405596:0.95
> 0:False:8,12:17170,2682
> 1:False:8,12:17170,2682
> 2:True:10,11:17170,2682
> 3:False:10,14:17170,2682
> 4:False:10,13:17170,2682
> 5:False:10,13:17170,2682
zeno-travel-optimal-old-noisy/70/zeno-travel_noisy_p03_hyp-3_70_2.tar.bz2:0.952331066132:0.3482812:0.95
> 0:False:8,14:17170,2682
> 1:False:8,14:17170,2682
> 2:True:10,11:17170,2682
> 3:False:10,16:17170,2682
> 4:False:10,13:17170,2682
> 5:False:10,14:17170,2682
zeno-travel-optimal-old-noisy/70/zeno-travel_noisy_p03_hyp-3_70_3.tar.bz2:0.972915887833:0.3654703:0.97
> 0:False:8,14:17170,2682
> 1:False:8,14:17170,2682
> 2:True:10,11:17170,2682
> 3:False:10,15:17170,2682
> 4:False:10,12:17170,2682
> 5:False:10,14:17170,2682
zeno-travel-optimal-old-noisy/70/zeno-travel_noisy_p03_hyp-4_70_1.tar.bz2:0.964705944061:0.3590255:0.96
> 0:False:8,14:17170,2682
> 1:False:8,13:17170,2682
> 2:False:10,15:17170,2682
> 3:True:10,11:17170,2682
> 4:False:10,14:17170,2682
> 5:False:10,12:17170,2682
zeno-travel-optimal-old-noisy/70/zeno-travel_noisy_p03_hyp-4_70_2.tar.bz2:0.949809074402:0.3455461:0.95
> 0:False:8,12:17170,2682
> 1:False:8,13:17170,2682
> 2:False:10,14:17170,2682
> 3:True:10,11:17170,2682
> 4:False:10,13:17170,2682
> 5:False:10,13:17170,2682
zeno-travel-optimal-old-noisy/70/zeno-travel_noisy_p03_hyp-4_70_3.tar.bz2:0.953515052795:0.3501415:0.95
> 0:False:8,13:17170,2682
> 1:False:8,12:17170,2682
> 2:False:10,14:17170,2682
> 3:True:10,10:17170,2682
> 4:False:10,13:17170,2682
> 5:False:10,11:17170,2682
zeno-travel-optimal-old-noisy/70/zeno-travel_noisy_p04_hyp-1_70_1.tar.bz2:0.860971927643:0.2564991:0.86
> 0:True:13,13:17172,2684
> 1:False:12,14:17172,2684
> 2:False:12,16:17172,2684
> 3:False:12,14:17172,2684
> 4:False:13,15:17172,2684
> 5:False:12,15:17172,2684
zeno-travel-optimal-old-noisy/70/zeno-travel_noisy_p04_hyp-1_70_2.tar.bz2:0.871201992035:0.2687327:0.88
> 0:True:13,13:17172,2684
> 1:False:12,14:17172,2684
> 2:False:12,17:17172,2684
> 3:False:12,14:17172,2684
> 4:False:13,17:17172,2684
> 5:False:12,15:17172,2684
zeno-travel-optimal-old-noisy/70/zeno-travel_noisy_p04_hyp-1_70_3.tar.bz2:0.893425941467:0.2872722:0.89
> 0:True:13,13:17172,2684
> 1:False:12,14:17172,2684
> 2:False:12,18:17172,2684
> 3:False:12,14:17172,2684
> 4:False:13,17:17172,2684
> 5:False:12,16:17172,2684
zeno-travel-optimal-old-noisy/70/zeno-travel_noisy_p04_hyp-2_70_1.tar.bz2:0.860044002533:0.2536452:0.86
> 0:True:13,14:17172,2684
> 1:True:12,13:17172,2684
> 2:False:12,17:17172,2684
> 3:False:12,15:17172,2684
> 4:False:13,17:17172,2684
> 5:False:12,16:17172,2684
zeno-travel-optimal-old-noisy/70/zeno-travel_noisy_p04_hyp-2_70_2.tar.bz2:0.868830919266:0.2607129:0.87
> 0:False:13,14:17172,2684
> 1:True:12,12:17172,2684
> 2:False:12,16:17172,2684
> 3:False:12,15:17172,2684
> 4:False:13,17:17172,2684
> 5:False:12,15:17172,2684
zeno-travel-optimal-old-noisy/70/zeno-travel_noisy_p04_hyp-2_70_3.tar.bz2:0.879814863205:0.2695042:0.87
> 0:False:13,16:17172,2684
> 1:True:12,13:17172,2684
> 2:False:12,15:17172,2684
> 3:False:12,17:17172,2684
> 4:False:13,16:17172,2684
> 5:False:12,15:17172,2684
zeno-travel-optimal-old-noisy/70/zeno-travel_noisy_p04_hyp-3_70_1.tar.bz2:0.876746892929:0.2692303:0.87
> 0:False:13,19:17172,2684
> 1:False:12,17:17172,2684
> 2:True:12,12:17172,2684
> 3:False:12,17:17172,2684
> 4:False:13,15:17172,2684
> 5:False:12,15:17172,2684
zeno-travel-optimal-old-noisy/70/zeno-travel_noisy_p04_hyp-3_70_2.tar.bz2:0.863252878189:0.25547:0.87
> 0:False:13,16:17172,2684
> 1:False:12,14:17172,2684
> 2:True:12,12:17172,2684
> 3:False:12,15:17172,2684
> 4:False:13,14:17172,2684
> 5:False:12,14:17172,2684
zeno-travel-optimal-old-noisy/70/zeno-travel_noisy_p04_hyp-3_70_3.tar.bz2:0.854696035385:0.2489691:0.85
> 0:False:13,17:17172,2684
> 1:False:12,16:17172,2684
> 2:True:12,12:17172,2684
> 3:False:12,16:17172,2684
> 4:False:13,15:17172,2684
> 5:False:12,14:17172,2684
zeno-travel-optimal-old-noisy/70/zeno-travel_noisy_p04_hyp-4_70_1.tar.bz2:0.864959001541:0.2552445:0.87
> 0:False:13,15:17172,2684
> 1:False:12,16:17172,2684
> 2:False:12,16:17172,2684
> 3:True:12,13:17172,2684
> 4:False:13,15:17172,2684
> 5:False:12,16:17172,2684
zeno-travel-optimal-old-noisy/70/zeno-travel_noisy_p04_hyp-4_70_2.tar.bz2:0.869735002518:0.2618544:0.86
> 0:False:13,14:17172,2684
> 1:False:12,15:17172,2684
> 2:False:12,16:17172,2684
> 3:True:12,12:17172,2684
> 4:False:13,16:17172,2684
> 5:False:12,16:17172,2684
zeno-travel-optimal-old-noisy/70/zeno-travel_noisy_p04_hyp-4_70_3.tar.bz2:0.885454893112:0.2794431:0.88
> 0:False:13,14:17172,2684
> 1:False:12,16:17172,2684
> 2:False:12,17:17172,2684
> 3:True:12,12:17172,2684
> 4:False:13,16:17172,2684
> 5:False:12,17:17172,2684
zeno-travel-optimal-old-noisy/70/zeno-travel_noisy_p05_hyp-1_70_1.tar.bz2:2.87454509735:2.178008:2.86
> 0:False:7,13:22804,3454
> 1:True:11,13:22804,3454
> 2:False:7,14:22804,3454
> 3:False:9,13:22804,3454
> 4:False:6,13:22804,3454
> 5:False:9,14:22804,3454
zeno-travel-optimal-old-noisy/70/zeno-travel_noisy_p05_hyp-1_70_2.tar.bz2:2.8866121769:2.189599:2.87
> 0:False:7,14:22804,3454
> 1:True:11,12:22804,3454
> 2:False:7,14:22804,3454
> 3:False:9,14:22804,3454
> 4:False:6,13:22804,3454
> 5:False:9,14:22804,3454
zeno-travel-optimal-old-noisy/70/zeno-travel_noisy_p05_hyp-1_70_3.tar.bz2:2.87723398209:2.180894:2.86
> 0:False:7,14:22804,3454
> 1:True:11,12:22804,3454
> 2:False:7,14:22804,3454
> 3:False:9,14:22804,3454
> 4:False:6,13:22804,3454
> 5:False:9,14:22804,3454
zeno-travel-optimal-old-noisy/70/zeno-travel_noisy_p05_hyp-2_70_1.tar.bz2:2.9265999794:2.231593:2.9
> 0:False:7,11:22803,3453
> 1:True:11,13:22803,3453
> 2:False:7,15:22803,3453
> 3:True:9,11:22803,3453
> 4:False:6,13:22803,3453
> 5:False:9,15:22803,3453
zeno-travel-optimal-old-noisy/70/zeno-travel_noisy_p05_hyp-2_70_2.tar.bz2:2.81257009506:2.120473:2.8
> 0:False:7,11:22803,3453
> 1:False:11,13:22803,3453
> 2:False:7,14:22803,3453
> 3:True:9,10:22803,3453
> 4:False:6,13:22803,3453
> 5:False:9,14:22803,3453
zeno-travel-optimal-old-noisy/70/zeno-travel_noisy_p05_hyp-2_70_3.tar.bz2:2.83227586746:2.136824:2.81
> 0:False:7,11:22803,3453
> 1:True:11,13:22803,3453
> 2:False:7,15:22803,3453
> 3:True:9,11:22803,3453
> 4:False:6,13:22803,3453
> 5:False:9,15:22803,3453
zeno-travel-optimal-old-noisy/70/zeno-travel_noisy_p05_hyp-3_70_1.tar.bz2:2.62041187286:1.924113:2.61
> 0:False:7,12:22800,3450
> 1:True:11,14:22800,3450
> 2:False:7,12:22800,3450
> 3:False:9,13:22800,3450
> 4:True:6,9:22800,3450
> 5:True:9,12:22800,3450
zeno-travel-optimal-old-noisy/70/zeno-travel_noisy_p05_hyp-3_70_2.tar.bz2:2.61382198334:1.919648:2.59
> 0:False:7,13:22801,3451
> 1:False:11,15:22801,3451
> 2:False:7,12:22801,3451
> 3:False:9,14:22801,3451
> 4:True:6,9:22801,3451
> 5:True:9,12:22801,3451
zeno-travel-optimal-old-noisy/70/zeno-travel_noisy_p05_hyp-3_70_3.tar.bz2:2.6600060463:1.974769:2.65
> 0:False:7,13:22800,3450
> 1:False:11,16:22800,3450
> 2:False:7,13:22800,3450
> 3:False:9,15:22800,3450
> 4:True:6,9:22800,3450
> 5:False:9,13:22800,3450
zeno-travel-optimal-old-noisy/70/zeno-travel_noisy_p05_hyp-4_70_1.tar.bz2:2.5812189579:1.887465:2.56
> 0:False:7,13:22803,3453
> 1:False:11,14:22803,3453
> 2:False:7,10:22803,3453
> 3:False:9,13:22803,3453
> 4:False:6,11:22803,3453
> 5:True:9,10:22803,3453
zeno-travel-optimal-old-noisy/70/zeno-travel_noisy_p05_hyp-4_70_2.tar.bz2:2.69799518585:1.998431:2.68
> 0:False:7,14:22803,3453
> 1:False:11,15:22803,3453
> 2:False:7,10:22803,3453
> 3:False:9,13:22803,3453
> 4:False:6,11:22803,3453
> 5:True:9,10:22803,3453
zeno-travel-optimal-old-noisy/70/zeno-travel_noisy_p05_hyp-4_70_3.tar.bz2:2.77479600906:2.085806:2.75
> 0:False:7,15:22803,3453
> 1:False:11,16:22803,3453
> 2:False:7,11:22803,3453
> 3:False:9,13:22803,3453
> 4:False:6,12:22803,3453
> 5:True:9,11:22803,3453
zeno-travel-optimal-old-noisy/100/zeno-travel_noisy_p03_hyp-1_full_1.tar.bz2:0.945468902588:0.3396487:0.95
> 0:True:8,9:17172,2684
> 1:False:8,11:17172,2684
> 2:False:10,15:17172,2684
> 3:False:10,14:17172,2684
> 4:False:10,14:17172,2684
> 5:False:10,15:17172,2684
zeno-travel-optimal-old-noisy/100/zeno-travel_noisy_p03_hyp-1_full_2.tar.bz2:0.941082954407:0.3331256:0.94
> 0:True:8,9:17172,2684
> 1:False:8,11:17172,2684
> 2:False:10,14:17172,2684
> 3:False:10,14:17172,2684
> 4:False:10,13:17172,2684
> 5:False:10,14:17172,2684
zeno-travel-optimal-old-noisy/100/zeno-travel_noisy_p03_hyp-1_full_3.tar.bz2:0.932425022125:0.3256912:0.94
> 0:True:8,9:17172,2684
> 1:False:8,11:17172,2684
> 2:False:10,15:17172,2684
> 3:False:10,14:17172,2684
> 4:False:10,14:17172,2684
> 5:False:10,15:17172,2684
zeno-travel-optimal-old-noisy/100/zeno-travel_noisy_p03_hyp-2_full_1.tar.bz2:0.936993122101:0.3308584:0.94
> 0:False:8,11:17172,2684
> 1:True:8,9:17172,2684
> 2:False:10,15:17172,2684
> 3:False:10,14:17172,2684
> 4:False:10,14:17172,2684
> 5:False:10,14:17172,2684
zeno-travel-optimal-old-noisy/100/zeno-travel_noisy_p03_hyp-2_full_2.tar.bz2:0.947006940842:0.3388332:0.95
> 0:False:8,11:17172,2684
> 1:True:8,9:17172,2684
> 2:False:10,15:17172,2684
> 3:False:10,14:17172,2684
> 4:False:10,14:17172,2684
> 5:False:10,14:17172,2684
zeno-travel-optimal-old-noisy/100/zeno-travel_noisy_p03_hyp-2_full_3.tar.bz2:0.943776130676:0.3370006:0.94
> 0:False:8,11:17172,2684
> 1:True:8,9:17172,2684
> 2:False:10,15:17172,2684
> 3:False:10,14:17172,2684
> 4:False:10,14:17172,2684
> 5:False:10,14:17172,2684
zeno-travel-optimal-old-noisy/100/zeno-travel_noisy_p03_hyp-3_full_1.tar.bz2:0.941530942917:0.3360932:0.94
> 0:False:8,15:17174,2686
> 1:False:8,15:17174,2686
> 2:True:10,11:17174,2686
> 3:False:10,16:17174,2686
> 4:False:10,13:17174,2686
> 5:False:10,14:17174,2686
zeno-travel-optimal-old-noisy/100/zeno-travel_noisy_p03_hyp-3_full_2.tar.bz2:0.937693119049:0.331222:0.94
> 0:False:8,15:17174,2686
> 1:False:8,15:17174,2686
> 2:True:10,11:17174,2686
> 3:False:10,16:17174,2686
> 4:False:10,13:17174,2686
> 5:False:10,14:17174,2686
zeno-travel-optimal-old-noisy/100/zeno-travel_noisy_p03_hyp-3_full_3.tar.bz2:0.942882061005:0.336827:0.93
> 0:False:8,15:17174,2686
> 1:False:8,15:17174,2686
> 2:True:10,11:17174,2686
> 3:False:10,16:17174,2686
> 4:False:10,13:17174,2686
> 5:False:10,14:17174,2686
zeno-travel-optimal-old-noisy/100/zeno-travel_noisy_p03_hyp-4_full_1.tar.bz2:0.931269884109:0.3257533:0.93
> 0:False:8,14:17174,2686
> 1:False:8,14:17174,2686
> 2:False:10,16:17174,2686
> 3:True:10,11:17174,2686
> 4:False:10,14:17174,2686
> 5:False:10,13:17174,2686
zeno-travel-optimal-old-noisy/100/zeno-travel_noisy_p03_hyp-4_full_2.tar.bz2:0.933035850525:0.3249926:0.93
> 0:False:8,14:17174,2686
> 1:False:8,14:17174,2686
> 2:False:10,16:17174,2686
> 3:True:10,11:17174,2686
> 4:False:10,14:17174,2686
> 5:False:10,13:17174,2686
zeno-travel-optimal-old-noisy/100/zeno-travel_noisy_p03_hyp-4_full_3.tar.bz2:0.936327219009:0.3259605:0.94
> 0:False:8,13:17174,2686
> 1:False:8,13:17174,2686
> 2:False:10,16:17174,2686
> 3:True:10,11:17174,2686
> 4:False:10,14:17174,2686
> 5:False:10,13:17174,2686
zeno-travel-optimal-old-noisy/100/zeno-travel_noisy_p04_hyp-1_full_1.tar.bz2:0.851670026779:0.2443424:0.85
> 0:True:13,13:17176,2688
> 1:False:12,14:17176,2688
> 2:False:12,18:17176,2688
> 3:False:12,14:17176,2688
> 4:False:13,17:17176,2688
> 5:False:12,16:17176,2688
zeno-travel-optimal-old-noisy/100/zeno-travel_noisy_p04_hyp-1_full_2.tar.bz2:0.850597858429:0.2441788:0.85
> 0:True:13,13:17176,2688
> 1:False:12,14:17176,2688
> 2:False:12,18:17176,2688
> 3:False:12,14:17176,2688
> 4:False:13,17:17176,2688
> 5:False:12,16:17176,2688
zeno-travel-optimal-old-noisy/100/zeno-travel_noisy_p04_hyp-1_full_3.tar.bz2:0.8503241539:0.2419895:0.85
> 0:True:13,13:17176,2688
> 1:False:12,14:17176,2688
> 2:False:12,18:17176,2688
> 3:False:12,14:17176,2688
> 4:False:13,17:17176,2688
> 5:False:12,16:17176,2688
zeno-travel-optimal-old-noisy/100/zeno-travel_noisy_p04_hyp-2_full_1.tar.bz2:0.853348970413:0.2452754:0.86
> 0:False:13,16:17177,2689
> 1:True:12,13:17177,2689
> 2:False:12,17:17177,2689
> 3:False:12,17:17177,2689
> 4:False:13,18:17177,2689
> 5:False:12,17:17177,2689
zeno-travel-optimal-old-noisy/100/zeno-travel_noisy_p04_hyp-2_full_2.tar.bz2:0.858180999756:0.2512505:0.86
> 0:False:13,16:17177,2689
> 1:True:12,13:17177,2689
> 2:False:12,17:17177,2689
> 3:False:12,17:17177,2689
> 4:False:13,18:17177,2689
> 5:False:12,17:17177,2689
zeno-travel-optimal-old-noisy/100/zeno-travel_noisy_p04_hyp-2_full_3.tar.bz2:0.853474140167:0.2473021:0.85
> 0:False:13,16:17177,2689
> 1:True:12,13:17177,2689
> 2:False:12,17:17177,2689
> 3:False:12,17:17177,2689
> 4:False:13,18:17177,2689
> 5:False:12,17:17177,2689
zeno-travel-optimal-old-noisy/100/zeno-travel_noisy_p04_hyp-3_full_1.tar.bz2:0.848337888718:0.2398362:0.84
> 0:False:13,18:17176,2688
> 1:False:12,17:17176,2688
> 2:True:12,12:17176,2688
> 3:False:12,17:17176,2688
> 4:False:13,14:17176,2688
> 5:False:12,15:17176,2688
zeno-travel-optimal-old-noisy/100/zeno-travel_noisy_p04_hyp-3_full_2.tar.bz2:0.843794107437:0.2393957:0.85
> 0:False:13,19:17176,2688
> 1:False:12,17:17176,2688
> 2:True:12,12:17176,2688
> 3:False:12,18:17176,2688
> 4:False:13,15:17176,2688
> 5:False:12,15:17176,2688
zeno-travel-optimal-old-noisy/100/zeno-travel_noisy_p04_hyp-3_full_3.tar.bz2:0.84862780571:0.2410356:0.84
> 0:False:13,19:17176,2688
> 1:False:12,17:17176,2688
> 2:True:12,12:17176,2688
> 3:False:12,18:17176,2688
> 4:False:13,15:17176,2688
> 5:False:12,15:17176,2688
zeno-travel-optimal-old-noisy/100/zeno-travel_noisy_p04_hyp-4_full_1.tar.bz2:0.847415924072:0.2407447:0.84
> 0:False:13,16:17177,2689
> 1:False:12,18:17177,2689
> 2:False:12,19:17177,2689
> 3:True:12,13:17177,2689
> 4:False:13,18:17177,2689
> 5:False:12,19:17177,2689
zeno-travel-optimal-old-noisy/100/zeno-travel_noisy_p04_hyp-4_full_2.tar.bz2:0.910434961319:0.3035397:0.91
> 0:False:13,16:17177,2689
> 1:False:12,18:17177,2689
> 2:False:12,19:17177,2689
> 3:True:12,13:17177,2689
> 4:False:13,18:17177,2689
> 5:False:12,19:17177,2689
zeno-travel-optimal-old-noisy/100/zeno-travel_noisy_p04_hyp-4_full_3.tar.bz2:0.847187042236:0.2407441:0.85
> 0:False:13,16:17177,2689
> 1:False:12,18:17177,2689
> 2:False:12,19:17177,2689
> 3:True:12,13:17177,2689
> 4:False:13,18:17177,2689
> 5:False:12,19:17177,2689
zeno-travel-optimal-old-noisy/100/zeno-travel_noisy_p05_hyp-1_full_1.tar.bz2:2.68380188942:1.992276:2.67
> 0:False:7,15:22809,3459
> 1:True:11,13:22809,3459
> 2:False:7,17:22809,3459
> 3:False:9,15:22809,3459
> 4:False:6,16:22809,3459
> 5:False:9,17:22809,3459
zeno-travel-optimal-old-noisy/100/zeno-travel_noisy_p05_hyp-1_full_2.tar.bz2:2.86112904549:2.167447:2.84
> 0:False:7,15:22809,3459
> 1:True:11,13:22809,3459
> 2:False:7,17:22809,3459
> 3:False:9,15:22809,3459
> 4:False:6,16:22809,3459
> 5:False:9,17:22809,3459
zeno-travel-optimal-old-noisy/100/zeno-travel_noisy_p05_hyp-1_full_3.tar.bz2:2.9114317894:2.217552:2.89
> 0:False:7,15:22809,3459
> 1:True:11,13:22809,3459
> 2:False:7,17:22809,3459
> 3:False:9,15:22809,3459
> 4:False:6,16:22809,3459
> 5:False:9,17:22809,3459
zeno-travel-optimal-old-noisy/100/zeno-travel_noisy_p05_hyp-2_full_1.tar.bz2:2.74716591835:2.054288:2.72
> 0:False:7,14:22807,3457
> 1:False:11,16:22807,3457
> 2:False:7,16:22807,3457
> 3:True:9,12:22807,3457
> 4:False:6,16:22807,3457
> 5:False:9,16:22807,3457
zeno-travel-optimal-old-noisy/100/zeno-travel_noisy_p05_hyp-2_full_2.tar.bz2:2.9125020504:2.218391:2.89
> 0:False:7,14:22807,3457
> 1:False:11,16:22807,3457
> 2:False:7,16:22807,3457
> 3:True:9,12:22807,3457
> 4:False:6,16:22807,3457
> 5:False:9,16:22807,3457
zeno-travel-optimal-old-noisy/100/zeno-travel_noisy_p05_hyp-2_full_3.tar.bz2:2.85782408714:2.164523:2.85
> 0:False:7,14:22807,3457
> 1:False:11,16:22807,3457
> 2:False:7,16:22807,3457
> 3:True:9,12:22807,3457
> 4:False:6,16:22807,3457
> 5:False:9,16:22807,3457
zeno-travel-optimal-old-noisy/100/zeno-travel_noisy_p05_hyp-3_full_1.tar.bz2:2.58598804474:1.89257:2.57
> 0:False:7,14:22803,3453
> 1:False:11,16:22803,3453
> 2:False:7,13:22803,3453
> 3:False:9,15:22803,3453
> 4:True:6,9:22803,3453
> 5:False:9,13:22803,3453
zeno-travel-optimal-old-noisy/100/zeno-travel_noisy_p05_hyp-3_full_2.tar.bz2:2.54641008377:1.849523:2.51
> 0:False:7,14:22803,3453
> 1:False:11,16:22803,3453
> 2:False:7,13:22803,3453
> 3:False:9,15:22803,3453
> 4:True:6,9:22803,3453
> 5:False:9,13:22803,3453
zeno-travel-optimal-old-noisy/100/zeno-travel_noisy_p05_hyp-3_full_3.tar.bz2:2.53465294838:1.845747:2.51
> 0:False:7,13:22803,3453
> 1:False:11,16:22803,3453
> 2:False:7,13:22803,3453
> 3:False:9,15:22803,3453
> 4:True:6,9:22803,3453
> 5:False:9,13:22803,3453
zeno-travel-optimal-old-noisy/100/zeno-travel_noisy_p05_hyp-4_full_1.tar.bz2:2.58566999435:1.894923:2.57
> 0:False:7,17:22807,3457
> 1:False:11,18:22807,3457
> 2:False:7,12:22807,3457
> 3:False:9,16:22807,3457
> 4:False:6,14:22807,3457
> 5:True:9,12:22807,3457
zeno-travel-optimal-old-noisy/100/zeno-travel_noisy_p05_hyp-4_full_2.tar.bz2:2.58794593811:1.891223:2.56
> 0:False:7,17:22807,3457
> 1:False:11,18:22807,3457
> 2:False:7,12:22807,3457
> 3:False:9,16:22807,3457
> 4:False:6,14:22807,3457
> 5:True:9,12:22807,3457
zeno-travel-optimal-old-noisy/100/zeno-travel_noisy_p05_hyp-4_full_3.tar.bz2:2.54663705826:1.856137:2.53
> 0:False:7,16:22807,3457
> 1:False:11,17:22807,3457
> 2:False:7,12:22807,3457
> 3:False:9,15:22807,3457
> 4:False:6,14:22807,3457
> 5:True:9,12:22807,3457
